/Users/dp/Desktop/project/github/opentrons/venv/lib/python3.10/site-packages/opentrons/hardware_control/simulator_setup.py:205: UserWarning: Simulator configuration does not name a machine, defaulting to OT-2 Standard
  warn(
/Users/dp/.opentrons/robot_settings.json not found. Loading defaults
Deck calibration not found.
/Users/dp/.opentrons/deck_calibration.json not found. Loading defaults
Removing media from plate 1...
Picking up tip from A1 of Opentrons OT-2 96 Tip Rack 300 µL on 1
Aspirating 120.0 uL from A1 of Eppendorf 96 Well Plate 200 µL on 2 at 40.0 uL/sec
Dispensing 120.0 uL into A1 of Liquid Waste on 11 at 40.0 uL/sec
Aspirating 120.0 uL from A2 of Eppendorf 96 Well Plate 200 µL on 2 at 40.0 uL/sec
Dispensing 120.0 uL into A1 of Liquid Waste on 11 at 40.0 uL/sec
Aspirating 120.0 uL from A3 of Eppendorf 96 Well Plate 200 µL on 2 at 40.0 uL/sec
Dispensing 120.0 uL into A1 of Liquid Waste on 11 at 40.0 uL/sec
Aspirating 120.0 uL from A4 of Eppendorf 96 Well Plate 200 µL on 2 at 40.0 uL/sec
Dispensing 120.0 uL into A1 of Liquid Waste on 11 at 40.0 uL/sec
Aspirating 120.0 uL from A5 of Eppendorf 96 Well Plate 200 µL on 2 at 40.0 uL/sec
Dispensing 120.0 uL into A1 of Liquid Waste on 11 at 40.0 uL/sec
Aspirating 120.0 uL from A6 of Eppendorf 96 Well Plate 200 µL on 2 at 40.0 uL/sec
Dispensing 120.0 uL into A1 of Liquid Waste on 11 at 40.0 uL/sec
Aspirating 120.0 uL from A7 of Eppendorf 96 Well Plate 200 µL on 2 at 40.0 uL/sec
Dispensing 120.0 uL into A1 of Liquid Waste on 11 at 40.0 uL/sec
Aspirating 120.0 uL from A8 of Eppendorf 96 Well Plate 200 µL on 2 at 40.0 uL/sec
Dispensing 120.0 uL into A1 of Liquid Waste on 11 at 40.0 uL/sec
Aspirating 120.0 uL from A9 of Eppendorf 96 Well Plate 200 µL on 2 at 40.0 uL/sec
Dispensing 120.0 uL into A1 of Liquid Waste on 11 at 40.0 uL/sec
Aspirating 120.0 uL from A10 of Eppendorf 96 Well Plate 200 µL on 2 at 40.0 uL/sec
Dispensing 120.0 uL into A1 of Liquid Waste on 11 at 40.0 uL/sec
Aspirating 120.0 uL from A11 of Eppendorf 96 Well Plate 200 µL on 2 at 40.0 uL/sec
Dispensing 120.0 uL into A1 of Liquid Waste on 11 at 40.0 uL/sec
Aspirating 120.0 uL from A12 of Eppendorf 96 Well Plate 200 µL on 2 at 40.0 uL/sec
Dispensing 120.0 uL into A1 of Liquid Waste on 11 at 40.0 uL/sec
Adding differentiation media to plate 1...
Aspirating 140.0 uL from A1 of NEST 12 Well Reservoir 15 mL on 10 at 40.0 uL/sec
Dispensing 140.0 uL into A1 of Eppendorf 96 Well Plate 200 µL on 2 at 40.0 uL/sec
Aspirating 140.0 uL from A1 of NEST 12 Well Reservoir 15 mL on 10 at 40.0 uL/sec
Dispensing 140.0 uL into A2 of Eppendorf 96 Well Plate 200 µL on 2 at 40.0 uL/sec
Aspirating 140.0 uL from A1 of NEST 12 Well Reservoir 15 mL on 10 at 40.0 uL/sec
Dispensing 140.0 uL into A3 of Eppendorf 96 Well Plate 200 µL on 2 at 40.0 uL/sec
Aspirating 140.0 uL from A1 of NEST 12 Well Reservoir 15 mL on 10 at 40.0 uL/sec
Dispensing 140.0 uL into A4 of Eppendorf 96 Well Plate 200 µL on 2 at 40.0 uL/sec
Aspirating 140.0 uL from A1 of NEST 12 Well Reservoir 15 mL on 10 at 40.0 uL/sec
Dispensing 140.0 uL into A5 of Eppendorf 96 Well Plate 200 µL on 2 at 40.0 uL/sec
Aspirating 140.0 uL from A1 of NEST 12 Well Reservoir 15 mL on 10 at 40.0 uL/sec
Dispensing 140.0 uL into A6 of Eppendorf 96 Well Plate 200 µL on 2 at 40.0 uL/sec
Aspirating 140.0 uL from A1 of NEST 12 Well Reservoir 15 mL on 10 at 40.0 uL/sec
Dispensing 140.0 uL into A7 of Eppendorf 96 Well Plate 200 µL on 2 at 40.0 uL/sec
Aspirating 140.0 uL from A1 of NEST 12 Well Reservoir 15 mL on 10 at 40.0 uL/sec
Dispensing 140.0 uL into A8 of Eppendorf 96 Well Plate 200 µL on 2 at 40.0 uL/sec
Aspirating 140.0 uL from A1 of NEST 12 Well Reservoir 15 mL on 10 at 40.0 uL/sec
Dispensing 140.0 uL into A9 of Eppendorf 96 Well Plate 200 µL on 2 at 40.0 uL/sec
Aspirating 140.0 uL from A1 of NEST 12 Well Reservoir 15 mL on 10 at 40.0 uL/sec
Dispensing 140.0 uL into A10 of Eppendorf 96 Well Plate 200 µL on 2 at 40.0 uL/sec
Aspirating 140.0 uL from A1 of NEST 12 Well Reservoir 15 mL on 10 at 40.0 uL/sec
Dispensing 140.0 uL into A11 of Eppendorf 96 Well Plate 200 µL on 2 at 40.0 uL/sec
Aspirating 140.0 uL from A1 of NEST 12 Well Reservoir 15 mL on 10 at 40.0 uL/sec
Dispensing 140.0 uL into A12 of Eppendorf 96 Well Plate 200 µL on 2 at 40.0 uL/sec
Dropping tip into A1 of Opentrons Fixed Trash on 12
Protocol complete!
Caught exception: {'message': 'Task was destroyed but it is pending!', 'task': <Task pending name='Task-2' coro=<Poller._poll_forever() running at /Users/dp/Desktop/project/github/opentrons/venv/lib/python3.10/site-packages/opentrons/hardware_control/poller.py:80> wait_for=<Future pending cb=[Task.task_wakeup()]>>}
Caught exception: {'message': 'Task was destroyed but it is pending!', 'task': <Task pending name='Task-4' coro=<Poller._poll_forever() running at /Users/dp/Desktop/project/github/opentrons/venv/lib/python3.10/site-packages/opentrons/hardware_control/poller.py:80> wait_for=<Future pending cb=[Task.task_wakeup()]>>}
Caught exception: {'message': 'Task was destroyed but it is pending!', 'task': <Task pending name='Task-3' coro=<Poller._poll_forever() running at /Users/dp/Desktop/project/github/opentrons/venv/lib/python3.10/site-packages/opentrons/hardware_control/poller.py:80> wait_for=<Future pending cb=[Task.task_wakeup()]>>}
