/Users/dp/Desktop/project/github/opentrons/venv/lib/python3.10/site-packages/opentrons/hardware_control/simulator_setup.py:205: UserWarning: Simulator configuration does not name a machine, defaulting to OT-2 Standard
  warn(
/Users/dp/.opentrons/robot_settings.json not found. Loading defaults
Deck calibration not found.
/Users/dp/.opentrons/deck_calibration.json not found. Loading defaults
Latching labware on Heater-Shaker

------------ADDING BUFFER TO PLATE------------


Picking up tip from A1 of Opentrons OT-2 96 Tip Rack 300 µL on 1
Mixing 1 times with a volume of 300.0 ul
	Aspirating 300.0 uL from A1 of Corning 12 Reservoir 2000 µL on 2 at 92.86 uL/sec
	Dispensing 300.0 uL into A1 of Corning 12 Reservoir 2000 µL on 2 at 92.86 uL/sec
Aspirating 250.0 uL from A1 of Corning 12 Reservoir 2000 µL on 2 at 92.86 uL/sec
Moving to A1 of Corning 12 Reservoir 2000 µL on 2
Touching tip
Dispensing 250.0 uL into B1 of Pyramid 96 Well Plate 2000 µL on 4 at 92.86 uL/sec
Moving to B1 of Pyramid 96 Well Plate 2000 µL on 4
Touching tip
Aspirating 300.0 uL from A1 of Corning 12 Reservoir 2000 µL on 2 at 92.86 uL/sec
Moving to A1 of Corning 12 Reservoir 2000 µL on 2
Touching tip
Dispensing 300.0 uL into C1 of Pyramid 96 Well Plate 2000 µL on 4 at 92.86 uL/sec
Moving to C1 of Pyramid 96 Well Plate 2000 µL on 4
Touching tip
Aspirating 200.0 uL from A1 of Corning 12 Reservoir 2000 µL on 2 at 92.86 uL/sec
Moving to A1 of Corning 12 Reservoir 2000 µL on 2
Touching tip
Dispensing 200.0 uL into C1 of Pyramid 96 Well Plate 2000 µL on 4 at 92.86 uL/sec
Moving to C1 of Pyramid 96 Well Plate 2000 µL on 4
Touching tip
Aspirating 300.0 uL from A1 of Corning 12 Reservoir 2000 µL on 2 at 92.86 uL/sec
Moving to A1 of Corning 12 Reservoir 2000 µL on 2
Touching tip
Dispensing 300.0 uL into D1 of Pyramid 96 Well Plate 2000 µL on 4 at 92.86 uL/sec
Moving to D1 of Pyramid 96 Well Plate 2000 µL on 4
Touching tip
Aspirating 300.0 uL from A1 of Corning 12 Reservoir 2000 µL on 2 at 92.86 uL/sec
Moving to A1 of Corning 12 Reservoir 2000 µL on 2
Touching tip
Dispensing 300.0 uL into D1 of Pyramid 96 Well Plate 2000 µL on 4 at 92.86 uL/sec
Moving to D1 of Pyramid 96 Well Plate 2000 µL on 4
Touching tip
Aspirating 150.0 uL from A1 of Corning 12 Reservoir 2000 µL on 2 at 92.86 uL/sec
Moving to A1 of Corning 12 Reservoir 2000 µL on 2
Touching tip
Dispensing 150.0 uL into D1 of Pyramid 96 Well Plate 2000 µL on 4 at 92.86 uL/sec
Moving to D1 of Pyramid 96 Well Plate 2000 µL on 4
Touching tip
Aspirating 300.0 uL from A1 of Corning 12 Reservoir 2000 µL on 2 at 92.86 uL/sec
Moving to A1 of Corning 12 Reservoir 2000 µL on 2
Touching tip
Dispensing 300.0 uL into E1 of Pyramid 96 Well Plate 2000 µL on 4 at 92.86 uL/sec
Moving to E1 of Pyramid 96 Well Plate 2000 µL on 4
Touching tip
Aspirating 300.0 uL from A1 of Corning 12 Reservoir 2000 µL on 2 at 92.86 uL/sec
Moving to A1 of Corning 12 Reservoir 2000 µL on 2
Touching tip
Dispensing 300.0 uL into E1 of Pyramid 96 Well Plate 2000 µL on 4 at 92.86 uL/sec
Moving to E1 of Pyramid 96 Well Plate 2000 µL on 4
Touching tip
Aspirating 300.0 uL from A1 of Corning 12 Reservoir 2000 µL on 2 at 92.86 uL/sec
Moving to A1 of Corning 12 Reservoir 2000 µL on 2
Touching tip
Dispensing 300.0 uL into E1 of Pyramid 96 Well Plate 2000 µL on 4 at 92.86 uL/sec
Moving to E1 of Pyramid 96 Well Plate 2000 µL on 4
Touching tip
Aspirating 300.0 uL from A1 of Corning 12 Reservoir 2000 µL on 2 at 92.86 uL/sec
Moving to A1 of Corning 12 Reservoir 2000 µL on 2
Touching tip
Dispensing 300.0 uL into F1 of Pyramid 96 Well Plate 2000 µL on 4 at 92.86 uL/sec
Moving to F1 of Pyramid 96 Well Plate 2000 µL on 4
Touching tip
Aspirating 300.0 uL from A1 of Corning 12 Reservoir 2000 µL on 2 at 92.86 uL/sec
Moving to A1 of Corning 12 Reservoir 2000 µL on 2
Touching tip
Dispensing 300.0 uL into F1 of Pyramid 96 Well Plate 2000 µL on 4 at 92.86 uL/sec
Moving to F1 of Pyramid 96 Well Plate 2000 µL on 4
Touching tip
Aspirating 300.0 uL from A1 of Corning 12 Reservoir 2000 µL on 2 at 92.86 uL/sec
Moving to A1 of Corning 12 Reservoir 2000 µL on 2
Touching tip
Dispensing 300.0 uL into F1 of Pyramid 96 Well Plate 2000 µL on 4 at 92.86 uL/sec
Moving to F1 of Pyramid 96 Well Plate 2000 µL on 4
Touching tip
Aspirating 50.0 uL from A1 of Corning 12 Reservoir 2000 µL on 2 at 92.86 uL/sec
Moving to A1 of Corning 12 Reservoir 2000 µL on 2
Touching tip
Dispensing 50.0 uL into F1 of Pyramid 96 Well Plate 2000 µL on 4 at 92.86 uL/sec
Moving to F1 of Pyramid 96 Well Plate 2000 µL on 4
Touching tip
Aspirating 300.0 uL from A1 of Corning 12 Reservoir 2000 µL on 2 at 92.86 uL/sec
Moving to A1 of Corning 12 Reservoir 2000 µL on 2
Touching tip
Dispensing 300.0 uL into G1 of Pyramid 96 Well Plate 2000 µL on 4 at 92.86 uL/sec
Moving to G1 of Pyramid 96 Well Plate 2000 µL on 4
Touching tip
Aspirating 300.0 uL from A1 of Corning 12 Reservoir 2000 µL on 2 at 92.86 uL/sec
Moving to A1 of Corning 12 Reservoir 2000 µL on 2
Touching tip
Dispensing 300.0 uL into G1 of Pyramid 96 Well Plate 2000 µL on 4 at 92.86 uL/sec
Moving to G1 of Pyramid 96 Well Plate 2000 µL on 4
Touching tip
Aspirating 300.0 uL from A1 of Corning 12 Reservoir 2000 µL on 2 at 92.86 uL/sec
Moving to A1 of Corning 12 Reservoir 2000 µL on 2
Touching tip
Dispensing 300.0 uL into G1 of Pyramid 96 Well Plate 2000 µL on 4 at 92.86 uL/sec
Moving to G1 of Pyramid 96 Well Plate 2000 µL on 4
Touching tip
Aspirating 80.0 uL from A1 of Corning 12 Reservoir 2000 µL on 2 at 92.86 uL/sec
Moving to A1 of Corning 12 Reservoir 2000 µL on 2
Touching tip
Dispensing 80.0 uL into G1 of Pyramid 96 Well Plate 2000 µL on 4 at 92.86 uL/sec
Moving to G1 of Pyramid 96 Well Plate 2000 µL on 4
Touching tip
Aspirating 300.0 uL from A1 of Corning 12 Reservoir 2000 µL on 2 at 92.86 uL/sec
Moving to A1 of Corning 12 Reservoir 2000 µL on 2
Touching tip
Dispensing 300.0 uL into H1 of Pyramid 96 Well Plate 2000 µL on 4 at 92.86 uL/sec
Moving to H1 of Pyramid 96 Well Plate 2000 µL on 4
Touching tip
Aspirating 300.0 uL from A1 of Corning 12 Reservoir 2000 µL on 2 at 92.86 uL/sec
Moving to A1 of Corning 12 Reservoir 2000 µL on 2
Touching tip
Dispensing 300.0 uL into H1 of Pyramid 96 Well Plate 2000 µL on 4 at 92.86 uL/sec
Moving to H1 of Pyramid 96 Well Plate 2000 µL on 4
Touching tip
Aspirating 300.0 uL from A1 of Corning 12 Reservoir 2000 µL on 2 at 92.86 uL/sec
Moving to A1 of Corning 12 Reservoir 2000 µL on 2
Touching tip
Dispensing 300.0 uL into H1 of Pyramid 96 Well Plate 2000 µL on 4 at 92.86 uL/sec
Moving to H1 of Pyramid 96 Well Plate 2000 µL on 4
Touching tip
Aspirating 100.0 uL from A1 of Corning 12 Reservoir 2000 µL on 2 at 92.86 uL/sec
Moving to A1 of Corning 12 Reservoir 2000 µL on 2
Touching tip
Dispensing 100.0 uL into H1 of Pyramid 96 Well Plate 2000 µL on 4 at 92.86 uL/sec
Moving to H1 of Pyramid 96 Well Plate 2000 µL on 4
Touching tip
Dropping tip into A1 of Opentrons Fixed Trash on 12

------------ADDING CALIBRATION-----------


Picking up tip from B1 of Opentrons OT-2 96 Tip Rack 300 µL on 1
Mixing 1 times with a volume of 300.0 ul
	Aspirating 300.0 uL from A1 of Opentrons 15 Tube Rack with eppendorf 5 mL on 7 at 92.86 uL/sec
	Dispensing 300.0 uL into A1 of Opentrons 15 Tube Rack with eppendorf 5 mL on 7 at 92.86 uL/sec
Aspirating 300.0 uL from A1 of Opentrons 15 Tube Rack with eppendorf 5 mL on 7 at 92.86 uL/sec
Moving to A1 of Opentrons 15 Tube Rack with eppendorf 5 mL on 7
Touching tip
Dispensing 300.0 uL into A1 of Pyramid 96 Well Plate 2000 µL on 4 at 92.86 uL/sec
Moving to A1 of Pyramid 96 Well Plate 2000 µL on 4
Touching tip
Aspirating 300.0 uL from A1 of Opentrons 15 Tube Rack with eppendorf 5 mL on 7 at 92.86 uL/sec
Moving to A1 of Opentrons 15 Tube Rack with eppendorf 5 mL on 7
Touching tip
Dispensing 300.0 uL into A1 of Pyramid 96 Well Plate 2000 µL on 4 at 92.86 uL/sec
Moving to A1 of Pyramid 96 Well Plate 2000 µL on 4
Touching tip
Aspirating 300.0 uL from A1 of Opentrons 15 Tube Rack with eppendorf 5 mL on 7 at 92.86 uL/sec
Moving to A1 of Opentrons 15 Tube Rack with eppendorf 5 mL on 7
Touching tip
Dispensing 300.0 uL into A1 of Pyramid 96 Well Plate 2000 µL on 4 at 92.86 uL/sec
Moving to A1 of Pyramid 96 Well Plate 2000 µL on 4
Touching tip
Aspirating 100.0 uL from A1 of Opentrons 15 Tube Rack with eppendorf 5 mL on 7 at 92.86 uL/sec
Moving to A1 of Opentrons 15 Tube Rack with eppendorf 5 mL on 7
Touching tip
Dispensing 100.0 uL into A1 of Pyramid 96 Well Plate 2000 µL on 4 at 92.86 uL/sec
Moving to A1 of Pyramid 96 Well Plate 2000 µL on 4
Touching tip
Aspirating 300.0 uL from A1 of Opentrons 15 Tube Rack with eppendorf 5 mL on 7 at 92.86 uL/sec
Moving to A1 of Opentrons 15 Tube Rack with eppendorf 5 mL on 7
Touching tip
Dispensing 300.0 uL into B1 of Pyramid 96 Well Plate 2000 µL on 4 at 92.86 uL/sec
Moving to B1 of Pyramid 96 Well Plate 2000 µL on 4
Touching tip
Aspirating 300.0 uL from A1 of Opentrons 15 Tube Rack with eppendorf 5 mL on 7 at 92.86 uL/sec
Moving to A1 of Opentrons 15 Tube Rack with eppendorf 5 mL on 7
Touching tip
Dispensing 300.0 uL into B1 of Pyramid 96 Well Plate 2000 µL on 4 at 92.86 uL/sec
Moving to B1 of Pyramid 96 Well Plate 2000 µL on 4
Touching tip
Aspirating 150.0 uL from A1 of Opentrons 15 Tube Rack with eppendorf 5 mL on 7 at 92.86 uL/sec
Moving to A1 of Opentrons 15 Tube Rack with eppendorf 5 mL on 7
Touching tip
Dispensing 150.0 uL into B1 of Pyramid 96 Well Plate 2000 µL on 4 at 92.86 uL/sec
Moving to B1 of Pyramid 96 Well Plate 2000 µL on 4
Touching tip
Aspirating 300.0 uL from A1 of Opentrons 15 Tube Rack with eppendorf 5 mL on 7 at 92.86 uL/sec
Moving to A1 of Opentrons 15 Tube Rack with eppendorf 5 mL on 7
Touching tip
Dispensing 300.0 uL into C1 of Pyramid 96 Well Plate 2000 µL on 4 at 92.86 uL/sec
Moving to C1 of Pyramid 96 Well Plate 2000 µL on 4
Touching tip
Aspirating 200.0 uL from A1 of Opentrons 15 Tube Rack with eppendorf 5 mL on 7 at 92.86 uL/sec
Moving to A1 of Opentrons 15 Tube Rack with eppendorf 5 mL on 7
Touching tip
Dispensing 200.0 uL into C1 of Pyramid 96 Well Plate 2000 µL on 4 at 92.86 uL/sec
Moving to C1 of Pyramid 96 Well Plate 2000 µL on 4
Touching tip
Aspirating 250.0 uL from A1 of Opentrons 15 Tube Rack with eppendorf 5 mL on 7 at 92.86 uL/sec
Moving to A1 of Opentrons 15 Tube Rack with eppendorf 5 mL on 7
Touching tip
Dispensing 250.0 uL into D1 of Pyramid 96 Well Plate 2000 µL on 4 at 92.86 uL/sec
Moving to D1 of Pyramid 96 Well Plate 2000 µL on 4
Touching tip
Aspirating 100.0 uL from A1 of Opentrons 15 Tube Rack with eppendorf 5 mL on 7 at 92.86 uL/sec
Moving to A1 of Opentrons 15 Tube Rack with eppendorf 5 mL on 7
Touching tip
Dispensing 100.0 uL into E1 of Pyramid 96 Well Plate 2000 µL on 4 at 92.86 uL/sec
Moving to E1 of Pyramid 96 Well Plate 2000 µL on 4
Touching tip
Aspirating 50.0 uL from A1 of Opentrons 15 Tube Rack with eppendorf 5 mL on 7 at 92.86 uL/sec
Moving to A1 of Opentrons 15 Tube Rack with eppendorf 5 mL on 7
Touching tip
Dispensing 50.0 uL into F1 of Pyramid 96 Well Plate 2000 µL on 4 at 92.86 uL/sec
Moving to F1 of Pyramid 96 Well Plate 2000 µL on 4
Touching tip
Aspirating 20.0 uL from A1 of Opentrons 15 Tube Rack with eppendorf 5 mL on 7 at 92.86 uL/sec
Moving to A1 of Opentrons 15 Tube Rack with eppendorf 5 mL on 7
Touching tip
Dispensing 20.0 uL into G1 of Pyramid 96 Well Plate 2000 µL on 4 at 92.86 uL/sec
Moving to G1 of Pyramid 96 Well Plate 2000 µL on 4
Touching tip
Dropping tip into A1 of Opentrons Fixed Trash on 12

------------DUPLICATE PLATING------------


Picking up tip from A2 of Opentrons OT-2 96 Tip Rack 300 µL on 1
Mixing 5 times with a volume of 300.0 ul
	Aspirating 300.0 uL from A1 of Pyramid 96 Well Plate 2000 µL on 4 at 94.0 uL/sec
	Dispensing 300.0 uL into A1 of Pyramid 96 Well Plate 2000 µL on 4 at 94.0 uL/sec
	Aspirating 300.0 uL from A1 of Pyramid 96 Well Plate 2000 µL on 4 at 94.0 uL/sec
	Dispensing 300.0 uL into A1 of Pyramid 96 Well Plate 2000 µL on 4 at 94.0 uL/sec
	Aspirating 300.0 uL from A1 of Pyramid 96 Well Plate 2000 µL on 4 at 94.0 uL/sec
	Dispensing 300.0 uL into A1 of Pyramid 96 Well Plate 2000 µL on 4 at 94.0 uL/sec
	Aspirating 300.0 uL from A1 of Pyramid 96 Well Plate 2000 µL on 4 at 94.0 uL/sec
	Dispensing 300.0 uL into A1 of Pyramid 96 Well Plate 2000 µL on 4 at 94.0 uL/sec
	Aspirating 300.0 uL from A1 of Pyramid 96 Well Plate 2000 µL on 4 at 94.0 uL/sec
	Dispensing 300.0 uL into A1 of Pyramid 96 Well Plate 2000 µL on 4 at 94.0 uL/sec
Aspirating 200.0 uL from A1 of Pyramid 96 Well Plate 2000 µL on 4 at 94.0 uL/sec
Moving to A1 of Pyramid 96 Well Plate 2000 µL on 4
Touching tip
Dispensing 50.0 uL into A1 of Nunc 96 Well Plate 400 µL on Heater-Shaker Module GEN1 on 6 at 94.0 uL/sec
Moving to A1 of Nunc 96 Well Plate 400 µL on Heater-Shaker Module GEN1 on 6
Touching tip
Dispensing 50.0 uL into A2 of Nunc 96 Well Plate 400 µL on Heater-Shaker Module GEN1 on 6 at 94.0 uL/sec
Moving to A2 of Nunc 96 Well Plate 400 µL on Heater-Shaker Module GEN1 on 6
Touching tip
Dispensing 50.0 uL into A11 of Nunc 96 Well Plate 400 µL on Heater-Shaker Module GEN1 on 6 at 94.0 uL/sec
Moving to A11 of Nunc 96 Well Plate 400 µL on Heater-Shaker Module GEN1 on 6
Touching tip
Dispensing 50.0 uL into A12 of Nunc 96 Well Plate 400 µL on Heater-Shaker Module GEN1 on 6 at 94.0 uL/sec
Moving to A12 of Nunc 96 Well Plate 400 µL on Heater-Shaker Module GEN1 on 6
Touching tip
Dropping tip into A1 of Opentrons Fixed Trash on 12

------------ADDING SAMPLE------------


Picking up tip from C1 of Opentrons OT-2 96 Tip Rack 300 µL on 1
Mixing 1 times with a volume of 200.0 ul
	Aspirating 200.0 uL from A1 of Opentrons 24 Tube Rack with NEST 2 mL Snapcap on 8 at 92.86 uL/sec
	Dispensing 200.0 uL into A1 of Opentrons 24 Tube Rack with NEST 2 mL Snapcap on 8 at 92.86 uL/sec
Aspirating 200.0 uL from A1 of Opentrons 24 Tube Rack with NEST 2 mL Snapcap on 8 at 92.86 uL/sec
Moving to A1 of Opentrons 24 Tube Rack with NEST 2 mL Snapcap on 8
Touching tip
Dispensing 50.0 uL into A4 of Nunc 96 Well Plate 400 µL on Heater-Shaker Module GEN1 on 6 at 92.86 uL/sec
Moving to A4 of Nunc 96 Well Plate 400 µL on Heater-Shaker Module GEN1 on 6
Touching tip
Dispensing 50.0 uL into A5 of Nunc 96 Well Plate 400 µL on Heater-Shaker Module GEN1 on 6 at 92.86 uL/sec
Moving to A5 of Nunc 96 Well Plate 400 µL on Heater-Shaker Module GEN1 on 6
Touching tip

------------PLATING TRITON------------


Picking up tip from A3 of Opentrons OT-2 96 Tip Rack 300 µL on 1
Mixing 1 times with a volume of 300.0 ul
	Aspirating 300.0 uL from A3 of Corning 12 Reservoir 2000 µL on 2 at 200.032 uL/sec
	Dispensing 300.0 uL into A3 of Corning 12 Reservoir 2000 µL on 2 at 200.032 uL/sec
Aspirating 300.0 uL from A3 of Corning 12 Reservoir 2000 µL on 2 at 200.032 uL/sec
Moving to A3 of Corning 12 Reservoir 2000 µL on 2
Touching tip
Dispensing 50.0 uL into A1 of Nunc 96 Well Plate 400 µL on Heater-Shaker Module GEN1 on 6 at 200.032 uL/sec
Delaying for 0 minutes and 1.0 seconds
Moving to A1 of Nunc 96 Well Plate 400 µL on Heater-Shaker Module GEN1 on 6
Touching tip
Delaying for 0 minutes and 1.0 seconds
Dispensing 50.0 uL into A2 of Nunc 96 Well Plate 400 µL on Heater-Shaker Module GEN1 on 6 at 200.032 uL/sec
Delaying for 0 minutes and 1.0 seconds
Moving to A2 of Nunc 96 Well Plate 400 µL on Heater-Shaker Module GEN1 on 6
Touching tip
Delaying for 0 minutes and 1.0 seconds
Dispensing 50.0 uL into A3 of Nunc 96 Well Plate 400 µL on Heater-Shaker Module GEN1 on 6 at 200.032 uL/sec
Delaying for 0 minutes and 1.0 seconds
Moving to A3 of Nunc 96 Well Plate 400 µL on Heater-Shaker Module GEN1 on 6
Touching tip
Delaying for 0 minutes and 1.0 seconds
Dispensing 50.0 uL into A4 of Nunc 96 Well Plate 400 µL on Heater-Shaker Module GEN1 on 6 at 200.032 uL/sec
Delaying for 0 minutes and 1.0 seconds
Moving to A4 of Nunc 96 Well Plate 400 µL on Heater-Shaker Module GEN1 on 6
Touching tip
Delaying for 0 minutes and 1.0 seconds
Dispensing 50.0 uL into A5 of Nunc 96 Well Plate 400 µL on Heater-Shaker Module GEN1 on 6 at 200.032 uL/sec
Delaying for 0 minutes and 1.0 seconds
Moving to A5 of Nunc 96 Well Plate 400 µL on Heater-Shaker Module GEN1 on 6
Touching tip
Delaying for 0 minutes and 1.0 seconds
Dispensing 50.0 uL into A6 of Nunc 96 Well Plate 400 µL on Heater-Shaker Module GEN1 on 6 at 200.032 uL/sec
Delaying for 0 minutes and 1.0 seconds
Moving to A6 of Nunc 96 Well Plate 400 µL on Heater-Shaker Module GEN1 on 6
Touching tip
Delaying for 0 minutes and 1.0 seconds
Dropping tip into A1 of Opentrons Fixed Trash on 12

------------PLATING TE------------


Picking up tip from A4 of Opentrons OT-2 96 Tip Rack 300 µL on 1
Mixing 1 times with a volume of 300.0 ul
	Aspirating 300.0 uL from A5 of Corning 12 Reservoir 2000 µL on 2 at 200.032 uL/sec
	Dispensing 300.0 uL into A5 of Corning 12 Reservoir 2000 µL on 2 at 200.032 uL/sec
Aspirating 300.0 uL from A5 of Corning 12 Reservoir 2000 µL on 2 at 200.032 uL/sec
Dispensing 50.0 uL into A7 of Nunc 96 Well Plate 400 µL on Heater-Shaker Module GEN1 on 6 at 200.032 uL/sec
Delaying for 0 minutes and 1.0 seconds
Moving to A7 of Nunc 96 Well Plate 400 µL on Heater-Shaker Module GEN1 on 6
Touching tip
Delaying for 0 minutes and 1.0 seconds
Dispensing 50.0 uL into A8 of Nunc 96 Well Plate 400 µL on Heater-Shaker Module GEN1 on 6 at 200.032 uL/sec
Delaying for 0 minutes and 1.0 seconds
Moving to A8 of Nunc 96 Well Plate 400 µL on Heater-Shaker Module GEN1 on 6
Touching tip
Delaying for 0 minutes and 1.0 seconds
Dispensing 50.0 uL into A9 of Nunc 96 Well Plate 400 µL on Heater-Shaker Module GEN1 on 6 at 200.032 uL/sec
Delaying for 0 minutes and 1.0 seconds
Moving to A9 of Nunc 96 Well Plate 400 µL on Heater-Shaker Module GEN1 on 6
Touching tip
Delaying for 0 minutes and 1.0 seconds
Dispensing 50.0 uL into A10 of Nunc 96 Well Plate 400 µL on Heater-Shaker Module GEN1 on 6 at 200.032 uL/sec
Delaying for 0 minutes and 1.0 seconds
Moving to A10 of Nunc 96 Well Plate 400 µL on Heater-Shaker Module GEN1 on 6
Touching tip
Delaying for 0 minutes and 1.0 seconds
Dispensing 50.0 uL into A11 of Nunc 96 Well Plate 400 µL on Heater-Shaker Module GEN1 on 6 at 200.032 uL/sec
Delaying for 0 minutes and 1.0 seconds
Moving to A11 of Nunc 96 Well Plate 400 µL on Heater-Shaker Module GEN1 on 6
Touching tip
Delaying for 0 minutes and 1.0 seconds
Dispensing 50.0 uL into A12 of Nunc 96 Well Plate 400 µL on Heater-Shaker Module GEN1 on 6 at 200.032 uL/sec
Delaying for 0 minutes and 1.0 seconds
Moving to A12 of Nunc 96 Well Plate 400 µL on Heater-Shaker Module GEN1 on 6
Touching tip
Delaying for 0 minutes and 1.0 seconds
Dropping tip into A1 of Opentrons Fixed Trash on 12
Pausing robot operation: Place lid on plate on heater shaker
Setting Target Temperature of Heater-Shaker to 37 °C
Waiting for Heater-Shaker to reach target temperature
Delaying for 10 minutes and 0.0 seconds
Deactivating Heater
Delaying for 5 minutes and 0.0 seconds
Pausing robot operation: Remove lid on plate on heater shaker

------------PLATING DYE------------


Picking up tip from A5 of Opentrons OT-2 96 Tip Rack 300 µL on 1
Mixing 1 times with a volume of 300.0 ul
	Aspirating 300.0 uL from A7 of Corning 12 Reservoir 2000 µL on 2 at 200.032 uL/sec
	Dispensing 300.0 uL into A7 of Corning 12 Reservoir 2000 µL on 2 at 200.032 uL/sec
Aspirating 300.0 uL from A7 of Corning 12 Reservoir 2000 µL on 2 at 200.032 uL/sec
Touching tip
Dispensing 100.0 uL into A1 of Nunc 96 Well Plate 400 µL on Heater-Shaker Module GEN1 on 6 at 200.032 uL/sec
Delaying for 0 minutes and 1.0 seconds
Moving to A1 of Nunc 96 Well Plate 400 µL on Heater-Shaker Module GEN1 on 6
Touching tip
Delaying for 0 minutes and 1.0 seconds
Dispensing 100.0 uL into A2 of Nunc 96 Well Plate 400 µL on Heater-Shaker Module GEN1 on 6 at 200.032 uL/sec
Delaying for 0 minutes and 1.0 seconds
Moving to A2 of Nunc 96 Well Plate 400 µL on Heater-Shaker Module GEN1 on 6
Touching tip
Delaying for 0 minutes and 1.0 seconds
Dispensing 100.0 uL into A3 of Nunc 96 Well Plate 400 µL on Heater-Shaker Module GEN1 on 6 at 200.032 uL/sec
Delaying for 0 minutes and 1.0 seconds
Moving to A3 of Nunc 96 Well Plate 400 µL on Heater-Shaker Module GEN1 on 6
Touching tip
Delaying for 0 minutes and 1.0 seconds
Aspirating 300.0 uL from A7 of Corning 12 Reservoir 2000 µL on 2 at 200.032 uL/sec
Touching tip
Dispensing 100.0 uL into A4 of Nunc 96 Well Plate 400 µL on Heater-Shaker Module GEN1 on 6 at 200.032 uL/sec
Delaying for 0 minutes and 1.0 seconds
Moving to A4 of Nunc 96 Well Plate 400 µL on Heater-Shaker Module GEN1 on 6
Touching tip
Delaying for 0 minutes and 1.0 seconds
Dispensing 100.0 uL into A5 of Nunc 96 Well Plate 400 µL on Heater-Shaker Module GEN1 on 6 at 200.032 uL/sec
Delaying for 0 minutes and 1.0 seconds
Moving to A5 of Nunc 96 Well Plate 400 µL on Heater-Shaker Module GEN1 on 6
Touching tip
Delaying for 0 minutes and 1.0 seconds
Dispensing 100.0 uL into A6 of Nunc 96 Well Plate 400 µL on Heater-Shaker Module GEN1 on 6 at 200.032 uL/sec
Delaying for 0 minutes and 1.0 seconds
Moving to A6 of Nunc 96 Well Plate 400 µL on Heater-Shaker Module GEN1 on 6
Touching tip
Delaying for 0 minutes and 1.0 seconds
Aspirating 300.0 uL from A7 of Corning 12 Reservoir 2000 µL on 2 at 200.032 uL/sec
Touching tip
Dispensing 100.0 uL into A7 of Nunc 96 Well Plate 400 µL on Heater-Shaker Module GEN1 on 6 at 200.032 uL/sec
Delaying for 0 minutes and 1.0 seconds
Moving to A7 of Nunc 96 Well Plate 400 µL on Heater-Shaker Module GEN1 on 6
Touching tip
Delaying for 0 minutes and 1.0 seconds
Dispensing 100.0 uL into A8 of Nunc 96 Well Plate 400 µL on Heater-Shaker Module GEN1 on 6 at 200.032 uL/sec
Delaying for 0 minutes and 1.0 seconds
Moving to A8 of Nunc 96 Well Plate 400 µL on Heater-Shaker Module GEN1 on 6
Touching tip
Delaying for 0 minutes and 1.0 seconds
Dispensing 100.0 uL into A9 of Nunc 96 Well Plate 400 µL on Heater-Shaker Module GEN1 on 6 at 200.032 uL/sec
Delaying for 0 minutes and 1.0 seconds
Moving to A9 of Nunc 96 Well Plate 400 µL on Heater-Shaker Module GEN1 on 6
Touching tip
Delaying for 0 minutes and 1.0 seconds
Aspirating 300.0 uL from A7 of Corning 12 Reservoir 2000 µL on 2 at 200.032 uL/sec
Touching tip
Dispensing 100.0 uL into A10 of Nunc 96 Well Plate 400 µL on Heater-Shaker Module GEN1 on 6 at 200.032 uL/sec
Delaying for 0 minutes and 1.0 seconds
Moving to A10 of Nunc 96 Well Plate 400 µL on Heater-Shaker Module GEN1 on 6
Touching tip
Delaying for 0 minutes and 1.0 seconds
Dispensing 100.0 uL into A11 of Nunc 96 Well Plate 400 µL on Heater-Shaker Module GEN1 on 6 at 200.032 uL/sec
Delaying for 0 minutes and 1.0 seconds
Moving to A11 of Nunc 96 Well Plate 400 µL on Heater-Shaker Module GEN1 on 6
Touching tip
Delaying for 0 minutes and 1.0 seconds
Dispensing 100.0 uL into A12 of Nunc 96 Well Plate 400 µL on Heater-Shaker Module GEN1 on 6 at 200.032 uL/sec
Delaying for 0 minutes and 1.0 seconds
Moving to A12 of Nunc 96 Well Plate 400 µL on Heater-Shaker Module GEN1 on 6
Touching tip
Delaying for 0 minutes and 1.0 seconds
Dropping tip into A1 of Opentrons Fixed Trash on 12
Pausing robot operation: 
    Plate is ready! Please remove, seal, and transport to the plate reader for
    analysis. Please remember to tidy the robot deck and dispose of any waste.
    
Caught exception: {'message': 'Task was destroyed but it is pending!', 'task': <Task pending name='Task-4' coro=<Poller._poll_forever() running at /Users/dp/Desktop/project/github/opentrons/venv/lib/python3.10/site-packages/opentrons/hardware_control/poller.py:80> wait_for=<Future pending cb=[Task.task_wakeup()]>>}
Caught exception: {'message': 'Task was destroyed but it is pending!', 'task': <Task pending name='Task-3' coro=<Poller._poll_forever() running at /Users/dp/Desktop/project/github/opentrons/venv/lib/python3.10/site-packages/opentrons/hardware_control/poller.py:80> wait_for=<Future pending cb=[Task.task_wakeup()]>>}
Caught exception: {'message': 'Task was destroyed but it is pending!', 'task': <Task pending name='Task-2' coro=<Poller._poll_forever() running at /Users/dp/Desktop/project/github/opentrons/venv/lib/python3.10/site-packages/opentrons/hardware_control/poller.py:80> wait_for=<Future pending cb=[Task.task_wakeup()]>>}
