/Users/dp/Desktop/project/github/opentrons/venv/lib/python3.10/site-packages/opentrons/hardware_control/simulator_setup.py:205: UserWarning: Simulator configuration does not name a machine, defaulting to OT-2 Standard
  warn(
/Users/dp/.opentrons/robot_settings.json not found. Loading defaults
Deck calibration not found.
/Users/dp/.opentrons/deck_calibration.json not found. Loading defaults
Setting Temperature Module temperature to 4.0 °C (rounded off to nearest integer)
Engaging Magnetic Module
Picking up tip from A1 of Opentrons OT-2 96 Filter Tip Rack 200 µL on 4
Aspirating 10.0 uL from A1 of Bio-Rad 96 Well Plate 200 µL PCR on Magnetic Module GEN2 on 3 at 20.0 uL/sec
Aspirating 120.0 uL from A1 of Bio-Rad 96 Well Plate 200 µL PCR on Magnetic Module GEN2 on 3 at 20.0 uL/sec
Dispensing 120.0 uL into A1 of Opentrons Fixed Trash on 12 at 94.0 uL/sec
Dispensing 10.0 uL into A1 of Opentrons Fixed Trash on 12 at 94.0 uL/sec
Dropping tip into A1 of Opentrons Fixed Trash on 12
Picking up tip from A2 of Opentrons OT-2 96 Filter Tip Rack 200 µL on 4
Aspirating 10.0 uL from A2 of Bio-Rad 96 Well Plate 200 µL PCR on Magnetic Module GEN2 on 3 at 20.0 uL/sec
Aspirating 120.0 uL from A2 of Bio-Rad 96 Well Plate 200 µL PCR on Magnetic Module GEN2 on 3 at 20.0 uL/sec
Dispensing 120.0 uL into A1 of Opentrons Fixed Trash on 12 at 94.0 uL/sec
Dispensing 10.0 uL into A1 of Opentrons Fixed Trash on 12 at 94.0 uL/sec
Dropping tip into A1 of Opentrons Fixed Trash on 12
Picking up tip from A3 of Opentrons OT-2 96 Filter Tip Rack 200 µL on 4
Aspirating 10.0 uL from A3 of Bio-Rad 96 Well Plate 200 µL PCR on Magnetic Module GEN2 on 3 at 20.0 uL/sec
Aspirating 120.0 uL from A3 of Bio-Rad 96 Well Plate 200 µL PCR on Magnetic Module GEN2 on 3 at 20.0 uL/sec
Dispensing 120.0 uL into A1 of Opentrons Fixed Trash on 12 at 94.0 uL/sec
Dispensing 10.0 uL into A1 of Opentrons Fixed Trash on 12 at 94.0 uL/sec
Dropping tip into A1 of Opentrons Fixed Trash on 12
Picking up tip from A4 of Opentrons OT-2 96 Filter Tip Rack 200 µL on 4
Aspirating 10.0 uL from A4 of Bio-Rad 96 Well Plate 200 µL PCR on Magnetic Module GEN2 on 3 at 20.0 uL/sec
Aspirating 120.0 uL from A4 of Bio-Rad 96 Well Plate 200 µL PCR on Magnetic Module GEN2 on 3 at 20.0 uL/sec
Dispensing 120.0 uL into A1 of Opentrons Fixed Trash on 12 at 94.0 uL/sec
Dispensing 10.0 uL into A1 of Opentrons Fixed Trash on 12 at 94.0 uL/sec
Dropping tip into A1 of Opentrons Fixed Trash on 12
Picking up tip from A5 of Opentrons OT-2 96 Filter Tip Rack 200 µL on 4
Aspirating 10.0 uL from A5 of Bio-Rad 96 Well Plate 200 µL PCR on Magnetic Module GEN2 on 3 at 20.0 uL/sec
Aspirating 120.0 uL from A5 of Bio-Rad 96 Well Plate 200 µL PCR on Magnetic Module GEN2 on 3 at 20.0 uL/sec
Dispensing 120.0 uL into A1 of Opentrons Fixed Trash on 12 at 94.0 uL/sec
Dispensing 10.0 uL into A1 of Opentrons Fixed Trash on 12 at 94.0 uL/sec
Dropping tip into A1 of Opentrons Fixed Trash on 12
Picking up tip from A6 of Opentrons OT-2 96 Filter Tip Rack 200 µL on 4
Aspirating 10.0 uL from A6 of Bio-Rad 96 Well Plate 200 µL PCR on Magnetic Module GEN2 on 3 at 20.0 uL/sec
Aspirating 120.0 uL from A6 of Bio-Rad 96 Well Plate 200 µL PCR on Magnetic Module GEN2 on 3 at 20.0 uL/sec
Dispensing 120.0 uL into A1 of Opentrons Fixed Trash on 12 at 94.0 uL/sec
Dispensing 10.0 uL into A1 of Opentrons Fixed Trash on 12 at 94.0 uL/sec
Dropping tip into A1 of Opentrons Fixed Trash on 12
Picking up tip from A7 of Opentrons OT-2 96 Filter Tip Rack 200 µL on 4
Aspirating 10.0 uL from A7 of Bio-Rad 96 Well Plate 200 µL PCR on Magnetic Module GEN2 on 3 at 20.0 uL/sec
Aspirating 120.0 uL from A7 of Bio-Rad 96 Well Plate 200 µL PCR on Magnetic Module GEN2 on 3 at 20.0 uL/sec
Dispensing 120.0 uL into A1 of Opentrons Fixed Trash on 12 at 94.0 uL/sec
Dispensing 10.0 uL into A1 of Opentrons Fixed Trash on 12 at 94.0 uL/sec
Dropping tip into A1 of Opentrons Fixed Trash on 12
Picking up tip from A8 of Opentrons OT-2 96 Filter Tip Rack 200 µL on 4
Aspirating 10.0 uL from A8 of Bio-Rad 96 Well Plate 200 µL PCR on Magnetic Module GEN2 on 3 at 20.0 uL/sec
Aspirating 120.0 uL from A8 of Bio-Rad 96 Well Plate 200 µL PCR on Magnetic Module GEN2 on 3 at 20.0 uL/sec
Dispensing 120.0 uL into A1 of Opentrons Fixed Trash on 12 at 94.0 uL/sec
Dispensing 10.0 uL into A1 of Opentrons Fixed Trash on 12 at 94.0 uL/sec
Dropping tip into A1 of Opentrons Fixed Trash on 12
Picking up tip from A9 of Opentrons OT-2 96 Filter Tip Rack 200 µL on 4
Aspirating 10.0 uL from A9 of Bio-Rad 96 Well Plate 200 µL PCR on Magnetic Module GEN2 on 3 at 20.0 uL/sec
Aspirating 120.0 uL from A9 of Bio-Rad 96 Well Plate 200 µL PCR on Magnetic Module GEN2 on 3 at 20.0 uL/sec
Dispensing 120.0 uL into A1 of Opentrons Fixed Trash on 12 at 94.0 uL/sec
Dispensing 10.0 uL into A1 of Opentrons Fixed Trash on 12 at 94.0 uL/sec
Dropping tip into A1 of Opentrons Fixed Trash on 12
Picking up tip from A10 of Opentrons OT-2 96 Filter Tip Rack 200 µL on 4
Aspirating 10.0 uL from A10 of Bio-Rad 96 Well Plate 200 µL PCR on Magnetic Module GEN2 on 3 at 20.0 uL/sec
Aspirating 120.0 uL from A10 of Bio-Rad 96 Well Plate 200 µL PCR on Magnetic Module GEN2 on 3 at 20.0 uL/sec
Dispensing 120.0 uL into A1 of Opentrons Fixed Trash on 12 at 94.0 uL/sec
Dispensing 10.0 uL into A1 of Opentrons Fixed Trash on 12 at 94.0 uL/sec
Dropping tip into A1 of Opentrons Fixed Trash on 12
Picking up tip from A11 of Opentrons OT-2 96 Filter Tip Rack 200 µL on 4
Aspirating 10.0 uL from A11 of Bio-Rad 96 Well Plate 200 µL PCR on Magnetic Module GEN2 on 3 at 20.0 uL/sec
Aspirating 120.0 uL from A11 of Bio-Rad 96 Well Plate 200 µL PCR on Magnetic Module GEN2 on 3 at 20.0 uL/sec
Dispensing 120.0 uL into A1 of Opentrons Fixed Trash on 12 at 94.0 uL/sec
Dispensing 10.0 uL into A1 of Opentrons Fixed Trash on 12 at 94.0 uL/sec
Dropping tip into A1 of Opentrons Fixed Trash on 12
Picking up tip from A12 of Opentrons OT-2 96 Filter Tip Rack 200 µL on 4
Aspirating 10.0 uL from A12 of Bio-Rad 96 Well Plate 200 µL PCR on Magnetic Module GEN2 on 3 at 20.0 uL/sec
Aspirating 120.0 uL from A12 of Bio-Rad 96 Well Plate 200 µL PCR on Magnetic Module GEN2 on 3 at 20.0 uL/sec
Dispensing 120.0 uL into A1 of Opentrons Fixed Trash on 12 at 94.0 uL/sec
Dispensing 10.0 uL into A1 of Opentrons Fixed Trash on 12 at 94.0 uL/sec
Dropping tip into A1 of Opentrons Fixed Trash on 12
Homing pipette plunger on mount left
Pausing robot operation: Please replace the tips and click Resume.
Picking up tip from A1 of Opentrons OT-2 96 Filter Tip Rack 200 µL on 4
Transferring 40.0 from A1 of Master Mix Reservoir on Temperature Module GEN1 on 1 to A1 of Bio-Rad 96 Well Plate 200 µL PCR on Magnetic Module GEN2 on 3
	Aspirating 40.0 uL from A1 of Master Mix Reservoir on Temperature Module GEN1 on 1 at 50.0 uL/sec
	Dispensing 40.0 uL into A1 of Bio-Rad 96 Well Plate 200 µL PCR on Magnetic Module GEN2 on 3 at 94.0 uL/sec
Dropping tip into A1 of Opentrons Fixed Trash on 12
Picking up tip from A2 of Opentrons OT-2 96 Filter Tip Rack 200 µL on 4
Transferring 40.0 from A1 of Master Mix Reservoir on Temperature Module GEN1 on 1 to A2 of Bio-Rad 96 Well Plate 200 µL PCR on Magnetic Module GEN2 on 3
	Aspirating 40.0 uL from A1 of Master Mix Reservoir on Temperature Module GEN1 on 1 at 50.0 uL/sec
	Dispensing 40.0 uL into A2 of Bio-Rad 96 Well Plate 200 µL PCR on Magnetic Module GEN2 on 3 at 94.0 uL/sec
Dropping tip into A1 of Opentrons Fixed Trash on 12
Picking up tip from A3 of Opentrons OT-2 96 Filter Tip Rack 200 µL on 4
Transferring 40.0 from A1 of Master Mix Reservoir on Temperature Module GEN1 on 1 to A3 of Bio-Rad 96 Well Plate 200 µL PCR on Magnetic Module GEN2 on 3
	Aspirating 40.0 uL from A1 of Master Mix Reservoir on Temperature Module GEN1 on 1 at 50.0 uL/sec
	Dispensing 40.0 uL into A3 of Bio-Rad 96 Well Plate 200 µL PCR on Magnetic Module GEN2 on 3 at 94.0 uL/sec
Dropping tip into A1 of Opentrons Fixed Trash on 12
Picking up tip from A4 of Opentrons OT-2 96 Filter Tip Rack 200 µL on 4
Transferring 40.0 from A1 of Master Mix Reservoir on Temperature Module GEN1 on 1 to A4 of Bio-Rad 96 Well Plate 200 µL PCR on Magnetic Module GEN2 on 3
	Aspirating 40.0 uL from A1 of Master Mix Reservoir on Temperature Module GEN1 on 1 at 50.0 uL/sec
	Dispensing 40.0 uL into A4 of Bio-Rad 96 Well Plate 200 µL PCR on Magnetic Module GEN2 on 3 at 94.0 uL/sec
Dropping tip into A1 of Opentrons Fixed Trash on 12
Picking up tip from A5 of Opentrons OT-2 96 Filter Tip Rack 200 µL on 4
Transferring 40.0 from A1 of Master Mix Reservoir on Temperature Module GEN1 on 1 to A5 of Bio-Rad 96 Well Plate 200 µL PCR on Magnetic Module GEN2 on 3
	Aspirating 40.0 uL from A1 of Master Mix Reservoir on Temperature Module GEN1 on 1 at 50.0 uL/sec
	Dispensing 40.0 uL into A5 of Bio-Rad 96 Well Plate 200 µL PCR on Magnetic Module GEN2 on 3 at 94.0 uL/sec
Dropping tip into A1 of Opentrons Fixed Trash on 12
Picking up tip from A6 of Opentrons OT-2 96 Filter Tip Rack 200 µL on 4
Transferring 40.0 from A1 of Master Mix Reservoir on Temperature Module GEN1 on 1 to A6 of Bio-Rad 96 Well Plate 200 µL PCR on Magnetic Module GEN2 on 3
	Aspirating 40.0 uL from A1 of Master Mix Reservoir on Temperature Module GEN1 on 1 at 50.0 uL/sec
	Dispensing 40.0 uL into A6 of Bio-Rad 96 Well Plate 200 µL PCR on Magnetic Module GEN2 on 3 at 94.0 uL/sec
Dropping tip into A1 of Opentrons Fixed Trash on 12
Picking up tip from A7 of Opentrons OT-2 96 Filter Tip Rack 200 µL on 4
Transferring 40.0 from A1 of Master Mix Reservoir on Temperature Module GEN1 on 1 to A7 of Bio-Rad 96 Well Plate 200 µL PCR on Magnetic Module GEN2 on 3
	Aspirating 40.0 uL from A1 of Master Mix Reservoir on Temperature Module GEN1 on 1 at 50.0 uL/sec
	Dispensing 40.0 uL into A7 of Bio-Rad 96 Well Plate 200 µL PCR on Magnetic Module GEN2 on 3 at 94.0 uL/sec
Dropping tip into A1 of Opentrons Fixed Trash on 12
Picking up tip from A8 of Opentrons OT-2 96 Filter Tip Rack 200 µL on 4
Transferring 40.0 from A1 of Master Mix Reservoir on Temperature Module GEN1 on 1 to A8 of Bio-Rad 96 Well Plate 200 µL PCR on Magnetic Module GEN2 on 3
	Aspirating 40.0 uL from A1 of Master Mix Reservoir on Temperature Module GEN1 on 1 at 50.0 uL/sec
	Dispensing 40.0 uL into A8 of Bio-Rad 96 Well Plate 200 µL PCR on Magnetic Module GEN2 on 3 at 94.0 uL/sec
Dropping tip into A1 of Opentrons Fixed Trash on 12
Picking up tip from A9 of Opentrons OT-2 96 Filter Tip Rack 200 µL on 4
Transferring 40.0 from A1 of Master Mix Reservoir on Temperature Module GEN1 on 1 to A9 of Bio-Rad 96 Well Plate 200 µL PCR on Magnetic Module GEN2 on 3
	Aspirating 40.0 uL from A1 of Master Mix Reservoir on Temperature Module GEN1 on 1 at 50.0 uL/sec
	Dispensing 40.0 uL into A9 of Bio-Rad 96 Well Plate 200 µL PCR on Magnetic Module GEN2 on 3 at 94.0 uL/sec
Dropping tip into A1 of Opentrons Fixed Trash on 12
Picking up tip from A10 of Opentrons OT-2 96 Filter Tip Rack 200 µL on 4
Transferring 40.0 from A1 of Master Mix Reservoir on Temperature Module GEN1 on 1 to A10 of Bio-Rad 96 Well Plate 200 µL PCR on Magnetic Module GEN2 on 3
	Aspirating 40.0 uL from A1 of Master Mix Reservoir on Temperature Module GEN1 on 1 at 50.0 uL/sec
	Dispensing 40.0 uL into A10 of Bio-Rad 96 Well Plate 200 µL PCR on Magnetic Module GEN2 on 3 at 94.0 uL/sec
Dropping tip into A1 of Opentrons Fixed Trash on 12
Picking up tip from A11 of Opentrons OT-2 96 Filter Tip Rack 200 µL on 4
Transferring 40.0 from A1 of Master Mix Reservoir on Temperature Module GEN1 on 1 to A11 of Bio-Rad 96 Well Plate 200 µL PCR on Magnetic Module GEN2 on 3
	Aspirating 40.0 uL from A1 of Master Mix Reservoir on Temperature Module GEN1 on 1 at 50.0 uL/sec
	Dispensing 40.0 uL into A11 of Bio-Rad 96 Well Plate 200 µL PCR on Magnetic Module GEN2 on 3 at 94.0 uL/sec
Dropping tip into A1 of Opentrons Fixed Trash on 12
Picking up tip from A12 of Opentrons OT-2 96 Filter Tip Rack 200 µL on 4
Transferring 40.0 from A1 of Master Mix Reservoir on Temperature Module GEN1 on 1 to A12 of Bio-Rad 96 Well Plate 200 µL PCR on Magnetic Module GEN2 on 3
	Aspirating 40.0 uL from A1 of Master Mix Reservoir on Temperature Module GEN1 on 1 at 50.0 uL/sec
	Dispensing 40.0 uL into A12 of Bio-Rad 96 Well Plate 200 µL PCR on Magnetic Module GEN2 on 3 at 94.0 uL/sec
Dropping tip into A1 of Opentrons Fixed Trash on 12
Caught exception: {'message': 'Task was destroyed but it is pending!', 'task': <Task pending name='Task-4' coro=<Poller._poll_forever() running at /Users/dp/Desktop/project/github/opentrons/venv/lib/python3.10/site-packages/opentrons/hardware_control/poller.py:80> wait_for=<Future pending cb=[Task.task_wakeup()]>>}
Caught exception: {'message': 'Task was destroyed but it is pending!', 'task': <Task pending name='Task-3' coro=<Poller._poll_forever() running at /Users/dp/Desktop/project/github/opentrons/venv/lib/python3.10/site-packages/opentrons/hardware_control/poller.py:80> wait_for=<Future pending cb=[Task.task_wakeup()]>>}
Caught exception: {'message': 'Task was destroyed but it is pending!', 'task': <Task pending name='Task-2' coro=<Poller._poll_forever() running at /Users/dp/Desktop/project/github/opentrons/venv/lib/python3.10/site-packages/opentrons/hardware_control/poller.py:80> wait_for=<Future pending cb=[Task.task_wakeup()]>>}
