/Users/dp/Desktop/project/github/opentrons/venv/lib/python3.10/site-packages/opentrons/hardware_control/simulator_setup.py:205: UserWarning: Simulator configuration does not name a machine, defaulting to OT-2 Standard
  warn(
/Users/dp/.opentrons/robot_settings.json not found. Loading defaults
Deck calibration not found.
/Users/dp/.opentrons/deck_calibration.json not found. Loading defaults
Picking up tip from A1 of Opentrons OT-2 96 Filter Tip Rack 10 µL on 1
Transferring 6.0 from A1 of Source 1 on 2 to A1 of Destination 1 on 3
	Aspirating 6.0 uL from A1 of Source 1 on 2 at 3.0 uL/sec
	Dispensing 6.0 uL into A1 of Destination 1 on 3 at 6.0 uL/sec
Mixing 5 times with a volume of 6.0 ul
	Aspirating 6.0 uL from A1 of Destination 1 on 3 at 3.0 uL/sec
	Dispensing 6.0 uL into A1 of Destination 1 on 3 at 6.0 uL/sec
	Aspirating 6.0 uL from A1 of Destination 1 on 3 at 3.0 uL/sec
	Dispensing 6.0 uL into A1 of Destination 1 on 3 at 6.0 uL/sec
	Aspirating 6.0 uL from A1 of Destination 1 on 3 at 3.0 uL/sec
	Dispensing 6.0 uL into A1 of Destination 1 on 3 at 6.0 uL/sec
	Aspirating 6.0 uL from A1 of Destination 1 on 3 at 3.0 uL/sec
	Dispensing 6.0 uL into A1 of Destination 1 on 3 at 6.0 uL/sec
	Aspirating 6.0 uL from A1 of Destination 1 on 3 at 3.0 uL/sec
	Dispensing 6.0 uL into A1 of Destination 1 on 3 at 6.0 uL/sec
Blowing out at A1 of Destination 1 on 3
Dropping tip into A1 of Opentrons Fixed Trash on 12
Picking up tip from A2 of Opentrons OT-2 96 Filter Tip Rack 10 µL on 1
Transferring 6.0 from A2 of Source 1 on 2 to A2 of Destination 1 on 3
	Aspirating 6.0 uL from A2 of Source 1 on 2 at 3.0 uL/sec
	Dispensing 6.0 uL into A2 of Destination 1 on 3 at 6.0 uL/sec
Mixing 5 times with a volume of 6.0 ul
	Aspirating 6.0 uL from A2 of Destination 1 on 3 at 3.0 uL/sec
	Dispensing 6.0 uL into A2 of Destination 1 on 3 at 6.0 uL/sec
	Aspirating 6.0 uL from A2 of Destination 1 on 3 at 3.0 uL/sec
	Dispensing 6.0 uL into A2 of Destination 1 on 3 at 6.0 uL/sec
	Aspirating 6.0 uL from A2 of Destination 1 on 3 at 3.0 uL/sec
	Dispensing 6.0 uL into A2 of Destination 1 on 3 at 6.0 uL/sec
	Aspirating 6.0 uL from A2 of Destination 1 on 3 at 3.0 uL/sec
	Dispensing 6.0 uL into A2 of Destination 1 on 3 at 6.0 uL/sec
	Aspirating 6.0 uL from A2 of Destination 1 on 3 at 3.0 uL/sec
	Dispensing 6.0 uL into A2 of Destination 1 on 3 at 6.0 uL/sec
Blowing out at A2 of Destination 1 on 3
Dropping tip into A1 of Opentrons Fixed Trash on 12
Picking up tip from A3 of Opentrons OT-2 96 Filter Tip Rack 10 µL on 1
Transferring 6.0 from A3 of Source 1 on 2 to A3 of Destination 1 on 3
	Aspirating 6.0 uL from A3 of Source 1 on 2 at 3.0 uL/sec
	Dispensing 6.0 uL into A3 of Destination 1 on 3 at 6.0 uL/sec
Mixing 5 times with a volume of 6.0 ul
	Aspirating 6.0 uL from A3 of Destination 1 on 3 at 3.0 uL/sec
	Dispensing 6.0 uL into A3 of Destination 1 on 3 at 6.0 uL/sec
	Aspirating 6.0 uL from A3 of Destination 1 on 3 at 3.0 uL/sec
	Dispensing 6.0 uL into A3 of Destination 1 on 3 at 6.0 uL/sec
	Aspirating 6.0 uL from A3 of Destination 1 on 3 at 3.0 uL/sec
	Dispensing 6.0 uL into A3 of Destination 1 on 3 at 6.0 uL/sec
	Aspirating 6.0 uL from A3 of Destination 1 on 3 at 3.0 uL/sec
	Dispensing 6.0 uL into A3 of Destination 1 on 3 at 6.0 uL/sec
	Aspirating 6.0 uL from A3 of Destination 1 on 3 at 3.0 uL/sec
	Dispensing 6.0 uL into A3 of Destination 1 on 3 at 6.0 uL/sec
Blowing out at A3 of Destination 1 on 3
Dropping tip into A1 of Opentrons Fixed Trash on 12
Picking up tip from A4 of Opentrons OT-2 96 Filter Tip Rack 10 µL on 1
Transferring 6.0 from A4 of Source 1 on 2 to A4 of Destination 1 on 3
	Aspirating 6.0 uL from A4 of Source 1 on 2 at 3.0 uL/sec
	Dispensing 6.0 uL into A4 of Destination 1 on 3 at 6.0 uL/sec
Mixing 5 times with a volume of 6.0 ul
	Aspirating 6.0 uL from A4 of Destination 1 on 3 at 3.0 uL/sec
	Dispensing 6.0 uL into A4 of Destination 1 on 3 at 6.0 uL/sec
	Aspirating 6.0 uL from A4 of Destination 1 on 3 at 3.0 uL/sec
	Dispensing 6.0 uL into A4 of Destination 1 on 3 at 6.0 uL/sec
	Aspirating 6.0 uL from A4 of Destination 1 on 3 at 3.0 uL/sec
	Dispensing 6.0 uL into A4 of Destination 1 on 3 at 6.0 uL/sec
	Aspirating 6.0 uL from A4 of Destination 1 on 3 at 3.0 uL/sec
	Dispensing 6.0 uL into A4 of Destination 1 on 3 at 6.0 uL/sec
	Aspirating 6.0 uL from A4 of Destination 1 on 3 at 3.0 uL/sec
	Dispensing 6.0 uL into A4 of Destination 1 on 3 at 6.0 uL/sec
Blowing out at A4 of Destination 1 on 3
Dropping tip into A1 of Opentrons Fixed Trash on 12
Picking up tip from A5 of Opentrons OT-2 96 Filter Tip Rack 10 µL on 1
Transferring 6.0 from A5 of Source 1 on 2 to A5 of Destination 1 on 3
	Aspirating 6.0 uL from A5 of Source 1 on 2 at 3.0 uL/sec
	Dispensing 6.0 uL into A5 of Destination 1 on 3 at 6.0 uL/sec
Mixing 5 times with a volume of 6.0 ul
	Aspirating 6.0 uL from A5 of Destination 1 on 3 at 3.0 uL/sec
	Dispensing 6.0 uL into A5 of Destination 1 on 3 at 6.0 uL/sec
	Aspirating 6.0 uL from A5 of Destination 1 on 3 at 3.0 uL/sec
	Dispensing 6.0 uL into A5 of Destination 1 on 3 at 6.0 uL/sec
	Aspirating 6.0 uL from A5 of Destination 1 on 3 at 3.0 uL/sec
	Dispensing 6.0 uL into A5 of Destination 1 on 3 at 6.0 uL/sec
	Aspirating 6.0 uL from A5 of Destination 1 on 3 at 3.0 uL/sec
	Dispensing 6.0 uL into A5 of Destination 1 on 3 at 6.0 uL/sec
	Aspirating 6.0 uL from A5 of Destination 1 on 3 at 3.0 uL/sec
	Dispensing 6.0 uL into A5 of Destination 1 on 3 at 6.0 uL/sec
Blowing out at A5 of Destination 1 on 3
Dropping tip into A1 of Opentrons Fixed Trash on 12
Picking up tip from A6 of Opentrons OT-2 96 Filter Tip Rack 10 µL on 1
Transferring 6.0 from A6 of Source 1 on 2 to A6 of Destination 1 on 3
	Aspirating 6.0 uL from A6 of Source 1 on 2 at 3.0 uL/sec
	Dispensing 6.0 uL into A6 of Destination 1 on 3 at 6.0 uL/sec
Mixing 5 times with a volume of 6.0 ul
	Aspirating 6.0 uL from A6 of Destination 1 on 3 at 3.0 uL/sec
	Dispensing 6.0 uL into A6 of Destination 1 on 3 at 6.0 uL/sec
	Aspirating 6.0 uL from A6 of Destination 1 on 3 at 3.0 uL/sec
	Dispensing 6.0 uL into A6 of Destination 1 on 3 at 6.0 uL/sec
	Aspirating 6.0 uL from A6 of Destination 1 on 3 at 3.0 uL/sec
	Dispensing 6.0 uL into A6 of Destination 1 on 3 at 6.0 uL/sec
	Aspirating 6.0 uL from A6 of Destination 1 on 3 at 3.0 uL/sec
	Dispensing 6.0 uL into A6 of Destination 1 on 3 at 6.0 uL/sec
	Aspirating 6.0 uL from A6 of Destination 1 on 3 at 3.0 uL/sec
	Dispensing 6.0 uL into A6 of Destination 1 on 3 at 6.0 uL/sec
Blowing out at A6 of Destination 1 on 3
Dropping tip into A1 of Opentrons Fixed Trash on 12
Picking up tip from A7 of Opentrons OT-2 96 Filter Tip Rack 10 µL on 1
Transferring 6.0 from A7 of Source 1 on 2 to A7 of Destination 1 on 3
	Aspirating 6.0 uL from A7 of Source 1 on 2 at 3.0 uL/sec
	Dispensing 6.0 uL into A7 of Destination 1 on 3 at 6.0 uL/sec
Mixing 5 times with a volume of 6.0 ul
	Aspirating 6.0 uL from A7 of Destination 1 on 3 at 3.0 uL/sec
	Dispensing 6.0 uL into A7 of Destination 1 on 3 at 6.0 uL/sec
	Aspirating 6.0 uL from A7 of Destination 1 on 3 at 3.0 uL/sec
	Dispensing 6.0 uL into A7 of Destination 1 on 3 at 6.0 uL/sec
	Aspirating 6.0 uL from A7 of Destination 1 on 3 at 3.0 uL/sec
	Dispensing 6.0 uL into A7 of Destination 1 on 3 at 6.0 uL/sec
	Aspirating 6.0 uL from A7 of Destination 1 on 3 at 3.0 uL/sec
	Dispensing 6.0 uL into A7 of Destination 1 on 3 at 6.0 uL/sec
	Aspirating 6.0 uL from A7 of Destination 1 on 3 at 3.0 uL/sec
	Dispensing 6.0 uL into A7 of Destination 1 on 3 at 6.0 uL/sec
Blowing out at A7 of Destination 1 on 3
Dropping tip into A1 of Opentrons Fixed Trash on 12
Picking up tip from A8 of Opentrons OT-2 96 Filter Tip Rack 10 µL on 1
Transferring 6.0 from A8 of Source 1 on 2 to A8 of Destination 1 on 3
	Aspirating 6.0 uL from A8 of Source 1 on 2 at 3.0 uL/sec
	Dispensing 6.0 uL into A8 of Destination 1 on 3 at 6.0 uL/sec
Mixing 5 times with a volume of 6.0 ul
	Aspirating 6.0 uL from A8 of Destination 1 on 3 at 3.0 uL/sec
	Dispensing 6.0 uL into A8 of Destination 1 on 3 at 6.0 uL/sec
	Aspirating 6.0 uL from A8 of Destination 1 on 3 at 3.0 uL/sec
	Dispensing 6.0 uL into A8 of Destination 1 on 3 at 6.0 uL/sec
	Aspirating 6.0 uL from A8 of Destination 1 on 3 at 3.0 uL/sec
	Dispensing 6.0 uL into A8 of Destination 1 on 3 at 6.0 uL/sec
	Aspirating 6.0 uL from A8 of Destination 1 on 3 at 3.0 uL/sec
	Dispensing 6.0 uL into A8 of Destination 1 on 3 at 6.0 uL/sec
	Aspirating 6.0 uL from A8 of Destination 1 on 3 at 3.0 uL/sec
	Dispensing 6.0 uL into A8 of Destination 1 on 3 at 6.0 uL/sec
Blowing out at A8 of Destination 1 on 3
Dropping tip into A1 of Opentrons Fixed Trash on 12
Picking up tip from A9 of Opentrons OT-2 96 Filter Tip Rack 10 µL on 1
Transferring 6.0 from A9 of Source 1 on 2 to A9 of Destination 1 on 3
	Aspirating 6.0 uL from A9 of Source 1 on 2 at 3.0 uL/sec
	Dispensing 6.0 uL into A9 of Destination 1 on 3 at 6.0 uL/sec
Mixing 5 times with a volume of 6.0 ul
	Aspirating 6.0 uL from A9 of Destination 1 on 3 at 3.0 uL/sec
	Dispensing 6.0 uL into A9 of Destination 1 on 3 at 6.0 uL/sec
	Aspirating 6.0 uL from A9 of Destination 1 on 3 at 3.0 uL/sec
	Dispensing 6.0 uL into A9 of Destination 1 on 3 at 6.0 uL/sec
	Aspirating 6.0 uL from A9 of Destination 1 on 3 at 3.0 uL/sec
	Dispensing 6.0 uL into A9 of Destination 1 on 3 at 6.0 uL/sec
	Aspirating 6.0 uL from A9 of Destination 1 on 3 at 3.0 uL/sec
	Dispensing 6.0 uL into A9 of Destination 1 on 3 at 6.0 uL/sec
	Aspirating 6.0 uL from A9 of Destination 1 on 3 at 3.0 uL/sec
	Dispensing 6.0 uL into A9 of Destination 1 on 3 at 6.0 uL/sec
Blowing out at A9 of Destination 1 on 3
Dropping tip into A1 of Opentrons Fixed Trash on 12
Picking up tip from A10 of Opentrons OT-2 96 Filter Tip Rack 10 µL on 1
Transferring 6.0 from A10 of Source 1 on 2 to A10 of Destination 1 on 3
	Aspirating 6.0 uL from A10 of Source 1 on 2 at 3.0 uL/sec
	Dispensing 6.0 uL into A10 of Destination 1 on 3 at 6.0 uL/sec
Mixing 5 times with a volume of 6.0 ul
	Aspirating 6.0 uL from A10 of Destination 1 on 3 at 3.0 uL/sec
	Dispensing 6.0 uL into A10 of Destination 1 on 3 at 6.0 uL/sec
	Aspirating 6.0 uL from A10 of Destination 1 on 3 at 3.0 uL/sec
	Dispensing 6.0 uL into A10 of Destination 1 on 3 at 6.0 uL/sec
	Aspirating 6.0 uL from A10 of Destination 1 on 3 at 3.0 uL/sec
	Dispensing 6.0 uL into A10 of Destination 1 on 3 at 6.0 uL/sec
	Aspirating 6.0 uL from A10 of Destination 1 on 3 at 3.0 uL/sec
	Dispensing 6.0 uL into A10 of Destination 1 on 3 at 6.0 uL/sec
	Aspirating 6.0 uL from A10 of Destination 1 on 3 at 3.0 uL/sec
	Dispensing 6.0 uL into A10 of Destination 1 on 3 at 6.0 uL/sec
Blowing out at A10 of Destination 1 on 3
Dropping tip into A1 of Opentrons Fixed Trash on 12
Picking up tip from A11 of Opentrons OT-2 96 Filter Tip Rack 10 µL on 1
Transferring 6.0 from A11 of Source 1 on 2 to A11 of Destination 1 on 3
	Aspirating 6.0 uL from A11 of Source 1 on 2 at 3.0 uL/sec
	Dispensing 6.0 uL into A11 of Destination 1 on 3 at 6.0 uL/sec
Mixing 5 times with a volume of 6.0 ul
	Aspirating 6.0 uL from A11 of Destination 1 on 3 at 3.0 uL/sec
	Dispensing 6.0 uL into A11 of Destination 1 on 3 at 6.0 uL/sec
	Aspirating 6.0 uL from A11 of Destination 1 on 3 at 3.0 uL/sec
	Dispensing 6.0 uL into A11 of Destination 1 on 3 at 6.0 uL/sec
	Aspirating 6.0 uL from A11 of Destination 1 on 3 at 3.0 uL/sec
	Dispensing 6.0 uL into A11 of Destination 1 on 3 at 6.0 uL/sec
	Aspirating 6.0 uL from A11 of Destination 1 on 3 at 3.0 uL/sec
	Dispensing 6.0 uL into A11 of Destination 1 on 3 at 6.0 uL/sec
	Aspirating 6.0 uL from A11 of Destination 1 on 3 at 3.0 uL/sec
	Dispensing 6.0 uL into A11 of Destination 1 on 3 at 6.0 uL/sec
Blowing out at A11 of Destination 1 on 3
Dropping tip into A1 of Opentrons Fixed Trash on 12
Picking up tip from A12 of Opentrons OT-2 96 Filter Tip Rack 10 µL on 1
Transferring 6.0 from A12 of Source 1 on 2 to A12 of Destination 1 on 3
	Aspirating 6.0 uL from A12 of Source 1 on 2 at 3.0 uL/sec
	Dispensing 6.0 uL into A12 of Destination 1 on 3 at 6.0 uL/sec
Mixing 5 times with a volume of 6.0 ul
	Aspirating 6.0 uL from A12 of Destination 1 on 3 at 3.0 uL/sec
	Dispensing 6.0 uL into A12 of Destination 1 on 3 at 6.0 uL/sec
	Aspirating 6.0 uL from A12 of Destination 1 on 3 at 3.0 uL/sec
	Dispensing 6.0 uL into A12 of Destination 1 on 3 at 6.0 uL/sec
	Aspirating 6.0 uL from A12 of Destination 1 on 3 at 3.0 uL/sec
	Dispensing 6.0 uL into A12 of Destination 1 on 3 at 6.0 uL/sec
	Aspirating 6.0 uL from A12 of Destination 1 on 3 at 3.0 uL/sec
	Dispensing 6.0 uL into A12 of Destination 1 on 3 at 6.0 uL/sec
	Aspirating 6.0 uL from A12 of Destination 1 on 3 at 3.0 uL/sec
	Dispensing 6.0 uL into A12 of Destination 1 on 3 at 6.0 uL/sec
Blowing out at A12 of Destination 1 on 3
Dropping tip into A1 of Opentrons Fixed Trash on 12
Picking up tip from A1 of Opentrons OT-2 96 Filter Tip Rack 10 µL on 4
Transferring 6.0 from A1 of Source 2 on 5 to A1 of Destination 2 on 6
	Aspirating 6.0 uL from A1 of Source 2 on 5 at 3.0 uL/sec
	Dispensing 6.0 uL into A1 of Destination 2 on 6 at 6.0 uL/sec
Mixing 5 times with a volume of 6.0 ul
	Aspirating 6.0 uL from A1 of Destination 2 on 6 at 3.0 uL/sec
	Dispensing 6.0 uL into A1 of Destination 2 on 6 at 6.0 uL/sec
	Aspirating 6.0 uL from A1 of Destination 2 on 6 at 3.0 uL/sec
	Dispensing 6.0 uL into A1 of Destination 2 on 6 at 6.0 uL/sec
	Aspirating 6.0 uL from A1 of Destination 2 on 6 at 3.0 uL/sec
	Dispensing 6.0 uL into A1 of Destination 2 on 6 at 6.0 uL/sec
	Aspirating 6.0 uL from A1 of Destination 2 on 6 at 3.0 uL/sec
	Dispensing 6.0 uL into A1 of Destination 2 on 6 at 6.0 uL/sec
	Aspirating 6.0 uL from A1 of Destination 2 on 6 at 3.0 uL/sec
	Dispensing 6.0 uL into A1 of Destination 2 on 6 at 6.0 uL/sec
Blowing out at A1 of Destination 2 on 6
Dropping tip into A1 of Opentrons Fixed Trash on 12
Picking up tip from A2 of Opentrons OT-2 96 Filter Tip Rack 10 µL on 4
Transferring 6.0 from A2 of Source 2 on 5 to A2 of Destination 2 on 6
	Aspirating 6.0 uL from A2 of Source 2 on 5 at 3.0 uL/sec
	Dispensing 6.0 uL into A2 of Destination 2 on 6 at 6.0 uL/sec
Mixing 5 times with a volume of 6.0 ul
	Aspirating 6.0 uL from A2 of Destination 2 on 6 at 3.0 uL/sec
	Dispensing 6.0 uL into A2 of Destination 2 on 6 at 6.0 uL/sec
	Aspirating 6.0 uL from A2 of Destination 2 on 6 at 3.0 uL/sec
	Dispensing 6.0 uL into A2 of Destination 2 on 6 at 6.0 uL/sec
	Aspirating 6.0 uL from A2 of Destination 2 on 6 at 3.0 uL/sec
	Dispensing 6.0 uL into A2 of Destination 2 on 6 at 6.0 uL/sec
	Aspirating 6.0 uL from A2 of Destination 2 on 6 at 3.0 uL/sec
	Dispensing 6.0 uL into A2 of Destination 2 on 6 at 6.0 uL/sec
	Aspirating 6.0 uL from A2 of Destination 2 on 6 at 3.0 uL/sec
	Dispensing 6.0 uL into A2 of Destination 2 on 6 at 6.0 uL/sec
Blowing out at A2 of Destination 2 on 6
Dropping tip into A1 of Opentrons Fixed Trash on 12
Picking up tip from A3 of Opentrons OT-2 96 Filter Tip Rack 10 µL on 4
Transferring 6.0 from A3 of Source 2 on 5 to A3 of Destination 2 on 6
	Aspirating 6.0 uL from A3 of Source 2 on 5 at 3.0 uL/sec
	Dispensing 6.0 uL into A3 of Destination 2 on 6 at 6.0 uL/sec
Mixing 5 times with a volume of 6.0 ul
	Aspirating 6.0 uL from A3 of Destination 2 on 6 at 3.0 uL/sec
	Dispensing 6.0 uL into A3 of Destination 2 on 6 at 6.0 uL/sec
	Aspirating 6.0 uL from A3 of Destination 2 on 6 at 3.0 uL/sec
	Dispensing 6.0 uL into A3 of Destination 2 on 6 at 6.0 uL/sec
	Aspirating 6.0 uL from A3 of Destination 2 on 6 at 3.0 uL/sec
	Dispensing 6.0 uL into A3 of Destination 2 on 6 at 6.0 uL/sec
	Aspirating 6.0 uL from A3 of Destination 2 on 6 at 3.0 uL/sec
	Dispensing 6.0 uL into A3 of Destination 2 on 6 at 6.0 uL/sec
	Aspirating 6.0 uL from A3 of Destination 2 on 6 at 3.0 uL/sec
	Dispensing 6.0 uL into A3 of Destination 2 on 6 at 6.0 uL/sec
Blowing out at A3 of Destination 2 on 6
Dropping tip into A1 of Opentrons Fixed Trash on 12
Picking up tip from A4 of Opentrons OT-2 96 Filter Tip Rack 10 µL on 4
Transferring 6.0 from A4 of Source 2 on 5 to A4 of Destination 2 on 6
	Aspirating 6.0 uL from A4 of Source 2 on 5 at 3.0 uL/sec
	Dispensing 6.0 uL into A4 of Destination 2 on 6 at 6.0 uL/sec
Mixing 5 times with a volume of 6.0 ul
	Aspirating 6.0 uL from A4 of Destination 2 on 6 at 3.0 uL/sec
	Dispensing 6.0 uL into A4 of Destination 2 on 6 at 6.0 uL/sec
	Aspirating 6.0 uL from A4 of Destination 2 on 6 at 3.0 uL/sec
	Dispensing 6.0 uL into A4 of Destination 2 on 6 at 6.0 uL/sec
	Aspirating 6.0 uL from A4 of Destination 2 on 6 at 3.0 uL/sec
	Dispensing 6.0 uL into A4 of Destination 2 on 6 at 6.0 uL/sec
	Aspirating 6.0 uL from A4 of Destination 2 on 6 at 3.0 uL/sec
	Dispensing 6.0 uL into A4 of Destination 2 on 6 at 6.0 uL/sec
	Aspirating 6.0 uL from A4 of Destination 2 on 6 at 3.0 uL/sec
	Dispensing 6.0 uL into A4 of Destination 2 on 6 at 6.0 uL/sec
Blowing out at A4 of Destination 2 on 6
Dropping tip into A1 of Opentrons Fixed Trash on 12
Picking up tip from A5 of Opentrons OT-2 96 Filter Tip Rack 10 µL on 4
Transferring 6.0 from A5 of Source 2 on 5 to A5 of Destination 2 on 6
	Aspirating 6.0 uL from A5 of Source 2 on 5 at 3.0 uL/sec
	Dispensing 6.0 uL into A5 of Destination 2 on 6 at 6.0 uL/sec
Mixing 5 times with a volume of 6.0 ul
	Aspirating 6.0 uL from A5 of Destination 2 on 6 at 3.0 uL/sec
	Dispensing 6.0 uL into A5 of Destination 2 on 6 at 6.0 uL/sec
	Aspirating 6.0 uL from A5 of Destination 2 on 6 at 3.0 uL/sec
	Dispensing 6.0 uL into A5 of Destination 2 on 6 at 6.0 uL/sec
	Aspirating 6.0 uL from A5 of Destination 2 on 6 at 3.0 uL/sec
	Dispensing 6.0 uL into A5 of Destination 2 on 6 at 6.0 uL/sec
	Aspirating 6.0 uL from A5 of Destination 2 on 6 at 3.0 uL/sec
	Dispensing 6.0 uL into A5 of Destination 2 on 6 at 6.0 uL/sec
	Aspirating 6.0 uL from A5 of Destination 2 on 6 at 3.0 uL/sec
	Dispensing 6.0 uL into A5 of Destination 2 on 6 at 6.0 uL/sec
Blowing out at A5 of Destination 2 on 6
Dropping tip into A1 of Opentrons Fixed Trash on 12
Picking up tip from A6 of Opentrons OT-2 96 Filter Tip Rack 10 µL on 4
Transferring 6.0 from A6 of Source 2 on 5 to A6 of Destination 2 on 6
	Aspirating 6.0 uL from A6 of Source 2 on 5 at 3.0 uL/sec
	Dispensing 6.0 uL into A6 of Destination 2 on 6 at 6.0 uL/sec
Mixing 5 times with a volume of 6.0 ul
	Aspirating 6.0 uL from A6 of Destination 2 on 6 at 3.0 uL/sec
	Dispensing 6.0 uL into A6 of Destination 2 on 6 at 6.0 uL/sec
	Aspirating 6.0 uL from A6 of Destination 2 on 6 at 3.0 uL/sec
	Dispensing 6.0 uL into A6 of Destination 2 on 6 at 6.0 uL/sec
	Aspirating 6.0 uL from A6 of Destination 2 on 6 at 3.0 uL/sec
	Dispensing 6.0 uL into A6 of Destination 2 on 6 at 6.0 uL/sec
	Aspirating 6.0 uL from A6 of Destination 2 on 6 at 3.0 uL/sec
	Dispensing 6.0 uL into A6 of Destination 2 on 6 at 6.0 uL/sec
	Aspirating 6.0 uL from A6 of Destination 2 on 6 at 3.0 uL/sec
	Dispensing 6.0 uL into A6 of Destination 2 on 6 at 6.0 uL/sec
Blowing out at A6 of Destination 2 on 6
Dropping tip into A1 of Opentrons Fixed Trash on 12
Picking up tip from A7 of Opentrons OT-2 96 Filter Tip Rack 10 µL on 4
Transferring 6.0 from A7 of Source 2 on 5 to A7 of Destination 2 on 6
	Aspirating 6.0 uL from A7 of Source 2 on 5 at 3.0 uL/sec
	Dispensing 6.0 uL into A7 of Destination 2 on 6 at 6.0 uL/sec
Mixing 5 times with a volume of 6.0 ul
	Aspirating 6.0 uL from A7 of Destination 2 on 6 at 3.0 uL/sec
	Dispensing 6.0 uL into A7 of Destination 2 on 6 at 6.0 uL/sec
	Aspirating 6.0 uL from A7 of Destination 2 on 6 at 3.0 uL/sec
	Dispensing 6.0 uL into A7 of Destination 2 on 6 at 6.0 uL/sec
	Aspirating 6.0 uL from A7 of Destination 2 on 6 at 3.0 uL/sec
	Dispensing 6.0 uL into A7 of Destination 2 on 6 at 6.0 uL/sec
	Aspirating 6.0 uL from A7 of Destination 2 on 6 at 3.0 uL/sec
	Dispensing 6.0 uL into A7 of Destination 2 on 6 at 6.0 uL/sec
	Aspirating 6.0 uL from A7 of Destination 2 on 6 at 3.0 uL/sec
	Dispensing 6.0 uL into A7 of Destination 2 on 6 at 6.0 uL/sec
Blowing out at A7 of Destination 2 on 6
Dropping tip into A1 of Opentrons Fixed Trash on 12
Picking up tip from A8 of Opentrons OT-2 96 Filter Tip Rack 10 µL on 4
Transferring 6.0 from A8 of Source 2 on 5 to A8 of Destination 2 on 6
	Aspirating 6.0 uL from A8 of Source 2 on 5 at 3.0 uL/sec
	Dispensing 6.0 uL into A8 of Destination 2 on 6 at 6.0 uL/sec
Mixing 5 times with a volume of 6.0 ul
	Aspirating 6.0 uL from A8 of Destination 2 on 6 at 3.0 uL/sec
	Dispensing 6.0 uL into A8 of Destination 2 on 6 at 6.0 uL/sec
	Aspirating 6.0 uL from A8 of Destination 2 on 6 at 3.0 uL/sec
	Dispensing 6.0 uL into A8 of Destination 2 on 6 at 6.0 uL/sec
	Aspirating 6.0 uL from A8 of Destination 2 on 6 at 3.0 uL/sec
	Dispensing 6.0 uL into A8 of Destination 2 on 6 at 6.0 uL/sec
	Aspirating 6.0 uL from A8 of Destination 2 on 6 at 3.0 uL/sec
	Dispensing 6.0 uL into A8 of Destination 2 on 6 at 6.0 uL/sec
	Aspirating 6.0 uL from A8 of Destination 2 on 6 at 3.0 uL/sec
	Dispensing 6.0 uL into A8 of Destination 2 on 6 at 6.0 uL/sec
Blowing out at A8 of Destination 2 on 6
Dropping tip into A1 of Opentrons Fixed Trash on 12
Picking up tip from A9 of Opentrons OT-2 96 Filter Tip Rack 10 µL on 4
Transferring 6.0 from A9 of Source 2 on 5 to A9 of Destination 2 on 6
	Aspirating 6.0 uL from A9 of Source 2 on 5 at 3.0 uL/sec
	Dispensing 6.0 uL into A9 of Destination 2 on 6 at 6.0 uL/sec
Mixing 5 times with a volume of 6.0 ul
	Aspirating 6.0 uL from A9 of Destination 2 on 6 at 3.0 uL/sec
	Dispensing 6.0 uL into A9 of Destination 2 on 6 at 6.0 uL/sec
	Aspirating 6.0 uL from A9 of Destination 2 on 6 at 3.0 uL/sec
	Dispensing 6.0 uL into A9 of Destination 2 on 6 at 6.0 uL/sec
	Aspirating 6.0 uL from A9 of Destination 2 on 6 at 3.0 uL/sec
	Dispensing 6.0 uL into A9 of Destination 2 on 6 at 6.0 uL/sec
	Aspirating 6.0 uL from A9 of Destination 2 on 6 at 3.0 uL/sec
	Dispensing 6.0 uL into A9 of Destination 2 on 6 at 6.0 uL/sec
	Aspirating 6.0 uL from A9 of Destination 2 on 6 at 3.0 uL/sec
	Dispensing 6.0 uL into A9 of Destination 2 on 6 at 6.0 uL/sec
Blowing out at A9 of Destination 2 on 6
Dropping tip into A1 of Opentrons Fixed Trash on 12
Picking up tip from A10 of Opentrons OT-2 96 Filter Tip Rack 10 µL on 4
Transferring 6.0 from A10 of Source 2 on 5 to A10 of Destination 2 on 6
	Aspirating 6.0 uL from A10 of Source 2 on 5 at 3.0 uL/sec
	Dispensing 6.0 uL into A10 of Destination 2 on 6 at 6.0 uL/sec
Mixing 5 times with a volume of 6.0 ul
	Aspirating 6.0 uL from A10 of Destination 2 on 6 at 3.0 uL/sec
	Dispensing 6.0 uL into A10 of Destination 2 on 6 at 6.0 uL/sec
	Aspirating 6.0 uL from A10 of Destination 2 on 6 at 3.0 uL/sec
	Dispensing 6.0 uL into A10 of Destination 2 on 6 at 6.0 uL/sec
	Aspirating 6.0 uL from A10 of Destination 2 on 6 at 3.0 uL/sec
	Dispensing 6.0 uL into A10 of Destination 2 on 6 at 6.0 uL/sec
	Aspirating 6.0 uL from A10 of Destination 2 on 6 at 3.0 uL/sec
	Dispensing 6.0 uL into A10 of Destination 2 on 6 at 6.0 uL/sec
	Aspirating 6.0 uL from A10 of Destination 2 on 6 at 3.0 uL/sec
	Dispensing 6.0 uL into A10 of Destination 2 on 6 at 6.0 uL/sec
Blowing out at A10 of Destination 2 on 6
Dropping tip into A1 of Opentrons Fixed Trash on 12
Picking up tip from A11 of Opentrons OT-2 96 Filter Tip Rack 10 µL on 4
Transferring 6.0 from A11 of Source 2 on 5 to A11 of Destination 2 on 6
	Aspirating 6.0 uL from A11 of Source 2 on 5 at 3.0 uL/sec
	Dispensing 6.0 uL into A11 of Destination 2 on 6 at 6.0 uL/sec
Mixing 5 times with a volume of 6.0 ul
	Aspirating 6.0 uL from A11 of Destination 2 on 6 at 3.0 uL/sec
	Dispensing 6.0 uL into A11 of Destination 2 on 6 at 6.0 uL/sec
	Aspirating 6.0 uL from A11 of Destination 2 on 6 at 3.0 uL/sec
	Dispensing 6.0 uL into A11 of Destination 2 on 6 at 6.0 uL/sec
	Aspirating 6.0 uL from A11 of Destination 2 on 6 at 3.0 uL/sec
	Dispensing 6.0 uL into A11 of Destination 2 on 6 at 6.0 uL/sec
	Aspirating 6.0 uL from A11 of Destination 2 on 6 at 3.0 uL/sec
	Dispensing 6.0 uL into A11 of Destination 2 on 6 at 6.0 uL/sec
	Aspirating 6.0 uL from A11 of Destination 2 on 6 at 3.0 uL/sec
	Dispensing 6.0 uL into A11 of Destination 2 on 6 at 6.0 uL/sec
Blowing out at A11 of Destination 2 on 6
Dropping tip into A1 of Opentrons Fixed Trash on 12
Picking up tip from A12 of Opentrons OT-2 96 Filter Tip Rack 10 µL on 4
Transferring 6.0 from A12 of Source 2 on 5 to A12 of Destination 2 on 6
	Aspirating 6.0 uL from A12 of Source 2 on 5 at 3.0 uL/sec
	Dispensing 6.0 uL into A12 of Destination 2 on 6 at 6.0 uL/sec
Mixing 5 times with a volume of 6.0 ul
	Aspirating 6.0 uL from A12 of Destination 2 on 6 at 3.0 uL/sec
	Dispensing 6.0 uL into A12 of Destination 2 on 6 at 6.0 uL/sec
	Aspirating 6.0 uL from A12 of Destination 2 on 6 at 3.0 uL/sec
	Dispensing 6.0 uL into A12 of Destination 2 on 6 at 6.0 uL/sec
	Aspirating 6.0 uL from A12 of Destination 2 on 6 at 3.0 uL/sec
	Dispensing 6.0 uL into A12 of Destination 2 on 6 at 6.0 uL/sec
	Aspirating 6.0 uL from A12 of Destination 2 on 6 at 3.0 uL/sec
	Dispensing 6.0 uL into A12 of Destination 2 on 6 at 6.0 uL/sec
	Aspirating 6.0 uL from A12 of Destination 2 on 6 at 3.0 uL/sec
	Dispensing 6.0 uL into A12 of Destination 2 on 6 at 6.0 uL/sec
Blowing out at A12 of Destination 2 on 6
Dropping tip into A1 of Opentrons Fixed Trash on 12
Picking up tip from A1 of Opentrons OT-2 96 Filter Tip Rack 10 µL on 7
Transferring 5.0 from A1 of NEST 12 Well Reservoir 15 mL on 9 to A1 of Destination 1 on 3
	Aspirating 5.0 uL from A1 of NEST 12 Well Reservoir 15 mL on 9 at 3.0 uL/sec
	Dispensing 5.0 uL into A1 of Destination 1 on 3 at 6.0 uL/sec
Mixing 10 times with a volume of 5.0 ul
	Aspirating 5.0 uL from A1 of Destination 1 on 3 at 3.0 uL/sec
	Dispensing 5.0 uL into A1 of Destination 1 on 3 at 6.0 uL/sec
	Aspirating 5.0 uL from A1 of Destination 1 on 3 at 3.0 uL/sec
	Dispensing 5.0 uL into A1 of Destination 1 on 3 at 6.0 uL/sec
	Aspirating 5.0 uL from A1 of Destination 1 on 3 at 3.0 uL/sec
	Dispensing 5.0 uL into A1 of Destination 1 on 3 at 6.0 uL/sec
	Aspirating 5.0 uL from A1 of Destination 1 on 3 at 3.0 uL/sec
	Dispensing 5.0 uL into A1 of Destination 1 on 3 at 6.0 uL/sec
	Aspirating 5.0 uL from A1 of Destination 1 on 3 at 3.0 uL/sec
	Dispensing 5.0 uL into A1 of Destination 1 on 3 at 6.0 uL/sec
	Aspirating 5.0 uL from A1 of Destination 1 on 3 at 3.0 uL/sec
	Dispensing 5.0 uL into A1 of Destination 1 on 3 at 6.0 uL/sec
	Aspirating 5.0 uL from A1 of Destination 1 on 3 at 3.0 uL/sec
	Dispensing 5.0 uL into A1 of Destination 1 on 3 at 6.0 uL/sec
	Aspirating 5.0 uL from A1 of Destination 1 on 3 at 3.0 uL/sec
	Dispensing 5.0 uL into A1 of Destination 1 on 3 at 6.0 uL/sec
	Aspirating 5.0 uL from A1 of Destination 1 on 3 at 3.0 uL/sec
	Dispensing 5.0 uL into A1 of Destination 1 on 3 at 6.0 uL/sec
	Aspirating 5.0 uL from A1 of Destination 1 on 3 at 3.0 uL/sec
	Dispensing 5.0 uL into A1 of Destination 1 on 3 at 6.0 uL/sec
Blowing out at A1 of Destination 1 on 3
Dropping tip into A1 of Opentrons Fixed Trash on 12
Picking up tip from A2 of Opentrons OT-2 96 Filter Tip Rack 10 µL on 7
Transferring 5.0 from A1 of NEST 12 Well Reservoir 15 mL on 9 to A2 of Destination 1 on 3
	Aspirating 5.0 uL from A1 of NEST 12 Well Reservoir 15 mL on 9 at 3.0 uL/sec
	Dispensing 5.0 uL into A2 of Destination 1 on 3 at 6.0 uL/sec
Mixing 10 times with a volume of 5.0 ul
	Aspirating 5.0 uL from A2 of Destination 1 on 3 at 3.0 uL/sec
	Dispensing 5.0 uL into A2 of Destination 1 on 3 at 6.0 uL/sec
	Aspirating 5.0 uL from A2 of Destination 1 on 3 at 3.0 uL/sec
	Dispensing 5.0 uL into A2 of Destination 1 on 3 at 6.0 uL/sec
	Aspirating 5.0 uL from A2 of Destination 1 on 3 at 3.0 uL/sec
	Dispensing 5.0 uL into A2 of Destination 1 on 3 at 6.0 uL/sec
	Aspirating 5.0 uL from A2 of Destination 1 on 3 at 3.0 uL/sec
	Dispensing 5.0 uL into A2 of Destination 1 on 3 at 6.0 uL/sec
	Aspirating 5.0 uL from A2 of Destination 1 on 3 at 3.0 uL/sec
	Dispensing 5.0 uL into A2 of Destination 1 on 3 at 6.0 uL/sec
	Aspirating 5.0 uL from A2 of Destination 1 on 3 at 3.0 uL/sec
	Dispensing 5.0 uL into A2 of Destination 1 on 3 at 6.0 uL/sec
	Aspirating 5.0 uL from A2 of Destination 1 on 3 at 3.0 uL/sec
	Dispensing 5.0 uL into A2 of Destination 1 on 3 at 6.0 uL/sec
	Aspirating 5.0 uL from A2 of Destination 1 on 3 at 3.0 uL/sec
	Dispensing 5.0 uL into A2 of Destination 1 on 3 at 6.0 uL/sec
	Aspirating 5.0 uL from A2 of Destination 1 on 3 at 3.0 uL/sec
	Dispensing 5.0 uL into A2 of Destination 1 on 3 at 6.0 uL/sec
	Aspirating 5.0 uL from A2 of Destination 1 on 3 at 3.0 uL/sec
	Dispensing 5.0 uL into A2 of Destination 1 on 3 at 6.0 uL/sec
Blowing out at A2 of Destination 1 on 3
Dropping tip into A1 of Opentrons Fixed Trash on 12
Picking up tip from A3 of Opentrons OT-2 96 Filter Tip Rack 10 µL on 7
Transferring 5.0 from A1 of NEST 12 Well Reservoir 15 mL on 9 to A3 of Destination 1 on 3
	Aspirating 5.0 uL from A1 of NEST 12 Well Reservoir 15 mL on 9 at 3.0 uL/sec
	Dispensing 5.0 uL into A3 of Destination 1 on 3 at 6.0 uL/sec
Mixing 10 times with a volume of 5.0 ul
	Aspirating 5.0 uL from A3 of Destination 1 on 3 at 3.0 uL/sec
	Dispensing 5.0 uL into A3 of Destination 1 on 3 at 6.0 uL/sec
	Aspirating 5.0 uL from A3 of Destination 1 on 3 at 3.0 uL/sec
	Dispensing 5.0 uL into A3 of Destination 1 on 3 at 6.0 uL/sec
	Aspirating 5.0 uL from A3 of Destination 1 on 3 at 3.0 uL/sec
	Dispensing 5.0 uL into A3 of Destination 1 on 3 at 6.0 uL/sec
	Aspirating 5.0 uL from A3 of Destination 1 on 3 at 3.0 uL/sec
	Dispensing 5.0 uL into A3 of Destination 1 on 3 at 6.0 uL/sec
	Aspirating 5.0 uL from A3 of Destination 1 on 3 at 3.0 uL/sec
	Dispensing 5.0 uL into A3 of Destination 1 on 3 at 6.0 uL/sec
	Aspirating 5.0 uL from A3 of Destination 1 on 3 at 3.0 uL/sec
	Dispensing 5.0 uL into A3 of Destination 1 on 3 at 6.0 uL/sec
	Aspirating 5.0 uL from A3 of Destination 1 on 3 at 3.0 uL/sec
	Dispensing 5.0 uL into A3 of Destination 1 on 3 at 6.0 uL/sec
	Aspirating 5.0 uL from A3 of Destination 1 on 3 at 3.0 uL/sec
	Dispensing 5.0 uL into A3 of Destination 1 on 3 at 6.0 uL/sec
	Aspirating 5.0 uL from A3 of Destination 1 on 3 at 3.0 uL/sec
	Dispensing 5.0 uL into A3 of Destination 1 on 3 at 6.0 uL/sec
	Aspirating 5.0 uL from A3 of Destination 1 on 3 at 3.0 uL/sec
	Dispensing 5.0 uL into A3 of Destination 1 on 3 at 6.0 uL/sec
Blowing out at A3 of Destination 1 on 3
Dropping tip into A1 of Opentrons Fixed Trash on 12
Picking up tip from A4 of Opentrons OT-2 96 Filter Tip Rack 10 µL on 7
Transferring 5.0 from A1 of NEST 12 Well Reservoir 15 mL on 9 to A4 of Destination 1 on 3
	Aspirating 5.0 uL from A1 of NEST 12 Well Reservoir 15 mL on 9 at 3.0 uL/sec
	Dispensing 5.0 uL into A4 of Destination 1 on 3 at 6.0 uL/sec
Mixing 10 times with a volume of 5.0 ul
	Aspirating 5.0 uL from A4 of Destination 1 on 3 at 3.0 uL/sec
	Dispensing 5.0 uL into A4 of Destination 1 on 3 at 6.0 uL/sec
	Aspirating 5.0 uL from A4 of Destination 1 on 3 at 3.0 uL/sec
	Dispensing 5.0 uL into A4 of Destination 1 on 3 at 6.0 uL/sec
	Aspirating 5.0 uL from A4 of Destination 1 on 3 at 3.0 uL/sec
	Dispensing 5.0 uL into A4 of Destination 1 on 3 at 6.0 uL/sec
	Aspirating 5.0 uL from A4 of Destination 1 on 3 at 3.0 uL/sec
	Dispensing 5.0 uL into A4 of Destination 1 on 3 at 6.0 uL/sec
	Aspirating 5.0 uL from A4 of Destination 1 on 3 at 3.0 uL/sec
	Dispensing 5.0 uL into A4 of Destination 1 on 3 at 6.0 uL/sec
	Aspirating 5.0 uL from A4 of Destination 1 on 3 at 3.0 uL/sec
	Dispensing 5.0 uL into A4 of Destination 1 on 3 at 6.0 uL/sec
	Aspirating 5.0 uL from A4 of Destination 1 on 3 at 3.0 uL/sec
	Dispensing 5.0 uL into A4 of Destination 1 on 3 at 6.0 uL/sec
	Aspirating 5.0 uL from A4 of Destination 1 on 3 at 3.0 uL/sec
	Dispensing 5.0 uL into A4 of Destination 1 on 3 at 6.0 uL/sec
	Aspirating 5.0 uL from A4 of Destination 1 on 3 at 3.0 uL/sec
	Dispensing 5.0 uL into A4 of Destination 1 on 3 at 6.0 uL/sec
	Aspirating 5.0 uL from A4 of Destination 1 on 3 at 3.0 uL/sec
	Dispensing 5.0 uL into A4 of Destination 1 on 3 at 6.0 uL/sec
Blowing out at A4 of Destination 1 on 3
Dropping tip into A1 of Opentrons Fixed Trash on 12
Picking up tip from A5 of Opentrons OT-2 96 Filter Tip Rack 10 µL on 7
Transferring 5.0 from A1 of NEST 12 Well Reservoir 15 mL on 9 to A5 of Destination 1 on 3
	Aspirating 5.0 uL from A1 of NEST 12 Well Reservoir 15 mL on 9 at 3.0 uL/sec
	Dispensing 5.0 uL into A5 of Destination 1 on 3 at 6.0 uL/sec
Mixing 10 times with a volume of 5.0 ul
	Aspirating 5.0 uL from A5 of Destination 1 on 3 at 3.0 uL/sec
	Dispensing 5.0 uL into A5 of Destination 1 on 3 at 6.0 uL/sec
	Aspirating 5.0 uL from A5 of Destination 1 on 3 at 3.0 uL/sec
	Dispensing 5.0 uL into A5 of Destination 1 on 3 at 6.0 uL/sec
	Aspirating 5.0 uL from A5 of Destination 1 on 3 at 3.0 uL/sec
	Dispensing 5.0 uL into A5 of Destination 1 on 3 at 6.0 uL/sec
	Aspirating 5.0 uL from A5 of Destination 1 on 3 at 3.0 uL/sec
	Dispensing 5.0 uL into A5 of Destination 1 on 3 at 6.0 uL/sec
	Aspirating 5.0 uL from A5 of Destination 1 on 3 at 3.0 uL/sec
	Dispensing 5.0 uL into A5 of Destination 1 on 3 at 6.0 uL/sec
	Aspirating 5.0 uL from A5 of Destination 1 on 3 at 3.0 uL/sec
	Dispensing 5.0 uL into A5 of Destination 1 on 3 at 6.0 uL/sec
	Aspirating 5.0 uL from A5 of Destination 1 on 3 at 3.0 uL/sec
	Dispensing 5.0 uL into A5 of Destination 1 on 3 at 6.0 uL/sec
	Aspirating 5.0 uL from A5 of Destination 1 on 3 at 3.0 uL/sec
	Dispensing 5.0 uL into A5 of Destination 1 on 3 at 6.0 uL/sec
	Aspirating 5.0 uL from A5 of Destination 1 on 3 at 3.0 uL/sec
	Dispensing 5.0 uL into A5 of Destination 1 on 3 at 6.0 uL/sec
	Aspirating 5.0 uL from A5 of Destination 1 on 3 at 3.0 uL/sec
	Dispensing 5.0 uL into A5 of Destination 1 on 3 at 6.0 uL/sec
Blowing out at A5 of Destination 1 on 3
Dropping tip into A1 of Opentrons Fixed Trash on 12
Picking up tip from A6 of Opentrons OT-2 96 Filter Tip Rack 10 µL on 7
Transferring 5.0 from A1 of NEST 12 Well Reservoir 15 mL on 9 to A6 of Destination 1 on 3
	Aspirating 5.0 uL from A1 of NEST 12 Well Reservoir 15 mL on 9 at 3.0 uL/sec
	Dispensing 5.0 uL into A6 of Destination 1 on 3 at 6.0 uL/sec
Mixing 10 times with a volume of 5.0 ul
	Aspirating 5.0 uL from A6 of Destination 1 on 3 at 3.0 uL/sec
	Dispensing 5.0 uL into A6 of Destination 1 on 3 at 6.0 uL/sec
	Aspirating 5.0 uL from A6 of Destination 1 on 3 at 3.0 uL/sec
	Dispensing 5.0 uL into A6 of Destination 1 on 3 at 6.0 uL/sec
	Aspirating 5.0 uL from A6 of Destination 1 on 3 at 3.0 uL/sec
	Dispensing 5.0 uL into A6 of Destination 1 on 3 at 6.0 uL/sec
	Aspirating 5.0 uL from A6 of Destination 1 on 3 at 3.0 uL/sec
	Dispensing 5.0 uL into A6 of Destination 1 on 3 at 6.0 uL/sec
	Aspirating 5.0 uL from A6 of Destination 1 on 3 at 3.0 uL/sec
	Dispensing 5.0 uL into A6 of Destination 1 on 3 at 6.0 uL/sec
	Aspirating 5.0 uL from A6 of Destination 1 on 3 at 3.0 uL/sec
	Dispensing 5.0 uL into A6 of Destination 1 on 3 at 6.0 uL/sec
	Aspirating 5.0 uL from A6 of Destination 1 on 3 at 3.0 uL/sec
	Dispensing 5.0 uL into A6 of Destination 1 on 3 at 6.0 uL/sec
	Aspirating 5.0 uL from A6 of Destination 1 on 3 at 3.0 uL/sec
	Dispensing 5.0 uL into A6 of Destination 1 on 3 at 6.0 uL/sec
	Aspirating 5.0 uL from A6 of Destination 1 on 3 at 3.0 uL/sec
	Dispensing 5.0 uL into A6 of Destination 1 on 3 at 6.0 uL/sec
	Aspirating 5.0 uL from A6 of Destination 1 on 3 at 3.0 uL/sec
	Dispensing 5.0 uL into A6 of Destination 1 on 3 at 6.0 uL/sec
Blowing out at A6 of Destination 1 on 3
Dropping tip into A1 of Opentrons Fixed Trash on 12
Picking up tip from A7 of Opentrons OT-2 96 Filter Tip Rack 10 µL on 7
Transferring 5.0 from A1 of NEST 12 Well Reservoir 15 mL on 9 to A7 of Destination 1 on 3
	Aspirating 5.0 uL from A1 of NEST 12 Well Reservoir 15 mL on 9 at 3.0 uL/sec
	Dispensing 5.0 uL into A7 of Destination 1 on 3 at 6.0 uL/sec
Mixing 10 times with a volume of 5.0 ul
	Aspirating 5.0 uL from A7 of Destination 1 on 3 at 3.0 uL/sec
	Dispensing 5.0 uL into A7 of Destination 1 on 3 at 6.0 uL/sec
	Aspirating 5.0 uL from A7 of Destination 1 on 3 at 3.0 uL/sec
	Dispensing 5.0 uL into A7 of Destination 1 on 3 at 6.0 uL/sec
	Aspirating 5.0 uL from A7 of Destination 1 on 3 at 3.0 uL/sec
	Dispensing 5.0 uL into A7 of Destination 1 on 3 at 6.0 uL/sec
	Aspirating 5.0 uL from A7 of Destination 1 on 3 at 3.0 uL/sec
	Dispensing 5.0 uL into A7 of Destination 1 on 3 at 6.0 uL/sec
	Aspirating 5.0 uL from A7 of Destination 1 on 3 at 3.0 uL/sec
	Dispensing 5.0 uL into A7 of Destination 1 on 3 at 6.0 uL/sec
	Aspirating 5.0 uL from A7 of Destination 1 on 3 at 3.0 uL/sec
	Dispensing 5.0 uL into A7 of Destination 1 on 3 at 6.0 uL/sec
	Aspirating 5.0 uL from A7 of Destination 1 on 3 at 3.0 uL/sec
	Dispensing 5.0 uL into A7 of Destination 1 on 3 at 6.0 uL/sec
	Aspirating 5.0 uL from A7 of Destination 1 on 3 at 3.0 uL/sec
	Dispensing 5.0 uL into A7 of Destination 1 on 3 at 6.0 uL/sec
	Aspirating 5.0 uL from A7 of Destination 1 on 3 at 3.0 uL/sec
	Dispensing 5.0 uL into A7 of Destination 1 on 3 at 6.0 uL/sec
	Aspirating 5.0 uL from A7 of Destination 1 on 3 at 3.0 uL/sec
	Dispensing 5.0 uL into A7 of Destination 1 on 3 at 6.0 uL/sec
Blowing out at A7 of Destination 1 on 3
Dropping tip into A1 of Opentrons Fixed Trash on 12
Picking up tip from A8 of Opentrons OT-2 96 Filter Tip Rack 10 µL on 7
Transferring 5.0 from A1 of NEST 12 Well Reservoir 15 mL on 9 to A8 of Destination 1 on 3
	Aspirating 5.0 uL from A1 of NEST 12 Well Reservoir 15 mL on 9 at 3.0 uL/sec
	Dispensing 5.0 uL into A8 of Destination 1 on 3 at 6.0 uL/sec
Mixing 10 times with a volume of 5.0 ul
	Aspirating 5.0 uL from A8 of Destination 1 on 3 at 3.0 uL/sec
	Dispensing 5.0 uL into A8 of Destination 1 on 3 at 6.0 uL/sec
	Aspirating 5.0 uL from A8 of Destination 1 on 3 at 3.0 uL/sec
	Dispensing 5.0 uL into A8 of Destination 1 on 3 at 6.0 uL/sec
	Aspirating 5.0 uL from A8 of Destination 1 on 3 at 3.0 uL/sec
	Dispensing 5.0 uL into A8 of Destination 1 on 3 at 6.0 uL/sec
	Aspirating 5.0 uL from A8 of Destination 1 on 3 at 3.0 uL/sec
	Dispensing 5.0 uL into A8 of Destination 1 on 3 at 6.0 uL/sec
	Aspirating 5.0 uL from A8 of Destination 1 on 3 at 3.0 uL/sec
	Dispensing 5.0 uL into A8 of Destination 1 on 3 at 6.0 uL/sec
	Aspirating 5.0 uL from A8 of Destination 1 on 3 at 3.0 uL/sec
	Dispensing 5.0 uL into A8 of Destination 1 on 3 at 6.0 uL/sec
	Aspirating 5.0 uL from A8 of Destination 1 on 3 at 3.0 uL/sec
	Dispensing 5.0 uL into A8 of Destination 1 on 3 at 6.0 uL/sec
	Aspirating 5.0 uL from A8 of Destination 1 on 3 at 3.0 uL/sec
	Dispensing 5.0 uL into A8 of Destination 1 on 3 at 6.0 uL/sec
	Aspirating 5.0 uL from A8 of Destination 1 on 3 at 3.0 uL/sec
	Dispensing 5.0 uL into A8 of Destination 1 on 3 at 6.0 uL/sec
	Aspirating 5.0 uL from A8 of Destination 1 on 3 at 3.0 uL/sec
	Dispensing 5.0 uL into A8 of Destination 1 on 3 at 6.0 uL/sec
Blowing out at A8 of Destination 1 on 3
Dropping tip into A1 of Opentrons Fixed Trash on 12
Picking up tip from A9 of Opentrons OT-2 96 Filter Tip Rack 10 µL on 7
Transferring 5.0 from A1 of NEST 12 Well Reservoir 15 mL on 9 to A9 of Destination 1 on 3
	Aspirating 5.0 uL from A1 of NEST 12 Well Reservoir 15 mL on 9 at 3.0 uL/sec
	Dispensing 5.0 uL into A9 of Destination 1 on 3 at 6.0 uL/sec
Mixing 10 times with a volume of 5.0 ul
	Aspirating 5.0 uL from A9 of Destination 1 on 3 at 3.0 uL/sec
	Dispensing 5.0 uL into A9 of Destination 1 on 3 at 6.0 uL/sec
	Aspirating 5.0 uL from A9 of Destination 1 on 3 at 3.0 uL/sec
	Dispensing 5.0 uL into A9 of Destination 1 on 3 at 6.0 uL/sec
	Aspirating 5.0 uL from A9 of Destination 1 on 3 at 3.0 uL/sec
	Dispensing 5.0 uL into A9 of Destination 1 on 3 at 6.0 uL/sec
	Aspirating 5.0 uL from A9 of Destination 1 on 3 at 3.0 uL/sec
	Dispensing 5.0 uL into A9 of Destination 1 on 3 at 6.0 uL/sec
	Aspirating 5.0 uL from A9 of Destination 1 on 3 at 3.0 uL/sec
	Dispensing 5.0 uL into A9 of Destination 1 on 3 at 6.0 uL/sec
	Aspirating 5.0 uL from A9 of Destination 1 on 3 at 3.0 uL/sec
	Dispensing 5.0 uL into A9 of Destination 1 on 3 at 6.0 uL/sec
	Aspirating 5.0 uL from A9 of Destination 1 on 3 at 3.0 uL/sec
	Dispensing 5.0 uL into A9 of Destination 1 on 3 at 6.0 uL/sec
	Aspirating 5.0 uL from A9 of Destination 1 on 3 at 3.0 uL/sec
	Dispensing 5.0 uL into A9 of Destination 1 on 3 at 6.0 uL/sec
	Aspirating 5.0 uL from A9 of Destination 1 on 3 at 3.0 uL/sec
	Dispensing 5.0 uL into A9 of Destination 1 on 3 at 6.0 uL/sec
	Aspirating 5.0 uL from A9 of Destination 1 on 3 at 3.0 uL/sec
	Dispensing 5.0 uL into A9 of Destination 1 on 3 at 6.0 uL/sec
Blowing out at A9 of Destination 1 on 3
Dropping tip into A1 of Opentrons Fixed Trash on 12
Picking up tip from A10 of Opentrons OT-2 96 Filter Tip Rack 10 µL on 7
Transferring 5.0 from A1 of NEST 12 Well Reservoir 15 mL on 9 to A10 of Destination 1 on 3
	Aspirating 5.0 uL from A1 of NEST 12 Well Reservoir 15 mL on 9 at 3.0 uL/sec
	Dispensing 5.0 uL into A10 of Destination 1 on 3 at 6.0 uL/sec
Mixing 10 times with a volume of 5.0 ul
	Aspirating 5.0 uL from A10 of Destination 1 on 3 at 3.0 uL/sec
	Dispensing 5.0 uL into A10 of Destination 1 on 3 at 6.0 uL/sec
	Aspirating 5.0 uL from A10 of Destination 1 on 3 at 3.0 uL/sec
	Dispensing 5.0 uL into A10 of Destination 1 on 3 at 6.0 uL/sec
	Aspirating 5.0 uL from A10 of Destination 1 on 3 at 3.0 uL/sec
	Dispensing 5.0 uL into A10 of Destination 1 on 3 at 6.0 uL/sec
	Aspirating 5.0 uL from A10 of Destination 1 on 3 at 3.0 uL/sec
	Dispensing 5.0 uL into A10 of Destination 1 on 3 at 6.0 uL/sec
	Aspirating 5.0 uL from A10 of Destination 1 on 3 at 3.0 uL/sec
	Dispensing 5.0 uL into A10 of Destination 1 on 3 at 6.0 uL/sec
	Aspirating 5.0 uL from A10 of Destination 1 on 3 at 3.0 uL/sec
	Dispensing 5.0 uL into A10 of Destination 1 on 3 at 6.0 uL/sec
	Aspirating 5.0 uL from A10 of Destination 1 on 3 at 3.0 uL/sec
	Dispensing 5.0 uL into A10 of Destination 1 on 3 at 6.0 uL/sec
	Aspirating 5.0 uL from A10 of Destination 1 on 3 at 3.0 uL/sec
	Dispensing 5.0 uL into A10 of Destination 1 on 3 at 6.0 uL/sec
	Aspirating 5.0 uL from A10 of Destination 1 on 3 at 3.0 uL/sec
	Dispensing 5.0 uL into A10 of Destination 1 on 3 at 6.0 uL/sec
	Aspirating 5.0 uL from A10 of Destination 1 on 3 at 3.0 uL/sec
	Dispensing 5.0 uL into A10 of Destination 1 on 3 at 6.0 uL/sec
Blowing out at A10 of Destination 1 on 3
Dropping tip into A1 of Opentrons Fixed Trash on 12
Picking up tip from A11 of Opentrons OT-2 96 Filter Tip Rack 10 µL on 7
Transferring 5.0 from A1 of NEST 12 Well Reservoir 15 mL on 9 to A11 of Destination 1 on 3
	Aspirating 5.0 uL from A1 of NEST 12 Well Reservoir 15 mL on 9 at 3.0 uL/sec
	Dispensing 5.0 uL into A11 of Destination 1 on 3 at 6.0 uL/sec
Mixing 10 times with a volume of 5.0 ul
	Aspirating 5.0 uL from A11 of Destination 1 on 3 at 3.0 uL/sec
	Dispensing 5.0 uL into A11 of Destination 1 on 3 at 6.0 uL/sec
	Aspirating 5.0 uL from A11 of Destination 1 on 3 at 3.0 uL/sec
	Dispensing 5.0 uL into A11 of Destination 1 on 3 at 6.0 uL/sec
	Aspirating 5.0 uL from A11 of Destination 1 on 3 at 3.0 uL/sec
	Dispensing 5.0 uL into A11 of Destination 1 on 3 at 6.0 uL/sec
	Aspirating 5.0 uL from A11 of Destination 1 on 3 at 3.0 uL/sec
	Dispensing 5.0 uL into A11 of Destination 1 on 3 at 6.0 uL/sec
	Aspirating 5.0 uL from A11 of Destination 1 on 3 at 3.0 uL/sec
	Dispensing 5.0 uL into A11 of Destination 1 on 3 at 6.0 uL/sec
	Aspirating 5.0 uL from A11 of Destination 1 on 3 at 3.0 uL/sec
	Dispensing 5.0 uL into A11 of Destination 1 on 3 at 6.0 uL/sec
	Aspirating 5.0 uL from A11 of Destination 1 on 3 at 3.0 uL/sec
	Dispensing 5.0 uL into A11 of Destination 1 on 3 at 6.0 uL/sec
	Aspirating 5.0 uL from A11 of Destination 1 on 3 at 3.0 uL/sec
	Dispensing 5.0 uL into A11 of Destination 1 on 3 at 6.0 uL/sec
	Aspirating 5.0 uL from A11 of Destination 1 on 3 at 3.0 uL/sec
	Dispensing 5.0 uL into A11 of Destination 1 on 3 at 6.0 uL/sec
	Aspirating 5.0 uL from A11 of Destination 1 on 3 at 3.0 uL/sec
	Dispensing 5.0 uL into A11 of Destination 1 on 3 at 6.0 uL/sec
Blowing out at A11 of Destination 1 on 3
Dropping tip into A1 of Opentrons Fixed Trash on 12
Picking up tip from A12 of Opentrons OT-2 96 Filter Tip Rack 10 µL on 7
Transferring 5.0 from A1 of NEST 12 Well Reservoir 15 mL on 9 to A12 of Destination 1 on 3
	Aspirating 5.0 uL from A1 of NEST 12 Well Reservoir 15 mL on 9 at 3.0 uL/sec
	Dispensing 5.0 uL into A12 of Destination 1 on 3 at 6.0 uL/sec
Mixing 10 times with a volume of 5.0 ul
	Aspirating 5.0 uL from A12 of Destination 1 on 3 at 3.0 uL/sec
	Dispensing 5.0 uL into A12 of Destination 1 on 3 at 6.0 uL/sec
	Aspirating 5.0 uL from A12 of Destination 1 on 3 at 3.0 uL/sec
	Dispensing 5.0 uL into A12 of Destination 1 on 3 at 6.0 uL/sec
	Aspirating 5.0 uL from A12 of Destination 1 on 3 at 3.0 uL/sec
	Dispensing 5.0 uL into A12 of Destination 1 on 3 at 6.0 uL/sec
	Aspirating 5.0 uL from A12 of Destination 1 on 3 at 3.0 uL/sec
	Dispensing 5.0 uL into A12 of Destination 1 on 3 at 6.0 uL/sec
	Aspirating 5.0 uL from A12 of Destination 1 on 3 at 3.0 uL/sec
	Dispensing 5.0 uL into A12 of Destination 1 on 3 at 6.0 uL/sec
	Aspirating 5.0 uL from A12 of Destination 1 on 3 at 3.0 uL/sec
	Dispensing 5.0 uL into A12 of Destination 1 on 3 at 6.0 uL/sec
	Aspirating 5.0 uL from A12 of Destination 1 on 3 at 3.0 uL/sec
	Dispensing 5.0 uL into A12 of Destination 1 on 3 at 6.0 uL/sec
	Aspirating 5.0 uL from A12 of Destination 1 on 3 at 3.0 uL/sec
	Dispensing 5.0 uL into A12 of Destination 1 on 3 at 6.0 uL/sec
	Aspirating 5.0 uL from A12 of Destination 1 on 3 at 3.0 uL/sec
	Dispensing 5.0 uL into A12 of Destination 1 on 3 at 6.0 uL/sec
	Aspirating 5.0 uL from A12 of Destination 1 on 3 at 3.0 uL/sec
	Dispensing 5.0 uL into A12 of Destination 1 on 3 at 6.0 uL/sec
Blowing out at A12 of Destination 1 on 3
Dropping tip into A1 of Opentrons Fixed Trash on 12
Picking up tip from A1 of Opentrons OT-2 96 Filter Tip Rack 10 µL on 10
Transferring 5.0 from A1 of NEST 12 Well Reservoir 15 mL on 9 to A1 of Destination 2 on 6
	Aspirating 5.0 uL from A1 of NEST 12 Well Reservoir 15 mL on 9 at 3.0 uL/sec
	Dispensing 5.0 uL into A1 of Destination 2 on 6 at 6.0 uL/sec
Mixing 10 times with a volume of 5.0 ul
	Aspirating 5.0 uL from A1 of Destination 2 on 6 at 3.0 uL/sec
	Dispensing 5.0 uL into A1 of Destination 2 on 6 at 6.0 uL/sec
	Aspirating 5.0 uL from A1 of Destination 2 on 6 at 3.0 uL/sec
	Dispensing 5.0 uL into A1 of Destination 2 on 6 at 6.0 uL/sec
	Aspirating 5.0 uL from A1 of Destination 2 on 6 at 3.0 uL/sec
	Dispensing 5.0 uL into A1 of Destination 2 on 6 at 6.0 uL/sec
	Aspirating 5.0 uL from A1 of Destination 2 on 6 at 3.0 uL/sec
	Dispensing 5.0 uL into A1 of Destination 2 on 6 at 6.0 uL/sec
	Aspirating 5.0 uL from A1 of Destination 2 on 6 at 3.0 uL/sec
	Dispensing 5.0 uL into A1 of Destination 2 on 6 at 6.0 uL/sec
	Aspirating 5.0 uL from A1 of Destination 2 on 6 at 3.0 uL/sec
	Dispensing 5.0 uL into A1 of Destination 2 on 6 at 6.0 uL/sec
	Aspirating 5.0 uL from A1 of Destination 2 on 6 at 3.0 uL/sec
	Dispensing 5.0 uL into A1 of Destination 2 on 6 at 6.0 uL/sec
	Aspirating 5.0 uL from A1 of Destination 2 on 6 at 3.0 uL/sec
	Dispensing 5.0 uL into A1 of Destination 2 on 6 at 6.0 uL/sec
	Aspirating 5.0 uL from A1 of Destination 2 on 6 at 3.0 uL/sec
	Dispensing 5.0 uL into A1 of Destination 2 on 6 at 6.0 uL/sec
	Aspirating 5.0 uL from A1 of Destination 2 on 6 at 3.0 uL/sec
	Dispensing 5.0 uL into A1 of Destination 2 on 6 at 6.0 uL/sec
Blowing out at A1 of Destination 2 on 6
Dropping tip into A1 of Opentrons Fixed Trash on 12
Picking up tip from A2 of Opentrons OT-2 96 Filter Tip Rack 10 µL on 10
Transferring 5.0 from A1 of NEST 12 Well Reservoir 15 mL on 9 to A2 of Destination 2 on 6
	Aspirating 5.0 uL from A1 of NEST 12 Well Reservoir 15 mL on 9 at 3.0 uL/sec
	Dispensing 5.0 uL into A2 of Destination 2 on 6 at 6.0 uL/sec
Mixing 10 times with a volume of 5.0 ul
	Aspirating 5.0 uL from A2 of Destination 2 on 6 at 3.0 uL/sec
	Dispensing 5.0 uL into A2 of Destination 2 on 6 at 6.0 uL/sec
	Aspirating 5.0 uL from A2 of Destination 2 on 6 at 3.0 uL/sec
	Dispensing 5.0 uL into A2 of Destination 2 on 6 at 6.0 uL/sec
	Aspirating 5.0 uL from A2 of Destination 2 on 6 at 3.0 uL/sec
	Dispensing 5.0 uL into A2 of Destination 2 on 6 at 6.0 uL/sec
	Aspirating 5.0 uL from A2 of Destination 2 on 6 at 3.0 uL/sec
	Dispensing 5.0 uL into A2 of Destination 2 on 6 at 6.0 uL/sec
	Aspirating 5.0 uL from A2 of Destination 2 on 6 at 3.0 uL/sec
	Dispensing 5.0 uL into A2 of Destination 2 on 6 at 6.0 uL/sec
	Aspirating 5.0 uL from A2 of Destination 2 on 6 at 3.0 uL/sec
	Dispensing 5.0 uL into A2 of Destination 2 on 6 at 6.0 uL/sec
	Aspirating 5.0 uL from A2 of Destination 2 on 6 at 3.0 uL/sec
	Dispensing 5.0 uL into A2 of Destination 2 on 6 at 6.0 uL/sec
	Aspirating 5.0 uL from A2 of Destination 2 on 6 at 3.0 uL/sec
	Dispensing 5.0 uL into A2 of Destination 2 on 6 at 6.0 uL/sec
	Aspirating 5.0 uL from A2 of Destination 2 on 6 at 3.0 uL/sec
	Dispensing 5.0 uL into A2 of Destination 2 on 6 at 6.0 uL/sec
	Aspirating 5.0 uL from A2 of Destination 2 on 6 at 3.0 uL/sec
	Dispensing 5.0 uL into A2 of Destination 2 on 6 at 6.0 uL/sec
Blowing out at A2 of Destination 2 on 6
Dropping tip into A1 of Opentrons Fixed Trash on 12
Picking up tip from A3 of Opentrons OT-2 96 Filter Tip Rack 10 µL on 10
Transferring 5.0 from A1 of NEST 12 Well Reservoir 15 mL on 9 to A3 of Destination 2 on 6
	Aspirating 5.0 uL from A1 of NEST 12 Well Reservoir 15 mL on 9 at 3.0 uL/sec
	Dispensing 5.0 uL into A3 of Destination 2 on 6 at 6.0 uL/sec
Mixing 10 times with a volume of 5.0 ul
	Aspirating 5.0 uL from A3 of Destination 2 on 6 at 3.0 uL/sec
	Dispensing 5.0 uL into A3 of Destination 2 on 6 at 6.0 uL/sec
	Aspirating 5.0 uL from A3 of Destination 2 on 6 at 3.0 uL/sec
	Dispensing 5.0 uL into A3 of Destination 2 on 6 at 6.0 uL/sec
	Aspirating 5.0 uL from A3 of Destination 2 on 6 at 3.0 uL/sec
	Dispensing 5.0 uL into A3 of Destination 2 on 6 at 6.0 uL/sec
	Aspirating 5.0 uL from A3 of Destination 2 on 6 at 3.0 uL/sec
	Dispensing 5.0 uL into A3 of Destination 2 on 6 at 6.0 uL/sec
	Aspirating 5.0 uL from A3 of Destination 2 on 6 at 3.0 uL/sec
	Dispensing 5.0 uL into A3 of Destination 2 on 6 at 6.0 uL/sec
	Aspirating 5.0 uL from A3 of Destination 2 on 6 at 3.0 uL/sec
	Dispensing 5.0 uL into A3 of Destination 2 on 6 at 6.0 uL/sec
	Aspirating 5.0 uL from A3 of Destination 2 on 6 at 3.0 uL/sec
	Dispensing 5.0 uL into A3 of Destination 2 on 6 at 6.0 uL/sec
	Aspirating 5.0 uL from A3 of Destination 2 on 6 at 3.0 uL/sec
	Dispensing 5.0 uL into A3 of Destination 2 on 6 at 6.0 uL/sec
	Aspirating 5.0 uL from A3 of Destination 2 on 6 at 3.0 uL/sec
	Dispensing 5.0 uL into A3 of Destination 2 on 6 at 6.0 uL/sec
	Aspirating 5.0 uL from A3 of Destination 2 on 6 at 3.0 uL/sec
	Dispensing 5.0 uL into A3 of Destination 2 on 6 at 6.0 uL/sec
Blowing out at A3 of Destination 2 on 6
Dropping tip into A1 of Opentrons Fixed Trash on 12
Picking up tip from A4 of Opentrons OT-2 96 Filter Tip Rack 10 µL on 10
Transferring 5.0 from A1 of NEST 12 Well Reservoir 15 mL on 9 to A4 of Destination 2 on 6
	Aspirating 5.0 uL from A1 of NEST 12 Well Reservoir 15 mL on 9 at 3.0 uL/sec
	Dispensing 5.0 uL into A4 of Destination 2 on 6 at 6.0 uL/sec
Mixing 10 times with a volume of 5.0 ul
	Aspirating 5.0 uL from A4 of Destination 2 on 6 at 3.0 uL/sec
	Dispensing 5.0 uL into A4 of Destination 2 on 6 at 6.0 uL/sec
	Aspirating 5.0 uL from A4 of Destination 2 on 6 at 3.0 uL/sec
	Dispensing 5.0 uL into A4 of Destination 2 on 6 at 6.0 uL/sec
	Aspirating 5.0 uL from A4 of Destination 2 on 6 at 3.0 uL/sec
	Dispensing 5.0 uL into A4 of Destination 2 on 6 at 6.0 uL/sec
	Aspirating 5.0 uL from A4 of Destination 2 on 6 at 3.0 uL/sec
	Dispensing 5.0 uL into A4 of Destination 2 on 6 at 6.0 uL/sec
	Aspirating 5.0 uL from A4 of Destination 2 on 6 at 3.0 uL/sec
	Dispensing 5.0 uL into A4 of Destination 2 on 6 at 6.0 uL/sec
	Aspirating 5.0 uL from A4 of Destination 2 on 6 at 3.0 uL/sec
	Dispensing 5.0 uL into A4 of Destination 2 on 6 at 6.0 uL/sec
	Aspirating 5.0 uL from A4 of Destination 2 on 6 at 3.0 uL/sec
	Dispensing 5.0 uL into A4 of Destination 2 on 6 at 6.0 uL/sec
	Aspirating 5.0 uL from A4 of Destination 2 on 6 at 3.0 uL/sec
	Dispensing 5.0 uL into A4 of Destination 2 on 6 at 6.0 uL/sec
	Aspirating 5.0 uL from A4 of Destination 2 on 6 at 3.0 uL/sec
	Dispensing 5.0 uL into A4 of Destination 2 on 6 at 6.0 uL/sec
	Aspirating 5.0 uL from A4 of Destination 2 on 6 at 3.0 uL/sec
	Dispensing 5.0 uL into A4 of Destination 2 on 6 at 6.0 uL/sec
Blowing out at A4 of Destination 2 on 6
Dropping tip into A1 of Opentrons Fixed Trash on 12
Picking up tip from A5 of Opentrons OT-2 96 Filter Tip Rack 10 µL on 10
Transferring 5.0 from A1 of NEST 12 Well Reservoir 15 mL on 9 to A5 of Destination 2 on 6
	Aspirating 5.0 uL from A1 of NEST 12 Well Reservoir 15 mL on 9 at 3.0 uL/sec
	Dispensing 5.0 uL into A5 of Destination 2 on 6 at 6.0 uL/sec
Mixing 10 times with a volume of 5.0 ul
	Aspirating 5.0 uL from A5 of Destination 2 on 6 at 3.0 uL/sec
	Dispensing 5.0 uL into A5 of Destination 2 on 6 at 6.0 uL/sec
	Aspirating 5.0 uL from A5 of Destination 2 on 6 at 3.0 uL/sec
	Dispensing 5.0 uL into A5 of Destination 2 on 6 at 6.0 uL/sec
	Aspirating 5.0 uL from A5 of Destination 2 on 6 at 3.0 uL/sec
	Dispensing 5.0 uL into A5 of Destination 2 on 6 at 6.0 uL/sec
	Aspirating 5.0 uL from A5 of Destination 2 on 6 at 3.0 uL/sec
	Dispensing 5.0 uL into A5 of Destination 2 on 6 at 6.0 uL/sec
	Aspirating 5.0 uL from A5 of Destination 2 on 6 at 3.0 uL/sec
	Dispensing 5.0 uL into A5 of Destination 2 on 6 at 6.0 uL/sec
	Aspirating 5.0 uL from A5 of Destination 2 on 6 at 3.0 uL/sec
	Dispensing 5.0 uL into A5 of Destination 2 on 6 at 6.0 uL/sec
	Aspirating 5.0 uL from A5 of Destination 2 on 6 at 3.0 uL/sec
	Dispensing 5.0 uL into A5 of Destination 2 on 6 at 6.0 uL/sec
	Aspirating 5.0 uL from A5 of Destination 2 on 6 at 3.0 uL/sec
	Dispensing 5.0 uL into A5 of Destination 2 on 6 at 6.0 uL/sec
	Aspirating 5.0 uL from A5 of Destination 2 on 6 at 3.0 uL/sec
	Dispensing 5.0 uL into A5 of Destination 2 on 6 at 6.0 uL/sec
	Aspirating 5.0 uL from A5 of Destination 2 on 6 at 3.0 uL/sec
	Dispensing 5.0 uL into A5 of Destination 2 on 6 at 6.0 uL/sec
Blowing out at A5 of Destination 2 on 6
Dropping tip into A1 of Opentrons Fixed Trash on 12
Picking up tip from A6 of Opentrons OT-2 96 Filter Tip Rack 10 µL on 10
Transferring 5.0 from A1 of NEST 12 Well Reservoir 15 mL on 9 to A6 of Destination 2 on 6
	Aspirating 5.0 uL from A1 of NEST 12 Well Reservoir 15 mL on 9 at 3.0 uL/sec
	Dispensing 5.0 uL into A6 of Destination 2 on 6 at 6.0 uL/sec
Mixing 10 times with a volume of 5.0 ul
	Aspirating 5.0 uL from A6 of Destination 2 on 6 at 3.0 uL/sec
	Dispensing 5.0 uL into A6 of Destination 2 on 6 at 6.0 uL/sec
	Aspirating 5.0 uL from A6 of Destination 2 on 6 at 3.0 uL/sec
	Dispensing 5.0 uL into A6 of Destination 2 on 6 at 6.0 uL/sec
	Aspirating 5.0 uL from A6 of Destination 2 on 6 at 3.0 uL/sec
	Dispensing 5.0 uL into A6 of Destination 2 on 6 at 6.0 uL/sec
	Aspirating 5.0 uL from A6 of Destination 2 on 6 at 3.0 uL/sec
	Dispensing 5.0 uL into A6 of Destination 2 on 6 at 6.0 uL/sec
	Aspirating 5.0 uL from A6 of Destination 2 on 6 at 3.0 uL/sec
	Dispensing 5.0 uL into A6 of Destination 2 on 6 at 6.0 uL/sec
	Aspirating 5.0 uL from A6 of Destination 2 on 6 at 3.0 uL/sec
	Dispensing 5.0 uL into A6 of Destination 2 on 6 at 6.0 uL/sec
	Aspirating 5.0 uL from A6 of Destination 2 on 6 at 3.0 uL/sec
	Dispensing 5.0 uL into A6 of Destination 2 on 6 at 6.0 uL/sec
	Aspirating 5.0 uL from A6 of Destination 2 on 6 at 3.0 uL/sec
	Dispensing 5.0 uL into A6 of Destination 2 on 6 at 6.0 uL/sec
	Aspirating 5.0 uL from A6 of Destination 2 on 6 at 3.0 uL/sec
	Dispensing 5.0 uL into A6 of Destination 2 on 6 at 6.0 uL/sec
	Aspirating 5.0 uL from A6 of Destination 2 on 6 at 3.0 uL/sec
	Dispensing 5.0 uL into A6 of Destination 2 on 6 at 6.0 uL/sec
Blowing out at A6 of Destination 2 on 6
Dropping tip into A1 of Opentrons Fixed Trash on 12
Picking up tip from A7 of Opentrons OT-2 96 Filter Tip Rack 10 µL on 10
Transferring 5.0 from A1 of NEST 12 Well Reservoir 15 mL on 9 to A7 of Destination 2 on 6
	Aspirating 5.0 uL from A1 of NEST 12 Well Reservoir 15 mL on 9 at 3.0 uL/sec
	Dispensing 5.0 uL into A7 of Destination 2 on 6 at 6.0 uL/sec
Mixing 10 times with a volume of 5.0 ul
	Aspirating 5.0 uL from A7 of Destination 2 on 6 at 3.0 uL/sec
	Dispensing 5.0 uL into A7 of Destination 2 on 6 at 6.0 uL/sec
	Aspirating 5.0 uL from A7 of Destination 2 on 6 at 3.0 uL/sec
	Dispensing 5.0 uL into A7 of Destination 2 on 6 at 6.0 uL/sec
	Aspirating 5.0 uL from A7 of Destination 2 on 6 at 3.0 uL/sec
	Dispensing 5.0 uL into A7 of Destination 2 on 6 at 6.0 uL/sec
	Aspirating 5.0 uL from A7 of Destination 2 on 6 at 3.0 uL/sec
	Dispensing 5.0 uL into A7 of Destination 2 on 6 at 6.0 uL/sec
	Aspirating 5.0 uL from A7 of Destination 2 on 6 at 3.0 uL/sec
	Dispensing 5.0 uL into A7 of Destination 2 on 6 at 6.0 uL/sec
	Aspirating 5.0 uL from A7 of Destination 2 on 6 at 3.0 uL/sec
	Dispensing 5.0 uL into A7 of Destination 2 on 6 at 6.0 uL/sec
	Aspirating 5.0 uL from A7 of Destination 2 on 6 at 3.0 uL/sec
	Dispensing 5.0 uL into A7 of Destination 2 on 6 at 6.0 uL/sec
	Aspirating 5.0 uL from A7 of Destination 2 on 6 at 3.0 uL/sec
	Dispensing 5.0 uL into A7 of Destination 2 on 6 at 6.0 uL/sec
	Aspirating 5.0 uL from A7 of Destination 2 on 6 at 3.0 uL/sec
	Dispensing 5.0 uL into A7 of Destination 2 on 6 at 6.0 uL/sec
	Aspirating 5.0 uL from A7 of Destination 2 on 6 at 3.0 uL/sec
	Dispensing 5.0 uL into A7 of Destination 2 on 6 at 6.0 uL/sec
Blowing out at A7 of Destination 2 on 6
Dropping tip into A1 of Opentrons Fixed Trash on 12
Picking up tip from A8 of Opentrons OT-2 96 Filter Tip Rack 10 µL on 10
Transferring 5.0 from A1 of NEST 12 Well Reservoir 15 mL on 9 to A8 of Destination 2 on 6
	Aspirating 5.0 uL from A1 of NEST 12 Well Reservoir 15 mL on 9 at 3.0 uL/sec
	Dispensing 5.0 uL into A8 of Destination 2 on 6 at 6.0 uL/sec
Mixing 10 times with a volume of 5.0 ul
	Aspirating 5.0 uL from A8 of Destination 2 on 6 at 3.0 uL/sec
	Dispensing 5.0 uL into A8 of Destination 2 on 6 at 6.0 uL/sec
	Aspirating 5.0 uL from A8 of Destination 2 on 6 at 3.0 uL/sec
	Dispensing 5.0 uL into A8 of Destination 2 on 6 at 6.0 uL/sec
	Aspirating 5.0 uL from A8 of Destination 2 on 6 at 3.0 uL/sec
	Dispensing 5.0 uL into A8 of Destination 2 on 6 at 6.0 uL/sec
	Aspirating 5.0 uL from A8 of Destination 2 on 6 at 3.0 uL/sec
	Dispensing 5.0 uL into A8 of Destination 2 on 6 at 6.0 uL/sec
	Aspirating 5.0 uL from A8 of Destination 2 on 6 at 3.0 uL/sec
	Dispensing 5.0 uL into A8 of Destination 2 on 6 at 6.0 uL/sec
	Aspirating 5.0 uL from A8 of Destination 2 on 6 at 3.0 uL/sec
	Dispensing 5.0 uL into A8 of Destination 2 on 6 at 6.0 uL/sec
	Aspirating 5.0 uL from A8 of Destination 2 on 6 at 3.0 uL/sec
	Dispensing 5.0 uL into A8 of Destination 2 on 6 at 6.0 uL/sec
	Aspirating 5.0 uL from A8 of Destination 2 on 6 at 3.0 uL/sec
	Dispensing 5.0 uL into A8 of Destination 2 on 6 at 6.0 uL/sec
	Aspirating 5.0 uL from A8 of Destination 2 on 6 at 3.0 uL/sec
	Dispensing 5.0 uL into A8 of Destination 2 on 6 at 6.0 uL/sec
	Aspirating 5.0 uL from A8 of Destination 2 on 6 at 3.0 uL/sec
	Dispensing 5.0 uL into A8 of Destination 2 on 6 at 6.0 uL/sec
Blowing out at A8 of Destination 2 on 6
Dropping tip into A1 of Opentrons Fixed Trash on 12
Picking up tip from A9 of Opentrons OT-2 96 Filter Tip Rack 10 µL on 10
Transferring 5.0 from A1 of NEST 12 Well Reservoir 15 mL on 9 to A9 of Destination 2 on 6
	Aspirating 5.0 uL from A1 of NEST 12 Well Reservoir 15 mL on 9 at 3.0 uL/sec
	Dispensing 5.0 uL into A9 of Destination 2 on 6 at 6.0 uL/sec
Mixing 10 times with a volume of 5.0 ul
	Aspirating 5.0 uL from A9 of Destination 2 on 6 at 3.0 uL/sec
	Dispensing 5.0 uL into A9 of Destination 2 on 6 at 6.0 uL/sec
	Aspirating 5.0 uL from A9 of Destination 2 on 6 at 3.0 uL/sec
	Dispensing 5.0 uL into A9 of Destination 2 on 6 at 6.0 uL/sec
	Aspirating 5.0 uL from A9 of Destination 2 on 6 at 3.0 uL/sec
	Dispensing 5.0 uL into A9 of Destination 2 on 6 at 6.0 uL/sec
	Aspirating 5.0 uL from A9 of Destination 2 on 6 at 3.0 uL/sec
	Dispensing 5.0 uL into A9 of Destination 2 on 6 at 6.0 uL/sec
	Aspirating 5.0 uL from A9 of Destination 2 on 6 at 3.0 uL/sec
	Dispensing 5.0 uL into A9 of Destination 2 on 6 at 6.0 uL/sec
	Aspirating 5.0 uL from A9 of Destination 2 on 6 at 3.0 uL/sec
	Dispensing 5.0 uL into A9 of Destination 2 on 6 at 6.0 uL/sec
	Aspirating 5.0 uL from A9 of Destination 2 on 6 at 3.0 uL/sec
	Dispensing 5.0 uL into A9 of Destination 2 on 6 at 6.0 uL/sec
	Aspirating 5.0 uL from A9 of Destination 2 on 6 at 3.0 uL/sec
	Dispensing 5.0 uL into A9 of Destination 2 on 6 at 6.0 uL/sec
	Aspirating 5.0 uL from A9 of Destination 2 on 6 at 3.0 uL/sec
	Dispensing 5.0 uL into A9 of Destination 2 on 6 at 6.0 uL/sec
	Aspirating 5.0 uL from A9 of Destination 2 on 6 at 3.0 uL/sec
	Dispensing 5.0 uL into A9 of Destination 2 on 6 at 6.0 uL/sec
Blowing out at A9 of Destination 2 on 6
Dropping tip into A1 of Opentrons Fixed Trash on 12
Picking up tip from A10 of Opentrons OT-2 96 Filter Tip Rack 10 µL on 10
Transferring 5.0 from A1 of NEST 12 Well Reservoir 15 mL on 9 to A10 of Destination 2 on 6
	Aspirating 5.0 uL from A1 of NEST 12 Well Reservoir 15 mL on 9 at 3.0 uL/sec
	Dispensing 5.0 uL into A10 of Destination 2 on 6 at 6.0 uL/sec
Mixing 10 times with a volume of 5.0 ul
	Aspirating 5.0 uL from A10 of Destination 2 on 6 at 3.0 uL/sec
	Dispensing 5.0 uL into A10 of Destination 2 on 6 at 6.0 uL/sec
	Aspirating 5.0 uL from A10 of Destination 2 on 6 at 3.0 uL/sec
	Dispensing 5.0 uL into A10 of Destination 2 on 6 at 6.0 uL/sec
	Aspirating 5.0 uL from A10 of Destination 2 on 6 at 3.0 uL/sec
	Dispensing 5.0 uL into A10 of Destination 2 on 6 at 6.0 uL/sec
	Aspirating 5.0 uL from A10 of Destination 2 on 6 at 3.0 uL/sec
	Dispensing 5.0 uL into A10 of Destination 2 on 6 at 6.0 uL/sec
	Aspirating 5.0 uL from A10 of Destination 2 on 6 at 3.0 uL/sec
	Dispensing 5.0 uL into A10 of Destination 2 on 6 at 6.0 uL/sec
	Aspirating 5.0 uL from A10 of Destination 2 on 6 at 3.0 uL/sec
	Dispensing 5.0 uL into A10 of Destination 2 on 6 at 6.0 uL/sec
	Aspirating 5.0 uL from A10 of Destination 2 on 6 at 3.0 uL/sec
	Dispensing 5.0 uL into A10 of Destination 2 on 6 at 6.0 uL/sec
	Aspirating 5.0 uL from A10 of Destination 2 on 6 at 3.0 uL/sec
	Dispensing 5.0 uL into A10 of Destination 2 on 6 at 6.0 uL/sec
	Aspirating 5.0 uL from A10 of Destination 2 on 6 at 3.0 uL/sec
	Dispensing 5.0 uL into A10 of Destination 2 on 6 at 6.0 uL/sec
	Aspirating 5.0 uL from A10 of Destination 2 on 6 at 3.0 uL/sec
	Dispensing 5.0 uL into A10 of Destination 2 on 6 at 6.0 uL/sec
Blowing out at A10 of Destination 2 on 6
Dropping tip into A1 of Opentrons Fixed Trash on 12
Picking up tip from A11 of Opentrons OT-2 96 Filter Tip Rack 10 µL on 10
Transferring 5.0 from A1 of NEST 12 Well Reservoir 15 mL on 9 to A11 of Destination 2 on 6
	Aspirating 5.0 uL from A1 of NEST 12 Well Reservoir 15 mL on 9 at 3.0 uL/sec
	Dispensing 5.0 uL into A11 of Destination 2 on 6 at 6.0 uL/sec
Mixing 10 times with a volume of 5.0 ul
	Aspirating 5.0 uL from A11 of Destination 2 on 6 at 3.0 uL/sec
	Dispensing 5.0 uL into A11 of Destination 2 on 6 at 6.0 uL/sec
	Aspirating 5.0 uL from A11 of Destination 2 on 6 at 3.0 uL/sec
	Dispensing 5.0 uL into A11 of Destination 2 on 6 at 6.0 uL/sec
	Aspirating 5.0 uL from A11 of Destination 2 on 6 at 3.0 uL/sec
	Dispensing 5.0 uL into A11 of Destination 2 on 6 at 6.0 uL/sec
	Aspirating 5.0 uL from A11 of Destination 2 on 6 at 3.0 uL/sec
	Dispensing 5.0 uL into A11 of Destination 2 on 6 at 6.0 uL/sec
	Aspirating 5.0 uL from A11 of Destination 2 on 6 at 3.0 uL/sec
	Dispensing 5.0 uL into A11 of Destination 2 on 6 at 6.0 uL/sec
	Aspirating 5.0 uL from A11 of Destination 2 on 6 at 3.0 uL/sec
	Dispensing 5.0 uL into A11 of Destination 2 on 6 at 6.0 uL/sec
	Aspirating 5.0 uL from A11 of Destination 2 on 6 at 3.0 uL/sec
	Dispensing 5.0 uL into A11 of Destination 2 on 6 at 6.0 uL/sec
	Aspirating 5.0 uL from A11 of Destination 2 on 6 at 3.0 uL/sec
	Dispensing 5.0 uL into A11 of Destination 2 on 6 at 6.0 uL/sec
	Aspirating 5.0 uL from A11 of Destination 2 on 6 at 3.0 uL/sec
	Dispensing 5.0 uL into A11 of Destination 2 on 6 at 6.0 uL/sec
	Aspirating 5.0 uL from A11 of Destination 2 on 6 at 3.0 uL/sec
	Dispensing 5.0 uL into A11 of Destination 2 on 6 at 6.0 uL/sec
Blowing out at A11 of Destination 2 on 6
Dropping tip into A1 of Opentrons Fixed Trash on 12
Picking up tip from A12 of Opentrons OT-2 96 Filter Tip Rack 10 µL on 10
Transferring 5.0 from A1 of NEST 12 Well Reservoir 15 mL on 9 to A12 of Destination 2 on 6
	Aspirating 5.0 uL from A1 of NEST 12 Well Reservoir 15 mL on 9 at 3.0 uL/sec
	Dispensing 5.0 uL into A12 of Destination 2 on 6 at 6.0 uL/sec
Mixing 10 times with a volume of 5.0 ul
	Aspirating 5.0 uL from A12 of Destination 2 on 6 at 3.0 uL/sec
	Dispensing 5.0 uL into A12 of Destination 2 on 6 at 6.0 uL/sec
	Aspirating 5.0 uL from A12 of Destination 2 on 6 at 3.0 uL/sec
	Dispensing 5.0 uL into A12 of Destination 2 on 6 at 6.0 uL/sec
	Aspirating 5.0 uL from A12 of Destination 2 on 6 at 3.0 uL/sec
	Dispensing 5.0 uL into A12 of Destination 2 on 6 at 6.0 uL/sec
	Aspirating 5.0 uL from A12 of Destination 2 on 6 at 3.0 uL/sec
	Dispensing 5.0 uL into A12 of Destination 2 on 6 at 6.0 uL/sec
	Aspirating 5.0 uL from A12 of Destination 2 on 6 at 3.0 uL/sec
	Dispensing 5.0 uL into A12 of Destination 2 on 6 at 6.0 uL/sec
	Aspirating 5.0 uL from A12 of Destination 2 on 6 at 3.0 uL/sec
	Dispensing 5.0 uL into A12 of Destination 2 on 6 at 6.0 uL/sec
	Aspirating 5.0 uL from A12 of Destination 2 on 6 at 3.0 uL/sec
	Dispensing 5.0 uL into A12 of Destination 2 on 6 at 6.0 uL/sec
	Aspirating 5.0 uL from A12 of Destination 2 on 6 at 3.0 uL/sec
	Dispensing 5.0 uL into A12 of Destination 2 on 6 at 6.0 uL/sec
	Aspirating 5.0 uL from A12 of Destination 2 on 6 at 3.0 uL/sec
	Dispensing 5.0 uL into A12 of Destination 2 on 6 at 6.0 uL/sec
	Aspirating 5.0 uL from A12 of Destination 2 on 6 at 3.0 uL/sec
	Dispensing 5.0 uL into A12 of Destination 2 on 6 at 6.0 uL/sec
Blowing out at A12 of Destination 2 on 6
Dropping tip into A1 of Opentrons Fixed Trash on 12
Part 1 now complete. Seal plates in slots 3 and 6,     pulse-spin, and run on thermal cycler.
Caught exception: {'message': 'Task was destroyed but it is pending!', 'task': <Task pending name='Task-4' coro=<Poller._poll_forever() running at /Users/dp/Desktop/project/github/opentrons/venv/lib/python3.10/site-packages/opentrons/hardware_control/poller.py:80> wait_for=<Future pending cb=[Task.task_wakeup()]>>}
Caught exception: {'message': 'Task was destroyed but it is pending!', 'task': <Task pending name='Task-3' coro=<Poller._poll_forever() running at /Users/dp/Desktop/project/github/opentrons/venv/lib/python3.10/site-packages/opentrons/hardware_control/poller.py:80> wait_for=<Future pending cb=[Task.task_wakeup()]>>}
Caught exception: {'message': 'Task was destroyed but it is pending!', 'task': <Task pending name='Task-2' coro=<Poller._poll_forever() running at /Users/dp/Desktop/project/github/opentrons/venv/lib/python3.10/site-packages/opentrons/hardware_control/poller.py:80> wait_for=<Future pending cb=[Task.task_wakeup()]>>}
