/Users/dp/Desktop/project/github/opentrons/venv/lib/python3.10/site-packages/opentrons/hardware_control/simulator_setup.py:205: UserWarning: Simulator configuration does not name a machine, defaulting to OT-2 Standard
  warn(
/Users/dp/.opentrons/robot_settings.json not found. Loading defaults
Deck calibration not found.
/Users/dp/.opentrons/deck_calibration.json not found. Loading defaults
Setting Temperature Module temperature to 4.0 °C (rounded off to nearest integer)
Setting Temperature Module temperature to 4.0 °C (rounded off to nearest integer)
Disengaging Magnetic Module

~~~~~~~~~~~~~~ADDING SAMPLES TO MAG PLATE~~~~~~~~~~~~~~

Picking up tip from A1 of Opentrons OT-2 96 Filter Tip Rack 20 µL on 3
Aspirating 10.0 uL from A1 of Diluted RNA plate on Temperature Module GEN2 on 7 at 7.6 uL/sec
Dispensing 10.0 uL into A1 of Extraction Plate on Magnetic Module GEN2 on 4 at 7.6 uL/sec
Dropping tip into A1 of Opentrons Fixed Trash on 12

~~~~~~~~~~~~~~ADDING BEADS TO SAMPLES~~~~~~~~~~~~~~

Picking up tip from A2 of Opentrons OT-2 96 Filter Tip Rack 20 µL on 3
Moving to A1 of Bio-Rad 96 Well Plate 200 µL PCR on 1
Aspirating 13.5 uL from A1 of Bio-Rad 96 Well Plate 200 µL PCR on 1 at 15.2 uL/sec
Dispensing 13.5 uL into A1 of Bio-Rad 96 Well Plate 200 µL PCR on 1 at 15.2 uL/sec
Aspirating 13.5 uL from A1 of Bio-Rad 96 Well Plate 200 µL PCR on 1 at 15.2 uL/sec
Dispensing 13.5 uL into A1 of Bio-Rad 96 Well Plate 200 µL PCR on 1 at 15.2 uL/sec
Aspirating 13.5 uL from A1 of Bio-Rad 96 Well Plate 200 µL PCR on 1 at 15.2 uL/sec
Dispensing 13.5 uL into A1 of Bio-Rad 96 Well Plate 200 µL PCR on 1 at 15.2 uL/sec
Aspirating 13.5 uL from A1 of Bio-Rad 96 Well Plate 200 µL PCR on 1 at 15.2 uL/sec
Dispensing 13.5 uL into A1 of Bio-Rad 96 Well Plate 200 µL PCR on 1 at 15.2 uL/sec
Aspirating 13.5 uL from A1 of Bio-Rad 96 Well Plate 200 µL PCR on 1 at 15.2 uL/sec
Dispensing 13.5 uL into A1 of Bio-Rad 96 Well Plate 200 µL PCR on 1 at 15.2 uL/sec
Aspirating 13.5 uL from A1 of Bio-Rad 96 Well Plate 200 µL PCR on 1 at 15.2 uL/sec
Dispensing 13.5 uL into A1 of Bio-Rad 96 Well Plate 200 µL PCR on 1 at 15.2 uL/sec
Aspirating 13.5 uL from A1 of Bio-Rad 96 Well Plate 200 µL PCR on 1 at 15.2 uL/sec
Dispensing 13.5 uL into A1 of Bio-Rad 96 Well Plate 200 µL PCR on 1 at 15.2 uL/sec
Aspirating 13.5 uL from A1 of Bio-Rad 96 Well Plate 200 µL PCR on 1 at 15.2 uL/sec
Dispensing 13.5 uL into A1 of Bio-Rad 96 Well Plate 200 µL PCR on 1 at 15.2 uL/sec
Aspirating 13.5 uL from A1 of Bio-Rad 96 Well Plate 200 µL PCR on 1 at 15.2 uL/sec
Dispensing 13.5 uL into A1 of Bio-Rad 96 Well Plate 200 µL PCR on 1 at 15.2 uL/sec
Aspirating 13.5 uL from A1 of Bio-Rad 96 Well Plate 200 µL PCR on 1 at 15.2 uL/sec
Dispensing 13.5 uL into A1 of Bio-Rad 96 Well Plate 200 µL PCR on 1 at 15.2 uL/sec
Aspirating 19.5 uL from A1 of Bio-Rad 96 Well Plate 200 µL PCR on 1 at 3.8 uL/sec
Delaying for 0 minutes and 1.0 seconds
Moving to A1 of Bio-Rad 96 Well Plate 200 µL PCR on 1
Dispensing 19.5 uL into A1 of Extraction Plate on Magnetic Module GEN2 on 4 at 3.8 uL/sec
Moving to A1 of Extraction Plate on Magnetic Module GEN2 on 4
Aspirating 13.5 uL from A1 of Extraction Plate on Magnetic Module GEN2 on 4 at 15.2 uL/sec
Dispensing 13.5 uL into A1 of Extraction Plate on Magnetic Module GEN2 on 4 at 15.2 uL/sec
Aspirating 13.5 uL from A1 of Extraction Plate on Magnetic Module GEN2 on 4 at 15.2 uL/sec
Dispensing 13.5 uL into A1 of Extraction Plate on Magnetic Module GEN2 on 4 at 15.2 uL/sec
Aspirating 13.5 uL from A1 of Extraction Plate on Magnetic Module GEN2 on 4 at 15.2 uL/sec
Dispensing 13.5 uL into A1 of Extraction Plate on Magnetic Module GEN2 on 4 at 15.2 uL/sec
Aspirating 13.5 uL from A1 of Extraction Plate on Magnetic Module GEN2 on 4 at 15.2 uL/sec
Dispensing 13.5 uL into A1 of Extraction Plate on Magnetic Module GEN2 on 4 at 15.2 uL/sec
Aspirating 13.5 uL from A1 of Extraction Plate on Magnetic Module GEN2 on 4 at 15.2 uL/sec
Dispensing 13.5 uL into A1 of Extraction Plate on Magnetic Module GEN2 on 4 at 15.2 uL/sec
Aspirating 13.5 uL from A1 of Extraction Plate on Magnetic Module GEN2 on 4 at 15.2 uL/sec
Dispensing 13.5 uL into A1 of Extraction Plate on Magnetic Module GEN2 on 4 at 15.2 uL/sec
Blowing out at A1 of Extraction Plate on Magnetic Module GEN2 on 4
Aspirating 1.0 uL from A1 of Extraction Plate on Magnetic Module GEN2 on 4 at 7.6 uL/sec
Delaying for 0 minutes and 10.0 seconds
Aspirating 1.0 uL from A1 of Extraction Plate on Magnetic Module GEN2 on 4 at 7.6 uL/sec
Dropping tip into A1 of Opentrons Fixed Trash on 12
Pausing robot operation: Remove Plate and Centrifuge, place back on deck at site 4, on the magnetic module

~~~~~~~~~~~~~~INCUBATING SAMPLES WITH BEADS~~~~~~~~~~~~~

Engaging Magnetic Module

~~~~~~~~~~~~~~SEPARATING BEADS~~~~~~~~~~~~~

Delaying for 2 minutes and 0.0 seconds

~~~~~~~~~~~~~~REMOVING SUPERNATANT~~~~~~~~~~~~~

Picking up tip from A3 of Opentrons OT-2 96 Filter Tip Rack 20 µL on 3
Moving to A1 of Extraction Plate on Magnetic Module GEN2 on 4
Aspirating 9.75 uL from A1 of Extraction Plate on Magnetic Module GEN2 on 4 at 0.76 uL/sec
Delaying for 0 minutes and 1.0 seconds
Moving to A1 of Extraction Plate on Magnetic Module GEN2 on 4
Aspirating 1.5 uL from A1 of Extraction Plate on Magnetic Module GEN2 on 4 at 7.6 uL/sec
Dispensing 11.25 uL into A10 of Water reservoir on 2 at 7.6 uL/sec
Blowing out at A10 of Water reservoir on 2
Air gap
	Aspirating 1.0 uL from A10 of Water reservoir on 2 at 7.6 uL/sec
Delaying for 0 minutes and 10.0 seconds
Air gap
	Aspirating 1.0 uL from A10 of Water reservoir on 2 at 7.6 uL/sec
Moving to A1 of Extraction Plate on Magnetic Module GEN2 on 4
Aspirating 9.75 uL from A1 of Extraction Plate on Magnetic Module GEN2 on 4 at 0.76 uL/sec
Delaying for 0 minutes and 1.0 seconds
Moving to A1 of Extraction Plate on Magnetic Module GEN2 on 4
Aspirating 1.5 uL from A1 of Extraction Plate on Magnetic Module GEN2 on 4 at 7.6 uL/sec
Dispensing 13.25 uL into A10 of Water reservoir on 2 at 7.6 uL/sec
Blowing out at A10 of Water reservoir on 2
Air gap
	Aspirating 1.0 uL from A10 of Water reservoir on 2 at 7.6 uL/sec
Delaying for 0 minutes and 10.0 seconds
Air gap
	Aspirating 1.0 uL from A10 of Water reservoir on 2 at 7.6 uL/sec
Dropping tip into A1 of Opentrons Fixed Trash on 12

~~~~~~~~~~~~~~ADDING Water TO SAMPLES~~~~~~~~~~~~~~

Picking up tip from A4 of Opentrons OT-2 96 Filter Tip Rack 20 µL on 3
Aspirating 15.0 uL from A1 of Water reservoir on 2 at 7.6 uL/sec
Dispensing 15.0 uL into A1 of Extraction Plate on Magnetic Module GEN2 on 4 at 7.6 uL/sec
Dropping tip into A1 of Opentrons Fixed Trash on 12

~~~ADDING QIAseq Bead Binding Buffer TO SAMPLES~~~~~~~

Picking up tip from A5 of Opentrons OT-2 96 Filter Tip Rack 20 µL on 3
Aspirating 19.5 uL from A2 of Water reservoir on 2 at 7.6 uL/sec
Dispensing 19.5 uL into A1 of Extraction Plate on Magnetic Module GEN2 on 4 at 7.6 uL/sec
Mixing 3 times with a volume of 17.0 ul
	Aspirating 17.0 uL from A1 of Extraction Plate on Magnetic Module GEN2 on 4 at 7.6 uL/sec
	Dispensing 17.0 uL into A1 of Extraction Plate on Magnetic Module GEN2 on 4 at 7.6 uL/sec
	Aspirating 17.0 uL from A1 of Extraction Plate on Magnetic Module GEN2 on 4 at 7.6 uL/sec
	Dispensing 17.0 uL into A1 of Extraction Plate on Magnetic Module GEN2 on 4 at 7.6 uL/sec
	Aspirating 17.0 uL from A1 of Extraction Plate on Magnetic Module GEN2 on 4 at 7.6 uL/sec
	Dispensing 17.0 uL into A1 of Extraction Plate on Magnetic Module GEN2 on 4 at 7.6 uL/sec
Dropping tip into A1 of Opentrons Fixed Trash on 12
Pausing robot operation: 
                Remove Plate and Centrifuge, place back on deck at site 4,
                on the magnetic module

~~~~~~~~~~~~~~INCUBATING SAMPLES~~~~~~~~~~~~~

Delaying for 5 minutes and 0.0 seconds
Engaging Magnetic Module

~~~~~~~~~~~~~~SEPARATING BEADS~~~~~~~~~~~~~

Delaying for 2 minutes and 0.0 seconds

~~~~~~~~~~~~~~WASHING TWICE WITH ETHANOL~~~~~~~~~~~~~

Picking up tip from A1 of Opentrons OT-2 96 Tip Rack 300 µL on 8

~~~~~~~~~~~~~~ADDING ETHANOL~~~~~~~~~~~~~

Mixing 1 times with a volume of 150.0 ul
	Aspirating 150.0 uL from A3 of Water reservoir on 2 at 94.0 uL/sec
	Dispensing 150.0 uL into A3 of Water reservoir on 2 at 94.0 uL/sec
Aspirating 210.0 uL from A3 of Water reservoir on 2 at 94.0 uL/sec
Dispensing 200.0 uL into A1 of Extraction Plate on Magnetic Module GEN2 on 4 at 94.0 uL/sec
Aspirating 20.0 uL from A1 of Extraction Plate on Magnetic Module GEN2 on 4 at 94.0 uL/sec
Dispensing 30.0 uL into A3 of Water reservoir on 2 at 94.0 uL/sec
Delaying for 0 minutes and 30.0 seconds

~~~~~~~~~~~~~~REMOVING ETHANOL~~~~~~~~~~~~~

Moving to A1 of Extraction Plate on Magnetic Module GEN2 on 4
Aspirating 200.0 uL from A1 of Extraction Plate on Magnetic Module GEN2 on 4 at 9.4 uL/sec
Moving to A1 of Extraction Plate on Magnetic Module GEN2 on 4
Dispensing 200.0 uL into A11 of Water reservoir on 2 at 94.0 uL/sec
Dropping tip into A1 of Opentrons Fixed Trash on 12
Picking up tip from A2 of Opentrons OT-2 96 Tip Rack 300 µL on 8

~~~~~~~~~~~~~~ADDING ETHANOL~~~~~~~~~~~~~

Mixing 1 times with a volume of 150.0 ul
	Aspirating 150.0 uL from A4 of Water reservoir on 2 at 94.0 uL/sec
	Dispensing 150.0 uL into A4 of Water reservoir on 2 at 94.0 uL/sec
Aspirating 210.0 uL from A4 of Water reservoir on 2 at 94.0 uL/sec
Dispensing 200.0 uL into A1 of Extraction Plate on Magnetic Module GEN2 on 4 at 94.0 uL/sec
Aspirating 20.0 uL from A1 of Extraction Plate on Magnetic Module GEN2 on 4 at 94.0 uL/sec
Dispensing 30.0 uL into A4 of Water reservoir on 2 at 94.0 uL/sec
Delaying for 0 minutes and 30.0 seconds

~~~~~~~~~~~~~~REMOVING ETHANOL~~~~~~~~~~~~~

Moving to A1 of Extraction Plate on Magnetic Module GEN2 on 4
Aspirating 200.0 uL from A1 of Extraction Plate on Magnetic Module GEN2 on 4 at 9.4 uL/sec
Moving to A1 of Extraction Plate on Magnetic Module GEN2 on 4
Dispensing 200.0 uL into A11 of Water reservoir on 2 at 94.0 uL/sec
Dropping tip into A1 of Opentrons Fixed Trash on 12
Picking up tip from A6 of Opentrons OT-2 96 Filter Tip Rack 20 µL on 3
Aspirating 10.0 uL from A1 of Extraction Plate on Magnetic Module GEN2 on 4 at 0.76 uL/sec
Aspirating 2.0 uL from A1 of Extraction Plate on Magnetic Module GEN2 on 4 at 7.6 uL/sec
Dispensing 12.0 uL into A11 of Water reservoir on 2 at 7.6 uL/sec
Aspirating 10.0 uL from A11 of Water reservoir on 2 at 7.6 uL/sec
Dropping tip into A1 of Opentrons Fixed Trash on 12

~~~~~~~~~~~~~~AIR DRY BEADS FOR 5 MINUTES~~~~~~~~~~~~~

Delaying for 6 minutes and 0.0 seconds
Disengaging Magnetic Module
Pausing robot operation: 
                Remove Plate and inspect pellet to confirm it is completely
                 dry, place back on deck at site 4, on the magnetic module
                 

~~~~~~~~~~~~~ELUTING WITH Nucleas-free Water~~~~~~~~~~~

Picking up tip from A7 of Opentrons OT-2 96 Filter Tip Rack 20 µL on 3
Aspirating 16.0 uL from A1 of Water reservoir on 2 at 7.6 uL/sec
Dispensing 16.0 uL into A1 of Extraction Plate on Magnetic Module GEN2 on 4 at 7.6 uL/sec
Moving to A1 of Extraction Plate on Magnetic Module GEN2 on 4
Aspirating 15.3 uL from A1 of Extraction Plate on Magnetic Module GEN2 on 4 at 15.2 uL/sec
Dispensing 15.3 uL into A1 of Extraction Plate on Magnetic Module GEN2 on 4 at 15.2 uL/sec
Aspirating 15.3 uL from A1 of Extraction Plate on Magnetic Module GEN2 on 4 at 15.2 uL/sec
Dispensing 15.3 uL into A1 of Extraction Plate on Magnetic Module GEN2 on 4 at 15.2 uL/sec
Aspirating 15.3 uL from A1 of Extraction Plate on Magnetic Module GEN2 on 4 at 15.2 uL/sec
Dispensing 15.3 uL into A1 of Extraction Plate on Magnetic Module GEN2 on 4 at 15.2 uL/sec
Aspirating 15.3 uL from A1 of Extraction Plate on Magnetic Module GEN2 on 4 at 15.2 uL/sec
Dispensing 15.3 uL into A1 of Extraction Plate on Magnetic Module GEN2 on 4 at 15.2 uL/sec
Aspirating 15.3 uL from A1 of Extraction Plate on Magnetic Module GEN2 on 4 at 15.2 uL/sec
Dispensing 15.3 uL into A1 of Extraction Plate on Magnetic Module GEN2 on 4 at 15.2 uL/sec
Aspirating 15.3 uL from A1 of Extraction Plate on Magnetic Module GEN2 on 4 at 15.2 uL/sec
Dispensing 15.3 uL into A1 of Extraction Plate on Magnetic Module GEN2 on 4 at 15.2 uL/sec
Aspirating 15.3 uL from A1 of Extraction Plate on Magnetic Module GEN2 on 4 at 15.2 uL/sec
Dispensing 15.3 uL into A1 of Extraction Plate on Magnetic Module GEN2 on 4 at 15.2 uL/sec
Aspirating 15.3 uL from A1 of Extraction Plate on Magnetic Module GEN2 on 4 at 15.2 uL/sec
Dispensing 15.3 uL into A1 of Extraction Plate on Magnetic Module GEN2 on 4 at 15.2 uL/sec
Aspirating 15.3 uL from A1 of Extraction Plate on Magnetic Module GEN2 on 4 at 15.2 uL/sec
Dispensing 15.3 uL into A1 of Extraction Plate on Magnetic Module GEN2 on 4 at 15.2 uL/sec
Aspirating 15.3 uL from A1 of Extraction Plate on Magnetic Module GEN2 on 4 at 15.2 uL/sec
Dispensing 15.3 uL into A1 of Extraction Plate on Magnetic Module GEN2 on 4 at 15.2 uL/sec
Blowing out at A1 of Extraction Plate on Magnetic Module GEN2 on 4
Air gap
	Aspirating 1.0 uL from A1 of Extraction Plate on Magnetic Module GEN2 on 4 at 7.6 uL/sec
Dropping tip into A1 of Opentrons Fixed Trash on 12

~~~~~~~~~~~~~~ELUTING FOR 2 MINUTES~~~~~~~~~~~~~

Delaying for 2 minutes and 0.0 seconds

~~~~~~~~~~~~~~SEPARATING BEADS~~~~~~~~~~~~~

Engaging Magnetic Module
Delaying for 5 minutes and 0.0 seconds

~~~~~~~~~~~~~~MOVING cDNA TO FINAL PLATE~~~~~~~~~~~~~

Picking up tip from A8 of Opentrons OT-2 96 Filter Tip Rack 20 µL on 3
Aspirating 14.0 uL from A1 of Extraction Plate on Magnetic Module GEN2 on 4 at 0.76 uL/sec
Dispensing 14.0 uL into A1 of Reagent Plate on Temperature Module GEN1 on 10 at 7.6 uL/sec
Dropping tip into A1 of Opentrons Fixed Trash on 12
Homing pipette plunger on mount left
Logs from this command:
WARNING (protocol_context): This function will be deprecated in later versions.Please use with caution.
WARNING (protocol_context): This function will be deprecated in later versions.Please use with caution.
Pausing robot operation: 

~~~~~~~~~~~~~~PROTOCOL  COMPLETE~~~~~~~~~~~~~~~

Disengaging Magnetic Module
Deactivating Temperature Module
Deactivating Temperature Module
Caught exception: {'message': 'Task was destroyed but it is pending!', 'task': <Task pending name='Task-4' coro=<Poller._poll_forever() running at /Users/dp/Desktop/project/github/opentrons/venv/lib/python3.10/site-packages/opentrons/hardware_control/poller.py:80> wait_for=<Future pending cb=[Task.task_wakeup()]>>}
Caught exception: {'message': 'Task was destroyed but it is pending!', 'task': <Task pending name='Task-3' coro=<Poller._poll_forever() running at /Users/dp/Desktop/project/github/opentrons/venv/lib/python3.10/site-packages/opentrons/hardware_control/poller.py:80> wait_for=<Future pending cb=[Task.task_wakeup()]>>}
Caught exception: {'message': 'Task was destroyed but it is pending!', 'task': <Task pending name='Task-2' coro=<Poller._poll_forever() running at /Users/dp/Desktop/project/github/opentrons/venv/lib/python3.10/site-packages/opentrons/hardware_control/poller.py:80> wait_for=<Future pending cb=[Task.task_wakeup()]>>}
Caught exception: {'message': 'Task was destroyed but it is pending!', 'task': <Task pending name='Task-11' coro=<Poller._poll_forever() running at /Users/dp/Desktop/project/github/opentrons/venv/lib/python3.10/site-packages/opentrons/hardware_control/poller.py:80> wait_for=<Future pending cb=[Task.task_wakeup()]>>}
