/Users/dp/Desktop/project/github/opentrons/venv/lib/python3.10/site-packages/opentrons/hardware_control/simulator_setup.py:205: UserWarning: Simulator configuration does not name a machine, defaulting to OT-2 Standard
  warn(
/Users/dp/.opentrons/robot_settings.json not found. Loading defaults
Deck calibration not found.
/Users/dp/.opentrons/deck_calibration.json not found. Loading defaults
Pre-Cooling Temperature Module to 4°C
Heating Thermocycler Lid to 103°C
Setting Temperature Module temperature to 4.0 °C (rounded off to nearest integer)
Setting Thermocycler lid temperature to 103.0 °C
Opening Thermocycler lid
Waiting for Temperature Module to reach temperature 4.0 °C (rounded off to nearest integer)
Picking up tip from A1 of Opentrons OT-2 96 Filter Tip Rack 20 µL on 6
Aspirating 5.0 uL from A1 of Opentrons 24 Well Aluminum Block with NEST 1.5 mL Screwcap on 5 at 7.56 uL/sec
Dispensing 5.0 uL into A1 of Opentrons 96 Well Aluminum Block with NEST Well Plate 100 µL on Temperature Module GEN1 on 3 at 7.56 uL/sec
Dropping tip into A1 of Opentrons Fixed Trash on 12
Picking up tip from B1 of Opentrons OT-2 96 Filter Tip Rack 20 µL on 6
Aspirating 2.0 uL from B1 of Opentrons 24 Well Aluminum Block with NEST 1.5 mL Screwcap on 5 at 7.56 uL/sec
Dispensing 2.0 uL into A1 of Opentrons 96 Well Aluminum Block with NEST Well Plate 100 µL on Temperature Module GEN1 on 3 at 7.56 uL/sec
Dropping tip into A1 of Opentrons Fixed Trash on 12
Picking up tip from C1 of Opentrons OT-2 96 Filter Tip Rack 20 µL on 6
Aspirating 1.0 uL from C1 of Opentrons 24 Well Aluminum Block with NEST 1.5 mL Screwcap on 5 at 7.56 uL/sec
Dispensing 1.0 uL into A1 of Opentrons 96 Well Aluminum Block with NEST Well Plate 100 µL on Temperature Module GEN1 on 3 at 7.56 uL/sec
Dropping tip into A1 of Opentrons Fixed Trash on 12
Picking up tip from D1 of Opentrons OT-2 96 Filter Tip Rack 20 µL on 6
Aspirating 1.0 uL from D1 of Opentrons 24 Well Aluminum Block with NEST 1.5 mL Screwcap on 5 at 7.56 uL/sec
Dispensing 1.0 uL into A1 of Opentrons 96 Well Aluminum Block with NEST Well Plate 100 µL on Temperature Module GEN1 on 3 at 7.56 uL/sec
Dropping tip into A1 of Opentrons Fixed Trash on 12
Picking up tip from E1 of Opentrons OT-2 96 Filter Tip Rack 20 µL on 6
Aspirating 1.0 uL from A2 of Opentrons 24 Well Aluminum Block with NEST 1.5 mL Screwcap on 5 at 7.56 uL/sec
Dispensing 1.0 uL into A1 of Opentrons 96 Well Aluminum Block with NEST Well Plate 100 µL on Temperature Module GEN1 on 3 at 7.56 uL/sec
Mixing 7 times with a volume of 10.0 ul
	Aspirating 10.0 uL from A1 of Opentrons 96 Well Aluminum Block with NEST Well Plate 100 µL on Temperature Module GEN1 on 3 at 7.56 uL/sec
	Dispensing 10.0 uL into A1 of Opentrons 96 Well Aluminum Block with NEST Well Plate 100 µL on Temperature Module GEN1 on 3 at 7.56 uL/sec
	Aspirating 10.0 uL from A1 of Opentrons 96 Well Aluminum Block with NEST Well Plate 100 µL on Temperature Module GEN1 on 3 at 7.56 uL/sec
	Dispensing 10.0 uL into A1 of Opentrons 96 Well Aluminum Block with NEST Well Plate 100 µL on Temperature Module GEN1 on 3 at 7.56 uL/sec
	Aspirating 10.0 uL from A1 of Opentrons 96 Well Aluminum Block with NEST Well Plate 100 µL on Temperature Module GEN1 on 3 at 7.56 uL/sec
	Dispensing 10.0 uL into A1 of Opentrons 96 Well Aluminum Block with NEST Well Plate 100 µL on Temperature Module GEN1 on 3 at 7.56 uL/sec
	Aspirating 10.0 uL from A1 of Opentrons 96 Well Aluminum Block with NEST Well Plate 100 µL on Temperature Module GEN1 on 3 at 7.56 uL/sec
	Dispensing 10.0 uL into A1 of Opentrons 96 Well Aluminum Block with NEST Well Plate 100 µL on Temperature Module GEN1 on 3 at 7.56 uL/sec
	Aspirating 10.0 uL from A1 of Opentrons 96 Well Aluminum Block with NEST Well Plate 100 µL on Temperature Module GEN1 on 3 at 7.56 uL/sec
	Dispensing 10.0 uL into A1 of Opentrons 96 Well Aluminum Block with NEST Well Plate 100 µL on Temperature Module GEN1 on 3 at 7.56 uL/sec
	Aspirating 10.0 uL from A1 of Opentrons 96 Well Aluminum Block with NEST Well Plate 100 µL on Temperature Module GEN1 on 3 at 7.56 uL/sec
	Dispensing 10.0 uL into A1 of Opentrons 96 Well Aluminum Block with NEST Well Plate 100 µL on Temperature Module GEN1 on 3 at 7.56 uL/sec
	Aspirating 10.0 uL from A1 of Opentrons 96 Well Aluminum Block with NEST Well Plate 100 µL on Temperature Module GEN1 on 3 at 7.56 uL/sec
	Dispensing 10.0 uL into A1 of Opentrons 96 Well Aluminum Block with NEST Well Plate 100 µL on Temperature Module GEN1 on 3 at 7.56 uL/sec
Dropping tip into A1 of Opentrons Fixed Trash on 12
Picking up tip from F1 of Opentrons OT-2 96 Filter Tip Rack 20 µL on 6
Aspirating 5.0 uL from A1 of Opentrons 24 Well Aluminum Block with NEST 1.5 mL Screwcap on 5 at 7.56 uL/sec
Dispensing 5.0 uL into B1 of Opentrons 96 Well Aluminum Block with NEST Well Plate 100 µL on Temperature Module GEN1 on 3 at 7.56 uL/sec
Dropping tip into A1 of Opentrons Fixed Trash on 12
Picking up tip from G1 of Opentrons OT-2 96 Filter Tip Rack 20 µL on 6
Aspirating 2.0 uL from B1 of Opentrons 24 Well Aluminum Block with NEST 1.5 mL Screwcap on 5 at 7.56 uL/sec
Dispensing 2.0 uL into B1 of Opentrons 96 Well Aluminum Block with NEST Well Plate 100 µL on Temperature Module GEN1 on 3 at 7.56 uL/sec
Dropping tip into A1 of Opentrons Fixed Trash on 12
Picking up tip from H1 of Opentrons OT-2 96 Filter Tip Rack 20 µL on 6
Aspirating 1.0 uL from C1 of Opentrons 24 Well Aluminum Block with NEST 1.5 mL Screwcap on 5 at 7.56 uL/sec
Dispensing 1.0 uL into B1 of Opentrons 96 Well Aluminum Block with NEST Well Plate 100 µL on Temperature Module GEN1 on 3 at 7.56 uL/sec
Dropping tip into A1 of Opentrons Fixed Trash on 12
Picking up tip from A2 of Opentrons OT-2 96 Filter Tip Rack 20 µL on 6
Aspirating 1.0 uL from D1 of Opentrons 24 Well Aluminum Block with NEST 1.5 mL Screwcap on 5 at 7.56 uL/sec
Dispensing 1.0 uL into B1 of Opentrons 96 Well Aluminum Block with NEST Well Plate 100 µL on Temperature Module GEN1 on 3 at 7.56 uL/sec
Dropping tip into A1 of Opentrons Fixed Trash on 12
Picking up tip from B2 of Opentrons OT-2 96 Filter Tip Rack 20 µL on 6
Aspirating 1.0 uL from A2 of Opentrons 24 Well Aluminum Block with NEST 1.5 mL Screwcap on 5 at 7.56 uL/sec
Dispensing 1.0 uL into B1 of Opentrons 96 Well Aluminum Block with NEST Well Plate 100 µL on Temperature Module GEN1 on 3 at 7.56 uL/sec
Mixing 7 times with a volume of 10.0 ul
	Aspirating 10.0 uL from B1 of Opentrons 96 Well Aluminum Block with NEST Well Plate 100 µL on Temperature Module GEN1 on 3 at 7.56 uL/sec
	Dispensing 10.0 uL into B1 of Opentrons 96 Well Aluminum Block with NEST Well Plate 100 µL on Temperature Module GEN1 on 3 at 7.56 uL/sec
	Aspirating 10.0 uL from B1 of Opentrons 96 Well Aluminum Block with NEST Well Plate 100 µL on Temperature Module GEN1 on 3 at 7.56 uL/sec
	Dispensing 10.0 uL into B1 of Opentrons 96 Well Aluminum Block with NEST Well Plate 100 µL on Temperature Module GEN1 on 3 at 7.56 uL/sec
	Aspirating 10.0 uL from B1 of Opentrons 96 Well Aluminum Block with NEST Well Plate 100 µL on Temperature Module GEN1 on 3 at 7.56 uL/sec
	Dispensing 10.0 uL into B1 of Opentrons 96 Well Aluminum Block with NEST Well Plate 100 µL on Temperature Module GEN1 on 3 at 7.56 uL/sec
	Aspirating 10.0 uL from B1 of Opentrons 96 Well Aluminum Block with NEST Well Plate 100 µL on Temperature Module GEN1 on 3 at 7.56 uL/sec
	Dispensing 10.0 uL into B1 of Opentrons 96 Well Aluminum Block with NEST Well Plate 100 µL on Temperature Module GEN1 on 3 at 7.56 uL/sec
	Aspirating 10.0 uL from B1 of Opentrons 96 Well Aluminum Block with NEST Well Plate 100 µL on Temperature Module GEN1 on 3 at 7.56 uL/sec
	Dispensing 10.0 uL into B1 of Opentrons 96 Well Aluminum Block with NEST Well Plate 100 µL on Temperature Module GEN1 on 3 at 7.56 uL/sec
	Aspirating 10.0 uL from B1 of Opentrons 96 Well Aluminum Block with NEST Well Plate 100 µL on Temperature Module GEN1 on 3 at 7.56 uL/sec
	Dispensing 10.0 uL into B1 of Opentrons 96 Well Aluminum Block with NEST Well Plate 100 µL on Temperature Module GEN1 on 3 at 7.56 uL/sec
	Aspirating 10.0 uL from B1 of Opentrons 96 Well Aluminum Block with NEST Well Plate 100 µL on Temperature Module GEN1 on 3 at 7.56 uL/sec
	Dispensing 10.0 uL into B1 of Opentrons 96 Well Aluminum Block with NEST Well Plate 100 µL on Temperature Module GEN1 on 3 at 7.56 uL/sec
Dropping tip into A1 of Opentrons Fixed Trash on 12
Picking up tip from C2 of Opentrons OT-2 96 Filter Tip Rack 20 µL on 6
Aspirating 5.0 uL from A1 of Opentrons 24 Well Aluminum Block with NEST 1.5 mL Screwcap on 5 at 7.56 uL/sec
Dispensing 5.0 uL into C1 of Opentrons 96 Well Aluminum Block with NEST Well Plate 100 µL on Temperature Module GEN1 on 3 at 7.56 uL/sec
Dropping tip into A1 of Opentrons Fixed Trash on 12
Picking up tip from D2 of Opentrons OT-2 96 Filter Tip Rack 20 µL on 6
Aspirating 2.0 uL from B1 of Opentrons 24 Well Aluminum Block with NEST 1.5 mL Screwcap on 5 at 7.56 uL/sec
Dispensing 2.0 uL into C1 of Opentrons 96 Well Aluminum Block with NEST Well Plate 100 µL on Temperature Module GEN1 on 3 at 7.56 uL/sec
Dropping tip into A1 of Opentrons Fixed Trash on 12
Picking up tip from E2 of Opentrons OT-2 96 Filter Tip Rack 20 µL on 6
Aspirating 1.0 uL from C1 of Opentrons 24 Well Aluminum Block with NEST 1.5 mL Screwcap on 5 at 7.56 uL/sec
Dispensing 1.0 uL into C1 of Opentrons 96 Well Aluminum Block with NEST Well Plate 100 µL on Temperature Module GEN1 on 3 at 7.56 uL/sec
Dropping tip into A1 of Opentrons Fixed Trash on 12
Picking up tip from F2 of Opentrons OT-2 96 Filter Tip Rack 20 µL on 6
Aspirating 1.0 uL from D1 of Opentrons 24 Well Aluminum Block with NEST 1.5 mL Screwcap on 5 at 7.56 uL/sec
Dispensing 1.0 uL into C1 of Opentrons 96 Well Aluminum Block with NEST Well Plate 100 µL on Temperature Module GEN1 on 3 at 7.56 uL/sec
Dropping tip into A1 of Opentrons Fixed Trash on 12
Picking up tip from G2 of Opentrons OT-2 96 Filter Tip Rack 20 µL on 6
Aspirating 1.0 uL from A2 of Opentrons 24 Well Aluminum Block with NEST 1.5 mL Screwcap on 5 at 7.56 uL/sec
Dispensing 1.0 uL into C1 of Opentrons 96 Well Aluminum Block with NEST Well Plate 100 µL on Temperature Module GEN1 on 3 at 7.56 uL/sec
Mixing 7 times with a volume of 10.0 ul
	Aspirating 10.0 uL from C1 of Opentrons 96 Well Aluminum Block with NEST Well Plate 100 µL on Temperature Module GEN1 on 3 at 7.56 uL/sec
	Dispensing 10.0 uL into C1 of Opentrons 96 Well Aluminum Block with NEST Well Plate 100 µL on Temperature Module GEN1 on 3 at 7.56 uL/sec
	Aspirating 10.0 uL from C1 of Opentrons 96 Well Aluminum Block with NEST Well Plate 100 µL on Temperature Module GEN1 on 3 at 7.56 uL/sec
	Dispensing 10.0 uL into C1 of Opentrons 96 Well Aluminum Block with NEST Well Plate 100 µL on Temperature Module GEN1 on 3 at 7.56 uL/sec
	Aspirating 10.0 uL from C1 of Opentrons 96 Well Aluminum Block with NEST Well Plate 100 µL on Temperature Module GEN1 on 3 at 7.56 uL/sec
	Dispensing 10.0 uL into C1 of Opentrons 96 Well Aluminum Block with NEST Well Plate 100 µL on Temperature Module GEN1 on 3 at 7.56 uL/sec
	Aspirating 10.0 uL from C1 of Opentrons 96 Well Aluminum Block with NEST Well Plate 100 µL on Temperature Module GEN1 on 3 at 7.56 uL/sec
	Dispensing 10.0 uL into C1 of Opentrons 96 Well Aluminum Block with NEST Well Plate 100 µL on Temperature Module GEN1 on 3 at 7.56 uL/sec
	Aspirating 10.0 uL from C1 of Opentrons 96 Well Aluminum Block with NEST Well Plate 100 µL on Temperature Module GEN1 on 3 at 7.56 uL/sec
	Dispensing 10.0 uL into C1 of Opentrons 96 Well Aluminum Block with NEST Well Plate 100 µL on Temperature Module GEN1 on 3 at 7.56 uL/sec
	Aspirating 10.0 uL from C1 of Opentrons 96 Well Aluminum Block with NEST Well Plate 100 µL on Temperature Module GEN1 on 3 at 7.56 uL/sec
	Dispensing 10.0 uL into C1 of Opentrons 96 Well Aluminum Block with NEST Well Plate 100 µL on Temperature Module GEN1 on 3 at 7.56 uL/sec
	Aspirating 10.0 uL from C1 of Opentrons 96 Well Aluminum Block with NEST Well Plate 100 µL on Temperature Module GEN1 on 3 at 7.56 uL/sec
	Dispensing 10.0 uL into C1 of Opentrons 96 Well Aluminum Block with NEST Well Plate 100 µL on Temperature Module GEN1 on 3 at 7.56 uL/sec
Dropping tip into A1 of Opentrons Fixed Trash on 12
Picking up tip from H2 of Opentrons OT-2 96 Filter Tip Rack 20 µL on 6
Aspirating 5.0 uL from A1 of Opentrons 24 Well Aluminum Block with NEST 1.5 mL Screwcap on 5 at 7.56 uL/sec
Dispensing 5.0 uL into D1 of Opentrons 96 Well Aluminum Block with NEST Well Plate 100 µL on Temperature Module GEN1 on 3 at 7.56 uL/sec
Dropping tip into A1 of Opentrons Fixed Trash on 12
Picking up tip from A3 of Opentrons OT-2 96 Filter Tip Rack 20 µL on 6
Aspirating 2.0 uL from B1 of Opentrons 24 Well Aluminum Block with NEST 1.5 mL Screwcap on 5 at 7.56 uL/sec
Dispensing 2.0 uL into D1 of Opentrons 96 Well Aluminum Block with NEST Well Plate 100 µL on Temperature Module GEN1 on 3 at 7.56 uL/sec
Dropping tip into A1 of Opentrons Fixed Trash on 12
Picking up tip from B3 of Opentrons OT-2 96 Filter Tip Rack 20 µL on 6
Aspirating 1.0 uL from C1 of Opentrons 24 Well Aluminum Block with NEST 1.5 mL Screwcap on 5 at 7.56 uL/sec
Dispensing 1.0 uL into D1 of Opentrons 96 Well Aluminum Block with NEST Well Plate 100 µL on Temperature Module GEN1 on 3 at 7.56 uL/sec
Dropping tip into A1 of Opentrons Fixed Trash on 12
Picking up tip from C3 of Opentrons OT-2 96 Filter Tip Rack 20 µL on 6
Aspirating 1.0 uL from D1 of Opentrons 24 Well Aluminum Block with NEST 1.5 mL Screwcap on 5 at 7.56 uL/sec
Dispensing 1.0 uL into D1 of Opentrons 96 Well Aluminum Block with NEST Well Plate 100 µL on Temperature Module GEN1 on 3 at 7.56 uL/sec
Dropping tip into A1 of Opentrons Fixed Trash on 12
Picking up tip from D3 of Opentrons OT-2 96 Filter Tip Rack 20 µL on 6
Aspirating 1.0 uL from A2 of Opentrons 24 Well Aluminum Block with NEST 1.5 mL Screwcap on 5 at 7.56 uL/sec
Dispensing 1.0 uL into D1 of Opentrons 96 Well Aluminum Block with NEST Well Plate 100 µL on Temperature Module GEN1 on 3 at 7.56 uL/sec
Mixing 7 times with a volume of 10.0 ul
	Aspirating 10.0 uL from D1 of Opentrons 96 Well Aluminum Block with NEST Well Plate 100 µL on Temperature Module GEN1 on 3 at 7.56 uL/sec
	Dispensing 10.0 uL into D1 of Opentrons 96 Well Aluminum Block with NEST Well Plate 100 µL on Temperature Module GEN1 on 3 at 7.56 uL/sec
	Aspirating 10.0 uL from D1 of Opentrons 96 Well Aluminum Block with NEST Well Plate 100 µL on Temperature Module GEN1 on 3 at 7.56 uL/sec
	Dispensing 10.0 uL into D1 of Opentrons 96 Well Aluminum Block with NEST Well Plate 100 µL on Temperature Module GEN1 on 3 at 7.56 uL/sec
	Aspirating 10.0 uL from D1 of Opentrons 96 Well Aluminum Block with NEST Well Plate 100 µL on Temperature Module GEN1 on 3 at 7.56 uL/sec
	Dispensing 10.0 uL into D1 of Opentrons 96 Well Aluminum Block with NEST Well Plate 100 µL on Temperature Module GEN1 on 3 at 7.56 uL/sec
	Aspirating 10.0 uL from D1 of Opentrons 96 Well Aluminum Block with NEST Well Plate 100 µL on Temperature Module GEN1 on 3 at 7.56 uL/sec
	Dispensing 10.0 uL into D1 of Opentrons 96 Well Aluminum Block with NEST Well Plate 100 µL on Temperature Module GEN1 on 3 at 7.56 uL/sec
	Aspirating 10.0 uL from D1 of Opentrons 96 Well Aluminum Block with NEST Well Plate 100 µL on Temperature Module GEN1 on 3 at 7.56 uL/sec
	Dispensing 10.0 uL into D1 of Opentrons 96 Well Aluminum Block with NEST Well Plate 100 µL on Temperature Module GEN1 on 3 at 7.56 uL/sec
	Aspirating 10.0 uL from D1 of Opentrons 96 Well Aluminum Block with NEST Well Plate 100 µL on Temperature Module GEN1 on 3 at 7.56 uL/sec
	Dispensing 10.0 uL into D1 of Opentrons 96 Well Aluminum Block with NEST Well Plate 100 µL on Temperature Module GEN1 on 3 at 7.56 uL/sec
	Aspirating 10.0 uL from D1 of Opentrons 96 Well Aluminum Block with NEST Well Plate 100 µL on Temperature Module GEN1 on 3 at 7.56 uL/sec
	Dispensing 10.0 uL into D1 of Opentrons 96 Well Aluminum Block with NEST Well Plate 100 µL on Temperature Module GEN1 on 3 at 7.56 uL/sec
Dropping tip into A1 of Opentrons Fixed Trash on 12
Picking up tip from E3 of Opentrons OT-2 96 Filter Tip Rack 20 µL on 6
Aspirating 5.0 uL from A1 of Opentrons 24 Well Aluminum Block with NEST 1.5 mL Screwcap on 5 at 7.56 uL/sec
Dispensing 5.0 uL into E1 of Opentrons 96 Well Aluminum Block with NEST Well Plate 100 µL on Temperature Module GEN1 on 3 at 7.56 uL/sec
Dropping tip into A1 of Opentrons Fixed Trash on 12
Picking up tip from F3 of Opentrons OT-2 96 Filter Tip Rack 20 µL on 6
Aspirating 2.0 uL from B1 of Opentrons 24 Well Aluminum Block with NEST 1.5 mL Screwcap on 5 at 7.56 uL/sec
Dispensing 2.0 uL into E1 of Opentrons 96 Well Aluminum Block with NEST Well Plate 100 µL on Temperature Module GEN1 on 3 at 7.56 uL/sec
Dropping tip into A1 of Opentrons Fixed Trash on 12
Picking up tip from G3 of Opentrons OT-2 96 Filter Tip Rack 20 µL on 6
Aspirating 1.0 uL from C1 of Opentrons 24 Well Aluminum Block with NEST 1.5 mL Screwcap on 5 at 7.56 uL/sec
Dispensing 1.0 uL into E1 of Opentrons 96 Well Aluminum Block with NEST Well Plate 100 µL on Temperature Module GEN1 on 3 at 7.56 uL/sec
Dropping tip into A1 of Opentrons Fixed Trash on 12
Picking up tip from H3 of Opentrons OT-2 96 Filter Tip Rack 20 µL on 6
Aspirating 1.0 uL from D1 of Opentrons 24 Well Aluminum Block with NEST 1.5 mL Screwcap on 5 at 7.56 uL/sec
Dispensing 1.0 uL into E1 of Opentrons 96 Well Aluminum Block with NEST Well Plate 100 µL on Temperature Module GEN1 on 3 at 7.56 uL/sec
Dropping tip into A1 of Opentrons Fixed Trash on 12
Picking up tip from A4 of Opentrons OT-2 96 Filter Tip Rack 20 µL on 6
Aspirating 1.0 uL from A2 of Opentrons 24 Well Aluminum Block with NEST 1.5 mL Screwcap on 5 at 7.56 uL/sec
Dispensing 1.0 uL into E1 of Opentrons 96 Well Aluminum Block with NEST Well Plate 100 µL on Temperature Module GEN1 on 3 at 7.56 uL/sec
Mixing 7 times with a volume of 10.0 ul
	Aspirating 10.0 uL from E1 of Opentrons 96 Well Aluminum Block with NEST Well Plate 100 µL on Temperature Module GEN1 on 3 at 7.56 uL/sec
	Dispensing 10.0 uL into E1 of Opentrons 96 Well Aluminum Block with NEST Well Plate 100 µL on Temperature Module GEN1 on 3 at 7.56 uL/sec
	Aspirating 10.0 uL from E1 of Opentrons 96 Well Aluminum Block with NEST Well Plate 100 µL on Temperature Module GEN1 on 3 at 7.56 uL/sec
	Dispensing 10.0 uL into E1 of Opentrons 96 Well Aluminum Block with NEST Well Plate 100 µL on Temperature Module GEN1 on 3 at 7.56 uL/sec
	Aspirating 10.0 uL from E1 of Opentrons 96 Well Aluminum Block with NEST Well Plate 100 µL on Temperature Module GEN1 on 3 at 7.56 uL/sec
	Dispensing 10.0 uL into E1 of Opentrons 96 Well Aluminum Block with NEST Well Plate 100 µL on Temperature Module GEN1 on 3 at 7.56 uL/sec
	Aspirating 10.0 uL from E1 of Opentrons 96 Well Aluminum Block with NEST Well Plate 100 µL on Temperature Module GEN1 on 3 at 7.56 uL/sec
	Dispensing 10.0 uL into E1 of Opentrons 96 Well Aluminum Block with NEST Well Plate 100 µL on Temperature Module GEN1 on 3 at 7.56 uL/sec
	Aspirating 10.0 uL from E1 of Opentrons 96 Well Aluminum Block with NEST Well Plate 100 µL on Temperature Module GEN1 on 3 at 7.56 uL/sec
	Dispensing 10.0 uL into E1 of Opentrons 96 Well Aluminum Block with NEST Well Plate 100 µL on Temperature Module GEN1 on 3 at 7.56 uL/sec
	Aspirating 10.0 uL from E1 of Opentrons 96 Well Aluminum Block with NEST Well Plate 100 µL on Temperature Module GEN1 on 3 at 7.56 uL/sec
	Dispensing 10.0 uL into E1 of Opentrons 96 Well Aluminum Block with NEST Well Plate 100 µL on Temperature Module GEN1 on 3 at 7.56 uL/sec
	Aspirating 10.0 uL from E1 of Opentrons 96 Well Aluminum Block with NEST Well Plate 100 µL on Temperature Module GEN1 on 3 at 7.56 uL/sec
	Dispensing 10.0 uL into E1 of Opentrons 96 Well Aluminum Block with NEST Well Plate 100 µL on Temperature Module GEN1 on 3 at 7.56 uL/sec
Dropping tip into A1 of Opentrons Fixed Trash on 12
Picking up tip from B4 of Opentrons OT-2 96 Filter Tip Rack 20 µL on 6
Aspirating 5.0 uL from A1 of Opentrons 24 Well Aluminum Block with NEST 1.5 mL Screwcap on 5 at 7.56 uL/sec
Dispensing 5.0 uL into F1 of Opentrons 96 Well Aluminum Block with NEST Well Plate 100 µL on Temperature Module GEN1 on 3 at 7.56 uL/sec
Dropping tip into A1 of Opentrons Fixed Trash on 12
Picking up tip from C4 of Opentrons OT-2 96 Filter Tip Rack 20 µL on 6
Aspirating 2.0 uL from B1 of Opentrons 24 Well Aluminum Block with NEST 1.5 mL Screwcap on 5 at 7.56 uL/sec
Dispensing 2.0 uL into F1 of Opentrons 96 Well Aluminum Block with NEST Well Plate 100 µL on Temperature Module GEN1 on 3 at 7.56 uL/sec
Dropping tip into A1 of Opentrons Fixed Trash on 12
Picking up tip from D4 of Opentrons OT-2 96 Filter Tip Rack 20 µL on 6
Aspirating 1.0 uL from C1 of Opentrons 24 Well Aluminum Block with NEST 1.5 mL Screwcap on 5 at 7.56 uL/sec
Dispensing 1.0 uL into F1 of Opentrons 96 Well Aluminum Block with NEST Well Plate 100 µL on Temperature Module GEN1 on 3 at 7.56 uL/sec
Dropping tip into A1 of Opentrons Fixed Trash on 12
Picking up tip from E4 of Opentrons OT-2 96 Filter Tip Rack 20 µL on 6
Aspirating 1.0 uL from D1 of Opentrons 24 Well Aluminum Block with NEST 1.5 mL Screwcap on 5 at 7.56 uL/sec
Dispensing 1.0 uL into F1 of Opentrons 96 Well Aluminum Block with NEST Well Plate 100 µL on Temperature Module GEN1 on 3 at 7.56 uL/sec
Dropping tip into A1 of Opentrons Fixed Trash on 12
Picking up tip from F4 of Opentrons OT-2 96 Filter Tip Rack 20 µL on 6
Aspirating 1.0 uL from A2 of Opentrons 24 Well Aluminum Block with NEST 1.5 mL Screwcap on 5 at 7.56 uL/sec
Dispensing 1.0 uL into F1 of Opentrons 96 Well Aluminum Block with NEST Well Plate 100 µL on Temperature Module GEN1 on 3 at 7.56 uL/sec
Mixing 7 times with a volume of 10.0 ul
	Aspirating 10.0 uL from F1 of Opentrons 96 Well Aluminum Block with NEST Well Plate 100 µL on Temperature Module GEN1 on 3 at 7.56 uL/sec
	Dispensing 10.0 uL into F1 of Opentrons 96 Well Aluminum Block with NEST Well Plate 100 µL on Temperature Module GEN1 on 3 at 7.56 uL/sec
	Aspirating 10.0 uL from F1 of Opentrons 96 Well Aluminum Block with NEST Well Plate 100 µL on Temperature Module GEN1 on 3 at 7.56 uL/sec
	Dispensing 10.0 uL into F1 of Opentrons 96 Well Aluminum Block with NEST Well Plate 100 µL on Temperature Module GEN1 on 3 at 7.56 uL/sec
	Aspirating 10.0 uL from F1 of Opentrons 96 Well Aluminum Block with NEST Well Plate 100 µL on Temperature Module GEN1 on 3 at 7.56 uL/sec
	Dispensing 10.0 uL into F1 of Opentrons 96 Well Aluminum Block with NEST Well Plate 100 µL on Temperature Module GEN1 on 3 at 7.56 uL/sec
	Aspirating 10.0 uL from F1 of Opentrons 96 Well Aluminum Block with NEST Well Plate 100 µL on Temperature Module GEN1 on 3 at 7.56 uL/sec
	Dispensing 10.0 uL into F1 of Opentrons 96 Well Aluminum Block with NEST Well Plate 100 µL on Temperature Module GEN1 on 3 at 7.56 uL/sec
	Aspirating 10.0 uL from F1 of Opentrons 96 Well Aluminum Block with NEST Well Plate 100 µL on Temperature Module GEN1 on 3 at 7.56 uL/sec
	Dispensing 10.0 uL into F1 of Opentrons 96 Well Aluminum Block with NEST Well Plate 100 µL on Temperature Module GEN1 on 3 at 7.56 uL/sec
	Aspirating 10.0 uL from F1 of Opentrons 96 Well Aluminum Block with NEST Well Plate 100 µL on Temperature Module GEN1 on 3 at 7.56 uL/sec
	Dispensing 10.0 uL into F1 of Opentrons 96 Well Aluminum Block with NEST Well Plate 100 µL on Temperature Module GEN1 on 3 at 7.56 uL/sec
	Aspirating 10.0 uL from F1 of Opentrons 96 Well Aluminum Block with NEST Well Plate 100 µL on Temperature Module GEN1 on 3 at 7.56 uL/sec
	Dispensing 10.0 uL into F1 of Opentrons 96 Well Aluminum Block with NEST Well Plate 100 µL on Temperature Module GEN1 on 3 at 7.56 uL/sec
Dropping tip into A1 of Opentrons Fixed Trash on 12
Picking up tip from G4 of Opentrons OT-2 96 Filter Tip Rack 20 µL on 6
Aspirating 5.0 uL from A1 of Opentrons 24 Well Aluminum Block with NEST 1.5 mL Screwcap on 5 at 7.56 uL/sec
Dispensing 5.0 uL into G1 of Opentrons 96 Well Aluminum Block with NEST Well Plate 100 µL on Temperature Module GEN1 on 3 at 7.56 uL/sec
Dropping tip into A1 of Opentrons Fixed Trash on 12
Picking up tip from H4 of Opentrons OT-2 96 Filter Tip Rack 20 µL on 6
Aspirating 2.0 uL from B1 of Opentrons 24 Well Aluminum Block with NEST 1.5 mL Screwcap on 5 at 7.56 uL/sec
Dispensing 2.0 uL into G1 of Opentrons 96 Well Aluminum Block with NEST Well Plate 100 µL on Temperature Module GEN1 on 3 at 7.56 uL/sec
Dropping tip into A1 of Opentrons Fixed Trash on 12
Picking up tip from A5 of Opentrons OT-2 96 Filter Tip Rack 20 µL on 6
Aspirating 1.0 uL from C1 of Opentrons 24 Well Aluminum Block with NEST 1.5 mL Screwcap on 5 at 7.56 uL/sec
Dispensing 1.0 uL into G1 of Opentrons 96 Well Aluminum Block with NEST Well Plate 100 µL on Temperature Module GEN1 on 3 at 7.56 uL/sec
Dropping tip into A1 of Opentrons Fixed Trash on 12
Picking up tip from B5 of Opentrons OT-2 96 Filter Tip Rack 20 µL on 6
Aspirating 1.0 uL from D1 of Opentrons 24 Well Aluminum Block with NEST 1.5 mL Screwcap on 5 at 7.56 uL/sec
Dispensing 1.0 uL into G1 of Opentrons 96 Well Aluminum Block with NEST Well Plate 100 µL on Temperature Module GEN1 on 3 at 7.56 uL/sec
Dropping tip into A1 of Opentrons Fixed Trash on 12
Picking up tip from C5 of Opentrons OT-2 96 Filter Tip Rack 20 µL on 6
Aspirating 1.0 uL from A2 of Opentrons 24 Well Aluminum Block with NEST 1.5 mL Screwcap on 5 at 7.56 uL/sec
Dispensing 1.0 uL into G1 of Opentrons 96 Well Aluminum Block with NEST Well Plate 100 µL on Temperature Module GEN1 on 3 at 7.56 uL/sec
Mixing 7 times with a volume of 10.0 ul
	Aspirating 10.0 uL from G1 of Opentrons 96 Well Aluminum Block with NEST Well Plate 100 µL on Temperature Module GEN1 on 3 at 7.56 uL/sec
	Dispensing 10.0 uL into G1 of Opentrons 96 Well Aluminum Block with NEST Well Plate 100 µL on Temperature Module GEN1 on 3 at 7.56 uL/sec
	Aspirating 10.0 uL from G1 of Opentrons 96 Well Aluminum Block with NEST Well Plate 100 µL on Temperature Module GEN1 on 3 at 7.56 uL/sec
	Dispensing 10.0 uL into G1 of Opentrons 96 Well Aluminum Block with NEST Well Plate 100 µL on Temperature Module GEN1 on 3 at 7.56 uL/sec
	Aspirating 10.0 uL from G1 of Opentrons 96 Well Aluminum Block with NEST Well Plate 100 µL on Temperature Module GEN1 on 3 at 7.56 uL/sec
	Dispensing 10.0 uL into G1 of Opentrons 96 Well Aluminum Block with NEST Well Plate 100 µL on Temperature Module GEN1 on 3 at 7.56 uL/sec
	Aspirating 10.0 uL from G1 of Opentrons 96 Well Aluminum Block with NEST Well Plate 100 µL on Temperature Module GEN1 on 3 at 7.56 uL/sec
	Dispensing 10.0 uL into G1 of Opentrons 96 Well Aluminum Block with NEST Well Plate 100 µL on Temperature Module GEN1 on 3 at 7.56 uL/sec
	Aspirating 10.0 uL from G1 of Opentrons 96 Well Aluminum Block with NEST Well Plate 100 µL on Temperature Module GEN1 on 3 at 7.56 uL/sec
	Dispensing 10.0 uL into G1 of Opentrons 96 Well Aluminum Block with NEST Well Plate 100 µL on Temperature Module GEN1 on 3 at 7.56 uL/sec
	Aspirating 10.0 uL from G1 of Opentrons 96 Well Aluminum Block with NEST Well Plate 100 µL on Temperature Module GEN1 on 3 at 7.56 uL/sec
	Dispensing 10.0 uL into G1 of Opentrons 96 Well Aluminum Block with NEST Well Plate 100 µL on Temperature Module GEN1 on 3 at 7.56 uL/sec
	Aspirating 10.0 uL from G1 of Opentrons 96 Well Aluminum Block with NEST Well Plate 100 µL on Temperature Module GEN1 on 3 at 7.56 uL/sec
	Dispensing 10.0 uL into G1 of Opentrons 96 Well Aluminum Block with NEST Well Plate 100 µL on Temperature Module GEN1 on 3 at 7.56 uL/sec
Dropping tip into A1 of Opentrons Fixed Trash on 12
Picking up tip from D5 of Opentrons OT-2 96 Filter Tip Rack 20 µL on 6
Aspirating 5.0 uL from A1 of Opentrons 24 Well Aluminum Block with NEST 1.5 mL Screwcap on 5 at 7.56 uL/sec
Dispensing 5.0 uL into H1 of Opentrons 96 Well Aluminum Block with NEST Well Plate 100 µL on Temperature Module GEN1 on 3 at 7.56 uL/sec
Dropping tip into A1 of Opentrons Fixed Trash on 12
Picking up tip from E5 of Opentrons OT-2 96 Filter Tip Rack 20 µL on 6
Aspirating 2.0 uL from B1 of Opentrons 24 Well Aluminum Block with NEST 1.5 mL Screwcap on 5 at 7.56 uL/sec
Dispensing 2.0 uL into H1 of Opentrons 96 Well Aluminum Block with NEST Well Plate 100 µL on Temperature Module GEN1 on 3 at 7.56 uL/sec
Dropping tip into A1 of Opentrons Fixed Trash on 12
Picking up tip from F5 of Opentrons OT-2 96 Filter Tip Rack 20 µL on 6
Aspirating 1.0 uL from C1 of Opentrons 24 Well Aluminum Block with NEST 1.5 mL Screwcap on 5 at 7.56 uL/sec
Dispensing 1.0 uL into H1 of Opentrons 96 Well Aluminum Block with NEST Well Plate 100 µL on Temperature Module GEN1 on 3 at 7.56 uL/sec
Dropping tip into A1 of Opentrons Fixed Trash on 12
Picking up tip from G5 of Opentrons OT-2 96 Filter Tip Rack 20 µL on 6
Aspirating 1.0 uL from D1 of Opentrons 24 Well Aluminum Block with NEST 1.5 mL Screwcap on 5 at 7.56 uL/sec
Dispensing 1.0 uL into H1 of Opentrons 96 Well Aluminum Block with NEST Well Plate 100 µL on Temperature Module GEN1 on 3 at 7.56 uL/sec
Dropping tip into A1 of Opentrons Fixed Trash on 12
Picking up tip from H5 of Opentrons OT-2 96 Filter Tip Rack 20 µL on 6
Aspirating 1.0 uL from A2 of Opentrons 24 Well Aluminum Block with NEST 1.5 mL Screwcap on 5 at 7.56 uL/sec
Dispensing 1.0 uL into H1 of Opentrons 96 Well Aluminum Block with NEST Well Plate 100 µL on Temperature Module GEN1 on 3 at 7.56 uL/sec
Mixing 7 times with a volume of 10.0 ul
	Aspirating 10.0 uL from H1 of Opentrons 96 Well Aluminum Block with NEST Well Plate 100 µL on Temperature Module GEN1 on 3 at 7.56 uL/sec
	Dispensing 10.0 uL into H1 of Opentrons 96 Well Aluminum Block with NEST Well Plate 100 µL on Temperature Module GEN1 on 3 at 7.56 uL/sec
	Aspirating 10.0 uL from H1 of Opentrons 96 Well Aluminum Block with NEST Well Plate 100 µL on Temperature Module GEN1 on 3 at 7.56 uL/sec
	Dispensing 10.0 uL into H1 of Opentrons 96 Well Aluminum Block with NEST Well Plate 100 µL on Temperature Module GEN1 on 3 at 7.56 uL/sec
	Aspirating 10.0 uL from H1 of Opentrons 96 Well Aluminum Block with NEST Well Plate 100 µL on Temperature Module GEN1 on 3 at 7.56 uL/sec
	Dispensing 10.0 uL into H1 of Opentrons 96 Well Aluminum Block with NEST Well Plate 100 µL on Temperature Module GEN1 on 3 at 7.56 uL/sec
	Aspirating 10.0 uL from H1 of Opentrons 96 Well Aluminum Block with NEST Well Plate 100 µL on Temperature Module GEN1 on 3 at 7.56 uL/sec
	Dispensing 10.0 uL into H1 of Opentrons 96 Well Aluminum Block with NEST Well Plate 100 µL on Temperature Module GEN1 on 3 at 7.56 uL/sec
	Aspirating 10.0 uL from H1 of Opentrons 96 Well Aluminum Block with NEST Well Plate 100 µL on Temperature Module GEN1 on 3 at 7.56 uL/sec
	Dispensing 10.0 uL into H1 of Opentrons 96 Well Aluminum Block with NEST Well Plate 100 µL on Temperature Module GEN1 on 3 at 7.56 uL/sec
	Aspirating 10.0 uL from H1 of Opentrons 96 Well Aluminum Block with NEST Well Plate 100 µL on Temperature Module GEN1 on 3 at 7.56 uL/sec
	Dispensing 10.0 uL into H1 of Opentrons 96 Well Aluminum Block with NEST Well Plate 100 µL on Temperature Module GEN1 on 3 at 7.56 uL/sec
	Aspirating 10.0 uL from H1 of Opentrons 96 Well Aluminum Block with NEST Well Plate 100 µL on Temperature Module GEN1 on 3 at 7.56 uL/sec
	Dispensing 10.0 uL into H1 of Opentrons 96 Well Aluminum Block with NEST Well Plate 100 µL on Temperature Module GEN1 on 3 at 7.56 uL/sec
Dropping tip into A1 of Opentrons Fixed Trash on 12
Picking up tip from A6 of Opentrons OT-2 96 Filter Tip Rack 20 µL on 6
Aspirating 5.0 uL from A1 of Opentrons 24 Well Aluminum Block with NEST 1.5 mL Screwcap on 5 at 7.56 uL/sec
Dispensing 5.0 uL into A2 of Opentrons 96 Well Aluminum Block with NEST Well Plate 100 µL on Temperature Module GEN1 on 3 at 7.56 uL/sec
Dropping tip into A1 of Opentrons Fixed Trash on 12
Picking up tip from B6 of Opentrons OT-2 96 Filter Tip Rack 20 µL on 6
Aspirating 2.0 uL from B1 of Opentrons 24 Well Aluminum Block with NEST 1.5 mL Screwcap on 5 at 7.56 uL/sec
Dispensing 2.0 uL into A2 of Opentrons 96 Well Aluminum Block with NEST Well Plate 100 µL on Temperature Module GEN1 on 3 at 7.56 uL/sec
Dropping tip into A1 of Opentrons Fixed Trash on 12
Picking up tip from C6 of Opentrons OT-2 96 Filter Tip Rack 20 µL on 6
Aspirating 1.0 uL from C1 of Opentrons 24 Well Aluminum Block with NEST 1.5 mL Screwcap on 5 at 7.56 uL/sec
Dispensing 1.0 uL into A2 of Opentrons 96 Well Aluminum Block with NEST Well Plate 100 µL on Temperature Module GEN1 on 3 at 7.56 uL/sec
Dropping tip into A1 of Opentrons Fixed Trash on 12
Picking up tip from D6 of Opentrons OT-2 96 Filter Tip Rack 20 µL on 6
Aspirating 1.0 uL from D1 of Opentrons 24 Well Aluminum Block with NEST 1.5 mL Screwcap on 5 at 7.56 uL/sec
Dispensing 1.0 uL into A2 of Opentrons 96 Well Aluminum Block with NEST Well Plate 100 µL on Temperature Module GEN1 on 3 at 7.56 uL/sec
Dropping tip into A1 of Opentrons Fixed Trash on 12
Picking up tip from E6 of Opentrons OT-2 96 Filter Tip Rack 20 µL on 6
Aspirating 1.0 uL from A2 of Opentrons 24 Well Aluminum Block with NEST 1.5 mL Screwcap on 5 at 7.56 uL/sec
Dispensing 1.0 uL into A2 of Opentrons 96 Well Aluminum Block with NEST Well Plate 100 µL on Temperature Module GEN1 on 3 at 7.56 uL/sec
Mixing 7 times with a volume of 10.0 ul
	Aspirating 10.0 uL from A2 of Opentrons 96 Well Aluminum Block with NEST Well Plate 100 µL on Temperature Module GEN1 on 3 at 7.56 uL/sec
	Dispensing 10.0 uL into A2 of Opentrons 96 Well Aluminum Block with NEST Well Plate 100 µL on Temperature Module GEN1 on 3 at 7.56 uL/sec
	Aspirating 10.0 uL from A2 of Opentrons 96 Well Aluminum Block with NEST Well Plate 100 µL on Temperature Module GEN1 on 3 at 7.56 uL/sec
	Dispensing 10.0 uL into A2 of Opentrons 96 Well Aluminum Block with NEST Well Plate 100 µL on Temperature Module GEN1 on 3 at 7.56 uL/sec
	Aspirating 10.0 uL from A2 of Opentrons 96 Well Aluminum Block with NEST Well Plate 100 µL on Temperature Module GEN1 on 3 at 7.56 uL/sec
	Dispensing 10.0 uL into A2 of Opentrons 96 Well Aluminum Block with NEST Well Plate 100 µL on Temperature Module GEN1 on 3 at 7.56 uL/sec
	Aspirating 10.0 uL from A2 of Opentrons 96 Well Aluminum Block with NEST Well Plate 100 µL on Temperature Module GEN1 on 3 at 7.56 uL/sec
	Dispensing 10.0 uL into A2 of Opentrons 96 Well Aluminum Block with NEST Well Plate 100 µL on Temperature Module GEN1 on 3 at 7.56 uL/sec
	Aspirating 10.0 uL from A2 of Opentrons 96 Well Aluminum Block with NEST Well Plate 100 µL on Temperature Module GEN1 on 3 at 7.56 uL/sec
	Dispensing 10.0 uL into A2 of Opentrons 96 Well Aluminum Block with NEST Well Plate 100 µL on Temperature Module GEN1 on 3 at 7.56 uL/sec
	Aspirating 10.0 uL from A2 of Opentrons 96 Well Aluminum Block with NEST Well Plate 100 µL on Temperature Module GEN1 on 3 at 7.56 uL/sec
	Dispensing 10.0 uL into A2 of Opentrons 96 Well Aluminum Block with NEST Well Plate 100 µL on Temperature Module GEN1 on 3 at 7.56 uL/sec
	Aspirating 10.0 uL from A2 of Opentrons 96 Well Aluminum Block with NEST Well Plate 100 µL on Temperature Module GEN1 on 3 at 7.56 uL/sec
	Dispensing 10.0 uL into A2 of Opentrons 96 Well Aluminum Block with NEST Well Plate 100 µL on Temperature Module GEN1 on 3 at 7.56 uL/sec
Dropping tip into A1 of Opentrons Fixed Trash on 12
Picking up tip from F6 of Opentrons OT-2 96 Filter Tip Rack 20 µL on 6
Aspirating 5.0 uL from A1 of Opentrons 24 Well Aluminum Block with NEST 1.5 mL Screwcap on 5 at 7.56 uL/sec
Dispensing 5.0 uL into B2 of Opentrons 96 Well Aluminum Block with NEST Well Plate 100 µL on Temperature Module GEN1 on 3 at 7.56 uL/sec
Dropping tip into A1 of Opentrons Fixed Trash on 12
Picking up tip from G6 of Opentrons OT-2 96 Filter Tip Rack 20 µL on 6
Aspirating 2.0 uL from B1 of Opentrons 24 Well Aluminum Block with NEST 1.5 mL Screwcap on 5 at 7.56 uL/sec
Dispensing 2.0 uL into B2 of Opentrons 96 Well Aluminum Block with NEST Well Plate 100 µL on Temperature Module GEN1 on 3 at 7.56 uL/sec
Dropping tip into A1 of Opentrons Fixed Trash on 12
Picking up tip from H6 of Opentrons OT-2 96 Filter Tip Rack 20 µL on 6
Aspirating 1.0 uL from C1 of Opentrons 24 Well Aluminum Block with NEST 1.5 mL Screwcap on 5 at 7.56 uL/sec
Dispensing 1.0 uL into B2 of Opentrons 96 Well Aluminum Block with NEST Well Plate 100 µL on Temperature Module GEN1 on 3 at 7.56 uL/sec
Dropping tip into A1 of Opentrons Fixed Trash on 12
Picking up tip from A7 of Opentrons OT-2 96 Filter Tip Rack 20 µL on 6
Aspirating 1.0 uL from D1 of Opentrons 24 Well Aluminum Block with NEST 1.5 mL Screwcap on 5 at 7.56 uL/sec
Dispensing 1.0 uL into B2 of Opentrons 96 Well Aluminum Block with NEST Well Plate 100 µL on Temperature Module GEN1 on 3 at 7.56 uL/sec
Dropping tip into A1 of Opentrons Fixed Trash on 12
Picking up tip from B7 of Opentrons OT-2 96 Filter Tip Rack 20 µL on 6
Aspirating 1.0 uL from A2 of Opentrons 24 Well Aluminum Block with NEST 1.5 mL Screwcap on 5 at 7.56 uL/sec
Dispensing 1.0 uL into B2 of Opentrons 96 Well Aluminum Block with NEST Well Plate 100 µL on Temperature Module GEN1 on 3 at 7.56 uL/sec
Mixing 7 times with a volume of 10.0 ul
	Aspirating 10.0 uL from B2 of Opentrons 96 Well Aluminum Block with NEST Well Plate 100 µL on Temperature Module GEN1 on 3 at 7.56 uL/sec
	Dispensing 10.0 uL into B2 of Opentrons 96 Well Aluminum Block with NEST Well Plate 100 µL on Temperature Module GEN1 on 3 at 7.56 uL/sec
	Aspirating 10.0 uL from B2 of Opentrons 96 Well Aluminum Block with NEST Well Plate 100 µL on Temperature Module GEN1 on 3 at 7.56 uL/sec
	Dispensing 10.0 uL into B2 of Opentrons 96 Well Aluminum Block with NEST Well Plate 100 µL on Temperature Module GEN1 on 3 at 7.56 uL/sec
	Aspirating 10.0 uL from B2 of Opentrons 96 Well Aluminum Block with NEST Well Plate 100 µL on Temperature Module GEN1 on 3 at 7.56 uL/sec
	Dispensing 10.0 uL into B2 of Opentrons 96 Well Aluminum Block with NEST Well Plate 100 µL on Temperature Module GEN1 on 3 at 7.56 uL/sec
	Aspirating 10.0 uL from B2 of Opentrons 96 Well Aluminum Block with NEST Well Plate 100 µL on Temperature Module GEN1 on 3 at 7.56 uL/sec
	Dispensing 10.0 uL into B2 of Opentrons 96 Well Aluminum Block with NEST Well Plate 100 µL on Temperature Module GEN1 on 3 at 7.56 uL/sec
	Aspirating 10.0 uL from B2 of Opentrons 96 Well Aluminum Block with NEST Well Plate 100 µL on Temperature Module GEN1 on 3 at 7.56 uL/sec
	Dispensing 10.0 uL into B2 of Opentrons 96 Well Aluminum Block with NEST Well Plate 100 µL on Temperature Module GEN1 on 3 at 7.56 uL/sec
	Aspirating 10.0 uL from B2 of Opentrons 96 Well Aluminum Block with NEST Well Plate 100 µL on Temperature Module GEN1 on 3 at 7.56 uL/sec
	Dispensing 10.0 uL into B2 of Opentrons 96 Well Aluminum Block with NEST Well Plate 100 µL on Temperature Module GEN1 on 3 at 7.56 uL/sec
	Aspirating 10.0 uL from B2 of Opentrons 96 Well Aluminum Block with NEST Well Plate 100 µL on Temperature Module GEN1 on 3 at 7.56 uL/sec
	Dispensing 10.0 uL into B2 of Opentrons 96 Well Aluminum Block with NEST Well Plate 100 µL on Temperature Module GEN1 on 3 at 7.56 uL/sec
Dropping tip into A1 of Opentrons Fixed Trash on 12
Picking up tip from C7 of Opentrons OT-2 96 Filter Tip Rack 20 µL on 6
Aspirating 5.0 uL from A1 of Opentrons 24 Well Aluminum Block with NEST 1.5 mL Screwcap on 5 at 7.56 uL/sec
Dispensing 5.0 uL into C2 of Opentrons 96 Well Aluminum Block with NEST Well Plate 100 µL on Temperature Module GEN1 on 3 at 7.56 uL/sec
Dropping tip into A1 of Opentrons Fixed Trash on 12
Picking up tip from D7 of Opentrons OT-2 96 Filter Tip Rack 20 µL on 6
Aspirating 2.0 uL from B1 of Opentrons 24 Well Aluminum Block with NEST 1.5 mL Screwcap on 5 at 7.56 uL/sec
Dispensing 2.0 uL into C2 of Opentrons 96 Well Aluminum Block with NEST Well Plate 100 µL on Temperature Module GEN1 on 3 at 7.56 uL/sec
Dropping tip into A1 of Opentrons Fixed Trash on 12
Picking up tip from E7 of Opentrons OT-2 96 Filter Tip Rack 20 µL on 6
Aspirating 1.0 uL from C1 of Opentrons 24 Well Aluminum Block with NEST 1.5 mL Screwcap on 5 at 7.56 uL/sec
Dispensing 1.0 uL into C2 of Opentrons 96 Well Aluminum Block with NEST Well Plate 100 µL on Temperature Module GEN1 on 3 at 7.56 uL/sec
Dropping tip into A1 of Opentrons Fixed Trash on 12
Picking up tip from F7 of Opentrons OT-2 96 Filter Tip Rack 20 µL on 6
Aspirating 1.0 uL from D1 of Opentrons 24 Well Aluminum Block with NEST 1.5 mL Screwcap on 5 at 7.56 uL/sec
Dispensing 1.0 uL into C2 of Opentrons 96 Well Aluminum Block with NEST Well Plate 100 µL on Temperature Module GEN1 on 3 at 7.56 uL/sec
Dropping tip into A1 of Opentrons Fixed Trash on 12
Picking up tip from G7 of Opentrons OT-2 96 Filter Tip Rack 20 µL on 6
Aspirating 1.0 uL from A2 of Opentrons 24 Well Aluminum Block with NEST 1.5 mL Screwcap on 5 at 7.56 uL/sec
Dispensing 1.0 uL into C2 of Opentrons 96 Well Aluminum Block with NEST Well Plate 100 µL on Temperature Module GEN1 on 3 at 7.56 uL/sec
Mixing 7 times with a volume of 10.0 ul
	Aspirating 10.0 uL from C2 of Opentrons 96 Well Aluminum Block with NEST Well Plate 100 µL on Temperature Module GEN1 on 3 at 7.56 uL/sec
	Dispensing 10.0 uL into C2 of Opentrons 96 Well Aluminum Block with NEST Well Plate 100 µL on Temperature Module GEN1 on 3 at 7.56 uL/sec
	Aspirating 10.0 uL from C2 of Opentrons 96 Well Aluminum Block with NEST Well Plate 100 µL on Temperature Module GEN1 on 3 at 7.56 uL/sec
	Dispensing 10.0 uL into C2 of Opentrons 96 Well Aluminum Block with NEST Well Plate 100 µL on Temperature Module GEN1 on 3 at 7.56 uL/sec
	Aspirating 10.0 uL from C2 of Opentrons 96 Well Aluminum Block with NEST Well Plate 100 µL on Temperature Module GEN1 on 3 at 7.56 uL/sec
	Dispensing 10.0 uL into C2 of Opentrons 96 Well Aluminum Block with NEST Well Plate 100 µL on Temperature Module GEN1 on 3 at 7.56 uL/sec
	Aspirating 10.0 uL from C2 of Opentrons 96 Well Aluminum Block with NEST Well Plate 100 µL on Temperature Module GEN1 on 3 at 7.56 uL/sec
	Dispensing 10.0 uL into C2 of Opentrons 96 Well Aluminum Block with NEST Well Plate 100 µL on Temperature Module GEN1 on 3 at 7.56 uL/sec
	Aspirating 10.0 uL from C2 of Opentrons 96 Well Aluminum Block with NEST Well Plate 100 µL on Temperature Module GEN1 on 3 at 7.56 uL/sec
	Dispensing 10.0 uL into C2 of Opentrons 96 Well Aluminum Block with NEST Well Plate 100 µL on Temperature Module GEN1 on 3 at 7.56 uL/sec
	Aspirating 10.0 uL from C2 of Opentrons 96 Well Aluminum Block with NEST Well Plate 100 µL on Temperature Module GEN1 on 3 at 7.56 uL/sec
	Dispensing 10.0 uL into C2 of Opentrons 96 Well Aluminum Block with NEST Well Plate 100 µL on Temperature Module GEN1 on 3 at 7.56 uL/sec
	Aspirating 10.0 uL from C2 of Opentrons 96 Well Aluminum Block with NEST Well Plate 100 µL on Temperature Module GEN1 on 3 at 7.56 uL/sec
	Dispensing 10.0 uL into C2 of Opentrons 96 Well Aluminum Block with NEST Well Plate 100 µL on Temperature Module GEN1 on 3 at 7.56 uL/sec
Dropping tip into A1 of Opentrons Fixed Trash on 12
Picking up tip from H7 of Opentrons OT-2 96 Filter Tip Rack 20 µL on 6
Aspirating 5.0 uL from A1 of Opentrons 24 Well Aluminum Block with NEST 1.5 mL Screwcap on 5 at 7.56 uL/sec
Dispensing 5.0 uL into D2 of Opentrons 96 Well Aluminum Block with NEST Well Plate 100 µL on Temperature Module GEN1 on 3 at 7.56 uL/sec
Dropping tip into A1 of Opentrons Fixed Trash on 12
Picking up tip from A8 of Opentrons OT-2 96 Filter Tip Rack 20 µL on 6
Aspirating 2.0 uL from B1 of Opentrons 24 Well Aluminum Block with NEST 1.5 mL Screwcap on 5 at 7.56 uL/sec
Dispensing 2.0 uL into D2 of Opentrons 96 Well Aluminum Block with NEST Well Plate 100 µL on Temperature Module GEN1 on 3 at 7.56 uL/sec
Dropping tip into A1 of Opentrons Fixed Trash on 12
Picking up tip from B8 of Opentrons OT-2 96 Filter Tip Rack 20 µL on 6
Aspirating 1.0 uL from C1 of Opentrons 24 Well Aluminum Block with NEST 1.5 mL Screwcap on 5 at 7.56 uL/sec
Dispensing 1.0 uL into D2 of Opentrons 96 Well Aluminum Block with NEST Well Plate 100 µL on Temperature Module GEN1 on 3 at 7.56 uL/sec
Dropping tip into A1 of Opentrons Fixed Trash on 12
Picking up tip from C8 of Opentrons OT-2 96 Filter Tip Rack 20 µL on 6
Aspirating 1.0 uL from D1 of Opentrons 24 Well Aluminum Block with NEST 1.5 mL Screwcap on 5 at 7.56 uL/sec
Dispensing 1.0 uL into D2 of Opentrons 96 Well Aluminum Block with NEST Well Plate 100 µL on Temperature Module GEN1 on 3 at 7.56 uL/sec
Dropping tip into A1 of Opentrons Fixed Trash on 12
Picking up tip from D8 of Opentrons OT-2 96 Filter Tip Rack 20 µL on 6
Aspirating 1.0 uL from A2 of Opentrons 24 Well Aluminum Block with NEST 1.5 mL Screwcap on 5 at 7.56 uL/sec
Dispensing 1.0 uL into D2 of Opentrons 96 Well Aluminum Block with NEST Well Plate 100 µL on Temperature Module GEN1 on 3 at 7.56 uL/sec
Mixing 7 times with a volume of 10.0 ul
	Aspirating 10.0 uL from D2 of Opentrons 96 Well Aluminum Block with NEST Well Plate 100 µL on Temperature Module GEN1 on 3 at 7.56 uL/sec
	Dispensing 10.0 uL into D2 of Opentrons 96 Well Aluminum Block with NEST Well Plate 100 µL on Temperature Module GEN1 on 3 at 7.56 uL/sec
	Aspirating 10.0 uL from D2 of Opentrons 96 Well Aluminum Block with NEST Well Plate 100 µL on Temperature Module GEN1 on 3 at 7.56 uL/sec
	Dispensing 10.0 uL into D2 of Opentrons 96 Well Aluminum Block with NEST Well Plate 100 µL on Temperature Module GEN1 on 3 at 7.56 uL/sec
	Aspirating 10.0 uL from D2 of Opentrons 96 Well Aluminum Block with NEST Well Plate 100 µL on Temperature Module GEN1 on 3 at 7.56 uL/sec
	Dispensing 10.0 uL into D2 of Opentrons 96 Well Aluminum Block with NEST Well Plate 100 µL on Temperature Module GEN1 on 3 at 7.56 uL/sec
	Aspirating 10.0 uL from D2 of Opentrons 96 Well Aluminum Block with NEST Well Plate 100 µL on Temperature Module GEN1 on 3 at 7.56 uL/sec
	Dispensing 10.0 uL into D2 of Opentrons 96 Well Aluminum Block with NEST Well Plate 100 µL on Temperature Module GEN1 on 3 at 7.56 uL/sec
	Aspirating 10.0 uL from D2 of Opentrons 96 Well Aluminum Block with NEST Well Plate 100 µL on Temperature Module GEN1 on 3 at 7.56 uL/sec
	Dispensing 10.0 uL into D2 of Opentrons 96 Well Aluminum Block with NEST Well Plate 100 µL on Temperature Module GEN1 on 3 at 7.56 uL/sec
	Aspirating 10.0 uL from D2 of Opentrons 96 Well Aluminum Block with NEST Well Plate 100 µL on Temperature Module GEN1 on 3 at 7.56 uL/sec
	Dispensing 10.0 uL into D2 of Opentrons 96 Well Aluminum Block with NEST Well Plate 100 µL on Temperature Module GEN1 on 3 at 7.56 uL/sec
	Aspirating 10.0 uL from D2 of Opentrons 96 Well Aluminum Block with NEST Well Plate 100 µL on Temperature Module GEN1 on 3 at 7.56 uL/sec
	Dispensing 10.0 uL into D2 of Opentrons 96 Well Aluminum Block with NEST Well Plate 100 µL on Temperature Module GEN1 on 3 at 7.56 uL/sec
Dropping tip into A1 of Opentrons Fixed Trash on 12
Pausing robot operation: Please centrifuge the PCR plate with samples and then place it
                onto the thermocycler module.
Closing Thermocycler lid
Thermocycler starting 1 repetitions of cycle composed of the following steps: [{'temperature': 37, 'hold_time_minutes': 7}, {'temperature': 65, 'hold_time_minutes': 10}, {'temperature': 80, 'hold_time_minutes': 10}]
Setting Thermocycler well block temperature to 4.0 °C
Opening Thermocycler lid
Pausing robot operation: Centrifuge the PCR plate briefly and then place either on ice
                 or the temperature module. Prepare for the next protocol
Caught exception: {'message': 'Task was destroyed but it is pending!', 'task': <Task pending name='Task-2' coro=<Poller._poll_forever() running at /Users/dp/Desktop/project/github/opentrons/venv/lib/python3.10/site-packages/opentrons/hardware_control/poller.py:80> wait_for=<Future pending cb=[Task.task_wakeup()]>>}
Caught exception: {'message': 'Task was destroyed but it is pending!', 'task': <Task pending name='Task-3' coro=<Poller._poll_forever() running at /Users/dp/Desktop/project/github/opentrons/venv/lib/python3.10/site-packages/opentrons/hardware_control/poller.py:80> wait_for=<Future pending cb=[Task.task_wakeup()]>>}
Caught exception: {'message': 'Task was destroyed but it is pending!', 'task': <Task pending name='Task-4' coro=<Poller._poll_forever() running at /Users/dp/Desktop/project/github/opentrons/venv/lib/python3.10/site-packages/opentrons/hardware_control/poller.py:80> wait_for=<Future pending cb=[Task.task_wakeup()]>>}
