/Users/dp/Desktop/project/github/opentrons/venv/lib/python3.10/site-packages/opentrons/hardware_control/simulator_setup.py:205: UserWarning: Simulator configuration does not name a machine, defaulting to OT-2 Standard
  warn(
/Users/dp/.opentrons/robot_settings.json not found. Loading defaults
Deck calibration not found.
/Users/dp/.opentrons/deck_calibration.json not found. Loading defaults
Delaying for 0 minutes and 10.0 seconds
Labware loaded for this run: dict_values([Opentrons Fixed Trash on 12, Opentrons OT-2 96 Tip Rack 20 µL on 11, Corning 96 Well Plate 360 µL Flat on 1, Corning 384 Well Plate 112 µL Flat on 2, Corning 24 Well Plate 3.4 mL Flat on 3])
Picking up tip from A1 of Opentrons OT-2 96 Tip Rack 20 µL on 11
Aspirating 6.0 uL from B2 of Corning 96 Well Plate 360 µL Flat on 1 at 7.56 uL/sec
Dispensing 6.0 uL into B2 of Corning 96 Well Plate 360 µL Flat on 1 at 7.56 uL/sec
Aspirating 6.0 uL from B2 of Corning 96 Well Plate 360 µL Flat on 1 at 7.56 uL/sec
Dispensing 6.0 uL into B2 of Corning 96 Well Plate 360 µL Flat on 1 at 7.56 uL/sec
Transferring 6.0 from B2 of Corning 96 Well Plate 360 µL Flat on 1 to A1 of Corning 96 Well Plate 360 µL Flat on 1
	Aspirating 6.0 uL from B2 of Corning 96 Well Plate 360 µL Flat on 1 at 7.56 uL/sec
	Dispensing 6.0 uL into A1 of Corning 96 Well Plate 360 µL Flat on 1 at 7.56 uL/sec
Dropping tip into A1 of Opentrons Fixed Trash on 12
Picking up tip from B1 of Opentrons OT-2 96 Tip Rack 20 µL on 11
Aspirating 6.0 uL from B12 of Corning 96 Well Plate 360 µL Flat on 1 at 7.56 uL/sec
Dispensing 6.0 uL into B12 of Corning 96 Well Plate 360 µL Flat on 1 at 7.56 uL/sec
Aspirating 6.0 uL from B12 of Corning 96 Well Plate 360 µL Flat on 1 at 7.56 uL/sec
Dispensing 6.0 uL into B12 of Corning 96 Well Plate 360 µL Flat on 1 at 7.56 uL/sec
Transferring 6.0 from B12 of Corning 96 Well Plate 360 µL Flat on 1 to A2 of Corning 96 Well Plate 360 µL Flat on 1
	Aspirating 6.0 uL from B12 of Corning 96 Well Plate 360 µL Flat on 1 at 7.56 uL/sec
	Dispensing 6.0 uL into A2 of Corning 96 Well Plate 360 µL Flat on 1 at 7.56 uL/sec
Dropping tip into A1 of Opentrons Fixed Trash on 12
Picking up tip from C1 of Opentrons OT-2 96 Tip Rack 20 µL on 11
Aspirating 10.0 uL from P18 of Corning 384 Well Plate 112 µL Flat on 2 at 7.56 uL/sec
Dispensing 10.0 uL into P18 of Corning 384 Well Plate 112 µL Flat on 2 at 7.56 uL/sec
Aspirating 10.0 uL from P18 of Corning 384 Well Plate 112 µL Flat on 2 at 7.56 uL/sec
Dispensing 10.0 uL into P18 of Corning 384 Well Plate 112 µL Flat on 2 at 7.56 uL/sec
Transferring 10.0 from P18 of Corning 384 Well Plate 112 µL Flat on 2 to B1 of Corning 96 Well Plate 360 µL Flat on 1
	Aspirating 10.0 uL from P18 of Corning 384 Well Plate 112 µL Flat on 2 at 7.56 uL/sec
	Dispensing 10.0 uL into B1 of Corning 96 Well Plate 360 µL Flat on 1 at 7.56 uL/sec
Dropping tip into A1 of Opentrons Fixed Trash on 12
Picking up tip from D1 of Opentrons OT-2 96 Tip Rack 20 µL on 11
Aspirating 10.0 uL from A6 of Corning 24 Well Plate 3.4 mL Flat on 3 at 7.56 uL/sec
Dispensing 10.0 uL into A6 of Corning 24 Well Plate 3.4 mL Flat on 3 at 7.56 uL/sec
Aspirating 10.0 uL from A6 of Corning 24 Well Plate 3.4 mL Flat on 3 at 7.56 uL/sec
Dispensing 10.0 uL into A6 of Corning 24 Well Plate 3.4 mL Flat on 3 at 7.56 uL/sec
Transferring 10.0 from A6 of Corning 24 Well Plate 3.4 mL Flat on 3 to B2 of Corning 96 Well Plate 360 µL Flat on 1
	Aspirating 10.0 uL from A6 of Corning 24 Well Plate 3.4 mL Flat on 3 at 7.56 uL/sec
	Dispensing 10.0 uL into B2 of Corning 96 Well Plate 360 µL Flat on 1 at 7.56 uL/sec
Dropping tip into A1 of Opentrons Fixed Trash on 12
Caught exception: {'message': 'Task was destroyed but it is pending!', 'task': <Task pending name='Task-4' coro=<Poller._poll_forever() running at /Users/dp/Desktop/project/github/opentrons/venv/lib/python3.10/site-packages/opentrons/hardware_control/poller.py:80> wait_for=<Future pending cb=[Task.task_wakeup()]>>}
Caught exception: {'message': 'Task was destroyed but it is pending!', 'task': <Task pending name='Task-3' coro=<Poller._poll_forever() running at /Users/dp/Desktop/project/github/opentrons/venv/lib/python3.10/site-packages/opentrons/hardware_control/poller.py:80> wait_for=<Future pending cb=[Task.task_wakeup()]>>}
Caught exception: {'message': 'Task was destroyed but it is pending!', 'task': <Task pending name='Task-2' coro=<Poller._poll_forever() running at /Users/dp/Desktop/project/github/opentrons/venv/lib/python3.10/site-packages/opentrons/hardware_control/poller.py:80> wait_for=<Future pending cb=[Task.task_wakeup()]>>}
