/Users/dp/Desktop/project/github/opentrons/venv/lib/python3.10/site-packages/opentrons/hardware_control/simulator_setup.py:205: UserWarning: Simulator configuration does not name a machine, defaulting to OT-2 Standard
  warn(
/Users/dp/.opentrons/robot_settings.json not found. Loading defaults
Deck calibration not found.
/Users/dp/.opentrons/deck_calibration.json not found. Loading defaults
Disengaging Magnetic Module
Logs from this command:
WARNING (legacy_module_core): The labware definition for axygen_96_wellplate_300ul does not define a default engagement height for use with the Magnetic Module; you must specify a height explicitly when calling engage().
Adding 20ul of magbeads to samples...
Picking up tip from A1 of Opentrons OT-2 96 Filter Tip Rack 200 µL on 1
Aspirating 20.0 uL from A8 of NEST 12 Well Reservoir 15 mL on 5 at 50.0 uL/sec
Dispensing 20.0 uL into A1 of Axygen 96 Well Plate 300 µL on Magnetic Module GEN1 on 6 at 150.0 uL/sec
Mixing 10 times with a volume of 30.0 ul
	Aspirating 30.0 uL from A1 of Axygen 96 Well Plate 300 µL on Magnetic Module GEN1 on 6 at 50.0 uL/sec
	Dispensing 30.0 uL into A1 of Axygen 96 Well Plate 300 µL on Magnetic Module GEN1 on 6 at 150.0 uL/sec
	Aspirating 30.0 uL from A1 of Axygen 96 Well Plate 300 µL on Magnetic Module GEN1 on 6 at 50.0 uL/sec
	Dispensing 30.0 uL into A1 of Axygen 96 Well Plate 300 µL on Magnetic Module GEN1 on 6 at 150.0 uL/sec
	Aspirating 30.0 uL from A1 of Axygen 96 Well Plate 300 µL on Magnetic Module GEN1 on 6 at 50.0 uL/sec
	Dispensing 30.0 uL into A1 of Axygen 96 Well Plate 300 µL on Magnetic Module GEN1 on 6 at 150.0 uL/sec
	Aspirating 30.0 uL from A1 of Axygen 96 Well Plate 300 µL on Magnetic Module GEN1 on 6 at 50.0 uL/sec
	Dispensing 30.0 uL into A1 of Axygen 96 Well Plate 300 µL on Magnetic Module GEN1 on 6 at 150.0 uL/sec
	Aspirating 30.0 uL from A1 of Axygen 96 Well Plate 300 µL on Magnetic Module GEN1 on 6 at 50.0 uL/sec
	Dispensing 30.0 uL into A1 of Axygen 96 Well Plate 300 µL on Magnetic Module GEN1 on 6 at 150.0 uL/sec
	Aspirating 30.0 uL from A1 of Axygen 96 Well Plate 300 µL on Magnetic Module GEN1 on 6 at 50.0 uL/sec
	Dispensing 30.0 uL into A1 of Axygen 96 Well Plate 300 µL on Magnetic Module GEN1 on 6 at 150.0 uL/sec
	Aspirating 30.0 uL from A1 of Axygen 96 Well Plate 300 µL on Magnetic Module GEN1 on 6 at 50.0 uL/sec
	Dispensing 30.0 uL into A1 of Axygen 96 Well Plate 300 µL on Magnetic Module GEN1 on 6 at 150.0 uL/sec
	Aspirating 30.0 uL from A1 of Axygen 96 Well Plate 300 µL on Magnetic Module GEN1 on 6 at 50.0 uL/sec
	Dispensing 30.0 uL into A1 of Axygen 96 Well Plate 300 µL on Magnetic Module GEN1 on 6 at 150.0 uL/sec
	Aspirating 30.0 uL from A1 of Axygen 96 Well Plate 300 µL on Magnetic Module GEN1 on 6 at 50.0 uL/sec
	Dispensing 30.0 uL into A1 of Axygen 96 Well Plate 300 µL on Magnetic Module GEN1 on 6 at 150.0 uL/sec
	Aspirating 30.0 uL from A1 of Axygen 96 Well Plate 300 µL on Magnetic Module GEN1 on 6 at 50.0 uL/sec
	Dispensing 30.0 uL into A1 of Axygen 96 Well Plate 300 µL on Magnetic Module GEN1 on 6 at 150.0 uL/sec
Blowing out at A1 of Axygen 96 Well Plate 300 µL on Magnetic Module GEN1 on 6
Dropping tip into A1 of Opentrons Fixed Trash on 12
Incubating for 5 minutes (no magnet)...
Delaying for 5 minutes and 0.0 seconds
Engaging Magnetic Module
Incubating for 3 minutes (mag engaged)...
Delaying for 3 minutes and 0.0 seconds
Removing supernatant...
Picking up tip from A2 of Opentrons OT-2 96 Filter Tip Rack 200 µL on 1
Aspirating 60.0 uL from A1 of Axygen 96 Well Plate 300 µL on Magnetic Module GEN1 on 6 at 20.0 uL/sec
Dispensing 60.0 uL into A1 of Liquid Waste on 9 at 150.0 uL/sec
Dropping tip into A1 of Opentrons Fixed Trash on 12
Beginning ethanol wash 1...
Picking up tip from A3 of Opentrons OT-2 96 Filter Tip Rack 200 µL on 1
Aspirating 150.0 uL from A6 of NEST 12 Well Reservoir 15 mL on 5 at 100.0 uL/sec
Dispensing 150.0 uL into A1 of Axygen 96 Well Plate 300 µL on Magnetic Module GEN1 on 6 at 50.0 uL/sec
Blowing out at A1 of Axygen 96 Well Plate 300 µL on Magnetic Module GEN1 on 6
Incubating for 1 minute (mag engaged)...
Delaying for 1 minutes and 0.0 seconds
Removing supernatant...
Aspirating 150.0 uL from A1 of Axygen 96 Well Plate 300 µL on Magnetic Module GEN1 on 6 at 20.0 uL/sec
Dispensing 150.0 uL into A1 of Liquid Waste on 9 at 150.0 uL/sec
Dropping tip into A1 of Opentrons Fixed Trash on 12
Beginning ethanol wash 2...
Picking up tip from A4 of Opentrons OT-2 96 Filter Tip Rack 200 µL on 1
Aspirating 150.0 uL from A4 of NEST 12 Well Reservoir 15 mL on 5 at 100.0 uL/sec
Dispensing 150.0 uL into A1 of Axygen 96 Well Plate 300 µL on Magnetic Module GEN1 on 6 at 50.0 uL/sec
Blowing out at A1 of Axygen 96 Well Plate 300 µL on Magnetic Module GEN1 on 6
Incubating for 1 minute (mag engaged)...
Delaying for 1 minutes and 0.0 seconds
Removing supernatant...
Aspirating 150.0 uL from A1 of Axygen 96 Well Plate 300 µL on Magnetic Module GEN1 on 6 at 20.0 uL/sec
Dispensing 150.0 uL into A1 of Liquid Waste on 9 at 150.0 uL/sec
Dropping tip into A1 of Opentrons Fixed Trash on 12
Air drying for 5 minutes...
Delaying for 5 minutes and 0.0 seconds
Disengaging Magnetic Module
Adding elution buffer...
Picking up tip from A5 of Opentrons OT-2 96 Filter Tip Rack 200 µL on 1
Aspirating 50.0 uL from A1 of NEST 12 Well Reservoir 15 mL on 5 at 50.0 uL/sec
Dispensing 50.0 uL into A1 of Axygen 96 Well Plate 300 µL on Magnetic Module GEN1 on 6 at 150.0 uL/sec
Mixing 10 times with a volume of 40.0 ul
	Aspirating 40.0 uL from A1 of Axygen 96 Well Plate 300 µL on Magnetic Module GEN1 on 6 at 50.0 uL/sec
	Dispensing 40.0 uL into A1 of Axygen 96 Well Plate 300 µL on Magnetic Module GEN1 on 6 at 150.0 uL/sec
	Aspirating 40.0 uL from A1 of Axygen 96 Well Plate 300 µL on Magnetic Module GEN1 on 6 at 50.0 uL/sec
	Dispensing 40.0 uL into A1 of Axygen 96 Well Plate 300 µL on Magnetic Module GEN1 on 6 at 150.0 uL/sec
	Aspirating 40.0 uL from A1 of Axygen 96 Well Plate 300 µL on Magnetic Module GEN1 on 6 at 50.0 uL/sec
	Dispensing 40.0 uL into A1 of Axygen 96 Well Plate 300 µL on Magnetic Module GEN1 on 6 at 150.0 uL/sec
	Aspirating 40.0 uL from A1 of Axygen 96 Well Plate 300 µL on Magnetic Module GEN1 on 6 at 50.0 uL/sec
	Dispensing 40.0 uL into A1 of Axygen 96 Well Plate 300 µL on Magnetic Module GEN1 on 6 at 150.0 uL/sec
	Aspirating 40.0 uL from A1 of Axygen 96 Well Plate 300 µL on Magnetic Module GEN1 on 6 at 50.0 uL/sec
	Dispensing 40.0 uL into A1 of Axygen 96 Well Plate 300 µL on Magnetic Module GEN1 on 6 at 150.0 uL/sec
	Aspirating 40.0 uL from A1 of Axygen 96 Well Plate 300 µL on Magnetic Module GEN1 on 6 at 50.0 uL/sec
	Dispensing 40.0 uL into A1 of Axygen 96 Well Plate 300 µL on Magnetic Module GEN1 on 6 at 150.0 uL/sec
	Aspirating 40.0 uL from A1 of Axygen 96 Well Plate 300 µL on Magnetic Module GEN1 on 6 at 50.0 uL/sec
	Dispensing 40.0 uL into A1 of Axygen 96 Well Plate 300 µL on Magnetic Module GEN1 on 6 at 150.0 uL/sec
	Aspirating 40.0 uL from A1 of Axygen 96 Well Plate 300 µL on Magnetic Module GEN1 on 6 at 50.0 uL/sec
	Dispensing 40.0 uL into A1 of Axygen 96 Well Plate 300 µL on Magnetic Module GEN1 on 6 at 150.0 uL/sec
	Aspirating 40.0 uL from A1 of Axygen 96 Well Plate 300 µL on Magnetic Module GEN1 on 6 at 50.0 uL/sec
	Dispensing 40.0 uL into A1 of Axygen 96 Well Plate 300 µL on Magnetic Module GEN1 on 6 at 150.0 uL/sec
	Aspirating 40.0 uL from A1 of Axygen 96 Well Plate 300 µL on Magnetic Module GEN1 on 6 at 50.0 uL/sec
	Dispensing 40.0 uL into A1 of Axygen 96 Well Plate 300 µL on Magnetic Module GEN1 on 6 at 150.0 uL/sec
Blowing out at A1 of Axygen 96 Well Plate 300 µL on Magnetic Module GEN1 on 6
Dropping tip into A1 of Opentrons Fixed Trash on 12
Engaging Magnetic Module
Incubating for 5 minutes (mag engaged)...
Delaying for 5 minutes and 0.0 seconds
Picking up tip from A6 of Opentrons OT-2 96 Filter Tip Rack 200 µL on 1
Aspirating 50.0 uL from A1 of Axygen 96 Well Plate 300 µL on Magnetic Module GEN1 on 6 at 20.0 uL/sec
Dispensing 50.0 uL into A1 of Axygen 96 Well Plate 300 µL on 3 at 50.0 uL/sec
Blowing out at A1 of Axygen 96 Well Plate 300 µL on 3
Dropping tip into A1 of Opentrons Fixed Trash on 12
Disengaging Magnetic Module
Protocol complete!
Caught exception: {'message': 'Task was destroyed but it is pending!', 'task': <Task pending name='Task-4' coro=<Poller._poll_forever() running at /Users/dp/Desktop/project/github/opentrons/venv/lib/python3.10/site-packages/opentrons/hardware_control/poller.py:80> wait_for=<Future pending cb=[Task.task_wakeup()]>>}
Caught exception: {'message': 'Task was destroyed but it is pending!', 'task': <Task pending name='Task-3' coro=<Poller._poll_forever() running at /Users/dp/Desktop/project/github/opentrons/venv/lib/python3.10/site-packages/opentrons/hardware_control/poller.py:80> wait_for=<Future pending cb=[Task.task_wakeup()]>>}
Caught exception: {'message': 'Task was destroyed but it is pending!', 'task': <Task pending name='Task-2' coro=<Poller._poll_forever() running at /Users/dp/Desktop/project/github/opentrons/venv/lib/python3.10/site-packages/opentrons/hardware_control/poller.py:80> wait_for=<Future pending cb=[Task.task_wakeup()]>>}
