/Users/dp/Desktop/project/github/opentrons/venv/lib/python3.10/site-packages/opentrons/hardware_control/simulator_setup.py:205: UserWarning: Simulator configuration does not name a machine, defaulting to OT-2 Standard
  warn(
/Users/dp/.opentrons/robot_settings.json not found. Loading defaults
Deck calibration not found.
/Users/dp/.opentrons/deck_calibration.json not found. Loading defaults
[A1 of Tuberack B on 2, B1 of Tuberack B on 2, C1 of Tuberack B on 2, D1 of Tuberack B on 2, A2 of Tuberack B on 2, B2 of Tuberack B on 2, C2 of Tuberack B on 2, D2 of Tuberack B on 2, A3 of Tuberack B on 2, B3 of Tuberack B on 2, C3 of Tuberack B on 2, D3 of Tuberack B on 2, A4 of Tuberack B on 2, B4 of Tuberack B on 2, C4 of Tuberack B on 2, D4 of Tuberack B on 2, A5 of Tuberack B on 2, B5 of Tuberack B on 2, C5 of Tuberack B on 2, D5 of Tuberack B on 2, A6 of Tuberack B on 2, B6 of Tuberack B on 2, C6 of Tuberack B on 2, D6 of Tuberack B on 2]
Picking up tip from A1 of Opentrons OT-2 96 Filter Tip Rack 200 µL on 4
Aspirating 100.0 uL from A1 of Tuberack A on 1 at 92.86 uL/sec
Delaying for 0 minutes and 3.0 seconds
Dispensing 100.0 uL into A6 of Tuberack A on 1 at 92.86 uL/sec
Dropping tip into A1 of Opentrons Fixed Trash on 12
Picking up tip from B1 of Opentrons OT-2 96 Filter Tip Rack 200 µL on 4
Aspirating 100.0 uL from A2 of Tuberack A on 1 at 92.86 uL/sec
Delaying for 0 minutes and 3.0 seconds
Dispensing 100.0 uL into A6 of Tuberack A on 1 at 92.86 uL/sec
Dropping tip into A1 of Opentrons Fixed Trash on 12
Picking up tip from C1 of Opentrons OT-2 96 Filter Tip Rack 200 µL on 4
Aspirating 100.0 uL from A3 of Tuberack A on 1 at 92.86 uL/sec
Delaying for 0 minutes and 3.0 seconds
Dispensing 100.0 uL into A6 of Tuberack A on 1 at 92.86 uL/sec
Dropping tip into A1 of Opentrons Fixed Trash on 12
Picking up tip from D1 of Opentrons OT-2 96 Filter Tip Rack 200 µL on 4
Aspirating 100.0 uL from A4 of Tuberack A on 1 at 92.86 uL/sec
Delaying for 0 minutes and 3.0 seconds
Dispensing 100.0 uL into A6 of Tuberack A on 1 at 92.86 uL/sec
Dropping tip into A1 of Opentrons Fixed Trash on 12
Picking up tip from E1 of Opentrons OT-2 96 Filter Tip Rack 200 µL on 4
Aspirating 100.0 uL from A5 of Tuberack A on 1 at 92.86 uL/sec
Delaying for 0 minutes and 3.0 seconds
Dispensing 100.0 uL into A6 of Tuberack A on 1 at 92.86 uL/sec
Mixing 15 times with a volume of 200.0 ul
	Aspirating 200.0 uL from A6 of Tuberack A on 1 at 92.86 uL/sec
	Dispensing 200.0 uL into A6 of Tuberack A on 1 at 92.86 uL/sec
	Aspirating 200.0 uL from A6 of Tuberack A on 1 at 92.86 uL/sec
	Dispensing 200.0 uL into A6 of Tuberack A on 1 at 92.86 uL/sec
	Aspirating 200.0 uL from A6 of Tuberack A on 1 at 92.86 uL/sec
	Dispensing 200.0 uL into A6 of Tuberack A on 1 at 92.86 uL/sec
	Aspirating 200.0 uL from A6 of Tuberack A on 1 at 92.86 uL/sec
	Dispensing 200.0 uL into A6 of Tuberack A on 1 at 92.86 uL/sec
	Aspirating 200.0 uL from A6 of Tuberack A on 1 at 92.86 uL/sec
	Dispensing 200.0 uL into A6 of Tuberack A on 1 at 92.86 uL/sec
	Aspirating 200.0 uL from A6 of Tuberack A on 1 at 92.86 uL/sec
	Dispensing 200.0 uL into A6 of Tuberack A on 1 at 92.86 uL/sec
	Aspirating 200.0 uL from A6 of Tuberack A on 1 at 92.86 uL/sec
	Dispensing 200.0 uL into A6 of Tuberack A on 1 at 92.86 uL/sec
	Aspirating 200.0 uL from A6 of Tuberack A on 1 at 92.86 uL/sec
	Dispensing 200.0 uL into A6 of Tuberack A on 1 at 92.86 uL/sec
	Aspirating 200.0 uL from A6 of Tuberack A on 1 at 92.86 uL/sec
	Dispensing 200.0 uL into A6 of Tuberack A on 1 at 92.86 uL/sec
	Aspirating 200.0 uL from A6 of Tuberack A on 1 at 92.86 uL/sec
	Dispensing 200.0 uL into A6 of Tuberack A on 1 at 92.86 uL/sec
	Aspirating 200.0 uL from A6 of Tuberack A on 1 at 92.86 uL/sec
	Dispensing 200.0 uL into A6 of Tuberack A on 1 at 92.86 uL/sec
	Aspirating 200.0 uL from A6 of Tuberack A on 1 at 92.86 uL/sec
	Dispensing 200.0 uL into A6 of Tuberack A on 1 at 92.86 uL/sec
	Aspirating 200.0 uL from A6 of Tuberack A on 1 at 92.86 uL/sec
	Dispensing 200.0 uL into A6 of Tuberack A on 1 at 92.86 uL/sec
	Aspirating 200.0 uL from A6 of Tuberack A on 1 at 92.86 uL/sec
	Dispensing 200.0 uL into A6 of Tuberack A on 1 at 92.86 uL/sec
	Aspirating 200.0 uL from A6 of Tuberack A on 1 at 92.86 uL/sec
	Dispensing 200.0 uL into A6 of Tuberack A on 1 at 92.86 uL/sec
Dropping tip into A1 of Opentrons Fixed Trash on 12
Picking up tip from F1 of Opentrons OT-2 96 Filter Tip Rack 200 µL on 4
Aspirating 100.0 uL from B1 of Tuberack A on 1 at 92.86 uL/sec
Delaying for 0 minutes and 3.0 seconds
Dispensing 100.0 uL into B6 of Tuberack A on 1 at 92.86 uL/sec
Dropping tip into A1 of Opentrons Fixed Trash on 12
Picking up tip from G1 of Opentrons OT-2 96 Filter Tip Rack 200 µL on 4
Aspirating 100.0 uL from B2 of Tuberack A on 1 at 92.86 uL/sec
Delaying for 0 minutes and 3.0 seconds
Dispensing 100.0 uL into B6 of Tuberack A on 1 at 92.86 uL/sec
Dropping tip into A1 of Opentrons Fixed Trash on 12
Picking up tip from H1 of Opentrons OT-2 96 Filter Tip Rack 200 µL on 4
Aspirating 100.0 uL from B3 of Tuberack A on 1 at 92.86 uL/sec
Delaying for 0 minutes and 3.0 seconds
Dispensing 100.0 uL into B6 of Tuberack A on 1 at 92.86 uL/sec
Dropping tip into A1 of Opentrons Fixed Trash on 12
Picking up tip from A2 of Opentrons OT-2 96 Filter Tip Rack 200 µL on 4
Aspirating 100.0 uL from B4 of Tuberack A on 1 at 92.86 uL/sec
Delaying for 0 minutes and 3.0 seconds
Dispensing 100.0 uL into B6 of Tuberack A on 1 at 92.86 uL/sec
Dropping tip into A1 of Opentrons Fixed Trash on 12
Picking up tip from B2 of Opentrons OT-2 96 Filter Tip Rack 200 µL on 4
Aspirating 100.0 uL from B5 of Tuberack A on 1 at 92.86 uL/sec
Delaying for 0 minutes and 3.0 seconds
Dispensing 100.0 uL into B6 of Tuberack A on 1 at 92.86 uL/sec
Mixing 15 times with a volume of 200.0 ul
	Aspirating 200.0 uL from B6 of Tuberack A on 1 at 92.86 uL/sec
	Dispensing 200.0 uL into B6 of Tuberack A on 1 at 92.86 uL/sec
	Aspirating 200.0 uL from B6 of Tuberack A on 1 at 92.86 uL/sec
	Dispensing 200.0 uL into B6 of Tuberack A on 1 at 92.86 uL/sec
	Aspirating 200.0 uL from B6 of Tuberack A on 1 at 92.86 uL/sec
	Dispensing 200.0 uL into B6 of Tuberack A on 1 at 92.86 uL/sec
	Aspirating 200.0 uL from B6 of Tuberack A on 1 at 92.86 uL/sec
	Dispensing 200.0 uL into B6 of Tuberack A on 1 at 92.86 uL/sec
	Aspirating 200.0 uL from B6 of Tuberack A on 1 at 92.86 uL/sec
	Dispensing 200.0 uL into B6 of Tuberack A on 1 at 92.86 uL/sec
	Aspirating 200.0 uL from B6 of Tuberack A on 1 at 92.86 uL/sec
	Dispensing 200.0 uL into B6 of Tuberack A on 1 at 92.86 uL/sec
	Aspirating 200.0 uL from B6 of Tuberack A on 1 at 92.86 uL/sec
	Dispensing 200.0 uL into B6 of Tuberack A on 1 at 92.86 uL/sec
	Aspirating 200.0 uL from B6 of Tuberack A on 1 at 92.86 uL/sec
	Dispensing 200.0 uL into B6 of Tuberack A on 1 at 92.86 uL/sec
	Aspirating 200.0 uL from B6 of Tuberack A on 1 at 92.86 uL/sec
	Dispensing 200.0 uL into B6 of Tuberack A on 1 at 92.86 uL/sec
	Aspirating 200.0 uL from B6 of Tuberack A on 1 at 92.86 uL/sec
	Dispensing 200.0 uL into B6 of Tuberack A on 1 at 92.86 uL/sec
	Aspirating 200.0 uL from B6 of Tuberack A on 1 at 92.86 uL/sec
	Dispensing 200.0 uL into B6 of Tuberack A on 1 at 92.86 uL/sec
	Aspirating 200.0 uL from B6 of Tuberack A on 1 at 92.86 uL/sec
	Dispensing 200.0 uL into B6 of Tuberack A on 1 at 92.86 uL/sec
	Aspirating 200.0 uL from B6 of Tuberack A on 1 at 92.86 uL/sec
	Dispensing 200.0 uL into B6 of Tuberack A on 1 at 92.86 uL/sec
	Aspirating 200.0 uL from B6 of Tuberack A on 1 at 92.86 uL/sec
	Dispensing 200.0 uL into B6 of Tuberack A on 1 at 92.86 uL/sec
	Aspirating 200.0 uL from B6 of Tuberack A on 1 at 92.86 uL/sec
	Dispensing 200.0 uL into B6 of Tuberack A on 1 at 92.86 uL/sec
Dropping tip into A1 of Opentrons Fixed Trash on 12
Picking up tip from C2 of Opentrons OT-2 96 Filter Tip Rack 200 µL on 4
Aspirating 100.0 uL from C1 of Tuberack A on 1 at 92.86 uL/sec
Delaying for 0 minutes and 3.0 seconds
Dispensing 100.0 uL into C6 of Tuberack A on 1 at 92.86 uL/sec
Dropping tip into A1 of Opentrons Fixed Trash on 12
Picking up tip from D2 of Opentrons OT-2 96 Filter Tip Rack 200 µL on 4
Aspirating 100.0 uL from C2 of Tuberack A on 1 at 92.86 uL/sec
Delaying for 0 minutes and 3.0 seconds
Dispensing 100.0 uL into C6 of Tuberack A on 1 at 92.86 uL/sec
Dropping tip into A1 of Opentrons Fixed Trash on 12
Picking up tip from E2 of Opentrons OT-2 96 Filter Tip Rack 200 µL on 4
Aspirating 100.0 uL from C3 of Tuberack A on 1 at 92.86 uL/sec
Delaying for 0 minutes and 3.0 seconds
Dispensing 100.0 uL into C6 of Tuberack A on 1 at 92.86 uL/sec
Dropping tip into A1 of Opentrons Fixed Trash on 12
Picking up tip from F2 of Opentrons OT-2 96 Filter Tip Rack 200 µL on 4
Aspirating 100.0 uL from C4 of Tuberack A on 1 at 92.86 uL/sec
Delaying for 0 minutes and 3.0 seconds
Dispensing 100.0 uL into C6 of Tuberack A on 1 at 92.86 uL/sec
Dropping tip into A1 of Opentrons Fixed Trash on 12
Picking up tip from G2 of Opentrons OT-2 96 Filter Tip Rack 200 µL on 4
Aspirating 100.0 uL from C5 of Tuberack A on 1 at 92.86 uL/sec
Delaying for 0 minutes and 3.0 seconds
Dispensing 100.0 uL into C6 of Tuberack A on 1 at 92.86 uL/sec
Mixing 15 times with a volume of 200.0 ul
	Aspirating 200.0 uL from C6 of Tuberack A on 1 at 92.86 uL/sec
	Dispensing 200.0 uL into C6 of Tuberack A on 1 at 92.86 uL/sec
	Aspirating 200.0 uL from C6 of Tuberack A on 1 at 92.86 uL/sec
	Dispensing 200.0 uL into C6 of Tuberack A on 1 at 92.86 uL/sec
	Aspirating 200.0 uL from C6 of Tuberack A on 1 at 92.86 uL/sec
	Dispensing 200.0 uL into C6 of Tuberack A on 1 at 92.86 uL/sec
	Aspirating 200.0 uL from C6 of Tuberack A on 1 at 92.86 uL/sec
	Dispensing 200.0 uL into C6 of Tuberack A on 1 at 92.86 uL/sec
	Aspirating 200.0 uL from C6 of Tuberack A on 1 at 92.86 uL/sec
	Dispensing 200.0 uL into C6 of Tuberack A on 1 at 92.86 uL/sec
	Aspirating 200.0 uL from C6 of Tuberack A on 1 at 92.86 uL/sec
	Dispensing 200.0 uL into C6 of Tuberack A on 1 at 92.86 uL/sec
	Aspirating 200.0 uL from C6 of Tuberack A on 1 at 92.86 uL/sec
	Dispensing 200.0 uL into C6 of Tuberack A on 1 at 92.86 uL/sec
	Aspirating 200.0 uL from C6 of Tuberack A on 1 at 92.86 uL/sec
	Dispensing 200.0 uL into C6 of Tuberack A on 1 at 92.86 uL/sec
	Aspirating 200.0 uL from C6 of Tuberack A on 1 at 92.86 uL/sec
	Dispensing 200.0 uL into C6 of Tuberack A on 1 at 92.86 uL/sec
	Aspirating 200.0 uL from C6 of Tuberack A on 1 at 92.86 uL/sec
	Dispensing 200.0 uL into C6 of Tuberack A on 1 at 92.86 uL/sec
	Aspirating 200.0 uL from C6 of Tuberack A on 1 at 92.86 uL/sec
	Dispensing 200.0 uL into C6 of Tuberack A on 1 at 92.86 uL/sec
	Aspirating 200.0 uL from C6 of Tuberack A on 1 at 92.86 uL/sec
	Dispensing 200.0 uL into C6 of Tuberack A on 1 at 92.86 uL/sec
	Aspirating 200.0 uL from C6 of Tuberack A on 1 at 92.86 uL/sec
	Dispensing 200.0 uL into C6 of Tuberack A on 1 at 92.86 uL/sec
	Aspirating 200.0 uL from C6 of Tuberack A on 1 at 92.86 uL/sec
	Dispensing 200.0 uL into C6 of Tuberack A on 1 at 92.86 uL/sec
	Aspirating 200.0 uL from C6 of Tuberack A on 1 at 92.86 uL/sec
	Dispensing 200.0 uL into C6 of Tuberack A on 1 at 92.86 uL/sec
Dropping tip into A1 of Opentrons Fixed Trash on 12
Picking up tip from H2 of Opentrons OT-2 96 Filter Tip Rack 200 µL on 4
Aspirating 100.0 uL from D1 of Tuberack A on 1 at 92.86 uL/sec
Delaying for 0 minutes and 3.0 seconds
Dispensing 100.0 uL into D6 of Tuberack A on 1 at 92.86 uL/sec
Dropping tip into A1 of Opentrons Fixed Trash on 12
Picking up tip from A3 of Opentrons OT-2 96 Filter Tip Rack 200 µL on 4
Aspirating 100.0 uL from D2 of Tuberack A on 1 at 92.86 uL/sec
Delaying for 0 minutes and 3.0 seconds
Dispensing 100.0 uL into D6 of Tuberack A on 1 at 92.86 uL/sec
Dropping tip into A1 of Opentrons Fixed Trash on 12
Picking up tip from B3 of Opentrons OT-2 96 Filter Tip Rack 200 µL on 4
Aspirating 100.0 uL from D3 of Tuberack A on 1 at 92.86 uL/sec
Delaying for 0 minutes and 3.0 seconds
Dispensing 100.0 uL into D6 of Tuberack A on 1 at 92.86 uL/sec
Dropping tip into A1 of Opentrons Fixed Trash on 12
Picking up tip from C3 of Opentrons OT-2 96 Filter Tip Rack 200 µL on 4
Aspirating 100.0 uL from D4 of Tuberack A on 1 at 92.86 uL/sec
Delaying for 0 minutes and 3.0 seconds
Dispensing 100.0 uL into D6 of Tuberack A on 1 at 92.86 uL/sec
Dropping tip into A1 of Opentrons Fixed Trash on 12
Picking up tip from D3 of Opentrons OT-2 96 Filter Tip Rack 200 µL on 4
Aspirating 100.0 uL from D5 of Tuberack A on 1 at 92.86 uL/sec
Delaying for 0 minutes and 3.0 seconds
Dispensing 100.0 uL into D6 of Tuberack A on 1 at 92.86 uL/sec
Mixing 15 times with a volume of 200.0 ul
	Aspirating 200.0 uL from D6 of Tuberack A on 1 at 92.86 uL/sec
	Dispensing 200.0 uL into D6 of Tuberack A on 1 at 92.86 uL/sec
	Aspirating 200.0 uL from D6 of Tuberack A on 1 at 92.86 uL/sec
	Dispensing 200.0 uL into D6 of Tuberack A on 1 at 92.86 uL/sec
	Aspirating 200.0 uL from D6 of Tuberack A on 1 at 92.86 uL/sec
	Dispensing 200.0 uL into D6 of Tuberack A on 1 at 92.86 uL/sec
	Aspirating 200.0 uL from D6 of Tuberack A on 1 at 92.86 uL/sec
	Dispensing 200.0 uL into D6 of Tuberack A on 1 at 92.86 uL/sec
	Aspirating 200.0 uL from D6 of Tuberack A on 1 at 92.86 uL/sec
	Dispensing 200.0 uL into D6 of Tuberack A on 1 at 92.86 uL/sec
	Aspirating 200.0 uL from D6 of Tuberack A on 1 at 92.86 uL/sec
	Dispensing 200.0 uL into D6 of Tuberack A on 1 at 92.86 uL/sec
	Aspirating 200.0 uL from D6 of Tuberack A on 1 at 92.86 uL/sec
	Dispensing 200.0 uL into D6 of Tuberack A on 1 at 92.86 uL/sec
	Aspirating 200.0 uL from D6 of Tuberack A on 1 at 92.86 uL/sec
	Dispensing 200.0 uL into D6 of Tuberack A on 1 at 92.86 uL/sec
	Aspirating 200.0 uL from D6 of Tuberack A on 1 at 92.86 uL/sec
	Dispensing 200.0 uL into D6 of Tuberack A on 1 at 92.86 uL/sec
	Aspirating 200.0 uL from D6 of Tuberack A on 1 at 92.86 uL/sec
	Dispensing 200.0 uL into D6 of Tuberack A on 1 at 92.86 uL/sec
	Aspirating 200.0 uL from D6 of Tuberack A on 1 at 92.86 uL/sec
	Dispensing 200.0 uL into D6 of Tuberack A on 1 at 92.86 uL/sec
	Aspirating 200.0 uL from D6 of Tuberack A on 1 at 92.86 uL/sec
	Dispensing 200.0 uL into D6 of Tuberack A on 1 at 92.86 uL/sec
	Aspirating 200.0 uL from D6 of Tuberack A on 1 at 92.86 uL/sec
	Dispensing 200.0 uL into D6 of Tuberack A on 1 at 92.86 uL/sec
	Aspirating 200.0 uL from D6 of Tuberack A on 1 at 92.86 uL/sec
	Dispensing 200.0 uL into D6 of Tuberack A on 1 at 92.86 uL/sec
	Aspirating 200.0 uL from D6 of Tuberack A on 1 at 92.86 uL/sec
	Dispensing 200.0 uL into D6 of Tuberack A on 1 at 92.86 uL/sec
Dropping tip into A1 of Opentrons Fixed Trash on 12
Picking up tip from E3 of Opentrons OT-2 96 Filter Tip Rack 200 µL on 4
Aspirating 100.0 uL from E1 of Tuberack A on 1 at 92.86 uL/sec
Delaying for 0 minutes and 3.0 seconds
Dispensing 100.0 uL into E6 of Tuberack A on 1 at 92.86 uL/sec
Dropping tip into A1 of Opentrons Fixed Trash on 12
Picking up tip from F3 of Opentrons OT-2 96 Filter Tip Rack 200 µL on 4
Aspirating 100.0 uL from E2 of Tuberack A on 1 at 92.86 uL/sec
Delaying for 0 minutes and 3.0 seconds
Dispensing 100.0 uL into E6 of Tuberack A on 1 at 92.86 uL/sec
Dropping tip into A1 of Opentrons Fixed Trash on 12
Picking up tip from G3 of Opentrons OT-2 96 Filter Tip Rack 200 µL on 4
Aspirating 100.0 uL from E3 of Tuberack A on 1 at 92.86 uL/sec
Delaying for 0 minutes and 3.0 seconds
Dispensing 100.0 uL into E6 of Tuberack A on 1 at 92.86 uL/sec
Dropping tip into A1 of Opentrons Fixed Trash on 12
Picking up tip from H3 of Opentrons OT-2 96 Filter Tip Rack 200 µL on 4
Aspirating 100.0 uL from E4 of Tuberack A on 1 at 92.86 uL/sec
Delaying for 0 minutes and 3.0 seconds
Dispensing 100.0 uL into E6 of Tuberack A on 1 at 92.86 uL/sec
Dropping tip into A1 of Opentrons Fixed Trash on 12
Picking up tip from A4 of Opentrons OT-2 96 Filter Tip Rack 200 µL on 4
Aspirating 100.0 uL from E5 of Tuberack A on 1 at 92.86 uL/sec
Delaying for 0 minutes and 3.0 seconds
Dispensing 100.0 uL into E6 of Tuberack A on 1 at 92.86 uL/sec
Mixing 15 times with a volume of 200.0 ul
	Aspirating 200.0 uL from E6 of Tuberack A on 1 at 92.86 uL/sec
	Dispensing 200.0 uL into E6 of Tuberack A on 1 at 92.86 uL/sec
	Aspirating 200.0 uL from E6 of Tuberack A on 1 at 92.86 uL/sec
	Dispensing 200.0 uL into E6 of Tuberack A on 1 at 92.86 uL/sec
	Aspirating 200.0 uL from E6 of Tuberack A on 1 at 92.86 uL/sec
	Dispensing 200.0 uL into E6 of Tuberack A on 1 at 92.86 uL/sec
	Aspirating 200.0 uL from E6 of Tuberack A on 1 at 92.86 uL/sec
	Dispensing 200.0 uL into E6 of Tuberack A on 1 at 92.86 uL/sec
	Aspirating 200.0 uL from E6 of Tuberack A on 1 at 92.86 uL/sec
	Dispensing 200.0 uL into E6 of Tuberack A on 1 at 92.86 uL/sec
	Aspirating 200.0 uL from E6 of Tuberack A on 1 at 92.86 uL/sec
	Dispensing 200.0 uL into E6 of Tuberack A on 1 at 92.86 uL/sec
	Aspirating 200.0 uL from E6 of Tuberack A on 1 at 92.86 uL/sec
	Dispensing 200.0 uL into E6 of Tuberack A on 1 at 92.86 uL/sec
	Aspirating 200.0 uL from E6 of Tuberack A on 1 at 92.86 uL/sec
	Dispensing 200.0 uL into E6 of Tuberack A on 1 at 92.86 uL/sec
	Aspirating 200.0 uL from E6 of Tuberack A on 1 at 92.86 uL/sec
	Dispensing 200.0 uL into E6 of Tuberack A on 1 at 92.86 uL/sec
	Aspirating 200.0 uL from E6 of Tuberack A on 1 at 92.86 uL/sec
	Dispensing 200.0 uL into E6 of Tuberack A on 1 at 92.86 uL/sec
	Aspirating 200.0 uL from E6 of Tuberack A on 1 at 92.86 uL/sec
	Dispensing 200.0 uL into E6 of Tuberack A on 1 at 92.86 uL/sec
	Aspirating 200.0 uL from E6 of Tuberack A on 1 at 92.86 uL/sec
	Dispensing 200.0 uL into E6 of Tuberack A on 1 at 92.86 uL/sec
	Aspirating 200.0 uL from E6 of Tuberack A on 1 at 92.86 uL/sec
	Dispensing 200.0 uL into E6 of Tuberack A on 1 at 92.86 uL/sec
	Aspirating 200.0 uL from E6 of Tuberack A on 1 at 92.86 uL/sec
	Dispensing 200.0 uL into E6 of Tuberack A on 1 at 92.86 uL/sec
	Aspirating 200.0 uL from E6 of Tuberack A on 1 at 92.86 uL/sec
	Dispensing 200.0 uL into E6 of Tuberack A on 1 at 92.86 uL/sec
Dropping tip into A1 of Opentrons Fixed Trash on 12
Picking up tip from B4 of Opentrons OT-2 96 Filter Tip Rack 200 µL on 4
Aspirating 100.0 uL from A1 of Tuberack B on 2 at 92.86 uL/sec
Delaying for 0 minutes and 3.0 seconds
Dispensing 100.0 uL into A6 of Tuberack B on 2 at 92.86 uL/sec
Dropping tip into A1 of Opentrons Fixed Trash on 12
Picking up tip from C4 of Opentrons OT-2 96 Filter Tip Rack 200 µL on 4
Aspirating 100.0 uL from A2 of Tuberack B on 2 at 92.86 uL/sec
Delaying for 0 minutes and 3.0 seconds
Dispensing 100.0 uL into A6 of Tuberack B on 2 at 92.86 uL/sec
Dropping tip into A1 of Opentrons Fixed Trash on 12
Picking up tip from D4 of Opentrons OT-2 96 Filter Tip Rack 200 µL on 4
Aspirating 100.0 uL from A3 of Tuberack B on 2 at 92.86 uL/sec
Delaying for 0 minutes and 3.0 seconds
Dispensing 100.0 uL into A6 of Tuberack B on 2 at 92.86 uL/sec
Dropping tip into A1 of Opentrons Fixed Trash on 12
Picking up tip from E4 of Opentrons OT-2 96 Filter Tip Rack 200 µL on 4
Aspirating 100.0 uL from A4 of Tuberack B on 2 at 92.86 uL/sec
Delaying for 0 minutes and 3.0 seconds
Dispensing 100.0 uL into A6 of Tuberack B on 2 at 92.86 uL/sec
Dropping tip into A1 of Opentrons Fixed Trash on 12
Picking up tip from F4 of Opentrons OT-2 96 Filter Tip Rack 200 µL on 4
Aspirating 100.0 uL from A5 of Tuberack B on 2 at 92.86 uL/sec
Delaying for 0 minutes and 3.0 seconds
Dispensing 100.0 uL into A6 of Tuberack B on 2 at 92.86 uL/sec
Mixing 15 times with a volume of 200.0 ul
	Aspirating 200.0 uL from A6 of Tuberack B on 2 at 92.86 uL/sec
	Dispensing 200.0 uL into A6 of Tuberack B on 2 at 92.86 uL/sec
	Aspirating 200.0 uL from A6 of Tuberack B on 2 at 92.86 uL/sec
	Dispensing 200.0 uL into A6 of Tuberack B on 2 at 92.86 uL/sec
	Aspirating 200.0 uL from A6 of Tuberack B on 2 at 92.86 uL/sec
	Dispensing 200.0 uL into A6 of Tuberack B on 2 at 92.86 uL/sec
	Aspirating 200.0 uL from A6 of Tuberack B on 2 at 92.86 uL/sec
	Dispensing 200.0 uL into A6 of Tuberack B on 2 at 92.86 uL/sec
	Aspirating 200.0 uL from A6 of Tuberack B on 2 at 92.86 uL/sec
	Dispensing 200.0 uL into A6 of Tuberack B on 2 at 92.86 uL/sec
	Aspirating 200.0 uL from A6 of Tuberack B on 2 at 92.86 uL/sec
	Dispensing 200.0 uL into A6 of Tuberack B on 2 at 92.86 uL/sec
	Aspirating 200.0 uL from A6 of Tuberack B on 2 at 92.86 uL/sec
	Dispensing 200.0 uL into A6 of Tuberack B on 2 at 92.86 uL/sec
	Aspirating 200.0 uL from A6 of Tuberack B on 2 at 92.86 uL/sec
	Dispensing 200.0 uL into A6 of Tuberack B on 2 at 92.86 uL/sec
	Aspirating 200.0 uL from A6 of Tuberack B on 2 at 92.86 uL/sec
	Dispensing 200.0 uL into A6 of Tuberack B on 2 at 92.86 uL/sec
	Aspirating 200.0 uL from A6 of Tuberack B on 2 at 92.86 uL/sec
	Dispensing 200.0 uL into A6 of Tuberack B on 2 at 92.86 uL/sec
	Aspirating 200.0 uL from A6 of Tuberack B on 2 at 92.86 uL/sec
	Dispensing 200.0 uL into A6 of Tuberack B on 2 at 92.86 uL/sec
	Aspirating 200.0 uL from A6 of Tuberack B on 2 at 92.86 uL/sec
	Dispensing 200.0 uL into A6 of Tuberack B on 2 at 92.86 uL/sec
	Aspirating 200.0 uL from A6 of Tuberack B on 2 at 92.86 uL/sec
	Dispensing 200.0 uL into A6 of Tuberack B on 2 at 92.86 uL/sec
	Aspirating 200.0 uL from A6 of Tuberack B on 2 at 92.86 uL/sec
	Dispensing 200.0 uL into A6 of Tuberack B on 2 at 92.86 uL/sec
	Aspirating 200.0 uL from A6 of Tuberack B on 2 at 92.86 uL/sec
	Dispensing 200.0 uL into A6 of Tuberack B on 2 at 92.86 uL/sec
Dropping tip into A1 of Opentrons Fixed Trash on 12
Picking up tip from G4 of Opentrons OT-2 96 Filter Tip Rack 200 µL on 4
Aspirating 100.0 uL from B1 of Tuberack B on 2 at 92.86 uL/sec
Delaying for 0 minutes and 3.0 seconds
Dispensing 100.0 uL into B6 of Tuberack B on 2 at 92.86 uL/sec
Dropping tip into A1 of Opentrons Fixed Trash on 12
Picking up tip from H4 of Opentrons OT-2 96 Filter Tip Rack 200 µL on 4
Aspirating 100.0 uL from B2 of Tuberack B on 2 at 92.86 uL/sec
Delaying for 0 minutes and 3.0 seconds
Dispensing 100.0 uL into B6 of Tuberack B on 2 at 92.86 uL/sec
Dropping tip into A1 of Opentrons Fixed Trash on 12
Picking up tip from A5 of Opentrons OT-2 96 Filter Tip Rack 200 µL on 4
Aspirating 100.0 uL from B3 of Tuberack B on 2 at 92.86 uL/sec
Delaying for 0 minutes and 3.0 seconds
Dispensing 100.0 uL into B6 of Tuberack B on 2 at 92.86 uL/sec
Dropping tip into A1 of Opentrons Fixed Trash on 12
Picking up tip from B5 of Opentrons OT-2 96 Filter Tip Rack 200 µL on 4
Aspirating 100.0 uL from B4 of Tuberack B on 2 at 92.86 uL/sec
Delaying for 0 minutes and 3.0 seconds
Dispensing 100.0 uL into B6 of Tuberack B on 2 at 92.86 uL/sec
Dropping tip into A1 of Opentrons Fixed Trash on 12
Picking up tip from C5 of Opentrons OT-2 96 Filter Tip Rack 200 µL on 4
Aspirating 100.0 uL from B5 of Tuberack B on 2 at 92.86 uL/sec
Delaying for 0 minutes and 3.0 seconds
Dispensing 100.0 uL into B6 of Tuberack B on 2 at 92.86 uL/sec
Mixing 15 times with a volume of 200.0 ul
	Aspirating 200.0 uL from B6 of Tuberack B on 2 at 92.86 uL/sec
	Dispensing 200.0 uL into B6 of Tuberack B on 2 at 92.86 uL/sec
	Aspirating 200.0 uL from B6 of Tuberack B on 2 at 92.86 uL/sec
	Dispensing 200.0 uL into B6 of Tuberack B on 2 at 92.86 uL/sec
	Aspirating 200.0 uL from B6 of Tuberack B on 2 at 92.86 uL/sec
	Dispensing 200.0 uL into B6 of Tuberack B on 2 at 92.86 uL/sec
	Aspirating 200.0 uL from B6 of Tuberack B on 2 at 92.86 uL/sec
	Dispensing 200.0 uL into B6 of Tuberack B on 2 at 92.86 uL/sec
	Aspirating 200.0 uL from B6 of Tuberack B on 2 at 92.86 uL/sec
	Dispensing 200.0 uL into B6 of Tuberack B on 2 at 92.86 uL/sec
	Aspirating 200.0 uL from B6 of Tuberack B on 2 at 92.86 uL/sec
	Dispensing 200.0 uL into B6 of Tuberack B on 2 at 92.86 uL/sec
	Aspirating 200.0 uL from B6 of Tuberack B on 2 at 92.86 uL/sec
	Dispensing 200.0 uL into B6 of Tuberack B on 2 at 92.86 uL/sec
	Aspirating 200.0 uL from B6 of Tuberack B on 2 at 92.86 uL/sec
	Dispensing 200.0 uL into B6 of Tuberack B on 2 at 92.86 uL/sec
	Aspirating 200.0 uL from B6 of Tuberack B on 2 at 92.86 uL/sec
	Dispensing 200.0 uL into B6 of Tuberack B on 2 at 92.86 uL/sec
	Aspirating 200.0 uL from B6 of Tuberack B on 2 at 92.86 uL/sec
	Dispensing 200.0 uL into B6 of Tuberack B on 2 at 92.86 uL/sec
	Aspirating 200.0 uL from B6 of Tuberack B on 2 at 92.86 uL/sec
	Dispensing 200.0 uL into B6 of Tuberack B on 2 at 92.86 uL/sec
	Aspirating 200.0 uL from B6 of Tuberack B on 2 at 92.86 uL/sec
	Dispensing 200.0 uL into B6 of Tuberack B on 2 at 92.86 uL/sec
	Aspirating 200.0 uL from B6 of Tuberack B on 2 at 92.86 uL/sec
	Dispensing 200.0 uL into B6 of Tuberack B on 2 at 92.86 uL/sec
	Aspirating 200.0 uL from B6 of Tuberack B on 2 at 92.86 uL/sec
	Dispensing 200.0 uL into B6 of Tuberack B on 2 at 92.86 uL/sec
	Aspirating 200.0 uL from B6 of Tuberack B on 2 at 92.86 uL/sec
	Dispensing 200.0 uL into B6 of Tuberack B on 2 at 92.86 uL/sec
Dropping tip into A1 of Opentrons Fixed Trash on 12
Picking up tip from D5 of Opentrons OT-2 96 Filter Tip Rack 200 µL on 4
Aspirating 100.0 uL from C1 of Tuberack B on 2 at 92.86 uL/sec
Delaying for 0 minutes and 3.0 seconds
Dispensing 100.0 uL into C6 of Tuberack B on 2 at 92.86 uL/sec
Dropping tip into A1 of Opentrons Fixed Trash on 12
Picking up tip from E5 of Opentrons OT-2 96 Filter Tip Rack 200 µL on 4
Aspirating 100.0 uL from C2 of Tuberack B on 2 at 92.86 uL/sec
Delaying for 0 minutes and 3.0 seconds
Dispensing 100.0 uL into C6 of Tuberack B on 2 at 92.86 uL/sec
Dropping tip into A1 of Opentrons Fixed Trash on 12
Picking up tip from F5 of Opentrons OT-2 96 Filter Tip Rack 200 µL on 4
Aspirating 100.0 uL from C3 of Tuberack B on 2 at 92.86 uL/sec
Delaying for 0 minutes and 3.0 seconds
Dispensing 100.0 uL into C6 of Tuberack B on 2 at 92.86 uL/sec
Dropping tip into A1 of Opentrons Fixed Trash on 12
Picking up tip from G5 of Opentrons OT-2 96 Filter Tip Rack 200 µL on 4
Aspirating 100.0 uL from C4 of Tuberack B on 2 at 92.86 uL/sec
Delaying for 0 minutes and 3.0 seconds
Dispensing 100.0 uL into C6 of Tuberack B on 2 at 92.86 uL/sec
Dropping tip into A1 of Opentrons Fixed Trash on 12
Picking up tip from H5 of Opentrons OT-2 96 Filter Tip Rack 200 µL on 4
Aspirating 100.0 uL from C5 of Tuberack B on 2 at 92.86 uL/sec
Delaying for 0 minutes and 3.0 seconds
Dispensing 100.0 uL into C6 of Tuberack B on 2 at 92.86 uL/sec
Mixing 15 times with a volume of 200.0 ul
	Aspirating 200.0 uL from C6 of Tuberack B on 2 at 92.86 uL/sec
	Dispensing 200.0 uL into C6 of Tuberack B on 2 at 92.86 uL/sec
	Aspirating 200.0 uL from C6 of Tuberack B on 2 at 92.86 uL/sec
	Dispensing 200.0 uL into C6 of Tuberack B on 2 at 92.86 uL/sec
	Aspirating 200.0 uL from C6 of Tuberack B on 2 at 92.86 uL/sec
	Dispensing 200.0 uL into C6 of Tuberack B on 2 at 92.86 uL/sec
	Aspirating 200.0 uL from C6 of Tuberack B on 2 at 92.86 uL/sec
	Dispensing 200.0 uL into C6 of Tuberack B on 2 at 92.86 uL/sec
	Aspirating 200.0 uL from C6 of Tuberack B on 2 at 92.86 uL/sec
	Dispensing 200.0 uL into C6 of Tuberack B on 2 at 92.86 uL/sec
	Aspirating 200.0 uL from C6 of Tuberack B on 2 at 92.86 uL/sec
	Dispensing 200.0 uL into C6 of Tuberack B on 2 at 92.86 uL/sec
	Aspirating 200.0 uL from C6 of Tuberack B on 2 at 92.86 uL/sec
	Dispensing 200.0 uL into C6 of Tuberack B on 2 at 92.86 uL/sec
	Aspirating 200.0 uL from C6 of Tuberack B on 2 at 92.86 uL/sec
	Dispensing 200.0 uL into C6 of Tuberack B on 2 at 92.86 uL/sec
	Aspirating 200.0 uL from C6 of Tuberack B on 2 at 92.86 uL/sec
	Dispensing 200.0 uL into C6 of Tuberack B on 2 at 92.86 uL/sec
	Aspirating 200.0 uL from C6 of Tuberack B on 2 at 92.86 uL/sec
	Dispensing 200.0 uL into C6 of Tuberack B on 2 at 92.86 uL/sec
	Aspirating 200.0 uL from C6 of Tuberack B on 2 at 92.86 uL/sec
	Dispensing 200.0 uL into C6 of Tuberack B on 2 at 92.86 uL/sec
	Aspirating 200.0 uL from C6 of Tuberack B on 2 at 92.86 uL/sec
	Dispensing 200.0 uL into C6 of Tuberack B on 2 at 92.86 uL/sec
	Aspirating 200.0 uL from C6 of Tuberack B on 2 at 92.86 uL/sec
	Dispensing 200.0 uL into C6 of Tuberack B on 2 at 92.86 uL/sec
	Aspirating 200.0 uL from C6 of Tuberack B on 2 at 92.86 uL/sec
	Dispensing 200.0 uL into C6 of Tuberack B on 2 at 92.86 uL/sec
	Aspirating 200.0 uL from C6 of Tuberack B on 2 at 92.86 uL/sec
	Dispensing 200.0 uL into C6 of Tuberack B on 2 at 92.86 uL/sec
Dropping tip into A1 of Opentrons Fixed Trash on 12
Picking up tip from A6 of Opentrons OT-2 96 Filter Tip Rack 200 µL on 4
Aspirating 100.0 uL from D1 of Tuberack B on 2 at 92.86 uL/sec
Delaying for 0 minutes and 3.0 seconds
Dispensing 100.0 uL into D6 of Tuberack B on 2 at 92.86 uL/sec
Dropping tip into A1 of Opentrons Fixed Trash on 12
Picking up tip from B6 of Opentrons OT-2 96 Filter Tip Rack 200 µL on 4
Aspirating 100.0 uL from D2 of Tuberack B on 2 at 92.86 uL/sec
Delaying for 0 minutes and 3.0 seconds
Dispensing 100.0 uL into D6 of Tuberack B on 2 at 92.86 uL/sec
Dropping tip into A1 of Opentrons Fixed Trash on 12
Picking up tip from C6 of Opentrons OT-2 96 Filter Tip Rack 200 µL on 4
Aspirating 100.0 uL from D3 of Tuberack B on 2 at 92.86 uL/sec
Delaying for 0 minutes and 3.0 seconds
Dispensing 100.0 uL into D6 of Tuberack B on 2 at 92.86 uL/sec
Dropping tip into A1 of Opentrons Fixed Trash on 12
Picking up tip from D6 of Opentrons OT-2 96 Filter Tip Rack 200 µL on 4
Aspirating 100.0 uL from D4 of Tuberack B on 2 at 92.86 uL/sec
Delaying for 0 minutes and 3.0 seconds
Dispensing 100.0 uL into D6 of Tuberack B on 2 at 92.86 uL/sec
Dropping tip into A1 of Opentrons Fixed Trash on 12
Picking up tip from E6 of Opentrons OT-2 96 Filter Tip Rack 200 µL on 4
Aspirating 100.0 uL from D5 of Tuberack B on 2 at 92.86 uL/sec
Delaying for 0 minutes and 3.0 seconds
Dispensing 100.0 uL into D6 of Tuberack B on 2 at 92.86 uL/sec
Mixing 15 times with a volume of 200.0 ul
	Aspirating 200.0 uL from D6 of Tuberack B on 2 at 92.86 uL/sec
	Dispensing 200.0 uL into D6 of Tuberack B on 2 at 92.86 uL/sec
	Aspirating 200.0 uL from D6 of Tuberack B on 2 at 92.86 uL/sec
	Dispensing 200.0 uL into D6 of Tuberack B on 2 at 92.86 uL/sec
	Aspirating 200.0 uL from D6 of Tuberack B on 2 at 92.86 uL/sec
	Dispensing 200.0 uL into D6 of Tuberack B on 2 at 92.86 uL/sec
	Aspirating 200.0 uL from D6 of Tuberack B on 2 at 92.86 uL/sec
	Dispensing 200.0 uL into D6 of Tuberack B on 2 at 92.86 uL/sec
	Aspirating 200.0 uL from D6 of Tuberack B on 2 at 92.86 uL/sec
	Dispensing 200.0 uL into D6 of Tuberack B on 2 at 92.86 uL/sec
	Aspirating 200.0 uL from D6 of Tuberack B on 2 at 92.86 uL/sec
	Dispensing 200.0 uL into D6 of Tuberack B on 2 at 92.86 uL/sec
	Aspirating 200.0 uL from D6 of Tuberack B on 2 at 92.86 uL/sec
	Dispensing 200.0 uL into D6 of Tuberack B on 2 at 92.86 uL/sec
	Aspirating 200.0 uL from D6 of Tuberack B on 2 at 92.86 uL/sec
	Dispensing 200.0 uL into D6 of Tuberack B on 2 at 92.86 uL/sec
	Aspirating 200.0 uL from D6 of Tuberack B on 2 at 92.86 uL/sec
	Dispensing 200.0 uL into D6 of Tuberack B on 2 at 92.86 uL/sec
	Aspirating 200.0 uL from D6 of Tuberack B on 2 at 92.86 uL/sec
	Dispensing 200.0 uL into D6 of Tuberack B on 2 at 92.86 uL/sec
	Aspirating 200.0 uL from D6 of Tuberack B on 2 at 92.86 uL/sec
	Dispensing 200.0 uL into D6 of Tuberack B on 2 at 92.86 uL/sec
	Aspirating 200.0 uL from D6 of Tuberack B on 2 at 92.86 uL/sec
	Dispensing 200.0 uL into D6 of Tuberack B on 2 at 92.86 uL/sec
	Aspirating 200.0 uL from D6 of Tuberack B on 2 at 92.86 uL/sec
	Dispensing 200.0 uL into D6 of Tuberack B on 2 at 92.86 uL/sec
	Aspirating 200.0 uL from D6 of Tuberack B on 2 at 92.86 uL/sec
	Dispensing 200.0 uL into D6 of Tuberack B on 2 at 92.86 uL/sec
	Aspirating 200.0 uL from D6 of Tuberack B on 2 at 92.86 uL/sec
	Dispensing 200.0 uL into D6 of Tuberack B on 2 at 92.86 uL/sec
Dropping tip into A1 of Opentrons Fixed Trash on 12
Caught exception: {'message': 'Task was destroyed but it is pending!', 'task': <Task pending name='Task-4' coro=<Poller._poll_forever() running at /Users/dp/Desktop/project/github/opentrons/venv/lib/python3.10/site-packages/opentrons/hardware_control/poller.py:80> wait_for=<Future pending cb=[Task.task_wakeup()]>>}
Caught exception: {'message': 'Task was destroyed but it is pending!', 'task': <Task pending name='Task-3' coro=<Poller._poll_forever() running at /Users/dp/Desktop/project/github/opentrons/venv/lib/python3.10/site-packages/opentrons/hardware_control/poller.py:80> wait_for=<Future pending cb=[Task.task_wakeup()]>>}
Caught exception: {'message': 'Task was destroyed but it is pending!', 'task': <Task pending name='Task-2' coro=<Poller._poll_forever() running at /Users/dp/Desktop/project/github/opentrons/venv/lib/python3.10/site-packages/opentrons/hardware_control/poller.py:80> wait_for=<Future pending cb=[Task.task_wakeup()]>>}
