/Users/dp/Desktop/project/github/opentrons/venv/lib/python3.10/site-packages/opentrons/hardware_control/simulator_setup.py:205: UserWarning: Simulator configuration does not name a machine, defaulting to OT-2 Standard
  warn(
/Users/dp/.opentrons/robot_settings.json not found. Loading defaults
Deck calibration not found.
/Users/dp/.opentrons/deck_calibration.json not found. Loading defaults
Opening Thermocycler lid
Logs from this command:
WARNING (legacy_module_core): Cannot assure a safe gantry position to avoid colliding with the lid of the Thermocycler Module.
Disengaging Magnetic Module
Setting Temperature Module temperature to 4.0 °C (rounded off to nearest integer)
Transferring 5.0 from A1 of Opentrons 24 Tube Rack with Eppendorf 1.5 mL Safe-Lock Snapcap on 5 to A1 of NEST 96 Well Plate 100 µL PCR Full Skirt on Thermocycler Module GEN1 on 7
	Picking up tip from A1 of Opentrons OT-2 96 Filter Tip Rack 20 µL on 6
	Aspirating 5.0 uL from A1 of Opentrons 24 Tube Rack with Eppendorf 1.5 mL Safe-Lock Snapcap on 5 at 7.56 uL/sec
	Dispensing 5.0 uL into A1 of NEST 96 Well Plate 100 µL PCR Full Skirt on Thermocycler Module GEN1 on 7 at 7.56 uL/sec
	Mixing 2 times with a volume of 4.0 ul
		Aspirating 4.0 uL from A1 of NEST 96 Well Plate 100 µL PCR Full Skirt on Thermocycler Module GEN1 on 7 at 7.56 uL/sec
		Dispensing 4.0 uL into A1 of NEST 96 Well Plate 100 µL PCR Full Skirt on Thermocycler Module GEN1 on 7 at 7.56 uL/sec
		Aspirating 4.0 uL from A1 of NEST 96 Well Plate 100 µL PCR Full Skirt on Thermocycler Module GEN1 on 7 at 7.56 uL/sec
		Dispensing 4.0 uL into A1 of NEST 96 Well Plate 100 µL PCR Full Skirt on Thermocycler Module GEN1 on 7 at 7.56 uL/sec
	Dropping tip into A1 of Opentrons Fixed Trash on 12
Transferring 2.5 from B1 of Opentrons 24 Well Aluminum Block with NEST 0.5 mL Screwcap on Temperature Module GEN1 on 1 to A1 of NEST 96 Well Plate 100 µL PCR Full Skirt on Thermocycler Module GEN1 on 7
	Picking up tip from B1 of Opentrons OT-2 96 Filter Tip Rack 20 µL on 6
	Aspirating 2.5 uL from B1 of Opentrons 24 Well Aluminum Block with NEST 0.5 mL Screwcap on Temperature Module GEN1 on 1 at 7.56 uL/sec
	Dispensing 2.5 uL into A1 of NEST 96 Well Plate 100 µL PCR Full Skirt on Thermocycler Module GEN1 on 7 at 7.56 uL/sec
	Mixing 2 times with a volume of 5.0 ul
		Aspirating 5.0 uL from A1 of NEST 96 Well Plate 100 µL PCR Full Skirt on Thermocycler Module GEN1 on 7 at 7.56 uL/sec
		Dispensing 5.0 uL into A1 of NEST 96 Well Plate 100 µL PCR Full Skirt on Thermocycler Module GEN1 on 7 at 7.56 uL/sec
		Aspirating 5.0 uL from A1 of NEST 96 Well Plate 100 µL PCR Full Skirt on Thermocycler Module GEN1 on 7 at 7.56 uL/sec
		Dispensing 5.0 uL into A1 of NEST 96 Well Plate 100 µL PCR Full Skirt on Thermocycler Module GEN1 on 7 at 7.56 uL/sec
	Dropping tip into A1 of Opentrons Fixed Trash on 12
Closing Thermocycler lid
Setting Thermocycler lid temperature to 90.0 °C
Thermocycler starting 1 repetitions of cycle composed of the following steps: [{'temperature': 30, 'hold_time_seconds': 60}, {'temperature': 80, 'hold_time_seconds': 60}, {'temperature': 15, 'hold_time_seconds': 10}]
Opening Thermocycler lid
Transferring 10.0 from A1 of NEST 96 Well Plate 100 µL PCR Full Skirt on Thermocycler Module GEN1 on 7 to A1 of NEST 96 Well Plate 100 µL PCR Full Skirt on Magnetic Module GEN2 on 4
	Picking up tip from C1 of Opentrons OT-2 96 Filter Tip Rack 20 µL on 6
	Aspirating 10.0 uL from A1 of NEST 96 Well Plate 100 µL PCR Full Skirt on Thermocycler Module GEN1 on 7 at 7.56 uL/sec
	Dispensing 10.0 uL into A1 of NEST 96 Well Plate 100 µL PCR Full Skirt on Magnetic Module GEN2 on 4 at 7.56 uL/sec
	Dropping tip into A1 of Opentrons Fixed Trash on 12
Transferring 10.0 from A2 of Opentrons 24 Well Aluminum Block with NEST 0.5 mL Screwcap on Temperature Module GEN1 on 1 to A1 of NEST 96 Well Plate 100 µL PCR Full Skirt on Magnetic Module GEN2 on 4
	Picking up tip from A1 of Opentrons OT-2 96 Filter Tip Rack 200 µL on 9
	Mixing 10 times with a volume of 8.0 ul
		Aspirating 8.0 uL from A2 of Opentrons 24 Well Aluminum Block with NEST 0.5 mL Screwcap on Temperature Module GEN1 on 1 at 92.86 uL/sec
		Dispensing 8.0 uL into A2 of Opentrons 24 Well Aluminum Block with NEST 0.5 mL Screwcap on Temperature Module GEN1 on 1 at 92.86 uL/sec
		Aspirating 8.0 uL from A2 of Opentrons 24 Well Aluminum Block with NEST 0.5 mL Screwcap on Temperature Module GEN1 on 1 at 92.86 uL/sec
		Dispensing 8.0 uL into A2 of Opentrons 24 Well Aluminum Block with NEST 0.5 mL Screwcap on Temperature Module GEN1 on 1 at 92.86 uL/sec
		Aspirating 8.0 uL from A2 of Opentrons 24 Well Aluminum Block with NEST 0.5 mL Screwcap on Temperature Module GEN1 on 1 at 92.86 uL/sec
		Dispensing 8.0 uL into A2 of Opentrons 24 Well Aluminum Block with NEST 0.5 mL Screwcap on Temperature Module GEN1 on 1 at 92.86 uL/sec
		Aspirating 8.0 uL from A2 of Opentrons 24 Well Aluminum Block with NEST 0.5 mL Screwcap on Temperature Module GEN1 on 1 at 92.86 uL/sec
		Dispensing 8.0 uL into A2 of Opentrons 24 Well Aluminum Block with NEST 0.5 mL Screwcap on Temperature Module GEN1 on 1 at 92.86 uL/sec
		Aspirating 8.0 uL from A2 of Opentrons 24 Well Aluminum Block with NEST 0.5 mL Screwcap on Temperature Module GEN1 on 1 at 92.86 uL/sec
		Dispensing 8.0 uL into A2 of Opentrons 24 Well Aluminum Block with NEST 0.5 mL Screwcap on Temperature Module GEN1 on 1 at 92.86 uL/sec
		Aspirating 8.0 uL from A2 of Opentrons 24 Well Aluminum Block with NEST 0.5 mL Screwcap on Temperature Module GEN1 on 1 at 92.86 uL/sec
		Dispensing 8.0 uL into A2 of Opentrons 24 Well Aluminum Block with NEST 0.5 mL Screwcap on Temperature Module GEN1 on 1 at 92.86 uL/sec
		Aspirating 8.0 uL from A2 of Opentrons 24 Well Aluminum Block with NEST 0.5 mL Screwcap on Temperature Module GEN1 on 1 at 92.86 uL/sec
		Dispensing 8.0 uL into A2 of Opentrons 24 Well Aluminum Block with NEST 0.5 mL Screwcap on Temperature Module GEN1 on 1 at 92.86 uL/sec
		Aspirating 8.0 uL from A2 of Opentrons 24 Well Aluminum Block with NEST 0.5 mL Screwcap on Temperature Module GEN1 on 1 at 92.86 uL/sec
		Dispensing 8.0 uL into A2 of Opentrons 24 Well Aluminum Block with NEST 0.5 mL Screwcap on Temperature Module GEN1 on 1 at 92.86 uL/sec
		Aspirating 8.0 uL from A2 of Opentrons 24 Well Aluminum Block with NEST 0.5 mL Screwcap on Temperature Module GEN1 on 1 at 92.86 uL/sec
		Dispensing 8.0 uL into A2 of Opentrons 24 Well Aluminum Block with NEST 0.5 mL Screwcap on Temperature Module GEN1 on 1 at 92.86 uL/sec
		Aspirating 8.0 uL from A2 of Opentrons 24 Well Aluminum Block with NEST 0.5 mL Screwcap on Temperature Module GEN1 on 1 at 92.86 uL/sec
		Dispensing 8.0 uL into A2 of Opentrons 24 Well Aluminum Block with NEST 0.5 mL Screwcap on Temperature Module GEN1 on 1 at 92.86 uL/sec
	Aspirating 10.0 uL from A2 of Opentrons 24 Well Aluminum Block with NEST 0.5 mL Screwcap on Temperature Module GEN1 on 1 at 92.86 uL/sec
	Dispensing 10.0 uL into A1 of NEST 96 Well Plate 100 µL PCR Full Skirt on Magnetic Module GEN2 on 4 at 92.86 uL/sec
	Mixing 2 times with a volume of 10.0 ul
		Aspirating 10.0 uL from A1 of NEST 96 Well Plate 100 µL PCR Full Skirt on Magnetic Module GEN2 on 4 at 92.86 uL/sec
		Dispensing 10.0 uL into A1 of NEST 96 Well Plate 100 µL PCR Full Skirt on Magnetic Module GEN2 on 4 at 92.86 uL/sec
		Aspirating 10.0 uL from A1 of NEST 96 Well Plate 100 µL PCR Full Skirt on Magnetic Module GEN2 on 4 at 92.86 uL/sec
		Dispensing 10.0 uL into A1 of NEST 96 Well Plate 100 µL PCR Full Skirt on Magnetic Module GEN2 on 4 at 92.86 uL/sec
	Dropping tip into A1 of Opentrons Fixed Trash on 12
Delaying for 5 minutes and 0.0 seconds
Engaging Magnetic Module
Delaying for 10 minutes and 0.0 seconds
Transferring 200.0 from A1 of NEST 96 Well Plate 100 µL PCR Full Skirt on Magnetic Module GEN2 on 4 to B1 of Opentrons 24 Tube Rack with Eppendorf 1.5 mL Safe-Lock Snapcap on 5
	Picking up tip from B1 of Opentrons OT-2 96 Filter Tip Rack 200 µL on 9
	Aspirating 200.0 uL from A1 of NEST 96 Well Plate 100 µL PCR Full Skirt on Magnetic Module GEN2 on 4 at 92.86 uL/sec
	Dispensing 200.0 uL into B1 of Opentrons 24 Tube Rack with Eppendorf 1.5 mL Safe-Lock Snapcap on 5 at 92.86 uL/sec
	Dropping tip into A1 of Opentrons Fixed Trash on 12
Transferring 200.0 from A2 of Opentrons 24 Tube Rack with Eppendorf 1.5 mL Safe-Lock Snapcap on 5 to A1 of NEST 96 Well Plate 100 µL PCR Full Skirt on Magnetic Module GEN2 on 4
	Picking up tip from C1 of Opentrons OT-2 96 Filter Tip Rack 200 µL on 9
	Aspirating 200.0 uL from A2 of Opentrons 24 Tube Rack with Eppendorf 1.5 mL Safe-Lock Snapcap on 5 at 92.86 uL/sec
	Dispensing 200.0 uL into A1 of NEST 96 Well Plate 100 µL PCR Full Skirt on Magnetic Module GEN2 on 4 at 92.86 uL/sec
	Dropping tip into A1 of Opentrons Fixed Trash on 12
Delaying for 0 minutes and 10.0 seconds
Transferring 200.0 from A1 of NEST 96 Well Plate 100 µL PCR Full Skirt on Magnetic Module GEN2 on 4 to B1 of Opentrons 24 Tube Rack with Eppendorf 1.5 mL Safe-Lock Snapcap on 5
	Picking up tip from D1 of Opentrons OT-2 96 Filter Tip Rack 200 µL on 9
	Aspirating 200.0 uL from A1 of NEST 96 Well Plate 100 µL PCR Full Skirt on Magnetic Module GEN2 on 4 at 92.86 uL/sec
	Dispensing 200.0 uL into B1 of Opentrons 24 Tube Rack with Eppendorf 1.5 mL Safe-Lock Snapcap on 5 at 92.86 uL/sec
	Dropping tip into A1 of Opentrons Fixed Trash on 12
Delaying for 0 minutes and 10.0 seconds
Transferring 200.0 from A2 of Opentrons 24 Tube Rack with Eppendorf 1.5 mL Safe-Lock Snapcap on 5 to A1 of NEST 96 Well Plate 100 µL PCR Full Skirt on Magnetic Module GEN2 on 4
	Picking up tip from E1 of Opentrons OT-2 96 Filter Tip Rack 200 µL on 9
	Aspirating 200.0 uL from A2 of Opentrons 24 Tube Rack with Eppendorf 1.5 mL Safe-Lock Snapcap on 5 at 92.86 uL/sec
	Dispensing 200.0 uL into A1 of NEST 96 Well Plate 100 µL PCR Full Skirt on Magnetic Module GEN2 on 4 at 92.86 uL/sec
	Dropping tip into A1 of Opentrons Fixed Trash on 12
Delaying for 0 minutes and 10.0 seconds
Transferring 200.0 from A1 of NEST 96 Well Plate 100 µL PCR Full Skirt on Magnetic Module GEN2 on 4 to B1 of Opentrons 24 Tube Rack with Eppendorf 1.5 mL Safe-Lock Snapcap on 5
	Picking up tip from F1 of Opentrons OT-2 96 Filter Tip Rack 200 µL on 9
	Aspirating 200.0 uL from A1 of NEST 96 Well Plate 100 µL PCR Full Skirt on Magnetic Module GEN2 on 4 at 92.86 uL/sec
	Dispensing 200.0 uL into B1 of Opentrons 24 Tube Rack with Eppendorf 1.5 mL Safe-Lock Snapcap on 5 at 92.86 uL/sec
	Dropping tip into A1 of Opentrons Fixed Trash on 12
Delaying for 0 minutes and 10.0 seconds
Delaying for 10 minutes and 0.0 seconds
Disengaging Magnetic Module
Transferring 10.0 from A3 of Opentrons 24 Tube Rack with Eppendorf 1.5 mL Safe-Lock Snapcap on 5 to A1 of NEST 96 Well Plate 100 µL PCR Full Skirt on Magnetic Module GEN2 on 4
	Picking up tip from D1 of Opentrons OT-2 96 Filter Tip Rack 20 µL on 6
	Aspirating 10.0 uL from A3 of Opentrons 24 Tube Rack with Eppendorf 1.5 mL Safe-Lock Snapcap on 5 at 7.56 uL/sec
	Dispensing 10.0 uL into A1 of NEST 96 Well Plate 100 µL PCR Full Skirt on Magnetic Module GEN2 on 4 at 7.56 uL/sec
	Mixing 3 times with a volume of 8.0 ul
		Aspirating 8.0 uL from A1 of NEST 96 Well Plate 100 µL PCR Full Skirt on Magnetic Module GEN2 on 4 at 7.56 uL/sec
		Dispensing 8.0 uL into A1 of NEST 96 Well Plate 100 µL PCR Full Skirt on Magnetic Module GEN2 on 4 at 7.56 uL/sec
		Aspirating 8.0 uL from A1 of NEST 96 Well Plate 100 µL PCR Full Skirt on Magnetic Module GEN2 on 4 at 7.56 uL/sec
		Dispensing 8.0 uL into A1 of NEST 96 Well Plate 100 µL PCR Full Skirt on Magnetic Module GEN2 on 4 at 7.56 uL/sec
		Aspirating 8.0 uL from A1 of NEST 96 Well Plate 100 µL PCR Full Skirt on Magnetic Module GEN2 on 4 at 7.56 uL/sec
		Dispensing 8.0 uL into A1 of NEST 96 Well Plate 100 µL PCR Full Skirt on Magnetic Module GEN2 on 4 at 7.56 uL/sec
	Dropping tip into A1 of Opentrons Fixed Trash on 12
Delaying for 2 minutes and 0.0 seconds
Engaging Magnetic Module
Delaying for 5 minutes and 0.0 seconds
Transferring 10.0 from A1 of NEST 96 Well Plate 100 µL PCR Full Skirt on Magnetic Module GEN2 on 4 to C1 of Opentrons 24 Tube Rack with Eppendorf 1.5 mL Safe-Lock Snapcap on 5
	Picking up tip from E1 of Opentrons OT-2 96 Filter Tip Rack 20 µL on 6
	Aspirating 10.0 uL from A1 of NEST 96 Well Plate 100 µL PCR Full Skirt on Magnetic Module GEN2 on 4 at 7.56 uL/sec
	Dispensing 10.0 uL into C1 of Opentrons 24 Tube Rack with Eppendorf 1.5 mL Safe-Lock Snapcap on 5 at 7.56 uL/sec
	Dropping tip into A1 of Opentrons Fixed Trash on 12
Transferring 1.0 from A1 of Opentrons 24 Well Aluminum Block with NEST 0.5 mL Screwcap on Temperature Module GEN1 on 1 to A1 of NEST 96 Well Plate 100 µL PCR Full Skirt on Magnetic Module GEN2 on 4
	Picking up tip from F1 of Opentrons OT-2 96 Filter Tip Rack 20 µL on 6
	Aspirating 1.0 uL from A1 of Opentrons 24 Well Aluminum Block with NEST 0.5 mL Screwcap on Temperature Module GEN1 on 1 at 7.56 uL/sec
	Dispensing 1.0 uL into A1 of NEST 96 Well Plate 100 µL PCR Full Skirt on Magnetic Module GEN2 on 4 at 7.56 uL/sec
	Mixing 2 times with a volume of 5.0 ul
		Aspirating 5.0 uL from A1 of NEST 96 Well Plate 100 µL PCR Full Skirt on Magnetic Module GEN2 on 4 at 7.56 uL/sec
		Dispensing 5.0 uL into A1 of NEST 96 Well Plate 100 µL PCR Full Skirt on Magnetic Module GEN2 on 4 at 7.56 uL/sec
		Aspirating 5.0 uL from A1 of NEST 96 Well Plate 100 µL PCR Full Skirt on Magnetic Module GEN2 on 4 at 7.56 uL/sec
		Dispensing 5.0 uL into A1 of NEST 96 Well Plate 100 µL PCR Full Skirt on Magnetic Module GEN2 on 4 at 7.56 uL/sec
	Dropping tip into A1 of Opentrons Fixed Trash on 12
Delaying for 5 minutes and 0.0 seconds
Caught exception: {'message': 'Task was destroyed but it is pending!', 'task': <Task pending name='Task-4' coro=<Poller._poll_forever() running at /Users/dp/Desktop/project/github/opentrons/venv/lib/python3.10/site-packages/opentrons/hardware_control/poller.py:80> wait_for=<Future pending cb=[Task.task_wakeup()]>>}
Caught exception: {'message': 'Task was destroyed but it is pending!', 'task': <Task pending name='Task-3' coro=<Poller._poll_forever() running at /Users/dp/Desktop/project/github/opentrons/venv/lib/python3.10/site-packages/opentrons/hardware_control/poller.py:80> wait_for=<Future pending cb=[Task.task_wakeup()]>>}
Caught exception: {'message': 'Task was destroyed but it is pending!', 'task': <Task pending name='Task-2' coro=<Poller._poll_forever() running at /Users/dp/Desktop/project/github/opentrons/venv/lib/python3.10/site-packages/opentrons/hardware_control/poller.py:80> wait_for=<Future pending cb=[Task.task_wakeup()]>>}
