/Users/dp/Desktop/project/github/opentrons/venv/lib/python3.10/site-packages/opentrons/hardware_control/simulator_setup.py:205: UserWarning: Simulator configuration does not name a machine, defaulting to OT-2 Standard
  warn(
/Users/dp/.opentrons/robot_settings.json not found. Loading defaults
Deck calibration not found.
/Users/dp/.opentrons/deck_calibration.json not found. Loading defaults
Delaying for 0 minutes and 1.0 seconds
Delaying for 0 minutes and 1.0 seconds
Delaying for 0 minutes and 1.0 seconds
Delaying for 0 minutes and 1.0 seconds
Delaying for 0 minutes and 1.0 seconds
Pausing robot operation: Please ensure the Source Plate and Preamp Plate are placed     on the deck (slots 1 and 2, respectively).     The Preamp mastermix should be loaded in A1 of the Tube Rack (slot 4).     At least 10.0uL should be in the tube,     but approximately 10% extra is recommended (1uL).     When ready, click RESUME
Picking up tip from A1 of Opentrons OT-2 96 Filter Tip Rack 20 µL on 4
Mixing 2 times with a volume of 20.0 ul
	Aspirating 20.0 uL from A1 of Opentrons 24 Tube Rack with NEST 1.5 mL Snapcap on 5 at 7.56 uL/sec
	Dispensing 20.0 uL into A1 of Opentrons 24 Tube Rack with NEST 1.5 mL Snapcap on 5 at 7.56 uL/sec
	Aspirating 20.0 uL from A1 of Opentrons 24 Tube Rack with NEST 1.5 mL Snapcap on 5 at 7.56 uL/sec
	Dispensing 20.0 uL into A1 of Opentrons 24 Tube Rack with NEST 1.5 mL Snapcap on 5 at 7.56 uL/sec
Aspirating 20.0 uL from A1 of Opentrons 24 Tube Rack with NEST 1.5 mL Snapcap on 5 at 7.56 uL/sec
Dispensing 2.5 uL into A1 of NEST 96 Well Plate 100 µL PCR Full Skirt on 2 at 7.56 uL/sec
Dispensing 2.5 uL into B1 of NEST 96 Well Plate 100 µL PCR Full Skirt on 2 at 7.56 uL/sec
Dispensing 2.5 uL into C1 of NEST 96 Well Plate 100 µL PCR Full Skirt on 2 at 7.56 uL/sec
Dispensing 2.5 uL into D1 of NEST 96 Well Plate 100 µL PCR Full Skirt on 2 at 7.56 uL/sec
Dispensing 10.0 uL into A1 of Opentrons 24 Tube Rack with NEST 1.5 mL Snapcap on 5 at 7.56 uL/sec
Dropping tip into A1 of Opentrons Fixed Trash on 12
Transferring 2.5 from A1 of NEST 96 Well Plate 100 µL PCR Full Skirt on 1 to A1 of NEST 96 Well Plate 100 µL PCR Full Skirt on 2
	Picking up tip from B1 of Opentrons OT-2 96 Filter Tip Rack 20 µL on 4
	Mixing 3 times with a volume of 5.0 ul
		Aspirating 5.0 uL from A1 of NEST 96 Well Plate 100 µL PCR Full Skirt on 1 at 7.56 uL/sec
		Dispensing 5.0 uL into A1 of NEST 96 Well Plate 100 µL PCR Full Skirt on 1 at 7.56 uL/sec
		Aspirating 5.0 uL from A1 of NEST 96 Well Plate 100 µL PCR Full Skirt on 1 at 7.56 uL/sec
		Dispensing 5.0 uL into A1 of NEST 96 Well Plate 100 µL PCR Full Skirt on 1 at 7.56 uL/sec
		Aspirating 5.0 uL from A1 of NEST 96 Well Plate 100 µL PCR Full Skirt on 1 at 7.56 uL/sec
		Dispensing 5.0 uL into A1 of NEST 96 Well Plate 100 µL PCR Full Skirt on 1 at 7.56 uL/sec
	Aspirating 2.5 uL from A1 of NEST 96 Well Plate 100 µL PCR Full Skirt on 1 at 7.56 uL/sec
	Dispensing 2.5 uL into A1 of NEST 96 Well Plate 100 µL PCR Full Skirt on 2 at 7.56 uL/sec
	Mixing 3 times with a volume of 4.0 ul
		Aspirating 4.0 uL from A1 of NEST 96 Well Plate 100 µL PCR Full Skirt on 2 at 7.56 uL/sec
		Dispensing 4.0 uL into A1 of NEST 96 Well Plate 100 µL PCR Full Skirt on 2 at 7.56 uL/sec
		Aspirating 4.0 uL from A1 of NEST 96 Well Plate 100 µL PCR Full Skirt on 2 at 7.56 uL/sec
		Dispensing 4.0 uL into A1 of NEST 96 Well Plate 100 µL PCR Full Skirt on 2 at 7.56 uL/sec
		Aspirating 4.0 uL from A1 of NEST 96 Well Plate 100 µL PCR Full Skirt on 2 at 7.56 uL/sec
		Dispensing 4.0 uL into A1 of NEST 96 Well Plate 100 µL PCR Full Skirt on 2 at 7.56 uL/sec
	Dropping tip into A1 of Opentrons Fixed Trash on 12
Transferring 2.5 from B1 of NEST 96 Well Plate 100 µL PCR Full Skirt on 1 to B1 of NEST 96 Well Plate 100 µL PCR Full Skirt on 2
	Picking up tip from C1 of Opentrons OT-2 96 Filter Tip Rack 20 µL on 4
	Mixing 3 times with a volume of 5.0 ul
		Aspirating 5.0 uL from B1 of NEST 96 Well Plate 100 µL PCR Full Skirt on 1 at 7.56 uL/sec
		Dispensing 5.0 uL into B1 of NEST 96 Well Plate 100 µL PCR Full Skirt on 1 at 7.56 uL/sec
		Aspirating 5.0 uL from B1 of NEST 96 Well Plate 100 µL PCR Full Skirt on 1 at 7.56 uL/sec
		Dispensing 5.0 uL into B1 of NEST 96 Well Plate 100 µL PCR Full Skirt on 1 at 7.56 uL/sec
		Aspirating 5.0 uL from B1 of NEST 96 Well Plate 100 µL PCR Full Skirt on 1 at 7.56 uL/sec
		Dispensing 5.0 uL into B1 of NEST 96 Well Plate 100 µL PCR Full Skirt on 1 at 7.56 uL/sec
	Aspirating 2.5 uL from B1 of NEST 96 Well Plate 100 µL PCR Full Skirt on 1 at 7.56 uL/sec
	Dispensing 2.5 uL into B1 of NEST 96 Well Plate 100 µL PCR Full Skirt on 2 at 7.56 uL/sec
	Mixing 3 times with a volume of 4.0 ul
		Aspirating 4.0 uL from B1 of NEST 96 Well Plate 100 µL PCR Full Skirt on 2 at 7.56 uL/sec
		Dispensing 4.0 uL into B1 of NEST 96 Well Plate 100 µL PCR Full Skirt on 2 at 7.56 uL/sec
		Aspirating 4.0 uL from B1 of NEST 96 Well Plate 100 µL PCR Full Skirt on 2 at 7.56 uL/sec
		Dispensing 4.0 uL into B1 of NEST 96 Well Plate 100 µL PCR Full Skirt on 2 at 7.56 uL/sec
		Aspirating 4.0 uL from B1 of NEST 96 Well Plate 100 µL PCR Full Skirt on 2 at 7.56 uL/sec
		Dispensing 4.0 uL into B1 of NEST 96 Well Plate 100 µL PCR Full Skirt on 2 at 7.56 uL/sec
	Dropping tip into A1 of Opentrons Fixed Trash on 12
Transferring 2.5 from C1 of NEST 96 Well Plate 100 µL PCR Full Skirt on 1 to C1 of NEST 96 Well Plate 100 µL PCR Full Skirt on 2
	Picking up tip from D1 of Opentrons OT-2 96 Filter Tip Rack 20 µL on 4
	Mixing 3 times with a volume of 5.0 ul
		Aspirating 5.0 uL from C1 of NEST 96 Well Plate 100 µL PCR Full Skirt on 1 at 7.56 uL/sec
		Dispensing 5.0 uL into C1 of NEST 96 Well Plate 100 µL PCR Full Skirt on 1 at 7.56 uL/sec
		Aspirating 5.0 uL from C1 of NEST 96 Well Plate 100 µL PCR Full Skirt on 1 at 7.56 uL/sec
		Dispensing 5.0 uL into C1 of NEST 96 Well Plate 100 µL PCR Full Skirt on 1 at 7.56 uL/sec
		Aspirating 5.0 uL from C1 of NEST 96 Well Plate 100 µL PCR Full Skirt on 1 at 7.56 uL/sec
		Dispensing 5.0 uL into C1 of NEST 96 Well Plate 100 µL PCR Full Skirt on 1 at 7.56 uL/sec
	Aspirating 2.5 uL from C1 of NEST 96 Well Plate 100 µL PCR Full Skirt on 1 at 7.56 uL/sec
	Dispensing 2.5 uL into C1 of NEST 96 Well Plate 100 µL PCR Full Skirt on 2 at 7.56 uL/sec
	Mixing 3 times with a volume of 4.0 ul
		Aspirating 4.0 uL from C1 of NEST 96 Well Plate 100 µL PCR Full Skirt on 2 at 7.56 uL/sec
		Dispensing 4.0 uL into C1 of NEST 96 Well Plate 100 µL PCR Full Skirt on 2 at 7.56 uL/sec
		Aspirating 4.0 uL from C1 of NEST 96 Well Plate 100 µL PCR Full Skirt on 2 at 7.56 uL/sec
		Dispensing 4.0 uL into C1 of NEST 96 Well Plate 100 µL PCR Full Skirt on 2 at 7.56 uL/sec
		Aspirating 4.0 uL from C1 of NEST 96 Well Plate 100 µL PCR Full Skirt on 2 at 7.56 uL/sec
		Dispensing 4.0 uL into C1 of NEST 96 Well Plate 100 µL PCR Full Skirt on 2 at 7.56 uL/sec
	Dropping tip into A1 of Opentrons Fixed Trash on 12
Transferring 2.5 from D1 of NEST 96 Well Plate 100 µL PCR Full Skirt on 1 to D1 of NEST 96 Well Plate 100 µL PCR Full Skirt on 2
	Picking up tip from E1 of Opentrons OT-2 96 Filter Tip Rack 20 µL on 4
	Mixing 3 times with a volume of 5.0 ul
		Aspirating 5.0 uL from D1 of NEST 96 Well Plate 100 µL PCR Full Skirt on 1 at 7.56 uL/sec
		Dispensing 5.0 uL into D1 of NEST 96 Well Plate 100 µL PCR Full Skirt on 1 at 7.56 uL/sec
		Aspirating 5.0 uL from D1 of NEST 96 Well Plate 100 µL PCR Full Skirt on 1 at 7.56 uL/sec
		Dispensing 5.0 uL into D1 of NEST 96 Well Plate 100 µL PCR Full Skirt on 1 at 7.56 uL/sec
		Aspirating 5.0 uL from D1 of NEST 96 Well Plate 100 µL PCR Full Skirt on 1 at 7.56 uL/sec
		Dispensing 5.0 uL into D1 of NEST 96 Well Plate 100 µL PCR Full Skirt on 1 at 7.56 uL/sec
	Aspirating 2.5 uL from D1 of NEST 96 Well Plate 100 µL PCR Full Skirt on 1 at 7.56 uL/sec
	Dispensing 2.5 uL into D1 of NEST 96 Well Plate 100 µL PCR Full Skirt on 2 at 7.56 uL/sec
	Mixing 3 times with a volume of 4.0 ul
		Aspirating 4.0 uL from D1 of NEST 96 Well Plate 100 µL PCR Full Skirt on 2 at 7.56 uL/sec
		Dispensing 4.0 uL into D1 of NEST 96 Well Plate 100 µL PCR Full Skirt on 2 at 7.56 uL/sec
		Aspirating 4.0 uL from D1 of NEST 96 Well Plate 100 µL PCR Full Skirt on 2 at 7.56 uL/sec
		Dispensing 4.0 uL into D1 of NEST 96 Well Plate 100 µL PCR Full Skirt on 2 at 7.56 uL/sec
		Aspirating 4.0 uL from D1 of NEST 96 Well Plate 100 µL PCR Full Skirt on 2 at 7.56 uL/sec
		Dispensing 4.0 uL into D1 of NEST 96 Well Plate 100 µL PCR Full Skirt on 2 at 7.56 uL/sec
	Dropping tip into A1 of Opentrons Fixed Trash on 12
Delaying for 0 minutes and 1.0 seconds
Delaying for 0 minutes and 1.0 seconds
Delaying for 0 minutes and 1.0 seconds
Delaying for 0 minutes and 1.0 seconds
Delaying for 0 minutes and 1.0 seconds
Pausing robot operation: Preamp plate is ready. Please remove from robot for     amplification off deck. After amplification, click RESUME.
Delaying for 0 minutes and 1.0 seconds
Delaying for 0 minutes and 1.0 seconds
Delaying for 0 minutes and 1.0 seconds
Delaying for 0 minutes and 1.0 seconds
Delaying for 0 minutes and 1.0 seconds
Pausing robot operation: Please ensure the Preamp Plate and Loading Plate are placed     on the deck (slots 2 and 3, respectively).     The OpenArray mastermix should be loaded in D6 of the Tube Rack (slot 4).     At least 30.0uL should be in the tube,     but approximately 10% extra is recommended (3uL).     When ready, click RESUME
Picking up tip from F1 of Opentrons OT-2 96 Filter Tip Rack 20 µL on 4
Mixing 2 times with a volume of 15.0 ul
	Aspirating 15.0 uL from D6 of Opentrons 24 Tube Rack with NEST 1.5 mL Snapcap on 5 at 7.56 uL/sec
	Dispensing 15.0 uL into D6 of Opentrons 24 Tube Rack with NEST 1.5 mL Snapcap on 5 at 7.56 uL/sec
	Aspirating 15.0 uL from D6 of Opentrons 24 Tube Rack with NEST 1.5 mL Snapcap on 5 at 7.56 uL/sec
	Dispensing 15.0 uL into D6 of Opentrons 24 Tube Rack with NEST 1.5 mL Snapcap on 5 at 7.56 uL/sec
Aspirating 15.0 uL from D6 of Opentrons 24 Tube Rack with NEST 1.5 mL Snapcap on 5 at 7.56 uL/sec
Dispensing 3.75 uL into A1 of Corning 384 Well Plate 112 µL Flat on 3 at 7.56 uL/sec
Dispensing 3.75 uL into B1 of Corning 384 Well Plate 112 µL Flat on 3 at 7.56 uL/sec
Dispensing 3.75 uL into C1 of Corning 384 Well Plate 112 µL Flat on 3 at 7.56 uL/sec
Dispensing 3.75 uL into D1 of Corning 384 Well Plate 112 µL Flat on 3 at 7.56 uL/sec
Mixing 2 times with a volume of 15.0 ul
	Aspirating 15.0 uL from D6 of Opentrons 24 Tube Rack with NEST 1.5 mL Snapcap on 5 at 7.56 uL/sec
	Dispensing 15.0 uL into D6 of Opentrons 24 Tube Rack with NEST 1.5 mL Snapcap on 5 at 7.56 uL/sec
	Aspirating 15.0 uL from D6 of Opentrons 24 Tube Rack with NEST 1.5 mL Snapcap on 5 at 7.56 uL/sec
	Dispensing 15.0 uL into D6 of Opentrons 24 Tube Rack with NEST 1.5 mL Snapcap on 5 at 7.56 uL/sec
Aspirating 15.0 uL from D6 of Opentrons 24 Tube Rack with NEST 1.5 mL Snapcap on 5 at 7.56 uL/sec
Dispensing 3.75 uL into A2 of Corning 384 Well Plate 112 µL Flat on 3 at 7.56 uL/sec
Dispensing 3.75 uL into B2 of Corning 384 Well Plate 112 µL Flat on 3 at 7.56 uL/sec
Dispensing 3.75 uL into C2 of Corning 384 Well Plate 112 µL Flat on 3 at 7.56 uL/sec
Dispensing 3.75 uL into D2 of Corning 384 Well Plate 112 µL Flat on 3 at 7.56 uL/sec
Dispensing 0.0 uL into D6 of Opentrons 24 Tube Rack with NEST 1.5 mL Snapcap on 5 at 7.56 uL/sec
Dropping tip into A1 of Opentrons Fixed Trash on 12
Transferring 1.25 from A1 of NEST 96 Well Plate 100 µL PCR Full Skirt on 2 to A1 of Corning 384 Well Plate 112 µL Flat on 3
	Picking up tip from G1 of Opentrons OT-2 96 Filter Tip Rack 20 µL on 4
	Mixing 3 times with a volume of 5.0 ul
		Aspirating 5.0 uL from A1 of NEST 96 Well Plate 100 µL PCR Full Skirt on 2 at 7.56 uL/sec
		Dispensing 5.0 uL into A1 of NEST 96 Well Plate 100 µL PCR Full Skirt on 2 at 7.56 uL/sec
		Aspirating 5.0 uL from A1 of NEST 96 Well Plate 100 µL PCR Full Skirt on 2 at 7.56 uL/sec
		Dispensing 5.0 uL into A1 of NEST 96 Well Plate 100 µL PCR Full Skirt on 2 at 7.56 uL/sec
		Aspirating 5.0 uL from A1 of NEST 96 Well Plate 100 µL PCR Full Skirt on 2 at 7.56 uL/sec
		Dispensing 5.0 uL into A1 of NEST 96 Well Plate 100 µL PCR Full Skirt on 2 at 7.56 uL/sec
	Aspirating 1.25 uL from A1 of NEST 96 Well Plate 100 µL PCR Full Skirt on 2 at 7.56 uL/sec
	Dispensing 1.25 uL into A1 of Corning 384 Well Plate 112 µL Flat on 3 at 7.56 uL/sec
	Mixing 3 times with a volume of 4.0 ul
		Aspirating 4.0 uL from A1 of Corning 384 Well Plate 112 µL Flat on 3 at 7.56 uL/sec
		Dispensing 4.0 uL into A1 of Corning 384 Well Plate 112 µL Flat on 3 at 7.56 uL/sec
		Aspirating 4.0 uL from A1 of Corning 384 Well Plate 112 µL Flat on 3 at 7.56 uL/sec
		Dispensing 4.0 uL into A1 of Corning 384 Well Plate 112 µL Flat on 3 at 7.56 uL/sec
		Aspirating 4.0 uL from A1 of Corning 384 Well Plate 112 µL Flat on 3 at 7.56 uL/sec
		Dispensing 4.0 uL into A1 of Corning 384 Well Plate 112 µL Flat on 3 at 7.56 uL/sec
	Dropping tip into A1 of Opentrons Fixed Trash on 12
Transferring 1.25 from A1 of NEST 96 Well Plate 100 µL PCR Full Skirt on 2 to B1 of Corning 384 Well Plate 112 µL Flat on 3
	Picking up tip from H1 of Opentrons OT-2 96 Filter Tip Rack 20 µL on 4
	Mixing 3 times with a volume of 5.0 ul
		Aspirating 5.0 uL from A1 of NEST 96 Well Plate 100 µL PCR Full Skirt on 2 at 7.56 uL/sec
		Dispensing 5.0 uL into A1 of NEST 96 Well Plate 100 µL PCR Full Skirt on 2 at 7.56 uL/sec
		Aspirating 5.0 uL from A1 of NEST 96 Well Plate 100 µL PCR Full Skirt on 2 at 7.56 uL/sec
		Dispensing 5.0 uL into A1 of NEST 96 Well Plate 100 µL PCR Full Skirt on 2 at 7.56 uL/sec
		Aspirating 5.0 uL from A1 of NEST 96 Well Plate 100 µL PCR Full Skirt on 2 at 7.56 uL/sec
		Dispensing 5.0 uL into A1 of NEST 96 Well Plate 100 µL PCR Full Skirt on 2 at 7.56 uL/sec
	Aspirating 1.25 uL from A1 of NEST 96 Well Plate 100 µL PCR Full Skirt on 2 at 7.56 uL/sec
	Dispensing 1.25 uL into B1 of Corning 384 Well Plate 112 µL Flat on 3 at 7.56 uL/sec
	Mixing 3 times with a volume of 4.0 ul
		Aspirating 4.0 uL from B1 of Corning 384 Well Plate 112 µL Flat on 3 at 7.56 uL/sec
		Dispensing 4.0 uL into B1 of Corning 384 Well Plate 112 µL Flat on 3 at 7.56 uL/sec
		Aspirating 4.0 uL from B1 of Corning 384 Well Plate 112 µL Flat on 3 at 7.56 uL/sec
		Dispensing 4.0 uL into B1 of Corning 384 Well Plate 112 µL Flat on 3 at 7.56 uL/sec
		Aspirating 4.0 uL from B1 of Corning 384 Well Plate 112 µL Flat on 3 at 7.56 uL/sec
		Dispensing 4.0 uL into B1 of Corning 384 Well Plate 112 µL Flat on 3 at 7.56 uL/sec
	Dropping tip into A1 of Opentrons Fixed Trash on 12
Transferring 1.25 from B1 of NEST 96 Well Plate 100 µL PCR Full Skirt on 2 to C1 of Corning 384 Well Plate 112 µL Flat on 3
	Picking up tip from A2 of Opentrons OT-2 96 Filter Tip Rack 20 µL on 4
	Mixing 3 times with a volume of 5.0 ul
		Aspirating 5.0 uL from B1 of NEST 96 Well Plate 100 µL PCR Full Skirt on 2 at 7.56 uL/sec
		Dispensing 5.0 uL into B1 of NEST 96 Well Plate 100 µL PCR Full Skirt on 2 at 7.56 uL/sec
		Aspirating 5.0 uL from B1 of NEST 96 Well Plate 100 µL PCR Full Skirt on 2 at 7.56 uL/sec
		Dispensing 5.0 uL into B1 of NEST 96 Well Plate 100 µL PCR Full Skirt on 2 at 7.56 uL/sec
		Aspirating 5.0 uL from B1 of NEST 96 Well Plate 100 µL PCR Full Skirt on 2 at 7.56 uL/sec
		Dispensing 5.0 uL into B1 of NEST 96 Well Plate 100 µL PCR Full Skirt on 2 at 7.56 uL/sec
	Aspirating 1.25 uL from B1 of NEST 96 Well Plate 100 µL PCR Full Skirt on 2 at 7.56 uL/sec
	Dispensing 1.25 uL into C1 of Corning 384 Well Plate 112 µL Flat on 3 at 7.56 uL/sec
	Mixing 3 times with a volume of 4.0 ul
		Aspirating 4.0 uL from C1 of Corning 384 Well Plate 112 µL Flat on 3 at 7.56 uL/sec
		Dispensing 4.0 uL into C1 of Corning 384 Well Plate 112 µL Flat on 3 at 7.56 uL/sec
		Aspirating 4.0 uL from C1 of Corning 384 Well Plate 112 µL Flat on 3 at 7.56 uL/sec
		Dispensing 4.0 uL into C1 of Corning 384 Well Plate 112 µL Flat on 3 at 7.56 uL/sec
		Aspirating 4.0 uL from C1 of Corning 384 Well Plate 112 µL Flat on 3 at 7.56 uL/sec
		Dispensing 4.0 uL into C1 of Corning 384 Well Plate 112 µL Flat on 3 at 7.56 uL/sec
	Dropping tip into A1 of Opentrons Fixed Trash on 12
Transferring 1.25 from B1 of NEST 96 Well Plate 100 µL PCR Full Skirt on 2 to D1 of Corning 384 Well Plate 112 µL Flat on 3
	Picking up tip from B2 of Opentrons OT-2 96 Filter Tip Rack 20 µL on 4
	Mixing 3 times with a volume of 5.0 ul
		Aspirating 5.0 uL from B1 of NEST 96 Well Plate 100 µL PCR Full Skirt on 2 at 7.56 uL/sec
		Dispensing 5.0 uL into B1 of NEST 96 Well Plate 100 µL PCR Full Skirt on 2 at 7.56 uL/sec
		Aspirating 5.0 uL from B1 of NEST 96 Well Plate 100 µL PCR Full Skirt on 2 at 7.56 uL/sec
		Dispensing 5.0 uL into B1 of NEST 96 Well Plate 100 µL PCR Full Skirt on 2 at 7.56 uL/sec
		Aspirating 5.0 uL from B1 of NEST 96 Well Plate 100 µL PCR Full Skirt on 2 at 7.56 uL/sec
		Dispensing 5.0 uL into B1 of NEST 96 Well Plate 100 µL PCR Full Skirt on 2 at 7.56 uL/sec
	Aspirating 1.25 uL from B1 of NEST 96 Well Plate 100 µL PCR Full Skirt on 2 at 7.56 uL/sec
	Dispensing 1.25 uL into D1 of Corning 384 Well Plate 112 µL Flat on 3 at 7.56 uL/sec
	Mixing 3 times with a volume of 4.0 ul
		Aspirating 4.0 uL from D1 of Corning 384 Well Plate 112 µL Flat on 3 at 7.56 uL/sec
		Dispensing 4.0 uL into D1 of Corning 384 Well Plate 112 µL Flat on 3 at 7.56 uL/sec
		Aspirating 4.0 uL from D1 of Corning 384 Well Plate 112 µL Flat on 3 at 7.56 uL/sec
		Dispensing 4.0 uL into D1 of Corning 384 Well Plate 112 µL Flat on 3 at 7.56 uL/sec
		Aspirating 4.0 uL from D1 of Corning 384 Well Plate 112 µL Flat on 3 at 7.56 uL/sec
		Dispensing 4.0 uL into D1 of Corning 384 Well Plate 112 µL Flat on 3 at 7.56 uL/sec
	Dropping tip into A1 of Opentrons Fixed Trash on 12
Transferring 1.25 from C1 of NEST 96 Well Plate 100 µL PCR Full Skirt on 2 to A2 of Corning 384 Well Plate 112 µL Flat on 3
	Picking up tip from C2 of Opentrons OT-2 96 Filter Tip Rack 20 µL on 4
	Mixing 3 times with a volume of 5.0 ul
		Aspirating 5.0 uL from C1 of NEST 96 Well Plate 100 µL PCR Full Skirt on 2 at 7.56 uL/sec
		Dispensing 5.0 uL into C1 of NEST 96 Well Plate 100 µL PCR Full Skirt on 2 at 7.56 uL/sec
		Aspirating 5.0 uL from C1 of NEST 96 Well Plate 100 µL PCR Full Skirt on 2 at 7.56 uL/sec
		Dispensing 5.0 uL into C1 of NEST 96 Well Plate 100 µL PCR Full Skirt on 2 at 7.56 uL/sec
		Aspirating 5.0 uL from C1 of NEST 96 Well Plate 100 µL PCR Full Skirt on 2 at 7.56 uL/sec
		Dispensing 5.0 uL into C1 of NEST 96 Well Plate 100 µL PCR Full Skirt on 2 at 7.56 uL/sec
	Aspirating 1.25 uL from C1 of NEST 96 Well Plate 100 µL PCR Full Skirt on 2 at 7.56 uL/sec
	Dispensing 1.25 uL into A2 of Corning 384 Well Plate 112 µL Flat on 3 at 7.56 uL/sec
	Mixing 3 times with a volume of 4.0 ul
		Aspirating 4.0 uL from A2 of Corning 384 Well Plate 112 µL Flat on 3 at 7.56 uL/sec
		Dispensing 4.0 uL into A2 of Corning 384 Well Plate 112 µL Flat on 3 at 7.56 uL/sec
		Aspirating 4.0 uL from A2 of Corning 384 Well Plate 112 µL Flat on 3 at 7.56 uL/sec
		Dispensing 4.0 uL into A2 of Corning 384 Well Plate 112 µL Flat on 3 at 7.56 uL/sec
		Aspirating 4.0 uL from A2 of Corning 384 Well Plate 112 µL Flat on 3 at 7.56 uL/sec
		Dispensing 4.0 uL into A2 of Corning 384 Well Plate 112 µL Flat on 3 at 7.56 uL/sec
	Dropping tip into A1 of Opentrons Fixed Trash on 12
Transferring 1.25 from C1 of NEST 96 Well Plate 100 µL PCR Full Skirt on 2 to B2 of Corning 384 Well Plate 112 µL Flat on 3
	Picking up tip from D2 of Opentrons OT-2 96 Filter Tip Rack 20 µL on 4
	Mixing 3 times with a volume of 5.0 ul
		Aspirating 5.0 uL from C1 of NEST 96 Well Plate 100 µL PCR Full Skirt on 2 at 7.56 uL/sec
		Dispensing 5.0 uL into C1 of NEST 96 Well Plate 100 µL PCR Full Skirt on 2 at 7.56 uL/sec
		Aspirating 5.0 uL from C1 of NEST 96 Well Plate 100 µL PCR Full Skirt on 2 at 7.56 uL/sec
		Dispensing 5.0 uL into C1 of NEST 96 Well Plate 100 µL PCR Full Skirt on 2 at 7.56 uL/sec
		Aspirating 5.0 uL from C1 of NEST 96 Well Plate 100 µL PCR Full Skirt on 2 at 7.56 uL/sec
		Dispensing 5.0 uL into C1 of NEST 96 Well Plate 100 µL PCR Full Skirt on 2 at 7.56 uL/sec
	Aspirating 1.25 uL from C1 of NEST 96 Well Plate 100 µL PCR Full Skirt on 2 at 7.56 uL/sec
	Dispensing 1.25 uL into B2 of Corning 384 Well Plate 112 µL Flat on 3 at 7.56 uL/sec
	Mixing 3 times with a volume of 4.0 ul
		Aspirating 4.0 uL from B2 of Corning 384 Well Plate 112 µL Flat on 3 at 7.56 uL/sec
		Dispensing 4.0 uL into B2 of Corning 384 Well Plate 112 µL Flat on 3 at 7.56 uL/sec
		Aspirating 4.0 uL from B2 of Corning 384 Well Plate 112 µL Flat on 3 at 7.56 uL/sec
		Dispensing 4.0 uL into B2 of Corning 384 Well Plate 112 µL Flat on 3 at 7.56 uL/sec
		Aspirating 4.0 uL from B2 of Corning 384 Well Plate 112 µL Flat on 3 at 7.56 uL/sec
		Dispensing 4.0 uL into B2 of Corning 384 Well Plate 112 µL Flat on 3 at 7.56 uL/sec
	Dropping tip into A1 of Opentrons Fixed Trash on 12
Transferring 1.25 from D1 of NEST 96 Well Plate 100 µL PCR Full Skirt on 2 to C2 of Corning 384 Well Plate 112 µL Flat on 3
	Picking up tip from E2 of Opentrons OT-2 96 Filter Tip Rack 20 µL on 4
	Mixing 3 times with a volume of 5.0 ul
		Aspirating 5.0 uL from D1 of NEST 96 Well Plate 100 µL PCR Full Skirt on 2 at 7.56 uL/sec
		Dispensing 5.0 uL into D1 of NEST 96 Well Plate 100 µL PCR Full Skirt on 2 at 7.56 uL/sec
		Aspirating 5.0 uL from D1 of NEST 96 Well Plate 100 µL PCR Full Skirt on 2 at 7.56 uL/sec
		Dispensing 5.0 uL into D1 of NEST 96 Well Plate 100 µL PCR Full Skirt on 2 at 7.56 uL/sec
		Aspirating 5.0 uL from D1 of NEST 96 Well Plate 100 µL PCR Full Skirt on 2 at 7.56 uL/sec
		Dispensing 5.0 uL into D1 of NEST 96 Well Plate 100 µL PCR Full Skirt on 2 at 7.56 uL/sec
	Aspirating 1.25 uL from D1 of NEST 96 Well Plate 100 µL PCR Full Skirt on 2 at 7.56 uL/sec
	Dispensing 1.25 uL into C2 of Corning 384 Well Plate 112 µL Flat on 3 at 7.56 uL/sec
	Mixing 3 times with a volume of 4.0 ul
		Aspirating 4.0 uL from C2 of Corning 384 Well Plate 112 µL Flat on 3 at 7.56 uL/sec
		Dispensing 4.0 uL into C2 of Corning 384 Well Plate 112 µL Flat on 3 at 7.56 uL/sec
		Aspirating 4.0 uL from C2 of Corning 384 Well Plate 112 µL Flat on 3 at 7.56 uL/sec
		Dispensing 4.0 uL into C2 of Corning 384 Well Plate 112 µL Flat on 3 at 7.56 uL/sec
		Aspirating 4.0 uL from C2 of Corning 384 Well Plate 112 µL Flat on 3 at 7.56 uL/sec
		Dispensing 4.0 uL into C2 of Corning 384 Well Plate 112 µL Flat on 3 at 7.56 uL/sec
	Dropping tip into A1 of Opentrons Fixed Trash on 12
Transferring 1.25 from D1 of NEST 96 Well Plate 100 µL PCR Full Skirt on 2 to D2 of Corning 384 Well Plate 112 µL Flat on 3
	Picking up tip from F2 of Opentrons OT-2 96 Filter Tip Rack 20 µL on 4
	Mixing 3 times with a volume of 5.0 ul
		Aspirating 5.0 uL from D1 of NEST 96 Well Plate 100 µL PCR Full Skirt on 2 at 7.56 uL/sec
		Dispensing 5.0 uL into D1 of NEST 96 Well Plate 100 µL PCR Full Skirt on 2 at 7.56 uL/sec
		Aspirating 5.0 uL from D1 of NEST 96 Well Plate 100 µL PCR Full Skirt on 2 at 7.56 uL/sec
		Dispensing 5.0 uL into D1 of NEST 96 Well Plate 100 µL PCR Full Skirt on 2 at 7.56 uL/sec
		Aspirating 5.0 uL from D1 of NEST 96 Well Plate 100 µL PCR Full Skirt on 2 at 7.56 uL/sec
		Dispensing 5.0 uL into D1 of NEST 96 Well Plate 100 µL PCR Full Skirt on 2 at 7.56 uL/sec
	Aspirating 1.25 uL from D1 of NEST 96 Well Plate 100 µL PCR Full Skirt on 2 at 7.56 uL/sec
	Dispensing 1.25 uL into D2 of Corning 384 Well Plate 112 µL Flat on 3 at 7.56 uL/sec
	Mixing 3 times with a volume of 4.0 ul
		Aspirating 4.0 uL from D2 of Corning 384 Well Plate 112 µL Flat on 3 at 7.56 uL/sec
		Dispensing 4.0 uL into D2 of Corning 384 Well Plate 112 µL Flat on 3 at 7.56 uL/sec
		Aspirating 4.0 uL from D2 of Corning 384 Well Plate 112 µL Flat on 3 at 7.56 uL/sec
		Dispensing 4.0 uL into D2 of Corning 384 Well Plate 112 µL Flat on 3 at 7.56 uL/sec
		Aspirating 4.0 uL from D2 of Corning 384 Well Plate 112 µL Flat on 3 at 7.56 uL/sec
		Dispensing 4.0 uL into D2 of Corning 384 Well Plate 112 µL Flat on 3 at 7.56 uL/sec
	Dropping tip into A1 of Opentrons Fixed Trash on 12
Protocol complete! Please start OpenArray process.
Caught exception: {'message': 'Task was destroyed but it is pending!', 'task': <Task pending name='Task-4' coro=<Poller._poll_forever() running at /Users/dp/Desktop/project/github/opentrons/venv/lib/python3.10/site-packages/opentrons/hardware_control/poller.py:80> wait_for=<Future pending cb=[Task.task_wakeup()]>>}
Caught exception: {'message': 'Task was destroyed but it is pending!', 'task': <Task pending name='Task-3' coro=<Poller._poll_forever() running at /Users/dp/Desktop/project/github/opentrons/venv/lib/python3.10/site-packages/opentrons/hardware_control/poller.py:80> wait_for=<Future pending cb=[Task.task_wakeup()]>>}
Caught exception: {'message': 'Task was destroyed but it is pending!', 'task': <Task pending name='Task-2' coro=<Poller._poll_forever() running at /Users/dp/Desktop/project/github/opentrons/venv/lib/python3.10/site-packages/opentrons/hardware_control/poller.py:80> wait_for=<Future pending cb=[Task.task_wakeup()]>>}
