/Users/dp/Desktop/project/github/opentrons/venv/lib/python3.10/site-packages/opentrons/hardware_control/simulator_setup.py:205: UserWarning: Simulator configuration does not name a machine, defaulting to OT-2 Standard
  warn(
/Users/dp/.opentrons/robot_settings.json not found. Loading defaults
Deck calibration not found.
/Users/dp/.opentrons/deck_calibration.json not found. Loading defaults

    master mix plate in deck slot 4:
    col 1 - End Prep Enzyme Mx + End Prep Rxn Bf
    col 2 - Adapter
    col 3 - Ligation Master Mx + Ligation Enhancer
    col 4 - USER enzyme
    

    sample plate in thermocycler module:
    samples arranged in columns of 8
    up to 96 samples total
    96 samples in this run
    
Opening Thermocycler lid

    add end prep mix to samples
    incubate in cycler:
    15 min 37 C, 30 min 65 C, hold 20 C
    
Transferring 2.25 from A1 of Master Mix Plate on 4 to A1 of Sample Plate on Thermocycler Module GEN1 on 7
	Picking up tip from A1 of Opentrons OT-2 96 Filter Tip Rack 20 µL on 2
	Aspirating 2.25 uL from A1 of Master Mix Plate on 4 at 7.6 uL/sec
	Dispensing 2.25 uL into A1 of Sample Plate on Thermocycler Module GEN1 on 7 at 7.6 uL/sec
	Mixing 3 times with a volume of 4.0 ul
		Aspirating 4.0 uL from A1 of Sample Plate on Thermocycler Module GEN1 on 7 at 7.6 uL/sec
		Dispensing 4.0 uL into A1 of Sample Plate on Thermocycler Module GEN1 on 7 at 7.6 uL/sec
		Aspirating 4.0 uL from A1 of Sample Plate on Thermocycler Module GEN1 on 7 at 7.6 uL/sec
		Dispensing 4.0 uL into A1 of Sample Plate on Thermocycler Module GEN1 on 7 at 7.6 uL/sec
		Aspirating 4.0 uL from A1 of Sample Plate on Thermocycler Module GEN1 on 7 at 7.6 uL/sec
		Dispensing 4.0 uL into A1 of Sample Plate on Thermocycler Module GEN1 on 7 at 7.6 uL/sec
	Dropping tip into A1 of Opentrons Fixed Trash on 12
Transferring 2.25 from A1 of Master Mix Plate on 4 to A2 of Sample Plate on Thermocycler Module GEN1 on 7
	Picking up tip from A2 of Opentrons OT-2 96 Filter Tip Rack 20 µL on 2
	Aspirating 2.25 uL from A1 of Master Mix Plate on 4 at 7.6 uL/sec
	Dispensing 2.25 uL into A2 of Sample Plate on Thermocycler Module GEN1 on 7 at 7.6 uL/sec
	Mixing 3 times with a volume of 4.0 ul
		Aspirating 4.0 uL from A2 of Sample Plate on Thermocycler Module GEN1 on 7 at 7.6 uL/sec
		Dispensing 4.0 uL into A2 of Sample Plate on Thermocycler Module GEN1 on 7 at 7.6 uL/sec
		Aspirating 4.0 uL from A2 of Sample Plate on Thermocycler Module GEN1 on 7 at 7.6 uL/sec
		Dispensing 4.0 uL into A2 of Sample Plate on Thermocycler Module GEN1 on 7 at 7.6 uL/sec
		Aspirating 4.0 uL from A2 of Sample Plate on Thermocycler Module GEN1 on 7 at 7.6 uL/sec
		Dispensing 4.0 uL into A2 of Sample Plate on Thermocycler Module GEN1 on 7 at 7.6 uL/sec
	Dropping tip into A1 of Opentrons Fixed Trash on 12
Transferring 2.25 from A1 of Master Mix Plate on 4 to A3 of Sample Plate on Thermocycler Module GEN1 on 7
	Picking up tip from A3 of Opentrons OT-2 96 Filter Tip Rack 20 µL on 2
	Aspirating 2.25 uL from A1 of Master Mix Plate on 4 at 7.6 uL/sec
	Dispensing 2.25 uL into A3 of Sample Plate on Thermocycler Module GEN1 on 7 at 7.6 uL/sec
	Mixing 3 times with a volume of 4.0 ul
		Aspirating 4.0 uL from A3 of Sample Plate on Thermocycler Module GEN1 on 7 at 7.6 uL/sec
		Dispensing 4.0 uL into A3 of Sample Plate on Thermocycler Module GEN1 on 7 at 7.6 uL/sec
		Aspirating 4.0 uL from A3 of Sample Plate on Thermocycler Module GEN1 on 7 at 7.6 uL/sec
		Dispensing 4.0 uL into A3 of Sample Plate on Thermocycler Module GEN1 on 7 at 7.6 uL/sec
		Aspirating 4.0 uL from A3 of Sample Plate on Thermocycler Module GEN1 on 7 at 7.6 uL/sec
		Dispensing 4.0 uL into A3 of Sample Plate on Thermocycler Module GEN1 on 7 at 7.6 uL/sec
	Dropping tip into A1 of Opentrons Fixed Trash on 12
Transferring 2.25 from A1 of Master Mix Plate on 4 to A4 of Sample Plate on Thermocycler Module GEN1 on 7
	Picking up tip from A4 of Opentrons OT-2 96 Filter Tip Rack 20 µL on 2
	Aspirating 2.25 uL from A1 of Master Mix Plate on 4 at 7.6 uL/sec
	Dispensing 2.25 uL into A4 of Sample Plate on Thermocycler Module GEN1 on 7 at 7.6 uL/sec
	Mixing 3 times with a volume of 4.0 ul
		Aspirating 4.0 uL from A4 of Sample Plate on Thermocycler Module GEN1 on 7 at 7.6 uL/sec
		Dispensing 4.0 uL into A4 of Sample Plate on Thermocycler Module GEN1 on 7 at 7.6 uL/sec
		Aspirating 4.0 uL from A4 of Sample Plate on Thermocycler Module GEN1 on 7 at 7.6 uL/sec
		Dispensing 4.0 uL into A4 of Sample Plate on Thermocycler Module GEN1 on 7 at 7.6 uL/sec
		Aspirating 4.0 uL from A4 of Sample Plate on Thermocycler Module GEN1 on 7 at 7.6 uL/sec
		Dispensing 4.0 uL into A4 of Sample Plate on Thermocycler Module GEN1 on 7 at 7.6 uL/sec
	Dropping tip into A1 of Opentrons Fixed Trash on 12
Transferring 2.25 from A1 of Master Mix Plate on 4 to A5 of Sample Plate on Thermocycler Module GEN1 on 7
	Picking up tip from A5 of Opentrons OT-2 96 Filter Tip Rack 20 µL on 2
	Aspirating 2.25 uL from A1 of Master Mix Plate on 4 at 7.6 uL/sec
	Dispensing 2.25 uL into A5 of Sample Plate on Thermocycler Module GEN1 on 7 at 7.6 uL/sec
	Mixing 3 times with a volume of 4.0 ul
		Aspirating 4.0 uL from A5 of Sample Plate on Thermocycler Module GEN1 on 7 at 7.6 uL/sec
		Dispensing 4.0 uL into A5 of Sample Plate on Thermocycler Module GEN1 on 7 at 7.6 uL/sec
		Aspirating 4.0 uL from A5 of Sample Plate on Thermocycler Module GEN1 on 7 at 7.6 uL/sec
		Dispensing 4.0 uL into A5 of Sample Plate on Thermocycler Module GEN1 on 7 at 7.6 uL/sec
		Aspirating 4.0 uL from A5 of Sample Plate on Thermocycler Module GEN1 on 7 at 7.6 uL/sec
		Dispensing 4.0 uL into A5 of Sample Plate on Thermocycler Module GEN1 on 7 at 7.6 uL/sec
	Dropping tip into A1 of Opentrons Fixed Trash on 12
Transferring 2.25 from A1 of Master Mix Plate on 4 to A6 of Sample Plate on Thermocycler Module GEN1 on 7
	Picking up tip from A6 of Opentrons OT-2 96 Filter Tip Rack 20 µL on 2
	Aspirating 2.25 uL from A1 of Master Mix Plate on 4 at 7.6 uL/sec
	Dispensing 2.25 uL into A6 of Sample Plate on Thermocycler Module GEN1 on 7 at 7.6 uL/sec
	Mixing 3 times with a volume of 4.0 ul
		Aspirating 4.0 uL from A6 of Sample Plate on Thermocycler Module GEN1 on 7 at 7.6 uL/sec
		Dispensing 4.0 uL into A6 of Sample Plate on Thermocycler Module GEN1 on 7 at 7.6 uL/sec
		Aspirating 4.0 uL from A6 of Sample Plate on Thermocycler Module GEN1 on 7 at 7.6 uL/sec
		Dispensing 4.0 uL into A6 of Sample Plate on Thermocycler Module GEN1 on 7 at 7.6 uL/sec
		Aspirating 4.0 uL from A6 of Sample Plate on Thermocycler Module GEN1 on 7 at 7.6 uL/sec
		Dispensing 4.0 uL into A6 of Sample Plate on Thermocycler Module GEN1 on 7 at 7.6 uL/sec
	Dropping tip into A1 of Opentrons Fixed Trash on 12
Transferring 2.25 from A1 of Master Mix Plate on 4 to A7 of Sample Plate on Thermocycler Module GEN1 on 7
	Picking up tip from A7 of Opentrons OT-2 96 Filter Tip Rack 20 µL on 2
	Aspirating 2.25 uL from A1 of Master Mix Plate on 4 at 7.6 uL/sec
	Dispensing 2.25 uL into A7 of Sample Plate on Thermocycler Module GEN1 on 7 at 7.6 uL/sec
	Mixing 3 times with a volume of 4.0 ul
		Aspirating 4.0 uL from A7 of Sample Plate on Thermocycler Module GEN1 on 7 at 7.6 uL/sec
		Dispensing 4.0 uL into A7 of Sample Plate on Thermocycler Module GEN1 on 7 at 7.6 uL/sec
		Aspirating 4.0 uL from A7 of Sample Plate on Thermocycler Module GEN1 on 7 at 7.6 uL/sec
		Dispensing 4.0 uL into A7 of Sample Plate on Thermocycler Module GEN1 on 7 at 7.6 uL/sec
		Aspirating 4.0 uL from A7 of Sample Plate on Thermocycler Module GEN1 on 7 at 7.6 uL/sec
		Dispensing 4.0 uL into A7 of Sample Plate on Thermocycler Module GEN1 on 7 at 7.6 uL/sec
	Dropping tip into A1 of Opentrons Fixed Trash on 12
Transferring 2.25 from A1 of Master Mix Plate on 4 to A8 of Sample Plate on Thermocycler Module GEN1 on 7
	Picking up tip from A8 of Opentrons OT-2 96 Filter Tip Rack 20 µL on 2
	Aspirating 2.25 uL from A1 of Master Mix Plate on 4 at 7.6 uL/sec
	Dispensing 2.25 uL into A8 of Sample Plate on Thermocycler Module GEN1 on 7 at 7.6 uL/sec
	Mixing 3 times with a volume of 4.0 ul
		Aspirating 4.0 uL from A8 of Sample Plate on Thermocycler Module GEN1 on 7 at 7.6 uL/sec
		Dispensing 4.0 uL into A8 of Sample Plate on Thermocycler Module GEN1 on 7 at 7.6 uL/sec
		Aspirating 4.0 uL from A8 of Sample Plate on Thermocycler Module GEN1 on 7 at 7.6 uL/sec
		Dispensing 4.0 uL into A8 of Sample Plate on Thermocycler Module GEN1 on 7 at 7.6 uL/sec
		Aspirating 4.0 uL from A8 of Sample Plate on Thermocycler Module GEN1 on 7 at 7.6 uL/sec
		Dispensing 4.0 uL into A8 of Sample Plate on Thermocycler Module GEN1 on 7 at 7.6 uL/sec
	Dropping tip into A1 of Opentrons Fixed Trash on 12
Transferring 2.25 from A1 of Master Mix Plate on 4 to A9 of Sample Plate on Thermocycler Module GEN1 on 7
	Picking up tip from A9 of Opentrons OT-2 96 Filter Tip Rack 20 µL on 2
	Aspirating 2.25 uL from A1 of Master Mix Plate on 4 at 7.6 uL/sec
	Dispensing 2.25 uL into A9 of Sample Plate on Thermocycler Module GEN1 on 7 at 7.6 uL/sec
	Mixing 3 times with a volume of 4.0 ul
		Aspirating 4.0 uL from A9 of Sample Plate on Thermocycler Module GEN1 on 7 at 7.6 uL/sec
		Dispensing 4.0 uL into A9 of Sample Plate on Thermocycler Module GEN1 on 7 at 7.6 uL/sec
		Aspirating 4.0 uL from A9 of Sample Plate on Thermocycler Module GEN1 on 7 at 7.6 uL/sec
		Dispensing 4.0 uL into A9 of Sample Plate on Thermocycler Module GEN1 on 7 at 7.6 uL/sec
		Aspirating 4.0 uL from A9 of Sample Plate on Thermocycler Module GEN1 on 7 at 7.6 uL/sec
		Dispensing 4.0 uL into A9 of Sample Plate on Thermocycler Module GEN1 on 7 at 7.6 uL/sec
	Dropping tip into A1 of Opentrons Fixed Trash on 12
Transferring 2.25 from A1 of Master Mix Plate on 4 to A10 of Sample Plate on Thermocycler Module GEN1 on 7
	Picking up tip from A10 of Opentrons OT-2 96 Filter Tip Rack 20 µL on 2
	Aspirating 2.25 uL from A1 of Master Mix Plate on 4 at 7.6 uL/sec
	Dispensing 2.25 uL into A10 of Sample Plate on Thermocycler Module GEN1 on 7 at 7.6 uL/sec
	Mixing 3 times with a volume of 4.0 ul
		Aspirating 4.0 uL from A10 of Sample Plate on Thermocycler Module GEN1 on 7 at 7.6 uL/sec
		Dispensing 4.0 uL into A10 of Sample Plate on Thermocycler Module GEN1 on 7 at 7.6 uL/sec
		Aspirating 4.0 uL from A10 of Sample Plate on Thermocycler Module GEN1 on 7 at 7.6 uL/sec
		Dispensing 4.0 uL into A10 of Sample Plate on Thermocycler Module GEN1 on 7 at 7.6 uL/sec
		Aspirating 4.0 uL from A10 of Sample Plate on Thermocycler Module GEN1 on 7 at 7.6 uL/sec
		Dispensing 4.0 uL into A10 of Sample Plate on Thermocycler Module GEN1 on 7 at 7.6 uL/sec
	Dropping tip into A1 of Opentrons Fixed Trash on 12
Transferring 2.25 from A1 of Master Mix Plate on 4 to A11 of Sample Plate on Thermocycler Module GEN1 on 7
	Picking up tip from A11 of Opentrons OT-2 96 Filter Tip Rack 20 µL on 2
	Aspirating 2.25 uL from A1 of Master Mix Plate on 4 at 7.6 uL/sec
	Dispensing 2.25 uL into A11 of Sample Plate on Thermocycler Module GEN1 on 7 at 7.6 uL/sec
	Mixing 3 times with a volume of 4.0 ul
		Aspirating 4.0 uL from A11 of Sample Plate on Thermocycler Module GEN1 on 7 at 7.6 uL/sec
		Dispensing 4.0 uL into A11 of Sample Plate on Thermocycler Module GEN1 on 7 at 7.6 uL/sec
		Aspirating 4.0 uL from A11 of Sample Plate on Thermocycler Module GEN1 on 7 at 7.6 uL/sec
		Dispensing 4.0 uL into A11 of Sample Plate on Thermocycler Module GEN1 on 7 at 7.6 uL/sec
		Aspirating 4.0 uL from A11 of Sample Plate on Thermocycler Module GEN1 on 7 at 7.6 uL/sec
		Dispensing 4.0 uL into A11 of Sample Plate on Thermocycler Module GEN1 on 7 at 7.6 uL/sec
	Dropping tip into A1 of Opentrons Fixed Trash on 12
Transferring 2.25 from A1 of Master Mix Plate on 4 to A12 of Sample Plate on Thermocycler Module GEN1 on 7
	Picking up tip from A12 of Opentrons OT-2 96 Filter Tip Rack 20 µL on 2
	Aspirating 2.25 uL from A1 of Master Mix Plate on 4 at 7.6 uL/sec
	Dispensing 2.25 uL into A12 of Sample Plate on Thermocycler Module GEN1 on 7 at 7.6 uL/sec
	Mixing 3 times with a volume of 4.0 ul
		Aspirating 4.0 uL from A12 of Sample Plate on Thermocycler Module GEN1 on 7 at 7.6 uL/sec
		Dispensing 4.0 uL into A12 of Sample Plate on Thermocycler Module GEN1 on 7 at 7.6 uL/sec
		Aspirating 4.0 uL from A12 of Sample Plate on Thermocycler Module GEN1 on 7 at 7.6 uL/sec
		Dispensing 4.0 uL into A12 of Sample Plate on Thermocycler Module GEN1 on 7 at 7.6 uL/sec
		Aspirating 4.0 uL from A12 of Sample Plate on Thermocycler Module GEN1 on 7 at 7.6 uL/sec
		Dispensing 4.0 uL into A12 of Sample Plate on Thermocycler Module GEN1 on 7 at 7.6 uL/sec
	Dropping tip into A1 of Opentrons Fixed Trash on 12
Closing Thermocycler lid
Setting Thermocycler lid temperature to 100.0 °C
Setting Thermocycler well block temperature to 37.0 °C
Delaying for 15 minutes and 0.0 seconds
Setting Thermocycler well block temperature to 65.0 °C
Delaying for 30 minutes and 0.0 seconds
Setting Thermocycler well block temperature to 20.0 °C
Delaying for 0 minutes and 30.0 seconds
Opening Thermocycler lid
Deactivating Thermocycler lid heating

    add adapter to samples
    
Transferring 1.0 from A2 of Master Mix Plate on 4 to A1 of Sample Plate on Thermocycler Module GEN1 on 7
	Picking up tip from A1 of Opentrons OT-2 96 Filter Tip Rack 20 µL on 3
	Aspirating 1.0 uL from A2 of Master Mix Plate on 4 at 7.6 uL/sec
	Dispensing 1.0 uL into A1 of Sample Plate on Thermocycler Module GEN1 on 7 at 7.6 uL/sec
	Dropping tip into A1 of Opentrons Fixed Trash on 12
Transferring 1.0 from A2 of Master Mix Plate on 4 to A2 of Sample Plate on Thermocycler Module GEN1 on 7
	Picking up tip from A2 of Opentrons OT-2 96 Filter Tip Rack 20 µL on 3
	Aspirating 1.0 uL from A2 of Master Mix Plate on 4 at 7.6 uL/sec
	Dispensing 1.0 uL into A2 of Sample Plate on Thermocycler Module GEN1 on 7 at 7.6 uL/sec
	Dropping tip into A1 of Opentrons Fixed Trash on 12
Transferring 1.0 from A2 of Master Mix Plate on 4 to A3 of Sample Plate on Thermocycler Module GEN1 on 7
	Picking up tip from A3 of Opentrons OT-2 96 Filter Tip Rack 20 µL on 3
	Aspirating 1.0 uL from A2 of Master Mix Plate on 4 at 7.6 uL/sec
	Dispensing 1.0 uL into A3 of Sample Plate on Thermocycler Module GEN1 on 7 at 7.6 uL/sec
	Dropping tip into A1 of Opentrons Fixed Trash on 12
Transferring 1.0 from A2 of Master Mix Plate on 4 to A4 of Sample Plate on Thermocycler Module GEN1 on 7
	Picking up tip from A4 of Opentrons OT-2 96 Filter Tip Rack 20 µL on 3
	Aspirating 1.0 uL from A2 of Master Mix Plate on 4 at 7.6 uL/sec
	Dispensing 1.0 uL into A4 of Sample Plate on Thermocycler Module GEN1 on 7 at 7.6 uL/sec
	Dropping tip into A1 of Opentrons Fixed Trash on 12
Transferring 1.0 from A2 of Master Mix Plate on 4 to A5 of Sample Plate on Thermocycler Module GEN1 on 7
	Picking up tip from A5 of Opentrons OT-2 96 Filter Tip Rack 20 µL on 3
	Aspirating 1.0 uL from A2 of Master Mix Plate on 4 at 7.6 uL/sec
	Dispensing 1.0 uL into A5 of Sample Plate on Thermocycler Module GEN1 on 7 at 7.6 uL/sec
	Dropping tip into A1 of Opentrons Fixed Trash on 12
Transferring 1.0 from A2 of Master Mix Plate on 4 to A6 of Sample Plate on Thermocycler Module GEN1 on 7
	Picking up tip from A6 of Opentrons OT-2 96 Filter Tip Rack 20 µL on 3
	Aspirating 1.0 uL from A2 of Master Mix Plate on 4 at 7.6 uL/sec
	Dispensing 1.0 uL into A6 of Sample Plate on Thermocycler Module GEN1 on 7 at 7.6 uL/sec
	Dropping tip into A1 of Opentrons Fixed Trash on 12
Transferring 1.0 from A2 of Master Mix Plate on 4 to A7 of Sample Plate on Thermocycler Module GEN1 on 7
	Picking up tip from A7 of Opentrons OT-2 96 Filter Tip Rack 20 µL on 3
	Aspirating 1.0 uL from A2 of Master Mix Plate on 4 at 7.6 uL/sec
	Dispensing 1.0 uL into A7 of Sample Plate on Thermocycler Module GEN1 on 7 at 7.6 uL/sec
	Dropping tip into A1 of Opentrons Fixed Trash on 12
Transferring 1.0 from A2 of Master Mix Plate on 4 to A8 of Sample Plate on Thermocycler Module GEN1 on 7
	Picking up tip from A8 of Opentrons OT-2 96 Filter Tip Rack 20 µL on 3
	Aspirating 1.0 uL from A2 of Master Mix Plate on 4 at 7.6 uL/sec
	Dispensing 1.0 uL into A8 of Sample Plate on Thermocycler Module GEN1 on 7 at 7.6 uL/sec
	Dropping tip into A1 of Opentrons Fixed Trash on 12
Transferring 1.0 from A2 of Master Mix Plate on 4 to A9 of Sample Plate on Thermocycler Module GEN1 on 7
	Picking up tip from A9 of Opentrons OT-2 96 Filter Tip Rack 20 µL on 3
	Aspirating 1.0 uL from A2 of Master Mix Plate on 4 at 7.6 uL/sec
	Dispensing 1.0 uL into A9 of Sample Plate on Thermocycler Module GEN1 on 7 at 7.6 uL/sec
	Dropping tip into A1 of Opentrons Fixed Trash on 12
Transferring 1.0 from A2 of Master Mix Plate on 4 to A10 of Sample Plate on Thermocycler Module GEN1 on 7
	Picking up tip from A10 of Opentrons OT-2 96 Filter Tip Rack 20 µL on 3
	Aspirating 1.0 uL from A2 of Master Mix Plate on 4 at 7.6 uL/sec
	Dispensing 1.0 uL into A10 of Sample Plate on Thermocycler Module GEN1 on 7 at 7.6 uL/sec
	Dropping tip into A1 of Opentrons Fixed Trash on 12
Transferring 1.0 from A2 of Master Mix Plate on 4 to A11 of Sample Plate on Thermocycler Module GEN1 on 7
	Picking up tip from A11 of Opentrons OT-2 96 Filter Tip Rack 20 µL on 3
	Aspirating 1.0 uL from A2 of Master Mix Plate on 4 at 7.6 uL/sec
	Dispensing 1.0 uL into A11 of Sample Plate on Thermocycler Module GEN1 on 7 at 7.6 uL/sec
	Dropping tip into A1 of Opentrons Fixed Trash on 12
Transferring 1.0 from A2 of Master Mix Plate on 4 to A12 of Sample Plate on Thermocycler Module GEN1 on 7
	Picking up tip from A12 of Opentrons OT-2 96 Filter Tip Rack 20 µL on 3
	Aspirating 1.0 uL from A2 of Master Mix Plate on 4 at 7.6 uL/sec
	Dispensing 1.0 uL into A12 of Sample Plate on Thermocycler Module GEN1 on 7 at 7.6 uL/sec
	Dropping tip into A1 of Opentrons Fixed Trash on 12

    add ligation mix to samples
    mix
    incubate in cycler:
    15 min 20 C

    liquid handling method for ligation mix:
    slow flow rate for aspiration and dispense
    wait for liquid to finish moving after aspiration and dispense
    dispense to a surface
    withdraw tip slowly from liquid
    
Picking up tip from A1 of Opentrons OT-2 96 Filter Tip Rack 20 µL on 5
Aspirating 7.75 uL from A3 of Master Mix Plate on 4 at 3.0 uL/sec
Delaying for 0 minutes and 1.0 seconds
Moving to A3 of Master Mix Plate on 4
Dispensing 7.75 uL into A1 of Sample Plate on Thermocycler Module GEN1 on 7 at 3.0 uL/sec
Delaying for 0 minutes and 1.0 seconds
Aspirating 10.0 uL from A1 of Sample Plate on Thermocycler Module GEN1 on 7 at 3.0 uL/sec
Delaying for 0 minutes and 1.0 seconds
Dispensing 10.0 uL into A1 of Sample Plate on Thermocycler Module GEN1 on 7 at 3.0 uL/sec
Delaying for 0 minutes and 1.0 seconds
Aspirating 10.0 uL from A1 of Sample Plate on Thermocycler Module GEN1 on 7 at 3.0 uL/sec
Delaying for 0 minutes and 1.0 seconds
Dispensing 10.0 uL into A1 of Sample Plate on Thermocycler Module GEN1 on 7 at 3.0 uL/sec
Delaying for 0 minutes and 1.0 seconds
Aspirating 10.0 uL from A1 of Sample Plate on Thermocycler Module GEN1 on 7 at 3.0 uL/sec
Delaying for 0 minutes and 1.0 seconds
Dispensing 10.0 uL into A1 of Sample Plate on Thermocycler Module GEN1 on 7 at 3.0 uL/sec
Delaying for 0 minutes and 1.0 seconds
Dropping tip into A1 of Opentrons Fixed Trash on 12
Picking up tip from A2 of Opentrons OT-2 96 Filter Tip Rack 20 µL on 5
Aspirating 7.75 uL from A3 of Master Mix Plate on 4 at 3.0 uL/sec
Delaying for 0 minutes and 1.0 seconds
Moving to A3 of Master Mix Plate on 4
Dispensing 7.75 uL into A2 of Sample Plate on Thermocycler Module GEN1 on 7 at 3.0 uL/sec
Delaying for 0 minutes and 1.0 seconds
Aspirating 10.0 uL from A2 of Sample Plate on Thermocycler Module GEN1 on 7 at 3.0 uL/sec
Delaying for 0 minutes and 1.0 seconds
Dispensing 10.0 uL into A2 of Sample Plate on Thermocycler Module GEN1 on 7 at 3.0 uL/sec
Delaying for 0 minutes and 1.0 seconds
Aspirating 10.0 uL from A2 of Sample Plate on Thermocycler Module GEN1 on 7 at 3.0 uL/sec
Delaying for 0 minutes and 1.0 seconds
Dispensing 10.0 uL into A2 of Sample Plate on Thermocycler Module GEN1 on 7 at 3.0 uL/sec
Delaying for 0 minutes and 1.0 seconds
Aspirating 10.0 uL from A2 of Sample Plate on Thermocycler Module GEN1 on 7 at 3.0 uL/sec
Delaying for 0 minutes and 1.0 seconds
Dispensing 10.0 uL into A2 of Sample Plate on Thermocycler Module GEN1 on 7 at 3.0 uL/sec
Delaying for 0 minutes and 1.0 seconds
Dropping tip into A1 of Opentrons Fixed Trash on 12
Picking up tip from A3 of Opentrons OT-2 96 Filter Tip Rack 20 µL on 5
Aspirating 7.75 uL from A3 of Master Mix Plate on 4 at 3.0 uL/sec
Delaying for 0 minutes and 1.0 seconds
Moving to A3 of Master Mix Plate on 4
Dispensing 7.75 uL into A3 of Sample Plate on Thermocycler Module GEN1 on 7 at 3.0 uL/sec
Delaying for 0 minutes and 1.0 seconds
Aspirating 10.0 uL from A3 of Sample Plate on Thermocycler Module GEN1 on 7 at 3.0 uL/sec
Delaying for 0 minutes and 1.0 seconds
Dispensing 10.0 uL into A3 of Sample Plate on Thermocycler Module GEN1 on 7 at 3.0 uL/sec
Delaying for 0 minutes and 1.0 seconds
Aspirating 10.0 uL from A3 of Sample Plate on Thermocycler Module GEN1 on 7 at 3.0 uL/sec
Delaying for 0 minutes and 1.0 seconds
Dispensing 10.0 uL into A3 of Sample Plate on Thermocycler Module GEN1 on 7 at 3.0 uL/sec
Delaying for 0 minutes and 1.0 seconds
Aspirating 10.0 uL from A3 of Sample Plate on Thermocycler Module GEN1 on 7 at 3.0 uL/sec
Delaying for 0 minutes and 1.0 seconds
Dispensing 10.0 uL into A3 of Sample Plate on Thermocycler Module GEN1 on 7 at 3.0 uL/sec
Delaying for 0 minutes and 1.0 seconds
Dropping tip into A1 of Opentrons Fixed Trash on 12
Picking up tip from A4 of Opentrons OT-2 96 Filter Tip Rack 20 µL on 5
Aspirating 7.75 uL from A3 of Master Mix Plate on 4 at 3.0 uL/sec
Delaying for 0 minutes and 1.0 seconds
Moving to A3 of Master Mix Plate on 4
Dispensing 7.75 uL into A4 of Sample Plate on Thermocycler Module GEN1 on 7 at 3.0 uL/sec
Delaying for 0 minutes and 1.0 seconds
Aspirating 10.0 uL from A4 of Sample Plate on Thermocycler Module GEN1 on 7 at 3.0 uL/sec
Delaying for 0 minutes and 1.0 seconds
Dispensing 10.0 uL into A4 of Sample Plate on Thermocycler Module GEN1 on 7 at 3.0 uL/sec
Delaying for 0 minutes and 1.0 seconds
Aspirating 10.0 uL from A4 of Sample Plate on Thermocycler Module GEN1 on 7 at 3.0 uL/sec
Delaying for 0 minutes and 1.0 seconds
Dispensing 10.0 uL into A4 of Sample Plate on Thermocycler Module GEN1 on 7 at 3.0 uL/sec
Delaying for 0 minutes and 1.0 seconds
Aspirating 10.0 uL from A4 of Sample Plate on Thermocycler Module GEN1 on 7 at 3.0 uL/sec
Delaying for 0 minutes and 1.0 seconds
Dispensing 10.0 uL into A4 of Sample Plate on Thermocycler Module GEN1 on 7 at 3.0 uL/sec
Delaying for 0 minutes and 1.0 seconds
Dropping tip into A1 of Opentrons Fixed Trash on 12
Picking up tip from A5 of Opentrons OT-2 96 Filter Tip Rack 20 µL on 5
Aspirating 7.75 uL from A3 of Master Mix Plate on 4 at 3.0 uL/sec
Delaying for 0 minutes and 1.0 seconds
Moving to A3 of Master Mix Plate on 4
Dispensing 7.75 uL into A5 of Sample Plate on Thermocycler Module GEN1 on 7 at 3.0 uL/sec
Delaying for 0 minutes and 1.0 seconds
Aspirating 10.0 uL from A5 of Sample Plate on Thermocycler Module GEN1 on 7 at 3.0 uL/sec
Delaying for 0 minutes and 1.0 seconds
Dispensing 10.0 uL into A5 of Sample Plate on Thermocycler Module GEN1 on 7 at 3.0 uL/sec
Delaying for 0 minutes and 1.0 seconds
Aspirating 10.0 uL from A5 of Sample Plate on Thermocycler Module GEN1 on 7 at 3.0 uL/sec
Delaying for 0 minutes and 1.0 seconds
Dispensing 10.0 uL into A5 of Sample Plate on Thermocycler Module GEN1 on 7 at 3.0 uL/sec
Delaying for 0 minutes and 1.0 seconds
Aspirating 10.0 uL from A5 of Sample Plate on Thermocycler Module GEN1 on 7 at 3.0 uL/sec
Delaying for 0 minutes and 1.0 seconds
Dispensing 10.0 uL into A5 of Sample Plate on Thermocycler Module GEN1 on 7 at 3.0 uL/sec
Delaying for 0 minutes and 1.0 seconds
Dropping tip into A1 of Opentrons Fixed Trash on 12
Picking up tip from A6 of Opentrons OT-2 96 Filter Tip Rack 20 µL on 5
Aspirating 7.75 uL from A3 of Master Mix Plate on 4 at 3.0 uL/sec
Delaying for 0 minutes and 1.0 seconds
Moving to A3 of Master Mix Plate on 4
Dispensing 7.75 uL into A6 of Sample Plate on Thermocycler Module GEN1 on 7 at 3.0 uL/sec
Delaying for 0 minutes and 1.0 seconds
Aspirating 10.0 uL from A6 of Sample Plate on Thermocycler Module GEN1 on 7 at 3.0 uL/sec
Delaying for 0 minutes and 1.0 seconds
Dispensing 10.0 uL into A6 of Sample Plate on Thermocycler Module GEN1 on 7 at 3.0 uL/sec
Delaying for 0 minutes and 1.0 seconds
Aspirating 10.0 uL from A6 of Sample Plate on Thermocycler Module GEN1 on 7 at 3.0 uL/sec
Delaying for 0 minutes and 1.0 seconds
Dispensing 10.0 uL into A6 of Sample Plate on Thermocycler Module GEN1 on 7 at 3.0 uL/sec
Delaying for 0 minutes and 1.0 seconds
Aspirating 10.0 uL from A6 of Sample Plate on Thermocycler Module GEN1 on 7 at 3.0 uL/sec
Delaying for 0 minutes and 1.0 seconds
Dispensing 10.0 uL into A6 of Sample Plate on Thermocycler Module GEN1 on 7 at 3.0 uL/sec
Delaying for 0 minutes and 1.0 seconds
Dropping tip into A1 of Opentrons Fixed Trash on 12
Picking up tip from A7 of Opentrons OT-2 96 Filter Tip Rack 20 µL on 5
Aspirating 7.75 uL from A3 of Master Mix Plate on 4 at 3.0 uL/sec
Delaying for 0 minutes and 1.0 seconds
Moving to A3 of Master Mix Plate on 4
Dispensing 7.75 uL into A7 of Sample Plate on Thermocycler Module GEN1 on 7 at 3.0 uL/sec
Delaying for 0 minutes and 1.0 seconds
Aspirating 10.0 uL from A7 of Sample Plate on Thermocycler Module GEN1 on 7 at 3.0 uL/sec
Delaying for 0 minutes and 1.0 seconds
Dispensing 10.0 uL into A7 of Sample Plate on Thermocycler Module GEN1 on 7 at 3.0 uL/sec
Delaying for 0 minutes and 1.0 seconds
Aspirating 10.0 uL from A7 of Sample Plate on Thermocycler Module GEN1 on 7 at 3.0 uL/sec
Delaying for 0 minutes and 1.0 seconds
Dispensing 10.0 uL into A7 of Sample Plate on Thermocycler Module GEN1 on 7 at 3.0 uL/sec
Delaying for 0 minutes and 1.0 seconds
Aspirating 10.0 uL from A7 of Sample Plate on Thermocycler Module GEN1 on 7 at 3.0 uL/sec
Delaying for 0 minutes and 1.0 seconds
Dispensing 10.0 uL into A7 of Sample Plate on Thermocycler Module GEN1 on 7 at 3.0 uL/sec
Delaying for 0 minutes and 1.0 seconds
Dropping tip into A1 of Opentrons Fixed Trash on 12
Picking up tip from A8 of Opentrons OT-2 96 Filter Tip Rack 20 µL on 5
Aspirating 7.75 uL from A3 of Master Mix Plate on 4 at 3.0 uL/sec
Delaying for 0 minutes and 1.0 seconds
Moving to A3 of Master Mix Plate on 4
Dispensing 7.75 uL into A8 of Sample Plate on Thermocycler Module GEN1 on 7 at 3.0 uL/sec
Delaying for 0 minutes and 1.0 seconds
Aspirating 10.0 uL from A8 of Sample Plate on Thermocycler Module GEN1 on 7 at 3.0 uL/sec
Delaying for 0 minutes and 1.0 seconds
Dispensing 10.0 uL into A8 of Sample Plate on Thermocycler Module GEN1 on 7 at 3.0 uL/sec
Delaying for 0 minutes and 1.0 seconds
Aspirating 10.0 uL from A8 of Sample Plate on Thermocycler Module GEN1 on 7 at 3.0 uL/sec
Delaying for 0 minutes and 1.0 seconds
Dispensing 10.0 uL into A8 of Sample Plate on Thermocycler Module GEN1 on 7 at 3.0 uL/sec
Delaying for 0 minutes and 1.0 seconds
Aspirating 10.0 uL from A8 of Sample Plate on Thermocycler Module GEN1 on 7 at 3.0 uL/sec
Delaying for 0 minutes and 1.0 seconds
Dispensing 10.0 uL into A8 of Sample Plate on Thermocycler Module GEN1 on 7 at 3.0 uL/sec
Delaying for 0 minutes and 1.0 seconds
Dropping tip into A1 of Opentrons Fixed Trash on 12
Picking up tip from A9 of Opentrons OT-2 96 Filter Tip Rack 20 µL on 5
Aspirating 7.75 uL from A3 of Master Mix Plate on 4 at 3.0 uL/sec
Delaying for 0 minutes and 1.0 seconds
Moving to A3 of Master Mix Plate on 4
Dispensing 7.75 uL into A9 of Sample Plate on Thermocycler Module GEN1 on 7 at 3.0 uL/sec
Delaying for 0 minutes and 1.0 seconds
Aspirating 10.0 uL from A9 of Sample Plate on Thermocycler Module GEN1 on 7 at 3.0 uL/sec
Delaying for 0 minutes and 1.0 seconds
Dispensing 10.0 uL into A9 of Sample Plate on Thermocycler Module GEN1 on 7 at 3.0 uL/sec
Delaying for 0 minutes and 1.0 seconds
Aspirating 10.0 uL from A9 of Sample Plate on Thermocycler Module GEN1 on 7 at 3.0 uL/sec
Delaying for 0 minutes and 1.0 seconds
Dispensing 10.0 uL into A9 of Sample Plate on Thermocycler Module GEN1 on 7 at 3.0 uL/sec
Delaying for 0 minutes and 1.0 seconds
Aspirating 10.0 uL from A9 of Sample Plate on Thermocycler Module GEN1 on 7 at 3.0 uL/sec
Delaying for 0 minutes and 1.0 seconds
Dispensing 10.0 uL into A9 of Sample Plate on Thermocycler Module GEN1 on 7 at 3.0 uL/sec
Delaying for 0 minutes and 1.0 seconds
Dropping tip into A1 of Opentrons Fixed Trash on 12
Picking up tip from A10 of Opentrons OT-2 96 Filter Tip Rack 20 µL on 5
Aspirating 7.75 uL from A3 of Master Mix Plate on 4 at 3.0 uL/sec
Delaying for 0 minutes and 1.0 seconds
Moving to A3 of Master Mix Plate on 4
Dispensing 7.75 uL into A10 of Sample Plate on Thermocycler Module GEN1 on 7 at 3.0 uL/sec
Delaying for 0 minutes and 1.0 seconds
Aspirating 10.0 uL from A10 of Sample Plate on Thermocycler Module GEN1 on 7 at 3.0 uL/sec
Delaying for 0 minutes and 1.0 seconds
Dispensing 10.0 uL into A10 of Sample Plate on Thermocycler Module GEN1 on 7 at 3.0 uL/sec
Delaying for 0 minutes and 1.0 seconds
Aspirating 10.0 uL from A10 of Sample Plate on Thermocycler Module GEN1 on 7 at 3.0 uL/sec
Delaying for 0 minutes and 1.0 seconds
Dispensing 10.0 uL into A10 of Sample Plate on Thermocycler Module GEN1 on 7 at 3.0 uL/sec
Delaying for 0 minutes and 1.0 seconds
Aspirating 10.0 uL from A10 of Sample Plate on Thermocycler Module GEN1 on 7 at 3.0 uL/sec
Delaying for 0 minutes and 1.0 seconds
Dispensing 10.0 uL into A10 of Sample Plate on Thermocycler Module GEN1 on 7 at 3.0 uL/sec
Delaying for 0 minutes and 1.0 seconds
Dropping tip into A1 of Opentrons Fixed Trash on 12
Picking up tip from A11 of Opentrons OT-2 96 Filter Tip Rack 20 µL on 5
Aspirating 7.75 uL from A3 of Master Mix Plate on 4 at 3.0 uL/sec
Delaying for 0 minutes and 1.0 seconds
Moving to A3 of Master Mix Plate on 4
Dispensing 7.75 uL into A11 of Sample Plate on Thermocycler Module GEN1 on 7 at 3.0 uL/sec
Delaying for 0 minutes and 1.0 seconds
Aspirating 10.0 uL from A11 of Sample Plate on Thermocycler Module GEN1 on 7 at 3.0 uL/sec
Delaying for 0 minutes and 1.0 seconds
Dispensing 10.0 uL into A11 of Sample Plate on Thermocycler Module GEN1 on 7 at 3.0 uL/sec
Delaying for 0 minutes and 1.0 seconds
Aspirating 10.0 uL from A11 of Sample Plate on Thermocycler Module GEN1 on 7 at 3.0 uL/sec
Delaying for 0 minutes and 1.0 seconds
Dispensing 10.0 uL into A11 of Sample Plate on Thermocycler Module GEN1 on 7 at 3.0 uL/sec
Delaying for 0 minutes and 1.0 seconds
Aspirating 10.0 uL from A11 of Sample Plate on Thermocycler Module GEN1 on 7 at 3.0 uL/sec
Delaying for 0 minutes and 1.0 seconds
Dispensing 10.0 uL into A11 of Sample Plate on Thermocycler Module GEN1 on 7 at 3.0 uL/sec
Delaying for 0 minutes and 1.0 seconds
Dropping tip into A1 of Opentrons Fixed Trash on 12
Picking up tip from A12 of Opentrons OT-2 96 Filter Tip Rack 20 µL on 5
Aspirating 7.75 uL from A3 of Master Mix Plate on 4 at 3.0 uL/sec
Delaying for 0 minutes and 1.0 seconds
Moving to A3 of Master Mix Plate on 4
Dispensing 7.75 uL into A12 of Sample Plate on Thermocycler Module GEN1 on 7 at 3.0 uL/sec
Delaying for 0 minutes and 1.0 seconds
Aspirating 10.0 uL from A12 of Sample Plate on Thermocycler Module GEN1 on 7 at 3.0 uL/sec
Delaying for 0 minutes and 1.0 seconds
Dispensing 10.0 uL into A12 of Sample Plate on Thermocycler Module GEN1 on 7 at 3.0 uL/sec
Delaying for 0 minutes and 1.0 seconds
Aspirating 10.0 uL from A12 of Sample Plate on Thermocycler Module GEN1 on 7 at 3.0 uL/sec
Delaying for 0 minutes and 1.0 seconds
Dispensing 10.0 uL into A12 of Sample Plate on Thermocycler Module GEN1 on 7 at 3.0 uL/sec
Delaying for 0 minutes and 1.0 seconds
Aspirating 10.0 uL from A12 of Sample Plate on Thermocycler Module GEN1 on 7 at 3.0 uL/sec
Delaying for 0 minutes and 1.0 seconds
Dispensing 10.0 uL into A12 of Sample Plate on Thermocycler Module GEN1 on 7 at 3.0 uL/sec
Delaying for 0 minutes and 1.0 seconds
Dropping tip into A1 of Opentrons Fixed Trash on 12
Closing Thermocycler lid
Setting Thermocycler well block temperature to 20.0 °C
Delaying for 15 minutes and 0.0 seconds
Opening Thermocycler lid

    add USER enzyme to samples
    incubate in cycler:
    15 min 37 C, hold 4 C
    
Transferring 0.75 from A4 of Master Mix Plate on 4 to A1 of Sample Plate on Thermocycler Module GEN1 on 7
	Picking up tip from A1 of Opentrons OT-2 96 Filter Tip Rack 20 µL on 6
	Aspirating 0.75 uL from A4 of Master Mix Plate on 4 at 7.56 uL/sec
	Dispensing 0.75 uL into A1 of Sample Plate on Thermocycler Module GEN1 on 7 at 7.56 uL/sec
	Mixing 3 times with a volume of 8.0 ul
		Aspirating 8.0 uL from A1 of Sample Plate on Thermocycler Module GEN1 on 7 at 7.56 uL/sec
		Dispensing 8.0 uL into A1 of Sample Plate on Thermocycler Module GEN1 on 7 at 7.56 uL/sec
		Aspirating 8.0 uL from A1 of Sample Plate on Thermocycler Module GEN1 on 7 at 7.56 uL/sec
		Dispensing 8.0 uL into A1 of Sample Plate on Thermocycler Module GEN1 on 7 at 7.56 uL/sec
		Aspirating 8.0 uL from A1 of Sample Plate on Thermocycler Module GEN1 on 7 at 7.56 uL/sec
		Dispensing 8.0 uL into A1 of Sample Plate on Thermocycler Module GEN1 on 7 at 7.56 uL/sec
	Dropping tip into A1 of Opentrons Fixed Trash on 12
Transferring 0.75 from A4 of Master Mix Plate on 4 to A2 of Sample Plate on Thermocycler Module GEN1 on 7
	Picking up tip from A2 of Opentrons OT-2 96 Filter Tip Rack 20 µL on 6
	Aspirating 0.75 uL from A4 of Master Mix Plate on 4 at 7.56 uL/sec
	Dispensing 0.75 uL into A2 of Sample Plate on Thermocycler Module GEN1 on 7 at 7.56 uL/sec
	Mixing 3 times with a volume of 8.0 ul
		Aspirating 8.0 uL from A2 of Sample Plate on Thermocycler Module GEN1 on 7 at 7.56 uL/sec
		Dispensing 8.0 uL into A2 of Sample Plate on Thermocycler Module GEN1 on 7 at 7.56 uL/sec
		Aspirating 8.0 uL from A2 of Sample Plate on Thermocycler Module GEN1 on 7 at 7.56 uL/sec
		Dispensing 8.0 uL into A2 of Sample Plate on Thermocycler Module GEN1 on 7 at 7.56 uL/sec
		Aspirating 8.0 uL from A2 of Sample Plate on Thermocycler Module GEN1 on 7 at 7.56 uL/sec
		Dispensing 8.0 uL into A2 of Sample Plate on Thermocycler Module GEN1 on 7 at 7.56 uL/sec
	Dropping tip into A1 of Opentrons Fixed Trash on 12
Transferring 0.75 from A4 of Master Mix Plate on 4 to A3 of Sample Plate on Thermocycler Module GEN1 on 7
	Picking up tip from A3 of Opentrons OT-2 96 Filter Tip Rack 20 µL on 6
	Aspirating 0.75 uL from A4 of Master Mix Plate on 4 at 7.56 uL/sec
	Dispensing 0.75 uL into A3 of Sample Plate on Thermocycler Module GEN1 on 7 at 7.56 uL/sec
	Mixing 3 times with a volume of 8.0 ul
		Aspirating 8.0 uL from A3 of Sample Plate on Thermocycler Module GEN1 on 7 at 7.56 uL/sec
		Dispensing 8.0 uL into A3 of Sample Plate on Thermocycler Module GEN1 on 7 at 7.56 uL/sec
		Aspirating 8.0 uL from A3 of Sample Plate on Thermocycler Module GEN1 on 7 at 7.56 uL/sec
		Dispensing 8.0 uL into A3 of Sample Plate on Thermocycler Module GEN1 on 7 at 7.56 uL/sec
		Aspirating 8.0 uL from A3 of Sample Plate on Thermocycler Module GEN1 on 7 at 7.56 uL/sec
		Dispensing 8.0 uL into A3 of Sample Plate on Thermocycler Module GEN1 on 7 at 7.56 uL/sec
	Dropping tip into A1 of Opentrons Fixed Trash on 12
Transferring 0.75 from A4 of Master Mix Plate on 4 to A4 of Sample Plate on Thermocycler Module GEN1 on 7
	Picking up tip from A4 of Opentrons OT-2 96 Filter Tip Rack 20 µL on 6
	Aspirating 0.75 uL from A4 of Master Mix Plate on 4 at 7.56 uL/sec
	Dispensing 0.75 uL into A4 of Sample Plate on Thermocycler Module GEN1 on 7 at 7.56 uL/sec
	Mixing 3 times with a volume of 8.0 ul
		Aspirating 8.0 uL from A4 of Sample Plate on Thermocycler Module GEN1 on 7 at 7.56 uL/sec
		Dispensing 8.0 uL into A4 of Sample Plate on Thermocycler Module GEN1 on 7 at 7.56 uL/sec
		Aspirating 8.0 uL from A4 of Sample Plate on Thermocycler Module GEN1 on 7 at 7.56 uL/sec
		Dispensing 8.0 uL into A4 of Sample Plate on Thermocycler Module GEN1 on 7 at 7.56 uL/sec
		Aspirating 8.0 uL from A4 of Sample Plate on Thermocycler Module GEN1 on 7 at 7.56 uL/sec
		Dispensing 8.0 uL into A4 of Sample Plate on Thermocycler Module GEN1 on 7 at 7.56 uL/sec
	Dropping tip into A1 of Opentrons Fixed Trash on 12
Transferring 0.75 from A4 of Master Mix Plate on 4 to A5 of Sample Plate on Thermocycler Module GEN1 on 7
	Picking up tip from A5 of Opentrons OT-2 96 Filter Tip Rack 20 µL on 6
	Aspirating 0.75 uL from A4 of Master Mix Plate on 4 at 7.56 uL/sec
	Dispensing 0.75 uL into A5 of Sample Plate on Thermocycler Module GEN1 on 7 at 7.56 uL/sec
	Mixing 3 times with a volume of 8.0 ul
		Aspirating 8.0 uL from A5 of Sample Plate on Thermocycler Module GEN1 on 7 at 7.56 uL/sec
		Dispensing 8.0 uL into A5 of Sample Plate on Thermocycler Module GEN1 on 7 at 7.56 uL/sec
		Aspirating 8.0 uL from A5 of Sample Plate on Thermocycler Module GEN1 on 7 at 7.56 uL/sec
		Dispensing 8.0 uL into A5 of Sample Plate on Thermocycler Module GEN1 on 7 at 7.56 uL/sec
		Aspirating 8.0 uL from A5 of Sample Plate on Thermocycler Module GEN1 on 7 at 7.56 uL/sec
		Dispensing 8.0 uL into A5 of Sample Plate on Thermocycler Module GEN1 on 7 at 7.56 uL/sec
	Dropping tip into A1 of Opentrons Fixed Trash on 12
Transferring 0.75 from A4 of Master Mix Plate on 4 to A6 of Sample Plate on Thermocycler Module GEN1 on 7
	Picking up tip from A6 of Opentrons OT-2 96 Filter Tip Rack 20 µL on 6
	Aspirating 0.75 uL from A4 of Master Mix Plate on 4 at 7.56 uL/sec
	Dispensing 0.75 uL into A6 of Sample Plate on Thermocycler Module GEN1 on 7 at 7.56 uL/sec
	Mixing 3 times with a volume of 8.0 ul
		Aspirating 8.0 uL from A6 of Sample Plate on Thermocycler Module GEN1 on 7 at 7.56 uL/sec
		Dispensing 8.0 uL into A6 of Sample Plate on Thermocycler Module GEN1 on 7 at 7.56 uL/sec
		Aspirating 8.0 uL from A6 of Sample Plate on Thermocycler Module GEN1 on 7 at 7.56 uL/sec
		Dispensing 8.0 uL into A6 of Sample Plate on Thermocycler Module GEN1 on 7 at 7.56 uL/sec
		Aspirating 8.0 uL from A6 of Sample Plate on Thermocycler Module GEN1 on 7 at 7.56 uL/sec
		Dispensing 8.0 uL into A6 of Sample Plate on Thermocycler Module GEN1 on 7 at 7.56 uL/sec
	Dropping tip into A1 of Opentrons Fixed Trash on 12
Transferring 0.75 from A4 of Master Mix Plate on 4 to A7 of Sample Plate on Thermocycler Module GEN1 on 7
	Picking up tip from A7 of Opentrons OT-2 96 Filter Tip Rack 20 µL on 6
	Aspirating 0.75 uL from A4 of Master Mix Plate on 4 at 7.56 uL/sec
	Dispensing 0.75 uL into A7 of Sample Plate on Thermocycler Module GEN1 on 7 at 7.56 uL/sec
	Mixing 3 times with a volume of 8.0 ul
		Aspirating 8.0 uL from A7 of Sample Plate on Thermocycler Module GEN1 on 7 at 7.56 uL/sec
		Dispensing 8.0 uL into A7 of Sample Plate on Thermocycler Module GEN1 on 7 at 7.56 uL/sec
		Aspirating 8.0 uL from A7 of Sample Plate on Thermocycler Module GEN1 on 7 at 7.56 uL/sec
		Dispensing 8.0 uL into A7 of Sample Plate on Thermocycler Module GEN1 on 7 at 7.56 uL/sec
		Aspirating 8.0 uL from A7 of Sample Plate on Thermocycler Module GEN1 on 7 at 7.56 uL/sec
		Dispensing 8.0 uL into A7 of Sample Plate on Thermocycler Module GEN1 on 7 at 7.56 uL/sec
	Dropping tip into A1 of Opentrons Fixed Trash on 12
Transferring 0.75 from A4 of Master Mix Plate on 4 to A8 of Sample Plate on Thermocycler Module GEN1 on 7
	Picking up tip from A8 of Opentrons OT-2 96 Filter Tip Rack 20 µL on 6
	Aspirating 0.75 uL from A4 of Master Mix Plate on 4 at 7.56 uL/sec
	Dispensing 0.75 uL into A8 of Sample Plate on Thermocycler Module GEN1 on 7 at 7.56 uL/sec
	Mixing 3 times with a volume of 8.0 ul
		Aspirating 8.0 uL from A8 of Sample Plate on Thermocycler Module GEN1 on 7 at 7.56 uL/sec
		Dispensing 8.0 uL into A8 of Sample Plate on Thermocycler Module GEN1 on 7 at 7.56 uL/sec
		Aspirating 8.0 uL from A8 of Sample Plate on Thermocycler Module GEN1 on 7 at 7.56 uL/sec
		Dispensing 8.0 uL into A8 of Sample Plate on Thermocycler Module GEN1 on 7 at 7.56 uL/sec
		Aspirating 8.0 uL from A8 of Sample Plate on Thermocycler Module GEN1 on 7 at 7.56 uL/sec
		Dispensing 8.0 uL into A8 of Sample Plate on Thermocycler Module GEN1 on 7 at 7.56 uL/sec
	Dropping tip into A1 of Opentrons Fixed Trash on 12
Transferring 0.75 from A4 of Master Mix Plate on 4 to A9 of Sample Plate on Thermocycler Module GEN1 on 7
	Picking up tip from A9 of Opentrons OT-2 96 Filter Tip Rack 20 µL on 6
	Aspirating 0.75 uL from A4 of Master Mix Plate on 4 at 7.56 uL/sec
	Dispensing 0.75 uL into A9 of Sample Plate on Thermocycler Module GEN1 on 7 at 7.56 uL/sec
	Mixing 3 times with a volume of 8.0 ul
		Aspirating 8.0 uL from A9 of Sample Plate on Thermocycler Module GEN1 on 7 at 7.56 uL/sec
		Dispensing 8.0 uL into A9 of Sample Plate on Thermocycler Module GEN1 on 7 at 7.56 uL/sec
		Aspirating 8.0 uL from A9 of Sample Plate on Thermocycler Module GEN1 on 7 at 7.56 uL/sec
		Dispensing 8.0 uL into A9 of Sample Plate on Thermocycler Module GEN1 on 7 at 7.56 uL/sec
		Aspirating 8.0 uL from A9 of Sample Plate on Thermocycler Module GEN1 on 7 at 7.56 uL/sec
		Dispensing 8.0 uL into A9 of Sample Plate on Thermocycler Module GEN1 on 7 at 7.56 uL/sec
	Dropping tip into A1 of Opentrons Fixed Trash on 12
Transferring 0.75 from A4 of Master Mix Plate on 4 to A10 of Sample Plate on Thermocycler Module GEN1 on 7
	Picking up tip from A10 of Opentrons OT-2 96 Filter Tip Rack 20 µL on 6
	Aspirating 0.75 uL from A4 of Master Mix Plate on 4 at 7.56 uL/sec
	Dispensing 0.75 uL into A10 of Sample Plate on Thermocycler Module GEN1 on 7 at 7.56 uL/sec
	Mixing 3 times with a volume of 8.0 ul
		Aspirating 8.0 uL from A10 of Sample Plate on Thermocycler Module GEN1 on 7 at 7.56 uL/sec
		Dispensing 8.0 uL into A10 of Sample Plate on Thermocycler Module GEN1 on 7 at 7.56 uL/sec
		Aspirating 8.0 uL from A10 of Sample Plate on Thermocycler Module GEN1 on 7 at 7.56 uL/sec
		Dispensing 8.0 uL into A10 of Sample Plate on Thermocycler Module GEN1 on 7 at 7.56 uL/sec
		Aspirating 8.0 uL from A10 of Sample Plate on Thermocycler Module GEN1 on 7 at 7.56 uL/sec
		Dispensing 8.0 uL into A10 of Sample Plate on Thermocycler Module GEN1 on 7 at 7.56 uL/sec
	Dropping tip into A1 of Opentrons Fixed Trash on 12
Transferring 0.75 from A4 of Master Mix Plate on 4 to A11 of Sample Plate on Thermocycler Module GEN1 on 7
	Picking up tip from A11 of Opentrons OT-2 96 Filter Tip Rack 20 µL on 6
	Aspirating 0.75 uL from A4 of Master Mix Plate on 4 at 7.56 uL/sec
	Dispensing 0.75 uL into A11 of Sample Plate on Thermocycler Module GEN1 on 7 at 7.56 uL/sec
	Mixing 3 times with a volume of 8.0 ul
		Aspirating 8.0 uL from A11 of Sample Plate on Thermocycler Module GEN1 on 7 at 7.56 uL/sec
		Dispensing 8.0 uL into A11 of Sample Plate on Thermocycler Module GEN1 on 7 at 7.56 uL/sec
		Aspirating 8.0 uL from A11 of Sample Plate on Thermocycler Module GEN1 on 7 at 7.56 uL/sec
		Dispensing 8.0 uL into A11 of Sample Plate on Thermocycler Module GEN1 on 7 at 7.56 uL/sec
		Aspirating 8.0 uL from A11 of Sample Plate on Thermocycler Module GEN1 on 7 at 7.56 uL/sec
		Dispensing 8.0 uL into A11 of Sample Plate on Thermocycler Module GEN1 on 7 at 7.56 uL/sec
	Dropping tip into A1 of Opentrons Fixed Trash on 12
Transferring 0.75 from A4 of Master Mix Plate on 4 to A12 of Sample Plate on Thermocycler Module GEN1 on 7
	Picking up tip from A12 of Opentrons OT-2 96 Filter Tip Rack 20 µL on 6
	Aspirating 0.75 uL from A4 of Master Mix Plate on 4 at 7.56 uL/sec
	Dispensing 0.75 uL into A12 of Sample Plate on Thermocycler Module GEN1 on 7 at 7.56 uL/sec
	Mixing 3 times with a volume of 8.0 ul
		Aspirating 8.0 uL from A12 of Sample Plate on Thermocycler Module GEN1 on 7 at 7.56 uL/sec
		Dispensing 8.0 uL into A12 of Sample Plate on Thermocycler Module GEN1 on 7 at 7.56 uL/sec
		Aspirating 8.0 uL from A12 of Sample Plate on Thermocycler Module GEN1 on 7 at 7.56 uL/sec
		Dispensing 8.0 uL into A12 of Sample Plate on Thermocycler Module GEN1 on 7 at 7.56 uL/sec
		Aspirating 8.0 uL from A12 of Sample Plate on Thermocycler Module GEN1 on 7 at 7.56 uL/sec
		Dispensing 8.0 uL into A12 of Sample Plate on Thermocycler Module GEN1 on 7 at 7.56 uL/sec
	Dropping tip into A1 of Opentrons Fixed Trash on 12
Closing Thermocycler lid
Setting Thermocycler lid temperature to 47.0 °C
Setting Thermocycler well block temperature to 37.0 °C
Delaying for 15 minutes and 0.0 seconds
Setting Thermocycler well block temperature to 4.0 °C
Delaying for 0 minutes and 30.0 seconds
Delaying for 0 minutes and 10.0 seconds
Pausing robot operation: Process steps for part 1 are complete. Click resume to open the
     cycler lid. Proceed to part 2.
Opening Thermocycler lid
Caught exception: {'message': 'Task was destroyed but it is pending!', 'task': <Task pending name='Task-4' coro=<Poller._poll_forever() running at /Users/dp/Desktop/project/github/opentrons/venv/lib/python3.10/site-packages/opentrons/hardware_control/poller.py:80> wait_for=<Future pending cb=[Task.task_wakeup()]>>}
Caught exception: {'message': 'Task was destroyed but it is pending!', 'task': <Task pending name='Task-3' coro=<Poller._poll_forever() running at /Users/dp/Desktop/project/github/opentrons/venv/lib/python3.10/site-packages/opentrons/hardware_control/poller.py:80> wait_for=<Future pending cb=[Task.task_wakeup()]>>}
Caught exception: {'message': 'Task was destroyed but it is pending!', 'task': <Task pending name='Task-2' coro=<Poller._poll_forever() running at /Users/dp/Desktop/project/github/opentrons/venv/lib/python3.10/site-packages/opentrons/hardware_control/poller.py:80> wait_for=<Future pending cb=[Task.task_wakeup()]>>}
