/Users/dp/Desktop/project/github/opentrons/venv/lib/python3.10/site-packages/opentrons/hardware_control/simulator_setup.py:205: UserWarning: Simulator configuration does not name a machine, defaulting to OT-2 Standard
  warn(
/Users/dp/.opentrons/robot_settings.json not found. Loading defaults
Deck calibration not found.
/Users/dp/.opentrons/deck_calibration.json not found. Loading defaults

---------------ADDING ETHANOL TO PLATES---------------


Picking up tip from A1 of Opentrons OT-2 96 Filter Tip Rack 200 µL on 9
Transferring 1000.0 from A1 of NEST 1 Well Reservoir 195 mL on 2 to A1 of Deepwell Plate on 7
	Aspirating 200.0 uL from A1 of NEST 1 Well Reservoir 195 mL on 2 at 94.0 uL/sec
	Dispensing 200.0 uL into A1 of Deepwell Plate on 7 at 94.0 uL/sec
	Aspirating 100.0 uL from A1 of NEST 1 Well Reservoir 195 mL on 2 at 94.0 uL/sec
	Dispensing 100.0 uL into A1 of Deepwell Plate on 7 at 94.0 uL/sec
	Aspirating 200.0 uL from A1 of NEST 1 Well Reservoir 195 mL on 2 at 94.0 uL/sec
	Dispensing 200.0 uL into A1 of Deepwell Plate on 7 at 94.0 uL/sec
	Aspirating 100.0 uL from A1 of NEST 1 Well Reservoir 195 mL on 2 at 94.0 uL/sec
	Dispensing 100.0 uL into A1 of Deepwell Plate on 7 at 94.0 uL/sec
	Aspirating 200.0 uL from A1 of NEST 1 Well Reservoir 195 mL on 2 at 94.0 uL/sec
	Dispensing 200.0 uL into A1 of Deepwell Plate on 7 at 94.0 uL/sec
	Aspirating 200.0 uL from A1 of NEST 1 Well Reservoir 195 mL on 2 at 94.0 uL/sec
	Dispensing 200.0 uL into A1 of Deepwell Plate on 7 at 94.0 uL/sec
Transferring 1000.0 from A1 of NEST 1 Well Reservoir 195 mL on 2 to A2 of Deepwell Plate on 7
	Aspirating 200.0 uL from A1 of NEST 1 Well Reservoir 195 mL on 2 at 94.0 uL/sec
	Dispensing 200.0 uL into A2 of Deepwell Plate on 7 at 94.0 uL/sec
	Aspirating 100.0 uL from A1 of NEST 1 Well Reservoir 195 mL on 2 at 94.0 uL/sec
	Dispensing 100.0 uL into A2 of Deepwell Plate on 7 at 94.0 uL/sec
	Aspirating 200.0 uL from A1 of NEST 1 Well Reservoir 195 mL on 2 at 94.0 uL/sec
	Dispensing 200.0 uL into A2 of Deepwell Plate on 7 at 94.0 uL/sec
	Aspirating 100.0 uL from A1 of NEST 1 Well Reservoir 195 mL on 2 at 94.0 uL/sec
	Dispensing 100.0 uL into A2 of Deepwell Plate on 7 at 94.0 uL/sec
	Aspirating 200.0 uL from A1 of NEST 1 Well Reservoir 195 mL on 2 at 94.0 uL/sec
	Dispensing 200.0 uL into A2 of Deepwell Plate on 7 at 94.0 uL/sec
	Aspirating 200.0 uL from A1 of NEST 1 Well Reservoir 195 mL on 2 at 94.0 uL/sec
	Dispensing 200.0 uL into A2 of Deepwell Plate on 7 at 94.0 uL/sec
Transferring 1000.0 from A1 of NEST 1 Well Reservoir 195 mL on 2 to A3 of Deepwell Plate on 7
	Aspirating 200.0 uL from A1 of NEST 1 Well Reservoir 195 mL on 2 at 94.0 uL/sec
	Dispensing 200.0 uL into A3 of Deepwell Plate on 7 at 94.0 uL/sec
	Aspirating 100.0 uL from A1 of NEST 1 Well Reservoir 195 mL on 2 at 94.0 uL/sec
	Dispensing 100.0 uL into A3 of Deepwell Plate on 7 at 94.0 uL/sec
	Aspirating 200.0 uL from A1 of NEST 1 Well Reservoir 195 mL on 2 at 94.0 uL/sec
	Dispensing 200.0 uL into A3 of Deepwell Plate on 7 at 94.0 uL/sec
	Aspirating 100.0 uL from A1 of NEST 1 Well Reservoir 195 mL on 2 at 94.0 uL/sec
	Dispensing 100.0 uL into A3 of Deepwell Plate on 7 at 94.0 uL/sec
	Aspirating 200.0 uL from A1 of NEST 1 Well Reservoir 195 mL on 2 at 94.0 uL/sec
	Dispensing 200.0 uL into A3 of Deepwell Plate on 7 at 94.0 uL/sec
	Aspirating 200.0 uL from A1 of NEST 1 Well Reservoir 195 mL on 2 at 94.0 uL/sec
	Dispensing 200.0 uL into A3 of Deepwell Plate on 7 at 94.0 uL/sec


Transferring 1000.0 from A1 of NEST 1 Well Reservoir 195 mL on 2 to A1 of Deepwell Plate on 8
	Aspirating 200.0 uL from A1 of NEST 1 Well Reservoir 195 mL on 2 at 94.0 uL/sec
	Dispensing 200.0 uL into A1 of Deepwell Plate on 8 at 94.0 uL/sec
	Aspirating 100.0 uL from A1 of NEST 1 Well Reservoir 195 mL on 2 at 94.0 uL/sec
	Dispensing 100.0 uL into A1 of Deepwell Plate on 8 at 94.0 uL/sec
	Aspirating 200.0 uL from A1 of NEST 1 Well Reservoir 195 mL on 2 at 94.0 uL/sec
	Dispensing 200.0 uL into A1 of Deepwell Plate on 8 at 94.0 uL/sec
	Aspirating 100.0 uL from A1 of NEST 1 Well Reservoir 195 mL on 2 at 94.0 uL/sec
	Dispensing 100.0 uL into A1 of Deepwell Plate on 8 at 94.0 uL/sec
	Aspirating 200.0 uL from A1 of NEST 1 Well Reservoir 195 mL on 2 at 94.0 uL/sec
	Dispensing 200.0 uL into A1 of Deepwell Plate on 8 at 94.0 uL/sec
	Aspirating 200.0 uL from A1 of NEST 1 Well Reservoir 195 mL on 2 at 94.0 uL/sec
	Dispensing 200.0 uL into A1 of Deepwell Plate on 8 at 94.0 uL/sec
Transferring 1000.0 from A1 of NEST 1 Well Reservoir 195 mL on 2 to A2 of Deepwell Plate on 8
	Aspirating 200.0 uL from A1 of NEST 1 Well Reservoir 195 mL on 2 at 94.0 uL/sec
	Dispensing 200.0 uL into A2 of Deepwell Plate on 8 at 94.0 uL/sec
	Aspirating 100.0 uL from A1 of NEST 1 Well Reservoir 195 mL on 2 at 94.0 uL/sec
	Dispensing 100.0 uL into A2 of Deepwell Plate on 8 at 94.0 uL/sec
	Aspirating 200.0 uL from A1 of NEST 1 Well Reservoir 195 mL on 2 at 94.0 uL/sec
	Dispensing 200.0 uL into A2 of Deepwell Plate on 8 at 94.0 uL/sec
	Aspirating 100.0 uL from A1 of NEST 1 Well Reservoir 195 mL on 2 at 94.0 uL/sec
	Dispensing 100.0 uL into A2 of Deepwell Plate on 8 at 94.0 uL/sec
	Aspirating 200.0 uL from A1 of NEST 1 Well Reservoir 195 mL on 2 at 94.0 uL/sec
	Dispensing 200.0 uL into A2 of Deepwell Plate on 8 at 94.0 uL/sec
	Aspirating 200.0 uL from A1 of NEST 1 Well Reservoir 195 mL on 2 at 94.0 uL/sec
	Dispensing 200.0 uL into A2 of Deepwell Plate on 8 at 94.0 uL/sec
Transferring 1000.0 from A1 of NEST 1 Well Reservoir 195 mL on 2 to A3 of Deepwell Plate on 8
	Aspirating 200.0 uL from A1 of NEST 1 Well Reservoir 195 mL on 2 at 94.0 uL/sec
	Dispensing 200.0 uL into A3 of Deepwell Plate on 8 at 94.0 uL/sec
	Aspirating 100.0 uL from A1 of NEST 1 Well Reservoir 195 mL on 2 at 94.0 uL/sec
	Dispensing 100.0 uL into A3 of Deepwell Plate on 8 at 94.0 uL/sec
	Aspirating 200.0 uL from A1 of NEST 1 Well Reservoir 195 mL on 2 at 94.0 uL/sec
	Dispensing 200.0 uL into A3 of Deepwell Plate on 8 at 94.0 uL/sec
	Aspirating 100.0 uL from A1 of NEST 1 Well Reservoir 195 mL on 2 at 94.0 uL/sec
	Dispensing 100.0 uL into A3 of Deepwell Plate on 8 at 94.0 uL/sec
	Aspirating 200.0 uL from A1 of NEST 1 Well Reservoir 195 mL on 2 at 94.0 uL/sec
	Dispensing 200.0 uL into A3 of Deepwell Plate on 8 at 94.0 uL/sec
	Aspirating 200.0 uL from A1 of NEST 1 Well Reservoir 195 mL on 2 at 94.0 uL/sec
	Dispensing 200.0 uL into A3 of Deepwell Plate on 8 at 94.0 uL/sec


Dropping tip into A1 of Opentrons Fixed Trash on 12

------------ADDING WASH BUFFER TO PLATES--------------


Picking up tip from A2 of Opentrons OT-2 96 Filter Tip Rack 200 µL on 9
Transferring 1000.0 from A1 of NEST 1 Well Reservoir 195 mL on 3 to A1 of Kingfisher 96 Well Plate 2000 µL on 10
	Aspirating 200.0 uL from A1 of NEST 1 Well Reservoir 195 mL on 3 at 94.0 uL/sec
	Dispensing 200.0 uL into A1 of Kingfisher 96 Well Plate 2000 µL on 10 at 94.0 uL/sec
	Aspirating 100.0 uL from A1 of NEST 1 Well Reservoir 195 mL on 3 at 94.0 uL/sec
	Dispensing 100.0 uL into A1 of Kingfisher 96 Well Plate 2000 µL on 10 at 94.0 uL/sec
	Aspirating 200.0 uL from A1 of NEST 1 Well Reservoir 195 mL on 3 at 94.0 uL/sec
	Dispensing 200.0 uL into A1 of Kingfisher 96 Well Plate 2000 µL on 10 at 94.0 uL/sec
	Aspirating 100.0 uL from A1 of NEST 1 Well Reservoir 195 mL on 3 at 94.0 uL/sec
	Dispensing 100.0 uL into A1 of Kingfisher 96 Well Plate 2000 µL on 10 at 94.0 uL/sec
	Aspirating 200.0 uL from A1 of NEST 1 Well Reservoir 195 mL on 3 at 94.0 uL/sec
	Dispensing 200.0 uL into A1 of Kingfisher 96 Well Plate 2000 µL on 10 at 94.0 uL/sec
	Aspirating 200.0 uL from A1 of NEST 1 Well Reservoir 195 mL on 3 at 94.0 uL/sec
	Dispensing 200.0 uL into A1 of Kingfisher 96 Well Plate 2000 µL on 10 at 94.0 uL/sec
Transferring 1000.0 from A1 of NEST 1 Well Reservoir 195 mL on 3 to A2 of Kingfisher 96 Well Plate 2000 µL on 10
	Aspirating 200.0 uL from A1 of NEST 1 Well Reservoir 195 mL on 3 at 94.0 uL/sec
	Dispensing 200.0 uL into A2 of Kingfisher 96 Well Plate 2000 µL on 10 at 94.0 uL/sec
	Aspirating 100.0 uL from A1 of NEST 1 Well Reservoir 195 mL on 3 at 94.0 uL/sec
	Dispensing 100.0 uL into A2 of Kingfisher 96 Well Plate 2000 µL on 10 at 94.0 uL/sec
	Aspirating 200.0 uL from A1 of NEST 1 Well Reservoir 195 mL on 3 at 94.0 uL/sec
	Dispensing 200.0 uL into A2 of Kingfisher 96 Well Plate 2000 µL on 10 at 94.0 uL/sec
	Aspirating 100.0 uL from A1 of NEST 1 Well Reservoir 195 mL on 3 at 94.0 uL/sec
	Dispensing 100.0 uL into A2 of Kingfisher 96 Well Plate 2000 µL on 10 at 94.0 uL/sec
	Aspirating 200.0 uL from A1 of NEST 1 Well Reservoir 195 mL on 3 at 94.0 uL/sec
	Dispensing 200.0 uL into A2 of Kingfisher 96 Well Plate 2000 µL on 10 at 94.0 uL/sec
	Aspirating 200.0 uL from A1 of NEST 1 Well Reservoir 195 mL on 3 at 94.0 uL/sec
	Dispensing 200.0 uL into A2 of Kingfisher 96 Well Plate 2000 µL on 10 at 94.0 uL/sec
Transferring 1000.0 from A1 of NEST 1 Well Reservoir 195 mL on 3 to A3 of Kingfisher 96 Well Plate 2000 µL on 10
	Aspirating 200.0 uL from A1 of NEST 1 Well Reservoir 195 mL on 3 at 94.0 uL/sec
	Dispensing 200.0 uL into A3 of Kingfisher 96 Well Plate 2000 µL on 10 at 94.0 uL/sec
	Aspirating 100.0 uL from A1 of NEST 1 Well Reservoir 195 mL on 3 at 94.0 uL/sec
	Dispensing 100.0 uL into A3 of Kingfisher 96 Well Plate 2000 µL on 10 at 94.0 uL/sec
	Aspirating 200.0 uL from A1 of NEST 1 Well Reservoir 195 mL on 3 at 94.0 uL/sec
	Dispensing 200.0 uL into A3 of Kingfisher 96 Well Plate 2000 µL on 10 at 94.0 uL/sec
	Aspirating 100.0 uL from A1 of NEST 1 Well Reservoir 195 mL on 3 at 94.0 uL/sec
	Dispensing 100.0 uL into A3 of Kingfisher 96 Well Plate 2000 µL on 10 at 94.0 uL/sec
	Aspirating 200.0 uL from A1 of NEST 1 Well Reservoir 195 mL on 3 at 94.0 uL/sec
	Dispensing 200.0 uL into A3 of Kingfisher 96 Well Plate 2000 µL on 10 at 94.0 uL/sec
	Aspirating 200.0 uL from A1 of NEST 1 Well Reservoir 195 mL on 3 at 94.0 uL/sec
	Dispensing 200.0 uL into A3 of Kingfisher 96 Well Plate 2000 µL on 10 at 94.0 uL/sec


Transferring 1000.0 from A1 of NEST 1 Well Reservoir 195 mL on 3 to A1 of Kingfisher 96 Well Plate 2000 µL on 11
	Aspirating 200.0 uL from A1 of NEST 1 Well Reservoir 195 mL on 3 at 94.0 uL/sec
	Dispensing 200.0 uL into A1 of Kingfisher 96 Well Plate 2000 µL on 11 at 94.0 uL/sec
	Aspirating 100.0 uL from A1 of NEST 1 Well Reservoir 195 mL on 3 at 94.0 uL/sec
	Dispensing 100.0 uL into A1 of Kingfisher 96 Well Plate 2000 µL on 11 at 94.0 uL/sec
	Aspirating 200.0 uL from A1 of NEST 1 Well Reservoir 195 mL on 3 at 94.0 uL/sec
	Dispensing 200.0 uL into A1 of Kingfisher 96 Well Plate 2000 µL on 11 at 94.0 uL/sec
	Aspirating 100.0 uL from A1 of NEST 1 Well Reservoir 195 mL on 3 at 94.0 uL/sec
	Dispensing 100.0 uL into A1 of Kingfisher 96 Well Plate 2000 µL on 11 at 94.0 uL/sec
	Aspirating 200.0 uL from A1 of NEST 1 Well Reservoir 195 mL on 3 at 94.0 uL/sec
	Dispensing 200.0 uL into A1 of Kingfisher 96 Well Plate 2000 µL on 11 at 94.0 uL/sec
	Aspirating 200.0 uL from A1 of NEST 1 Well Reservoir 195 mL on 3 at 94.0 uL/sec
	Dispensing 200.0 uL into A1 of Kingfisher 96 Well Plate 2000 µL on 11 at 94.0 uL/sec
Transferring 1000.0 from A1 of NEST 1 Well Reservoir 195 mL on 3 to A2 of Kingfisher 96 Well Plate 2000 µL on 11
	Aspirating 200.0 uL from A1 of NEST 1 Well Reservoir 195 mL on 3 at 94.0 uL/sec
	Dispensing 200.0 uL into A2 of Kingfisher 96 Well Plate 2000 µL on 11 at 94.0 uL/sec
	Aspirating 100.0 uL from A1 of NEST 1 Well Reservoir 195 mL on 3 at 94.0 uL/sec
	Dispensing 100.0 uL into A2 of Kingfisher 96 Well Plate 2000 µL on 11 at 94.0 uL/sec
	Aspirating 200.0 uL from A1 of NEST 1 Well Reservoir 195 mL on 3 at 94.0 uL/sec
	Dispensing 200.0 uL into A2 of Kingfisher 96 Well Plate 2000 µL on 11 at 94.0 uL/sec
	Aspirating 100.0 uL from A1 of NEST 1 Well Reservoir 195 mL on 3 at 94.0 uL/sec
	Dispensing 100.0 uL into A2 of Kingfisher 96 Well Plate 2000 µL on 11 at 94.0 uL/sec
	Aspirating 200.0 uL from A1 of NEST 1 Well Reservoir 195 mL on 3 at 94.0 uL/sec
	Dispensing 200.0 uL into A2 of Kingfisher 96 Well Plate 2000 µL on 11 at 94.0 uL/sec
	Aspirating 200.0 uL from A1 of NEST 1 Well Reservoir 195 mL on 3 at 94.0 uL/sec
	Dispensing 200.0 uL into A2 of Kingfisher 96 Well Plate 2000 µL on 11 at 94.0 uL/sec
Transferring 1000.0 from A1 of NEST 1 Well Reservoir 195 mL on 3 to A3 of Kingfisher 96 Well Plate 2000 µL on 11
	Aspirating 200.0 uL from A1 of NEST 1 Well Reservoir 195 mL on 3 at 94.0 uL/sec
	Dispensing 200.0 uL into A3 of Kingfisher 96 Well Plate 2000 µL on 11 at 94.0 uL/sec
	Aspirating 100.0 uL from A1 of NEST 1 Well Reservoir 195 mL on 3 at 94.0 uL/sec
	Dispensing 100.0 uL into A3 of Kingfisher 96 Well Plate 2000 µL on 11 at 94.0 uL/sec
	Aspirating 200.0 uL from A1 of NEST 1 Well Reservoir 195 mL on 3 at 94.0 uL/sec
	Dispensing 200.0 uL into A3 of Kingfisher 96 Well Plate 2000 µL on 11 at 94.0 uL/sec
	Aspirating 100.0 uL from A1 of NEST 1 Well Reservoir 195 mL on 3 at 94.0 uL/sec
	Dispensing 100.0 uL into A3 of Kingfisher 96 Well Plate 2000 µL on 11 at 94.0 uL/sec
	Aspirating 200.0 uL from A1 of NEST 1 Well Reservoir 195 mL on 3 at 94.0 uL/sec
	Dispensing 200.0 uL into A3 of Kingfisher 96 Well Plate 2000 µL on 11 at 94.0 uL/sec
	Aspirating 200.0 uL from A1 of NEST 1 Well Reservoir 195 mL on 3 at 94.0 uL/sec
	Dispensing 200.0 uL into A3 of Kingfisher 96 Well Plate 2000 µL on 11 at 94.0 uL/sec


Dropping tip into A1 of Opentrons Fixed Trash on 12

---------ADDING BINDING SOLUTION TO PLATES---------


Picking up tip from A3 of Opentrons OT-2 96 Filter Tip Rack 200 µL on 9
Transferring 550.0 from A1 of NEST 12 Well Reservoir 15 mL on 1 to A1 of Deepwell Plate on 4
	Aspirating 200.0 uL from A1 of NEST 12 Well Reservoir 15 mL on 1 at 94.0 uL/sec
	Dispensing 200.0 uL into A1 of Deepwell Plate on 4 at 94.0 uL/sec
	Aspirating 75.0 uL from A1 of NEST 12 Well Reservoir 15 mL on 1 at 94.0 uL/sec
	Dispensing 75.0 uL into A1 of Deepwell Plate on 4 at 94.0 uL/sec
	Aspirating 200.0 uL from A1 of NEST 12 Well Reservoir 15 mL on 1 at 94.0 uL/sec
	Dispensing 200.0 uL into A1 of Deepwell Plate on 4 at 94.0 uL/sec
	Aspirating 75.0 uL from A1 of NEST 12 Well Reservoir 15 mL on 1 at 94.0 uL/sec
	Dispensing 75.0 uL into A1 of Deepwell Plate on 4 at 94.0 uL/sec
Mixing 5 times with a volume of 200.0 ul
	Aspirating 200.0 uL from A1 of Deepwell Plate on 4 at 94.0 uL/sec
	Dispensing 200.0 uL into A1 of Deepwell Plate on 4 at 94.0 uL/sec
	Aspirating 200.0 uL from A1 of Deepwell Plate on 4 at 94.0 uL/sec
	Dispensing 200.0 uL into A1 of Deepwell Plate on 4 at 94.0 uL/sec
	Aspirating 200.0 uL from A1 of Deepwell Plate on 4 at 94.0 uL/sec
	Dispensing 200.0 uL into A1 of Deepwell Plate on 4 at 94.0 uL/sec
	Aspirating 200.0 uL from A1 of Deepwell Plate on 4 at 94.0 uL/sec
	Dispensing 200.0 uL into A1 of Deepwell Plate on 4 at 94.0 uL/sec
	Aspirating 200.0 uL from A1 of Deepwell Plate on 4 at 94.0 uL/sec
	Dispensing 200.0 uL into A1 of Deepwell Plate on 4 at 94.0 uL/sec
Dropping tip into A1 of Opentrons Fixed Trash on 12
Picking up tip from A4 of Opentrons OT-2 96 Filter Tip Rack 200 µL on 9
Transferring 550.0 from A1 of NEST 12 Well Reservoir 15 mL on 1 to A2 of Deepwell Plate on 4
	Aspirating 200.0 uL from A1 of NEST 12 Well Reservoir 15 mL on 1 at 94.0 uL/sec
	Dispensing 200.0 uL into A2 of Deepwell Plate on 4 at 94.0 uL/sec
	Aspirating 75.0 uL from A1 of NEST 12 Well Reservoir 15 mL on 1 at 94.0 uL/sec
	Dispensing 75.0 uL into A2 of Deepwell Plate on 4 at 94.0 uL/sec
	Aspirating 200.0 uL from A1 of NEST 12 Well Reservoir 15 mL on 1 at 94.0 uL/sec
	Dispensing 200.0 uL into A2 of Deepwell Plate on 4 at 94.0 uL/sec
	Aspirating 75.0 uL from A1 of NEST 12 Well Reservoir 15 mL on 1 at 94.0 uL/sec
	Dispensing 75.0 uL into A2 of Deepwell Plate on 4 at 94.0 uL/sec
Mixing 5 times with a volume of 200.0 ul
	Aspirating 200.0 uL from A2 of Deepwell Plate on 4 at 94.0 uL/sec
	Dispensing 200.0 uL into A2 of Deepwell Plate on 4 at 94.0 uL/sec
	Aspirating 200.0 uL from A2 of Deepwell Plate on 4 at 94.0 uL/sec
	Dispensing 200.0 uL into A2 of Deepwell Plate on 4 at 94.0 uL/sec
	Aspirating 200.0 uL from A2 of Deepwell Plate on 4 at 94.0 uL/sec
	Dispensing 200.0 uL into A2 of Deepwell Plate on 4 at 94.0 uL/sec
	Aspirating 200.0 uL from A2 of Deepwell Plate on 4 at 94.0 uL/sec
	Dispensing 200.0 uL into A2 of Deepwell Plate on 4 at 94.0 uL/sec
	Aspirating 200.0 uL from A2 of Deepwell Plate on 4 at 94.0 uL/sec
	Dispensing 200.0 uL into A2 of Deepwell Plate on 4 at 94.0 uL/sec
Dropping tip into A1 of Opentrons Fixed Trash on 12
Picking up tip from A5 of Opentrons OT-2 96 Filter Tip Rack 200 µL on 9
Transferring 550.0 from A1 of NEST 12 Well Reservoir 15 mL on 1 to A3 of Deepwell Plate on 4
	Aspirating 200.0 uL from A1 of NEST 12 Well Reservoir 15 mL on 1 at 94.0 uL/sec
	Dispensing 200.0 uL into A3 of Deepwell Plate on 4 at 94.0 uL/sec
	Aspirating 75.0 uL from A1 of NEST 12 Well Reservoir 15 mL on 1 at 94.0 uL/sec
	Dispensing 75.0 uL into A3 of Deepwell Plate on 4 at 94.0 uL/sec
	Aspirating 200.0 uL from A1 of NEST 12 Well Reservoir 15 mL on 1 at 94.0 uL/sec
	Dispensing 200.0 uL into A3 of Deepwell Plate on 4 at 94.0 uL/sec
	Aspirating 75.0 uL from A1 of NEST 12 Well Reservoir 15 mL on 1 at 94.0 uL/sec
	Dispensing 75.0 uL into A3 of Deepwell Plate on 4 at 94.0 uL/sec
Mixing 5 times with a volume of 200.0 ul
	Aspirating 200.0 uL from A3 of Deepwell Plate on 4 at 94.0 uL/sec
	Dispensing 200.0 uL into A3 of Deepwell Plate on 4 at 94.0 uL/sec
	Aspirating 200.0 uL from A3 of Deepwell Plate on 4 at 94.0 uL/sec
	Dispensing 200.0 uL into A3 of Deepwell Plate on 4 at 94.0 uL/sec
	Aspirating 200.0 uL from A3 of Deepwell Plate on 4 at 94.0 uL/sec
	Dispensing 200.0 uL into A3 of Deepwell Plate on 4 at 94.0 uL/sec
	Aspirating 200.0 uL from A3 of Deepwell Plate on 4 at 94.0 uL/sec
	Dispensing 200.0 uL into A3 of Deepwell Plate on 4 at 94.0 uL/sec
	Aspirating 200.0 uL from A3 of Deepwell Plate on 4 at 94.0 uL/sec
	Dispensing 200.0 uL into A3 of Deepwell Plate on 4 at 94.0 uL/sec
Dropping tip into A1 of Opentrons Fixed Trash on 12



---------ADDING BINDING BEADS TO PLATES---------


Picking up tip from A6 of Opentrons OT-2 96 Filter Tip Rack 200 µL on 9
Mixing 5 times with a volume of 200.0 ul
	Aspirating 200.0 uL from A1 of Deepwell Plate on 5 at 94.0 uL/sec
	Dispensing 200.0 uL into A1 of Deepwell Plate on 5 at 94.0 uL/sec
	Aspirating 200.0 uL from A1 of Deepwell Plate on 5 at 94.0 uL/sec
	Dispensing 200.0 uL into A1 of Deepwell Plate on 5 at 94.0 uL/sec
	Aspirating 200.0 uL from A1 of Deepwell Plate on 5 at 94.0 uL/sec
	Dispensing 200.0 uL into A1 of Deepwell Plate on 5 at 94.0 uL/sec
	Aspirating 200.0 uL from A1 of Deepwell Plate on 5 at 94.0 uL/sec
	Dispensing 200.0 uL into A1 of Deepwell Plate on 5 at 94.0 uL/sec
	Aspirating 200.0 uL from A1 of Deepwell Plate on 5 at 94.0 uL/sec
	Dispensing 200.0 uL into A1 of Deepwell Plate on 5 at 94.0 uL/sec
Transferring 50.0 from A1 of Deepwell Plate on 5 to A3 of Deepwell Plate on 4
	Aspirating 50.0 uL from A1 of Deepwell Plate on 5 at 94.0 uL/sec
	Dispensing 50.0 uL into A3 of Deepwell Plate on 4 at 94.0 uL/sec
Mixing 10 times with a volume of 200.0 ul
	Aspirating 200.0 uL from A1 of Deepwell Plate on 4 at 94.0 uL/sec
	Dispensing 200.0 uL into A1 of Deepwell Plate on 4 at 94.0 uL/sec
	Aspirating 200.0 uL from A1 of Deepwell Plate on 4 at 94.0 uL/sec
	Dispensing 200.0 uL into A1 of Deepwell Plate on 4 at 94.0 uL/sec
	Aspirating 200.0 uL from A1 of Deepwell Plate on 4 at 94.0 uL/sec
	Dispensing 200.0 uL into A1 of Deepwell Plate on 4 at 94.0 uL/sec
	Aspirating 200.0 uL from A1 of Deepwell Plate on 4 at 94.0 uL/sec
	Dispensing 200.0 uL into A1 of Deepwell Plate on 4 at 94.0 uL/sec
	Aspirating 200.0 uL from A1 of Deepwell Plate on 4 at 94.0 uL/sec
	Dispensing 200.0 uL into A1 of Deepwell Plate on 4 at 94.0 uL/sec
	Aspirating 200.0 uL from A1 of Deepwell Plate on 4 at 94.0 uL/sec
	Dispensing 200.0 uL into A1 of Deepwell Plate on 4 at 94.0 uL/sec
	Aspirating 200.0 uL from A1 of Deepwell Plate on 4 at 94.0 uL/sec
	Dispensing 200.0 uL into A1 of Deepwell Plate on 4 at 94.0 uL/sec
	Aspirating 200.0 uL from A1 of Deepwell Plate on 4 at 94.0 uL/sec
	Dispensing 200.0 uL into A1 of Deepwell Plate on 4 at 94.0 uL/sec
	Aspirating 200.0 uL from A1 of Deepwell Plate on 4 at 94.0 uL/sec
	Dispensing 200.0 uL into A1 of Deepwell Plate on 4 at 94.0 uL/sec
	Aspirating 200.0 uL from A1 of Deepwell Plate on 4 at 94.0 uL/sec
	Dispensing 200.0 uL into A1 of Deepwell Plate on 4 at 94.0 uL/sec
Dropping tip into A1 of Opentrons Fixed Trash on 12


Picking up tip from A7 of Opentrons OT-2 96 Filter Tip Rack 200 µL on 9
Mixing 5 times with a volume of 200.0 ul
	Aspirating 200.0 uL from A1 of Deepwell Plate on 5 at 94.0 uL/sec
	Dispensing 200.0 uL into A1 of Deepwell Plate on 5 at 94.0 uL/sec
	Aspirating 200.0 uL from A1 of Deepwell Plate on 5 at 94.0 uL/sec
	Dispensing 200.0 uL into A1 of Deepwell Plate on 5 at 94.0 uL/sec
	Aspirating 200.0 uL from A1 of Deepwell Plate on 5 at 94.0 uL/sec
	Dispensing 200.0 uL into A1 of Deepwell Plate on 5 at 94.0 uL/sec
	Aspirating 200.0 uL from A1 of Deepwell Plate on 5 at 94.0 uL/sec
	Dispensing 200.0 uL into A1 of Deepwell Plate on 5 at 94.0 uL/sec
	Aspirating 200.0 uL from A1 of Deepwell Plate on 5 at 94.0 uL/sec
	Dispensing 200.0 uL into A1 of Deepwell Plate on 5 at 94.0 uL/sec
Transferring 50.0 from A1 of Deepwell Plate on 5 to A3 of Deepwell Plate on 4
	Aspirating 50.0 uL from A1 of Deepwell Plate on 5 at 94.0 uL/sec
	Dispensing 50.0 uL into A3 of Deepwell Plate on 4 at 94.0 uL/sec
Mixing 10 times with a volume of 200.0 ul
	Aspirating 200.0 uL from A2 of Deepwell Plate on 4 at 94.0 uL/sec
	Dispensing 200.0 uL into A2 of Deepwell Plate on 4 at 94.0 uL/sec
	Aspirating 200.0 uL from A2 of Deepwell Plate on 4 at 94.0 uL/sec
	Dispensing 200.0 uL into A2 of Deepwell Plate on 4 at 94.0 uL/sec
	Aspirating 200.0 uL from A2 of Deepwell Plate on 4 at 94.0 uL/sec
	Dispensing 200.0 uL into A2 of Deepwell Plate on 4 at 94.0 uL/sec
	Aspirating 200.0 uL from A2 of Deepwell Plate on 4 at 94.0 uL/sec
	Dispensing 200.0 uL into A2 of Deepwell Plate on 4 at 94.0 uL/sec
	Aspirating 200.0 uL from A2 of Deepwell Plate on 4 at 94.0 uL/sec
	Dispensing 200.0 uL into A2 of Deepwell Plate on 4 at 94.0 uL/sec
	Aspirating 200.0 uL from A2 of Deepwell Plate on 4 at 94.0 uL/sec
	Dispensing 200.0 uL into A2 of Deepwell Plate on 4 at 94.0 uL/sec
	Aspirating 200.0 uL from A2 of Deepwell Plate on 4 at 94.0 uL/sec
	Dispensing 200.0 uL into A2 of Deepwell Plate on 4 at 94.0 uL/sec
	Aspirating 200.0 uL from A2 of Deepwell Plate on 4 at 94.0 uL/sec
	Dispensing 200.0 uL into A2 of Deepwell Plate on 4 at 94.0 uL/sec
	Aspirating 200.0 uL from A2 of Deepwell Plate on 4 at 94.0 uL/sec
	Dispensing 200.0 uL into A2 of Deepwell Plate on 4 at 94.0 uL/sec
	Aspirating 200.0 uL from A2 of Deepwell Plate on 4 at 94.0 uL/sec
	Dispensing 200.0 uL into A2 of Deepwell Plate on 4 at 94.0 uL/sec
Dropping tip into A1 of Opentrons Fixed Trash on 12


Picking up tip from A8 of Opentrons OT-2 96 Filter Tip Rack 200 µL on 9
Mixing 5 times with a volume of 200.0 ul
	Aspirating 200.0 uL from A1 of Deepwell Plate on 5 at 94.0 uL/sec
	Dispensing 200.0 uL into A1 of Deepwell Plate on 5 at 94.0 uL/sec
	Aspirating 200.0 uL from A1 of Deepwell Plate on 5 at 94.0 uL/sec
	Dispensing 200.0 uL into A1 of Deepwell Plate on 5 at 94.0 uL/sec
	Aspirating 200.0 uL from A1 of Deepwell Plate on 5 at 94.0 uL/sec
	Dispensing 200.0 uL into A1 of Deepwell Plate on 5 at 94.0 uL/sec
	Aspirating 200.0 uL from A1 of Deepwell Plate on 5 at 94.0 uL/sec
	Dispensing 200.0 uL into A1 of Deepwell Plate on 5 at 94.0 uL/sec
	Aspirating 200.0 uL from A1 of Deepwell Plate on 5 at 94.0 uL/sec
	Dispensing 200.0 uL into A1 of Deepwell Plate on 5 at 94.0 uL/sec
Transferring 50.0 from A1 of Deepwell Plate on 5 to A3 of Deepwell Plate on 4
	Aspirating 50.0 uL from A1 of Deepwell Plate on 5 at 94.0 uL/sec
	Dispensing 50.0 uL into A3 of Deepwell Plate on 4 at 94.0 uL/sec
Mixing 10 times with a volume of 200.0 ul
	Aspirating 200.0 uL from A3 of Deepwell Plate on 4 at 94.0 uL/sec
	Dispensing 200.0 uL into A3 of Deepwell Plate on 4 at 94.0 uL/sec
	Aspirating 200.0 uL from A3 of Deepwell Plate on 4 at 94.0 uL/sec
	Dispensing 200.0 uL into A3 of Deepwell Plate on 4 at 94.0 uL/sec
	Aspirating 200.0 uL from A3 of Deepwell Plate on 4 at 94.0 uL/sec
	Dispensing 200.0 uL into A3 of Deepwell Plate on 4 at 94.0 uL/sec
	Aspirating 200.0 uL from A3 of Deepwell Plate on 4 at 94.0 uL/sec
	Dispensing 200.0 uL into A3 of Deepwell Plate on 4 at 94.0 uL/sec
	Aspirating 200.0 uL from A3 of Deepwell Plate on 4 at 94.0 uL/sec
	Dispensing 200.0 uL into A3 of Deepwell Plate on 4 at 94.0 uL/sec
	Aspirating 200.0 uL from A3 of Deepwell Plate on 4 at 94.0 uL/sec
	Dispensing 200.0 uL into A3 of Deepwell Plate on 4 at 94.0 uL/sec
	Aspirating 200.0 uL from A3 of Deepwell Plate on 4 at 94.0 uL/sec
	Dispensing 200.0 uL into A3 of Deepwell Plate on 4 at 94.0 uL/sec
	Aspirating 200.0 uL from A3 of Deepwell Plate on 4 at 94.0 uL/sec
	Dispensing 200.0 uL into A3 of Deepwell Plate on 4 at 94.0 uL/sec
	Aspirating 200.0 uL from A3 of Deepwell Plate on 4 at 94.0 uL/sec
	Dispensing 200.0 uL into A3 of Deepwell Plate on 4 at 94.0 uL/sec
	Aspirating 200.0 uL from A3 of Deepwell Plate on 4 at 94.0 uL/sec
	Dispensing 200.0 uL into A3 of Deepwell Plate on 4 at 94.0 uL/sec
Dropping tip into A1 of Opentrons Fixed Trash on 12



---------ADDING ELUTION TO PLATES---------


Picking up tip from A9 of Opentrons OT-2 96 Filter Tip Rack 200 µL on 9
Transferring 50.0 from A12 of Deepwell Plate on 5 to A1 of Deepwell Plate on 6
	Aspirating 50.0 uL from A12 of Deepwell Plate on 5 at 94.0 uL/sec
	Dispensing 50.0 uL into A1 of Deepwell Plate on 6 at 94.0 uL/sec
Transferring 50.0 from A12 of Deepwell Plate on 5 to A2 of Deepwell Plate on 6
	Aspirating 50.0 uL from A12 of Deepwell Plate on 5 at 94.0 uL/sec
	Dispensing 50.0 uL into A2 of Deepwell Plate on 6 at 94.0 uL/sec
Transferring 50.0 from A12 of Deepwell Plate on 5 to A3 of Deepwell Plate on 6
	Aspirating 50.0 uL from A12 of Deepwell Plate on 5 at 94.0 uL/sec
	Dispensing 50.0 uL into A3 of Deepwell Plate on 6 at 94.0 uL/sec


Dropping tip into A1 of Opentrons Fixed Trash on 12
Caught exception: {'message': 'Task was destroyed but it is pending!', 'task': <Task pending name='Task-4' coro=<Poller._poll_forever() running at /Users/dp/Desktop/project/github/opentrons/venv/lib/python3.10/site-packages/opentrons/hardware_control/poller.py:80> wait_for=<Future pending cb=[Task.task_wakeup()]>>}
Caught exception: {'message': 'Task was destroyed but it is pending!', 'task': <Task pending name='Task-3' coro=<Poller._poll_forever() running at /Users/dp/Desktop/project/github/opentrons/venv/lib/python3.10/site-packages/opentrons/hardware_control/poller.py:80> wait_for=<Future pending cb=[Task.task_wakeup()]>>}
Caught exception: {'message': 'Task was destroyed but it is pending!', 'task': <Task pending name='Task-2' coro=<Poller._poll_forever() running at /Users/dp/Desktop/project/github/opentrons/venv/lib/python3.10/site-packages/opentrons/hardware_control/poller.py:80> wait_for=<Future pending cb=[Task.task_wakeup()]>>}
