/Users/dp/Desktop/project/github/opentrons/venv/lib/python3.10/site-packages/opentrons/hardware_control/simulator_setup.py:205: UserWarning: Simulator configuration does not name a machine, defaulting to OT-2 Standard
  warn(
/Users/dp/.opentrons/robot_settings.json not found. Loading defaults
Deck calibration not found.
/Users/dp/.opentrons/deck_calibration.json not found. Loading defaults
Picking up tip from A1 of Opentrons Tip Rack 300µL Flipped on 4
Aspirating 200.0 uL from A1 of Beckman Coulter 8 Reservoir 19000 µL on 10 at 94.0 uL/sec
Dispensing 200.0 uL into A1 of SIMPORT 96 Well Plate 1200µL Flipped on 8 at 94.0 uL/sec
Aspirating 200.0 uL from A1 of Beckman Coulter 8 Reservoir 19000 µL on 10 at 94.0 uL/sec
Dispensing 200.0 uL into A1 of SIMPORT 96 Well Plate 1200µL Flipped on 2 at 94.0 uL/sec
Dropping tip into A1 of Opentrons Fixed Trash on 12
Picking up tip from A5 of Opentrons Tip Rack 300µL Flipped on 4
Aspirating 200.0 uL from A1 of Beckman Coulter 8 Reservoir 19000 µL on 10 at 94.0 uL/sec
Dispensing 200.0 uL into A5 of SIMPORT 96 Well Plate 1200µL Flipped on 8 at 94.0 uL/sec
Aspirating 200.0 uL from A1 of Beckman Coulter 8 Reservoir 19000 µL on 10 at 94.0 uL/sec
Dispensing 200.0 uL into A5 of SIMPORT 96 Well Plate 1200µL Flipped on 2 at 94.0 uL/sec
Dropping tip into A1 of Opentrons Fixed Trash on 12
Picking up tip from B1 of Opentrons Tip Rack 300µL Flipped on 4
Aspirating 200.0 uL from A2 of Beckman Coulter 8 Reservoir 19000 µL on 10 at 94.0 uL/sec
Dispensing 200.0 uL into B1 of SIMPORT 96 Well Plate 1200µL Flipped on 8 at 94.0 uL/sec
Aspirating 200.0 uL from A2 of Beckman Coulter 8 Reservoir 19000 µL on 10 at 94.0 uL/sec
Dispensing 200.0 uL into B1 of SIMPORT 96 Well Plate 1200µL Flipped on 2 at 94.0 uL/sec
Dropping tip into A1 of Opentrons Fixed Trash on 12
Picking up tip from B5 of Opentrons Tip Rack 300µL Flipped on 4
Aspirating 200.0 uL from A2 of Beckman Coulter 8 Reservoir 19000 µL on 10 at 94.0 uL/sec
Dispensing 200.0 uL into B5 of SIMPORT 96 Well Plate 1200µL Flipped on 8 at 94.0 uL/sec
Aspirating 200.0 uL from A2 of Beckman Coulter 8 Reservoir 19000 µL on 10 at 94.0 uL/sec
Dispensing 200.0 uL into B5 of SIMPORT 96 Well Plate 1200µL Flipped on 2 at 94.0 uL/sec
Dropping tip into A1 of Opentrons Fixed Trash on 12
Picking up tip from C1 of Opentrons Tip Rack 300µL Flipped on 4
Aspirating 200.0 uL from A3 of Beckman Coulter 8 Reservoir 19000 µL on 10 at 94.0 uL/sec
Dispensing 200.0 uL into C1 of SIMPORT 96 Well Plate 1200µL Flipped on 8 at 94.0 uL/sec
Aspirating 200.0 uL from A3 of Beckman Coulter 8 Reservoir 19000 µL on 10 at 94.0 uL/sec
Dispensing 200.0 uL into C1 of SIMPORT 96 Well Plate 1200µL Flipped on 2 at 94.0 uL/sec
Dropping tip into A1 of Opentrons Fixed Trash on 12
Picking up tip from C5 of Opentrons Tip Rack 300µL Flipped on 4
Aspirating 200.0 uL from A3 of Beckman Coulter 8 Reservoir 19000 µL on 10 at 94.0 uL/sec
Dispensing 200.0 uL into C5 of SIMPORT 96 Well Plate 1200µL Flipped on 8 at 94.0 uL/sec
Aspirating 200.0 uL from A3 of Beckman Coulter 8 Reservoir 19000 µL on 10 at 94.0 uL/sec
Dispensing 200.0 uL into C5 of SIMPORT 96 Well Plate 1200µL Flipped on 2 at 94.0 uL/sec
Dropping tip into A1 of Opentrons Fixed Trash on 12
Picking up tip from D1 of Opentrons Tip Rack 300µL Flipped on 4
Aspirating 200.0 uL from A4 of Beckman Coulter 8 Reservoir 19000 µL on 10 at 94.0 uL/sec
Dispensing 200.0 uL into D1 of SIMPORT 96 Well Plate 1200µL Flipped on 8 at 94.0 uL/sec
Aspirating 200.0 uL from A4 of Beckman Coulter 8 Reservoir 19000 µL on 10 at 94.0 uL/sec
Dispensing 200.0 uL into D1 of SIMPORT 96 Well Plate 1200µL Flipped on 2 at 94.0 uL/sec
Dropping tip into A1 of Opentrons Fixed Trash on 12
Picking up tip from D5 of Opentrons Tip Rack 300µL Flipped on 4
Aspirating 200.0 uL from A4 of Beckman Coulter 8 Reservoir 19000 µL on 10 at 94.0 uL/sec
Dispensing 200.0 uL into D5 of SIMPORT 96 Well Plate 1200µL Flipped on 8 at 94.0 uL/sec
Aspirating 200.0 uL from A4 of Beckman Coulter 8 Reservoir 19000 µL on 10 at 94.0 uL/sec
Dispensing 200.0 uL into D5 of SIMPORT 96 Well Plate 1200µL Flipped on 2 at 94.0 uL/sec
Dropping tip into A1 of Opentrons Fixed Trash on 12
Picking up tip from E1 of Opentrons Tip Rack 300µL Flipped on 4
Aspirating 200.0 uL from A5 of Beckman Coulter 8 Reservoir 19000 µL on 10 at 94.0 uL/sec
Dispensing 200.0 uL into E1 of SIMPORT 96 Well Plate 1200µL Flipped on 8 at 94.0 uL/sec
Aspirating 200.0 uL from A5 of Beckman Coulter 8 Reservoir 19000 µL on 10 at 94.0 uL/sec
Dispensing 200.0 uL into E1 of SIMPORT 96 Well Plate 1200µL Flipped on 2 at 94.0 uL/sec
Dropping tip into A1 of Opentrons Fixed Trash on 12
Picking up tip from E5 of Opentrons Tip Rack 300µL Flipped on 4
Aspirating 200.0 uL from A5 of Beckman Coulter 8 Reservoir 19000 µL on 10 at 94.0 uL/sec
Dispensing 200.0 uL into E5 of SIMPORT 96 Well Plate 1200µL Flipped on 8 at 94.0 uL/sec
Aspirating 200.0 uL from A5 of Beckman Coulter 8 Reservoir 19000 µL on 10 at 94.0 uL/sec
Dispensing 200.0 uL into E5 of SIMPORT 96 Well Plate 1200µL Flipped on 2 at 94.0 uL/sec
Dropping tip into A1 of Opentrons Fixed Trash on 12
Picking up tip from F1 of Opentrons Tip Rack 300µL Flipped on 4
Aspirating 200.0 uL from A6 of Beckman Coulter 8 Reservoir 19000 µL on 10 at 94.0 uL/sec
Dispensing 200.0 uL into F1 of SIMPORT 96 Well Plate 1200µL Flipped on 8 at 94.0 uL/sec
Aspirating 200.0 uL from A6 of Beckman Coulter 8 Reservoir 19000 µL on 10 at 94.0 uL/sec
Dispensing 200.0 uL into F1 of SIMPORT 96 Well Plate 1200µL Flipped on 2 at 94.0 uL/sec
Dropping tip into A1 of Opentrons Fixed Trash on 12
Picking up tip from F5 of Opentrons Tip Rack 300µL Flipped on 4
Aspirating 200.0 uL from A6 of Beckman Coulter 8 Reservoir 19000 µL on 10 at 94.0 uL/sec
Dispensing 200.0 uL into F5 of SIMPORT 96 Well Plate 1200µL Flipped on 8 at 94.0 uL/sec
Aspirating 200.0 uL from A6 of Beckman Coulter 8 Reservoir 19000 µL on 10 at 94.0 uL/sec
Dispensing 200.0 uL into F5 of SIMPORT 96 Well Plate 1200µL Flipped on 2 at 94.0 uL/sec
Dropping tip into A1 of Opentrons Fixed Trash on 12
Picking up tip from G1 of Opentrons Tip Rack 300µL Flipped on 4
Aspirating 200.0 uL from A7 of Beckman Coulter 8 Reservoir 19000 µL on 10 at 94.0 uL/sec
Dispensing 200.0 uL into G1 of SIMPORT 96 Well Plate 1200µL Flipped on 8 at 94.0 uL/sec
Aspirating 200.0 uL from A7 of Beckman Coulter 8 Reservoir 19000 µL on 10 at 94.0 uL/sec
Dispensing 200.0 uL into G1 of SIMPORT 96 Well Plate 1200µL Flipped on 2 at 94.0 uL/sec
Dropping tip into A1 of Opentrons Fixed Trash on 12
Picking up tip from G5 of Opentrons Tip Rack 300µL Flipped on 4
Aspirating 200.0 uL from A7 of Beckman Coulter 8 Reservoir 19000 µL on 10 at 94.0 uL/sec
Dispensing 200.0 uL into G5 of SIMPORT 96 Well Plate 1200µL Flipped on 8 at 94.0 uL/sec
Aspirating 200.0 uL from A7 of Beckman Coulter 8 Reservoir 19000 µL on 10 at 94.0 uL/sec
Dispensing 200.0 uL into G5 of SIMPORT 96 Well Plate 1200µL Flipped on 2 at 94.0 uL/sec
Dropping tip into A1 of Opentrons Fixed Trash on 12
Picking up tip from H1 of Opentrons Tip Rack 300µL Flipped on 4
Aspirating 200.0 uL from A8 of Beckman Coulter 8 Reservoir 19000 µL on 10 at 94.0 uL/sec
Dispensing 200.0 uL into H1 of SIMPORT 96 Well Plate 1200µL Flipped on 8 at 94.0 uL/sec
Aspirating 200.0 uL from A8 of Beckman Coulter 8 Reservoir 19000 µL on 10 at 94.0 uL/sec
Dispensing 200.0 uL into H1 of SIMPORT 96 Well Plate 1200µL Flipped on 2 at 94.0 uL/sec
Dropping tip into A1 of Opentrons Fixed Trash on 12
Picking up tip from H5 of Opentrons Tip Rack 300µL Flipped on 4
Aspirating 200.0 uL from A8 of Beckman Coulter 8 Reservoir 19000 µL on 10 at 94.0 uL/sec
Dispensing 200.0 uL into H5 of SIMPORT 96 Well Plate 1200µL Flipped on 8 at 94.0 uL/sec
Aspirating 200.0 uL from A8 of Beckman Coulter 8 Reservoir 19000 µL on 10 at 94.0 uL/sec
Dispensing 200.0 uL into H5 of SIMPORT 96 Well Plate 1200µL Flipped on 2 at 94.0 uL/sec
Dropping tip into A1 of Opentrons Fixed Trash on 12
Caught exception: {'message': 'Task was destroyed but it is pending!', 'task': <Task pending name='Task-4' coro=<Poller._poll_forever() running at /Users/dp/Desktop/project/github/opentrons/venv/lib/python3.10/site-packages/opentrons/hardware_control/poller.py:80> wait_for=<Future pending cb=[Task.task_wakeup()]>>}
Caught exception: {'message': 'Task was destroyed but it is pending!', 'task': <Task pending name='Task-3' coro=<Poller._poll_forever() running at /Users/dp/Desktop/project/github/opentrons/venv/lib/python3.10/site-packages/opentrons/hardware_control/poller.py:80> wait_for=<Future pending cb=[Task.task_wakeup()]>>}
Caught exception: {'message': 'Task was destroyed but it is pending!', 'task': <Task pending name='Task-2' coro=<Poller._poll_forever() running at /Users/dp/Desktop/project/github/opentrons/venv/lib/python3.10/site-packages/opentrons/hardware_control/poller.py:80> wait_for=<Future pending cb=[Task.task_wakeup()]>>}
