/Users/dp/Desktop/project/github/opentrons/venv/lib/python3.10/site-packages/opentrons/hardware_control/simulator_setup.py:205: UserWarning: Simulator configuration does not name a machine, defaulting to OT-2 Standard
  warn(
/Users/dp/.opentrons/robot_settings.json not found. Loading defaults
Deck calibration not found.
/Users/dp/.opentrons/deck_calibration.json not found. Loading defaults
Delaying for 0 minutes and 5.0 seconds
Picking up tip from A1 of Opentrons OT-2 96 Filter Tip Rack 20 µL on 10
Aspirating 10.0 uL from A1 of 12-Well Reservoir on 7 at 7.6 uL/sec
Dispensing 10.0 uL into A1 of Sample Plate on 1 at 7.6 uL/sec
Blowing out at A1 of Sample Plate on 1
Touching tip
Aspirating 10.0 uL from A1 of 12-Well Reservoir on 7 at 7.6 uL/sec
Dispensing 10.0 uL into A2 of Sample Plate on 1 at 7.6 uL/sec
Blowing out at A2 of Sample Plate on 1
Touching tip
Aspirating 10.0 uL from A1 of 12-Well Reservoir on 7 at 7.6 uL/sec
Dispensing 10.0 uL into A3 of Sample Plate on 1 at 7.6 uL/sec
Blowing out at A3 of Sample Plate on 1
Touching tip
Aspirating 10.0 uL from A1 of 12-Well Reservoir on 7 at 7.6 uL/sec
Dispensing 10.0 uL into A4 of Sample Plate on 1 at 7.6 uL/sec
Blowing out at A4 of Sample Plate on 1
Touching tip
Aspirating 10.0 uL from A1 of 12-Well Reservoir on 7 at 7.6 uL/sec
Dispensing 10.0 uL into A5 of Sample Plate on 1 at 7.6 uL/sec
Blowing out at A5 of Sample Plate on 1
Touching tip
Aspirating 10.0 uL from A1 of 12-Well Reservoir on 7 at 7.6 uL/sec
Dispensing 10.0 uL into A6 of Sample Plate on 1 at 7.6 uL/sec
Blowing out at A6 of Sample Plate on 1
Touching tip
Aspirating 10.0 uL from A1 of 12-Well Reservoir on 7 at 7.6 uL/sec
Dispensing 10.0 uL into A7 of Sample Plate on 1 at 7.6 uL/sec
Blowing out at A7 of Sample Plate on 1
Touching tip
Aspirating 10.0 uL from A1 of 12-Well Reservoir on 7 at 7.6 uL/sec
Dispensing 10.0 uL into A8 of Sample Plate on 1 at 7.6 uL/sec
Blowing out at A8 of Sample Plate on 1
Touching tip
Aspirating 10.0 uL from A1 of 12-Well Reservoir on 7 at 7.6 uL/sec
Dispensing 10.0 uL into A9 of Sample Plate on 1 at 7.6 uL/sec
Blowing out at A9 of Sample Plate on 1
Touching tip
Aspirating 10.0 uL from A1 of 12-Well Reservoir on 7 at 7.6 uL/sec
Dispensing 10.0 uL into A10 of Sample Plate on 1 at 7.6 uL/sec
Blowing out at A10 of Sample Plate on 1
Touching tip
Aspirating 10.0 uL from A1 of 12-Well Reservoir on 7 at 7.6 uL/sec
Dispensing 10.0 uL into A11 of Sample Plate on 1 at 7.6 uL/sec
Blowing out at A11 of Sample Plate on 1
Touching tip
Aspirating 10.0 uL from A1 of 12-Well Reservoir on 7 at 7.6 uL/sec
Dispensing 10.0 uL into A12 of Sample Plate on 1 at 7.6 uL/sec
Blowing out at A12 of Sample Plate on 1
Touching tip
Dropping tip into A1 of Opentrons Fixed Trash on 12
Picking up tip from A1 of Opentrons OT-2 96 Filter Tip Rack 200 µL on 11
Aspirating 200.0 uL from A1 of Wash Buffer on 8 at 47.0 uL/sec
Delaying for 0 minutes and 1.0 seconds
Moving to A1 of Wash Buffer on 8
Dispensing 200.0 uL into A1 of Wash Plate 1 on 2 at 47.0 uL/sec
Delaying for 0 minutes and 1.0 seconds
Touching tip
Aspirating 200.0 uL from A1 of Wash Buffer on 8 at 47.0 uL/sec
Delaying for 0 minutes and 1.0 seconds
Moving to A1 of Wash Buffer on 8
Dispensing 200.0 uL into A1 of Wash Plate 1 on 2 at 47.0 uL/sec
Delaying for 0 minutes and 1.0 seconds
Touching tip
Aspirating 200.0 uL from A1 of Wash Buffer on 8 at 47.0 uL/sec
Delaying for 0 minutes and 1.0 seconds
Moving to A1 of Wash Buffer on 8
Dispensing 200.0 uL into A1 of Wash Plate 1 on 2 at 47.0 uL/sec
Delaying for 0 minutes and 1.0 seconds
Touching tip
Aspirating 200.0 uL from A1 of Wash Buffer on 8 at 47.0 uL/sec
Delaying for 0 minutes and 1.0 seconds
Moving to A1 of Wash Buffer on 8
Dispensing 200.0 uL into A1 of Wash Plate 1 on 2 at 47.0 uL/sec
Delaying for 0 minutes and 1.0 seconds
Touching tip
Aspirating 200.0 uL from A1 of Wash Buffer on 8 at 47.0 uL/sec
Delaying for 0 minutes and 1.0 seconds
Moving to A1 of Wash Buffer on 8
Dispensing 200.0 uL into A1 of Wash Plate 1 on 2 at 47.0 uL/sec
Delaying for 0 minutes and 1.0 seconds
Touching tip
Aspirating 200.0 uL from A1 of Wash Buffer on 8 at 47.0 uL/sec
Delaying for 0 minutes and 1.0 seconds
Moving to A1 of Wash Buffer on 8
Dispensing 200.0 uL into A2 of Wash Plate 1 on 2 at 47.0 uL/sec
Delaying for 0 minutes and 1.0 seconds
Touching tip
Aspirating 200.0 uL from A1 of Wash Buffer on 8 at 47.0 uL/sec
Delaying for 0 minutes and 1.0 seconds
Moving to A1 of Wash Buffer on 8
Dispensing 200.0 uL into A2 of Wash Plate 1 on 2 at 47.0 uL/sec
Delaying for 0 minutes and 1.0 seconds
Touching tip
Aspirating 200.0 uL from A1 of Wash Buffer on 8 at 47.0 uL/sec
Delaying for 0 minutes and 1.0 seconds
Moving to A1 of Wash Buffer on 8
Dispensing 200.0 uL into A2 of Wash Plate 1 on 2 at 47.0 uL/sec
Delaying for 0 minutes and 1.0 seconds
Touching tip
Aspirating 200.0 uL from A1 of Wash Buffer on 8 at 47.0 uL/sec
Delaying for 0 minutes and 1.0 seconds
Moving to A1 of Wash Buffer on 8
Dispensing 200.0 uL into A2 of Wash Plate 1 on 2 at 47.0 uL/sec
Delaying for 0 minutes and 1.0 seconds
Touching tip
Aspirating 200.0 uL from A1 of Wash Buffer on 8 at 47.0 uL/sec
Delaying for 0 minutes and 1.0 seconds
Moving to A1 of Wash Buffer on 8
Dispensing 200.0 uL into A2 of Wash Plate 1 on 2 at 47.0 uL/sec
Delaying for 0 minutes and 1.0 seconds
Touching tip
Aspirating 200.0 uL from A1 of Wash Buffer on 8 at 47.0 uL/sec
Delaying for 0 minutes and 1.0 seconds
Moving to A1 of Wash Buffer on 8
Dispensing 200.0 uL into A3 of Wash Plate 1 on 2 at 47.0 uL/sec
Delaying for 0 minutes and 1.0 seconds
Touching tip
Aspirating 200.0 uL from A1 of Wash Buffer on 8 at 47.0 uL/sec
Delaying for 0 minutes and 1.0 seconds
Moving to A1 of Wash Buffer on 8
Dispensing 200.0 uL into A3 of Wash Plate 1 on 2 at 47.0 uL/sec
Delaying for 0 minutes and 1.0 seconds
Touching tip
Aspirating 200.0 uL from A1 of Wash Buffer on 8 at 47.0 uL/sec
Delaying for 0 minutes and 1.0 seconds
Moving to A1 of Wash Buffer on 8
Dispensing 200.0 uL into A3 of Wash Plate 1 on 2 at 47.0 uL/sec
Delaying for 0 minutes and 1.0 seconds
Touching tip
Aspirating 200.0 uL from A1 of Wash Buffer on 8 at 47.0 uL/sec
Delaying for 0 minutes and 1.0 seconds
Moving to A1 of Wash Buffer on 8
Dispensing 200.0 uL into A3 of Wash Plate 1 on 2 at 47.0 uL/sec
Delaying for 0 minutes and 1.0 seconds
Touching tip
Aspirating 200.0 uL from A1 of Wash Buffer on 8 at 47.0 uL/sec
Delaying for 0 minutes and 1.0 seconds
Moving to A1 of Wash Buffer on 8
Dispensing 200.0 uL into A3 of Wash Plate 1 on 2 at 47.0 uL/sec
Delaying for 0 minutes and 1.0 seconds
Touching tip
Aspirating 200.0 uL from A1 of Wash Buffer on 8 at 47.0 uL/sec
Delaying for 0 minutes and 1.0 seconds
Moving to A1 of Wash Buffer on 8
Dispensing 200.0 uL into A4 of Wash Plate 1 on 2 at 47.0 uL/sec
Delaying for 0 minutes and 1.0 seconds
Touching tip
Aspirating 200.0 uL from A1 of Wash Buffer on 8 at 47.0 uL/sec
Delaying for 0 minutes and 1.0 seconds
Moving to A1 of Wash Buffer on 8
Dispensing 200.0 uL into A4 of Wash Plate 1 on 2 at 47.0 uL/sec
Delaying for 0 minutes and 1.0 seconds
Touching tip
Aspirating 200.0 uL from A1 of Wash Buffer on 8 at 47.0 uL/sec
Delaying for 0 minutes and 1.0 seconds
Moving to A1 of Wash Buffer on 8
Dispensing 200.0 uL into A4 of Wash Plate 1 on 2 at 47.0 uL/sec
Delaying for 0 minutes and 1.0 seconds
Touching tip
Aspirating 200.0 uL from A1 of Wash Buffer on 8 at 47.0 uL/sec
Delaying for 0 minutes and 1.0 seconds
Moving to A1 of Wash Buffer on 8
Dispensing 200.0 uL into A4 of Wash Plate 1 on 2 at 47.0 uL/sec
Delaying for 0 minutes and 1.0 seconds
Touching tip
Aspirating 200.0 uL from A1 of Wash Buffer on 8 at 47.0 uL/sec
Delaying for 0 minutes and 1.0 seconds
Moving to A1 of Wash Buffer on 8
Dispensing 200.0 uL into A4 of Wash Plate 1 on 2 at 47.0 uL/sec
Delaying for 0 minutes and 1.0 seconds
Touching tip
Aspirating 200.0 uL from A1 of Wash Buffer on 8 at 47.0 uL/sec
Delaying for 0 minutes and 1.0 seconds
Moving to A1 of Wash Buffer on 8
Dispensing 200.0 uL into A5 of Wash Plate 1 on 2 at 47.0 uL/sec
Delaying for 0 minutes and 1.0 seconds
Touching tip
Aspirating 200.0 uL from A1 of Wash Buffer on 8 at 47.0 uL/sec
Delaying for 0 minutes and 1.0 seconds
Moving to A1 of Wash Buffer on 8
Dispensing 200.0 uL into A5 of Wash Plate 1 on 2 at 47.0 uL/sec
Delaying for 0 minutes and 1.0 seconds
Touching tip
Aspirating 200.0 uL from A1 of Wash Buffer on 8 at 47.0 uL/sec
Delaying for 0 minutes and 1.0 seconds
Moving to A1 of Wash Buffer on 8
Dispensing 200.0 uL into A5 of Wash Plate 1 on 2 at 47.0 uL/sec
Delaying for 0 minutes and 1.0 seconds
Touching tip
Aspirating 200.0 uL from A1 of Wash Buffer on 8 at 47.0 uL/sec
Delaying for 0 minutes and 1.0 seconds
Moving to A1 of Wash Buffer on 8
Dispensing 200.0 uL into A5 of Wash Plate 1 on 2 at 47.0 uL/sec
Delaying for 0 minutes and 1.0 seconds
Touching tip
Aspirating 200.0 uL from A1 of Wash Buffer on 8 at 47.0 uL/sec
Delaying for 0 minutes and 1.0 seconds
Moving to A1 of Wash Buffer on 8
Dispensing 200.0 uL into A5 of Wash Plate 1 on 2 at 47.0 uL/sec
Delaying for 0 minutes and 1.0 seconds
Touching tip
Aspirating 200.0 uL from A1 of Wash Buffer on 8 at 47.0 uL/sec
Delaying for 0 minutes and 1.0 seconds
Moving to A1 of Wash Buffer on 8
Dispensing 200.0 uL into A6 of Wash Plate 1 on 2 at 47.0 uL/sec
Delaying for 0 minutes and 1.0 seconds
Touching tip
Aspirating 200.0 uL from A1 of Wash Buffer on 8 at 47.0 uL/sec
Delaying for 0 minutes and 1.0 seconds
Moving to A1 of Wash Buffer on 8
Dispensing 200.0 uL into A6 of Wash Plate 1 on 2 at 47.0 uL/sec
Delaying for 0 minutes and 1.0 seconds
Touching tip
Aspirating 200.0 uL from A1 of Wash Buffer on 8 at 47.0 uL/sec
Delaying for 0 minutes and 1.0 seconds
Moving to A1 of Wash Buffer on 8
Dispensing 200.0 uL into A6 of Wash Plate 1 on 2 at 47.0 uL/sec
Delaying for 0 minutes and 1.0 seconds
Touching tip
Aspirating 200.0 uL from A1 of Wash Buffer on 8 at 47.0 uL/sec
Delaying for 0 minutes and 1.0 seconds
Moving to A1 of Wash Buffer on 8
Dispensing 200.0 uL into A6 of Wash Plate 1 on 2 at 47.0 uL/sec
Delaying for 0 minutes and 1.0 seconds
Touching tip
Aspirating 200.0 uL from A1 of Wash Buffer on 8 at 47.0 uL/sec
Delaying for 0 minutes and 1.0 seconds
Moving to A1 of Wash Buffer on 8
Dispensing 200.0 uL into A6 of Wash Plate 1 on 2 at 47.0 uL/sec
Delaying for 0 minutes and 1.0 seconds
Touching tip
Aspirating 200.0 uL from A1 of Wash Buffer on 8 at 47.0 uL/sec
Delaying for 0 minutes and 1.0 seconds
Moving to A1 of Wash Buffer on 8
Dispensing 200.0 uL into A7 of Wash Plate 1 on 2 at 47.0 uL/sec
Delaying for 0 minutes and 1.0 seconds
Touching tip
Aspirating 200.0 uL from A1 of Wash Buffer on 8 at 47.0 uL/sec
Delaying for 0 minutes and 1.0 seconds
Moving to A1 of Wash Buffer on 8
Dispensing 200.0 uL into A7 of Wash Plate 1 on 2 at 47.0 uL/sec
Delaying for 0 minutes and 1.0 seconds
Touching tip
Aspirating 200.0 uL from A1 of Wash Buffer on 8 at 47.0 uL/sec
Delaying for 0 minutes and 1.0 seconds
Moving to A1 of Wash Buffer on 8
Dispensing 200.0 uL into A7 of Wash Plate 1 on 2 at 47.0 uL/sec
Delaying for 0 minutes and 1.0 seconds
Touching tip
Aspirating 200.0 uL from A1 of Wash Buffer on 8 at 47.0 uL/sec
Delaying for 0 minutes and 1.0 seconds
Moving to A1 of Wash Buffer on 8
Dispensing 200.0 uL into A7 of Wash Plate 1 on 2 at 47.0 uL/sec
Delaying for 0 minutes and 1.0 seconds
Touching tip
Aspirating 200.0 uL from A1 of Wash Buffer on 8 at 47.0 uL/sec
Delaying for 0 minutes and 1.0 seconds
Moving to A1 of Wash Buffer on 8
Dispensing 200.0 uL into A7 of Wash Plate 1 on 2 at 47.0 uL/sec
Delaying for 0 minutes and 1.0 seconds
Touching tip
Aspirating 200.0 uL from A1 of Wash Buffer on 8 at 47.0 uL/sec
Delaying for 0 minutes and 1.0 seconds
Moving to A1 of Wash Buffer on 8
Dispensing 200.0 uL into A8 of Wash Plate 1 on 2 at 47.0 uL/sec
Delaying for 0 minutes and 1.0 seconds
Touching tip
Aspirating 200.0 uL from A1 of Wash Buffer on 8 at 47.0 uL/sec
Delaying for 0 minutes and 1.0 seconds
Moving to A1 of Wash Buffer on 8
Dispensing 200.0 uL into A8 of Wash Plate 1 on 2 at 47.0 uL/sec
Delaying for 0 minutes and 1.0 seconds
Touching tip
Aspirating 200.0 uL from A1 of Wash Buffer on 8 at 47.0 uL/sec
Delaying for 0 minutes and 1.0 seconds
Moving to A1 of Wash Buffer on 8
Dispensing 200.0 uL into A8 of Wash Plate 1 on 2 at 47.0 uL/sec
Delaying for 0 minutes and 1.0 seconds
Touching tip
Aspirating 200.0 uL from A1 of Wash Buffer on 8 at 47.0 uL/sec
Delaying for 0 minutes and 1.0 seconds
Moving to A1 of Wash Buffer on 8
Dispensing 200.0 uL into A8 of Wash Plate 1 on 2 at 47.0 uL/sec
Delaying for 0 minutes and 1.0 seconds
Touching tip
Aspirating 200.0 uL from A1 of Wash Buffer on 8 at 47.0 uL/sec
Delaying for 0 minutes and 1.0 seconds
Moving to A1 of Wash Buffer on 8
Dispensing 200.0 uL into A8 of Wash Plate 1 on 2 at 47.0 uL/sec
Delaying for 0 minutes and 1.0 seconds
Touching tip
Aspirating 200.0 uL from A1 of Wash Buffer on 8 at 47.0 uL/sec
Delaying for 0 minutes and 1.0 seconds
Moving to A1 of Wash Buffer on 8
Dispensing 200.0 uL into A9 of Wash Plate 1 on 2 at 47.0 uL/sec
Delaying for 0 minutes and 1.0 seconds
Touching tip
Aspirating 200.0 uL from A1 of Wash Buffer on 8 at 47.0 uL/sec
Delaying for 0 minutes and 1.0 seconds
Moving to A1 of Wash Buffer on 8
Dispensing 200.0 uL into A9 of Wash Plate 1 on 2 at 47.0 uL/sec
Delaying for 0 minutes and 1.0 seconds
Touching tip
Aspirating 200.0 uL from A1 of Wash Buffer on 8 at 47.0 uL/sec
Delaying for 0 minutes and 1.0 seconds
Moving to A1 of Wash Buffer on 8
Dispensing 200.0 uL into A9 of Wash Plate 1 on 2 at 47.0 uL/sec
Delaying for 0 minutes and 1.0 seconds
Touching tip
Aspirating 200.0 uL from A1 of Wash Buffer on 8 at 47.0 uL/sec
Delaying for 0 minutes and 1.0 seconds
Moving to A1 of Wash Buffer on 8
Dispensing 200.0 uL into A9 of Wash Plate 1 on 2 at 47.0 uL/sec
Delaying for 0 minutes and 1.0 seconds
Touching tip
Aspirating 200.0 uL from A1 of Wash Buffer on 8 at 47.0 uL/sec
Delaying for 0 minutes and 1.0 seconds
Moving to A1 of Wash Buffer on 8
Dispensing 200.0 uL into A9 of Wash Plate 1 on 2 at 47.0 uL/sec
Delaying for 0 minutes and 1.0 seconds
Touching tip
Aspirating 200.0 uL from A1 of Wash Buffer on 8 at 47.0 uL/sec
Delaying for 0 minutes and 1.0 seconds
Moving to A1 of Wash Buffer on 8
Dispensing 200.0 uL into A10 of Wash Plate 1 on 2 at 47.0 uL/sec
Delaying for 0 minutes and 1.0 seconds
Touching tip
Aspirating 200.0 uL from A1 of Wash Buffer on 8 at 47.0 uL/sec
Delaying for 0 minutes and 1.0 seconds
Moving to A1 of Wash Buffer on 8
Dispensing 200.0 uL into A10 of Wash Plate 1 on 2 at 47.0 uL/sec
Delaying for 0 minutes and 1.0 seconds
Touching tip
Aspirating 200.0 uL from A1 of Wash Buffer on 8 at 47.0 uL/sec
Delaying for 0 minutes and 1.0 seconds
Moving to A1 of Wash Buffer on 8
Dispensing 200.0 uL into A10 of Wash Plate 1 on 2 at 47.0 uL/sec
Delaying for 0 minutes and 1.0 seconds
Touching tip
Aspirating 200.0 uL from A1 of Wash Buffer on 8 at 47.0 uL/sec
Delaying for 0 minutes and 1.0 seconds
Moving to A1 of Wash Buffer on 8
Dispensing 200.0 uL into A10 of Wash Plate 1 on 2 at 47.0 uL/sec
Delaying for 0 minutes and 1.0 seconds
Touching tip
Aspirating 200.0 uL from A1 of Wash Buffer on 8 at 47.0 uL/sec
Delaying for 0 minutes and 1.0 seconds
Moving to A1 of Wash Buffer on 8
Dispensing 200.0 uL into A10 of Wash Plate 1 on 2 at 47.0 uL/sec
Delaying for 0 minutes and 1.0 seconds
Touching tip
Aspirating 200.0 uL from A1 of Wash Buffer on 8 at 47.0 uL/sec
Delaying for 0 minutes and 1.0 seconds
Moving to A1 of Wash Buffer on 8
Dispensing 200.0 uL into A11 of Wash Plate 1 on 2 at 47.0 uL/sec
Delaying for 0 minutes and 1.0 seconds
Touching tip
Aspirating 200.0 uL from A1 of Wash Buffer on 8 at 47.0 uL/sec
Delaying for 0 minutes and 1.0 seconds
Moving to A1 of Wash Buffer on 8
Dispensing 200.0 uL into A11 of Wash Plate 1 on 2 at 47.0 uL/sec
Delaying for 0 minutes and 1.0 seconds
Touching tip
Aspirating 200.0 uL from A1 of Wash Buffer on 8 at 47.0 uL/sec
Delaying for 0 minutes and 1.0 seconds
Moving to A1 of Wash Buffer on 8
Dispensing 200.0 uL into A11 of Wash Plate 1 on 2 at 47.0 uL/sec
Delaying for 0 minutes and 1.0 seconds
Touching tip
Aspirating 200.0 uL from A1 of Wash Buffer on 8 at 47.0 uL/sec
Delaying for 0 minutes and 1.0 seconds
Moving to A1 of Wash Buffer on 8
Dispensing 200.0 uL into A11 of Wash Plate 1 on 2 at 47.0 uL/sec
Delaying for 0 minutes and 1.0 seconds
Touching tip
Aspirating 200.0 uL from A1 of Wash Buffer on 8 at 47.0 uL/sec
Delaying for 0 minutes and 1.0 seconds
Moving to A1 of Wash Buffer on 8
Dispensing 200.0 uL into A11 of Wash Plate 1 on 2 at 47.0 uL/sec
Delaying for 0 minutes and 1.0 seconds
Touching tip
Aspirating 200.0 uL from A1 of Wash Buffer on 8 at 47.0 uL/sec
Delaying for 0 minutes and 1.0 seconds
Moving to A1 of Wash Buffer on 8
Dispensing 200.0 uL into A12 of Wash Plate 1 on 2 at 47.0 uL/sec
Delaying for 0 minutes and 1.0 seconds
Touching tip
Aspirating 200.0 uL from A1 of Wash Buffer on 8 at 47.0 uL/sec
Delaying for 0 minutes and 1.0 seconds
Moving to A1 of Wash Buffer on 8
Dispensing 200.0 uL into A12 of Wash Plate 1 on 2 at 47.0 uL/sec
Delaying for 0 minutes and 1.0 seconds
Touching tip
Aspirating 200.0 uL from A1 of Wash Buffer on 8 at 47.0 uL/sec
Delaying for 0 minutes and 1.0 seconds
Moving to A1 of Wash Buffer on 8
Dispensing 200.0 uL into A12 of Wash Plate 1 on 2 at 47.0 uL/sec
Delaying for 0 minutes and 1.0 seconds
Touching tip
Aspirating 200.0 uL from A1 of Wash Buffer on 8 at 47.0 uL/sec
Delaying for 0 minutes and 1.0 seconds
Moving to A1 of Wash Buffer on 8
Dispensing 200.0 uL into A12 of Wash Plate 1 on 2 at 47.0 uL/sec
Delaying for 0 minutes and 1.0 seconds
Touching tip
Aspirating 200.0 uL from A1 of Wash Buffer on 8 at 47.0 uL/sec
Delaying for 0 minutes and 1.0 seconds
Moving to A1 of Wash Buffer on 8
Dispensing 200.0 uL into A12 of Wash Plate 1 on 2 at 47.0 uL/sec
Delaying for 0 minutes and 1.0 seconds
Touching tip
Dropping tip into A1 of Opentrons Fixed Trash on 12
Picking up tip from A2 of Opentrons OT-2 96 Filter Tip Rack 200 µL on 11
Aspirating 166.66666666666666 uL from A1 of 80 Percent EtOH on 9 at 94.0 uL/sec
Air gap
	Aspirating 20.0 uL from A1 of 80 Percent EtOH on 9 at 94.0 uL/sec
Dispensing 186.66666666666666 uL into A1 of Wash Plate 2 on 3 at 94.0 uL/sec
Moving to A1 of Wash Plate 2 on 3
Delaying for 0 minutes and 0.5 seconds
Touching tip
Aspirating 166.66666666666666 uL from A1 of 80 Percent EtOH on 9 at 94.0 uL/sec
Air gap
	Aspirating 20.0 uL from A1 of 80 Percent EtOH on 9 at 94.0 uL/sec
Dispensing 186.66666666666666 uL into A1 of Wash Plate 2 on 3 at 94.0 uL/sec
Moving to A1 of Wash Plate 2 on 3
Delaying for 0 minutes and 0.5 seconds
Touching tip
Aspirating 166.66666666666666 uL from A1 of 80 Percent EtOH on 9 at 94.0 uL/sec
Air gap
	Aspirating 20.0 uL from A1 of 80 Percent EtOH on 9 at 94.0 uL/sec
Dispensing 186.66666666666666 uL into A1 of Wash Plate 2 on 3 at 94.0 uL/sec
Moving to A1 of Wash Plate 2 on 3
Delaying for 0 minutes and 0.5 seconds
Touching tip
Aspirating 166.66666666666666 uL from A1 of 80 Percent EtOH on 9 at 94.0 uL/sec
Air gap
	Aspirating 20.0 uL from A1 of 80 Percent EtOH on 9 at 94.0 uL/sec
Dispensing 186.66666666666666 uL into A1 of Wash Plate 2 on 3 at 94.0 uL/sec
Moving to A1 of Wash Plate 2 on 3
Delaying for 0 minutes and 0.5 seconds
Touching tip
Aspirating 166.66666666666666 uL from A1 of 80 Percent EtOH on 9 at 94.0 uL/sec
Air gap
	Aspirating 20.0 uL from A1 of 80 Percent EtOH on 9 at 94.0 uL/sec
Dispensing 186.66666666666666 uL into A1 of Wash Plate 2 on 3 at 94.0 uL/sec
Moving to A1 of Wash Plate 2 on 3
Delaying for 0 minutes and 0.5 seconds
Touching tip
Aspirating 166.66666666666666 uL from A1 of 80 Percent EtOH on 9 at 94.0 uL/sec
Air gap
	Aspirating 20.0 uL from A1 of 80 Percent EtOH on 9 at 94.0 uL/sec
Dispensing 186.66666666666666 uL into A1 of Wash Plate 2 on 3 at 94.0 uL/sec
Moving to A1 of Wash Plate 2 on 3
Delaying for 0 minutes and 0.5 seconds
Touching tip
Aspirating 166.66666666666666 uL from A1 of 80 Percent EtOH on 9 at 94.0 uL/sec
Air gap
	Aspirating 20.0 uL from A1 of 80 Percent EtOH on 9 at 94.0 uL/sec
Dispensing 186.66666666666666 uL into A2 of Wash Plate 2 on 3 at 94.0 uL/sec
Moving to A2 of Wash Plate 2 on 3
Delaying for 0 minutes and 0.5 seconds
Touching tip
Aspirating 166.66666666666666 uL from A1 of 80 Percent EtOH on 9 at 94.0 uL/sec
Air gap
	Aspirating 20.0 uL from A1 of 80 Percent EtOH on 9 at 94.0 uL/sec
Dispensing 186.66666666666666 uL into A2 of Wash Plate 2 on 3 at 94.0 uL/sec
Moving to A2 of Wash Plate 2 on 3
Delaying for 0 minutes and 0.5 seconds
Touching tip
Aspirating 166.66666666666666 uL from A1 of 80 Percent EtOH on 9 at 94.0 uL/sec
Air gap
	Aspirating 20.0 uL from A1 of 80 Percent EtOH on 9 at 94.0 uL/sec
Dispensing 186.66666666666666 uL into A2 of Wash Plate 2 on 3 at 94.0 uL/sec
Moving to A2 of Wash Plate 2 on 3
Delaying for 0 minutes and 0.5 seconds
Touching tip
Aspirating 166.66666666666666 uL from A1 of 80 Percent EtOH on 9 at 94.0 uL/sec
Air gap
	Aspirating 20.0 uL from A1 of 80 Percent EtOH on 9 at 94.0 uL/sec
Dispensing 186.66666666666666 uL into A2 of Wash Plate 2 on 3 at 94.0 uL/sec
Moving to A2 of Wash Plate 2 on 3
Delaying for 0 minutes and 0.5 seconds
Touching tip
Aspirating 166.66666666666666 uL from A1 of 80 Percent EtOH on 9 at 94.0 uL/sec
Air gap
	Aspirating 20.0 uL from A1 of 80 Percent EtOH on 9 at 94.0 uL/sec
Dispensing 186.66666666666666 uL into A2 of Wash Plate 2 on 3 at 94.0 uL/sec
Moving to A2 of Wash Plate 2 on 3
Delaying for 0 minutes and 0.5 seconds
Touching tip
Aspirating 166.66666666666666 uL from A1 of 80 Percent EtOH on 9 at 94.0 uL/sec
Air gap
	Aspirating 20.0 uL from A1 of 80 Percent EtOH on 9 at 94.0 uL/sec
Dispensing 186.66666666666666 uL into A2 of Wash Plate 2 on 3 at 94.0 uL/sec
Moving to A2 of Wash Plate 2 on 3
Delaying for 0 minutes and 0.5 seconds
Touching tip
Aspirating 166.66666666666666 uL from A1 of 80 Percent EtOH on 9 at 94.0 uL/sec
Air gap
	Aspirating 20.0 uL from A1 of 80 Percent EtOH on 9 at 94.0 uL/sec
Dispensing 186.66666666666666 uL into A3 of Wash Plate 2 on 3 at 94.0 uL/sec
Moving to A3 of Wash Plate 2 on 3
Delaying for 0 minutes and 0.5 seconds
Touching tip
Aspirating 166.66666666666666 uL from A1 of 80 Percent EtOH on 9 at 94.0 uL/sec
Air gap
	Aspirating 20.0 uL from A1 of 80 Percent EtOH on 9 at 94.0 uL/sec
Dispensing 186.66666666666666 uL into A3 of Wash Plate 2 on 3 at 94.0 uL/sec
Moving to A3 of Wash Plate 2 on 3
Delaying for 0 minutes and 0.5 seconds
Touching tip
Aspirating 166.66666666666666 uL from A1 of 80 Percent EtOH on 9 at 94.0 uL/sec
Air gap
	Aspirating 20.0 uL from A1 of 80 Percent EtOH on 9 at 94.0 uL/sec
Dispensing 186.66666666666666 uL into A3 of Wash Plate 2 on 3 at 94.0 uL/sec
Moving to A3 of Wash Plate 2 on 3
Delaying for 0 minutes and 0.5 seconds
Touching tip
Aspirating 166.66666666666666 uL from A1 of 80 Percent EtOH on 9 at 94.0 uL/sec
Air gap
	Aspirating 20.0 uL from A1 of 80 Percent EtOH on 9 at 94.0 uL/sec
Dispensing 186.66666666666666 uL into A3 of Wash Plate 2 on 3 at 94.0 uL/sec
Moving to A3 of Wash Plate 2 on 3
Delaying for 0 minutes and 0.5 seconds
Touching tip
Aspirating 166.66666666666666 uL from A1 of 80 Percent EtOH on 9 at 94.0 uL/sec
Air gap
	Aspirating 20.0 uL from A1 of 80 Percent EtOH on 9 at 94.0 uL/sec
Dispensing 186.66666666666666 uL into A3 of Wash Plate 2 on 3 at 94.0 uL/sec
Moving to A3 of Wash Plate 2 on 3
Delaying for 0 minutes and 0.5 seconds
Touching tip
Aspirating 166.66666666666666 uL from A1 of 80 Percent EtOH on 9 at 94.0 uL/sec
Air gap
	Aspirating 20.0 uL from A1 of 80 Percent EtOH on 9 at 94.0 uL/sec
Dispensing 186.66666666666666 uL into A3 of Wash Plate 2 on 3 at 94.0 uL/sec
Moving to A3 of Wash Plate 2 on 3
Delaying for 0 minutes and 0.5 seconds
Touching tip
Aspirating 166.66666666666666 uL from A1 of 80 Percent EtOH on 9 at 94.0 uL/sec
Air gap
	Aspirating 20.0 uL from A1 of 80 Percent EtOH on 9 at 94.0 uL/sec
Dispensing 186.66666666666666 uL into A4 of Wash Plate 2 on 3 at 94.0 uL/sec
Moving to A4 of Wash Plate 2 on 3
Delaying for 0 minutes and 0.5 seconds
Touching tip
Aspirating 166.66666666666666 uL from A1 of 80 Percent EtOH on 9 at 94.0 uL/sec
Air gap
	Aspirating 20.0 uL from A1 of 80 Percent EtOH on 9 at 94.0 uL/sec
Dispensing 186.66666666666666 uL into A4 of Wash Plate 2 on 3 at 94.0 uL/sec
Moving to A4 of Wash Plate 2 on 3
Delaying for 0 minutes and 0.5 seconds
Touching tip
Aspirating 166.66666666666666 uL from A1 of 80 Percent EtOH on 9 at 94.0 uL/sec
Air gap
	Aspirating 20.0 uL from A1 of 80 Percent EtOH on 9 at 94.0 uL/sec
Dispensing 186.66666666666666 uL into A4 of Wash Plate 2 on 3 at 94.0 uL/sec
Moving to A4 of Wash Plate 2 on 3
Delaying for 0 minutes and 0.5 seconds
Touching tip
Aspirating 166.66666666666666 uL from A1 of 80 Percent EtOH on 9 at 94.0 uL/sec
Air gap
	Aspirating 20.0 uL from A1 of 80 Percent EtOH on 9 at 94.0 uL/sec
Dispensing 186.66666666666666 uL into A4 of Wash Plate 2 on 3 at 94.0 uL/sec
Moving to A4 of Wash Plate 2 on 3
Delaying for 0 minutes and 0.5 seconds
Touching tip
Aspirating 166.66666666666666 uL from A1 of 80 Percent EtOH on 9 at 94.0 uL/sec
Air gap
	Aspirating 20.0 uL from A1 of 80 Percent EtOH on 9 at 94.0 uL/sec
Dispensing 186.66666666666666 uL into A4 of Wash Plate 2 on 3 at 94.0 uL/sec
Moving to A4 of Wash Plate 2 on 3
Delaying for 0 minutes and 0.5 seconds
Touching tip
Aspirating 166.66666666666666 uL from A1 of 80 Percent EtOH on 9 at 94.0 uL/sec
Air gap
	Aspirating 20.0 uL from A1 of 80 Percent EtOH on 9 at 94.0 uL/sec
Dispensing 186.66666666666666 uL into A4 of Wash Plate 2 on 3 at 94.0 uL/sec
Moving to A4 of Wash Plate 2 on 3
Delaying for 0 minutes and 0.5 seconds
Touching tip
Aspirating 166.66666666666666 uL from A1 of 80 Percent EtOH on 9 at 94.0 uL/sec
Air gap
	Aspirating 20.0 uL from A1 of 80 Percent EtOH on 9 at 94.0 uL/sec
Dispensing 186.66666666666666 uL into A5 of Wash Plate 2 on 3 at 94.0 uL/sec
Moving to A5 of Wash Plate 2 on 3
Delaying for 0 minutes and 0.5 seconds
Touching tip
Aspirating 166.66666666666666 uL from A1 of 80 Percent EtOH on 9 at 94.0 uL/sec
Air gap
	Aspirating 20.0 uL from A1 of 80 Percent EtOH on 9 at 94.0 uL/sec
Dispensing 186.66666666666666 uL into A5 of Wash Plate 2 on 3 at 94.0 uL/sec
Moving to A5 of Wash Plate 2 on 3
Delaying for 0 minutes and 0.5 seconds
Touching tip
Aspirating 166.66666666666666 uL from A1 of 80 Percent EtOH on 9 at 94.0 uL/sec
Air gap
	Aspirating 20.0 uL from A1 of 80 Percent EtOH on 9 at 94.0 uL/sec
Dispensing 186.66666666666666 uL into A5 of Wash Plate 2 on 3 at 94.0 uL/sec
Moving to A5 of Wash Plate 2 on 3
Delaying for 0 minutes and 0.5 seconds
Touching tip
Aspirating 166.66666666666666 uL from A1 of 80 Percent EtOH on 9 at 94.0 uL/sec
Air gap
	Aspirating 20.0 uL from A1 of 80 Percent EtOH on 9 at 94.0 uL/sec
Dispensing 186.66666666666666 uL into A5 of Wash Plate 2 on 3 at 94.0 uL/sec
Moving to A5 of Wash Plate 2 on 3
Delaying for 0 minutes and 0.5 seconds
Touching tip
Aspirating 166.66666666666666 uL from A1 of 80 Percent EtOH on 9 at 94.0 uL/sec
Air gap
	Aspirating 20.0 uL from A1 of 80 Percent EtOH on 9 at 94.0 uL/sec
Dispensing 186.66666666666666 uL into A5 of Wash Plate 2 on 3 at 94.0 uL/sec
Moving to A5 of Wash Plate 2 on 3
Delaying for 0 minutes and 0.5 seconds
Touching tip
Aspirating 166.66666666666666 uL from A1 of 80 Percent EtOH on 9 at 94.0 uL/sec
Air gap
	Aspirating 20.0 uL from A1 of 80 Percent EtOH on 9 at 94.0 uL/sec
Dispensing 186.66666666666666 uL into A5 of Wash Plate 2 on 3 at 94.0 uL/sec
Moving to A5 of Wash Plate 2 on 3
Delaying for 0 minutes and 0.5 seconds
Touching tip
Aspirating 166.66666666666666 uL from A1 of 80 Percent EtOH on 9 at 94.0 uL/sec
Air gap
	Aspirating 20.0 uL from A1 of 80 Percent EtOH on 9 at 94.0 uL/sec
Dispensing 186.66666666666666 uL into A6 of Wash Plate 2 on 3 at 94.0 uL/sec
Moving to A6 of Wash Plate 2 on 3
Delaying for 0 minutes and 0.5 seconds
Touching tip
Aspirating 166.66666666666666 uL from A1 of 80 Percent EtOH on 9 at 94.0 uL/sec
Air gap
	Aspirating 20.0 uL from A1 of 80 Percent EtOH on 9 at 94.0 uL/sec
Dispensing 186.66666666666666 uL into A6 of Wash Plate 2 on 3 at 94.0 uL/sec
Moving to A6 of Wash Plate 2 on 3
Delaying for 0 minutes and 0.5 seconds
Touching tip
Aspirating 166.66666666666666 uL from A1 of 80 Percent EtOH on 9 at 94.0 uL/sec
Air gap
	Aspirating 20.0 uL from A1 of 80 Percent EtOH on 9 at 94.0 uL/sec
Dispensing 186.66666666666666 uL into A6 of Wash Plate 2 on 3 at 94.0 uL/sec
Moving to A6 of Wash Plate 2 on 3
Delaying for 0 minutes and 0.5 seconds
Touching tip
Aspirating 166.66666666666666 uL from A1 of 80 Percent EtOH on 9 at 94.0 uL/sec
Air gap
	Aspirating 20.0 uL from A1 of 80 Percent EtOH on 9 at 94.0 uL/sec
Dispensing 186.66666666666666 uL into A6 of Wash Plate 2 on 3 at 94.0 uL/sec
Moving to A6 of Wash Plate 2 on 3
Delaying for 0 minutes and 0.5 seconds
Touching tip
Aspirating 166.66666666666666 uL from A1 of 80 Percent EtOH on 9 at 94.0 uL/sec
Air gap
	Aspirating 20.0 uL from A1 of 80 Percent EtOH on 9 at 94.0 uL/sec
Dispensing 186.66666666666666 uL into A6 of Wash Plate 2 on 3 at 94.0 uL/sec
Moving to A6 of Wash Plate 2 on 3
Delaying for 0 minutes and 0.5 seconds
Touching tip
Aspirating 166.66666666666666 uL from A1 of 80 Percent EtOH on 9 at 94.0 uL/sec
Air gap
	Aspirating 20.0 uL from A1 of 80 Percent EtOH on 9 at 94.0 uL/sec
Dispensing 186.66666666666666 uL into A6 of Wash Plate 2 on 3 at 94.0 uL/sec
Moving to A6 of Wash Plate 2 on 3
Delaying for 0 minutes and 0.5 seconds
Touching tip
Aspirating 166.66666666666666 uL from A1 of 80 Percent EtOH on 9 at 94.0 uL/sec
Air gap
	Aspirating 20.0 uL from A1 of 80 Percent EtOH on 9 at 94.0 uL/sec
Dispensing 186.66666666666666 uL into A7 of Wash Plate 2 on 3 at 94.0 uL/sec
Moving to A7 of Wash Plate 2 on 3
Delaying for 0 minutes and 0.5 seconds
Touching tip
Aspirating 166.66666666666666 uL from A1 of 80 Percent EtOH on 9 at 94.0 uL/sec
Air gap
	Aspirating 20.0 uL from A1 of 80 Percent EtOH on 9 at 94.0 uL/sec
Dispensing 186.66666666666666 uL into A7 of Wash Plate 2 on 3 at 94.0 uL/sec
Moving to A7 of Wash Plate 2 on 3
Delaying for 0 minutes and 0.5 seconds
Touching tip
Aspirating 166.66666666666666 uL from A1 of 80 Percent EtOH on 9 at 94.0 uL/sec
Air gap
	Aspirating 20.0 uL from A1 of 80 Percent EtOH on 9 at 94.0 uL/sec
Dispensing 186.66666666666666 uL into A7 of Wash Plate 2 on 3 at 94.0 uL/sec
Moving to A7 of Wash Plate 2 on 3
Delaying for 0 minutes and 0.5 seconds
Touching tip
Aspirating 166.66666666666666 uL from A1 of 80 Percent EtOH on 9 at 94.0 uL/sec
Air gap
	Aspirating 20.0 uL from A1 of 80 Percent EtOH on 9 at 94.0 uL/sec
Dispensing 186.66666666666666 uL into A7 of Wash Plate 2 on 3 at 94.0 uL/sec
Moving to A7 of Wash Plate 2 on 3
Delaying for 0 minutes and 0.5 seconds
Touching tip
Aspirating 166.66666666666666 uL from A1 of 80 Percent EtOH on 9 at 94.0 uL/sec
Air gap
	Aspirating 20.0 uL from A1 of 80 Percent EtOH on 9 at 94.0 uL/sec
Dispensing 186.66666666666666 uL into A7 of Wash Plate 2 on 3 at 94.0 uL/sec
Moving to A7 of Wash Plate 2 on 3
Delaying for 0 minutes and 0.5 seconds
Touching tip
Aspirating 166.66666666666666 uL from A1 of 80 Percent EtOH on 9 at 94.0 uL/sec
Air gap
	Aspirating 20.0 uL from A1 of 80 Percent EtOH on 9 at 94.0 uL/sec
Dispensing 186.66666666666666 uL into A7 of Wash Plate 2 on 3 at 94.0 uL/sec
Moving to A7 of Wash Plate 2 on 3
Delaying for 0 minutes and 0.5 seconds
Touching tip
Aspirating 166.66666666666666 uL from A1 of 80 Percent EtOH on 9 at 94.0 uL/sec
Air gap
	Aspirating 20.0 uL from A1 of 80 Percent EtOH on 9 at 94.0 uL/sec
Dispensing 186.66666666666666 uL into A8 of Wash Plate 2 on 3 at 94.0 uL/sec
Moving to A8 of Wash Plate 2 on 3
Delaying for 0 minutes and 0.5 seconds
Touching tip
Aspirating 166.66666666666666 uL from A1 of 80 Percent EtOH on 9 at 94.0 uL/sec
Air gap
	Aspirating 20.0 uL from A1 of 80 Percent EtOH on 9 at 94.0 uL/sec
Dispensing 186.66666666666666 uL into A8 of Wash Plate 2 on 3 at 94.0 uL/sec
Moving to A8 of Wash Plate 2 on 3
Delaying for 0 minutes and 0.5 seconds
Touching tip
Aspirating 166.66666666666666 uL from A1 of 80 Percent EtOH on 9 at 94.0 uL/sec
Air gap
	Aspirating 20.0 uL from A1 of 80 Percent EtOH on 9 at 94.0 uL/sec
Dispensing 186.66666666666666 uL into A8 of Wash Plate 2 on 3 at 94.0 uL/sec
Moving to A8 of Wash Plate 2 on 3
Delaying for 0 minutes and 0.5 seconds
Touching tip
Aspirating 166.66666666666666 uL from A1 of 80 Percent EtOH on 9 at 94.0 uL/sec
Air gap
	Aspirating 20.0 uL from A1 of 80 Percent EtOH on 9 at 94.0 uL/sec
Dispensing 186.66666666666666 uL into A8 of Wash Plate 2 on 3 at 94.0 uL/sec
Moving to A8 of Wash Plate 2 on 3
Delaying for 0 minutes and 0.5 seconds
Touching tip
Aspirating 166.66666666666666 uL from A1 of 80 Percent EtOH on 9 at 94.0 uL/sec
Air gap
	Aspirating 20.0 uL from A1 of 80 Percent EtOH on 9 at 94.0 uL/sec
Dispensing 186.66666666666666 uL into A8 of Wash Plate 2 on 3 at 94.0 uL/sec
Moving to A8 of Wash Plate 2 on 3
Delaying for 0 minutes and 0.5 seconds
Touching tip
Aspirating 166.66666666666666 uL from A1 of 80 Percent EtOH on 9 at 94.0 uL/sec
Air gap
	Aspirating 20.0 uL from A1 of 80 Percent EtOH on 9 at 94.0 uL/sec
Dispensing 186.66666666666666 uL into A8 of Wash Plate 2 on 3 at 94.0 uL/sec
Moving to A8 of Wash Plate 2 on 3
Delaying for 0 minutes and 0.5 seconds
Touching tip
Aspirating 166.66666666666666 uL from A1 of 80 Percent EtOH on 9 at 94.0 uL/sec
Air gap
	Aspirating 20.0 uL from A1 of 80 Percent EtOH on 9 at 94.0 uL/sec
Dispensing 186.66666666666666 uL into A9 of Wash Plate 2 on 3 at 94.0 uL/sec
Moving to A9 of Wash Plate 2 on 3
Delaying for 0 minutes and 0.5 seconds
Touching tip
Aspirating 166.66666666666666 uL from A1 of 80 Percent EtOH on 9 at 94.0 uL/sec
Air gap
	Aspirating 20.0 uL from A1 of 80 Percent EtOH on 9 at 94.0 uL/sec
Dispensing 186.66666666666666 uL into A9 of Wash Plate 2 on 3 at 94.0 uL/sec
Moving to A9 of Wash Plate 2 on 3
Delaying for 0 minutes and 0.5 seconds
Touching tip
Aspirating 166.66666666666666 uL from A1 of 80 Percent EtOH on 9 at 94.0 uL/sec
Air gap
	Aspirating 20.0 uL from A1 of 80 Percent EtOH on 9 at 94.0 uL/sec
Dispensing 186.66666666666666 uL into A9 of Wash Plate 2 on 3 at 94.0 uL/sec
Moving to A9 of Wash Plate 2 on 3
Delaying for 0 minutes and 0.5 seconds
Touching tip
Aspirating 166.66666666666666 uL from A1 of 80 Percent EtOH on 9 at 94.0 uL/sec
Air gap
	Aspirating 20.0 uL from A1 of 80 Percent EtOH on 9 at 94.0 uL/sec
Dispensing 186.66666666666666 uL into A9 of Wash Plate 2 on 3 at 94.0 uL/sec
Moving to A9 of Wash Plate 2 on 3
Delaying for 0 minutes and 0.5 seconds
Touching tip
Aspirating 166.66666666666666 uL from A1 of 80 Percent EtOH on 9 at 94.0 uL/sec
Air gap
	Aspirating 20.0 uL from A1 of 80 Percent EtOH on 9 at 94.0 uL/sec
Dispensing 186.66666666666666 uL into A9 of Wash Plate 2 on 3 at 94.0 uL/sec
Moving to A9 of Wash Plate 2 on 3
Delaying for 0 minutes and 0.5 seconds
Touching tip
Aspirating 166.66666666666666 uL from A1 of 80 Percent EtOH on 9 at 94.0 uL/sec
Air gap
	Aspirating 20.0 uL from A1 of 80 Percent EtOH on 9 at 94.0 uL/sec
Dispensing 186.66666666666666 uL into A9 of Wash Plate 2 on 3 at 94.0 uL/sec
Moving to A9 of Wash Plate 2 on 3
Delaying for 0 minutes and 0.5 seconds
Touching tip
Aspirating 166.66666666666666 uL from A1 of 80 Percent EtOH on 9 at 94.0 uL/sec
Air gap
	Aspirating 20.0 uL from A1 of 80 Percent EtOH on 9 at 94.0 uL/sec
Dispensing 186.66666666666666 uL into A10 of Wash Plate 2 on 3 at 94.0 uL/sec
Moving to A10 of Wash Plate 2 on 3
Delaying for 0 minutes and 0.5 seconds
Touching tip
Aspirating 166.66666666666666 uL from A1 of 80 Percent EtOH on 9 at 94.0 uL/sec
Air gap
	Aspirating 20.0 uL from A1 of 80 Percent EtOH on 9 at 94.0 uL/sec
Dispensing 186.66666666666666 uL into A10 of Wash Plate 2 on 3 at 94.0 uL/sec
Moving to A10 of Wash Plate 2 on 3
Delaying for 0 minutes and 0.5 seconds
Touching tip
Aspirating 166.66666666666666 uL from A1 of 80 Percent EtOH on 9 at 94.0 uL/sec
Air gap
	Aspirating 20.0 uL from A1 of 80 Percent EtOH on 9 at 94.0 uL/sec
Dispensing 186.66666666666666 uL into A10 of Wash Plate 2 on 3 at 94.0 uL/sec
Moving to A10 of Wash Plate 2 on 3
Delaying for 0 minutes and 0.5 seconds
Touching tip
Aspirating 166.66666666666666 uL from A1 of 80 Percent EtOH on 9 at 94.0 uL/sec
Air gap
	Aspirating 20.0 uL from A1 of 80 Percent EtOH on 9 at 94.0 uL/sec
Dispensing 186.66666666666666 uL into A10 of Wash Plate 2 on 3 at 94.0 uL/sec
Moving to A10 of Wash Plate 2 on 3
Delaying for 0 minutes and 0.5 seconds
Touching tip
Aspirating 166.66666666666666 uL from A1 of 80 Percent EtOH on 9 at 94.0 uL/sec
Air gap
	Aspirating 20.0 uL from A1 of 80 Percent EtOH on 9 at 94.0 uL/sec
Dispensing 186.66666666666666 uL into A10 of Wash Plate 2 on 3 at 94.0 uL/sec
Moving to A10 of Wash Plate 2 on 3
Delaying for 0 minutes and 0.5 seconds
Touching tip
Aspirating 166.66666666666666 uL from A1 of 80 Percent EtOH on 9 at 94.0 uL/sec
Air gap
	Aspirating 20.0 uL from A1 of 80 Percent EtOH on 9 at 94.0 uL/sec
Dispensing 186.66666666666666 uL into A10 of Wash Plate 2 on 3 at 94.0 uL/sec
Moving to A10 of Wash Plate 2 on 3
Delaying for 0 minutes and 0.5 seconds
Touching tip
Aspirating 166.66666666666666 uL from A1 of 80 Percent EtOH on 9 at 94.0 uL/sec
Air gap
	Aspirating 20.0 uL from A1 of 80 Percent EtOH on 9 at 94.0 uL/sec
Dispensing 186.66666666666666 uL into A11 of Wash Plate 2 on 3 at 94.0 uL/sec
Moving to A11 of Wash Plate 2 on 3
Delaying for 0 minutes and 0.5 seconds
Touching tip
Aspirating 166.66666666666666 uL from A1 of 80 Percent EtOH on 9 at 94.0 uL/sec
Air gap
	Aspirating 20.0 uL from A1 of 80 Percent EtOH on 9 at 94.0 uL/sec
Dispensing 186.66666666666666 uL into A11 of Wash Plate 2 on 3 at 94.0 uL/sec
Moving to A11 of Wash Plate 2 on 3
Delaying for 0 minutes and 0.5 seconds
Touching tip
Aspirating 166.66666666666666 uL from A1 of 80 Percent EtOH on 9 at 94.0 uL/sec
Air gap
	Aspirating 20.0 uL from A1 of 80 Percent EtOH on 9 at 94.0 uL/sec
Dispensing 186.66666666666666 uL into A11 of Wash Plate 2 on 3 at 94.0 uL/sec
Moving to A11 of Wash Plate 2 on 3
Delaying for 0 minutes and 0.5 seconds
Touching tip
Aspirating 166.66666666666666 uL from A1 of 80 Percent EtOH on 9 at 94.0 uL/sec
Air gap
	Aspirating 20.0 uL from A1 of 80 Percent EtOH on 9 at 94.0 uL/sec
Dispensing 186.66666666666666 uL into A11 of Wash Plate 2 on 3 at 94.0 uL/sec
Moving to A11 of Wash Plate 2 on 3
Delaying for 0 minutes and 0.5 seconds
Touching tip
Aspirating 166.66666666666666 uL from A1 of 80 Percent EtOH on 9 at 94.0 uL/sec
Air gap
	Aspirating 20.0 uL from A1 of 80 Percent EtOH on 9 at 94.0 uL/sec
Dispensing 186.66666666666666 uL into A11 of Wash Plate 2 on 3 at 94.0 uL/sec
Moving to A11 of Wash Plate 2 on 3
Delaying for 0 minutes and 0.5 seconds
Touching tip
Aspirating 166.66666666666666 uL from A1 of 80 Percent EtOH on 9 at 94.0 uL/sec
Air gap
	Aspirating 20.0 uL from A1 of 80 Percent EtOH on 9 at 94.0 uL/sec
Dispensing 186.66666666666666 uL into A11 of Wash Plate 2 on 3 at 94.0 uL/sec
Moving to A11 of Wash Plate 2 on 3
Delaying for 0 minutes and 0.5 seconds
Touching tip
Aspirating 166.66666666666666 uL from A1 of 80 Percent EtOH on 9 at 94.0 uL/sec
Air gap
	Aspirating 20.0 uL from A1 of 80 Percent EtOH on 9 at 94.0 uL/sec
Dispensing 186.66666666666666 uL into A12 of Wash Plate 2 on 3 at 94.0 uL/sec
Moving to A12 of Wash Plate 2 on 3
Delaying for 0 minutes and 0.5 seconds
Touching tip
Aspirating 166.66666666666666 uL from A1 of 80 Percent EtOH on 9 at 94.0 uL/sec
Air gap
	Aspirating 20.0 uL from A1 of 80 Percent EtOH on 9 at 94.0 uL/sec
Dispensing 186.66666666666666 uL into A12 of Wash Plate 2 on 3 at 94.0 uL/sec
Moving to A12 of Wash Plate 2 on 3
Delaying for 0 minutes and 0.5 seconds
Touching tip
Aspirating 166.66666666666666 uL from A1 of 80 Percent EtOH on 9 at 94.0 uL/sec
Air gap
	Aspirating 20.0 uL from A1 of 80 Percent EtOH on 9 at 94.0 uL/sec
Dispensing 186.66666666666666 uL into A12 of Wash Plate 2 on 3 at 94.0 uL/sec
Moving to A12 of Wash Plate 2 on 3
Delaying for 0 minutes and 0.5 seconds
Touching tip
Aspirating 166.66666666666666 uL from A1 of 80 Percent EtOH on 9 at 94.0 uL/sec
Air gap
	Aspirating 20.0 uL from A1 of 80 Percent EtOH on 9 at 94.0 uL/sec
Dispensing 186.66666666666666 uL into A12 of Wash Plate 2 on 3 at 94.0 uL/sec
Moving to A12 of Wash Plate 2 on 3
Delaying for 0 minutes and 0.5 seconds
Touching tip
Aspirating 166.66666666666666 uL from A1 of 80 Percent EtOH on 9 at 94.0 uL/sec
Air gap
	Aspirating 20.0 uL from A1 of 80 Percent EtOH on 9 at 94.0 uL/sec
Dispensing 186.66666666666666 uL into A12 of Wash Plate 2 on 3 at 94.0 uL/sec
Moving to A12 of Wash Plate 2 on 3
Delaying for 0 minutes and 0.5 seconds
Touching tip
Aspirating 166.66666666666666 uL from A1 of 80 Percent EtOH on 9 at 94.0 uL/sec
Air gap
	Aspirating 20.0 uL from A1 of 80 Percent EtOH on 9 at 94.0 uL/sec
Dispensing 186.66666666666666 uL into A12 of Wash Plate 2 on 3 at 94.0 uL/sec
Moving to A12 of Wash Plate 2 on 3
Delaying for 0 minutes and 0.5 seconds
Touching tip
Dropping tip into A1 of Opentrons Fixed Trash on 12
Picking up tip from A3 of Opentrons OT-2 96 Filter Tip Rack 200 µL on 11
Aspirating 166.66666666666666 uL from A1 of 80 Percent EtOH on 9 at 94.0 uL/sec
Air gap
	Aspirating 20.0 uL from A1 of 80 Percent EtOH on 9 at 94.0 uL/sec
Dispensing 186.66666666666666 uL into A1 of Wash Plate 3 on 4 at 94.0 uL/sec
Moving to A1 of Wash Plate 3 on 4
Delaying for 0 minutes and 0.5 seconds
Touching tip
Aspirating 166.66666666666666 uL from A1 of 80 Percent EtOH on 9 at 94.0 uL/sec
Air gap
	Aspirating 20.0 uL from A1 of 80 Percent EtOH on 9 at 94.0 uL/sec
Dispensing 186.66666666666666 uL into A1 of Wash Plate 3 on 4 at 94.0 uL/sec
Moving to A1 of Wash Plate 3 on 4
Delaying for 0 minutes and 0.5 seconds
Touching tip
Aspirating 166.66666666666666 uL from A1 of 80 Percent EtOH on 9 at 94.0 uL/sec
Air gap
	Aspirating 20.0 uL from A1 of 80 Percent EtOH on 9 at 94.0 uL/sec
Dispensing 186.66666666666666 uL into A1 of Wash Plate 3 on 4 at 94.0 uL/sec
Moving to A1 of Wash Plate 3 on 4
Delaying for 0 minutes and 0.5 seconds
Touching tip
Aspirating 166.66666666666666 uL from A1 of 80 Percent EtOH on 9 at 94.0 uL/sec
Air gap
	Aspirating 20.0 uL from A1 of 80 Percent EtOH on 9 at 94.0 uL/sec
Dispensing 186.66666666666666 uL into A2 of Wash Plate 3 on 4 at 94.0 uL/sec
Moving to A2 of Wash Plate 3 on 4
Delaying for 0 minutes and 0.5 seconds
Touching tip
Aspirating 166.66666666666666 uL from A1 of 80 Percent EtOH on 9 at 94.0 uL/sec
Air gap
	Aspirating 20.0 uL from A1 of 80 Percent EtOH on 9 at 94.0 uL/sec
Dispensing 186.66666666666666 uL into A2 of Wash Plate 3 on 4 at 94.0 uL/sec
Moving to A2 of Wash Plate 3 on 4
Delaying for 0 minutes and 0.5 seconds
Touching tip
Aspirating 166.66666666666666 uL from A1 of 80 Percent EtOH on 9 at 94.0 uL/sec
Air gap
	Aspirating 20.0 uL from A1 of 80 Percent EtOH on 9 at 94.0 uL/sec
Dispensing 186.66666666666666 uL into A2 of Wash Plate 3 on 4 at 94.0 uL/sec
Moving to A2 of Wash Plate 3 on 4
Delaying for 0 minutes and 0.5 seconds
Touching tip
Aspirating 166.66666666666666 uL from A1 of 80 Percent EtOH on 9 at 94.0 uL/sec
Air gap
	Aspirating 20.0 uL from A1 of 80 Percent EtOH on 9 at 94.0 uL/sec
Dispensing 186.66666666666666 uL into A3 of Wash Plate 3 on 4 at 94.0 uL/sec
Moving to A3 of Wash Plate 3 on 4
Delaying for 0 minutes and 0.5 seconds
Touching tip
Aspirating 166.66666666666666 uL from A1 of 80 Percent EtOH on 9 at 94.0 uL/sec
Air gap
	Aspirating 20.0 uL from A1 of 80 Percent EtOH on 9 at 94.0 uL/sec
Dispensing 186.66666666666666 uL into A3 of Wash Plate 3 on 4 at 94.0 uL/sec
Moving to A3 of Wash Plate 3 on 4
Delaying for 0 minutes and 0.5 seconds
Touching tip
Aspirating 166.66666666666666 uL from A1 of 80 Percent EtOH on 9 at 94.0 uL/sec
Air gap
	Aspirating 20.0 uL from A1 of 80 Percent EtOH on 9 at 94.0 uL/sec
Dispensing 186.66666666666666 uL into A3 of Wash Plate 3 on 4 at 94.0 uL/sec
Moving to A3 of Wash Plate 3 on 4
Delaying for 0 minutes and 0.5 seconds
Touching tip
Aspirating 166.66666666666666 uL from A1 of 80 Percent EtOH on 9 at 94.0 uL/sec
Air gap
	Aspirating 20.0 uL from A1 of 80 Percent EtOH on 9 at 94.0 uL/sec
Dispensing 186.66666666666666 uL into A4 of Wash Plate 3 on 4 at 94.0 uL/sec
Moving to A4 of Wash Plate 3 on 4
Delaying for 0 minutes and 0.5 seconds
Touching tip
Aspirating 166.66666666666666 uL from A1 of 80 Percent EtOH on 9 at 94.0 uL/sec
Air gap
	Aspirating 20.0 uL from A1 of 80 Percent EtOH on 9 at 94.0 uL/sec
Dispensing 186.66666666666666 uL into A4 of Wash Plate 3 on 4 at 94.0 uL/sec
Moving to A4 of Wash Plate 3 on 4
Delaying for 0 minutes and 0.5 seconds
Touching tip
Aspirating 166.66666666666666 uL from A1 of 80 Percent EtOH on 9 at 94.0 uL/sec
Air gap
	Aspirating 20.0 uL from A1 of 80 Percent EtOH on 9 at 94.0 uL/sec
Dispensing 186.66666666666666 uL into A4 of Wash Plate 3 on 4 at 94.0 uL/sec
Moving to A4 of Wash Plate 3 on 4
Delaying for 0 minutes and 0.5 seconds
Touching tip
Aspirating 166.66666666666666 uL from A1 of 80 Percent EtOH on 9 at 94.0 uL/sec
Air gap
	Aspirating 20.0 uL from A1 of 80 Percent EtOH on 9 at 94.0 uL/sec
Dispensing 186.66666666666666 uL into A5 of Wash Plate 3 on 4 at 94.0 uL/sec
Moving to A5 of Wash Plate 3 on 4
Delaying for 0 minutes and 0.5 seconds
Touching tip
Aspirating 166.66666666666666 uL from A1 of 80 Percent EtOH on 9 at 94.0 uL/sec
Air gap
	Aspirating 20.0 uL from A1 of 80 Percent EtOH on 9 at 94.0 uL/sec
Dispensing 186.66666666666666 uL into A5 of Wash Plate 3 on 4 at 94.0 uL/sec
Moving to A5 of Wash Plate 3 on 4
Delaying for 0 minutes and 0.5 seconds
Touching tip
Aspirating 166.66666666666666 uL from A1 of 80 Percent EtOH on 9 at 94.0 uL/sec
Air gap
	Aspirating 20.0 uL from A1 of 80 Percent EtOH on 9 at 94.0 uL/sec
Dispensing 186.66666666666666 uL into A5 of Wash Plate 3 on 4 at 94.0 uL/sec
Moving to A5 of Wash Plate 3 on 4
Delaying for 0 minutes and 0.5 seconds
Touching tip
Aspirating 166.66666666666666 uL from A1 of 80 Percent EtOH on 9 at 94.0 uL/sec
Air gap
	Aspirating 20.0 uL from A1 of 80 Percent EtOH on 9 at 94.0 uL/sec
Dispensing 186.66666666666666 uL into A6 of Wash Plate 3 on 4 at 94.0 uL/sec
Moving to A6 of Wash Plate 3 on 4
Delaying for 0 minutes and 0.5 seconds
Touching tip
Aspirating 166.66666666666666 uL from A1 of 80 Percent EtOH on 9 at 94.0 uL/sec
Air gap
	Aspirating 20.0 uL from A1 of 80 Percent EtOH on 9 at 94.0 uL/sec
Dispensing 186.66666666666666 uL into A6 of Wash Plate 3 on 4 at 94.0 uL/sec
Moving to A6 of Wash Plate 3 on 4
Delaying for 0 minutes and 0.5 seconds
Touching tip
Aspirating 166.66666666666666 uL from A1 of 80 Percent EtOH on 9 at 94.0 uL/sec
Air gap
	Aspirating 20.0 uL from A1 of 80 Percent EtOH on 9 at 94.0 uL/sec
Dispensing 186.66666666666666 uL into A6 of Wash Plate 3 on 4 at 94.0 uL/sec
Moving to A6 of Wash Plate 3 on 4
Delaying for 0 minutes and 0.5 seconds
Touching tip
Aspirating 166.66666666666666 uL from A1 of 80 Percent EtOH on 9 at 94.0 uL/sec
Air gap
	Aspirating 20.0 uL from A1 of 80 Percent EtOH on 9 at 94.0 uL/sec
Dispensing 186.66666666666666 uL into A7 of Wash Plate 3 on 4 at 94.0 uL/sec
Moving to A7 of Wash Plate 3 on 4
Delaying for 0 minutes and 0.5 seconds
Touching tip
Aspirating 166.66666666666666 uL from A1 of 80 Percent EtOH on 9 at 94.0 uL/sec
Air gap
	Aspirating 20.0 uL from A1 of 80 Percent EtOH on 9 at 94.0 uL/sec
Dispensing 186.66666666666666 uL into A7 of Wash Plate 3 on 4 at 94.0 uL/sec
Moving to A7 of Wash Plate 3 on 4
Delaying for 0 minutes and 0.5 seconds
Touching tip
Aspirating 166.66666666666666 uL from A1 of 80 Percent EtOH on 9 at 94.0 uL/sec
Air gap
	Aspirating 20.0 uL from A1 of 80 Percent EtOH on 9 at 94.0 uL/sec
Dispensing 186.66666666666666 uL into A7 of Wash Plate 3 on 4 at 94.0 uL/sec
Moving to A7 of Wash Plate 3 on 4
Delaying for 0 minutes and 0.5 seconds
Touching tip
Aspirating 166.66666666666666 uL from A1 of 80 Percent EtOH on 9 at 94.0 uL/sec
Air gap
	Aspirating 20.0 uL from A1 of 80 Percent EtOH on 9 at 94.0 uL/sec
Dispensing 186.66666666666666 uL into A8 of Wash Plate 3 on 4 at 94.0 uL/sec
Moving to A8 of Wash Plate 3 on 4
Delaying for 0 minutes and 0.5 seconds
Touching tip
Aspirating 166.66666666666666 uL from A1 of 80 Percent EtOH on 9 at 94.0 uL/sec
Air gap
	Aspirating 20.0 uL from A1 of 80 Percent EtOH on 9 at 94.0 uL/sec
Dispensing 186.66666666666666 uL into A8 of Wash Plate 3 on 4 at 94.0 uL/sec
Moving to A8 of Wash Plate 3 on 4
Delaying for 0 minutes and 0.5 seconds
Touching tip
Aspirating 166.66666666666666 uL from A1 of 80 Percent EtOH on 9 at 94.0 uL/sec
Air gap
	Aspirating 20.0 uL from A1 of 80 Percent EtOH on 9 at 94.0 uL/sec
Dispensing 186.66666666666666 uL into A8 of Wash Plate 3 on 4 at 94.0 uL/sec
Moving to A8 of Wash Plate 3 on 4
Delaying for 0 minutes and 0.5 seconds
Touching tip
Aspirating 166.66666666666666 uL from A1 of 80 Percent EtOH on 9 at 94.0 uL/sec
Air gap
	Aspirating 20.0 uL from A1 of 80 Percent EtOH on 9 at 94.0 uL/sec
Dispensing 186.66666666666666 uL into A9 of Wash Plate 3 on 4 at 94.0 uL/sec
Moving to A9 of Wash Plate 3 on 4
Delaying for 0 minutes and 0.5 seconds
Touching tip
Aspirating 166.66666666666666 uL from A1 of 80 Percent EtOH on 9 at 94.0 uL/sec
Air gap
	Aspirating 20.0 uL from A1 of 80 Percent EtOH on 9 at 94.0 uL/sec
Dispensing 186.66666666666666 uL into A9 of Wash Plate 3 on 4 at 94.0 uL/sec
Moving to A9 of Wash Plate 3 on 4
Delaying for 0 minutes and 0.5 seconds
Touching tip
Aspirating 166.66666666666666 uL from A1 of 80 Percent EtOH on 9 at 94.0 uL/sec
Air gap
	Aspirating 20.0 uL from A1 of 80 Percent EtOH on 9 at 94.0 uL/sec
Dispensing 186.66666666666666 uL into A9 of Wash Plate 3 on 4 at 94.0 uL/sec
Moving to A9 of Wash Plate 3 on 4
Delaying for 0 minutes and 0.5 seconds
Touching tip
Aspirating 166.66666666666666 uL from A1 of 80 Percent EtOH on 9 at 94.0 uL/sec
Air gap
	Aspirating 20.0 uL from A1 of 80 Percent EtOH on 9 at 94.0 uL/sec
Dispensing 186.66666666666666 uL into A10 of Wash Plate 3 on 4 at 94.0 uL/sec
Moving to A10 of Wash Plate 3 on 4
Delaying for 0 minutes and 0.5 seconds
Touching tip
Aspirating 166.66666666666666 uL from A1 of 80 Percent EtOH on 9 at 94.0 uL/sec
Air gap
	Aspirating 20.0 uL from A1 of 80 Percent EtOH on 9 at 94.0 uL/sec
Dispensing 186.66666666666666 uL into A10 of Wash Plate 3 on 4 at 94.0 uL/sec
Moving to A10 of Wash Plate 3 on 4
Delaying for 0 minutes and 0.5 seconds
Touching tip
Aspirating 166.66666666666666 uL from A1 of 80 Percent EtOH on 9 at 94.0 uL/sec
Air gap
	Aspirating 20.0 uL from A1 of 80 Percent EtOH on 9 at 94.0 uL/sec
Dispensing 186.66666666666666 uL into A10 of Wash Plate 3 on 4 at 94.0 uL/sec
Moving to A10 of Wash Plate 3 on 4
Delaying for 0 minutes and 0.5 seconds
Touching tip
Aspirating 166.66666666666666 uL from A1 of 80 Percent EtOH on 9 at 94.0 uL/sec
Air gap
	Aspirating 20.0 uL from A1 of 80 Percent EtOH on 9 at 94.0 uL/sec
Dispensing 186.66666666666666 uL into A11 of Wash Plate 3 on 4 at 94.0 uL/sec
Moving to A11 of Wash Plate 3 on 4
Delaying for 0 minutes and 0.5 seconds
Touching tip
Aspirating 166.66666666666666 uL from A1 of 80 Percent EtOH on 9 at 94.0 uL/sec
Air gap
	Aspirating 20.0 uL from A1 of 80 Percent EtOH on 9 at 94.0 uL/sec
Dispensing 186.66666666666666 uL into A11 of Wash Plate 3 on 4 at 94.0 uL/sec
Moving to A11 of Wash Plate 3 on 4
Delaying for 0 minutes and 0.5 seconds
Touching tip
Aspirating 166.66666666666666 uL from A1 of 80 Percent EtOH on 9 at 94.0 uL/sec
Air gap
	Aspirating 20.0 uL from A1 of 80 Percent EtOH on 9 at 94.0 uL/sec
Dispensing 186.66666666666666 uL into A11 of Wash Plate 3 on 4 at 94.0 uL/sec
Moving to A11 of Wash Plate 3 on 4
Delaying for 0 minutes and 0.5 seconds
Touching tip
Aspirating 166.66666666666666 uL from A1 of 80 Percent EtOH on 9 at 94.0 uL/sec
Air gap
	Aspirating 20.0 uL from A1 of 80 Percent EtOH on 9 at 94.0 uL/sec
Dispensing 186.66666666666666 uL into A12 of Wash Plate 3 on 4 at 94.0 uL/sec
Moving to A12 of Wash Plate 3 on 4
Delaying for 0 minutes and 0.5 seconds
Touching tip
Aspirating 166.66666666666666 uL from A1 of 80 Percent EtOH on 9 at 94.0 uL/sec
Air gap
	Aspirating 20.0 uL from A1 of 80 Percent EtOH on 9 at 94.0 uL/sec
Dispensing 186.66666666666666 uL into A12 of Wash Plate 3 on 4 at 94.0 uL/sec
Moving to A12 of Wash Plate 3 on 4
Delaying for 0 minutes and 0.5 seconds
Touching tip
Aspirating 166.66666666666666 uL from A1 of 80 Percent EtOH on 9 at 94.0 uL/sec
Air gap
	Aspirating 20.0 uL from A1 of 80 Percent EtOH on 9 at 94.0 uL/sec
Dispensing 186.66666666666666 uL into A12 of Wash Plate 3 on 4 at 94.0 uL/sec
Moving to A12 of Wash Plate 3 on 4
Delaying for 0 minutes and 0.5 seconds
Touching tip
Dropping tip into A1 of Opentrons Fixed Trash on 12
Picking up tip from A4 of Opentrons OT-2 96 Filter Tip Rack 200 µL on 11
Aspirating 100.0 uL from A12 of 12-Well Reservoir on 7 at 94.0 uL/sec
Dispensing 100.0 uL into A1 of Elution Plate 4 on 5 at 94.0 uL/sec
Blowing out at A1 of Elution Plate 4 on 5
Touching tip
Aspirating 100.0 uL from A12 of 12-Well Reservoir on 7 at 94.0 uL/sec
Dispensing 100.0 uL into A2 of Elution Plate 4 on 5 at 94.0 uL/sec
Blowing out at A2 of Elution Plate 4 on 5
Touching tip
Aspirating 100.0 uL from A12 of 12-Well Reservoir on 7 at 94.0 uL/sec
Dispensing 100.0 uL into A3 of Elution Plate 4 on 5 at 94.0 uL/sec
Blowing out at A3 of Elution Plate 4 on 5
Touching tip
Aspirating 100.0 uL from A12 of 12-Well Reservoir on 7 at 94.0 uL/sec
Dispensing 100.0 uL into A4 of Elution Plate 4 on 5 at 94.0 uL/sec
Blowing out at A4 of Elution Plate 4 on 5
Touching tip
Aspirating 100.0 uL from A12 of 12-Well Reservoir on 7 at 94.0 uL/sec
Dispensing 100.0 uL into A5 of Elution Plate 4 on 5 at 94.0 uL/sec
Blowing out at A5 of Elution Plate 4 on 5
Touching tip
Aspirating 100.0 uL from A12 of 12-Well Reservoir on 7 at 94.0 uL/sec
Dispensing 100.0 uL into A6 of Elution Plate 4 on 5 at 94.0 uL/sec
Blowing out at A6 of Elution Plate 4 on 5
Touching tip
Aspirating 100.0 uL from A12 of 12-Well Reservoir on 7 at 94.0 uL/sec
Dispensing 100.0 uL into A7 of Elution Plate 4 on 5 at 94.0 uL/sec
Blowing out at A7 of Elution Plate 4 on 5
Touching tip
Aspirating 100.0 uL from A12 of 12-Well Reservoir on 7 at 94.0 uL/sec
Dispensing 100.0 uL into A8 of Elution Plate 4 on 5 at 94.0 uL/sec
Blowing out at A8 of Elution Plate 4 on 5
Touching tip
Aspirating 100.0 uL from A12 of 12-Well Reservoir on 7 at 94.0 uL/sec
Dispensing 100.0 uL into A9 of Elution Plate 4 on 5 at 94.0 uL/sec
Blowing out at A9 of Elution Plate 4 on 5
Touching tip
Aspirating 100.0 uL from A12 of 12-Well Reservoir on 7 at 94.0 uL/sec
Dispensing 100.0 uL into A10 of Elution Plate 4 on 5 at 94.0 uL/sec
Blowing out at A10 of Elution Plate 4 on 5
Touching tip
Aspirating 100.0 uL from A12 of 12-Well Reservoir on 7 at 94.0 uL/sec
Dispensing 100.0 uL into A11 of Elution Plate 4 on 5 at 94.0 uL/sec
Blowing out at A11 of Elution Plate 4 on 5
Touching tip
Aspirating 100.0 uL from A12 of 12-Well Reservoir on 7 at 94.0 uL/sec
Dispensing 100.0 uL into A12 of Elution Plate 4 on 5 at 94.0 uL/sec
Blowing out at A12 of Elution Plate 4 on 5
Touching tip
Dropping tip into A1 of Opentrons Fixed Trash on 12
Finished set up of five processing plates
Caught exception: {'message': 'Task was destroyed but it is pending!', 'task': <Task pending name='Task-3' coro=<Poller._poll_forever() running at /Users/dp/Desktop/project/github/opentrons/venv/lib/python3.10/site-packages/opentrons/hardware_control/poller.py:80> wait_for=<Future pending cb=[Task.task_wakeup()]>>}
Caught exception: {'message': 'Task was destroyed but it is pending!', 'task': <Task pending name='Task-4' coro=<Poller._poll_forever() running at /Users/dp/Desktop/project/github/opentrons/venv/lib/python3.10/site-packages/opentrons/hardware_control/poller.py:80> wait_for=<Future pending cb=[Task.task_wakeup()]>>}
Caught exception: {'message': 'Task was destroyed but it is pending!', 'task': <Task pending name='Task-2' coro=<Poller._poll_forever() running at /Users/dp/Desktop/project/github/opentrons/venv/lib/python3.10/site-packages/opentrons/hardware_control/poller.py:80> wait_for=<Future pending cb=[Task.task_wakeup()]>>}
