/Users/dp/Desktop/project/github/opentrons/venv/lib/python3.10/site-packages/opentrons/hardware_control/simulator_setup.py:205: UserWarning: Simulator configuration does not name a machine, defaulting to OT-2 Standard
  warn(
/Users/dp/.opentrons/robot_settings.json not found. Loading defaults
Deck calibration not found.
/Users/dp/.opentrons/deck_calibration.json not found. Loading defaults
Picking up tip from A1 of Opentrons OT-2 96 Tip Rack 20 µL on 5
Transferring 8.7 from A1 of PCR Strip on PCR Cooler on 2 to A1 of Labcon Plate on PCR Cooler on 1
	Aspirating 8.7 uL from A1 of PCR Strip on PCR Cooler on 2 at 7.6 uL/sec
	Dispensing 8.7 uL into A1 of Labcon Plate on PCR Cooler on 1 at 7.6 uL/sec
Blowing out at A1 of Labcon Plate on PCR Cooler on 1
Transferring 8.7 from A1 of PCR Strip on PCR Cooler on 2 to A2 of Labcon Plate on PCR Cooler on 1
	Aspirating 8.7 uL from A1 of PCR Strip on PCR Cooler on 2 at 7.6 uL/sec
	Dispensing 8.7 uL into A2 of Labcon Plate on PCR Cooler on 1 at 7.6 uL/sec
Blowing out at A2 of Labcon Plate on PCR Cooler on 1
Transferring 8.7 from A1 of PCR Strip on PCR Cooler on 2 to A3 of Labcon Plate on PCR Cooler on 1
	Aspirating 8.7 uL from A1 of PCR Strip on PCR Cooler on 2 at 7.6 uL/sec
	Dispensing 8.7 uL into A3 of Labcon Plate on PCR Cooler on 1 at 7.6 uL/sec
Blowing out at A3 of Labcon Plate on PCR Cooler on 1
Transferring 8.7 from A1 of PCR Strip on PCR Cooler on 2 to A4 of Labcon Plate on PCR Cooler on 1
	Aspirating 8.7 uL from A1 of PCR Strip on PCR Cooler on 2 at 7.6 uL/sec
	Dispensing 8.7 uL into A4 of Labcon Plate on PCR Cooler on 1 at 7.6 uL/sec
Blowing out at A4 of Labcon Plate on PCR Cooler on 1
Transferring 8.7 from A1 of PCR Strip on PCR Cooler on 2 to A5 of Labcon Plate on PCR Cooler on 1
	Aspirating 8.7 uL from A1 of PCR Strip on PCR Cooler on 2 at 7.6 uL/sec
	Dispensing 8.7 uL into A5 of Labcon Plate on PCR Cooler on 1 at 7.6 uL/sec
Blowing out at A5 of Labcon Plate on PCR Cooler on 1
Transferring 8.7 from A1 of PCR Strip on PCR Cooler on 2 to A6 of Labcon Plate on PCR Cooler on 1
	Aspirating 8.7 uL from A1 of PCR Strip on PCR Cooler on 2 at 7.6 uL/sec
	Dispensing 8.7 uL into A6 of Labcon Plate on PCR Cooler on 1 at 7.6 uL/sec
Blowing out at A6 of Labcon Plate on PCR Cooler on 1
Transferring 8.7 from A1 of PCR Strip on PCR Cooler on 2 to A7 of Labcon Plate on PCR Cooler on 1
	Aspirating 8.7 uL from A1 of PCR Strip on PCR Cooler on 2 at 7.6 uL/sec
	Dispensing 8.7 uL into A7 of Labcon Plate on PCR Cooler on 1 at 7.6 uL/sec
Blowing out at A7 of Labcon Plate on PCR Cooler on 1
Transferring 8.7 from A1 of PCR Strip on PCR Cooler on 2 to A8 of Labcon Plate on PCR Cooler on 1
	Aspirating 8.7 uL from A1 of PCR Strip on PCR Cooler on 2 at 7.6 uL/sec
	Dispensing 8.7 uL into A8 of Labcon Plate on PCR Cooler on 1 at 7.6 uL/sec
Blowing out at A8 of Labcon Plate on PCR Cooler on 1
Transferring 8.7 from A1 of PCR Strip on PCR Cooler on 2 to A9 of Labcon Plate on PCR Cooler on 1
	Aspirating 8.7 uL from A1 of PCR Strip on PCR Cooler on 2 at 7.6 uL/sec
	Dispensing 8.7 uL into A9 of Labcon Plate on PCR Cooler on 1 at 7.6 uL/sec
Blowing out at A9 of Labcon Plate on PCR Cooler on 1
Transferring 8.7 from A1 of PCR Strip on PCR Cooler on 2 to A10 of Labcon Plate on PCR Cooler on 1
	Aspirating 8.7 uL from A1 of PCR Strip on PCR Cooler on 2 at 7.6 uL/sec
	Dispensing 8.7 uL into A10 of Labcon Plate on PCR Cooler on 1 at 7.6 uL/sec
Blowing out at A10 of Labcon Plate on PCR Cooler on 1
Transferring 8.7 from A1 of PCR Strip on PCR Cooler on 2 to A11 of Labcon Plate on PCR Cooler on 1
	Aspirating 8.7 uL from A1 of PCR Strip on PCR Cooler on 2 at 7.6 uL/sec
	Dispensing 8.7 uL into A11 of Labcon Plate on PCR Cooler on 1 at 7.6 uL/sec
Blowing out at A11 of Labcon Plate on PCR Cooler on 1
Transferring 8.7 from A1 of PCR Strip on PCR Cooler on 2 to A12 of Labcon Plate on PCR Cooler on 1
	Aspirating 8.7 uL from A1 of PCR Strip on PCR Cooler on 2 at 7.6 uL/sec
	Dispensing 8.7 uL into A12 of Labcon Plate on PCR Cooler on 1 at 7.6 uL/sec
Blowing out at A12 of Labcon Plate on PCR Cooler on 1
Dropping tip into A1 of Opentrons Fixed Trash on 12
Picking up tip from A2 of Opentrons OT-2 96 Tip Rack 20 µL on 5
Transferring 1.3 from A1 of primer plate (BioRad) on 4 to A1 of Labcon Plate on PCR Cooler on 1
	Aspirating 1.3 uL from A1 of primer plate (BioRad) on 4 at 7.6 uL/sec
	Dispensing 1.3 uL into A1 of Labcon Plate on PCR Cooler on 1 at 7.6 uL/sec
Blowing out at A1 of Labcon Plate on PCR Cooler on 1
Dropping tip into A1 of Opentrons Fixed Trash on 12
Picking up tip from A3 of Opentrons OT-2 96 Tip Rack 20 µL on 5
Transferring 1.3 from A2 of primer plate (BioRad) on 4 to A2 of Labcon Plate on PCR Cooler on 1
	Aspirating 1.3 uL from A2 of primer plate (BioRad) on 4 at 7.6 uL/sec
	Dispensing 1.3 uL into A2 of Labcon Plate on PCR Cooler on 1 at 7.6 uL/sec
Blowing out at A2 of Labcon Plate on PCR Cooler on 1
Dropping tip into A1 of Opentrons Fixed Trash on 12
Picking up tip from A4 of Opentrons OT-2 96 Tip Rack 20 µL on 5
Transferring 1.3 from A3 of primer plate (BioRad) on 4 to A3 of Labcon Plate on PCR Cooler on 1
	Aspirating 1.3 uL from A3 of primer plate (BioRad) on 4 at 7.6 uL/sec
	Dispensing 1.3 uL into A3 of Labcon Plate on PCR Cooler on 1 at 7.6 uL/sec
Blowing out at A3 of Labcon Plate on PCR Cooler on 1
Dropping tip into A1 of Opentrons Fixed Trash on 12
Picking up tip from A5 of Opentrons OT-2 96 Tip Rack 20 µL on 5
Transferring 1.3 from A4 of primer plate (BioRad) on 4 to A4 of Labcon Plate on PCR Cooler on 1
	Aspirating 1.3 uL from A4 of primer plate (BioRad) on 4 at 7.6 uL/sec
	Dispensing 1.3 uL into A4 of Labcon Plate on PCR Cooler on 1 at 7.6 uL/sec
Blowing out at A4 of Labcon Plate on PCR Cooler on 1
Dropping tip into A1 of Opentrons Fixed Trash on 12
Picking up tip from A6 of Opentrons OT-2 96 Tip Rack 20 µL on 5
Transferring 1.3 from A5 of primer plate (BioRad) on 4 to A5 of Labcon Plate on PCR Cooler on 1
	Aspirating 1.3 uL from A5 of primer plate (BioRad) on 4 at 7.6 uL/sec
	Dispensing 1.3 uL into A5 of Labcon Plate on PCR Cooler on 1 at 7.6 uL/sec
Blowing out at A5 of Labcon Plate on PCR Cooler on 1
Dropping tip into A1 of Opentrons Fixed Trash on 12
Picking up tip from A7 of Opentrons OT-2 96 Tip Rack 20 µL on 5
Transferring 1.3 from A6 of primer plate (BioRad) on 4 to A6 of Labcon Plate on PCR Cooler on 1
	Aspirating 1.3 uL from A6 of primer plate (BioRad) on 4 at 7.6 uL/sec
	Dispensing 1.3 uL into A6 of Labcon Plate on PCR Cooler on 1 at 7.6 uL/sec
Blowing out at A6 of Labcon Plate on PCR Cooler on 1
Dropping tip into A1 of Opentrons Fixed Trash on 12
Picking up tip from A8 of Opentrons OT-2 96 Tip Rack 20 µL on 5
Transferring 1.3 from A7 of primer plate (BioRad) on 4 to A7 of Labcon Plate on PCR Cooler on 1
	Aspirating 1.3 uL from A7 of primer plate (BioRad) on 4 at 7.6 uL/sec
	Dispensing 1.3 uL into A7 of Labcon Plate on PCR Cooler on 1 at 7.6 uL/sec
Blowing out at A7 of Labcon Plate on PCR Cooler on 1
Dropping tip into A1 of Opentrons Fixed Trash on 12
Picking up tip from A9 of Opentrons OT-2 96 Tip Rack 20 µL on 5
Transferring 1.3 from A8 of primer plate (BioRad) on 4 to A8 of Labcon Plate on PCR Cooler on 1
	Aspirating 1.3 uL from A8 of primer plate (BioRad) on 4 at 7.6 uL/sec
	Dispensing 1.3 uL into A8 of Labcon Plate on PCR Cooler on 1 at 7.6 uL/sec
Blowing out at A8 of Labcon Plate on PCR Cooler on 1
Dropping tip into A1 of Opentrons Fixed Trash on 12
Picking up tip from A10 of Opentrons OT-2 96 Tip Rack 20 µL on 5
Transferring 1.3 from A9 of primer plate (BioRad) on 4 to A9 of Labcon Plate on PCR Cooler on 1
	Aspirating 1.3 uL from A9 of primer plate (BioRad) on 4 at 7.6 uL/sec
	Dispensing 1.3 uL into A9 of Labcon Plate on PCR Cooler on 1 at 7.6 uL/sec
Blowing out at A9 of Labcon Plate on PCR Cooler on 1
Dropping tip into A1 of Opentrons Fixed Trash on 12
Picking up tip from A11 of Opentrons OT-2 96 Tip Rack 20 µL on 5
Transferring 1.3 from A10 of primer plate (BioRad) on 4 to A10 of Labcon Plate on PCR Cooler on 1
	Aspirating 1.3 uL from A10 of primer plate (BioRad) on 4 at 7.6 uL/sec
	Dispensing 1.3 uL into A10 of Labcon Plate on PCR Cooler on 1 at 7.6 uL/sec
Blowing out at A10 of Labcon Plate on PCR Cooler on 1
Dropping tip into A1 of Opentrons Fixed Trash on 12
Picking up tip from A12 of Opentrons OT-2 96 Tip Rack 20 µL on 5
Transferring 1.3 from A11 of primer plate (BioRad) on 4 to A11 of Labcon Plate on PCR Cooler on 1
	Aspirating 1.3 uL from A11 of primer plate (BioRad) on 4 at 7.6 uL/sec
	Dispensing 1.3 uL into A11 of Labcon Plate on PCR Cooler on 1 at 7.6 uL/sec
Blowing out at A11 of Labcon Plate on PCR Cooler on 1
Dropping tip into A1 of Opentrons Fixed Trash on 12
Picking up tip from A1 of Opentrons OT-2 96 Tip Rack 20 µL on 6
Transferring 1.3 from A12 of primer plate (BioRad) on 4 to A12 of Labcon Plate on PCR Cooler on 1
	Aspirating 1.3 uL from A12 of primer plate (BioRad) on 4 at 7.6 uL/sec
	Dispensing 1.3 uL into A12 of Labcon Plate on PCR Cooler on 1 at 7.6 uL/sec
Blowing out at A12 of Labcon Plate on PCR Cooler on 1
Dropping tip into A1 of Opentrons Fixed Trash on 12
Picking up tip from A2 of Opentrons OT-2 96 Tip Rack 20 µL on 6
Transferring 5.0 from A1 of DNA plate on Aluminum Block on 3 to A1 of Labcon Plate on PCR Cooler on 1
	Aspirating 5.0 uL from A1 of DNA plate on Aluminum Block on 3 at 7.6 uL/sec
	Dispensing 5.0 uL into A1 of Labcon Plate on PCR Cooler on 1 at 7.6 uL/sec
Blowing out at A1 of Labcon Plate on PCR Cooler on 1
Dropping tip into A1 of Opentrons Fixed Trash on 12
Picking up tip from A3 of Opentrons OT-2 96 Tip Rack 20 µL on 6
Transferring 5.0 from A2 of DNA plate on Aluminum Block on 3 to A2 of Labcon Plate on PCR Cooler on 1
	Aspirating 5.0 uL from A2 of DNA plate on Aluminum Block on 3 at 7.6 uL/sec
	Dispensing 5.0 uL into A2 of Labcon Plate on PCR Cooler on 1 at 7.6 uL/sec
Blowing out at A2 of Labcon Plate on PCR Cooler on 1
Dropping tip into A1 of Opentrons Fixed Trash on 12
Picking up tip from A4 of Opentrons OT-2 96 Tip Rack 20 µL on 6
Transferring 5.0 from A3 of DNA plate on Aluminum Block on 3 to A3 of Labcon Plate on PCR Cooler on 1
	Aspirating 5.0 uL from A3 of DNA plate on Aluminum Block on 3 at 7.6 uL/sec
	Dispensing 5.0 uL into A3 of Labcon Plate on PCR Cooler on 1 at 7.6 uL/sec
Blowing out at A3 of Labcon Plate on PCR Cooler on 1
Dropping tip into A1 of Opentrons Fixed Trash on 12
Picking up tip from A5 of Opentrons OT-2 96 Tip Rack 20 µL on 6
Transferring 5.0 from A4 of DNA plate on Aluminum Block on 3 to A4 of Labcon Plate on PCR Cooler on 1
	Aspirating 5.0 uL from A4 of DNA plate on Aluminum Block on 3 at 7.6 uL/sec
	Dispensing 5.0 uL into A4 of Labcon Plate on PCR Cooler on 1 at 7.6 uL/sec
Blowing out at A4 of Labcon Plate on PCR Cooler on 1
Dropping tip into A1 of Opentrons Fixed Trash on 12
Picking up tip from A6 of Opentrons OT-2 96 Tip Rack 20 µL on 6
Transferring 5.0 from A5 of DNA plate on Aluminum Block on 3 to A5 of Labcon Plate on PCR Cooler on 1
	Aspirating 5.0 uL from A5 of DNA plate on Aluminum Block on 3 at 7.6 uL/sec
	Dispensing 5.0 uL into A5 of Labcon Plate on PCR Cooler on 1 at 7.6 uL/sec
Blowing out at A5 of Labcon Plate on PCR Cooler on 1
Dropping tip into A1 of Opentrons Fixed Trash on 12
Picking up tip from A7 of Opentrons OT-2 96 Tip Rack 20 µL on 6
Transferring 5.0 from A6 of DNA plate on Aluminum Block on 3 to A6 of Labcon Plate on PCR Cooler on 1
	Aspirating 5.0 uL from A6 of DNA plate on Aluminum Block on 3 at 7.6 uL/sec
	Dispensing 5.0 uL into A6 of Labcon Plate on PCR Cooler on 1 at 7.6 uL/sec
Blowing out at A6 of Labcon Plate on PCR Cooler on 1
Dropping tip into A1 of Opentrons Fixed Trash on 12
Picking up tip from A8 of Opentrons OT-2 96 Tip Rack 20 µL on 6
Transferring 5.0 from A7 of DNA plate on Aluminum Block on 3 to A7 of Labcon Plate on PCR Cooler on 1
	Aspirating 5.0 uL from A7 of DNA plate on Aluminum Block on 3 at 7.6 uL/sec
	Dispensing 5.0 uL into A7 of Labcon Plate on PCR Cooler on 1 at 7.6 uL/sec
Blowing out at A7 of Labcon Plate on PCR Cooler on 1
Dropping tip into A1 of Opentrons Fixed Trash on 12
Picking up tip from A9 of Opentrons OT-2 96 Tip Rack 20 µL on 6
Transferring 5.0 from A8 of DNA plate on Aluminum Block on 3 to A8 of Labcon Plate on PCR Cooler on 1
	Aspirating 5.0 uL from A8 of DNA plate on Aluminum Block on 3 at 7.6 uL/sec
	Dispensing 5.0 uL into A8 of Labcon Plate on PCR Cooler on 1 at 7.6 uL/sec
Blowing out at A8 of Labcon Plate on PCR Cooler on 1
Dropping tip into A1 of Opentrons Fixed Trash on 12
Picking up tip from A10 of Opentrons OT-2 96 Tip Rack 20 µL on 6
Transferring 5.0 from A9 of DNA plate on Aluminum Block on 3 to A9 of Labcon Plate on PCR Cooler on 1
	Aspirating 5.0 uL from A9 of DNA plate on Aluminum Block on 3 at 7.6 uL/sec
	Dispensing 5.0 uL into A9 of Labcon Plate on PCR Cooler on 1 at 7.6 uL/sec
Blowing out at A9 of Labcon Plate on PCR Cooler on 1
Dropping tip into A1 of Opentrons Fixed Trash on 12
Picking up tip from A11 of Opentrons OT-2 96 Tip Rack 20 µL on 6
Transferring 5.0 from A10 of DNA plate on Aluminum Block on 3 to A10 of Labcon Plate on PCR Cooler on 1
	Aspirating 5.0 uL from A10 of DNA plate on Aluminum Block on 3 at 7.6 uL/sec
	Dispensing 5.0 uL into A10 of Labcon Plate on PCR Cooler on 1 at 7.6 uL/sec
Blowing out at A10 of Labcon Plate on PCR Cooler on 1
Dropping tip into A1 of Opentrons Fixed Trash on 12
Picking up tip from A12 of Opentrons OT-2 96 Tip Rack 20 µL on 6
Transferring 5.0 from A11 of DNA plate on Aluminum Block on 3 to A11 of Labcon Plate on PCR Cooler on 1
	Aspirating 5.0 uL from A11 of DNA plate on Aluminum Block on 3 at 7.6 uL/sec
	Dispensing 5.0 uL into A11 of Labcon Plate on PCR Cooler on 1 at 7.6 uL/sec
Blowing out at A11 of Labcon Plate on PCR Cooler on 1
Dropping tip into A1 of Opentrons Fixed Trash on 12
Picking up tip from A1 of Opentrons OT-2 96 Tip Rack 20 µL on 7
Transferring 5.0 from A12 of DNA plate on Aluminum Block on 3 to A12 of Labcon Plate on PCR Cooler on 1
	Aspirating 5.0 uL from A12 of DNA plate on Aluminum Block on 3 at 7.6 uL/sec
	Dispensing 5.0 uL into A12 of Labcon Plate on PCR Cooler on 1 at 7.6 uL/sec
Blowing out at A12 of Labcon Plate on PCR Cooler on 1
Dropping tip into A1 of Opentrons Fixed Trash on 12
Pausing robot operation: Congratulations, you have completed step 4/4             of this protocol for plate 1. Please remove samples             from OT-2 and properly store. When you're ready to fill the             next plate, please load proper materials and click RESUME.
Picking up tip from A2 of Opentrons OT-2 96 Tip Rack 20 µL on 7
Transferring 8.7 from A1 of PCR Strip on PCR Cooler on 2 to A1 of Labcon Plate on PCR Cooler on 1
	Aspirating 8.7 uL from A1 of PCR Strip on PCR Cooler on 2 at 7.6 uL/sec
	Dispensing 8.7 uL into A1 of Labcon Plate on PCR Cooler on 1 at 7.6 uL/sec
Blowing out at A1 of Labcon Plate on PCR Cooler on 1
Transferring 8.7 from A1 of PCR Strip on PCR Cooler on 2 to A2 of Labcon Plate on PCR Cooler on 1
	Aspirating 8.7 uL from A1 of PCR Strip on PCR Cooler on 2 at 7.6 uL/sec
	Dispensing 8.7 uL into A2 of Labcon Plate on PCR Cooler on 1 at 7.6 uL/sec
Blowing out at A2 of Labcon Plate on PCR Cooler on 1
Transferring 8.7 from A1 of PCR Strip on PCR Cooler on 2 to A3 of Labcon Plate on PCR Cooler on 1
	Aspirating 8.7 uL from A1 of PCR Strip on PCR Cooler on 2 at 7.6 uL/sec
	Dispensing 8.7 uL into A3 of Labcon Plate on PCR Cooler on 1 at 7.6 uL/sec
Blowing out at A3 of Labcon Plate on PCR Cooler on 1
Transferring 8.7 from A1 of PCR Strip on PCR Cooler on 2 to A4 of Labcon Plate on PCR Cooler on 1
	Aspirating 8.7 uL from A1 of PCR Strip on PCR Cooler on 2 at 7.6 uL/sec
	Dispensing 8.7 uL into A4 of Labcon Plate on PCR Cooler on 1 at 7.6 uL/sec
Blowing out at A4 of Labcon Plate on PCR Cooler on 1
Transferring 8.7 from A1 of PCR Strip on PCR Cooler on 2 to A5 of Labcon Plate on PCR Cooler on 1
	Aspirating 8.7 uL from A1 of PCR Strip on PCR Cooler on 2 at 7.6 uL/sec
	Dispensing 8.7 uL into A5 of Labcon Plate on PCR Cooler on 1 at 7.6 uL/sec
Blowing out at A5 of Labcon Plate on PCR Cooler on 1
Transferring 8.7 from A1 of PCR Strip on PCR Cooler on 2 to A6 of Labcon Plate on PCR Cooler on 1
	Aspirating 8.7 uL from A1 of PCR Strip on PCR Cooler on 2 at 7.6 uL/sec
	Dispensing 8.7 uL into A6 of Labcon Plate on PCR Cooler on 1 at 7.6 uL/sec
Blowing out at A6 of Labcon Plate on PCR Cooler on 1
Transferring 8.7 from A1 of PCR Strip on PCR Cooler on 2 to A7 of Labcon Plate on PCR Cooler on 1
	Aspirating 8.7 uL from A1 of PCR Strip on PCR Cooler on 2 at 7.6 uL/sec
	Dispensing 8.7 uL into A7 of Labcon Plate on PCR Cooler on 1 at 7.6 uL/sec
Blowing out at A7 of Labcon Plate on PCR Cooler on 1
Transferring 8.7 from A1 of PCR Strip on PCR Cooler on 2 to A8 of Labcon Plate on PCR Cooler on 1
	Aspirating 8.7 uL from A1 of PCR Strip on PCR Cooler on 2 at 7.6 uL/sec
	Dispensing 8.7 uL into A8 of Labcon Plate on PCR Cooler on 1 at 7.6 uL/sec
Blowing out at A8 of Labcon Plate on PCR Cooler on 1
Transferring 8.7 from A1 of PCR Strip on PCR Cooler on 2 to A9 of Labcon Plate on PCR Cooler on 1
	Aspirating 8.7 uL from A1 of PCR Strip on PCR Cooler on 2 at 7.6 uL/sec
	Dispensing 8.7 uL into A9 of Labcon Plate on PCR Cooler on 1 at 7.6 uL/sec
Blowing out at A9 of Labcon Plate on PCR Cooler on 1
Transferring 8.7 from A1 of PCR Strip on PCR Cooler on 2 to A10 of Labcon Plate on PCR Cooler on 1
	Aspirating 8.7 uL from A1 of PCR Strip on PCR Cooler on 2 at 7.6 uL/sec
	Dispensing 8.7 uL into A10 of Labcon Plate on PCR Cooler on 1 at 7.6 uL/sec
Blowing out at A10 of Labcon Plate on PCR Cooler on 1
Transferring 8.7 from A1 of PCR Strip on PCR Cooler on 2 to A11 of Labcon Plate on PCR Cooler on 1
	Aspirating 8.7 uL from A1 of PCR Strip on PCR Cooler on 2 at 7.6 uL/sec
	Dispensing 8.7 uL into A11 of Labcon Plate on PCR Cooler on 1 at 7.6 uL/sec
Blowing out at A11 of Labcon Plate on PCR Cooler on 1
Transferring 8.7 from A1 of PCR Strip on PCR Cooler on 2 to A12 of Labcon Plate on PCR Cooler on 1
	Aspirating 8.7 uL from A1 of PCR Strip on PCR Cooler on 2 at 7.6 uL/sec
	Dispensing 8.7 uL into A12 of Labcon Plate on PCR Cooler on 1 at 7.6 uL/sec
Blowing out at A12 of Labcon Plate on PCR Cooler on 1
Dropping tip into A1 of Opentrons Fixed Trash on 12
Picking up tip from A3 of Opentrons OT-2 96 Tip Rack 20 µL on 7
Transferring 1.3 from A1 of primer plate (BioRad) on 4 to A1 of Labcon Plate on PCR Cooler on 1
	Aspirating 1.3 uL from A1 of primer plate (BioRad) on 4 at 7.6 uL/sec
	Dispensing 1.3 uL into A1 of Labcon Plate on PCR Cooler on 1 at 7.6 uL/sec
Blowing out at A1 of Labcon Plate on PCR Cooler on 1
Dropping tip into A1 of Opentrons Fixed Trash on 12
Picking up tip from A4 of Opentrons OT-2 96 Tip Rack 20 µL on 7
Transferring 1.3 from A2 of primer plate (BioRad) on 4 to A2 of Labcon Plate on PCR Cooler on 1
	Aspirating 1.3 uL from A2 of primer plate (BioRad) on 4 at 7.6 uL/sec
	Dispensing 1.3 uL into A2 of Labcon Plate on PCR Cooler on 1 at 7.6 uL/sec
Blowing out at A2 of Labcon Plate on PCR Cooler on 1
Dropping tip into A1 of Opentrons Fixed Trash on 12
Picking up tip from A5 of Opentrons OT-2 96 Tip Rack 20 µL on 7
Transferring 1.3 from A3 of primer plate (BioRad) on 4 to A3 of Labcon Plate on PCR Cooler on 1
	Aspirating 1.3 uL from A3 of primer plate (BioRad) on 4 at 7.6 uL/sec
	Dispensing 1.3 uL into A3 of Labcon Plate on PCR Cooler on 1 at 7.6 uL/sec
Blowing out at A3 of Labcon Plate on PCR Cooler on 1
Dropping tip into A1 of Opentrons Fixed Trash on 12
Picking up tip from A6 of Opentrons OT-2 96 Tip Rack 20 µL on 7
Transferring 1.3 from A4 of primer plate (BioRad) on 4 to A4 of Labcon Plate on PCR Cooler on 1
	Aspirating 1.3 uL from A4 of primer plate (BioRad) on 4 at 7.6 uL/sec
	Dispensing 1.3 uL into A4 of Labcon Plate on PCR Cooler on 1 at 7.6 uL/sec
Blowing out at A4 of Labcon Plate on PCR Cooler on 1
Dropping tip into A1 of Opentrons Fixed Trash on 12
Picking up tip from A7 of Opentrons OT-2 96 Tip Rack 20 µL on 7
Transferring 1.3 from A5 of primer plate (BioRad) on 4 to A5 of Labcon Plate on PCR Cooler on 1
	Aspirating 1.3 uL from A5 of primer plate (BioRad) on 4 at 7.6 uL/sec
	Dispensing 1.3 uL into A5 of Labcon Plate on PCR Cooler on 1 at 7.6 uL/sec
Blowing out at A5 of Labcon Plate on PCR Cooler on 1
Dropping tip into A1 of Opentrons Fixed Trash on 12
Picking up tip from A8 of Opentrons OT-2 96 Tip Rack 20 µL on 7
Transferring 1.3 from A6 of primer plate (BioRad) on 4 to A6 of Labcon Plate on PCR Cooler on 1
	Aspirating 1.3 uL from A6 of primer plate (BioRad) on 4 at 7.6 uL/sec
	Dispensing 1.3 uL into A6 of Labcon Plate on PCR Cooler on 1 at 7.6 uL/sec
Blowing out at A6 of Labcon Plate on PCR Cooler on 1
Dropping tip into A1 of Opentrons Fixed Trash on 12
Picking up tip from A9 of Opentrons OT-2 96 Tip Rack 20 µL on 7
Transferring 1.3 from A7 of primer plate (BioRad) on 4 to A7 of Labcon Plate on PCR Cooler on 1
	Aspirating 1.3 uL from A7 of primer plate (BioRad) on 4 at 7.6 uL/sec
	Dispensing 1.3 uL into A7 of Labcon Plate on PCR Cooler on 1 at 7.6 uL/sec
Blowing out at A7 of Labcon Plate on PCR Cooler on 1
Dropping tip into A1 of Opentrons Fixed Trash on 12
Picking up tip from A10 of Opentrons OT-2 96 Tip Rack 20 µL on 7
Transferring 1.3 from A8 of primer plate (BioRad) on 4 to A8 of Labcon Plate on PCR Cooler on 1
	Aspirating 1.3 uL from A8 of primer plate (BioRad) on 4 at 7.6 uL/sec
	Dispensing 1.3 uL into A8 of Labcon Plate on PCR Cooler on 1 at 7.6 uL/sec
Blowing out at A8 of Labcon Plate on PCR Cooler on 1
Dropping tip into A1 of Opentrons Fixed Trash on 12
Picking up tip from A11 of Opentrons OT-2 96 Tip Rack 20 µL on 7
Transferring 1.3 from A9 of primer plate (BioRad) on 4 to A9 of Labcon Plate on PCR Cooler on 1
	Aspirating 1.3 uL from A9 of primer plate (BioRad) on 4 at 7.6 uL/sec
	Dispensing 1.3 uL into A9 of Labcon Plate on PCR Cooler on 1 at 7.6 uL/sec
Blowing out at A9 of Labcon Plate on PCR Cooler on 1
Dropping tip into A1 of Opentrons Fixed Trash on 12
Picking up tip from A12 of Opentrons OT-2 96 Tip Rack 20 µL on 7
Transferring 1.3 from A10 of primer plate (BioRad) on 4 to A10 of Labcon Plate on PCR Cooler on 1
	Aspirating 1.3 uL from A10 of primer plate (BioRad) on 4 at 7.6 uL/sec
	Dispensing 1.3 uL into A10 of Labcon Plate on PCR Cooler on 1 at 7.6 uL/sec
Blowing out at A10 of Labcon Plate on PCR Cooler on 1
Dropping tip into A1 of Opentrons Fixed Trash on 12
Picking up tip from A1 of Opentrons OT-2 96 Tip Rack 20 µL on 8
Transferring 1.3 from A11 of primer plate (BioRad) on 4 to A11 of Labcon Plate on PCR Cooler on 1
	Aspirating 1.3 uL from A11 of primer plate (BioRad) on 4 at 7.6 uL/sec
	Dispensing 1.3 uL into A11 of Labcon Plate on PCR Cooler on 1 at 7.6 uL/sec
Blowing out at A11 of Labcon Plate on PCR Cooler on 1
Dropping tip into A1 of Opentrons Fixed Trash on 12
Picking up tip from A2 of Opentrons OT-2 96 Tip Rack 20 µL on 8
Transferring 1.3 from A12 of primer plate (BioRad) on 4 to A12 of Labcon Plate on PCR Cooler on 1
	Aspirating 1.3 uL from A12 of primer plate (BioRad) on 4 at 7.6 uL/sec
	Dispensing 1.3 uL into A12 of Labcon Plate on PCR Cooler on 1 at 7.6 uL/sec
Blowing out at A12 of Labcon Plate on PCR Cooler on 1
Dropping tip into A1 of Opentrons Fixed Trash on 12
Picking up tip from A3 of Opentrons OT-2 96 Tip Rack 20 µL on 8
Transferring 5.0 from A1 of DNA plate on Aluminum Block on 3 to A1 of Labcon Plate on PCR Cooler on 1
	Aspirating 5.0 uL from A1 of DNA plate on Aluminum Block on 3 at 7.6 uL/sec
	Dispensing 5.0 uL into A1 of Labcon Plate on PCR Cooler on 1 at 7.6 uL/sec
Blowing out at A1 of Labcon Plate on PCR Cooler on 1
Dropping tip into A1 of Opentrons Fixed Trash on 12
Picking up tip from A4 of Opentrons OT-2 96 Tip Rack 20 µL on 8
Transferring 5.0 from A2 of DNA plate on Aluminum Block on 3 to A2 of Labcon Plate on PCR Cooler on 1
	Aspirating 5.0 uL from A2 of DNA plate on Aluminum Block on 3 at 7.6 uL/sec
	Dispensing 5.0 uL into A2 of Labcon Plate on PCR Cooler on 1 at 7.6 uL/sec
Blowing out at A2 of Labcon Plate on PCR Cooler on 1
Dropping tip into A1 of Opentrons Fixed Trash on 12
Picking up tip from A5 of Opentrons OT-2 96 Tip Rack 20 µL on 8
Transferring 5.0 from A3 of DNA plate on Aluminum Block on 3 to A3 of Labcon Plate on PCR Cooler on 1
	Aspirating 5.0 uL from A3 of DNA plate on Aluminum Block on 3 at 7.6 uL/sec
	Dispensing 5.0 uL into A3 of Labcon Plate on PCR Cooler on 1 at 7.6 uL/sec
Blowing out at A3 of Labcon Plate on PCR Cooler on 1
Dropping tip into A1 of Opentrons Fixed Trash on 12
Picking up tip from A6 of Opentrons OT-2 96 Tip Rack 20 µL on 8
Transferring 5.0 from A4 of DNA plate on Aluminum Block on 3 to A4 of Labcon Plate on PCR Cooler on 1
	Aspirating 5.0 uL from A4 of DNA plate on Aluminum Block on 3 at 7.6 uL/sec
	Dispensing 5.0 uL into A4 of Labcon Plate on PCR Cooler on 1 at 7.6 uL/sec
Blowing out at A4 of Labcon Plate on PCR Cooler on 1
Dropping tip into A1 of Opentrons Fixed Trash on 12
Picking up tip from A7 of Opentrons OT-2 96 Tip Rack 20 µL on 8
Transferring 5.0 from A5 of DNA plate on Aluminum Block on 3 to A5 of Labcon Plate on PCR Cooler on 1
	Aspirating 5.0 uL from A5 of DNA plate on Aluminum Block on 3 at 7.6 uL/sec
	Dispensing 5.0 uL into A5 of Labcon Plate on PCR Cooler on 1 at 7.6 uL/sec
Blowing out at A5 of Labcon Plate on PCR Cooler on 1
Dropping tip into A1 of Opentrons Fixed Trash on 12
Picking up tip from A8 of Opentrons OT-2 96 Tip Rack 20 µL on 8
Transferring 5.0 from A6 of DNA plate on Aluminum Block on 3 to A6 of Labcon Plate on PCR Cooler on 1
	Aspirating 5.0 uL from A6 of DNA plate on Aluminum Block on 3 at 7.6 uL/sec
	Dispensing 5.0 uL into A6 of Labcon Plate on PCR Cooler on 1 at 7.6 uL/sec
Blowing out at A6 of Labcon Plate on PCR Cooler on 1
Dropping tip into A1 of Opentrons Fixed Trash on 12
Picking up tip from A9 of Opentrons OT-2 96 Tip Rack 20 µL on 8
Transferring 5.0 from A7 of DNA plate on Aluminum Block on 3 to A7 of Labcon Plate on PCR Cooler on 1
	Aspirating 5.0 uL from A7 of DNA plate on Aluminum Block on 3 at 7.6 uL/sec
	Dispensing 5.0 uL into A7 of Labcon Plate on PCR Cooler on 1 at 7.6 uL/sec
Blowing out at A7 of Labcon Plate on PCR Cooler on 1
Dropping tip into A1 of Opentrons Fixed Trash on 12
Picking up tip from A10 of Opentrons OT-2 96 Tip Rack 20 µL on 8
Transferring 5.0 from A8 of DNA plate on Aluminum Block on 3 to A8 of Labcon Plate on PCR Cooler on 1
	Aspirating 5.0 uL from A8 of DNA plate on Aluminum Block on 3 at 7.6 uL/sec
	Dispensing 5.0 uL into A8 of Labcon Plate on PCR Cooler on 1 at 7.6 uL/sec
Blowing out at A8 of Labcon Plate on PCR Cooler on 1
Dropping tip into A1 of Opentrons Fixed Trash on 12
Picking up tip from A11 of Opentrons OT-2 96 Tip Rack 20 µL on 8
Transferring 5.0 from A9 of DNA plate on Aluminum Block on 3 to A9 of Labcon Plate on PCR Cooler on 1
	Aspirating 5.0 uL from A9 of DNA plate on Aluminum Block on 3 at 7.6 uL/sec
	Dispensing 5.0 uL into A9 of Labcon Plate on PCR Cooler on 1 at 7.6 uL/sec
Blowing out at A9 of Labcon Plate on PCR Cooler on 1
Dropping tip into A1 of Opentrons Fixed Trash on 12
Picking up tip from A12 of Opentrons OT-2 96 Tip Rack 20 µL on 8
Transferring 5.0 from A10 of DNA plate on Aluminum Block on 3 to A10 of Labcon Plate on PCR Cooler on 1
	Aspirating 5.0 uL from A10 of DNA plate on Aluminum Block on 3 at 7.6 uL/sec
	Dispensing 5.0 uL into A10 of Labcon Plate on PCR Cooler on 1 at 7.6 uL/sec
Blowing out at A10 of Labcon Plate on PCR Cooler on 1
Dropping tip into A1 of Opentrons Fixed Trash on 12
Picking up tip from A1 of Opentrons OT-2 96 Tip Rack 20 µL on 9
Transferring 5.0 from A11 of DNA plate on Aluminum Block on 3 to A11 of Labcon Plate on PCR Cooler on 1
	Aspirating 5.0 uL from A11 of DNA plate on Aluminum Block on 3 at 7.6 uL/sec
	Dispensing 5.0 uL into A11 of Labcon Plate on PCR Cooler on 1 at 7.6 uL/sec
Blowing out at A11 of Labcon Plate on PCR Cooler on 1
Dropping tip into A1 of Opentrons Fixed Trash on 12
Picking up tip from A2 of Opentrons OT-2 96 Tip Rack 20 µL on 9
Transferring 5.0 from A12 of DNA plate on Aluminum Block on 3 to A12 of Labcon Plate on PCR Cooler on 1
	Aspirating 5.0 uL from A12 of DNA plate on Aluminum Block on 3 at 7.6 uL/sec
	Dispensing 5.0 uL into A12 of Labcon Plate on PCR Cooler on 1 at 7.6 uL/sec
Blowing out at A12 of Labcon Plate on PCR Cooler on 1
Dropping tip into A1 of Opentrons Fixed Trash on 12
Pausing robot operation: Congratulations, you have completed step 4/4             of this protocol for plate 2. Please remove samples             from OT-2 and properly store. When you're ready to fill the             next plate, please load proper materials and click RESUME.
Picking up tip from A3 of Opentrons OT-2 96 Tip Rack 20 µL on 9
Transferring 8.7 from A1 of PCR Strip on PCR Cooler on 2 to A1 of Labcon Plate on PCR Cooler on 1
	Aspirating 8.7 uL from A1 of PCR Strip on PCR Cooler on 2 at 7.6 uL/sec
	Dispensing 8.7 uL into A1 of Labcon Plate on PCR Cooler on 1 at 7.6 uL/sec
Blowing out at A1 of Labcon Plate on PCR Cooler on 1
Transferring 8.7 from A1 of PCR Strip on PCR Cooler on 2 to A2 of Labcon Plate on PCR Cooler on 1
	Aspirating 8.7 uL from A1 of PCR Strip on PCR Cooler on 2 at 7.6 uL/sec
	Dispensing 8.7 uL into A2 of Labcon Plate on PCR Cooler on 1 at 7.6 uL/sec
Blowing out at A2 of Labcon Plate on PCR Cooler on 1
Transferring 8.7 from A1 of PCR Strip on PCR Cooler on 2 to A3 of Labcon Plate on PCR Cooler on 1
	Aspirating 8.7 uL from A1 of PCR Strip on PCR Cooler on 2 at 7.6 uL/sec
	Dispensing 8.7 uL into A3 of Labcon Plate on PCR Cooler on 1 at 7.6 uL/sec
Blowing out at A3 of Labcon Plate on PCR Cooler on 1
Transferring 8.7 from A1 of PCR Strip on PCR Cooler on 2 to A4 of Labcon Plate on PCR Cooler on 1
	Aspirating 8.7 uL from A1 of PCR Strip on PCR Cooler on 2 at 7.6 uL/sec
	Dispensing 8.7 uL into A4 of Labcon Plate on PCR Cooler on 1 at 7.6 uL/sec
Blowing out at A4 of Labcon Plate on PCR Cooler on 1
Transferring 8.7 from A1 of PCR Strip on PCR Cooler on 2 to A5 of Labcon Plate on PCR Cooler on 1
	Aspirating 8.7 uL from A1 of PCR Strip on PCR Cooler on 2 at 7.6 uL/sec
	Dispensing 8.7 uL into A5 of Labcon Plate on PCR Cooler on 1 at 7.6 uL/sec
Blowing out at A5 of Labcon Plate on PCR Cooler on 1
Transferring 8.7 from A1 of PCR Strip on PCR Cooler on 2 to A6 of Labcon Plate on PCR Cooler on 1
	Aspirating 8.7 uL from A1 of PCR Strip on PCR Cooler on 2 at 7.6 uL/sec
	Dispensing 8.7 uL into A6 of Labcon Plate on PCR Cooler on 1 at 7.6 uL/sec
Blowing out at A6 of Labcon Plate on PCR Cooler on 1
Transferring 8.7 from A1 of PCR Strip on PCR Cooler on 2 to A7 of Labcon Plate on PCR Cooler on 1
	Aspirating 8.7 uL from A1 of PCR Strip on PCR Cooler on 2 at 7.6 uL/sec
	Dispensing 8.7 uL into A7 of Labcon Plate on PCR Cooler on 1 at 7.6 uL/sec
Blowing out at A7 of Labcon Plate on PCR Cooler on 1
Transferring 8.7 from A1 of PCR Strip on PCR Cooler on 2 to A8 of Labcon Plate on PCR Cooler on 1
	Aspirating 8.7 uL from A1 of PCR Strip on PCR Cooler on 2 at 7.6 uL/sec
	Dispensing 8.7 uL into A8 of Labcon Plate on PCR Cooler on 1 at 7.6 uL/sec
Blowing out at A8 of Labcon Plate on PCR Cooler on 1
Transferring 8.7 from A1 of PCR Strip on PCR Cooler on 2 to A9 of Labcon Plate on PCR Cooler on 1
	Aspirating 8.7 uL from A1 of PCR Strip on PCR Cooler on 2 at 7.6 uL/sec
	Dispensing 8.7 uL into A9 of Labcon Plate on PCR Cooler on 1 at 7.6 uL/sec
Blowing out at A9 of Labcon Plate on PCR Cooler on 1
Transferring 8.7 from A1 of PCR Strip on PCR Cooler on 2 to A10 of Labcon Plate on PCR Cooler on 1
	Aspirating 8.7 uL from A1 of PCR Strip on PCR Cooler on 2 at 7.6 uL/sec
	Dispensing 8.7 uL into A10 of Labcon Plate on PCR Cooler on 1 at 7.6 uL/sec
Blowing out at A10 of Labcon Plate on PCR Cooler on 1
Transferring 8.7 from A1 of PCR Strip on PCR Cooler on 2 to A11 of Labcon Plate on PCR Cooler on 1
	Aspirating 8.7 uL from A1 of PCR Strip on PCR Cooler on 2 at 7.6 uL/sec
	Dispensing 8.7 uL into A11 of Labcon Plate on PCR Cooler on 1 at 7.6 uL/sec
Blowing out at A11 of Labcon Plate on PCR Cooler on 1
Transferring 8.7 from A1 of PCR Strip on PCR Cooler on 2 to A12 of Labcon Plate on PCR Cooler on 1
	Aspirating 8.7 uL from A1 of PCR Strip on PCR Cooler on 2 at 7.6 uL/sec
	Dispensing 8.7 uL into A12 of Labcon Plate on PCR Cooler on 1 at 7.6 uL/sec
Blowing out at A12 of Labcon Plate on PCR Cooler on 1
Dropping tip into A1 of Opentrons Fixed Trash on 12
Picking up tip from A4 of Opentrons OT-2 96 Tip Rack 20 µL on 9
Transferring 1.3 from A1 of primer plate (BioRad) on 4 to A1 of Labcon Plate on PCR Cooler on 1
	Aspirating 1.3 uL from A1 of primer plate (BioRad) on 4 at 7.6 uL/sec
	Dispensing 1.3 uL into A1 of Labcon Plate on PCR Cooler on 1 at 7.6 uL/sec
Blowing out at A1 of Labcon Plate on PCR Cooler on 1
Dropping tip into A1 of Opentrons Fixed Trash on 12
Picking up tip from A5 of Opentrons OT-2 96 Tip Rack 20 µL on 9
Transferring 1.3 from A2 of primer plate (BioRad) on 4 to A2 of Labcon Plate on PCR Cooler on 1
	Aspirating 1.3 uL from A2 of primer plate (BioRad) on 4 at 7.6 uL/sec
	Dispensing 1.3 uL into A2 of Labcon Plate on PCR Cooler on 1 at 7.6 uL/sec
Blowing out at A2 of Labcon Plate on PCR Cooler on 1
Dropping tip into A1 of Opentrons Fixed Trash on 12
Picking up tip from A6 of Opentrons OT-2 96 Tip Rack 20 µL on 9
Transferring 1.3 from A3 of primer plate (BioRad) on 4 to A3 of Labcon Plate on PCR Cooler on 1
	Aspirating 1.3 uL from A3 of primer plate (BioRad) on 4 at 7.6 uL/sec
	Dispensing 1.3 uL into A3 of Labcon Plate on PCR Cooler on 1 at 7.6 uL/sec
Blowing out at A3 of Labcon Plate on PCR Cooler on 1
Dropping tip into A1 of Opentrons Fixed Trash on 12
Picking up tip from A7 of Opentrons OT-2 96 Tip Rack 20 µL on 9
Transferring 1.3 from A4 of primer plate (BioRad) on 4 to A4 of Labcon Plate on PCR Cooler on 1
	Aspirating 1.3 uL from A4 of primer plate (BioRad) on 4 at 7.6 uL/sec
	Dispensing 1.3 uL into A4 of Labcon Plate on PCR Cooler on 1 at 7.6 uL/sec
Blowing out at A4 of Labcon Plate on PCR Cooler on 1
Dropping tip into A1 of Opentrons Fixed Trash on 12
Picking up tip from A8 of Opentrons OT-2 96 Tip Rack 20 µL on 9
Transferring 1.3 from A5 of primer plate (BioRad) on 4 to A5 of Labcon Plate on PCR Cooler on 1
	Aspirating 1.3 uL from A5 of primer plate (BioRad) on 4 at 7.6 uL/sec
	Dispensing 1.3 uL into A5 of Labcon Plate on PCR Cooler on 1 at 7.6 uL/sec
Blowing out at A5 of Labcon Plate on PCR Cooler on 1
Dropping tip into A1 of Opentrons Fixed Trash on 12
Picking up tip from A9 of Opentrons OT-2 96 Tip Rack 20 µL on 9
Transferring 1.3 from A6 of primer plate (BioRad) on 4 to A6 of Labcon Plate on PCR Cooler on 1
	Aspirating 1.3 uL from A6 of primer plate (BioRad) on 4 at 7.6 uL/sec
	Dispensing 1.3 uL into A6 of Labcon Plate on PCR Cooler on 1 at 7.6 uL/sec
Blowing out at A6 of Labcon Plate on PCR Cooler on 1
Dropping tip into A1 of Opentrons Fixed Trash on 12
Picking up tip from A10 of Opentrons OT-2 96 Tip Rack 20 µL on 9
Transferring 1.3 from A7 of primer plate (BioRad) on 4 to A7 of Labcon Plate on PCR Cooler on 1
	Aspirating 1.3 uL from A7 of primer plate (BioRad) on 4 at 7.6 uL/sec
	Dispensing 1.3 uL into A7 of Labcon Plate on PCR Cooler on 1 at 7.6 uL/sec
Blowing out at A7 of Labcon Plate on PCR Cooler on 1
Dropping tip into A1 of Opentrons Fixed Trash on 12
Picking up tip from A11 of Opentrons OT-2 96 Tip Rack 20 µL on 9
Transferring 1.3 from A8 of primer plate (BioRad) on 4 to A8 of Labcon Plate on PCR Cooler on 1
	Aspirating 1.3 uL from A8 of primer plate (BioRad) on 4 at 7.6 uL/sec
	Dispensing 1.3 uL into A8 of Labcon Plate on PCR Cooler on 1 at 7.6 uL/sec
Blowing out at A8 of Labcon Plate on PCR Cooler on 1
Dropping tip into A1 of Opentrons Fixed Trash on 12
Picking up tip from A12 of Opentrons OT-2 96 Tip Rack 20 µL on 9
Transferring 1.3 from A9 of primer plate (BioRad) on 4 to A9 of Labcon Plate on PCR Cooler on 1
	Aspirating 1.3 uL from A9 of primer plate (BioRad) on 4 at 7.6 uL/sec
	Dispensing 1.3 uL into A9 of Labcon Plate on PCR Cooler on 1 at 7.6 uL/sec
Blowing out at A9 of Labcon Plate on PCR Cooler on 1
Dropping tip into A1 of Opentrons Fixed Trash on 12
Picking up tip from A1 of Opentrons OT-2 96 Tip Rack 20 µL on 10
Transferring 1.3 from A10 of primer plate (BioRad) on 4 to A10 of Labcon Plate on PCR Cooler on 1
	Aspirating 1.3 uL from A10 of primer plate (BioRad) on 4 at 7.6 uL/sec
	Dispensing 1.3 uL into A10 of Labcon Plate on PCR Cooler on 1 at 7.6 uL/sec
Blowing out at A10 of Labcon Plate on PCR Cooler on 1
Dropping tip into A1 of Opentrons Fixed Trash on 12
Picking up tip from A2 of Opentrons OT-2 96 Tip Rack 20 µL on 10
Transferring 1.3 from A11 of primer plate (BioRad) on 4 to A11 of Labcon Plate on PCR Cooler on 1
	Aspirating 1.3 uL from A11 of primer plate (BioRad) on 4 at 7.6 uL/sec
	Dispensing 1.3 uL into A11 of Labcon Plate on PCR Cooler on 1 at 7.6 uL/sec
Blowing out at A11 of Labcon Plate on PCR Cooler on 1
Dropping tip into A1 of Opentrons Fixed Trash on 12
Picking up tip from A3 of Opentrons OT-2 96 Tip Rack 20 µL on 10
Transferring 1.3 from A12 of primer plate (BioRad) on 4 to A12 of Labcon Plate on PCR Cooler on 1
	Aspirating 1.3 uL from A12 of primer plate (BioRad) on 4 at 7.6 uL/sec
	Dispensing 1.3 uL into A12 of Labcon Plate on PCR Cooler on 1 at 7.6 uL/sec
Blowing out at A12 of Labcon Plate on PCR Cooler on 1
Dropping tip into A1 of Opentrons Fixed Trash on 12
Picking up tip from A4 of Opentrons OT-2 96 Tip Rack 20 µL on 10
Transferring 5.0 from A1 of DNA plate on Aluminum Block on 3 to A1 of Labcon Plate on PCR Cooler on 1
	Aspirating 5.0 uL from A1 of DNA plate on Aluminum Block on 3 at 7.6 uL/sec
	Dispensing 5.0 uL into A1 of Labcon Plate on PCR Cooler on 1 at 7.6 uL/sec
Blowing out at A1 of Labcon Plate on PCR Cooler on 1
Dropping tip into A1 of Opentrons Fixed Trash on 12
Picking up tip from A5 of Opentrons OT-2 96 Tip Rack 20 µL on 10
Transferring 5.0 from A2 of DNA plate on Aluminum Block on 3 to A2 of Labcon Plate on PCR Cooler on 1
	Aspirating 5.0 uL from A2 of DNA plate on Aluminum Block on 3 at 7.6 uL/sec
	Dispensing 5.0 uL into A2 of Labcon Plate on PCR Cooler on 1 at 7.6 uL/sec
Blowing out at A2 of Labcon Plate on PCR Cooler on 1
Dropping tip into A1 of Opentrons Fixed Trash on 12
Picking up tip from A6 of Opentrons OT-2 96 Tip Rack 20 µL on 10
Transferring 5.0 from A3 of DNA plate on Aluminum Block on 3 to A3 of Labcon Plate on PCR Cooler on 1
	Aspirating 5.0 uL from A3 of DNA plate on Aluminum Block on 3 at 7.6 uL/sec
	Dispensing 5.0 uL into A3 of Labcon Plate on PCR Cooler on 1 at 7.6 uL/sec
Blowing out at A3 of Labcon Plate on PCR Cooler on 1
Dropping tip into A1 of Opentrons Fixed Trash on 12
Picking up tip from A7 of Opentrons OT-2 96 Tip Rack 20 µL on 10
Transferring 5.0 from A4 of DNA plate on Aluminum Block on 3 to A4 of Labcon Plate on PCR Cooler on 1
	Aspirating 5.0 uL from A4 of DNA plate on Aluminum Block on 3 at 7.6 uL/sec
	Dispensing 5.0 uL into A4 of Labcon Plate on PCR Cooler on 1 at 7.6 uL/sec
Blowing out at A4 of Labcon Plate on PCR Cooler on 1
Dropping tip into A1 of Opentrons Fixed Trash on 12
Picking up tip from A8 of Opentrons OT-2 96 Tip Rack 20 µL on 10
Transferring 5.0 from A5 of DNA plate on Aluminum Block on 3 to A5 of Labcon Plate on PCR Cooler on 1
	Aspirating 5.0 uL from A5 of DNA plate on Aluminum Block on 3 at 7.6 uL/sec
	Dispensing 5.0 uL into A5 of Labcon Plate on PCR Cooler on 1 at 7.6 uL/sec
Blowing out at A5 of Labcon Plate on PCR Cooler on 1
Dropping tip into A1 of Opentrons Fixed Trash on 12
Picking up tip from A9 of Opentrons OT-2 96 Tip Rack 20 µL on 10
Transferring 5.0 from A6 of DNA plate on Aluminum Block on 3 to A6 of Labcon Plate on PCR Cooler on 1
	Aspirating 5.0 uL from A6 of DNA plate on Aluminum Block on 3 at 7.6 uL/sec
	Dispensing 5.0 uL into A6 of Labcon Plate on PCR Cooler on 1 at 7.6 uL/sec
Blowing out at A6 of Labcon Plate on PCR Cooler on 1
Dropping tip into A1 of Opentrons Fixed Trash on 12
Picking up tip from A10 of Opentrons OT-2 96 Tip Rack 20 µL on 10
Transferring 5.0 from A7 of DNA plate on Aluminum Block on 3 to A7 of Labcon Plate on PCR Cooler on 1
	Aspirating 5.0 uL from A7 of DNA plate on Aluminum Block on 3 at 7.6 uL/sec
	Dispensing 5.0 uL into A7 of Labcon Plate on PCR Cooler on 1 at 7.6 uL/sec
Blowing out at A7 of Labcon Plate on PCR Cooler on 1
Dropping tip into A1 of Opentrons Fixed Trash on 12
Picking up tip from A11 of Opentrons OT-2 96 Tip Rack 20 µL on 10
Transferring 5.0 from A8 of DNA plate on Aluminum Block on 3 to A8 of Labcon Plate on PCR Cooler on 1
	Aspirating 5.0 uL from A8 of DNA plate on Aluminum Block on 3 at 7.6 uL/sec
	Dispensing 5.0 uL into A8 of Labcon Plate on PCR Cooler on 1 at 7.6 uL/sec
Blowing out at A8 of Labcon Plate on PCR Cooler on 1
Dropping tip into A1 of Opentrons Fixed Trash on 12
Picking up tip from A12 of Opentrons OT-2 96 Tip Rack 20 µL on 10
Transferring 5.0 from A9 of DNA plate on Aluminum Block on 3 to A9 of Labcon Plate on PCR Cooler on 1
	Aspirating 5.0 uL from A9 of DNA plate on Aluminum Block on 3 at 7.6 uL/sec
	Dispensing 5.0 uL into A9 of Labcon Plate on PCR Cooler on 1 at 7.6 uL/sec
Blowing out at A9 of Labcon Plate on PCR Cooler on 1
Dropping tip into A1 of Opentrons Fixed Trash on 12
Picking up tip from A1 of Opentrons OT-2 96 Tip Rack 20 µL on 11
Transferring 5.0 from A10 of DNA plate on Aluminum Block on 3 to A10 of Labcon Plate on PCR Cooler on 1
	Aspirating 5.0 uL from A10 of DNA plate on Aluminum Block on 3 at 7.6 uL/sec
	Dispensing 5.0 uL into A10 of Labcon Plate on PCR Cooler on 1 at 7.6 uL/sec
Blowing out at A10 of Labcon Plate on PCR Cooler on 1
Dropping tip into A1 of Opentrons Fixed Trash on 12
Picking up tip from A2 of Opentrons OT-2 96 Tip Rack 20 µL on 11
Transferring 5.0 from A11 of DNA plate on Aluminum Block on 3 to A11 of Labcon Plate on PCR Cooler on 1
	Aspirating 5.0 uL from A11 of DNA plate on Aluminum Block on 3 at 7.6 uL/sec
	Dispensing 5.0 uL into A11 of Labcon Plate on PCR Cooler on 1 at 7.6 uL/sec
Blowing out at A11 of Labcon Plate on PCR Cooler on 1
Dropping tip into A1 of Opentrons Fixed Trash on 12
Picking up tip from A3 of Opentrons OT-2 96 Tip Rack 20 µL on 11
Transferring 5.0 from A12 of DNA plate on Aluminum Block on 3 to A12 of Labcon Plate on PCR Cooler on 1
	Aspirating 5.0 uL from A12 of DNA plate on Aluminum Block on 3 at 7.6 uL/sec
	Dispensing 5.0 uL into A12 of Labcon Plate on PCR Cooler on 1 at 7.6 uL/sec
Blowing out at A12 of Labcon Plate on PCR Cooler on 1
Dropping tip into A1 of Opentrons Fixed Trash on 12
Pausing robot operation: Congratulations, you have completed step 4/4             of this protocol for plate 3. Please remove samples             from OT-2 and properly store. When you're ready to fill the             next plate, please load proper materials and click RESUME.
Picking up tip from A4 of Opentrons OT-2 96 Tip Rack 20 µL on 11
Transferring 8.7 from A1 of PCR Strip on PCR Cooler on 2 to A1 of Labcon Plate on PCR Cooler on 1
	Aspirating 8.7 uL from A1 of PCR Strip on PCR Cooler on 2 at 7.6 uL/sec
	Dispensing 8.7 uL into A1 of Labcon Plate on PCR Cooler on 1 at 7.6 uL/sec
Blowing out at A1 of Labcon Plate on PCR Cooler on 1
Transferring 8.7 from A1 of PCR Strip on PCR Cooler on 2 to A2 of Labcon Plate on PCR Cooler on 1
	Aspirating 8.7 uL from A1 of PCR Strip on PCR Cooler on 2 at 7.6 uL/sec
	Dispensing 8.7 uL into A2 of Labcon Plate on PCR Cooler on 1 at 7.6 uL/sec
Blowing out at A2 of Labcon Plate on PCR Cooler on 1
Transferring 8.7 from A1 of PCR Strip on PCR Cooler on 2 to A3 of Labcon Plate on PCR Cooler on 1
	Aspirating 8.7 uL from A1 of PCR Strip on PCR Cooler on 2 at 7.6 uL/sec
	Dispensing 8.7 uL into A3 of Labcon Plate on PCR Cooler on 1 at 7.6 uL/sec
Blowing out at A3 of Labcon Plate on PCR Cooler on 1
Transferring 8.7 from A1 of PCR Strip on PCR Cooler on 2 to A4 of Labcon Plate on PCR Cooler on 1
	Aspirating 8.7 uL from A1 of PCR Strip on PCR Cooler on 2 at 7.6 uL/sec
	Dispensing 8.7 uL into A4 of Labcon Plate on PCR Cooler on 1 at 7.6 uL/sec
Blowing out at A4 of Labcon Plate on PCR Cooler on 1
Transferring 8.7 from A1 of PCR Strip on PCR Cooler on 2 to A5 of Labcon Plate on PCR Cooler on 1
	Aspirating 8.7 uL from A1 of PCR Strip on PCR Cooler on 2 at 7.6 uL/sec
	Dispensing 8.7 uL into A5 of Labcon Plate on PCR Cooler on 1 at 7.6 uL/sec
Blowing out at A5 of Labcon Plate on PCR Cooler on 1
Transferring 8.7 from A1 of PCR Strip on PCR Cooler on 2 to A6 of Labcon Plate on PCR Cooler on 1
	Aspirating 8.7 uL from A1 of PCR Strip on PCR Cooler on 2 at 7.6 uL/sec
	Dispensing 8.7 uL into A6 of Labcon Plate on PCR Cooler on 1 at 7.6 uL/sec
Blowing out at A6 of Labcon Plate on PCR Cooler on 1
Transferring 8.7 from A1 of PCR Strip on PCR Cooler on 2 to A7 of Labcon Plate on PCR Cooler on 1
	Aspirating 8.7 uL from A1 of PCR Strip on PCR Cooler on 2 at 7.6 uL/sec
	Dispensing 8.7 uL into A7 of Labcon Plate on PCR Cooler on 1 at 7.6 uL/sec
Blowing out at A7 of Labcon Plate on PCR Cooler on 1
Transferring 8.7 from A1 of PCR Strip on PCR Cooler on 2 to A8 of Labcon Plate on PCR Cooler on 1
	Aspirating 8.7 uL from A1 of PCR Strip on PCR Cooler on 2 at 7.6 uL/sec
	Dispensing 8.7 uL into A8 of Labcon Plate on PCR Cooler on 1 at 7.6 uL/sec
Blowing out at A8 of Labcon Plate on PCR Cooler on 1
Transferring 8.7 from A1 of PCR Strip on PCR Cooler on 2 to A9 of Labcon Plate on PCR Cooler on 1
	Aspirating 8.7 uL from A1 of PCR Strip on PCR Cooler on 2 at 7.6 uL/sec
	Dispensing 8.7 uL into A9 of Labcon Plate on PCR Cooler on 1 at 7.6 uL/sec
Blowing out at A9 of Labcon Plate on PCR Cooler on 1
Transferring 8.7 from A1 of PCR Strip on PCR Cooler on 2 to A10 of Labcon Plate on PCR Cooler on 1
	Aspirating 8.7 uL from A1 of PCR Strip on PCR Cooler on 2 at 7.6 uL/sec
	Dispensing 8.7 uL into A10 of Labcon Plate on PCR Cooler on 1 at 7.6 uL/sec
Blowing out at A10 of Labcon Plate on PCR Cooler on 1
Transferring 8.7 from A1 of PCR Strip on PCR Cooler on 2 to A11 of Labcon Plate on PCR Cooler on 1
	Aspirating 8.7 uL from A1 of PCR Strip on PCR Cooler on 2 at 7.6 uL/sec
	Dispensing 8.7 uL into A11 of Labcon Plate on PCR Cooler on 1 at 7.6 uL/sec
Blowing out at A11 of Labcon Plate on PCR Cooler on 1
Transferring 8.7 from A1 of PCR Strip on PCR Cooler on 2 to A12 of Labcon Plate on PCR Cooler on 1
	Aspirating 8.7 uL from A1 of PCR Strip on PCR Cooler on 2 at 7.6 uL/sec
	Dispensing 8.7 uL into A12 of Labcon Plate on PCR Cooler on 1 at 7.6 uL/sec
Blowing out at A12 of Labcon Plate on PCR Cooler on 1
Dropping tip into A1 of Opentrons Fixed Trash on 12
Picking up tip from A5 of Opentrons OT-2 96 Tip Rack 20 µL on 11
Transferring 1.3 from A1 of primer plate (BioRad) on 4 to A1 of Labcon Plate on PCR Cooler on 1
	Aspirating 1.3 uL from A1 of primer plate (BioRad) on 4 at 7.6 uL/sec
	Dispensing 1.3 uL into A1 of Labcon Plate on PCR Cooler on 1 at 7.6 uL/sec
Blowing out at A1 of Labcon Plate on PCR Cooler on 1
Dropping tip into A1 of Opentrons Fixed Trash on 12
Picking up tip from A6 of Opentrons OT-2 96 Tip Rack 20 µL on 11
Transferring 1.3 from A2 of primer plate (BioRad) on 4 to A2 of Labcon Plate on PCR Cooler on 1
	Aspirating 1.3 uL from A2 of primer plate (BioRad) on 4 at 7.6 uL/sec
	Dispensing 1.3 uL into A2 of Labcon Plate on PCR Cooler on 1 at 7.6 uL/sec
Blowing out at A2 of Labcon Plate on PCR Cooler on 1
Dropping tip into A1 of Opentrons Fixed Trash on 12
Picking up tip from A7 of Opentrons OT-2 96 Tip Rack 20 µL on 11
Transferring 1.3 from A3 of primer plate (BioRad) on 4 to A3 of Labcon Plate on PCR Cooler on 1
	Aspirating 1.3 uL from A3 of primer plate (BioRad) on 4 at 7.6 uL/sec
	Dispensing 1.3 uL into A3 of Labcon Plate on PCR Cooler on 1 at 7.6 uL/sec
Blowing out at A3 of Labcon Plate on PCR Cooler on 1
Dropping tip into A1 of Opentrons Fixed Trash on 12
Picking up tip from A8 of Opentrons OT-2 96 Tip Rack 20 µL on 11
Transferring 1.3 from A4 of primer plate (BioRad) on 4 to A4 of Labcon Plate on PCR Cooler on 1
	Aspirating 1.3 uL from A4 of primer plate (BioRad) on 4 at 7.6 uL/sec
	Dispensing 1.3 uL into A4 of Labcon Plate on PCR Cooler on 1 at 7.6 uL/sec
Blowing out at A4 of Labcon Plate on PCR Cooler on 1
Dropping tip into A1 of Opentrons Fixed Trash on 12
Picking up tip from A9 of Opentrons OT-2 96 Tip Rack 20 µL on 11
Transferring 1.3 from A5 of primer plate (BioRad) on 4 to A5 of Labcon Plate on PCR Cooler on 1
	Aspirating 1.3 uL from A5 of primer plate (BioRad) on 4 at 7.6 uL/sec
	Dispensing 1.3 uL into A5 of Labcon Plate on PCR Cooler on 1 at 7.6 uL/sec
Blowing out at A5 of Labcon Plate on PCR Cooler on 1
Dropping tip into A1 of Opentrons Fixed Trash on 12
Picking up tip from A10 of Opentrons OT-2 96 Tip Rack 20 µL on 11
Transferring 1.3 from A6 of primer plate (BioRad) on 4 to A6 of Labcon Plate on PCR Cooler on 1
	Aspirating 1.3 uL from A6 of primer plate (BioRad) on 4 at 7.6 uL/sec
	Dispensing 1.3 uL into A6 of Labcon Plate on PCR Cooler on 1 at 7.6 uL/sec
Blowing out at A6 of Labcon Plate on PCR Cooler on 1
Dropping tip into A1 of Opentrons Fixed Trash on 12
Picking up tip from A11 of Opentrons OT-2 96 Tip Rack 20 µL on 11
Transferring 1.3 from A7 of primer plate (BioRad) on 4 to A7 of Labcon Plate on PCR Cooler on 1
	Aspirating 1.3 uL from A7 of primer plate (BioRad) on 4 at 7.6 uL/sec
	Dispensing 1.3 uL into A7 of Labcon Plate on PCR Cooler on 1 at 7.6 uL/sec
Blowing out at A7 of Labcon Plate on PCR Cooler on 1
Dropping tip into A1 of Opentrons Fixed Trash on 12
Picking up tip from A12 of Opentrons OT-2 96 Tip Rack 20 µL on 11
Transferring 1.3 from A8 of primer plate (BioRad) on 4 to A8 of Labcon Plate on PCR Cooler on 1
	Aspirating 1.3 uL from A8 of primer plate (BioRad) on 4 at 7.6 uL/sec
	Dispensing 1.3 uL into A8 of Labcon Plate on PCR Cooler on 1 at 7.6 uL/sec
Blowing out at A8 of Labcon Plate on PCR Cooler on 1
Dropping tip into A1 of Opentrons Fixed Trash on 12
Pausing robot operation: Replace 20ul tipracks before resuming.
Picking up tip from A1 of Opentrons OT-2 96 Tip Rack 20 µL on 5
Transferring 1.3 from A9 of primer plate (BioRad) on 4 to A9 of Labcon Plate on PCR Cooler on 1
	Aspirating 1.3 uL from A9 of primer plate (BioRad) on 4 at 7.6 uL/sec
	Dispensing 1.3 uL into A9 of Labcon Plate on PCR Cooler on 1 at 7.6 uL/sec
Blowing out at A9 of Labcon Plate on PCR Cooler on 1
Dropping tip into A1 of Opentrons Fixed Trash on 12
Picking up tip from A2 of Opentrons OT-2 96 Tip Rack 20 µL on 5
Transferring 1.3 from A10 of primer plate (BioRad) on 4 to A10 of Labcon Plate on PCR Cooler on 1
	Aspirating 1.3 uL from A10 of primer plate (BioRad) on 4 at 7.6 uL/sec
	Dispensing 1.3 uL into A10 of Labcon Plate on PCR Cooler on 1 at 7.6 uL/sec
Blowing out at A10 of Labcon Plate on PCR Cooler on 1
Dropping tip into A1 of Opentrons Fixed Trash on 12
Picking up tip from A3 of Opentrons OT-2 96 Tip Rack 20 µL on 5
Transferring 1.3 from A11 of primer plate (BioRad) on 4 to A11 of Labcon Plate on PCR Cooler on 1
	Aspirating 1.3 uL from A11 of primer plate (BioRad) on 4 at 7.6 uL/sec
	Dispensing 1.3 uL into A11 of Labcon Plate on PCR Cooler on 1 at 7.6 uL/sec
Blowing out at A11 of Labcon Plate on PCR Cooler on 1
Dropping tip into A1 of Opentrons Fixed Trash on 12
Picking up tip from A4 of Opentrons OT-2 96 Tip Rack 20 µL on 5
Transferring 1.3 from A12 of primer plate (BioRad) on 4 to A12 of Labcon Plate on PCR Cooler on 1
	Aspirating 1.3 uL from A12 of primer plate (BioRad) on 4 at 7.6 uL/sec
	Dispensing 1.3 uL into A12 of Labcon Plate on PCR Cooler on 1 at 7.6 uL/sec
Blowing out at A12 of Labcon Plate on PCR Cooler on 1
Dropping tip into A1 of Opentrons Fixed Trash on 12
Picking up tip from A5 of Opentrons OT-2 96 Tip Rack 20 µL on 5
Transferring 5.0 from A1 of DNA plate on Aluminum Block on 3 to A1 of Labcon Plate on PCR Cooler on 1
	Aspirating 5.0 uL from A1 of DNA plate on Aluminum Block on 3 at 7.6 uL/sec
	Dispensing 5.0 uL into A1 of Labcon Plate on PCR Cooler on 1 at 7.6 uL/sec
Blowing out at A1 of Labcon Plate on PCR Cooler on 1
Dropping tip into A1 of Opentrons Fixed Trash on 12
Picking up tip from A6 of Opentrons OT-2 96 Tip Rack 20 µL on 5
Transferring 5.0 from A2 of DNA plate on Aluminum Block on 3 to A2 of Labcon Plate on PCR Cooler on 1
	Aspirating 5.0 uL from A2 of DNA plate on Aluminum Block on 3 at 7.6 uL/sec
	Dispensing 5.0 uL into A2 of Labcon Plate on PCR Cooler on 1 at 7.6 uL/sec
Blowing out at A2 of Labcon Plate on PCR Cooler on 1
Dropping tip into A1 of Opentrons Fixed Trash on 12
Picking up tip from A7 of Opentrons OT-2 96 Tip Rack 20 µL on 5
Transferring 5.0 from A3 of DNA plate on Aluminum Block on 3 to A3 of Labcon Plate on PCR Cooler on 1
	Aspirating 5.0 uL from A3 of DNA plate on Aluminum Block on 3 at 7.6 uL/sec
	Dispensing 5.0 uL into A3 of Labcon Plate on PCR Cooler on 1 at 7.6 uL/sec
Blowing out at A3 of Labcon Plate on PCR Cooler on 1
Dropping tip into A1 of Opentrons Fixed Trash on 12
Picking up tip from A8 of Opentrons OT-2 96 Tip Rack 20 µL on 5
Transferring 5.0 from A4 of DNA plate on Aluminum Block on 3 to A4 of Labcon Plate on PCR Cooler on 1
	Aspirating 5.0 uL from A4 of DNA plate on Aluminum Block on 3 at 7.6 uL/sec
	Dispensing 5.0 uL into A4 of Labcon Plate on PCR Cooler on 1 at 7.6 uL/sec
Blowing out at A4 of Labcon Plate on PCR Cooler on 1
Dropping tip into A1 of Opentrons Fixed Trash on 12
Picking up tip from A9 of Opentrons OT-2 96 Tip Rack 20 µL on 5
Transferring 5.0 from A5 of DNA plate on Aluminum Block on 3 to A5 of Labcon Plate on PCR Cooler on 1
	Aspirating 5.0 uL from A5 of DNA plate on Aluminum Block on 3 at 7.6 uL/sec
	Dispensing 5.0 uL into A5 of Labcon Plate on PCR Cooler on 1 at 7.6 uL/sec
Blowing out at A5 of Labcon Plate on PCR Cooler on 1
Dropping tip into A1 of Opentrons Fixed Trash on 12
Picking up tip from A10 of Opentrons OT-2 96 Tip Rack 20 µL on 5
Transferring 5.0 from A6 of DNA plate on Aluminum Block on 3 to A6 of Labcon Plate on PCR Cooler on 1
	Aspirating 5.0 uL from A6 of DNA plate on Aluminum Block on 3 at 7.6 uL/sec
	Dispensing 5.0 uL into A6 of Labcon Plate on PCR Cooler on 1 at 7.6 uL/sec
Blowing out at A6 of Labcon Plate on PCR Cooler on 1
Dropping tip into A1 of Opentrons Fixed Trash on 12
Picking up tip from A11 of Opentrons OT-2 96 Tip Rack 20 µL on 5
Transferring 5.0 from A7 of DNA plate on Aluminum Block on 3 to A7 of Labcon Plate on PCR Cooler on 1
	Aspirating 5.0 uL from A7 of DNA plate on Aluminum Block on 3 at 7.6 uL/sec
	Dispensing 5.0 uL into A7 of Labcon Plate on PCR Cooler on 1 at 7.6 uL/sec
Blowing out at A7 of Labcon Plate on PCR Cooler on 1
Dropping tip into A1 of Opentrons Fixed Trash on 12
Picking up tip from A12 of Opentrons OT-2 96 Tip Rack 20 µL on 5
Transferring 5.0 from A8 of DNA plate on Aluminum Block on 3 to A8 of Labcon Plate on PCR Cooler on 1
	Aspirating 5.0 uL from A8 of DNA plate on Aluminum Block on 3 at 7.6 uL/sec
	Dispensing 5.0 uL into A8 of Labcon Plate on PCR Cooler on 1 at 7.6 uL/sec
Blowing out at A8 of Labcon Plate on PCR Cooler on 1
Dropping tip into A1 of Opentrons Fixed Trash on 12
Picking up tip from A1 of Opentrons OT-2 96 Tip Rack 20 µL on 6
Transferring 5.0 from A9 of DNA plate on Aluminum Block on 3 to A9 of Labcon Plate on PCR Cooler on 1
	Aspirating 5.0 uL from A9 of DNA plate on Aluminum Block on 3 at 7.6 uL/sec
	Dispensing 5.0 uL into A9 of Labcon Plate on PCR Cooler on 1 at 7.6 uL/sec
Blowing out at A9 of Labcon Plate on PCR Cooler on 1
Dropping tip into A1 of Opentrons Fixed Trash on 12
Picking up tip from A2 of Opentrons OT-2 96 Tip Rack 20 µL on 6
Transferring 5.0 from A10 of DNA plate on Aluminum Block on 3 to A10 of Labcon Plate on PCR Cooler on 1
	Aspirating 5.0 uL from A10 of DNA plate on Aluminum Block on 3 at 7.6 uL/sec
	Dispensing 5.0 uL into A10 of Labcon Plate on PCR Cooler on 1 at 7.6 uL/sec
Blowing out at A10 of Labcon Plate on PCR Cooler on 1
Dropping tip into A1 of Opentrons Fixed Trash on 12
Picking up tip from A3 of Opentrons OT-2 96 Tip Rack 20 µL on 6
Transferring 5.0 from A11 of DNA plate on Aluminum Block on 3 to A11 of Labcon Plate on PCR Cooler on 1
	Aspirating 5.0 uL from A11 of DNA plate on Aluminum Block on 3 at 7.6 uL/sec
	Dispensing 5.0 uL into A11 of Labcon Plate on PCR Cooler on 1 at 7.6 uL/sec
Blowing out at A11 of Labcon Plate on PCR Cooler on 1
Dropping tip into A1 of Opentrons Fixed Trash on 12
Picking up tip from A4 of Opentrons OT-2 96 Tip Rack 20 µL on 6
Transferring 5.0 from A12 of DNA plate on Aluminum Block on 3 to A12 of Labcon Plate on PCR Cooler on 1
	Aspirating 5.0 uL from A12 of DNA plate on Aluminum Block on 3 at 7.6 uL/sec
	Dispensing 5.0 uL into A12 of Labcon Plate on PCR Cooler on 1 at 7.6 uL/sec
Blowing out at A12 of Labcon Plate on PCR Cooler on 1
Dropping tip into A1 of Opentrons Fixed Trash on 12
Congratulations, you have completed step 4/4             of this protocol. Please remove samples from OT-2             and properly store.
Caught exception: {'message': 'Task was destroyed but it is pending!', 'task': <Task pending name='Task-4' coro=<Poller._poll_forever() running at /Users/dp/Desktop/project/github/opentrons/venv/lib/python3.10/site-packages/opentrons/hardware_control/poller.py:80> wait_for=<Future pending cb=[Task.task_wakeup()]>>}
Caught exception: {'message': 'Task was destroyed but it is pending!', 'task': <Task pending name='Task-3' coro=<Poller._poll_forever() running at /Users/dp/Desktop/project/github/opentrons/venv/lib/python3.10/site-packages/opentrons/hardware_control/poller.py:80> wait_for=<Future pending cb=[Task.task_wakeup()]>>}
Caught exception: {'message': 'Task was destroyed but it is pending!', 'task': <Task pending name='Task-2' coro=<Poller._poll_forever() running at /Users/dp/Desktop/project/github/opentrons/venv/lib/python3.10/site-packages/opentrons/hardware_control/poller.py:80> wait_for=<Future pending cb=[Task.task_wakeup()]>>}
