/Users/dp/Desktop/project/github/opentrons/venv/lib/python3.10/site-packages/opentrons/hardware_control/simulator_setup.py:205: UserWarning: Simulator configuration does not name a machine, defaulting to OT-2 Standard
  warn(
/Users/dp/.opentrons/robot_settings.json not found. Loading defaults
Deck calibration not found.
/Users/dp/.opentrons/deck_calibration.json not found. Loading defaults

Adding magbeads

Picking up tip from A1 of Opentrons OT-2 96 Filter Tip Rack 200 µL on 4
Distributing 30.0 from A2 of NEST 12 Well Reservoir 15 mL on 2 to A9 of NEST 96 Well Plate 100 µL PCR Full Skirt on Magnetic Module GEN2 on 1
	Transferring 30.0 from A2 of NEST 12 Well Reservoir 15 mL on 2 to A9 of NEST 96 Well Plate 100 µL PCR Full Skirt on Magnetic Module GEN2 on 1
		Mixing 5 times with a volume of 200.0 ul
			Aspirating 200.0 uL from A2 of NEST 12 Well Reservoir 15 mL on 2 at 150.0 uL/sec
			Dispensing 200.0 uL into A2 of NEST 12 Well Reservoir 15 mL on 2 at 300.0 uL/sec
			Aspirating 200.0 uL from A2 of NEST 12 Well Reservoir 15 mL on 2 at 150.0 uL/sec
			Dispensing 200.0 uL into A2 of NEST 12 Well Reservoir 15 mL on 2 at 300.0 uL/sec
			Aspirating 200.0 uL from A2 of NEST 12 Well Reservoir 15 mL on 2 at 150.0 uL/sec
			Dispensing 200.0 uL into A2 of NEST 12 Well Reservoir 15 mL on 2 at 300.0 uL/sec
			Aspirating 200.0 uL from A2 of NEST 12 Well Reservoir 15 mL on 2 at 150.0 uL/sec
			Dispensing 200.0 uL into A2 of NEST 12 Well Reservoir 15 mL on 2 at 300.0 uL/sec
			Aspirating 200.0 uL from A2 of NEST 12 Well Reservoir 15 mL on 2 at 150.0 uL/sec
			Dispensing 200.0 uL into A2 of NEST 12 Well Reservoir 15 mL on 2 at 300.0 uL/sec
		Aspirating 60.0 uL from A2 of NEST 12 Well Reservoir 15 mL on 2 at 150.0 uL/sec
		Dispensing 30.0 uL into A9 of NEST 96 Well Plate 100 µL PCR Full Skirt on Magnetic Module GEN2 on 1 at 300.0 uL/sec
		Blowing out at A1 of Opentrons Fixed Trash on 12
Dropping tip into A1 of Opentrons Fixed Trash on 12
Picking up tip from A2 of Opentrons OT-2 96 Filter Tip Rack 200 µL on 4
Mixing 10 times with a volume of 80.0 ul
	Aspirating 80.0 uL from A9 of NEST 96 Well Plate 100 µL PCR Full Skirt on Magnetic Module GEN2 on 1 at 7.56 uL/sec
	Dispensing 80.0 uL into A9 of NEST 96 Well Plate 100 µL PCR Full Skirt on Magnetic Module GEN2 on 1 at 7.56 uL/sec
	Aspirating 80.0 uL from A9 of NEST 96 Well Plate 100 µL PCR Full Skirt on Magnetic Module GEN2 on 1 at 7.56 uL/sec
	Dispensing 80.0 uL into A9 of NEST 96 Well Plate 100 µL PCR Full Skirt on Magnetic Module GEN2 on 1 at 7.56 uL/sec
	Aspirating 80.0 uL from A9 of NEST 96 Well Plate 100 µL PCR Full Skirt on Magnetic Module GEN2 on 1 at 7.56 uL/sec
	Dispensing 80.0 uL into A9 of NEST 96 Well Plate 100 µL PCR Full Skirt on Magnetic Module GEN2 on 1 at 7.56 uL/sec
	Aspirating 80.0 uL from A9 of NEST 96 Well Plate 100 µL PCR Full Skirt on Magnetic Module GEN2 on 1 at 7.56 uL/sec
	Dispensing 80.0 uL into A9 of NEST 96 Well Plate 100 µL PCR Full Skirt on Magnetic Module GEN2 on 1 at 7.56 uL/sec
	Aspirating 80.0 uL from A9 of NEST 96 Well Plate 100 µL PCR Full Skirt on Magnetic Module GEN2 on 1 at 7.56 uL/sec
	Dispensing 80.0 uL into A9 of NEST 96 Well Plate 100 µL PCR Full Skirt on Magnetic Module GEN2 on 1 at 7.56 uL/sec
	Aspirating 80.0 uL from A9 of NEST 96 Well Plate 100 µL PCR Full Skirt on Magnetic Module GEN2 on 1 at 7.56 uL/sec
	Dispensing 80.0 uL into A9 of NEST 96 Well Plate 100 µL PCR Full Skirt on Magnetic Module GEN2 on 1 at 7.56 uL/sec
	Aspirating 80.0 uL from A9 of NEST 96 Well Plate 100 µL PCR Full Skirt on Magnetic Module GEN2 on 1 at 7.56 uL/sec
	Dispensing 80.0 uL into A9 of NEST 96 Well Plate 100 µL PCR Full Skirt on Magnetic Module GEN2 on 1 at 7.56 uL/sec
	Aspirating 80.0 uL from A9 of NEST 96 Well Plate 100 µL PCR Full Skirt on Magnetic Module GEN2 on 1 at 7.56 uL/sec
	Dispensing 80.0 uL into A9 of NEST 96 Well Plate 100 µL PCR Full Skirt on Magnetic Module GEN2 on 1 at 7.56 uL/sec
	Aspirating 80.0 uL from A9 of NEST 96 Well Plate 100 µL PCR Full Skirt on Magnetic Module GEN2 on 1 at 7.56 uL/sec
	Dispensing 80.0 uL into A9 of NEST 96 Well Plate 100 µL PCR Full Skirt on Magnetic Module GEN2 on 1 at 7.56 uL/sec
	Aspirating 80.0 uL from A9 of NEST 96 Well Plate 100 µL PCR Full Skirt on Magnetic Module GEN2 on 1 at 7.56 uL/sec
	Dispensing 80.0 uL into A9 of NEST 96 Well Plate 100 µL PCR Full Skirt on Magnetic Module GEN2 on 1 at 7.56 uL/sec
Touching tip
Dropping tip into A1 of Opentrons Fixed Trash on 12
Delaying for 7 minutes and 30.0 seconds
Pausing robot operation: Remove magnetic plate from deck, seal and spin down -
                 place back on the magnetic module
                 If needed, please empty trash.

Engaging magnetic module in extraction step

Engaging Magnetic Module
Delaying for 5 minutes and 0.0 seconds
Picking up tip from A3 of Opentrons OT-2 96 Filter Tip Rack 200 µL on 4
Moving to A9 of NEST 96 Well Plate 100 µL PCR Full Skirt on Magnetic Module GEN2 on 1
Aspirating 55.0 uL from A9 of NEST 96 Well Plate 100 µL PCR Full Skirt on Magnetic Module GEN2 on 1 at 150.0 uL/sec
Dispensing 55.0 uL into A5 of NEST 12 Well Reservoir 15 mL on 2 at 300.0 uL/sec
Dropping tip into A1 of Opentrons Fixed Trash on 12
Picking up tip from A4 of Opentrons OT-2 96 Filter Tip Rack 200 µL on 4
Aspirating 200.0 uL from A12 of NEST 12 Well Reservoir 15 mL on 2 at 150.0 uL/sec
Dispensing 200.0 uL into A9 of NEST 96 Well Plate 100 µL PCR Full Skirt on Magnetic Module GEN2 on 1 at 300.0 uL/sec
Dropping tip into A1 of Opentrons Fixed Trash on 12
Delaying for 0 minutes and 30.0 seconds
Picking up tip from A5 of Opentrons OT-2 96 Filter Tip Rack 200 µL on 4
Moving to A9 of NEST 96 Well Plate 100 µL PCR Full Skirt on Magnetic Module GEN2 on 1
Aspirating 200.0 uL from A9 of NEST 96 Well Plate 100 µL PCR Full Skirt on Magnetic Module GEN2 on 1 at 150.0 uL/sec
Dispensing 200.0 uL into A5 of NEST 12 Well Reservoir 15 mL on 2 at 300.0 uL/sec
Dropping tip into A1 of Opentrons Fixed Trash on 12



Picking up tip from A6 of Opentrons OT-2 96 Filter Tip Rack 200 µL on 4
Aspirating 200.0 uL from A12 of NEST 12 Well Reservoir 15 mL on 2 at 150.0 uL/sec
Dispensing 200.0 uL into A9 of NEST 96 Well Plate 100 µL PCR Full Skirt on Magnetic Module GEN2 on 1 at 300.0 uL/sec
Dropping tip into A1 of Opentrons Fixed Trash on 12
Delaying for 0 minutes and 30.0 seconds
Picking up tip from A7 of Opentrons OT-2 96 Filter Tip Rack 200 µL on 4
Moving to A9 of NEST 96 Well Plate 100 µL PCR Full Skirt on Magnetic Module GEN2 on 1
Aspirating 200.0 uL from A9 of NEST 96 Well Plate 100 µL PCR Full Skirt on Magnetic Module GEN2 on 1 at 150.0 uL/sec
Dispensing 200.0 uL into A5 of NEST 12 Well Reservoir 15 mL on 2 at 300.0 uL/sec
Dropping tip into A1 of Opentrons Fixed Trash on 12



Disengaging Magnetic Module
Pausing robot operation: Seal and spin down sample plate -
                if needed, please empty trash.
Delaying for 1 minutes and 0.0 seconds
Picking up tip from A8 of Opentrons OT-2 96 Filter Tip Rack 200 µL on 4
Aspirating 22.0 uL from A1 of NEST 12 Well Reservoir 15 mL on 2 at 150.0 uL/sec
Dispensing 22.0 uL into A9 of NEST 96 Well Plate 100 µL PCR Full Skirt on Magnetic Module GEN2 on 1 at 300.0 uL/sec
Dropping tip into A1 of Opentrons Fixed Trash on 12
Picking up tip from A9 of Opentrons OT-2 96 Filter Tip Rack 200 µL on 4
Mixing 5 times with a volume of 10.0 ul
	Aspirating 10.0 uL from A9 of NEST 96 Well Plate 100 µL PCR Full Skirt on Magnetic Module GEN2 on 1 at 7.56 uL/sec
	Dispensing 10.0 uL into A9 of NEST 96 Well Plate 100 µL PCR Full Skirt on Magnetic Module GEN2 on 1 at 7.56 uL/sec
	Aspirating 10.0 uL from A9 of NEST 96 Well Plate 100 µL PCR Full Skirt on Magnetic Module GEN2 on 1 at 7.56 uL/sec
	Dispensing 10.0 uL into A9 of NEST 96 Well Plate 100 µL PCR Full Skirt on Magnetic Module GEN2 on 1 at 7.56 uL/sec
	Aspirating 10.0 uL from A9 of NEST 96 Well Plate 100 µL PCR Full Skirt on Magnetic Module GEN2 on 1 at 7.56 uL/sec
	Dispensing 10.0 uL into A9 of NEST 96 Well Plate 100 µL PCR Full Skirt on Magnetic Module GEN2 on 1 at 7.56 uL/sec
	Aspirating 10.0 uL from A9 of NEST 96 Well Plate 100 µL PCR Full Skirt on Magnetic Module GEN2 on 1 at 7.56 uL/sec
	Dispensing 10.0 uL into A9 of NEST 96 Well Plate 100 µL PCR Full Skirt on Magnetic Module GEN2 on 1 at 7.56 uL/sec
	Aspirating 10.0 uL from A9 of NEST 96 Well Plate 100 µL PCR Full Skirt on Magnetic Module GEN2 on 1 at 7.56 uL/sec
	Dispensing 10.0 uL into A9 of NEST 96 Well Plate 100 µL PCR Full Skirt on Magnetic Module GEN2 on 1 at 7.56 uL/sec
Blowing out at A9 of NEST 96 Well Plate 100 µL PCR Full Skirt on Magnetic Module GEN2 on 1
Dropping tip into A1 of Opentrons Fixed Trash on 12
Delaying for 4 minutes and 0.0 seconds
Pausing robot operation: Seal and spin down sample plate -
             remove seal, then place back on magnet.
             If needed, please empty trash.
Engaging Magnetic Module
Delaying for 3 minutes and 0.0 seconds
Picking up tip from A10 of Opentrons OT-2 96 Filter Tip Rack 200 µL on 4
Aspirating 20.0 uL from A9 of NEST 96 Well Plate 100 µL PCR Full Skirt on Magnetic Module GEN2 on 1 at 150.0 uL/sec
Dispensing 20.0 uL into A5 of NEST 96 Well Plate 100 µL PCR Full Skirt on 9 at 300.0 uL/sec
Dropping tip into A1 of Opentrons Fixed Trash on 12



Protocol complete -
    If desired, this is a safe stopping point.
    Supernatant is in columns 5, 6, and 7.
    Samples can be stored in -20C freezer.
Caught exception: {'message': 'Task was destroyed but it is pending!', 'task': <Task pending name='Task-4' coro=<Poller._poll_forever() running at /Users/dp/Desktop/project/github/opentrons/venv/lib/python3.10/site-packages/opentrons/hardware_control/poller.py:80> wait_for=<Future pending cb=[Task.task_wakeup()]>>}
Caught exception: {'message': 'Task was destroyed but it is pending!', 'task': <Task pending name='Task-3' coro=<Poller._poll_forever() running at /Users/dp/Desktop/project/github/opentrons/venv/lib/python3.10/site-packages/opentrons/hardware_control/poller.py:80> wait_for=<Future pending cb=[Task.task_wakeup()]>>}
Caught exception: {'message': 'Task was destroyed but it is pending!', 'task': <Task pending name='Task-2' coro=<Poller._poll_forever() running at /Users/dp/Desktop/project/github/opentrons/venv/lib/python3.10/site-packages/opentrons/hardware_control/poller.py:80> wait_for=<Future pending cb=[Task.task_wakeup()]>>}
