/Users/dp/Desktop/project/github/opentrons/venv/lib/python3.10/site-packages/opentrons/hardware_control/simulator_setup.py:205: UserWarning: Simulator configuration does not name a machine, defaulting to OT-2 Standard
  warn(
/Users/dp/.opentrons/robot_settings.json not found. Loading defaults
Deck calibration not found.
/Users/dp/.opentrons/deck_calibration.json not found. Loading defaults
Picking up tip from A1 of Opentrons OT-2 96 Filter Tip Rack 200 µL on 5
Mixing 2 times with a volume of 50.0 ul
	Aspirating 50.0 uL from A1 of NEST 12 Well Reservoir 15 mL on 4 at 50.0 uL/sec
	Dispensing 50.0 uL into A1 of NEST 12 Well Reservoir 15 mL on 4 at 50.0 uL/sec
	Aspirating 50.0 uL from A1 of NEST 12 Well Reservoir 15 mL on 4 at 50.0 uL/sec
	Dispensing 50.0 uL into A1 of NEST 12 Well Reservoir 15 mL on 4 at 50.0 uL/sec
Transferring 36.0 from A1 of NEST 12 Well Reservoir 15 mL on 4 to A1 of NO MAG on 2
	Aspirating 36.0 uL from A1 of NEST 12 Well Reservoir 15 mL on 4 at 30.0 uL/sec
	Dispensing 36.0 uL into A1 of NO MAG on 2 at 30.0 uL/sec
Mixing 6 times with a volume of 40.0 ul
	Aspirating 40.0 uL from A1 of NO MAG on 2 at 30.0 uL/sec
	Dispensing 40.0 uL into A1 of NO MAG on 2 at 30.0 uL/sec
	Aspirating 40.0 uL from A1 of NO MAG on 2 at 30.0 uL/sec
	Dispensing 40.0 uL into A1 of NO MAG on 2 at 30.0 uL/sec
	Aspirating 40.0 uL from A1 of NO MAG on 2 at 30.0 uL/sec
	Dispensing 40.0 uL into A1 of NO MAG on 2 at 30.0 uL/sec
	Aspirating 40.0 uL from A1 of NO MAG on 2 at 30.0 uL/sec
	Dispensing 40.0 uL into A1 of NO MAG on 2 at 30.0 uL/sec
	Aspirating 40.0 uL from A1 of NO MAG on 2 at 30.0 uL/sec
	Dispensing 40.0 uL into A1 of NO MAG on 2 at 30.0 uL/sec
	Aspirating 40.0 uL from A1 of NO MAG on 2 at 30.0 uL/sec
	Dispensing 40.0 uL into A1 of NO MAG on 2 at 30.0 uL/sec
Moving to A1 of NO MAG on 2
Air gap
	Aspirating 20.0 uL from A1 of NO MAG on 2 at 30.0 uL/sec
Returning tip
	Dropping tip into A1 of Opentrons OT-2 96 Filter Tip Rack 200 µL on 5
Picking up tip from A2 of Opentrons OT-2 96 Filter Tip Rack 200 µL on 5
Mixing 2 times with a volume of 50.0 ul
	Aspirating 50.0 uL from A1 of NEST 12 Well Reservoir 15 mL on 4 at 50.0 uL/sec
	Dispensing 50.0 uL into A1 of NEST 12 Well Reservoir 15 mL on 4 at 50.0 uL/sec
	Aspirating 50.0 uL from A1 of NEST 12 Well Reservoir 15 mL on 4 at 50.0 uL/sec
	Dispensing 50.0 uL into A1 of NEST 12 Well Reservoir 15 mL on 4 at 50.0 uL/sec
Transferring 36.0 from A1 of NEST 12 Well Reservoir 15 mL on 4 to A2 of NO MAG on 2
	Aspirating 36.0 uL from A1 of NEST 12 Well Reservoir 15 mL on 4 at 30.0 uL/sec
	Dispensing 36.0 uL into A2 of NO MAG on 2 at 30.0 uL/sec
Mixing 6 times with a volume of 40.0 ul
	Aspirating 40.0 uL from A2 of NO MAG on 2 at 30.0 uL/sec
	Dispensing 40.0 uL into A2 of NO MAG on 2 at 30.0 uL/sec
	Aspirating 40.0 uL from A2 of NO MAG on 2 at 30.0 uL/sec
	Dispensing 40.0 uL into A2 of NO MAG on 2 at 30.0 uL/sec
	Aspirating 40.0 uL from A2 of NO MAG on 2 at 30.0 uL/sec
	Dispensing 40.0 uL into A2 of NO MAG on 2 at 30.0 uL/sec
	Aspirating 40.0 uL from A2 of NO MAG on 2 at 30.0 uL/sec
	Dispensing 40.0 uL into A2 of NO MAG on 2 at 30.0 uL/sec
	Aspirating 40.0 uL from A2 of NO MAG on 2 at 30.0 uL/sec
	Dispensing 40.0 uL into A2 of NO MAG on 2 at 30.0 uL/sec
	Aspirating 40.0 uL from A2 of NO MAG on 2 at 30.0 uL/sec
	Dispensing 40.0 uL into A2 of NO MAG on 2 at 30.0 uL/sec
Moving to A2 of NO MAG on 2
Air gap
	Aspirating 20.0 uL from A2 of NO MAG on 2 at 30.0 uL/sec
Returning tip
	Dropping tip into A2 of Opentrons OT-2 96 Filter Tip Rack 200 µL on 5
Picking up tip from A3 of Opentrons OT-2 96 Filter Tip Rack 200 µL on 5
Mixing 2 times with a volume of 50.0 ul
	Aspirating 50.0 uL from A1 of NEST 12 Well Reservoir 15 mL on 4 at 50.0 uL/sec
	Dispensing 50.0 uL into A1 of NEST 12 Well Reservoir 15 mL on 4 at 50.0 uL/sec
	Aspirating 50.0 uL from A1 of NEST 12 Well Reservoir 15 mL on 4 at 50.0 uL/sec
	Dispensing 50.0 uL into A1 of NEST 12 Well Reservoir 15 mL on 4 at 50.0 uL/sec
Transferring 36.0 from A1 of NEST 12 Well Reservoir 15 mL on 4 to A3 of NO MAG on 2
	Aspirating 36.0 uL from A1 of NEST 12 Well Reservoir 15 mL on 4 at 30.0 uL/sec
	Dispensing 36.0 uL into A3 of NO MAG on 2 at 30.0 uL/sec
Mixing 6 times with a volume of 40.0 ul
	Aspirating 40.0 uL from A3 of NO MAG on 2 at 30.0 uL/sec
	Dispensing 40.0 uL into A3 of NO MAG on 2 at 30.0 uL/sec
	Aspirating 40.0 uL from A3 of NO MAG on 2 at 30.0 uL/sec
	Dispensing 40.0 uL into A3 of NO MAG on 2 at 30.0 uL/sec
	Aspirating 40.0 uL from A3 of NO MAG on 2 at 30.0 uL/sec
	Dispensing 40.0 uL into A3 of NO MAG on 2 at 30.0 uL/sec
	Aspirating 40.0 uL from A3 of NO MAG on 2 at 30.0 uL/sec
	Dispensing 40.0 uL into A3 of NO MAG on 2 at 30.0 uL/sec
	Aspirating 40.0 uL from A3 of NO MAG on 2 at 30.0 uL/sec
	Dispensing 40.0 uL into A3 of NO MAG on 2 at 30.0 uL/sec
	Aspirating 40.0 uL from A3 of NO MAG on 2 at 30.0 uL/sec
	Dispensing 40.0 uL into A3 of NO MAG on 2 at 30.0 uL/sec
Moving to A3 of NO MAG on 2
Air gap
	Aspirating 20.0 uL from A3 of NO MAG on 2 at 30.0 uL/sec
Returning tip
	Dropping tip into A3 of Opentrons OT-2 96 Filter Tip Rack 200 µL on 5
Picking up tip from A4 of Opentrons OT-2 96 Filter Tip Rack 200 µL on 5
Mixing 2 times with a volume of 50.0 ul
	Aspirating 50.0 uL from A1 of NEST 12 Well Reservoir 15 mL on 4 at 50.0 uL/sec
	Dispensing 50.0 uL into A1 of NEST 12 Well Reservoir 15 mL on 4 at 50.0 uL/sec
	Aspirating 50.0 uL from A1 of NEST 12 Well Reservoir 15 mL on 4 at 50.0 uL/sec
	Dispensing 50.0 uL into A1 of NEST 12 Well Reservoir 15 mL on 4 at 50.0 uL/sec
Transferring 36.0 from A1 of NEST 12 Well Reservoir 15 mL on 4 to A4 of NO MAG on 2
	Aspirating 36.0 uL from A1 of NEST 12 Well Reservoir 15 mL on 4 at 30.0 uL/sec
	Dispensing 36.0 uL into A4 of NO MAG on 2 at 30.0 uL/sec
Mixing 6 times with a volume of 40.0 ul
	Aspirating 40.0 uL from A4 of NO MAG on 2 at 30.0 uL/sec
	Dispensing 40.0 uL into A4 of NO MAG on 2 at 30.0 uL/sec
	Aspirating 40.0 uL from A4 of NO MAG on 2 at 30.0 uL/sec
	Dispensing 40.0 uL into A4 of NO MAG on 2 at 30.0 uL/sec
	Aspirating 40.0 uL from A4 of NO MAG on 2 at 30.0 uL/sec
	Dispensing 40.0 uL into A4 of NO MAG on 2 at 30.0 uL/sec
	Aspirating 40.0 uL from A4 of NO MAG on 2 at 30.0 uL/sec
	Dispensing 40.0 uL into A4 of NO MAG on 2 at 30.0 uL/sec
	Aspirating 40.0 uL from A4 of NO MAG on 2 at 30.0 uL/sec
	Dispensing 40.0 uL into A4 of NO MAG on 2 at 30.0 uL/sec
	Aspirating 40.0 uL from A4 of NO MAG on 2 at 30.0 uL/sec
	Dispensing 40.0 uL into A4 of NO MAG on 2 at 30.0 uL/sec
Moving to A4 of NO MAG on 2
Air gap
	Aspirating 20.0 uL from A4 of NO MAG on 2 at 30.0 uL/sec
Returning tip
	Dropping tip into A4 of Opentrons OT-2 96 Filter Tip Rack 200 µL on 5
Picking up tip from A5 of Opentrons OT-2 96 Filter Tip Rack 200 µL on 5
Mixing 2 times with a volume of 50.0 ul
	Aspirating 50.0 uL from A1 of NEST 12 Well Reservoir 15 mL on 4 at 50.0 uL/sec
	Dispensing 50.0 uL into A1 of NEST 12 Well Reservoir 15 mL on 4 at 50.0 uL/sec
	Aspirating 50.0 uL from A1 of NEST 12 Well Reservoir 15 mL on 4 at 50.0 uL/sec
	Dispensing 50.0 uL into A1 of NEST 12 Well Reservoir 15 mL on 4 at 50.0 uL/sec
Transferring 36.0 from A1 of NEST 12 Well Reservoir 15 mL on 4 to A5 of NO MAG on 2
	Aspirating 36.0 uL from A1 of NEST 12 Well Reservoir 15 mL on 4 at 30.0 uL/sec
	Dispensing 36.0 uL into A5 of NO MAG on 2 at 30.0 uL/sec
Mixing 6 times with a volume of 40.0 ul
	Aspirating 40.0 uL from A5 of NO MAG on 2 at 30.0 uL/sec
	Dispensing 40.0 uL into A5 of NO MAG on 2 at 30.0 uL/sec
	Aspirating 40.0 uL from A5 of NO MAG on 2 at 30.0 uL/sec
	Dispensing 40.0 uL into A5 of NO MAG on 2 at 30.0 uL/sec
	Aspirating 40.0 uL from A5 of NO MAG on 2 at 30.0 uL/sec
	Dispensing 40.0 uL into A5 of NO MAG on 2 at 30.0 uL/sec
	Aspirating 40.0 uL from A5 of NO MAG on 2 at 30.0 uL/sec
	Dispensing 40.0 uL into A5 of NO MAG on 2 at 30.0 uL/sec
	Aspirating 40.0 uL from A5 of NO MAG on 2 at 30.0 uL/sec
	Dispensing 40.0 uL into A5 of NO MAG on 2 at 30.0 uL/sec
	Aspirating 40.0 uL from A5 of NO MAG on 2 at 30.0 uL/sec
	Dispensing 40.0 uL into A5 of NO MAG on 2 at 30.0 uL/sec
Moving to A5 of NO MAG on 2
Air gap
	Aspirating 20.0 uL from A5 of NO MAG on 2 at 30.0 uL/sec
Returning tip
	Dropping tip into A5 of Opentrons OT-2 96 Filter Tip Rack 200 µL on 5
Picking up tip from A6 of Opentrons OT-2 96 Filter Tip Rack 200 µL on 5
Mixing 2 times with a volume of 50.0 ul
	Aspirating 50.0 uL from A1 of NEST 12 Well Reservoir 15 mL on 4 at 50.0 uL/sec
	Dispensing 50.0 uL into A1 of NEST 12 Well Reservoir 15 mL on 4 at 50.0 uL/sec
	Aspirating 50.0 uL from A1 of NEST 12 Well Reservoir 15 mL on 4 at 50.0 uL/sec
	Dispensing 50.0 uL into A1 of NEST 12 Well Reservoir 15 mL on 4 at 50.0 uL/sec
Transferring 36.0 from A1 of NEST 12 Well Reservoir 15 mL on 4 to A6 of NO MAG on 2
	Aspirating 36.0 uL from A1 of NEST 12 Well Reservoir 15 mL on 4 at 30.0 uL/sec
	Dispensing 36.0 uL into A6 of NO MAG on 2 at 30.0 uL/sec
Mixing 6 times with a volume of 40.0 ul
	Aspirating 40.0 uL from A6 of NO MAG on 2 at 30.0 uL/sec
	Dispensing 40.0 uL into A6 of NO MAG on 2 at 30.0 uL/sec
	Aspirating 40.0 uL from A6 of NO MAG on 2 at 30.0 uL/sec
	Dispensing 40.0 uL into A6 of NO MAG on 2 at 30.0 uL/sec
	Aspirating 40.0 uL from A6 of NO MAG on 2 at 30.0 uL/sec
	Dispensing 40.0 uL into A6 of NO MAG on 2 at 30.0 uL/sec
	Aspirating 40.0 uL from A6 of NO MAG on 2 at 30.0 uL/sec
	Dispensing 40.0 uL into A6 of NO MAG on 2 at 30.0 uL/sec
	Aspirating 40.0 uL from A6 of NO MAG on 2 at 30.0 uL/sec
	Dispensing 40.0 uL into A6 of NO MAG on 2 at 30.0 uL/sec
	Aspirating 40.0 uL from A6 of NO MAG on 2 at 30.0 uL/sec
	Dispensing 40.0 uL into A6 of NO MAG on 2 at 30.0 uL/sec
Moving to A6 of NO MAG on 2
Air gap
	Aspirating 20.0 uL from A6 of NO MAG on 2 at 30.0 uL/sec
Returning tip
	Dropping tip into A6 of Opentrons OT-2 96 Filter Tip Rack 200 µL on 5
Picking up tip from A7 of Opentrons OT-2 96 Filter Tip Rack 200 µL on 5
Mixing 2 times with a volume of 50.0 ul
	Aspirating 50.0 uL from A1 of NEST 12 Well Reservoir 15 mL on 4 at 50.0 uL/sec
	Dispensing 50.0 uL into A1 of NEST 12 Well Reservoir 15 mL on 4 at 50.0 uL/sec
	Aspirating 50.0 uL from A1 of NEST 12 Well Reservoir 15 mL on 4 at 50.0 uL/sec
	Dispensing 50.0 uL into A1 of NEST 12 Well Reservoir 15 mL on 4 at 50.0 uL/sec
Transferring 36.0 from A1 of NEST 12 Well Reservoir 15 mL on 4 to A7 of NO MAG on 2
	Aspirating 36.0 uL from A1 of NEST 12 Well Reservoir 15 mL on 4 at 30.0 uL/sec
	Dispensing 36.0 uL into A7 of NO MAG on 2 at 30.0 uL/sec
Mixing 6 times with a volume of 40.0 ul
	Aspirating 40.0 uL from A7 of NO MAG on 2 at 30.0 uL/sec
	Dispensing 40.0 uL into A7 of NO MAG on 2 at 30.0 uL/sec
	Aspirating 40.0 uL from A7 of NO MAG on 2 at 30.0 uL/sec
	Dispensing 40.0 uL into A7 of NO MAG on 2 at 30.0 uL/sec
	Aspirating 40.0 uL from A7 of NO MAG on 2 at 30.0 uL/sec
	Dispensing 40.0 uL into A7 of NO MAG on 2 at 30.0 uL/sec
	Aspirating 40.0 uL from A7 of NO MAG on 2 at 30.0 uL/sec
	Dispensing 40.0 uL into A7 of NO MAG on 2 at 30.0 uL/sec
	Aspirating 40.0 uL from A7 of NO MAG on 2 at 30.0 uL/sec
	Dispensing 40.0 uL into A7 of NO MAG on 2 at 30.0 uL/sec
	Aspirating 40.0 uL from A7 of NO MAG on 2 at 30.0 uL/sec
	Dispensing 40.0 uL into A7 of NO MAG on 2 at 30.0 uL/sec
Moving to A7 of NO MAG on 2
Air gap
	Aspirating 20.0 uL from A7 of NO MAG on 2 at 30.0 uL/sec
Returning tip
	Dropping tip into A7 of Opentrons OT-2 96 Filter Tip Rack 200 µL on 5
Picking up tip from A8 of Opentrons OT-2 96 Filter Tip Rack 200 µL on 5
Mixing 2 times with a volume of 50.0 ul
	Aspirating 50.0 uL from A1 of NEST 12 Well Reservoir 15 mL on 4 at 50.0 uL/sec
	Dispensing 50.0 uL into A1 of NEST 12 Well Reservoir 15 mL on 4 at 50.0 uL/sec
	Aspirating 50.0 uL from A1 of NEST 12 Well Reservoir 15 mL on 4 at 50.0 uL/sec
	Dispensing 50.0 uL into A1 of NEST 12 Well Reservoir 15 mL on 4 at 50.0 uL/sec
Transferring 36.0 from A1 of NEST 12 Well Reservoir 15 mL on 4 to A8 of NO MAG on 2
	Aspirating 36.0 uL from A1 of NEST 12 Well Reservoir 15 mL on 4 at 30.0 uL/sec
	Dispensing 36.0 uL into A8 of NO MAG on 2 at 30.0 uL/sec
Mixing 6 times with a volume of 40.0 ul
	Aspirating 40.0 uL from A8 of NO MAG on 2 at 30.0 uL/sec
	Dispensing 40.0 uL into A8 of NO MAG on 2 at 30.0 uL/sec
	Aspirating 40.0 uL from A8 of NO MAG on 2 at 30.0 uL/sec
	Dispensing 40.0 uL into A8 of NO MAG on 2 at 30.0 uL/sec
	Aspirating 40.0 uL from A8 of NO MAG on 2 at 30.0 uL/sec
	Dispensing 40.0 uL into A8 of NO MAG on 2 at 30.0 uL/sec
	Aspirating 40.0 uL from A8 of NO MAG on 2 at 30.0 uL/sec
	Dispensing 40.0 uL into A8 of NO MAG on 2 at 30.0 uL/sec
	Aspirating 40.0 uL from A8 of NO MAG on 2 at 30.0 uL/sec
	Dispensing 40.0 uL into A8 of NO MAG on 2 at 30.0 uL/sec
	Aspirating 40.0 uL from A8 of NO MAG on 2 at 30.0 uL/sec
	Dispensing 40.0 uL into A8 of NO MAG on 2 at 30.0 uL/sec
Moving to A8 of NO MAG on 2
Air gap
	Aspirating 20.0 uL from A8 of NO MAG on 2 at 30.0 uL/sec
Returning tip
	Dropping tip into A8 of Opentrons OT-2 96 Filter Tip Rack 200 µL on 5
Picking up tip from A9 of Opentrons OT-2 96 Filter Tip Rack 200 µL on 5
Mixing 2 times with a volume of 50.0 ul
	Aspirating 50.0 uL from A1 of NEST 12 Well Reservoir 15 mL on 4 at 50.0 uL/sec
	Dispensing 50.0 uL into A1 of NEST 12 Well Reservoir 15 mL on 4 at 50.0 uL/sec
	Aspirating 50.0 uL from A1 of NEST 12 Well Reservoir 15 mL on 4 at 50.0 uL/sec
	Dispensing 50.0 uL into A1 of NEST 12 Well Reservoir 15 mL on 4 at 50.0 uL/sec
Transferring 36.0 from A1 of NEST 12 Well Reservoir 15 mL on 4 to A9 of NO MAG on 2
	Aspirating 36.0 uL from A1 of NEST 12 Well Reservoir 15 mL on 4 at 30.0 uL/sec
	Dispensing 36.0 uL into A9 of NO MAG on 2 at 30.0 uL/sec
Mixing 6 times with a volume of 40.0 ul
	Aspirating 40.0 uL from A9 of NO MAG on 2 at 30.0 uL/sec
	Dispensing 40.0 uL into A9 of NO MAG on 2 at 30.0 uL/sec
	Aspirating 40.0 uL from A9 of NO MAG on 2 at 30.0 uL/sec
	Dispensing 40.0 uL into A9 of NO MAG on 2 at 30.0 uL/sec
	Aspirating 40.0 uL from A9 of NO MAG on 2 at 30.0 uL/sec
	Dispensing 40.0 uL into A9 of NO MAG on 2 at 30.0 uL/sec
	Aspirating 40.0 uL from A9 of NO MAG on 2 at 30.0 uL/sec
	Dispensing 40.0 uL into A9 of NO MAG on 2 at 30.0 uL/sec
	Aspirating 40.0 uL from A9 of NO MAG on 2 at 30.0 uL/sec
	Dispensing 40.0 uL into A9 of NO MAG on 2 at 30.0 uL/sec
	Aspirating 40.0 uL from A9 of NO MAG on 2 at 30.0 uL/sec
	Dispensing 40.0 uL into A9 of NO MAG on 2 at 30.0 uL/sec
Moving to A9 of NO MAG on 2
Air gap
	Aspirating 20.0 uL from A9 of NO MAG on 2 at 30.0 uL/sec
Returning tip
	Dropping tip into A9 of Opentrons OT-2 96 Filter Tip Rack 200 µL on 5
Picking up tip from A10 of Opentrons OT-2 96 Filter Tip Rack 200 µL on 5
Mixing 2 times with a volume of 50.0 ul
	Aspirating 50.0 uL from A1 of NEST 12 Well Reservoir 15 mL on 4 at 50.0 uL/sec
	Dispensing 50.0 uL into A1 of NEST 12 Well Reservoir 15 mL on 4 at 50.0 uL/sec
	Aspirating 50.0 uL from A1 of NEST 12 Well Reservoir 15 mL on 4 at 50.0 uL/sec
	Dispensing 50.0 uL into A1 of NEST 12 Well Reservoir 15 mL on 4 at 50.0 uL/sec
Transferring 36.0 from A1 of NEST 12 Well Reservoir 15 mL on 4 to A10 of NO MAG on 2
	Aspirating 36.0 uL from A1 of NEST 12 Well Reservoir 15 mL on 4 at 30.0 uL/sec
	Dispensing 36.0 uL into A10 of NO MAG on 2 at 30.0 uL/sec
Mixing 6 times with a volume of 40.0 ul
	Aspirating 40.0 uL from A10 of NO MAG on 2 at 30.0 uL/sec
	Dispensing 40.0 uL into A10 of NO MAG on 2 at 30.0 uL/sec
	Aspirating 40.0 uL from A10 of NO MAG on 2 at 30.0 uL/sec
	Dispensing 40.0 uL into A10 of NO MAG on 2 at 30.0 uL/sec
	Aspirating 40.0 uL from A10 of NO MAG on 2 at 30.0 uL/sec
	Dispensing 40.0 uL into A10 of NO MAG on 2 at 30.0 uL/sec
	Aspirating 40.0 uL from A10 of NO MAG on 2 at 30.0 uL/sec
	Dispensing 40.0 uL into A10 of NO MAG on 2 at 30.0 uL/sec
	Aspirating 40.0 uL from A10 of NO MAG on 2 at 30.0 uL/sec
	Dispensing 40.0 uL into A10 of NO MAG on 2 at 30.0 uL/sec
	Aspirating 40.0 uL from A10 of NO MAG on 2 at 30.0 uL/sec
	Dispensing 40.0 uL into A10 of NO MAG on 2 at 30.0 uL/sec
Moving to A10 of NO MAG on 2
Air gap
	Aspirating 20.0 uL from A10 of NO MAG on 2 at 30.0 uL/sec
Returning tip
	Dropping tip into A10 of Opentrons OT-2 96 Filter Tip Rack 200 µL on 5
Picking up tip from A11 of Opentrons OT-2 96 Filter Tip Rack 200 µL on 5
Mixing 2 times with a volume of 50.0 ul
	Aspirating 50.0 uL from A1 of NEST 12 Well Reservoir 15 mL on 4 at 50.0 uL/sec
	Dispensing 50.0 uL into A1 of NEST 12 Well Reservoir 15 mL on 4 at 50.0 uL/sec
	Aspirating 50.0 uL from A1 of NEST 12 Well Reservoir 15 mL on 4 at 50.0 uL/sec
	Dispensing 50.0 uL into A1 of NEST 12 Well Reservoir 15 mL on 4 at 50.0 uL/sec
Transferring 36.0 from A1 of NEST 12 Well Reservoir 15 mL on 4 to A11 of NO MAG on 2
	Aspirating 36.0 uL from A1 of NEST 12 Well Reservoir 15 mL on 4 at 30.0 uL/sec
	Dispensing 36.0 uL into A11 of NO MAG on 2 at 30.0 uL/sec
Mixing 6 times with a volume of 40.0 ul
	Aspirating 40.0 uL from A11 of NO MAG on 2 at 30.0 uL/sec
	Dispensing 40.0 uL into A11 of NO MAG on 2 at 30.0 uL/sec
	Aspirating 40.0 uL from A11 of NO MAG on 2 at 30.0 uL/sec
	Dispensing 40.0 uL into A11 of NO MAG on 2 at 30.0 uL/sec
	Aspirating 40.0 uL from A11 of NO MAG on 2 at 30.0 uL/sec
	Dispensing 40.0 uL into A11 of NO MAG on 2 at 30.0 uL/sec
	Aspirating 40.0 uL from A11 of NO MAG on 2 at 30.0 uL/sec
	Dispensing 40.0 uL into A11 of NO MAG on 2 at 30.0 uL/sec
	Aspirating 40.0 uL from A11 of NO MAG on 2 at 30.0 uL/sec
	Dispensing 40.0 uL into A11 of NO MAG on 2 at 30.0 uL/sec
	Aspirating 40.0 uL from A11 of NO MAG on 2 at 30.0 uL/sec
	Dispensing 40.0 uL into A11 of NO MAG on 2 at 30.0 uL/sec
Moving to A11 of NO MAG on 2
Air gap
	Aspirating 20.0 uL from A11 of NO MAG on 2 at 30.0 uL/sec
Returning tip
	Dropping tip into A11 of Opentrons OT-2 96 Filter Tip Rack 200 µL on 5
Picking up tip from A12 of Opentrons OT-2 96 Filter Tip Rack 200 µL on 5
Mixing 2 times with a volume of 50.0 ul
	Aspirating 50.0 uL from A1 of NEST 12 Well Reservoir 15 mL on 4 at 50.0 uL/sec
	Dispensing 50.0 uL into A1 of NEST 12 Well Reservoir 15 mL on 4 at 50.0 uL/sec
	Aspirating 50.0 uL from A1 of NEST 12 Well Reservoir 15 mL on 4 at 50.0 uL/sec
	Dispensing 50.0 uL into A1 of NEST 12 Well Reservoir 15 mL on 4 at 50.0 uL/sec
Transferring 36.0 from A1 of NEST 12 Well Reservoir 15 mL on 4 to A12 of NO MAG on 2
	Aspirating 36.0 uL from A1 of NEST 12 Well Reservoir 15 mL on 4 at 30.0 uL/sec
	Dispensing 36.0 uL into A12 of NO MAG on 2 at 30.0 uL/sec
Mixing 6 times with a volume of 40.0 ul
	Aspirating 40.0 uL from A12 of NO MAG on 2 at 30.0 uL/sec
	Dispensing 40.0 uL into A12 of NO MAG on 2 at 30.0 uL/sec
	Aspirating 40.0 uL from A12 of NO MAG on 2 at 30.0 uL/sec
	Dispensing 40.0 uL into A12 of NO MAG on 2 at 30.0 uL/sec
	Aspirating 40.0 uL from A12 of NO MAG on 2 at 30.0 uL/sec
	Dispensing 40.0 uL into A12 of NO MAG on 2 at 30.0 uL/sec
	Aspirating 40.0 uL from A12 of NO MAG on 2 at 30.0 uL/sec
	Dispensing 40.0 uL into A12 of NO MAG on 2 at 30.0 uL/sec
	Aspirating 40.0 uL from A12 of NO MAG on 2 at 30.0 uL/sec
	Dispensing 40.0 uL into A12 of NO MAG on 2 at 30.0 uL/sec
	Aspirating 40.0 uL from A12 of NO MAG on 2 at 30.0 uL/sec
	Dispensing 40.0 uL into A12 of NO MAG on 2 at 30.0 uL/sec
Moving to A12 of NO MAG on 2
Air gap
	Aspirating 20.0 uL from A12 of NO MAG on 2 at 30.0 uL/sec
Returning tip
	Dropping tip into A12 of Opentrons OT-2 96 Filter Tip Rack 200 µL on 5
Pausing robot operation: 
    Bring to hood. Incubate 2 minutes, set on mag plate until clear (~5 min).
    Aspirate out all liquid. Set MagPlate in Slot 3 and Resume.
    
Transferring 80.0 from A2 of NEST 12 Well Reservoir 15 mL on 4 to A1 of MAGPLATE on 3
	Picking up tip from A1 of Opentrons OT-2 96 Filter Tip Rack 200 µL on 6
	Aspirating 80.0 uL from A2 of NEST 12 Well Reservoir 15 mL on 4 at 20.0 uL/sec
	Dispensing 80.0 uL into A1 of MAGPLATE on 3 at 20.0 uL/sec
	Aspirating 80.0 uL from A2 of NEST 12 Well Reservoir 15 mL on 4 at 20.0 uL/sec
	Dispensing 80.0 uL into A2 of MAGPLATE on 3 at 20.0 uL/sec
	Aspirating 80.0 uL from A2 of NEST 12 Well Reservoir 15 mL on 4 at 20.0 uL/sec
	Dispensing 80.0 uL into A3 of MAGPLATE on 3 at 20.0 uL/sec
	Aspirating 80.0 uL from A2 of NEST 12 Well Reservoir 15 mL on 4 at 20.0 uL/sec
	Dispensing 80.0 uL into A4 of MAGPLATE on 3 at 20.0 uL/sec
	Aspirating 80.0 uL from A2 of NEST 12 Well Reservoir 15 mL on 4 at 20.0 uL/sec
	Dispensing 80.0 uL into A5 of MAGPLATE on 3 at 20.0 uL/sec
	Aspirating 80.0 uL from A2 of NEST 12 Well Reservoir 15 mL on 4 at 20.0 uL/sec
	Dispensing 80.0 uL into A6 of MAGPLATE on 3 at 20.0 uL/sec
	Aspirating 80.0 uL from A2 of NEST 12 Well Reservoir 15 mL on 4 at 20.0 uL/sec
	Dispensing 80.0 uL into A7 of MAGPLATE on 3 at 20.0 uL/sec
	Aspirating 80.0 uL from A2 of NEST 12 Well Reservoir 15 mL on 4 at 20.0 uL/sec
	Dispensing 80.0 uL into A8 of MAGPLATE on 3 at 20.0 uL/sec
	Aspirating 80.0 uL from A2 of NEST 12 Well Reservoir 15 mL on 4 at 20.0 uL/sec
	Dispensing 80.0 uL into A9 of MAGPLATE on 3 at 20.0 uL/sec
	Aspirating 80.0 uL from A2 of NEST 12 Well Reservoir 15 mL on 4 at 20.0 uL/sec
	Dispensing 80.0 uL into A10 of MAGPLATE on 3 at 20.0 uL/sec
	Aspirating 80.0 uL from A2 of NEST 12 Well Reservoir 15 mL on 4 at 20.0 uL/sec
	Dispensing 80.0 uL into A11 of MAGPLATE on 3 at 20.0 uL/sec
	Aspirating 80.0 uL from A2 of NEST 12 Well Reservoir 15 mL on 4 at 20.0 uL/sec
	Dispensing 80.0 uL into A12 of MAGPLATE on 3 at 20.0 uL/sec
	Dropping tip into A1 of Opentrons Fixed Trash on 12
Picking up tip from A2 of Opentrons OT-2 96 Filter Tip Rack 200 µL on 6
Moving to A1 of MAGPLATE on 3
Moving to A1 of MAGPLATE on 3
Aspirating 40.0 uL from A1 of MAGPLATE on 3 at 20.0 uL/sec
Aspirating 40.0 uL from A1 of MAGPLATE on 3 at 20.0 uL/sec
Moving to A1 of MAGPLATE on 3
Air gap
	Aspirating 20.0 uL from A1 of MAGPLATE on 3 at 20.0 uL/sec
Dispensing 100.0 uL into A12 of NEST 12 Well Reservoir 15 mL on 4 at 20.0 uL/sec
Air gap
	Aspirating 20.0 uL from A12 of NEST 12 Well Reservoir 15 mL on 4 at 20.0 uL/sec
Returning tip
	Dropping tip into A2 of Opentrons OT-2 96 Filter Tip Rack 200 µL on 6
Picking up tip from A3 of Opentrons OT-2 96 Filter Tip Rack 200 µL on 6
Moving to A2 of MAGPLATE on 3
Moving to A2 of MAGPLATE on 3
Aspirating 40.0 uL from A2 of MAGPLATE on 3 at 20.0 uL/sec
Aspirating 40.0 uL from A2 of MAGPLATE on 3 at 20.0 uL/sec
Moving to A2 of MAGPLATE on 3
Air gap
	Aspirating 20.0 uL from A2 of MAGPLATE on 3 at 20.0 uL/sec
Dispensing 100.0 uL into A12 of NEST 12 Well Reservoir 15 mL on 4 at 20.0 uL/sec
Air gap
	Aspirating 20.0 uL from A12 of NEST 12 Well Reservoir 15 mL on 4 at 20.0 uL/sec
Returning tip
	Dropping tip into A3 of Opentrons OT-2 96 Filter Tip Rack 200 µL on 6
Picking up tip from A4 of Opentrons OT-2 96 Filter Tip Rack 200 µL on 6
Moving to A3 of MAGPLATE on 3
Moving to A3 of MAGPLATE on 3
Aspirating 40.0 uL from A3 of MAGPLATE on 3 at 20.0 uL/sec
Aspirating 40.0 uL from A3 of MAGPLATE on 3 at 20.0 uL/sec
Moving to A3 of MAGPLATE on 3
Air gap
	Aspirating 20.0 uL from A3 of MAGPLATE on 3 at 20.0 uL/sec
Dispensing 100.0 uL into A12 of NEST 12 Well Reservoir 15 mL on 4 at 20.0 uL/sec
Air gap
	Aspirating 20.0 uL from A12 of NEST 12 Well Reservoir 15 mL on 4 at 20.0 uL/sec
Returning tip
	Dropping tip into A4 of Opentrons OT-2 96 Filter Tip Rack 200 µL on 6
Picking up tip from A5 of Opentrons OT-2 96 Filter Tip Rack 200 µL on 6
Moving to A4 of MAGPLATE on 3
Moving to A4 of MAGPLATE on 3
Aspirating 40.0 uL from A4 of MAGPLATE on 3 at 20.0 uL/sec
Aspirating 40.0 uL from A4 of MAGPLATE on 3 at 20.0 uL/sec
Moving to A4 of MAGPLATE on 3
Air gap
	Aspirating 20.0 uL from A4 of MAGPLATE on 3 at 20.0 uL/sec
Dispensing 100.0 uL into A12 of NEST 12 Well Reservoir 15 mL on 4 at 20.0 uL/sec
Air gap
	Aspirating 20.0 uL from A12 of NEST 12 Well Reservoir 15 mL on 4 at 20.0 uL/sec
Returning tip
	Dropping tip into A5 of Opentrons OT-2 96 Filter Tip Rack 200 µL on 6
Picking up tip from A6 of Opentrons OT-2 96 Filter Tip Rack 200 µL on 6
Moving to A5 of MAGPLATE on 3
Moving to A5 of MAGPLATE on 3
Aspirating 40.0 uL from A5 of MAGPLATE on 3 at 20.0 uL/sec
Aspirating 40.0 uL from A5 of MAGPLATE on 3 at 20.0 uL/sec
Moving to A5 of MAGPLATE on 3
Air gap
	Aspirating 20.0 uL from A5 of MAGPLATE on 3 at 20.0 uL/sec
Dispensing 100.0 uL into A12 of NEST 12 Well Reservoir 15 mL on 4 at 20.0 uL/sec
Air gap
	Aspirating 20.0 uL from A12 of NEST 12 Well Reservoir 15 mL on 4 at 20.0 uL/sec
Returning tip
	Dropping tip into A6 of Opentrons OT-2 96 Filter Tip Rack 200 µL on 6
Picking up tip from A7 of Opentrons OT-2 96 Filter Tip Rack 200 µL on 6
Moving to A6 of MAGPLATE on 3
Moving to A6 of MAGPLATE on 3
Aspirating 40.0 uL from A6 of MAGPLATE on 3 at 20.0 uL/sec
Aspirating 40.0 uL from A6 of MAGPLATE on 3 at 20.0 uL/sec
Moving to A6 of MAGPLATE on 3
Air gap
	Aspirating 20.0 uL from A6 of MAGPLATE on 3 at 20.0 uL/sec
Dispensing 100.0 uL into A12 of NEST 12 Well Reservoir 15 mL on 4 at 20.0 uL/sec
Air gap
	Aspirating 20.0 uL from A12 of NEST 12 Well Reservoir 15 mL on 4 at 20.0 uL/sec
Returning tip
	Dropping tip into A7 of Opentrons OT-2 96 Filter Tip Rack 200 µL on 6
Picking up tip from A8 of Opentrons OT-2 96 Filter Tip Rack 200 µL on 6
Moving to A7 of MAGPLATE on 3
Moving to A7 of MAGPLATE on 3
Aspirating 40.0 uL from A7 of MAGPLATE on 3 at 20.0 uL/sec
Aspirating 40.0 uL from A7 of MAGPLATE on 3 at 20.0 uL/sec
Moving to A7 of MAGPLATE on 3
Air gap
	Aspirating 20.0 uL from A7 of MAGPLATE on 3 at 20.0 uL/sec
Dispensing 100.0 uL into A12 of NEST 12 Well Reservoir 15 mL on 4 at 20.0 uL/sec
Air gap
	Aspirating 20.0 uL from A12 of NEST 12 Well Reservoir 15 mL on 4 at 20.0 uL/sec
Returning tip
	Dropping tip into A8 of Opentrons OT-2 96 Filter Tip Rack 200 µL on 6
Picking up tip from A9 of Opentrons OT-2 96 Filter Tip Rack 200 µL on 6
Moving to A8 of MAGPLATE on 3
Moving to A8 of MAGPLATE on 3
Aspirating 40.0 uL from A8 of MAGPLATE on 3 at 20.0 uL/sec
Aspirating 40.0 uL from A8 of MAGPLATE on 3 at 20.0 uL/sec
Moving to A8 of MAGPLATE on 3
Air gap
	Aspirating 20.0 uL from A8 of MAGPLATE on 3 at 20.0 uL/sec
Dispensing 100.0 uL into A12 of NEST 12 Well Reservoir 15 mL on 4 at 20.0 uL/sec
Air gap
	Aspirating 20.0 uL from A12 of NEST 12 Well Reservoir 15 mL on 4 at 20.0 uL/sec
Returning tip
	Dropping tip into A9 of Opentrons OT-2 96 Filter Tip Rack 200 µL on 6
Picking up tip from A10 of Opentrons OT-2 96 Filter Tip Rack 200 µL on 6
Moving to A9 of MAGPLATE on 3
Moving to A9 of MAGPLATE on 3
Aspirating 40.0 uL from A9 of MAGPLATE on 3 at 20.0 uL/sec
Aspirating 40.0 uL from A9 of MAGPLATE on 3 at 20.0 uL/sec
Moving to A9 of MAGPLATE on 3
Air gap
	Aspirating 20.0 uL from A9 of MAGPLATE on 3 at 20.0 uL/sec
Dispensing 100.0 uL into A12 of NEST 12 Well Reservoir 15 mL on 4 at 20.0 uL/sec
Air gap
	Aspirating 20.0 uL from A12 of NEST 12 Well Reservoir 15 mL on 4 at 20.0 uL/sec
Returning tip
	Dropping tip into A10 of Opentrons OT-2 96 Filter Tip Rack 200 µL on 6
Picking up tip from A11 of Opentrons OT-2 96 Filter Tip Rack 200 µL on 6
Moving to A10 of MAGPLATE on 3
Moving to A10 of MAGPLATE on 3
Aspirating 40.0 uL from A10 of MAGPLATE on 3 at 20.0 uL/sec
Aspirating 40.0 uL from A10 of MAGPLATE on 3 at 20.0 uL/sec
Moving to A10 of MAGPLATE on 3
Air gap
	Aspirating 20.0 uL from A10 of MAGPLATE on 3 at 20.0 uL/sec
Dispensing 100.0 uL into A12 of NEST 12 Well Reservoir 15 mL on 4 at 20.0 uL/sec
Air gap
	Aspirating 20.0 uL from A12 of NEST 12 Well Reservoir 15 mL on 4 at 20.0 uL/sec
Returning tip
	Dropping tip into A11 of Opentrons OT-2 96 Filter Tip Rack 200 µL on 6
Picking up tip from A12 of Opentrons OT-2 96 Filter Tip Rack 200 µL on 6
Moving to A11 of MAGPLATE on 3
Moving to A11 of MAGPLATE on 3
Aspirating 40.0 uL from A11 of MAGPLATE on 3 at 20.0 uL/sec
Aspirating 40.0 uL from A11 of MAGPLATE on 3 at 20.0 uL/sec
Moving to A11 of MAGPLATE on 3
Air gap
	Aspirating 20.0 uL from A11 of MAGPLATE on 3 at 20.0 uL/sec
Dispensing 100.0 uL into A12 of NEST 12 Well Reservoir 15 mL on 4 at 20.0 uL/sec
Air gap
	Aspirating 20.0 uL from A12 of NEST 12 Well Reservoir 15 mL on 4 at 20.0 uL/sec
Returning tip
	Dropping tip into A12 of Opentrons OT-2 96 Filter Tip Rack 200 µL on 6
Picking up tip from A1 of Opentrons OT-2 96 Filter Tip Rack 200 µL on 7
Moving to A12 of MAGPLATE on 3
Moving to A12 of MAGPLATE on 3
Aspirating 40.0 uL from A12 of MAGPLATE on 3 at 20.0 uL/sec
Aspirating 40.0 uL from A12 of MAGPLATE on 3 at 20.0 uL/sec
Moving to A12 of MAGPLATE on 3
Air gap
	Aspirating 20.0 uL from A12 of MAGPLATE on 3 at 20.0 uL/sec
Dispensing 100.0 uL into A12 of NEST 12 Well Reservoir 15 mL on 4 at 20.0 uL/sec
Air gap
	Aspirating 20.0 uL from A12 of NEST 12 Well Reservoir 15 mL on 4 at 20.0 uL/sec
Returning tip
	Dropping tip into A1 of Opentrons OT-2 96 Filter Tip Rack 200 µL on 7
Transferring 80.0 from A3 of NEST 12 Well Reservoir 15 mL on 4 to A1 of MAGPLATE on 3
	Picking up tip from A2 of Opentrons OT-2 96 Filter Tip Rack 200 µL on 7
	Aspirating 80.0 uL from A3 of NEST 12 Well Reservoir 15 mL on 4 at 20.0 uL/sec
	Dispensing 80.0 uL into A1 of MAGPLATE on 3 at 20.0 uL/sec
	Aspirating 80.0 uL from A3 of NEST 12 Well Reservoir 15 mL on 4 at 20.0 uL/sec
	Dispensing 80.0 uL into A2 of MAGPLATE on 3 at 20.0 uL/sec
	Aspirating 80.0 uL from A3 of NEST 12 Well Reservoir 15 mL on 4 at 20.0 uL/sec
	Dispensing 80.0 uL into A3 of MAGPLATE on 3 at 20.0 uL/sec
	Aspirating 80.0 uL from A3 of NEST 12 Well Reservoir 15 mL on 4 at 20.0 uL/sec
	Dispensing 80.0 uL into A4 of MAGPLATE on 3 at 20.0 uL/sec
	Aspirating 80.0 uL from A3 of NEST 12 Well Reservoir 15 mL on 4 at 20.0 uL/sec
	Dispensing 80.0 uL into A5 of MAGPLATE on 3 at 20.0 uL/sec
	Aspirating 80.0 uL from A3 of NEST 12 Well Reservoir 15 mL on 4 at 20.0 uL/sec
	Dispensing 80.0 uL into A6 of MAGPLATE on 3 at 20.0 uL/sec
	Aspirating 80.0 uL from A3 of NEST 12 Well Reservoir 15 mL on 4 at 20.0 uL/sec
	Dispensing 80.0 uL into A7 of MAGPLATE on 3 at 20.0 uL/sec
	Aspirating 80.0 uL from A3 of NEST 12 Well Reservoir 15 mL on 4 at 20.0 uL/sec
	Dispensing 80.0 uL into A8 of MAGPLATE on 3 at 20.0 uL/sec
	Aspirating 80.0 uL from A3 of NEST 12 Well Reservoir 15 mL on 4 at 20.0 uL/sec
	Dispensing 80.0 uL into A9 of MAGPLATE on 3 at 20.0 uL/sec
	Aspirating 80.0 uL from A3 of NEST 12 Well Reservoir 15 mL on 4 at 20.0 uL/sec
	Dispensing 80.0 uL into A10 of MAGPLATE on 3 at 20.0 uL/sec
	Aspirating 80.0 uL from A3 of NEST 12 Well Reservoir 15 mL on 4 at 20.0 uL/sec
	Dispensing 80.0 uL into A11 of MAGPLATE on 3 at 20.0 uL/sec
	Aspirating 80.0 uL from A3 of NEST 12 Well Reservoir 15 mL on 4 at 20.0 uL/sec
	Dispensing 80.0 uL into A12 of MAGPLATE on 3 at 20.0 uL/sec
	Dropping tip into A1 of Opentrons Fixed Trash on 12
Picking up tip from A2 of Opentrons OT-2 96 Filter Tip Rack 200 µL on 6
Moving to A1 of MAGPLATE on 3
Moving to A1 of MAGPLATE on 3
Aspirating 40.0 uL from A1 of MAGPLATE on 3 at 20.0 uL/sec
Aspirating 40.0 uL from A1 of MAGPLATE on 3 at 20.0 uL/sec
Moving to A1 of MAGPLATE on 3
Air gap
	Aspirating 20.0 uL from A1 of MAGPLATE on 3 at 20.0 uL/sec
Dispensing 100.0 uL into A11 of NEST 12 Well Reservoir 15 mL on 4 at 20.0 uL/sec
Air gap
	Aspirating 20.0 uL from A11 of NEST 12 Well Reservoir 15 mL on 4 at 20.0 uL/sec
Dropping tip into A1 of Opentrons Fixed Trash on 12
Picking up tip from A3 of Opentrons OT-2 96 Filter Tip Rack 200 µL on 6
Moving to A2 of MAGPLATE on 3
Moving to A2 of MAGPLATE on 3
Aspirating 40.0 uL from A2 of MAGPLATE on 3 at 20.0 uL/sec
Aspirating 40.0 uL from A2 of MAGPLATE on 3 at 20.0 uL/sec
Moving to A2 of MAGPLATE on 3
Air gap
	Aspirating 20.0 uL from A2 of MAGPLATE on 3 at 20.0 uL/sec
Dispensing 100.0 uL into A11 of NEST 12 Well Reservoir 15 mL on 4 at 20.0 uL/sec
Air gap
	Aspirating 20.0 uL from A11 of NEST 12 Well Reservoir 15 mL on 4 at 20.0 uL/sec
Dropping tip into A1 of Opentrons Fixed Trash on 12
Picking up tip from A4 of Opentrons OT-2 96 Filter Tip Rack 200 µL on 6
Moving to A3 of MAGPLATE on 3
Moving to A3 of MAGPLATE on 3
Aspirating 40.0 uL from A3 of MAGPLATE on 3 at 20.0 uL/sec
Aspirating 40.0 uL from A3 of MAGPLATE on 3 at 20.0 uL/sec
Moving to A3 of MAGPLATE on 3
Air gap
	Aspirating 20.0 uL from A3 of MAGPLATE on 3 at 20.0 uL/sec
Dispensing 100.0 uL into A11 of NEST 12 Well Reservoir 15 mL on 4 at 20.0 uL/sec
Air gap
	Aspirating 20.0 uL from A11 of NEST 12 Well Reservoir 15 mL on 4 at 20.0 uL/sec
Dropping tip into A1 of Opentrons Fixed Trash on 12
Picking up tip from A5 of Opentrons OT-2 96 Filter Tip Rack 200 µL on 6
Moving to A4 of MAGPLATE on 3
Moving to A4 of MAGPLATE on 3
Aspirating 40.0 uL from A4 of MAGPLATE on 3 at 20.0 uL/sec
Aspirating 40.0 uL from A4 of MAGPLATE on 3 at 20.0 uL/sec
Moving to A4 of MAGPLATE on 3
Air gap
	Aspirating 20.0 uL from A4 of MAGPLATE on 3 at 20.0 uL/sec
Dispensing 100.0 uL into A11 of NEST 12 Well Reservoir 15 mL on 4 at 20.0 uL/sec
Air gap
	Aspirating 20.0 uL from A11 of NEST 12 Well Reservoir 15 mL on 4 at 20.0 uL/sec
Dropping tip into A1 of Opentrons Fixed Trash on 12
Picking up tip from A6 of Opentrons OT-2 96 Filter Tip Rack 200 µL on 6
Moving to A5 of MAGPLATE on 3
Moving to A5 of MAGPLATE on 3
Aspirating 40.0 uL from A5 of MAGPLATE on 3 at 20.0 uL/sec
Aspirating 40.0 uL from A5 of MAGPLATE on 3 at 20.0 uL/sec
Moving to A5 of MAGPLATE on 3
Air gap
	Aspirating 20.0 uL from A5 of MAGPLATE on 3 at 20.0 uL/sec
Dispensing 100.0 uL into A11 of NEST 12 Well Reservoir 15 mL on 4 at 20.0 uL/sec
Air gap
	Aspirating 20.0 uL from A11 of NEST 12 Well Reservoir 15 mL on 4 at 20.0 uL/sec
Dropping tip into A1 of Opentrons Fixed Trash on 12
Picking up tip from A7 of Opentrons OT-2 96 Filter Tip Rack 200 µL on 6
Moving to A6 of MAGPLATE on 3
Moving to A6 of MAGPLATE on 3
Aspirating 40.0 uL from A6 of MAGPLATE on 3 at 20.0 uL/sec
Aspirating 40.0 uL from A6 of MAGPLATE on 3 at 20.0 uL/sec
Moving to A6 of MAGPLATE on 3
Air gap
	Aspirating 20.0 uL from A6 of MAGPLATE on 3 at 20.0 uL/sec
Dispensing 100.0 uL into A11 of NEST 12 Well Reservoir 15 mL on 4 at 20.0 uL/sec
Air gap
	Aspirating 20.0 uL from A11 of NEST 12 Well Reservoir 15 mL on 4 at 20.0 uL/sec
Dropping tip into A1 of Opentrons Fixed Trash on 12
Picking up tip from A8 of Opentrons OT-2 96 Filter Tip Rack 200 µL on 6
Moving to A7 of MAGPLATE on 3
Moving to A7 of MAGPLATE on 3
Aspirating 40.0 uL from A7 of MAGPLATE on 3 at 20.0 uL/sec
Aspirating 40.0 uL from A7 of MAGPLATE on 3 at 20.0 uL/sec
Moving to A7 of MAGPLATE on 3
Air gap
	Aspirating 20.0 uL from A7 of MAGPLATE on 3 at 20.0 uL/sec
Dispensing 100.0 uL into A11 of NEST 12 Well Reservoir 15 mL on 4 at 20.0 uL/sec
Air gap
	Aspirating 20.0 uL from A11 of NEST 12 Well Reservoir 15 mL on 4 at 20.0 uL/sec
Dropping tip into A1 of Opentrons Fixed Trash on 12
Picking up tip from A9 of Opentrons OT-2 96 Filter Tip Rack 200 µL on 6
Moving to A8 of MAGPLATE on 3
Moving to A8 of MAGPLATE on 3
Aspirating 40.0 uL from A8 of MAGPLATE on 3 at 20.0 uL/sec
Aspirating 40.0 uL from A8 of MAGPLATE on 3 at 20.0 uL/sec
Moving to A8 of MAGPLATE on 3
Air gap
	Aspirating 20.0 uL from A8 of MAGPLATE on 3 at 20.0 uL/sec
Dispensing 100.0 uL into A11 of NEST 12 Well Reservoir 15 mL on 4 at 20.0 uL/sec
Air gap
	Aspirating 20.0 uL from A11 of NEST 12 Well Reservoir 15 mL on 4 at 20.0 uL/sec
Dropping tip into A1 of Opentrons Fixed Trash on 12
Picking up tip from A10 of Opentrons OT-2 96 Filter Tip Rack 200 µL on 6
Moving to A9 of MAGPLATE on 3
Moving to A9 of MAGPLATE on 3
Aspirating 40.0 uL from A9 of MAGPLATE on 3 at 20.0 uL/sec
Aspirating 40.0 uL from A9 of MAGPLATE on 3 at 20.0 uL/sec
Moving to A9 of MAGPLATE on 3
Air gap
	Aspirating 20.0 uL from A9 of MAGPLATE on 3 at 20.0 uL/sec
Dispensing 100.0 uL into A11 of NEST 12 Well Reservoir 15 mL on 4 at 20.0 uL/sec
Air gap
	Aspirating 20.0 uL from A11 of NEST 12 Well Reservoir 15 mL on 4 at 20.0 uL/sec
Dropping tip into A1 of Opentrons Fixed Trash on 12
Picking up tip from A11 of Opentrons OT-2 96 Filter Tip Rack 200 µL on 6
Moving to A10 of MAGPLATE on 3
Moving to A10 of MAGPLATE on 3
Aspirating 40.0 uL from A10 of MAGPLATE on 3 at 20.0 uL/sec
Aspirating 40.0 uL from A10 of MAGPLATE on 3 at 20.0 uL/sec
Moving to A10 of MAGPLATE on 3
Air gap
	Aspirating 20.0 uL from A10 of MAGPLATE on 3 at 20.0 uL/sec
Dispensing 100.0 uL into A11 of NEST 12 Well Reservoir 15 mL on 4 at 20.0 uL/sec
Air gap
	Aspirating 20.0 uL from A11 of NEST 12 Well Reservoir 15 mL on 4 at 20.0 uL/sec
Dropping tip into A1 of Opentrons Fixed Trash on 12
Picking up tip from A12 of Opentrons OT-2 96 Filter Tip Rack 200 µL on 6
Moving to A11 of MAGPLATE on 3
Moving to A11 of MAGPLATE on 3
Aspirating 40.0 uL from A11 of MAGPLATE on 3 at 20.0 uL/sec
Aspirating 40.0 uL from A11 of MAGPLATE on 3 at 20.0 uL/sec
Moving to A11 of MAGPLATE on 3
Air gap
	Aspirating 20.0 uL from A11 of MAGPLATE on 3 at 20.0 uL/sec
Dispensing 100.0 uL into A11 of NEST 12 Well Reservoir 15 mL on 4 at 20.0 uL/sec
Air gap
	Aspirating 20.0 uL from A11 of NEST 12 Well Reservoir 15 mL on 4 at 20.0 uL/sec
Dropping tip into A1 of Opentrons Fixed Trash on 12
Picking up tip from A1 of Opentrons OT-2 96 Filter Tip Rack 200 µL on 7
Moving to A12 of MAGPLATE on 3
Moving to A12 of MAGPLATE on 3
Aspirating 40.0 uL from A12 of MAGPLATE on 3 at 20.0 uL/sec
Aspirating 40.0 uL from A12 of MAGPLATE on 3 at 20.0 uL/sec
Moving to A12 of MAGPLATE on 3
Air gap
	Aspirating 20.0 uL from A12 of MAGPLATE on 3 at 20.0 uL/sec
Dispensing 100.0 uL into A11 of NEST 12 Well Reservoir 15 mL on 4 at 20.0 uL/sec
Air gap
	Aspirating 20.0 uL from A11 of NEST 12 Well Reservoir 15 mL on 4 at 20.0 uL/sec
Dropping tip into A1 of Opentrons Fixed Trash on 12
Pausing robot operation: Bead Drying. Move plate to Slot 2 (Blue GenSci rack).
Picking up tip from A3 of Opentrons OT-2 96 Filter Tip Rack 200 µL on 7
Aspirating 43.0 uL from A4 of NEST 12 Well Reservoir 15 mL on 4 at 30.0 uL/sec
Moving to A1 of NO MAG on 2
Moving to A1 of NO MAG on 2
Dispensing 43.0 uL into A1 of NO MAG on 2 at 30.0 uL/sec
Mixing 6 times with a volume of 40.0 ul
	Aspirating 40.0 uL from A1 of NO MAG on 2 at 30.0 uL/sec
	Dispensing 40.0 uL into A1 of NO MAG on 2 at 30.0 uL/sec
	Aspirating 40.0 uL from A1 of NO MAG on 2 at 30.0 uL/sec
	Dispensing 40.0 uL into A1 of NO MAG on 2 at 30.0 uL/sec
	Aspirating 40.0 uL from A1 of NO MAG on 2 at 30.0 uL/sec
	Dispensing 40.0 uL into A1 of NO MAG on 2 at 30.0 uL/sec
	Aspirating 40.0 uL from A1 of NO MAG on 2 at 30.0 uL/sec
	Dispensing 40.0 uL into A1 of NO MAG on 2 at 30.0 uL/sec
	Aspirating 40.0 uL from A1 of NO MAG on 2 at 30.0 uL/sec
	Dispensing 40.0 uL into A1 of NO MAG on 2 at 30.0 uL/sec
	Aspirating 40.0 uL from A1 of NO MAG on 2 at 30.0 uL/sec
	Dispensing 40.0 uL into A1 of NO MAG on 2 at 30.0 uL/sec
Moving to A1 of NO MAG on 2
Air gap
	Aspirating 20.0 uL from A1 of NO MAG on 2 at 30.0 uL/sec
Dropping tip into A1 of Opentrons Fixed Trash on 12
Picking up tip from A4 of Opentrons OT-2 96 Filter Tip Rack 200 µL on 7
Aspirating 43.0 uL from A4 of NEST 12 Well Reservoir 15 mL on 4 at 30.0 uL/sec
Moving to A2 of NO MAG on 2
Moving to A2 of NO MAG on 2
Dispensing 43.0 uL into A2 of NO MAG on 2 at 30.0 uL/sec
Mixing 6 times with a volume of 40.0 ul
	Aspirating 40.0 uL from A2 of NO MAG on 2 at 30.0 uL/sec
	Dispensing 40.0 uL into A2 of NO MAG on 2 at 30.0 uL/sec
	Aspirating 40.0 uL from A2 of NO MAG on 2 at 30.0 uL/sec
	Dispensing 40.0 uL into A2 of NO MAG on 2 at 30.0 uL/sec
	Aspirating 40.0 uL from A2 of NO MAG on 2 at 30.0 uL/sec
	Dispensing 40.0 uL into A2 of NO MAG on 2 at 30.0 uL/sec
	Aspirating 40.0 uL from A2 of NO MAG on 2 at 30.0 uL/sec
	Dispensing 40.0 uL into A2 of NO MAG on 2 at 30.0 uL/sec
	Aspirating 40.0 uL from A2 of NO MAG on 2 at 30.0 uL/sec
	Dispensing 40.0 uL into A2 of NO MAG on 2 at 30.0 uL/sec
	Aspirating 40.0 uL from A2 of NO MAG on 2 at 30.0 uL/sec
	Dispensing 40.0 uL into A2 of NO MAG on 2 at 30.0 uL/sec
Moving to A2 of NO MAG on 2
Air gap
	Aspirating 20.0 uL from A2 of NO MAG on 2 at 30.0 uL/sec
Dropping tip into A1 of Opentrons Fixed Trash on 12
Picking up tip from A5 of Opentrons OT-2 96 Filter Tip Rack 200 µL on 7
Aspirating 43.0 uL from A4 of NEST 12 Well Reservoir 15 mL on 4 at 30.0 uL/sec
Moving to A3 of NO MAG on 2
Moving to A3 of NO MAG on 2
Dispensing 43.0 uL into A3 of NO MAG on 2 at 30.0 uL/sec
Mixing 6 times with a volume of 40.0 ul
	Aspirating 40.0 uL from A3 of NO MAG on 2 at 30.0 uL/sec
	Dispensing 40.0 uL into A3 of NO MAG on 2 at 30.0 uL/sec
	Aspirating 40.0 uL from A3 of NO MAG on 2 at 30.0 uL/sec
	Dispensing 40.0 uL into A3 of NO MAG on 2 at 30.0 uL/sec
	Aspirating 40.0 uL from A3 of NO MAG on 2 at 30.0 uL/sec
	Dispensing 40.0 uL into A3 of NO MAG on 2 at 30.0 uL/sec
	Aspirating 40.0 uL from A3 of NO MAG on 2 at 30.0 uL/sec
	Dispensing 40.0 uL into A3 of NO MAG on 2 at 30.0 uL/sec
	Aspirating 40.0 uL from A3 of NO MAG on 2 at 30.0 uL/sec
	Dispensing 40.0 uL into A3 of NO MAG on 2 at 30.0 uL/sec
	Aspirating 40.0 uL from A3 of NO MAG on 2 at 30.0 uL/sec
	Dispensing 40.0 uL into A3 of NO MAG on 2 at 30.0 uL/sec
Moving to A3 of NO MAG on 2
Air gap
	Aspirating 20.0 uL from A3 of NO MAG on 2 at 30.0 uL/sec
Dropping tip into A1 of Opentrons Fixed Trash on 12
Picking up tip from A6 of Opentrons OT-2 96 Filter Tip Rack 200 µL on 7
Aspirating 43.0 uL from A4 of NEST 12 Well Reservoir 15 mL on 4 at 30.0 uL/sec
Moving to A4 of NO MAG on 2
Moving to A4 of NO MAG on 2
Dispensing 43.0 uL into A4 of NO MAG on 2 at 30.0 uL/sec
Mixing 6 times with a volume of 40.0 ul
	Aspirating 40.0 uL from A4 of NO MAG on 2 at 30.0 uL/sec
	Dispensing 40.0 uL into A4 of NO MAG on 2 at 30.0 uL/sec
	Aspirating 40.0 uL from A4 of NO MAG on 2 at 30.0 uL/sec
	Dispensing 40.0 uL into A4 of NO MAG on 2 at 30.0 uL/sec
	Aspirating 40.0 uL from A4 of NO MAG on 2 at 30.0 uL/sec
	Dispensing 40.0 uL into A4 of NO MAG on 2 at 30.0 uL/sec
	Aspirating 40.0 uL from A4 of NO MAG on 2 at 30.0 uL/sec
	Dispensing 40.0 uL into A4 of NO MAG on 2 at 30.0 uL/sec
	Aspirating 40.0 uL from A4 of NO MAG on 2 at 30.0 uL/sec
	Dispensing 40.0 uL into A4 of NO MAG on 2 at 30.0 uL/sec
	Aspirating 40.0 uL from A4 of NO MAG on 2 at 30.0 uL/sec
	Dispensing 40.0 uL into A4 of NO MAG on 2 at 30.0 uL/sec
Moving to A4 of NO MAG on 2
Air gap
	Aspirating 20.0 uL from A4 of NO MAG on 2 at 30.0 uL/sec
Dropping tip into A1 of Opentrons Fixed Trash on 12
Picking up tip from A7 of Opentrons OT-2 96 Filter Tip Rack 200 µL on 7
Aspirating 43.0 uL from A4 of NEST 12 Well Reservoir 15 mL on 4 at 30.0 uL/sec
Moving to A5 of NO MAG on 2
Moving to A5 of NO MAG on 2
Dispensing 43.0 uL into A5 of NO MAG on 2 at 30.0 uL/sec
Mixing 6 times with a volume of 40.0 ul
	Aspirating 40.0 uL from A5 of NO MAG on 2 at 30.0 uL/sec
	Dispensing 40.0 uL into A5 of NO MAG on 2 at 30.0 uL/sec
	Aspirating 40.0 uL from A5 of NO MAG on 2 at 30.0 uL/sec
	Dispensing 40.0 uL into A5 of NO MAG on 2 at 30.0 uL/sec
	Aspirating 40.0 uL from A5 of NO MAG on 2 at 30.0 uL/sec
	Dispensing 40.0 uL into A5 of NO MAG on 2 at 30.0 uL/sec
	Aspirating 40.0 uL from A5 of NO MAG on 2 at 30.0 uL/sec
	Dispensing 40.0 uL into A5 of NO MAG on 2 at 30.0 uL/sec
	Aspirating 40.0 uL from A5 of NO MAG on 2 at 30.0 uL/sec
	Dispensing 40.0 uL into A5 of NO MAG on 2 at 30.0 uL/sec
	Aspirating 40.0 uL from A5 of NO MAG on 2 at 30.0 uL/sec
	Dispensing 40.0 uL into A5 of NO MAG on 2 at 30.0 uL/sec
Moving to A5 of NO MAG on 2
Air gap
	Aspirating 20.0 uL from A5 of NO MAG on 2 at 30.0 uL/sec
Dropping tip into A1 of Opentrons Fixed Trash on 12
Picking up tip from A8 of Opentrons OT-2 96 Filter Tip Rack 200 µL on 7
Aspirating 43.0 uL from A4 of NEST 12 Well Reservoir 15 mL on 4 at 30.0 uL/sec
Moving to A6 of NO MAG on 2
Moving to A6 of NO MAG on 2
Dispensing 43.0 uL into A6 of NO MAG on 2 at 30.0 uL/sec
Mixing 6 times with a volume of 40.0 ul
	Aspirating 40.0 uL from A6 of NO MAG on 2 at 30.0 uL/sec
	Dispensing 40.0 uL into A6 of NO MAG on 2 at 30.0 uL/sec
	Aspirating 40.0 uL from A6 of NO MAG on 2 at 30.0 uL/sec
	Dispensing 40.0 uL into A6 of NO MAG on 2 at 30.0 uL/sec
	Aspirating 40.0 uL from A6 of NO MAG on 2 at 30.0 uL/sec
	Dispensing 40.0 uL into A6 of NO MAG on 2 at 30.0 uL/sec
	Aspirating 40.0 uL from A6 of NO MAG on 2 at 30.0 uL/sec
	Dispensing 40.0 uL into A6 of NO MAG on 2 at 30.0 uL/sec
	Aspirating 40.0 uL from A6 of NO MAG on 2 at 30.0 uL/sec
	Dispensing 40.0 uL into A6 of NO MAG on 2 at 30.0 uL/sec
	Aspirating 40.0 uL from A6 of NO MAG on 2 at 30.0 uL/sec
	Dispensing 40.0 uL into A6 of NO MAG on 2 at 30.0 uL/sec
Moving to A6 of NO MAG on 2
Air gap
	Aspirating 20.0 uL from A6 of NO MAG on 2 at 30.0 uL/sec
Dropping tip into A1 of Opentrons Fixed Trash on 12
Picking up tip from A9 of Opentrons OT-2 96 Filter Tip Rack 200 µL on 7
Aspirating 43.0 uL from A4 of NEST 12 Well Reservoir 15 mL on 4 at 30.0 uL/sec
Moving to A7 of NO MAG on 2
Moving to A7 of NO MAG on 2
Dispensing 43.0 uL into A7 of NO MAG on 2 at 30.0 uL/sec
Mixing 6 times with a volume of 40.0 ul
	Aspirating 40.0 uL from A7 of NO MAG on 2 at 30.0 uL/sec
	Dispensing 40.0 uL into A7 of NO MAG on 2 at 30.0 uL/sec
	Aspirating 40.0 uL from A7 of NO MAG on 2 at 30.0 uL/sec
	Dispensing 40.0 uL into A7 of NO MAG on 2 at 30.0 uL/sec
	Aspirating 40.0 uL from A7 of NO MAG on 2 at 30.0 uL/sec
	Dispensing 40.0 uL into A7 of NO MAG on 2 at 30.0 uL/sec
	Aspirating 40.0 uL from A7 of NO MAG on 2 at 30.0 uL/sec
	Dispensing 40.0 uL into A7 of NO MAG on 2 at 30.0 uL/sec
	Aspirating 40.0 uL from A7 of NO MAG on 2 at 30.0 uL/sec
	Dispensing 40.0 uL into A7 of NO MAG on 2 at 30.0 uL/sec
	Aspirating 40.0 uL from A7 of NO MAG on 2 at 30.0 uL/sec
	Dispensing 40.0 uL into A7 of NO MAG on 2 at 30.0 uL/sec
Moving to A7 of NO MAG on 2
Air gap
	Aspirating 20.0 uL from A7 of NO MAG on 2 at 30.0 uL/sec
Dropping tip into A1 of Opentrons Fixed Trash on 12
Picking up tip from A10 of Opentrons OT-2 96 Filter Tip Rack 200 µL on 7
Aspirating 43.0 uL from A4 of NEST 12 Well Reservoir 15 mL on 4 at 30.0 uL/sec
Moving to A8 of NO MAG on 2
Moving to A8 of NO MAG on 2
Dispensing 43.0 uL into A8 of NO MAG on 2 at 30.0 uL/sec
Mixing 6 times with a volume of 40.0 ul
	Aspirating 40.0 uL from A8 of NO MAG on 2 at 30.0 uL/sec
	Dispensing 40.0 uL into A8 of NO MAG on 2 at 30.0 uL/sec
	Aspirating 40.0 uL from A8 of NO MAG on 2 at 30.0 uL/sec
	Dispensing 40.0 uL into A8 of NO MAG on 2 at 30.0 uL/sec
	Aspirating 40.0 uL from A8 of NO MAG on 2 at 30.0 uL/sec
	Dispensing 40.0 uL into A8 of NO MAG on 2 at 30.0 uL/sec
	Aspirating 40.0 uL from A8 of NO MAG on 2 at 30.0 uL/sec
	Dispensing 40.0 uL into A8 of NO MAG on 2 at 30.0 uL/sec
	Aspirating 40.0 uL from A8 of NO MAG on 2 at 30.0 uL/sec
	Dispensing 40.0 uL into A8 of NO MAG on 2 at 30.0 uL/sec
	Aspirating 40.0 uL from A8 of NO MAG on 2 at 30.0 uL/sec
	Dispensing 40.0 uL into A8 of NO MAG on 2 at 30.0 uL/sec
Moving to A8 of NO MAG on 2
Air gap
	Aspirating 20.0 uL from A8 of NO MAG on 2 at 30.0 uL/sec
Dropping tip into A1 of Opentrons Fixed Trash on 12
Picking up tip from A11 of Opentrons OT-2 96 Filter Tip Rack 200 µL on 7
Aspirating 43.0 uL from A4 of NEST 12 Well Reservoir 15 mL on 4 at 30.0 uL/sec
Moving to A9 of NO MAG on 2
Moving to A9 of NO MAG on 2
Dispensing 43.0 uL into A9 of NO MAG on 2 at 30.0 uL/sec
Mixing 6 times with a volume of 40.0 ul
	Aspirating 40.0 uL from A9 of NO MAG on 2 at 30.0 uL/sec
	Dispensing 40.0 uL into A9 of NO MAG on 2 at 30.0 uL/sec
	Aspirating 40.0 uL from A9 of NO MAG on 2 at 30.0 uL/sec
	Dispensing 40.0 uL into A9 of NO MAG on 2 at 30.0 uL/sec
	Aspirating 40.0 uL from A9 of NO MAG on 2 at 30.0 uL/sec
	Dispensing 40.0 uL into A9 of NO MAG on 2 at 30.0 uL/sec
	Aspirating 40.0 uL from A9 of NO MAG on 2 at 30.0 uL/sec
	Dispensing 40.0 uL into A9 of NO MAG on 2 at 30.0 uL/sec
	Aspirating 40.0 uL from A9 of NO MAG on 2 at 30.0 uL/sec
	Dispensing 40.0 uL into A9 of NO MAG on 2 at 30.0 uL/sec
	Aspirating 40.0 uL from A9 of NO MAG on 2 at 30.0 uL/sec
	Dispensing 40.0 uL into A9 of NO MAG on 2 at 30.0 uL/sec
Moving to A9 of NO MAG on 2
Air gap
	Aspirating 20.0 uL from A9 of NO MAG on 2 at 30.0 uL/sec
Dropping tip into A1 of Opentrons Fixed Trash on 12
Picking up tip from A12 of Opentrons OT-2 96 Filter Tip Rack 200 µL on 7
Aspirating 43.0 uL from A4 of NEST 12 Well Reservoir 15 mL on 4 at 30.0 uL/sec
Moving to A10 of NO MAG on 2
Moving to A10 of NO MAG on 2
Dispensing 43.0 uL into A10 of NO MAG on 2 at 30.0 uL/sec
Mixing 6 times with a volume of 40.0 ul
	Aspirating 40.0 uL from A10 of NO MAG on 2 at 30.0 uL/sec
	Dispensing 40.0 uL into A10 of NO MAG on 2 at 30.0 uL/sec
	Aspirating 40.0 uL from A10 of NO MAG on 2 at 30.0 uL/sec
	Dispensing 40.0 uL into A10 of NO MAG on 2 at 30.0 uL/sec
	Aspirating 40.0 uL from A10 of NO MAG on 2 at 30.0 uL/sec
	Dispensing 40.0 uL into A10 of NO MAG on 2 at 30.0 uL/sec
	Aspirating 40.0 uL from A10 of NO MAG on 2 at 30.0 uL/sec
	Dispensing 40.0 uL into A10 of NO MAG on 2 at 30.0 uL/sec
	Aspirating 40.0 uL from A10 of NO MAG on 2 at 30.0 uL/sec
	Dispensing 40.0 uL into A10 of NO MAG on 2 at 30.0 uL/sec
	Aspirating 40.0 uL from A10 of NO MAG on 2 at 30.0 uL/sec
	Dispensing 40.0 uL into A10 of NO MAG on 2 at 30.0 uL/sec
Moving to A10 of NO MAG on 2
Air gap
	Aspirating 20.0 uL from A10 of NO MAG on 2 at 30.0 uL/sec
Dropping tip into A1 of Opentrons Fixed Trash on 12
Picking up tip from A1 of Opentrons OT-2 96 Filter Tip Rack 200 µL on 8
Aspirating 43.0 uL from A4 of NEST 12 Well Reservoir 15 mL on 4 at 30.0 uL/sec
Moving to A11 of NO MAG on 2
Moving to A11 of NO MAG on 2
Dispensing 43.0 uL into A11 of NO MAG on 2 at 30.0 uL/sec
Mixing 6 times with a volume of 40.0 ul
	Aspirating 40.0 uL from A11 of NO MAG on 2 at 30.0 uL/sec
	Dispensing 40.0 uL into A11 of NO MAG on 2 at 30.0 uL/sec
	Aspirating 40.0 uL from A11 of NO MAG on 2 at 30.0 uL/sec
	Dispensing 40.0 uL into A11 of NO MAG on 2 at 30.0 uL/sec
	Aspirating 40.0 uL from A11 of NO MAG on 2 at 30.0 uL/sec
	Dispensing 40.0 uL into A11 of NO MAG on 2 at 30.0 uL/sec
	Aspirating 40.0 uL from A11 of NO MAG on 2 at 30.0 uL/sec
	Dispensing 40.0 uL into A11 of NO MAG on 2 at 30.0 uL/sec
	Aspirating 40.0 uL from A11 of NO MAG on 2 at 30.0 uL/sec
	Dispensing 40.0 uL into A11 of NO MAG on 2 at 30.0 uL/sec
	Aspirating 40.0 uL from A11 of NO MAG on 2 at 30.0 uL/sec
	Dispensing 40.0 uL into A11 of NO MAG on 2 at 30.0 uL/sec
Moving to A11 of NO MAG on 2
Air gap
	Aspirating 20.0 uL from A11 of NO MAG on 2 at 30.0 uL/sec
Dropping tip into A1 of Opentrons Fixed Trash on 12
Picking up tip from A2 of Opentrons OT-2 96 Filter Tip Rack 200 µL on 8
Aspirating 43.0 uL from A4 of NEST 12 Well Reservoir 15 mL on 4 at 30.0 uL/sec
Moving to A12 of NO MAG on 2
Moving to A12 of NO MAG on 2
Dispensing 43.0 uL into A12 of NO MAG on 2 at 30.0 uL/sec
Mixing 6 times with a volume of 40.0 ul
	Aspirating 40.0 uL from A12 of NO MAG on 2 at 30.0 uL/sec
	Dispensing 40.0 uL into A12 of NO MAG on 2 at 30.0 uL/sec
	Aspirating 40.0 uL from A12 of NO MAG on 2 at 30.0 uL/sec
	Dispensing 40.0 uL into A12 of NO MAG on 2 at 30.0 uL/sec
	Aspirating 40.0 uL from A12 of NO MAG on 2 at 30.0 uL/sec
	Dispensing 40.0 uL into A12 of NO MAG on 2 at 30.0 uL/sec
	Aspirating 40.0 uL from A12 of NO MAG on 2 at 30.0 uL/sec
	Dispensing 40.0 uL into A12 of NO MAG on 2 at 30.0 uL/sec
	Aspirating 40.0 uL from A12 of NO MAG on 2 at 30.0 uL/sec
	Dispensing 40.0 uL into A12 of NO MAG on 2 at 30.0 uL/sec
	Aspirating 40.0 uL from A12 of NO MAG on 2 at 30.0 uL/sec
	Dispensing 40.0 uL into A12 of NO MAG on 2 at 30.0 uL/sec
Moving to A12 of NO MAG on 2
Air gap
	Aspirating 20.0 uL from A12 of NO MAG on 2 at 30.0 uL/sec
Dropping tip into A1 of Opentrons Fixed Trash on 12
Pausing robot operation: 
    Incubate 2 min with beads. Move to Slot 3 (MagPlate).
    Resume when solution is clear.
    
Picking up tip from A3 of Opentrons OT-2 96 Filter Tip Rack 200 µL on 8
Moving to A1 of MAGPLATE on 3
Moving to A1 of MAGPLATE on 3
Aspirating 40.0 uL from A1 of MAGPLATE on 3 at 20.0 uL/sec
Dispensing 40.0 uL into A1 of CLEAN PLATE on 1 at 20.0 uL/sec
Mixing 1 times with a volume of 20.0 ul
	Aspirating 20.0 uL from A1 of CLEAN PLATE on 1 at 20.0 uL/sec
	Dispensing 20.0 uL into A1 of CLEAN PLATE on 1 at 20.0 uL/sec
Moving to A1 of CLEAN PLATE on 1
Air gap
	Aspirating 20.0 uL from A1 of CLEAN PLATE on 1 at 20.0 uL/sec
Dropping tip into A1 of Opentrons Fixed Trash on 12
Picking up tip from A4 of Opentrons OT-2 96 Filter Tip Rack 200 µL on 8
Moving to A2 of MAGPLATE on 3
Moving to A2 of MAGPLATE on 3
Aspirating 40.0 uL from A2 of MAGPLATE on 3 at 20.0 uL/sec
Dispensing 40.0 uL into A2 of CLEAN PLATE on 1 at 20.0 uL/sec
Mixing 1 times with a volume of 20.0 ul
	Aspirating 20.0 uL from A2 of CLEAN PLATE on 1 at 20.0 uL/sec
	Dispensing 20.0 uL into A2 of CLEAN PLATE on 1 at 20.0 uL/sec
Moving to A2 of CLEAN PLATE on 1
Air gap
	Aspirating 20.0 uL from A2 of CLEAN PLATE on 1 at 20.0 uL/sec
Dropping tip into A1 of Opentrons Fixed Trash on 12
Picking up tip from A5 of Opentrons OT-2 96 Filter Tip Rack 200 µL on 8
Moving to A3 of MAGPLATE on 3
Moving to A3 of MAGPLATE on 3
Aspirating 40.0 uL from A3 of MAGPLATE on 3 at 20.0 uL/sec
Dispensing 40.0 uL into A3 of CLEAN PLATE on 1 at 20.0 uL/sec
Mixing 1 times with a volume of 20.0 ul
	Aspirating 20.0 uL from A3 of CLEAN PLATE on 1 at 20.0 uL/sec
	Dispensing 20.0 uL into A3 of CLEAN PLATE on 1 at 20.0 uL/sec
Moving to A3 of CLEAN PLATE on 1
Air gap
	Aspirating 20.0 uL from A3 of CLEAN PLATE on 1 at 20.0 uL/sec
Dropping tip into A1 of Opentrons Fixed Trash on 12
Picking up tip from A6 of Opentrons OT-2 96 Filter Tip Rack 200 µL on 8
Moving to A4 of MAGPLATE on 3
Moving to A4 of MAGPLATE on 3
Aspirating 40.0 uL from A4 of MAGPLATE on 3 at 20.0 uL/sec
Dispensing 40.0 uL into A4 of CLEAN PLATE on 1 at 20.0 uL/sec
Mixing 1 times with a volume of 20.0 ul
	Aspirating 20.0 uL from A4 of CLEAN PLATE on 1 at 20.0 uL/sec
	Dispensing 20.0 uL into A4 of CLEAN PLATE on 1 at 20.0 uL/sec
Moving to A4 of CLEAN PLATE on 1
Air gap
	Aspirating 20.0 uL from A4 of CLEAN PLATE on 1 at 20.0 uL/sec
Dropping tip into A1 of Opentrons Fixed Trash on 12
Picking up tip from A7 of Opentrons OT-2 96 Filter Tip Rack 200 µL on 8
Moving to A5 of MAGPLATE on 3
Moving to A5 of MAGPLATE on 3
Aspirating 40.0 uL from A5 of MAGPLATE on 3 at 20.0 uL/sec
Dispensing 40.0 uL into A5 of CLEAN PLATE on 1 at 20.0 uL/sec
Mixing 1 times with a volume of 20.0 ul
	Aspirating 20.0 uL from A5 of CLEAN PLATE on 1 at 20.0 uL/sec
	Dispensing 20.0 uL into A5 of CLEAN PLATE on 1 at 20.0 uL/sec
Moving to A5 of CLEAN PLATE on 1
Air gap
	Aspirating 20.0 uL from A5 of CLEAN PLATE on 1 at 20.0 uL/sec
Dropping tip into A1 of Opentrons Fixed Trash on 12
Picking up tip from A8 of Opentrons OT-2 96 Filter Tip Rack 200 µL on 8
Moving to A6 of MAGPLATE on 3
Moving to A6 of MAGPLATE on 3
Aspirating 40.0 uL from A6 of MAGPLATE on 3 at 20.0 uL/sec
Dispensing 40.0 uL into A6 of CLEAN PLATE on 1 at 20.0 uL/sec
Mixing 1 times with a volume of 20.0 ul
	Aspirating 20.0 uL from A6 of CLEAN PLATE on 1 at 20.0 uL/sec
	Dispensing 20.0 uL into A6 of CLEAN PLATE on 1 at 20.0 uL/sec
Moving to A6 of CLEAN PLATE on 1
Air gap
	Aspirating 20.0 uL from A6 of CLEAN PLATE on 1 at 20.0 uL/sec
Dropping tip into A1 of Opentrons Fixed Trash on 12
Picking up tip from A9 of Opentrons OT-2 96 Filter Tip Rack 200 µL on 8
Moving to A7 of MAGPLATE on 3
Moving to A7 of MAGPLATE on 3
Aspirating 40.0 uL from A7 of MAGPLATE on 3 at 20.0 uL/sec
Dispensing 40.0 uL into A7 of CLEAN PLATE on 1 at 20.0 uL/sec
Mixing 1 times with a volume of 20.0 ul
	Aspirating 20.0 uL from A7 of CLEAN PLATE on 1 at 20.0 uL/sec
	Dispensing 20.0 uL into A7 of CLEAN PLATE on 1 at 20.0 uL/sec
Moving to A7 of CLEAN PLATE on 1
Air gap
	Aspirating 20.0 uL from A7 of CLEAN PLATE on 1 at 20.0 uL/sec
Dropping tip into A1 of Opentrons Fixed Trash on 12
Picking up tip from A10 of Opentrons OT-2 96 Filter Tip Rack 200 µL on 8
Moving to A8 of MAGPLATE on 3
Moving to A8 of MAGPLATE on 3
Aspirating 40.0 uL from A8 of MAGPLATE on 3 at 20.0 uL/sec
Dispensing 40.0 uL into A8 of CLEAN PLATE on 1 at 20.0 uL/sec
Mixing 1 times with a volume of 20.0 ul
	Aspirating 20.0 uL from A8 of CLEAN PLATE on 1 at 20.0 uL/sec
	Dispensing 20.0 uL into A8 of CLEAN PLATE on 1 at 20.0 uL/sec
Moving to A8 of CLEAN PLATE on 1
Air gap
	Aspirating 20.0 uL from A8 of CLEAN PLATE on 1 at 20.0 uL/sec
Dropping tip into A1 of Opentrons Fixed Trash on 12
Picking up tip from A11 of Opentrons OT-2 96 Filter Tip Rack 200 µL on 8
Moving to A9 of MAGPLATE on 3
Moving to A9 of MAGPLATE on 3
Aspirating 40.0 uL from A9 of MAGPLATE on 3 at 20.0 uL/sec
Dispensing 40.0 uL into A9 of CLEAN PLATE on 1 at 20.0 uL/sec
Mixing 1 times with a volume of 20.0 ul
	Aspirating 20.0 uL from A9 of CLEAN PLATE on 1 at 20.0 uL/sec
	Dispensing 20.0 uL into A9 of CLEAN PLATE on 1 at 20.0 uL/sec
Moving to A9 of CLEAN PLATE on 1
Air gap
	Aspirating 20.0 uL from A9 of CLEAN PLATE on 1 at 20.0 uL/sec
Dropping tip into A1 of Opentrons Fixed Trash on 12
Picking up tip from A12 of Opentrons OT-2 96 Filter Tip Rack 200 µL on 8
Moving to A10 of MAGPLATE on 3
Moving to A10 of MAGPLATE on 3
Aspirating 40.0 uL from A10 of MAGPLATE on 3 at 20.0 uL/sec
Dispensing 40.0 uL into A10 of CLEAN PLATE on 1 at 20.0 uL/sec
Mixing 1 times with a volume of 20.0 ul
	Aspirating 20.0 uL from A10 of CLEAN PLATE on 1 at 20.0 uL/sec
	Dispensing 20.0 uL into A10 of CLEAN PLATE on 1 at 20.0 uL/sec
Moving to A10 of CLEAN PLATE on 1
Air gap
	Aspirating 20.0 uL from A10 of CLEAN PLATE on 1 at 20.0 uL/sec
Dropping tip into A1 of Opentrons Fixed Trash on 12
Picking up tip from A1 of Opentrons OT-2 96 Filter Tip Rack 200 µL on 10
Moving to A11 of MAGPLATE on 3
Moving to A11 of MAGPLATE on 3
Aspirating 40.0 uL from A11 of MAGPLATE on 3 at 20.0 uL/sec
Dispensing 40.0 uL into A11 of CLEAN PLATE on 1 at 20.0 uL/sec
Mixing 1 times with a volume of 20.0 ul
	Aspirating 20.0 uL from A11 of CLEAN PLATE on 1 at 20.0 uL/sec
	Dispensing 20.0 uL into A11 of CLEAN PLATE on 1 at 20.0 uL/sec
Moving to A11 of CLEAN PLATE on 1
Air gap
	Aspirating 20.0 uL from A11 of CLEAN PLATE on 1 at 20.0 uL/sec
Dropping tip into A1 of Opentrons Fixed Trash on 12
Picking up tip from A2 of Opentrons OT-2 96 Filter Tip Rack 200 µL on 10
Moving to A12 of MAGPLATE on 3
Moving to A12 of MAGPLATE on 3
Aspirating 40.0 uL from A12 of MAGPLATE on 3 at 20.0 uL/sec
Dispensing 40.0 uL into A12 of CLEAN PLATE on 1 at 20.0 uL/sec
Mixing 1 times with a volume of 20.0 ul
	Aspirating 20.0 uL from A12 of CLEAN PLATE on 1 at 20.0 uL/sec
	Dispensing 20.0 uL into A12 of CLEAN PLATE on 1 at 20.0 uL/sec
Moving to A12 of CLEAN PLATE on 1
Air gap
	Aspirating 20.0 uL from A12 of CLEAN PLATE on 1 at 20.0 uL/sec
Dropping tip into A1 of Opentrons Fixed Trash on 12
Caught exception: {'message': 'Task was destroyed but it is pending!', 'task': <Task pending name='Task-4' coro=<Poller._poll_forever() running at /Users/dp/Desktop/project/github/opentrons/venv/lib/python3.10/site-packages/opentrons/hardware_control/poller.py:80> wait_for=<Future pending cb=[Task.task_wakeup()]>>}
Caught exception: {'message': 'Task was destroyed but it is pending!', 'task': <Task pending name='Task-3' coro=<Poller._poll_forever() running at /Users/dp/Desktop/project/github/opentrons/venv/lib/python3.10/site-packages/opentrons/hardware_control/poller.py:80> wait_for=<Future pending cb=[Task.task_wakeup()]>>}
Caught exception: {'message': 'Task was destroyed but it is pending!', 'task': <Task pending name='Task-2' coro=<Poller._poll_forever() running at /Users/dp/Desktop/project/github/opentrons/venv/lib/python3.10/site-packages/opentrons/hardware_control/poller.py:80> wait_for=<Future pending cb=[Task.task_wakeup()]>>}
