/Users/dp/Desktop/project/github/opentrons/venv/lib/python3.10/site-packages/opentrons/hardware_control/simulator_setup.py:205: UserWarning: Simulator configuration does not name a machine, defaulting to OT-2 Standard
  warn(
/Users/dp/.opentrons/robot_settings.json not found. Loading defaults
Deck calibration not found.
/Users/dp/.opentrons/deck_calibration.json not found. Loading defaults
TemperatureModuleContext at Temperature Module GEN2 on 9 lw DUMMY RACK on Temperature Module GEN2 on 9 DUMMY PLATE on Temperature Module GEN1 on 6 DUMMY RACK on Temperature Module GEN2 on 9
Disengaging Magnetic Module


~~~~~~~~~~~~~~~~ADDING SPRI BEADS~~~~~~~~~~~~~~~~

Logs from this command:
WARNING (legacy_module_core): The labware definition for SAMPLE PLATE does not define a default engagement height for use with the Magnetic Module; you must specify a height explicitly when calling engage().
Picking up tip from A1 of Opentrons OT-2 96 Tip Rack 300 µL on 7
Mixing 5 times with a volume of 150.0 ul
	Aspirating 150.0 uL from A1 of REAGENT PLATE on 4 at 94.0 uL/sec
	Dispensing 150.0 uL into A1 of REAGENT PLATE on 4 at 94.0 uL/sec
	Aspirating 150.0 uL from A1 of REAGENT PLATE on 4 at 94.0 uL/sec
	Dispensing 150.0 uL into A1 of REAGENT PLATE on 4 at 94.0 uL/sec
	Aspirating 150.0 uL from A1 of REAGENT PLATE on 4 at 94.0 uL/sec
	Dispensing 150.0 uL into A1 of REAGENT PLATE on 4 at 94.0 uL/sec
	Aspirating 150.0 uL from A1 of REAGENT PLATE on 4 at 94.0 uL/sec
	Dispensing 150.0 uL into A1 of REAGENT PLATE on 4 at 94.0 uL/sec
	Aspirating 150.0 uL from A1 of REAGENT PLATE on 4 at 94.0 uL/sec
	Dispensing 150.0 uL into A1 of REAGENT PLATE on 4 at 94.0 uL/sec
Aspirating 126.0 uL from A1 of REAGENT PLATE on 4 at 94.0 uL/sec
Dispensing 126.0 uL into A1 of SAMPLE PLATE on Magnetic Module GEN1 on 10 at 94.0 uL/sec
Mixing 15 times with a volume of 170.0 ul
	Aspirating 170.0 uL from A1 of SAMPLE PLATE on Magnetic Module GEN1 on 10 at 94.0 uL/sec
	Dispensing 170.0 uL into A1 of SAMPLE PLATE on Magnetic Module GEN1 on 10 at 94.0 uL/sec
	Aspirating 170.0 uL from A1 of SAMPLE PLATE on Magnetic Module GEN1 on 10 at 94.0 uL/sec
	Dispensing 170.0 uL into A1 of SAMPLE PLATE on Magnetic Module GEN1 on 10 at 94.0 uL/sec
	Aspirating 170.0 uL from A1 of SAMPLE PLATE on Magnetic Module GEN1 on 10 at 94.0 uL/sec
	Dispensing 170.0 uL into A1 of SAMPLE PLATE on Magnetic Module GEN1 on 10 at 94.0 uL/sec
	Aspirating 170.0 uL from A1 of SAMPLE PLATE on Magnetic Module GEN1 on 10 at 94.0 uL/sec
	Dispensing 170.0 uL into A1 of SAMPLE PLATE on Magnetic Module GEN1 on 10 at 94.0 uL/sec
	Aspirating 170.0 uL from A1 of SAMPLE PLATE on Magnetic Module GEN1 on 10 at 94.0 uL/sec
	Dispensing 170.0 uL into A1 of SAMPLE PLATE on Magnetic Module GEN1 on 10 at 94.0 uL/sec
	Aspirating 170.0 uL from A1 of SAMPLE PLATE on Magnetic Module GEN1 on 10 at 94.0 uL/sec
	Dispensing 170.0 uL into A1 of SAMPLE PLATE on Magnetic Module GEN1 on 10 at 94.0 uL/sec
	Aspirating 170.0 uL from A1 of SAMPLE PLATE on Magnetic Module GEN1 on 10 at 94.0 uL/sec
	Dispensing 170.0 uL into A1 of SAMPLE PLATE on Magnetic Module GEN1 on 10 at 94.0 uL/sec
	Aspirating 170.0 uL from A1 of SAMPLE PLATE on Magnetic Module GEN1 on 10 at 94.0 uL/sec
	Dispensing 170.0 uL into A1 of SAMPLE PLATE on Magnetic Module GEN1 on 10 at 94.0 uL/sec
	Aspirating 170.0 uL from A1 of SAMPLE PLATE on Magnetic Module GEN1 on 10 at 94.0 uL/sec
	Dispensing 170.0 uL into A1 of SAMPLE PLATE on Magnetic Module GEN1 on 10 at 94.0 uL/sec
	Aspirating 170.0 uL from A1 of SAMPLE PLATE on Magnetic Module GEN1 on 10 at 94.0 uL/sec
	Dispensing 170.0 uL into A1 of SAMPLE PLATE on Magnetic Module GEN1 on 10 at 94.0 uL/sec
	Aspirating 170.0 uL from A1 of SAMPLE PLATE on Magnetic Module GEN1 on 10 at 94.0 uL/sec
	Dispensing 170.0 uL into A1 of SAMPLE PLATE on Magnetic Module GEN1 on 10 at 94.0 uL/sec
	Aspirating 170.0 uL from A1 of SAMPLE PLATE on Magnetic Module GEN1 on 10 at 94.0 uL/sec
	Dispensing 170.0 uL into A1 of SAMPLE PLATE on Magnetic Module GEN1 on 10 at 94.0 uL/sec
	Aspirating 170.0 uL from A1 of SAMPLE PLATE on Magnetic Module GEN1 on 10 at 94.0 uL/sec
	Dispensing 170.0 uL into A1 of SAMPLE PLATE on Magnetic Module GEN1 on 10 at 94.0 uL/sec
	Aspirating 170.0 uL from A1 of SAMPLE PLATE on Magnetic Module GEN1 on 10 at 94.0 uL/sec
	Dispensing 170.0 uL into A1 of SAMPLE PLATE on Magnetic Module GEN1 on 10 at 94.0 uL/sec
	Aspirating 170.0 uL from A1 of SAMPLE PLATE on Magnetic Module GEN1 on 10 at 94.0 uL/sec
	Dispensing 170.0 uL into A1 of SAMPLE PLATE on Magnetic Module GEN1 on 10 at 94.0 uL/sec
Blowing out at A1 of SAMPLE PLATE on Magnetic Module GEN1 on 10
Touching tip
Dropping tip into A1 of Opentrons Fixed Trash on 12


~~~~~~~~~~~~~~INCUBATING FOR 5 MINUTES~~~~~~~~~~~~~~

Delaying for 5 minutes and 0.0 seconds


~~~~~~~~~~~~~~ENGAGE MAGNET 5 MINUTES~~~~~~~~~~~~~~

Engaging Magnetic Module
Delaying for 5 minutes and 0.0 seconds


~~~~~~~~~~~~~~REMOVING SUPERNATANT~~~~~~~~~~~~~~

Picking up tip from A2 of Opentrons OT-2 96 Tip Rack 300 µL on 7
Aspirating 200.0 uL from A1 of SAMPLE PLATE on Magnetic Module GEN1 on 10 at 47.0 uL/sec
Dispensing 200.0 uL into A12 of NEST 12 Well Reservoir 15 mL on 11 at 94.0 uL/sec
Blowing out at A12 of NEST 12 Well Reservoir 15 mL on 11
Air gap
	Aspirating 20.0 uL from A12 of NEST 12 Well Reservoir 15 mL on 11 at 94.0 uL/sec
Dropping tip into A1 of Opentrons Fixed Trash on 12


~~~~~~~~~~~~~~TWO ETHANOL WASHES~~~~~~~~~~~~~~

Picking up tip from A3 of Opentrons OT-2 96 Tip Rack 300 µL on 7
Aspirating 200.0 uL from A1 of NEST 12 Well Reservoir 15 mL on 11 at 94.0 uL/sec
Dispensing 200.0 uL into A1 of SAMPLE PLATE on Magnetic Module GEN1 on 10 at 94.0 uL/sec
Moving to A1 of SAMPLE PLATE on Magnetic Module GEN1 on 10
Delaying for 0 minutes and 30.0 seconds
Aspirating 300.0 uL from A1 of SAMPLE PLATE on Magnetic Module GEN1 on 10 at 47.0 uL/sec
Dispensing 300.0 uL into A12 of NEST 12 Well Reservoir 15 mL on 11 at 94.0 uL/sec
Blowing out at A12 of NEST 12 Well Reservoir 15 mL on 11
Dropping tip into A1 of Opentrons Fixed Trash on 12


Picking up tip from A4 of Opentrons OT-2 96 Tip Rack 300 µL on 7
Aspirating 200.0 uL from A1 of NEST 12 Well Reservoir 15 mL on 11 at 94.0 uL/sec
Dispensing 200.0 uL into A1 of SAMPLE PLATE on Magnetic Module GEN1 on 10 at 94.0 uL/sec
Moving to A1 of SAMPLE PLATE on Magnetic Module GEN1 on 10
Delaying for 0 minutes and 30.0 seconds
Aspirating 300.0 uL from A1 of SAMPLE PLATE on Magnetic Module GEN1 on 10 at 47.0 uL/sec
Dispensing 300.0 uL into A12 of NEST 12 Well Reservoir 15 mL on 11 at 94.0 uL/sec
Blowing out at A12 of NEST 12 Well Reservoir 15 mL on 11
Dropping tip into A1 of Opentrons Fixed Trash on 12


Picking up tip from A5 of Opentrons OT-2 96 Tip Rack 300 µL on 7
Aspirating 50.0 uL from A1 of SAMPLE PLATE on Magnetic Module GEN1 on 10 at 47.0 uL/sec
Dispensing 50.0 uL into A12 of NEST 12 Well Reservoir 15 mL on 11 at 94.0 uL/sec
Dropping tip into A1 of Opentrons Fixed Trash on 12
Delaying for 2 minutes and 0.0 seconds
Picking up tip from A6 of Opentrons OT-2 96 Tip Rack 300 µL on 7
Aspirating 50.0 uL from A1 of SAMPLE PLATE on Magnetic Module GEN1 on 10 at 47.0 uL/sec
Dispensing 50.0 uL into A12 of NEST 12 Well Reservoir 15 mL on 11 at 94.0 uL/sec
Dropping tip into A1 of Opentrons Fixed Trash on 12
Delaying for 2 minutes and 0.0 seconds
Disengaging Magnetic Module


~~~~~~~~~~~~~~ADDING ELUTION SOLUTION~~~~~~~~~~~~~~

Picking up tip from A7 of Opentrons OT-2 96 Tip Rack 300 µL on 7
Aspirating 101.0 uL from A12 of REAGENT PLATE on 4 at 94.0 uL/sec
Dispensing 101.0 uL into A1 of SAMPLE PLATE on Magnetic Module GEN1 on 10 at 94.0 uL/sec
Moving to A1 of SAMPLE PLATE on Magnetic Module GEN1 on 10
Delaying for 1 minutes and 0.0 seconds
Aspirating 80.0 uL from A1 of SAMPLE PLATE on Magnetic Module GEN1 on 10 at 47.0 uL/sec
Delaying for 0 minutes and 1.0 seconds
Dispensing 80.0 uL into A1 of SAMPLE PLATE on Magnetic Module GEN1 on 10 at 47.0 uL/sec
Delaying for 0 minutes and 1.0 seconds
Aspirating 80.0 uL from A1 of SAMPLE PLATE on Magnetic Module GEN1 on 10 at 47.0 uL/sec
Delaying for 0 minutes and 1.0 seconds
Dispensing 80.0 uL into A1 of SAMPLE PLATE on Magnetic Module GEN1 on 10 at 47.0 uL/sec
Delaying for 0 minutes and 1.0 seconds
Aspirating 80.0 uL from A1 of SAMPLE PLATE on Magnetic Module GEN1 on 10 at 47.0 uL/sec
Delaying for 0 minutes and 1.0 seconds
Dispensing 80.0 uL into A1 of SAMPLE PLATE on Magnetic Module GEN1 on 10 at 47.0 uL/sec
Delaying for 0 minutes and 1.0 seconds
Aspirating 80.0 uL from A1 of SAMPLE PLATE on Magnetic Module GEN1 on 10 at 47.0 uL/sec
Delaying for 0 minutes and 1.0 seconds
Dispensing 80.0 uL into A1 of SAMPLE PLATE on Magnetic Module GEN1 on 10 at 47.0 uL/sec
Delaying for 0 minutes and 1.0 seconds
Aspirating 80.0 uL from A1 of SAMPLE PLATE on Magnetic Module GEN1 on 10 at 47.0 uL/sec
Delaying for 0 minutes and 1.0 seconds
Dispensing 80.0 uL into A1 of SAMPLE PLATE on Magnetic Module GEN1 on 10 at 47.0 uL/sec
Delaying for 0 minutes and 1.0 seconds
Aspirating 80.0 uL from A1 of SAMPLE PLATE on Magnetic Module GEN1 on 10 at 47.0 uL/sec
Delaying for 0 minutes and 1.0 seconds
Dispensing 80.0 uL into A1 of SAMPLE PLATE on Magnetic Module GEN1 on 10 at 47.0 uL/sec
Delaying for 0 minutes and 1.0 seconds
Aspirating 80.0 uL from A1 of SAMPLE PLATE on Magnetic Module GEN1 on 10 at 47.0 uL/sec
Delaying for 0 minutes and 1.0 seconds
Dispensing 80.0 uL into A1 of SAMPLE PLATE on Magnetic Module GEN1 on 10 at 47.0 uL/sec
Delaying for 0 minutes and 1.0 seconds
Aspirating 80.0 uL from A1 of SAMPLE PLATE on Magnetic Module GEN1 on 10 at 47.0 uL/sec
Delaying for 0 minutes and 1.0 seconds
Dispensing 80.0 uL into A1 of SAMPLE PLATE on Magnetic Module GEN1 on 10 at 47.0 uL/sec
Delaying for 0 minutes and 1.0 seconds
Aspirating 80.0 uL from A1 of SAMPLE PLATE on Magnetic Module GEN1 on 10 at 47.0 uL/sec
Delaying for 0 minutes and 1.0 seconds
Dispensing 80.0 uL into A1 of SAMPLE PLATE on Magnetic Module GEN1 on 10 at 47.0 uL/sec
Delaying for 0 minutes and 1.0 seconds
Aspirating 80.0 uL from A1 of SAMPLE PLATE on Magnetic Module GEN1 on 10 at 47.0 uL/sec
Delaying for 0 minutes and 1.0 seconds
Dispensing 80.0 uL into A1 of SAMPLE PLATE on Magnetic Module GEN1 on 10 at 47.0 uL/sec
Delaying for 0 minutes and 1.0 seconds
Aspirating 80.0 uL from A1 of SAMPLE PLATE on Magnetic Module GEN1 on 10 at 47.0 uL/sec
Delaying for 0 minutes and 1.0 seconds
Dispensing 80.0 uL into A1 of SAMPLE PLATE on Magnetic Module GEN1 on 10 at 47.0 uL/sec
Delaying for 0 minutes and 1.0 seconds
Aspirating 80.0 uL from A1 of SAMPLE PLATE on Magnetic Module GEN1 on 10 at 47.0 uL/sec
Delaying for 0 minutes and 1.0 seconds
Dispensing 80.0 uL into A1 of SAMPLE PLATE on Magnetic Module GEN1 on 10 at 47.0 uL/sec
Delaying for 0 minutes and 1.0 seconds
Aspirating 80.0 uL from A1 of SAMPLE PLATE on Magnetic Module GEN1 on 10 at 47.0 uL/sec
Delaying for 0 minutes and 1.0 seconds
Dispensing 80.0 uL into A1 of SAMPLE PLATE on Magnetic Module GEN1 on 10 at 47.0 uL/sec
Delaying for 0 minutes and 1.0 seconds
Aspirating 80.0 uL from A1 of SAMPLE PLATE on Magnetic Module GEN1 on 10 at 47.0 uL/sec
Delaying for 0 minutes and 1.0 seconds
Dispensing 80.0 uL into A1 of SAMPLE PLATE on Magnetic Module GEN1 on 10 at 47.0 uL/sec
Delaying for 0 minutes and 1.0 seconds
Aspirating 80.0 uL from A1 of SAMPLE PLATE on Magnetic Module GEN1 on 10 at 47.0 uL/sec
Delaying for 0 minutes and 1.0 seconds
Dispensing 80.0 uL into A1 of SAMPLE PLATE on Magnetic Module GEN1 on 10 at 47.0 uL/sec
Delaying for 0 minutes and 1.0 seconds
Blowing out at A1 of SAMPLE PLATE on Magnetic Module GEN1 on 10
Touching tip
Air gap
	Aspirating 20.0 uL from A1 of SAMPLE PLATE on Magnetic Module GEN1 on 10 at 94.0 uL/sec
Dropping tip into A1 of Opentrons Fixed Trash on 12


~~~~~~~~~~~~~~INCUBATING FOR 2 MINUTES~~~~~~~~~~~~~~

Delaying for 2 minutes and 0.0 seconds


~~~~~~~~~~~~~~MOVING ELUTE~~~~~~~~~~~~~~

Picking up tip from A8 of Opentrons OT-2 96 Tip Rack 300 µL on 7
Aspirating 80.0 uL from A1 of SAMPLE PLATE on Magnetic Module GEN1 on 10 at 47.0 uL/sec
Delaying for 0 minutes and 1.0 seconds
Dispensing 80.0 uL into A1 of SAMPLE PLATE on Magnetic Module GEN1 on 10 at 47.0 uL/sec
Delaying for 0 minutes and 1.0 seconds
Aspirating 80.0 uL from A1 of SAMPLE PLATE on Magnetic Module GEN1 on 10 at 47.0 uL/sec
Delaying for 0 minutes and 1.0 seconds
Dispensing 80.0 uL into A1 of SAMPLE PLATE on Magnetic Module GEN1 on 10 at 47.0 uL/sec
Delaying for 0 minutes and 1.0 seconds
Aspirating 80.0 uL from A1 of SAMPLE PLATE on Magnetic Module GEN1 on 10 at 47.0 uL/sec
Delaying for 0 minutes and 1.0 seconds
Dispensing 80.0 uL into A1 of SAMPLE PLATE on Magnetic Module GEN1 on 10 at 47.0 uL/sec
Delaying for 0 minutes and 1.0 seconds
Aspirating 80.0 uL from A1 of SAMPLE PLATE on Magnetic Module GEN1 on 10 at 47.0 uL/sec
Delaying for 0 minutes and 1.0 seconds
Dispensing 80.0 uL into A1 of SAMPLE PLATE on Magnetic Module GEN1 on 10 at 47.0 uL/sec
Delaying for 0 minutes and 1.0 seconds
Aspirating 80.0 uL from A1 of SAMPLE PLATE on Magnetic Module GEN1 on 10 at 47.0 uL/sec
Delaying for 0 minutes and 1.0 seconds
Dispensing 80.0 uL into A1 of SAMPLE PLATE on Magnetic Module GEN1 on 10 at 47.0 uL/sec
Delaying for 0 minutes and 1.0 seconds
Aspirating 80.0 uL from A1 of SAMPLE PLATE on Magnetic Module GEN1 on 10 at 47.0 uL/sec
Delaying for 0 minutes and 1.0 seconds
Dispensing 80.0 uL into A1 of SAMPLE PLATE on Magnetic Module GEN1 on 10 at 47.0 uL/sec
Delaying for 0 minutes and 1.0 seconds
Aspirating 80.0 uL from A1 of SAMPLE PLATE on Magnetic Module GEN1 on 10 at 47.0 uL/sec
Delaying for 0 minutes and 1.0 seconds
Dispensing 80.0 uL into A1 of SAMPLE PLATE on Magnetic Module GEN1 on 10 at 47.0 uL/sec
Delaying for 0 minutes and 1.0 seconds
Aspirating 80.0 uL from A1 of SAMPLE PLATE on Magnetic Module GEN1 on 10 at 47.0 uL/sec
Delaying for 0 minutes and 1.0 seconds
Dispensing 80.0 uL into A1 of SAMPLE PLATE on Magnetic Module GEN1 on 10 at 47.0 uL/sec
Delaying for 0 minutes and 1.0 seconds
Aspirating 80.0 uL from A1 of SAMPLE PLATE on Magnetic Module GEN1 on 10 at 47.0 uL/sec
Delaying for 0 minutes and 1.0 seconds
Dispensing 80.0 uL into A1 of SAMPLE PLATE on Magnetic Module GEN1 on 10 at 47.0 uL/sec
Delaying for 0 minutes and 1.0 seconds
Aspirating 80.0 uL from A1 of SAMPLE PLATE on Magnetic Module GEN1 on 10 at 47.0 uL/sec
Delaying for 0 minutes and 1.0 seconds
Dispensing 80.0 uL into A1 of SAMPLE PLATE on Magnetic Module GEN1 on 10 at 47.0 uL/sec
Delaying for 0 minutes and 1.0 seconds
Aspirating 80.0 uL from A1 of SAMPLE PLATE on Magnetic Module GEN1 on 10 at 47.0 uL/sec
Delaying for 0 minutes and 1.0 seconds
Dispensing 80.0 uL into A1 of SAMPLE PLATE on Magnetic Module GEN1 on 10 at 47.0 uL/sec
Delaying for 0 minutes and 1.0 seconds
Aspirating 80.0 uL from A1 of SAMPLE PLATE on Magnetic Module GEN1 on 10 at 47.0 uL/sec
Delaying for 0 minutes and 1.0 seconds
Dispensing 80.0 uL into A1 of SAMPLE PLATE on Magnetic Module GEN1 on 10 at 47.0 uL/sec
Delaying for 0 minutes and 1.0 seconds
Aspirating 80.0 uL from A1 of SAMPLE PLATE on Magnetic Module GEN1 on 10 at 47.0 uL/sec
Delaying for 0 minutes and 1.0 seconds
Dispensing 80.0 uL into A1 of SAMPLE PLATE on Magnetic Module GEN1 on 10 at 47.0 uL/sec
Delaying for 0 minutes and 1.0 seconds
Aspirating 80.0 uL from A1 of SAMPLE PLATE on Magnetic Module GEN1 on 10 at 47.0 uL/sec
Delaying for 0 minutes and 1.0 seconds
Dispensing 80.0 uL into A1 of SAMPLE PLATE on Magnetic Module GEN1 on 10 at 47.0 uL/sec
Delaying for 0 minutes and 1.0 seconds
Aspirating 80.0 uL from A1 of SAMPLE PLATE on Magnetic Module GEN1 on 10 at 47.0 uL/sec
Delaying for 0 minutes and 1.0 seconds
Dispensing 80.0 uL into A1 of SAMPLE PLATE on Magnetic Module GEN1 on 10 at 47.0 uL/sec
Delaying for 0 minutes and 1.0 seconds
Blowing out at A1 of SAMPLE PLATE on Magnetic Module GEN1 on 10
Air gap
	Aspirating 20.0 uL from A1 of SAMPLE PLATE on Magnetic Module GEN1 on 10 at 94.0 uL/sec
Dropping tip into A1 of Opentrons Fixed Trash on 12
Engaging Magnetic Module
Picking up tip from A9 of Opentrons OT-2 96 Tip Rack 300 µL on 7
Aspirating 100.0 uL from A1 of SAMPLE PLATE on Magnetic Module GEN1 on 10 at 47.0 uL/sec
Dispensing 100.0 uL into A2 of SAMPLE PLATE on Magnetic Module GEN1 on 10 at 94.0 uL/sec
Blowing out at A2 of SAMPLE PLATE on Magnetic Module GEN1 on 10
Touching tip
Air gap
	Aspirating 20.0 uL from A2 of SAMPLE PLATE on Magnetic Module GEN1 on 10 at 94.0 uL/sec
Dropping tip into A1 of Opentrons Fixed Trash on 12
Caught exception: {'message': 'Task was destroyed but it is pending!', 'task': <Task pending name='Task-3' coro=<Poller._poll_forever() running at /Users/dp/Desktop/project/github/opentrons/venv/lib/python3.10/site-packages/opentrons/hardware_control/poller.py:80> wait_for=<Future pending cb=[Task.task_wakeup()]>>}
Caught exception: {'message': 'Task was destroyed but it is pending!', 'task': <Task pending name='Task-4' coro=<Poller._poll_forever() running at /Users/dp/Desktop/project/github/opentrons/venv/lib/python3.10/site-packages/opentrons/hardware_control/poller.py:80> wait_for=<Future pending cb=[Task.task_wakeup()]>>}
Caught exception: {'message': 'Task was destroyed but it is pending!', 'task': <Task pending name='Task-2' coro=<Poller._poll_forever() running at /Users/dp/Desktop/project/github/opentrons/venv/lib/python3.10/site-packages/opentrons/hardware_control/poller.py:80> wait_for=<Future pending cb=[Task.task_wakeup()]>>}
Caught exception: {'message': 'Task was destroyed but it is pending!', 'task': <Task pending name='Task-9' coro=<Poller._poll_forever() running at /Users/dp/Desktop/project/github/opentrons/venv/lib/python3.10/site-packages/opentrons/hardware_control/poller.py:80> wait_for=<Future pending cb=[Task.task_wakeup()]>>}
