/Users/dp/Desktop/project/github/opentrons/venv/lib/python3.10/site-packages/opentrons/hardware_control/simulator_setup.py:205: UserWarning: Simulator configuration does not name a machine, defaulting to OT-2 Standard
  warn(
/Users/dp/.opentrons/robot_settings.json not found. Loading defaults
Deck calibration not found.
/Users/dp/.opentrons/deck_calibration.json not found. Loading defaults
Engaging Magnetic Module
Delaying for 5 minutes and 0.0 seconds


~~~~~~~~~~~~~~~ADDING IPB~~~~~~~~~~~~~~~~

Picking up tip from A1 of Opentrons OT-2 96 Filter Tip Rack 20 µL on 7
Moving to A1 of Opentrons 96 Well Aluminum Block with Generic PCR Strip 200 µL on Temperature Module GEN1 on 1
Aspirating 19.8 uL from A1 of Opentrons 96 Well Aluminum Block with Generic PCR Strip 200 µL on Temperature Module GEN1 on 1 at 7.6 uL/sec
Dispensing 19.8 uL into A1 of Opentrons 96 Well Aluminum Block with Generic PCR Strip 200 µL on Temperature Module GEN1 on 1 at 7.6 uL/sec
Aspirating 19.8 uL from A1 of Opentrons 96 Well Aluminum Block with Generic PCR Strip 200 µL on Temperature Module GEN1 on 1 at 7.6 uL/sec
Dispensing 19.8 uL into A1 of Opentrons 96 Well Aluminum Block with Generic PCR Strip 200 µL on Temperature Module GEN1 on 1 at 7.6 uL/sec
Aspirating 19.8 uL from A1 of Opentrons 96 Well Aluminum Block with Generic PCR Strip 200 µL on Temperature Module GEN1 on 1 at 7.6 uL/sec
Dispensing 19.8 uL into A1 of Opentrons 96 Well Aluminum Block with Generic PCR Strip 200 µL on Temperature Module GEN1 on 1 at 7.6 uL/sec
Aspirating 19.8 uL from A1 of Opentrons 96 Well Aluminum Block with Generic PCR Strip 200 µL on Temperature Module GEN1 on 1 at 7.6 uL/sec
Dispensing 19.8 uL into A1 of Opentrons 96 Well Aluminum Block with Generic PCR Strip 200 µL on Temperature Module GEN1 on 1 at 7.6 uL/sec
Aspirating 19.8 uL from A1 of Opentrons 96 Well Aluminum Block with Generic PCR Strip 200 µL on Temperature Module GEN1 on 1 at 7.6 uL/sec
Dispensing 19.8 uL into A1 of Opentrons 96 Well Aluminum Block with Generic PCR Strip 200 µL on Temperature Module GEN1 on 1 at 7.6 uL/sec
Aspirating 19.8 uL from A1 of Opentrons 96 Well Aluminum Block with Generic PCR Strip 200 µL on Temperature Module GEN1 on 1 at 7.6 uL/sec
Dispensing 19.8 uL into A1 of Opentrons 96 Well Aluminum Block with Generic PCR Strip 200 µL on Temperature Module GEN1 on 1 at 7.6 uL/sec
Aspirating 19.8 uL from A1 of Opentrons 96 Well Aluminum Block with Generic PCR Strip 200 µL on Temperature Module GEN1 on 1 at 7.6 uL/sec
Dispensing 19.8 uL into A1 of Opentrons 96 Well Aluminum Block with Generic PCR Strip 200 µL on Temperature Module GEN1 on 1 at 7.6 uL/sec
Aspirating 19.8 uL from A1 of Opentrons 96 Well Aluminum Block with Generic PCR Strip 200 µL on Temperature Module GEN1 on 1 at 7.6 uL/sec
Dispensing 19.8 uL into A1 of Opentrons 96 Well Aluminum Block with Generic PCR Strip 200 µL on Temperature Module GEN1 on 1 at 7.6 uL/sec
Aspirating 19.8 uL from A1 of Opentrons 96 Well Aluminum Block with Generic PCR Strip 200 µL on Temperature Module GEN1 on 1 at 7.6 uL/sec
Dispensing 19.8 uL into A1 of Opentrons 96 Well Aluminum Block with Generic PCR Strip 200 µL on Temperature Module GEN1 on 1 at 7.6 uL/sec
Aspirating 19.8 uL from A1 of Opentrons 96 Well Aluminum Block with Generic PCR Strip 200 µL on Temperature Module GEN1 on 1 at 7.6 uL/sec
Dispensing 19.8 uL into A1 of Opentrons 96 Well Aluminum Block with Generic PCR Strip 200 µL on Temperature Module GEN1 on 1 at 7.6 uL/sec
Aspirating 19.8 uL from A1 of Opentrons 96 Well Aluminum Block with Generic PCR Strip 200 µL on Temperature Module GEN1 on 1 at 7.6 uL/sec
Dispensing 19.8 uL into A1 of Opentrons 96 Well Aluminum Block with Generic PCR Strip 200 µL on Temperature Module GEN1 on 1 at 7.6 uL/sec
Aspirating 19.8 uL from A1 of Opentrons 96 Well Aluminum Block with Generic PCR Strip 200 µL on Temperature Module GEN1 on 1 at 7.6 uL/sec
Dispensing 19.8 uL into A1 of Opentrons 96 Well Aluminum Block with Generic PCR Strip 200 µL on Temperature Module GEN1 on 1 at 7.6 uL/sec
Aspirating 19.8 uL from A1 of Opentrons 96 Well Aluminum Block with Generic PCR Strip 200 µL on Temperature Module GEN1 on 1 at 7.6 uL/sec
Dispensing 19.8 uL into A1 of Opentrons 96 Well Aluminum Block with Generic PCR Strip 200 µL on Temperature Module GEN1 on 1 at 7.6 uL/sec
Aspirating 19.8 uL from A1 of Opentrons 96 Well Aluminum Block with Generic PCR Strip 200 µL on Temperature Module GEN1 on 1 at 7.6 uL/sec
Dispensing 19.8 uL into A1 of Opentrons 96 Well Aluminum Block with Generic PCR Strip 200 µL on Temperature Module GEN1 on 1 at 7.6 uL/sec
Aspirating 19.8 uL from A1 of Opentrons 96 Well Aluminum Block with Generic PCR Strip 200 µL on Temperature Module GEN1 on 1 at 7.6 uL/sec
Dispensing 19.8 uL into A1 of Opentrons 96 Well Aluminum Block with Generic PCR Strip 200 µL on Temperature Module GEN1 on 1 at 7.6 uL/sec
Aspirating 19.8 uL from A1 of Opentrons 96 Well Aluminum Block with Generic PCR Strip 200 µL on Temperature Module GEN1 on 1 at 7.6 uL/sec
Dispensing 19.8 uL into A1 of Opentrons 96 Well Aluminum Block with Generic PCR Strip 200 µL on Temperature Module GEN1 on 1 at 7.6 uL/sec
Aspirating 19.8 uL from A1 of Opentrons 96 Well Aluminum Block with Generic PCR Strip 200 µL on Temperature Module GEN1 on 1 at 7.6 uL/sec
Dispensing 19.8 uL into A1 of Opentrons 96 Well Aluminum Block with Generic PCR Strip 200 µL on Temperature Module GEN1 on 1 at 7.6 uL/sec
Aspirating 19.8 uL from A1 of Opentrons 96 Well Aluminum Block with Generic PCR Strip 200 µL on Temperature Module GEN1 on 1 at 7.6 uL/sec
Dispensing 19.8 uL into A1 of Opentrons 96 Well Aluminum Block with Generic PCR Strip 200 µL on Temperature Module GEN1 on 1 at 7.6 uL/sec
Aspirating 19.8 uL from A1 of Opentrons 96 Well Aluminum Block with Generic PCR Strip 200 µL on Temperature Module GEN1 on 1 at 7.6 uL/sec
Dispensing 19.8 uL into A1 of Opentrons 96 Well Aluminum Block with Generic PCR Strip 200 µL on Temperature Module GEN1 on 1 at 7.6 uL/sec
Aspirating 19.8 uL from A1 of Opentrons 96 Well Aluminum Block with Generic PCR Strip 200 µL on Temperature Module GEN1 on 1 at 7.6 uL/sec
Dispensing 19.8 uL into A1 of Opentrons 96 Well Aluminum Block with Generic PCR Strip 200 µL on Temperature Module GEN1 on 1 at 7.6 uL/sec



Aspirating 15.0 uL from A1 of Opentrons 96 Well Aluminum Block with Generic PCR Strip 200 µL on Temperature Module GEN1 on 1 at 1.9 uL/sec
Moving to A1 of Opentrons 96 Well Aluminum Block with Generic PCR Strip 200 µL on Temperature Module GEN1 on 1
Delaying for 0 minutes and 2.0 seconds
Touching tip
Moving to A1 of Opentrons 96 Well Aluminum Block with Generic PCR Strip 200 µL on Temperature Module GEN1 on 1
Aspirating 3.0 uL from A1 of Opentrons 96 Well Aluminum Block with Generic PCR Strip 200 µL on Temperature Module GEN1 on 1 at 1.9 uL/sec
Dispensing 3.0 uL into A7 of NEST 96 Deep Well Plate 2mL on Magnetic Module GEN2 on 4 at 1.9 uL/sec
Dispensing 15.0 uL into A7 of NEST 96 Deep Well Plate 2mL on Magnetic Module GEN2 on 4 at 1.9 uL/sec
Aspirating 15.0 uL from A1 of Opentrons 96 Well Aluminum Block with Generic PCR Strip 200 µL on Temperature Module GEN1 on 1 at 1.9 uL/sec
Moving to A1 of Opentrons 96 Well Aluminum Block with Generic PCR Strip 200 µL on Temperature Module GEN1 on 1
Delaying for 0 minutes and 2.0 seconds
Touching tip
Moving to A1 of Opentrons 96 Well Aluminum Block with Generic PCR Strip 200 µL on Temperature Module GEN1 on 1
Aspirating 3.0 uL from A1 of Opentrons 96 Well Aluminum Block with Generic PCR Strip 200 µL on Temperature Module GEN1 on 1 at 1.9 uL/sec
Dispensing 3.0 uL into A8 of NEST 96 Deep Well Plate 2mL on Magnetic Module GEN2 on 4 at 1.9 uL/sec
Dispensing 15.0 uL into A8 of NEST 96 Deep Well Plate 2mL on Magnetic Module GEN2 on 4 at 1.9 uL/sec
Moving to A1 of Opentrons 96 Well Aluminum Block with Generic PCR Strip 200 µL on Temperature Module GEN1 on 1
Aspirating 19.8 uL from A1 of Opentrons 96 Well Aluminum Block with Generic PCR Strip 200 µL on Temperature Module GEN1 on 1 at 7.6 uL/sec
Dispensing 19.8 uL into A1 of Opentrons 96 Well Aluminum Block with Generic PCR Strip 200 µL on Temperature Module GEN1 on 1 at 7.6 uL/sec
Aspirating 19.8 uL from A1 of Opentrons 96 Well Aluminum Block with Generic PCR Strip 200 µL on Temperature Module GEN1 on 1 at 7.6 uL/sec
Dispensing 19.8 uL into A1 of Opentrons 96 Well Aluminum Block with Generic PCR Strip 200 µL on Temperature Module GEN1 on 1 at 7.6 uL/sec
Aspirating 19.8 uL from A1 of Opentrons 96 Well Aluminum Block with Generic PCR Strip 200 µL on Temperature Module GEN1 on 1 at 7.6 uL/sec
Dispensing 19.8 uL into A1 of Opentrons 96 Well Aluminum Block with Generic PCR Strip 200 µL on Temperature Module GEN1 on 1 at 7.6 uL/sec
Aspirating 19.8 uL from A1 of Opentrons 96 Well Aluminum Block with Generic PCR Strip 200 µL on Temperature Module GEN1 on 1 at 7.6 uL/sec
Dispensing 19.8 uL into A1 of Opentrons 96 Well Aluminum Block with Generic PCR Strip 200 µL on Temperature Module GEN1 on 1 at 7.6 uL/sec
Aspirating 19.8 uL from A1 of Opentrons 96 Well Aluminum Block with Generic PCR Strip 200 µL on Temperature Module GEN1 on 1 at 7.6 uL/sec
Dispensing 19.8 uL into A1 of Opentrons 96 Well Aluminum Block with Generic PCR Strip 200 µL on Temperature Module GEN1 on 1 at 7.6 uL/sec
Aspirating 19.8 uL from A1 of Opentrons 96 Well Aluminum Block with Generic PCR Strip 200 µL on Temperature Module GEN1 on 1 at 7.6 uL/sec
Dispensing 19.8 uL into A1 of Opentrons 96 Well Aluminum Block with Generic PCR Strip 200 µL on Temperature Module GEN1 on 1 at 7.6 uL/sec
Aspirating 19.8 uL from A1 of Opentrons 96 Well Aluminum Block with Generic PCR Strip 200 µL on Temperature Module GEN1 on 1 at 7.6 uL/sec
Dispensing 19.8 uL into A1 of Opentrons 96 Well Aluminum Block with Generic PCR Strip 200 µL on Temperature Module GEN1 on 1 at 7.6 uL/sec
Aspirating 19.8 uL from A1 of Opentrons 96 Well Aluminum Block with Generic PCR Strip 200 µL on Temperature Module GEN1 on 1 at 7.6 uL/sec
Dispensing 19.8 uL into A1 of Opentrons 96 Well Aluminum Block with Generic PCR Strip 200 µL on Temperature Module GEN1 on 1 at 7.6 uL/sec
Aspirating 19.8 uL from A1 of Opentrons 96 Well Aluminum Block with Generic PCR Strip 200 µL on Temperature Module GEN1 on 1 at 7.6 uL/sec
Dispensing 19.8 uL into A1 of Opentrons 96 Well Aluminum Block with Generic PCR Strip 200 µL on Temperature Module GEN1 on 1 at 7.6 uL/sec
Aspirating 19.8 uL from A1 of Opentrons 96 Well Aluminum Block with Generic PCR Strip 200 µL on Temperature Module GEN1 on 1 at 7.6 uL/sec
Dispensing 19.8 uL into A1 of Opentrons 96 Well Aluminum Block with Generic PCR Strip 200 µL on Temperature Module GEN1 on 1 at 7.6 uL/sec
Aspirating 19.8 uL from A1 of Opentrons 96 Well Aluminum Block with Generic PCR Strip 200 µL on Temperature Module GEN1 on 1 at 7.6 uL/sec
Dispensing 19.8 uL into A1 of Opentrons 96 Well Aluminum Block with Generic PCR Strip 200 µL on Temperature Module GEN1 on 1 at 7.6 uL/sec
Aspirating 19.8 uL from A1 of Opentrons 96 Well Aluminum Block with Generic PCR Strip 200 µL on Temperature Module GEN1 on 1 at 7.6 uL/sec
Dispensing 19.8 uL into A1 of Opentrons 96 Well Aluminum Block with Generic PCR Strip 200 µL on Temperature Module GEN1 on 1 at 7.6 uL/sec
Aspirating 19.8 uL from A1 of Opentrons 96 Well Aluminum Block with Generic PCR Strip 200 µL on Temperature Module GEN1 on 1 at 7.6 uL/sec
Dispensing 19.8 uL into A1 of Opentrons 96 Well Aluminum Block with Generic PCR Strip 200 µL on Temperature Module GEN1 on 1 at 7.6 uL/sec
Aspirating 19.8 uL from A1 of Opentrons 96 Well Aluminum Block with Generic PCR Strip 200 µL on Temperature Module GEN1 on 1 at 7.6 uL/sec
Dispensing 19.8 uL into A1 of Opentrons 96 Well Aluminum Block with Generic PCR Strip 200 µL on Temperature Module GEN1 on 1 at 7.6 uL/sec
Aspirating 19.8 uL from A1 of Opentrons 96 Well Aluminum Block with Generic PCR Strip 200 µL on Temperature Module GEN1 on 1 at 7.6 uL/sec
Dispensing 19.8 uL into A1 of Opentrons 96 Well Aluminum Block with Generic PCR Strip 200 µL on Temperature Module GEN1 on 1 at 7.6 uL/sec
Aspirating 19.8 uL from A1 of Opentrons 96 Well Aluminum Block with Generic PCR Strip 200 µL on Temperature Module GEN1 on 1 at 7.6 uL/sec
Dispensing 19.8 uL into A1 of Opentrons 96 Well Aluminum Block with Generic PCR Strip 200 µL on Temperature Module GEN1 on 1 at 7.6 uL/sec
Aspirating 19.8 uL from A1 of Opentrons 96 Well Aluminum Block with Generic PCR Strip 200 µL on Temperature Module GEN1 on 1 at 7.6 uL/sec
Dispensing 19.8 uL into A1 of Opentrons 96 Well Aluminum Block with Generic PCR Strip 200 µL on Temperature Module GEN1 on 1 at 7.6 uL/sec
Aspirating 19.8 uL from A1 of Opentrons 96 Well Aluminum Block with Generic PCR Strip 200 µL on Temperature Module GEN1 on 1 at 7.6 uL/sec
Dispensing 19.8 uL into A1 of Opentrons 96 Well Aluminum Block with Generic PCR Strip 200 µL on Temperature Module GEN1 on 1 at 7.6 uL/sec
Aspirating 19.8 uL from A1 of Opentrons 96 Well Aluminum Block with Generic PCR Strip 200 µL on Temperature Module GEN1 on 1 at 7.6 uL/sec
Dispensing 19.8 uL into A1 of Opentrons 96 Well Aluminum Block with Generic PCR Strip 200 µL on Temperature Module GEN1 on 1 at 7.6 uL/sec
Aspirating 19.8 uL from A1 of Opentrons 96 Well Aluminum Block with Generic PCR Strip 200 µL on Temperature Module GEN1 on 1 at 7.6 uL/sec
Dispensing 19.8 uL into A1 of Opentrons 96 Well Aluminum Block with Generic PCR Strip 200 µL on Temperature Module GEN1 on 1 at 7.6 uL/sec



Aspirating 15.0 uL from A1 of Opentrons 96 Well Aluminum Block with Generic PCR Strip 200 µL on Temperature Module GEN1 on 1 at 1.9 uL/sec
Moving to A1 of Opentrons 96 Well Aluminum Block with Generic PCR Strip 200 µL on Temperature Module GEN1 on 1
Delaying for 0 minutes and 2.0 seconds
Touching tip
Moving to A1 of Opentrons 96 Well Aluminum Block with Generic PCR Strip 200 µL on Temperature Module GEN1 on 1
Aspirating 3.0 uL from A1 of Opentrons 96 Well Aluminum Block with Generic PCR Strip 200 µL on Temperature Module GEN1 on 1 at 1.9 uL/sec
Dispensing 3.0 uL into A9 of NEST 96 Deep Well Plate 2mL on Magnetic Module GEN2 on 4 at 1.9 uL/sec
Dispensing 15.0 uL into A9 of NEST 96 Deep Well Plate 2mL on Magnetic Module GEN2 on 4 at 1.9 uL/sec
Aspirating 15.0 uL from A1 of Opentrons 96 Well Aluminum Block with Generic PCR Strip 200 µL on Temperature Module GEN1 on 1 at 1.9 uL/sec
Moving to A1 of Opentrons 96 Well Aluminum Block with Generic PCR Strip 200 µL on Temperature Module GEN1 on 1
Delaying for 0 minutes and 2.0 seconds
Touching tip
Moving to A1 of Opentrons 96 Well Aluminum Block with Generic PCR Strip 200 µL on Temperature Module GEN1 on 1
Aspirating 3.0 uL from A1 of Opentrons 96 Well Aluminum Block with Generic PCR Strip 200 µL on Temperature Module GEN1 on 1 at 1.9 uL/sec
Dispensing 3.0 uL into A10 of NEST 96 Deep Well Plate 2mL on Magnetic Module GEN2 on 4 at 1.9 uL/sec
Dispensing 15.0 uL into A10 of NEST 96 Deep Well Plate 2mL on Magnetic Module GEN2 on 4 at 1.9 uL/sec
Moving to A1 of Opentrons 96 Well Aluminum Block with Generic PCR Strip 200 µL on Temperature Module GEN1 on 1
Aspirating 19.8 uL from A1 of Opentrons 96 Well Aluminum Block with Generic PCR Strip 200 µL on Temperature Module GEN1 on 1 at 7.6 uL/sec
Dispensing 19.8 uL into A1 of Opentrons 96 Well Aluminum Block with Generic PCR Strip 200 µL on Temperature Module GEN1 on 1 at 7.6 uL/sec
Aspirating 19.8 uL from A1 of Opentrons 96 Well Aluminum Block with Generic PCR Strip 200 µL on Temperature Module GEN1 on 1 at 7.6 uL/sec
Dispensing 19.8 uL into A1 of Opentrons 96 Well Aluminum Block with Generic PCR Strip 200 µL on Temperature Module GEN1 on 1 at 7.6 uL/sec
Aspirating 19.8 uL from A1 of Opentrons 96 Well Aluminum Block with Generic PCR Strip 200 µL on Temperature Module GEN1 on 1 at 7.6 uL/sec
Dispensing 19.8 uL into A1 of Opentrons 96 Well Aluminum Block with Generic PCR Strip 200 µL on Temperature Module GEN1 on 1 at 7.6 uL/sec
Aspirating 19.8 uL from A1 of Opentrons 96 Well Aluminum Block with Generic PCR Strip 200 µL on Temperature Module GEN1 on 1 at 7.6 uL/sec
Dispensing 19.8 uL into A1 of Opentrons 96 Well Aluminum Block with Generic PCR Strip 200 µL on Temperature Module GEN1 on 1 at 7.6 uL/sec
Aspirating 19.8 uL from A1 of Opentrons 96 Well Aluminum Block with Generic PCR Strip 200 µL on Temperature Module GEN1 on 1 at 7.6 uL/sec
Dispensing 19.8 uL into A1 of Opentrons 96 Well Aluminum Block with Generic PCR Strip 200 µL on Temperature Module GEN1 on 1 at 7.6 uL/sec
Aspirating 19.8 uL from A1 of Opentrons 96 Well Aluminum Block with Generic PCR Strip 200 µL on Temperature Module GEN1 on 1 at 7.6 uL/sec
Dispensing 19.8 uL into A1 of Opentrons 96 Well Aluminum Block with Generic PCR Strip 200 µL on Temperature Module GEN1 on 1 at 7.6 uL/sec
Aspirating 19.8 uL from A1 of Opentrons 96 Well Aluminum Block with Generic PCR Strip 200 µL on Temperature Module GEN1 on 1 at 7.6 uL/sec
Dispensing 19.8 uL into A1 of Opentrons 96 Well Aluminum Block with Generic PCR Strip 200 µL on Temperature Module GEN1 on 1 at 7.6 uL/sec
Aspirating 19.8 uL from A1 of Opentrons 96 Well Aluminum Block with Generic PCR Strip 200 µL on Temperature Module GEN1 on 1 at 7.6 uL/sec
Dispensing 19.8 uL into A1 of Opentrons 96 Well Aluminum Block with Generic PCR Strip 200 µL on Temperature Module GEN1 on 1 at 7.6 uL/sec
Aspirating 19.8 uL from A1 of Opentrons 96 Well Aluminum Block with Generic PCR Strip 200 µL on Temperature Module GEN1 on 1 at 7.6 uL/sec
Dispensing 19.8 uL into A1 of Opentrons 96 Well Aluminum Block with Generic PCR Strip 200 µL on Temperature Module GEN1 on 1 at 7.6 uL/sec
Aspirating 19.8 uL from A1 of Opentrons 96 Well Aluminum Block with Generic PCR Strip 200 µL on Temperature Module GEN1 on 1 at 7.6 uL/sec
Dispensing 19.8 uL into A1 of Opentrons 96 Well Aluminum Block with Generic PCR Strip 200 µL on Temperature Module GEN1 on 1 at 7.6 uL/sec
Aspirating 19.8 uL from A1 of Opentrons 96 Well Aluminum Block with Generic PCR Strip 200 µL on Temperature Module GEN1 on 1 at 7.6 uL/sec
Dispensing 19.8 uL into A1 of Opentrons 96 Well Aluminum Block with Generic PCR Strip 200 µL on Temperature Module GEN1 on 1 at 7.6 uL/sec
Aspirating 19.8 uL from A1 of Opentrons 96 Well Aluminum Block with Generic PCR Strip 200 µL on Temperature Module GEN1 on 1 at 7.6 uL/sec
Dispensing 19.8 uL into A1 of Opentrons 96 Well Aluminum Block with Generic PCR Strip 200 µL on Temperature Module GEN1 on 1 at 7.6 uL/sec
Aspirating 19.8 uL from A1 of Opentrons 96 Well Aluminum Block with Generic PCR Strip 200 µL on Temperature Module GEN1 on 1 at 7.6 uL/sec
Dispensing 19.8 uL into A1 of Opentrons 96 Well Aluminum Block with Generic PCR Strip 200 µL on Temperature Module GEN1 on 1 at 7.6 uL/sec
Aspirating 19.8 uL from A1 of Opentrons 96 Well Aluminum Block with Generic PCR Strip 200 µL on Temperature Module GEN1 on 1 at 7.6 uL/sec
Dispensing 19.8 uL into A1 of Opentrons 96 Well Aluminum Block with Generic PCR Strip 200 µL on Temperature Module GEN1 on 1 at 7.6 uL/sec
Aspirating 19.8 uL from A1 of Opentrons 96 Well Aluminum Block with Generic PCR Strip 200 µL on Temperature Module GEN1 on 1 at 7.6 uL/sec
Dispensing 19.8 uL into A1 of Opentrons 96 Well Aluminum Block with Generic PCR Strip 200 µL on Temperature Module GEN1 on 1 at 7.6 uL/sec
Aspirating 19.8 uL from A1 of Opentrons 96 Well Aluminum Block with Generic PCR Strip 200 µL on Temperature Module GEN1 on 1 at 7.6 uL/sec
Dispensing 19.8 uL into A1 of Opentrons 96 Well Aluminum Block with Generic PCR Strip 200 µL on Temperature Module GEN1 on 1 at 7.6 uL/sec
Aspirating 19.8 uL from A1 of Opentrons 96 Well Aluminum Block with Generic PCR Strip 200 µL on Temperature Module GEN1 on 1 at 7.6 uL/sec
Dispensing 19.8 uL into A1 of Opentrons 96 Well Aluminum Block with Generic PCR Strip 200 µL on Temperature Module GEN1 on 1 at 7.6 uL/sec
Aspirating 19.8 uL from A1 of Opentrons 96 Well Aluminum Block with Generic PCR Strip 200 µL on Temperature Module GEN1 on 1 at 7.6 uL/sec
Dispensing 19.8 uL into A1 of Opentrons 96 Well Aluminum Block with Generic PCR Strip 200 µL on Temperature Module GEN1 on 1 at 7.6 uL/sec
Aspirating 19.8 uL from A1 of Opentrons 96 Well Aluminum Block with Generic PCR Strip 200 µL on Temperature Module GEN1 on 1 at 7.6 uL/sec
Dispensing 19.8 uL into A1 of Opentrons 96 Well Aluminum Block with Generic PCR Strip 200 µL on Temperature Module GEN1 on 1 at 7.6 uL/sec
Aspirating 19.8 uL from A1 of Opentrons 96 Well Aluminum Block with Generic PCR Strip 200 µL on Temperature Module GEN1 on 1 at 7.6 uL/sec
Dispensing 19.8 uL into A1 of Opentrons 96 Well Aluminum Block with Generic PCR Strip 200 µL on Temperature Module GEN1 on 1 at 7.6 uL/sec



Aspirating 15.0 uL from A1 of Opentrons 96 Well Aluminum Block with Generic PCR Strip 200 µL on Temperature Module GEN1 on 1 at 1.9 uL/sec
Moving to A1 of Opentrons 96 Well Aluminum Block with Generic PCR Strip 200 µL on Temperature Module GEN1 on 1
Delaying for 0 minutes and 2.0 seconds
Touching tip
Moving to A1 of Opentrons 96 Well Aluminum Block with Generic PCR Strip 200 µL on Temperature Module GEN1 on 1
Aspirating 3.0 uL from A1 of Opentrons 96 Well Aluminum Block with Generic PCR Strip 200 µL on Temperature Module GEN1 on 1 at 1.9 uL/sec
Dispensing 3.0 uL into A11 of NEST 96 Deep Well Plate 2mL on Magnetic Module GEN2 on 4 at 1.9 uL/sec
Dispensing 15.0 uL into A11 of NEST 96 Deep Well Plate 2mL on Magnetic Module GEN2 on 4 at 1.9 uL/sec
Aspirating 15.0 uL from A1 of Opentrons 96 Well Aluminum Block with Generic PCR Strip 200 µL on Temperature Module GEN1 on 1 at 1.9 uL/sec
Moving to A1 of Opentrons 96 Well Aluminum Block with Generic PCR Strip 200 µL on Temperature Module GEN1 on 1
Delaying for 0 minutes and 2.0 seconds
Touching tip
Moving to A1 of Opentrons 96 Well Aluminum Block with Generic PCR Strip 200 µL on Temperature Module GEN1 on 1
Aspirating 3.0 uL from A1 of Opentrons 96 Well Aluminum Block with Generic PCR Strip 200 µL on Temperature Module GEN1 on 1 at 1.9 uL/sec
Dispensing 3.0 uL into A12 of NEST 96 Deep Well Plate 2mL on Magnetic Module GEN2 on 4 at 1.9 uL/sec
Dispensing 15.0 uL into A12 of NEST 96 Deep Well Plate 2mL on Magnetic Module GEN2 on 4 at 1.9 uL/sec
Dropping tip into A1 of Opentrons Fixed Trash on 12


~~~~~~~~~~~~~~~MOVING SUPERNATANT~~~~~~~~~~~~~~~~

Engaging Magnetic Module
Picking up tip from A1 of Opentrons OT-2 96 Filter Tip Rack 200 µL on 8
Moving to A1 of NEST 96 Deep Well Plate 2mL on Magnetic Module GEN2 on 4
Aspirating 125.0 uL from A1 of NEST 96 Deep Well Plate 2mL on Magnetic Module GEN2 on 4 at 18.8 uL/sec
Moving to A1 of NEST 96 Deep Well Plate 2mL on Magnetic Module GEN2 on 4
Delaying for 0 minutes and 2.0 seconds
Touching tip
Moving to A1 of NEST 96 Deep Well Plate 2mL on Magnetic Module GEN2 on 4
Aspirating 10.0 uL from A1 of NEST 96 Deep Well Plate 2mL on Magnetic Module GEN2 on 4 at 18.8 uL/sec
Dispensing 10.0 uL into A7 of NEST 96 Deep Well Plate 2mL on Magnetic Module GEN2 on 4 at 94.0 uL/sec
Dispensing 125.0 uL into A7 of NEST 96 Deep Well Plate 2mL on Magnetic Module GEN2 on 4 at 94.0 uL/sec
Mixing 10 times with a volume of 120.0 ul
	Aspirating 120.0 uL from A7 of NEST 96 Deep Well Plate 2mL on Magnetic Module GEN2 on 4 at 47.0 uL/sec
	Dispensing 120.0 uL into A7 of NEST 96 Deep Well Plate 2mL on Magnetic Module GEN2 on 4 at 47.0 uL/sec
	Aspirating 120.0 uL from A7 of NEST 96 Deep Well Plate 2mL on Magnetic Module GEN2 on 4 at 47.0 uL/sec
	Dispensing 120.0 uL into A7 of NEST 96 Deep Well Plate 2mL on Magnetic Module GEN2 on 4 at 47.0 uL/sec
	Aspirating 120.0 uL from A7 of NEST 96 Deep Well Plate 2mL on Magnetic Module GEN2 on 4 at 47.0 uL/sec
	Dispensing 120.0 uL into A7 of NEST 96 Deep Well Plate 2mL on Magnetic Module GEN2 on 4 at 47.0 uL/sec
	Aspirating 120.0 uL from A7 of NEST 96 Deep Well Plate 2mL on Magnetic Module GEN2 on 4 at 47.0 uL/sec
	Dispensing 120.0 uL into A7 of NEST 96 Deep Well Plate 2mL on Magnetic Module GEN2 on 4 at 47.0 uL/sec
	Aspirating 120.0 uL from A7 of NEST 96 Deep Well Plate 2mL on Magnetic Module GEN2 on 4 at 47.0 uL/sec
	Dispensing 120.0 uL into A7 of NEST 96 Deep Well Plate 2mL on Magnetic Module GEN2 on 4 at 47.0 uL/sec
	Aspirating 120.0 uL from A7 of NEST 96 Deep Well Plate 2mL on Magnetic Module GEN2 on 4 at 47.0 uL/sec
	Dispensing 120.0 uL into A7 of NEST 96 Deep Well Plate 2mL on Magnetic Module GEN2 on 4 at 47.0 uL/sec
	Aspirating 120.0 uL from A7 of NEST 96 Deep Well Plate 2mL on Magnetic Module GEN2 on 4 at 47.0 uL/sec
	Dispensing 120.0 uL into A7 of NEST 96 Deep Well Plate 2mL on Magnetic Module GEN2 on 4 at 47.0 uL/sec
	Aspirating 120.0 uL from A7 of NEST 96 Deep Well Plate 2mL on Magnetic Module GEN2 on 4 at 47.0 uL/sec
	Dispensing 120.0 uL into A7 of NEST 96 Deep Well Plate 2mL on Magnetic Module GEN2 on 4 at 47.0 uL/sec
	Aspirating 120.0 uL from A7 of NEST 96 Deep Well Plate 2mL on Magnetic Module GEN2 on 4 at 47.0 uL/sec
	Dispensing 120.0 uL into A7 of NEST 96 Deep Well Plate 2mL on Magnetic Module GEN2 on 4 at 47.0 uL/sec
	Aspirating 120.0 uL from A7 of NEST 96 Deep Well Plate 2mL on Magnetic Module GEN2 on 4 at 47.0 uL/sec
	Dispensing 120.0 uL into A7 of NEST 96 Deep Well Plate 2mL on Magnetic Module GEN2 on 4 at 47.0 uL/sec
Dropping tip into A1 of Opentrons Fixed Trash on 12
Picking up tip from A2 of Opentrons OT-2 96 Filter Tip Rack 200 µL on 8
Moving to A2 of NEST 96 Deep Well Plate 2mL on Magnetic Module GEN2 on 4
Aspirating 125.0 uL from A2 of NEST 96 Deep Well Plate 2mL on Magnetic Module GEN2 on 4 at 18.8 uL/sec
Moving to A2 of NEST 96 Deep Well Plate 2mL on Magnetic Module GEN2 on 4
Delaying for 0 minutes and 2.0 seconds
Touching tip
Moving to A2 of NEST 96 Deep Well Plate 2mL on Magnetic Module GEN2 on 4
Aspirating 10.0 uL from A2 of NEST 96 Deep Well Plate 2mL on Magnetic Module GEN2 on 4 at 18.8 uL/sec
Dispensing 10.0 uL into A8 of NEST 96 Deep Well Plate 2mL on Magnetic Module GEN2 on 4 at 94.0 uL/sec
Dispensing 125.0 uL into A8 of NEST 96 Deep Well Plate 2mL on Magnetic Module GEN2 on 4 at 94.0 uL/sec
Mixing 10 times with a volume of 120.0 ul
	Aspirating 120.0 uL from A8 of NEST 96 Deep Well Plate 2mL on Magnetic Module GEN2 on 4 at 47.0 uL/sec
	Dispensing 120.0 uL into A8 of NEST 96 Deep Well Plate 2mL on Magnetic Module GEN2 on 4 at 47.0 uL/sec
	Aspirating 120.0 uL from A8 of NEST 96 Deep Well Plate 2mL on Magnetic Module GEN2 on 4 at 47.0 uL/sec
	Dispensing 120.0 uL into A8 of NEST 96 Deep Well Plate 2mL on Magnetic Module GEN2 on 4 at 47.0 uL/sec
	Aspirating 120.0 uL from A8 of NEST 96 Deep Well Plate 2mL on Magnetic Module GEN2 on 4 at 47.0 uL/sec
	Dispensing 120.0 uL into A8 of NEST 96 Deep Well Plate 2mL on Magnetic Module GEN2 on 4 at 47.0 uL/sec
	Aspirating 120.0 uL from A8 of NEST 96 Deep Well Plate 2mL on Magnetic Module GEN2 on 4 at 47.0 uL/sec
	Dispensing 120.0 uL into A8 of NEST 96 Deep Well Plate 2mL on Magnetic Module GEN2 on 4 at 47.0 uL/sec
	Aspirating 120.0 uL from A8 of NEST 96 Deep Well Plate 2mL on Magnetic Module GEN2 on 4 at 47.0 uL/sec
	Dispensing 120.0 uL into A8 of NEST 96 Deep Well Plate 2mL on Magnetic Module GEN2 on 4 at 47.0 uL/sec
	Aspirating 120.0 uL from A8 of NEST 96 Deep Well Plate 2mL on Magnetic Module GEN2 on 4 at 47.0 uL/sec
	Dispensing 120.0 uL into A8 of NEST 96 Deep Well Plate 2mL on Magnetic Module GEN2 on 4 at 47.0 uL/sec
	Aspirating 120.0 uL from A8 of NEST 96 Deep Well Plate 2mL on Magnetic Module GEN2 on 4 at 47.0 uL/sec
	Dispensing 120.0 uL into A8 of NEST 96 Deep Well Plate 2mL on Magnetic Module GEN2 on 4 at 47.0 uL/sec
	Aspirating 120.0 uL from A8 of NEST 96 Deep Well Plate 2mL on Magnetic Module GEN2 on 4 at 47.0 uL/sec
	Dispensing 120.0 uL into A8 of NEST 96 Deep Well Plate 2mL on Magnetic Module GEN2 on 4 at 47.0 uL/sec
	Aspirating 120.0 uL from A8 of NEST 96 Deep Well Plate 2mL on Magnetic Module GEN2 on 4 at 47.0 uL/sec
	Dispensing 120.0 uL into A8 of NEST 96 Deep Well Plate 2mL on Magnetic Module GEN2 on 4 at 47.0 uL/sec
	Aspirating 120.0 uL from A8 of NEST 96 Deep Well Plate 2mL on Magnetic Module GEN2 on 4 at 47.0 uL/sec
	Dispensing 120.0 uL into A8 of NEST 96 Deep Well Plate 2mL on Magnetic Module GEN2 on 4 at 47.0 uL/sec
Dropping tip into A1 of Opentrons Fixed Trash on 12
Picking up tip from A3 of Opentrons OT-2 96 Filter Tip Rack 200 µL on 8
Moving to A3 of NEST 96 Deep Well Plate 2mL on Magnetic Module GEN2 on 4
Aspirating 125.0 uL from A3 of NEST 96 Deep Well Plate 2mL on Magnetic Module GEN2 on 4 at 18.8 uL/sec
Moving to A3 of NEST 96 Deep Well Plate 2mL on Magnetic Module GEN2 on 4
Delaying for 0 minutes and 2.0 seconds
Touching tip
Moving to A3 of NEST 96 Deep Well Plate 2mL on Magnetic Module GEN2 on 4
Aspirating 10.0 uL from A3 of NEST 96 Deep Well Plate 2mL on Magnetic Module GEN2 on 4 at 18.8 uL/sec
Dispensing 10.0 uL into A9 of NEST 96 Deep Well Plate 2mL on Magnetic Module GEN2 on 4 at 94.0 uL/sec
Dispensing 125.0 uL into A9 of NEST 96 Deep Well Plate 2mL on Magnetic Module GEN2 on 4 at 94.0 uL/sec
Mixing 10 times with a volume of 120.0 ul
	Aspirating 120.0 uL from A9 of NEST 96 Deep Well Plate 2mL on Magnetic Module GEN2 on 4 at 47.0 uL/sec
	Dispensing 120.0 uL into A9 of NEST 96 Deep Well Plate 2mL on Magnetic Module GEN2 on 4 at 47.0 uL/sec
	Aspirating 120.0 uL from A9 of NEST 96 Deep Well Plate 2mL on Magnetic Module GEN2 on 4 at 47.0 uL/sec
	Dispensing 120.0 uL into A9 of NEST 96 Deep Well Plate 2mL on Magnetic Module GEN2 on 4 at 47.0 uL/sec
	Aspirating 120.0 uL from A9 of NEST 96 Deep Well Plate 2mL on Magnetic Module GEN2 on 4 at 47.0 uL/sec
	Dispensing 120.0 uL into A9 of NEST 96 Deep Well Plate 2mL on Magnetic Module GEN2 on 4 at 47.0 uL/sec
	Aspirating 120.0 uL from A9 of NEST 96 Deep Well Plate 2mL on Magnetic Module GEN2 on 4 at 47.0 uL/sec
	Dispensing 120.0 uL into A9 of NEST 96 Deep Well Plate 2mL on Magnetic Module GEN2 on 4 at 47.0 uL/sec
	Aspirating 120.0 uL from A9 of NEST 96 Deep Well Plate 2mL on Magnetic Module GEN2 on 4 at 47.0 uL/sec
	Dispensing 120.0 uL into A9 of NEST 96 Deep Well Plate 2mL on Magnetic Module GEN2 on 4 at 47.0 uL/sec
	Aspirating 120.0 uL from A9 of NEST 96 Deep Well Plate 2mL on Magnetic Module GEN2 on 4 at 47.0 uL/sec
	Dispensing 120.0 uL into A9 of NEST 96 Deep Well Plate 2mL on Magnetic Module GEN2 on 4 at 47.0 uL/sec
	Aspirating 120.0 uL from A9 of NEST 96 Deep Well Plate 2mL on Magnetic Module GEN2 on 4 at 47.0 uL/sec
	Dispensing 120.0 uL into A9 of NEST 96 Deep Well Plate 2mL on Magnetic Module GEN2 on 4 at 47.0 uL/sec
	Aspirating 120.0 uL from A9 of NEST 96 Deep Well Plate 2mL on Magnetic Module GEN2 on 4 at 47.0 uL/sec
	Dispensing 120.0 uL into A9 of NEST 96 Deep Well Plate 2mL on Magnetic Module GEN2 on 4 at 47.0 uL/sec
	Aspirating 120.0 uL from A9 of NEST 96 Deep Well Plate 2mL on Magnetic Module GEN2 on 4 at 47.0 uL/sec
	Dispensing 120.0 uL into A9 of NEST 96 Deep Well Plate 2mL on Magnetic Module GEN2 on 4 at 47.0 uL/sec
	Aspirating 120.0 uL from A9 of NEST 96 Deep Well Plate 2mL on Magnetic Module GEN2 on 4 at 47.0 uL/sec
	Dispensing 120.0 uL into A9 of NEST 96 Deep Well Plate 2mL on Magnetic Module GEN2 on 4 at 47.0 uL/sec
Dropping tip into A1 of Opentrons Fixed Trash on 12
Picking up tip from A4 of Opentrons OT-2 96 Filter Tip Rack 200 µL on 8
Moving to A4 of NEST 96 Deep Well Plate 2mL on Magnetic Module GEN2 on 4
Aspirating 125.0 uL from A4 of NEST 96 Deep Well Plate 2mL on Magnetic Module GEN2 on 4 at 18.8 uL/sec
Moving to A4 of NEST 96 Deep Well Plate 2mL on Magnetic Module GEN2 on 4
Delaying for 0 minutes and 2.0 seconds
Touching tip
Moving to A4 of NEST 96 Deep Well Plate 2mL on Magnetic Module GEN2 on 4
Aspirating 10.0 uL from A4 of NEST 96 Deep Well Plate 2mL on Magnetic Module GEN2 on 4 at 18.8 uL/sec
Dispensing 10.0 uL into A10 of NEST 96 Deep Well Plate 2mL on Magnetic Module GEN2 on 4 at 94.0 uL/sec
Dispensing 125.0 uL into A10 of NEST 96 Deep Well Plate 2mL on Magnetic Module GEN2 on 4 at 94.0 uL/sec
Mixing 10 times with a volume of 120.0 ul
	Aspirating 120.0 uL from A10 of NEST 96 Deep Well Plate 2mL on Magnetic Module GEN2 on 4 at 47.0 uL/sec
	Dispensing 120.0 uL into A10 of NEST 96 Deep Well Plate 2mL on Magnetic Module GEN2 on 4 at 47.0 uL/sec
	Aspirating 120.0 uL from A10 of NEST 96 Deep Well Plate 2mL on Magnetic Module GEN2 on 4 at 47.0 uL/sec
	Dispensing 120.0 uL into A10 of NEST 96 Deep Well Plate 2mL on Magnetic Module GEN2 on 4 at 47.0 uL/sec
	Aspirating 120.0 uL from A10 of NEST 96 Deep Well Plate 2mL on Magnetic Module GEN2 on 4 at 47.0 uL/sec
	Dispensing 120.0 uL into A10 of NEST 96 Deep Well Plate 2mL on Magnetic Module GEN2 on 4 at 47.0 uL/sec
	Aspirating 120.0 uL from A10 of NEST 96 Deep Well Plate 2mL on Magnetic Module GEN2 on 4 at 47.0 uL/sec
	Dispensing 120.0 uL into A10 of NEST 96 Deep Well Plate 2mL on Magnetic Module GEN2 on 4 at 47.0 uL/sec
	Aspirating 120.0 uL from A10 of NEST 96 Deep Well Plate 2mL on Magnetic Module GEN2 on 4 at 47.0 uL/sec
	Dispensing 120.0 uL into A10 of NEST 96 Deep Well Plate 2mL on Magnetic Module GEN2 on 4 at 47.0 uL/sec
	Aspirating 120.0 uL from A10 of NEST 96 Deep Well Plate 2mL on Magnetic Module GEN2 on 4 at 47.0 uL/sec
	Dispensing 120.0 uL into A10 of NEST 96 Deep Well Plate 2mL on Magnetic Module GEN2 on 4 at 47.0 uL/sec
	Aspirating 120.0 uL from A10 of NEST 96 Deep Well Plate 2mL on Magnetic Module GEN2 on 4 at 47.0 uL/sec
	Dispensing 120.0 uL into A10 of NEST 96 Deep Well Plate 2mL on Magnetic Module GEN2 on 4 at 47.0 uL/sec
	Aspirating 120.0 uL from A10 of NEST 96 Deep Well Plate 2mL on Magnetic Module GEN2 on 4 at 47.0 uL/sec
	Dispensing 120.0 uL into A10 of NEST 96 Deep Well Plate 2mL on Magnetic Module GEN2 on 4 at 47.0 uL/sec
	Aspirating 120.0 uL from A10 of NEST 96 Deep Well Plate 2mL on Magnetic Module GEN2 on 4 at 47.0 uL/sec
	Dispensing 120.0 uL into A10 of NEST 96 Deep Well Plate 2mL on Magnetic Module GEN2 on 4 at 47.0 uL/sec
	Aspirating 120.0 uL from A10 of NEST 96 Deep Well Plate 2mL on Magnetic Module GEN2 on 4 at 47.0 uL/sec
	Dispensing 120.0 uL into A10 of NEST 96 Deep Well Plate 2mL on Magnetic Module GEN2 on 4 at 47.0 uL/sec
Dropping tip into A1 of Opentrons Fixed Trash on 12
Picking up tip from A5 of Opentrons OT-2 96 Filter Tip Rack 200 µL on 8
Moving to A5 of NEST 96 Deep Well Plate 2mL on Magnetic Module GEN2 on 4
Aspirating 125.0 uL from A5 of NEST 96 Deep Well Plate 2mL on Magnetic Module GEN2 on 4 at 18.8 uL/sec
Moving to A5 of NEST 96 Deep Well Plate 2mL on Magnetic Module GEN2 on 4
Delaying for 0 minutes and 2.0 seconds
Touching tip
Moving to A5 of NEST 96 Deep Well Plate 2mL on Magnetic Module GEN2 on 4
Aspirating 10.0 uL from A5 of NEST 96 Deep Well Plate 2mL on Magnetic Module GEN2 on 4 at 18.8 uL/sec
Dispensing 10.0 uL into A11 of NEST 96 Deep Well Plate 2mL on Magnetic Module GEN2 on 4 at 94.0 uL/sec
Dispensing 125.0 uL into A11 of NEST 96 Deep Well Plate 2mL on Magnetic Module GEN2 on 4 at 94.0 uL/sec
Mixing 10 times with a volume of 120.0 ul
	Aspirating 120.0 uL from A11 of NEST 96 Deep Well Plate 2mL on Magnetic Module GEN2 on 4 at 47.0 uL/sec
	Dispensing 120.0 uL into A11 of NEST 96 Deep Well Plate 2mL on Magnetic Module GEN2 on 4 at 47.0 uL/sec
	Aspirating 120.0 uL from A11 of NEST 96 Deep Well Plate 2mL on Magnetic Module GEN2 on 4 at 47.0 uL/sec
	Dispensing 120.0 uL into A11 of NEST 96 Deep Well Plate 2mL on Magnetic Module GEN2 on 4 at 47.0 uL/sec
	Aspirating 120.0 uL from A11 of NEST 96 Deep Well Plate 2mL on Magnetic Module GEN2 on 4 at 47.0 uL/sec
	Dispensing 120.0 uL into A11 of NEST 96 Deep Well Plate 2mL on Magnetic Module GEN2 on 4 at 47.0 uL/sec
	Aspirating 120.0 uL from A11 of NEST 96 Deep Well Plate 2mL on Magnetic Module GEN2 on 4 at 47.0 uL/sec
	Dispensing 120.0 uL into A11 of NEST 96 Deep Well Plate 2mL on Magnetic Module GEN2 on 4 at 47.0 uL/sec
	Aspirating 120.0 uL from A11 of NEST 96 Deep Well Plate 2mL on Magnetic Module GEN2 on 4 at 47.0 uL/sec
	Dispensing 120.0 uL into A11 of NEST 96 Deep Well Plate 2mL on Magnetic Module GEN2 on 4 at 47.0 uL/sec
	Aspirating 120.0 uL from A11 of NEST 96 Deep Well Plate 2mL on Magnetic Module GEN2 on 4 at 47.0 uL/sec
	Dispensing 120.0 uL into A11 of NEST 96 Deep Well Plate 2mL on Magnetic Module GEN2 on 4 at 47.0 uL/sec
	Aspirating 120.0 uL from A11 of NEST 96 Deep Well Plate 2mL on Magnetic Module GEN2 on 4 at 47.0 uL/sec
	Dispensing 120.0 uL into A11 of NEST 96 Deep Well Plate 2mL on Magnetic Module GEN2 on 4 at 47.0 uL/sec
	Aspirating 120.0 uL from A11 of NEST 96 Deep Well Plate 2mL on Magnetic Module GEN2 on 4 at 47.0 uL/sec
	Dispensing 120.0 uL into A11 of NEST 96 Deep Well Plate 2mL on Magnetic Module GEN2 on 4 at 47.0 uL/sec
	Aspirating 120.0 uL from A11 of NEST 96 Deep Well Plate 2mL on Magnetic Module GEN2 on 4 at 47.0 uL/sec
	Dispensing 120.0 uL into A11 of NEST 96 Deep Well Plate 2mL on Magnetic Module GEN2 on 4 at 47.0 uL/sec
	Aspirating 120.0 uL from A11 of NEST 96 Deep Well Plate 2mL on Magnetic Module GEN2 on 4 at 47.0 uL/sec
	Dispensing 120.0 uL into A11 of NEST 96 Deep Well Plate 2mL on Magnetic Module GEN2 on 4 at 47.0 uL/sec
Dropping tip into A1 of Opentrons Fixed Trash on 12
Picking up tip from A6 of Opentrons OT-2 96 Filter Tip Rack 200 µL on 8
Moving to A6 of NEST 96 Deep Well Plate 2mL on Magnetic Module GEN2 on 4
Aspirating 125.0 uL from A6 of NEST 96 Deep Well Plate 2mL on Magnetic Module GEN2 on 4 at 18.8 uL/sec
Moving to A6 of NEST 96 Deep Well Plate 2mL on Magnetic Module GEN2 on 4
Delaying for 0 minutes and 2.0 seconds
Touching tip
Moving to A6 of NEST 96 Deep Well Plate 2mL on Magnetic Module GEN2 on 4
Aspirating 10.0 uL from A6 of NEST 96 Deep Well Plate 2mL on Magnetic Module GEN2 on 4 at 18.8 uL/sec
Dispensing 10.0 uL into A12 of NEST 96 Deep Well Plate 2mL on Magnetic Module GEN2 on 4 at 94.0 uL/sec
Dispensing 125.0 uL into A12 of NEST 96 Deep Well Plate 2mL on Magnetic Module GEN2 on 4 at 94.0 uL/sec
Mixing 10 times with a volume of 120.0 ul
	Aspirating 120.0 uL from A12 of NEST 96 Deep Well Plate 2mL on Magnetic Module GEN2 on 4 at 47.0 uL/sec
	Dispensing 120.0 uL into A12 of NEST 96 Deep Well Plate 2mL on Magnetic Module GEN2 on 4 at 47.0 uL/sec
	Aspirating 120.0 uL from A12 of NEST 96 Deep Well Plate 2mL on Magnetic Module GEN2 on 4 at 47.0 uL/sec
	Dispensing 120.0 uL into A12 of NEST 96 Deep Well Plate 2mL on Magnetic Module GEN2 on 4 at 47.0 uL/sec
	Aspirating 120.0 uL from A12 of NEST 96 Deep Well Plate 2mL on Magnetic Module GEN2 on 4 at 47.0 uL/sec
	Dispensing 120.0 uL into A12 of NEST 96 Deep Well Plate 2mL on Magnetic Module GEN2 on 4 at 47.0 uL/sec
	Aspirating 120.0 uL from A12 of NEST 96 Deep Well Plate 2mL on Magnetic Module GEN2 on 4 at 47.0 uL/sec
	Dispensing 120.0 uL into A12 of NEST 96 Deep Well Plate 2mL on Magnetic Module GEN2 on 4 at 47.0 uL/sec
	Aspirating 120.0 uL from A12 of NEST 96 Deep Well Plate 2mL on Magnetic Module GEN2 on 4 at 47.0 uL/sec
	Dispensing 120.0 uL into A12 of NEST 96 Deep Well Plate 2mL on Magnetic Module GEN2 on 4 at 47.0 uL/sec
	Aspirating 120.0 uL from A12 of NEST 96 Deep Well Plate 2mL on Magnetic Module GEN2 on 4 at 47.0 uL/sec
	Dispensing 120.0 uL into A12 of NEST 96 Deep Well Plate 2mL on Magnetic Module GEN2 on 4 at 47.0 uL/sec
	Aspirating 120.0 uL from A12 of NEST 96 Deep Well Plate 2mL on Magnetic Module GEN2 on 4 at 47.0 uL/sec
	Dispensing 120.0 uL into A12 of NEST 96 Deep Well Plate 2mL on Magnetic Module GEN2 on 4 at 47.0 uL/sec
	Aspirating 120.0 uL from A12 of NEST 96 Deep Well Plate 2mL on Magnetic Module GEN2 on 4 at 47.0 uL/sec
	Dispensing 120.0 uL into A12 of NEST 96 Deep Well Plate 2mL on Magnetic Module GEN2 on 4 at 47.0 uL/sec
	Aspirating 120.0 uL from A12 of NEST 96 Deep Well Plate 2mL on Magnetic Module GEN2 on 4 at 47.0 uL/sec
	Dispensing 120.0 uL into A12 of NEST 96 Deep Well Plate 2mL on Magnetic Module GEN2 on 4 at 47.0 uL/sec
	Aspirating 120.0 uL from A12 of NEST 96 Deep Well Plate 2mL on Magnetic Module GEN2 on 4 at 47.0 uL/sec
	Dispensing 120.0 uL into A12 of NEST 96 Deep Well Plate 2mL on Magnetic Module GEN2 on 4 at 47.0 uL/sec
Dropping tip into A1 of Opentrons Fixed Trash on 12
Disengaging Magnetic Module


~~~~~~~~~~~~~~~INCUBATING W/IPB~~~~~~~~~~~~~~~~

Delaying for 5 minutes and 0.0 seconds
Engaging Magnetic Module
Delaying for 5 minutes and 0.0 seconds


~~~~~~~~~~~~~~~DISCARDING SUPERNATANT~~~~~~~~~~~~~~~~

Picking up tip from A7 of Opentrons OT-2 96 Filter Tip Rack 200 µL on 8
Aspirating 45.0 uL from A7 of NEST 96 Deep Well Plate 2mL on Magnetic Module GEN2 on 4 at 18.8 uL/sec
Dispensing 45.0 uL into A1 of NEST 1 Well Reservoir 195 mL on 6 at 94.0 uL/sec
Dropping tip into A1 of Opentrons Fixed Trash on 12
Picking up tip from A8 of Opentrons OT-2 96 Filter Tip Rack 200 µL on 8
Aspirating 45.0 uL from A8 of NEST 96 Deep Well Plate 2mL on Magnetic Module GEN2 on 4 at 18.8 uL/sec
Dispensing 45.0 uL into A1 of NEST 1 Well Reservoir 195 mL on 6 at 94.0 uL/sec
Dropping tip into A1 of Opentrons Fixed Trash on 12
Picking up tip from A9 of Opentrons OT-2 96 Filter Tip Rack 200 µL on 8
Aspirating 45.0 uL from A9 of NEST 96 Deep Well Plate 2mL on Magnetic Module GEN2 on 4 at 18.8 uL/sec
Dispensing 45.0 uL into A1 of NEST 1 Well Reservoir 195 mL on 6 at 94.0 uL/sec
Dropping tip into A1 of Opentrons Fixed Trash on 12
Picking up tip from A10 of Opentrons OT-2 96 Filter Tip Rack 200 µL on 8
Aspirating 45.0 uL from A10 of NEST 96 Deep Well Plate 2mL on Magnetic Module GEN2 on 4 at 18.8 uL/sec
Dispensing 45.0 uL into A1 of NEST 1 Well Reservoir 195 mL on 6 at 94.0 uL/sec
Dropping tip into A1 of Opentrons Fixed Trash on 12
Picking up tip from A11 of Opentrons OT-2 96 Filter Tip Rack 200 µL on 8
Aspirating 45.0 uL from A11 of NEST 96 Deep Well Plate 2mL on Magnetic Module GEN2 on 4 at 18.8 uL/sec
Dispensing 45.0 uL into A1 of NEST 1 Well Reservoir 195 mL on 6 at 94.0 uL/sec
Dropping tip into A1 of Opentrons Fixed Trash on 12
Picking up tip from A12 of Opentrons OT-2 96 Filter Tip Rack 200 µL on 8
Aspirating 45.0 uL from A12 of NEST 96 Deep Well Plate 2mL on Magnetic Module GEN2 on 4 at 18.8 uL/sec
Dispensing 45.0 uL into A1 of NEST 1 Well Reservoir 195 mL on 6 at 94.0 uL/sec
Dropping tip into A1 of Opentrons Fixed Trash on 12
Disengaging Magnetic Module


~~~~~~~~~~~~~~~WASHING WITH ETOH~~~~~~~~~~~~~~~~

Picking up tip from A1 of Opentrons OT-2 96 Filter Tip Rack 200 µL on 9
Aspirating 100.0 uL from A12 of NEST 12 Well Reservoir 15 mL on 5 at 94.0 uL/sec
Aspirating 10.0 uL from A12 of NEST 12 Well Reservoir 15 mL on 5 at 94.0 uL/sec
Dispensing 10.0 uL into A7 of NEST 96 Deep Well Plate 2mL on Magnetic Module GEN2 on 4 at 94.0 uL/sec
Dispensing 100.0 uL into A7 of NEST 96 Deep Well Plate 2mL on Magnetic Module GEN2 on 4 at 94.0 uL/sec
Dropping tip into A1 of Opentrons Fixed Trash on 12
Picking up tip from A2 of Opentrons OT-2 96 Filter Tip Rack 200 µL on 9
Aspirating 100.0 uL from A12 of NEST 12 Well Reservoir 15 mL on 5 at 94.0 uL/sec
Aspirating 10.0 uL from A12 of NEST 12 Well Reservoir 15 mL on 5 at 94.0 uL/sec
Dispensing 10.0 uL into A8 of NEST 96 Deep Well Plate 2mL on Magnetic Module GEN2 on 4 at 94.0 uL/sec
Dispensing 100.0 uL into A8 of NEST 96 Deep Well Plate 2mL on Magnetic Module GEN2 on 4 at 94.0 uL/sec
Dropping tip into A1 of Opentrons Fixed Trash on 12
Picking up tip from A3 of Opentrons OT-2 96 Filter Tip Rack 200 µL on 9
Aspirating 100.0 uL from A12 of NEST 12 Well Reservoir 15 mL on 5 at 94.0 uL/sec
Aspirating 10.0 uL from A12 of NEST 12 Well Reservoir 15 mL on 5 at 94.0 uL/sec
Dispensing 10.0 uL into A9 of NEST 96 Deep Well Plate 2mL on Magnetic Module GEN2 on 4 at 94.0 uL/sec
Dispensing 100.0 uL into A9 of NEST 96 Deep Well Plate 2mL on Magnetic Module GEN2 on 4 at 94.0 uL/sec
Dropping tip into A1 of Opentrons Fixed Trash on 12
Picking up tip from A4 of Opentrons OT-2 96 Filter Tip Rack 200 µL on 9
Aspirating 100.0 uL from A12 of NEST 12 Well Reservoir 15 mL on 5 at 94.0 uL/sec
Aspirating 10.0 uL from A12 of NEST 12 Well Reservoir 15 mL on 5 at 94.0 uL/sec
Dispensing 10.0 uL into A10 of NEST 96 Deep Well Plate 2mL on Magnetic Module GEN2 on 4 at 94.0 uL/sec
Dispensing 100.0 uL into A10 of NEST 96 Deep Well Plate 2mL on Magnetic Module GEN2 on 4 at 94.0 uL/sec
Dropping tip into A1 of Opentrons Fixed Trash on 12
Picking up tip from A5 of Opentrons OT-2 96 Filter Tip Rack 200 µL on 9
Aspirating 100.0 uL from A12 of NEST 12 Well Reservoir 15 mL on 5 at 94.0 uL/sec
Aspirating 10.0 uL from A12 of NEST 12 Well Reservoir 15 mL on 5 at 94.0 uL/sec
Dispensing 10.0 uL into A11 of NEST 96 Deep Well Plate 2mL on Magnetic Module GEN2 on 4 at 94.0 uL/sec
Dispensing 100.0 uL into A11 of NEST 96 Deep Well Plate 2mL on Magnetic Module GEN2 on 4 at 94.0 uL/sec
Dropping tip into A1 of Opentrons Fixed Trash on 12
Picking up tip from A6 of Opentrons OT-2 96 Filter Tip Rack 200 µL on 9
Aspirating 100.0 uL from A12 of NEST 12 Well Reservoir 15 mL on 5 at 94.0 uL/sec
Aspirating 10.0 uL from A12 of NEST 12 Well Reservoir 15 mL on 5 at 94.0 uL/sec
Dispensing 10.0 uL into A12 of NEST 96 Deep Well Plate 2mL on Magnetic Module GEN2 on 4 at 94.0 uL/sec
Dispensing 100.0 uL into A12 of NEST 96 Deep Well Plate 2mL on Magnetic Module GEN2 on 4 at 94.0 uL/sec
Dropping tip into A1 of Opentrons Fixed Trash on 12
Delaying for 0 minutes and 30.0 seconds
Engaging Magnetic Module
Delaying for 5 minutes and 0.0 seconds
Picking up tip from A7 of Opentrons OT-2 96 Filter Tip Rack 200 µL on 9
Aspirating 100.0 uL from A7 of NEST 96 Deep Well Plate 2mL on Magnetic Module GEN2 on 4 at 18.8 uL/sec
Dispensing 100.0 uL into A1 of NEST 1 Well Reservoir 195 mL on 6 at 94.0 uL/sec
Dropping tip into A1 of Opentrons Fixed Trash on 12
Picking up tip from A8 of Opentrons OT-2 96 Filter Tip Rack 200 µL on 9
Aspirating 100.0 uL from A8 of NEST 96 Deep Well Plate 2mL on Magnetic Module GEN2 on 4 at 18.8 uL/sec
Dispensing 100.0 uL into A1 of NEST 1 Well Reservoir 195 mL on 6 at 94.0 uL/sec
Dropping tip into A1 of Opentrons Fixed Trash on 12
Picking up tip from A9 of Opentrons OT-2 96 Filter Tip Rack 200 µL on 9
Aspirating 100.0 uL from A9 of NEST 96 Deep Well Plate 2mL on Magnetic Module GEN2 on 4 at 18.8 uL/sec
Dispensing 100.0 uL into A1 of NEST 1 Well Reservoir 195 mL on 6 at 94.0 uL/sec
Dropping tip into A1 of Opentrons Fixed Trash on 12
Picking up tip from A10 of Opentrons OT-2 96 Filter Tip Rack 200 µL on 9
Aspirating 100.0 uL from A10 of NEST 96 Deep Well Plate 2mL on Magnetic Module GEN2 on 4 at 18.8 uL/sec
Dispensing 100.0 uL into A1 of NEST 1 Well Reservoir 195 mL on 6 at 94.0 uL/sec
Dropping tip into A1 of Opentrons Fixed Trash on 12
Picking up tip from A11 of Opentrons OT-2 96 Filter Tip Rack 200 µL on 9
Aspirating 100.0 uL from A11 of NEST 96 Deep Well Plate 2mL on Magnetic Module GEN2 on 4 at 18.8 uL/sec
Dispensing 100.0 uL into A1 of NEST 1 Well Reservoir 195 mL on 6 at 94.0 uL/sec
Dropping tip into A1 of Opentrons Fixed Trash on 12
Picking up tip from A12 of Opentrons OT-2 96 Filter Tip Rack 200 µL on 9
Aspirating 100.0 uL from A12 of NEST 96 Deep Well Plate 2mL on Magnetic Module GEN2 on 4 at 18.8 uL/sec
Dispensing 100.0 uL into A1 of NEST 1 Well Reservoir 195 mL on 6 at 94.0 uL/sec
Dropping tip into A1 of Opentrons Fixed Trash on 12
Picking up tip from A1 of Opentrons OT-2 96 Filter Tip Rack 200 µL on 10
Aspirating 100.0 uL from A12 of NEST 12 Well Reservoir 15 mL on 5 at 94.0 uL/sec
Aspirating 10.0 uL from A12 of NEST 12 Well Reservoir 15 mL on 5 at 94.0 uL/sec
Dispensing 10.0 uL into A7 of NEST 96 Deep Well Plate 2mL on Magnetic Module GEN2 on 4 at 94.0 uL/sec
Dispensing 100.0 uL into A7 of NEST 96 Deep Well Plate 2mL on Magnetic Module GEN2 on 4 at 94.0 uL/sec
Dropping tip into A1 of Opentrons Fixed Trash on 12
Picking up tip from A2 of Opentrons OT-2 96 Filter Tip Rack 200 µL on 10
Aspirating 100.0 uL from A12 of NEST 12 Well Reservoir 15 mL on 5 at 94.0 uL/sec
Aspirating 10.0 uL from A12 of NEST 12 Well Reservoir 15 mL on 5 at 94.0 uL/sec
Dispensing 10.0 uL into A8 of NEST 96 Deep Well Plate 2mL on Magnetic Module GEN2 on 4 at 94.0 uL/sec
Dispensing 100.0 uL into A8 of NEST 96 Deep Well Plate 2mL on Magnetic Module GEN2 on 4 at 94.0 uL/sec
Dropping tip into A1 of Opentrons Fixed Trash on 12
Picking up tip from A3 of Opentrons OT-2 96 Filter Tip Rack 200 µL on 10
Aspirating 100.0 uL from A12 of NEST 12 Well Reservoir 15 mL on 5 at 94.0 uL/sec
Aspirating 10.0 uL from A12 of NEST 12 Well Reservoir 15 mL on 5 at 94.0 uL/sec
Dispensing 10.0 uL into A9 of NEST 96 Deep Well Plate 2mL on Magnetic Module GEN2 on 4 at 94.0 uL/sec
Dispensing 100.0 uL into A9 of NEST 96 Deep Well Plate 2mL on Magnetic Module GEN2 on 4 at 94.0 uL/sec
Dropping tip into A1 of Opentrons Fixed Trash on 12
Picking up tip from A4 of Opentrons OT-2 96 Filter Tip Rack 200 µL on 10
Aspirating 100.0 uL from A12 of NEST 12 Well Reservoir 15 mL on 5 at 94.0 uL/sec
Aspirating 10.0 uL from A12 of NEST 12 Well Reservoir 15 mL on 5 at 94.0 uL/sec
Dispensing 10.0 uL into A10 of NEST 96 Deep Well Plate 2mL on Magnetic Module GEN2 on 4 at 94.0 uL/sec
Dispensing 100.0 uL into A10 of NEST 96 Deep Well Plate 2mL on Magnetic Module GEN2 on 4 at 94.0 uL/sec
Dropping tip into A1 of Opentrons Fixed Trash on 12
Picking up tip from A5 of Opentrons OT-2 96 Filter Tip Rack 200 µL on 10
Aspirating 100.0 uL from A12 of NEST 12 Well Reservoir 15 mL on 5 at 94.0 uL/sec
Aspirating 10.0 uL from A12 of NEST 12 Well Reservoir 15 mL on 5 at 94.0 uL/sec
Dispensing 10.0 uL into A11 of NEST 96 Deep Well Plate 2mL on Magnetic Module GEN2 on 4 at 94.0 uL/sec
Dispensing 100.0 uL into A11 of NEST 96 Deep Well Plate 2mL on Magnetic Module GEN2 on 4 at 94.0 uL/sec
Dropping tip into A1 of Opentrons Fixed Trash on 12
Picking up tip from A6 of Opentrons OT-2 96 Filter Tip Rack 200 µL on 10
Aspirating 100.0 uL from A12 of NEST 12 Well Reservoir 15 mL on 5 at 94.0 uL/sec
Aspirating 10.0 uL from A12 of NEST 12 Well Reservoir 15 mL on 5 at 94.0 uL/sec
Dispensing 10.0 uL into A12 of NEST 96 Deep Well Plate 2mL on Magnetic Module GEN2 on 4 at 94.0 uL/sec
Dispensing 100.0 uL into A12 of NEST 96 Deep Well Plate 2mL on Magnetic Module GEN2 on 4 at 94.0 uL/sec
Dropping tip into A1 of Opentrons Fixed Trash on 12
Delaying for 0 minutes and 30.0 seconds
Engaging Magnetic Module
Delaying for 5 minutes and 0.0 seconds
Picking up tip from A7 of Opentrons OT-2 96 Filter Tip Rack 200 µL on 10
Aspirating 100.0 uL from A7 of NEST 96 Deep Well Plate 2mL on Magnetic Module GEN2 on 4 at 18.8 uL/sec
Dispensing 100.0 uL into A1 of NEST 1 Well Reservoir 195 mL on 6 at 94.0 uL/sec
Dropping tip into A1 of Opentrons Fixed Trash on 12
Picking up tip from A8 of Opentrons OT-2 96 Filter Tip Rack 200 µL on 10
Aspirating 100.0 uL from A8 of NEST 96 Deep Well Plate 2mL on Magnetic Module GEN2 on 4 at 18.8 uL/sec
Dispensing 100.0 uL into A1 of NEST 1 Well Reservoir 195 mL on 6 at 94.0 uL/sec
Dropping tip into A1 of Opentrons Fixed Trash on 12
Picking up tip from A9 of Opentrons OT-2 96 Filter Tip Rack 200 µL on 10
Aspirating 100.0 uL from A9 of NEST 96 Deep Well Plate 2mL on Magnetic Module GEN2 on 4 at 18.8 uL/sec
Dispensing 100.0 uL into A1 of NEST 1 Well Reservoir 195 mL on 6 at 94.0 uL/sec
Dropping tip into A1 of Opentrons Fixed Trash on 12
Picking up tip from A10 of Opentrons OT-2 96 Filter Tip Rack 200 µL on 10
Aspirating 100.0 uL from A10 of NEST 96 Deep Well Plate 2mL on Magnetic Module GEN2 on 4 at 18.8 uL/sec
Dispensing 100.0 uL into A1 of NEST 1 Well Reservoir 195 mL on 6 at 94.0 uL/sec
Dropping tip into A1 of Opentrons Fixed Trash on 12
Picking up tip from A11 of Opentrons OT-2 96 Filter Tip Rack 200 µL on 10
Aspirating 100.0 uL from A11 of NEST 96 Deep Well Plate 2mL on Magnetic Module GEN2 on 4 at 18.8 uL/sec
Dispensing 100.0 uL into A1 of NEST 1 Well Reservoir 195 mL on 6 at 94.0 uL/sec
Dropping tip into A1 of Opentrons Fixed Trash on 12
Picking up tip from A12 of Opentrons OT-2 96 Filter Tip Rack 200 µL on 10
Aspirating 100.0 uL from A12 of NEST 96 Deep Well Plate 2mL on Magnetic Module GEN2 on 4 at 18.8 uL/sec
Dispensing 100.0 uL into A1 of NEST 1 Well Reservoir 195 mL on 6 at 94.0 uL/sec
Dropping tip into A1 of Opentrons Fixed Trash on 12


~~~~~~~~~~~~~~~REMOVING REMAINING ETOH~~~~~~~~~~~~~~~~

Picking up tip from A2 of Opentrons OT-2 96 Filter Tip Rack 20 µL on 7
Moving to A7 of NEST 96 Deep Well Plate 2mL on Magnetic Module GEN2 on 4
Aspirating 15.0 uL from A7 of NEST 96 Deep Well Plate 2mL on Magnetic Module GEN2 on 4 at 1.52 uL/sec
Moving to A7 of NEST 96 Deep Well Plate 2mL on Magnetic Module GEN2 on 4
Aspirating 3.0 uL from A7 of NEST 96 Deep Well Plate 2mL on Magnetic Module GEN2 on 4 at 1.52 uL/sec
Dispensing 15.0 uL into A1 of NEST 1 Well Reservoir 195 mL on 6 at 7.6 uL/sec
Dropping tip into A1 of Opentrons Fixed Trash on 12
Picking up tip from A3 of Opentrons OT-2 96 Filter Tip Rack 20 µL on 7
Moving to A8 of NEST 96 Deep Well Plate 2mL on Magnetic Module GEN2 on 4
Aspirating 15.0 uL from A8 of NEST 96 Deep Well Plate 2mL on Magnetic Module GEN2 on 4 at 1.52 uL/sec
Moving to A8 of NEST 96 Deep Well Plate 2mL on Magnetic Module GEN2 on 4
Aspirating 3.0 uL from A8 of NEST 96 Deep Well Plate 2mL on Magnetic Module GEN2 on 4 at 1.52 uL/sec
Dispensing 15.0 uL into A1 of NEST 1 Well Reservoir 195 mL on 6 at 7.6 uL/sec
Dropping tip into A1 of Opentrons Fixed Trash on 12
Picking up tip from A4 of Opentrons OT-2 96 Filter Tip Rack 20 µL on 7
Moving to A9 of NEST 96 Deep Well Plate 2mL on Magnetic Module GEN2 on 4
Aspirating 15.0 uL from A9 of NEST 96 Deep Well Plate 2mL on Magnetic Module GEN2 on 4 at 1.52 uL/sec
Moving to A9 of NEST 96 Deep Well Plate 2mL on Magnetic Module GEN2 on 4
Aspirating 3.0 uL from A9 of NEST 96 Deep Well Plate 2mL on Magnetic Module GEN2 on 4 at 1.52 uL/sec
Dispensing 15.0 uL into A1 of NEST 1 Well Reservoir 195 mL on 6 at 7.6 uL/sec
Dropping tip into A1 of Opentrons Fixed Trash on 12
Picking up tip from A5 of Opentrons OT-2 96 Filter Tip Rack 20 µL on 7
Moving to A10 of NEST 96 Deep Well Plate 2mL on Magnetic Module GEN2 on 4
Aspirating 15.0 uL from A10 of NEST 96 Deep Well Plate 2mL on Magnetic Module GEN2 on 4 at 1.52 uL/sec
Moving to A10 of NEST 96 Deep Well Plate 2mL on Magnetic Module GEN2 on 4
Aspirating 3.0 uL from A10 of NEST 96 Deep Well Plate 2mL on Magnetic Module GEN2 on 4 at 1.52 uL/sec
Dispensing 15.0 uL into A1 of NEST 1 Well Reservoir 195 mL on 6 at 7.6 uL/sec
Dropping tip into A1 of Opentrons Fixed Trash on 12
Picking up tip from A6 of Opentrons OT-2 96 Filter Tip Rack 20 µL on 7
Moving to A11 of NEST 96 Deep Well Plate 2mL on Magnetic Module GEN2 on 4
Aspirating 15.0 uL from A11 of NEST 96 Deep Well Plate 2mL on Magnetic Module GEN2 on 4 at 1.52 uL/sec
Moving to A11 of NEST 96 Deep Well Plate 2mL on Magnetic Module GEN2 on 4
Aspirating 3.0 uL from A11 of NEST 96 Deep Well Plate 2mL on Magnetic Module GEN2 on 4 at 1.52 uL/sec
Dispensing 15.0 uL into A1 of NEST 1 Well Reservoir 195 mL on 6 at 7.6 uL/sec
Dropping tip into A1 of Opentrons Fixed Trash on 12
Picking up tip from A7 of Opentrons OT-2 96 Filter Tip Rack 20 µL on 7
Moving to A12 of NEST 96 Deep Well Plate 2mL on Magnetic Module GEN2 on 4
Aspirating 15.0 uL from A12 of NEST 96 Deep Well Plate 2mL on Magnetic Module GEN2 on 4 at 1.52 uL/sec
Moving to A12 of NEST 96 Deep Well Plate 2mL on Magnetic Module GEN2 on 4
Aspirating 3.0 uL from A12 of NEST 96 Deep Well Plate 2mL on Magnetic Module GEN2 on 4 at 1.52 uL/sec
Dispensing 15.0 uL into A1 of NEST 1 Well Reservoir 195 mL on 6 at 7.6 uL/sec
Dropping tip into A1 of Opentrons Fixed Trash on 12


~~~~~~~~~~~~~~~AIR DRYING~~~~~~~~~~~~~~~~

Delaying for 5 minutes and 0.0 seconds
Disengaging Magnetic Module


~~~~~~~~~~~~~~~ADDING RSB~~~~~~~~~~~~~~~~

Picking up tip from A1 of Opentrons OT-2 96 Filter Tip Rack 200 µL on 11
Aspirating 32.0 uL from A3 of Opentrons 96 Well Aluminum Block with Generic PCR Strip 200 µL on Temperature Module GEN1 on 1 at 94.0 uL/sec
Dispensing 32.0 uL into A7 of NEST 96 Deep Well Plate 2mL on Magnetic Module GEN2 on 4 at 94.0 uL/sec
Mixing 10 times with a volume of 40.0 ul
	Aspirating 40.0 uL from A7 of NEST 96 Deep Well Plate 2mL on Magnetic Module GEN2 on 4 at 94.0 uL/sec
	Dispensing 40.0 uL into A7 of NEST 96 Deep Well Plate 2mL on Magnetic Module GEN2 on 4 at 94.0 uL/sec
	Aspirating 40.0 uL from A7 of NEST 96 Deep Well Plate 2mL on Magnetic Module GEN2 on 4 at 94.0 uL/sec
	Dispensing 40.0 uL into A7 of NEST 96 Deep Well Plate 2mL on Magnetic Module GEN2 on 4 at 94.0 uL/sec
	Aspirating 40.0 uL from A7 of NEST 96 Deep Well Plate 2mL on Magnetic Module GEN2 on 4 at 94.0 uL/sec
	Dispensing 40.0 uL into A7 of NEST 96 Deep Well Plate 2mL on Magnetic Module GEN2 on 4 at 94.0 uL/sec
	Aspirating 40.0 uL from A7 of NEST 96 Deep Well Plate 2mL on Magnetic Module GEN2 on 4 at 94.0 uL/sec
	Dispensing 40.0 uL into A7 of NEST 96 Deep Well Plate 2mL on Magnetic Module GEN2 on 4 at 94.0 uL/sec
	Aspirating 40.0 uL from A7 of NEST 96 Deep Well Plate 2mL on Magnetic Module GEN2 on 4 at 94.0 uL/sec
	Dispensing 40.0 uL into A7 of NEST 96 Deep Well Plate 2mL on Magnetic Module GEN2 on 4 at 94.0 uL/sec
	Aspirating 40.0 uL from A7 of NEST 96 Deep Well Plate 2mL on Magnetic Module GEN2 on 4 at 94.0 uL/sec
	Dispensing 40.0 uL into A7 of NEST 96 Deep Well Plate 2mL on Magnetic Module GEN2 on 4 at 94.0 uL/sec
	Aspirating 40.0 uL from A7 of NEST 96 Deep Well Plate 2mL on Magnetic Module GEN2 on 4 at 94.0 uL/sec
	Dispensing 40.0 uL into A7 of NEST 96 Deep Well Plate 2mL on Magnetic Module GEN2 on 4 at 94.0 uL/sec
	Aspirating 40.0 uL from A7 of NEST 96 Deep Well Plate 2mL on Magnetic Module GEN2 on 4 at 94.0 uL/sec
	Dispensing 40.0 uL into A7 of NEST 96 Deep Well Plate 2mL on Magnetic Module GEN2 on 4 at 94.0 uL/sec
	Aspirating 40.0 uL from A7 of NEST 96 Deep Well Plate 2mL on Magnetic Module GEN2 on 4 at 94.0 uL/sec
	Dispensing 40.0 uL into A7 of NEST 96 Deep Well Plate 2mL on Magnetic Module GEN2 on 4 at 94.0 uL/sec
	Aspirating 40.0 uL from A7 of NEST 96 Deep Well Plate 2mL on Magnetic Module GEN2 on 4 at 94.0 uL/sec
	Dispensing 40.0 uL into A7 of NEST 96 Deep Well Plate 2mL on Magnetic Module GEN2 on 4 at 94.0 uL/sec
Dropping tip into A1 of Opentrons Fixed Trash on 12
Picking up tip from A2 of Opentrons OT-2 96 Filter Tip Rack 200 µL on 11
Aspirating 32.0 uL from A3 of Opentrons 96 Well Aluminum Block with Generic PCR Strip 200 µL on Temperature Module GEN1 on 1 at 94.0 uL/sec
Dispensing 32.0 uL into A8 of NEST 96 Deep Well Plate 2mL on Magnetic Module GEN2 on 4 at 94.0 uL/sec
Mixing 10 times with a volume of 40.0 ul
	Aspirating 40.0 uL from A8 of NEST 96 Deep Well Plate 2mL on Magnetic Module GEN2 on 4 at 94.0 uL/sec
	Dispensing 40.0 uL into A8 of NEST 96 Deep Well Plate 2mL on Magnetic Module GEN2 on 4 at 94.0 uL/sec
	Aspirating 40.0 uL from A8 of NEST 96 Deep Well Plate 2mL on Magnetic Module GEN2 on 4 at 94.0 uL/sec
	Dispensing 40.0 uL into A8 of NEST 96 Deep Well Plate 2mL on Magnetic Module GEN2 on 4 at 94.0 uL/sec
	Aspirating 40.0 uL from A8 of NEST 96 Deep Well Plate 2mL on Magnetic Module GEN2 on 4 at 94.0 uL/sec
	Dispensing 40.0 uL into A8 of NEST 96 Deep Well Plate 2mL on Magnetic Module GEN2 on 4 at 94.0 uL/sec
	Aspirating 40.0 uL from A8 of NEST 96 Deep Well Plate 2mL on Magnetic Module GEN2 on 4 at 94.0 uL/sec
	Dispensing 40.0 uL into A8 of NEST 96 Deep Well Plate 2mL on Magnetic Module GEN2 on 4 at 94.0 uL/sec
	Aspirating 40.0 uL from A8 of NEST 96 Deep Well Plate 2mL on Magnetic Module GEN2 on 4 at 94.0 uL/sec
	Dispensing 40.0 uL into A8 of NEST 96 Deep Well Plate 2mL on Magnetic Module GEN2 on 4 at 94.0 uL/sec
	Aspirating 40.0 uL from A8 of NEST 96 Deep Well Plate 2mL on Magnetic Module GEN2 on 4 at 94.0 uL/sec
	Dispensing 40.0 uL into A8 of NEST 96 Deep Well Plate 2mL on Magnetic Module GEN2 on 4 at 94.0 uL/sec
	Aspirating 40.0 uL from A8 of NEST 96 Deep Well Plate 2mL on Magnetic Module GEN2 on 4 at 94.0 uL/sec
	Dispensing 40.0 uL into A8 of NEST 96 Deep Well Plate 2mL on Magnetic Module GEN2 on 4 at 94.0 uL/sec
	Aspirating 40.0 uL from A8 of NEST 96 Deep Well Plate 2mL on Magnetic Module GEN2 on 4 at 94.0 uL/sec
	Dispensing 40.0 uL into A8 of NEST 96 Deep Well Plate 2mL on Magnetic Module GEN2 on 4 at 94.0 uL/sec
	Aspirating 40.0 uL from A8 of NEST 96 Deep Well Plate 2mL on Magnetic Module GEN2 on 4 at 94.0 uL/sec
	Dispensing 40.0 uL into A8 of NEST 96 Deep Well Plate 2mL on Magnetic Module GEN2 on 4 at 94.0 uL/sec
	Aspirating 40.0 uL from A8 of NEST 96 Deep Well Plate 2mL on Magnetic Module GEN2 on 4 at 94.0 uL/sec
	Dispensing 40.0 uL into A8 of NEST 96 Deep Well Plate 2mL on Magnetic Module GEN2 on 4 at 94.0 uL/sec
Dropping tip into A1 of Opentrons Fixed Trash on 12
Picking up tip from A3 of Opentrons OT-2 96 Filter Tip Rack 200 µL on 11
Aspirating 32.0 uL from A3 of Opentrons 96 Well Aluminum Block with Generic PCR Strip 200 µL on Temperature Module GEN1 on 1 at 94.0 uL/sec
Dispensing 32.0 uL into A9 of NEST 96 Deep Well Plate 2mL on Magnetic Module GEN2 on 4 at 94.0 uL/sec
Mixing 10 times with a volume of 40.0 ul
	Aspirating 40.0 uL from A9 of NEST 96 Deep Well Plate 2mL on Magnetic Module GEN2 on 4 at 94.0 uL/sec
	Dispensing 40.0 uL into A9 of NEST 96 Deep Well Plate 2mL on Magnetic Module GEN2 on 4 at 94.0 uL/sec
	Aspirating 40.0 uL from A9 of NEST 96 Deep Well Plate 2mL on Magnetic Module GEN2 on 4 at 94.0 uL/sec
	Dispensing 40.0 uL into A9 of NEST 96 Deep Well Plate 2mL on Magnetic Module GEN2 on 4 at 94.0 uL/sec
	Aspirating 40.0 uL from A9 of NEST 96 Deep Well Plate 2mL on Magnetic Module GEN2 on 4 at 94.0 uL/sec
	Dispensing 40.0 uL into A9 of NEST 96 Deep Well Plate 2mL on Magnetic Module GEN2 on 4 at 94.0 uL/sec
	Aspirating 40.0 uL from A9 of NEST 96 Deep Well Plate 2mL on Magnetic Module GEN2 on 4 at 94.0 uL/sec
	Dispensing 40.0 uL into A9 of NEST 96 Deep Well Plate 2mL on Magnetic Module GEN2 on 4 at 94.0 uL/sec
	Aspirating 40.0 uL from A9 of NEST 96 Deep Well Plate 2mL on Magnetic Module GEN2 on 4 at 94.0 uL/sec
	Dispensing 40.0 uL into A9 of NEST 96 Deep Well Plate 2mL on Magnetic Module GEN2 on 4 at 94.0 uL/sec
	Aspirating 40.0 uL from A9 of NEST 96 Deep Well Plate 2mL on Magnetic Module GEN2 on 4 at 94.0 uL/sec
	Dispensing 40.0 uL into A9 of NEST 96 Deep Well Plate 2mL on Magnetic Module GEN2 on 4 at 94.0 uL/sec
	Aspirating 40.0 uL from A9 of NEST 96 Deep Well Plate 2mL on Magnetic Module GEN2 on 4 at 94.0 uL/sec
	Dispensing 40.0 uL into A9 of NEST 96 Deep Well Plate 2mL on Magnetic Module GEN2 on 4 at 94.0 uL/sec
	Aspirating 40.0 uL from A9 of NEST 96 Deep Well Plate 2mL on Magnetic Module GEN2 on 4 at 94.0 uL/sec
	Dispensing 40.0 uL into A9 of NEST 96 Deep Well Plate 2mL on Magnetic Module GEN2 on 4 at 94.0 uL/sec
	Aspirating 40.0 uL from A9 of NEST 96 Deep Well Plate 2mL on Magnetic Module GEN2 on 4 at 94.0 uL/sec
	Dispensing 40.0 uL into A9 of NEST 96 Deep Well Plate 2mL on Magnetic Module GEN2 on 4 at 94.0 uL/sec
	Aspirating 40.0 uL from A9 of NEST 96 Deep Well Plate 2mL on Magnetic Module GEN2 on 4 at 94.0 uL/sec
	Dispensing 40.0 uL into A9 of NEST 96 Deep Well Plate 2mL on Magnetic Module GEN2 on 4 at 94.0 uL/sec
Dropping tip into A1 of Opentrons Fixed Trash on 12
Picking up tip from A4 of Opentrons OT-2 96 Filter Tip Rack 200 µL on 11
Aspirating 32.0 uL from A3 of Opentrons 96 Well Aluminum Block with Generic PCR Strip 200 µL on Temperature Module GEN1 on 1 at 94.0 uL/sec
Dispensing 32.0 uL into A10 of NEST 96 Deep Well Plate 2mL on Magnetic Module GEN2 on 4 at 94.0 uL/sec
Mixing 10 times with a volume of 40.0 ul
	Aspirating 40.0 uL from A10 of NEST 96 Deep Well Plate 2mL on Magnetic Module GEN2 on 4 at 94.0 uL/sec
	Dispensing 40.0 uL into A10 of NEST 96 Deep Well Plate 2mL on Magnetic Module GEN2 on 4 at 94.0 uL/sec
	Aspirating 40.0 uL from A10 of NEST 96 Deep Well Plate 2mL on Magnetic Module GEN2 on 4 at 94.0 uL/sec
	Dispensing 40.0 uL into A10 of NEST 96 Deep Well Plate 2mL on Magnetic Module GEN2 on 4 at 94.0 uL/sec
	Aspirating 40.0 uL from A10 of NEST 96 Deep Well Plate 2mL on Magnetic Module GEN2 on 4 at 94.0 uL/sec
	Dispensing 40.0 uL into A10 of NEST 96 Deep Well Plate 2mL on Magnetic Module GEN2 on 4 at 94.0 uL/sec
	Aspirating 40.0 uL from A10 of NEST 96 Deep Well Plate 2mL on Magnetic Module GEN2 on 4 at 94.0 uL/sec
	Dispensing 40.0 uL into A10 of NEST 96 Deep Well Plate 2mL on Magnetic Module GEN2 on 4 at 94.0 uL/sec
	Aspirating 40.0 uL from A10 of NEST 96 Deep Well Plate 2mL on Magnetic Module GEN2 on 4 at 94.0 uL/sec
	Dispensing 40.0 uL into A10 of NEST 96 Deep Well Plate 2mL on Magnetic Module GEN2 on 4 at 94.0 uL/sec
	Aspirating 40.0 uL from A10 of NEST 96 Deep Well Plate 2mL on Magnetic Module GEN2 on 4 at 94.0 uL/sec
	Dispensing 40.0 uL into A10 of NEST 96 Deep Well Plate 2mL on Magnetic Module GEN2 on 4 at 94.0 uL/sec
	Aspirating 40.0 uL from A10 of NEST 96 Deep Well Plate 2mL on Magnetic Module GEN2 on 4 at 94.0 uL/sec
	Dispensing 40.0 uL into A10 of NEST 96 Deep Well Plate 2mL on Magnetic Module GEN2 on 4 at 94.0 uL/sec
	Aspirating 40.0 uL from A10 of NEST 96 Deep Well Plate 2mL on Magnetic Module GEN2 on 4 at 94.0 uL/sec
	Dispensing 40.0 uL into A10 of NEST 96 Deep Well Plate 2mL on Magnetic Module GEN2 on 4 at 94.0 uL/sec
	Aspirating 40.0 uL from A10 of NEST 96 Deep Well Plate 2mL on Magnetic Module GEN2 on 4 at 94.0 uL/sec
	Dispensing 40.0 uL into A10 of NEST 96 Deep Well Plate 2mL on Magnetic Module GEN2 on 4 at 94.0 uL/sec
	Aspirating 40.0 uL from A10 of NEST 96 Deep Well Plate 2mL on Magnetic Module GEN2 on 4 at 94.0 uL/sec
	Dispensing 40.0 uL into A10 of NEST 96 Deep Well Plate 2mL on Magnetic Module GEN2 on 4 at 94.0 uL/sec
Dropping tip into A1 of Opentrons Fixed Trash on 12
Picking up tip from A5 of Opentrons OT-2 96 Filter Tip Rack 200 µL on 11
Aspirating 32.0 uL from A3 of Opentrons 96 Well Aluminum Block with Generic PCR Strip 200 µL on Temperature Module GEN1 on 1 at 94.0 uL/sec
Dispensing 32.0 uL into A11 of NEST 96 Deep Well Plate 2mL on Magnetic Module GEN2 on 4 at 94.0 uL/sec
Mixing 10 times with a volume of 40.0 ul
	Aspirating 40.0 uL from A11 of NEST 96 Deep Well Plate 2mL on Magnetic Module GEN2 on 4 at 94.0 uL/sec
	Dispensing 40.0 uL into A11 of NEST 96 Deep Well Plate 2mL on Magnetic Module GEN2 on 4 at 94.0 uL/sec
	Aspirating 40.0 uL from A11 of NEST 96 Deep Well Plate 2mL on Magnetic Module GEN2 on 4 at 94.0 uL/sec
	Dispensing 40.0 uL into A11 of NEST 96 Deep Well Plate 2mL on Magnetic Module GEN2 on 4 at 94.0 uL/sec
	Aspirating 40.0 uL from A11 of NEST 96 Deep Well Plate 2mL on Magnetic Module GEN2 on 4 at 94.0 uL/sec
	Dispensing 40.0 uL into A11 of NEST 96 Deep Well Plate 2mL on Magnetic Module GEN2 on 4 at 94.0 uL/sec
	Aspirating 40.0 uL from A11 of NEST 96 Deep Well Plate 2mL on Magnetic Module GEN2 on 4 at 94.0 uL/sec
	Dispensing 40.0 uL into A11 of NEST 96 Deep Well Plate 2mL on Magnetic Module GEN2 on 4 at 94.0 uL/sec
	Aspirating 40.0 uL from A11 of NEST 96 Deep Well Plate 2mL on Magnetic Module GEN2 on 4 at 94.0 uL/sec
	Dispensing 40.0 uL into A11 of NEST 96 Deep Well Plate 2mL on Magnetic Module GEN2 on 4 at 94.0 uL/sec
	Aspirating 40.0 uL from A11 of NEST 96 Deep Well Plate 2mL on Magnetic Module GEN2 on 4 at 94.0 uL/sec
	Dispensing 40.0 uL into A11 of NEST 96 Deep Well Plate 2mL on Magnetic Module GEN2 on 4 at 94.0 uL/sec
	Aspirating 40.0 uL from A11 of NEST 96 Deep Well Plate 2mL on Magnetic Module GEN2 on 4 at 94.0 uL/sec
	Dispensing 40.0 uL into A11 of NEST 96 Deep Well Plate 2mL on Magnetic Module GEN2 on 4 at 94.0 uL/sec
	Aspirating 40.0 uL from A11 of NEST 96 Deep Well Plate 2mL on Magnetic Module GEN2 on 4 at 94.0 uL/sec
	Dispensing 40.0 uL into A11 of NEST 96 Deep Well Plate 2mL on Magnetic Module GEN2 on 4 at 94.0 uL/sec
	Aspirating 40.0 uL from A11 of NEST 96 Deep Well Plate 2mL on Magnetic Module GEN2 on 4 at 94.0 uL/sec
	Dispensing 40.0 uL into A11 of NEST 96 Deep Well Plate 2mL on Magnetic Module GEN2 on 4 at 94.0 uL/sec
	Aspirating 40.0 uL from A11 of NEST 96 Deep Well Plate 2mL on Magnetic Module GEN2 on 4 at 94.0 uL/sec
	Dispensing 40.0 uL into A11 of NEST 96 Deep Well Plate 2mL on Magnetic Module GEN2 on 4 at 94.0 uL/sec
Dropping tip into A1 of Opentrons Fixed Trash on 12
Picking up tip from A6 of Opentrons OT-2 96 Filter Tip Rack 200 µL on 11
Aspirating 32.0 uL from A3 of Opentrons 96 Well Aluminum Block with Generic PCR Strip 200 µL on Temperature Module GEN1 on 1 at 94.0 uL/sec
Dispensing 32.0 uL into A12 of NEST 96 Deep Well Plate 2mL on Magnetic Module GEN2 on 4 at 94.0 uL/sec
Mixing 10 times with a volume of 40.0 ul
	Aspirating 40.0 uL from A12 of NEST 96 Deep Well Plate 2mL on Magnetic Module GEN2 on 4 at 94.0 uL/sec
	Dispensing 40.0 uL into A12 of NEST 96 Deep Well Plate 2mL on Magnetic Module GEN2 on 4 at 94.0 uL/sec
	Aspirating 40.0 uL from A12 of NEST 96 Deep Well Plate 2mL on Magnetic Module GEN2 on 4 at 94.0 uL/sec
	Dispensing 40.0 uL into A12 of NEST 96 Deep Well Plate 2mL on Magnetic Module GEN2 on 4 at 94.0 uL/sec
	Aspirating 40.0 uL from A12 of NEST 96 Deep Well Plate 2mL on Magnetic Module GEN2 on 4 at 94.0 uL/sec
	Dispensing 40.0 uL into A12 of NEST 96 Deep Well Plate 2mL on Magnetic Module GEN2 on 4 at 94.0 uL/sec
	Aspirating 40.0 uL from A12 of NEST 96 Deep Well Plate 2mL on Magnetic Module GEN2 on 4 at 94.0 uL/sec
	Dispensing 40.0 uL into A12 of NEST 96 Deep Well Plate 2mL on Magnetic Module GEN2 on 4 at 94.0 uL/sec
	Aspirating 40.0 uL from A12 of NEST 96 Deep Well Plate 2mL on Magnetic Module GEN2 on 4 at 94.0 uL/sec
	Dispensing 40.0 uL into A12 of NEST 96 Deep Well Plate 2mL on Magnetic Module GEN2 on 4 at 94.0 uL/sec
	Aspirating 40.0 uL from A12 of NEST 96 Deep Well Plate 2mL on Magnetic Module GEN2 on 4 at 94.0 uL/sec
	Dispensing 40.0 uL into A12 of NEST 96 Deep Well Plate 2mL on Magnetic Module GEN2 on 4 at 94.0 uL/sec
	Aspirating 40.0 uL from A12 of NEST 96 Deep Well Plate 2mL on Magnetic Module GEN2 on 4 at 94.0 uL/sec
	Dispensing 40.0 uL into A12 of NEST 96 Deep Well Plate 2mL on Magnetic Module GEN2 on 4 at 94.0 uL/sec
	Aspirating 40.0 uL from A12 of NEST 96 Deep Well Plate 2mL on Magnetic Module GEN2 on 4 at 94.0 uL/sec
	Dispensing 40.0 uL into A12 of NEST 96 Deep Well Plate 2mL on Magnetic Module GEN2 on 4 at 94.0 uL/sec
	Aspirating 40.0 uL from A12 of NEST 96 Deep Well Plate 2mL on Magnetic Module GEN2 on 4 at 94.0 uL/sec
	Dispensing 40.0 uL into A12 of NEST 96 Deep Well Plate 2mL on Magnetic Module GEN2 on 4 at 94.0 uL/sec
	Aspirating 40.0 uL from A12 of NEST 96 Deep Well Plate 2mL on Magnetic Module GEN2 on 4 at 94.0 uL/sec
	Dispensing 40.0 uL into A12 of NEST 96 Deep Well Plate 2mL on Magnetic Module GEN2 on 4 at 94.0 uL/sec
Dropping tip into A1 of Opentrons Fixed Trash on 12
Delaying for 2 minutes and 0.0 seconds
Engaging Magnetic Module
Delaying for 2 minutes and 0.0 seconds


~~~~~~~~~~~~~~TRANSFERRING SUPERNATANT~~~~~~~~~~~~~~~~

Picking up tip from A7 of Opentrons OT-2 96 Filter Tip Rack 200 µL on 11
Aspirating 30.0 uL from A7 of NEST 96 Deep Well Plate 2mL on Magnetic Module GEN2 on 4 at 18.8 uL/sec
Dispensing 30.0 uL into A1 of Custom AB NEST 96 Well Plate 200 µL on 2 at 94.0 uL/sec
Dropping tip into A1 of Opentrons Fixed Trash on 12
Picking up tip from A8 of Opentrons OT-2 96 Filter Tip Rack 200 µL on 11
Aspirating 30.0 uL from A8 of NEST 96 Deep Well Plate 2mL on Magnetic Module GEN2 on 4 at 18.8 uL/sec
Dispensing 30.0 uL into A2 of Custom AB NEST 96 Well Plate 200 µL on 2 at 94.0 uL/sec
Dropping tip into A1 of Opentrons Fixed Trash on 12
Picking up tip from A9 of Opentrons OT-2 96 Filter Tip Rack 200 µL on 11
Aspirating 30.0 uL from A9 of NEST 96 Deep Well Plate 2mL on Magnetic Module GEN2 on 4 at 18.8 uL/sec
Dispensing 30.0 uL into A3 of Custom AB NEST 96 Well Plate 200 µL on 2 at 94.0 uL/sec
Dropping tip into A1 of Opentrons Fixed Trash on 12
Picking up tip from A10 of Opentrons OT-2 96 Filter Tip Rack 200 µL on 11
Aspirating 30.0 uL from A10 of NEST 96 Deep Well Plate 2mL on Magnetic Module GEN2 on 4 at 18.8 uL/sec
Dispensing 30.0 uL into A4 of Custom AB NEST 96 Well Plate 200 µL on 2 at 94.0 uL/sec
Dropping tip into A1 of Opentrons Fixed Trash on 12
Picking up tip from A11 of Opentrons OT-2 96 Filter Tip Rack 200 µL on 11
Aspirating 30.0 uL from A11 of NEST 96 Deep Well Plate 2mL on Magnetic Module GEN2 on 4 at 18.8 uL/sec
Dispensing 30.0 uL into A5 of Custom AB NEST 96 Well Plate 200 µL on 2 at 94.0 uL/sec
Dropping tip into A1 of Opentrons Fixed Trash on 12
Picking up tip from A12 of Opentrons OT-2 96 Filter Tip Rack 200 µL on 11
Aspirating 30.0 uL from A12 of NEST 96 Deep Well Plate 2mL on Magnetic Module GEN2 on 4 at 18.8 uL/sec
Dispensing 30.0 uL into A6 of Custom AB NEST 96 Well Plate 200 µL on 2 at 94.0 uL/sec
Dropping tip into A1 of Opentrons Fixed Trash on 12
Caught exception: {'message': 'Task was destroyed but it is pending!', 'task': <Task pending name='Task-2' coro=<Poller._poll_forever() running at /Users/dp/Desktop/project/github/opentrons/venv/lib/python3.10/site-packages/opentrons/hardware_control/poller.py:80> wait_for=<Future pending cb=[Task.task_wakeup()]>>}
Caught exception: {'message': 'Task was destroyed but it is pending!', 'task': <Task pending name='Task-4' coro=<Poller._poll_forever() running at /Users/dp/Desktop/project/github/opentrons/venv/lib/python3.10/site-packages/opentrons/hardware_control/poller.py:80> wait_for=<Future pending cb=[Task.task_wakeup()]>>}
Caught exception: {'message': 'Task was destroyed but it is pending!', 'task': <Task pending name='Task-3' coro=<Poller._poll_forever() running at /Users/dp/Desktop/project/github/opentrons/venv/lib/python3.10/site-packages/opentrons/hardware_control/poller.py:80> wait_for=<Future pending cb=[Task.task_wakeup()]>>}
