/Users/dp/Desktop/project/github/opentrons/venv/lib/python3.10/site-packages/opentrons/hardware_control/simulator_setup.py:205: UserWarning: Simulator configuration does not name a machine, defaulting to OT-2 Standard
  warn(
/Users/dp/.opentrons/robot_settings.json not found. Loading defaults
Deck calibration not found.
/Users/dp/.opentrons/deck_calibration.json not found. Loading defaults
Picking up tip from A1 of Opentrons OT-2 96 Filter Tip Rack 200 µL on 7
Mixing 20 times with a volume of 200.0 ul
	Aspirating 200.0 uL from A1 of NEST 12 Well Reservoir 15 mL on 3 at 94.0 uL/sec
	Dispensing 200.0 uL into A1 of NEST 12 Well Reservoir 15 mL on 3 at 94.0 uL/sec
	Aspirating 200.0 uL from A1 of NEST 12 Well Reservoir 15 mL on 3 at 94.0 uL/sec
	Dispensing 200.0 uL into A1 of NEST 12 Well Reservoir 15 mL on 3 at 94.0 uL/sec
	Aspirating 200.0 uL from A1 of NEST 12 Well Reservoir 15 mL on 3 at 94.0 uL/sec
	Dispensing 200.0 uL into A1 of NEST 12 Well Reservoir 15 mL on 3 at 94.0 uL/sec
	Aspirating 200.0 uL from A1 of NEST 12 Well Reservoir 15 mL on 3 at 94.0 uL/sec
	Dispensing 200.0 uL into A1 of NEST 12 Well Reservoir 15 mL on 3 at 94.0 uL/sec
	Aspirating 200.0 uL from A1 of NEST 12 Well Reservoir 15 mL on 3 at 94.0 uL/sec
	Dispensing 200.0 uL into A1 of NEST 12 Well Reservoir 15 mL on 3 at 94.0 uL/sec
	Aspirating 200.0 uL from A1 of NEST 12 Well Reservoir 15 mL on 3 at 94.0 uL/sec
	Dispensing 200.0 uL into A1 of NEST 12 Well Reservoir 15 mL on 3 at 94.0 uL/sec
	Aspirating 200.0 uL from A1 of NEST 12 Well Reservoir 15 mL on 3 at 94.0 uL/sec
	Dispensing 200.0 uL into A1 of NEST 12 Well Reservoir 15 mL on 3 at 94.0 uL/sec
	Aspirating 200.0 uL from A1 of NEST 12 Well Reservoir 15 mL on 3 at 94.0 uL/sec
	Dispensing 200.0 uL into A1 of NEST 12 Well Reservoir 15 mL on 3 at 94.0 uL/sec
	Aspirating 200.0 uL from A1 of NEST 12 Well Reservoir 15 mL on 3 at 94.0 uL/sec
	Dispensing 200.0 uL into A1 of NEST 12 Well Reservoir 15 mL on 3 at 94.0 uL/sec
	Aspirating 200.0 uL from A1 of NEST 12 Well Reservoir 15 mL on 3 at 94.0 uL/sec
	Dispensing 200.0 uL into A1 of NEST 12 Well Reservoir 15 mL on 3 at 94.0 uL/sec
	Aspirating 200.0 uL from A1 of NEST 12 Well Reservoir 15 mL on 3 at 94.0 uL/sec
	Dispensing 200.0 uL into A1 of NEST 12 Well Reservoir 15 mL on 3 at 94.0 uL/sec
	Aspirating 200.0 uL from A1 of NEST 12 Well Reservoir 15 mL on 3 at 94.0 uL/sec
	Dispensing 200.0 uL into A1 of NEST 12 Well Reservoir 15 mL on 3 at 94.0 uL/sec
	Aspirating 200.0 uL from A1 of NEST 12 Well Reservoir 15 mL on 3 at 94.0 uL/sec
	Dispensing 200.0 uL into A1 of NEST 12 Well Reservoir 15 mL on 3 at 94.0 uL/sec
	Aspirating 200.0 uL from A1 of NEST 12 Well Reservoir 15 mL on 3 at 94.0 uL/sec
	Dispensing 200.0 uL into A1 of NEST 12 Well Reservoir 15 mL on 3 at 94.0 uL/sec
	Aspirating 200.0 uL from A1 of NEST 12 Well Reservoir 15 mL on 3 at 94.0 uL/sec
	Dispensing 200.0 uL into A1 of NEST 12 Well Reservoir 15 mL on 3 at 94.0 uL/sec
	Aspirating 200.0 uL from A1 of NEST 12 Well Reservoir 15 mL on 3 at 94.0 uL/sec
	Dispensing 200.0 uL into A1 of NEST 12 Well Reservoir 15 mL on 3 at 94.0 uL/sec
	Aspirating 200.0 uL from A1 of NEST 12 Well Reservoir 15 mL on 3 at 94.0 uL/sec
	Dispensing 200.0 uL into A1 of NEST 12 Well Reservoir 15 mL on 3 at 94.0 uL/sec
	Aspirating 200.0 uL from A1 of NEST 12 Well Reservoir 15 mL on 3 at 94.0 uL/sec
	Dispensing 200.0 uL into A1 of NEST 12 Well Reservoir 15 mL on 3 at 94.0 uL/sec
	Aspirating 200.0 uL from A1 of NEST 12 Well Reservoir 15 mL on 3 at 94.0 uL/sec
	Dispensing 200.0 uL into A1 of NEST 12 Well Reservoir 15 mL on 3 at 94.0 uL/sec
	Aspirating 200.0 uL from A1 of NEST 12 Well Reservoir 15 mL on 3 at 94.0 uL/sec
	Dispensing 200.0 uL into A1 of NEST 12 Well Reservoir 15 mL on 3 at 94.0 uL/sec

---------------ADDING BEADS TO PLATE----------------


Aspirating 90.0 uL from A1 of NEST 12 Well Reservoir 15 mL on 3 at 94.0 uL/sec
Moving to A1 of Generic 96 Well Plate 1500 µL on 4
Dispensing 90.0 uL into A1 of Generic 96 Well Plate 1500 µL on 4 at 94.0 uL/sec
Mixing 10 times with a volume of 110.0 ul
	Aspirating 110.0 uL from A1 of Generic 96 Well Plate 1500 µL on 4 at 94.0 uL/sec
	Dispensing 110.0 uL into A1 of Generic 96 Well Plate 1500 µL on 4 at 94.0 uL/sec
	Aspirating 110.0 uL from A1 of Generic 96 Well Plate 1500 µL on 4 at 94.0 uL/sec
	Dispensing 110.0 uL into A1 of Generic 96 Well Plate 1500 µL on 4 at 94.0 uL/sec
	Aspirating 110.0 uL from A1 of Generic 96 Well Plate 1500 µL on 4 at 94.0 uL/sec
	Dispensing 110.0 uL into A1 of Generic 96 Well Plate 1500 µL on 4 at 94.0 uL/sec
	Aspirating 110.0 uL from A1 of Generic 96 Well Plate 1500 µL on 4 at 94.0 uL/sec
	Dispensing 110.0 uL into A1 of Generic 96 Well Plate 1500 µL on 4 at 94.0 uL/sec
	Aspirating 110.0 uL from A1 of Generic 96 Well Plate 1500 µL on 4 at 94.0 uL/sec
	Dispensing 110.0 uL into A1 of Generic 96 Well Plate 1500 µL on 4 at 94.0 uL/sec
	Aspirating 110.0 uL from A1 of Generic 96 Well Plate 1500 µL on 4 at 94.0 uL/sec
	Dispensing 110.0 uL into A1 of Generic 96 Well Plate 1500 µL on 4 at 94.0 uL/sec
	Aspirating 110.0 uL from A1 of Generic 96 Well Plate 1500 µL on 4 at 94.0 uL/sec
	Dispensing 110.0 uL into A1 of Generic 96 Well Plate 1500 µL on 4 at 94.0 uL/sec
	Aspirating 110.0 uL from A1 of Generic 96 Well Plate 1500 µL on 4 at 94.0 uL/sec
	Dispensing 110.0 uL into A1 of Generic 96 Well Plate 1500 µL on 4 at 94.0 uL/sec
	Aspirating 110.0 uL from A1 of Generic 96 Well Plate 1500 µL on 4 at 94.0 uL/sec
	Dispensing 110.0 uL into A1 of Generic 96 Well Plate 1500 µL on 4 at 94.0 uL/sec
	Aspirating 110.0 uL from A1 of Generic 96 Well Plate 1500 µL on 4 at 94.0 uL/sec
	Dispensing 110.0 uL into A1 of Generic 96 Well Plate 1500 µL on 4 at 94.0 uL/sec
Dropping tip into A1 of Opentrons Fixed Trash on 12
Delaying for 5 minutes and 0.0 seconds
Pausing robot operation: Move plate to magnetic stand, then select resume
Delaying for 3 minutes and 0.0 seconds

---------------REMOVING SUPER----------------


Picking up tip from A2 of Opentrons OT-2 96 Filter Tip Rack 200 µL on 7
Aspirating 140.0 uL from A1 of Generic_magnet 96 Well Plate 1500 µL on 1 at 9.4 uL/sec
Aspirating 20.0 uL from A1 of Generic_magnet 96 Well Plate 1500 µL on 1 at 9.4 uL/sec
Dispensing 160.0 uL into A12 of NEST 12 Well Reservoir 15 mL on 3 at 94.0 uL/sec
Dropping tip into A1 of Opentrons Fixed Trash on 12

---------------TWO ETHANOL WASHES----------------


Picking up tip from A3 of Opentrons OT-2 96 Filter Tip Rack 200 µL on 7
Aspirating 200.0 uL from A2 of NEST 12 Well Reservoir 15 mL on 3 at 94.0 uL/sec
Moving to A2 of NEST 12 Well Reservoir 15 mL on 3
Dispensing 200.0 uL into A1 of Generic_magnet 96 Well Plate 1500 µL on 1 at 94.0 uL/sec
Delaying for 0 minutes and 2.0 seconds
Blowing out at A1 of Generic_magnet 96 Well Plate 1500 µL on 1
Delaying for 0 minutes and 30.0 seconds
Aspirating 180.0 uL from A1 of Generic_magnet 96 Well Plate 1500 µL on 1 at 9.4 uL/sec
Aspirating 20.0 uL from A1 of Generic_magnet 96 Well Plate 1500 µL on 1 at 9.4 uL/sec
Dispensing 200.0 uL into A12 of NEST 12 Well Reservoir 15 mL on 3 at 94.0 uL/sec
Delaying for 0 minutes and 2.0 seconds
Blowing out at A12 of NEST 12 Well Reservoir 15 mL on 3
Dropping tip into A1 of Opentrons Fixed Trash on 12
Picking up tip from A4 of Opentrons OT-2 96 Filter Tip Rack 200 µL on 7
Aspirating 200.0 uL from A2 of NEST 12 Well Reservoir 15 mL on 3 at 94.0 uL/sec
Moving to A2 of NEST 12 Well Reservoir 15 mL on 3
Dispensing 200.0 uL into A1 of Generic_magnet 96 Well Plate 1500 µL on 1 at 94.0 uL/sec
Delaying for 0 minutes and 2.0 seconds
Blowing out at A1 of Generic_magnet 96 Well Plate 1500 µL on 1
Delaying for 0 minutes and 30.0 seconds
Aspirating 180.0 uL from A1 of Generic_magnet 96 Well Plate 1500 µL on 1 at 9.4 uL/sec
Aspirating 20.0 uL from A1 of Generic_magnet 96 Well Plate 1500 µL on 1 at 9.4 uL/sec
Dispensing 200.0 uL into A12 of NEST 12 Well Reservoir 15 mL on 3 at 94.0 uL/sec
Delaying for 0 minutes and 2.0 seconds
Blowing out at A12 of NEST 12 Well Reservoir 15 mL on 3
Dropping tip into A1 of Opentrons Fixed Trash on 12
Delaying for 3 minutes and 0.0 seconds
Pausing robot operation: Move magplate to slot 4, then select resume

---------------Resuspend----------------


Picking up tip from A5 of Opentrons OT-2 96 Filter Tip Rack 200 µL on 7
Aspirating 23.0 uL from A3 of NEST 12 Well Reservoir 15 mL on 3 at 94.0 uL/sec
Dispensing 23.0 uL into A1 of Generic 96 Well Plate 1500 µL on 4 at 94.0 uL/sec
Mixing 15 times with a volume of 19.0 ul
	Aspirating 19.0 uL from A1 of Generic 96 Well Plate 1500 µL on 4 at 94.0 uL/sec
	Dispensing 19.0 uL into A1 of Generic 96 Well Plate 1500 µL on 4 at 94.0 uL/sec
	Aspirating 19.0 uL from A1 of Generic 96 Well Plate 1500 µL on 4 at 94.0 uL/sec
	Dispensing 19.0 uL into A1 of Generic 96 Well Plate 1500 µL on 4 at 94.0 uL/sec
	Aspirating 19.0 uL from A1 of Generic 96 Well Plate 1500 µL on 4 at 94.0 uL/sec
	Dispensing 19.0 uL into A1 of Generic 96 Well Plate 1500 µL on 4 at 94.0 uL/sec
	Aspirating 19.0 uL from A1 of Generic 96 Well Plate 1500 µL on 4 at 94.0 uL/sec
	Dispensing 19.0 uL into A1 of Generic 96 Well Plate 1500 µL on 4 at 94.0 uL/sec
	Aspirating 19.0 uL from A1 of Generic 96 Well Plate 1500 µL on 4 at 94.0 uL/sec
	Dispensing 19.0 uL into A1 of Generic 96 Well Plate 1500 µL on 4 at 94.0 uL/sec
	Aspirating 19.0 uL from A1 of Generic 96 Well Plate 1500 µL on 4 at 94.0 uL/sec
	Dispensing 19.0 uL into A1 of Generic 96 Well Plate 1500 µL on 4 at 94.0 uL/sec
	Aspirating 19.0 uL from A1 of Generic 96 Well Plate 1500 µL on 4 at 94.0 uL/sec
	Dispensing 19.0 uL into A1 of Generic 96 Well Plate 1500 µL on 4 at 94.0 uL/sec
	Aspirating 19.0 uL from A1 of Generic 96 Well Plate 1500 µL on 4 at 94.0 uL/sec
	Dispensing 19.0 uL into A1 of Generic 96 Well Plate 1500 µL on 4 at 94.0 uL/sec
	Aspirating 19.0 uL from A1 of Generic 96 Well Plate 1500 µL on 4 at 94.0 uL/sec
	Dispensing 19.0 uL into A1 of Generic 96 Well Plate 1500 µL on 4 at 94.0 uL/sec
	Aspirating 19.0 uL from A1 of Generic 96 Well Plate 1500 µL on 4 at 94.0 uL/sec
	Dispensing 19.0 uL into A1 of Generic 96 Well Plate 1500 µL on 4 at 94.0 uL/sec
	Aspirating 19.0 uL from A1 of Generic 96 Well Plate 1500 µL on 4 at 94.0 uL/sec
	Dispensing 19.0 uL into A1 of Generic 96 Well Plate 1500 µL on 4 at 94.0 uL/sec
	Aspirating 19.0 uL from A1 of Generic 96 Well Plate 1500 µL on 4 at 94.0 uL/sec
	Dispensing 19.0 uL into A1 of Generic 96 Well Plate 1500 µL on 4 at 94.0 uL/sec
	Aspirating 19.0 uL from A1 of Generic 96 Well Plate 1500 µL on 4 at 94.0 uL/sec
	Dispensing 19.0 uL into A1 of Generic 96 Well Plate 1500 µL on 4 at 94.0 uL/sec
	Aspirating 19.0 uL from A1 of Generic 96 Well Plate 1500 µL on 4 at 94.0 uL/sec
	Dispensing 19.0 uL into A1 of Generic 96 Well Plate 1500 µL on 4 at 94.0 uL/sec
	Aspirating 19.0 uL from A1 of Generic 96 Well Plate 1500 µL on 4 at 94.0 uL/sec
	Dispensing 19.0 uL into A1 of Generic 96 Well Plate 1500 µL on 4 at 94.0 uL/sec
Dropping tip into A1 of Opentrons Fixed Trash on 12
Pausing robot operation: Move plate to magnetic stand, then select resume
Delaying for 3 minutes and 0.0 seconds

---------------Transfer Elute----------------


Picking up tip from A6 of Opentrons OT-2 96 Filter Tip Rack 200 µL on 7
Aspirating 20.0 uL from A1 of Generic 96 Well Plate 1500 µL on 4 at 9.4 uL/sec
Dispensing 20.0 uL into A1 of Agilent 96 Well Plate 270 µL on 2 at 94.0 uL/sec
Blowing out at A1 of Agilent 96 Well Plate 270 µL on 2
Touching tip
Dropping tip into A1 of Opentrons Fixed Trash on 12
Caught exception: {'message': 'Task was destroyed but it is pending!', 'task': <Task pending name='Task-4' coro=<Poller._poll_forever() running at /Users/dp/Desktop/project/github/opentrons/venv/lib/python3.10/site-packages/opentrons/hardware_control/poller.py:80> wait_for=<Future pending cb=[Task.task_wakeup()]>>}
Caught exception: {'message': 'Task was destroyed but it is pending!', 'task': <Task pending name='Task-3' coro=<Poller._poll_forever() running at /Users/dp/Desktop/project/github/opentrons/venv/lib/python3.10/site-packages/opentrons/hardware_control/poller.py:80> wait_for=<Future pending cb=[Task.task_wakeup()]>>}
Caught exception: {'message': 'Task was destroyed but it is pending!', 'task': <Task pending name='Task-2' coro=<Poller._poll_forever() running at /Users/dp/Desktop/project/github/opentrons/venv/lib/python3.10/site-packages/opentrons/hardware_control/poller.py:80> wait_for=<Future pending cb=[Task.task_wakeup()]>>}
