/Users/dp/Desktop/project/github/opentrons/venv/lib/python3.10/site-packages/opentrons/hardware_control/simulator_setup.py:205: UserWarning: Simulator configuration does not name a machine, defaulting to OT-2 Standard
  warn(
/Users/dp/.opentrons/robot_settings.json not found. Loading defaults
Deck calibration not found.
/Users/dp/.opentrons/deck_calibration.json not found. Loading defaults
Setting Temperature Module temperature to 4.0 °C (rounded off to nearest integer)
Logs from this command:
WARNING (module_contexts): You have specified API 2.0, but you are trying to utilize new load_labware parameters in 2.1
Transferring 60.0 from A1 of 2ml reagent rack on 2 to A1 of Opentrons 24 Well Aluminum Block with NEST 2 mL Snapcap on Temperature Module GEN1 on 4
	Picking up tip from A1 of 200ul filter tips on 6
	Aspirating 60.0 uL from A1 of 2ml reagent rack on 2 at 150.0 uL/sec
	Dispensing 60.0 uL into A1 of Opentrons 24 Well Aluminum Block with NEST 2 mL Snapcap on Temperature Module GEN1 on 4 at 300.0 uL/sec
	Blowing out at A1 of Opentrons Fixed Trash on 12
	Dropping tip into A1 of Opentrons Fixed Trash on 12
Picking up tip from A1 of 10ul filter tips on 3
Aspirating 2.0 uL from A1 of elution plate on 9 at 5.0 uL/sec
Touching tip
Aspirating 8.0 uL from A1 of Opentrons 24 Well Aluminum Block with NEST 2 mL Snapcap on Temperature Module GEN1 on 4 at 5.0 uL/sec
Dispensing 10.0 uL into A1 of Opentrons 24 Well Aluminum Block with NEST 2 mL Snapcap on Temperature Module GEN1 on 4 at 10.0 uL/sec
Blowing out at A1 of Opentrons 24 Well Aluminum Block with NEST 2 mL Snapcap on Temperature Module GEN1 on 4
Dropping tip into A1 of Opentrons Fixed Trash on 12
Picking up tip from B1 of 10ul filter tips on 3
Aspirating 3.0 uL from A2 of elution plate on 9 at 5.0 uL/sec
Touching tip
Aspirating 7.0 uL from A1 of Opentrons 24 Well Aluminum Block with NEST 2 mL Snapcap on Temperature Module GEN1 on 4 at 5.0 uL/sec
Dispensing 10.0 uL into A1 of Opentrons 24 Well Aluminum Block with NEST 2 mL Snapcap on Temperature Module GEN1 on 4 at 10.0 uL/sec
Blowing out at A1 of Opentrons 24 Well Aluminum Block with NEST 2 mL Snapcap on Temperature Module GEN1 on 4
Dropping tip into A1 of Opentrons Fixed Trash on 12
Caught exception: {'message': 'Task was destroyed but it is pending!', 'task': <Task pending name='Task-4' coro=<Poller._poll_forever() running at /Users/dp/Desktop/project/github/opentrons/venv/lib/python3.10/site-packages/opentrons/hardware_control/poller.py:80> wait_for=<Future pending cb=[Task.task_wakeup()]>>}
Caught exception: {'message': 'Task was destroyed but it is pending!', 'task': <Task pending name='Task-3' coro=<Poller._poll_forever() running at /Users/dp/Desktop/project/github/opentrons/venv/lib/python3.10/site-packages/opentrons/hardware_control/poller.py:80> wait_for=<Future pending cb=[Task.task_wakeup()]>>}
Caught exception: {'message': 'Task was destroyed but it is pending!', 'task': <Task pending name='Task-2' coro=<Poller._poll_forever() running at /Users/dp/Desktop/project/github/opentrons/venv/lib/python3.10/site-packages/opentrons/hardware_control/poller.py:80> wait_for=<Future pending cb=[Task.task_wakeup()]>>}
