/Users/dp/Desktop/project/github/opentrons/venv/lib/python3.10/site-packages/opentrons/hardware_control/simulator_setup.py:205: UserWarning: Simulator configuration does not name a machine, defaulting to OT-2 Standard
  warn(
/Users/dp/.opentrons/robot_settings.json not found. Loading defaults
Deck calibration not found.
/Users/dp/.opentrons/deck_calibration.json not found. Loading defaults
Picking up tip from A1 of Opentrons OT-2 96 Filter Tip Rack 200 µL on 4
Logs from this command:
WARNING (legacy_module_core): The labware definition for magnetic plate does not define a default engagement height for use with the Magnetic Module; you must specify a height explicitly when calling engage().
Mixing 5 times with a volume of 55.0 ul
	Aspirating 55.0 uL from A1 of reagent reservoir on 7 at 100.0 uL/sec
	Dispensing 55.0 uL into A1 of reagent reservoir on 7 at 200.0 uL/sec
	Aspirating 55.0 uL from A1 of reagent reservoir on 7 at 100.0 uL/sec
	Dispensing 55.0 uL into A1 of reagent reservoir on 7 at 200.0 uL/sec
	Aspirating 55.0 uL from A1 of reagent reservoir on 7 at 100.0 uL/sec
	Dispensing 55.0 uL into A1 of reagent reservoir on 7 at 200.0 uL/sec
	Aspirating 55.0 uL from A1 of reagent reservoir on 7 at 100.0 uL/sec
	Dispensing 55.0 uL into A1 of reagent reservoir on 7 at 200.0 uL/sec
	Aspirating 55.0 uL from A1 of reagent reservoir on 7 at 100.0 uL/sec
	Dispensing 55.0 uL into A1 of reagent reservoir on 7 at 200.0 uL/sec
Blowing out at A1 of reagent reservoir on 7
Transferring 55.0 from A1 of reagent reservoir on 7 to A1 of magnetic plate on Magnetic Module GEN2 on 1
	Aspirating 55.0 uL from A1 of reagent reservoir on 7 at 100.0 uL/sec
	Dispensing 55.0 uL into A1 of magnetic plate on Magnetic Module GEN2 on 1 at 200.0 uL/sec
Blowing out at A1 of magnetic plate on Magnetic Module GEN2 on 1
Mixing 10 times with a volume of 55.0 ul
	Aspirating 55.0 uL from A1 of magnetic plate on Magnetic Module GEN2 on 1 at 100.0 uL/sec
	Dispensing 55.0 uL into A1 of magnetic plate on Magnetic Module GEN2 on 1 at 200.0 uL/sec
	Aspirating 55.0 uL from A1 of magnetic plate on Magnetic Module GEN2 on 1 at 100.0 uL/sec
	Dispensing 55.0 uL into A1 of magnetic plate on Magnetic Module GEN2 on 1 at 200.0 uL/sec
	Aspirating 55.0 uL from A1 of magnetic plate on Magnetic Module GEN2 on 1 at 100.0 uL/sec
	Dispensing 55.0 uL into A1 of magnetic plate on Magnetic Module GEN2 on 1 at 200.0 uL/sec
	Aspirating 55.0 uL from A1 of magnetic plate on Magnetic Module GEN2 on 1 at 100.0 uL/sec
	Dispensing 55.0 uL into A1 of magnetic plate on Magnetic Module GEN2 on 1 at 200.0 uL/sec
	Aspirating 55.0 uL from A1 of magnetic plate on Magnetic Module GEN2 on 1 at 100.0 uL/sec
	Dispensing 55.0 uL into A1 of magnetic plate on Magnetic Module GEN2 on 1 at 200.0 uL/sec
	Aspirating 55.0 uL from A1 of magnetic plate on Magnetic Module GEN2 on 1 at 100.0 uL/sec
	Dispensing 55.0 uL into A1 of magnetic plate on Magnetic Module GEN2 on 1 at 200.0 uL/sec
	Aspirating 55.0 uL from A1 of magnetic plate on Magnetic Module GEN2 on 1 at 100.0 uL/sec
	Dispensing 55.0 uL into A1 of magnetic plate on Magnetic Module GEN2 on 1 at 200.0 uL/sec
	Aspirating 55.0 uL from A1 of magnetic plate on Magnetic Module GEN2 on 1 at 100.0 uL/sec
	Dispensing 55.0 uL into A1 of magnetic plate on Magnetic Module GEN2 on 1 at 200.0 uL/sec
	Aspirating 55.0 uL from A1 of magnetic plate on Magnetic Module GEN2 on 1 at 100.0 uL/sec
	Dispensing 55.0 uL into A1 of magnetic plate on Magnetic Module GEN2 on 1 at 200.0 uL/sec
	Aspirating 55.0 uL from A1 of magnetic plate on Magnetic Module GEN2 on 1 at 100.0 uL/sec
	Dispensing 55.0 uL into A1 of magnetic plate on Magnetic Module GEN2 on 1 at 200.0 uL/sec
Blowing out at A1 of magnetic plate on Magnetic Module GEN2 on 1
Moving to A8 of reagent reservoir on 7
Dropping tip into A1 of Opentrons Fixed Trash on 12
Picking up tip from A2 of Opentrons OT-2 96 Filter Tip Rack 200 µL on 4
Mixing 5 times with a volume of 55.0 ul
	Aspirating 55.0 uL from A1 of reagent reservoir on 7 at 100.0 uL/sec
	Dispensing 55.0 uL into A1 of reagent reservoir on 7 at 200.0 uL/sec
	Aspirating 55.0 uL from A1 of reagent reservoir on 7 at 100.0 uL/sec
	Dispensing 55.0 uL into A1 of reagent reservoir on 7 at 200.0 uL/sec
	Aspirating 55.0 uL from A1 of reagent reservoir on 7 at 100.0 uL/sec
	Dispensing 55.0 uL into A1 of reagent reservoir on 7 at 200.0 uL/sec
	Aspirating 55.0 uL from A1 of reagent reservoir on 7 at 100.0 uL/sec
	Dispensing 55.0 uL into A1 of reagent reservoir on 7 at 200.0 uL/sec
	Aspirating 55.0 uL from A1 of reagent reservoir on 7 at 100.0 uL/sec
	Dispensing 55.0 uL into A1 of reagent reservoir on 7 at 200.0 uL/sec
Blowing out at A1 of reagent reservoir on 7
Transferring 55.0 from A1 of reagent reservoir on 7 to A2 of magnetic plate on Magnetic Module GEN2 on 1
	Aspirating 55.0 uL from A1 of reagent reservoir on 7 at 100.0 uL/sec
	Dispensing 55.0 uL into A2 of magnetic plate on Magnetic Module GEN2 on 1 at 200.0 uL/sec
Blowing out at A2 of magnetic plate on Magnetic Module GEN2 on 1
Mixing 10 times with a volume of 55.0 ul
	Aspirating 55.0 uL from A2 of magnetic plate on Magnetic Module GEN2 on 1 at 100.0 uL/sec
	Dispensing 55.0 uL into A2 of magnetic plate on Magnetic Module GEN2 on 1 at 200.0 uL/sec
	Aspirating 55.0 uL from A2 of magnetic plate on Magnetic Module GEN2 on 1 at 100.0 uL/sec
	Dispensing 55.0 uL into A2 of magnetic plate on Magnetic Module GEN2 on 1 at 200.0 uL/sec
	Aspirating 55.0 uL from A2 of magnetic plate on Magnetic Module GEN2 on 1 at 100.0 uL/sec
	Dispensing 55.0 uL into A2 of magnetic plate on Magnetic Module GEN2 on 1 at 200.0 uL/sec
	Aspirating 55.0 uL from A2 of magnetic plate on Magnetic Module GEN2 on 1 at 100.0 uL/sec
	Dispensing 55.0 uL into A2 of magnetic plate on Magnetic Module GEN2 on 1 at 200.0 uL/sec
	Aspirating 55.0 uL from A2 of magnetic plate on Magnetic Module GEN2 on 1 at 100.0 uL/sec
	Dispensing 55.0 uL into A2 of magnetic plate on Magnetic Module GEN2 on 1 at 200.0 uL/sec
	Aspirating 55.0 uL from A2 of magnetic plate on Magnetic Module GEN2 on 1 at 100.0 uL/sec
	Dispensing 55.0 uL into A2 of magnetic plate on Magnetic Module GEN2 on 1 at 200.0 uL/sec
	Aspirating 55.0 uL from A2 of magnetic plate on Magnetic Module GEN2 on 1 at 100.0 uL/sec
	Dispensing 55.0 uL into A2 of magnetic plate on Magnetic Module GEN2 on 1 at 200.0 uL/sec
	Aspirating 55.0 uL from A2 of magnetic plate on Magnetic Module GEN2 on 1 at 100.0 uL/sec
	Dispensing 55.0 uL into A2 of magnetic plate on Magnetic Module GEN2 on 1 at 200.0 uL/sec
	Aspirating 55.0 uL from A2 of magnetic plate on Magnetic Module GEN2 on 1 at 100.0 uL/sec
	Dispensing 55.0 uL into A2 of magnetic plate on Magnetic Module GEN2 on 1 at 200.0 uL/sec
	Aspirating 55.0 uL from A2 of magnetic plate on Magnetic Module GEN2 on 1 at 100.0 uL/sec
	Dispensing 55.0 uL into A2 of magnetic plate on Magnetic Module GEN2 on 1 at 200.0 uL/sec
Blowing out at A2 of magnetic plate on Magnetic Module GEN2 on 1
Moving to A8 of reagent reservoir on 7
Dropping tip into A1 of Opentrons Fixed Trash on 12
Picking up tip from A3 of Opentrons OT-2 96 Filter Tip Rack 200 µL on 4
Mixing 5 times with a volume of 55.0 ul
	Aspirating 55.0 uL from A1 of reagent reservoir on 7 at 100.0 uL/sec
	Dispensing 55.0 uL into A1 of reagent reservoir on 7 at 200.0 uL/sec
	Aspirating 55.0 uL from A1 of reagent reservoir on 7 at 100.0 uL/sec
	Dispensing 55.0 uL into A1 of reagent reservoir on 7 at 200.0 uL/sec
	Aspirating 55.0 uL from A1 of reagent reservoir on 7 at 100.0 uL/sec
	Dispensing 55.0 uL into A1 of reagent reservoir on 7 at 200.0 uL/sec
	Aspirating 55.0 uL from A1 of reagent reservoir on 7 at 100.0 uL/sec
	Dispensing 55.0 uL into A1 of reagent reservoir on 7 at 200.0 uL/sec
	Aspirating 55.0 uL from A1 of reagent reservoir on 7 at 100.0 uL/sec
	Dispensing 55.0 uL into A1 of reagent reservoir on 7 at 200.0 uL/sec
Blowing out at A1 of reagent reservoir on 7
Transferring 55.0 from A1 of reagent reservoir on 7 to A3 of magnetic plate on Magnetic Module GEN2 on 1
	Aspirating 55.0 uL from A1 of reagent reservoir on 7 at 100.0 uL/sec
	Dispensing 55.0 uL into A3 of magnetic plate on Magnetic Module GEN2 on 1 at 200.0 uL/sec
Blowing out at A3 of magnetic plate on Magnetic Module GEN2 on 1
Mixing 10 times with a volume of 55.0 ul
	Aspirating 55.0 uL from A3 of magnetic plate on Magnetic Module GEN2 on 1 at 100.0 uL/sec
	Dispensing 55.0 uL into A3 of magnetic plate on Magnetic Module GEN2 on 1 at 200.0 uL/sec
	Aspirating 55.0 uL from A3 of magnetic plate on Magnetic Module GEN2 on 1 at 100.0 uL/sec
	Dispensing 55.0 uL into A3 of magnetic plate on Magnetic Module GEN2 on 1 at 200.0 uL/sec
	Aspirating 55.0 uL from A3 of magnetic plate on Magnetic Module GEN2 on 1 at 100.0 uL/sec
	Dispensing 55.0 uL into A3 of magnetic plate on Magnetic Module GEN2 on 1 at 200.0 uL/sec
	Aspirating 55.0 uL from A3 of magnetic plate on Magnetic Module GEN2 on 1 at 100.0 uL/sec
	Dispensing 55.0 uL into A3 of magnetic plate on Magnetic Module GEN2 on 1 at 200.0 uL/sec
	Aspirating 55.0 uL from A3 of magnetic plate on Magnetic Module GEN2 on 1 at 100.0 uL/sec
	Dispensing 55.0 uL into A3 of magnetic plate on Magnetic Module GEN2 on 1 at 200.0 uL/sec
	Aspirating 55.0 uL from A3 of magnetic plate on Magnetic Module GEN2 on 1 at 100.0 uL/sec
	Dispensing 55.0 uL into A3 of magnetic plate on Magnetic Module GEN2 on 1 at 200.0 uL/sec
	Aspirating 55.0 uL from A3 of magnetic plate on Magnetic Module GEN2 on 1 at 100.0 uL/sec
	Dispensing 55.0 uL into A3 of magnetic plate on Magnetic Module GEN2 on 1 at 200.0 uL/sec
	Aspirating 55.0 uL from A3 of magnetic plate on Magnetic Module GEN2 on 1 at 100.0 uL/sec
	Dispensing 55.0 uL into A3 of magnetic plate on Magnetic Module GEN2 on 1 at 200.0 uL/sec
	Aspirating 55.0 uL from A3 of magnetic plate on Magnetic Module GEN2 on 1 at 100.0 uL/sec
	Dispensing 55.0 uL into A3 of magnetic plate on Magnetic Module GEN2 on 1 at 200.0 uL/sec
	Aspirating 55.0 uL from A3 of magnetic plate on Magnetic Module GEN2 on 1 at 100.0 uL/sec
	Dispensing 55.0 uL into A3 of magnetic plate on Magnetic Module GEN2 on 1 at 200.0 uL/sec
Blowing out at A3 of magnetic plate on Magnetic Module GEN2 on 1
Moving to A8 of reagent reservoir on 7
Dropping tip into A1 of Opentrons Fixed Trash on 12
Picking up tip from A4 of Opentrons OT-2 96 Filter Tip Rack 200 µL on 4
Mixing 5 times with a volume of 55.0 ul
	Aspirating 55.0 uL from A1 of reagent reservoir on 7 at 100.0 uL/sec
	Dispensing 55.0 uL into A1 of reagent reservoir on 7 at 200.0 uL/sec
	Aspirating 55.0 uL from A1 of reagent reservoir on 7 at 100.0 uL/sec
	Dispensing 55.0 uL into A1 of reagent reservoir on 7 at 200.0 uL/sec
	Aspirating 55.0 uL from A1 of reagent reservoir on 7 at 100.0 uL/sec
	Dispensing 55.0 uL into A1 of reagent reservoir on 7 at 200.0 uL/sec
	Aspirating 55.0 uL from A1 of reagent reservoir on 7 at 100.0 uL/sec
	Dispensing 55.0 uL into A1 of reagent reservoir on 7 at 200.0 uL/sec
	Aspirating 55.0 uL from A1 of reagent reservoir on 7 at 100.0 uL/sec
	Dispensing 55.0 uL into A1 of reagent reservoir on 7 at 200.0 uL/sec
Blowing out at A1 of reagent reservoir on 7
Transferring 55.0 from A1 of reagent reservoir on 7 to A4 of magnetic plate on Magnetic Module GEN2 on 1
	Aspirating 55.0 uL from A1 of reagent reservoir on 7 at 100.0 uL/sec
	Dispensing 55.0 uL into A4 of magnetic plate on Magnetic Module GEN2 on 1 at 200.0 uL/sec
Blowing out at A4 of magnetic plate on Magnetic Module GEN2 on 1
Mixing 10 times with a volume of 55.0 ul
	Aspirating 55.0 uL from A4 of magnetic plate on Magnetic Module GEN2 on 1 at 100.0 uL/sec
	Dispensing 55.0 uL into A4 of magnetic plate on Magnetic Module GEN2 on 1 at 200.0 uL/sec
	Aspirating 55.0 uL from A4 of magnetic plate on Magnetic Module GEN2 on 1 at 100.0 uL/sec
	Dispensing 55.0 uL into A4 of magnetic plate on Magnetic Module GEN2 on 1 at 200.0 uL/sec
	Aspirating 55.0 uL from A4 of magnetic plate on Magnetic Module GEN2 on 1 at 100.0 uL/sec
	Dispensing 55.0 uL into A4 of magnetic plate on Magnetic Module GEN2 on 1 at 200.0 uL/sec
	Aspirating 55.0 uL from A4 of magnetic plate on Magnetic Module GEN2 on 1 at 100.0 uL/sec
	Dispensing 55.0 uL into A4 of magnetic plate on Magnetic Module GEN2 on 1 at 200.0 uL/sec
	Aspirating 55.0 uL from A4 of magnetic plate on Magnetic Module GEN2 on 1 at 100.0 uL/sec
	Dispensing 55.0 uL into A4 of magnetic plate on Magnetic Module GEN2 on 1 at 200.0 uL/sec
	Aspirating 55.0 uL from A4 of magnetic plate on Magnetic Module GEN2 on 1 at 100.0 uL/sec
	Dispensing 55.0 uL into A4 of magnetic plate on Magnetic Module GEN2 on 1 at 200.0 uL/sec
	Aspirating 55.0 uL from A4 of magnetic plate on Magnetic Module GEN2 on 1 at 100.0 uL/sec
	Dispensing 55.0 uL into A4 of magnetic plate on Magnetic Module GEN2 on 1 at 200.0 uL/sec
	Aspirating 55.0 uL from A4 of magnetic plate on Magnetic Module GEN2 on 1 at 100.0 uL/sec
	Dispensing 55.0 uL into A4 of magnetic plate on Magnetic Module GEN2 on 1 at 200.0 uL/sec
	Aspirating 55.0 uL from A4 of magnetic plate on Magnetic Module GEN2 on 1 at 100.0 uL/sec
	Dispensing 55.0 uL into A4 of magnetic plate on Magnetic Module GEN2 on 1 at 200.0 uL/sec
	Aspirating 55.0 uL from A4 of magnetic plate on Magnetic Module GEN2 on 1 at 100.0 uL/sec
	Dispensing 55.0 uL into A4 of magnetic plate on Magnetic Module GEN2 on 1 at 200.0 uL/sec
Blowing out at A4 of magnetic plate on Magnetic Module GEN2 on 1
Moving to A8 of reagent reservoir on 7
Dropping tip into A1 of Opentrons Fixed Trash on 12
Picking up tip from A5 of Opentrons OT-2 96 Filter Tip Rack 200 µL on 4
Mixing 5 times with a volume of 55.0 ul
	Aspirating 55.0 uL from A1 of reagent reservoir on 7 at 100.0 uL/sec
	Dispensing 55.0 uL into A1 of reagent reservoir on 7 at 200.0 uL/sec
	Aspirating 55.0 uL from A1 of reagent reservoir on 7 at 100.0 uL/sec
	Dispensing 55.0 uL into A1 of reagent reservoir on 7 at 200.0 uL/sec
	Aspirating 55.0 uL from A1 of reagent reservoir on 7 at 100.0 uL/sec
	Dispensing 55.0 uL into A1 of reagent reservoir on 7 at 200.0 uL/sec
	Aspirating 55.0 uL from A1 of reagent reservoir on 7 at 100.0 uL/sec
	Dispensing 55.0 uL into A1 of reagent reservoir on 7 at 200.0 uL/sec
	Aspirating 55.0 uL from A1 of reagent reservoir on 7 at 100.0 uL/sec
	Dispensing 55.0 uL into A1 of reagent reservoir on 7 at 200.0 uL/sec
Blowing out at A1 of reagent reservoir on 7
Transferring 55.0 from A1 of reagent reservoir on 7 to A5 of magnetic plate on Magnetic Module GEN2 on 1
	Aspirating 55.0 uL from A1 of reagent reservoir on 7 at 100.0 uL/sec
	Dispensing 55.0 uL into A5 of magnetic plate on Magnetic Module GEN2 on 1 at 200.0 uL/sec
Blowing out at A5 of magnetic plate on Magnetic Module GEN2 on 1
Mixing 10 times with a volume of 55.0 ul
	Aspirating 55.0 uL from A5 of magnetic plate on Magnetic Module GEN2 on 1 at 100.0 uL/sec
	Dispensing 55.0 uL into A5 of magnetic plate on Magnetic Module GEN2 on 1 at 200.0 uL/sec
	Aspirating 55.0 uL from A5 of magnetic plate on Magnetic Module GEN2 on 1 at 100.0 uL/sec
	Dispensing 55.0 uL into A5 of magnetic plate on Magnetic Module GEN2 on 1 at 200.0 uL/sec
	Aspirating 55.0 uL from A5 of magnetic plate on Magnetic Module GEN2 on 1 at 100.0 uL/sec
	Dispensing 55.0 uL into A5 of magnetic plate on Magnetic Module GEN2 on 1 at 200.0 uL/sec
	Aspirating 55.0 uL from A5 of magnetic plate on Magnetic Module GEN2 on 1 at 100.0 uL/sec
	Dispensing 55.0 uL into A5 of magnetic plate on Magnetic Module GEN2 on 1 at 200.0 uL/sec
	Aspirating 55.0 uL from A5 of magnetic plate on Magnetic Module GEN2 on 1 at 100.0 uL/sec
	Dispensing 55.0 uL into A5 of magnetic plate on Magnetic Module GEN2 on 1 at 200.0 uL/sec
	Aspirating 55.0 uL from A5 of magnetic plate on Magnetic Module GEN2 on 1 at 100.0 uL/sec
	Dispensing 55.0 uL into A5 of magnetic plate on Magnetic Module GEN2 on 1 at 200.0 uL/sec
	Aspirating 55.0 uL from A5 of magnetic plate on Magnetic Module GEN2 on 1 at 100.0 uL/sec
	Dispensing 55.0 uL into A5 of magnetic plate on Magnetic Module GEN2 on 1 at 200.0 uL/sec
	Aspirating 55.0 uL from A5 of magnetic plate on Magnetic Module GEN2 on 1 at 100.0 uL/sec
	Dispensing 55.0 uL into A5 of magnetic plate on Magnetic Module GEN2 on 1 at 200.0 uL/sec
	Aspirating 55.0 uL from A5 of magnetic plate on Magnetic Module GEN2 on 1 at 100.0 uL/sec
	Dispensing 55.0 uL into A5 of magnetic plate on Magnetic Module GEN2 on 1 at 200.0 uL/sec
	Aspirating 55.0 uL from A5 of magnetic plate on Magnetic Module GEN2 on 1 at 100.0 uL/sec
	Dispensing 55.0 uL into A5 of magnetic plate on Magnetic Module GEN2 on 1 at 200.0 uL/sec
Blowing out at A5 of magnetic plate on Magnetic Module GEN2 on 1
Moving to A8 of reagent reservoir on 7
Dropping tip into A1 of Opentrons Fixed Trash on 12
Picking up tip from A6 of Opentrons OT-2 96 Filter Tip Rack 200 µL on 4
Mixing 5 times with a volume of 55.0 ul
	Aspirating 55.0 uL from A1 of reagent reservoir on 7 at 100.0 uL/sec
	Dispensing 55.0 uL into A1 of reagent reservoir on 7 at 200.0 uL/sec
	Aspirating 55.0 uL from A1 of reagent reservoir on 7 at 100.0 uL/sec
	Dispensing 55.0 uL into A1 of reagent reservoir on 7 at 200.0 uL/sec
	Aspirating 55.0 uL from A1 of reagent reservoir on 7 at 100.0 uL/sec
	Dispensing 55.0 uL into A1 of reagent reservoir on 7 at 200.0 uL/sec
	Aspirating 55.0 uL from A1 of reagent reservoir on 7 at 100.0 uL/sec
	Dispensing 55.0 uL into A1 of reagent reservoir on 7 at 200.0 uL/sec
	Aspirating 55.0 uL from A1 of reagent reservoir on 7 at 100.0 uL/sec
	Dispensing 55.0 uL into A1 of reagent reservoir on 7 at 200.0 uL/sec
Blowing out at A1 of reagent reservoir on 7
Transferring 55.0 from A1 of reagent reservoir on 7 to A6 of magnetic plate on Magnetic Module GEN2 on 1
	Aspirating 55.0 uL from A1 of reagent reservoir on 7 at 100.0 uL/sec
	Dispensing 55.0 uL into A6 of magnetic plate on Magnetic Module GEN2 on 1 at 200.0 uL/sec
Blowing out at A6 of magnetic plate on Magnetic Module GEN2 on 1
Mixing 10 times with a volume of 55.0 ul
	Aspirating 55.0 uL from A6 of magnetic plate on Magnetic Module GEN2 on 1 at 100.0 uL/sec
	Dispensing 55.0 uL into A6 of magnetic plate on Magnetic Module GEN2 on 1 at 200.0 uL/sec
	Aspirating 55.0 uL from A6 of magnetic plate on Magnetic Module GEN2 on 1 at 100.0 uL/sec
	Dispensing 55.0 uL into A6 of magnetic plate on Magnetic Module GEN2 on 1 at 200.0 uL/sec
	Aspirating 55.0 uL from A6 of magnetic plate on Magnetic Module GEN2 on 1 at 100.0 uL/sec
	Dispensing 55.0 uL into A6 of magnetic plate on Magnetic Module GEN2 on 1 at 200.0 uL/sec
	Aspirating 55.0 uL from A6 of magnetic plate on Magnetic Module GEN2 on 1 at 100.0 uL/sec
	Dispensing 55.0 uL into A6 of magnetic plate on Magnetic Module GEN2 on 1 at 200.0 uL/sec
	Aspirating 55.0 uL from A6 of magnetic plate on Magnetic Module GEN2 on 1 at 100.0 uL/sec
	Dispensing 55.0 uL into A6 of magnetic plate on Magnetic Module GEN2 on 1 at 200.0 uL/sec
	Aspirating 55.0 uL from A6 of magnetic plate on Magnetic Module GEN2 on 1 at 100.0 uL/sec
	Dispensing 55.0 uL into A6 of magnetic plate on Magnetic Module GEN2 on 1 at 200.0 uL/sec
	Aspirating 55.0 uL from A6 of magnetic plate on Magnetic Module GEN2 on 1 at 100.0 uL/sec
	Dispensing 55.0 uL into A6 of magnetic plate on Magnetic Module GEN2 on 1 at 200.0 uL/sec
	Aspirating 55.0 uL from A6 of magnetic plate on Magnetic Module GEN2 on 1 at 100.0 uL/sec
	Dispensing 55.0 uL into A6 of magnetic plate on Magnetic Module GEN2 on 1 at 200.0 uL/sec
	Aspirating 55.0 uL from A6 of magnetic plate on Magnetic Module GEN2 on 1 at 100.0 uL/sec
	Dispensing 55.0 uL into A6 of magnetic plate on Magnetic Module GEN2 on 1 at 200.0 uL/sec
	Aspirating 55.0 uL from A6 of magnetic plate on Magnetic Module GEN2 on 1 at 100.0 uL/sec
	Dispensing 55.0 uL into A6 of magnetic plate on Magnetic Module GEN2 on 1 at 200.0 uL/sec
Blowing out at A6 of magnetic plate on Magnetic Module GEN2 on 1
Moving to A8 of reagent reservoir on 7
Dropping tip into A1 of Opentrons Fixed Trash on 12
Delaying for 10 minutes and 0.0 seconds. Incubating off magnet for 10 minutes.
Engaging Magnetic Module
Delaying for 10 minutes and 0.0 seconds. Incubating on magnet for 10 minutes.
Picking up tip from A7 of Opentrons OT-2 96 Filter Tip Rack 200 µL on 4
Transferring 175.0 from A1 of magnetic plate on Magnetic Module GEN2 on 1 to A12 of reagent reservoir on 7
	Aspirating 175.0 uL from A1 of magnetic plate on Magnetic Module GEN2 on 1 at 100.0 uL/sec
	Dispensing 175.0 uL into A12 of reagent reservoir on 7 at 200.0 uL/sec
Blowing out at A12 of reagent reservoir on 7
Moving to A8 of reagent reservoir on 7
Dropping tip into A1 of Opentrons Fixed Trash on 12
Picking up tip from A8 of Opentrons OT-2 96 Filter Tip Rack 200 µL on 4
Transferring 175.0 from A2 of magnetic plate on Magnetic Module GEN2 on 1 to A12 of reagent reservoir on 7
	Aspirating 175.0 uL from A2 of magnetic plate on Magnetic Module GEN2 on 1 at 100.0 uL/sec
	Dispensing 175.0 uL into A12 of reagent reservoir on 7 at 200.0 uL/sec
Blowing out at A12 of reagent reservoir on 7
Moving to A8 of reagent reservoir on 7
Dropping tip into A1 of Opentrons Fixed Trash on 12
Picking up tip from A9 of Opentrons OT-2 96 Filter Tip Rack 200 µL on 4
Transferring 175.0 from A3 of magnetic plate on Magnetic Module GEN2 on 1 to A12 of reagent reservoir on 7
	Aspirating 175.0 uL from A3 of magnetic plate on Magnetic Module GEN2 on 1 at 100.0 uL/sec
	Dispensing 175.0 uL into A12 of reagent reservoir on 7 at 200.0 uL/sec
Blowing out at A12 of reagent reservoir on 7
Moving to A8 of reagent reservoir on 7
Dropping tip into A1 of Opentrons Fixed Trash on 12
Picking up tip from A10 of Opentrons OT-2 96 Filter Tip Rack 200 µL on 4
Transferring 175.0 from A4 of magnetic plate on Magnetic Module GEN2 on 1 to A12 of reagent reservoir on 7
	Aspirating 175.0 uL from A4 of magnetic plate on Magnetic Module GEN2 on 1 at 100.0 uL/sec
	Dispensing 175.0 uL into A12 of reagent reservoir on 7 at 200.0 uL/sec
Blowing out at A12 of reagent reservoir on 7
Moving to A8 of reagent reservoir on 7
Dropping tip into A1 of Opentrons Fixed Trash on 12
Picking up tip from A11 of Opentrons OT-2 96 Filter Tip Rack 200 µL on 4
Transferring 175.0 from A5 of magnetic plate on Magnetic Module GEN2 on 1 to A12 of reagent reservoir on 7
	Aspirating 175.0 uL from A5 of magnetic plate on Magnetic Module GEN2 on 1 at 100.0 uL/sec
	Dispensing 175.0 uL into A12 of reagent reservoir on 7 at 200.0 uL/sec
Blowing out at A12 of reagent reservoir on 7
Moving to A8 of reagent reservoir on 7
Dropping tip into A1 of Opentrons Fixed Trash on 12
Picking up tip from A12 of Opentrons OT-2 96 Filter Tip Rack 200 µL on 4
Transferring 175.0 from A6 of magnetic plate on Magnetic Module GEN2 on 1 to A12 of reagent reservoir on 7
	Aspirating 175.0 uL from A6 of magnetic plate on Magnetic Module GEN2 on 1 at 100.0 uL/sec
	Dispensing 175.0 uL into A12 of reagent reservoir on 7 at 200.0 uL/sec
Blowing out at A12 of reagent reservoir on 7
Moving to A8 of reagent reservoir on 7
Dropping tip into A1 of Opentrons Fixed Trash on 12
Picking up tip from A1 of Opentrons OT-2 96 Filter Tip Rack 200 µL on 5
Transferring 180.0 from A2 of reagent reservoir on 7 to A1 of magnetic plate on Magnetic Module GEN2 on 1
	Aspirating 180.0 uL from A2 of reagent reservoir on 7 at 100.0 uL/sec
	Air gap
		Aspirating 20.0 uL from A2 of reagent reservoir on 7 at 100.0 uL/sec
	Dispensing 200.0 uL into A1 of magnetic plate on Magnetic Module GEN2 on 1 at 200.0 uL/sec
Blowing out at A1 of magnetic plate on Magnetic Module GEN2 on 1
Moving to A8 of reagent reservoir on 7
Dropping tip into A1 of Opentrons Fixed Trash on 12
Picking up tip from A2 of Opentrons OT-2 96 Filter Tip Rack 200 µL on 5
Transferring 180.0 from A2 of reagent reservoir on 7 to A2 of magnetic plate on Magnetic Module GEN2 on 1
	Aspirating 180.0 uL from A2 of reagent reservoir on 7 at 100.0 uL/sec
	Air gap
		Aspirating 20.0 uL from A2 of reagent reservoir on 7 at 100.0 uL/sec
	Dispensing 200.0 uL into A2 of magnetic plate on Magnetic Module GEN2 on 1 at 200.0 uL/sec
Blowing out at A2 of magnetic plate on Magnetic Module GEN2 on 1
Moving to A8 of reagent reservoir on 7
Dropping tip into A1 of Opentrons Fixed Trash on 12
Picking up tip from A3 of Opentrons OT-2 96 Filter Tip Rack 200 µL on 5
Transferring 180.0 from A2 of reagent reservoir on 7 to A3 of magnetic plate on Magnetic Module GEN2 on 1
	Aspirating 180.0 uL from A2 of reagent reservoir on 7 at 100.0 uL/sec
	Air gap
		Aspirating 20.0 uL from A2 of reagent reservoir on 7 at 100.0 uL/sec
	Dispensing 200.0 uL into A3 of magnetic plate on Magnetic Module GEN2 on 1 at 200.0 uL/sec
Blowing out at A3 of magnetic plate on Magnetic Module GEN2 on 1
Moving to A8 of reagent reservoir on 7
Dropping tip into A1 of Opentrons Fixed Trash on 12
Picking up tip from A4 of Opentrons OT-2 96 Filter Tip Rack 200 µL on 5
Transferring 180.0 from A2 of reagent reservoir on 7 to A4 of magnetic plate on Magnetic Module GEN2 on 1
	Aspirating 180.0 uL from A2 of reagent reservoir on 7 at 100.0 uL/sec
	Air gap
		Aspirating 20.0 uL from A2 of reagent reservoir on 7 at 100.0 uL/sec
	Dispensing 200.0 uL into A4 of magnetic plate on Magnetic Module GEN2 on 1 at 200.0 uL/sec
Blowing out at A4 of magnetic plate on Magnetic Module GEN2 on 1
Moving to A8 of reagent reservoir on 7
Dropping tip into A1 of Opentrons Fixed Trash on 12
Picking up tip from A5 of Opentrons OT-2 96 Filter Tip Rack 200 µL on 5
Transferring 180.0 from A2 of reagent reservoir on 7 to A5 of magnetic plate on Magnetic Module GEN2 on 1
	Aspirating 180.0 uL from A2 of reagent reservoir on 7 at 100.0 uL/sec
	Air gap
		Aspirating 20.0 uL from A2 of reagent reservoir on 7 at 100.0 uL/sec
	Dispensing 200.0 uL into A5 of magnetic plate on Magnetic Module GEN2 on 1 at 200.0 uL/sec
Blowing out at A5 of magnetic plate on Magnetic Module GEN2 on 1
Moving to A8 of reagent reservoir on 7
Dropping tip into A1 of Opentrons Fixed Trash on 12
Picking up tip from A6 of Opentrons OT-2 96 Filter Tip Rack 200 µL on 5
Transferring 180.0 from A2 of reagent reservoir on 7 to A6 of magnetic plate on Magnetic Module GEN2 on 1
	Aspirating 180.0 uL from A2 of reagent reservoir on 7 at 100.0 uL/sec
	Air gap
		Aspirating 20.0 uL from A2 of reagent reservoir on 7 at 100.0 uL/sec
	Dispensing 200.0 uL into A6 of magnetic plate on Magnetic Module GEN2 on 1 at 200.0 uL/sec
Blowing out at A6 of magnetic plate on Magnetic Module GEN2 on 1
Moving to A8 of reagent reservoir on 7
Dropping tip into A1 of Opentrons Fixed Trash on 12
Delaying for 1 minutes and 0.0 seconds. Incubating for 1 minute.
Picking up tip from A7 of Opentrons OT-2 96 Filter Tip Rack 200 µL on 5
Transferring 180.0 from A1 of magnetic plate on Magnetic Module GEN2 on 1 to A11 of reagent reservoir on 7
	Aspirating 180.0 uL from A1 of magnetic plate on Magnetic Module GEN2 on 1 at 100.0 uL/sec
	Dispensing 180.0 uL into A11 of reagent reservoir on 7 at 200.0 uL/sec
Blowing out at A11 of reagent reservoir on 7
Moving to A8 of reagent reservoir on 7
Dropping tip into A1 of Opentrons Fixed Trash on 12
Picking up tip from A8 of Opentrons OT-2 96 Filter Tip Rack 200 µL on 5
Transferring 180.0 from A2 of magnetic plate on Magnetic Module GEN2 on 1 to A11 of reagent reservoir on 7
	Aspirating 180.0 uL from A2 of magnetic plate on Magnetic Module GEN2 on 1 at 100.0 uL/sec
	Dispensing 180.0 uL into A11 of reagent reservoir on 7 at 200.0 uL/sec
Blowing out at A11 of reagent reservoir on 7
Moving to A8 of reagent reservoir on 7
Dropping tip into A1 of Opentrons Fixed Trash on 12
Picking up tip from A9 of Opentrons OT-2 96 Filter Tip Rack 200 µL on 5
Transferring 180.0 from A3 of magnetic plate on Magnetic Module GEN2 on 1 to A11 of reagent reservoir on 7
	Aspirating 180.0 uL from A3 of magnetic plate on Magnetic Module GEN2 on 1 at 100.0 uL/sec
	Dispensing 180.0 uL into A11 of reagent reservoir on 7 at 200.0 uL/sec
Blowing out at A11 of reagent reservoir on 7
Moving to A8 of reagent reservoir on 7
Dropping tip into A1 of Opentrons Fixed Trash on 12
Picking up tip from A10 of Opentrons OT-2 96 Filter Tip Rack 200 µL on 5
Transferring 180.0 from A4 of magnetic plate on Magnetic Module GEN2 on 1 to A11 of reagent reservoir on 7
	Aspirating 180.0 uL from A4 of magnetic plate on Magnetic Module GEN2 on 1 at 100.0 uL/sec
	Dispensing 180.0 uL into A11 of reagent reservoir on 7 at 200.0 uL/sec
Blowing out at A11 of reagent reservoir on 7
Moving to A8 of reagent reservoir on 7
Dropping tip into A1 of Opentrons Fixed Trash on 12
Picking up tip from A11 of Opentrons OT-2 96 Filter Tip Rack 200 µL on 5
Transferring 180.0 from A5 of magnetic plate on Magnetic Module GEN2 on 1 to A11 of reagent reservoir on 7
	Aspirating 180.0 uL from A5 of magnetic plate on Magnetic Module GEN2 on 1 at 100.0 uL/sec
	Dispensing 180.0 uL into A11 of reagent reservoir on 7 at 200.0 uL/sec
Blowing out at A11 of reagent reservoir on 7
Moving to A8 of reagent reservoir on 7
Dropping tip into A1 of Opentrons Fixed Trash on 12
Picking up tip from A12 of Opentrons OT-2 96 Filter Tip Rack 200 µL on 5
Transferring 180.0 from A6 of magnetic plate on Magnetic Module GEN2 on 1 to A11 of reagent reservoir on 7
	Aspirating 180.0 uL from A6 of magnetic plate on Magnetic Module GEN2 on 1 at 100.0 uL/sec
	Dispensing 180.0 uL into A11 of reagent reservoir on 7 at 200.0 uL/sec
Blowing out at A11 of reagent reservoir on 7
Moving to A8 of reagent reservoir on 7
Dropping tip into A1 of Opentrons Fixed Trash on 12
Picking up tip from A1 of Opentrons OT-2 96 Filter Tip Rack 200 µL on 6
Transferring 180.0 from A2 of reagent reservoir on 7 to A1 of magnetic plate on Magnetic Module GEN2 on 1
	Aspirating 180.0 uL from A2 of reagent reservoir on 7 at 100.0 uL/sec
	Air gap
		Aspirating 20.0 uL from A2 of reagent reservoir on 7 at 100.0 uL/sec
	Dispensing 200.0 uL into A1 of magnetic plate on Magnetic Module GEN2 on 1 at 200.0 uL/sec
Blowing out at A1 of magnetic plate on Magnetic Module GEN2 on 1
Moving to A8 of reagent reservoir on 7
Dropping tip into A1 of Opentrons Fixed Trash on 12
Picking up tip from A2 of Opentrons OT-2 96 Filter Tip Rack 200 µL on 6
Transferring 180.0 from A2 of reagent reservoir on 7 to A2 of magnetic plate on Magnetic Module GEN2 on 1
	Aspirating 180.0 uL from A2 of reagent reservoir on 7 at 100.0 uL/sec
	Air gap
		Aspirating 20.0 uL from A2 of reagent reservoir on 7 at 100.0 uL/sec
	Dispensing 200.0 uL into A2 of magnetic plate on Magnetic Module GEN2 on 1 at 200.0 uL/sec
Blowing out at A2 of magnetic plate on Magnetic Module GEN2 on 1
Moving to A8 of reagent reservoir on 7
Dropping tip into A1 of Opentrons Fixed Trash on 12
Picking up tip from A3 of Opentrons OT-2 96 Filter Tip Rack 200 µL on 6
Transferring 180.0 from A2 of reagent reservoir on 7 to A3 of magnetic plate on Magnetic Module GEN2 on 1
	Aspirating 180.0 uL from A2 of reagent reservoir on 7 at 100.0 uL/sec
	Air gap
		Aspirating 20.0 uL from A2 of reagent reservoir on 7 at 100.0 uL/sec
	Dispensing 200.0 uL into A3 of magnetic plate on Magnetic Module GEN2 on 1 at 200.0 uL/sec
Blowing out at A3 of magnetic plate on Magnetic Module GEN2 on 1
Moving to A8 of reagent reservoir on 7
Dropping tip into A1 of Opentrons Fixed Trash on 12
Picking up tip from A4 of Opentrons OT-2 96 Filter Tip Rack 200 µL on 6
Transferring 180.0 from A2 of reagent reservoir on 7 to A4 of magnetic plate on Magnetic Module GEN2 on 1
	Aspirating 180.0 uL from A2 of reagent reservoir on 7 at 100.0 uL/sec
	Air gap
		Aspirating 20.0 uL from A2 of reagent reservoir on 7 at 100.0 uL/sec
	Dispensing 200.0 uL into A4 of magnetic plate on Magnetic Module GEN2 on 1 at 200.0 uL/sec
Blowing out at A4 of magnetic plate on Magnetic Module GEN2 on 1
Moving to A8 of reagent reservoir on 7
Dropping tip into A1 of Opentrons Fixed Trash on 12
Picking up tip from A5 of Opentrons OT-2 96 Filter Tip Rack 200 µL on 6
Transferring 180.0 from A2 of reagent reservoir on 7 to A5 of magnetic plate on Magnetic Module GEN2 on 1
	Aspirating 180.0 uL from A2 of reagent reservoir on 7 at 100.0 uL/sec
	Air gap
		Aspirating 20.0 uL from A2 of reagent reservoir on 7 at 100.0 uL/sec
	Dispensing 200.0 uL into A5 of magnetic plate on Magnetic Module GEN2 on 1 at 200.0 uL/sec
Blowing out at A5 of magnetic plate on Magnetic Module GEN2 on 1
Moving to A8 of reagent reservoir on 7
Dropping tip into A1 of Opentrons Fixed Trash on 12
Picking up tip from A6 of Opentrons OT-2 96 Filter Tip Rack 200 µL on 6
Transferring 180.0 from A2 of reagent reservoir on 7 to A6 of magnetic plate on Magnetic Module GEN2 on 1
	Aspirating 180.0 uL from A2 of reagent reservoir on 7 at 100.0 uL/sec
	Air gap
		Aspirating 20.0 uL from A2 of reagent reservoir on 7 at 100.0 uL/sec
	Dispensing 200.0 uL into A6 of magnetic plate on Magnetic Module GEN2 on 1 at 200.0 uL/sec
Blowing out at A6 of magnetic plate on Magnetic Module GEN2 on 1
Moving to A8 of reagent reservoir on 7
Dropping tip into A1 of Opentrons Fixed Trash on 12
Delaying for 1 minutes and 0.0 seconds. Incubating for 1 minute.
Picking up tip from A7 of Opentrons OT-2 96 Filter Tip Rack 200 µL on 6
Transferring 180.0 from A1 of magnetic plate on Magnetic Module GEN2 on 1 to A11 of reagent reservoir on 7
	Aspirating 180.0 uL from A1 of magnetic plate on Magnetic Module GEN2 on 1 at 100.0 uL/sec
	Dispensing 180.0 uL into A11 of reagent reservoir on 7 at 200.0 uL/sec
Blowing out at A11 of reagent reservoir on 7
Moving to A8 of reagent reservoir on 7
Dropping tip into A1 of Opentrons Fixed Trash on 12
Picking up tip from A8 of Opentrons OT-2 96 Filter Tip Rack 200 µL on 6
Transferring 180.0 from A2 of magnetic plate on Magnetic Module GEN2 on 1 to A11 of reagent reservoir on 7
	Aspirating 180.0 uL from A2 of magnetic plate on Magnetic Module GEN2 on 1 at 100.0 uL/sec
	Dispensing 180.0 uL into A11 of reagent reservoir on 7 at 200.0 uL/sec
Blowing out at A11 of reagent reservoir on 7
Moving to A8 of reagent reservoir on 7
Dropping tip into A1 of Opentrons Fixed Trash on 12
Picking up tip from A9 of Opentrons OT-2 96 Filter Tip Rack 200 µL on 6
Transferring 180.0 from A3 of magnetic plate on Magnetic Module GEN2 on 1 to A11 of reagent reservoir on 7
	Aspirating 180.0 uL from A3 of magnetic plate on Magnetic Module GEN2 on 1 at 100.0 uL/sec
	Dispensing 180.0 uL into A11 of reagent reservoir on 7 at 200.0 uL/sec
Blowing out at A11 of reagent reservoir on 7
Moving to A8 of reagent reservoir on 7
Dropping tip into A1 of Opentrons Fixed Trash on 12
Picking up tip from A10 of Opentrons OT-2 96 Filter Tip Rack 200 µL on 6
Transferring 180.0 from A4 of magnetic plate on Magnetic Module GEN2 on 1 to A11 of reagent reservoir on 7
	Aspirating 180.0 uL from A4 of magnetic plate on Magnetic Module GEN2 on 1 at 100.0 uL/sec
	Dispensing 180.0 uL into A11 of reagent reservoir on 7 at 200.0 uL/sec
Blowing out at A11 of reagent reservoir on 7
Moving to A8 of reagent reservoir on 7
Dropping tip into A1 of Opentrons Fixed Trash on 12
Picking up tip from A11 of Opentrons OT-2 96 Filter Tip Rack 200 µL on 6
Transferring 180.0 from A5 of magnetic plate on Magnetic Module GEN2 on 1 to A11 of reagent reservoir on 7
	Aspirating 180.0 uL from A5 of magnetic plate on Magnetic Module GEN2 on 1 at 100.0 uL/sec
	Dispensing 180.0 uL into A11 of reagent reservoir on 7 at 200.0 uL/sec
Blowing out at A11 of reagent reservoir on 7
Moving to A8 of reagent reservoir on 7
Dropping tip into A1 of Opentrons Fixed Trash on 12
Picking up tip from A12 of Opentrons OT-2 96 Filter Tip Rack 200 µL on 6
Transferring 180.0 from A6 of magnetic plate on Magnetic Module GEN2 on 1 to A11 of reagent reservoir on 7
	Aspirating 180.0 uL from A6 of magnetic plate on Magnetic Module GEN2 on 1 at 100.0 uL/sec
	Dispensing 180.0 uL into A11 of reagent reservoir on 7 at 200.0 uL/sec
Blowing out at A11 of reagent reservoir on 7
Moving to A8 of reagent reservoir on 7
Dropping tip into A1 of Opentrons Fixed Trash on 12
Picking up tip from A1 of Opentrons OT-2 96 Filter Tip Rack 20 µL on 3
Transferring 10.0 from A1 of magnetic plate on Magnetic Module GEN2 on 1 to A12 of reagent reservoir on 7
	Aspirating 10.0 uL from A1 of magnetic plate on Magnetic Module GEN2 on 1 at 3.0 uL/sec
	Dispensing 10.0 uL into A12 of reagent reservoir on 7 at 6.0 uL/sec
Blowing out at A12 of reagent reservoir on 7
Moving to A8 of reagent reservoir on 7
Dropping tip into A1 of Opentrons Fixed Trash on 12
Picking up tip from A2 of Opentrons OT-2 96 Filter Tip Rack 20 µL on 3
Transferring 10.0 from A2 of magnetic plate on Magnetic Module GEN2 on 1 to A12 of reagent reservoir on 7
	Aspirating 10.0 uL from A2 of magnetic plate on Magnetic Module GEN2 on 1 at 3.0 uL/sec
	Dispensing 10.0 uL into A12 of reagent reservoir on 7 at 6.0 uL/sec
Blowing out at A12 of reagent reservoir on 7
Moving to A8 of reagent reservoir on 7
Dropping tip into A1 of Opentrons Fixed Trash on 12
Picking up tip from A3 of Opentrons OT-2 96 Filter Tip Rack 20 µL on 3
Transferring 10.0 from A3 of magnetic plate on Magnetic Module GEN2 on 1 to A12 of reagent reservoir on 7
	Aspirating 10.0 uL from A3 of magnetic plate on Magnetic Module GEN2 on 1 at 3.0 uL/sec
	Dispensing 10.0 uL into A12 of reagent reservoir on 7 at 6.0 uL/sec
Blowing out at A12 of reagent reservoir on 7
Moving to A8 of reagent reservoir on 7
Dropping tip into A1 of Opentrons Fixed Trash on 12
Picking up tip from A4 of Opentrons OT-2 96 Filter Tip Rack 20 µL on 3
Transferring 10.0 from A4 of magnetic plate on Magnetic Module GEN2 on 1 to A12 of reagent reservoir on 7
	Aspirating 10.0 uL from A4 of magnetic plate on Magnetic Module GEN2 on 1 at 3.0 uL/sec
	Dispensing 10.0 uL into A12 of reagent reservoir on 7 at 6.0 uL/sec
Blowing out at A12 of reagent reservoir on 7
Moving to A8 of reagent reservoir on 7
Dropping tip into A1 of Opentrons Fixed Trash on 12
Picking up tip from A5 of Opentrons OT-2 96 Filter Tip Rack 20 µL on 3
Transferring 10.0 from A5 of magnetic plate on Magnetic Module GEN2 on 1 to A12 of reagent reservoir on 7
	Aspirating 10.0 uL from A5 of magnetic plate on Magnetic Module GEN2 on 1 at 3.0 uL/sec
	Dispensing 10.0 uL into A12 of reagent reservoir on 7 at 6.0 uL/sec
Blowing out at A12 of reagent reservoir on 7
Moving to A8 of reagent reservoir on 7
Dropping tip into A1 of Opentrons Fixed Trash on 12
Picking up tip from A6 of Opentrons OT-2 96 Filter Tip Rack 20 µL on 3
Transferring 10.0 from A6 of magnetic plate on Magnetic Module GEN2 on 1 to A12 of reagent reservoir on 7
	Aspirating 10.0 uL from A6 of magnetic plate on Magnetic Module GEN2 on 1 at 3.0 uL/sec
	Dispensing 10.0 uL into A12 of reagent reservoir on 7 at 6.0 uL/sec
Blowing out at A12 of reagent reservoir on 7
Moving to A8 of reagent reservoir on 7
Dropping tip into A1 of Opentrons Fixed Trash on 12
Delaying for 5 minutes and 0.0 seconds. Drying for 5 minutes.
Disengaging Magnetic Module
Picking up tip from A1 of Opentrons OT-2 96 Filter Tip Rack 200 µL on 8
Aspirating 30.0 uL from A3 of reagent reservoir on 7 at 100.0 uL/sec
Aspirating 37.5 uL from A3 of reagent reservoir on 7 at 100.0 uL/sec
Dispensing 67.5 uL into A1 of magnetic plate on Magnetic Module GEN2 on 1 at 200.0 uL/sec
Blowing out at A1 of magnetic plate on Magnetic Module GEN2 on 1
Moving to A8 of reagent reservoir on 7
Dropping tip into A1 of Opentrons Fixed Trash on 12
Picking up tip from A2 of Opentrons OT-2 96 Filter Tip Rack 200 µL on 8
Aspirating 30.0 uL from A3 of reagent reservoir on 7 at 100.0 uL/sec
Aspirating 37.5 uL from A3 of reagent reservoir on 7 at 100.0 uL/sec
Dispensing 67.5 uL into A2 of magnetic plate on Magnetic Module GEN2 on 1 at 200.0 uL/sec
Blowing out at A2 of magnetic plate on Magnetic Module GEN2 on 1
Moving to A8 of reagent reservoir on 7
Dropping tip into A1 of Opentrons Fixed Trash on 12
Picking up tip from A3 of Opentrons OT-2 96 Filter Tip Rack 200 µL on 8
Aspirating 30.0 uL from A3 of reagent reservoir on 7 at 100.0 uL/sec
Aspirating 37.5 uL from A3 of reagent reservoir on 7 at 100.0 uL/sec
Dispensing 67.5 uL into A3 of magnetic plate on Magnetic Module GEN2 on 1 at 200.0 uL/sec
Blowing out at A3 of magnetic plate on Magnetic Module GEN2 on 1
Moving to A8 of reagent reservoir on 7
Dropping tip into A1 of Opentrons Fixed Trash on 12
Picking up tip from A4 of Opentrons OT-2 96 Filter Tip Rack 200 µL on 8
Aspirating 30.0 uL from A3 of reagent reservoir on 7 at 100.0 uL/sec
Aspirating 37.5 uL from A3 of reagent reservoir on 7 at 100.0 uL/sec
Dispensing 67.5 uL into A4 of magnetic plate on Magnetic Module GEN2 on 1 at 200.0 uL/sec
Blowing out at A4 of magnetic plate on Magnetic Module GEN2 on 1
Moving to A8 of reagent reservoir on 7
Dropping tip into A1 of Opentrons Fixed Trash on 12
Picking up tip from A5 of Opentrons OT-2 96 Filter Tip Rack 200 µL on 8
Aspirating 30.0 uL from A3 of reagent reservoir on 7 at 100.0 uL/sec
Aspirating 37.5 uL from A3 of reagent reservoir on 7 at 100.0 uL/sec
Dispensing 67.5 uL into A5 of magnetic plate on Magnetic Module GEN2 on 1 at 200.0 uL/sec
Blowing out at A5 of magnetic plate on Magnetic Module GEN2 on 1
Moving to A8 of reagent reservoir on 7
Dropping tip into A1 of Opentrons Fixed Trash on 12
Picking up tip from A6 of Opentrons OT-2 96 Filter Tip Rack 200 µL on 8
Aspirating 30.0 uL from A3 of reagent reservoir on 7 at 100.0 uL/sec
Aspirating 37.5 uL from A3 of reagent reservoir on 7 at 100.0 uL/sec
Dispensing 67.5 uL into A6 of magnetic plate on Magnetic Module GEN2 on 1 at 200.0 uL/sec
Blowing out at A6 of magnetic plate on Magnetic Module GEN2 on 1
Moving to A8 of reagent reservoir on 7
Dropping tip into A1 of Opentrons Fixed Trash on 12
Pausing robot operation: Remove PCR plate, seal and shake at 1800 RPM for 2 minutes. Return PCR plate to magnetic module and incubate for 3 minutes before resuming.
Engaging Magnetic Module
Delaying for 3 minutes and 0.0 seconds. Incubating on magnet for 3 minutes.
Picking up tip from A7 of Opentrons OT-2 96 Filter Tip Rack 200 µL on 8
Aspirating 30.0 uL from A1 of magnetic plate on Magnetic Module GEN2 on 1 at 100.0 uL/sec
Aspirating 35.0 uL from A1 of magnetic plate on Magnetic Module GEN2 on 1 at 100.0 uL/sec
Dispensing 35.0 uL into A1 of elution plate on 2 at 200.0 uL/sec
Dispensing 30.0 uL into A1 of elution plate on 2 at 200.0 uL/sec
Blowing out at A1 of elution plate on 2
Moving to A8 of reagent reservoir on 7
Dropping tip into A1 of Opentrons Fixed Trash on 12
Picking up tip from A8 of Opentrons OT-2 96 Filter Tip Rack 200 µL on 8
Aspirating 30.0 uL from A2 of magnetic plate on Magnetic Module GEN2 on 1 at 100.0 uL/sec
Aspirating 35.0 uL from A2 of magnetic plate on Magnetic Module GEN2 on 1 at 100.0 uL/sec
Dispensing 35.0 uL into A2 of elution plate on 2 at 200.0 uL/sec
Dispensing 30.0 uL into A2 of elution plate on 2 at 200.0 uL/sec
Blowing out at A2 of elution plate on 2
Moving to A8 of reagent reservoir on 7
Dropping tip into A1 of Opentrons Fixed Trash on 12
Picking up tip from A9 of Opentrons OT-2 96 Filter Tip Rack 200 µL on 8
Aspirating 30.0 uL from A3 of magnetic plate on Magnetic Module GEN2 on 1 at 100.0 uL/sec
Aspirating 35.0 uL from A3 of magnetic plate on Magnetic Module GEN2 on 1 at 100.0 uL/sec
Dispensing 35.0 uL into A3 of elution plate on 2 at 200.0 uL/sec
Dispensing 30.0 uL into A3 of elution plate on 2 at 200.0 uL/sec
Blowing out at A3 of elution plate on 2
Moving to A8 of reagent reservoir on 7
Dropping tip into A1 of Opentrons Fixed Trash on 12
Picking up tip from A10 of Opentrons OT-2 96 Filter Tip Rack 200 µL on 8
Aspirating 30.0 uL from A4 of magnetic plate on Magnetic Module GEN2 on 1 at 100.0 uL/sec
Aspirating 35.0 uL from A4 of magnetic plate on Magnetic Module GEN2 on 1 at 100.0 uL/sec
Dispensing 35.0 uL into A4 of elution plate on 2 at 200.0 uL/sec
Dispensing 30.0 uL into A4 of elution plate on 2 at 200.0 uL/sec
Blowing out at A4 of elution plate on 2
Moving to A8 of reagent reservoir on 7
Dropping tip into A1 of Opentrons Fixed Trash on 12
Picking up tip from A11 of Opentrons OT-2 96 Filter Tip Rack 200 µL on 8
Aspirating 30.0 uL from A5 of magnetic plate on Magnetic Module GEN2 on 1 at 100.0 uL/sec
Aspirating 35.0 uL from A5 of magnetic plate on Magnetic Module GEN2 on 1 at 100.0 uL/sec
Dispensing 35.0 uL into A5 of elution plate on 2 at 200.0 uL/sec
Dispensing 30.0 uL into A5 of elution plate on 2 at 200.0 uL/sec
Blowing out at A5 of elution plate on 2
Moving to A8 of reagent reservoir on 7
Dropping tip into A1 of Opentrons Fixed Trash on 12
Picking up tip from A12 of Opentrons OT-2 96 Filter Tip Rack 200 µL on 8
Aspirating 30.0 uL from A6 of magnetic plate on Magnetic Module GEN2 on 1 at 100.0 uL/sec
Aspirating 35.0 uL from A6 of magnetic plate on Magnetic Module GEN2 on 1 at 100.0 uL/sec
Dispensing 35.0 uL into A6 of elution plate on 2 at 200.0 uL/sec
Dispensing 30.0 uL into A6 of elution plate on 2 at 200.0 uL/sec
Blowing out at A6 of elution plate on 2
Moving to A8 of reagent reservoir on 7
Dropping tip into A1 of Opentrons Fixed Trash on 12
Disengaging Magnetic Module
Caught exception: {'message': 'Task was destroyed but it is pending!', 'task': <Task pending name='Task-4' coro=<Poller._poll_forever() running at /Users/dp/Desktop/project/github/opentrons/venv/lib/python3.10/site-packages/opentrons/hardware_control/poller.py:80> wait_for=<Future pending cb=[Task.task_wakeup()]>>}
Caught exception: {'message': 'Task was destroyed but it is pending!', 'task': <Task pending name='Task-3' coro=<Poller._poll_forever() running at /Users/dp/Desktop/project/github/opentrons/venv/lib/python3.10/site-packages/opentrons/hardware_control/poller.py:80> wait_for=<Future pending cb=[Task.task_wakeup()]>>}
Caught exception: {'message': 'Task was destroyed but it is pending!', 'task': <Task pending name='Task-2' coro=<Poller._poll_forever() running at /Users/dp/Desktop/project/github/opentrons/venv/lib/python3.10/site-packages/opentrons/hardware_control/poller.py:80> wait_for=<Future pending cb=[Task.task_wakeup()]>>}
