/Users/dp/Desktop/project/github/opentrons/venv/lib/python3.10/site-packages/opentrons/hardware_control/simulator_setup.py:205: UserWarning: Simulator configuration does not name a machine, defaulting to OT-2 Standard
  warn(
/Users/dp/.opentrons/robot_settings.json not found. Loading defaults
Deck calibration not found.
/Users/dp/.opentrons/deck_calibration.json not found. Loading defaults
Setting Temperature Module temperature to 4.0 °C (rounded off to nearest integer)

~~~~ADDING DILUENT~~~~


Picking up tip from A1 of GEB 96 Tip Rack 1000 µL on 6
Aspirating 1000.0 uL from A1 of Opentrons 6 Tube Rack with Falcon 50 mL Conical on 4 at 274.7 uL/sec
Dispensing 1000.0 uL into A1 of Thermofisher 40 Tube Rack with Thermofisher  2 mL on Temperature Module GEN1 on 1 at 274.7 uL/sec
Delaying for 0 minutes and 2.0 seconds
Blowing out at A1 of Thermofisher 40 Tube Rack with Thermofisher  2 mL on Temperature Module GEN1 on 1
Air gap
	Aspirating 100.0 uL from A1 of Thermofisher 40 Tube Rack with Thermofisher  2 mL on Temperature Module GEN1 on 1 at 274.7 uL/sec
Dropping tip into A1 of Opentrons Fixed Trash on 12



~~~~ADDING SAMPLE~~~~


Picking up tip from A1 of Opentrons OT-2 96 Tip Rack 20 µL on 5
Transferring 20.0 from A1 of NEST 96 Well Plate 200 µL Flat on 2 to A1 of Thermofisher 40 Tube Rack with Thermofisher  2 mL on Temperature Module GEN1 on 1
	Aspirating 20.0 uL from A1 of NEST 96 Well Plate 200 µL Flat on 2 at 7.56 uL/sec
	Dispensing 20.0 uL into A1 of Thermofisher 40 Tube Rack with Thermofisher  2 mL on Temperature Module GEN1 on 1 at 7.56 uL/sec
Mixing 2 times with a volume of 20.0 ul
	Aspirating 20.0 uL from A1 of Thermofisher 40 Tube Rack with Thermofisher  2 mL on Temperature Module GEN1 on 1 at 15.12 uL/sec
	Dispensing 20.0 uL into A1 of Thermofisher 40 Tube Rack with Thermofisher  2 mL on Temperature Module GEN1 on 1 at 15.12 uL/sec
	Aspirating 20.0 uL from A1 of Thermofisher 40 Tube Rack with Thermofisher  2 mL on Temperature Module GEN1 on 1 at 15.12 uL/sec
	Dispensing 20.0 uL into A1 of Thermofisher 40 Tube Rack with Thermofisher  2 mL on Temperature Module GEN1 on 1 at 15.12 uL/sec
Blowing out at A1 of Thermofisher 40 Tube Rack with Thermofisher  2 mL on Temperature Module GEN1 on 1
Dropping tip into A1 of Opentrons Fixed Trash on 12


Caught exception: {'message': 'Task was destroyed but it is pending!', 'task': <Task pending name='Task-4' coro=<Poller._poll_forever() running at /Users/dp/Desktop/project/github/opentrons/venv/lib/python3.10/site-packages/opentrons/hardware_control/poller.py:80> wait_for=<Future pending cb=[Task.task_wakeup()]>>}
Caught exception: {'message': 'Task was destroyed but it is pending!', 'task': <Task pending name='Task-3' coro=<Poller._poll_forever() running at /Users/dp/Desktop/project/github/opentrons/venv/lib/python3.10/site-packages/opentrons/hardware_control/poller.py:80> wait_for=<Future pending cb=[Task.task_wakeup()]>>}
Caught exception: {'message': 'Task was destroyed but it is pending!', 'task': <Task pending name='Task-2' coro=<Poller._poll_forever() running at /Users/dp/Desktop/project/github/opentrons/venv/lib/python3.10/site-packages/opentrons/hardware_control/poller.py:80> wait_for=<Future pending cb=[Task.task_wakeup()]>>}
