/Users/dp/Desktop/project/github/opentrons/venv/lib/python3.10/site-packages/opentrons/hardware_control/simulator_setup.py:205: UserWarning: Simulator configuration does not name a machine, defaulting to OT-2 Standard
  warn(
/Users/dp/.opentrons/robot_settings.json not found. Loading defaults
Deck calibration not found.
/Users/dp/.opentrons/deck_calibration.json not found. Loading defaults
Picking up tip from A1 of Opentrons OT-2 96 Filter Tip Rack 200 µL on 10
Aspirating 20.0 uL from A12 of Dest Plate on 4 at 94.0 uL/sec
Aspirating 20.0 uL from A11 of Dest Plate on 4 at 94.0 uL/sec
Aspirating 20.0 uL from A10 of Dest Plate on 4 at 94.0 uL/sec
Aspirating 20.0 uL from A9 of Dest Plate on 4 at 94.0 uL/sec
Aspirating 20.0 uL from A8 of Dest Plate on 4 at 94.0 uL/sec
Aspirating 20.0 uL from A7 of Dest Plate on 4 at 94.0 uL/sec
Dispensing 120.0 uL into A1 of Dest Plate on 4 at 94.0 uL/sec
Blowing out at A1 of Dest Plate on 4
Aspirating 20.0 uL from A6 of Dest Plate on 4 at 94.0 uL/sec
Aspirating 20.0 uL from A5 of Dest Plate on 4 at 94.0 uL/sec
Aspirating 20.0 uL from A4 of Dest Plate on 4 at 94.0 uL/sec
Aspirating 20.0 uL from A3 of Dest Plate on 4 at 94.0 uL/sec
Aspirating 20.0 uL from A2 of Dest Plate on 4 at 94.0 uL/sec
Dispensing 100.0 uL into A1 of Dest Plate on 4 at 94.0 uL/sec
Blowing out at A1 of Dest Plate on 4
Dropping tip into A1 of Opentrons Fixed Trash on 12
Picking up tip from A2 of Opentrons OT-2 96 Filter Tip Rack 200 µL on 10
Aspirating 20.0 uL from A12 of Dest Plate on 5 at 94.0 uL/sec
Aspirating 20.0 uL from A11 of Dest Plate on 5 at 94.0 uL/sec
Aspirating 20.0 uL from A10 of Dest Plate on 5 at 94.0 uL/sec
Aspirating 20.0 uL from A9 of Dest Plate on 5 at 94.0 uL/sec
Aspirating 20.0 uL from A8 of Dest Plate on 5 at 94.0 uL/sec
Aspirating 20.0 uL from A7 of Dest Plate on 5 at 94.0 uL/sec
Dispensing 120.0 uL into A1 of Dest Plate on 5 at 94.0 uL/sec
Blowing out at A1 of Dest Plate on 5
Aspirating 20.0 uL from A6 of Dest Plate on 5 at 94.0 uL/sec
Aspirating 20.0 uL from A5 of Dest Plate on 5 at 94.0 uL/sec
Aspirating 20.0 uL from A4 of Dest Plate on 5 at 94.0 uL/sec
Aspirating 20.0 uL from A3 of Dest Plate on 5 at 94.0 uL/sec
Aspirating 20.0 uL from A2 of Dest Plate on 5 at 94.0 uL/sec
Dispensing 100.0 uL into A1 of Dest Plate on 5 at 94.0 uL/sec
Blowing out at A1 of Dest Plate on 5
Dropping tip into A1 of Opentrons Fixed Trash on 12
Picking up tip from A3 of Opentrons OT-2 96 Filter Tip Rack 200 µL on 10
Aspirating 20.0 uL from A12 of Dest Plate on 6 at 94.0 uL/sec
Aspirating 20.0 uL from A11 of Dest Plate on 6 at 94.0 uL/sec
Aspirating 20.0 uL from A10 of Dest Plate on 6 at 94.0 uL/sec
Aspirating 20.0 uL from A9 of Dest Plate on 6 at 94.0 uL/sec
Aspirating 20.0 uL from A8 of Dest Plate on 6 at 94.0 uL/sec
Aspirating 20.0 uL from A7 of Dest Plate on 6 at 94.0 uL/sec
Dispensing 120.0 uL into A1 of Dest Plate on 6 at 94.0 uL/sec
Blowing out at A1 of Dest Plate on 6
Aspirating 20.0 uL from A6 of Dest Plate on 6 at 94.0 uL/sec
Aspirating 20.0 uL from A5 of Dest Plate on 6 at 94.0 uL/sec
Aspirating 20.0 uL from A4 of Dest Plate on 6 at 94.0 uL/sec
Aspirating 20.0 uL from A3 of Dest Plate on 6 at 94.0 uL/sec
Aspirating 20.0 uL from A2 of Dest Plate on 6 at 94.0 uL/sec
Dispensing 100.0 uL into A1 of Dest Plate on 6 at 94.0 uL/sec
Blowing out at A1 of Dest Plate on 6
Dropping tip into A1 of Opentrons Fixed Trash on 12
Picking up tip from A4 of Opentrons OT-2 96 Filter Tip Rack 200 µL on 10
Aspirating 20.0 uL from A12 of Dest Plate on 7 at 94.0 uL/sec
Aspirating 20.0 uL from A11 of Dest Plate on 7 at 94.0 uL/sec
Aspirating 20.0 uL from A10 of Dest Plate on 7 at 94.0 uL/sec
Aspirating 20.0 uL from A9 of Dest Plate on 7 at 94.0 uL/sec
Aspirating 20.0 uL from A8 of Dest Plate on 7 at 94.0 uL/sec
Aspirating 20.0 uL from A7 of Dest Plate on 7 at 94.0 uL/sec
Dispensing 120.0 uL into A1 of Dest Plate on 7 at 94.0 uL/sec
Blowing out at A1 of Dest Plate on 7
Aspirating 20.0 uL from A6 of Dest Plate on 7 at 94.0 uL/sec
Aspirating 20.0 uL from A5 of Dest Plate on 7 at 94.0 uL/sec
Aspirating 20.0 uL from A4 of Dest Plate on 7 at 94.0 uL/sec
Aspirating 20.0 uL from A3 of Dest Plate on 7 at 94.0 uL/sec
Aspirating 20.0 uL from A2 of Dest Plate on 7 at 94.0 uL/sec
Dispensing 100.0 uL into A1 of Dest Plate on 7 at 94.0 uL/sec
Blowing out at A1 of Dest Plate on 7
Dropping tip into A1 of Opentrons Fixed Trash on 12
Picking up tip from A5 of Opentrons OT-2 96 Filter Tip Rack 200 µL on 10
Aspirating 20.0 uL from A12 of Dest Plate on 8 at 94.0 uL/sec
Aspirating 20.0 uL from A11 of Dest Plate on 8 at 94.0 uL/sec
Aspirating 20.0 uL from A10 of Dest Plate on 8 at 94.0 uL/sec
Aspirating 20.0 uL from A9 of Dest Plate on 8 at 94.0 uL/sec
Aspirating 20.0 uL from A8 of Dest Plate on 8 at 94.0 uL/sec
Aspirating 20.0 uL from A7 of Dest Plate on 8 at 94.0 uL/sec
Dispensing 120.0 uL into A1 of Dest Plate on 8 at 94.0 uL/sec
Blowing out at A1 of Dest Plate on 8
Aspirating 20.0 uL from A6 of Dest Plate on 8 at 94.0 uL/sec
Aspirating 20.0 uL from A5 of Dest Plate on 8 at 94.0 uL/sec
Aspirating 20.0 uL from A4 of Dest Plate on 8 at 94.0 uL/sec
Aspirating 20.0 uL from A3 of Dest Plate on 8 at 94.0 uL/sec
Aspirating 20.0 uL from A2 of Dest Plate on 8 at 94.0 uL/sec
Dispensing 100.0 uL into A1 of Dest Plate on 8 at 94.0 uL/sec
Blowing out at A1 of Dest Plate on 8
Dropping tip into A1 of Opentrons Fixed Trash on 12
Picking up tip from A6 of Opentrons OT-2 96 Filter Tip Rack 200 µL on 10
Aspirating 20.0 uL from A12 of Dest Plate on 9 at 94.0 uL/sec
Aspirating 20.0 uL from A11 of Dest Plate on 9 at 94.0 uL/sec
Aspirating 20.0 uL from A10 of Dest Plate on 9 at 94.0 uL/sec
Aspirating 20.0 uL from A9 of Dest Plate on 9 at 94.0 uL/sec
Aspirating 20.0 uL from A8 of Dest Plate on 9 at 94.0 uL/sec
Aspirating 20.0 uL from A7 of Dest Plate on 9 at 94.0 uL/sec
Dispensing 120.0 uL into A1 of Dest Plate on 9 at 94.0 uL/sec
Blowing out at A1 of Dest Plate on 9
Aspirating 20.0 uL from A6 of Dest Plate on 9 at 94.0 uL/sec
Aspirating 20.0 uL from A5 of Dest Plate on 9 at 94.0 uL/sec
Aspirating 20.0 uL from A4 of Dest Plate on 9 at 94.0 uL/sec
Aspirating 20.0 uL from A3 of Dest Plate on 9 at 94.0 uL/sec
Aspirating 20.0 uL from A2 of Dest Plate on 9 at 94.0 uL/sec
Dispensing 100.0 uL into A1 of Dest Plate on 9 at 94.0 uL/sec
Blowing out at A1 of Dest Plate on 9
Dropping tip into A1 of Opentrons Fixed Trash on 12



Picking up tip from E1 of Opentrons OT-2 96 Filter Tip Rack 200 µL on 11
Aspirating 130.0 uL from E1 of Dest Plate on 4 at 94.0 uL/sec
Dispensing 130.0 uL into A1 of Dest Plate on 4 at 94.0 uL/sec
Dropping tip into A1 of Opentrons Fixed Trash on 12
Picking up tip from E2 of Opentrons OT-2 96 Filter Tip Rack 200 µL on 11
Aspirating 130.0 uL from E1 of Dest Plate on 5 at 94.0 uL/sec
Dispensing 130.0 uL into A1 of Dest Plate on 5 at 94.0 uL/sec
Dropping tip into A1 of Opentrons Fixed Trash on 12
Picking up tip from E3 of Opentrons OT-2 96 Filter Tip Rack 200 µL on 11
Aspirating 130.0 uL from E1 of Dest Plate on 6 at 94.0 uL/sec
Dispensing 130.0 uL into A1 of Dest Plate on 6 at 94.0 uL/sec
Dropping tip into A1 of Opentrons Fixed Trash on 12
Picking up tip from E4 of Opentrons OT-2 96 Filter Tip Rack 200 µL on 11
Aspirating 130.0 uL from E1 of Dest Plate on 7 at 94.0 uL/sec
Dispensing 130.0 uL into A1 of Dest Plate on 7 at 94.0 uL/sec
Dropping tip into A1 of Opentrons Fixed Trash on 12
Picking up tip from E5 of Opentrons OT-2 96 Filter Tip Rack 200 µL on 11
Aspirating 130.0 uL from E1 of Dest Plate on 8 at 94.0 uL/sec
Dispensing 130.0 uL into A1 of Dest Plate on 8 at 94.0 uL/sec
Dropping tip into A1 of Opentrons Fixed Trash on 12
Picking up tip from E6 of Opentrons OT-2 96 Filter Tip Rack 200 µL on 11
Aspirating 130.0 uL from E1 of Dest Plate on 9 at 94.0 uL/sec
Dispensing 130.0 uL into A1 of Dest Plate on 9 at 94.0 uL/sec
Dropping tip into A1 of Opentrons Fixed Trash on 12
Caught exception: {'message': 'Task was destroyed but it is pending!', 'task': <Task pending name='Task-4' coro=<Poller._poll_forever() running at /Users/dp/Desktop/project/github/opentrons/venv/lib/python3.10/site-packages/opentrons/hardware_control/poller.py:80> wait_for=<Future pending cb=[Task.task_wakeup()]>>}
Caught exception: {'message': 'Task was destroyed but it is pending!', 'task': <Task pending name='Task-3' coro=<Poller._poll_forever() running at /Users/dp/Desktop/project/github/opentrons/venv/lib/python3.10/site-packages/opentrons/hardware_control/poller.py:80> wait_for=<Future pending cb=[Task.task_wakeup()]>>}
Caught exception: {'message': 'Task was destroyed but it is pending!', 'task': <Task pending name='Task-2' coro=<Poller._poll_forever() running at /Users/dp/Desktop/project/github/opentrons/venv/lib/python3.10/site-packages/opentrons/hardware_control/poller.py:80> wait_for=<Future pending cb=[Task.task_wakeup()]>>}
