/Users/dp/Desktop/project/github/opentrons/venv/lib/python3.10/site-packages/opentrons/hardware_control/simulator_setup.py:205: UserWarning: Simulator configuration does not name a machine, defaulting to OT-2 Standard
  warn(
/Users/dp/.opentrons/robot_settings.json not found. Loading defaults
Deck calibration not found.
/Users/dp/.opentrons/deck_calibration.json not found. Loading defaults
Disengaging Magnetic Module
Deactivating Temperature Module
Engaging Magnetic Module
Delaying for 5 minutes and 0.0 seconds. Incubating on MagDeck for 5 minutes.
Picking up tip from A1 of tiprack for parking on 5
Moving to A1 of deepwell plate on Magnetic Module GEN1 on 3
Transferring 158.5 from A1 of deepwell plate on Magnetic Module GEN1 on 3 to A1 of Liquid Waste on 6
	Aspirating 158.5 uL from A1 of deepwell plate on Magnetic Module GEN1 on 3 at 30.0 uL/sec
	Air gap
		Aspirating 20.0 uL from A1 of deepwell plate on Magnetic Module GEN1 on 3 at 30.0 uL/sec
	Dispensing 178.5 uL into A1 of Liquid Waste on 6 at 150.0 uL/sec
Blowing out at A1 of Liquid Waste on 6
Air gap
	Aspirating 20.0 uL from A1 of Liquid Waste on 6 at 30.0 uL/sec
Dispensing 20.0 uL into A1 of deepwell plate on Magnetic Module GEN1 on 3 at 150.0 uL/sec
Moving to A1 of deepwell plate on Magnetic Module GEN1 on 3
Transferring 158.5 from A1 of deepwell plate on Magnetic Module GEN1 on 3 to A1 of Liquid Waste on 6
	Aspirating 158.5 uL from A1 of deepwell plate on Magnetic Module GEN1 on 3 at 30.0 uL/sec
	Air gap
		Aspirating 20.0 uL from A1 of deepwell plate on Magnetic Module GEN1 on 3 at 30.0 uL/sec
	Dispensing 178.5 uL into A1 of Liquid Waste on 6 at 150.0 uL/sec
Blowing out at A1 of Liquid Waste on 6
Air gap
	Aspirating 20.0 uL from A1 of Liquid Waste on 6 at 30.0 uL/sec
Dropping tip into A1 of Opentrons Fixed Trash on 12
Picking up tip from A2 of tiprack for parking on 5
Moving to A2 of deepwell plate on Magnetic Module GEN1 on 3
Transferring 158.5 from A2 of deepwell plate on Magnetic Module GEN1 on 3 to A1 of Liquid Waste on 6
	Aspirating 158.5 uL from A2 of deepwell plate on Magnetic Module GEN1 on 3 at 30.0 uL/sec
	Air gap
		Aspirating 20.0 uL from A2 of deepwell plate on Magnetic Module GEN1 on 3 at 30.0 uL/sec
	Dispensing 178.5 uL into A1 of Liquid Waste on 6 at 150.0 uL/sec
Blowing out at A1 of Liquid Waste on 6
Air gap
	Aspirating 20.0 uL from A1 of Liquid Waste on 6 at 30.0 uL/sec
Dispensing 20.0 uL into A2 of deepwell plate on Magnetic Module GEN1 on 3 at 150.0 uL/sec
Moving to A2 of deepwell plate on Magnetic Module GEN1 on 3
Transferring 158.5 from A2 of deepwell plate on Magnetic Module GEN1 on 3 to A1 of Liquid Waste on 6
	Aspirating 158.5 uL from A2 of deepwell plate on Magnetic Module GEN1 on 3 at 30.0 uL/sec
	Air gap
		Aspirating 20.0 uL from A2 of deepwell plate on Magnetic Module GEN1 on 3 at 30.0 uL/sec
	Dispensing 178.5 uL into A1 of Liquid Waste on 6 at 150.0 uL/sec
Blowing out at A1 of Liquid Waste on 6
Air gap
	Aspirating 20.0 uL from A1 of Liquid Waste on 6 at 30.0 uL/sec
Dropping tip into A1 of Opentrons Fixed Trash on 12
Disengaging Magnetic Module
Picking up tip from A1 of 200µl filtertiprack on 4
Transferring 200.0 from A3 of reagent reservoir 1 on 2 to A1 of deepwell plate on Magnetic Module GEN1 on 3
	Aspirating 200.0 uL from A3 of reagent reservoir 1 on 2 at 150.0 uL/sec
	Air gap
		Aspirating 20.0 uL from A3 of reagent reservoir 1 on 2 at 150.0 uL/sec
	Dispensing 220.0 uL into A1 of deepwell plate on Magnetic Module GEN1 on 3 at 150.0 uL/sec
Moving to A1 of deepwell plate on Magnetic Module GEN1 on 3
Aspirating 150.0 uL from A1 of deepwell plate on Magnetic Module GEN1 on 3 at 600.0 uL/sec
Dispensing 150.0 uL into A1 of deepwell plate on Magnetic Module GEN1 on 3 at 600.0 uL/sec
Aspirating 150.0 uL from A1 of deepwell plate on Magnetic Module GEN1 on 3 at 600.0 uL/sec
Dispensing 150.0 uL into A1 of deepwell plate on Magnetic Module GEN1 on 3 at 600.0 uL/sec
Aspirating 150.0 uL from A1 of deepwell plate on Magnetic Module GEN1 on 3 at 600.0 uL/sec
Dispensing 150.0 uL into A1 of deepwell plate on Magnetic Module GEN1 on 3 at 600.0 uL/sec
Aspirating 150.0 uL from A1 of deepwell plate on Magnetic Module GEN1 on 3 at 600.0 uL/sec
Dispensing 150.0 uL into A1 of deepwell plate on Magnetic Module GEN1 on 3 at 600.0 uL/sec
Aspirating 150.0 uL from A1 of deepwell plate on Magnetic Module GEN1 on 3 at 600.0 uL/sec
Dispensing 150.0 uL into A1 of deepwell plate on Magnetic Module GEN1 on 3 at 600.0 uL/sec
Aspirating 150.0 uL from A1 of deepwell plate on Magnetic Module GEN1 on 3 at 600.0 uL/sec
Dispensing 150.0 uL into A1 of deepwell plate on Magnetic Module GEN1 on 3 at 600.0 uL/sec
Aspirating 150.0 uL from A1 of deepwell plate on Magnetic Module GEN1 on 3 at 600.0 uL/sec
Dispensing 150.0 uL into A1 of deepwell plate on Magnetic Module GEN1 on 3 at 600.0 uL/sec
Aspirating 150.0 uL from A1 of deepwell plate on Magnetic Module GEN1 on 3 at 600.0 uL/sec
Dispensing 150.0 uL into A1 of deepwell plate on Magnetic Module GEN1 on 3 at 600.0 uL/sec
Aspirating 150.0 uL from A1 of deepwell plate on Magnetic Module GEN1 on 3 at 600.0 uL/sec
Dispensing 150.0 uL into A1 of deepwell plate on Magnetic Module GEN1 on 3 at 600.0 uL/sec
Aspirating 150.0 uL from A1 of deepwell plate on Magnetic Module GEN1 on 3 at 600.0 uL/sec
Dispensing 150.0 uL into A1 of deepwell plate on Magnetic Module GEN1 on 3 at 600.0 uL/sec
Aspirating 150.0 uL from A1 of deepwell plate on Magnetic Module GEN1 on 3 at 600.0 uL/sec
Dispensing 150.0 uL into A1 of deepwell plate on Magnetic Module GEN1 on 3 at 600.0 uL/sec
Aspirating 150.0 uL from A1 of deepwell plate on Magnetic Module GEN1 on 3 at 600.0 uL/sec
Dispensing 150.0 uL into A1 of deepwell plate on Magnetic Module GEN1 on 3 at 600.0 uL/sec
Aspirating 150.0 uL from A1 of deepwell plate on Magnetic Module GEN1 on 3 at 600.0 uL/sec
Dispensing 150.0 uL into A1 of deepwell plate on Magnetic Module GEN1 on 3 at 600.0 uL/sec
Aspirating 150.0 uL from A1 of deepwell plate on Magnetic Module GEN1 on 3 at 600.0 uL/sec
Dispensing 150.0 uL into A1 of deepwell plate on Magnetic Module GEN1 on 3 at 600.0 uL/sec
Aspirating 150.0 uL from A1 of deepwell plate on Magnetic Module GEN1 on 3 at 600.0 uL/sec
Dispensing 150.0 uL into A1 of deepwell plate on Magnetic Module GEN1 on 3 at 600.0 uL/sec
Blowing out at A1 of deepwell plate on Magnetic Module GEN1 on 3
Air gap
	Aspirating 20.0 uL from A1 of deepwell plate on Magnetic Module GEN1 on 3 at 150.0 uL/sec
Dropping tip into A1 of tiprack for parking on 5
Picking up tip from A2 of 200µl filtertiprack on 4
Transferring 200.0 from A3 of reagent reservoir 1 on 2 to A2 of deepwell plate on Magnetic Module GEN1 on 3
	Aspirating 200.0 uL from A3 of reagent reservoir 1 on 2 at 150.0 uL/sec
	Air gap
		Aspirating 20.0 uL from A3 of reagent reservoir 1 on 2 at 150.0 uL/sec
	Dispensing 220.0 uL into A2 of deepwell plate on Magnetic Module GEN1 on 3 at 150.0 uL/sec
Moving to A2 of deepwell plate on Magnetic Module GEN1 on 3
Aspirating 150.0 uL from A2 of deepwell plate on Magnetic Module GEN1 on 3 at 600.0 uL/sec
Dispensing 150.0 uL into A2 of deepwell plate on Magnetic Module GEN1 on 3 at 600.0 uL/sec
Aspirating 150.0 uL from A2 of deepwell plate on Magnetic Module GEN1 on 3 at 600.0 uL/sec
Dispensing 150.0 uL into A2 of deepwell plate on Magnetic Module GEN1 on 3 at 600.0 uL/sec
Aspirating 150.0 uL from A2 of deepwell plate on Magnetic Module GEN1 on 3 at 600.0 uL/sec
Dispensing 150.0 uL into A2 of deepwell plate on Magnetic Module GEN1 on 3 at 600.0 uL/sec
Aspirating 150.0 uL from A2 of deepwell plate on Magnetic Module GEN1 on 3 at 600.0 uL/sec
Dispensing 150.0 uL into A2 of deepwell plate on Magnetic Module GEN1 on 3 at 600.0 uL/sec
Aspirating 150.0 uL from A2 of deepwell plate on Magnetic Module GEN1 on 3 at 600.0 uL/sec
Dispensing 150.0 uL into A2 of deepwell plate on Magnetic Module GEN1 on 3 at 600.0 uL/sec
Aspirating 150.0 uL from A2 of deepwell plate on Magnetic Module GEN1 on 3 at 600.0 uL/sec
Dispensing 150.0 uL into A2 of deepwell plate on Magnetic Module GEN1 on 3 at 600.0 uL/sec
Aspirating 150.0 uL from A2 of deepwell plate on Magnetic Module GEN1 on 3 at 600.0 uL/sec
Dispensing 150.0 uL into A2 of deepwell plate on Magnetic Module GEN1 on 3 at 600.0 uL/sec
Aspirating 150.0 uL from A2 of deepwell plate on Magnetic Module GEN1 on 3 at 600.0 uL/sec
Dispensing 150.0 uL into A2 of deepwell plate on Magnetic Module GEN1 on 3 at 600.0 uL/sec
Aspirating 150.0 uL from A2 of deepwell plate on Magnetic Module GEN1 on 3 at 600.0 uL/sec
Dispensing 150.0 uL into A2 of deepwell plate on Magnetic Module GEN1 on 3 at 600.0 uL/sec
Aspirating 150.0 uL from A2 of deepwell plate on Magnetic Module GEN1 on 3 at 600.0 uL/sec
Dispensing 150.0 uL into A2 of deepwell plate on Magnetic Module GEN1 on 3 at 600.0 uL/sec
Aspirating 150.0 uL from A2 of deepwell plate on Magnetic Module GEN1 on 3 at 600.0 uL/sec
Dispensing 150.0 uL into A2 of deepwell plate on Magnetic Module GEN1 on 3 at 600.0 uL/sec
Aspirating 150.0 uL from A2 of deepwell plate on Magnetic Module GEN1 on 3 at 600.0 uL/sec
Dispensing 150.0 uL into A2 of deepwell plate on Magnetic Module GEN1 on 3 at 600.0 uL/sec
Aspirating 150.0 uL from A2 of deepwell plate on Magnetic Module GEN1 on 3 at 600.0 uL/sec
Dispensing 150.0 uL into A2 of deepwell plate on Magnetic Module GEN1 on 3 at 600.0 uL/sec
Aspirating 150.0 uL from A2 of deepwell plate on Magnetic Module GEN1 on 3 at 600.0 uL/sec
Dispensing 150.0 uL into A2 of deepwell plate on Magnetic Module GEN1 on 3 at 600.0 uL/sec
Aspirating 150.0 uL from A2 of deepwell plate on Magnetic Module GEN1 on 3 at 600.0 uL/sec
Dispensing 150.0 uL into A2 of deepwell plate on Magnetic Module GEN1 on 3 at 600.0 uL/sec
Blowing out at A2 of deepwell plate on Magnetic Module GEN1 on 3
Air gap
	Aspirating 20.0 uL from A2 of deepwell plate on Magnetic Module GEN1 on 3 at 150.0 uL/sec
Dropping tip into A2 of tiprack for parking on 5
Engaging Magnetic Module
Delaying for 5 minutes and 0.0 seconds. Incubating on MagDeck for 5 minutes.
Picking up tip from A1 of tiprack for parking on 5
Moving to A1 of deepwell plate on Magnetic Module GEN1 on 3
Transferring 200.0 from A1 of deepwell plate on Magnetic Module GEN1 on 3 to A1 of Liquid Waste on 6
	Aspirating 200.0 uL from A1 of deepwell plate on Magnetic Module GEN1 on 3 at 30.0 uL/sec
	Air gap
		Aspirating 20.0 uL from A1 of deepwell plate on Magnetic Module GEN1 on 3 at 30.0 uL/sec
	Dispensing 220.0 uL into A1 of Liquid Waste on 6 at 150.0 uL/sec
Blowing out at A1 of Liquid Waste on 6
Air gap
	Aspirating 20.0 uL from A1 of Liquid Waste on 6 at 30.0 uL/sec
Dropping tip into A1 of Opentrons Fixed Trash on 12
Picking up tip from A2 of tiprack for parking on 5
Moving to A2 of deepwell plate on Magnetic Module GEN1 on 3
Transferring 200.0 from A2 of deepwell plate on Magnetic Module GEN1 on 3 to A1 of Liquid Waste on 6
	Aspirating 200.0 uL from A2 of deepwell plate on Magnetic Module GEN1 on 3 at 30.0 uL/sec
	Air gap
		Aspirating 20.0 uL from A2 of deepwell plate on Magnetic Module GEN1 on 3 at 30.0 uL/sec
	Dispensing 220.0 uL into A1 of Liquid Waste on 6 at 150.0 uL/sec
Blowing out at A1 of Liquid Waste on 6
Air gap
	Aspirating 20.0 uL from A1 of Liquid Waste on 6 at 30.0 uL/sec
Dropping tip into A1 of Opentrons Fixed Trash on 12
Disengaging Magnetic Module
Picking up tip from A3 of 200µl filtertiprack on 4
Transferring 200.0 from A5 of reagent reservoir 1 on 2 to A1 of deepwell plate on Magnetic Module GEN1 on 3
	Aspirating 200.0 uL from A5 of reagent reservoir 1 on 2 at 150.0 uL/sec
	Air gap
		Aspirating 20.0 uL from A5 of reagent reservoir 1 on 2 at 150.0 uL/sec
	Dispensing 220.0 uL into A1 of deepwell plate on Magnetic Module GEN1 on 3 at 150.0 uL/sec
Moving to A1 of deepwell plate on Magnetic Module GEN1 on 3
Aspirating 150.0 uL from A1 of deepwell plate on Magnetic Module GEN1 on 3 at 600.0 uL/sec
Dispensing 150.0 uL into A1 of deepwell plate on Magnetic Module GEN1 on 3 at 600.0 uL/sec
Aspirating 150.0 uL from A1 of deepwell plate on Magnetic Module GEN1 on 3 at 600.0 uL/sec
Dispensing 150.0 uL into A1 of deepwell plate on Magnetic Module GEN1 on 3 at 600.0 uL/sec
Aspirating 150.0 uL from A1 of deepwell plate on Magnetic Module GEN1 on 3 at 600.0 uL/sec
Dispensing 150.0 uL into A1 of deepwell plate on Magnetic Module GEN1 on 3 at 600.0 uL/sec
Aspirating 150.0 uL from A1 of deepwell plate on Magnetic Module GEN1 on 3 at 600.0 uL/sec
Dispensing 150.0 uL into A1 of deepwell plate on Magnetic Module GEN1 on 3 at 600.0 uL/sec
Aspirating 150.0 uL from A1 of deepwell plate on Magnetic Module GEN1 on 3 at 600.0 uL/sec
Dispensing 150.0 uL into A1 of deepwell plate on Magnetic Module GEN1 on 3 at 600.0 uL/sec
Aspirating 150.0 uL from A1 of deepwell plate on Magnetic Module GEN1 on 3 at 600.0 uL/sec
Dispensing 150.0 uL into A1 of deepwell plate on Magnetic Module GEN1 on 3 at 600.0 uL/sec
Aspirating 150.0 uL from A1 of deepwell plate on Magnetic Module GEN1 on 3 at 600.0 uL/sec
Dispensing 150.0 uL into A1 of deepwell plate on Magnetic Module GEN1 on 3 at 600.0 uL/sec
Aspirating 150.0 uL from A1 of deepwell plate on Magnetic Module GEN1 on 3 at 600.0 uL/sec
Dispensing 150.0 uL into A1 of deepwell plate on Magnetic Module GEN1 on 3 at 600.0 uL/sec
Aspirating 150.0 uL from A1 of deepwell plate on Magnetic Module GEN1 on 3 at 600.0 uL/sec
Dispensing 150.0 uL into A1 of deepwell plate on Magnetic Module GEN1 on 3 at 600.0 uL/sec
Aspirating 150.0 uL from A1 of deepwell plate on Magnetic Module GEN1 on 3 at 600.0 uL/sec
Dispensing 150.0 uL into A1 of deepwell plate on Magnetic Module GEN1 on 3 at 600.0 uL/sec
Aspirating 150.0 uL from A1 of deepwell plate on Magnetic Module GEN1 on 3 at 600.0 uL/sec
Dispensing 150.0 uL into A1 of deepwell plate on Magnetic Module GEN1 on 3 at 600.0 uL/sec
Aspirating 150.0 uL from A1 of deepwell plate on Magnetic Module GEN1 on 3 at 600.0 uL/sec
Dispensing 150.0 uL into A1 of deepwell plate on Magnetic Module GEN1 on 3 at 600.0 uL/sec
Aspirating 150.0 uL from A1 of deepwell plate on Magnetic Module GEN1 on 3 at 600.0 uL/sec
Dispensing 150.0 uL into A1 of deepwell plate on Magnetic Module GEN1 on 3 at 600.0 uL/sec
Aspirating 150.0 uL from A1 of deepwell plate on Magnetic Module GEN1 on 3 at 600.0 uL/sec
Dispensing 150.0 uL into A1 of deepwell plate on Magnetic Module GEN1 on 3 at 600.0 uL/sec
Aspirating 150.0 uL from A1 of deepwell plate on Magnetic Module GEN1 on 3 at 600.0 uL/sec
Dispensing 150.0 uL into A1 of deepwell plate on Magnetic Module GEN1 on 3 at 600.0 uL/sec
Blowing out at A1 of deepwell plate on Magnetic Module GEN1 on 3
Air gap
	Aspirating 20.0 uL from A1 of deepwell plate on Magnetic Module GEN1 on 3 at 150.0 uL/sec
Dropping tip into A1 of tiprack for parking on 5
Picking up tip from A4 of 200µl filtertiprack on 4
Transferring 200.0 from A5 of reagent reservoir 1 on 2 to A2 of deepwell plate on Magnetic Module GEN1 on 3
	Aspirating 200.0 uL from A5 of reagent reservoir 1 on 2 at 150.0 uL/sec
	Air gap
		Aspirating 20.0 uL from A5 of reagent reservoir 1 on 2 at 150.0 uL/sec
	Dispensing 220.0 uL into A2 of deepwell plate on Magnetic Module GEN1 on 3 at 150.0 uL/sec
Moving to A2 of deepwell plate on Magnetic Module GEN1 on 3
Aspirating 150.0 uL from A2 of deepwell plate on Magnetic Module GEN1 on 3 at 600.0 uL/sec
Dispensing 150.0 uL into A2 of deepwell plate on Magnetic Module GEN1 on 3 at 600.0 uL/sec
Aspirating 150.0 uL from A2 of deepwell plate on Magnetic Module GEN1 on 3 at 600.0 uL/sec
Dispensing 150.0 uL into A2 of deepwell plate on Magnetic Module GEN1 on 3 at 600.0 uL/sec
Aspirating 150.0 uL from A2 of deepwell plate on Magnetic Module GEN1 on 3 at 600.0 uL/sec
Dispensing 150.0 uL into A2 of deepwell plate on Magnetic Module GEN1 on 3 at 600.0 uL/sec
Aspirating 150.0 uL from A2 of deepwell plate on Magnetic Module GEN1 on 3 at 600.0 uL/sec
Dispensing 150.0 uL into A2 of deepwell plate on Magnetic Module GEN1 on 3 at 600.0 uL/sec
Aspirating 150.0 uL from A2 of deepwell plate on Magnetic Module GEN1 on 3 at 600.0 uL/sec
Dispensing 150.0 uL into A2 of deepwell plate on Magnetic Module GEN1 on 3 at 600.0 uL/sec
Aspirating 150.0 uL from A2 of deepwell plate on Magnetic Module GEN1 on 3 at 600.0 uL/sec
Dispensing 150.0 uL into A2 of deepwell plate on Magnetic Module GEN1 on 3 at 600.0 uL/sec
Aspirating 150.0 uL from A2 of deepwell plate on Magnetic Module GEN1 on 3 at 600.0 uL/sec
Dispensing 150.0 uL into A2 of deepwell plate on Magnetic Module GEN1 on 3 at 600.0 uL/sec
Aspirating 150.0 uL from A2 of deepwell plate on Magnetic Module GEN1 on 3 at 600.0 uL/sec
Dispensing 150.0 uL into A2 of deepwell plate on Magnetic Module GEN1 on 3 at 600.0 uL/sec
Aspirating 150.0 uL from A2 of deepwell plate on Magnetic Module GEN1 on 3 at 600.0 uL/sec
Dispensing 150.0 uL into A2 of deepwell plate on Magnetic Module GEN1 on 3 at 600.0 uL/sec
Aspirating 150.0 uL from A2 of deepwell plate on Magnetic Module GEN1 on 3 at 600.0 uL/sec
Dispensing 150.0 uL into A2 of deepwell plate on Magnetic Module GEN1 on 3 at 600.0 uL/sec
Aspirating 150.0 uL from A2 of deepwell plate on Magnetic Module GEN1 on 3 at 600.0 uL/sec
Dispensing 150.0 uL into A2 of deepwell plate on Magnetic Module GEN1 on 3 at 600.0 uL/sec
Aspirating 150.0 uL from A2 of deepwell plate on Magnetic Module GEN1 on 3 at 600.0 uL/sec
Dispensing 150.0 uL into A2 of deepwell plate on Magnetic Module GEN1 on 3 at 600.0 uL/sec
Aspirating 150.0 uL from A2 of deepwell plate on Magnetic Module GEN1 on 3 at 600.0 uL/sec
Dispensing 150.0 uL into A2 of deepwell plate on Magnetic Module GEN1 on 3 at 600.0 uL/sec
Aspirating 150.0 uL from A2 of deepwell plate on Magnetic Module GEN1 on 3 at 600.0 uL/sec
Dispensing 150.0 uL into A2 of deepwell plate on Magnetic Module GEN1 on 3 at 600.0 uL/sec
Aspirating 150.0 uL from A2 of deepwell plate on Magnetic Module GEN1 on 3 at 600.0 uL/sec
Dispensing 150.0 uL into A2 of deepwell plate on Magnetic Module GEN1 on 3 at 600.0 uL/sec
Blowing out at A2 of deepwell plate on Magnetic Module GEN1 on 3
Air gap
	Aspirating 20.0 uL from A2 of deepwell plate on Magnetic Module GEN1 on 3 at 150.0 uL/sec
Dropping tip into A2 of tiprack for parking on 5
Engaging Magnetic Module
Delaying for 5 minutes and 0.0 seconds. Incubating on MagDeck for 5 minutes.
Picking up tip from A1 of tiprack for parking on 5
Moving to A1 of deepwell plate on Magnetic Module GEN1 on 3
Transferring 200.0 from A1 of deepwell plate on Magnetic Module GEN1 on 3 to A1 of Liquid Waste on 6
	Aspirating 200.0 uL from A1 of deepwell plate on Magnetic Module GEN1 on 3 at 30.0 uL/sec
	Air gap
		Aspirating 20.0 uL from A1 of deepwell plate on Magnetic Module GEN1 on 3 at 30.0 uL/sec
	Dispensing 220.0 uL into A1 of Liquid Waste on 6 at 150.0 uL/sec
Blowing out at A1 of Liquid Waste on 6
Air gap
	Aspirating 20.0 uL from A1 of Liquid Waste on 6 at 30.0 uL/sec
Dropping tip into A1 of Opentrons Fixed Trash on 12
Picking up tip from A2 of tiprack for parking on 5
Moving to A2 of deepwell plate on Magnetic Module GEN1 on 3
Transferring 200.0 from A2 of deepwell plate on Magnetic Module GEN1 on 3 to A1 of Liquid Waste on 6
	Aspirating 200.0 uL from A2 of deepwell plate on Magnetic Module GEN1 on 3 at 30.0 uL/sec
	Air gap
		Aspirating 20.0 uL from A2 of deepwell plate on Magnetic Module GEN1 on 3 at 30.0 uL/sec
	Dispensing 220.0 uL into A1 of Liquid Waste on 6 at 150.0 uL/sec
Blowing out at A1 of Liquid Waste on 6
Air gap
	Aspirating 20.0 uL from A1 of Liquid Waste on 6 at 30.0 uL/sec
Dropping tip into A1 of Opentrons Fixed Trash on 12
Disengaging Magnetic Module
Picking up tip from A5 of 200µl filtertiprack on 4
Transferring 200.0 from A7 of reagent reservoir 1 on 2 to A1 of deepwell plate on Magnetic Module GEN1 on 3
	Aspirating 200.0 uL from A7 of reagent reservoir 1 on 2 at 150.0 uL/sec
	Air gap
		Aspirating 20.0 uL from A7 of reagent reservoir 1 on 2 at 150.0 uL/sec
	Dispensing 220.0 uL into A1 of deepwell plate on Magnetic Module GEN1 on 3 at 150.0 uL/sec
Moving to A1 of deepwell plate on Magnetic Module GEN1 on 3
Aspirating 150.0 uL from A1 of deepwell plate on Magnetic Module GEN1 on 3 at 600.0 uL/sec
Dispensing 150.0 uL into A1 of deepwell plate on Magnetic Module GEN1 on 3 at 600.0 uL/sec
Aspirating 150.0 uL from A1 of deepwell plate on Magnetic Module GEN1 on 3 at 600.0 uL/sec
Dispensing 150.0 uL into A1 of deepwell plate on Magnetic Module GEN1 on 3 at 600.0 uL/sec
Aspirating 150.0 uL from A1 of deepwell plate on Magnetic Module GEN1 on 3 at 600.0 uL/sec
Dispensing 150.0 uL into A1 of deepwell plate on Magnetic Module GEN1 on 3 at 600.0 uL/sec
Aspirating 150.0 uL from A1 of deepwell plate on Magnetic Module GEN1 on 3 at 600.0 uL/sec
Dispensing 150.0 uL into A1 of deepwell plate on Magnetic Module GEN1 on 3 at 600.0 uL/sec
Aspirating 150.0 uL from A1 of deepwell plate on Magnetic Module GEN1 on 3 at 600.0 uL/sec
Dispensing 150.0 uL into A1 of deepwell plate on Magnetic Module GEN1 on 3 at 600.0 uL/sec
Aspirating 150.0 uL from A1 of deepwell plate on Magnetic Module GEN1 on 3 at 600.0 uL/sec
Dispensing 150.0 uL into A1 of deepwell plate on Magnetic Module GEN1 on 3 at 600.0 uL/sec
Aspirating 150.0 uL from A1 of deepwell plate on Magnetic Module GEN1 on 3 at 600.0 uL/sec
Dispensing 150.0 uL into A1 of deepwell plate on Magnetic Module GEN1 on 3 at 600.0 uL/sec
Aspirating 150.0 uL from A1 of deepwell plate on Magnetic Module GEN1 on 3 at 600.0 uL/sec
Dispensing 150.0 uL into A1 of deepwell plate on Magnetic Module GEN1 on 3 at 600.0 uL/sec
Aspirating 150.0 uL from A1 of deepwell plate on Magnetic Module GEN1 on 3 at 600.0 uL/sec
Dispensing 150.0 uL into A1 of deepwell plate on Magnetic Module GEN1 on 3 at 600.0 uL/sec
Aspirating 150.0 uL from A1 of deepwell plate on Magnetic Module GEN1 on 3 at 600.0 uL/sec
Dispensing 150.0 uL into A1 of deepwell plate on Magnetic Module GEN1 on 3 at 600.0 uL/sec
Aspirating 150.0 uL from A1 of deepwell plate on Magnetic Module GEN1 on 3 at 600.0 uL/sec
Dispensing 150.0 uL into A1 of deepwell plate on Magnetic Module GEN1 on 3 at 600.0 uL/sec
Aspirating 150.0 uL from A1 of deepwell plate on Magnetic Module GEN1 on 3 at 600.0 uL/sec
Dispensing 150.0 uL into A1 of deepwell plate on Magnetic Module GEN1 on 3 at 600.0 uL/sec
Aspirating 150.0 uL from A1 of deepwell plate on Magnetic Module GEN1 on 3 at 600.0 uL/sec
Dispensing 150.0 uL into A1 of deepwell plate on Magnetic Module GEN1 on 3 at 600.0 uL/sec
Aspirating 150.0 uL from A1 of deepwell plate on Magnetic Module GEN1 on 3 at 600.0 uL/sec
Dispensing 150.0 uL into A1 of deepwell plate on Magnetic Module GEN1 on 3 at 600.0 uL/sec
Aspirating 150.0 uL from A1 of deepwell plate on Magnetic Module GEN1 on 3 at 600.0 uL/sec
Dispensing 150.0 uL into A1 of deepwell plate on Magnetic Module GEN1 on 3 at 600.0 uL/sec
Blowing out at A1 of deepwell plate on Magnetic Module GEN1 on 3
Air gap
	Aspirating 20.0 uL from A1 of deepwell plate on Magnetic Module GEN1 on 3 at 150.0 uL/sec
Dropping tip into A1 of tiprack for parking on 5
Picking up tip from A6 of 200µl filtertiprack on 4
Transferring 200.0 from A7 of reagent reservoir 1 on 2 to A2 of deepwell plate on Magnetic Module GEN1 on 3
	Aspirating 200.0 uL from A7 of reagent reservoir 1 on 2 at 150.0 uL/sec
	Air gap
		Aspirating 20.0 uL from A7 of reagent reservoir 1 on 2 at 150.0 uL/sec
	Dispensing 220.0 uL into A2 of deepwell plate on Magnetic Module GEN1 on 3 at 150.0 uL/sec
Moving to A2 of deepwell plate on Magnetic Module GEN1 on 3
Aspirating 150.0 uL from A2 of deepwell plate on Magnetic Module GEN1 on 3 at 600.0 uL/sec
Dispensing 150.0 uL into A2 of deepwell plate on Magnetic Module GEN1 on 3 at 600.0 uL/sec
Aspirating 150.0 uL from A2 of deepwell plate on Magnetic Module GEN1 on 3 at 600.0 uL/sec
Dispensing 150.0 uL into A2 of deepwell plate on Magnetic Module GEN1 on 3 at 600.0 uL/sec
Aspirating 150.0 uL from A2 of deepwell plate on Magnetic Module GEN1 on 3 at 600.0 uL/sec
Dispensing 150.0 uL into A2 of deepwell plate on Magnetic Module GEN1 on 3 at 600.0 uL/sec
Aspirating 150.0 uL from A2 of deepwell plate on Magnetic Module GEN1 on 3 at 600.0 uL/sec
Dispensing 150.0 uL into A2 of deepwell plate on Magnetic Module GEN1 on 3 at 600.0 uL/sec
Aspirating 150.0 uL from A2 of deepwell plate on Magnetic Module GEN1 on 3 at 600.0 uL/sec
Dispensing 150.0 uL into A2 of deepwell plate on Magnetic Module GEN1 on 3 at 600.0 uL/sec
Aspirating 150.0 uL from A2 of deepwell plate on Magnetic Module GEN1 on 3 at 600.0 uL/sec
Dispensing 150.0 uL into A2 of deepwell plate on Magnetic Module GEN1 on 3 at 600.0 uL/sec
Aspirating 150.0 uL from A2 of deepwell plate on Magnetic Module GEN1 on 3 at 600.0 uL/sec
Dispensing 150.0 uL into A2 of deepwell plate on Magnetic Module GEN1 on 3 at 600.0 uL/sec
Aspirating 150.0 uL from A2 of deepwell plate on Magnetic Module GEN1 on 3 at 600.0 uL/sec
Dispensing 150.0 uL into A2 of deepwell plate on Magnetic Module GEN1 on 3 at 600.0 uL/sec
Aspirating 150.0 uL from A2 of deepwell plate on Magnetic Module GEN1 on 3 at 600.0 uL/sec
Dispensing 150.0 uL into A2 of deepwell plate on Magnetic Module GEN1 on 3 at 600.0 uL/sec
Aspirating 150.0 uL from A2 of deepwell plate on Magnetic Module GEN1 on 3 at 600.0 uL/sec
Dispensing 150.0 uL into A2 of deepwell plate on Magnetic Module GEN1 on 3 at 600.0 uL/sec
Aspirating 150.0 uL from A2 of deepwell plate on Magnetic Module GEN1 on 3 at 600.0 uL/sec
Dispensing 150.0 uL into A2 of deepwell plate on Magnetic Module GEN1 on 3 at 600.0 uL/sec
Aspirating 150.0 uL from A2 of deepwell plate on Magnetic Module GEN1 on 3 at 600.0 uL/sec
Dispensing 150.0 uL into A2 of deepwell plate on Magnetic Module GEN1 on 3 at 600.0 uL/sec
Aspirating 150.0 uL from A2 of deepwell plate on Magnetic Module GEN1 on 3 at 600.0 uL/sec
Dispensing 150.0 uL into A2 of deepwell plate on Magnetic Module GEN1 on 3 at 600.0 uL/sec
Aspirating 150.0 uL from A2 of deepwell plate on Magnetic Module GEN1 on 3 at 600.0 uL/sec
Dispensing 150.0 uL into A2 of deepwell plate on Magnetic Module GEN1 on 3 at 600.0 uL/sec
Aspirating 150.0 uL from A2 of deepwell plate on Magnetic Module GEN1 on 3 at 600.0 uL/sec
Dispensing 150.0 uL into A2 of deepwell plate on Magnetic Module GEN1 on 3 at 600.0 uL/sec
Blowing out at A2 of deepwell plate on Magnetic Module GEN1 on 3
Air gap
	Aspirating 20.0 uL from A2 of deepwell plate on Magnetic Module GEN1 on 3 at 150.0 uL/sec
Dropping tip into A2 of tiprack for parking on 5
Engaging Magnetic Module
Delaying for 5 minutes and 0.0 seconds. Incubating on MagDeck for 5 minutes.
Picking up tip from A1 of tiprack for parking on 5
Moving to A1 of deepwell plate on Magnetic Module GEN1 on 3
Transferring 200.0 from A1 of deepwell plate on Magnetic Module GEN1 on 3 to A1 of Liquid Waste on 6
	Aspirating 200.0 uL from A1 of deepwell plate on Magnetic Module GEN1 on 3 at 30.0 uL/sec
	Air gap
		Aspirating 20.0 uL from A1 of deepwell plate on Magnetic Module GEN1 on 3 at 30.0 uL/sec
	Dispensing 220.0 uL into A1 of Liquid Waste on 6 at 150.0 uL/sec
Blowing out at A1 of Liquid Waste on 6
Air gap
	Aspirating 20.0 uL from A1 of Liquid Waste on 6 at 30.0 uL/sec
Dropping tip into A1 of Opentrons Fixed Trash on 12
Picking up tip from A2 of tiprack for parking on 5
Moving to A2 of deepwell plate on Magnetic Module GEN1 on 3
Transferring 200.0 from A2 of deepwell plate on Magnetic Module GEN1 on 3 to A1 of Liquid Waste on 6
	Aspirating 200.0 uL from A2 of deepwell plate on Magnetic Module GEN1 on 3 at 30.0 uL/sec
	Air gap
		Aspirating 20.0 uL from A2 of deepwell plate on Magnetic Module GEN1 on 3 at 30.0 uL/sec
	Dispensing 220.0 uL into A1 of Liquid Waste on 6 at 150.0 uL/sec
Blowing out at A1 of Liquid Waste on 6
Air gap
	Aspirating 20.0 uL from A1 of Liquid Waste on 6 at 30.0 uL/sec
Dropping tip into A1 of Opentrons Fixed Trash on 12
Delaying for 1 minutes and 0.0 seconds. Beads drying for 1 minutes
Disengaging Magnetic Module
Picking up tip from A7 of 200µl filtertiprack on 4
Aspirating 50.0 uL from A12 of reagent reservoir 1 on 2 at 150.0 uL/sec
Moving to A1 of deepwell plate on Magnetic Module GEN1 on 3
Dispensing 50.0 uL into A1 of deepwell plate on Magnetic Module GEN1 on 3 at 150.0 uL/sec
Moving to A1 of deepwell plate on Magnetic Module GEN1 on 3
Aspirating 35.0 uL from A1 of deepwell plate on Magnetic Module GEN1 on 3 at 600.0 uL/sec
Dispensing 35.0 uL into A1 of deepwell plate on Magnetic Module GEN1 on 3 at 600.0 uL/sec
Aspirating 35.0 uL from A1 of deepwell plate on Magnetic Module GEN1 on 3 at 600.0 uL/sec
Dispensing 35.0 uL into A1 of deepwell plate on Magnetic Module GEN1 on 3 at 600.0 uL/sec
Aspirating 35.0 uL from A1 of deepwell plate on Magnetic Module GEN1 on 3 at 600.0 uL/sec
Dispensing 35.0 uL into A1 of deepwell plate on Magnetic Module GEN1 on 3 at 600.0 uL/sec
Aspirating 35.0 uL from A1 of deepwell plate on Magnetic Module GEN1 on 3 at 600.0 uL/sec
Dispensing 35.0 uL into A1 of deepwell plate on Magnetic Module GEN1 on 3 at 600.0 uL/sec
Aspirating 35.0 uL from A1 of deepwell plate on Magnetic Module GEN1 on 3 at 600.0 uL/sec
Dispensing 35.0 uL into A1 of deepwell plate on Magnetic Module GEN1 on 3 at 600.0 uL/sec
Aspirating 35.0 uL from A1 of deepwell plate on Magnetic Module GEN1 on 3 at 600.0 uL/sec
Dispensing 35.0 uL into A1 of deepwell plate on Magnetic Module GEN1 on 3 at 600.0 uL/sec
Aspirating 35.0 uL from A1 of deepwell plate on Magnetic Module GEN1 on 3 at 600.0 uL/sec
Dispensing 35.0 uL into A1 of deepwell plate on Magnetic Module GEN1 on 3 at 600.0 uL/sec
Aspirating 35.0 uL from A1 of deepwell plate on Magnetic Module GEN1 on 3 at 600.0 uL/sec
Dispensing 35.0 uL into A1 of deepwell plate on Magnetic Module GEN1 on 3 at 600.0 uL/sec
Aspirating 35.0 uL from A1 of deepwell plate on Magnetic Module GEN1 on 3 at 600.0 uL/sec
Dispensing 35.0 uL into A1 of deepwell plate on Magnetic Module GEN1 on 3 at 600.0 uL/sec
Aspirating 35.0 uL from A1 of deepwell plate on Magnetic Module GEN1 on 3 at 600.0 uL/sec
Dispensing 35.0 uL into A1 of deepwell plate on Magnetic Module GEN1 on 3 at 600.0 uL/sec
Blowing out at A1 of deepwell plate on Magnetic Module GEN1 on 3
Air gap
	Aspirating 20.0 uL from A1 of deepwell plate on Magnetic Module GEN1 on 3 at 150.0 uL/sec
Dropping tip into A1 of tiprack for parking on 5
Picking up tip from A8 of 200µl filtertiprack on 4
Aspirating 50.0 uL from A12 of reagent reservoir 1 on 2 at 150.0 uL/sec
Moving to A2 of deepwell plate on Magnetic Module GEN1 on 3
Dispensing 50.0 uL into A2 of deepwell plate on Magnetic Module GEN1 on 3 at 150.0 uL/sec
Moving to A2 of deepwell plate on Magnetic Module GEN1 on 3
Aspirating 35.0 uL from A2 of deepwell plate on Magnetic Module GEN1 on 3 at 600.0 uL/sec
Dispensing 35.0 uL into A2 of deepwell plate on Magnetic Module GEN1 on 3 at 600.0 uL/sec
Aspirating 35.0 uL from A2 of deepwell plate on Magnetic Module GEN1 on 3 at 600.0 uL/sec
Dispensing 35.0 uL into A2 of deepwell plate on Magnetic Module GEN1 on 3 at 600.0 uL/sec
Aspirating 35.0 uL from A2 of deepwell plate on Magnetic Module GEN1 on 3 at 600.0 uL/sec
Dispensing 35.0 uL into A2 of deepwell plate on Magnetic Module GEN1 on 3 at 600.0 uL/sec
Aspirating 35.0 uL from A2 of deepwell plate on Magnetic Module GEN1 on 3 at 600.0 uL/sec
Dispensing 35.0 uL into A2 of deepwell plate on Magnetic Module GEN1 on 3 at 600.0 uL/sec
Aspirating 35.0 uL from A2 of deepwell plate on Magnetic Module GEN1 on 3 at 600.0 uL/sec
Dispensing 35.0 uL into A2 of deepwell plate on Magnetic Module GEN1 on 3 at 600.0 uL/sec
Aspirating 35.0 uL from A2 of deepwell plate on Magnetic Module GEN1 on 3 at 600.0 uL/sec
Dispensing 35.0 uL into A2 of deepwell plate on Magnetic Module GEN1 on 3 at 600.0 uL/sec
Aspirating 35.0 uL from A2 of deepwell plate on Magnetic Module GEN1 on 3 at 600.0 uL/sec
Dispensing 35.0 uL into A2 of deepwell plate on Magnetic Module GEN1 on 3 at 600.0 uL/sec
Aspirating 35.0 uL from A2 of deepwell plate on Magnetic Module GEN1 on 3 at 600.0 uL/sec
Dispensing 35.0 uL into A2 of deepwell plate on Magnetic Module GEN1 on 3 at 600.0 uL/sec
Aspirating 35.0 uL from A2 of deepwell plate on Magnetic Module GEN1 on 3 at 600.0 uL/sec
Dispensing 35.0 uL into A2 of deepwell plate on Magnetic Module GEN1 on 3 at 600.0 uL/sec
Aspirating 35.0 uL from A2 of deepwell plate on Magnetic Module GEN1 on 3 at 600.0 uL/sec
Dispensing 35.0 uL into A2 of deepwell plate on Magnetic Module GEN1 on 3 at 600.0 uL/sec
Blowing out at A2 of deepwell plate on Magnetic Module GEN1 on 3
Air gap
	Aspirating 20.0 uL from A2 of deepwell plate on Magnetic Module GEN1 on 3 at 150.0 uL/sec
Dropping tip into A2 of tiprack for parking on 5
Delaying for 10 minutes and 0.0 seconds. Beads sitting for 10 minutes for elution
Engaging Magnetic Module
Delaying for 2 minutes and 0.0 seconds. Incubating on MagDeck for 5 minutes.
Setting Temperature Module temperature to 4.0 °C (rounded off to nearest integer)
Picking up tip from A1 of tiprack for parking on 5
Transferring 50.0 from A1 of deepwell plate on Magnetic Module GEN1 on 3 to A1 of elution plate on Temperature Module GEN1 on 1
	Aspirating 50.0 uL from A1 of deepwell plate on Magnetic Module GEN1 on 3 at 150.0 uL/sec
	Air gap
		Aspirating 20.0 uL from A1 of deepwell plate on Magnetic Module GEN1 on 3 at 150.0 uL/sec
	Dispensing 70.0 uL into A1 of elution plate on Temperature Module GEN1 on 1 at 150.0 uL/sec
Blowing out at A1 of elution plate on Temperature Module GEN1 on 1
Air gap
	Aspirating 20.0 uL from A1 of elution plate on Temperature Module GEN1 on 1 at 150.0 uL/sec
Dropping tip into A1 of Opentrons Fixed Trash on 12
Picking up tip from A2 of tiprack for parking on 5
Transferring 50.0 from A2 of deepwell plate on Magnetic Module GEN1 on 3 to A2 of elution plate on Temperature Module GEN1 on 1
	Aspirating 50.0 uL from A2 of deepwell plate on Magnetic Module GEN1 on 3 at 150.0 uL/sec
	Air gap
		Aspirating 20.0 uL from A2 of deepwell plate on Magnetic Module GEN1 on 3 at 150.0 uL/sec
	Dispensing 70.0 uL into A2 of elution plate on Temperature Module GEN1 on 1 at 150.0 uL/sec
Blowing out at A2 of elution plate on Temperature Module GEN1 on 1
Air gap
	Aspirating 20.0 uL from A2 of elution plate on Temperature Module GEN1 on 1 at 150.0 uL/sec
Dropping tip into A1 of Opentrons Fixed Trash on 12
Caught exception: {'message': 'Task was destroyed but it is pending!', 'task': <Task pending name='Task-4' coro=<Poller._poll_forever() running at /Users/dp/Desktop/project/github/opentrons/venv/lib/python3.10/site-packages/opentrons/hardware_control/poller.py:80> wait_for=<Future pending cb=[Task.task_wakeup()]>>}
Caught exception: {'message': 'Task was destroyed but it is pending!', 'task': <Task pending name='Task-3' coro=<Poller._poll_forever() running at /Users/dp/Desktop/project/github/opentrons/venv/lib/python3.10/site-packages/opentrons/hardware_control/poller.py:80> wait_for=<Future pending cb=[Task.task_wakeup()]>>}
Caught exception: {'message': 'Task was destroyed but it is pending!', 'task': <Task pending name='Task-2' coro=<Poller._poll_forever() running at /Users/dp/Desktop/project/github/opentrons/venv/lib/python3.10/site-packages/opentrons/hardware_control/poller.py:80> wait_for=<Future pending cb=[Task.task_wakeup()]>>}
