/Users/dp/Desktop/project/github/opentrons/venv/lib/python3.10/site-packages/opentrons/hardware_control/simulator_setup.py:205: UserWarning: Simulator configuration does not name a machine, defaulting to OT-2 Standard
  warn(
/Users/dp/.opentrons/robot_settings.json not found. Loading defaults
Deck calibration not found.
/Users/dp/.opentrons/deck_calibration.json not found. Loading defaults
THIS IS A DRY RUN
TIP REUSING
THIS IS A NO MODULE RUN
THIS PROTOCOL WILL REUSE TIPS FOR WASHES
Protocols/protocols/sci-roche-hyperprep/sci-roche-hyperprep.ot2.apiv2.py
There are 8 Samples
==============================================
--> End Repair / A-Tailing
==============================================
--> Adding ERAT
Picking up tip from A1 of Opentrons OT-2 96 Filter Tip Rack 20 µL on 4
Aspirating 10.0 uL from A1 of Opentrons 96 Well Aluminum Block with Bio-Rad Well Plate 200 µL on 3 at 5.0 uL/sec
Dispensing 10.0 uL into A1 of NEST 96 Well Plate 100 µL PCR Full Skirt on 7 at 10.0 uL/sec
Moving to A1 of NEST 96 Well Plate 100 µL PCR Full Skirt on 7
Mixing 1 times with a volume of 10.0 ul
	Aspirating 10.0 uL from A1 of NEST 96 Well Plate 100 µL PCR Full Skirt on 7 at 5.0 uL/sec
	Dispensing 10.0 uL into A1 of NEST 96 Well Plate 100 µL PCR Full Skirt on 7 at 10.0 uL/sec
Returning tip
	Dropping tip into A1 of Opentrons OT-2 96 Filter Tip Rack 20 µL on 4
==============================================
--> Adapter Ligation
==============================================
--> Adding Barcodes
Picking up tip from A2 of Opentrons OT-2 96 Filter Tip Rack 20 µL on 4
Aspirating 5.0 uL from A7 of Opentrons 96 Well Aluminum Block with Bio-Rad Well Plate 200 µL on 3 at 2.5 uL/sec
Dispensing 5.0 uL into A1 of NEST 96 Well Plate 100 µL PCR Full Skirt on 7 at 2.5 uL/sec
Mixing 1 times with a volume of 10.0 ul
	Aspirating 10.0 uL from A1 of NEST 96 Well Plate 100 µL PCR Full Skirt on 7 at 5.0 uL/sec
	Dispensing 10.0 uL into A1 of NEST 96 Well Plate 100 µL PCR Full Skirt on 7 at 10.0 uL/sec
Returning tip
	Dropping tip into A2 of Opentrons OT-2 96 Filter Tip Rack 20 µL on 4
--> Adding Lig
Picking up tip from A1 of Opentrons OT-2 96 Filter Tip Rack 200 µL on 5
Mixing 3 times with a volume of 45.0 ul
	Aspirating 45.0 uL from A2 of Opentrons 96 Well Aluminum Block with Bio-Rad Well Plate 200 µL on 3 at 75.0 uL/sec
	Dispensing 45.0 uL into A2 of Opentrons 96 Well Aluminum Block with Bio-Rad Well Plate 200 µL on 3 at 150.0 uL/sec
	Aspirating 45.0 uL from A2 of Opentrons 96 Well Aluminum Block with Bio-Rad Well Plate 200 µL on 3 at 75.0 uL/sec
	Dispensing 45.0 uL into A2 of Opentrons 96 Well Aluminum Block with Bio-Rad Well Plate 200 µL on 3 at 150.0 uL/sec
	Aspirating 45.0 uL from A2 of Opentrons 96 Well Aluminum Block with Bio-Rad Well Plate 200 µL on 3 at 75.0 uL/sec
	Dispensing 45.0 uL into A2 of Opentrons 96 Well Aluminum Block with Bio-Rad Well Plate 200 µL on 3 at 150.0 uL/sec
Aspirating 45.0 uL from A2 of Opentrons 96 Well Aluminum Block with Bio-Rad Well Plate 200 µL on 3 at 30.0 uL/sec
Moving to A2 of Opentrons 96 Well Aluminum Block with Bio-Rad Well Plate 200 µL on 3
Delaying for 0 minutes and 0.2 seconds
Dispensing 45.0 uL into A1 of NEST 96 Well Plate 100 µL PCR Full Skirt on 7 at 75.0 uL/sec
Moving to A1 of NEST 96 Well Plate 100 µL PCR Full Skirt on 7
Mixing 1 times with a volume of 80.0 ul
	Aspirating 80.0 uL from A1 of NEST 96 Well Plate 100 µL PCR Full Skirt on 7 at 75.0 uL/sec
	Dispensing 80.0 uL into A1 of NEST 96 Well Plate 100 µL PCR Full Skirt on 7 at 150.0 uL/sec
Blowing out at A1 of NEST 96 Well Plate 100 µL PCR Full Skirt on 7
Moving to 11
Returning tip
	Dropping tip into A1 of Opentrons OT-2 96 Filter Tip Rack 200 µL on 5
==============================================
--> Cleanup 1
==============================================
--> ADDING AMPure (0.8x)
Picking up tip from A2 of Opentrons OT-2 96 Filter Tip Rack 200 µL on 5
Mixing 10 times with a volume of 98.0 ul
	Aspirating 98.0 uL from A1 of NEST 96 Deep Well Plate 2mL on 2 at 150.0 uL/sec
	Dispensing 98.0 uL into A1 of NEST 96 Deep Well Plate 2mL on 2 at 300.0 uL/sec
	Aspirating 98.0 uL from A1 of NEST 96 Deep Well Plate 2mL on 2 at 150.0 uL/sec
	Dispensing 98.0 uL into A1 of NEST 96 Deep Well Plate 2mL on 2 at 300.0 uL/sec
	Aspirating 98.0 uL from A1 of NEST 96 Deep Well Plate 2mL on 2 at 150.0 uL/sec
	Dispensing 98.0 uL into A1 of NEST 96 Deep Well Plate 2mL on 2 at 300.0 uL/sec
	Aspirating 98.0 uL from A1 of NEST 96 Deep Well Plate 2mL on 2 at 150.0 uL/sec
	Dispensing 98.0 uL into A1 of NEST 96 Deep Well Plate 2mL on 2 at 300.0 uL/sec
	Aspirating 98.0 uL from A1 of NEST 96 Deep Well Plate 2mL on 2 at 150.0 uL/sec
	Dispensing 98.0 uL into A1 of NEST 96 Deep Well Plate 2mL on 2 at 300.0 uL/sec
	Aspirating 98.0 uL from A1 of NEST 96 Deep Well Plate 2mL on 2 at 150.0 uL/sec
	Dispensing 98.0 uL into A1 of NEST 96 Deep Well Plate 2mL on 2 at 300.0 uL/sec
	Aspirating 98.0 uL from A1 of NEST 96 Deep Well Plate 2mL on 2 at 150.0 uL/sec
	Dispensing 98.0 uL into A1 of NEST 96 Deep Well Plate 2mL on 2 at 300.0 uL/sec
	Aspirating 98.0 uL from A1 of NEST 96 Deep Well Plate 2mL on 2 at 150.0 uL/sec
	Dispensing 98.0 uL into A1 of NEST 96 Deep Well Plate 2mL on 2 at 300.0 uL/sec
	Aspirating 98.0 uL from A1 of NEST 96 Deep Well Plate 2mL on 2 at 150.0 uL/sec
	Dispensing 98.0 uL into A1 of NEST 96 Deep Well Plate 2mL on 2 at 300.0 uL/sec
	Aspirating 98.0 uL from A1 of NEST 96 Deep Well Plate 2mL on 2 at 150.0 uL/sec
	Dispensing 98.0 uL into A1 of NEST 96 Deep Well Plate 2mL on 2 at 300.0 uL/sec
Aspirating 88.0 uL from A1 of NEST 96 Deep Well Plate 2mL on 2 at 37.5 uL/sec
Dispensing 44.0 uL into A1 of NEST 96 Well Plate 100 µL PCR Full Skirt on 1 at 75.0 uL/sec
Dispensing 44.0 uL into A1 of NEST 96 Well Plate 100 µL PCR Full Skirt on 1 at 75.0 uL/sec
Moving to A1 of NEST 96 Well Plate 100 µL PCR Full Skirt on 1
Aspirating 63.0 uL from A1 of NEST 96 Well Plate 100 µL PCR Full Skirt on 1 at 75.0 uL/sec
Moving to A1 of NEST 96 Well Plate 100 µL PCR Full Skirt on 1
Aspirating 63.0 uL from A1 of NEST 96 Well Plate 100 µL PCR Full Skirt on 1 at 75.0 uL/sec
Dispensing 63.0 uL into A1 of NEST 96 Well Plate 100 µL PCR Full Skirt on 1 at 150.0 uL/sec
Moving to A1 of NEST 96 Well Plate 100 µL PCR Full Skirt on 1
Dispensing 63.0 uL into A1 of NEST 96 Well Plate 100 µL PCR Full Skirt on 1 at 150.0 uL/sec
Aspirating 63.0 uL from A1 of NEST 96 Well Plate 100 µL PCR Full Skirt on 1 at 75.0 uL/sec
Moving to A1 of NEST 96 Well Plate 100 µL PCR Full Skirt on 1
Aspirating 63.0 uL from A1 of NEST 96 Well Plate 100 µL PCR Full Skirt on 1 at 75.0 uL/sec
Dispensing 63.0 uL into A1 of NEST 96 Well Plate 100 µL PCR Full Skirt on 1 at 150.0 uL/sec
Moving to A1 of NEST 96 Well Plate 100 µL PCR Full Skirt on 1
Dispensing 63.0 uL into A1 of NEST 96 Well Plate 100 µL PCR Full Skirt on 1 at 150.0 uL/sec
Aspirating 63.0 uL from A1 of NEST 96 Well Plate 100 µL PCR Full Skirt on 1 at 75.0 uL/sec
Moving to A1 of NEST 96 Well Plate 100 µL PCR Full Skirt on 1
Aspirating 63.0 uL from A1 of NEST 96 Well Plate 100 µL PCR Full Skirt on 1 at 75.0 uL/sec
Dispensing 63.0 uL into A1 of NEST 96 Well Plate 100 µL PCR Full Skirt on 1 at 150.0 uL/sec
Moving to A1 of NEST 96 Well Plate 100 µL PCR Full Skirt on 1
Dispensing 63.0 uL into A1 of NEST 96 Well Plate 100 µL PCR Full Skirt on 1 at 150.0 uL/sec
Aspirating 63.0 uL from A1 of NEST 96 Well Plate 100 µL PCR Full Skirt on 1 at 75.0 uL/sec
Moving to A1 of NEST 96 Well Plate 100 µL PCR Full Skirt on 1
Aspirating 63.0 uL from A1 of NEST 96 Well Plate 100 µL PCR Full Skirt on 1 at 75.0 uL/sec
Dispensing 63.0 uL into A1 of NEST 96 Well Plate 100 µL PCR Full Skirt on 1 at 150.0 uL/sec
Moving to A1 of NEST 96 Well Plate 100 µL PCR Full Skirt on 1
Dispensing 63.0 uL into A1 of NEST 96 Well Plate 100 µL PCR Full Skirt on 1 at 150.0 uL/sec
Aspirating 63.0 uL from A1 of NEST 96 Well Plate 100 µL PCR Full Skirt on 1 at 75.0 uL/sec
Moving to A1 of NEST 96 Well Plate 100 µL PCR Full Skirt on 1
Aspirating 63.0 uL from A1 of NEST 96 Well Plate 100 µL PCR Full Skirt on 1 at 75.0 uL/sec
Dispensing 63.0 uL into A1 of NEST 96 Well Plate 100 µL PCR Full Skirt on 1 at 150.0 uL/sec
Moving to A1 of NEST 96 Well Plate 100 µL PCR Full Skirt on 1
Dispensing 63.0 uL into A1 of NEST 96 Well Plate 100 µL PCR Full Skirt on 1 at 150.0 uL/sec
Blowing out at A1 of NEST 96 Well Plate 100 µL PCR Full Skirt on 1
Moving to 11
Returning tip
	Dropping tip into A2 of Opentrons OT-2 96 Filter Tip Rack 200 µL on 5
--> Removing Supernatant
Picking up tip from A3 of Opentrons OT-2 96 Filter Tip Rack 200 µL on 5
Moving to A1 of NEST 96 Well Plate 100 µL PCR Full Skirt on 1
Aspirating 180.0 uL from A1 of NEST 96 Well Plate 100 µL PCR Full Skirt on 1 at 37.5 uL/sec
Moving to A1 of NEST 96 Well Plate 100 µL PCR Full Skirt on 1
Delaying for 0 minutes and 6.0 seconds
Aspirating 20.0 uL from A1 of NEST 96 Well Plate 100 µL PCR Full Skirt on 1 at 30.0 uL/sec
Moving to A1 of NEST 96 Well Plate 100 µL PCR Full Skirt on 1
Dispensing 200.0 uL into A12 of NEST 96 Deep Well Plate 2mL on 2 at 300.0 uL/sec
Moving to 11
Returning tip
	Dropping tip into A3 of Opentrons OT-2 96 Filter Tip Rack 200 µL on 5
--> Repeating 2 washes
--> ETOH Wash #1
Picking up tip from A4 of Opentrons OT-2 96 Filter Tip Rack 200 µL on 5
Aspirating 150.0 uL from A4 of NEST 96 Deep Well Plate 2mL on 2 at 150.0 uL/sec
Moving to A1 of NEST 96 Well Plate 100 µL PCR Full Skirt on 1
Dispensing 100.0 uL into A1 of NEST 96 Well Plate 100 µL PCR Full Skirt on 1 at 150.0 uL/sec
Moving to A1 of NEST 96 Well Plate 100 µL PCR Full Skirt on 1
Dispensing 50.0 uL into A1 of NEST 96 Well Plate 100 µL PCR Full Skirt on 1 at 150.0 uL/sec
Moving to A1 of NEST 96 Well Plate 100 µL PCR Full Skirt on 1
Moving to A1 of NEST 96 Well Plate 100 µL PCR Full Skirt on 1
Delaying for 0 minutes and 6.0 seconds
Blowing out at A1 of NEST 96 Well Plate 100 µL PCR Full Skirt on 1
Returning tip
	Dropping tip into A4 of Opentrons OT-2 96 Filter Tip Rack 200 µL on 5
Delaying for 0 minutes and 30.0 seconds
--> Remove ETOH Wash #1
Picking up tip from A5 of Opentrons OT-2 96 Filter Tip Rack 200 µL on 6
Moving to A1 of NEST 96 Well Plate 100 µL PCR Full Skirt on 1
Aspirating 150.0 uL from A1 of NEST 96 Well Plate 100 µL PCR Full Skirt on 1 at 37.5 uL/sec
Moving to A1 of NEST 96 Well Plate 100 µL PCR Full Skirt on 1
Delaying for 0 minutes and 6.0 seconds
Aspirating 50.0 uL from A1 of NEST 96 Well Plate 100 µL PCR Full Skirt on 1 at 37.5 uL/sec
Dispensing 200.0 uL into A12 of NEST 96 Deep Well Plate 2mL on 2 at 300.0 uL/sec
Moving to A12 of NEST 96 Deep Well Plate 2mL on 2
Delaying for 0 minutes and 6.0 seconds
Blowing out at A12 of NEST 96 Deep Well Plate 2mL on 2
Returning tip
	Dropping tip into A5 of Opentrons OT-2 96 Filter Tip Rack 200 µL on 6
--> ETOH Wash #2
Picking up tip from A4 of Opentrons OT-2 96 Filter Tip Rack 200 µL on 5
Aspirating 150.0 uL from A4 of NEST 96 Deep Well Plate 2mL on 2 at 150.0 uL/sec
Moving to A1 of NEST 96 Well Plate 100 µL PCR Full Skirt on 1
Dispensing 100.0 uL into A1 of NEST 96 Well Plate 100 µL PCR Full Skirt on 1 at 150.0 uL/sec
Moving to A1 of NEST 96 Well Plate 100 µL PCR Full Skirt on 1
Dispensing 50.0 uL into A1 of NEST 96 Well Plate 100 µL PCR Full Skirt on 1 at 150.0 uL/sec
Moving to A1 of NEST 96 Well Plate 100 µL PCR Full Skirt on 1
Moving to A1 of NEST 96 Well Plate 100 µL PCR Full Skirt on 1
Delaying for 0 minutes and 6.0 seconds
Blowing out at A1 of NEST 96 Well Plate 100 µL PCR Full Skirt on 1
Returning tip
	Dropping tip into A4 of Opentrons OT-2 96 Filter Tip Rack 200 µL on 5
Delaying for 0 minutes and 30.0 seconds
--> Remove ETOH Wash #2
Picking up tip from A5 of Opentrons OT-2 96 Filter Tip Rack 200 µL on 6
Moving to A1 of NEST 96 Well Plate 100 µL PCR Full Skirt on 1
Aspirating 150.0 uL from A1 of NEST 96 Well Plate 100 µL PCR Full Skirt on 1 at 37.5 uL/sec
Moving to A1 of NEST 96 Well Plate 100 µL PCR Full Skirt on 1
Delaying for 0 minutes and 6.0 seconds
Aspirating 50.0 uL from A1 of NEST 96 Well Plate 100 µL PCR Full Skirt on 1 at 37.5 uL/sec
Dispensing 200.0 uL into A12 of NEST 96 Deep Well Plate 2mL on 2 at 300.0 uL/sec
Moving to A12 of NEST 96 Deep Well Plate 2mL on 2
Delaying for 0 minutes and 6.0 seconds
Blowing out at A12 of NEST 96 Deep Well Plate 2mL on 2
Returning tip
	Dropping tip into A5 of Opentrons OT-2 96 Filter Tip Rack 200 µL on 6
--> Removing Residual ETOH
Picking up tip from A5 of Opentrons OT-2 96 Filter Tip Rack 200 µL on 6
Moving to A1 of NEST 96 Well Plate 100 µL PCR Full Skirt on 1
Aspirating 20.0 uL from A1 of NEST 96 Well Plate 100 µL PCR Full Skirt on 1 at 37.5 uL/sec
Moving to 11
Returning tip
	Dropping tip into A5 of Opentrons OT-2 96 Filter Tip Rack 200 µL on 6
--> Adding RSB
Picking up tip from A6 of Opentrons OT-2 96 Filter Tip Rack 200 µL on 6
Aspirating 25.0 uL from A6 of NEST 96 Deep Well Plate 2mL on 2 at 150.0 uL/sec
Moving to A1 of NEST 96 Well Plate 100 µL PCR Full Skirt on 1
Dispensing 5.0 uL into A1 of NEST 96 Well Plate 100 µL PCR Full Skirt on 1 at 225.0 uL/sec
Moving to A1 of NEST 96 Well Plate 100 µL PCR Full Skirt on 1
Dispensing 5.0 uL into A1 of NEST 96 Well Plate 100 µL PCR Full Skirt on 1 at 225.0 uL/sec
Moving to A1 of NEST 96 Well Plate 100 µL PCR Full Skirt on 1
Dispensing 5.0 uL into A1 of NEST 96 Well Plate 100 µL PCR Full Skirt on 1 at 225.0 uL/sec
Moving to A1 of NEST 96 Well Plate 100 µL PCR Full Skirt on 1
Dispensing 5.0 uL into A1 of NEST 96 Well Plate 100 µL PCR Full Skirt on 1 at 225.0 uL/sec
Moving to A1 of NEST 96 Well Plate 100 µL PCR Full Skirt on 1
Dispensing 5.0 uL into A1 of NEST 96 Well Plate 100 µL PCR Full Skirt on 1 at 225.0 uL/sec
Moving to A1 of NEST 96 Well Plate 100 µL PCR Full Skirt on 1
Aspirating 25.0 uL from A1 of NEST 96 Well Plate 100 µL PCR Full Skirt on 1 at 75.0 uL/sec
Moving to A1 of NEST 96 Well Plate 100 µL PCR Full Skirt on 1
Dispensing 25.0 uL into A1 of NEST 96 Well Plate 100 µL PCR Full Skirt on 1 at 300.0 uL/sec
Moving to A1 of NEST 96 Well Plate 100 µL PCR Full Skirt on 1
Aspirating 25.0 uL from A1 of NEST 96 Well Plate 100 µL PCR Full Skirt on 1 at 75.0 uL/sec
Moving to A1 of NEST 96 Well Plate 100 µL PCR Full Skirt on 1
Dispensing 25.0 uL into A1 of NEST 96 Well Plate 100 µL PCR Full Skirt on 1 at 300.0 uL/sec
Moving to A1 of NEST 96 Well Plate 100 µL PCR Full Skirt on 1
Aspirating 25.0 uL from A1 of NEST 96 Well Plate 100 µL PCR Full Skirt on 1 at 75.0 uL/sec
Moving to A1 of NEST 96 Well Plate 100 µL PCR Full Skirt on 1
Dispensing 25.0 uL into A1 of NEST 96 Well Plate 100 µL PCR Full Skirt on 1 at 300.0 uL/sec
Moving to A1 of NEST 96 Well Plate 100 µL PCR Full Skirt on 1
Aspirating 25.0 uL from A1 of NEST 96 Well Plate 100 µL PCR Full Skirt on 1 at 75.0 uL/sec
Moving to A1 of NEST 96 Well Plate 100 µL PCR Full Skirt on 1
Dispensing 25.0 uL into A1 of NEST 96 Well Plate 100 µL PCR Full Skirt on 1 at 300.0 uL/sec
Moving to A1 of NEST 96 Well Plate 100 µL PCR Full Skirt on 1
Aspirating 25.0 uL from A1 of NEST 96 Well Plate 100 µL PCR Full Skirt on 1 at 75.0 uL/sec
Moving to A1 of NEST 96 Well Plate 100 µL PCR Full Skirt on 1
Dispensing 25.0 uL into A1 of NEST 96 Well Plate 100 µL PCR Full Skirt on 1 at 300.0 uL/sec
Moving to A1 of NEST 96 Well Plate 100 µL PCR Full Skirt on 1
Mixing 5 times with a volume of 25.0 ul
	Aspirating 25.0 uL from A1 of NEST 96 Well Plate 100 µL PCR Full Skirt on 1 at 150.0 uL/sec
	Dispensing 25.0 uL into A1 of NEST 96 Well Plate 100 µL PCR Full Skirt on 1 at 300.0 uL/sec
	Aspirating 25.0 uL from A1 of NEST 96 Well Plate 100 µL PCR Full Skirt on 1 at 150.0 uL/sec
	Dispensing 25.0 uL into A1 of NEST 96 Well Plate 100 µL PCR Full Skirt on 1 at 300.0 uL/sec
	Aspirating 25.0 uL from A1 of NEST 96 Well Plate 100 µL PCR Full Skirt on 1 at 150.0 uL/sec
	Dispensing 25.0 uL into A1 of NEST 96 Well Plate 100 µL PCR Full Skirt on 1 at 300.0 uL/sec
	Aspirating 25.0 uL from A1 of NEST 96 Well Plate 100 µL PCR Full Skirt on 1 at 150.0 uL/sec
	Dispensing 25.0 uL into A1 of NEST 96 Well Plate 100 µL PCR Full Skirt on 1 at 300.0 uL/sec
	Aspirating 25.0 uL from A1 of NEST 96 Well Plate 100 µL PCR Full Skirt on 1 at 150.0 uL/sec
	Dispensing 25.0 uL into A1 of NEST 96 Well Plate 100 µL PCR Full Skirt on 1 at 300.0 uL/sec
Moving to A1 of NEST 96 Well Plate 100 µL PCR Full Skirt on 1
Mixing 5 times with a volume of 25.0 ul
	Aspirating 25.0 uL from A1 of NEST 96 Well Plate 100 µL PCR Full Skirt on 1 at 150.0 uL/sec
	Dispensing 25.0 uL into A1 of NEST 96 Well Plate 100 µL PCR Full Skirt on 1 at 300.0 uL/sec
	Aspirating 25.0 uL from A1 of NEST 96 Well Plate 100 µL PCR Full Skirt on 1 at 150.0 uL/sec
	Dispensing 25.0 uL into A1 of NEST 96 Well Plate 100 µL PCR Full Skirt on 1 at 300.0 uL/sec
	Aspirating 25.0 uL from A1 of NEST 96 Well Plate 100 µL PCR Full Skirt on 1 at 150.0 uL/sec
	Dispensing 25.0 uL into A1 of NEST 96 Well Plate 100 µL PCR Full Skirt on 1 at 300.0 uL/sec
	Aspirating 25.0 uL from A1 of NEST 96 Well Plate 100 µL PCR Full Skirt on 1 at 150.0 uL/sec
	Dispensing 25.0 uL into A1 of NEST 96 Well Plate 100 µL PCR Full Skirt on 1 at 300.0 uL/sec
	Aspirating 25.0 uL from A1 of NEST 96 Well Plate 100 µL PCR Full Skirt on 1 at 150.0 uL/sec
	Dispensing 25.0 uL into A1 of NEST 96 Well Plate 100 µL PCR Full Skirt on 1 at 300.0 uL/sec
Moving to A1 of NEST 96 Well Plate 100 µL PCR Full Skirt on 1
Mixing 5 times with a volume of 25.0 ul
	Aspirating 25.0 uL from A1 of NEST 96 Well Plate 100 µL PCR Full Skirt on 1 at 150.0 uL/sec
	Dispensing 25.0 uL into A1 of NEST 96 Well Plate 100 µL PCR Full Skirt on 1 at 300.0 uL/sec
	Aspirating 25.0 uL from A1 of NEST 96 Well Plate 100 µL PCR Full Skirt on 1 at 150.0 uL/sec
	Dispensing 25.0 uL into A1 of NEST 96 Well Plate 100 µL PCR Full Skirt on 1 at 300.0 uL/sec
	Aspirating 25.0 uL from A1 of NEST 96 Well Plate 100 µL PCR Full Skirt on 1 at 150.0 uL/sec
	Dispensing 25.0 uL into A1 of NEST 96 Well Plate 100 µL PCR Full Skirt on 1 at 300.0 uL/sec
	Aspirating 25.0 uL from A1 of NEST 96 Well Plate 100 µL PCR Full Skirt on 1 at 150.0 uL/sec
	Dispensing 25.0 uL into A1 of NEST 96 Well Plate 100 µL PCR Full Skirt on 1 at 300.0 uL/sec
	Aspirating 25.0 uL from A1 of NEST 96 Well Plate 100 µL PCR Full Skirt on 1 at 150.0 uL/sec
	Dispensing 25.0 uL into A1 of NEST 96 Well Plate 100 µL PCR Full Skirt on 1 at 300.0 uL/sec
Moving to A1 of NEST 96 Well Plate 100 µL PCR Full Skirt on 1
Mixing 5 times with a volume of 25.0 ul
	Aspirating 25.0 uL from A1 of NEST 96 Well Plate 100 µL PCR Full Skirt on 1 at 150.0 uL/sec
	Dispensing 25.0 uL into A1 of NEST 96 Well Plate 100 µL PCR Full Skirt on 1 at 300.0 uL/sec
	Aspirating 25.0 uL from A1 of NEST 96 Well Plate 100 µL PCR Full Skirt on 1 at 150.0 uL/sec
	Dispensing 25.0 uL into A1 of NEST 96 Well Plate 100 µL PCR Full Skirt on 1 at 300.0 uL/sec
	Aspirating 25.0 uL from A1 of NEST 96 Well Plate 100 µL PCR Full Skirt on 1 at 150.0 uL/sec
	Dispensing 25.0 uL into A1 of NEST 96 Well Plate 100 µL PCR Full Skirt on 1 at 300.0 uL/sec
	Aspirating 25.0 uL from A1 of NEST 96 Well Plate 100 µL PCR Full Skirt on 1 at 150.0 uL/sec
	Dispensing 25.0 uL into A1 of NEST 96 Well Plate 100 µL PCR Full Skirt on 1 at 300.0 uL/sec
	Aspirating 25.0 uL from A1 of NEST 96 Well Plate 100 µL PCR Full Skirt on 1 at 150.0 uL/sec
	Dispensing 25.0 uL into A1 of NEST 96 Well Plate 100 µL PCR Full Skirt on 1 at 300.0 uL/sec
Moving to A1 of NEST 96 Well Plate 100 µL PCR Full Skirt on 1
Mixing 5 times with a volume of 25.0 ul
	Aspirating 25.0 uL from A1 of NEST 96 Well Plate 100 µL PCR Full Skirt on 1 at 150.0 uL/sec
	Dispensing 25.0 uL into A1 of NEST 96 Well Plate 100 µL PCR Full Skirt on 1 at 300.0 uL/sec
	Aspirating 25.0 uL from A1 of NEST 96 Well Plate 100 µL PCR Full Skirt on 1 at 150.0 uL/sec
	Dispensing 25.0 uL into A1 of NEST 96 Well Plate 100 µL PCR Full Skirt on 1 at 300.0 uL/sec
	Aspirating 25.0 uL from A1 of NEST 96 Well Plate 100 µL PCR Full Skirt on 1 at 150.0 uL/sec
	Dispensing 25.0 uL into A1 of NEST 96 Well Plate 100 µL PCR Full Skirt on 1 at 300.0 uL/sec
	Aspirating 25.0 uL from A1 of NEST 96 Well Plate 100 µL PCR Full Skirt on 1 at 150.0 uL/sec
	Dispensing 25.0 uL into A1 of NEST 96 Well Plate 100 µL PCR Full Skirt on 1 at 300.0 uL/sec
	Aspirating 25.0 uL from A1 of NEST 96 Well Plate 100 µL PCR Full Skirt on 1 at 150.0 uL/sec
	Dispensing 25.0 uL into A1 of NEST 96 Well Plate 100 µL PCR Full Skirt on 1 at 300.0 uL/sec
Moving to A1 of NEST 96 Well Plate 100 µL PCR Full Skirt on 1
Mixing 5 times with a volume of 25.0 ul
	Aspirating 25.0 uL from A1 of NEST 96 Well Plate 100 µL PCR Full Skirt on 1 at 150.0 uL/sec
	Dispensing 25.0 uL into A1 of NEST 96 Well Plate 100 µL PCR Full Skirt on 1 at 300.0 uL/sec
	Aspirating 25.0 uL from A1 of NEST 96 Well Plate 100 µL PCR Full Skirt on 1 at 150.0 uL/sec
	Dispensing 25.0 uL into A1 of NEST 96 Well Plate 100 µL PCR Full Skirt on 1 at 300.0 uL/sec
	Aspirating 25.0 uL from A1 of NEST 96 Well Plate 100 µL PCR Full Skirt on 1 at 150.0 uL/sec
	Dispensing 25.0 uL into A1 of NEST 96 Well Plate 100 µL PCR Full Skirt on 1 at 300.0 uL/sec
	Aspirating 25.0 uL from A1 of NEST 96 Well Plate 100 µL PCR Full Skirt on 1 at 150.0 uL/sec
	Dispensing 25.0 uL into A1 of NEST 96 Well Plate 100 µL PCR Full Skirt on 1 at 300.0 uL/sec
	Aspirating 25.0 uL from A1 of NEST 96 Well Plate 100 µL PCR Full Skirt on 1 at 150.0 uL/sec
	Dispensing 25.0 uL into A1 of NEST 96 Well Plate 100 µL PCR Full Skirt on 1 at 300.0 uL/sec
Moving to A1 of NEST 96 Well Plate 100 µL PCR Full Skirt on 1
Mixing 5 times with a volume of 25.0 ul
	Aspirating 25.0 uL from A1 of NEST 96 Well Plate 100 µL PCR Full Skirt on 1 at 150.0 uL/sec
	Dispensing 25.0 uL into A1 of NEST 96 Well Plate 100 µL PCR Full Skirt on 1 at 300.0 uL/sec
	Aspirating 25.0 uL from A1 of NEST 96 Well Plate 100 µL PCR Full Skirt on 1 at 150.0 uL/sec
	Dispensing 25.0 uL into A1 of NEST 96 Well Plate 100 µL PCR Full Skirt on 1 at 300.0 uL/sec
	Aspirating 25.0 uL from A1 of NEST 96 Well Plate 100 µL PCR Full Skirt on 1 at 150.0 uL/sec
	Dispensing 25.0 uL into A1 of NEST 96 Well Plate 100 µL PCR Full Skirt on 1 at 300.0 uL/sec
	Aspirating 25.0 uL from A1 of NEST 96 Well Plate 100 µL PCR Full Skirt on 1 at 150.0 uL/sec
	Dispensing 25.0 uL into A1 of NEST 96 Well Plate 100 µL PCR Full Skirt on 1 at 300.0 uL/sec
	Aspirating 25.0 uL from A1 of NEST 96 Well Plate 100 µL PCR Full Skirt on 1 at 150.0 uL/sec
	Dispensing 25.0 uL into A1 of NEST 96 Well Plate 100 µL PCR Full Skirt on 1 at 300.0 uL/sec
Moving to A1 of NEST 96 Well Plate 100 µL PCR Full Skirt on 1
Mixing 5 times with a volume of 25.0 ul
	Aspirating 25.0 uL from A1 of NEST 96 Well Plate 100 µL PCR Full Skirt on 1 at 150.0 uL/sec
	Dispensing 25.0 uL into A1 of NEST 96 Well Plate 100 µL PCR Full Skirt on 1 at 300.0 uL/sec
	Aspirating 25.0 uL from A1 of NEST 96 Well Plate 100 µL PCR Full Skirt on 1 at 150.0 uL/sec
	Dispensing 25.0 uL into A1 of NEST 96 Well Plate 100 µL PCR Full Skirt on 1 at 300.0 uL/sec
	Aspirating 25.0 uL from A1 of NEST 96 Well Plate 100 µL PCR Full Skirt on 1 at 150.0 uL/sec
	Dispensing 25.0 uL into A1 of NEST 96 Well Plate 100 µL PCR Full Skirt on 1 at 300.0 uL/sec
	Aspirating 25.0 uL from A1 of NEST 96 Well Plate 100 µL PCR Full Skirt on 1 at 150.0 uL/sec
	Dispensing 25.0 uL into A1 of NEST 96 Well Plate 100 µL PCR Full Skirt on 1 at 300.0 uL/sec
	Aspirating 25.0 uL from A1 of NEST 96 Well Plate 100 µL PCR Full Skirt on 1 at 150.0 uL/sec
	Dispensing 25.0 uL into A1 of NEST 96 Well Plate 100 µL PCR Full Skirt on 1 at 300.0 uL/sec
Moving to A1 of NEST 96 Well Plate 100 µL PCR Full Skirt on 1
Mixing 5 times with a volume of 25.0 ul
	Aspirating 25.0 uL from A1 of NEST 96 Well Plate 100 µL PCR Full Skirt on 1 at 150.0 uL/sec
	Dispensing 25.0 uL into A1 of NEST 96 Well Plate 100 µL PCR Full Skirt on 1 at 300.0 uL/sec
	Aspirating 25.0 uL from A1 of NEST 96 Well Plate 100 µL PCR Full Skirt on 1 at 150.0 uL/sec
	Dispensing 25.0 uL into A1 of NEST 96 Well Plate 100 µL PCR Full Skirt on 1 at 300.0 uL/sec
	Aspirating 25.0 uL from A1 of NEST 96 Well Plate 100 µL PCR Full Skirt on 1 at 150.0 uL/sec
	Dispensing 25.0 uL into A1 of NEST 96 Well Plate 100 µL PCR Full Skirt on 1 at 300.0 uL/sec
	Aspirating 25.0 uL from A1 of NEST 96 Well Plate 100 µL PCR Full Skirt on 1 at 150.0 uL/sec
	Dispensing 25.0 uL into A1 of NEST 96 Well Plate 100 µL PCR Full Skirt on 1 at 300.0 uL/sec
	Aspirating 25.0 uL from A1 of NEST 96 Well Plate 100 µL PCR Full Skirt on 1 at 150.0 uL/sec
	Dispensing 25.0 uL into A1 of NEST 96 Well Plate 100 µL PCR Full Skirt on 1 at 300.0 uL/sec
Moving to A1 of NEST 96 Well Plate 100 µL PCR Full Skirt on 1
Mixing 5 times with a volume of 25.0 ul
	Aspirating 25.0 uL from A1 of NEST 96 Well Plate 100 µL PCR Full Skirt on 1 at 150.0 uL/sec
	Dispensing 25.0 uL into A1 of NEST 96 Well Plate 100 µL PCR Full Skirt on 1 at 300.0 uL/sec
	Aspirating 25.0 uL from A1 of NEST 96 Well Plate 100 µL PCR Full Skirt on 1 at 150.0 uL/sec
	Dispensing 25.0 uL into A1 of NEST 96 Well Plate 100 µL PCR Full Skirt on 1 at 300.0 uL/sec
	Aspirating 25.0 uL from A1 of NEST 96 Well Plate 100 µL PCR Full Skirt on 1 at 150.0 uL/sec
	Dispensing 25.0 uL into A1 of NEST 96 Well Plate 100 µL PCR Full Skirt on 1 at 300.0 uL/sec
	Aspirating 25.0 uL from A1 of NEST 96 Well Plate 100 µL PCR Full Skirt on 1 at 150.0 uL/sec
	Dispensing 25.0 uL into A1 of NEST 96 Well Plate 100 µL PCR Full Skirt on 1 at 300.0 uL/sec
	Aspirating 25.0 uL from A1 of NEST 96 Well Plate 100 µL PCR Full Skirt on 1 at 150.0 uL/sec
	Dispensing 25.0 uL into A1 of NEST 96 Well Plate 100 µL PCR Full Skirt on 1 at 300.0 uL/sec
Moving to A1 of NEST 96 Well Plate 100 µL PCR Full Skirt on 1
Mixing 5 times with a volume of 25.0 ul
	Aspirating 25.0 uL from A1 of NEST 96 Well Plate 100 µL PCR Full Skirt on 1 at 150.0 uL/sec
	Dispensing 25.0 uL into A1 of NEST 96 Well Plate 100 µL PCR Full Skirt on 1 at 300.0 uL/sec
	Aspirating 25.0 uL from A1 of NEST 96 Well Plate 100 µL PCR Full Skirt on 1 at 150.0 uL/sec
	Dispensing 25.0 uL into A1 of NEST 96 Well Plate 100 µL PCR Full Skirt on 1 at 300.0 uL/sec
	Aspirating 25.0 uL from A1 of NEST 96 Well Plate 100 µL PCR Full Skirt on 1 at 150.0 uL/sec
	Dispensing 25.0 uL into A1 of NEST 96 Well Plate 100 µL PCR Full Skirt on 1 at 300.0 uL/sec
	Aspirating 25.0 uL from A1 of NEST 96 Well Plate 100 µL PCR Full Skirt on 1 at 150.0 uL/sec
	Dispensing 25.0 uL into A1 of NEST 96 Well Plate 100 µL PCR Full Skirt on 1 at 300.0 uL/sec
	Aspirating 25.0 uL from A1 of NEST 96 Well Plate 100 µL PCR Full Skirt on 1 at 150.0 uL/sec
	Dispensing 25.0 uL into A1 of NEST 96 Well Plate 100 µL PCR Full Skirt on 1 at 300.0 uL/sec
Moving to A1 of NEST 96 Well Plate 100 µL PCR Full Skirt on 1
Mixing 5 times with a volume of 25.0 ul
	Aspirating 25.0 uL from A1 of NEST 96 Well Plate 100 µL PCR Full Skirt on 1 at 150.0 uL/sec
	Dispensing 25.0 uL into A1 of NEST 96 Well Plate 100 µL PCR Full Skirt on 1 at 300.0 uL/sec
	Aspirating 25.0 uL from A1 of NEST 96 Well Plate 100 µL PCR Full Skirt on 1 at 150.0 uL/sec
	Dispensing 25.0 uL into A1 of NEST 96 Well Plate 100 µL PCR Full Skirt on 1 at 300.0 uL/sec
	Aspirating 25.0 uL from A1 of NEST 96 Well Plate 100 µL PCR Full Skirt on 1 at 150.0 uL/sec
	Dispensing 25.0 uL into A1 of NEST 96 Well Plate 100 µL PCR Full Skirt on 1 at 300.0 uL/sec
	Aspirating 25.0 uL from A1 of NEST 96 Well Plate 100 µL PCR Full Skirt on 1 at 150.0 uL/sec
	Dispensing 25.0 uL into A1 of NEST 96 Well Plate 100 µL PCR Full Skirt on 1 at 300.0 uL/sec
	Aspirating 25.0 uL from A1 of NEST 96 Well Plate 100 µL PCR Full Skirt on 1 at 150.0 uL/sec
	Dispensing 25.0 uL into A1 of NEST 96 Well Plate 100 µL PCR Full Skirt on 1 at 300.0 uL/sec
Moving to A1 of NEST 96 Well Plate 100 µL PCR Full Skirt on 1
Mixing 5 times with a volume of 25.0 ul
	Aspirating 25.0 uL from A1 of NEST 96 Well Plate 100 µL PCR Full Skirt on 1 at 150.0 uL/sec
	Dispensing 25.0 uL into A1 of NEST 96 Well Plate 100 µL PCR Full Skirt on 1 at 300.0 uL/sec
	Aspirating 25.0 uL from A1 of NEST 96 Well Plate 100 µL PCR Full Skirt on 1 at 150.0 uL/sec
	Dispensing 25.0 uL into A1 of NEST 96 Well Plate 100 µL PCR Full Skirt on 1 at 300.0 uL/sec
	Aspirating 25.0 uL from A1 of NEST 96 Well Plate 100 µL PCR Full Skirt on 1 at 150.0 uL/sec
	Dispensing 25.0 uL into A1 of NEST 96 Well Plate 100 µL PCR Full Skirt on 1 at 300.0 uL/sec
	Aspirating 25.0 uL from A1 of NEST 96 Well Plate 100 µL PCR Full Skirt on 1 at 150.0 uL/sec
	Dispensing 25.0 uL into A1 of NEST 96 Well Plate 100 µL PCR Full Skirt on 1 at 300.0 uL/sec
	Aspirating 25.0 uL from A1 of NEST 96 Well Plate 100 µL PCR Full Skirt on 1 at 150.0 uL/sec
	Dispensing 25.0 uL into A1 of NEST 96 Well Plate 100 µL PCR Full Skirt on 1 at 300.0 uL/sec
Moving to A1 of NEST 96 Well Plate 100 µL PCR Full Skirt on 1
Delaying for 0 minutes and 0.5 seconds
Moving to A1 of NEST 96 Well Plate 100 µL PCR Full Skirt on 1
Returning tip
	Dropping tip into A6 of Opentrons OT-2 96 Filter Tip Rack 200 µL on 6
--> Transferring Supernatant
Picking up tip from A6 of Opentrons OT-2 96 Filter Tip Rack 200 µL on 6
Moving to A1 of NEST 96 Well Plate 100 µL PCR Full Skirt on 1
Aspirating 20.0 uL from A1 of NEST 96 Well Plate 100 µL PCR Full Skirt on 1 at 37.5 uL/sec
Dispensing 25.0 uL into A7 of NEST 96 Well Plate 100 µL PCR Full Skirt on 1 at 300.0 uL/sec
Moving to 11
Returning tip
	Dropping tip into A6 of Opentrons OT-2 96 Filter Tip Rack 200 µL on 6
==============================================
--> Amplification
==============================================
--> Adding Barcodes
Picking up tip from A3 of Opentrons OT-2 96 Filter Tip Rack 20 µL on 4
Aspirating 5.0 uL from A3 of Opentrons 96 Well Aluminum Block with Bio-Rad Well Plate 200 µL on 3 at 1.25 uL/sec
Dispensing 5.0 uL into A7 of NEST 96 Well Plate 100 µL PCR Full Skirt on 1 at 10.0 uL/sec
Mixing 3 times with a volume of 10.0 ul
	Aspirating 10.0 uL from A7 of NEST 96 Well Plate 100 µL PCR Full Skirt on 1 at 5.0 uL/sec
	Dispensing 10.0 uL into A7 of NEST 96 Well Plate 100 µL PCR Full Skirt on 1 at 10.0 uL/sec
	Aspirating 10.0 uL from A7 of NEST 96 Well Plate 100 µL PCR Full Skirt on 1 at 5.0 uL/sec
	Dispensing 10.0 uL into A7 of NEST 96 Well Plate 100 µL PCR Full Skirt on 1 at 10.0 uL/sec
	Aspirating 10.0 uL from A7 of NEST 96 Well Plate 100 µL PCR Full Skirt on 1 at 5.0 uL/sec
	Dispensing 10.0 uL into A7 of NEST 96 Well Plate 100 µL PCR Full Skirt on 1 at 10.0 uL/sec
Returning tip
	Dropping tip into A3 of Opentrons OT-2 96 Filter Tip Rack 20 µL on 4
--> Adding HotStart
Picking up tip from A5 of Opentrons OT-2 96 Filter Tip Rack 200 µL on 5
Mixing 2 times with a volume of 25.0 ul
	Aspirating 25.0 uL from A4 of Opentrons 96 Well Aluminum Block with Bio-Rad Well Plate 200 µL on 3 at 75.0 uL/sec
	Dispensing 25.0 uL into A4 of Opentrons 96 Well Aluminum Block with Bio-Rad Well Plate 200 µL on 3 at 150.0 uL/sec
	Aspirating 25.0 uL from A4 of Opentrons 96 Well Aluminum Block with Bio-Rad Well Plate 200 µL on 3 at 75.0 uL/sec
	Dispensing 25.0 uL into A4 of Opentrons 96 Well Aluminum Block with Bio-Rad Well Plate 200 µL on 3 at 150.0 uL/sec
Aspirating 25.0 uL from A4 of Opentrons 96 Well Aluminum Block with Bio-Rad Well Plate 200 µL on 3 at 37.5 uL/sec
Dispensing 25.0 uL into A7 of NEST 96 Well Plate 100 µL PCR Full Skirt on 1 at 75.0 uL/sec
Mixing 1 times with a volume of 50.0 ul
	Aspirating 50.0 uL from A7 of NEST 96 Well Plate 100 µL PCR Full Skirt on 1 at 75.0 uL/sec
	Dispensing 50.0 uL into A7 of NEST 96 Well Plate 100 µL PCR Full Skirt on 1 at 150.0 uL/sec
Moving to A7 of NEST 96 Well Plate 100 µL PCR Full Skirt on 1
Delaying for 0 minutes and 6.0 seconds
Blowing out at A7 of NEST 96 Well Plate 100 µL PCR Full Skirt on 1
Moving to 11
Returning tip
	Dropping tip into A5 of Opentrons OT-2 96 Filter Tip Rack 200 µL on 5
==============================================
--> Cleanup 2
==============================================
--> ADDING AMPure (0.8x)
Picking up tip from A6 of Opentrons OT-2 96 Filter Tip Rack 200 µL on 5
Mixing 10 times with a volume of 50.0 ul
	Aspirating 50.0 uL from A1 of NEST 96 Deep Well Plate 2mL on 2 at 150.0 uL/sec
	Dispensing 50.0 uL into A1 of NEST 96 Deep Well Plate 2mL on 2 at 300.0 uL/sec
	Aspirating 50.0 uL from A1 of NEST 96 Deep Well Plate 2mL on 2 at 150.0 uL/sec
	Dispensing 50.0 uL into A1 of NEST 96 Deep Well Plate 2mL on 2 at 300.0 uL/sec
	Aspirating 50.0 uL from A1 of NEST 96 Deep Well Plate 2mL on 2 at 150.0 uL/sec
	Dispensing 50.0 uL into A1 of NEST 96 Deep Well Plate 2mL on 2 at 300.0 uL/sec
	Aspirating 50.0 uL from A1 of NEST 96 Deep Well Plate 2mL on 2 at 150.0 uL/sec
	Dispensing 50.0 uL into A1 of NEST 96 Deep Well Plate 2mL on 2 at 300.0 uL/sec
	Aspirating 50.0 uL from A1 of NEST 96 Deep Well Plate 2mL on 2 at 150.0 uL/sec
	Dispensing 50.0 uL into A1 of NEST 96 Deep Well Plate 2mL on 2 at 300.0 uL/sec
	Aspirating 50.0 uL from A1 of NEST 96 Deep Well Plate 2mL on 2 at 150.0 uL/sec
	Dispensing 50.0 uL into A1 of NEST 96 Deep Well Plate 2mL on 2 at 300.0 uL/sec
	Aspirating 50.0 uL from A1 of NEST 96 Deep Well Plate 2mL on 2 at 150.0 uL/sec
	Dispensing 50.0 uL into A1 of NEST 96 Deep Well Plate 2mL on 2 at 300.0 uL/sec
	Aspirating 50.0 uL from A1 of NEST 96 Deep Well Plate 2mL on 2 at 150.0 uL/sec
	Dispensing 50.0 uL into A1 of NEST 96 Deep Well Plate 2mL on 2 at 300.0 uL/sec
	Aspirating 50.0 uL from A1 of NEST 96 Deep Well Plate 2mL on 2 at 150.0 uL/sec
	Dispensing 50.0 uL into A1 of NEST 96 Deep Well Plate 2mL on 2 at 300.0 uL/sec
	Aspirating 50.0 uL from A1 of NEST 96 Deep Well Plate 2mL on 2 at 150.0 uL/sec
	Dispensing 50.0 uL into A1 of NEST 96 Deep Well Plate 2mL on 2 at 300.0 uL/sec
Aspirating 40.0 uL from A1 of NEST 96 Deep Well Plate 2mL on 2 at 37.5 uL/sec
Dispensing 40.0 uL into A7 of NEST 96 Well Plate 100 µL PCR Full Skirt on 1 at 75.0 uL/sec
Moving to A7 of NEST 96 Well Plate 100 µL PCR Full Skirt on 1
Mixing 5 times with a volume of 80.0 ul
	Aspirating 80.0 uL from A7 of NEST 96 Well Plate 100 µL PCR Full Skirt on 1 at 150.0 uL/sec
	Dispensing 80.0 uL into A7 of NEST 96 Well Plate 100 µL PCR Full Skirt on 1 at 300.0 uL/sec
	Aspirating 80.0 uL from A7 of NEST 96 Well Plate 100 µL PCR Full Skirt on 1 at 150.0 uL/sec
	Dispensing 80.0 uL into A7 of NEST 96 Well Plate 100 µL PCR Full Skirt on 1 at 300.0 uL/sec
	Aspirating 80.0 uL from A7 of NEST 96 Well Plate 100 µL PCR Full Skirt on 1 at 150.0 uL/sec
	Dispensing 80.0 uL into A7 of NEST 96 Well Plate 100 µL PCR Full Skirt on 1 at 300.0 uL/sec
	Aspirating 80.0 uL from A7 of NEST 96 Well Plate 100 µL PCR Full Skirt on 1 at 150.0 uL/sec
	Dispensing 80.0 uL into A7 of NEST 96 Well Plate 100 µL PCR Full Skirt on 1 at 300.0 uL/sec
	Aspirating 80.0 uL from A7 of NEST 96 Well Plate 100 µL PCR Full Skirt on 1 at 150.0 uL/sec
	Dispensing 80.0 uL into A7 of NEST 96 Well Plate 100 µL PCR Full Skirt on 1 at 300.0 uL/sec
Blowing out at A7 of NEST 96 Well Plate 100 µL PCR Full Skirt on 1
Moving to 11
Returning tip
	Dropping tip into A6 of Opentrons OT-2 96 Filter Tip Rack 200 µL on 5
--> Removing Supernatant
Picking up tip from A7 of Opentrons OT-2 96 Filter Tip Rack 200 µL on 5
Moving to A7 of NEST 96 Well Plate 100 µL PCR Full Skirt on 1
Aspirating 70.0 uL from A7 of NEST 96 Well Plate 100 µL PCR Full Skirt on 1 at 37.5 uL/sec
Moving to A7 of NEST 96 Well Plate 100 µL PCR Full Skirt on 1
Delaying for 0 minutes and 6.0 seconds
Aspirating 20.0 uL from A7 of NEST 96 Well Plate 100 µL PCR Full Skirt on 1 at 30.0 uL/sec
Moving to A7 of NEST 96 Well Plate 100 µL PCR Full Skirt on 1
Delaying for 0 minutes and 6.0 seconds
Aspirating 10.0 uL from A7 of NEST 96 Well Plate 100 µL PCR Full Skirt on 1 at 15.0 uL/sec
Moving to A7 of NEST 96 Well Plate 100 µL PCR Full Skirt on 1
Dispensing 200.0 uL into A11 of NEST 96 Deep Well Plate 2mL on 2 at 300.0 uL/sec
Moving to 11
Returning tip
	Dropping tip into A7 of Opentrons OT-2 96 Filter Tip Rack 200 µL on 5
--> Repeating 2 washes
--> ETOH Wash #1
Picking up tip from A10 of Opentrons OT-2 96 Filter Tip Rack 200 µL on 9
Aspirating 150.0 uL from A4 of NEST 96 Deep Well Plate 2mL on 2 at 150.0 uL/sec
Moving to A7 of NEST 96 Well Plate 100 µL PCR Full Skirt on 1
Dispensing 100.0 uL into A7 of NEST 96 Well Plate 100 µL PCR Full Skirt on 1 at 150.0 uL/sec
Moving to A7 of NEST 96 Well Plate 100 µL PCR Full Skirt on 1
Dispensing 50.0 uL into A7 of NEST 96 Well Plate 100 µL PCR Full Skirt on 1 at 150.0 uL/sec
Moving to A7 of NEST 96 Well Plate 100 µL PCR Full Skirt on 1
Moving to A7 of NEST 96 Well Plate 100 µL PCR Full Skirt on 1
Delaying for 0 minutes and 6.0 seconds
Blowing out at A7 of NEST 96 Well Plate 100 µL PCR Full Skirt on 1
Returning tip
	Dropping tip into A10 of Opentrons OT-2 96 Filter Tip Rack 200 µL on 9
Delaying for 0 minutes and 30.0 seconds
--> Remove ETOH Wash #1
Picking up tip from A11 of Opentrons OT-2 96 Filter Tip Rack 200 µL on 9
Moving to A7 of NEST 96 Well Plate 100 µL PCR Full Skirt on 1
Aspirating 150.0 uL from A7 of NEST 96 Well Plate 100 µL PCR Full Skirt on 1 at 37.5 uL/sec
Moving to A7 of NEST 96 Well Plate 100 µL PCR Full Skirt on 1
Delaying for 0 minutes and 6.0 seconds
Aspirating 50.0 uL from A7 of NEST 96 Well Plate 100 µL PCR Full Skirt on 1 at 37.5 uL/sec
Dispensing 200.0 uL into A11 of NEST 96 Deep Well Plate 2mL on 2 at 300.0 uL/sec
Moving to A11 of NEST 96 Deep Well Plate 2mL on 2
Delaying for 0 minutes and 6.0 seconds
Blowing out at A11 of NEST 96 Deep Well Plate 2mL on 2
Returning tip
	Dropping tip into A11 of Opentrons OT-2 96 Filter Tip Rack 200 µL on 9
--> ETOH Wash #2
Picking up tip from A10 of Opentrons OT-2 96 Filter Tip Rack 200 µL on 9
Aspirating 150.0 uL from A4 of NEST 96 Deep Well Plate 2mL on 2 at 150.0 uL/sec
Moving to A7 of NEST 96 Well Plate 100 µL PCR Full Skirt on 1
Dispensing 100.0 uL into A7 of NEST 96 Well Plate 100 µL PCR Full Skirt on 1 at 150.0 uL/sec
Moving to A7 of NEST 96 Well Plate 100 µL PCR Full Skirt on 1
Dispensing 50.0 uL into A7 of NEST 96 Well Plate 100 µL PCR Full Skirt on 1 at 150.0 uL/sec
Moving to A7 of NEST 96 Well Plate 100 µL PCR Full Skirt on 1
Moving to A7 of NEST 96 Well Plate 100 µL PCR Full Skirt on 1
Delaying for 0 minutes and 6.0 seconds
Blowing out at A7 of NEST 96 Well Plate 100 µL PCR Full Skirt on 1
Returning tip
	Dropping tip into A10 of Opentrons OT-2 96 Filter Tip Rack 200 µL on 9
Delaying for 0 minutes and 30.0 seconds
--> Remove ETOH Wash #2
Picking up tip from A11 of Opentrons OT-2 96 Filter Tip Rack 200 µL on 9
Moving to A7 of NEST 96 Well Plate 100 µL PCR Full Skirt on 1
Aspirating 150.0 uL from A7 of NEST 96 Well Plate 100 µL PCR Full Skirt on 1 at 37.5 uL/sec
Moving to A7 of NEST 96 Well Plate 100 µL PCR Full Skirt on 1
Delaying for 0 minutes and 6.0 seconds
Aspirating 50.0 uL from A7 of NEST 96 Well Plate 100 µL PCR Full Skirt on 1 at 37.5 uL/sec
Dispensing 200.0 uL into A11 of NEST 96 Deep Well Plate 2mL on 2 at 300.0 uL/sec
Moving to A11 of NEST 96 Deep Well Plate 2mL on 2
Delaying for 0 minutes and 6.0 seconds
Blowing out at A11 of NEST 96 Deep Well Plate 2mL on 2
Returning tip
	Dropping tip into A11 of Opentrons OT-2 96 Filter Tip Rack 200 µL on 9
--> Removing Residual ETOH
Picking up tip from A11 of Opentrons OT-2 96 Filter Tip Rack 200 µL on 9
Moving to A7 of NEST 96 Well Plate 100 µL PCR Full Skirt on 1
Aspirating 20.0 uL from A7 of NEST 96 Well Plate 100 µL PCR Full Skirt on 1 at 37.5 uL/sec
Moving to 11
Returning tip
	Dropping tip into A11 of Opentrons OT-2 96 Filter Tip Rack 200 µL on 9
--> Adding RSB
Picking up tip from A12 of Opentrons OT-2 96 Filter Tip Rack 200 µL on 9
Aspirating 32.0 uL from A6 of NEST 96 Deep Well Plate 2mL on 2 at 150.0 uL/sec
Moving to A7 of NEST 96 Well Plate 100 µL PCR Full Skirt on 1
Dispensing 6.4 uL into A7 of NEST 96 Well Plate 100 µL PCR Full Skirt on 1 at 225.0 uL/sec
Moving to A7 of NEST 96 Well Plate 100 µL PCR Full Skirt on 1
Dispensing 6.4 uL into A7 of NEST 96 Well Plate 100 µL PCR Full Skirt on 1 at 225.0 uL/sec
Moving to A7 of NEST 96 Well Plate 100 µL PCR Full Skirt on 1
Dispensing 6.4 uL into A7 of NEST 96 Well Plate 100 µL PCR Full Skirt on 1 at 225.0 uL/sec
Moving to A7 of NEST 96 Well Plate 100 µL PCR Full Skirt on 1
Dispensing 6.4 uL into A7 of NEST 96 Well Plate 100 µL PCR Full Skirt on 1 at 225.0 uL/sec
Moving to A7 of NEST 96 Well Plate 100 µL PCR Full Skirt on 1
Dispensing 6.4 uL into A7 of NEST 96 Well Plate 100 µL PCR Full Skirt on 1 at 225.0 uL/sec
Moving to A7 of NEST 96 Well Plate 100 µL PCR Full Skirt on 1
Aspirating 32.0 uL from A7 of NEST 96 Well Plate 100 µL PCR Full Skirt on 1 at 75.0 uL/sec
Moving to A7 of NEST 96 Well Plate 100 µL PCR Full Skirt on 1
Dispensing 32.0 uL into A7 of NEST 96 Well Plate 100 µL PCR Full Skirt on 1 at 300.0 uL/sec
Moving to A7 of NEST 96 Well Plate 100 µL PCR Full Skirt on 1
Aspirating 32.0 uL from A7 of NEST 96 Well Plate 100 µL PCR Full Skirt on 1 at 75.0 uL/sec
Moving to A7 of NEST 96 Well Plate 100 µL PCR Full Skirt on 1
Dispensing 32.0 uL into A7 of NEST 96 Well Plate 100 µL PCR Full Skirt on 1 at 300.0 uL/sec
Moving to A7 of NEST 96 Well Plate 100 µL PCR Full Skirt on 1
Aspirating 32.0 uL from A7 of NEST 96 Well Plate 100 µL PCR Full Skirt on 1 at 75.0 uL/sec
Moving to A7 of NEST 96 Well Plate 100 µL PCR Full Skirt on 1
Dispensing 32.0 uL into A7 of NEST 96 Well Plate 100 µL PCR Full Skirt on 1 at 300.0 uL/sec
Moving to A7 of NEST 96 Well Plate 100 µL PCR Full Skirt on 1
Aspirating 32.0 uL from A7 of NEST 96 Well Plate 100 µL PCR Full Skirt on 1 at 75.0 uL/sec
Moving to A7 of NEST 96 Well Plate 100 µL PCR Full Skirt on 1
Dispensing 32.0 uL into A7 of NEST 96 Well Plate 100 µL PCR Full Skirt on 1 at 300.0 uL/sec
Moving to A7 of NEST 96 Well Plate 100 µL PCR Full Skirt on 1
Aspirating 32.0 uL from A7 of NEST 96 Well Plate 100 µL PCR Full Skirt on 1 at 75.0 uL/sec
Moving to A7 of NEST 96 Well Plate 100 µL PCR Full Skirt on 1
Dispensing 32.0 uL into A7 of NEST 96 Well Plate 100 µL PCR Full Skirt on 1 at 300.0 uL/sec
Moving to A7 of NEST 96 Well Plate 100 µL PCR Full Skirt on 1
Mixing 5 times with a volume of 25.0 ul
	Aspirating 25.0 uL from A7 of NEST 96 Well Plate 100 µL PCR Full Skirt on 1 at 150.0 uL/sec
	Dispensing 25.0 uL into A7 of NEST 96 Well Plate 100 µL PCR Full Skirt on 1 at 300.0 uL/sec
	Aspirating 25.0 uL from A7 of NEST 96 Well Plate 100 µL PCR Full Skirt on 1 at 150.0 uL/sec
	Dispensing 25.0 uL into A7 of NEST 96 Well Plate 100 µL PCR Full Skirt on 1 at 300.0 uL/sec
	Aspirating 25.0 uL from A7 of NEST 96 Well Plate 100 µL PCR Full Skirt on 1 at 150.0 uL/sec
	Dispensing 25.0 uL into A7 of NEST 96 Well Plate 100 µL PCR Full Skirt on 1 at 300.0 uL/sec
	Aspirating 25.0 uL from A7 of NEST 96 Well Plate 100 µL PCR Full Skirt on 1 at 150.0 uL/sec
	Dispensing 25.0 uL into A7 of NEST 96 Well Plate 100 µL PCR Full Skirt on 1 at 300.0 uL/sec
	Aspirating 25.0 uL from A7 of NEST 96 Well Plate 100 µL PCR Full Skirt on 1 at 150.0 uL/sec
	Dispensing 25.0 uL into A7 of NEST 96 Well Plate 100 µL PCR Full Skirt on 1 at 300.0 uL/sec
Moving to A7 of NEST 96 Well Plate 100 µL PCR Full Skirt on 1
Mixing 5 times with a volume of 25.0 ul
	Aspirating 25.0 uL from A7 of NEST 96 Well Plate 100 µL PCR Full Skirt on 1 at 150.0 uL/sec
	Dispensing 25.0 uL into A7 of NEST 96 Well Plate 100 µL PCR Full Skirt on 1 at 300.0 uL/sec
	Aspirating 25.0 uL from A7 of NEST 96 Well Plate 100 µL PCR Full Skirt on 1 at 150.0 uL/sec
	Dispensing 25.0 uL into A7 of NEST 96 Well Plate 100 µL PCR Full Skirt on 1 at 300.0 uL/sec
	Aspirating 25.0 uL from A7 of NEST 96 Well Plate 100 µL PCR Full Skirt on 1 at 150.0 uL/sec
	Dispensing 25.0 uL into A7 of NEST 96 Well Plate 100 µL PCR Full Skirt on 1 at 300.0 uL/sec
	Aspirating 25.0 uL from A7 of NEST 96 Well Plate 100 µL PCR Full Skirt on 1 at 150.0 uL/sec
	Dispensing 25.0 uL into A7 of NEST 96 Well Plate 100 µL PCR Full Skirt on 1 at 300.0 uL/sec
	Aspirating 25.0 uL from A7 of NEST 96 Well Plate 100 µL PCR Full Skirt on 1 at 150.0 uL/sec
	Dispensing 25.0 uL into A7 of NEST 96 Well Plate 100 µL PCR Full Skirt on 1 at 300.0 uL/sec
Moving to A7 of NEST 96 Well Plate 100 µL PCR Full Skirt on 1
Mixing 5 times with a volume of 25.0 ul
	Aspirating 25.0 uL from A7 of NEST 96 Well Plate 100 µL PCR Full Skirt on 1 at 150.0 uL/sec
	Dispensing 25.0 uL into A7 of NEST 96 Well Plate 100 µL PCR Full Skirt on 1 at 300.0 uL/sec
	Aspirating 25.0 uL from A7 of NEST 96 Well Plate 100 µL PCR Full Skirt on 1 at 150.0 uL/sec
	Dispensing 25.0 uL into A7 of NEST 96 Well Plate 100 µL PCR Full Skirt on 1 at 300.0 uL/sec
	Aspirating 25.0 uL from A7 of NEST 96 Well Plate 100 µL PCR Full Skirt on 1 at 150.0 uL/sec
	Dispensing 25.0 uL into A7 of NEST 96 Well Plate 100 µL PCR Full Skirt on 1 at 300.0 uL/sec
	Aspirating 25.0 uL from A7 of NEST 96 Well Plate 100 µL PCR Full Skirt on 1 at 150.0 uL/sec
	Dispensing 25.0 uL into A7 of NEST 96 Well Plate 100 µL PCR Full Skirt on 1 at 300.0 uL/sec
	Aspirating 25.0 uL from A7 of NEST 96 Well Plate 100 µL PCR Full Skirt on 1 at 150.0 uL/sec
	Dispensing 25.0 uL into A7 of NEST 96 Well Plate 100 µL PCR Full Skirt on 1 at 300.0 uL/sec
Moving to A7 of NEST 96 Well Plate 100 µL PCR Full Skirt on 1
Mixing 5 times with a volume of 25.0 ul
	Aspirating 25.0 uL from A7 of NEST 96 Well Plate 100 µL PCR Full Skirt on 1 at 150.0 uL/sec
	Dispensing 25.0 uL into A7 of NEST 96 Well Plate 100 µL PCR Full Skirt on 1 at 300.0 uL/sec
	Aspirating 25.0 uL from A7 of NEST 96 Well Plate 100 µL PCR Full Skirt on 1 at 150.0 uL/sec
	Dispensing 25.0 uL into A7 of NEST 96 Well Plate 100 µL PCR Full Skirt on 1 at 300.0 uL/sec
	Aspirating 25.0 uL from A7 of NEST 96 Well Plate 100 µL PCR Full Skirt on 1 at 150.0 uL/sec
	Dispensing 25.0 uL into A7 of NEST 96 Well Plate 100 µL PCR Full Skirt on 1 at 300.0 uL/sec
	Aspirating 25.0 uL from A7 of NEST 96 Well Plate 100 µL PCR Full Skirt on 1 at 150.0 uL/sec
	Dispensing 25.0 uL into A7 of NEST 96 Well Plate 100 µL PCR Full Skirt on 1 at 300.0 uL/sec
	Aspirating 25.0 uL from A7 of NEST 96 Well Plate 100 µL PCR Full Skirt on 1 at 150.0 uL/sec
	Dispensing 25.0 uL into A7 of NEST 96 Well Plate 100 µL PCR Full Skirt on 1 at 300.0 uL/sec
Moving to A7 of NEST 96 Well Plate 100 µL PCR Full Skirt on 1
Mixing 5 times with a volume of 25.0 ul
	Aspirating 25.0 uL from A7 of NEST 96 Well Plate 100 µL PCR Full Skirt on 1 at 150.0 uL/sec
	Dispensing 25.0 uL into A7 of NEST 96 Well Plate 100 µL PCR Full Skirt on 1 at 300.0 uL/sec
	Aspirating 25.0 uL from A7 of NEST 96 Well Plate 100 µL PCR Full Skirt on 1 at 150.0 uL/sec
	Dispensing 25.0 uL into A7 of NEST 96 Well Plate 100 µL PCR Full Skirt on 1 at 300.0 uL/sec
	Aspirating 25.0 uL from A7 of NEST 96 Well Plate 100 µL PCR Full Skirt on 1 at 150.0 uL/sec
	Dispensing 25.0 uL into A7 of NEST 96 Well Plate 100 µL PCR Full Skirt on 1 at 300.0 uL/sec
	Aspirating 25.0 uL from A7 of NEST 96 Well Plate 100 µL PCR Full Skirt on 1 at 150.0 uL/sec
	Dispensing 25.0 uL into A7 of NEST 96 Well Plate 100 µL PCR Full Skirt on 1 at 300.0 uL/sec
	Aspirating 25.0 uL from A7 of NEST 96 Well Plate 100 µL PCR Full Skirt on 1 at 150.0 uL/sec
	Dispensing 25.0 uL into A7 of NEST 96 Well Plate 100 µL PCR Full Skirt on 1 at 300.0 uL/sec
Moving to A7 of NEST 96 Well Plate 100 µL PCR Full Skirt on 1
Mixing 5 times with a volume of 25.0 ul
	Aspirating 25.0 uL from A7 of NEST 96 Well Plate 100 µL PCR Full Skirt on 1 at 150.0 uL/sec
	Dispensing 25.0 uL into A7 of NEST 96 Well Plate 100 µL PCR Full Skirt on 1 at 300.0 uL/sec
	Aspirating 25.0 uL from A7 of NEST 96 Well Plate 100 µL PCR Full Skirt on 1 at 150.0 uL/sec
	Dispensing 25.0 uL into A7 of NEST 96 Well Plate 100 µL PCR Full Skirt on 1 at 300.0 uL/sec
	Aspirating 25.0 uL from A7 of NEST 96 Well Plate 100 µL PCR Full Skirt on 1 at 150.0 uL/sec
	Dispensing 25.0 uL into A7 of NEST 96 Well Plate 100 µL PCR Full Skirt on 1 at 300.0 uL/sec
	Aspirating 25.0 uL from A7 of NEST 96 Well Plate 100 µL PCR Full Skirt on 1 at 150.0 uL/sec
	Dispensing 25.0 uL into A7 of NEST 96 Well Plate 100 µL PCR Full Skirt on 1 at 300.0 uL/sec
	Aspirating 25.0 uL from A7 of NEST 96 Well Plate 100 µL PCR Full Skirt on 1 at 150.0 uL/sec
	Dispensing 25.0 uL into A7 of NEST 96 Well Plate 100 µL PCR Full Skirt on 1 at 300.0 uL/sec
Moving to A7 of NEST 96 Well Plate 100 µL PCR Full Skirt on 1
Mixing 5 times with a volume of 25.0 ul
	Aspirating 25.0 uL from A7 of NEST 96 Well Plate 100 µL PCR Full Skirt on 1 at 150.0 uL/sec
	Dispensing 25.0 uL into A7 of NEST 96 Well Plate 100 µL PCR Full Skirt on 1 at 300.0 uL/sec
	Aspirating 25.0 uL from A7 of NEST 96 Well Plate 100 µL PCR Full Skirt on 1 at 150.0 uL/sec
	Dispensing 25.0 uL into A7 of NEST 96 Well Plate 100 µL PCR Full Skirt on 1 at 300.0 uL/sec
	Aspirating 25.0 uL from A7 of NEST 96 Well Plate 100 µL PCR Full Skirt on 1 at 150.0 uL/sec
	Dispensing 25.0 uL into A7 of NEST 96 Well Plate 100 µL PCR Full Skirt on 1 at 300.0 uL/sec
	Aspirating 25.0 uL from A7 of NEST 96 Well Plate 100 µL PCR Full Skirt on 1 at 150.0 uL/sec
	Dispensing 25.0 uL into A7 of NEST 96 Well Plate 100 µL PCR Full Skirt on 1 at 300.0 uL/sec
	Aspirating 25.0 uL from A7 of NEST 96 Well Plate 100 µL PCR Full Skirt on 1 at 150.0 uL/sec
	Dispensing 25.0 uL into A7 of NEST 96 Well Plate 100 µL PCR Full Skirt on 1 at 300.0 uL/sec
Moving to A7 of NEST 96 Well Plate 100 µL PCR Full Skirt on 1
Mixing 5 times with a volume of 25.0 ul
	Aspirating 25.0 uL from A7 of NEST 96 Well Plate 100 µL PCR Full Skirt on 1 at 150.0 uL/sec
	Dispensing 25.0 uL into A7 of NEST 96 Well Plate 100 µL PCR Full Skirt on 1 at 300.0 uL/sec
	Aspirating 25.0 uL from A7 of NEST 96 Well Plate 100 µL PCR Full Skirt on 1 at 150.0 uL/sec
	Dispensing 25.0 uL into A7 of NEST 96 Well Plate 100 µL PCR Full Skirt on 1 at 300.0 uL/sec
	Aspirating 25.0 uL from A7 of NEST 96 Well Plate 100 µL PCR Full Skirt on 1 at 150.0 uL/sec
	Dispensing 25.0 uL into A7 of NEST 96 Well Plate 100 µL PCR Full Skirt on 1 at 300.0 uL/sec
	Aspirating 25.0 uL from A7 of NEST 96 Well Plate 100 µL PCR Full Skirt on 1 at 150.0 uL/sec
	Dispensing 25.0 uL into A7 of NEST 96 Well Plate 100 µL PCR Full Skirt on 1 at 300.0 uL/sec
	Aspirating 25.0 uL from A7 of NEST 96 Well Plate 100 µL PCR Full Skirt on 1 at 150.0 uL/sec
	Dispensing 25.0 uL into A7 of NEST 96 Well Plate 100 µL PCR Full Skirt on 1 at 300.0 uL/sec
Moving to A7 of NEST 96 Well Plate 100 µL PCR Full Skirt on 1
Mixing 5 times with a volume of 25.0 ul
	Aspirating 25.0 uL from A7 of NEST 96 Well Plate 100 µL PCR Full Skirt on 1 at 150.0 uL/sec
	Dispensing 25.0 uL into A7 of NEST 96 Well Plate 100 µL PCR Full Skirt on 1 at 300.0 uL/sec
	Aspirating 25.0 uL from A7 of NEST 96 Well Plate 100 µL PCR Full Skirt on 1 at 150.0 uL/sec
	Dispensing 25.0 uL into A7 of NEST 96 Well Plate 100 µL PCR Full Skirt on 1 at 300.0 uL/sec
	Aspirating 25.0 uL from A7 of NEST 96 Well Plate 100 µL PCR Full Skirt on 1 at 150.0 uL/sec
	Dispensing 25.0 uL into A7 of NEST 96 Well Plate 100 µL PCR Full Skirt on 1 at 300.0 uL/sec
	Aspirating 25.0 uL from A7 of NEST 96 Well Plate 100 µL PCR Full Skirt on 1 at 150.0 uL/sec
	Dispensing 25.0 uL into A7 of NEST 96 Well Plate 100 µL PCR Full Skirt on 1 at 300.0 uL/sec
	Aspirating 25.0 uL from A7 of NEST 96 Well Plate 100 µL PCR Full Skirt on 1 at 150.0 uL/sec
	Dispensing 25.0 uL into A7 of NEST 96 Well Plate 100 µL PCR Full Skirt on 1 at 300.0 uL/sec
Moving to A7 of NEST 96 Well Plate 100 µL PCR Full Skirt on 1
Mixing 5 times with a volume of 25.0 ul
	Aspirating 25.0 uL from A7 of NEST 96 Well Plate 100 µL PCR Full Skirt on 1 at 150.0 uL/sec
	Dispensing 25.0 uL into A7 of NEST 96 Well Plate 100 µL PCR Full Skirt on 1 at 300.0 uL/sec
	Aspirating 25.0 uL from A7 of NEST 96 Well Plate 100 µL PCR Full Skirt on 1 at 150.0 uL/sec
	Dispensing 25.0 uL into A7 of NEST 96 Well Plate 100 µL PCR Full Skirt on 1 at 300.0 uL/sec
	Aspirating 25.0 uL from A7 of NEST 96 Well Plate 100 µL PCR Full Skirt on 1 at 150.0 uL/sec
	Dispensing 25.0 uL into A7 of NEST 96 Well Plate 100 µL PCR Full Skirt on 1 at 300.0 uL/sec
	Aspirating 25.0 uL from A7 of NEST 96 Well Plate 100 µL PCR Full Skirt on 1 at 150.0 uL/sec
	Dispensing 25.0 uL into A7 of NEST 96 Well Plate 100 µL PCR Full Skirt on 1 at 300.0 uL/sec
	Aspirating 25.0 uL from A7 of NEST 96 Well Plate 100 µL PCR Full Skirt on 1 at 150.0 uL/sec
	Dispensing 25.0 uL into A7 of NEST 96 Well Plate 100 µL PCR Full Skirt on 1 at 300.0 uL/sec
Moving to A7 of NEST 96 Well Plate 100 µL PCR Full Skirt on 1
Mixing 5 times with a volume of 25.0 ul
	Aspirating 25.0 uL from A7 of NEST 96 Well Plate 100 µL PCR Full Skirt on 1 at 150.0 uL/sec
	Dispensing 25.0 uL into A7 of NEST 96 Well Plate 100 µL PCR Full Skirt on 1 at 300.0 uL/sec
	Aspirating 25.0 uL from A7 of NEST 96 Well Plate 100 µL PCR Full Skirt on 1 at 150.0 uL/sec
	Dispensing 25.0 uL into A7 of NEST 96 Well Plate 100 µL PCR Full Skirt on 1 at 300.0 uL/sec
	Aspirating 25.0 uL from A7 of NEST 96 Well Plate 100 µL PCR Full Skirt on 1 at 150.0 uL/sec
	Dispensing 25.0 uL into A7 of NEST 96 Well Plate 100 µL PCR Full Skirt on 1 at 300.0 uL/sec
	Aspirating 25.0 uL from A7 of NEST 96 Well Plate 100 µL PCR Full Skirt on 1 at 150.0 uL/sec
	Dispensing 25.0 uL into A7 of NEST 96 Well Plate 100 µL PCR Full Skirt on 1 at 300.0 uL/sec
	Aspirating 25.0 uL from A7 of NEST 96 Well Plate 100 µL PCR Full Skirt on 1 at 150.0 uL/sec
	Dispensing 25.0 uL into A7 of NEST 96 Well Plate 100 µL PCR Full Skirt on 1 at 300.0 uL/sec
Moving to A7 of NEST 96 Well Plate 100 µL PCR Full Skirt on 1
Mixing 5 times with a volume of 25.0 ul
	Aspirating 25.0 uL from A7 of NEST 96 Well Plate 100 µL PCR Full Skirt on 1 at 150.0 uL/sec
	Dispensing 25.0 uL into A7 of NEST 96 Well Plate 100 µL PCR Full Skirt on 1 at 300.0 uL/sec
	Aspirating 25.0 uL from A7 of NEST 96 Well Plate 100 µL PCR Full Skirt on 1 at 150.0 uL/sec
	Dispensing 25.0 uL into A7 of NEST 96 Well Plate 100 µL PCR Full Skirt on 1 at 300.0 uL/sec
	Aspirating 25.0 uL from A7 of NEST 96 Well Plate 100 µL PCR Full Skirt on 1 at 150.0 uL/sec
	Dispensing 25.0 uL into A7 of NEST 96 Well Plate 100 µL PCR Full Skirt on 1 at 300.0 uL/sec
	Aspirating 25.0 uL from A7 of NEST 96 Well Plate 100 µL PCR Full Skirt on 1 at 150.0 uL/sec
	Dispensing 25.0 uL into A7 of NEST 96 Well Plate 100 µL PCR Full Skirt on 1 at 300.0 uL/sec
	Aspirating 25.0 uL from A7 of NEST 96 Well Plate 100 µL PCR Full Skirt on 1 at 150.0 uL/sec
	Dispensing 25.0 uL into A7 of NEST 96 Well Plate 100 µL PCR Full Skirt on 1 at 300.0 uL/sec
Moving to A7 of NEST 96 Well Plate 100 µL PCR Full Skirt on 1
Mixing 5 times with a volume of 25.0 ul
	Aspirating 25.0 uL from A7 of NEST 96 Well Plate 100 µL PCR Full Skirt on 1 at 150.0 uL/sec
	Dispensing 25.0 uL into A7 of NEST 96 Well Plate 100 µL PCR Full Skirt on 1 at 300.0 uL/sec
	Aspirating 25.0 uL from A7 of NEST 96 Well Plate 100 µL PCR Full Skirt on 1 at 150.0 uL/sec
	Dispensing 25.0 uL into A7 of NEST 96 Well Plate 100 µL PCR Full Skirt on 1 at 300.0 uL/sec
	Aspirating 25.0 uL from A7 of NEST 96 Well Plate 100 µL PCR Full Skirt on 1 at 150.0 uL/sec
	Dispensing 25.0 uL into A7 of NEST 96 Well Plate 100 µL PCR Full Skirt on 1 at 300.0 uL/sec
	Aspirating 25.0 uL from A7 of NEST 96 Well Plate 100 µL PCR Full Skirt on 1 at 150.0 uL/sec
	Dispensing 25.0 uL into A7 of NEST 96 Well Plate 100 µL PCR Full Skirt on 1 at 300.0 uL/sec
	Aspirating 25.0 uL from A7 of NEST 96 Well Plate 100 µL PCR Full Skirt on 1 at 150.0 uL/sec
	Dispensing 25.0 uL into A7 of NEST 96 Well Plate 100 µL PCR Full Skirt on 1 at 300.0 uL/sec
Moving to A7 of NEST 96 Well Plate 100 µL PCR Full Skirt on 1
Delaying for 0 minutes and 0.5 seconds
Moving to A7 of NEST 96 Well Plate 100 µL PCR Full Skirt on 1
Returning tip
	Dropping tip into A12 of Opentrons OT-2 96 Filter Tip Rack 200 µL on 9
--> Transferring Supernatant
Picking up tip from A12 of Opentrons OT-2 96 Filter Tip Rack 200 µL on 9
Aspirating 20.0 uL from A7 of NEST 96 Well Plate 100 µL PCR Full Skirt on 1 at 37.5 uL/sec
Dispensing 25.0 uL into A8 of NEST 96 Well Plate 100 µL PCR Full Skirt on 1 at 300.0 uL/sec
Moving to 11
Returning tip
	Dropping tip into A12 of Opentrons OT-2 96 Filter Tip Rack 200 µL on 9
Caught exception: {'message': 'Task was destroyed but it is pending!', 'task': <Task pending name='Task-4' coro=<Poller._poll_forever() running at /Users/dp/Desktop/project/github/opentrons/venv/lib/python3.10/site-packages/opentrons/hardware_control/poller.py:80> wait_for=<Future pending cb=[Task.task_wakeup()]>>}
Caught exception: {'message': 'Task was destroyed but it is pending!', 'task': <Task pending name='Task-3' coro=<Poller._poll_forever() running at /Users/dp/Desktop/project/github/opentrons/venv/lib/python3.10/site-packages/opentrons/hardware_control/poller.py:80> wait_for=<Future pending cb=[Task.task_wakeup()]>>}
Caught exception: {'message': 'Task was destroyed but it is pending!', 'task': <Task pending name='Task-2' coro=<Poller._poll_forever() running at /Users/dp/Desktop/project/github/opentrons/venv/lib/python3.10/site-packages/opentrons/hardware_control/poller.py:80> wait_for=<Future pending cb=[Task.task_wakeup()]>>}
