/Users/dp/Desktop/project/github/opentrons/venv/lib/python3.10/site-packages/opentrons/hardware_control/simulator_setup.py:205: UserWarning: Simulator configuration does not name a machine, defaulting to OT-2 Standard
  warn(
/Users/dp/.opentrons/robot_settings.json not found. Loading defaults
Deck calibration not found.
/Users/dp/.opentrons/deck_calibration.json not found. Loading defaults
Setting Temperature Module temperature to 4.0 °C (rounded off to nearest integer)
Picking up tip from A1 of Opentrons OT-2 96 Tip Rack 300 µL on 5
Transferring 14.0 from A1 of Opentrons 24-Well Aluminum Block on Temperature Module GEN1 on 3 to A1 of Opentrons 96 Well Aluminum Block with NEST Well Plate 100 µL on 1
	Aspirating 14.0 uL from A1 of Opentrons 24-Well Aluminum Block on Temperature Module GEN1 on 3 at 25.0 uL/sec
	Dispensing 14.0 uL into A1 of Opentrons 96 Well Aluminum Block with NEST Well Plate 100 µL on 1 at 50.0 uL/sec
Blowing out at A1 of Opentrons 96 Well Aluminum Block with NEST Well Plate 100 µL on 1
Mixing 2 times with a volume of 25.0 ul
	Aspirating 25.0 uL from A1 of Opentrons 96 Well Aluminum Block with NEST Well Plate 100 µL on 1 at 25.0 uL/sec
	Dispensing 25.0 uL into A1 of Opentrons 96 Well Aluminum Block with NEST Well Plate 100 µL on 1 at 50.0 uL/sec
	Aspirating 25.0 uL from A1 of Opentrons 96 Well Aluminum Block with NEST Well Plate 100 µL on 1 at 25.0 uL/sec
	Dispensing 25.0 uL into A1 of Opentrons 96 Well Aluminum Block with NEST Well Plate 100 µL on 1 at 50.0 uL/sec
Moving to A1 of Opentrons 96 Well Aluminum Block with NEST Well Plate 100 µL on 1
Delaying for 0 minutes and 0.5 seconds
Blowing out at A1 of Opentrons 96 Well Aluminum Block with NEST Well Plate 100 µL on 1
Dropping tip into A1 of Opentrons Fixed Trash on 12
Picking up tip from B1 of Opentrons OT-2 96 Tip Rack 300 µL on 5
Transferring 14.0 from A1 of Opentrons 24-Well Aluminum Block on Temperature Module GEN1 on 3 to B1 of Opentrons 96 Well Aluminum Block with NEST Well Plate 100 µL on 1
	Aspirating 14.0 uL from A1 of Opentrons 24-Well Aluminum Block on Temperature Module GEN1 on 3 at 25.0 uL/sec
	Dispensing 14.0 uL into B1 of Opentrons 96 Well Aluminum Block with NEST Well Plate 100 µL on 1 at 50.0 uL/sec
Blowing out at B1 of Opentrons 96 Well Aluminum Block with NEST Well Plate 100 µL on 1
Mixing 2 times with a volume of 25.0 ul
	Aspirating 25.0 uL from B1 of Opentrons 96 Well Aluminum Block with NEST Well Plate 100 µL on 1 at 25.0 uL/sec
	Dispensing 25.0 uL into B1 of Opentrons 96 Well Aluminum Block with NEST Well Plate 100 µL on 1 at 50.0 uL/sec
	Aspirating 25.0 uL from B1 of Opentrons 96 Well Aluminum Block with NEST Well Plate 100 µL on 1 at 25.0 uL/sec
	Dispensing 25.0 uL into B1 of Opentrons 96 Well Aluminum Block with NEST Well Plate 100 µL on 1 at 50.0 uL/sec
Moving to B1 of Opentrons 96 Well Aluminum Block with NEST Well Plate 100 µL on 1
Delaying for 0 minutes and 0.5 seconds
Blowing out at B1 of Opentrons 96 Well Aluminum Block with NEST Well Plate 100 µL on 1
Dropping tip into A1 of Opentrons Fixed Trash on 12
Picking up tip from C1 of Opentrons OT-2 96 Tip Rack 300 µL on 5
Transferring 14.0 from A1 of Opentrons 24-Well Aluminum Block on Temperature Module GEN1 on 3 to C1 of Opentrons 96 Well Aluminum Block with NEST Well Plate 100 µL on 1
	Aspirating 14.0 uL from A1 of Opentrons 24-Well Aluminum Block on Temperature Module GEN1 on 3 at 25.0 uL/sec
	Dispensing 14.0 uL into C1 of Opentrons 96 Well Aluminum Block with NEST Well Plate 100 µL on 1 at 50.0 uL/sec
Blowing out at C1 of Opentrons 96 Well Aluminum Block with NEST Well Plate 100 µL on 1
Mixing 2 times with a volume of 25.0 ul
	Aspirating 25.0 uL from C1 of Opentrons 96 Well Aluminum Block with NEST Well Plate 100 µL on 1 at 25.0 uL/sec
	Dispensing 25.0 uL into C1 of Opentrons 96 Well Aluminum Block with NEST Well Plate 100 µL on 1 at 50.0 uL/sec
	Aspirating 25.0 uL from C1 of Opentrons 96 Well Aluminum Block with NEST Well Plate 100 µL on 1 at 25.0 uL/sec
	Dispensing 25.0 uL into C1 of Opentrons 96 Well Aluminum Block with NEST Well Plate 100 µL on 1 at 50.0 uL/sec
Moving to C1 of Opentrons 96 Well Aluminum Block with NEST Well Plate 100 µL on 1
Delaying for 0 minutes and 0.5 seconds
Blowing out at C1 of Opentrons 96 Well Aluminum Block with NEST Well Plate 100 µL on 1
Dropping tip into A1 of Opentrons Fixed Trash on 12
Picking up tip from D1 of Opentrons OT-2 96 Tip Rack 300 µL on 5
Transferring 14.0 from A1 of Opentrons 24-Well Aluminum Block on Temperature Module GEN1 on 3 to D1 of Opentrons 96 Well Aluminum Block with NEST Well Plate 100 µL on 1
	Aspirating 14.0 uL from A1 of Opentrons 24-Well Aluminum Block on Temperature Module GEN1 on 3 at 25.0 uL/sec
	Dispensing 14.0 uL into D1 of Opentrons 96 Well Aluminum Block with NEST Well Plate 100 µL on 1 at 50.0 uL/sec
Blowing out at D1 of Opentrons 96 Well Aluminum Block with NEST Well Plate 100 µL on 1
Mixing 2 times with a volume of 25.0 ul
	Aspirating 25.0 uL from D1 of Opentrons 96 Well Aluminum Block with NEST Well Plate 100 µL on 1 at 25.0 uL/sec
	Dispensing 25.0 uL into D1 of Opentrons 96 Well Aluminum Block with NEST Well Plate 100 µL on 1 at 50.0 uL/sec
	Aspirating 25.0 uL from D1 of Opentrons 96 Well Aluminum Block with NEST Well Plate 100 µL on 1 at 25.0 uL/sec
	Dispensing 25.0 uL into D1 of Opentrons 96 Well Aluminum Block with NEST Well Plate 100 µL on 1 at 50.0 uL/sec
Moving to D1 of Opentrons 96 Well Aluminum Block with NEST Well Plate 100 µL on 1
Delaying for 0 minutes and 0.5 seconds
Blowing out at D1 of Opentrons 96 Well Aluminum Block with NEST Well Plate 100 µL on 1
Dropping tip into A1 of Opentrons Fixed Trash on 12
Picking up tip from E1 of Opentrons OT-2 96 Tip Rack 300 µL on 5
Transferring 14.0 from A1 of Opentrons 24-Well Aluminum Block on Temperature Module GEN1 on 3 to E1 of Opentrons 96 Well Aluminum Block with NEST Well Plate 100 µL on 1
	Aspirating 14.0 uL from A1 of Opentrons 24-Well Aluminum Block on Temperature Module GEN1 on 3 at 25.0 uL/sec
	Dispensing 14.0 uL into E1 of Opentrons 96 Well Aluminum Block with NEST Well Plate 100 µL on 1 at 50.0 uL/sec
Blowing out at E1 of Opentrons 96 Well Aluminum Block with NEST Well Plate 100 µL on 1
Mixing 2 times with a volume of 25.0 ul
	Aspirating 25.0 uL from E1 of Opentrons 96 Well Aluminum Block with NEST Well Plate 100 µL on 1 at 25.0 uL/sec
	Dispensing 25.0 uL into E1 of Opentrons 96 Well Aluminum Block with NEST Well Plate 100 µL on 1 at 50.0 uL/sec
	Aspirating 25.0 uL from E1 of Opentrons 96 Well Aluminum Block with NEST Well Plate 100 µL on 1 at 25.0 uL/sec
	Dispensing 25.0 uL into E1 of Opentrons 96 Well Aluminum Block with NEST Well Plate 100 µL on 1 at 50.0 uL/sec
Moving to E1 of Opentrons 96 Well Aluminum Block with NEST Well Plate 100 µL on 1
Delaying for 0 minutes and 0.5 seconds
Blowing out at E1 of Opentrons 96 Well Aluminum Block with NEST Well Plate 100 µL on 1
Dropping tip into A1 of Opentrons Fixed Trash on 12
Picking up tip from F1 of Opentrons OT-2 96 Tip Rack 300 µL on 5
Transferring 14.0 from A1 of Opentrons 24-Well Aluminum Block on Temperature Module GEN1 on 3 to F1 of Opentrons 96 Well Aluminum Block with NEST Well Plate 100 µL on 1
	Aspirating 14.0 uL from A1 of Opentrons 24-Well Aluminum Block on Temperature Module GEN1 on 3 at 25.0 uL/sec
	Dispensing 14.0 uL into F1 of Opentrons 96 Well Aluminum Block with NEST Well Plate 100 µL on 1 at 50.0 uL/sec
Blowing out at F1 of Opentrons 96 Well Aluminum Block with NEST Well Plate 100 µL on 1
Mixing 2 times with a volume of 25.0 ul
	Aspirating 25.0 uL from F1 of Opentrons 96 Well Aluminum Block with NEST Well Plate 100 µL on 1 at 25.0 uL/sec
	Dispensing 25.0 uL into F1 of Opentrons 96 Well Aluminum Block with NEST Well Plate 100 µL on 1 at 50.0 uL/sec
	Aspirating 25.0 uL from F1 of Opentrons 96 Well Aluminum Block with NEST Well Plate 100 µL on 1 at 25.0 uL/sec
	Dispensing 25.0 uL into F1 of Opentrons 96 Well Aluminum Block with NEST Well Plate 100 µL on 1 at 50.0 uL/sec
Moving to F1 of Opentrons 96 Well Aluminum Block with NEST Well Plate 100 µL on 1
Delaying for 0 minutes and 0.5 seconds
Blowing out at F1 of Opentrons 96 Well Aluminum Block with NEST Well Plate 100 µL on 1
Dropping tip into A1 of Opentrons Fixed Trash on 12
Picking up tip from G1 of Opentrons OT-2 96 Tip Rack 300 µL on 5
Transferring 14.0 from A1 of Opentrons 24-Well Aluminum Block on Temperature Module GEN1 on 3 to G1 of Opentrons 96 Well Aluminum Block with NEST Well Plate 100 µL on 1
	Aspirating 14.0 uL from A1 of Opentrons 24-Well Aluminum Block on Temperature Module GEN1 on 3 at 25.0 uL/sec
	Dispensing 14.0 uL into G1 of Opentrons 96 Well Aluminum Block with NEST Well Plate 100 µL on 1 at 50.0 uL/sec
Blowing out at G1 of Opentrons 96 Well Aluminum Block with NEST Well Plate 100 µL on 1
Mixing 2 times with a volume of 25.0 ul
	Aspirating 25.0 uL from G1 of Opentrons 96 Well Aluminum Block with NEST Well Plate 100 µL on 1 at 25.0 uL/sec
	Dispensing 25.0 uL into G1 of Opentrons 96 Well Aluminum Block with NEST Well Plate 100 µL on 1 at 50.0 uL/sec
	Aspirating 25.0 uL from G1 of Opentrons 96 Well Aluminum Block with NEST Well Plate 100 µL on 1 at 25.0 uL/sec
	Dispensing 25.0 uL into G1 of Opentrons 96 Well Aluminum Block with NEST Well Plate 100 µL on 1 at 50.0 uL/sec
Moving to G1 of Opentrons 96 Well Aluminum Block with NEST Well Plate 100 µL on 1
Delaying for 0 minutes and 0.5 seconds
Blowing out at G1 of Opentrons 96 Well Aluminum Block with NEST Well Plate 100 µL on 1
Dropping tip into A1 of Opentrons Fixed Trash on 12
Picking up tip from H1 of Opentrons OT-2 96 Tip Rack 300 µL on 5
Transferring 14.0 from A1 of Opentrons 24-Well Aluminum Block on Temperature Module GEN1 on 3 to H1 of Opentrons 96 Well Aluminum Block with NEST Well Plate 100 µL on 1
	Aspirating 14.0 uL from A1 of Opentrons 24-Well Aluminum Block on Temperature Module GEN1 on 3 at 25.0 uL/sec
	Dispensing 14.0 uL into H1 of Opentrons 96 Well Aluminum Block with NEST Well Plate 100 µL on 1 at 50.0 uL/sec
Blowing out at H1 of Opentrons 96 Well Aluminum Block with NEST Well Plate 100 µL on 1
Mixing 2 times with a volume of 25.0 ul
	Aspirating 25.0 uL from H1 of Opentrons 96 Well Aluminum Block with NEST Well Plate 100 µL on 1 at 25.0 uL/sec
	Dispensing 25.0 uL into H1 of Opentrons 96 Well Aluminum Block with NEST Well Plate 100 µL on 1 at 50.0 uL/sec
	Aspirating 25.0 uL from H1 of Opentrons 96 Well Aluminum Block with NEST Well Plate 100 µL on 1 at 25.0 uL/sec
	Dispensing 25.0 uL into H1 of Opentrons 96 Well Aluminum Block with NEST Well Plate 100 µL on 1 at 50.0 uL/sec
Moving to H1 of Opentrons 96 Well Aluminum Block with NEST Well Plate 100 µL on 1
Delaying for 0 minutes and 0.5 seconds
Blowing out at H1 of Opentrons 96 Well Aluminum Block with NEST Well Plate 100 µL on 1
Dropping tip into A1 of Opentrons Fixed Trash on 12
Pausing robot operation: Enzymatic prep complete. Please place sample plate in     thermocycler and run program according to Swift 2S Turbo manual. When     complete, return samples to OT-2 deck for ligation prep and click RESUME.
Picking up tip from A2 of Opentrons OT-2 96 Tip Rack 300 µL on 5
Mixing 10 times with a volume of 25.0 ul
	Aspirating 25.0 uL from A2 of Opentrons 24-Well Aluminum Block on Temperature Module GEN1 on 3 at 25.0 uL/sec
	Dispensing 25.0 uL into A2 of Opentrons 24-Well Aluminum Block on Temperature Module GEN1 on 3 at 50.0 uL/sec
	Aspirating 25.0 uL from A2 of Opentrons 24-Well Aluminum Block on Temperature Module GEN1 on 3 at 25.0 uL/sec
	Dispensing 25.0 uL into A2 of Opentrons 24-Well Aluminum Block on Temperature Module GEN1 on 3 at 50.0 uL/sec
	Aspirating 25.0 uL from A2 of Opentrons 24-Well Aluminum Block on Temperature Module GEN1 on 3 at 25.0 uL/sec
	Dispensing 25.0 uL into A2 of Opentrons 24-Well Aluminum Block on Temperature Module GEN1 on 3 at 50.0 uL/sec
	Aspirating 25.0 uL from A2 of Opentrons 24-Well Aluminum Block on Temperature Module GEN1 on 3 at 25.0 uL/sec
	Dispensing 25.0 uL into A2 of Opentrons 24-Well Aluminum Block on Temperature Module GEN1 on 3 at 50.0 uL/sec
	Aspirating 25.0 uL from A2 of Opentrons 24-Well Aluminum Block on Temperature Module GEN1 on 3 at 25.0 uL/sec
	Dispensing 25.0 uL into A2 of Opentrons 24-Well Aluminum Block on Temperature Module GEN1 on 3 at 50.0 uL/sec
	Aspirating 25.0 uL from A2 of Opentrons 24-Well Aluminum Block on Temperature Module GEN1 on 3 at 25.0 uL/sec
	Dispensing 25.0 uL into A2 of Opentrons 24-Well Aluminum Block on Temperature Module GEN1 on 3 at 50.0 uL/sec
	Aspirating 25.0 uL from A2 of Opentrons 24-Well Aluminum Block on Temperature Module GEN1 on 3 at 25.0 uL/sec
	Dispensing 25.0 uL into A2 of Opentrons 24-Well Aluminum Block on Temperature Module GEN1 on 3 at 50.0 uL/sec
	Aspirating 25.0 uL from A2 of Opentrons 24-Well Aluminum Block on Temperature Module GEN1 on 3 at 25.0 uL/sec
	Dispensing 25.0 uL into A2 of Opentrons 24-Well Aluminum Block on Temperature Module GEN1 on 3 at 50.0 uL/sec
	Aspirating 25.0 uL from A2 of Opentrons 24-Well Aluminum Block on Temperature Module GEN1 on 3 at 25.0 uL/sec
	Dispensing 25.0 uL into A2 of Opentrons 24-Well Aluminum Block on Temperature Module GEN1 on 3 at 50.0 uL/sec
	Aspirating 25.0 uL from A2 of Opentrons 24-Well Aluminum Block on Temperature Module GEN1 on 3 at 25.0 uL/sec
	Dispensing 25.0 uL into A2 of Opentrons 24-Well Aluminum Block on Temperature Module GEN1 on 3 at 50.0 uL/sec
Blowing out at A2 of Opentrons 24-Well Aluminum Block on Temperature Module GEN1 on 3
Transferring 30.0 from A2 of Opentrons 24-Well Aluminum Block on Temperature Module GEN1 on 3 to A1 of Opentrons 96 Well Aluminum Block with NEST Well Plate 100 µL on 1
	Aspirating 30.0 uL from A2 of Opentrons 24-Well Aluminum Block on Temperature Module GEN1 on 3 at 25.0 uL/sec
	Dispensing 30.0 uL into A1 of Opentrons 96 Well Aluminum Block with NEST Well Plate 100 µL on 1 at 50.0 uL/sec
Blowing out at A1 of Opentrons 96 Well Aluminum Block with NEST Well Plate 100 µL on 1
Mixing 2 times with a volume of 25.0 ul
	Aspirating 25.0 uL from A1 of Opentrons 96 Well Aluminum Block with NEST Well Plate 100 µL on 1 at 25.0 uL/sec
	Dispensing 25.0 uL into A1 of Opentrons 96 Well Aluminum Block with NEST Well Plate 100 µL on 1 at 50.0 uL/sec
	Aspirating 25.0 uL from A1 of Opentrons 96 Well Aluminum Block with NEST Well Plate 100 µL on 1 at 25.0 uL/sec
	Dispensing 25.0 uL into A1 of Opentrons 96 Well Aluminum Block with NEST Well Plate 100 µL on 1 at 50.0 uL/sec
Blowing out at A1 of Opentrons 96 Well Aluminum Block with NEST Well Plate 100 µL on 1
Dropping tip into A1 of Opentrons Fixed Trash on 12
Picking up tip from B2 of Opentrons OT-2 96 Tip Rack 300 µL on 5
Transferring 30.0 from A2 of Opentrons 24-Well Aluminum Block on Temperature Module GEN1 on 3 to B1 of Opentrons 96 Well Aluminum Block with NEST Well Plate 100 µL on 1
	Aspirating 30.0 uL from A2 of Opentrons 24-Well Aluminum Block on Temperature Module GEN1 on 3 at 25.0 uL/sec
	Dispensing 30.0 uL into B1 of Opentrons 96 Well Aluminum Block with NEST Well Plate 100 µL on 1 at 50.0 uL/sec
Blowing out at B1 of Opentrons 96 Well Aluminum Block with NEST Well Plate 100 µL on 1
Mixing 2 times with a volume of 25.0 ul
	Aspirating 25.0 uL from B1 of Opentrons 96 Well Aluminum Block with NEST Well Plate 100 µL on 1 at 25.0 uL/sec
	Dispensing 25.0 uL into B1 of Opentrons 96 Well Aluminum Block with NEST Well Plate 100 µL on 1 at 50.0 uL/sec
	Aspirating 25.0 uL from B1 of Opentrons 96 Well Aluminum Block with NEST Well Plate 100 µL on 1 at 25.0 uL/sec
	Dispensing 25.0 uL into B1 of Opentrons 96 Well Aluminum Block with NEST Well Plate 100 µL on 1 at 50.0 uL/sec
Blowing out at B1 of Opentrons 96 Well Aluminum Block with NEST Well Plate 100 µL on 1
Dropping tip into A1 of Opentrons Fixed Trash on 12
Picking up tip from C2 of Opentrons OT-2 96 Tip Rack 300 µL on 5
Transferring 30.0 from A2 of Opentrons 24-Well Aluminum Block on Temperature Module GEN1 on 3 to C1 of Opentrons 96 Well Aluminum Block with NEST Well Plate 100 µL on 1
	Aspirating 30.0 uL from A2 of Opentrons 24-Well Aluminum Block on Temperature Module GEN1 on 3 at 25.0 uL/sec
	Dispensing 30.0 uL into C1 of Opentrons 96 Well Aluminum Block with NEST Well Plate 100 µL on 1 at 50.0 uL/sec
Blowing out at C1 of Opentrons 96 Well Aluminum Block with NEST Well Plate 100 µL on 1
Mixing 2 times with a volume of 25.0 ul
	Aspirating 25.0 uL from C1 of Opentrons 96 Well Aluminum Block with NEST Well Plate 100 µL on 1 at 25.0 uL/sec
	Dispensing 25.0 uL into C1 of Opentrons 96 Well Aluminum Block with NEST Well Plate 100 µL on 1 at 50.0 uL/sec
	Aspirating 25.0 uL from C1 of Opentrons 96 Well Aluminum Block with NEST Well Plate 100 µL on 1 at 25.0 uL/sec
	Dispensing 25.0 uL into C1 of Opentrons 96 Well Aluminum Block with NEST Well Plate 100 µL on 1 at 50.0 uL/sec
Blowing out at C1 of Opentrons 96 Well Aluminum Block with NEST Well Plate 100 µL on 1
Dropping tip into A1 of Opentrons Fixed Trash on 12
Picking up tip from D2 of Opentrons OT-2 96 Tip Rack 300 µL on 5
Transferring 30.0 from A2 of Opentrons 24-Well Aluminum Block on Temperature Module GEN1 on 3 to D1 of Opentrons 96 Well Aluminum Block with NEST Well Plate 100 µL on 1
	Aspirating 30.0 uL from A2 of Opentrons 24-Well Aluminum Block on Temperature Module GEN1 on 3 at 25.0 uL/sec
	Dispensing 30.0 uL into D1 of Opentrons 96 Well Aluminum Block with NEST Well Plate 100 µL on 1 at 50.0 uL/sec
Blowing out at D1 of Opentrons 96 Well Aluminum Block with NEST Well Plate 100 µL on 1
Mixing 2 times with a volume of 25.0 ul
	Aspirating 25.0 uL from D1 of Opentrons 96 Well Aluminum Block with NEST Well Plate 100 µL on 1 at 25.0 uL/sec
	Dispensing 25.0 uL into D1 of Opentrons 96 Well Aluminum Block with NEST Well Plate 100 µL on 1 at 50.0 uL/sec
	Aspirating 25.0 uL from D1 of Opentrons 96 Well Aluminum Block with NEST Well Plate 100 µL on 1 at 25.0 uL/sec
	Dispensing 25.0 uL into D1 of Opentrons 96 Well Aluminum Block with NEST Well Plate 100 µL on 1 at 50.0 uL/sec
Blowing out at D1 of Opentrons 96 Well Aluminum Block with NEST Well Plate 100 µL on 1
Dropping tip into A1 of Opentrons Fixed Trash on 12
Picking up tip from E2 of Opentrons OT-2 96 Tip Rack 300 µL on 5
Transferring 30.0 from A2 of Opentrons 24-Well Aluminum Block on Temperature Module GEN1 on 3 to E1 of Opentrons 96 Well Aluminum Block with NEST Well Plate 100 µL on 1
	Aspirating 30.0 uL from A2 of Opentrons 24-Well Aluminum Block on Temperature Module GEN1 on 3 at 25.0 uL/sec
	Dispensing 30.0 uL into E1 of Opentrons 96 Well Aluminum Block with NEST Well Plate 100 µL on 1 at 50.0 uL/sec
Blowing out at E1 of Opentrons 96 Well Aluminum Block with NEST Well Plate 100 µL on 1
Mixing 2 times with a volume of 25.0 ul
	Aspirating 25.0 uL from E1 of Opentrons 96 Well Aluminum Block with NEST Well Plate 100 µL on 1 at 25.0 uL/sec
	Dispensing 25.0 uL into E1 of Opentrons 96 Well Aluminum Block with NEST Well Plate 100 µL on 1 at 50.0 uL/sec
	Aspirating 25.0 uL from E1 of Opentrons 96 Well Aluminum Block with NEST Well Plate 100 µL on 1 at 25.0 uL/sec
	Dispensing 25.0 uL into E1 of Opentrons 96 Well Aluminum Block with NEST Well Plate 100 µL on 1 at 50.0 uL/sec
Blowing out at E1 of Opentrons 96 Well Aluminum Block with NEST Well Plate 100 µL on 1
Dropping tip into A1 of Opentrons Fixed Trash on 12
Picking up tip from F2 of Opentrons OT-2 96 Tip Rack 300 µL on 5
Transferring 30.0 from A2 of Opentrons 24-Well Aluminum Block on Temperature Module GEN1 on 3 to F1 of Opentrons 96 Well Aluminum Block with NEST Well Plate 100 µL on 1
	Aspirating 30.0 uL from A2 of Opentrons 24-Well Aluminum Block on Temperature Module GEN1 on 3 at 25.0 uL/sec
	Dispensing 30.0 uL into F1 of Opentrons 96 Well Aluminum Block with NEST Well Plate 100 µL on 1 at 50.0 uL/sec
Blowing out at F1 of Opentrons 96 Well Aluminum Block with NEST Well Plate 100 µL on 1
Mixing 2 times with a volume of 25.0 ul
	Aspirating 25.0 uL from F1 of Opentrons 96 Well Aluminum Block with NEST Well Plate 100 µL on 1 at 25.0 uL/sec
	Dispensing 25.0 uL into F1 of Opentrons 96 Well Aluminum Block with NEST Well Plate 100 µL on 1 at 50.0 uL/sec
	Aspirating 25.0 uL from F1 of Opentrons 96 Well Aluminum Block with NEST Well Plate 100 µL on 1 at 25.0 uL/sec
	Dispensing 25.0 uL into F1 of Opentrons 96 Well Aluminum Block with NEST Well Plate 100 µL on 1 at 50.0 uL/sec
Blowing out at F1 of Opentrons 96 Well Aluminum Block with NEST Well Plate 100 µL on 1
Dropping tip into A1 of Opentrons Fixed Trash on 12
Picking up tip from G2 of Opentrons OT-2 96 Tip Rack 300 µL on 5
Transferring 30.0 from A2 of Opentrons 24-Well Aluminum Block on Temperature Module GEN1 on 3 to G1 of Opentrons 96 Well Aluminum Block with NEST Well Plate 100 µL on 1
	Aspirating 30.0 uL from A2 of Opentrons 24-Well Aluminum Block on Temperature Module GEN1 on 3 at 25.0 uL/sec
	Dispensing 30.0 uL into G1 of Opentrons 96 Well Aluminum Block with NEST Well Plate 100 µL on 1 at 50.0 uL/sec
Blowing out at G1 of Opentrons 96 Well Aluminum Block with NEST Well Plate 100 µL on 1
Mixing 2 times with a volume of 25.0 ul
	Aspirating 25.0 uL from G1 of Opentrons 96 Well Aluminum Block with NEST Well Plate 100 µL on 1 at 25.0 uL/sec
	Dispensing 25.0 uL into G1 of Opentrons 96 Well Aluminum Block with NEST Well Plate 100 µL on 1 at 50.0 uL/sec
	Aspirating 25.0 uL from G1 of Opentrons 96 Well Aluminum Block with NEST Well Plate 100 µL on 1 at 25.0 uL/sec
	Dispensing 25.0 uL into G1 of Opentrons 96 Well Aluminum Block with NEST Well Plate 100 µL on 1 at 50.0 uL/sec
Blowing out at G1 of Opentrons 96 Well Aluminum Block with NEST Well Plate 100 µL on 1
Dropping tip into A1 of Opentrons Fixed Trash on 12
Picking up tip from H2 of Opentrons OT-2 96 Tip Rack 300 µL on 5
Transferring 30.0 from A2 of Opentrons 24-Well Aluminum Block on Temperature Module GEN1 on 3 to H1 of Opentrons 96 Well Aluminum Block with NEST Well Plate 100 µL on 1
	Aspirating 30.0 uL from A2 of Opentrons 24-Well Aluminum Block on Temperature Module GEN1 on 3 at 25.0 uL/sec
	Dispensing 30.0 uL into H1 of Opentrons 96 Well Aluminum Block with NEST Well Plate 100 µL on 1 at 50.0 uL/sec
Blowing out at H1 of Opentrons 96 Well Aluminum Block with NEST Well Plate 100 µL on 1
Mixing 2 times with a volume of 25.0 ul
	Aspirating 25.0 uL from H1 of Opentrons 96 Well Aluminum Block with NEST Well Plate 100 µL on 1 at 25.0 uL/sec
	Dispensing 25.0 uL into H1 of Opentrons 96 Well Aluminum Block with NEST Well Plate 100 µL on 1 at 50.0 uL/sec
	Aspirating 25.0 uL from H1 of Opentrons 96 Well Aluminum Block with NEST Well Plate 100 µL on 1 at 25.0 uL/sec
	Dispensing 25.0 uL into H1 of Opentrons 96 Well Aluminum Block with NEST Well Plate 100 µL on 1 at 50.0 uL/sec
Blowing out at H1 of Opentrons 96 Well Aluminum Block with NEST Well Plate 100 µL on 1
Dropping tip into A1 of Opentrons Fixed Trash on 12
Add samples to the thermocycler for ligation.     Temp deck will remain on at 4C
Caught exception: {'message': 'Task was destroyed but it is pending!', 'task': <Task pending name='Task-4' coro=<Poller._poll_forever() running at /Users/dp/Desktop/project/github/opentrons/venv/lib/python3.10/site-packages/opentrons/hardware_control/poller.py:80> wait_for=<Future pending cb=[Task.task_wakeup()]>>}
Caught exception: {'message': 'Task was destroyed but it is pending!', 'task': <Task pending name='Task-3' coro=<Poller._poll_forever() running at /Users/dp/Desktop/project/github/opentrons/venv/lib/python3.10/site-packages/opentrons/hardware_control/poller.py:80> wait_for=<Future pending cb=[Task.task_wakeup()]>>}
Caught exception: {'message': 'Task was destroyed but it is pending!', 'task': <Task pending name='Task-2' coro=<Poller._poll_forever() running at /Users/dp/Desktop/project/github/opentrons/venv/lib/python3.10/site-packages/opentrons/hardware_control/poller.py:80> wait_for=<Future pending cb=[Task.task_wakeup()]>>}
