/Users/dp/Desktop/project/github/opentrons/venv/lib/python3.10/site-packages/opentrons/hardware_control/simulator_setup.py:205: UserWarning: Simulator configuration does not name a machine, defaulting to OT-2 Standard
  warn(
/Users/dp/.opentrons/robot_settings.json not found. Loading defaults
Deck calibration not found.
/Users/dp/.opentrons/deck_calibration.json not found. Loading defaults
Only using one rack
Picking up tip from A1 of Opentrons OT-2 96 Tip Rack 1000 µL on 6
Distributing 250.0 from A1 of Opentrons 6 Tube Rack with Falcon 50 mL Conical on 9 to A1 of Opentrons 24 Tube Rack with Eppendorf 1.5 mL Safe-Lock Snapcap on 8
	Transferring 250.0 from A1 of Opentrons 6 Tube Rack with Falcon 50 mL Conical on 9 to A1 of Opentrons 24 Tube Rack with Eppendorf 1.5 mL Safe-Lock Snapcap on 8
		Aspirating 500.0 uL from A1 of Opentrons 6 Tube Rack with Falcon 50 mL Conical on 9 at 1000.0 uL/sec
		Dispensing 250.0 uL into A1 of Opentrons 24 Tube Rack with Eppendorf 1.5 mL Safe-Lock Snapcap on 8 at 1000.0 uL/sec
		Dispensing 250.0 uL into A2 of Opentrons 24 Tube Rack with Eppendorf 1.5 mL Safe-Lock Snapcap on 8 at 1000.0 uL/sec
Dropping tip into A1 of Opentrons Fixed Trash on 12
Pausing robot operation: Place samples in fridge for 24 hrs minimum (1-14 days), then centrifuge and continue. DO NOT SWITCH OFF THE ROBOT
Transferring 250.0 from A1 of Opentrons 24 Tube Rack with Eppendorf 1.5 mL Safe-Lock Snapcap on 8 to A1 of NEST 12 Well Reservoir 15 mL on 11
	Picking up tip from B1 of Opentrons OT-2 96 Tip Rack 1000 µL on 6
	Aspirating 250.0 uL from A1 of Opentrons 24 Tube Rack with Eppendorf 1.5 mL Safe-Lock Snapcap on 8 at 150.0 uL/sec
	Dispensing 250.0 uL into A1 of NEST 12 Well Reservoir 15 mL on 11 at 300.0 uL/sec
	Dropping tip into A1 of Opentrons Fixed Trash on 12
	Picking up tip from C1 of Opentrons OT-2 96 Tip Rack 1000 µL on 6
	Aspirating 250.0 uL from A2 of Opentrons 24 Tube Rack with Eppendorf 1.5 mL Safe-Lock Snapcap on 8 at 150.0 uL/sec
	Dispensing 250.0 uL into A1 of NEST 12 Well Reservoir 15 mL on 11 at 300.0 uL/sec
	Dropping tip into A1 of Opentrons Fixed Trash on 12
Picking up tip from D1 of Opentrons OT-2 96 Tip Rack 1000 µL on 6
Distributing 250.0 from A2 of Opentrons 6 Tube Rack with Falcon 50 mL Conical on 9 to A1 of Opentrons 24 Tube Rack with Eppendorf 1.5 mL Safe-Lock Snapcap on 8
	Transferring 250.0 from A2 of Opentrons 6 Tube Rack with Falcon 50 mL Conical on 9 to A1 of Opentrons 24 Tube Rack with Eppendorf 1.5 mL Safe-Lock Snapcap on 8
		Aspirating 600.0 uL from A2 of Opentrons 6 Tube Rack with Falcon 50 mL Conical on 9 at 150.0 uL/sec
		Dispensing 250.0 uL into A1 of Opentrons 24 Tube Rack with Eppendorf 1.5 mL Safe-Lock Snapcap on 8 at 300.0 uL/sec
		Dispensing 250.0 uL into A2 of Opentrons 24 Tube Rack with Eppendorf 1.5 mL Safe-Lock Snapcap on 8 at 300.0 uL/sec
		Blowing out at A1 of Opentrons Fixed Trash on 12
Dropping tip into A1 of Opentrons Fixed Trash on 12
Pausing robot operation: Manually vortex (1 min) and centrifuge (1 min) before next step.
Transferring 250.0 from A1 of Opentrons 24 Tube Rack with Eppendorf 1.5 mL Safe-Lock Snapcap on 8 to A1 of NEST 12 Well Reservoir 15 mL on 11
	Picking up tip from E1 of Opentrons OT-2 96 Tip Rack 1000 µL on 6
	Aspirating 250.0 uL from A1 of Opentrons 24 Tube Rack with Eppendorf 1.5 mL Safe-Lock Snapcap on 8 at 150.0 uL/sec
	Dispensing 250.0 uL into A1 of NEST 12 Well Reservoir 15 mL on 11 at 300.0 uL/sec
	Dropping tip into A1 of Opentrons Fixed Trash on 12
	Picking up tip from F1 of Opentrons OT-2 96 Tip Rack 1000 µL on 6
	Aspirating 250.0 uL from A2 of Opentrons 24 Tube Rack with Eppendorf 1.5 mL Safe-Lock Snapcap on 8 at 150.0 uL/sec
	Dispensing 250.0 uL into A1 of NEST 12 Well Reservoir 15 mL on 11 at 300.0 uL/sec
	Dropping tip into A1 of Opentrons Fixed Trash on 12
Distributing 100.0 from A3 of Opentrons 6 Tube Rack with Falcon 50 mL Conical on 9 to A1 of Opentrons 24 Tube Rack with Eppendorf 1.5 mL Safe-Lock Snapcap on 8
	Transferring 100.0 from A3 of Opentrons 6 Tube Rack with Falcon 50 mL Conical on 9 to A1 of Opentrons 24 Tube Rack with Eppendorf 1.5 mL Safe-Lock Snapcap on 8
		Picking up tip from G1 of Opentrons OT-2 96 Tip Rack 1000 µL on 6
		Aspirating 200.0 uL from A3 of Opentrons 6 Tube Rack with Falcon 50 mL Conical on 9 at 1000.0 uL/sec
		Dispensing 100.0 uL into A1 of Opentrons 24 Tube Rack with Eppendorf 1.5 mL Safe-Lock Snapcap on 8 at 300.0 uL/sec
		Dispensing 100.0 uL into A2 of Opentrons 24 Tube Rack with Eppendorf 1.5 mL Safe-Lock Snapcap on 8 at 300.0 uL/sec
		Dropping tip into A1 of Opentrons Fixed Trash on 12
Pausing robot operation: Vortex briefly followed by 1 min of centrifuge at 130k RPM.
Transferring 100.0 from A1 of Opentrons 24 Tube Rack with Eppendorf 1.5 mL Safe-Lock Snapcap on 8 to A1 of NEST 12 Well Reservoir 15 mL on 11
	Picking up tip from H1 of Opentrons OT-2 96 Tip Rack 1000 µL on 6
	Aspirating 100.0 uL from A1 of Opentrons 24 Tube Rack with Eppendorf 1.5 mL Safe-Lock Snapcap on 8 at 1000.0 uL/sec
	Dispensing 100.0 uL into A1 of NEST 12 Well Reservoir 15 mL on 11 at 300.0 uL/sec
	Dropping tip into A1 of Opentrons Fixed Trash on 12
	Picking up tip from A2 of Opentrons OT-2 96 Tip Rack 1000 µL on 6
	Aspirating 100.0 uL from A2 of Opentrons 24 Tube Rack with Eppendorf 1.5 mL Safe-Lock Snapcap on 8 at 1000.0 uL/sec
	Dispensing 100.0 uL into A1 of NEST 12 Well Reservoir 15 mL on 11 at 300.0 uL/sec
	Dropping tip into A1 of Opentrons Fixed Trash on 12
Distributing 100.0 from A3 of Opentrons 6 Tube Rack with Falcon 50 mL Conical on 9 to A1 of Opentrons 24 Tube Rack with Eppendorf 1.5 mL Safe-Lock Snapcap on 8
	Transferring 100.0 from A3 of Opentrons 6 Tube Rack with Falcon 50 mL Conical on 9 to A1 of Opentrons 24 Tube Rack with Eppendorf 1.5 mL Safe-Lock Snapcap on 8
		Picking up tip from B2 of Opentrons OT-2 96 Tip Rack 1000 µL on 6
		Aspirating 200.0 uL from A3 of Opentrons 6 Tube Rack with Falcon 50 mL Conical on 9 at 1000.0 uL/sec
		Dispensing 100.0 uL into A1 of Opentrons 24 Tube Rack with Eppendorf 1.5 mL Safe-Lock Snapcap on 8 at 300.0 uL/sec
		Dispensing 100.0 uL into A2 of Opentrons 24 Tube Rack with Eppendorf 1.5 mL Safe-Lock Snapcap on 8 at 300.0 uL/sec
		Dropping tip into A1 of Opentrons Fixed Trash on 12
Pausing robot operation: Vortex briefly followed by 1 min of centrifuge at 130k RPM.
Transferring 100.0 from A1 of Opentrons 24 Tube Rack with Eppendorf 1.5 mL Safe-Lock Snapcap on 8 to A1 of NEST 12 Well Reservoir 15 mL on 11
	Picking up tip from C2 of Opentrons OT-2 96 Tip Rack 1000 µL on 6
	Aspirating 100.0 uL from A1 of Opentrons 24 Tube Rack with Eppendorf 1.5 mL Safe-Lock Snapcap on 8 at 1000.0 uL/sec
	Dispensing 100.0 uL into A1 of NEST 12 Well Reservoir 15 mL on 11 at 300.0 uL/sec
	Dropping tip into A1 of Opentrons Fixed Trash on 12
	Picking up tip from D2 of Opentrons OT-2 96 Tip Rack 1000 µL on 6
	Aspirating 100.0 uL from A2 of Opentrons 24 Tube Rack with Eppendorf 1.5 mL Safe-Lock Snapcap on 8 at 1000.0 uL/sec
	Dispensing 100.0 uL into A1 of NEST 12 Well Reservoir 15 mL on 11 at 300.0 uL/sec
	Dropping tip into A1 of Opentrons Fixed Trash on 12
Distributing 100.0 from A3 of Opentrons 6 Tube Rack with Falcon 50 mL Conical on 9 to A1 of Opentrons 24 Tube Rack with Eppendorf 1.5 mL Safe-Lock Snapcap on 8
	Transferring 100.0 from A3 of Opentrons 6 Tube Rack with Falcon 50 mL Conical on 9 to A1 of Opentrons 24 Tube Rack with Eppendorf 1.5 mL Safe-Lock Snapcap on 8
		Picking up tip from E2 of Opentrons OT-2 96 Tip Rack 1000 µL on 6
		Aspirating 200.0 uL from A3 of Opentrons 6 Tube Rack with Falcon 50 mL Conical on 9 at 1000.0 uL/sec
		Dispensing 100.0 uL into A1 of Opentrons 24 Tube Rack with Eppendorf 1.5 mL Safe-Lock Snapcap on 8 at 300.0 uL/sec
		Dispensing 100.0 uL into A2 of Opentrons 24 Tube Rack with Eppendorf 1.5 mL Safe-Lock Snapcap on 8 at 300.0 uL/sec
		Dropping tip into A1 of Opentrons Fixed Trash on 12
Pausing robot operation: Vortex briefly followed by 1 min of centrifuge at 130k RPM.
Transferring 100.0 from A1 of Opentrons 24 Tube Rack with Eppendorf 1.5 mL Safe-Lock Snapcap on 8 to A1 of NEST 12 Well Reservoir 15 mL on 11
	Picking up tip from F2 of Opentrons OT-2 96 Tip Rack 1000 µL on 6
	Aspirating 100.0 uL from A1 of Opentrons 24 Tube Rack with Eppendorf 1.5 mL Safe-Lock Snapcap on 8 at 1000.0 uL/sec
	Dispensing 100.0 uL into A1 of NEST 12 Well Reservoir 15 mL on 11 at 300.0 uL/sec
	Dropping tip into A1 of Opentrons Fixed Trash on 12
	Picking up tip from G2 of Opentrons OT-2 96 Tip Rack 1000 µL on 6
	Aspirating 100.0 uL from A2 of Opentrons 24 Tube Rack with Eppendorf 1.5 mL Safe-Lock Snapcap on 8 at 1000.0 uL/sec
	Dispensing 100.0 uL into A1 of NEST 12 Well Reservoir 15 mL on 11 at 300.0 uL/sec
	Dropping tip into A1 of Opentrons Fixed Trash on 12
Distributing 100.0 from A3 of Opentrons 6 Tube Rack with Falcon 50 mL Conical on 9 to A1 of Opentrons 24 Tube Rack with Eppendorf 1.5 mL Safe-Lock Snapcap on 8
	Transferring 100.0 from A3 of Opentrons 6 Tube Rack with Falcon 50 mL Conical on 9 to A1 of Opentrons 24 Tube Rack with Eppendorf 1.5 mL Safe-Lock Snapcap on 8
		Picking up tip from H2 of Opentrons OT-2 96 Tip Rack 1000 µL on 6
		Aspirating 200.0 uL from A3 of Opentrons 6 Tube Rack with Falcon 50 mL Conical on 9 at 1000.0 uL/sec
		Dispensing 100.0 uL into A1 of Opentrons 24 Tube Rack with Eppendorf 1.5 mL Safe-Lock Snapcap on 8 at 300.0 uL/sec
		Dispensing 100.0 uL into A2 of Opentrons 24 Tube Rack with Eppendorf 1.5 mL Safe-Lock Snapcap on 8 at 300.0 uL/sec
		Dropping tip into A1 of Opentrons Fixed Trash on 12
Pausing robot operation: 1 hr incubation period @ 65degrees C, followed by centrifuge for 1 min.
Transferring 50.0 from A1 of Opentrons 24 Tube Rack with Eppendorf 1.5 mL Safe-Lock Snapcap on 8 to C1 of Opentrons 24 Tube Rack with Eppendorf 1.5 mL Safe-Lock Snapcap on 8
	Picking up tip from A3 of Opentrons OT-2 96 Tip Rack 1000 µL on 6
	Aspirating 50.0 uL from A1 of Opentrons 24 Tube Rack with Eppendorf 1.5 mL Safe-Lock Snapcap on 8 at 150.0 uL/sec
	Dispensing 50.0 uL into C1 of Opentrons 24 Tube Rack with Eppendorf 1.5 mL Safe-Lock Snapcap on 8 at 300.0 uL/sec
	Dropping tip into A1 of Opentrons Fixed Trash on 12
Transferring 50.0 from A2 of Opentrons 24 Tube Rack with Eppendorf 1.5 mL Safe-Lock Snapcap on 8 to C2 of Opentrons 24 Tube Rack with Eppendorf 1.5 mL Safe-Lock Snapcap on 8
	Picking up tip from B3 of Opentrons OT-2 96 Tip Rack 1000 µL on 6
	Aspirating 50.0 uL from A2 of Opentrons 24 Tube Rack with Eppendorf 1.5 mL Safe-Lock Snapcap on 8 at 150.0 uL/sec
	Dispensing 50.0 uL into C2 of Opentrons 24 Tube Rack with Eppendorf 1.5 mL Safe-Lock Snapcap on 8 at 300.0 uL/sec
	Dropping tip into A1 of Opentrons Fixed Trash on 12
Transferring 50.0 from B3 of Opentrons 6 Tube Rack with Falcon 50 mL Conical on 9 to C1 of Opentrons 24 Tube Rack with Eppendorf 1.5 mL Safe-Lock Snapcap on 8
	Picking up tip from C3 of Opentrons OT-2 96 Tip Rack 1000 µL on 6
	Aspirating 50.0 uL from B3 of Opentrons 6 Tube Rack with Falcon 50 mL Conical on 9 at 150.0 uL/sec
	Dispensing 50.0 uL into C1 of Opentrons 24 Tube Rack with Eppendorf 1.5 mL Safe-Lock Snapcap on 8 at 300.0 uL/sec
	Mixing 5 times with a volume of 100.0 ul
		Aspirating 100.0 uL from C1 of Opentrons 24 Tube Rack with Eppendorf 1.5 mL Safe-Lock Snapcap on 8 at 150.0 uL/sec
		Dispensing 100.0 uL into C1 of Opentrons 24 Tube Rack with Eppendorf 1.5 mL Safe-Lock Snapcap on 8 at 300.0 uL/sec
		Aspirating 100.0 uL from C1 of Opentrons 24 Tube Rack with Eppendorf 1.5 mL Safe-Lock Snapcap on 8 at 150.0 uL/sec
		Dispensing 100.0 uL into C1 of Opentrons 24 Tube Rack with Eppendorf 1.5 mL Safe-Lock Snapcap on 8 at 300.0 uL/sec
		Aspirating 100.0 uL from C1 of Opentrons 24 Tube Rack with Eppendorf 1.5 mL Safe-Lock Snapcap on 8 at 150.0 uL/sec
		Dispensing 100.0 uL into C1 of Opentrons 24 Tube Rack with Eppendorf 1.5 mL Safe-Lock Snapcap on 8 at 300.0 uL/sec
		Aspirating 100.0 uL from C1 of Opentrons 24 Tube Rack with Eppendorf 1.5 mL Safe-Lock Snapcap on 8 at 150.0 uL/sec
		Dispensing 100.0 uL into C1 of Opentrons 24 Tube Rack with Eppendorf 1.5 mL Safe-Lock Snapcap on 8 at 300.0 uL/sec
		Aspirating 100.0 uL from C1 of Opentrons 24 Tube Rack with Eppendorf 1.5 mL Safe-Lock Snapcap on 8 at 150.0 uL/sec
		Dispensing 100.0 uL into C1 of Opentrons 24 Tube Rack with Eppendorf 1.5 mL Safe-Lock Snapcap on 8 at 300.0 uL/sec
	Dropping tip into A1 of Opentrons Fixed Trash on 12
	Picking up tip from D3 of Opentrons OT-2 96 Tip Rack 1000 µL on 6
	Aspirating 50.0 uL from B3 of Opentrons 6 Tube Rack with Falcon 50 mL Conical on 9 at 150.0 uL/sec
	Dispensing 50.0 uL into C2 of Opentrons 24 Tube Rack with Eppendorf 1.5 mL Safe-Lock Snapcap on 8 at 300.0 uL/sec
	Mixing 5 times with a volume of 100.0 ul
		Aspirating 100.0 uL from C2 of Opentrons 24 Tube Rack with Eppendorf 1.5 mL Safe-Lock Snapcap on 8 at 150.0 uL/sec
		Dispensing 100.0 uL into C2 of Opentrons 24 Tube Rack with Eppendorf 1.5 mL Safe-Lock Snapcap on 8 at 300.0 uL/sec
		Aspirating 100.0 uL from C2 of Opentrons 24 Tube Rack with Eppendorf 1.5 mL Safe-Lock Snapcap on 8 at 150.0 uL/sec
		Dispensing 100.0 uL into C2 of Opentrons 24 Tube Rack with Eppendorf 1.5 mL Safe-Lock Snapcap on 8 at 300.0 uL/sec
		Aspirating 100.0 uL from C2 of Opentrons 24 Tube Rack with Eppendorf 1.5 mL Safe-Lock Snapcap on 8 at 150.0 uL/sec
		Dispensing 100.0 uL into C2 of Opentrons 24 Tube Rack with Eppendorf 1.5 mL Safe-Lock Snapcap on 8 at 300.0 uL/sec
		Aspirating 100.0 uL from C2 of Opentrons 24 Tube Rack with Eppendorf 1.5 mL Safe-Lock Snapcap on 8 at 150.0 uL/sec
		Dispensing 100.0 uL into C2 of Opentrons 24 Tube Rack with Eppendorf 1.5 mL Safe-Lock Snapcap on 8 at 300.0 uL/sec
		Aspirating 100.0 uL from C2 of Opentrons 24 Tube Rack with Eppendorf 1.5 mL Safe-Lock Snapcap on 8 at 150.0 uL/sec
		Dispensing 100.0 uL into C2 of Opentrons 24 Tube Rack with Eppendorf 1.5 mL Safe-Lock Snapcap on 8 at 300.0 uL/sec
	Dropping tip into A1 of Opentrons Fixed Trash on 12
Pausing robot operation: Incubate overnight @37deg C
Transferring 50.0 from B2 of Opentrons 6 Tube Rack with Falcon 50 mL Conical on 9 to C1 of Opentrons 24 Tube Rack with Eppendorf 1.5 mL Safe-Lock Snapcap on 8
	Picking up tip from E3 of Opentrons OT-2 96 Tip Rack 1000 µL on 6
	Aspirating 50.0 uL from B2 of Opentrons 6 Tube Rack with Falcon 50 mL Conical on 9 at 150.0 uL/sec
	Dispensing 50.0 uL into C1 of Opentrons 24 Tube Rack with Eppendorf 1.5 mL Safe-Lock Snapcap on 8 at 300.0 uL/sec
	Mixing 5 times with a volume of 100.0 ul
		Aspirating 100.0 uL from C1 of Opentrons 24 Tube Rack with Eppendorf 1.5 mL Safe-Lock Snapcap on 8 at 150.0 uL/sec
		Dispensing 100.0 uL into C1 of Opentrons 24 Tube Rack with Eppendorf 1.5 mL Safe-Lock Snapcap on 8 at 300.0 uL/sec
		Aspirating 100.0 uL from C1 of Opentrons 24 Tube Rack with Eppendorf 1.5 mL Safe-Lock Snapcap on 8 at 150.0 uL/sec
		Dispensing 100.0 uL into C1 of Opentrons 24 Tube Rack with Eppendorf 1.5 mL Safe-Lock Snapcap on 8 at 300.0 uL/sec
		Aspirating 100.0 uL from C1 of Opentrons 24 Tube Rack with Eppendorf 1.5 mL Safe-Lock Snapcap on 8 at 150.0 uL/sec
		Dispensing 100.0 uL into C1 of Opentrons 24 Tube Rack with Eppendorf 1.5 mL Safe-Lock Snapcap on 8 at 300.0 uL/sec
		Aspirating 100.0 uL from C1 of Opentrons 24 Tube Rack with Eppendorf 1.5 mL Safe-Lock Snapcap on 8 at 150.0 uL/sec
		Dispensing 100.0 uL into C1 of Opentrons 24 Tube Rack with Eppendorf 1.5 mL Safe-Lock Snapcap on 8 at 300.0 uL/sec
		Aspirating 100.0 uL from C1 of Opentrons 24 Tube Rack with Eppendorf 1.5 mL Safe-Lock Snapcap on 8 at 150.0 uL/sec
		Dispensing 100.0 uL into C1 of Opentrons 24 Tube Rack with Eppendorf 1.5 mL Safe-Lock Snapcap on 8 at 300.0 uL/sec
	Dropping tip into A1 of Opentrons Fixed Trash on 12
	Picking up tip from F3 of Opentrons OT-2 96 Tip Rack 1000 µL on 6
	Aspirating 50.0 uL from B2 of Opentrons 6 Tube Rack with Falcon 50 mL Conical on 9 at 150.0 uL/sec
	Dispensing 50.0 uL into C2 of Opentrons 24 Tube Rack with Eppendorf 1.5 mL Safe-Lock Snapcap on 8 at 300.0 uL/sec
	Mixing 5 times with a volume of 100.0 ul
		Aspirating 100.0 uL from C2 of Opentrons 24 Tube Rack with Eppendorf 1.5 mL Safe-Lock Snapcap on 8 at 150.0 uL/sec
		Dispensing 100.0 uL into C2 of Opentrons 24 Tube Rack with Eppendorf 1.5 mL Safe-Lock Snapcap on 8 at 300.0 uL/sec
		Aspirating 100.0 uL from C2 of Opentrons 24 Tube Rack with Eppendorf 1.5 mL Safe-Lock Snapcap on 8 at 150.0 uL/sec
		Dispensing 100.0 uL into C2 of Opentrons 24 Tube Rack with Eppendorf 1.5 mL Safe-Lock Snapcap on 8 at 300.0 uL/sec
		Aspirating 100.0 uL from C2 of Opentrons 24 Tube Rack with Eppendorf 1.5 mL Safe-Lock Snapcap on 8 at 150.0 uL/sec
		Dispensing 100.0 uL into C2 of Opentrons 24 Tube Rack with Eppendorf 1.5 mL Safe-Lock Snapcap on 8 at 300.0 uL/sec
		Aspirating 100.0 uL from C2 of Opentrons 24 Tube Rack with Eppendorf 1.5 mL Safe-Lock Snapcap on 8 at 150.0 uL/sec
		Dispensing 100.0 uL into C2 of Opentrons 24 Tube Rack with Eppendorf 1.5 mL Safe-Lock Snapcap on 8 at 300.0 uL/sec
		Aspirating 100.0 uL from C2 of Opentrons 24 Tube Rack with Eppendorf 1.5 mL Safe-Lock Snapcap on 8 at 150.0 uL/sec
		Dispensing 100.0 uL into C2 of Opentrons 24 Tube Rack with Eppendorf 1.5 mL Safe-Lock Snapcap on 8 at 300.0 uL/sec
	Dropping tip into A1 of Opentrons Fixed Trash on 12
Distributing 250.0 from B1 of Opentrons 6 Tube Rack with Falcon 50 mL Conical on 9 to A1 of NEST 96 Well Plate 200 µL Flat on 2
	Transferring 250.0 from B1 of Opentrons 6 Tube Rack with Falcon 50 mL Conical on 9 to A1 of NEST 96 Well Plate 200 µL Flat on 2
		Picking up tip from G3 of Opentrons OT-2 96 Tip Rack 1000 µL on 6
		Aspirating 500.0 uL from B1 of Opentrons 6 Tube Rack with Falcon 50 mL Conical on 9 at 150.0 uL/sec
		Dispensing 250.0 uL into A1 of NEST 96 Well Plate 200 µL Flat on 2 at 300.0 uL/sec
		Dispensing 250.0 uL into A2 of NEST 96 Well Plate 200 µL Flat on 2 at 300.0 uL/sec
		Dropping tip into A1 of Opentrons Fixed Trash on 12
Distributing 350.0 from B2 of Opentrons 6 Tube Rack with Falcon 50 mL Conical on 9 to B1 of NEST 96 Well Plate 200 µL Flat on 2
	Transferring 350.0 from B2 of Opentrons 6 Tube Rack with Falcon 50 mL Conical on 9 to B1 of NEST 96 Well Plate 200 µL Flat on 2
		Picking up tip from H3 of Opentrons OT-2 96 Tip Rack 1000 µL on 6
		Aspirating 700.0 uL from B2 of Opentrons 6 Tube Rack with Falcon 50 mL Conical on 9 at 150.0 uL/sec
		Dispensing 350.0 uL into B1 of NEST 96 Well Plate 200 µL Flat on 2 at 300.0 uL/sec
		Dispensing 350.0 uL into B2 of NEST 96 Well Plate 200 µL Flat on 2 at 300.0 uL/sec
		Dropping tip into A1 of Opentrons Fixed Trash on 12
Picking up tip from A1 of Opentrons OT-2 96 Tip Rack 300 µL on 1
Mixing 2 times with a volume of 100.0 ul
	Aspirating 100.0 uL from A1 of NEST 96 Well Plate 200 µL Flat on 2 at 10.0 uL/sec
	Dispensing 100.0 uL into A1 of NEST 96 Well Plate 200 µL Flat on 2 at 10.0 uL/sec
	Aspirating 100.0 uL from A1 of NEST 96 Well Plate 200 µL Flat on 2 at 10.0 uL/sec
	Dispensing 100.0 uL into A1 of NEST 96 Well Plate 200 µL Flat on 2 at 10.0 uL/sec
Transferring 50.0 from B1 of NEST 96 Well Plate 200 µL Flat on 2 to A1 of NEST 12 Well Reservoir 15 mL on 11
	Aspirating 50.0 uL from B1 of NEST 96 Well Plate 200 µL Flat on 2 at 10.0 uL/sec
	Dispensing 50.0 uL into A1 of NEST 12 Well Reservoir 15 mL on 11 at 10.0 uL/sec
Transferring 50.0 from B1 of NEST 96 Well Plate 200 µL Flat on 2 to A1 of NEST 12 Well Reservoir 15 mL on 11
	Aspirating 50.0 uL from B1 of NEST 96 Well Plate 200 µL Flat on 2 at 10.0 uL/sec
	Dispensing 50.0 uL into A1 of NEST 12 Well Reservoir 15 mL on 11 at 10.0 uL/sec
Mixing 10 times with a volume of 100.0 ul
	Aspirating 100.0 uL from C1 of Opentrons 24 Tube Rack with Eppendorf 1.5 mL Safe-Lock Snapcap on 8 at 10.0 uL/sec
	Dispensing 100.0 uL into C1 of Opentrons 24 Tube Rack with Eppendorf 1.5 mL Safe-Lock Snapcap on 8 at 10.0 uL/sec
	Aspirating 100.0 uL from C1 of Opentrons 24 Tube Rack with Eppendorf 1.5 mL Safe-Lock Snapcap on 8 at 10.0 uL/sec
	Dispensing 100.0 uL into C1 of Opentrons 24 Tube Rack with Eppendorf 1.5 mL Safe-Lock Snapcap on 8 at 10.0 uL/sec
	Aspirating 100.0 uL from C1 of Opentrons 24 Tube Rack with Eppendorf 1.5 mL Safe-Lock Snapcap on 8 at 10.0 uL/sec
	Dispensing 100.0 uL into C1 of Opentrons 24 Tube Rack with Eppendorf 1.5 mL Safe-Lock Snapcap on 8 at 10.0 uL/sec
	Aspirating 100.0 uL from C1 of Opentrons 24 Tube Rack with Eppendorf 1.5 mL Safe-Lock Snapcap on 8 at 10.0 uL/sec
	Dispensing 100.0 uL into C1 of Opentrons 24 Tube Rack with Eppendorf 1.5 mL Safe-Lock Snapcap on 8 at 10.0 uL/sec
	Aspirating 100.0 uL from C1 of Opentrons 24 Tube Rack with Eppendorf 1.5 mL Safe-Lock Snapcap on 8 at 10.0 uL/sec
	Dispensing 100.0 uL into C1 of Opentrons 24 Tube Rack with Eppendorf 1.5 mL Safe-Lock Snapcap on 8 at 10.0 uL/sec
	Aspirating 100.0 uL from C1 of Opentrons 24 Tube Rack with Eppendorf 1.5 mL Safe-Lock Snapcap on 8 at 10.0 uL/sec
	Dispensing 100.0 uL into C1 of Opentrons 24 Tube Rack with Eppendorf 1.5 mL Safe-Lock Snapcap on 8 at 10.0 uL/sec
	Aspirating 100.0 uL from C1 of Opentrons 24 Tube Rack with Eppendorf 1.5 mL Safe-Lock Snapcap on 8 at 10.0 uL/sec
	Dispensing 100.0 uL into C1 of Opentrons 24 Tube Rack with Eppendorf 1.5 mL Safe-Lock Snapcap on 8 at 10.0 uL/sec
	Aspirating 100.0 uL from C1 of Opentrons 24 Tube Rack with Eppendorf 1.5 mL Safe-Lock Snapcap on 8 at 10.0 uL/sec
	Dispensing 100.0 uL into C1 of Opentrons 24 Tube Rack with Eppendorf 1.5 mL Safe-Lock Snapcap on 8 at 10.0 uL/sec
	Aspirating 100.0 uL from C1 of Opentrons 24 Tube Rack with Eppendorf 1.5 mL Safe-Lock Snapcap on 8 at 10.0 uL/sec
	Dispensing 100.0 uL into C1 of Opentrons 24 Tube Rack with Eppendorf 1.5 mL Safe-Lock Snapcap on 8 at 10.0 uL/sec
	Aspirating 100.0 uL from C1 of Opentrons 24 Tube Rack with Eppendorf 1.5 mL Safe-Lock Snapcap on 8 at 10.0 uL/sec
	Dispensing 100.0 uL into C1 of Opentrons 24 Tube Rack with Eppendorf 1.5 mL Safe-Lock Snapcap on 8 at 10.0 uL/sec
Transferring 50.0 from B1 of NEST 96 Well Plate 200 µL Flat on 2 to A1 of NEST 12 Well Reservoir 15 mL on 11
	Aspirating 50.0 uL from B1 of NEST 96 Well Plate 200 µL Flat on 2 at 10.0 uL/sec
	Dispensing 50.0 uL into A1 of NEST 12 Well Reservoir 15 mL on 11 at 10.0 uL/sec
Transferring 50.0 from B1 of NEST 96 Well Plate 200 µL Flat on 2 to A1 of NEST 12 Well Reservoir 15 mL on 11
	Aspirating 50.0 uL from B1 of NEST 96 Well Plate 200 µL Flat on 2 at 10.0 uL/sec
	Dispensing 50.0 uL into A1 of NEST 12 Well Reservoir 15 mL on 11 at 10.0 uL/sec
Transferring 100.0 from A1 of NEST 96 Well Plate 200 µL Flat on 2 to C1 of NEST 96 Well Plate 200 µL Flat on 2
	Aspirating 100.0 uL from A1 of NEST 96 Well Plate 200 µL Flat on 2 at 10.0 uL/sec
	Dispensing 100.0 uL into C1 of NEST 96 Well Plate 200 µL Flat on 2 at 10.0 uL/sec
	Mixing 10 times with a volume of 50.0 ul
		Aspirating 50.0 uL from C1 of NEST 96 Well Plate 200 µL Flat on 2 at 10.0 uL/sec
		Dispensing 50.0 uL into C1 of NEST 96 Well Plate 200 µL Flat on 2 at 10.0 uL/sec
		Aspirating 50.0 uL from C1 of NEST 96 Well Plate 200 µL Flat on 2 at 10.0 uL/sec
		Dispensing 50.0 uL into C1 of NEST 96 Well Plate 200 µL Flat on 2 at 10.0 uL/sec
		Aspirating 50.0 uL from C1 of NEST 96 Well Plate 200 µL Flat on 2 at 10.0 uL/sec
		Dispensing 50.0 uL into C1 of NEST 96 Well Plate 200 µL Flat on 2 at 10.0 uL/sec
		Aspirating 50.0 uL from C1 of NEST 96 Well Plate 200 µL Flat on 2 at 10.0 uL/sec
		Dispensing 50.0 uL into C1 of NEST 96 Well Plate 200 µL Flat on 2 at 10.0 uL/sec
		Aspirating 50.0 uL from C1 of NEST 96 Well Plate 200 µL Flat on 2 at 10.0 uL/sec
		Dispensing 50.0 uL into C1 of NEST 96 Well Plate 200 µL Flat on 2 at 10.0 uL/sec
		Aspirating 50.0 uL from C1 of NEST 96 Well Plate 200 µL Flat on 2 at 10.0 uL/sec
		Dispensing 50.0 uL into C1 of NEST 96 Well Plate 200 µL Flat on 2 at 10.0 uL/sec
		Aspirating 50.0 uL from C1 of NEST 96 Well Plate 200 µL Flat on 2 at 10.0 uL/sec
		Dispensing 50.0 uL into C1 of NEST 96 Well Plate 200 µL Flat on 2 at 10.0 uL/sec
		Aspirating 50.0 uL from C1 of NEST 96 Well Plate 200 µL Flat on 2 at 10.0 uL/sec
		Dispensing 50.0 uL into C1 of NEST 96 Well Plate 200 µL Flat on 2 at 10.0 uL/sec
		Aspirating 50.0 uL from C1 of NEST 96 Well Plate 200 µL Flat on 2 at 10.0 uL/sec
		Dispensing 50.0 uL into C1 of NEST 96 Well Plate 200 µL Flat on 2 at 10.0 uL/sec
		Aspirating 50.0 uL from C1 of NEST 96 Well Plate 200 µL Flat on 2 at 10.0 uL/sec
		Dispensing 50.0 uL into C1 of NEST 96 Well Plate 200 µL Flat on 2 at 10.0 uL/sec
Dropping tip into A1 of Opentrons Fixed Trash on 12
Picking up tip from B1 of Opentrons OT-2 96 Tip Rack 300 µL on 1
Mixing 2 times with a volume of 100.0 ul
	Aspirating 100.0 uL from A2 of NEST 96 Well Plate 200 µL Flat on 2 at 10.0 uL/sec
	Dispensing 100.0 uL into A2 of NEST 96 Well Plate 200 µL Flat on 2 at 10.0 uL/sec
	Aspirating 100.0 uL from A2 of NEST 96 Well Plate 200 µL Flat on 2 at 10.0 uL/sec
	Dispensing 100.0 uL into A2 of NEST 96 Well Plate 200 µL Flat on 2 at 10.0 uL/sec
Transferring 50.0 from B2 of NEST 96 Well Plate 200 µL Flat on 2 to A1 of NEST 12 Well Reservoir 15 mL on 11
	Aspirating 50.0 uL from B2 of NEST 96 Well Plate 200 µL Flat on 2 at 10.0 uL/sec
	Dispensing 50.0 uL into A1 of NEST 12 Well Reservoir 15 mL on 11 at 10.0 uL/sec
Transferring 50.0 from B2 of NEST 96 Well Plate 200 µL Flat on 2 to A1 of NEST 12 Well Reservoir 15 mL on 11
	Aspirating 50.0 uL from B2 of NEST 96 Well Plate 200 µL Flat on 2 at 10.0 uL/sec
	Dispensing 50.0 uL into A1 of NEST 12 Well Reservoir 15 mL on 11 at 10.0 uL/sec
Mixing 10 times with a volume of 100.0 ul
	Aspirating 100.0 uL from C2 of Opentrons 24 Tube Rack with Eppendorf 1.5 mL Safe-Lock Snapcap on 8 at 10.0 uL/sec
	Dispensing 100.0 uL into C2 of Opentrons 24 Tube Rack with Eppendorf 1.5 mL Safe-Lock Snapcap on 8 at 10.0 uL/sec
	Aspirating 100.0 uL from C2 of Opentrons 24 Tube Rack with Eppendorf 1.5 mL Safe-Lock Snapcap on 8 at 10.0 uL/sec
	Dispensing 100.0 uL into C2 of Opentrons 24 Tube Rack with Eppendorf 1.5 mL Safe-Lock Snapcap on 8 at 10.0 uL/sec
	Aspirating 100.0 uL from C2 of Opentrons 24 Tube Rack with Eppendorf 1.5 mL Safe-Lock Snapcap on 8 at 10.0 uL/sec
	Dispensing 100.0 uL into C2 of Opentrons 24 Tube Rack with Eppendorf 1.5 mL Safe-Lock Snapcap on 8 at 10.0 uL/sec
	Aspirating 100.0 uL from C2 of Opentrons 24 Tube Rack with Eppendorf 1.5 mL Safe-Lock Snapcap on 8 at 10.0 uL/sec
	Dispensing 100.0 uL into C2 of Opentrons 24 Tube Rack with Eppendorf 1.5 mL Safe-Lock Snapcap on 8 at 10.0 uL/sec
	Aspirating 100.0 uL from C2 of Opentrons 24 Tube Rack with Eppendorf 1.5 mL Safe-Lock Snapcap on 8 at 10.0 uL/sec
	Dispensing 100.0 uL into C2 of Opentrons 24 Tube Rack with Eppendorf 1.5 mL Safe-Lock Snapcap on 8 at 10.0 uL/sec
	Aspirating 100.0 uL from C2 of Opentrons 24 Tube Rack with Eppendorf 1.5 mL Safe-Lock Snapcap on 8 at 10.0 uL/sec
	Dispensing 100.0 uL into C2 of Opentrons 24 Tube Rack with Eppendorf 1.5 mL Safe-Lock Snapcap on 8 at 10.0 uL/sec
	Aspirating 100.0 uL from C2 of Opentrons 24 Tube Rack with Eppendorf 1.5 mL Safe-Lock Snapcap on 8 at 10.0 uL/sec
	Dispensing 100.0 uL into C2 of Opentrons 24 Tube Rack with Eppendorf 1.5 mL Safe-Lock Snapcap on 8 at 10.0 uL/sec
	Aspirating 100.0 uL from C2 of Opentrons 24 Tube Rack with Eppendorf 1.5 mL Safe-Lock Snapcap on 8 at 10.0 uL/sec
	Dispensing 100.0 uL into C2 of Opentrons 24 Tube Rack with Eppendorf 1.5 mL Safe-Lock Snapcap on 8 at 10.0 uL/sec
	Aspirating 100.0 uL from C2 of Opentrons 24 Tube Rack with Eppendorf 1.5 mL Safe-Lock Snapcap on 8 at 10.0 uL/sec
	Dispensing 100.0 uL into C2 of Opentrons 24 Tube Rack with Eppendorf 1.5 mL Safe-Lock Snapcap on 8 at 10.0 uL/sec
	Aspirating 100.0 uL from C2 of Opentrons 24 Tube Rack with Eppendorf 1.5 mL Safe-Lock Snapcap on 8 at 10.0 uL/sec
	Dispensing 100.0 uL into C2 of Opentrons 24 Tube Rack with Eppendorf 1.5 mL Safe-Lock Snapcap on 8 at 10.0 uL/sec
Transferring 50.0 from B2 of NEST 96 Well Plate 200 µL Flat on 2 to A1 of NEST 12 Well Reservoir 15 mL on 11
	Aspirating 50.0 uL from B2 of NEST 96 Well Plate 200 µL Flat on 2 at 10.0 uL/sec
	Dispensing 50.0 uL into A1 of NEST 12 Well Reservoir 15 mL on 11 at 10.0 uL/sec
Transferring 50.0 from B2 of NEST 96 Well Plate 200 µL Flat on 2 to A1 of NEST 12 Well Reservoir 15 mL on 11
	Aspirating 50.0 uL from B2 of NEST 96 Well Plate 200 µL Flat on 2 at 10.0 uL/sec
	Dispensing 50.0 uL into A1 of NEST 12 Well Reservoir 15 mL on 11 at 10.0 uL/sec
Transferring 100.0 from A2 of NEST 96 Well Plate 200 µL Flat on 2 to C2 of NEST 96 Well Plate 200 µL Flat on 2
	Aspirating 100.0 uL from A2 of NEST 96 Well Plate 200 µL Flat on 2 at 10.0 uL/sec
	Dispensing 100.0 uL into C2 of NEST 96 Well Plate 200 µL Flat on 2 at 10.0 uL/sec
	Mixing 10 times with a volume of 50.0 ul
		Aspirating 50.0 uL from C2 of NEST 96 Well Plate 200 µL Flat on 2 at 10.0 uL/sec
		Dispensing 50.0 uL into C2 of NEST 96 Well Plate 200 µL Flat on 2 at 10.0 uL/sec
		Aspirating 50.0 uL from C2 of NEST 96 Well Plate 200 µL Flat on 2 at 10.0 uL/sec
		Dispensing 50.0 uL into C2 of NEST 96 Well Plate 200 µL Flat on 2 at 10.0 uL/sec
		Aspirating 50.0 uL from C2 of NEST 96 Well Plate 200 µL Flat on 2 at 10.0 uL/sec
		Dispensing 50.0 uL into C2 of NEST 96 Well Plate 200 µL Flat on 2 at 10.0 uL/sec
		Aspirating 50.0 uL from C2 of NEST 96 Well Plate 200 µL Flat on 2 at 10.0 uL/sec
		Dispensing 50.0 uL into C2 of NEST 96 Well Plate 200 µL Flat on 2 at 10.0 uL/sec
		Aspirating 50.0 uL from C2 of NEST 96 Well Plate 200 µL Flat on 2 at 10.0 uL/sec
		Dispensing 50.0 uL into C2 of NEST 96 Well Plate 200 µL Flat on 2 at 10.0 uL/sec
		Aspirating 50.0 uL from C2 of NEST 96 Well Plate 200 µL Flat on 2 at 10.0 uL/sec
		Dispensing 50.0 uL into C2 of NEST 96 Well Plate 200 µL Flat on 2 at 10.0 uL/sec
		Aspirating 50.0 uL from C2 of NEST 96 Well Plate 200 µL Flat on 2 at 10.0 uL/sec
		Dispensing 50.0 uL into C2 of NEST 96 Well Plate 200 µL Flat on 2 at 10.0 uL/sec
		Aspirating 50.0 uL from C2 of NEST 96 Well Plate 200 µL Flat on 2 at 10.0 uL/sec
		Dispensing 50.0 uL into C2 of NEST 96 Well Plate 200 µL Flat on 2 at 10.0 uL/sec
		Aspirating 50.0 uL from C2 of NEST 96 Well Plate 200 µL Flat on 2 at 10.0 uL/sec
		Dispensing 50.0 uL into C2 of NEST 96 Well Plate 200 µL Flat on 2 at 10.0 uL/sec
		Aspirating 50.0 uL from C2 of NEST 96 Well Plate 200 µL Flat on 2 at 10.0 uL/sec
		Dispensing 50.0 uL into C2 of NEST 96 Well Plate 200 µL Flat on 2 at 10.0 uL/sec
Dropping tip into A1 of Opentrons Fixed Trash on 12
Caught exception: {'message': 'Task was destroyed but it is pending!', 'task': <Task pending name='Task-4' coro=<Poller._poll_forever() running at /Users/dp/Desktop/project/github/opentrons/venv/lib/python3.10/site-packages/opentrons/hardware_control/poller.py:80> wait_for=<Future pending cb=[Task.task_wakeup()]>>}
Caught exception: {'message': 'Task was destroyed but it is pending!', 'task': <Task pending name='Task-3' coro=<Poller._poll_forever() running at /Users/dp/Desktop/project/github/opentrons/venv/lib/python3.10/site-packages/opentrons/hardware_control/poller.py:80> wait_for=<Future pending cb=[Task.task_wakeup()]>>}
Caught exception: {'message': 'Task was destroyed but it is pending!', 'task': <Task pending name='Task-2' coro=<Poller._poll_forever() running at /Users/dp/Desktop/project/github/opentrons/venv/lib/python3.10/site-packages/opentrons/hardware_control/poller.py:80> wait_for=<Future pending cb=[Task.task_wakeup()]>>}
