/Users/dp/Desktop/project/github/opentrons/venv/lib/python3.10/site-packages/opentrons/hardware_control/simulator_setup.py:205: UserWarning: Simulator configuration does not name a machine, defaulting to OT-2 Standard
  warn(
/Users/dp/.opentrons/robot_settings.json not found. Loading defaults
Deck calibration not found.
/Users/dp/.opentrons/deck_calibration.json not found. Loading defaults
7.45
83.02582393147804
83.02582393147804
81.878812945725
80.73180195997196
79.58479097421892
78.43777998846588
77.29076900271284
76.1437580169598
74.99674703120675
73.84973604545371
72.70272505970067
71.55571407394763
70.40870308819459
Picking up tip from A1 of Opentrons OT-2 96 Tip Rack 300 µL on 1
Aspirating 200.0 uL from A1 of Opentrons 10 Tube Rack with Falcon 4x50 mL, 6x15 mL Conical on 3 at 92.86 uL/sec
Moving to A1 of Opentrons 10 Tube Rack with Falcon 4x50 mL, 6x15 mL Conical on 3
Aspirating 20.0 uL from A1 of Opentrons 10 Tube Rack with Falcon 4x50 mL, 6x15 mL Conical on 3 at 92.86 uL/sec
Moving to A2 of Opentrons 24 Tube Rack with Eppendorf 1.5 mL Safe-Lock Snapcap on 4
Dispensing 20.0 uL into A2 of Opentrons 24 Tube Rack with Eppendorf 1.5 mL Safe-Lock Snapcap on 4 at 92.86 uL/sec
Dispensing 200.0 uL into A2 of Opentrons 24 Tube Rack with Eppendorf 1.5 mL Safe-Lock Snapcap on 4 at 92.86 uL/sec
Aspirating 200.0 uL from A1 of Opentrons 10 Tube Rack with Falcon 4x50 mL, 6x15 mL Conical on 3 at 92.86 uL/sec
Moving to A1 of Opentrons 10 Tube Rack with Falcon 4x50 mL, 6x15 mL Conical on 3
Aspirating 20.0 uL from A1 of Opentrons 10 Tube Rack with Falcon 4x50 mL, 6x15 mL Conical on 3 at 92.86 uL/sec
Moving to A3 of Opentrons 24 Tube Rack with Eppendorf 1.5 mL Safe-Lock Snapcap on 4
Dispensing 20.0 uL into A3 of Opentrons 24 Tube Rack with Eppendorf 1.5 mL Safe-Lock Snapcap on 4 at 92.86 uL/sec
Dispensing 200.0 uL into A3 of Opentrons 24 Tube Rack with Eppendorf 1.5 mL Safe-Lock Snapcap on 4 at 92.86 uL/sec
Aspirating 200.0 uL from A1 of Opentrons 10 Tube Rack with Falcon 4x50 mL, 6x15 mL Conical on 3 at 92.86 uL/sec
Moving to A1 of Opentrons 10 Tube Rack with Falcon 4x50 mL, 6x15 mL Conical on 3
Aspirating 20.0 uL from A1 of Opentrons 10 Tube Rack with Falcon 4x50 mL, 6x15 mL Conical on 3 at 92.86 uL/sec
Moving to A4 of Opentrons 24 Tube Rack with Eppendorf 1.5 mL Safe-Lock Snapcap on 4
Dispensing 20.0 uL into A4 of Opentrons 24 Tube Rack with Eppendorf 1.5 mL Safe-Lock Snapcap on 4 at 92.86 uL/sec
Dispensing 200.0 uL into A4 of Opentrons 24 Tube Rack with Eppendorf 1.5 mL Safe-Lock Snapcap on 4 at 92.86 uL/sec
Aspirating 200.0 uL from A1 of Opentrons 10 Tube Rack with Falcon 4x50 mL, 6x15 mL Conical on 3 at 92.86 uL/sec
Moving to A1 of Opentrons 10 Tube Rack with Falcon 4x50 mL, 6x15 mL Conical on 3
Aspirating 20.0 uL from A1 of Opentrons 10 Tube Rack with Falcon 4x50 mL, 6x15 mL Conical on 3 at 92.86 uL/sec
Moving to A5 of Opentrons 24 Tube Rack with Eppendorf 1.5 mL Safe-Lock Snapcap on 4
Dispensing 20.0 uL into A5 of Opentrons 24 Tube Rack with Eppendorf 1.5 mL Safe-Lock Snapcap on 4 at 92.86 uL/sec
Dispensing 200.0 uL into A5 of Opentrons 24 Tube Rack with Eppendorf 1.5 mL Safe-Lock Snapcap on 4 at 92.86 uL/sec
Aspirating 200.0 uL from A1 of Opentrons 10 Tube Rack with Falcon 4x50 mL, 6x15 mL Conical on 3 at 92.86 uL/sec
Moving to A1 of Opentrons 10 Tube Rack with Falcon 4x50 mL, 6x15 mL Conical on 3
Aspirating 20.0 uL from A1 of Opentrons 10 Tube Rack with Falcon 4x50 mL, 6x15 mL Conical on 3 at 92.86 uL/sec
Moving to A6 of Opentrons 24 Tube Rack with Eppendorf 1.5 mL Safe-Lock Snapcap on 4
Dispensing 20.0 uL into A6 of Opentrons 24 Tube Rack with Eppendorf 1.5 mL Safe-Lock Snapcap on 4 at 92.86 uL/sec
Dispensing 200.0 uL into A6 of Opentrons 24 Tube Rack with Eppendorf 1.5 mL Safe-Lock Snapcap on 4 at 92.86 uL/sec
Aspirating 200.0 uL from A1 of Opentrons 10 Tube Rack with Falcon 4x50 mL, 6x15 mL Conical on 3 at 92.86 uL/sec
Moving to A1 of Opentrons 10 Tube Rack with Falcon 4x50 mL, 6x15 mL Conical on 3
Aspirating 20.0 uL from A1 of Opentrons 10 Tube Rack with Falcon 4x50 mL, 6x15 mL Conical on 3 at 92.86 uL/sec
Moving to B1 of Opentrons 24 Tube Rack with Eppendorf 1.5 mL Safe-Lock Snapcap on 4
Dispensing 20.0 uL into B1 of Opentrons 24 Tube Rack with Eppendorf 1.5 mL Safe-Lock Snapcap on 4 at 92.86 uL/sec
Dispensing 200.0 uL into B1 of Opentrons 24 Tube Rack with Eppendorf 1.5 mL Safe-Lock Snapcap on 4 at 92.86 uL/sec
Aspirating 200.0 uL from A1 of Opentrons 10 Tube Rack with Falcon 4x50 mL, 6x15 mL Conical on 3 at 92.86 uL/sec
Moving to A1 of Opentrons 10 Tube Rack with Falcon 4x50 mL, 6x15 mL Conical on 3
Aspirating 20.0 uL from A1 of Opentrons 10 Tube Rack with Falcon 4x50 mL, 6x15 mL Conical on 3 at 92.86 uL/sec
Moving to B2 of Opentrons 24 Tube Rack with Eppendorf 1.5 mL Safe-Lock Snapcap on 4
Dispensing 20.0 uL into B2 of Opentrons 24 Tube Rack with Eppendorf 1.5 mL Safe-Lock Snapcap on 4 at 92.86 uL/sec
Dispensing 200.0 uL into B2 of Opentrons 24 Tube Rack with Eppendorf 1.5 mL Safe-Lock Snapcap on 4 at 92.86 uL/sec
Aspirating 200.0 uL from A1 of Opentrons 10 Tube Rack with Falcon 4x50 mL, 6x15 mL Conical on 3 at 92.86 uL/sec
Moving to A1 of Opentrons 10 Tube Rack with Falcon 4x50 mL, 6x15 mL Conical on 3
Aspirating 20.0 uL from A1 of Opentrons 10 Tube Rack with Falcon 4x50 mL, 6x15 mL Conical on 3 at 92.86 uL/sec
Moving to B3 of Opentrons 24 Tube Rack with Eppendorf 1.5 mL Safe-Lock Snapcap on 4
Dispensing 20.0 uL into B3 of Opentrons 24 Tube Rack with Eppendorf 1.5 mL Safe-Lock Snapcap on 4 at 92.86 uL/sec
Dispensing 200.0 uL into B3 of Opentrons 24 Tube Rack with Eppendorf 1.5 mL Safe-Lock Snapcap on 4 at 92.86 uL/sec
Aspirating 200.0 uL from A1 of Opentrons 10 Tube Rack with Falcon 4x50 mL, 6x15 mL Conical on 3 at 92.86 uL/sec
Moving to A1 of Opentrons 10 Tube Rack with Falcon 4x50 mL, 6x15 mL Conical on 3
Aspirating 20.0 uL from A1 of Opentrons 10 Tube Rack with Falcon 4x50 mL, 6x15 mL Conical on 3 at 92.86 uL/sec
Moving to B4 of Opentrons 24 Tube Rack with Eppendorf 1.5 mL Safe-Lock Snapcap on 4
Dispensing 20.0 uL into B4 of Opentrons 24 Tube Rack with Eppendorf 1.5 mL Safe-Lock Snapcap on 4 at 92.86 uL/sec
Dispensing 200.0 uL into B4 of Opentrons 24 Tube Rack with Eppendorf 1.5 mL Safe-Lock Snapcap on 4 at 92.86 uL/sec
Aspirating 200.0 uL from A1 of Opentrons 10 Tube Rack with Falcon 4x50 mL, 6x15 mL Conical on 3 at 92.86 uL/sec
Moving to A1 of Opentrons 10 Tube Rack with Falcon 4x50 mL, 6x15 mL Conical on 3
Aspirating 20.0 uL from A1 of Opentrons 10 Tube Rack with Falcon 4x50 mL, 6x15 mL Conical on 3 at 92.86 uL/sec
Moving to B5 of Opentrons 24 Tube Rack with Eppendorf 1.5 mL Safe-Lock Snapcap on 4
Dispensing 20.0 uL into B5 of Opentrons 24 Tube Rack with Eppendorf 1.5 mL Safe-Lock Snapcap on 4 at 92.86 uL/sec
Dispensing 200.0 uL into B5 of Opentrons 24 Tube Rack with Eppendorf 1.5 mL Safe-Lock Snapcap on 4 at 92.86 uL/sec
Aspirating 200.0 uL from A1 of Opentrons 10 Tube Rack with Falcon 4x50 mL, 6x15 mL Conical on 3 at 92.86 uL/sec
Moving to A1 of Opentrons 10 Tube Rack with Falcon 4x50 mL, 6x15 mL Conical on 3
Aspirating 20.0 uL from A1 of Opentrons 10 Tube Rack with Falcon 4x50 mL, 6x15 mL Conical on 3 at 92.86 uL/sec
Moving to B6 of Opentrons 24 Tube Rack with Eppendorf 1.5 mL Safe-Lock Snapcap on 4
Dispensing 20.0 uL into B6 of Opentrons 24 Tube Rack with Eppendorf 1.5 mL Safe-Lock Snapcap on 4 at 92.86 uL/sec
Dispensing 200.0 uL into B6 of Opentrons 24 Tube Rack with Eppendorf 1.5 mL Safe-Lock Snapcap on 4 at 92.86 uL/sec
Aspirating 250.0 uL from A1 of Opentrons 10 Tube Rack with Falcon 4x50 mL, 6x15 mL Conical on 3 at 92.86 uL/sec
Moving to A1 of Opentrons 10 Tube Rack with Falcon 4x50 mL, 6x15 mL Conical on 3
Aspirating 20.0 uL from A1 of Opentrons 10 Tube Rack with Falcon 4x50 mL, 6x15 mL Conical on 3 at 92.86 uL/sec
Moving to A1 of Opentrons 24 Tube Rack with Eppendorf 1.5 mL Safe-Lock Snapcap on 4
Dispensing 20.0 uL into A1 of Opentrons 24 Tube Rack with Eppendorf 1.5 mL Safe-Lock Snapcap on 4 at 92.86 uL/sec
Dispensing 250.0 uL into A1 of Opentrons 24 Tube Rack with Eppendorf 1.5 mL Safe-Lock Snapcap on 4 at 92.86 uL/sec
Aspirating 250.0 uL from A1 of Opentrons 10 Tube Rack with Falcon 4x50 mL, 6x15 mL Conical on 3 at 92.86 uL/sec
Moving to A1 of Opentrons 10 Tube Rack with Falcon 4x50 mL, 6x15 mL Conical on 3
Aspirating 20.0 uL from A1 of Opentrons 10 Tube Rack with Falcon 4x50 mL, 6x15 mL Conical on 3 at 92.86 uL/sec
Moving to A1 of Opentrons 24 Tube Rack with Eppendorf 1.5 mL Safe-Lock Snapcap on 4
Dispensing 20.0 uL into A1 of Opentrons 24 Tube Rack with Eppendorf 1.5 mL Safe-Lock Snapcap on 4 at 92.86 uL/sec
Dispensing 250.0 uL into A1 of Opentrons 24 Tube Rack with Eppendorf 1.5 mL Safe-Lock Snapcap on 4 at 92.86 uL/sec
Aspirating 250.0 uL from A1 of Opentrons 10 Tube Rack with Falcon 4x50 mL, 6x15 mL Conical on 3 at 92.86 uL/sec
Moving to A1 of Opentrons 10 Tube Rack with Falcon 4x50 mL, 6x15 mL Conical on 3
Aspirating 20.0 uL from A1 of Opentrons 10 Tube Rack with Falcon 4x50 mL, 6x15 mL Conical on 3 at 92.86 uL/sec
Moving to A1 of Opentrons 24 Tube Rack with Eppendorf 1.5 mL Safe-Lock Snapcap on 4
Dispensing 20.0 uL into A1 of Opentrons 24 Tube Rack with Eppendorf 1.5 mL Safe-Lock Snapcap on 4 at 92.86 uL/sec
Dispensing 250.0 uL into A1 of Opentrons 24 Tube Rack with Eppendorf 1.5 mL Safe-Lock Snapcap on 4 at 92.86 uL/sec
Aspirating 240.0 uL from A1 of Opentrons 10 Tube Rack with Falcon 4x50 mL, 6x15 mL Conical on 3 at 92.86 uL/sec
Moving to A1 of Opentrons 10 Tube Rack with Falcon 4x50 mL, 6x15 mL Conical on 3
Aspirating 20.0 uL from A1 of Opentrons 10 Tube Rack with Falcon 4x50 mL, 6x15 mL Conical on 3 at 92.86 uL/sec
Moving to A1 of Opentrons 24 Tube Rack with Eppendorf 1.5 mL Safe-Lock Snapcap on 4
Dispensing 20.0 uL into A1 of Opentrons 24 Tube Rack with Eppendorf 1.5 mL Safe-Lock Snapcap on 4 at 92.86 uL/sec
Dispensing 240.0 uL into A1 of Opentrons 24 Tube Rack with Eppendorf 1.5 mL Safe-Lock Snapcap on 4 at 92.86 uL/sec
Dropping tip into A1 of Opentrons Fixed Trash on 12
Pausing robot operation: PLEASE ADD 20 uL OF STOCK SOLUTION TO TUBE A1, ROBOT WILL MIX
Picking up tip from B1 of Opentrons OT-2 96 Tip Rack 300 µL on 1
Moving to A1 of Opentrons 24 Tube Rack with Eppendorf 1.5 mL Safe-Lock Snapcap on 4
Aspirating 270.0 uL from A1 of Opentrons 24 Tube Rack with Eppendorf 1.5 mL Safe-Lock Snapcap on 4 at 185.72 uL/sec
Dispensing 270.0 uL into A1 of Opentrons 24 Tube Rack with Eppendorf 1.5 mL Safe-Lock Snapcap on 4 at 185.72 uL/sec
Aspirating 270.0 uL from A1 of Opentrons 24 Tube Rack with Eppendorf 1.5 mL Safe-Lock Snapcap on 4 at 185.72 uL/sec
Dispensing 270.0 uL into A1 of Opentrons 24 Tube Rack with Eppendorf 1.5 mL Safe-Lock Snapcap on 4 at 185.72 uL/sec
Aspirating 270.0 uL from A1 of Opentrons 24 Tube Rack with Eppendorf 1.5 mL Safe-Lock Snapcap on 4 at 185.72 uL/sec
Dispensing 270.0 uL into A1 of Opentrons 24 Tube Rack with Eppendorf 1.5 mL Safe-Lock Snapcap on 4 at 185.72 uL/sec
Aspirating 270.0 uL from A1 of Opentrons 24 Tube Rack with Eppendorf 1.5 mL Safe-Lock Snapcap on 4 at 185.72 uL/sec
Dispensing 270.0 uL into A1 of Opentrons 24 Tube Rack with Eppendorf 1.5 mL Safe-Lock Snapcap on 4 at 185.72 uL/sec
Aspirating 270.0 uL from A1 of Opentrons 24 Tube Rack with Eppendorf 1.5 mL Safe-Lock Snapcap on 4 at 185.72 uL/sec
Dispensing 270.0 uL into A1 of Opentrons 24 Tube Rack with Eppendorf 1.5 mL Safe-Lock Snapcap on 4 at 185.72 uL/sec
Aspirating 270.0 uL from A1 of Opentrons 24 Tube Rack with Eppendorf 1.5 mL Safe-Lock Snapcap on 4 at 185.72 uL/sec
Dispensing 270.0 uL into A1 of Opentrons 24 Tube Rack with Eppendorf 1.5 mL Safe-Lock Snapcap on 4 at 185.72 uL/sec
Aspirating 270.0 uL from A1 of Opentrons 24 Tube Rack with Eppendorf 1.5 mL Safe-Lock Snapcap on 4 at 185.72 uL/sec
Dispensing 270.0 uL into A1 of Opentrons 24 Tube Rack with Eppendorf 1.5 mL Safe-Lock Snapcap on 4 at 185.72 uL/sec
Aspirating 270.0 uL from A1 of Opentrons 24 Tube Rack with Eppendorf 1.5 mL Safe-Lock Snapcap on 4 at 185.72 uL/sec
Dispensing 270.0 uL into A1 of Opentrons 24 Tube Rack with Eppendorf 1.5 mL Safe-Lock Snapcap on 4 at 185.72 uL/sec
Aspirating 270.0 uL from A1 of Opentrons 24 Tube Rack with Eppendorf 1.5 mL Safe-Lock Snapcap on 4 at 185.72 uL/sec
Dispensing 270.0 uL into A1 of Opentrons 24 Tube Rack with Eppendorf 1.5 mL Safe-Lock Snapcap on 4 at 185.72 uL/sec
Aspirating 270.0 uL from A1 of Opentrons 24 Tube Rack with Eppendorf 1.5 mL Safe-Lock Snapcap on 4 at 185.72 uL/sec
Dispensing 270.0 uL into A1 of Opentrons 24 Tube Rack with Eppendorf 1.5 mL Safe-Lock Snapcap on 4 at 185.72 uL/sec
Aspirating 200.0 uL from A1 of Opentrons 24 Tube Rack with Eppendorf 1.5 mL Safe-Lock Snapcap on 4 at 92.86 uL/sec
Dispensing 200.0 uL into A2 of Opentrons 24 Tube Rack with Eppendorf 1.5 mL Safe-Lock Snapcap on 4 at 92.86 uL/sec
Dropping tip into A1 of Opentrons Fixed Trash on 12
Picking up tip from C1 of Opentrons OT-2 96 Tip Rack 300 µL on 1
Aspirating 200.0 uL from A2 of Opentrons 24 Tube Rack with Eppendorf 1.5 mL Safe-Lock Snapcap on 4 at 92.86 uL/sec
Moving to A2 of Opentrons 24 Tube Rack with Eppendorf 1.5 mL Safe-Lock Snapcap on 4
Aspirating 20.0 uL from A2 of Opentrons 24 Tube Rack with Eppendorf 1.5 mL Safe-Lock Snapcap on 4 at 92.86 uL/sec
Moving to A3 of Opentrons 24 Tube Rack with Eppendorf 1.5 mL Safe-Lock Snapcap on 4
Dispensing 20.0 uL into A3 of Opentrons 24 Tube Rack with Eppendorf 1.5 mL Safe-Lock Snapcap on 4 at 92.86 uL/sec
Dispensing 200.0 uL into A3 of Opentrons 24 Tube Rack with Eppendorf 1.5 mL Safe-Lock Snapcap on 4 at 92.86 uL/sec
Moving to A3 of Opentrons 24 Tube Rack with Eppendorf 1.5 mL Safe-Lock Snapcap on 4
Aspirating 270.0 uL from A3 of Opentrons 24 Tube Rack with Eppendorf 1.5 mL Safe-Lock Snapcap on 4 at 185.72 uL/sec
Dispensing 270.0 uL into A3 of Opentrons 24 Tube Rack with Eppendorf 1.5 mL Safe-Lock Snapcap on 4 at 185.72 uL/sec
Aspirating 270.0 uL from A3 of Opentrons 24 Tube Rack with Eppendorf 1.5 mL Safe-Lock Snapcap on 4 at 185.72 uL/sec
Dispensing 270.0 uL into A3 of Opentrons 24 Tube Rack with Eppendorf 1.5 mL Safe-Lock Snapcap on 4 at 185.72 uL/sec
Aspirating 270.0 uL from A3 of Opentrons 24 Tube Rack with Eppendorf 1.5 mL Safe-Lock Snapcap on 4 at 185.72 uL/sec
Dispensing 270.0 uL into A3 of Opentrons 24 Tube Rack with Eppendorf 1.5 mL Safe-Lock Snapcap on 4 at 185.72 uL/sec
Aspirating 270.0 uL from A3 of Opentrons 24 Tube Rack with Eppendorf 1.5 mL Safe-Lock Snapcap on 4 at 185.72 uL/sec
Dispensing 270.0 uL into A3 of Opentrons 24 Tube Rack with Eppendorf 1.5 mL Safe-Lock Snapcap on 4 at 185.72 uL/sec
Aspirating 270.0 uL from A3 of Opentrons 24 Tube Rack with Eppendorf 1.5 mL Safe-Lock Snapcap on 4 at 185.72 uL/sec
Dispensing 270.0 uL into A3 of Opentrons 24 Tube Rack with Eppendorf 1.5 mL Safe-Lock Snapcap on 4 at 185.72 uL/sec
Aspirating 270.0 uL from A3 of Opentrons 24 Tube Rack with Eppendorf 1.5 mL Safe-Lock Snapcap on 4 at 185.72 uL/sec
Dispensing 270.0 uL into A3 of Opentrons 24 Tube Rack with Eppendorf 1.5 mL Safe-Lock Snapcap on 4 at 185.72 uL/sec
Aspirating 270.0 uL from A3 of Opentrons 24 Tube Rack with Eppendorf 1.5 mL Safe-Lock Snapcap on 4 at 185.72 uL/sec
Dispensing 270.0 uL into A3 of Opentrons 24 Tube Rack with Eppendorf 1.5 mL Safe-Lock Snapcap on 4 at 185.72 uL/sec
Aspirating 270.0 uL from A3 of Opentrons 24 Tube Rack with Eppendorf 1.5 mL Safe-Lock Snapcap on 4 at 185.72 uL/sec
Dispensing 270.0 uL into A3 of Opentrons 24 Tube Rack with Eppendorf 1.5 mL Safe-Lock Snapcap on 4 at 185.72 uL/sec
Aspirating 270.0 uL from A3 of Opentrons 24 Tube Rack with Eppendorf 1.5 mL Safe-Lock Snapcap on 4 at 185.72 uL/sec
Dispensing 270.0 uL into A3 of Opentrons 24 Tube Rack with Eppendorf 1.5 mL Safe-Lock Snapcap on 4 at 185.72 uL/sec
Aspirating 270.0 uL from A3 of Opentrons 24 Tube Rack with Eppendorf 1.5 mL Safe-Lock Snapcap on 4 at 185.72 uL/sec
Dispensing 270.0 uL into A3 of Opentrons 24 Tube Rack with Eppendorf 1.5 mL Safe-Lock Snapcap on 4 at 185.72 uL/sec
Dropping tip into A1 of Opentrons Fixed Trash on 12
Picking up tip from D1 of Opentrons OT-2 96 Tip Rack 300 µL on 1
Aspirating 200.0 uL from A3 of Opentrons 24 Tube Rack with Eppendorf 1.5 mL Safe-Lock Snapcap on 4 at 92.86 uL/sec
Moving to A3 of Opentrons 24 Tube Rack with Eppendorf 1.5 mL Safe-Lock Snapcap on 4
Aspirating 20.0 uL from A3 of Opentrons 24 Tube Rack with Eppendorf 1.5 mL Safe-Lock Snapcap on 4 at 92.86 uL/sec
Moving to A4 of Opentrons 24 Tube Rack with Eppendorf 1.5 mL Safe-Lock Snapcap on 4
Dispensing 20.0 uL into A4 of Opentrons 24 Tube Rack with Eppendorf 1.5 mL Safe-Lock Snapcap on 4 at 92.86 uL/sec
Dispensing 200.0 uL into A4 of Opentrons 24 Tube Rack with Eppendorf 1.5 mL Safe-Lock Snapcap on 4 at 92.86 uL/sec
Moving to A4 of Opentrons 24 Tube Rack with Eppendorf 1.5 mL Safe-Lock Snapcap on 4
Aspirating 270.0 uL from A4 of Opentrons 24 Tube Rack with Eppendorf 1.5 mL Safe-Lock Snapcap on 4 at 185.72 uL/sec
Dispensing 270.0 uL into A4 of Opentrons 24 Tube Rack with Eppendorf 1.5 mL Safe-Lock Snapcap on 4 at 185.72 uL/sec
Aspirating 270.0 uL from A4 of Opentrons 24 Tube Rack with Eppendorf 1.5 mL Safe-Lock Snapcap on 4 at 185.72 uL/sec
Dispensing 270.0 uL into A4 of Opentrons 24 Tube Rack with Eppendorf 1.5 mL Safe-Lock Snapcap on 4 at 185.72 uL/sec
Aspirating 270.0 uL from A4 of Opentrons 24 Tube Rack with Eppendorf 1.5 mL Safe-Lock Snapcap on 4 at 185.72 uL/sec
Dispensing 270.0 uL into A4 of Opentrons 24 Tube Rack with Eppendorf 1.5 mL Safe-Lock Snapcap on 4 at 185.72 uL/sec
Aspirating 270.0 uL from A4 of Opentrons 24 Tube Rack with Eppendorf 1.5 mL Safe-Lock Snapcap on 4 at 185.72 uL/sec
Dispensing 270.0 uL into A4 of Opentrons 24 Tube Rack with Eppendorf 1.5 mL Safe-Lock Snapcap on 4 at 185.72 uL/sec
Aspirating 270.0 uL from A4 of Opentrons 24 Tube Rack with Eppendorf 1.5 mL Safe-Lock Snapcap on 4 at 185.72 uL/sec
Dispensing 270.0 uL into A4 of Opentrons 24 Tube Rack with Eppendorf 1.5 mL Safe-Lock Snapcap on 4 at 185.72 uL/sec
Aspirating 270.0 uL from A4 of Opentrons 24 Tube Rack with Eppendorf 1.5 mL Safe-Lock Snapcap on 4 at 185.72 uL/sec
Dispensing 270.0 uL into A4 of Opentrons 24 Tube Rack with Eppendorf 1.5 mL Safe-Lock Snapcap on 4 at 185.72 uL/sec
Aspirating 270.0 uL from A4 of Opentrons 24 Tube Rack with Eppendorf 1.5 mL Safe-Lock Snapcap on 4 at 185.72 uL/sec
Dispensing 270.0 uL into A4 of Opentrons 24 Tube Rack with Eppendorf 1.5 mL Safe-Lock Snapcap on 4 at 185.72 uL/sec
Aspirating 270.0 uL from A4 of Opentrons 24 Tube Rack with Eppendorf 1.5 mL Safe-Lock Snapcap on 4 at 185.72 uL/sec
Dispensing 270.0 uL into A4 of Opentrons 24 Tube Rack with Eppendorf 1.5 mL Safe-Lock Snapcap on 4 at 185.72 uL/sec
Aspirating 270.0 uL from A4 of Opentrons 24 Tube Rack with Eppendorf 1.5 mL Safe-Lock Snapcap on 4 at 185.72 uL/sec
Dispensing 270.0 uL into A4 of Opentrons 24 Tube Rack with Eppendorf 1.5 mL Safe-Lock Snapcap on 4 at 185.72 uL/sec
Aspirating 270.0 uL from A4 of Opentrons 24 Tube Rack with Eppendorf 1.5 mL Safe-Lock Snapcap on 4 at 185.72 uL/sec
Dispensing 270.0 uL into A4 of Opentrons 24 Tube Rack with Eppendorf 1.5 mL Safe-Lock Snapcap on 4 at 185.72 uL/sec
Dropping tip into A1 of Opentrons Fixed Trash on 12
Picking up tip from E1 of Opentrons OT-2 96 Tip Rack 300 µL on 1
Aspirating 200.0 uL from A4 of Opentrons 24 Tube Rack with Eppendorf 1.5 mL Safe-Lock Snapcap on 4 at 92.86 uL/sec
Moving to A4 of Opentrons 24 Tube Rack with Eppendorf 1.5 mL Safe-Lock Snapcap on 4
Aspirating 20.0 uL from A4 of Opentrons 24 Tube Rack with Eppendorf 1.5 mL Safe-Lock Snapcap on 4 at 92.86 uL/sec
Moving to A5 of Opentrons 24 Tube Rack with Eppendorf 1.5 mL Safe-Lock Snapcap on 4
Dispensing 20.0 uL into A5 of Opentrons 24 Tube Rack with Eppendorf 1.5 mL Safe-Lock Snapcap on 4 at 92.86 uL/sec
Dispensing 200.0 uL into A5 of Opentrons 24 Tube Rack with Eppendorf 1.5 mL Safe-Lock Snapcap on 4 at 92.86 uL/sec
Moving to A5 of Opentrons 24 Tube Rack with Eppendorf 1.5 mL Safe-Lock Snapcap on 4
Aspirating 270.0 uL from A5 of Opentrons 24 Tube Rack with Eppendorf 1.5 mL Safe-Lock Snapcap on 4 at 185.72 uL/sec
Dispensing 270.0 uL into A5 of Opentrons 24 Tube Rack with Eppendorf 1.5 mL Safe-Lock Snapcap on 4 at 185.72 uL/sec
Aspirating 270.0 uL from A5 of Opentrons 24 Tube Rack with Eppendorf 1.5 mL Safe-Lock Snapcap on 4 at 185.72 uL/sec
Dispensing 270.0 uL into A5 of Opentrons 24 Tube Rack with Eppendorf 1.5 mL Safe-Lock Snapcap on 4 at 185.72 uL/sec
Aspirating 270.0 uL from A5 of Opentrons 24 Tube Rack with Eppendorf 1.5 mL Safe-Lock Snapcap on 4 at 185.72 uL/sec
Dispensing 270.0 uL into A5 of Opentrons 24 Tube Rack with Eppendorf 1.5 mL Safe-Lock Snapcap on 4 at 185.72 uL/sec
Aspirating 270.0 uL from A5 of Opentrons 24 Tube Rack with Eppendorf 1.5 mL Safe-Lock Snapcap on 4 at 185.72 uL/sec
Dispensing 270.0 uL into A5 of Opentrons 24 Tube Rack with Eppendorf 1.5 mL Safe-Lock Snapcap on 4 at 185.72 uL/sec
Aspirating 270.0 uL from A5 of Opentrons 24 Tube Rack with Eppendorf 1.5 mL Safe-Lock Snapcap on 4 at 185.72 uL/sec
Dispensing 270.0 uL into A5 of Opentrons 24 Tube Rack with Eppendorf 1.5 mL Safe-Lock Snapcap on 4 at 185.72 uL/sec
Aspirating 270.0 uL from A5 of Opentrons 24 Tube Rack with Eppendorf 1.5 mL Safe-Lock Snapcap on 4 at 185.72 uL/sec
Dispensing 270.0 uL into A5 of Opentrons 24 Tube Rack with Eppendorf 1.5 mL Safe-Lock Snapcap on 4 at 185.72 uL/sec
Aspirating 270.0 uL from A5 of Opentrons 24 Tube Rack with Eppendorf 1.5 mL Safe-Lock Snapcap on 4 at 185.72 uL/sec
Dispensing 270.0 uL into A5 of Opentrons 24 Tube Rack with Eppendorf 1.5 mL Safe-Lock Snapcap on 4 at 185.72 uL/sec
Aspirating 270.0 uL from A5 of Opentrons 24 Tube Rack with Eppendorf 1.5 mL Safe-Lock Snapcap on 4 at 185.72 uL/sec
Dispensing 270.0 uL into A5 of Opentrons 24 Tube Rack with Eppendorf 1.5 mL Safe-Lock Snapcap on 4 at 185.72 uL/sec
Aspirating 270.0 uL from A5 of Opentrons 24 Tube Rack with Eppendorf 1.5 mL Safe-Lock Snapcap on 4 at 185.72 uL/sec
Dispensing 270.0 uL into A5 of Opentrons 24 Tube Rack with Eppendorf 1.5 mL Safe-Lock Snapcap on 4 at 185.72 uL/sec
Aspirating 270.0 uL from A5 of Opentrons 24 Tube Rack with Eppendorf 1.5 mL Safe-Lock Snapcap on 4 at 185.72 uL/sec
Dispensing 270.0 uL into A5 of Opentrons 24 Tube Rack with Eppendorf 1.5 mL Safe-Lock Snapcap on 4 at 185.72 uL/sec
Dropping tip into A1 of Opentrons Fixed Trash on 12
Picking up tip from F1 of Opentrons OT-2 96 Tip Rack 300 µL on 1
Aspirating 200.0 uL from A5 of Opentrons 24 Tube Rack with Eppendorf 1.5 mL Safe-Lock Snapcap on 4 at 92.86 uL/sec
Moving to A5 of Opentrons 24 Tube Rack with Eppendorf 1.5 mL Safe-Lock Snapcap on 4
Aspirating 20.0 uL from A5 of Opentrons 24 Tube Rack with Eppendorf 1.5 mL Safe-Lock Snapcap on 4 at 92.86 uL/sec
Moving to A6 of Opentrons 24 Tube Rack with Eppendorf 1.5 mL Safe-Lock Snapcap on 4
Dispensing 20.0 uL into A6 of Opentrons 24 Tube Rack with Eppendorf 1.5 mL Safe-Lock Snapcap on 4 at 92.86 uL/sec
Dispensing 200.0 uL into A6 of Opentrons 24 Tube Rack with Eppendorf 1.5 mL Safe-Lock Snapcap on 4 at 92.86 uL/sec
Moving to A6 of Opentrons 24 Tube Rack with Eppendorf 1.5 mL Safe-Lock Snapcap on 4
Aspirating 270.0 uL from A6 of Opentrons 24 Tube Rack with Eppendorf 1.5 mL Safe-Lock Snapcap on 4 at 185.72 uL/sec
Dispensing 270.0 uL into A6 of Opentrons 24 Tube Rack with Eppendorf 1.5 mL Safe-Lock Snapcap on 4 at 185.72 uL/sec
Aspirating 270.0 uL from A6 of Opentrons 24 Tube Rack with Eppendorf 1.5 mL Safe-Lock Snapcap on 4 at 185.72 uL/sec
Dispensing 270.0 uL into A6 of Opentrons 24 Tube Rack with Eppendorf 1.5 mL Safe-Lock Snapcap on 4 at 185.72 uL/sec
Aspirating 270.0 uL from A6 of Opentrons 24 Tube Rack with Eppendorf 1.5 mL Safe-Lock Snapcap on 4 at 185.72 uL/sec
Dispensing 270.0 uL into A6 of Opentrons 24 Tube Rack with Eppendorf 1.5 mL Safe-Lock Snapcap on 4 at 185.72 uL/sec
Aspirating 270.0 uL from A6 of Opentrons 24 Tube Rack with Eppendorf 1.5 mL Safe-Lock Snapcap on 4 at 185.72 uL/sec
Dispensing 270.0 uL into A6 of Opentrons 24 Tube Rack with Eppendorf 1.5 mL Safe-Lock Snapcap on 4 at 185.72 uL/sec
Aspirating 270.0 uL from A6 of Opentrons 24 Tube Rack with Eppendorf 1.5 mL Safe-Lock Snapcap on 4 at 185.72 uL/sec
Dispensing 270.0 uL into A6 of Opentrons 24 Tube Rack with Eppendorf 1.5 mL Safe-Lock Snapcap on 4 at 185.72 uL/sec
Aspirating 270.0 uL from A6 of Opentrons 24 Tube Rack with Eppendorf 1.5 mL Safe-Lock Snapcap on 4 at 185.72 uL/sec
Dispensing 270.0 uL into A6 of Opentrons 24 Tube Rack with Eppendorf 1.5 mL Safe-Lock Snapcap on 4 at 185.72 uL/sec
Aspirating 270.0 uL from A6 of Opentrons 24 Tube Rack with Eppendorf 1.5 mL Safe-Lock Snapcap on 4 at 185.72 uL/sec
Dispensing 270.0 uL into A6 of Opentrons 24 Tube Rack with Eppendorf 1.5 mL Safe-Lock Snapcap on 4 at 185.72 uL/sec
Aspirating 270.0 uL from A6 of Opentrons 24 Tube Rack with Eppendorf 1.5 mL Safe-Lock Snapcap on 4 at 185.72 uL/sec
Dispensing 270.0 uL into A6 of Opentrons 24 Tube Rack with Eppendorf 1.5 mL Safe-Lock Snapcap on 4 at 185.72 uL/sec
Aspirating 270.0 uL from A6 of Opentrons 24 Tube Rack with Eppendorf 1.5 mL Safe-Lock Snapcap on 4 at 185.72 uL/sec
Dispensing 270.0 uL into A6 of Opentrons 24 Tube Rack with Eppendorf 1.5 mL Safe-Lock Snapcap on 4 at 185.72 uL/sec
Aspirating 270.0 uL from A6 of Opentrons 24 Tube Rack with Eppendorf 1.5 mL Safe-Lock Snapcap on 4 at 185.72 uL/sec
Dispensing 270.0 uL into A6 of Opentrons 24 Tube Rack with Eppendorf 1.5 mL Safe-Lock Snapcap on 4 at 185.72 uL/sec
Dropping tip into A1 of Opentrons Fixed Trash on 12
Picking up tip from G1 of Opentrons OT-2 96 Tip Rack 300 µL on 1
Aspirating 200.0 uL from A6 of Opentrons 24 Tube Rack with Eppendorf 1.5 mL Safe-Lock Snapcap on 4 at 92.86 uL/sec
Moving to A6 of Opentrons 24 Tube Rack with Eppendorf 1.5 mL Safe-Lock Snapcap on 4
Aspirating 20.0 uL from A6 of Opentrons 24 Tube Rack with Eppendorf 1.5 mL Safe-Lock Snapcap on 4 at 92.86 uL/sec
Moving to B1 of Opentrons 24 Tube Rack with Eppendorf 1.5 mL Safe-Lock Snapcap on 4
Dispensing 20.0 uL into B1 of Opentrons 24 Tube Rack with Eppendorf 1.5 mL Safe-Lock Snapcap on 4 at 92.86 uL/sec
Dispensing 200.0 uL into B1 of Opentrons 24 Tube Rack with Eppendorf 1.5 mL Safe-Lock Snapcap on 4 at 92.86 uL/sec
Moving to B1 of Opentrons 24 Tube Rack with Eppendorf 1.5 mL Safe-Lock Snapcap on 4
Aspirating 270.0 uL from B1 of Opentrons 24 Tube Rack with Eppendorf 1.5 mL Safe-Lock Snapcap on 4 at 185.72 uL/sec
Dispensing 270.0 uL into B1 of Opentrons 24 Tube Rack with Eppendorf 1.5 mL Safe-Lock Snapcap on 4 at 185.72 uL/sec
Aspirating 270.0 uL from B1 of Opentrons 24 Tube Rack with Eppendorf 1.5 mL Safe-Lock Snapcap on 4 at 185.72 uL/sec
Dispensing 270.0 uL into B1 of Opentrons 24 Tube Rack with Eppendorf 1.5 mL Safe-Lock Snapcap on 4 at 185.72 uL/sec
Aspirating 270.0 uL from B1 of Opentrons 24 Tube Rack with Eppendorf 1.5 mL Safe-Lock Snapcap on 4 at 185.72 uL/sec
Dispensing 270.0 uL into B1 of Opentrons 24 Tube Rack with Eppendorf 1.5 mL Safe-Lock Snapcap on 4 at 185.72 uL/sec
Aspirating 270.0 uL from B1 of Opentrons 24 Tube Rack with Eppendorf 1.5 mL Safe-Lock Snapcap on 4 at 185.72 uL/sec
Dispensing 270.0 uL into B1 of Opentrons 24 Tube Rack with Eppendorf 1.5 mL Safe-Lock Snapcap on 4 at 185.72 uL/sec
Aspirating 270.0 uL from B1 of Opentrons 24 Tube Rack with Eppendorf 1.5 mL Safe-Lock Snapcap on 4 at 185.72 uL/sec
Dispensing 270.0 uL into B1 of Opentrons 24 Tube Rack with Eppendorf 1.5 mL Safe-Lock Snapcap on 4 at 185.72 uL/sec
Aspirating 270.0 uL from B1 of Opentrons 24 Tube Rack with Eppendorf 1.5 mL Safe-Lock Snapcap on 4 at 185.72 uL/sec
Dispensing 270.0 uL into B1 of Opentrons 24 Tube Rack with Eppendorf 1.5 mL Safe-Lock Snapcap on 4 at 185.72 uL/sec
Aspirating 270.0 uL from B1 of Opentrons 24 Tube Rack with Eppendorf 1.5 mL Safe-Lock Snapcap on 4 at 185.72 uL/sec
Dispensing 270.0 uL into B1 of Opentrons 24 Tube Rack with Eppendorf 1.5 mL Safe-Lock Snapcap on 4 at 185.72 uL/sec
Aspirating 270.0 uL from B1 of Opentrons 24 Tube Rack with Eppendorf 1.5 mL Safe-Lock Snapcap on 4 at 185.72 uL/sec
Dispensing 270.0 uL into B1 of Opentrons 24 Tube Rack with Eppendorf 1.5 mL Safe-Lock Snapcap on 4 at 185.72 uL/sec
Aspirating 270.0 uL from B1 of Opentrons 24 Tube Rack with Eppendorf 1.5 mL Safe-Lock Snapcap on 4 at 185.72 uL/sec
Dispensing 270.0 uL into B1 of Opentrons 24 Tube Rack with Eppendorf 1.5 mL Safe-Lock Snapcap on 4 at 185.72 uL/sec
Aspirating 270.0 uL from B1 of Opentrons 24 Tube Rack with Eppendorf 1.5 mL Safe-Lock Snapcap on 4 at 185.72 uL/sec
Dispensing 270.0 uL into B1 of Opentrons 24 Tube Rack with Eppendorf 1.5 mL Safe-Lock Snapcap on 4 at 185.72 uL/sec
Dropping tip into A1 of Opentrons Fixed Trash on 12
Picking up tip from H1 of Opentrons OT-2 96 Tip Rack 300 µL on 1
Aspirating 200.0 uL from B1 of Opentrons 24 Tube Rack with Eppendorf 1.5 mL Safe-Lock Snapcap on 4 at 92.86 uL/sec
Moving to B1 of Opentrons 24 Tube Rack with Eppendorf 1.5 mL Safe-Lock Snapcap on 4
Aspirating 20.0 uL from B1 of Opentrons 24 Tube Rack with Eppendorf 1.5 mL Safe-Lock Snapcap on 4 at 92.86 uL/sec
Moving to B2 of Opentrons 24 Tube Rack with Eppendorf 1.5 mL Safe-Lock Snapcap on 4
Dispensing 20.0 uL into B2 of Opentrons 24 Tube Rack with Eppendorf 1.5 mL Safe-Lock Snapcap on 4 at 92.86 uL/sec
Dispensing 200.0 uL into B2 of Opentrons 24 Tube Rack with Eppendorf 1.5 mL Safe-Lock Snapcap on 4 at 92.86 uL/sec
Moving to B2 of Opentrons 24 Tube Rack with Eppendorf 1.5 mL Safe-Lock Snapcap on 4
Aspirating 270.0 uL from B2 of Opentrons 24 Tube Rack with Eppendorf 1.5 mL Safe-Lock Snapcap on 4 at 185.72 uL/sec
Dispensing 270.0 uL into B2 of Opentrons 24 Tube Rack with Eppendorf 1.5 mL Safe-Lock Snapcap on 4 at 185.72 uL/sec
Aspirating 270.0 uL from B2 of Opentrons 24 Tube Rack with Eppendorf 1.5 mL Safe-Lock Snapcap on 4 at 185.72 uL/sec
Dispensing 270.0 uL into B2 of Opentrons 24 Tube Rack with Eppendorf 1.5 mL Safe-Lock Snapcap on 4 at 185.72 uL/sec
Aspirating 270.0 uL from B2 of Opentrons 24 Tube Rack with Eppendorf 1.5 mL Safe-Lock Snapcap on 4 at 185.72 uL/sec
Dispensing 270.0 uL into B2 of Opentrons 24 Tube Rack with Eppendorf 1.5 mL Safe-Lock Snapcap on 4 at 185.72 uL/sec
Aspirating 270.0 uL from B2 of Opentrons 24 Tube Rack with Eppendorf 1.5 mL Safe-Lock Snapcap on 4 at 185.72 uL/sec
Dispensing 270.0 uL into B2 of Opentrons 24 Tube Rack with Eppendorf 1.5 mL Safe-Lock Snapcap on 4 at 185.72 uL/sec
Aspirating 270.0 uL from B2 of Opentrons 24 Tube Rack with Eppendorf 1.5 mL Safe-Lock Snapcap on 4 at 185.72 uL/sec
Dispensing 270.0 uL into B2 of Opentrons 24 Tube Rack with Eppendorf 1.5 mL Safe-Lock Snapcap on 4 at 185.72 uL/sec
Aspirating 270.0 uL from B2 of Opentrons 24 Tube Rack with Eppendorf 1.5 mL Safe-Lock Snapcap on 4 at 185.72 uL/sec
Dispensing 270.0 uL into B2 of Opentrons 24 Tube Rack with Eppendorf 1.5 mL Safe-Lock Snapcap on 4 at 185.72 uL/sec
Aspirating 270.0 uL from B2 of Opentrons 24 Tube Rack with Eppendorf 1.5 mL Safe-Lock Snapcap on 4 at 185.72 uL/sec
Dispensing 270.0 uL into B2 of Opentrons 24 Tube Rack with Eppendorf 1.5 mL Safe-Lock Snapcap on 4 at 185.72 uL/sec
Aspirating 270.0 uL from B2 of Opentrons 24 Tube Rack with Eppendorf 1.5 mL Safe-Lock Snapcap on 4 at 185.72 uL/sec
Dispensing 270.0 uL into B2 of Opentrons 24 Tube Rack with Eppendorf 1.5 mL Safe-Lock Snapcap on 4 at 185.72 uL/sec
Aspirating 270.0 uL from B2 of Opentrons 24 Tube Rack with Eppendorf 1.5 mL Safe-Lock Snapcap on 4 at 185.72 uL/sec
Dispensing 270.0 uL into B2 of Opentrons 24 Tube Rack with Eppendorf 1.5 mL Safe-Lock Snapcap on 4 at 185.72 uL/sec
Aspirating 270.0 uL from B2 of Opentrons 24 Tube Rack with Eppendorf 1.5 mL Safe-Lock Snapcap on 4 at 185.72 uL/sec
Dispensing 270.0 uL into B2 of Opentrons 24 Tube Rack with Eppendorf 1.5 mL Safe-Lock Snapcap on 4 at 185.72 uL/sec
Dropping tip into A1 of Opentrons Fixed Trash on 12
Picking up tip from A2 of Opentrons OT-2 96 Tip Rack 300 µL on 1
Aspirating 200.0 uL from B2 of Opentrons 24 Tube Rack with Eppendorf 1.5 mL Safe-Lock Snapcap on 4 at 92.86 uL/sec
Moving to B2 of Opentrons 24 Tube Rack with Eppendorf 1.5 mL Safe-Lock Snapcap on 4
Aspirating 20.0 uL from B2 of Opentrons 24 Tube Rack with Eppendorf 1.5 mL Safe-Lock Snapcap on 4 at 92.86 uL/sec
Moving to B3 of Opentrons 24 Tube Rack with Eppendorf 1.5 mL Safe-Lock Snapcap on 4
Dispensing 20.0 uL into B3 of Opentrons 24 Tube Rack with Eppendorf 1.5 mL Safe-Lock Snapcap on 4 at 92.86 uL/sec
Dispensing 200.0 uL into B3 of Opentrons 24 Tube Rack with Eppendorf 1.5 mL Safe-Lock Snapcap on 4 at 92.86 uL/sec
Moving to B3 of Opentrons 24 Tube Rack with Eppendorf 1.5 mL Safe-Lock Snapcap on 4
Aspirating 270.0 uL from B3 of Opentrons 24 Tube Rack with Eppendorf 1.5 mL Safe-Lock Snapcap on 4 at 185.72 uL/sec
Dispensing 270.0 uL into B3 of Opentrons 24 Tube Rack with Eppendorf 1.5 mL Safe-Lock Snapcap on 4 at 185.72 uL/sec
Aspirating 270.0 uL from B3 of Opentrons 24 Tube Rack with Eppendorf 1.5 mL Safe-Lock Snapcap on 4 at 185.72 uL/sec
Dispensing 270.0 uL into B3 of Opentrons 24 Tube Rack with Eppendorf 1.5 mL Safe-Lock Snapcap on 4 at 185.72 uL/sec
Aspirating 270.0 uL from B3 of Opentrons 24 Tube Rack with Eppendorf 1.5 mL Safe-Lock Snapcap on 4 at 185.72 uL/sec
Dispensing 270.0 uL into B3 of Opentrons 24 Tube Rack with Eppendorf 1.5 mL Safe-Lock Snapcap on 4 at 185.72 uL/sec
Aspirating 270.0 uL from B3 of Opentrons 24 Tube Rack with Eppendorf 1.5 mL Safe-Lock Snapcap on 4 at 185.72 uL/sec
Dispensing 270.0 uL into B3 of Opentrons 24 Tube Rack with Eppendorf 1.5 mL Safe-Lock Snapcap on 4 at 185.72 uL/sec
Aspirating 270.0 uL from B3 of Opentrons 24 Tube Rack with Eppendorf 1.5 mL Safe-Lock Snapcap on 4 at 185.72 uL/sec
Dispensing 270.0 uL into B3 of Opentrons 24 Tube Rack with Eppendorf 1.5 mL Safe-Lock Snapcap on 4 at 185.72 uL/sec
Aspirating 270.0 uL from B3 of Opentrons 24 Tube Rack with Eppendorf 1.5 mL Safe-Lock Snapcap on 4 at 185.72 uL/sec
Dispensing 270.0 uL into B3 of Opentrons 24 Tube Rack with Eppendorf 1.5 mL Safe-Lock Snapcap on 4 at 185.72 uL/sec
Aspirating 270.0 uL from B3 of Opentrons 24 Tube Rack with Eppendorf 1.5 mL Safe-Lock Snapcap on 4 at 185.72 uL/sec
Dispensing 270.0 uL into B3 of Opentrons 24 Tube Rack with Eppendorf 1.5 mL Safe-Lock Snapcap on 4 at 185.72 uL/sec
Aspirating 270.0 uL from B3 of Opentrons 24 Tube Rack with Eppendorf 1.5 mL Safe-Lock Snapcap on 4 at 185.72 uL/sec
Dispensing 270.0 uL into B3 of Opentrons 24 Tube Rack with Eppendorf 1.5 mL Safe-Lock Snapcap on 4 at 185.72 uL/sec
Aspirating 270.0 uL from B3 of Opentrons 24 Tube Rack with Eppendorf 1.5 mL Safe-Lock Snapcap on 4 at 185.72 uL/sec
Dispensing 270.0 uL into B3 of Opentrons 24 Tube Rack with Eppendorf 1.5 mL Safe-Lock Snapcap on 4 at 185.72 uL/sec
Aspirating 270.0 uL from B3 of Opentrons 24 Tube Rack with Eppendorf 1.5 mL Safe-Lock Snapcap on 4 at 185.72 uL/sec
Dispensing 270.0 uL into B3 of Opentrons 24 Tube Rack with Eppendorf 1.5 mL Safe-Lock Snapcap on 4 at 185.72 uL/sec
Dropping tip into A1 of Opentrons Fixed Trash on 12
Picking up tip from B2 of Opentrons OT-2 96 Tip Rack 300 µL on 1
Aspirating 200.0 uL from B3 of Opentrons 24 Tube Rack with Eppendorf 1.5 mL Safe-Lock Snapcap on 4 at 92.86 uL/sec
Moving to B3 of Opentrons 24 Tube Rack with Eppendorf 1.5 mL Safe-Lock Snapcap on 4
Aspirating 20.0 uL from B3 of Opentrons 24 Tube Rack with Eppendorf 1.5 mL Safe-Lock Snapcap on 4 at 92.86 uL/sec
Moving to B4 of Opentrons 24 Tube Rack with Eppendorf 1.5 mL Safe-Lock Snapcap on 4
Dispensing 20.0 uL into B4 of Opentrons 24 Tube Rack with Eppendorf 1.5 mL Safe-Lock Snapcap on 4 at 92.86 uL/sec
Dispensing 200.0 uL into B4 of Opentrons 24 Tube Rack with Eppendorf 1.5 mL Safe-Lock Snapcap on 4 at 92.86 uL/sec
Moving to B4 of Opentrons 24 Tube Rack with Eppendorf 1.5 mL Safe-Lock Snapcap on 4
Aspirating 270.0 uL from B4 of Opentrons 24 Tube Rack with Eppendorf 1.5 mL Safe-Lock Snapcap on 4 at 185.72 uL/sec
Dispensing 270.0 uL into B4 of Opentrons 24 Tube Rack with Eppendorf 1.5 mL Safe-Lock Snapcap on 4 at 185.72 uL/sec
Aspirating 270.0 uL from B4 of Opentrons 24 Tube Rack with Eppendorf 1.5 mL Safe-Lock Snapcap on 4 at 185.72 uL/sec
Dispensing 270.0 uL into B4 of Opentrons 24 Tube Rack with Eppendorf 1.5 mL Safe-Lock Snapcap on 4 at 185.72 uL/sec
Aspirating 270.0 uL from B4 of Opentrons 24 Tube Rack with Eppendorf 1.5 mL Safe-Lock Snapcap on 4 at 185.72 uL/sec
Dispensing 270.0 uL into B4 of Opentrons 24 Tube Rack with Eppendorf 1.5 mL Safe-Lock Snapcap on 4 at 185.72 uL/sec
Aspirating 270.0 uL from B4 of Opentrons 24 Tube Rack with Eppendorf 1.5 mL Safe-Lock Snapcap on 4 at 185.72 uL/sec
Dispensing 270.0 uL into B4 of Opentrons 24 Tube Rack with Eppendorf 1.5 mL Safe-Lock Snapcap on 4 at 185.72 uL/sec
Aspirating 270.0 uL from B4 of Opentrons 24 Tube Rack with Eppendorf 1.5 mL Safe-Lock Snapcap on 4 at 185.72 uL/sec
Dispensing 270.0 uL into B4 of Opentrons 24 Tube Rack with Eppendorf 1.5 mL Safe-Lock Snapcap on 4 at 185.72 uL/sec
Aspirating 270.0 uL from B4 of Opentrons 24 Tube Rack with Eppendorf 1.5 mL Safe-Lock Snapcap on 4 at 185.72 uL/sec
Dispensing 270.0 uL into B4 of Opentrons 24 Tube Rack with Eppendorf 1.5 mL Safe-Lock Snapcap on 4 at 185.72 uL/sec
Aspirating 270.0 uL from B4 of Opentrons 24 Tube Rack with Eppendorf 1.5 mL Safe-Lock Snapcap on 4 at 185.72 uL/sec
Dispensing 270.0 uL into B4 of Opentrons 24 Tube Rack with Eppendorf 1.5 mL Safe-Lock Snapcap on 4 at 185.72 uL/sec
Aspirating 270.0 uL from B4 of Opentrons 24 Tube Rack with Eppendorf 1.5 mL Safe-Lock Snapcap on 4 at 185.72 uL/sec
Dispensing 270.0 uL into B4 of Opentrons 24 Tube Rack with Eppendorf 1.5 mL Safe-Lock Snapcap on 4 at 185.72 uL/sec
Aspirating 270.0 uL from B4 of Opentrons 24 Tube Rack with Eppendorf 1.5 mL Safe-Lock Snapcap on 4 at 185.72 uL/sec
Dispensing 270.0 uL into B4 of Opentrons 24 Tube Rack with Eppendorf 1.5 mL Safe-Lock Snapcap on 4 at 185.72 uL/sec
Aspirating 270.0 uL from B4 of Opentrons 24 Tube Rack with Eppendorf 1.5 mL Safe-Lock Snapcap on 4 at 185.72 uL/sec
Dispensing 270.0 uL into B4 of Opentrons 24 Tube Rack with Eppendorf 1.5 mL Safe-Lock Snapcap on 4 at 185.72 uL/sec
Dropping tip into A1 of Opentrons Fixed Trash on 12
Picking up tip from C2 of Opentrons OT-2 96 Tip Rack 300 µL on 1
Aspirating 200.0 uL from B4 of Opentrons 24 Tube Rack with Eppendorf 1.5 mL Safe-Lock Snapcap on 4 at 92.86 uL/sec
Moving to B4 of Opentrons 24 Tube Rack with Eppendorf 1.5 mL Safe-Lock Snapcap on 4
Aspirating 20.0 uL from B4 of Opentrons 24 Tube Rack with Eppendorf 1.5 mL Safe-Lock Snapcap on 4 at 92.86 uL/sec
Moving to B5 of Opentrons 24 Tube Rack with Eppendorf 1.5 mL Safe-Lock Snapcap on 4
Dispensing 20.0 uL into B5 of Opentrons 24 Tube Rack with Eppendorf 1.5 mL Safe-Lock Snapcap on 4 at 92.86 uL/sec
Dispensing 200.0 uL into B5 of Opentrons 24 Tube Rack with Eppendorf 1.5 mL Safe-Lock Snapcap on 4 at 92.86 uL/sec
Moving to B5 of Opentrons 24 Tube Rack with Eppendorf 1.5 mL Safe-Lock Snapcap on 4
Aspirating 270.0 uL from B5 of Opentrons 24 Tube Rack with Eppendorf 1.5 mL Safe-Lock Snapcap on 4 at 185.72 uL/sec
Dispensing 270.0 uL into B5 of Opentrons 24 Tube Rack with Eppendorf 1.5 mL Safe-Lock Snapcap on 4 at 185.72 uL/sec
Aspirating 270.0 uL from B5 of Opentrons 24 Tube Rack with Eppendorf 1.5 mL Safe-Lock Snapcap on 4 at 185.72 uL/sec
Dispensing 270.0 uL into B5 of Opentrons 24 Tube Rack with Eppendorf 1.5 mL Safe-Lock Snapcap on 4 at 185.72 uL/sec
Aspirating 270.0 uL from B5 of Opentrons 24 Tube Rack with Eppendorf 1.5 mL Safe-Lock Snapcap on 4 at 185.72 uL/sec
Dispensing 270.0 uL into B5 of Opentrons 24 Tube Rack with Eppendorf 1.5 mL Safe-Lock Snapcap on 4 at 185.72 uL/sec
Aspirating 270.0 uL from B5 of Opentrons 24 Tube Rack with Eppendorf 1.5 mL Safe-Lock Snapcap on 4 at 185.72 uL/sec
Dispensing 270.0 uL into B5 of Opentrons 24 Tube Rack with Eppendorf 1.5 mL Safe-Lock Snapcap on 4 at 185.72 uL/sec
Aspirating 270.0 uL from B5 of Opentrons 24 Tube Rack with Eppendorf 1.5 mL Safe-Lock Snapcap on 4 at 185.72 uL/sec
Dispensing 270.0 uL into B5 of Opentrons 24 Tube Rack with Eppendorf 1.5 mL Safe-Lock Snapcap on 4 at 185.72 uL/sec
Aspirating 270.0 uL from B5 of Opentrons 24 Tube Rack with Eppendorf 1.5 mL Safe-Lock Snapcap on 4 at 185.72 uL/sec
Dispensing 270.0 uL into B5 of Opentrons 24 Tube Rack with Eppendorf 1.5 mL Safe-Lock Snapcap on 4 at 185.72 uL/sec
Aspirating 270.0 uL from B5 of Opentrons 24 Tube Rack with Eppendorf 1.5 mL Safe-Lock Snapcap on 4 at 185.72 uL/sec
Dispensing 270.0 uL into B5 of Opentrons 24 Tube Rack with Eppendorf 1.5 mL Safe-Lock Snapcap on 4 at 185.72 uL/sec
Aspirating 270.0 uL from B5 of Opentrons 24 Tube Rack with Eppendorf 1.5 mL Safe-Lock Snapcap on 4 at 185.72 uL/sec
Dispensing 270.0 uL into B5 of Opentrons 24 Tube Rack with Eppendorf 1.5 mL Safe-Lock Snapcap on 4 at 185.72 uL/sec
Aspirating 270.0 uL from B5 of Opentrons 24 Tube Rack with Eppendorf 1.5 mL Safe-Lock Snapcap on 4 at 185.72 uL/sec
Dispensing 270.0 uL into B5 of Opentrons 24 Tube Rack with Eppendorf 1.5 mL Safe-Lock Snapcap on 4 at 185.72 uL/sec
Aspirating 270.0 uL from B5 of Opentrons 24 Tube Rack with Eppendorf 1.5 mL Safe-Lock Snapcap on 4 at 185.72 uL/sec
Dispensing 270.0 uL into B5 of Opentrons 24 Tube Rack with Eppendorf 1.5 mL Safe-Lock Snapcap on 4 at 185.72 uL/sec
Dropping tip into A1 of Opentrons Fixed Trash on 12
Picking up tip from D2 of Opentrons OT-2 96 Tip Rack 300 µL on 1
Aspirating 200.0 uL from B5 of Opentrons 24 Tube Rack with Eppendorf 1.5 mL Safe-Lock Snapcap on 4 at 92.86 uL/sec
Moving to B5 of Opentrons 24 Tube Rack with Eppendorf 1.5 mL Safe-Lock Snapcap on 4
Aspirating 20.0 uL from B5 of Opentrons 24 Tube Rack with Eppendorf 1.5 mL Safe-Lock Snapcap on 4 at 92.86 uL/sec
Moving to B6 of Opentrons 24 Tube Rack with Eppendorf 1.5 mL Safe-Lock Snapcap on 4
Dispensing 20.0 uL into B6 of Opentrons 24 Tube Rack with Eppendorf 1.5 mL Safe-Lock Snapcap on 4 at 92.86 uL/sec
Dispensing 200.0 uL into B6 of Opentrons 24 Tube Rack with Eppendorf 1.5 mL Safe-Lock Snapcap on 4 at 92.86 uL/sec
Moving to B6 of Opentrons 24 Tube Rack with Eppendorf 1.5 mL Safe-Lock Snapcap on 4
Aspirating 270.0 uL from B6 of Opentrons 24 Tube Rack with Eppendorf 1.5 mL Safe-Lock Snapcap on 4 at 185.72 uL/sec
Dispensing 270.0 uL into B6 of Opentrons 24 Tube Rack with Eppendorf 1.5 mL Safe-Lock Snapcap on 4 at 185.72 uL/sec
Aspirating 270.0 uL from B6 of Opentrons 24 Tube Rack with Eppendorf 1.5 mL Safe-Lock Snapcap on 4 at 185.72 uL/sec
Dispensing 270.0 uL into B6 of Opentrons 24 Tube Rack with Eppendorf 1.5 mL Safe-Lock Snapcap on 4 at 185.72 uL/sec
Aspirating 270.0 uL from B6 of Opentrons 24 Tube Rack with Eppendorf 1.5 mL Safe-Lock Snapcap on 4 at 185.72 uL/sec
Dispensing 270.0 uL into B6 of Opentrons 24 Tube Rack with Eppendorf 1.5 mL Safe-Lock Snapcap on 4 at 185.72 uL/sec
Aspirating 270.0 uL from B6 of Opentrons 24 Tube Rack with Eppendorf 1.5 mL Safe-Lock Snapcap on 4 at 185.72 uL/sec
Dispensing 270.0 uL into B6 of Opentrons 24 Tube Rack with Eppendorf 1.5 mL Safe-Lock Snapcap on 4 at 185.72 uL/sec
Aspirating 270.0 uL from B6 of Opentrons 24 Tube Rack with Eppendorf 1.5 mL Safe-Lock Snapcap on 4 at 185.72 uL/sec
Dispensing 270.0 uL into B6 of Opentrons 24 Tube Rack with Eppendorf 1.5 mL Safe-Lock Snapcap on 4 at 185.72 uL/sec
Aspirating 270.0 uL from B6 of Opentrons 24 Tube Rack with Eppendorf 1.5 mL Safe-Lock Snapcap on 4 at 185.72 uL/sec
Dispensing 270.0 uL into B6 of Opentrons 24 Tube Rack with Eppendorf 1.5 mL Safe-Lock Snapcap on 4 at 185.72 uL/sec
Aspirating 270.0 uL from B6 of Opentrons 24 Tube Rack with Eppendorf 1.5 mL Safe-Lock Snapcap on 4 at 185.72 uL/sec
Dispensing 270.0 uL into B6 of Opentrons 24 Tube Rack with Eppendorf 1.5 mL Safe-Lock Snapcap on 4 at 185.72 uL/sec
Aspirating 270.0 uL from B6 of Opentrons 24 Tube Rack with Eppendorf 1.5 mL Safe-Lock Snapcap on 4 at 185.72 uL/sec
Dispensing 270.0 uL into B6 of Opentrons 24 Tube Rack with Eppendorf 1.5 mL Safe-Lock Snapcap on 4 at 185.72 uL/sec
Aspirating 270.0 uL from B6 of Opentrons 24 Tube Rack with Eppendorf 1.5 mL Safe-Lock Snapcap on 4 at 185.72 uL/sec
Dispensing 270.0 uL into B6 of Opentrons 24 Tube Rack with Eppendorf 1.5 mL Safe-Lock Snapcap on 4 at 185.72 uL/sec
Aspirating 270.0 uL from B6 of Opentrons 24 Tube Rack with Eppendorf 1.5 mL Safe-Lock Snapcap on 4 at 185.72 uL/sec
Dispensing 270.0 uL into B6 of Opentrons 24 Tube Rack with Eppendorf 1.5 mL Safe-Lock Snapcap on 4 at 185.72 uL/sec
Dropping tip into A1 of Opentrons Fixed Trash on 12
Picking up tip from E2 of Opentrons OT-2 96 Tip Rack 300 µL on 1
Aspirating 100.0 uL from B1 of Opentrons 10 Tube Rack with Falcon 4x50 mL, 6x15 mL Conical on 3 at 92.86 uL/sec
Moving to B1 of Opentrons 10 Tube Rack with Falcon 4x50 mL, 6x15 mL Conical on 3
Aspirating 20.0 uL from B1 of Opentrons 10 Tube Rack with Falcon 4x50 mL, 6x15 mL Conical on 3 at 92.86 uL/sec
Moving to C1 of Opentrons 24 Tube Rack with Eppendorf 1.5 mL Safe-Lock Snapcap on 4
Dispensing 20.0 uL into C1 of Opentrons 24 Tube Rack with Eppendorf 1.5 mL Safe-Lock Snapcap on 4 at 92.86 uL/sec
Dispensing 100.0 uL into C1 of Opentrons 24 Tube Rack with Eppendorf 1.5 mL Safe-Lock Snapcap on 4 at 92.86 uL/sec
Dropping tip into A1 of Opentrons Fixed Trash on 12
Picking up tip from F2 of Opentrons OT-2 96 Tip Rack 300 µL on 1
Aspirating 100.0 uL from B1 of Opentrons 10 Tube Rack with Falcon 4x50 mL, 6x15 mL Conical on 3 at 92.86 uL/sec
Moving to B1 of Opentrons 10 Tube Rack with Falcon 4x50 mL, 6x15 mL Conical on 3
Aspirating 20.0 uL from B1 of Opentrons 10 Tube Rack with Falcon 4x50 mL, 6x15 mL Conical on 3 at 92.86 uL/sec
Moving to C2 of Opentrons 24 Tube Rack with Eppendorf 1.5 mL Safe-Lock Snapcap on 4
Dispensing 20.0 uL into C2 of Opentrons 24 Tube Rack with Eppendorf 1.5 mL Safe-Lock Snapcap on 4 at 92.86 uL/sec
Dispensing 100.0 uL into C2 of Opentrons 24 Tube Rack with Eppendorf 1.5 mL Safe-Lock Snapcap on 4 at 92.86 uL/sec
Dropping tip into A1 of Opentrons Fixed Trash on 12
Picking up tip from G2 of Opentrons OT-2 96 Tip Rack 300 µL on 1
Aspirating 100.0 uL from B1 of Opentrons 10 Tube Rack with Falcon 4x50 mL, 6x15 mL Conical on 3 at 92.86 uL/sec
Moving to B1 of Opentrons 10 Tube Rack with Falcon 4x50 mL, 6x15 mL Conical on 3
Aspirating 20.0 uL from B1 of Opentrons 10 Tube Rack with Falcon 4x50 mL, 6x15 mL Conical on 3 at 92.86 uL/sec
Moving to C3 of Opentrons 24 Tube Rack with Eppendorf 1.5 mL Safe-Lock Snapcap on 4
Dispensing 20.0 uL into C3 of Opentrons 24 Tube Rack with Eppendorf 1.5 mL Safe-Lock Snapcap on 4 at 92.86 uL/sec
Dispensing 100.0 uL into C3 of Opentrons 24 Tube Rack with Eppendorf 1.5 mL Safe-Lock Snapcap on 4 at 92.86 uL/sec
Dropping tip into A1 of Opentrons Fixed Trash on 12
Picking up tip from H2 of Opentrons OT-2 96 Tip Rack 300 µL on 1
Aspirating 100.0 uL from B1 of Opentrons 10 Tube Rack with Falcon 4x50 mL, 6x15 mL Conical on 3 at 92.86 uL/sec
Moving to B1 of Opentrons 10 Tube Rack with Falcon 4x50 mL, 6x15 mL Conical on 3
Aspirating 20.0 uL from B1 of Opentrons 10 Tube Rack with Falcon 4x50 mL, 6x15 mL Conical on 3 at 92.86 uL/sec
Moving to C4 of Opentrons 24 Tube Rack with Eppendorf 1.5 mL Safe-Lock Snapcap on 4
Dispensing 20.0 uL into C4 of Opentrons 24 Tube Rack with Eppendorf 1.5 mL Safe-Lock Snapcap on 4 at 92.86 uL/sec
Dispensing 100.0 uL into C4 of Opentrons 24 Tube Rack with Eppendorf 1.5 mL Safe-Lock Snapcap on 4 at 92.86 uL/sec
Dropping tip into A1 of Opentrons Fixed Trash on 12
Picking up tip from A3 of Opentrons OT-2 96 Tip Rack 300 µL on 1
Aspirating 100.0 uL from B1 of Opentrons 10 Tube Rack with Falcon 4x50 mL, 6x15 mL Conical on 3 at 92.86 uL/sec
Moving to B1 of Opentrons 10 Tube Rack with Falcon 4x50 mL, 6x15 mL Conical on 3
Aspirating 20.0 uL from B1 of Opentrons 10 Tube Rack with Falcon 4x50 mL, 6x15 mL Conical on 3 at 92.86 uL/sec
Moving to C5 of Opentrons 24 Tube Rack with Eppendorf 1.5 mL Safe-Lock Snapcap on 4
Dispensing 20.0 uL into C5 of Opentrons 24 Tube Rack with Eppendorf 1.5 mL Safe-Lock Snapcap on 4 at 92.86 uL/sec
Dispensing 100.0 uL into C5 of Opentrons 24 Tube Rack with Eppendorf 1.5 mL Safe-Lock Snapcap on 4 at 92.86 uL/sec
Dropping tip into A1 of Opentrons Fixed Trash on 12
Picking up tip from B3 of Opentrons OT-2 96 Tip Rack 300 µL on 1
Aspirating 100.0 uL from B1 of Opentrons 10 Tube Rack with Falcon 4x50 mL, 6x15 mL Conical on 3 at 92.86 uL/sec
Moving to B1 of Opentrons 10 Tube Rack with Falcon 4x50 mL, 6x15 mL Conical on 3
Aspirating 20.0 uL from B1 of Opentrons 10 Tube Rack with Falcon 4x50 mL, 6x15 mL Conical on 3 at 92.86 uL/sec
Moving to C6 of Opentrons 24 Tube Rack with Eppendorf 1.5 mL Safe-Lock Snapcap on 4
Dispensing 20.0 uL into C6 of Opentrons 24 Tube Rack with Eppendorf 1.5 mL Safe-Lock Snapcap on 4 at 92.86 uL/sec
Dispensing 100.0 uL into C6 of Opentrons 24 Tube Rack with Eppendorf 1.5 mL Safe-Lock Snapcap on 4 at 92.86 uL/sec
Dropping tip into A1 of Opentrons Fixed Trash on 12
Picking up tip from C3 of Opentrons OT-2 96 Tip Rack 300 µL on 1
Aspirating 100.0 uL from B1 of Opentrons 10 Tube Rack with Falcon 4x50 mL, 6x15 mL Conical on 3 at 92.86 uL/sec
Moving to B1 of Opentrons 10 Tube Rack with Falcon 4x50 mL, 6x15 mL Conical on 3
Aspirating 20.0 uL from B1 of Opentrons 10 Tube Rack with Falcon 4x50 mL, 6x15 mL Conical on 3 at 92.86 uL/sec
Moving to D1 of Opentrons 24 Tube Rack with Eppendorf 1.5 mL Safe-Lock Snapcap on 4
Dispensing 20.0 uL into D1 of Opentrons 24 Tube Rack with Eppendorf 1.5 mL Safe-Lock Snapcap on 4 at 92.86 uL/sec
Dispensing 100.0 uL into D1 of Opentrons 24 Tube Rack with Eppendorf 1.5 mL Safe-Lock Snapcap on 4 at 92.86 uL/sec
Dropping tip into A1 of Opentrons Fixed Trash on 12
Picking up tip from D3 of Opentrons OT-2 96 Tip Rack 300 µL on 1
Aspirating 100.0 uL from B1 of Opentrons 10 Tube Rack with Falcon 4x50 mL, 6x15 mL Conical on 3 at 92.86 uL/sec
Moving to B1 of Opentrons 10 Tube Rack with Falcon 4x50 mL, 6x15 mL Conical on 3
Aspirating 20.0 uL from B1 of Opentrons 10 Tube Rack with Falcon 4x50 mL, 6x15 mL Conical on 3 at 92.86 uL/sec
Moving to D2 of Opentrons 24 Tube Rack with Eppendorf 1.5 mL Safe-Lock Snapcap on 4
Dispensing 20.0 uL into D2 of Opentrons 24 Tube Rack with Eppendorf 1.5 mL Safe-Lock Snapcap on 4 at 92.86 uL/sec
Dispensing 100.0 uL into D2 of Opentrons 24 Tube Rack with Eppendorf 1.5 mL Safe-Lock Snapcap on 4 at 92.86 uL/sec
Dropping tip into A1 of Opentrons Fixed Trash on 12
Picking up tip from E3 of Opentrons OT-2 96 Tip Rack 300 µL on 1
Aspirating 100.0 uL from B1 of Opentrons 10 Tube Rack with Falcon 4x50 mL, 6x15 mL Conical on 3 at 92.86 uL/sec
Moving to B1 of Opentrons 10 Tube Rack with Falcon 4x50 mL, 6x15 mL Conical on 3
Aspirating 20.0 uL from B1 of Opentrons 10 Tube Rack with Falcon 4x50 mL, 6x15 mL Conical on 3 at 92.86 uL/sec
Moving to D3 of Opentrons 24 Tube Rack with Eppendorf 1.5 mL Safe-Lock Snapcap on 4
Dispensing 20.0 uL into D3 of Opentrons 24 Tube Rack with Eppendorf 1.5 mL Safe-Lock Snapcap on 4 at 92.86 uL/sec
Dispensing 100.0 uL into D3 of Opentrons 24 Tube Rack with Eppendorf 1.5 mL Safe-Lock Snapcap on 4 at 92.86 uL/sec
Dropping tip into A1 of Opentrons Fixed Trash on 12
Picking up tip from F3 of Opentrons OT-2 96 Tip Rack 300 µL on 1
Aspirating 100.0 uL from B1 of Opentrons 10 Tube Rack with Falcon 4x50 mL, 6x15 mL Conical on 3 at 92.86 uL/sec
Moving to B1 of Opentrons 10 Tube Rack with Falcon 4x50 mL, 6x15 mL Conical on 3
Aspirating 20.0 uL from B1 of Opentrons 10 Tube Rack with Falcon 4x50 mL, 6x15 mL Conical on 3 at 92.86 uL/sec
Moving to D4 of Opentrons 24 Tube Rack with Eppendorf 1.5 mL Safe-Lock Snapcap on 4
Dispensing 20.0 uL into D4 of Opentrons 24 Tube Rack with Eppendorf 1.5 mL Safe-Lock Snapcap on 4 at 92.86 uL/sec
Dispensing 100.0 uL into D4 of Opentrons 24 Tube Rack with Eppendorf 1.5 mL Safe-Lock Snapcap on 4 at 92.86 uL/sec
Dropping tip into A1 of Opentrons Fixed Trash on 12
Picking up tip from G3 of Opentrons OT-2 96 Tip Rack 300 µL on 1
Aspirating 100.0 uL from B1 of Opentrons 10 Tube Rack with Falcon 4x50 mL, 6x15 mL Conical on 3 at 92.86 uL/sec
Moving to B1 of Opentrons 10 Tube Rack with Falcon 4x50 mL, 6x15 mL Conical on 3
Aspirating 20.0 uL from B1 of Opentrons 10 Tube Rack with Falcon 4x50 mL, 6x15 mL Conical on 3 at 92.86 uL/sec
Moving to D5 of Opentrons 24 Tube Rack with Eppendorf 1.5 mL Safe-Lock Snapcap on 4
Dispensing 20.0 uL into D5 of Opentrons 24 Tube Rack with Eppendorf 1.5 mL Safe-Lock Snapcap on 4 at 92.86 uL/sec
Dispensing 100.0 uL into D5 of Opentrons 24 Tube Rack with Eppendorf 1.5 mL Safe-Lock Snapcap on 4 at 92.86 uL/sec
Dropping tip into A1 of Opentrons Fixed Trash on 12
Picking up tip from H3 of Opentrons OT-2 96 Tip Rack 300 µL on 1
Aspirating 100.0 uL from B1 of Opentrons 10 Tube Rack with Falcon 4x50 mL, 6x15 mL Conical on 3 at 92.86 uL/sec
Moving to B1 of Opentrons 10 Tube Rack with Falcon 4x50 mL, 6x15 mL Conical on 3
Aspirating 20.0 uL from B1 of Opentrons 10 Tube Rack with Falcon 4x50 mL, 6x15 mL Conical on 3 at 92.86 uL/sec
Moving to D6 of Opentrons 24 Tube Rack with Eppendorf 1.5 mL Safe-Lock Snapcap on 4
Dispensing 20.0 uL into D6 of Opentrons 24 Tube Rack with Eppendorf 1.5 mL Safe-Lock Snapcap on 4 at 92.86 uL/sec
Dispensing 100.0 uL into D6 of Opentrons 24 Tube Rack with Eppendorf 1.5 mL Safe-Lock Snapcap on 4 at 92.86 uL/sec
Dropping tip into A1 of Opentrons Fixed Trash on 12
Picking up tip from A1 of Opentrons OT-2 96 Tip Rack 20 µL on 2
Aspirating 10.0 uL from A1 of Opentrons 24 Tube Rack with Eppendorf 1.5 mL Safe-Lock Snapcap on 4 at 7.56 uL/sec
Dispensing 10.0 uL into C1 of Opentrons 24 Tube Rack with Eppendorf 1.5 mL Safe-Lock Snapcap on 4 at 7.56 uL/sec
Dropping tip into A1 of Opentrons Fixed Trash on 12
Picking up tip from B1 of Opentrons OT-2 96 Tip Rack 20 µL on 2
Aspirating 10.0 uL from A2 of Opentrons 24 Tube Rack with Eppendorf 1.5 mL Safe-Lock Snapcap on 4 at 7.56 uL/sec
Dispensing 10.0 uL into C2 of Opentrons 24 Tube Rack with Eppendorf 1.5 mL Safe-Lock Snapcap on 4 at 7.56 uL/sec
Dropping tip into A1 of Opentrons Fixed Trash on 12
Picking up tip from C1 of Opentrons OT-2 96 Tip Rack 20 µL on 2
Aspirating 10.0 uL from A3 of Opentrons 24 Tube Rack with Eppendorf 1.5 mL Safe-Lock Snapcap on 4 at 7.56 uL/sec
Dispensing 10.0 uL into C3 of Opentrons 24 Tube Rack with Eppendorf 1.5 mL Safe-Lock Snapcap on 4 at 7.56 uL/sec
Dropping tip into A1 of Opentrons Fixed Trash on 12
Picking up tip from D1 of Opentrons OT-2 96 Tip Rack 20 µL on 2
Aspirating 10.0 uL from A4 of Opentrons 24 Tube Rack with Eppendorf 1.5 mL Safe-Lock Snapcap on 4 at 7.56 uL/sec
Dispensing 10.0 uL into C4 of Opentrons 24 Tube Rack with Eppendorf 1.5 mL Safe-Lock Snapcap on 4 at 7.56 uL/sec
Dropping tip into A1 of Opentrons Fixed Trash on 12
Picking up tip from E1 of Opentrons OT-2 96 Tip Rack 20 µL on 2
Aspirating 10.0 uL from A5 of Opentrons 24 Tube Rack with Eppendorf 1.5 mL Safe-Lock Snapcap on 4 at 7.56 uL/sec
Dispensing 10.0 uL into C5 of Opentrons 24 Tube Rack with Eppendorf 1.5 mL Safe-Lock Snapcap on 4 at 7.56 uL/sec
Dropping tip into A1 of Opentrons Fixed Trash on 12
Picking up tip from F1 of Opentrons OT-2 96 Tip Rack 20 µL on 2
Aspirating 10.0 uL from A6 of Opentrons 24 Tube Rack with Eppendorf 1.5 mL Safe-Lock Snapcap on 4 at 7.56 uL/sec
Dispensing 10.0 uL into C6 of Opentrons 24 Tube Rack with Eppendorf 1.5 mL Safe-Lock Snapcap on 4 at 7.56 uL/sec
Dropping tip into A1 of Opentrons Fixed Trash on 12
Picking up tip from G1 of Opentrons OT-2 96 Tip Rack 20 µL on 2
Aspirating 10.0 uL from B1 of Opentrons 24 Tube Rack with Eppendorf 1.5 mL Safe-Lock Snapcap on 4 at 7.56 uL/sec
Dispensing 10.0 uL into D1 of Opentrons 24 Tube Rack with Eppendorf 1.5 mL Safe-Lock Snapcap on 4 at 7.56 uL/sec
Dropping tip into A1 of Opentrons Fixed Trash on 12
Picking up tip from H1 of Opentrons OT-2 96 Tip Rack 20 µL on 2
Aspirating 10.0 uL from B2 of Opentrons 24 Tube Rack with Eppendorf 1.5 mL Safe-Lock Snapcap on 4 at 7.56 uL/sec
Dispensing 10.0 uL into D2 of Opentrons 24 Tube Rack with Eppendorf 1.5 mL Safe-Lock Snapcap on 4 at 7.56 uL/sec
Dropping tip into A1 of Opentrons Fixed Trash on 12
Picking up tip from A2 of Opentrons OT-2 96 Tip Rack 20 µL on 2
Aspirating 10.0 uL from B3 of Opentrons 24 Tube Rack with Eppendorf 1.5 mL Safe-Lock Snapcap on 4 at 7.56 uL/sec
Dispensing 10.0 uL into D3 of Opentrons 24 Tube Rack with Eppendorf 1.5 mL Safe-Lock Snapcap on 4 at 7.56 uL/sec
Dropping tip into A1 of Opentrons Fixed Trash on 12
Picking up tip from B2 of Opentrons OT-2 96 Tip Rack 20 µL on 2
Aspirating 10.0 uL from B4 of Opentrons 24 Tube Rack with Eppendorf 1.5 mL Safe-Lock Snapcap on 4 at 7.56 uL/sec
Dispensing 10.0 uL into D4 of Opentrons 24 Tube Rack with Eppendorf 1.5 mL Safe-Lock Snapcap on 4 at 7.56 uL/sec
Dropping tip into A1 of Opentrons Fixed Trash on 12
Picking up tip from C2 of Opentrons OT-2 96 Tip Rack 20 µL on 2
Aspirating 10.0 uL from B5 of Opentrons 24 Tube Rack with Eppendorf 1.5 mL Safe-Lock Snapcap on 4 at 7.56 uL/sec
Dispensing 10.0 uL into D5 of Opentrons 24 Tube Rack with Eppendorf 1.5 mL Safe-Lock Snapcap on 4 at 7.56 uL/sec
Dropping tip into A1 of Opentrons Fixed Trash on 12
Picking up tip from D2 of Opentrons OT-2 96 Tip Rack 20 µL on 2
Aspirating 10.0 uL from B6 of Opentrons 24 Tube Rack with Eppendorf 1.5 mL Safe-Lock Snapcap on 4 at 7.56 uL/sec
Dispensing 10.0 uL into D6 of Opentrons 24 Tube Rack with Eppendorf 1.5 mL Safe-Lock Snapcap on 4 at 7.56 uL/sec
Dropping tip into A1 of Opentrons Fixed Trash on 12
Caught exception: {'message': 'Task was destroyed but it is pending!', 'task': <Task pending name='Task-4' coro=<Poller._poll_forever() running at /Users/dp/Desktop/project/github/opentrons/venv/lib/python3.10/site-packages/opentrons/hardware_control/poller.py:80> wait_for=<Future pending cb=[Task.task_wakeup()]>>}
Caught exception: {'message': 'Task was destroyed but it is pending!', 'task': <Task pending name='Task-3' coro=<Poller._poll_forever() running at /Users/dp/Desktop/project/github/opentrons/venv/lib/python3.10/site-packages/opentrons/hardware_control/poller.py:80> wait_for=<Future pending cb=[Task.task_wakeup()]>>}
Caught exception: {'message': 'Task was destroyed but it is pending!', 'task': <Task pending name='Task-2' coro=<Poller._poll_forever() running at /Users/dp/Desktop/project/github/opentrons/venv/lib/python3.10/site-packages/opentrons/hardware_control/poller.py:80> wait_for=<Future pending cb=[Task.task_wakeup()]>>}
