/Users/dp/Desktop/project/github/opentrons/venv/lib/python3.10/site-packages/opentrons/hardware_control/simulator_setup.py:205: UserWarning: Simulator configuration does not name a machine, defaulting to OT-2 Standard
  warn(
/Users/dp/.opentrons/robot_settings.json not found. Loading defaults
Deck calibration not found.
/Users/dp/.opentrons/deck_calibration.json not found. Loading defaults
Transferring 5.0 from A1 of NEST 96 Deep Well Plate 2mL on 1 to A1 of Hard-Shell Bio-Rad PCR 384 Well Plate 50 µL on 3
	Picking up tip from A1 of Opentrons OT-2 96 Filter Tip Rack 20 µL on 7
	Aspirating 5.0 uL from A1 of NEST 96 Deep Well Plate 2mL on 1 at 7.6 uL/sec
	Dispensing 5.0 uL into A1 of Hard-Shell Bio-Rad PCR 384 Well Plate 50 µL on 3 at 7.6 uL/sec
	Dropping tip into A1 of Opentrons Fixed Trash on 12
Transferring 5.0 from A1 of NEST 96 Deep Well Plate 2mL on 1 to A9 of Hard-Shell Bio-Rad PCR 384 Well Plate 50 µL on 3
	Picking up tip from A2 of Opentrons OT-2 96 Filter Tip Rack 20 µL on 7
	Aspirating 5.0 uL from A1 of NEST 96 Deep Well Plate 2mL on 1 at 7.6 uL/sec
	Dispensing 5.0 uL into A9 of Hard-Shell Bio-Rad PCR 384 Well Plate 50 µL on 3 at 7.6 uL/sec
	Dropping tip into A1 of Opentrons Fixed Trash on 12
Transferring 5.0 from A1 of NEST 96 Deep Well Plate 2mL on 1 to A17 of Hard-Shell Bio-Rad PCR 384 Well Plate 50 µL on 3
	Picking up tip from A3 of Opentrons OT-2 96 Filter Tip Rack 20 µL on 7
	Aspirating 5.0 uL from A1 of NEST 96 Deep Well Plate 2mL on 1 at 7.6 uL/sec
	Dispensing 5.0 uL into A17 of Hard-Shell Bio-Rad PCR 384 Well Plate 50 µL on 3 at 7.6 uL/sec
	Dropping tip into A1 of Opentrons Fixed Trash on 12
Transferring 5.0 from A2 of NEST 96 Deep Well Plate 2mL on 1 to B1 of Hard-Shell Bio-Rad PCR 384 Well Plate 50 µL on 3
	Picking up tip from A4 of Opentrons OT-2 96 Filter Tip Rack 20 µL on 7
	Aspirating 5.0 uL from A2 of NEST 96 Deep Well Plate 2mL on 1 at 7.6 uL/sec
	Dispensing 5.0 uL into B1 of Hard-Shell Bio-Rad PCR 384 Well Plate 50 µL on 3 at 7.6 uL/sec
	Dropping tip into A1 of Opentrons Fixed Trash on 12
Transferring 5.0 from A2 of NEST 96 Deep Well Plate 2mL on 1 to B9 of Hard-Shell Bio-Rad PCR 384 Well Plate 50 µL on 3
	Picking up tip from A5 of Opentrons OT-2 96 Filter Tip Rack 20 µL on 7
	Aspirating 5.0 uL from A2 of NEST 96 Deep Well Plate 2mL on 1 at 7.6 uL/sec
	Dispensing 5.0 uL into B9 of Hard-Shell Bio-Rad PCR 384 Well Plate 50 µL on 3 at 7.6 uL/sec
	Dropping tip into A1 of Opentrons Fixed Trash on 12
Transferring 5.0 from A2 of NEST 96 Deep Well Plate 2mL on 1 to B17 of Hard-Shell Bio-Rad PCR 384 Well Plate 50 µL on 3
	Picking up tip from A6 of Opentrons OT-2 96 Filter Tip Rack 20 µL on 7
	Aspirating 5.0 uL from A2 of NEST 96 Deep Well Plate 2mL on 1 at 7.6 uL/sec
	Dispensing 5.0 uL into B17 of Hard-Shell Bio-Rad PCR 384 Well Plate 50 µL on 3 at 7.6 uL/sec
	Dropping tip into A1 of Opentrons Fixed Trash on 12
Transferring 5.0 from A3 of NEST 96 Deep Well Plate 2mL on 1 to A2 of Hard-Shell Bio-Rad PCR 384 Well Plate 50 µL on 3
	Picking up tip from A7 of Opentrons OT-2 96 Filter Tip Rack 20 µL on 7
	Aspirating 5.0 uL from A3 of NEST 96 Deep Well Plate 2mL on 1 at 7.6 uL/sec
	Dispensing 5.0 uL into A2 of Hard-Shell Bio-Rad PCR 384 Well Plate 50 µL on 3 at 7.6 uL/sec
	Dropping tip into A1 of Opentrons Fixed Trash on 12
Transferring 5.0 from A3 of NEST 96 Deep Well Plate 2mL on 1 to A10 of Hard-Shell Bio-Rad PCR 384 Well Plate 50 µL on 3
	Picking up tip from A8 of Opentrons OT-2 96 Filter Tip Rack 20 µL on 7
	Aspirating 5.0 uL from A3 of NEST 96 Deep Well Plate 2mL on 1 at 7.6 uL/sec
	Dispensing 5.0 uL into A10 of Hard-Shell Bio-Rad PCR 384 Well Plate 50 µL on 3 at 7.6 uL/sec
	Dropping tip into A1 of Opentrons Fixed Trash on 12
Transferring 5.0 from A3 of NEST 96 Deep Well Plate 2mL on 1 to A18 of Hard-Shell Bio-Rad PCR 384 Well Plate 50 µL on 3
	Picking up tip from A9 of Opentrons OT-2 96 Filter Tip Rack 20 µL on 7
	Aspirating 5.0 uL from A3 of NEST 96 Deep Well Plate 2mL on 1 at 7.6 uL/sec
	Dispensing 5.0 uL into A18 of Hard-Shell Bio-Rad PCR 384 Well Plate 50 µL on 3 at 7.6 uL/sec
	Dropping tip into A1 of Opentrons Fixed Trash on 12
Transferring 5.0 from A4 of NEST 96 Deep Well Plate 2mL on 1 to B2 of Hard-Shell Bio-Rad PCR 384 Well Plate 50 µL on 3
	Picking up tip from A10 of Opentrons OT-2 96 Filter Tip Rack 20 µL on 7
	Aspirating 5.0 uL from A4 of NEST 96 Deep Well Plate 2mL on 1 at 7.6 uL/sec
	Dispensing 5.0 uL into B2 of Hard-Shell Bio-Rad PCR 384 Well Plate 50 µL on 3 at 7.6 uL/sec
	Dropping tip into A1 of Opentrons Fixed Trash on 12
Transferring 5.0 from A4 of NEST 96 Deep Well Plate 2mL on 1 to B10 of Hard-Shell Bio-Rad PCR 384 Well Plate 50 µL on 3
	Picking up tip from A11 of Opentrons OT-2 96 Filter Tip Rack 20 µL on 7
	Aspirating 5.0 uL from A4 of NEST 96 Deep Well Plate 2mL on 1 at 7.6 uL/sec
	Dispensing 5.0 uL into B10 of Hard-Shell Bio-Rad PCR 384 Well Plate 50 µL on 3 at 7.6 uL/sec
	Dropping tip into A1 of Opentrons Fixed Trash on 12
Transferring 5.0 from A4 of NEST 96 Deep Well Plate 2mL on 1 to B18 of Hard-Shell Bio-Rad PCR 384 Well Plate 50 µL on 3
	Picking up tip from A12 of Opentrons OT-2 96 Filter Tip Rack 20 µL on 7
	Aspirating 5.0 uL from A4 of NEST 96 Deep Well Plate 2mL on 1 at 7.6 uL/sec
	Dispensing 5.0 uL into B18 of Hard-Shell Bio-Rad PCR 384 Well Plate 50 µL on 3 at 7.6 uL/sec
	Dropping tip into A1 of Opentrons Fixed Trash on 12
Transferring 5.0 from A5 of NEST 96 Deep Well Plate 2mL on 1 to A3 of Hard-Shell Bio-Rad PCR 384 Well Plate 50 µL on 3
	Picking up tip from A1 of Opentrons OT-2 96 Filter Tip Rack 20 µL on 8
	Aspirating 5.0 uL from A5 of NEST 96 Deep Well Plate 2mL on 1 at 7.6 uL/sec
	Dispensing 5.0 uL into A3 of Hard-Shell Bio-Rad PCR 384 Well Plate 50 µL on 3 at 7.6 uL/sec
	Dropping tip into A1 of Opentrons Fixed Trash on 12
Transferring 5.0 from A5 of NEST 96 Deep Well Plate 2mL on 1 to A11 of Hard-Shell Bio-Rad PCR 384 Well Plate 50 µL on 3
	Picking up tip from A2 of Opentrons OT-2 96 Filter Tip Rack 20 µL on 8
	Aspirating 5.0 uL from A5 of NEST 96 Deep Well Plate 2mL on 1 at 7.6 uL/sec
	Dispensing 5.0 uL into A11 of Hard-Shell Bio-Rad PCR 384 Well Plate 50 µL on 3 at 7.6 uL/sec
	Dropping tip into A1 of Opentrons Fixed Trash on 12
Transferring 5.0 from A5 of NEST 96 Deep Well Plate 2mL on 1 to A19 of Hard-Shell Bio-Rad PCR 384 Well Plate 50 µL on 3
	Picking up tip from A3 of Opentrons OT-2 96 Filter Tip Rack 20 µL on 8
	Aspirating 5.0 uL from A5 of NEST 96 Deep Well Plate 2mL on 1 at 7.6 uL/sec
	Dispensing 5.0 uL into A19 of Hard-Shell Bio-Rad PCR 384 Well Plate 50 µL on 3 at 7.6 uL/sec
	Dropping tip into A1 of Opentrons Fixed Trash on 12
Transferring 5.0 from A6 of NEST 96 Deep Well Plate 2mL on 1 to B3 of Hard-Shell Bio-Rad PCR 384 Well Plate 50 µL on 3
	Picking up tip from A4 of Opentrons OT-2 96 Filter Tip Rack 20 µL on 8
	Aspirating 5.0 uL from A6 of NEST 96 Deep Well Plate 2mL on 1 at 7.6 uL/sec
	Dispensing 5.0 uL into B3 of Hard-Shell Bio-Rad PCR 384 Well Plate 50 µL on 3 at 7.6 uL/sec
	Dropping tip into A1 of Opentrons Fixed Trash on 12
Transferring 5.0 from A6 of NEST 96 Deep Well Plate 2mL on 1 to B11 of Hard-Shell Bio-Rad PCR 384 Well Plate 50 µL on 3
	Picking up tip from A5 of Opentrons OT-2 96 Filter Tip Rack 20 µL on 8
	Aspirating 5.0 uL from A6 of NEST 96 Deep Well Plate 2mL on 1 at 7.6 uL/sec
	Dispensing 5.0 uL into B11 of Hard-Shell Bio-Rad PCR 384 Well Plate 50 µL on 3 at 7.6 uL/sec
	Dropping tip into A1 of Opentrons Fixed Trash on 12
Transferring 5.0 from A6 of NEST 96 Deep Well Plate 2mL on 1 to B19 of Hard-Shell Bio-Rad PCR 384 Well Plate 50 µL on 3
	Picking up tip from A6 of Opentrons OT-2 96 Filter Tip Rack 20 µL on 8
	Aspirating 5.0 uL from A6 of NEST 96 Deep Well Plate 2mL on 1 at 7.6 uL/sec
	Dispensing 5.0 uL into B19 of Hard-Shell Bio-Rad PCR 384 Well Plate 50 µL on 3 at 7.6 uL/sec
	Dropping tip into A1 of Opentrons Fixed Trash on 12
Transferring 5.0 from A7 of NEST 96 Deep Well Plate 2mL on 1 to A4 of Hard-Shell Bio-Rad PCR 384 Well Plate 50 µL on 3
	Picking up tip from A7 of Opentrons OT-2 96 Filter Tip Rack 20 µL on 8
	Aspirating 5.0 uL from A7 of NEST 96 Deep Well Plate 2mL on 1 at 7.6 uL/sec
	Dispensing 5.0 uL into A4 of Hard-Shell Bio-Rad PCR 384 Well Plate 50 µL on 3 at 7.6 uL/sec
	Dropping tip into A1 of Opentrons Fixed Trash on 12
Transferring 5.0 from A7 of NEST 96 Deep Well Plate 2mL on 1 to A12 of Hard-Shell Bio-Rad PCR 384 Well Plate 50 µL on 3
	Picking up tip from A8 of Opentrons OT-2 96 Filter Tip Rack 20 µL on 8
	Aspirating 5.0 uL from A7 of NEST 96 Deep Well Plate 2mL on 1 at 7.6 uL/sec
	Dispensing 5.0 uL into A12 of Hard-Shell Bio-Rad PCR 384 Well Plate 50 µL on 3 at 7.6 uL/sec
	Dropping tip into A1 of Opentrons Fixed Trash on 12
Transferring 5.0 from A7 of NEST 96 Deep Well Plate 2mL on 1 to A20 of Hard-Shell Bio-Rad PCR 384 Well Plate 50 µL on 3
	Picking up tip from A9 of Opentrons OT-2 96 Filter Tip Rack 20 µL on 8
	Aspirating 5.0 uL from A7 of NEST 96 Deep Well Plate 2mL on 1 at 7.6 uL/sec
	Dispensing 5.0 uL into A20 of Hard-Shell Bio-Rad PCR 384 Well Plate 50 µL on 3 at 7.6 uL/sec
	Dropping tip into A1 of Opentrons Fixed Trash on 12
Transferring 5.0 from A8 of NEST 96 Deep Well Plate 2mL on 1 to B4 of Hard-Shell Bio-Rad PCR 384 Well Plate 50 µL on 3
	Picking up tip from A10 of Opentrons OT-2 96 Filter Tip Rack 20 µL on 8
	Aspirating 5.0 uL from A8 of NEST 96 Deep Well Plate 2mL on 1 at 7.6 uL/sec
	Dispensing 5.0 uL into B4 of Hard-Shell Bio-Rad PCR 384 Well Plate 50 µL on 3 at 7.6 uL/sec
	Dropping tip into A1 of Opentrons Fixed Trash on 12
Transferring 5.0 from A8 of NEST 96 Deep Well Plate 2mL on 1 to B12 of Hard-Shell Bio-Rad PCR 384 Well Plate 50 µL on 3
	Picking up tip from A11 of Opentrons OT-2 96 Filter Tip Rack 20 µL on 8
	Aspirating 5.0 uL from A8 of NEST 96 Deep Well Plate 2mL on 1 at 7.6 uL/sec
	Dispensing 5.0 uL into B12 of Hard-Shell Bio-Rad PCR 384 Well Plate 50 µL on 3 at 7.6 uL/sec
	Dropping tip into A1 of Opentrons Fixed Trash on 12
Transferring 5.0 from A8 of NEST 96 Deep Well Plate 2mL on 1 to B20 of Hard-Shell Bio-Rad PCR 384 Well Plate 50 µL on 3
	Picking up tip from A12 of Opentrons OT-2 96 Filter Tip Rack 20 µL on 8
	Aspirating 5.0 uL from A8 of NEST 96 Deep Well Plate 2mL on 1 at 7.6 uL/sec
	Dispensing 5.0 uL into B20 of Hard-Shell Bio-Rad PCR 384 Well Plate 50 µL on 3 at 7.6 uL/sec
	Dropping tip into A1 of Opentrons Fixed Trash on 12
Transferring 5.0 from A9 of NEST 96 Deep Well Plate 2mL on 1 to A5 of Hard-Shell Bio-Rad PCR 384 Well Plate 50 µL on 3
	Picking up tip from A1 of Opentrons OT-2 96 Filter Tip Rack 20 µL on 10
	Aspirating 5.0 uL from A9 of NEST 96 Deep Well Plate 2mL on 1 at 7.6 uL/sec
	Dispensing 5.0 uL into A5 of Hard-Shell Bio-Rad PCR 384 Well Plate 50 µL on 3 at 7.6 uL/sec
	Dropping tip into A1 of Opentrons Fixed Trash on 12
Transferring 5.0 from A9 of NEST 96 Deep Well Plate 2mL on 1 to A13 of Hard-Shell Bio-Rad PCR 384 Well Plate 50 µL on 3
	Picking up tip from A2 of Opentrons OT-2 96 Filter Tip Rack 20 µL on 10
	Aspirating 5.0 uL from A9 of NEST 96 Deep Well Plate 2mL on 1 at 7.6 uL/sec
	Dispensing 5.0 uL into A13 of Hard-Shell Bio-Rad PCR 384 Well Plate 50 µL on 3 at 7.6 uL/sec
	Dropping tip into A1 of Opentrons Fixed Trash on 12
Transferring 5.0 from A9 of NEST 96 Deep Well Plate 2mL on 1 to A21 of Hard-Shell Bio-Rad PCR 384 Well Plate 50 µL on 3
	Picking up tip from A3 of Opentrons OT-2 96 Filter Tip Rack 20 µL on 10
	Aspirating 5.0 uL from A9 of NEST 96 Deep Well Plate 2mL on 1 at 7.6 uL/sec
	Dispensing 5.0 uL into A21 of Hard-Shell Bio-Rad PCR 384 Well Plate 50 µL on 3 at 7.6 uL/sec
	Dropping tip into A1 of Opentrons Fixed Trash on 12
Transferring 5.0 from A10 of NEST 96 Deep Well Plate 2mL on 1 to B5 of Hard-Shell Bio-Rad PCR 384 Well Plate 50 µL on 3
	Picking up tip from A4 of Opentrons OT-2 96 Filter Tip Rack 20 µL on 10
	Aspirating 5.0 uL from A10 of NEST 96 Deep Well Plate 2mL on 1 at 7.6 uL/sec
	Dispensing 5.0 uL into B5 of Hard-Shell Bio-Rad PCR 384 Well Plate 50 µL on 3 at 7.6 uL/sec
	Dropping tip into A1 of Opentrons Fixed Trash on 12
Transferring 5.0 from A10 of NEST 96 Deep Well Plate 2mL on 1 to B13 of Hard-Shell Bio-Rad PCR 384 Well Plate 50 µL on 3
	Picking up tip from A5 of Opentrons OT-2 96 Filter Tip Rack 20 µL on 10
	Aspirating 5.0 uL from A10 of NEST 96 Deep Well Plate 2mL on 1 at 7.6 uL/sec
	Dispensing 5.0 uL into B13 of Hard-Shell Bio-Rad PCR 384 Well Plate 50 µL on 3 at 7.6 uL/sec
	Dropping tip into A1 of Opentrons Fixed Trash on 12
Transferring 5.0 from A10 of NEST 96 Deep Well Plate 2mL on 1 to B21 of Hard-Shell Bio-Rad PCR 384 Well Plate 50 µL on 3
	Picking up tip from A6 of Opentrons OT-2 96 Filter Tip Rack 20 µL on 10
	Aspirating 5.0 uL from A10 of NEST 96 Deep Well Plate 2mL on 1 at 7.6 uL/sec
	Dispensing 5.0 uL into B21 of Hard-Shell Bio-Rad PCR 384 Well Plate 50 µL on 3 at 7.6 uL/sec
	Dropping tip into A1 of Opentrons Fixed Trash on 12
Transferring 5.0 from A11 of NEST 96 Deep Well Plate 2mL on 1 to A6 of Hard-Shell Bio-Rad PCR 384 Well Plate 50 µL on 3
	Picking up tip from A7 of Opentrons OT-2 96 Filter Tip Rack 20 µL on 10
	Aspirating 5.0 uL from A11 of NEST 96 Deep Well Plate 2mL on 1 at 7.6 uL/sec
	Dispensing 5.0 uL into A6 of Hard-Shell Bio-Rad PCR 384 Well Plate 50 µL on 3 at 7.6 uL/sec
	Dropping tip into A1 of Opentrons Fixed Trash on 12
Transferring 5.0 from A11 of NEST 96 Deep Well Plate 2mL on 1 to A14 of Hard-Shell Bio-Rad PCR 384 Well Plate 50 µL on 3
	Picking up tip from A8 of Opentrons OT-2 96 Filter Tip Rack 20 µL on 10
	Aspirating 5.0 uL from A11 of NEST 96 Deep Well Plate 2mL on 1 at 7.6 uL/sec
	Dispensing 5.0 uL into A14 of Hard-Shell Bio-Rad PCR 384 Well Plate 50 µL on 3 at 7.6 uL/sec
	Dropping tip into A1 of Opentrons Fixed Trash on 12
Transferring 5.0 from A11 of NEST 96 Deep Well Plate 2mL on 1 to A22 of Hard-Shell Bio-Rad PCR 384 Well Plate 50 µL on 3
	Picking up tip from A9 of Opentrons OT-2 96 Filter Tip Rack 20 µL on 10
	Aspirating 5.0 uL from A11 of NEST 96 Deep Well Plate 2mL on 1 at 7.6 uL/sec
	Dispensing 5.0 uL into A22 of Hard-Shell Bio-Rad PCR 384 Well Plate 50 µL on 3 at 7.6 uL/sec
	Dropping tip into A1 of Opentrons Fixed Trash on 12
Transferring 5.0 from A12 of NEST 96 Deep Well Plate 2mL on 1 to B6 of Hard-Shell Bio-Rad PCR 384 Well Plate 50 µL on 3
	Picking up tip from A10 of Opentrons OT-2 96 Filter Tip Rack 20 µL on 10
	Aspirating 5.0 uL from A12 of NEST 96 Deep Well Plate 2mL on 1 at 7.6 uL/sec
	Dispensing 5.0 uL into B6 of Hard-Shell Bio-Rad PCR 384 Well Plate 50 µL on 3 at 7.6 uL/sec
	Dropping tip into A1 of Opentrons Fixed Trash on 12
Transferring 5.0 from A12 of NEST 96 Deep Well Plate 2mL on 1 to B14 of Hard-Shell Bio-Rad PCR 384 Well Plate 50 µL on 3
	Picking up tip from A11 of Opentrons OT-2 96 Filter Tip Rack 20 µL on 10
	Aspirating 5.0 uL from A12 of NEST 96 Deep Well Plate 2mL on 1 at 7.6 uL/sec
	Dispensing 5.0 uL into B14 of Hard-Shell Bio-Rad PCR 384 Well Plate 50 µL on 3 at 7.6 uL/sec
	Dropping tip into A1 of Opentrons Fixed Trash on 12
Transferring 5.0 from A12 of NEST 96 Deep Well Plate 2mL on 1 to B22 of Hard-Shell Bio-Rad PCR 384 Well Plate 50 µL on 3
	Picking up tip from A12 of Opentrons OT-2 96 Filter Tip Rack 20 µL on 10
	Aspirating 5.0 uL from A12 of NEST 96 Deep Well Plate 2mL on 1 at 7.6 uL/sec
	Dispensing 5.0 uL into B22 of Hard-Shell Bio-Rad PCR 384 Well Plate 50 µL on 3 at 7.6 uL/sec
	Dropping tip into A1 of Opentrons Fixed Trash on 12
Transferring 5.0 from A1 of NEST 96 Deep Well Plate 2mL on 4 to A7 of Hard-Shell Bio-Rad PCR 384 Well Plate 50 µL on 3
	Picking up tip from A1 of Opentrons OT-2 96 Filter Tip Rack 20 µL on 11
	Aspirating 5.0 uL from A1 of NEST 96 Deep Well Plate 2mL on 4 at 7.6 uL/sec
	Dispensing 5.0 uL into A7 of Hard-Shell Bio-Rad PCR 384 Well Plate 50 µL on 3 at 7.6 uL/sec
	Dropping tip into A1 of Opentrons Fixed Trash on 12
Transferring 5.0 from A1 of NEST 96 Deep Well Plate 2mL on 4 to A15 of Hard-Shell Bio-Rad PCR 384 Well Plate 50 µL on 3
	Picking up tip from A2 of Opentrons OT-2 96 Filter Tip Rack 20 µL on 11
	Aspirating 5.0 uL from A1 of NEST 96 Deep Well Plate 2mL on 4 at 7.6 uL/sec
	Dispensing 5.0 uL into A15 of Hard-Shell Bio-Rad PCR 384 Well Plate 50 µL on 3 at 7.6 uL/sec
	Dropping tip into A1 of Opentrons Fixed Trash on 12
Transferring 5.0 from A1 of NEST 96 Deep Well Plate 2mL on 4 to A23 of Hard-Shell Bio-Rad PCR 384 Well Plate 50 µL on 3
	Picking up tip from A3 of Opentrons OT-2 96 Filter Tip Rack 20 µL on 11
	Aspirating 5.0 uL from A1 of NEST 96 Deep Well Plate 2mL on 4 at 7.6 uL/sec
	Dispensing 5.0 uL into A23 of Hard-Shell Bio-Rad PCR 384 Well Plate 50 µL on 3 at 7.6 uL/sec
	Dropping tip into A1 of Opentrons Fixed Trash on 12
Transferring 5.0 from A2 of NEST 96 Deep Well Plate 2mL on 4 to B7 of Hard-Shell Bio-Rad PCR 384 Well Plate 50 µL on 3
	Picking up tip from A4 of Opentrons OT-2 96 Filter Tip Rack 20 µL on 11
	Aspirating 5.0 uL from A2 of NEST 96 Deep Well Plate 2mL on 4 at 7.6 uL/sec
	Dispensing 5.0 uL into B7 of Hard-Shell Bio-Rad PCR 384 Well Plate 50 µL on 3 at 7.6 uL/sec
	Dropping tip into A1 of Opentrons Fixed Trash on 12
Transferring 5.0 from A2 of NEST 96 Deep Well Plate 2mL on 4 to B15 of Hard-Shell Bio-Rad PCR 384 Well Plate 50 µL on 3
	Picking up tip from A5 of Opentrons OT-2 96 Filter Tip Rack 20 µL on 11
	Aspirating 5.0 uL from A2 of NEST 96 Deep Well Plate 2mL on 4 at 7.6 uL/sec
	Dispensing 5.0 uL into B15 of Hard-Shell Bio-Rad PCR 384 Well Plate 50 µL on 3 at 7.6 uL/sec
	Dropping tip into A1 of Opentrons Fixed Trash on 12
Transferring 5.0 from A2 of NEST 96 Deep Well Plate 2mL on 4 to B23 of Hard-Shell Bio-Rad PCR 384 Well Plate 50 µL on 3
	Picking up tip from A6 of Opentrons OT-2 96 Filter Tip Rack 20 µL on 11
	Aspirating 5.0 uL from A2 of NEST 96 Deep Well Plate 2mL on 4 at 7.6 uL/sec
	Dispensing 5.0 uL into B23 of Hard-Shell Bio-Rad PCR 384 Well Plate 50 µL on 3 at 7.6 uL/sec
	Dropping tip into A1 of Opentrons Fixed Trash on 12
Transferring 5.0 from A1 of Thermo Fisher Scientific Elution Tubes 96 Well Plate 650 µL on 2 to A8 of Hard-Shell Bio-Rad PCR 384 Well Plate 50 µL on 3
	Picking up tip from A7 of Opentrons OT-2 96 Filter Tip Rack 20 µL on 11
	Aspirating 5.0 uL from A1 of Thermo Fisher Scientific Elution Tubes 96 Well Plate 650 µL on 2 at 7.6 uL/sec
	Dispensing 5.0 uL into A8 of Hard-Shell Bio-Rad PCR 384 Well Plate 50 µL on 3 at 7.6 uL/sec
	Dropping tip into A1 of Opentrons Fixed Trash on 12
Transferring 5.0 from A1 of Thermo Fisher Scientific Elution Tubes 96 Well Plate 650 µL on 2 to A16 of Hard-Shell Bio-Rad PCR 384 Well Plate 50 µL on 3
	Picking up tip from A8 of Opentrons OT-2 96 Filter Tip Rack 20 µL on 11
	Aspirating 5.0 uL from A1 of Thermo Fisher Scientific Elution Tubes 96 Well Plate 650 µL on 2 at 7.6 uL/sec
	Dispensing 5.0 uL into A16 of Hard-Shell Bio-Rad PCR 384 Well Plate 50 µL on 3 at 7.6 uL/sec
	Dropping tip into A1 of Opentrons Fixed Trash on 12
Transferring 5.0 from A3 of Thermo Fisher Scientific Elution Tubes 96 Well Plate 650 µL on 2 to A24 of Hard-Shell Bio-Rad PCR 384 Well Plate 50 µL on 3
	Picking up tip from A9 of Opentrons OT-2 96 Filter Tip Rack 20 µL on 11
	Aspirating 5.0 uL from A3 of Thermo Fisher Scientific Elution Tubes 96 Well Plate 650 µL on 2 at 7.6 uL/sec
	Dispensing 5.0 uL into A24 of Hard-Shell Bio-Rad PCR 384 Well Plate 50 µL on 3 at 7.6 uL/sec
	Dropping tip into A1 of Opentrons Fixed Trash on 12
Caught exception: {'message': 'Task was destroyed but it is pending!', 'task': <Task pending name='Task-4' coro=<Poller._poll_forever() running at /Users/dp/Desktop/project/github/opentrons/venv/lib/python3.10/site-packages/opentrons/hardware_control/poller.py:80> wait_for=<Future pending cb=[Task.task_wakeup()]>>}
Caught exception: {'message': 'Task was destroyed but it is pending!', 'task': <Task pending name='Task-3' coro=<Poller._poll_forever() running at /Users/dp/Desktop/project/github/opentrons/venv/lib/python3.10/site-packages/opentrons/hardware_control/poller.py:80> wait_for=<Future pending cb=[Task.task_wakeup()]>>}
Caught exception: {'message': 'Task was destroyed but it is pending!', 'task': <Task pending name='Task-2' coro=<Poller._poll_forever() running at /Users/dp/Desktop/project/github/opentrons/venv/lib/python3.10/site-packages/opentrons/hardware_control/poller.py:80> wait_for=<Future pending cb=[Task.task_wakeup()]>>}
