/Users/dp/Desktop/project/github/opentrons/venv/lib/python3.10/site-packages/opentrons/hardware_control/simulator_setup.py:205: UserWarning: Simulator configuration does not name a machine, defaulting to OT-2 Standard
  warn(
/Users/dp/.opentrons/robot_settings.json not found. Loading defaults
Deck calibration not found.
/Users/dp/.opentrons/deck_calibration.json not found. Loading defaults
Picking up tip from A1 of Opentrons OT-2 96 Filter Tip Rack 10 µL on 4
Aspirating 10.0 uL from A1 of Opentrons 24 Tube Rack with Eppendorf 1.5 mL Safe-Lock Snapcap on 3 at 7.56 uL/sec
Touching tip
Moving to C1 of Two Spacing on 1
Delaying for 0 minutes and 1.5 seconds
Dispensing 1.0 uL into C1 of Two Spacing on 1 at 7.56 uL/sec
Delaying for 0 minutes and 1.5 seconds
Moving to C1 of Two Spacing on 1
Moving to G1 of Two Spacing on 1
Delaying for 0 minutes and 1.5 seconds
Dispensing 1.0 uL into G1 of Two Spacing on 1 at 7.56 uL/sec
Delaying for 0 minutes and 1.5 seconds
Moving to G1 of Two Spacing on 1
Moving to K1 of Two Spacing on 1
Delaying for 0 minutes and 1.5 seconds
Dispensing 1.0 uL into K1 of Two Spacing on 1 at 7.56 uL/sec
Delaying for 0 minutes and 1.5 seconds
Moving to K1 of Two Spacing on 1
Moving to C5 of Two Spacing on 1
Delaying for 0 minutes and 1.5 seconds
Dispensing 1.0 uL into C5 of Two Spacing on 1 at 7.56 uL/sec
Delaying for 0 minutes and 1.5 seconds
Moving to C5 of Two Spacing on 1
Moving to G5 of Two Spacing on 1
Delaying for 0 minutes and 1.5 seconds
Dispensing 1.0 uL into G5 of Two Spacing on 1 at 7.56 uL/sec
Delaying for 0 minutes and 1.5 seconds
Moving to G5 of Two Spacing on 1
Moving to K5 of Two Spacing on 1
Delaying for 0 minutes and 1.5 seconds
Dispensing 1.0 uL into K5 of Two Spacing on 1 at 7.56 uL/sec
Delaying for 0 minutes and 1.5 seconds
Moving to K5 of Two Spacing on 1
Moving to C9 of Two Spacing on 1
Delaying for 0 minutes and 1.5 seconds
Dispensing 1.0 uL into C9 of Two Spacing on 1 at 7.56 uL/sec
Delaying for 0 minutes and 1.5 seconds
Moving to C9 of Two Spacing on 1
Moving to G9 of Two Spacing on 1
Delaying for 0 minutes and 1.5 seconds
Dispensing 1.0 uL into G9 of Two Spacing on 1 at 7.56 uL/sec
Delaying for 0 minutes and 1.5 seconds
Moving to G9 of Two Spacing on 1
Moving to K9 of Two Spacing on 1
Delaying for 0 minutes and 1.5 seconds
Dispensing 1.0 uL into K9 of Two Spacing on 1 at 7.56 uL/sec
Delaying for 0 minutes and 1.5 seconds
Moving to K9 of Two Spacing on 1
Dispensing 1.0 uL into A1 of Opentrons Fixed Trash on 12 at 7.56 uL/sec
Aspirating 10.0 uL from A1 of Opentrons 24 Tube Rack with Eppendorf 1.5 mL Safe-Lock Snapcap on 3 at 7.56 uL/sec
Touching tip
Moving to C1 of Two Spacing on 2
Delaying for 0 minutes and 1.5 seconds
Dispensing 1.0 uL into C1 of Two Spacing on 2 at 7.56 uL/sec
Delaying for 0 minutes and 1.5 seconds
Moving to C1 of Two Spacing on 2
Moving to G1 of Two Spacing on 2
Delaying for 0 minutes and 1.5 seconds
Dispensing 1.0 uL into G1 of Two Spacing on 2 at 7.56 uL/sec
Delaying for 0 minutes and 1.5 seconds
Moving to G1 of Two Spacing on 2
Moving to K1 of Two Spacing on 2
Delaying for 0 minutes and 1.5 seconds
Dispensing 1.0 uL into K1 of Two Spacing on 2 at 7.56 uL/sec
Delaying for 0 minutes and 1.5 seconds
Moving to K1 of Two Spacing on 2
Moving to C5 of Two Spacing on 2
Delaying for 0 minutes and 1.5 seconds
Dispensing 1.0 uL into C5 of Two Spacing on 2 at 7.56 uL/sec
Delaying for 0 minutes and 1.5 seconds
Moving to C5 of Two Spacing on 2
Moving to G5 of Two Spacing on 2
Delaying for 0 minutes and 1.5 seconds
Dispensing 1.0 uL into G5 of Two Spacing on 2 at 7.56 uL/sec
Delaying for 0 minutes and 1.5 seconds
Moving to G5 of Two Spacing on 2
Moving to K5 of Two Spacing on 2
Delaying for 0 minutes and 1.5 seconds
Dispensing 1.0 uL into K5 of Two Spacing on 2 at 7.56 uL/sec
Delaying for 0 minutes and 1.5 seconds
Moving to K5 of Two Spacing on 2
Moving to C9 of Two Spacing on 2
Delaying for 0 minutes and 1.5 seconds
Dispensing 1.0 uL into C9 of Two Spacing on 2 at 7.56 uL/sec
Delaying for 0 minutes and 1.5 seconds
Moving to C9 of Two Spacing on 2
Moving to G9 of Two Spacing on 2
Delaying for 0 minutes and 1.5 seconds
Dispensing 1.0 uL into G9 of Two Spacing on 2 at 7.56 uL/sec
Delaying for 0 minutes and 1.5 seconds
Moving to G9 of Two Spacing on 2
Moving to K9 of Two Spacing on 2
Delaying for 0 minutes and 1.5 seconds
Dispensing 1.0 uL into K9 of Two Spacing on 2 at 7.56 uL/sec
Delaying for 0 minutes and 1.5 seconds
Moving to K9 of Two Spacing on 2
Dispensing 1.0 uL into A1 of Opentrons Fixed Trash on 12 at 7.56 uL/sec
Dropping tip into A1 of Opentrons Fixed Trash on 12


Picking up tip from B1 of Opentrons OT-2 96 Filter Tip Rack 10 µL on 4
Aspirating 10.0 uL from B1 of Opentrons 24 Tube Rack with Eppendorf 1.5 mL Safe-Lock Snapcap on 3 at 7.56 uL/sec
Touching tip
Moving to D1 of Two Spacing on 1
Delaying for 0 minutes and 1.5 seconds
Dispensing 1.0 uL into D1 of Two Spacing on 1 at 7.56 uL/sec
Delaying for 0 minutes and 1.5 seconds
Moving to D1 of Two Spacing on 1
Moving to H1 of Two Spacing on 1
Delaying for 0 minutes and 1.5 seconds
Dispensing 1.0 uL into H1 of Two Spacing on 1 at 7.56 uL/sec
Delaying for 0 minutes and 1.5 seconds
Moving to H1 of Two Spacing on 1
Moving to L1 of Two Spacing on 1
Delaying for 0 minutes and 1.5 seconds
Dispensing 1.0 uL into L1 of Two Spacing on 1 at 7.56 uL/sec
Delaying for 0 minutes and 1.5 seconds
Moving to L1 of Two Spacing on 1
Moving to D5 of Two Spacing on 1
Delaying for 0 minutes and 1.5 seconds
Dispensing 1.0 uL into D5 of Two Spacing on 1 at 7.56 uL/sec
Delaying for 0 minutes and 1.5 seconds
Moving to D5 of Two Spacing on 1
Moving to H5 of Two Spacing on 1
Delaying for 0 minutes and 1.5 seconds
Dispensing 1.0 uL into H5 of Two Spacing on 1 at 7.56 uL/sec
Delaying for 0 minutes and 1.5 seconds
Moving to H5 of Two Spacing on 1
Moving to L5 of Two Spacing on 1
Delaying for 0 minutes and 1.5 seconds
Dispensing 1.0 uL into L5 of Two Spacing on 1 at 7.56 uL/sec
Delaying for 0 minutes and 1.5 seconds
Moving to L5 of Two Spacing on 1
Moving to D9 of Two Spacing on 1
Delaying for 0 minutes and 1.5 seconds
Dispensing 1.0 uL into D9 of Two Spacing on 1 at 7.56 uL/sec
Delaying for 0 minutes and 1.5 seconds
Moving to D9 of Two Spacing on 1
Moving to H9 of Two Spacing on 1
Delaying for 0 minutes and 1.5 seconds
Dispensing 1.0 uL into H9 of Two Spacing on 1 at 7.56 uL/sec
Delaying for 0 minutes and 1.5 seconds
Moving to H9 of Two Spacing on 1
Moving to L9 of Two Spacing on 1
Delaying for 0 minutes and 1.5 seconds
Dispensing 1.0 uL into L9 of Two Spacing on 1 at 7.56 uL/sec
Delaying for 0 minutes and 1.5 seconds
Moving to L9 of Two Spacing on 1
Dispensing 1.0 uL into A1 of Opentrons Fixed Trash on 12 at 7.56 uL/sec
Aspirating 10.0 uL from B1 of Opentrons 24 Tube Rack with Eppendorf 1.5 mL Safe-Lock Snapcap on 3 at 7.56 uL/sec
Touching tip
Moving to D1 of Two Spacing on 2
Delaying for 0 minutes and 1.5 seconds
Dispensing 1.0 uL into D1 of Two Spacing on 2 at 7.56 uL/sec
Delaying for 0 minutes and 1.5 seconds
Moving to D1 of Two Spacing on 2
Moving to H1 of Two Spacing on 2
Delaying for 0 minutes and 1.5 seconds
Dispensing 1.0 uL into H1 of Two Spacing on 2 at 7.56 uL/sec
Delaying for 0 minutes and 1.5 seconds
Moving to H1 of Two Spacing on 2
Moving to L1 of Two Spacing on 2
Delaying for 0 minutes and 1.5 seconds
Dispensing 1.0 uL into L1 of Two Spacing on 2 at 7.56 uL/sec
Delaying for 0 minutes and 1.5 seconds
Moving to L1 of Two Spacing on 2
Moving to D5 of Two Spacing on 2
Delaying for 0 minutes and 1.5 seconds
Dispensing 1.0 uL into D5 of Two Spacing on 2 at 7.56 uL/sec
Delaying for 0 minutes and 1.5 seconds
Moving to D5 of Two Spacing on 2
Moving to H5 of Two Spacing on 2
Delaying for 0 minutes and 1.5 seconds
Dispensing 1.0 uL into H5 of Two Spacing on 2 at 7.56 uL/sec
Delaying for 0 minutes and 1.5 seconds
Moving to H5 of Two Spacing on 2
Moving to L5 of Two Spacing on 2
Delaying for 0 minutes and 1.5 seconds
Dispensing 1.0 uL into L5 of Two Spacing on 2 at 7.56 uL/sec
Delaying for 0 minutes and 1.5 seconds
Moving to L5 of Two Spacing on 2
Moving to D9 of Two Spacing on 2
Delaying for 0 minutes and 1.5 seconds
Dispensing 1.0 uL into D9 of Two Spacing on 2 at 7.56 uL/sec
Delaying for 0 minutes and 1.5 seconds
Moving to D9 of Two Spacing on 2
Moving to H9 of Two Spacing on 2
Delaying for 0 minutes and 1.5 seconds
Dispensing 1.0 uL into H9 of Two Spacing on 2 at 7.56 uL/sec
Delaying for 0 minutes and 1.5 seconds
Moving to H9 of Two Spacing on 2
Moving to L9 of Two Spacing on 2
Delaying for 0 minutes and 1.5 seconds
Dispensing 1.0 uL into L9 of Two Spacing on 2 at 7.56 uL/sec
Delaying for 0 minutes and 1.5 seconds
Moving to L9 of Two Spacing on 2
Dispensing 1.0 uL into A1 of Opentrons Fixed Trash on 12 at 7.56 uL/sec
Dropping tip into A1 of Opentrons Fixed Trash on 12


Picking up tip from C1 of Opentrons OT-2 96 Filter Tip Rack 10 µL on 4
Aspirating 10.0 uL from C1 of Opentrons 24 Tube Rack with Eppendorf 1.5 mL Safe-Lock Snapcap on 3 at 7.56 uL/sec
Touching tip
Moving to C2 of Two Spacing on 1
Delaying for 0 minutes and 1.5 seconds
Dispensing 1.0 uL into C2 of Two Spacing on 1 at 7.56 uL/sec
Delaying for 0 minutes and 1.5 seconds
Moving to C2 of Two Spacing on 1
Moving to G2 of Two Spacing on 1
Delaying for 0 minutes and 1.5 seconds
Dispensing 1.0 uL into G2 of Two Spacing on 1 at 7.56 uL/sec
Delaying for 0 minutes and 1.5 seconds
Moving to G2 of Two Spacing on 1
Moving to K2 of Two Spacing on 1
Delaying for 0 minutes and 1.5 seconds
Dispensing 1.0 uL into K2 of Two Spacing on 1 at 7.56 uL/sec
Delaying for 0 minutes and 1.5 seconds
Moving to K2 of Two Spacing on 1
Moving to C6 of Two Spacing on 1
Delaying for 0 minutes and 1.5 seconds
Dispensing 1.0 uL into C6 of Two Spacing on 1 at 7.56 uL/sec
Delaying for 0 minutes and 1.5 seconds
Moving to C6 of Two Spacing on 1
Moving to G6 of Two Spacing on 1
Delaying for 0 minutes and 1.5 seconds
Dispensing 1.0 uL into G6 of Two Spacing on 1 at 7.56 uL/sec
Delaying for 0 minutes and 1.5 seconds
Moving to G6 of Two Spacing on 1
Moving to K6 of Two Spacing on 1
Delaying for 0 minutes and 1.5 seconds
Dispensing 1.0 uL into K6 of Two Spacing on 1 at 7.56 uL/sec
Delaying for 0 minutes and 1.5 seconds
Moving to K6 of Two Spacing on 1
Moving to C10 of Two Spacing on 1
Delaying for 0 minutes and 1.5 seconds
Dispensing 1.0 uL into C10 of Two Spacing on 1 at 7.56 uL/sec
Delaying for 0 minutes and 1.5 seconds
Moving to C10 of Two Spacing on 1
Moving to G10 of Two Spacing on 1
Delaying for 0 minutes and 1.5 seconds
Dispensing 1.0 uL into G10 of Two Spacing on 1 at 7.56 uL/sec
Delaying for 0 minutes and 1.5 seconds
Moving to G10 of Two Spacing on 1
Moving to K10 of Two Spacing on 1
Delaying for 0 minutes and 1.5 seconds
Dispensing 1.0 uL into K10 of Two Spacing on 1 at 7.56 uL/sec
Delaying for 0 minutes and 1.5 seconds
Moving to K10 of Two Spacing on 1
Dispensing 1.0 uL into A1 of Opentrons Fixed Trash on 12 at 7.56 uL/sec
Aspirating 10.0 uL from C1 of Opentrons 24 Tube Rack with Eppendorf 1.5 mL Safe-Lock Snapcap on 3 at 7.56 uL/sec
Touching tip
Moving to C2 of Two Spacing on 2
Delaying for 0 minutes and 1.5 seconds
Dispensing 1.0 uL into C2 of Two Spacing on 2 at 7.56 uL/sec
Delaying for 0 minutes and 1.5 seconds
Moving to C2 of Two Spacing on 2
Moving to G2 of Two Spacing on 2
Delaying for 0 minutes and 1.5 seconds
Dispensing 1.0 uL into G2 of Two Spacing on 2 at 7.56 uL/sec
Delaying for 0 minutes and 1.5 seconds
Moving to G2 of Two Spacing on 2
Moving to K2 of Two Spacing on 2
Delaying for 0 minutes and 1.5 seconds
Dispensing 1.0 uL into K2 of Two Spacing on 2 at 7.56 uL/sec
Delaying for 0 minutes and 1.5 seconds
Moving to K2 of Two Spacing on 2
Moving to C6 of Two Spacing on 2
Delaying for 0 minutes and 1.5 seconds
Dispensing 1.0 uL into C6 of Two Spacing on 2 at 7.56 uL/sec
Delaying for 0 minutes and 1.5 seconds
Moving to C6 of Two Spacing on 2
Moving to G6 of Two Spacing on 2
Delaying for 0 minutes and 1.5 seconds
Dispensing 1.0 uL into G6 of Two Spacing on 2 at 7.56 uL/sec
Delaying for 0 minutes and 1.5 seconds
Moving to G6 of Two Spacing on 2
Moving to K6 of Two Spacing on 2
Delaying for 0 minutes and 1.5 seconds
Dispensing 1.0 uL into K6 of Two Spacing on 2 at 7.56 uL/sec
Delaying for 0 minutes and 1.5 seconds
Moving to K6 of Two Spacing on 2
Moving to C10 of Two Spacing on 2
Delaying for 0 minutes and 1.5 seconds
Dispensing 1.0 uL into C10 of Two Spacing on 2 at 7.56 uL/sec
Delaying for 0 minutes and 1.5 seconds
Moving to C10 of Two Spacing on 2
Moving to G10 of Two Spacing on 2
Delaying for 0 minutes and 1.5 seconds
Dispensing 1.0 uL into G10 of Two Spacing on 2 at 7.56 uL/sec
Delaying for 0 minutes and 1.5 seconds
Moving to G10 of Two Spacing on 2
Moving to K10 of Two Spacing on 2
Delaying for 0 minutes and 1.5 seconds
Dispensing 1.0 uL into K10 of Two Spacing on 2 at 7.56 uL/sec
Delaying for 0 minutes and 1.5 seconds
Moving to K10 of Two Spacing on 2
Dispensing 1.0 uL into A1 of Opentrons Fixed Trash on 12 at 7.56 uL/sec
Dropping tip into A1 of Opentrons Fixed Trash on 12


Picking up tip from D1 of Opentrons OT-2 96 Filter Tip Rack 10 µL on 4
Aspirating 10.0 uL from D1 of Opentrons 24 Tube Rack with Eppendorf 1.5 mL Safe-Lock Snapcap on 3 at 7.56 uL/sec
Touching tip
Moving to D2 of Two Spacing on 1
Delaying for 0 minutes and 1.5 seconds
Dispensing 1.0 uL into D2 of Two Spacing on 1 at 7.56 uL/sec
Delaying for 0 minutes and 1.5 seconds
Moving to D2 of Two Spacing on 1
Moving to H2 of Two Spacing on 1
Delaying for 0 minutes and 1.5 seconds
Dispensing 1.0 uL into H2 of Two Spacing on 1 at 7.56 uL/sec
Delaying for 0 minutes and 1.5 seconds
Moving to H2 of Two Spacing on 1
Moving to L2 of Two Spacing on 1
Delaying for 0 minutes and 1.5 seconds
Dispensing 1.0 uL into L2 of Two Spacing on 1 at 7.56 uL/sec
Delaying for 0 minutes and 1.5 seconds
Moving to L2 of Two Spacing on 1
Moving to D6 of Two Spacing on 1
Delaying for 0 minutes and 1.5 seconds
Dispensing 1.0 uL into D6 of Two Spacing on 1 at 7.56 uL/sec
Delaying for 0 minutes and 1.5 seconds
Moving to D6 of Two Spacing on 1
Moving to H6 of Two Spacing on 1
Delaying for 0 minutes and 1.5 seconds
Dispensing 1.0 uL into H6 of Two Spacing on 1 at 7.56 uL/sec
Delaying for 0 minutes and 1.5 seconds
Moving to H6 of Two Spacing on 1
Moving to L6 of Two Spacing on 1
Delaying for 0 minutes and 1.5 seconds
Dispensing 1.0 uL into L6 of Two Spacing on 1 at 7.56 uL/sec
Delaying for 0 minutes and 1.5 seconds
Moving to L6 of Two Spacing on 1
Moving to D10 of Two Spacing on 1
Delaying for 0 minutes and 1.5 seconds
Dispensing 1.0 uL into D10 of Two Spacing on 1 at 7.56 uL/sec
Delaying for 0 minutes and 1.5 seconds
Moving to D10 of Two Spacing on 1
Moving to H10 of Two Spacing on 1
Delaying for 0 minutes and 1.5 seconds
Dispensing 1.0 uL into H10 of Two Spacing on 1 at 7.56 uL/sec
Delaying for 0 minutes and 1.5 seconds
Moving to H10 of Two Spacing on 1
Moving to L10 of Two Spacing on 1
Delaying for 0 minutes and 1.5 seconds
Dispensing 1.0 uL into L10 of Two Spacing on 1 at 7.56 uL/sec
Delaying for 0 minutes and 1.5 seconds
Moving to L10 of Two Spacing on 1
Dispensing 1.0 uL into A1 of Opentrons Fixed Trash on 12 at 7.56 uL/sec
Aspirating 10.0 uL from D1 of Opentrons 24 Tube Rack with Eppendorf 1.5 mL Safe-Lock Snapcap on 3 at 7.56 uL/sec
Touching tip
Moving to D2 of Two Spacing on 2
Delaying for 0 minutes and 1.5 seconds
Dispensing 1.0 uL into D2 of Two Spacing on 2 at 7.56 uL/sec
Delaying for 0 minutes and 1.5 seconds
Moving to D2 of Two Spacing on 2
Moving to H2 of Two Spacing on 2
Delaying for 0 minutes and 1.5 seconds
Dispensing 1.0 uL into H2 of Two Spacing on 2 at 7.56 uL/sec
Delaying for 0 minutes and 1.5 seconds
Moving to H2 of Two Spacing on 2
Moving to L2 of Two Spacing on 2
Delaying for 0 minutes and 1.5 seconds
Dispensing 1.0 uL into L2 of Two Spacing on 2 at 7.56 uL/sec
Delaying for 0 minutes and 1.5 seconds
Moving to L2 of Two Spacing on 2
Moving to D6 of Two Spacing on 2
Delaying for 0 minutes and 1.5 seconds
Dispensing 1.0 uL into D6 of Two Spacing on 2 at 7.56 uL/sec
Delaying for 0 minutes and 1.5 seconds
Moving to D6 of Two Spacing on 2
Moving to H6 of Two Spacing on 2
Delaying for 0 minutes and 1.5 seconds
Dispensing 1.0 uL into H6 of Two Spacing on 2 at 7.56 uL/sec
Delaying for 0 minutes and 1.5 seconds
Moving to H6 of Two Spacing on 2
Moving to L6 of Two Spacing on 2
Delaying for 0 minutes and 1.5 seconds
Dispensing 1.0 uL into L6 of Two Spacing on 2 at 7.56 uL/sec
Delaying for 0 minutes and 1.5 seconds
Moving to L6 of Two Spacing on 2
Moving to D10 of Two Spacing on 2
Delaying for 0 minutes and 1.5 seconds
Dispensing 1.0 uL into D10 of Two Spacing on 2 at 7.56 uL/sec
Delaying for 0 minutes and 1.5 seconds
Moving to D10 of Two Spacing on 2
Moving to H10 of Two Spacing on 2
Delaying for 0 minutes and 1.5 seconds
Dispensing 1.0 uL into H10 of Two Spacing on 2 at 7.56 uL/sec
Delaying for 0 minutes and 1.5 seconds
Moving to H10 of Two Spacing on 2
Moving to L10 of Two Spacing on 2
Delaying for 0 minutes and 1.5 seconds
Dispensing 1.0 uL into L10 of Two Spacing on 2 at 7.56 uL/sec
Delaying for 0 minutes and 1.5 seconds
Moving to L10 of Two Spacing on 2
Dispensing 1.0 uL into A1 of Opentrons Fixed Trash on 12 at 7.56 uL/sec
Dropping tip into A1 of Opentrons Fixed Trash on 12


Picking up tip from E1 of Opentrons OT-2 96 Filter Tip Rack 10 µL on 4
Aspirating 10.0 uL from A2 of Opentrons 24 Tube Rack with Eppendorf 1.5 mL Safe-Lock Snapcap on 3 at 7.56 uL/sec
Touching tip
Moving to C3 of Two Spacing on 1
Delaying for 0 minutes and 1.5 seconds
Dispensing 1.0 uL into C3 of Two Spacing on 1 at 7.56 uL/sec
Delaying for 0 minutes and 1.5 seconds
Moving to C3 of Two Spacing on 1
Moving to G3 of Two Spacing on 1
Delaying for 0 minutes and 1.5 seconds
Dispensing 1.0 uL into G3 of Two Spacing on 1 at 7.56 uL/sec
Delaying for 0 minutes and 1.5 seconds
Moving to G3 of Two Spacing on 1
Moving to K3 of Two Spacing on 1
Delaying for 0 minutes and 1.5 seconds
Dispensing 1.0 uL into K3 of Two Spacing on 1 at 7.56 uL/sec
Delaying for 0 minutes and 1.5 seconds
Moving to K3 of Two Spacing on 1
Moving to C7 of Two Spacing on 1
Delaying for 0 minutes and 1.5 seconds
Dispensing 1.0 uL into C7 of Two Spacing on 1 at 7.56 uL/sec
Delaying for 0 minutes and 1.5 seconds
Moving to C7 of Two Spacing on 1
Moving to G7 of Two Spacing on 1
Delaying for 0 minutes and 1.5 seconds
Dispensing 1.0 uL into G7 of Two Spacing on 1 at 7.56 uL/sec
Delaying for 0 minutes and 1.5 seconds
Moving to G7 of Two Spacing on 1
Moving to K7 of Two Spacing on 1
Delaying for 0 minutes and 1.5 seconds
Dispensing 1.0 uL into K7 of Two Spacing on 1 at 7.56 uL/sec
Delaying for 0 minutes and 1.5 seconds
Moving to K7 of Two Spacing on 1
Moving to C11 of Two Spacing on 1
Delaying for 0 minutes and 1.5 seconds
Dispensing 1.0 uL into C11 of Two Spacing on 1 at 7.56 uL/sec
Delaying for 0 minutes and 1.5 seconds
Moving to C11 of Two Spacing on 1
Moving to G11 of Two Spacing on 1
Delaying for 0 minutes and 1.5 seconds
Dispensing 1.0 uL into G11 of Two Spacing on 1 at 7.56 uL/sec
Delaying for 0 minutes and 1.5 seconds
Moving to G11 of Two Spacing on 1
Moving to K11 of Two Spacing on 1
Delaying for 0 minutes and 1.5 seconds
Dispensing 1.0 uL into K11 of Two Spacing on 1 at 7.56 uL/sec
Delaying for 0 minutes and 1.5 seconds
Moving to K11 of Two Spacing on 1
Dispensing 1.0 uL into A1 of Opentrons Fixed Trash on 12 at 7.56 uL/sec
Aspirating 10.0 uL from A2 of Opentrons 24 Tube Rack with Eppendorf 1.5 mL Safe-Lock Snapcap on 3 at 7.56 uL/sec
Touching tip
Moving to C3 of Two Spacing on 2
Delaying for 0 minutes and 1.5 seconds
Dispensing 1.0 uL into C3 of Two Spacing on 2 at 7.56 uL/sec
Delaying for 0 minutes and 1.5 seconds
Moving to C3 of Two Spacing on 2
Moving to G3 of Two Spacing on 2
Delaying for 0 minutes and 1.5 seconds
Dispensing 1.0 uL into G3 of Two Spacing on 2 at 7.56 uL/sec
Delaying for 0 minutes and 1.5 seconds
Moving to G3 of Two Spacing on 2
Moving to K3 of Two Spacing on 2
Delaying for 0 minutes and 1.5 seconds
Dispensing 1.0 uL into K3 of Two Spacing on 2 at 7.56 uL/sec
Delaying for 0 minutes and 1.5 seconds
Moving to K3 of Two Spacing on 2
Moving to C7 of Two Spacing on 2
Delaying for 0 minutes and 1.5 seconds
Dispensing 1.0 uL into C7 of Two Spacing on 2 at 7.56 uL/sec
Delaying for 0 minutes and 1.5 seconds
Moving to C7 of Two Spacing on 2
Moving to G7 of Two Spacing on 2
Delaying for 0 minutes and 1.5 seconds
Dispensing 1.0 uL into G7 of Two Spacing on 2 at 7.56 uL/sec
Delaying for 0 minutes and 1.5 seconds
Moving to G7 of Two Spacing on 2
Moving to K7 of Two Spacing on 2
Delaying for 0 minutes and 1.5 seconds
Dispensing 1.0 uL into K7 of Two Spacing on 2 at 7.56 uL/sec
Delaying for 0 minutes and 1.5 seconds
Moving to K7 of Two Spacing on 2
Moving to C11 of Two Spacing on 2
Delaying for 0 minutes and 1.5 seconds
Dispensing 1.0 uL into C11 of Two Spacing on 2 at 7.56 uL/sec
Delaying for 0 minutes and 1.5 seconds
Moving to C11 of Two Spacing on 2
Moving to G11 of Two Spacing on 2
Delaying for 0 minutes and 1.5 seconds
Dispensing 1.0 uL into G11 of Two Spacing on 2 at 7.56 uL/sec
Delaying for 0 minutes and 1.5 seconds
Moving to G11 of Two Spacing on 2
Moving to K11 of Two Spacing on 2
Delaying for 0 minutes and 1.5 seconds
Dispensing 1.0 uL into K11 of Two Spacing on 2 at 7.56 uL/sec
Delaying for 0 minutes and 1.5 seconds
Moving to K11 of Two Spacing on 2
Dispensing 1.0 uL into A1 of Opentrons Fixed Trash on 12 at 7.56 uL/sec
Dropping tip into A1 of Opentrons Fixed Trash on 12


Picking up tip from F1 of Opentrons OT-2 96 Filter Tip Rack 10 µL on 4
Aspirating 10.0 uL from B2 of Opentrons 24 Tube Rack with Eppendorf 1.5 mL Safe-Lock Snapcap on 3 at 7.56 uL/sec
Touching tip
Moving to D3 of Two Spacing on 1
Delaying for 0 minutes and 1.5 seconds
Dispensing 1.0 uL into D3 of Two Spacing on 1 at 7.56 uL/sec
Delaying for 0 minutes and 1.5 seconds
Moving to D3 of Two Spacing on 1
Moving to H3 of Two Spacing on 1
Delaying for 0 minutes and 1.5 seconds
Dispensing 1.0 uL into H3 of Two Spacing on 1 at 7.56 uL/sec
Delaying for 0 minutes and 1.5 seconds
Moving to H3 of Two Spacing on 1
Moving to L3 of Two Spacing on 1
Delaying for 0 minutes and 1.5 seconds
Dispensing 1.0 uL into L3 of Two Spacing on 1 at 7.56 uL/sec
Delaying for 0 minutes and 1.5 seconds
Moving to L3 of Two Spacing on 1
Moving to D7 of Two Spacing on 1
Delaying for 0 minutes and 1.5 seconds
Dispensing 1.0 uL into D7 of Two Spacing on 1 at 7.56 uL/sec
Delaying for 0 minutes and 1.5 seconds
Moving to D7 of Two Spacing on 1
Moving to H7 of Two Spacing on 1
Delaying for 0 minutes and 1.5 seconds
Dispensing 1.0 uL into H7 of Two Spacing on 1 at 7.56 uL/sec
Delaying for 0 minutes and 1.5 seconds
Moving to H7 of Two Spacing on 1
Moving to L7 of Two Spacing on 1
Delaying for 0 minutes and 1.5 seconds
Dispensing 1.0 uL into L7 of Two Spacing on 1 at 7.56 uL/sec
Delaying for 0 minutes and 1.5 seconds
Moving to L7 of Two Spacing on 1
Moving to D11 of Two Spacing on 1
Delaying for 0 minutes and 1.5 seconds
Dispensing 1.0 uL into D11 of Two Spacing on 1 at 7.56 uL/sec
Delaying for 0 minutes and 1.5 seconds
Moving to D11 of Two Spacing on 1
Moving to H11 of Two Spacing on 1
Delaying for 0 minutes and 1.5 seconds
Dispensing 1.0 uL into H11 of Two Spacing on 1 at 7.56 uL/sec
Delaying for 0 minutes and 1.5 seconds
Moving to H11 of Two Spacing on 1
Moving to L11 of Two Spacing on 1
Delaying for 0 minutes and 1.5 seconds
Dispensing 1.0 uL into L11 of Two Spacing on 1 at 7.56 uL/sec
Delaying for 0 minutes and 1.5 seconds
Moving to L11 of Two Spacing on 1
Dispensing 1.0 uL into A1 of Opentrons Fixed Trash on 12 at 7.56 uL/sec
Aspirating 10.0 uL from B2 of Opentrons 24 Tube Rack with Eppendorf 1.5 mL Safe-Lock Snapcap on 3 at 7.56 uL/sec
Touching tip
Moving to D3 of Two Spacing on 2
Delaying for 0 minutes and 1.5 seconds
Dispensing 1.0 uL into D3 of Two Spacing on 2 at 7.56 uL/sec
Delaying for 0 minutes and 1.5 seconds
Moving to D3 of Two Spacing on 2
Moving to H3 of Two Spacing on 2
Delaying for 0 minutes and 1.5 seconds
Dispensing 1.0 uL into H3 of Two Spacing on 2 at 7.56 uL/sec
Delaying for 0 minutes and 1.5 seconds
Moving to H3 of Two Spacing on 2
Moving to L3 of Two Spacing on 2
Delaying for 0 minutes and 1.5 seconds
Dispensing 1.0 uL into L3 of Two Spacing on 2 at 7.56 uL/sec
Delaying for 0 minutes and 1.5 seconds
Moving to L3 of Two Spacing on 2
Moving to D7 of Two Spacing on 2
Delaying for 0 minutes and 1.5 seconds
Dispensing 1.0 uL into D7 of Two Spacing on 2 at 7.56 uL/sec
Delaying for 0 minutes and 1.5 seconds
Moving to D7 of Two Spacing on 2
Moving to H7 of Two Spacing on 2
Delaying for 0 minutes and 1.5 seconds
Dispensing 1.0 uL into H7 of Two Spacing on 2 at 7.56 uL/sec
Delaying for 0 minutes and 1.5 seconds
Moving to H7 of Two Spacing on 2
Moving to L7 of Two Spacing on 2
Delaying for 0 minutes and 1.5 seconds
Dispensing 1.0 uL into L7 of Two Spacing on 2 at 7.56 uL/sec
Delaying for 0 minutes and 1.5 seconds
Moving to L7 of Two Spacing on 2
Moving to D11 of Two Spacing on 2
Delaying for 0 minutes and 1.5 seconds
Dispensing 1.0 uL into D11 of Two Spacing on 2 at 7.56 uL/sec
Delaying for 0 minutes and 1.5 seconds
Moving to D11 of Two Spacing on 2
Moving to H11 of Two Spacing on 2
Delaying for 0 minutes and 1.5 seconds
Dispensing 1.0 uL into H11 of Two Spacing on 2 at 7.56 uL/sec
Delaying for 0 minutes and 1.5 seconds
Moving to H11 of Two Spacing on 2
Moving to L11 of Two Spacing on 2
Delaying for 0 minutes and 1.5 seconds
Dispensing 1.0 uL into L11 of Two Spacing on 2 at 7.56 uL/sec
Delaying for 0 minutes and 1.5 seconds
Moving to L11 of Two Spacing on 2
Dispensing 1.0 uL into A1 of Opentrons Fixed Trash on 12 at 7.56 uL/sec
Dropping tip into A1 of Opentrons Fixed Trash on 12


Picking up tip from G1 of Opentrons OT-2 96 Filter Tip Rack 10 µL on 4
Aspirating 10.0 uL from C2 of Opentrons 24 Tube Rack with Eppendorf 1.5 mL Safe-Lock Snapcap on 3 at 7.56 uL/sec
Touching tip
Moving to C4 of Two Spacing on 1
Delaying for 0 minutes and 1.5 seconds
Dispensing 1.0 uL into C4 of Two Spacing on 1 at 7.56 uL/sec
Delaying for 0 minutes and 1.5 seconds
Moving to C4 of Two Spacing on 1
Moving to G4 of Two Spacing on 1
Delaying for 0 minutes and 1.5 seconds
Dispensing 1.0 uL into G4 of Two Spacing on 1 at 7.56 uL/sec
Delaying for 0 minutes and 1.5 seconds
Moving to G4 of Two Spacing on 1
Moving to K4 of Two Spacing on 1
Delaying for 0 minutes and 1.5 seconds
Dispensing 1.0 uL into K4 of Two Spacing on 1 at 7.56 uL/sec
Delaying for 0 minutes and 1.5 seconds
Moving to K4 of Two Spacing on 1
Moving to C8 of Two Spacing on 1
Delaying for 0 minutes and 1.5 seconds
Dispensing 1.0 uL into C8 of Two Spacing on 1 at 7.56 uL/sec
Delaying for 0 minutes and 1.5 seconds
Moving to C8 of Two Spacing on 1
Moving to G8 of Two Spacing on 1
Delaying for 0 minutes and 1.5 seconds
Dispensing 1.0 uL into G8 of Two Spacing on 1 at 7.56 uL/sec
Delaying for 0 minutes and 1.5 seconds
Moving to G8 of Two Spacing on 1
Moving to K8 of Two Spacing on 1
Delaying for 0 minutes and 1.5 seconds
Dispensing 1.0 uL into K8 of Two Spacing on 1 at 7.56 uL/sec
Delaying for 0 minutes and 1.5 seconds
Moving to K8 of Two Spacing on 1
Moving to C12 of Two Spacing on 1
Delaying for 0 minutes and 1.5 seconds
Dispensing 1.0 uL into C12 of Two Spacing on 1 at 7.56 uL/sec
Delaying for 0 minutes and 1.5 seconds
Moving to C12 of Two Spacing on 1
Moving to G12 of Two Spacing on 1
Delaying for 0 minutes and 1.5 seconds
Dispensing 1.0 uL into G12 of Two Spacing on 1 at 7.56 uL/sec
Delaying for 0 minutes and 1.5 seconds
Moving to G12 of Two Spacing on 1
Moving to K12 of Two Spacing on 1
Delaying for 0 minutes and 1.5 seconds
Dispensing 1.0 uL into K12 of Two Spacing on 1 at 7.56 uL/sec
Delaying for 0 minutes and 1.5 seconds
Moving to K12 of Two Spacing on 1
Dispensing 1.0 uL into A1 of Opentrons Fixed Trash on 12 at 7.56 uL/sec
Aspirating 10.0 uL from C2 of Opentrons 24 Tube Rack with Eppendorf 1.5 mL Safe-Lock Snapcap on 3 at 7.56 uL/sec
Touching tip
Moving to C4 of Two Spacing on 2
Delaying for 0 minutes and 1.5 seconds
Dispensing 1.0 uL into C4 of Two Spacing on 2 at 7.56 uL/sec
Delaying for 0 minutes and 1.5 seconds
Moving to C4 of Two Spacing on 2
Moving to G4 of Two Spacing on 2
Delaying for 0 minutes and 1.5 seconds
Dispensing 1.0 uL into G4 of Two Spacing on 2 at 7.56 uL/sec
Delaying for 0 minutes and 1.5 seconds
Moving to G4 of Two Spacing on 2
Moving to K4 of Two Spacing on 2
Delaying for 0 minutes and 1.5 seconds
Dispensing 1.0 uL into K4 of Two Spacing on 2 at 7.56 uL/sec
Delaying for 0 minutes and 1.5 seconds
Moving to K4 of Two Spacing on 2
Moving to C8 of Two Spacing on 2
Delaying for 0 minutes and 1.5 seconds
Dispensing 1.0 uL into C8 of Two Spacing on 2 at 7.56 uL/sec
Delaying for 0 minutes and 1.5 seconds
Moving to C8 of Two Spacing on 2
Moving to G8 of Two Spacing on 2
Delaying for 0 minutes and 1.5 seconds
Dispensing 1.0 uL into G8 of Two Spacing on 2 at 7.56 uL/sec
Delaying for 0 minutes and 1.5 seconds
Moving to G8 of Two Spacing on 2
Moving to K8 of Two Spacing on 2
Delaying for 0 minutes and 1.5 seconds
Dispensing 1.0 uL into K8 of Two Spacing on 2 at 7.56 uL/sec
Delaying for 0 minutes and 1.5 seconds
Moving to K8 of Two Spacing on 2
Moving to C12 of Two Spacing on 2
Delaying for 0 minutes and 1.5 seconds
Dispensing 1.0 uL into C12 of Two Spacing on 2 at 7.56 uL/sec
Delaying for 0 minutes and 1.5 seconds
Moving to C12 of Two Spacing on 2
Moving to G12 of Two Spacing on 2
Delaying for 0 minutes and 1.5 seconds
Dispensing 1.0 uL into G12 of Two Spacing on 2 at 7.56 uL/sec
Delaying for 0 minutes and 1.5 seconds
Moving to G12 of Two Spacing on 2
Moving to K12 of Two Spacing on 2
Delaying for 0 minutes and 1.5 seconds
Dispensing 1.0 uL into K12 of Two Spacing on 2 at 7.56 uL/sec
Delaying for 0 minutes and 1.5 seconds
Moving to K12 of Two Spacing on 2
Dispensing 1.0 uL into A1 of Opentrons Fixed Trash on 12 at 7.56 uL/sec
Dropping tip into A1 of Opentrons Fixed Trash on 12


Picking up tip from H1 of Opentrons OT-2 96 Filter Tip Rack 10 µL on 4
Aspirating 10.0 uL from D2 of Opentrons 24 Tube Rack with Eppendorf 1.5 mL Safe-Lock Snapcap on 3 at 7.56 uL/sec
Touching tip
Moving to D4 of Two Spacing on 1
Delaying for 0 minutes and 1.5 seconds
Dispensing 1.0 uL into D4 of Two Spacing on 1 at 7.56 uL/sec
Delaying for 0 minutes and 1.5 seconds
Moving to D4 of Two Spacing on 1
Moving to H4 of Two Spacing on 1
Delaying for 0 minutes and 1.5 seconds
Dispensing 1.0 uL into H4 of Two Spacing on 1 at 7.56 uL/sec
Delaying for 0 minutes and 1.5 seconds
Moving to H4 of Two Spacing on 1
Moving to L4 of Two Spacing on 1
Delaying for 0 minutes and 1.5 seconds
Dispensing 1.0 uL into L4 of Two Spacing on 1 at 7.56 uL/sec
Delaying for 0 minutes and 1.5 seconds
Moving to L4 of Two Spacing on 1
Moving to D8 of Two Spacing on 1
Delaying for 0 minutes and 1.5 seconds
Dispensing 1.0 uL into D8 of Two Spacing on 1 at 7.56 uL/sec
Delaying for 0 minutes and 1.5 seconds
Moving to D8 of Two Spacing on 1
Moving to H8 of Two Spacing on 1
Delaying for 0 minutes and 1.5 seconds
Dispensing 1.0 uL into H8 of Two Spacing on 1 at 7.56 uL/sec
Delaying for 0 minutes and 1.5 seconds
Moving to H8 of Two Spacing on 1
Moving to L8 of Two Spacing on 1
Delaying for 0 minutes and 1.5 seconds
Dispensing 1.0 uL into L8 of Two Spacing on 1 at 7.56 uL/sec
Delaying for 0 minutes and 1.5 seconds
Moving to L8 of Two Spacing on 1
Moving to D12 of Two Spacing on 1
Delaying for 0 minutes and 1.5 seconds
Dispensing 1.0 uL into D12 of Two Spacing on 1 at 7.56 uL/sec
Delaying for 0 minutes and 1.5 seconds
Moving to D12 of Two Spacing on 1
Moving to H12 of Two Spacing on 1
Delaying for 0 minutes and 1.5 seconds
Dispensing 1.0 uL into H12 of Two Spacing on 1 at 7.56 uL/sec
Delaying for 0 minutes and 1.5 seconds
Moving to H12 of Two Spacing on 1
Moving to L12 of Two Spacing on 1
Delaying for 0 minutes and 1.5 seconds
Dispensing 1.0 uL into L12 of Two Spacing on 1 at 7.56 uL/sec
Delaying for 0 minutes and 1.5 seconds
Moving to L12 of Two Spacing on 1
Dispensing 1.0 uL into A1 of Opentrons Fixed Trash on 12 at 7.56 uL/sec
Aspirating 10.0 uL from D2 of Opentrons 24 Tube Rack with Eppendorf 1.5 mL Safe-Lock Snapcap on 3 at 7.56 uL/sec
Touching tip
Moving to D4 of Two Spacing on 2
Delaying for 0 minutes and 1.5 seconds
Dispensing 1.0 uL into D4 of Two Spacing on 2 at 7.56 uL/sec
Delaying for 0 minutes and 1.5 seconds
Moving to D4 of Two Spacing on 2
Moving to H4 of Two Spacing on 2
Delaying for 0 minutes and 1.5 seconds
Dispensing 1.0 uL into H4 of Two Spacing on 2 at 7.56 uL/sec
Delaying for 0 minutes and 1.5 seconds
Moving to H4 of Two Spacing on 2
Moving to L4 of Two Spacing on 2
Delaying for 0 minutes and 1.5 seconds
Dispensing 1.0 uL into L4 of Two Spacing on 2 at 7.56 uL/sec
Delaying for 0 minutes and 1.5 seconds
Moving to L4 of Two Spacing on 2
Moving to D8 of Two Spacing on 2
Delaying for 0 minutes and 1.5 seconds
Dispensing 1.0 uL into D8 of Two Spacing on 2 at 7.56 uL/sec
Delaying for 0 minutes and 1.5 seconds
Moving to D8 of Two Spacing on 2
Moving to H8 of Two Spacing on 2
Delaying for 0 minutes and 1.5 seconds
Dispensing 1.0 uL into H8 of Two Spacing on 2 at 7.56 uL/sec
Delaying for 0 minutes and 1.5 seconds
Moving to H8 of Two Spacing on 2
Moving to L8 of Two Spacing on 2
Delaying for 0 minutes and 1.5 seconds
Dispensing 1.0 uL into L8 of Two Spacing on 2 at 7.56 uL/sec
Delaying for 0 minutes and 1.5 seconds
Moving to L8 of Two Spacing on 2
Moving to D12 of Two Spacing on 2
Delaying for 0 minutes and 1.5 seconds
Dispensing 1.0 uL into D12 of Two Spacing on 2 at 7.56 uL/sec
Delaying for 0 minutes and 1.5 seconds
Moving to D12 of Two Spacing on 2
Moving to H12 of Two Spacing on 2
Delaying for 0 minutes and 1.5 seconds
Dispensing 1.0 uL into H12 of Two Spacing on 2 at 7.56 uL/sec
Delaying for 0 minutes and 1.5 seconds
Moving to H12 of Two Spacing on 2
Moving to L12 of Two Spacing on 2
Delaying for 0 minutes and 1.5 seconds
Dispensing 1.0 uL into L12 of Two Spacing on 2 at 7.56 uL/sec
Delaying for 0 minutes and 1.5 seconds
Moving to L12 of Two Spacing on 2
Dispensing 1.0 uL into A1 of Opentrons Fixed Trash on 12 at 7.56 uL/sec
Dropping tip into A1 of Opentrons Fixed Trash on 12


Caught exception: {'message': 'Task was destroyed but it is pending!', 'task': <Task pending name='Task-4' coro=<Poller._poll_forever() running at /Users/dp/Desktop/project/github/opentrons/venv/lib/python3.10/site-packages/opentrons/hardware_control/poller.py:80> wait_for=<Future pending cb=[Task.task_wakeup()]>>}
Caught exception: {'message': 'Task was destroyed but it is pending!', 'task': <Task pending name='Task-3' coro=<Poller._poll_forever() running at /Users/dp/Desktop/project/github/opentrons/venv/lib/python3.10/site-packages/opentrons/hardware_control/poller.py:80> wait_for=<Future pending cb=[Task.task_wakeup()]>>}
Caught exception: {'message': 'Task was destroyed but it is pending!', 'task': <Task pending name='Task-2' coro=<Poller._poll_forever() running at /Users/dp/Desktop/project/github/opentrons/venv/lib/python3.10/site-packages/opentrons/hardware_control/poller.py:80> wait_for=<Future pending cb=[Task.task_wakeup()]>>}
