/Users/dp/Desktop/project/github/opentrons/venv/lib/python3.10/site-packages/opentrons/hardware_control/simulator_setup.py:205: UserWarning: Simulator configuration does not name a machine, defaulting to OT-2 Standard
  warn(
/Users/dp/.opentrons/robot_settings.json not found. Loading defaults
Deck calibration not found.
/Users/dp/.opentrons/deck_calibration.json not found. Loading defaults
Picking up tip from A1 of Opentrons OT-2 96 Tip Rack 1000 µL on 7
Transferring 1000.0 from A1 of Opentrons 6 Tube Rack with VWR 50 mL on 8 to A1 of Bricklabware_type2_rack_short 24 Well Plate 2000 µL on 9
	Aspirating 1000.0 uL from A1 of Opentrons 6 Tube Rack with VWR 50 mL on 8 at 274.7 uL/sec
	Touching tip
	Dispensing 1000.0 uL into A1 of Bricklabware_type2_rack_short 24 Well Plate 2000 µL on 9 at 274.7 uL/sec
	Touching tip
Mixing 15 times with a volume of 500.0 ul
	Aspirating 500.0 uL from A1 of Bricklabware_type2_rack_short 24 Well Plate 2000 µL on 9 at 274.7 uL/sec
	Dispensing 500.0 uL into A1 of Bricklabware_type2_rack_short 24 Well Plate 2000 µL on 9 at 274.7 uL/sec
	Aspirating 500.0 uL from A1 of Bricklabware_type2_rack_short 24 Well Plate 2000 µL on 9 at 274.7 uL/sec
	Dispensing 500.0 uL into A1 of Bricklabware_type2_rack_short 24 Well Plate 2000 µL on 9 at 274.7 uL/sec
	Aspirating 500.0 uL from A1 of Bricklabware_type2_rack_short 24 Well Plate 2000 µL on 9 at 274.7 uL/sec
	Dispensing 500.0 uL into A1 of Bricklabware_type2_rack_short 24 Well Plate 2000 µL on 9 at 274.7 uL/sec
	Aspirating 500.0 uL from A1 of Bricklabware_type2_rack_short 24 Well Plate 2000 µL on 9 at 274.7 uL/sec
	Dispensing 500.0 uL into A1 of Bricklabware_type2_rack_short 24 Well Plate 2000 µL on 9 at 274.7 uL/sec
	Aspirating 500.0 uL from A1 of Bricklabware_type2_rack_short 24 Well Plate 2000 µL on 9 at 274.7 uL/sec
	Dispensing 500.0 uL into A1 of Bricklabware_type2_rack_short 24 Well Plate 2000 µL on 9 at 274.7 uL/sec
	Aspirating 500.0 uL from A1 of Bricklabware_type2_rack_short 24 Well Plate 2000 µL on 9 at 274.7 uL/sec
	Dispensing 500.0 uL into A1 of Bricklabware_type2_rack_short 24 Well Plate 2000 µL on 9 at 274.7 uL/sec
	Aspirating 500.0 uL from A1 of Bricklabware_type2_rack_short 24 Well Plate 2000 µL on 9 at 274.7 uL/sec
	Dispensing 500.0 uL into A1 of Bricklabware_type2_rack_short 24 Well Plate 2000 µL on 9 at 274.7 uL/sec
	Aspirating 500.0 uL from A1 of Bricklabware_type2_rack_short 24 Well Plate 2000 µL on 9 at 274.7 uL/sec
	Dispensing 500.0 uL into A1 of Bricklabware_type2_rack_short 24 Well Plate 2000 µL on 9 at 274.7 uL/sec
	Aspirating 500.0 uL from A1 of Bricklabware_type2_rack_short 24 Well Plate 2000 µL on 9 at 274.7 uL/sec
	Dispensing 500.0 uL into A1 of Bricklabware_type2_rack_short 24 Well Plate 2000 µL on 9 at 274.7 uL/sec
	Aspirating 500.0 uL from A1 of Bricklabware_type2_rack_short 24 Well Plate 2000 µL on 9 at 274.7 uL/sec
	Dispensing 500.0 uL into A1 of Bricklabware_type2_rack_short 24 Well Plate 2000 µL on 9 at 274.7 uL/sec
	Aspirating 500.0 uL from A1 of Bricklabware_type2_rack_short 24 Well Plate 2000 µL on 9 at 274.7 uL/sec
	Dispensing 500.0 uL into A1 of Bricklabware_type2_rack_short 24 Well Plate 2000 µL on 9 at 274.7 uL/sec
	Aspirating 500.0 uL from A1 of Bricklabware_type2_rack_short 24 Well Plate 2000 µL on 9 at 274.7 uL/sec
	Dispensing 500.0 uL into A1 of Bricklabware_type2_rack_short 24 Well Plate 2000 µL on 9 at 274.7 uL/sec
	Aspirating 500.0 uL from A1 of Bricklabware_type2_rack_short 24 Well Plate 2000 µL on 9 at 274.7 uL/sec
	Dispensing 500.0 uL into A1 of Bricklabware_type2_rack_short 24 Well Plate 2000 µL on 9 at 274.7 uL/sec
	Aspirating 500.0 uL from A1 of Bricklabware_type2_rack_short 24 Well Plate 2000 µL on 9 at 274.7 uL/sec
	Dispensing 500.0 uL into A1 of Bricklabware_type2_rack_short 24 Well Plate 2000 µL on 9 at 274.7 uL/sec
	Aspirating 500.0 uL from A1 of Bricklabware_type2_rack_short 24 Well Plate 2000 µL on 9 at 274.7 uL/sec
	Dispensing 500.0 uL into A1 of Bricklabware_type2_rack_short 24 Well Plate 2000 µL on 9 at 274.7 uL/sec
Touching tip
Blowing out at A1 of Bricklabware_type2_rack_short 24 Well Plate 2000 µL on 9
Dropping tip into A1 of Opentrons Fixed Trash on 12
Pausing robot operation: Check vials then select `Resume` in the Opentrons app
Picking up tip from A1 of Opentrons OT-2 96 Tip Rack 300 µL on 5
Aspirating 270.0 uL from A1 of Bricklabware_type2_rack_short 24 Well Plate 2000 µL on 9 at 92.86 uL/sec
Touching tip
Dispensing 30.0 uL into A1 of Micronic_M96-4_1.4 96 Well Plate 1400 µL on 6 at 92.86 uL/sec
Dispensing 30.0 uL into B1 of Micronic_M96-4_1.4 96 Well Plate 1400 µL on 6 at 92.86 uL/sec
Dispensing 30.0 uL into C1 of Micronic_M96-4_1.4 96 Well Plate 1400 µL on 6 at 92.86 uL/sec
Dispensing 30.0 uL into D1 of Micronic_M96-4_1.4 96 Well Plate 1400 µL on 6 at 92.86 uL/sec
Dispensing 30.0 uL into E1 of Micronic_M96-4_1.4 96 Well Plate 1400 µL on 6 at 92.86 uL/sec
Dispensing 30.0 uL into F1 of Micronic_M96-4_1.4 96 Well Plate 1400 µL on 6 at 92.86 uL/sec
Dispensing 30.0 uL into G1 of Micronic_M96-4_1.4 96 Well Plate 1400 µL on 6 at 92.86 uL/sec
Dispensing 30.0 uL into H1 of Micronic_M96-4_1.4 96 Well Plate 1400 µL on 6 at 92.86 uL/sec
Dispensing 30.0 uL into A1 of Bricklabware_type2_rack_short 24 Well Plate 2000 µL on 9 at 92.86 uL/sec
Blowing out at A1 of Bricklabware_type2_rack_short 24 Well Plate 2000 µL on 9
Dropping tip into A1 of Opentrons Fixed Trash on 12
Caught exception: {'message': 'Task was destroyed but it is pending!', 'task': <Task pending name='Task-4' coro=<Poller._poll_forever() running at /Users/dp/Desktop/project/github/opentrons/venv/lib/python3.10/site-packages/opentrons/hardware_control/poller.py:80> wait_for=<Future pending cb=[Task.task_wakeup()]>>}
Caught exception: {'message': 'Task was destroyed but it is pending!', 'task': <Task pending name='Task-3' coro=<Poller._poll_forever() running at /Users/dp/Desktop/project/github/opentrons/venv/lib/python3.10/site-packages/opentrons/hardware_control/poller.py:80> wait_for=<Future pending cb=[Task.task_wakeup()]>>}
Caught exception: {'message': 'Task was destroyed but it is pending!', 'task': <Task pending name='Task-2' coro=<Poller._poll_forever() running at /Users/dp/Desktop/project/github/opentrons/venv/lib/python3.10/site-packages/opentrons/hardware_control/poller.py:80> wait_for=<Future pending cb=[Task.task_wakeup()]>>}
