/Users/dp/Desktop/project/github/opentrons/venv/lib/python3.10/site-packages/opentrons/hardware_control/simulator_setup.py:205: UserWarning: Simulator configuration does not name a machine, defaulting to OT-2 Standard
  warn(
/Users/dp/.opentrons/robot_settings.json not found. Loading defaults
Deck calibration not found.
/Users/dp/.opentrons/deck_calibration.json not found. Loading defaults


Number of required wells: 5



Distributing samples from tubes to target plate wells

Picking up tip from A1 of Opentrons OT-2 96 Filter Tip Rack 200 µL on 9
Aspirating 200.0 uL from A1 of NEST 32 Tuberack 15ml (2 Slot) on 10 at 92.86 uL/sec
Touching tip
Dispensing 200.0 uL into A1 of Thermo-Fisher Kingfisher Deep Well 96 Well Plate 2000 µL on 2 at 92.86 uL/sec
Blowing out at A1 of Thermo-Fisher Kingfisher Deep Well 96 Well Plate 2000 µL on 2
Dropping tip into A1 of Opentrons Fixed Trash on 12
Picking up tip from B1 of Opentrons OT-2 96 Filter Tip Rack 200 µL on 9
Aspirating 200.0 uL from B1 of NEST 32 Tuberack 15ml (2 Slot) on 10 at 92.86 uL/sec
Touching tip
Dispensing 200.0 uL into B1 of Thermo-Fisher Kingfisher Deep Well 96 Well Plate 2000 µL on 2 at 92.86 uL/sec
Blowing out at B1 of Thermo-Fisher Kingfisher Deep Well 96 Well Plate 2000 µL on 2
Dropping tip into A1 of Opentrons Fixed Trash on 12
Picking up tip from C1 of Opentrons OT-2 96 Filter Tip Rack 200 µL on 9
Aspirating 200.0 uL from C1 of NEST 32 Tuberack 15ml (2 Slot) on 10 at 92.86 uL/sec
Touching tip
Dispensing 200.0 uL into C1 of Thermo-Fisher Kingfisher Deep Well 96 Well Plate 2000 µL on 2 at 92.86 uL/sec
Blowing out at C1 of Thermo-Fisher Kingfisher Deep Well 96 Well Plate 2000 µL on 2
Dropping tip into A1 of Opentrons Fixed Trash on 12
Picking up tip from D1 of Opentrons OT-2 96 Filter Tip Rack 200 µL on 9
Aspirating 200.0 uL from D1 of NEST 32 Tuberack 15ml (2 Slot) on 10 at 92.86 uL/sec
Touching tip
Dispensing 200.0 uL into D1 of Thermo-Fisher Kingfisher Deep Well 96 Well Plate 2000 µL on 2 at 92.86 uL/sec
Blowing out at D1 of Thermo-Fisher Kingfisher Deep Well 96 Well Plate 2000 µL on 2
Dropping tip into A1 of Opentrons Fixed Trash on 12
Picking up tip from E1 of Opentrons OT-2 96 Filter Tip Rack 200 µL on 9
Aspirating 200.0 uL from A2 of NEST 32 Tuberack 15ml (2 Slot) on 10 at 92.86 uL/sec
Touching tip
Dispensing 200.0 uL into E1 of Thermo-Fisher Kingfisher Deep Well 96 Well Plate 2000 µL on 2 at 92.86 uL/sec
Blowing out at E1 of Thermo-Fisher Kingfisher Deep Well 96 Well Plate 2000 µL on 2
Dropping tip into A1 of Opentrons Fixed Trash on 12
Picking up tip from F1 of Opentrons OT-2 96 Filter Tip Rack 200 µL on 9
Aspirating 200.0 uL from B2 of NEST 32 Tuberack 15ml (2 Slot) on 10 at 92.86 uL/sec
Touching tip
Dispensing 200.0 uL into F1 of Thermo-Fisher Kingfisher Deep Well 96 Well Plate 2000 µL on 2 at 92.86 uL/sec
Blowing out at F1 of Thermo-Fisher Kingfisher Deep Well 96 Well Plate 2000 µL on 2
Dropping tip into A1 of Opentrons Fixed Trash on 12
Picking up tip from G1 of Opentrons OT-2 96 Filter Tip Rack 200 µL on 9
Aspirating 200.0 uL from C2 of NEST 32 Tuberack 15ml (2 Slot) on 10 at 92.86 uL/sec
Touching tip
Dispensing 200.0 uL into G1 of Thermo-Fisher Kingfisher Deep Well 96 Well Plate 2000 µL on 2 at 92.86 uL/sec
Blowing out at G1 of Thermo-Fisher Kingfisher Deep Well 96 Well Plate 2000 µL on 2
Dropping tip into A1 of Opentrons Fixed Trash on 12
Picking up tip from H1 of Opentrons OT-2 96 Filter Tip Rack 200 µL on 9
Aspirating 200.0 uL from D2 of NEST 32 Tuberack 15ml (2 Slot) on 10 at 92.86 uL/sec
Touching tip
Dispensing 200.0 uL into H1 of Thermo-Fisher Kingfisher Deep Well 96 Well Plate 2000 µL on 2 at 92.86 uL/sec
Blowing out at H1 of Thermo-Fisher Kingfisher Deep Well 96 Well Plate 2000 µL on 2
Dropping tip into A1 of Opentrons Fixed Trash on 12
Picking up tip from A2 of Opentrons OT-2 96 Filter Tip Rack 200 µL on 9
Aspirating 200.0 uL from A3 of NEST 32 Tuberack 15ml (2 Slot) on 10 at 92.86 uL/sec
Touching tip
Dispensing 200.0 uL into A2 of Thermo-Fisher Kingfisher Deep Well 96 Well Plate 2000 µL on 2 at 92.86 uL/sec
Blowing out at A2 of Thermo-Fisher Kingfisher Deep Well 96 Well Plate 2000 µL on 2
Dropping tip into A1 of Opentrons Fixed Trash on 12
Picking up tip from B2 of Opentrons OT-2 96 Filter Tip Rack 200 µL on 9
Aspirating 200.0 uL from B3 of NEST 32 Tuberack 15ml (2 Slot) on 10 at 92.86 uL/sec
Touching tip
Dispensing 200.0 uL into B2 of Thermo-Fisher Kingfisher Deep Well 96 Well Plate 2000 µL on 2 at 92.86 uL/sec
Blowing out at B2 of Thermo-Fisher Kingfisher Deep Well 96 Well Plate 2000 µL on 2
Dropping tip into A1 of Opentrons Fixed Trash on 12
Picking up tip from C2 of Opentrons OT-2 96 Filter Tip Rack 200 µL on 9
Aspirating 200.0 uL from C3 of NEST 32 Tuberack 15ml (2 Slot) on 10 at 92.86 uL/sec
Touching tip
Dispensing 200.0 uL into C2 of Thermo-Fisher Kingfisher Deep Well 96 Well Plate 2000 µL on 2 at 92.86 uL/sec
Blowing out at C2 of Thermo-Fisher Kingfisher Deep Well 96 Well Plate 2000 µL on 2
Dropping tip into A1 of Opentrons Fixed Trash on 12
Picking up tip from D2 of Opentrons OT-2 96 Filter Tip Rack 200 µL on 9
Aspirating 200.0 uL from D3 of NEST 32 Tuberack 15ml (2 Slot) on 10 at 92.86 uL/sec
Touching tip
Dispensing 200.0 uL into D2 of Thermo-Fisher Kingfisher Deep Well 96 Well Plate 2000 µL on 2 at 92.86 uL/sec
Blowing out at D2 of Thermo-Fisher Kingfisher Deep Well 96 Well Plate 2000 µL on 2
Dropping tip into A1 of Opentrons Fixed Trash on 12
Picking up tip from E2 of Opentrons OT-2 96 Filter Tip Rack 200 µL on 9
Aspirating 200.0 uL from A4 of NEST 32 Tuberack 15ml (2 Slot) on 10 at 92.86 uL/sec
Touching tip
Dispensing 200.0 uL into E2 of Thermo-Fisher Kingfisher Deep Well 96 Well Plate 2000 µL on 2 at 92.86 uL/sec
Blowing out at E2 of Thermo-Fisher Kingfisher Deep Well 96 Well Plate 2000 µL on 2
Dropping tip into A1 of Opentrons Fixed Trash on 12
Picking up tip from F2 of Opentrons OT-2 96 Filter Tip Rack 200 µL on 9
Aspirating 200.0 uL from B4 of NEST 32 Tuberack 15ml (2 Slot) on 10 at 92.86 uL/sec
Touching tip
Dispensing 200.0 uL into F2 of Thermo-Fisher Kingfisher Deep Well 96 Well Plate 2000 µL on 2 at 92.86 uL/sec
Blowing out at F2 of Thermo-Fisher Kingfisher Deep Well 96 Well Plate 2000 µL on 2
Dropping tip into A1 of Opentrons Fixed Trash on 12
Picking up tip from G2 of Opentrons OT-2 96 Filter Tip Rack 200 µL on 9
Aspirating 200.0 uL from C4 of NEST 32 Tuberack 15ml (2 Slot) on 10 at 92.86 uL/sec
Touching tip
Dispensing 200.0 uL into G2 of Thermo-Fisher Kingfisher Deep Well 96 Well Plate 2000 µL on 2 at 92.86 uL/sec
Blowing out at G2 of Thermo-Fisher Kingfisher Deep Well 96 Well Plate 2000 µL on 2
Dropping tip into A1 of Opentrons Fixed Trash on 12
Picking up tip from H2 of Opentrons OT-2 96 Filter Tip Rack 200 µL on 9
Aspirating 200.0 uL from D4 of NEST 32 Tuberack 15ml (2 Slot) on 10 at 92.86 uL/sec
Touching tip
Dispensing 200.0 uL into H2 of Thermo-Fisher Kingfisher Deep Well 96 Well Plate 2000 µL on 2 at 92.86 uL/sec
Blowing out at H2 of Thermo-Fisher Kingfisher Deep Well 96 Well Plate 2000 µL on 2
Dropping tip into A1 of Opentrons Fixed Trash on 12
Picking up tip from A3 of Opentrons OT-2 96 Filter Tip Rack 200 µL on 9
Aspirating 200.0 uL from A5 of NEST 32 Tuberack 15ml (2 Slot) on 10 at 92.86 uL/sec
Touching tip
Dispensing 200.0 uL into A3 of Thermo-Fisher Kingfisher Deep Well 96 Well Plate 2000 µL on 2 at 92.86 uL/sec
Blowing out at A3 of Thermo-Fisher Kingfisher Deep Well 96 Well Plate 2000 µL on 2
Dropping tip into A1 of Opentrons Fixed Trash on 12
Picking up tip from B3 of Opentrons OT-2 96 Filter Tip Rack 200 µL on 9
Aspirating 200.0 uL from B5 of NEST 32 Tuberack 15ml (2 Slot) on 10 at 92.86 uL/sec
Touching tip
Dispensing 200.0 uL into B3 of Thermo-Fisher Kingfisher Deep Well 96 Well Plate 2000 µL on 2 at 92.86 uL/sec
Blowing out at B3 of Thermo-Fisher Kingfisher Deep Well 96 Well Plate 2000 µL on 2
Dropping tip into A1 of Opentrons Fixed Trash on 12
Picking up tip from C3 of Opentrons OT-2 96 Filter Tip Rack 200 µL on 9
Aspirating 200.0 uL from C5 of NEST 32 Tuberack 15ml (2 Slot) on 10 at 92.86 uL/sec
Touching tip
Dispensing 200.0 uL into C3 of Thermo-Fisher Kingfisher Deep Well 96 Well Plate 2000 µL on 2 at 92.86 uL/sec
Blowing out at C3 of Thermo-Fisher Kingfisher Deep Well 96 Well Plate 2000 µL on 2
Dropping tip into A1 of Opentrons Fixed Trash on 12
Picking up tip from D3 of Opentrons OT-2 96 Filter Tip Rack 200 µL on 9
Aspirating 200.0 uL from D5 of NEST 32 Tuberack 15ml (2 Slot) on 10 at 92.86 uL/sec
Touching tip
Dispensing 200.0 uL into D3 of Thermo-Fisher Kingfisher Deep Well 96 Well Plate 2000 µL on 2 at 92.86 uL/sec
Blowing out at D3 of Thermo-Fisher Kingfisher Deep Well 96 Well Plate 2000 µL on 2
Dropping tip into A1 of Opentrons Fixed Trash on 12
Picking up tip from E3 of Opentrons OT-2 96 Filter Tip Rack 200 µL on 9
Aspirating 200.0 uL from A6 of NEST 32 Tuberack 15ml (2 Slot) on 10 at 92.86 uL/sec
Touching tip
Dispensing 200.0 uL into E3 of Thermo-Fisher Kingfisher Deep Well 96 Well Plate 2000 µL on 2 at 92.86 uL/sec
Blowing out at E3 of Thermo-Fisher Kingfisher Deep Well 96 Well Plate 2000 µL on 2
Dropping tip into A1 of Opentrons Fixed Trash on 12
Picking up tip from F3 of Opentrons OT-2 96 Filter Tip Rack 200 µL on 9
Aspirating 200.0 uL from B6 of NEST 32 Tuberack 15ml (2 Slot) on 10 at 92.86 uL/sec
Touching tip
Dispensing 200.0 uL into F3 of Thermo-Fisher Kingfisher Deep Well 96 Well Plate 2000 µL on 2 at 92.86 uL/sec
Blowing out at F3 of Thermo-Fisher Kingfisher Deep Well 96 Well Plate 2000 µL on 2
Dropping tip into A1 of Opentrons Fixed Trash on 12
Picking up tip from G3 of Opentrons OT-2 96 Filter Tip Rack 200 µL on 9
Aspirating 200.0 uL from C6 of NEST 32 Tuberack 15ml (2 Slot) on 10 at 92.86 uL/sec
Touching tip
Dispensing 200.0 uL into G3 of Thermo-Fisher Kingfisher Deep Well 96 Well Plate 2000 µL on 2 at 92.86 uL/sec
Blowing out at G3 of Thermo-Fisher Kingfisher Deep Well 96 Well Plate 2000 µL on 2
Dropping tip into A1 of Opentrons Fixed Trash on 12
Picking up tip from H3 of Opentrons OT-2 96 Filter Tip Rack 200 µL on 9
Aspirating 200.0 uL from D6 of NEST 32 Tuberack 15ml (2 Slot) on 10 at 92.86 uL/sec
Touching tip
Dispensing 200.0 uL into H3 of Thermo-Fisher Kingfisher Deep Well 96 Well Plate 2000 µL on 2 at 92.86 uL/sec
Blowing out at H3 of Thermo-Fisher Kingfisher Deep Well 96 Well Plate 2000 µL on 2
Dropping tip into A1 of Opentrons Fixed Trash on 12
Picking up tip from A4 of Opentrons OT-2 96 Filter Tip Rack 200 µL on 9
Aspirating 200.0 uL from A7 of NEST 32 Tuberack 15ml (2 Slot) on 10 at 92.86 uL/sec
Touching tip
Dispensing 200.0 uL into A4 of Thermo-Fisher Kingfisher Deep Well 96 Well Plate 2000 µL on 2 at 92.86 uL/sec
Blowing out at A4 of Thermo-Fisher Kingfisher Deep Well 96 Well Plate 2000 µL on 2
Dropping tip into A1 of Opentrons Fixed Trash on 12
Picking up tip from B4 of Opentrons OT-2 96 Filter Tip Rack 200 µL on 9
Aspirating 200.0 uL from B7 of NEST 32 Tuberack 15ml (2 Slot) on 10 at 92.86 uL/sec
Touching tip
Dispensing 200.0 uL into B4 of Thermo-Fisher Kingfisher Deep Well 96 Well Plate 2000 µL on 2 at 92.86 uL/sec
Blowing out at B4 of Thermo-Fisher Kingfisher Deep Well 96 Well Plate 2000 µL on 2
Dropping tip into A1 of Opentrons Fixed Trash on 12
Picking up tip from C4 of Opentrons OT-2 96 Filter Tip Rack 200 µL on 9
Aspirating 200.0 uL from C7 of NEST 32 Tuberack 15ml (2 Slot) on 10 at 92.86 uL/sec
Touching tip
Dispensing 200.0 uL into C4 of Thermo-Fisher Kingfisher Deep Well 96 Well Plate 2000 µL on 2 at 92.86 uL/sec
Blowing out at C4 of Thermo-Fisher Kingfisher Deep Well 96 Well Plate 2000 µL on 2
Dropping tip into A1 of Opentrons Fixed Trash on 12
Picking up tip from D4 of Opentrons OT-2 96 Filter Tip Rack 200 µL on 9
Aspirating 200.0 uL from D7 of NEST 32 Tuberack 15ml (2 Slot) on 10 at 92.86 uL/sec
Touching tip
Dispensing 200.0 uL into D4 of Thermo-Fisher Kingfisher Deep Well 96 Well Plate 2000 µL on 2 at 92.86 uL/sec
Blowing out at D4 of Thermo-Fisher Kingfisher Deep Well 96 Well Plate 2000 µL on 2
Dropping tip into A1 of Opentrons Fixed Trash on 12
Picking up tip from E4 of Opentrons OT-2 96 Filter Tip Rack 200 µL on 9
Aspirating 200.0 uL from A8 of NEST 32 Tuberack 15ml (2 Slot) on 10 at 92.86 uL/sec
Touching tip
Dispensing 200.0 uL into E4 of Thermo-Fisher Kingfisher Deep Well 96 Well Plate 2000 µL on 2 at 92.86 uL/sec
Blowing out at E4 of Thermo-Fisher Kingfisher Deep Well 96 Well Plate 2000 µL on 2
Dropping tip into A1 of Opentrons Fixed Trash on 12
Picking up tip from F4 of Opentrons OT-2 96 Filter Tip Rack 200 µL on 9
Aspirating 200.0 uL from B8 of NEST 32 Tuberack 15ml (2 Slot) on 10 at 92.86 uL/sec
Touching tip
Dispensing 200.0 uL into F4 of Thermo-Fisher Kingfisher Deep Well 96 Well Plate 2000 µL on 2 at 92.86 uL/sec
Blowing out at F4 of Thermo-Fisher Kingfisher Deep Well 96 Well Plate 2000 µL on 2
Dropping tip into A1 of Opentrons Fixed Trash on 12
Picking up tip from G4 of Opentrons OT-2 96 Filter Tip Rack 200 µL on 9
Aspirating 200.0 uL from C8 of NEST 32 Tuberack 15ml (2 Slot) on 10 at 92.86 uL/sec
Touching tip
Dispensing 200.0 uL into G4 of Thermo-Fisher Kingfisher Deep Well 96 Well Plate 2000 µL on 2 at 92.86 uL/sec
Blowing out at G4 of Thermo-Fisher Kingfisher Deep Well 96 Well Plate 2000 µL on 2
Dropping tip into A1 of Opentrons Fixed Trash on 12
Picking up tip from H4 of Opentrons OT-2 96 Filter Tip Rack 200 µL on 9
Aspirating 200.0 uL from D8 of NEST 32 Tuberack 15ml (2 Slot) on 10 at 92.86 uL/sec
Touching tip
Dispensing 200.0 uL into H4 of Thermo-Fisher Kingfisher Deep Well 96 Well Plate 2000 µL on 2 at 92.86 uL/sec
Blowing out at H4 of Thermo-Fisher Kingfisher Deep Well 96 Well Plate 2000 µL on 2
Dropping tip into A1 of Opentrons Fixed Trash on 12
Picking up tip from A5 of Opentrons OT-2 96 Filter Tip Rack 200 µL on 9
Aspirating 200.0 uL from A1 of NEST 32 Tuberack 15ml (2 Slot) on 7 at 92.86 uL/sec
Touching tip
Dispensing 200.0 uL into A5 of Thermo-Fisher Kingfisher Deep Well 96 Well Plate 2000 µL on 2 at 92.86 uL/sec
Blowing out at A5 of Thermo-Fisher Kingfisher Deep Well 96 Well Plate 2000 µL on 2
Dropping tip into A1 of Opentrons Fixed Trash on 12
Picking up tip from B5 of Opentrons OT-2 96 Filter Tip Rack 200 µL on 9
Aspirating 200.0 uL from B1 of NEST 32 Tuberack 15ml (2 Slot) on 7 at 92.86 uL/sec
Touching tip
Dispensing 200.0 uL into B5 of Thermo-Fisher Kingfisher Deep Well 96 Well Plate 2000 µL on 2 at 92.86 uL/sec
Blowing out at B5 of Thermo-Fisher Kingfisher Deep Well 96 Well Plate 2000 µL on 2
Dropping tip into A1 of Opentrons Fixed Trash on 12
Picking up tip from C5 of Opentrons OT-2 96 Filter Tip Rack 200 µL on 9
Aspirating 200.0 uL from C1 of NEST 32 Tuberack 15ml (2 Slot) on 7 at 92.86 uL/sec
Touching tip
Dispensing 200.0 uL into C5 of Thermo-Fisher Kingfisher Deep Well 96 Well Plate 2000 µL on 2 at 92.86 uL/sec
Blowing out at C5 of Thermo-Fisher Kingfisher Deep Well 96 Well Plate 2000 µL on 2
Dropping tip into A1 of Opentrons Fixed Trash on 12
Picking up tip from D5 of Opentrons OT-2 96 Filter Tip Rack 200 µL on 9
Aspirating 200.0 uL from D1 of NEST 32 Tuberack 15ml (2 Slot) on 7 at 92.86 uL/sec
Touching tip
Dispensing 200.0 uL into D5 of Thermo-Fisher Kingfisher Deep Well 96 Well Plate 2000 µL on 2 at 92.86 uL/sec
Blowing out at D5 of Thermo-Fisher Kingfisher Deep Well 96 Well Plate 2000 µL on 2
Dropping tip into A1 of Opentrons Fixed Trash on 12
Picking up tip from E5 of Opentrons OT-2 96 Filter Tip Rack 200 µL on 9
Aspirating 200.0 uL from A2 of NEST 32 Tuberack 15ml (2 Slot) on 7 at 92.86 uL/sec
Touching tip
Dispensing 200.0 uL into E5 of Thermo-Fisher Kingfisher Deep Well 96 Well Plate 2000 µL on 2 at 92.86 uL/sec
Blowing out at E5 of Thermo-Fisher Kingfisher Deep Well 96 Well Plate 2000 µL on 2
Dropping tip into A1 of Opentrons Fixed Trash on 12
Picking up tip from F5 of Opentrons OT-2 96 Filter Tip Rack 200 µL on 9
Aspirating 200.0 uL from B2 of NEST 32 Tuberack 15ml (2 Slot) on 7 at 92.86 uL/sec
Touching tip
Dispensing 200.0 uL into F5 of Thermo-Fisher Kingfisher Deep Well 96 Well Plate 2000 µL on 2 at 92.86 uL/sec
Blowing out at F5 of Thermo-Fisher Kingfisher Deep Well 96 Well Plate 2000 µL on 2
Dropping tip into A1 of Opentrons Fixed Trash on 12
Picking up tip from G5 of Opentrons OT-2 96 Filter Tip Rack 200 µL on 9
Aspirating 200.0 uL from C2 of NEST 32 Tuberack 15ml (2 Slot) on 7 at 92.86 uL/sec
Touching tip
Dispensing 200.0 uL into G5 of Thermo-Fisher Kingfisher Deep Well 96 Well Plate 2000 µL on 2 at 92.86 uL/sec
Blowing out at G5 of Thermo-Fisher Kingfisher Deep Well 96 Well Plate 2000 µL on 2
Dropping tip into A1 of Opentrons Fixed Trash on 12
Picking up tip from H5 of Opentrons OT-2 96 Filter Tip Rack 200 µL on 9
Aspirating 200.0 uL from D2 of NEST 32 Tuberack 15ml (2 Slot) on 7 at 92.86 uL/sec
Touching tip
Dispensing 200.0 uL into H5 of Thermo-Fisher Kingfisher Deep Well 96 Well Plate 2000 µL on 2 at 92.86 uL/sec
Blowing out at H5 of Thermo-Fisher Kingfisher Deep Well 96 Well Plate 2000 µL on 2
Dropping tip into A1 of Opentrons Fixed Trash on 12
Picking up tip from A6 of Opentrons OT-2 96 Filter Tip Rack 200 µL on 9
Aspirating 200.0 uL from A3 of NEST 32 Tuberack 15ml (2 Slot) on 7 at 92.86 uL/sec
Touching tip
Dispensing 200.0 uL into A6 of Thermo-Fisher Kingfisher Deep Well 96 Well Plate 2000 µL on 2 at 92.86 uL/sec
Blowing out at A6 of Thermo-Fisher Kingfisher Deep Well 96 Well Plate 2000 µL on 2
Dropping tip into A1 of Opentrons Fixed Trash on 12
Picking up tip from B6 of Opentrons OT-2 96 Filter Tip Rack 200 µL on 9
Aspirating 200.0 uL from B3 of NEST 32 Tuberack 15ml (2 Slot) on 7 at 92.86 uL/sec
Touching tip
Dispensing 200.0 uL into B6 of Thermo-Fisher Kingfisher Deep Well 96 Well Plate 2000 µL on 2 at 92.86 uL/sec
Blowing out at B6 of Thermo-Fisher Kingfisher Deep Well 96 Well Plate 2000 µL on 2
Dropping tip into A1 of Opentrons Fixed Trash on 12
Picking up tip from C6 of Opentrons OT-2 96 Filter Tip Rack 200 µL on 9
Aspirating 200.0 uL from C3 of NEST 32 Tuberack 15ml (2 Slot) on 7 at 92.86 uL/sec
Touching tip
Dispensing 200.0 uL into C6 of Thermo-Fisher Kingfisher Deep Well 96 Well Plate 2000 µL on 2 at 92.86 uL/sec
Blowing out at C6 of Thermo-Fisher Kingfisher Deep Well 96 Well Plate 2000 µL on 2
Dropping tip into A1 of Opentrons Fixed Trash on 12
Picking up tip from D6 of Opentrons OT-2 96 Filter Tip Rack 200 µL on 9
Aspirating 200.0 uL from D3 of NEST 32 Tuberack 15ml (2 Slot) on 7 at 92.86 uL/sec
Touching tip
Dispensing 200.0 uL into D6 of Thermo-Fisher Kingfisher Deep Well 96 Well Plate 2000 µL on 2 at 92.86 uL/sec
Blowing out at D6 of Thermo-Fisher Kingfisher Deep Well 96 Well Plate 2000 µL on 2
Dropping tip into A1 of Opentrons Fixed Trash on 12
Picking up tip from E6 of Opentrons OT-2 96 Filter Tip Rack 200 µL on 9
Aspirating 200.0 uL from A4 of NEST 32 Tuberack 15ml (2 Slot) on 7 at 92.86 uL/sec
Touching tip
Dispensing 200.0 uL into E6 of Thermo-Fisher Kingfisher Deep Well 96 Well Plate 2000 µL on 2 at 92.86 uL/sec
Blowing out at E6 of Thermo-Fisher Kingfisher Deep Well 96 Well Plate 2000 µL on 2
Dropping tip into A1 of Opentrons Fixed Trash on 12
Picking up tip from F6 of Opentrons OT-2 96 Filter Tip Rack 200 µL on 9
Aspirating 200.0 uL from B4 of NEST 32 Tuberack 15ml (2 Slot) on 7 at 92.86 uL/sec
Touching tip
Dispensing 200.0 uL into F6 of Thermo-Fisher Kingfisher Deep Well 96 Well Plate 2000 µL on 2 at 92.86 uL/sec
Blowing out at F6 of Thermo-Fisher Kingfisher Deep Well 96 Well Plate 2000 µL on 2
Dropping tip into A1 of Opentrons Fixed Trash on 12
Picking up tip from G6 of Opentrons OT-2 96 Filter Tip Rack 200 µL on 9
Aspirating 200.0 uL from C4 of NEST 32 Tuberack 15ml (2 Slot) on 7 at 92.86 uL/sec
Touching tip
Dispensing 200.0 uL into G6 of Thermo-Fisher Kingfisher Deep Well 96 Well Plate 2000 µL on 2 at 92.86 uL/sec
Blowing out at G6 of Thermo-Fisher Kingfisher Deep Well 96 Well Plate 2000 µL on 2
Dropping tip into A1 of Opentrons Fixed Trash on 12
Picking up tip from H6 of Opentrons OT-2 96 Filter Tip Rack 200 µL on 9
Aspirating 200.0 uL from D4 of NEST 32 Tuberack 15ml (2 Slot) on 7 at 92.86 uL/sec
Touching tip
Dispensing 200.0 uL into H6 of Thermo-Fisher Kingfisher Deep Well 96 Well Plate 2000 µL on 2 at 92.86 uL/sec
Blowing out at H6 of Thermo-Fisher Kingfisher Deep Well 96 Well Plate 2000 µL on 2
Dropping tip into A1 of Opentrons Fixed Trash on 12
Picking up tip from A7 of Opentrons OT-2 96 Filter Tip Rack 200 µL on 9
Aspirating 200.0 uL from A5 of NEST 32 Tuberack 15ml (2 Slot) on 7 at 92.86 uL/sec
Touching tip
Dispensing 200.0 uL into A7 of Thermo-Fisher Kingfisher Deep Well 96 Well Plate 2000 µL on 2 at 92.86 uL/sec
Blowing out at A7 of Thermo-Fisher Kingfisher Deep Well 96 Well Plate 2000 µL on 2
Dropping tip into A1 of Opentrons Fixed Trash on 12
Picking up tip from B7 of Opentrons OT-2 96 Filter Tip Rack 200 µL on 9
Aspirating 200.0 uL from B5 of NEST 32 Tuberack 15ml (2 Slot) on 7 at 92.86 uL/sec
Touching tip
Dispensing 200.0 uL into B7 of Thermo-Fisher Kingfisher Deep Well 96 Well Plate 2000 µL on 2 at 92.86 uL/sec
Blowing out at B7 of Thermo-Fisher Kingfisher Deep Well 96 Well Plate 2000 µL on 2
Dropping tip into A1 of Opentrons Fixed Trash on 12
Picking up tip from C7 of Opentrons OT-2 96 Filter Tip Rack 200 µL on 9
Aspirating 200.0 uL from C5 of NEST 32 Tuberack 15ml (2 Slot) on 7 at 92.86 uL/sec
Touching tip
Dispensing 200.0 uL into C7 of Thermo-Fisher Kingfisher Deep Well 96 Well Plate 2000 µL on 2 at 92.86 uL/sec
Blowing out at C7 of Thermo-Fisher Kingfisher Deep Well 96 Well Plate 2000 µL on 2
Dropping tip into A1 of Opentrons Fixed Trash on 12
Picking up tip from D7 of Opentrons OT-2 96 Filter Tip Rack 200 µL on 9
Aspirating 200.0 uL from D5 of NEST 32 Tuberack 15ml (2 Slot) on 7 at 92.86 uL/sec
Touching tip
Dispensing 200.0 uL into D7 of Thermo-Fisher Kingfisher Deep Well 96 Well Plate 2000 µL on 2 at 92.86 uL/sec
Blowing out at D7 of Thermo-Fisher Kingfisher Deep Well 96 Well Plate 2000 µL on 2
Dropping tip into A1 of Opentrons Fixed Trash on 12
Picking up tip from E7 of Opentrons OT-2 96 Filter Tip Rack 200 µL on 9
Aspirating 200.0 uL from A6 of NEST 32 Tuberack 15ml (2 Slot) on 7 at 92.86 uL/sec
Touching tip
Dispensing 200.0 uL into E7 of Thermo-Fisher Kingfisher Deep Well 96 Well Plate 2000 µL on 2 at 92.86 uL/sec
Blowing out at E7 of Thermo-Fisher Kingfisher Deep Well 96 Well Plate 2000 µL on 2
Dropping tip into A1 of Opentrons Fixed Trash on 12
Picking up tip from F7 of Opentrons OT-2 96 Filter Tip Rack 200 µL on 9
Aspirating 200.0 uL from B6 of NEST 32 Tuberack 15ml (2 Slot) on 7 at 92.86 uL/sec
Touching tip
Dispensing 200.0 uL into F7 of Thermo-Fisher Kingfisher Deep Well 96 Well Plate 2000 µL on 2 at 92.86 uL/sec
Blowing out at F7 of Thermo-Fisher Kingfisher Deep Well 96 Well Plate 2000 µL on 2
Dropping tip into A1 of Opentrons Fixed Trash on 12
Picking up tip from G7 of Opentrons OT-2 96 Filter Tip Rack 200 µL on 9
Aspirating 200.0 uL from C6 of NEST 32 Tuberack 15ml (2 Slot) on 7 at 92.86 uL/sec
Touching tip
Dispensing 200.0 uL into G7 of Thermo-Fisher Kingfisher Deep Well 96 Well Plate 2000 µL on 2 at 92.86 uL/sec
Blowing out at G7 of Thermo-Fisher Kingfisher Deep Well 96 Well Plate 2000 µL on 2
Dropping tip into A1 of Opentrons Fixed Trash on 12
Picking up tip from H7 of Opentrons OT-2 96 Filter Tip Rack 200 µL on 9
Aspirating 200.0 uL from D6 of NEST 32 Tuberack 15ml (2 Slot) on 7 at 92.86 uL/sec
Touching tip
Dispensing 200.0 uL into H7 of Thermo-Fisher Kingfisher Deep Well 96 Well Plate 2000 µL on 2 at 92.86 uL/sec
Blowing out at H7 of Thermo-Fisher Kingfisher Deep Well 96 Well Plate 2000 µL on 2
Dropping tip into A1 of Opentrons Fixed Trash on 12
Picking up tip from A8 of Opentrons OT-2 96 Filter Tip Rack 200 µL on 9
Aspirating 200.0 uL from A7 of NEST 32 Tuberack 15ml (2 Slot) on 7 at 92.86 uL/sec
Touching tip
Dispensing 200.0 uL into A8 of Thermo-Fisher Kingfisher Deep Well 96 Well Plate 2000 µL on 2 at 92.86 uL/sec
Blowing out at A8 of Thermo-Fisher Kingfisher Deep Well 96 Well Plate 2000 µL on 2
Dropping tip into A1 of Opentrons Fixed Trash on 12
Picking up tip from B8 of Opentrons OT-2 96 Filter Tip Rack 200 µL on 9
Aspirating 200.0 uL from B7 of NEST 32 Tuberack 15ml (2 Slot) on 7 at 92.86 uL/sec
Touching tip
Dispensing 200.0 uL into B8 of Thermo-Fisher Kingfisher Deep Well 96 Well Plate 2000 µL on 2 at 92.86 uL/sec
Blowing out at B8 of Thermo-Fisher Kingfisher Deep Well 96 Well Plate 2000 µL on 2
Dropping tip into A1 of Opentrons Fixed Trash on 12
Picking up tip from C8 of Opentrons OT-2 96 Filter Tip Rack 200 µL on 9
Aspirating 200.0 uL from C7 of NEST 32 Tuberack 15ml (2 Slot) on 7 at 92.86 uL/sec
Touching tip
Dispensing 200.0 uL into C8 of Thermo-Fisher Kingfisher Deep Well 96 Well Plate 2000 µL on 2 at 92.86 uL/sec
Blowing out at C8 of Thermo-Fisher Kingfisher Deep Well 96 Well Plate 2000 µL on 2
Dropping tip into A1 of Opentrons Fixed Trash on 12
Picking up tip from D8 of Opentrons OT-2 96 Filter Tip Rack 200 µL on 9
Aspirating 200.0 uL from D7 of NEST 32 Tuberack 15ml (2 Slot) on 7 at 92.86 uL/sec
Touching tip
Dispensing 200.0 uL into D8 of Thermo-Fisher Kingfisher Deep Well 96 Well Plate 2000 µL on 2 at 92.86 uL/sec
Blowing out at D8 of Thermo-Fisher Kingfisher Deep Well 96 Well Plate 2000 µL on 2
Dropping tip into A1 of Opentrons Fixed Trash on 12
Picking up tip from E8 of Opentrons OT-2 96 Filter Tip Rack 200 µL on 9
Aspirating 200.0 uL from A8 of NEST 32 Tuberack 15ml (2 Slot) on 7 at 92.86 uL/sec
Touching tip
Dispensing 200.0 uL into E8 of Thermo-Fisher Kingfisher Deep Well 96 Well Plate 2000 µL on 2 at 92.86 uL/sec
Blowing out at E8 of Thermo-Fisher Kingfisher Deep Well 96 Well Plate 2000 µL on 2
Dropping tip into A1 of Opentrons Fixed Trash on 12
Picking up tip from F8 of Opentrons OT-2 96 Filter Tip Rack 200 µL on 9
Aspirating 200.0 uL from B8 of NEST 32 Tuberack 15ml (2 Slot) on 7 at 92.86 uL/sec
Touching tip
Dispensing 200.0 uL into F8 of Thermo-Fisher Kingfisher Deep Well 96 Well Plate 2000 µL on 2 at 92.86 uL/sec
Blowing out at F8 of Thermo-Fisher Kingfisher Deep Well 96 Well Plate 2000 µL on 2
Dropping tip into A1 of Opentrons Fixed Trash on 12
Picking up tip from G8 of Opentrons OT-2 96 Filter Tip Rack 200 µL on 9
Aspirating 200.0 uL from C8 of NEST 32 Tuberack 15ml (2 Slot) on 7 at 92.86 uL/sec
Touching tip
Dispensing 200.0 uL into G8 of Thermo-Fisher Kingfisher Deep Well 96 Well Plate 2000 µL on 2 at 92.86 uL/sec
Blowing out at G8 of Thermo-Fisher Kingfisher Deep Well 96 Well Plate 2000 µL on 2
Dropping tip into A1 of Opentrons Fixed Trash on 12
Picking up tip from H8 of Opentrons OT-2 96 Filter Tip Rack 200 µL on 9
Aspirating 200.0 uL from D8 of NEST 32 Tuberack 15ml (2 Slot) on 7 at 92.86 uL/sec
Touching tip
Dispensing 200.0 uL into H8 of Thermo-Fisher Kingfisher Deep Well 96 Well Plate 2000 µL on 2 at 92.86 uL/sec
Blowing out at H8 of Thermo-Fisher Kingfisher Deep Well 96 Well Plate 2000 µL on 2
Dropping tip into A1 of Opentrons Fixed Trash on 12
Picking up tip from A9 of Opentrons OT-2 96 Filter Tip Rack 200 µL on 9
Aspirating 200.0 uL from A1 of NEST 32 Tuberack 15ml (2 Slot) on 4 at 92.86 uL/sec
Touching tip
Dispensing 200.0 uL into A9 of Thermo-Fisher Kingfisher Deep Well 96 Well Plate 2000 µL on 2 at 92.86 uL/sec
Blowing out at A9 of Thermo-Fisher Kingfisher Deep Well 96 Well Plate 2000 µL on 2
Dropping tip into A1 of Opentrons Fixed Trash on 12
Picking up tip from B9 of Opentrons OT-2 96 Filter Tip Rack 200 µL on 9
Aspirating 200.0 uL from B1 of NEST 32 Tuberack 15ml (2 Slot) on 4 at 92.86 uL/sec
Touching tip
Dispensing 200.0 uL into B9 of Thermo-Fisher Kingfisher Deep Well 96 Well Plate 2000 µL on 2 at 92.86 uL/sec
Blowing out at B9 of Thermo-Fisher Kingfisher Deep Well 96 Well Plate 2000 µL on 2
Dropping tip into A1 of Opentrons Fixed Trash on 12
Picking up tip from C9 of Opentrons OT-2 96 Filter Tip Rack 200 µL on 9
Aspirating 200.0 uL from C1 of NEST 32 Tuberack 15ml (2 Slot) on 4 at 92.86 uL/sec
Touching tip
Dispensing 200.0 uL into C9 of Thermo-Fisher Kingfisher Deep Well 96 Well Plate 2000 µL on 2 at 92.86 uL/sec
Blowing out at C9 of Thermo-Fisher Kingfisher Deep Well 96 Well Plate 2000 µL on 2
Dropping tip into A1 of Opentrons Fixed Trash on 12
Picking up tip from D9 of Opentrons OT-2 96 Filter Tip Rack 200 µL on 9
Aspirating 200.0 uL from D1 of NEST 32 Tuberack 15ml (2 Slot) on 4 at 92.86 uL/sec
Touching tip
Dispensing 200.0 uL into D9 of Thermo-Fisher Kingfisher Deep Well 96 Well Plate 2000 µL on 2 at 92.86 uL/sec
Blowing out at D9 of Thermo-Fisher Kingfisher Deep Well 96 Well Plate 2000 µL on 2
Dropping tip into A1 of Opentrons Fixed Trash on 12
Picking up tip from E9 of Opentrons OT-2 96 Filter Tip Rack 200 µL on 9
Aspirating 200.0 uL from A2 of NEST 32 Tuberack 15ml (2 Slot) on 4 at 92.86 uL/sec
Touching tip
Dispensing 200.0 uL into E9 of Thermo-Fisher Kingfisher Deep Well 96 Well Plate 2000 µL on 2 at 92.86 uL/sec
Blowing out at E9 of Thermo-Fisher Kingfisher Deep Well 96 Well Plate 2000 µL on 2
Dropping tip into A1 of Opentrons Fixed Trash on 12
Picking up tip from F9 of Opentrons OT-2 96 Filter Tip Rack 200 µL on 9
Aspirating 200.0 uL from B2 of NEST 32 Tuberack 15ml (2 Slot) on 4 at 92.86 uL/sec
Touching tip
Dispensing 200.0 uL into F9 of Thermo-Fisher Kingfisher Deep Well 96 Well Plate 2000 µL on 2 at 92.86 uL/sec
Blowing out at F9 of Thermo-Fisher Kingfisher Deep Well 96 Well Plate 2000 µL on 2
Dropping tip into A1 of Opentrons Fixed Trash on 12
Picking up tip from G9 of Opentrons OT-2 96 Filter Tip Rack 200 µL on 9
Aspirating 200.0 uL from C2 of NEST 32 Tuberack 15ml (2 Slot) on 4 at 92.86 uL/sec
Touching tip
Dispensing 200.0 uL into G9 of Thermo-Fisher Kingfisher Deep Well 96 Well Plate 2000 µL on 2 at 92.86 uL/sec
Blowing out at G9 of Thermo-Fisher Kingfisher Deep Well 96 Well Plate 2000 µL on 2
Dropping tip into A1 of Opentrons Fixed Trash on 12
Picking up tip from H9 of Opentrons OT-2 96 Filter Tip Rack 200 µL on 9
Aspirating 200.0 uL from D2 of NEST 32 Tuberack 15ml (2 Slot) on 4 at 92.86 uL/sec
Touching tip
Dispensing 200.0 uL into H9 of Thermo-Fisher Kingfisher Deep Well 96 Well Plate 2000 µL on 2 at 92.86 uL/sec
Blowing out at H9 of Thermo-Fisher Kingfisher Deep Well 96 Well Plate 2000 µL on 2
Dropping tip into A1 of Opentrons Fixed Trash on 12
Picking up tip from A10 of Opentrons OT-2 96 Filter Tip Rack 200 µL on 9
Aspirating 200.0 uL from A3 of NEST 32 Tuberack 15ml (2 Slot) on 4 at 92.86 uL/sec
Touching tip
Dispensing 200.0 uL into A10 of Thermo-Fisher Kingfisher Deep Well 96 Well Plate 2000 µL on 2 at 92.86 uL/sec
Blowing out at A10 of Thermo-Fisher Kingfisher Deep Well 96 Well Plate 2000 µL on 2
Dropping tip into A1 of Opentrons Fixed Trash on 12
Picking up tip from B10 of Opentrons OT-2 96 Filter Tip Rack 200 µL on 9
Aspirating 200.0 uL from B3 of NEST 32 Tuberack 15ml (2 Slot) on 4 at 92.86 uL/sec
Touching tip
Dispensing 200.0 uL into B10 of Thermo-Fisher Kingfisher Deep Well 96 Well Plate 2000 µL on 2 at 92.86 uL/sec
Blowing out at B10 of Thermo-Fisher Kingfisher Deep Well 96 Well Plate 2000 µL on 2
Dropping tip into A1 of Opentrons Fixed Trash on 12
Picking up tip from C10 of Opentrons OT-2 96 Filter Tip Rack 200 µL on 9
Aspirating 200.0 uL from C3 of NEST 32 Tuberack 15ml (2 Slot) on 4 at 92.86 uL/sec
Touching tip
Dispensing 200.0 uL into C10 of Thermo-Fisher Kingfisher Deep Well 96 Well Plate 2000 µL on 2 at 92.86 uL/sec
Blowing out at C10 of Thermo-Fisher Kingfisher Deep Well 96 Well Plate 2000 µL on 2
Dropping tip into A1 of Opentrons Fixed Trash on 12
Picking up tip from D10 of Opentrons OT-2 96 Filter Tip Rack 200 µL on 9
Aspirating 200.0 uL from D3 of NEST 32 Tuberack 15ml (2 Slot) on 4 at 92.86 uL/sec
Touching tip
Dispensing 200.0 uL into D10 of Thermo-Fisher Kingfisher Deep Well 96 Well Plate 2000 µL on 2 at 92.86 uL/sec
Blowing out at D10 of Thermo-Fisher Kingfisher Deep Well 96 Well Plate 2000 µL on 2
Dropping tip into A1 of Opentrons Fixed Trash on 12
Picking up tip from E10 of Opentrons OT-2 96 Filter Tip Rack 200 µL on 9
Aspirating 200.0 uL from A4 of NEST 32 Tuberack 15ml (2 Slot) on 4 at 92.86 uL/sec
Touching tip
Dispensing 200.0 uL into E10 of Thermo-Fisher Kingfisher Deep Well 96 Well Plate 2000 µL on 2 at 92.86 uL/sec
Blowing out at E10 of Thermo-Fisher Kingfisher Deep Well 96 Well Plate 2000 µL on 2
Dropping tip into A1 of Opentrons Fixed Trash on 12
Picking up tip from F10 of Opentrons OT-2 96 Filter Tip Rack 200 µL on 9
Aspirating 200.0 uL from B4 of NEST 32 Tuberack 15ml (2 Slot) on 4 at 92.86 uL/sec
Touching tip
Dispensing 200.0 uL into F10 of Thermo-Fisher Kingfisher Deep Well 96 Well Plate 2000 µL on 2 at 92.86 uL/sec
Blowing out at F10 of Thermo-Fisher Kingfisher Deep Well 96 Well Plate 2000 µL on 2
Dropping tip into A1 of Opentrons Fixed Trash on 12
Picking up tip from G10 of Opentrons OT-2 96 Filter Tip Rack 200 µL on 9
Aspirating 200.0 uL from C4 of NEST 32 Tuberack 15ml (2 Slot) on 4 at 92.86 uL/sec
Touching tip
Dispensing 200.0 uL into G10 of Thermo-Fisher Kingfisher Deep Well 96 Well Plate 2000 µL on 2 at 92.86 uL/sec
Blowing out at G10 of Thermo-Fisher Kingfisher Deep Well 96 Well Plate 2000 µL on 2
Dropping tip into A1 of Opentrons Fixed Trash on 12
Picking up tip from H10 of Opentrons OT-2 96 Filter Tip Rack 200 µL on 9
Aspirating 200.0 uL from D4 of NEST 32 Tuberack 15ml (2 Slot) on 4 at 92.86 uL/sec
Touching tip
Dispensing 200.0 uL into H10 of Thermo-Fisher Kingfisher Deep Well 96 Well Plate 2000 µL on 2 at 92.86 uL/sec
Blowing out at H10 of Thermo-Fisher Kingfisher Deep Well 96 Well Plate 2000 µL on 2
Dropping tip into A1 of Opentrons Fixed Trash on 12
Picking up tip from A11 of Opentrons OT-2 96 Filter Tip Rack 200 µL on 9
Aspirating 200.0 uL from A5 of NEST 32 Tuberack 15ml (2 Slot) on 4 at 92.86 uL/sec
Touching tip
Dispensing 200.0 uL into A11 of Thermo-Fisher Kingfisher Deep Well 96 Well Plate 2000 µL on 2 at 92.86 uL/sec
Blowing out at A11 of Thermo-Fisher Kingfisher Deep Well 96 Well Plate 2000 µL on 2
Dropping tip into A1 of Opentrons Fixed Trash on 12
Picking up tip from B11 of Opentrons OT-2 96 Filter Tip Rack 200 µL on 9
Aspirating 200.0 uL from B5 of NEST 32 Tuberack 15ml (2 Slot) on 4 at 92.86 uL/sec
Touching tip
Dispensing 200.0 uL into B11 of Thermo-Fisher Kingfisher Deep Well 96 Well Plate 2000 µL on 2 at 92.86 uL/sec
Blowing out at B11 of Thermo-Fisher Kingfisher Deep Well 96 Well Plate 2000 µL on 2
Dropping tip into A1 of Opentrons Fixed Trash on 12
Picking up tip from C11 of Opentrons OT-2 96 Filter Tip Rack 200 µL on 9
Aspirating 200.0 uL from C5 of NEST 32 Tuberack 15ml (2 Slot) on 4 at 92.86 uL/sec
Touching tip
Dispensing 200.0 uL into C11 of Thermo-Fisher Kingfisher Deep Well 96 Well Plate 2000 µL on 2 at 92.86 uL/sec
Blowing out at C11 of Thermo-Fisher Kingfisher Deep Well 96 Well Plate 2000 µL on 2
Dropping tip into A1 of Opentrons Fixed Trash on 12
Picking up tip from D11 of Opentrons OT-2 96 Filter Tip Rack 200 µL on 9
Aspirating 200.0 uL from D5 of NEST 32 Tuberack 15ml (2 Slot) on 4 at 92.86 uL/sec
Touching tip
Dispensing 200.0 uL into D11 of Thermo-Fisher Kingfisher Deep Well 96 Well Plate 2000 µL on 2 at 92.86 uL/sec
Blowing out at D11 of Thermo-Fisher Kingfisher Deep Well 96 Well Plate 2000 µL on 2
Dropping tip into A1 of Opentrons Fixed Trash on 12
Picking up tip from E11 of Opentrons OT-2 96 Filter Tip Rack 200 µL on 9
Aspirating 200.0 uL from A6 of NEST 32 Tuberack 15ml (2 Slot) on 4 at 92.86 uL/sec
Touching tip
Dispensing 200.0 uL into E11 of Thermo-Fisher Kingfisher Deep Well 96 Well Plate 2000 µL on 2 at 92.86 uL/sec
Blowing out at E11 of Thermo-Fisher Kingfisher Deep Well 96 Well Plate 2000 µL on 2
Dropping tip into A1 of Opentrons Fixed Trash on 12
Picking up tip from F11 of Opentrons OT-2 96 Filter Tip Rack 200 µL on 9
Aspirating 200.0 uL from B6 of NEST 32 Tuberack 15ml (2 Slot) on 4 at 92.86 uL/sec
Touching tip
Dispensing 200.0 uL into F11 of Thermo-Fisher Kingfisher Deep Well 96 Well Plate 2000 µL on 2 at 92.86 uL/sec
Blowing out at F11 of Thermo-Fisher Kingfisher Deep Well 96 Well Plate 2000 µL on 2
Dropping tip into A1 of Opentrons Fixed Trash on 12
Picking up tip from G11 of Opentrons OT-2 96 Filter Tip Rack 200 µL on 9
Aspirating 200.0 uL from C6 of NEST 32 Tuberack 15ml (2 Slot) on 4 at 92.86 uL/sec
Touching tip
Dispensing 200.0 uL into G11 of Thermo-Fisher Kingfisher Deep Well 96 Well Plate 2000 µL on 2 at 92.86 uL/sec
Blowing out at G11 of Thermo-Fisher Kingfisher Deep Well 96 Well Plate 2000 µL on 2
Dropping tip into A1 of Opentrons Fixed Trash on 12
Picking up tip from H11 of Opentrons OT-2 96 Filter Tip Rack 200 µL on 9
Aspirating 200.0 uL from D6 of NEST 32 Tuberack 15ml (2 Slot) on 4 at 92.86 uL/sec
Touching tip
Dispensing 200.0 uL into H11 of Thermo-Fisher Kingfisher Deep Well 96 Well Plate 2000 µL on 2 at 92.86 uL/sec
Blowing out at H11 of Thermo-Fisher Kingfisher Deep Well 96 Well Plate 2000 µL on 2
Dropping tip into A1 of Opentrons Fixed Trash on 12
Picking up tip from A12 of Opentrons OT-2 96 Filter Tip Rack 200 µL on 9
Aspirating 200.0 uL from A7 of NEST 32 Tuberack 15ml (2 Slot) on 4 at 92.86 uL/sec
Touching tip
Dispensing 200.0 uL into A12 of Thermo-Fisher Kingfisher Deep Well 96 Well Plate 2000 µL on 2 at 92.86 uL/sec
Blowing out at A12 of Thermo-Fisher Kingfisher Deep Well 96 Well Plate 2000 µL on 2
Dropping tip into A1 of Opentrons Fixed Trash on 12
Picking up tip from B12 of Opentrons OT-2 96 Filter Tip Rack 200 µL on 9
Aspirating 200.0 uL from B7 of NEST 32 Tuberack 15ml (2 Slot) on 4 at 92.86 uL/sec
Touching tip
Dispensing 200.0 uL into B12 of Thermo-Fisher Kingfisher Deep Well 96 Well Plate 2000 µL on 2 at 92.86 uL/sec
Blowing out at B12 of Thermo-Fisher Kingfisher Deep Well 96 Well Plate 2000 µL on 2
Dropping tip into A1 of Opentrons Fixed Trash on 12
Picking up tip from C12 of Opentrons OT-2 96 Filter Tip Rack 200 µL on 9
Aspirating 200.0 uL from C7 of NEST 32 Tuberack 15ml (2 Slot) on 4 at 92.86 uL/sec
Touching tip
Dispensing 200.0 uL into C12 of Thermo-Fisher Kingfisher Deep Well 96 Well Plate 2000 µL on 2 at 92.86 uL/sec
Blowing out at C12 of Thermo-Fisher Kingfisher Deep Well 96 Well Plate 2000 µL on 2
Dropping tip into A1 of Opentrons Fixed Trash on 12
Picking up tip from D12 of Opentrons OT-2 96 Filter Tip Rack 200 µL on 9
Aspirating 200.0 uL from D7 of NEST 32 Tuberack 15ml (2 Slot) on 4 at 92.86 uL/sec
Touching tip
Dispensing 200.0 uL into D12 of Thermo-Fisher Kingfisher Deep Well 96 Well Plate 2000 µL on 2 at 92.86 uL/sec
Blowing out at D12 of Thermo-Fisher Kingfisher Deep Well 96 Well Plate 2000 µL on 2
Dropping tip into A1 of Opentrons Fixed Trash on 12
Picking up tip from E12 of Opentrons OT-2 96 Filter Tip Rack 200 µL on 9
Aspirating 200.0 uL from A8 of NEST 32 Tuberack 15ml (2 Slot) on 4 at 92.86 uL/sec
Touching tip
Dispensing 200.0 uL into E12 of Thermo-Fisher Kingfisher Deep Well 96 Well Plate 2000 µL on 2 at 92.86 uL/sec
Blowing out at E12 of Thermo-Fisher Kingfisher Deep Well 96 Well Plate 2000 µL on 2
Dropping tip into A1 of Opentrons Fixed Trash on 12
Picking up tip from F12 of Opentrons OT-2 96 Filter Tip Rack 200 µL on 9
Aspirating 200.0 uL from B8 of NEST 32 Tuberack 15ml (2 Slot) on 4 at 92.86 uL/sec
Touching tip
Dispensing 200.0 uL into F12 of Thermo-Fisher Kingfisher Deep Well 96 Well Plate 2000 µL on 2 at 92.86 uL/sec
Blowing out at F12 of Thermo-Fisher Kingfisher Deep Well 96 Well Plate 2000 µL on 2
Dropping tip into A1 of Opentrons Fixed Trash on 12
Picking up tip from G12 of Opentrons OT-2 96 Filter Tip Rack 200 µL on 9
Aspirating 200.0 uL from C8 of NEST 32 Tuberack 15ml (2 Slot) on 4 at 92.86 uL/sec
Touching tip
Dispensing 200.0 uL into G12 of Thermo-Fisher Kingfisher Deep Well 96 Well Plate 2000 µL on 2 at 92.86 uL/sec
Blowing out at G12 of Thermo-Fisher Kingfisher Deep Well 96 Well Plate 2000 µL on 2
Dropping tip into A1 of Opentrons Fixed Trash on 12
Picking up tip from H12 of Opentrons OT-2 96 Filter Tip Rack 200 µL on 9
Aspirating 200.0 uL from D8 of NEST 32 Tuberack 15ml (2 Slot) on 4 at 92.86 uL/sec
Touching tip
Dispensing 200.0 uL into H12 of Thermo-Fisher Kingfisher Deep Well 96 Well Plate 2000 µL on 2 at 92.86 uL/sec
Blowing out at H12 of Thermo-Fisher Kingfisher Deep Well 96 Well Plate 2000 µL on 2
Dropping tip into A1 of Opentrons Fixed Trash on 12
Picking up tip from A1 of Opentrons OT-2 96 Tip Rack 300 µL on 6


Mixing the mastermix

Mixing 3 times with a volume of 300.0 ul
	Aspirating 300.0 uL from A1 of NEST 12 Well Reservoir 15 mL on 1 at 28.2 uL/sec
	Dispensing 300.0 uL into A1 of NEST 12 Well Reservoir 15 mL on 1 at 28.2 uL/sec
	Aspirating 300.0 uL from A1 of NEST 12 Well Reservoir 15 mL on 1 at 28.2 uL/sec
	Dispensing 300.0 uL into A1 of NEST 12 Well Reservoir 15 mL on 1 at 28.2 uL/sec
	Aspirating 300.0 uL from A1 of NEST 12 Well Reservoir 15 mL on 1 at 28.2 uL/sec
	Dispensing 300.0 uL into A1 of NEST 12 Well Reservoir 15 mL on 1 at 28.2 uL/sec
Blowing out at A1 of NEST 12 Well Reservoir 15 mL on 1
Touching tip
Mixing 3 times with a volume of 300.0 ul
	Aspirating 300.0 uL from A2 of NEST 12 Well Reservoir 15 mL on 1 at 28.2 uL/sec
	Dispensing 300.0 uL into A2 of NEST 12 Well Reservoir 15 mL on 1 at 28.2 uL/sec
	Aspirating 300.0 uL from A2 of NEST 12 Well Reservoir 15 mL on 1 at 28.2 uL/sec
	Dispensing 300.0 uL into A2 of NEST 12 Well Reservoir 15 mL on 1 at 28.2 uL/sec
	Aspirating 300.0 uL from A2 of NEST 12 Well Reservoir 15 mL on 1 at 28.2 uL/sec
	Dispensing 300.0 uL into A2 of NEST 12 Well Reservoir 15 mL on 1 at 28.2 uL/sec
Blowing out at A2 of NEST 12 Well Reservoir 15 mL on 1
Touching tip
Mixing 3 times with a volume of 300.0 ul
	Aspirating 300.0 uL from A3 of NEST 12 Well Reservoir 15 mL on 1 at 28.2 uL/sec
	Dispensing 300.0 uL into A3 of NEST 12 Well Reservoir 15 mL on 1 at 28.2 uL/sec
	Aspirating 300.0 uL from A3 of NEST 12 Well Reservoir 15 mL on 1 at 28.2 uL/sec
	Dispensing 300.0 uL into A3 of NEST 12 Well Reservoir 15 mL on 1 at 28.2 uL/sec
	Aspirating 300.0 uL from A3 of NEST 12 Well Reservoir 15 mL on 1 at 28.2 uL/sec
	Dispensing 300.0 uL into A3 of NEST 12 Well Reservoir 15 mL on 1 at 28.2 uL/sec
Blowing out at A3 of NEST 12 Well Reservoir 15 mL on 1
Touching tip
Mixing 3 times with a volume of 300.0 ul
	Aspirating 300.0 uL from A4 of NEST 12 Well Reservoir 15 mL on 1 at 28.2 uL/sec
	Dispensing 300.0 uL into A4 of NEST 12 Well Reservoir 15 mL on 1 at 28.2 uL/sec
	Aspirating 300.0 uL from A4 of NEST 12 Well Reservoir 15 mL on 1 at 28.2 uL/sec
	Dispensing 300.0 uL into A4 of NEST 12 Well Reservoir 15 mL on 1 at 28.2 uL/sec
	Aspirating 300.0 uL from A4 of NEST 12 Well Reservoir 15 mL on 1 at 28.2 uL/sec
	Dispensing 300.0 uL into A4 of NEST 12 Well Reservoir 15 mL on 1 at 28.2 uL/sec
Blowing out at A4 of NEST 12 Well Reservoir 15 mL on 1
Touching tip
Mixing 3 times with a volume of 300.0 ul
	Aspirating 300.0 uL from A5 of NEST 12 Well Reservoir 15 mL on 1 at 28.2 uL/sec
	Dispensing 300.0 uL into A5 of NEST 12 Well Reservoir 15 mL on 1 at 28.2 uL/sec
	Aspirating 300.0 uL from A5 of NEST 12 Well Reservoir 15 mL on 1 at 28.2 uL/sec
	Dispensing 300.0 uL into A5 of NEST 12 Well Reservoir 15 mL on 1 at 28.2 uL/sec
	Aspirating 300.0 uL from A5 of NEST 12 Well Reservoir 15 mL on 1 at 28.2 uL/sec
	Dispensing 300.0 uL into A5 of NEST 12 Well Reservoir 15 mL on 1 at 28.2 uL/sec
Blowing out at A5 of NEST 12 Well Reservoir 15 mL on 1
Touching tip
Dropping tip into A1 of Opentrons Fixed Trash on 12


Distributing mastermix to samples on the target plate

Pausing robot operation: 

Pausing protocol for mastermix resuspension



Distributing mastermix to samples on target plate

Picking up tip from A2 of Opentrons OT-2 96 Tip Rack 300 µL on 6
Aspirating 275.0 uL from A1 of NEST 12 Well Reservoir 15 mL on 1 at 9.4 uL/sec
Air gap
	Aspirating 10.0 uL from A1 of NEST 12 Well Reservoir 15 mL on 1 at 94.0 uL/sec
Dispensing 285.0 uL into A1 of Thermo-Fisher Kingfisher Deep Well 96 Well Plate 2000 µL on 2 at 9.4 uL/sec
Blowing out at A1 of Thermo-Fisher Kingfisher Deep Well 96 Well Plate 2000 µL on 2
Dropping tip into A1 of Opentrons Fixed Trash on 12


Picking up tip from A3 of Opentrons OT-2 96 Tip Rack 300 µL on 6
Aspirating 275.0 uL from A1 of NEST 12 Well Reservoir 15 mL on 1 at 9.4 uL/sec
Air gap
	Aspirating 10.0 uL from A1 of NEST 12 Well Reservoir 15 mL on 1 at 94.0 uL/sec
Dispensing 285.0 uL into A2 of Thermo-Fisher Kingfisher Deep Well 96 Well Plate 2000 µL on 2 at 9.4 uL/sec
Blowing out at A2 of Thermo-Fisher Kingfisher Deep Well 96 Well Plate 2000 µL on 2
Dropping tip into A1 of Opentrons Fixed Trash on 12


Picking up tip from A4 of Opentrons OT-2 96 Tip Rack 300 µL on 6
Aspirating 275.0 uL from A1 of NEST 12 Well Reservoir 15 mL on 1 at 9.4 uL/sec
Air gap
	Aspirating 10.0 uL from A1 of NEST 12 Well Reservoir 15 mL on 1 at 94.0 uL/sec
Dispensing 285.0 uL into A3 of Thermo-Fisher Kingfisher Deep Well 96 Well Plate 2000 µL on 2 at 9.4 uL/sec
Blowing out at A3 of Thermo-Fisher Kingfisher Deep Well 96 Well Plate 2000 µL on 2
Dropping tip into A1 of Opentrons Fixed Trash on 12


Picking up tip from A5 of Opentrons OT-2 96 Tip Rack 300 µL on 6
Aspirating 275.0 uL from A2 of NEST 12 Well Reservoir 15 mL on 1 at 9.4 uL/sec
Air gap
	Aspirating 10.0 uL from A2 of NEST 12 Well Reservoir 15 mL on 1 at 94.0 uL/sec
Dispensing 285.0 uL into A4 of Thermo-Fisher Kingfisher Deep Well 96 Well Plate 2000 µL on 2 at 9.4 uL/sec
Blowing out at A4 of Thermo-Fisher Kingfisher Deep Well 96 Well Plate 2000 µL on 2
Dropping tip into A1 of Opentrons Fixed Trash on 12


Picking up tip from A6 of Opentrons OT-2 96 Tip Rack 300 µL on 6
Aspirating 275.0 uL from A2 of NEST 12 Well Reservoir 15 mL on 1 at 9.4 uL/sec
Air gap
	Aspirating 10.0 uL from A2 of NEST 12 Well Reservoir 15 mL on 1 at 94.0 uL/sec
Dispensing 285.0 uL into A5 of Thermo-Fisher Kingfisher Deep Well 96 Well Plate 2000 µL on 2 at 9.4 uL/sec
Blowing out at A5 of Thermo-Fisher Kingfisher Deep Well 96 Well Plate 2000 µL on 2
Dropping tip into A1 of Opentrons Fixed Trash on 12


Picking up tip from A7 of Opentrons OT-2 96 Tip Rack 300 µL on 6
Aspirating 275.0 uL from A2 of NEST 12 Well Reservoir 15 mL on 1 at 9.4 uL/sec
Air gap
	Aspirating 10.0 uL from A2 of NEST 12 Well Reservoir 15 mL on 1 at 94.0 uL/sec
Dispensing 285.0 uL into A6 of Thermo-Fisher Kingfisher Deep Well 96 Well Plate 2000 µL on 2 at 9.4 uL/sec
Blowing out at A6 of Thermo-Fisher Kingfisher Deep Well 96 Well Plate 2000 µL on 2
Dropping tip into A1 of Opentrons Fixed Trash on 12


Picking up tip from A8 of Opentrons OT-2 96 Tip Rack 300 µL on 6
Aspirating 275.0 uL from A2 of NEST 12 Well Reservoir 15 mL on 1 at 9.4 uL/sec
Air gap
	Aspirating 10.0 uL from A2 of NEST 12 Well Reservoir 15 mL on 1 at 94.0 uL/sec
Dispensing 285.0 uL into A7 of Thermo-Fisher Kingfisher Deep Well 96 Well Plate 2000 µL on 2 at 9.4 uL/sec
Blowing out at A7 of Thermo-Fisher Kingfisher Deep Well 96 Well Plate 2000 µL on 2
Dropping tip into A1 of Opentrons Fixed Trash on 12


Picking up tip from A9 of Opentrons OT-2 96 Tip Rack 300 µL on 6
Aspirating 275.0 uL from A3 of NEST 12 Well Reservoir 15 mL on 1 at 9.4 uL/sec
Air gap
	Aspirating 10.0 uL from A3 of NEST 12 Well Reservoir 15 mL on 1 at 94.0 uL/sec
Dispensing 285.0 uL into A8 of Thermo-Fisher Kingfisher Deep Well 96 Well Plate 2000 µL on 2 at 9.4 uL/sec
Blowing out at A8 of Thermo-Fisher Kingfisher Deep Well 96 Well Plate 2000 µL on 2
Dropping tip into A1 of Opentrons Fixed Trash on 12


Picking up tip from A10 of Opentrons OT-2 96 Tip Rack 300 µL on 6
Aspirating 275.0 uL from A3 of NEST 12 Well Reservoir 15 mL on 1 at 9.4 uL/sec
Air gap
	Aspirating 10.0 uL from A3 of NEST 12 Well Reservoir 15 mL on 1 at 94.0 uL/sec
Dispensing 285.0 uL into A9 of Thermo-Fisher Kingfisher Deep Well 96 Well Plate 2000 µL on 2 at 9.4 uL/sec
Blowing out at A9 of Thermo-Fisher Kingfisher Deep Well 96 Well Plate 2000 µL on 2
Dropping tip into A1 of Opentrons Fixed Trash on 12


Picking up tip from A11 of Opentrons OT-2 96 Tip Rack 300 µL on 6
Aspirating 275.0 uL from A3 of NEST 12 Well Reservoir 15 mL on 1 at 9.4 uL/sec
Air gap
	Aspirating 10.0 uL from A3 of NEST 12 Well Reservoir 15 mL on 1 at 94.0 uL/sec
Dispensing 285.0 uL into A10 of Thermo-Fisher Kingfisher Deep Well 96 Well Plate 2000 µL on 2 at 9.4 uL/sec
Blowing out at A10 of Thermo-Fisher Kingfisher Deep Well 96 Well Plate 2000 µL on 2
Dropping tip into A1 of Opentrons Fixed Trash on 12


Picking up tip from A12 of Opentrons OT-2 96 Tip Rack 300 µL on 6
Aspirating 275.0 uL from A3 of NEST 12 Well Reservoir 15 mL on 1 at 9.4 uL/sec
Air gap
	Aspirating 10.0 uL from A3 of NEST 12 Well Reservoir 15 mL on 1 at 94.0 uL/sec
Dispensing 285.0 uL into A11 of Thermo-Fisher Kingfisher Deep Well 96 Well Plate 2000 µL on 2 at 9.4 uL/sec
Blowing out at A11 of Thermo-Fisher Kingfisher Deep Well 96 Well Plate 2000 µL on 2
Dropping tip into A1 of Opentrons Fixed Trash on 12


Picking up tip from A1 of Opentrons OT-2 96 Tip Rack 300 µL on 3
Aspirating 275.0 uL from A4 of NEST 12 Well Reservoir 15 mL on 1 at 9.4 uL/sec
Air gap
	Aspirating 10.0 uL from A4 of NEST 12 Well Reservoir 15 mL on 1 at 94.0 uL/sec
Dispensing 285.0 uL into A12 of Thermo-Fisher Kingfisher Deep Well 96 Well Plate 2000 µL on 2 at 9.4 uL/sec
Blowing out at A12 of Thermo-Fisher Kingfisher Deep Well 96 Well Plate 2000 µL on 2
Dropping tip into A1 of Opentrons Fixed Trash on 12




 - Protocol finished! - 


Expected mastermix transfer volume: 26400


Actually transferred volume of mastermix: 0

Caught exception: {'message': 'Task was destroyed but it is pending!', 'task': <Task pending name='Task-4' coro=<Poller._poll_forever() running at /Users/dp/Desktop/project/github/opentrons/venv/lib/python3.10/site-packages/opentrons/hardware_control/poller.py:80> wait_for=<Future pending cb=[Task.task_wakeup()]>>}
Caught exception: {'message': 'Task was destroyed but it is pending!', 'task': <Task pending name='Task-3' coro=<Poller._poll_forever() running at /Users/dp/Desktop/project/github/opentrons/venv/lib/python3.10/site-packages/opentrons/hardware_control/poller.py:80> wait_for=<Future pending cb=[Task.task_wakeup()]>>}
Caught exception: {'message': 'Task was destroyed but it is pending!', 'task': <Task pending name='Task-2' coro=<Poller._poll_forever() running at /Users/dp/Desktop/project/github/opentrons/venv/lib/python3.10/site-packages/opentrons/hardware_control/poller.py:80> wait_for=<Future pending cb=[Task.task_wakeup()]>>}
