/Users/dp/Desktop/project/github/opentrons/venv/lib/python3.10/site-packages/opentrons/hardware_control/simulator_setup.py:205: UserWarning: Simulator configuration does not name a machine, defaulting to OT-2 Standard
  warn(
/Users/dp/.opentrons/robot_settings.json not found. Loading defaults
Deck calibration not found.
/Users/dp/.opentrons/deck_calibration.json not found. Loading defaults

--------------ADDING AQUEOUS TO PLATES---------------


Picking up tip from A1 of Opentrons OT-2 96 Tip Rack 300 µL on 1
Aspirating 100.0 uL from A1 of Opentrons 6 Tube Rack with Falcon 50 mL Conical on 10 at 92.86 uL/sec
Touching tip
Delaying for 0 minutes and 2.0 seconds
Dispensing 100.0 uL into A1 of V&P Scientific 48 Well Plate 2000 µL on 7 at 92.86 uL/sec
Blowing out at A1 of V&P Scientific 48 Well Plate 2000 µL on 7
Dropping tip into A1 of Opentrons Fixed Trash on 12


Picking up tip from A1 of Opentrons OT-2 96 Tip Rack 1000 µL on 4
Aspirating 600.0 uL from A2 of Opentrons 6 Tube Rack with Falcon 50 mL Conical on 10 at 274.7 uL/sec
Touching tip
Delaying for 0 minutes and 2.0 seconds
Dispensing 600.0 uL into A1 of V&P Scientific 48 Well Plate 2000 µL on 7 at 274.7 uL/sec
Blowing out at A1 of V&P Scientific 48 Well Plate 2000 µL on 7
Dropping tip into A1 of Opentrons Fixed Trash on 12


Picking up tip from B1 of Opentrons OT-2 96 Tip Rack 1000 µL on 4
Aspirating 600.0 uL from A3 of Opentrons 6 Tube Rack with Falcon 50 mL Conical on 10 at 274.7 uL/sec
Touching tip
Delaying for 0 minutes and 2.0 seconds
Dispensing 600.0 uL into A1 of V&P Scientific 48 Well Plate 2000 µL on 7 at 274.7 uL/sec
Blowing out at A1 of V&P Scientific 48 Well Plate 2000 µL on 7
Dropping tip into A1 of Opentrons Fixed Trash on 12


Picking up tip from C1 of Opentrons OT-2 96 Tip Rack 1000 µL on 4
Aspirating 300.0 uL from B1 of Opentrons 6 Tube Rack with Falcon 50 mL Conical on 10 at 274.7 uL/sec
Touching tip
Delaying for 0 minutes and 2.0 seconds
Dispensing 300.0 uL into A1 of V&P Scientific 48 Well Plate 2000 µL on 7 at 274.7 uL/sec
Blowing out at A1 of V&P Scientific 48 Well Plate 2000 µL on 7
Dropping tip into A1 of Opentrons Fixed Trash on 12


Picking up tip from D1 of Opentrons OT-2 96 Tip Rack 1000 µL on 4
Aspirating 300.0 uL from B2 of Opentrons 6 Tube Rack with Falcon 50 mL Conical on 10 at 274.7 uL/sec
Touching tip
Delaying for 0 minutes and 2.0 seconds
Dispensing 300.0 uL into A1 of V&P Scientific 48 Well Plate 2000 µL on 7 at 274.7 uL/sec
Blowing out at A1 of V&P Scientific 48 Well Plate 2000 µL on 7
Dropping tip into A1 of Opentrons Fixed Trash on 12


Picking up tip from B1 of Opentrons OT-2 96 Tip Rack 300 µL on 1
Aspirating 50.0 uL from B3 of Opentrons 6 Tube Rack with Falcon 50 mL Conical on 10 at 92.86 uL/sec
Touching tip
Delaying for 0 minutes and 2.0 seconds
Dispensing 50.0 uL into A1 of V&P Scientific 48 Well Plate 2000 µL on 7 at 92.86 uL/sec
Blowing out at A1 of V&P Scientific 48 Well Plate 2000 µL on 7
Dropping tip into A1 of Opentrons Fixed Trash on 12



--------------ADDING OIL TO PLATES---------------


Picking up tip from C1 of Opentrons OT-2 96 Tip Rack 300 µL on 1
Aspirating 100.0 uL from A1 of Opentrons 6 Tube Rack with Falcon 50 mL Conical on 11 at 92.86 uL/sec
Touching tip
Delaying for 0 minutes and 2.0 seconds
Dispensing 100.0 uL into A1 of V&P Scientific 48 Well Plate 2000 µL on 7 at 92.86 uL/sec
Blowing out at A1 of V&P Scientific 48 Well Plate 2000 µL on 7
Dropping tip into A1 of Opentrons Fixed Trash on 12


Picking up tip from E1 of Opentrons OT-2 96 Tip Rack 1000 µL on 4
Aspirating 600.0 uL from A2 of Opentrons 6 Tube Rack with Falcon 50 mL Conical on 11 at 274.7 uL/sec
Touching tip
Delaying for 0 minutes and 2.0 seconds
Dispensing 600.0 uL into A1 of V&P Scientific 48 Well Plate 2000 µL on 7 at 274.7 uL/sec
Blowing out at A1 of V&P Scientific 48 Well Plate 2000 µL on 7
Dropping tip into A1 of Opentrons Fixed Trash on 12


Picking up tip from F1 of Opentrons OT-2 96 Tip Rack 1000 µL on 4
Aspirating 600.0 uL from A3 of Opentrons 6 Tube Rack with Falcon 50 mL Conical on 11 at 274.7 uL/sec
Touching tip
Delaying for 0 minutes and 2.0 seconds
Dispensing 600.0 uL into A1 of V&P Scientific 48 Well Plate 2000 µL on 7 at 274.7 uL/sec
Blowing out at A1 of V&P Scientific 48 Well Plate 2000 µL on 7
Dropping tip into A1 of Opentrons Fixed Trash on 12


Picking up tip from G1 of Opentrons OT-2 96 Tip Rack 1000 µL on 4
Aspirating 300.0 uL from B1 of Opentrons 6 Tube Rack with Falcon 50 mL Conical on 11 at 274.7 uL/sec
Touching tip
Delaying for 0 minutes and 2.0 seconds
Dispensing 300.0 uL into A1 of V&P Scientific 48 Well Plate 2000 µL on 7 at 274.7 uL/sec
Blowing out at A1 of V&P Scientific 48 Well Plate 2000 µL on 7
Dropping tip into A1 of Opentrons Fixed Trash on 12


Picking up tip from H1 of Opentrons OT-2 96 Tip Rack 1000 µL on 4
Aspirating 300.0 uL from B2 of Opentrons 6 Tube Rack with Falcon 50 mL Conical on 11 at 274.7 uL/sec
Touching tip
Delaying for 0 minutes and 2.0 seconds
Dispensing 300.0 uL into A1 of V&P Scientific 48 Well Plate 2000 µL on 7 at 274.7 uL/sec
Blowing out at A1 of V&P Scientific 48 Well Plate 2000 µL on 7
Dropping tip into A1 of Opentrons Fixed Trash on 12


Picking up tip from D1 of Opentrons OT-2 96 Tip Rack 300 µL on 1
Aspirating 50.0 uL from B3 of Opentrons 6 Tube Rack with Falcon 50 mL Conical on 11 at 92.86 uL/sec
Touching tip
Delaying for 0 minutes and 2.0 seconds
Dispensing 50.0 uL into A1 of V&P Scientific 48 Well Plate 2000 µL on 7 at 92.86 uL/sec
Blowing out at A1 of V&P Scientific 48 Well Plate 2000 µL on 7
Dropping tip into A1 of Opentrons Fixed Trash on 12


Caught exception: {'message': 'Task was destroyed but it is pending!', 'task': <Task pending name='Task-4' coro=<Poller._poll_forever() running at /Users/dp/Desktop/project/github/opentrons/venv/lib/python3.10/site-packages/opentrons/hardware_control/poller.py:80> wait_for=<Future pending cb=[Task.task_wakeup()]>>}
Caught exception: {'message': 'Task was destroyed but it is pending!', 'task': <Task pending name='Task-3' coro=<Poller._poll_forever() running at /Users/dp/Desktop/project/github/opentrons/venv/lib/python3.10/site-packages/opentrons/hardware_control/poller.py:80> wait_for=<Future pending cb=[Task.task_wakeup()]>>}
Caught exception: {'message': 'Task was destroyed but it is pending!', 'task': <Task pending name='Task-2' coro=<Poller._poll_forever() running at /Users/dp/Desktop/project/github/opentrons/venv/lib/python3.10/site-packages/opentrons/hardware_control/poller.py:80> wait_for=<Future pending cb=[Task.task_wakeup()]>>}
