/Users/dp/Desktop/project/github/opentrons/venv/lib/python3.10/site-packages/opentrons/hardware_control/simulator_setup.py:205: UserWarning: Simulator configuration does not name a machine, defaulting to OT-2 Standard
  warn(
/Users/dp/.opentrons/robot_settings.json not found. Loading defaults
Deck calibration not found.
/Users/dp/.opentrons/deck_calibration.json not found. Loading defaults
Delaying for 0 minutes and 10.0 seconds
Picking up tip from H1 of Opentrons OT-2 96 Tip Rack 300 µL on 11
Transferring [197.65, 186.73, 185.0] from A1 of Diluent on 5 to A1 of Destination Plate on 6
	Aspirating 197.65 uL from A1 of Diluent on 5 at 94.0 uL/sec
	Dispensing 197.65 uL into A1 of Destination Plate on 6 at 94.0 uL/sec
	Aspirating 186.73 uL from A1 of Diluent on 5 at 94.0 uL/sec
	Dispensing 186.73 uL into A2 of Destination Plate on 6 at 94.0 uL/sec
	Aspirating 185.0 uL from A1 of Diluent on 5 at 94.0 uL/sec
	Dispensing 185.0 uL into A3 of Destination Plate on 6 at 94.0 uL/sec
Dropping tip into A1 of Opentrons Fixed Trash on 12
Picking up tip from A1 of Opentrons OT-2 96 Tip Rack 20 µL on 10
Mixing 6 times with a volume of 20.0 ul
	Aspirating 20.0 uL from A1 of Sample Rack in Slot 1 on 1 at 7.56 uL/sec
	Dispensing 20.0 uL into A1 of Sample Rack in Slot 1 on 1 at 7.56 uL/sec
	Aspirating 20.0 uL from A1 of Sample Rack in Slot 1 on 1 at 7.56 uL/sec
	Dispensing 20.0 uL into A1 of Sample Rack in Slot 1 on 1 at 7.56 uL/sec
	Aspirating 20.0 uL from A1 of Sample Rack in Slot 1 on 1 at 7.56 uL/sec
	Dispensing 20.0 uL into A1 of Sample Rack in Slot 1 on 1 at 7.56 uL/sec
	Aspirating 20.0 uL from A1 of Sample Rack in Slot 1 on 1 at 7.56 uL/sec
	Dispensing 20.0 uL into A1 of Sample Rack in Slot 1 on 1 at 7.56 uL/sec
	Aspirating 20.0 uL from A1 of Sample Rack in Slot 1 on 1 at 7.56 uL/sec
	Dispensing 20.0 uL into A1 of Sample Rack in Slot 1 on 1 at 7.56 uL/sec
	Aspirating 20.0 uL from A1 of Sample Rack in Slot 1 on 1 at 7.56 uL/sec
	Dispensing 20.0 uL into A1 of Sample Rack in Slot 1 on 1 at 7.56 uL/sec
Transferring 2.35 from A1 of Sample Rack in Slot 1 on 1 to A1 of Destination Plate on 6
	Aspirating 2.35 uL from A1 of Sample Rack in Slot 1 on 1 at 7.56 uL/sec
	Dispensing 2.35 uL into A1 of Destination Plate on 6 at 7.56 uL/sec
Mixing 3 times with a volume of 20.0 ul
	Aspirating 20.0 uL from A1 of Sample Rack in Slot 1 on 1 at 7.56 uL/sec
	Dispensing 20.0 uL into A1 of Sample Rack in Slot 1 on 1 at 7.56 uL/sec
	Aspirating 20.0 uL from A1 of Sample Rack in Slot 1 on 1 at 7.56 uL/sec
	Dispensing 20.0 uL into A1 of Sample Rack in Slot 1 on 1 at 7.56 uL/sec
	Aspirating 20.0 uL from A1 of Sample Rack in Slot 1 on 1 at 7.56 uL/sec
	Dispensing 20.0 uL into A1 of Sample Rack in Slot 1 on 1 at 7.56 uL/sec
Dropping tip into A1 of Opentrons Fixed Trash on 12


Picking up tip from B1 of Opentrons OT-2 96 Tip Rack 20 µL on 10
Mixing 6 times with a volume of 20.0 ul
	Aspirating 20.0 uL from A2 of Sample Rack in Slot 4 on 4 at 7.56 uL/sec
	Dispensing 20.0 uL into A2 of Sample Rack in Slot 4 on 4 at 7.56 uL/sec
	Aspirating 20.0 uL from A2 of Sample Rack in Slot 4 on 4 at 7.56 uL/sec
	Dispensing 20.0 uL into A2 of Sample Rack in Slot 4 on 4 at 7.56 uL/sec
	Aspirating 20.0 uL from A2 of Sample Rack in Slot 4 on 4 at 7.56 uL/sec
	Dispensing 20.0 uL into A2 of Sample Rack in Slot 4 on 4 at 7.56 uL/sec
	Aspirating 20.0 uL from A2 of Sample Rack in Slot 4 on 4 at 7.56 uL/sec
	Dispensing 20.0 uL into A2 of Sample Rack in Slot 4 on 4 at 7.56 uL/sec
	Aspirating 20.0 uL from A2 of Sample Rack in Slot 4 on 4 at 7.56 uL/sec
	Dispensing 20.0 uL into A2 of Sample Rack in Slot 4 on 4 at 7.56 uL/sec
	Aspirating 20.0 uL from A2 of Sample Rack in Slot 4 on 4 at 7.56 uL/sec
	Dispensing 20.0 uL into A2 of Sample Rack in Slot 4 on 4 at 7.56 uL/sec
Transferring 13.27 from A2 of Sample Rack in Slot 4 on 4 to A2 of Destination Plate on 6
	Aspirating 13.27 uL from A2 of Sample Rack in Slot 4 on 4 at 7.56 uL/sec
	Dispensing 13.27 uL into A2 of Destination Plate on 6 at 7.56 uL/sec
Mixing 3 times with a volume of 20.0 ul
	Aspirating 20.0 uL from A2 of Sample Rack in Slot 4 on 4 at 7.56 uL/sec
	Dispensing 20.0 uL into A2 of Sample Rack in Slot 4 on 4 at 7.56 uL/sec
	Aspirating 20.0 uL from A2 of Sample Rack in Slot 4 on 4 at 7.56 uL/sec
	Dispensing 20.0 uL into A2 of Sample Rack in Slot 4 on 4 at 7.56 uL/sec
	Aspirating 20.0 uL from A2 of Sample Rack in Slot 4 on 4 at 7.56 uL/sec
	Dispensing 20.0 uL into A2 of Sample Rack in Slot 4 on 4 at 7.56 uL/sec
Dropping tip into A1 of Opentrons Fixed Trash on 12


Picking up tip from C1 of Opentrons OT-2 96 Tip Rack 20 µL on 10
Mixing 6 times with a volume of 20.0 ul
	Aspirating 20.0 uL from A3 of Sample Rack in Slot 7 on 7 at 7.56 uL/sec
	Dispensing 20.0 uL into A3 of Sample Rack in Slot 7 on 7 at 7.56 uL/sec
	Aspirating 20.0 uL from A3 of Sample Rack in Slot 7 on 7 at 7.56 uL/sec
	Dispensing 20.0 uL into A3 of Sample Rack in Slot 7 on 7 at 7.56 uL/sec
	Aspirating 20.0 uL from A3 of Sample Rack in Slot 7 on 7 at 7.56 uL/sec
	Dispensing 20.0 uL into A3 of Sample Rack in Slot 7 on 7 at 7.56 uL/sec
	Aspirating 20.0 uL from A3 of Sample Rack in Slot 7 on 7 at 7.56 uL/sec
	Dispensing 20.0 uL into A3 of Sample Rack in Slot 7 on 7 at 7.56 uL/sec
	Aspirating 20.0 uL from A3 of Sample Rack in Slot 7 on 7 at 7.56 uL/sec
	Dispensing 20.0 uL into A3 of Sample Rack in Slot 7 on 7 at 7.56 uL/sec
	Aspirating 20.0 uL from A3 of Sample Rack in Slot 7 on 7 at 7.56 uL/sec
	Dispensing 20.0 uL into A3 of Sample Rack in Slot 7 on 7 at 7.56 uL/sec
Transferring 15.0 from A3 of Sample Rack in Slot 7 on 7 to A3 of Destination Plate on 6
	Aspirating 15.0 uL from A3 of Sample Rack in Slot 7 on 7 at 7.56 uL/sec
	Dispensing 15.0 uL into A3 of Destination Plate on 6 at 7.56 uL/sec
Mixing 3 times with a volume of 20.0 ul
	Aspirating 20.0 uL from A3 of Sample Rack in Slot 7 on 7 at 7.56 uL/sec
	Dispensing 20.0 uL into A3 of Sample Rack in Slot 7 on 7 at 7.56 uL/sec
	Aspirating 20.0 uL from A3 of Sample Rack in Slot 7 on 7 at 7.56 uL/sec
	Dispensing 20.0 uL into A3 of Sample Rack in Slot 7 on 7 at 7.56 uL/sec
	Aspirating 20.0 uL from A3 of Sample Rack in Slot 7 on 7 at 7.56 uL/sec
	Dispensing 20.0 uL into A3 of Sample Rack in Slot 7 on 7 at 7.56 uL/sec
Dropping tip into A1 of Opentrons Fixed Trash on 12


Caught exception: {'message': 'Task was destroyed but it is pending!', 'task': <Task pending name='Task-4' coro=<Poller._poll_forever() running at /Users/dp/Desktop/project/github/opentrons/venv/lib/python3.10/site-packages/opentrons/hardware_control/poller.py:80> wait_for=<Future pending cb=[Task.task_wakeup()]>>}
Caught exception: {'message': 'Task was destroyed but it is pending!', 'task': <Task pending name='Task-3' coro=<Poller._poll_forever() running at /Users/dp/Desktop/project/github/opentrons/venv/lib/python3.10/site-packages/opentrons/hardware_control/poller.py:80> wait_for=<Future pending cb=[Task.task_wakeup()]>>}
Caught exception: {'message': 'Task was destroyed but it is pending!', 'task': <Task pending name='Task-2' coro=<Poller._poll_forever() running at /Users/dp/Desktop/project/github/opentrons/venv/lib/python3.10/site-packages/opentrons/hardware_control/poller.py:80> wait_for=<Future pending cb=[Task.task_wakeup()]>>}
