/Users/dp/Desktop/project/github/opentrons/venv/lib/python3.10/site-packages/opentrons/hardware_control/simulator_setup.py:205: UserWarning: Simulator configuration does not name a machine, defaulting to OT-2 Standard
  warn(
/Users/dp/.opentrons/robot_settings.json not found. Loading defaults
Deck calibration not found.
/Users/dp/.opentrons/deck_calibration.json not found. Loading defaults
Abgene 96 Well Plate 2000 µL on Magnetic Module GEN2 on 4
Latching labware on Heater-Shaker
Logs from this command:
WARNING (legacy_module_core): The labware definition for abgene_96_wellplate_2000ul does not define a default engagement height for use with the Magnetic Module; you must specify a height explicitly when calling engage().

---------------ADDING SAMPLE----------------


Picking up tip from A1 of Opentrons OT-2 96 Filter Tip Rack 200 µL on 5
Aspirating 150.0 uL from A1 of Abgene 96 Well Plate 2000 µL on 1 at 92.86 uL/sec
Dispensing 150.0 uL into A1 of Abgene 96 Well Plate 2000 µL on Heater-Shaker Module GEN1 on 10 at 92.86 uL/sec
Blowing out at A1 of Abgene 96 Well Plate 2000 µL on Heater-Shaker Module GEN1 on 10
Aspirating 150.0 uL from A1 of Abgene 96 Well Plate 2000 µL on 1 at 92.86 uL/sec
Dispensing 150.0 uL into A1 of Abgene 96 Well Plate 2000 µL on Heater-Shaker Module GEN1 on 10 at 92.86 uL/sec
Blowing out at A1 of Abgene 96 Well Plate 2000 µL on Heater-Shaker Module GEN1 on 10
Dropping tip into A1 of Opentrons Fixed Trash on 12


Picking up tip from B1 of Opentrons OT-2 96 Filter Tip Rack 200 µL on 5
Aspirating 150.0 uL from B1 of Abgene 96 Well Plate 2000 µL on 1 at 92.86 uL/sec
Dispensing 150.0 uL into B1 of Abgene 96 Well Plate 2000 µL on Heater-Shaker Module GEN1 on 10 at 92.86 uL/sec
Blowing out at B1 of Abgene 96 Well Plate 2000 µL on Heater-Shaker Module GEN1 on 10
Aspirating 150.0 uL from B1 of Abgene 96 Well Plate 2000 µL on 1 at 92.86 uL/sec
Dispensing 150.0 uL into B1 of Abgene 96 Well Plate 2000 µL on Heater-Shaker Module GEN1 on 10 at 92.86 uL/sec
Blowing out at B1 of Abgene 96 Well Plate 2000 µL on Heater-Shaker Module GEN1 on 10
Dropping tip into A1 of Opentrons Fixed Trash on 12


Picking up tip from C1 of Opentrons OT-2 96 Filter Tip Rack 200 µL on 5
Aspirating 150.0 uL from A1 of Abgene 96 Well Plate 2000 µL on 2 at 92.86 uL/sec
Dispensing 150.0 uL into C1 of Abgene 96 Well Plate 2000 µL on Heater-Shaker Module GEN1 on 10 at 92.86 uL/sec
Blowing out at C1 of Abgene 96 Well Plate 2000 µL on Heater-Shaker Module GEN1 on 10
Aspirating 150.0 uL from A1 of Abgene 96 Well Plate 2000 µL on 2 at 92.86 uL/sec
Dispensing 150.0 uL into C1 of Abgene 96 Well Plate 2000 µL on Heater-Shaker Module GEN1 on 10 at 92.86 uL/sec
Blowing out at C1 of Abgene 96 Well Plate 2000 µL on Heater-Shaker Module GEN1 on 10
Dropping tip into A1 of Opentrons Fixed Trash on 12


Picking up tip from D1 of Opentrons OT-2 96 Filter Tip Rack 200 µL on 5
Aspirating 150.0 uL from B1 of Abgene 96 Well Plate 2000 µL on 2 at 92.86 uL/sec
Dispensing 150.0 uL into D1 of Abgene 96 Well Plate 2000 µL on Heater-Shaker Module GEN1 on 10 at 92.86 uL/sec
Blowing out at D1 of Abgene 96 Well Plate 2000 µL on Heater-Shaker Module GEN1 on 10
Aspirating 150.0 uL from B1 of Abgene 96 Well Plate 2000 µL on 2 at 92.86 uL/sec
Dispensing 150.0 uL into D1 of Abgene 96 Well Plate 2000 µL on Heater-Shaker Module GEN1 on 10 at 92.86 uL/sec
Blowing out at D1 of Abgene 96 Well Plate 2000 µL on Heater-Shaker Module GEN1 on 10
Dropping tip into A1 of Opentrons Fixed Trash on 12


Picking up tip from E1 of Opentrons OT-2 96 Filter Tip Rack 200 µL on 5
Aspirating 150.0 uL from A1 of Abgene 96 Well Plate 2000 µL on 3 at 92.86 uL/sec
Dispensing 150.0 uL into E1 of Abgene 96 Well Plate 2000 µL on Heater-Shaker Module GEN1 on 10 at 92.86 uL/sec
Blowing out at E1 of Abgene 96 Well Plate 2000 µL on Heater-Shaker Module GEN1 on 10
Aspirating 150.0 uL from A1 of Abgene 96 Well Plate 2000 µL on 3 at 92.86 uL/sec
Dispensing 150.0 uL into E1 of Abgene 96 Well Plate 2000 µL on Heater-Shaker Module GEN1 on 10 at 92.86 uL/sec
Blowing out at E1 of Abgene 96 Well Plate 2000 µL on Heater-Shaker Module GEN1 on 10
Dropping tip into A1 of Opentrons Fixed Trash on 12


Picking up tip from F1 of Opentrons OT-2 96 Filter Tip Rack 200 µL on 5
Aspirating 150.0 uL from B1 of Abgene 96 Well Plate 2000 µL on 3 at 92.86 uL/sec
Dispensing 150.0 uL into F1 of Abgene 96 Well Plate 2000 µL on Heater-Shaker Module GEN1 on 10 at 92.86 uL/sec
Blowing out at F1 of Abgene 96 Well Plate 2000 µL on Heater-Shaker Module GEN1 on 10
Aspirating 150.0 uL from B1 of Abgene 96 Well Plate 2000 µL on 3 at 92.86 uL/sec
Dispensing 150.0 uL into F1 of Abgene 96 Well Plate 2000 µL on Heater-Shaker Module GEN1 on 10 at 92.86 uL/sec
Blowing out at F1 of Abgene 96 Well Plate 2000 µL on Heater-Shaker Module GEN1 on 10
Dropping tip into A1 of Opentrons Fixed Trash on 12



---------------ADDING CONTROLS----------------


Picking up tip from G1 of Opentrons OT-2 96 Filter Tip Rack 200 µL on 5
Aspirating 150.0 uL from A1 of Abgene 96 Well Plate 2000 µL on 8 at 92.86 uL/sec
Dispensing 150.0 uL into C12 of Abgene 96 Well Plate 2000 µL on Heater-Shaker Module GEN1 on 10 at 92.86 uL/sec
Blowing out at C12 of Abgene 96 Well Plate 2000 µL on Heater-Shaker Module GEN1 on 10
Aspirating 150.0 uL from A1 of Abgene 96 Well Plate 2000 µL on 8 at 92.86 uL/sec
Dispensing 150.0 uL into C12 of Abgene 96 Well Plate 2000 µL on Heater-Shaker Module GEN1 on 10 at 92.86 uL/sec
Blowing out at C12 of Abgene 96 Well Plate 2000 µL on Heater-Shaker Module GEN1 on 10
Dropping tip into A1 of Opentrons Fixed Trash on 12


Picking up tip from H1 of Opentrons OT-2 96 Filter Tip Rack 200 µL on 5
Aspirating 150.0 uL from B1 of Abgene 96 Well Plate 2000 µL on 8 at 92.86 uL/sec
Dispensing 150.0 uL into D12 of Abgene 96 Well Plate 2000 µL on Heater-Shaker Module GEN1 on 10 at 92.86 uL/sec
Blowing out at D12 of Abgene 96 Well Plate 2000 µL on Heater-Shaker Module GEN1 on 10
Aspirating 150.0 uL from B1 of Abgene 96 Well Plate 2000 µL on 8 at 92.86 uL/sec
Dispensing 150.0 uL into D12 of Abgene 96 Well Plate 2000 µL on Heater-Shaker Module GEN1 on 10 at 92.86 uL/sec
Blowing out at D12 of Abgene 96 Well Plate 2000 µL on Heater-Shaker Module GEN1 on 10
Dropping tip into A1 of Opentrons Fixed Trash on 12


Picking up tip from A2 of Opentrons OT-2 96 Filter Tip Rack 200 µL on 5
Aspirating 150.0 uL from C1 of Abgene 96 Well Plate 2000 µL on 8 at 92.86 uL/sec
Dispensing 150.0 uL into E12 of Abgene 96 Well Plate 2000 µL on Heater-Shaker Module GEN1 on 10 at 92.86 uL/sec
Blowing out at E12 of Abgene 96 Well Plate 2000 µL on Heater-Shaker Module GEN1 on 10
Aspirating 150.0 uL from C1 of Abgene 96 Well Plate 2000 µL on 8 at 92.86 uL/sec
Dispensing 150.0 uL into E12 of Abgene 96 Well Plate 2000 µL on Heater-Shaker Module GEN1 on 10 at 92.86 uL/sec
Blowing out at E12 of Abgene 96 Well Plate 2000 µL on Heater-Shaker Module GEN1 on 10
Dropping tip into A1 of Opentrons Fixed Trash on 12


Picking up tip from B2 of Opentrons OT-2 96 Filter Tip Rack 200 µL on 5
Aspirating 150.0 uL from D1 of Abgene 96 Well Plate 2000 µL on 8 at 92.86 uL/sec
Dispensing 150.0 uL into F12 of Abgene 96 Well Plate 2000 µL on Heater-Shaker Module GEN1 on 10 at 92.86 uL/sec
Blowing out at F12 of Abgene 96 Well Plate 2000 µL on Heater-Shaker Module GEN1 on 10
Aspirating 150.0 uL from D1 of Abgene 96 Well Plate 2000 µL on 8 at 92.86 uL/sec
Dispensing 150.0 uL into F12 of Abgene 96 Well Plate 2000 µL on Heater-Shaker Module GEN1 on 10 at 92.86 uL/sec
Blowing out at F12 of Abgene 96 Well Plate 2000 µL on Heater-Shaker Module GEN1 on 10
Dropping tip into A1 of Opentrons Fixed Trash on 12


Picking up tip from C2 of Opentrons OT-2 96 Filter Tip Rack 200 µL on 5
Aspirating 150.0 uL from E1 of Abgene 96 Well Plate 2000 µL on 8 at 92.86 uL/sec
Dispensing 150.0 uL into G12 of Abgene 96 Well Plate 2000 µL on Heater-Shaker Module GEN1 on 10 at 92.86 uL/sec
Blowing out at G12 of Abgene 96 Well Plate 2000 µL on Heater-Shaker Module GEN1 on 10
Aspirating 150.0 uL from E1 of Abgene 96 Well Plate 2000 µL on 8 at 92.86 uL/sec
Dispensing 150.0 uL into G12 of Abgene 96 Well Plate 2000 µL on Heater-Shaker Module GEN1 on 10 at 92.86 uL/sec
Blowing out at G12 of Abgene 96 Well Plate 2000 µL on Heater-Shaker Module GEN1 on 10
Dropping tip into A1 of Opentrons Fixed Trash on 12


Picking up tip from D2 of Opentrons OT-2 96 Filter Tip Rack 200 µL on 5
Aspirating 150.0 uL from F1 of Abgene 96 Well Plate 2000 µL on 8 at 92.86 uL/sec
Dispensing 150.0 uL into H12 of Abgene 96 Well Plate 2000 µL on Heater-Shaker Module GEN1 on 10 at 92.86 uL/sec
Blowing out at H12 of Abgene 96 Well Plate 2000 µL on Heater-Shaker Module GEN1 on 10
Aspirating 150.0 uL from F1 of Abgene 96 Well Plate 2000 µL on 8 at 92.86 uL/sec
Dispensing 150.0 uL into H12 of Abgene 96 Well Plate 2000 µL on Heater-Shaker Module GEN1 on 10 at 92.86 uL/sec
Blowing out at H12 of Abgene 96 Well Plate 2000 µL on Heater-Shaker Module GEN1 on 10
Dropping tip into A1 of Opentrons Fixed Trash on 12



---------------ADDING 50ul REAGENT----------------


Picking up tip from A3 of Opentrons OT-2 96 Filter Tip Rack 200 µL on 5
Aspirating 50.0 uL from A2 of Abgene 96 Well Plate 2000 µL on 8 at 94.0 uL/sec
Dispensing 50.0 uL into A1 of Abgene 96 Well Plate 2000 µL on Heater-Shaker Module GEN1 on 10 at 94.0 uL/sec
Mixing 3 times with a volume of 200.0 ul
	Aspirating 200.0 uL from A1 of Abgene 96 Well Plate 2000 µL on Heater-Shaker Module GEN1 on 10 at 94.0 uL/sec
	Dispensing 200.0 uL into A1 of Abgene 96 Well Plate 2000 µL on Heater-Shaker Module GEN1 on 10 at 94.0 uL/sec
	Aspirating 200.0 uL from A1 of Abgene 96 Well Plate 2000 µL on Heater-Shaker Module GEN1 on 10 at 94.0 uL/sec
	Dispensing 200.0 uL into A1 of Abgene 96 Well Plate 2000 µL on Heater-Shaker Module GEN1 on 10 at 94.0 uL/sec
	Aspirating 200.0 uL from A1 of Abgene 96 Well Plate 2000 µL on Heater-Shaker Module GEN1 on 10 at 94.0 uL/sec
	Dispensing 200.0 uL into A1 of Abgene 96 Well Plate 2000 µL on Heater-Shaker Module GEN1 on 10 at 94.0 uL/sec
Blowing out at A1 of Abgene 96 Well Plate 2000 µL on Heater-Shaker Module GEN1 on 10
Dropping tip into A1 of Opentrons Fixed Trash on 12


Picking up tip from A4 of Opentrons OT-2 96 Filter Tip Rack 200 µL on 5
Aspirating 50.0 uL from A2 of Abgene 96 Well Plate 2000 µL on 8 at 94.0 uL/sec
Dispensing 50.0 uL into A2 of Abgene 96 Well Plate 2000 µL on Heater-Shaker Module GEN1 on 10 at 94.0 uL/sec
Mixing 3 times with a volume of 200.0 ul
	Aspirating 200.0 uL from A2 of Abgene 96 Well Plate 2000 µL on Heater-Shaker Module GEN1 on 10 at 94.0 uL/sec
	Dispensing 200.0 uL into A2 of Abgene 96 Well Plate 2000 µL on Heater-Shaker Module GEN1 on 10 at 94.0 uL/sec
	Aspirating 200.0 uL from A2 of Abgene 96 Well Plate 2000 µL on Heater-Shaker Module GEN1 on 10 at 94.0 uL/sec
	Dispensing 200.0 uL into A2 of Abgene 96 Well Plate 2000 µL on Heater-Shaker Module GEN1 on 10 at 94.0 uL/sec
	Aspirating 200.0 uL from A2 of Abgene 96 Well Plate 2000 µL on Heater-Shaker Module GEN1 on 10 at 94.0 uL/sec
	Dispensing 200.0 uL into A2 of Abgene 96 Well Plate 2000 µL on Heater-Shaker Module GEN1 on 10 at 94.0 uL/sec
Blowing out at A2 of Abgene 96 Well Plate 2000 µL on Heater-Shaker Module GEN1 on 10
Dropping tip into A1 of Opentrons Fixed Trash on 12


Picking up tip from A5 of Opentrons OT-2 96 Filter Tip Rack 200 µL on 5
Aspirating 50.0 uL from A2 of Abgene 96 Well Plate 2000 µL on 8 at 94.0 uL/sec
Dispensing 50.0 uL into A12 of Abgene 96 Well Plate 2000 µL on Heater-Shaker Module GEN1 on 10 at 94.0 uL/sec
Mixing 3 times with a volume of 200.0 ul
	Aspirating 200.0 uL from A12 of Abgene 96 Well Plate 2000 µL on Heater-Shaker Module GEN1 on 10 at 94.0 uL/sec
	Dispensing 200.0 uL into A12 of Abgene 96 Well Plate 2000 µL on Heater-Shaker Module GEN1 on 10 at 94.0 uL/sec
	Aspirating 200.0 uL from A12 of Abgene 96 Well Plate 2000 µL on Heater-Shaker Module GEN1 on 10 at 94.0 uL/sec
	Dispensing 200.0 uL into A12 of Abgene 96 Well Plate 2000 µL on Heater-Shaker Module GEN1 on 10 at 94.0 uL/sec
	Aspirating 200.0 uL from A12 of Abgene 96 Well Plate 2000 µL on Heater-Shaker Module GEN1 on 10 at 94.0 uL/sec
	Dispensing 200.0 uL into A12 of Abgene 96 Well Plate 2000 µL on Heater-Shaker Module GEN1 on 10 at 94.0 uL/sec
Blowing out at A2 of Abgene 96 Well Plate 2000 µL on Heater-Shaker Module GEN1 on 10
Dropping tip into A1 of Opentrons Fixed Trash on 12


Setting Target Temperature of Heater-Shaker to 37 °C
Waiting for Heater-Shaker to reach target temperature
Setting Heater-Shaker to Shake at 200 RPM and waiting until reached
Delaying for 60 minutes and 0.0 seconds
Deactivating Heater
Deactivating Shaker

---------------ADDING 60ul REAGENT----------------


Picking up tip from A6 of Opentrons OT-2 96 Filter Tip Rack 200 µL on 5
Aspirating 60.0 uL from A3 of Abgene 96 Well Plate 2000 µL on 8 at 94.0 uL/sec
Dispensing 60.0 uL into A1 of Abgene 96 Well Plate 2000 µL on Heater-Shaker Module GEN1 on 10 at 94.0 uL/sec
Blowing out at A1 of Abgene 96 Well Plate 2000 µL on Heater-Shaker Module GEN1 on 10
Dropping tip into A1 of Opentrons Fixed Trash on 12


Picking up tip from A7 of Opentrons OT-2 96 Filter Tip Rack 200 µL on 5
Aspirating 60.0 uL from A3 of Abgene 96 Well Plate 2000 µL on 8 at 94.0 uL/sec
Dispensing 60.0 uL into A2 of Abgene 96 Well Plate 2000 µL on Heater-Shaker Module GEN1 on 10 at 94.0 uL/sec
Blowing out at A2 of Abgene 96 Well Plate 2000 µL on Heater-Shaker Module GEN1 on 10
Dropping tip into A1 of Opentrons Fixed Trash on 12


Picking up tip from A8 of Opentrons OT-2 96 Filter Tip Rack 200 µL on 5
Aspirating 60.0 uL from A3 of Abgene 96 Well Plate 2000 µL on 8 at 94.0 uL/sec
Dispensing 60.0 uL into A12 of Abgene 96 Well Plate 2000 µL on Heater-Shaker Module GEN1 on 10 at 94.0 uL/sec
Blowing out at A2 of Abgene 96 Well Plate 2000 µL on Heater-Shaker Module GEN1 on 10
Dropping tip into A1 of Opentrons Fixed Trash on 12


Setting Target Temperature of Heater-Shaker to 55 °C
Waiting for Heater-Shaker to reach target temperature
Delaying for 30 minutes and 0.0 seconds
Deactivating Heater
Deactivating Shaker
Caught exception: {'message': 'Task was destroyed but it is pending!', 'task': <Task pending name='Task-2' coro=<Poller._poll_forever() running at /Users/dp/Desktop/project/github/opentrons/venv/lib/python3.10/site-packages/opentrons/hardware_control/poller.py:80> wait_for=<Future pending cb=[Task.task_wakeup()]>>}
Caught exception: {'message': 'Task was destroyed but it is pending!', 'task': <Task pending name='Task-4' coro=<Poller._poll_forever() running at /Users/dp/Desktop/project/github/opentrons/venv/lib/python3.10/site-packages/opentrons/hardware_control/poller.py:80> wait_for=<Future pending cb=[Task.task_wakeup()]>>}
Caught exception: {'message': 'Task was destroyed but it is pending!', 'task': <Task pending name='Task-3' coro=<Poller._poll_forever() running at /Users/dp/Desktop/project/github/opentrons/venv/lib/python3.10/site-packages/opentrons/hardware_control/poller.py:80> wait_for=<Future pending cb=[Task.task_wakeup()]>>}
