/Users/dp/Desktop/project/github/opentrons/venv/lib/python3.10/site-packages/opentrons/hardware_control/simulator_setup.py:205: UserWarning: Simulator configuration does not name a machine, defaulting to OT-2 Standard
  warn(
/Users/dp/.opentrons/robot_settings.json not found. Loading defaults
Deck calibration not found.
/Users/dp/.opentrons/deck_calibration.json not found. Loading defaults
Picking up tip from H12 of Opentrons OT-2 96 Tip Rack 300 µL on 8
Aspirating 150.0 uL from A1 of Cytiva 24 Well Plate 2000 µL on 7 at 94.0 uL/sec
Moving to A1 of Cytiva 24 Well Plate 2000 µL on 7
Dispensing 150.0 uL into A1 of Greiner 96 Well Plate 340 µL on 4 at 94.0 uL/sec
Moving to A1 of Greiner 96 Well Plate 340 µL on 4
Aspirating 150.0 uL from A1 of Cytiva 24 Well Plate 2000 µL on 7 at 94.0 uL/sec
Moving to A1 of Cytiva 24 Well Plate 2000 µL on 7
Dispensing 150.0 uL into B1 of Greiner 96 Well Plate 340 µL on 4 at 94.0 uL/sec
Moving to B1 of Greiner 96 Well Plate 340 µL on 4
Aspirating 150.0 uL from A1 of Cytiva 24 Well Plate 2000 µL on 7 at 94.0 uL/sec
Moving to A1 of Cytiva 24 Well Plate 2000 µL on 7
Dispensing 150.0 uL into C1 of Greiner 96 Well Plate 340 µL on 4 at 94.0 uL/sec
Moving to C1 of Greiner 96 Well Plate 340 µL on 4
Aspirating 150.0 uL from A1 of Cytiva 24 Well Plate 2000 µL on 7 at 94.0 uL/sec
Moving to A1 of Cytiva 24 Well Plate 2000 µL on 7
Dispensing 150.0 uL into D1 of Greiner 96 Well Plate 340 µL on 4 at 94.0 uL/sec
Moving to D1 of Greiner 96 Well Plate 340 µL on 4
Aspirating 150.0 uL from A1 of Cytiva 24 Well Plate 2000 µL on 7 at 94.0 uL/sec
Moving to A1 of Cytiva 24 Well Plate 2000 µL on 7
Dispensing 150.0 uL into E1 of Greiner 96 Well Plate 340 µL on 4 at 94.0 uL/sec
Moving to E1 of Greiner 96 Well Plate 340 µL on 4
Aspirating 150.0 uL from A1 of Cytiva 24 Well Plate 2000 µL on 7 at 94.0 uL/sec
Moving to A1 of Cytiva 24 Well Plate 2000 µL on 7
Dispensing 150.0 uL into F1 of Greiner 96 Well Plate 340 µL on 4 at 94.0 uL/sec
Moving to F1 of Greiner 96 Well Plate 340 µL on 4
Aspirating 150.0 uL from A1 of Cytiva 24 Well Plate 2000 µL on 7 at 94.0 uL/sec
Moving to A1 of Cytiva 24 Well Plate 2000 µL on 7
Dispensing 150.0 uL into G1 of Greiner 96 Well Plate 340 µL on 4 at 94.0 uL/sec
Moving to G1 of Greiner 96 Well Plate 340 µL on 4
Aspirating 150.0 uL from A1 of Cytiva 24 Well Plate 2000 µL on 7 at 94.0 uL/sec
Moving to A1 of Cytiva 24 Well Plate 2000 µL on 7
Dispensing 150.0 uL into H1 of Greiner 96 Well Plate 340 µL on 4 at 94.0 uL/sec
Moving to H1 of Greiner 96 Well Plate 340 µL on 4
Dropping tip into A1 of Opentrons Fixed Trash on 12
Picking up tip from G12 of Opentrons OT-2 96 Tip Rack 300 µL on 8
Aspirating 151.0 uL from B1 of Cytiva 24 Well Plate 2000 µL on 7 at 94.0 uL/sec
Moving to B1 of Cytiva 24 Well Plate 2000 µL on 7
Dispensing 151.0 uL into A2 of Greiner 96 Well Plate 340 µL on 4 at 94.0 uL/sec
Moving to A2 of Greiner 96 Well Plate 340 µL on 4
Aspirating 151.0 uL from B1 of Cytiva 24 Well Plate 2000 µL on 7 at 94.0 uL/sec
Moving to B1 of Cytiva 24 Well Plate 2000 µL on 7
Dispensing 151.0 uL into B2 of Greiner 96 Well Plate 340 µL on 4 at 94.0 uL/sec
Moving to B2 of Greiner 96 Well Plate 340 µL on 4
Aspirating 151.0 uL from B1 of Cytiva 24 Well Plate 2000 µL on 7 at 94.0 uL/sec
Moving to B1 of Cytiva 24 Well Plate 2000 µL on 7
Dispensing 151.0 uL into C2 of Greiner 96 Well Plate 340 µL on 4 at 94.0 uL/sec
Moving to C2 of Greiner 96 Well Plate 340 µL on 4
Aspirating 151.0 uL from B1 of Cytiva 24 Well Plate 2000 µL on 7 at 94.0 uL/sec
Moving to B1 of Cytiva 24 Well Plate 2000 µL on 7
Dispensing 151.0 uL into D2 of Greiner 96 Well Plate 340 µL on 4 at 94.0 uL/sec
Moving to D2 of Greiner 96 Well Plate 340 µL on 4
Aspirating 151.0 uL from B1 of Cytiva 24 Well Plate 2000 µL on 7 at 94.0 uL/sec
Moving to B1 of Cytiva 24 Well Plate 2000 µL on 7
Dispensing 151.0 uL into E2 of Greiner 96 Well Plate 340 µL on 4 at 94.0 uL/sec
Moving to E2 of Greiner 96 Well Plate 340 µL on 4
Aspirating 151.0 uL from B1 of Cytiva 24 Well Plate 2000 µL on 7 at 94.0 uL/sec
Moving to B1 of Cytiva 24 Well Plate 2000 µL on 7
Dispensing 151.0 uL into F2 of Greiner 96 Well Plate 340 µL on 4 at 94.0 uL/sec
Moving to F2 of Greiner 96 Well Plate 340 µL on 4
Aspirating 151.0 uL from B1 of Cytiva 24 Well Plate 2000 µL on 7 at 94.0 uL/sec
Moving to B1 of Cytiva 24 Well Plate 2000 µL on 7
Dispensing 151.0 uL into G2 of Greiner 96 Well Plate 340 µL on 4 at 94.0 uL/sec
Moving to G2 of Greiner 96 Well Plate 340 µL on 4
Aspirating 151.0 uL from B1 of Cytiva 24 Well Plate 2000 µL on 7 at 94.0 uL/sec
Moving to B1 of Cytiva 24 Well Plate 2000 µL on 7
Dispensing 151.0 uL into H2 of Greiner 96 Well Plate 340 µL on 4 at 94.0 uL/sec
Moving to H2 of Greiner 96 Well Plate 340 µL on 4
Dropping tip into A1 of Opentrons Fixed Trash on 12
Picking up tip from F12 of Opentrons OT-2 96 Tip Rack 300 µL on 8
Aspirating 152.0 uL from C1 of Cytiva 24 Well Plate 2000 µL on 7 at 94.0 uL/sec
Moving to C1 of Cytiva 24 Well Plate 2000 µL on 7
Dispensing 152.0 uL into A3 of Greiner 96 Well Plate 340 µL on 4 at 94.0 uL/sec
Moving to A3 of Greiner 96 Well Plate 340 µL on 4
Aspirating 152.0 uL from C1 of Cytiva 24 Well Plate 2000 µL on 7 at 94.0 uL/sec
Moving to C1 of Cytiva 24 Well Plate 2000 µL on 7
Dispensing 152.0 uL into B3 of Greiner 96 Well Plate 340 µL on 4 at 94.0 uL/sec
Moving to B3 of Greiner 96 Well Plate 340 µL on 4
Aspirating 152.0 uL from C1 of Cytiva 24 Well Plate 2000 µL on 7 at 94.0 uL/sec
Moving to C1 of Cytiva 24 Well Plate 2000 µL on 7
Dispensing 152.0 uL into C3 of Greiner 96 Well Plate 340 µL on 4 at 94.0 uL/sec
Moving to C3 of Greiner 96 Well Plate 340 µL on 4
Aspirating 152.0 uL from C1 of Cytiva 24 Well Plate 2000 µL on 7 at 94.0 uL/sec
Moving to C1 of Cytiva 24 Well Plate 2000 µL on 7
Dispensing 152.0 uL into D3 of Greiner 96 Well Plate 340 µL on 4 at 94.0 uL/sec
Moving to D3 of Greiner 96 Well Plate 340 µL on 4
Aspirating 152.0 uL from C1 of Cytiva 24 Well Plate 2000 µL on 7 at 94.0 uL/sec
Moving to C1 of Cytiva 24 Well Plate 2000 µL on 7
Dispensing 152.0 uL into E3 of Greiner 96 Well Plate 340 µL on 4 at 94.0 uL/sec
Moving to E3 of Greiner 96 Well Plate 340 µL on 4
Aspirating 152.0 uL from C1 of Cytiva 24 Well Plate 2000 µL on 7 at 94.0 uL/sec
Moving to C1 of Cytiva 24 Well Plate 2000 µL on 7
Dispensing 152.0 uL into F3 of Greiner 96 Well Plate 340 µL on 4 at 94.0 uL/sec
Moving to F3 of Greiner 96 Well Plate 340 µL on 4
Aspirating 152.0 uL from C1 of Cytiva 24 Well Plate 2000 µL on 7 at 94.0 uL/sec
Moving to C1 of Cytiva 24 Well Plate 2000 µL on 7
Dispensing 152.0 uL into G3 of Greiner 96 Well Plate 340 µL on 4 at 94.0 uL/sec
Moving to G3 of Greiner 96 Well Plate 340 µL on 4
Aspirating 152.0 uL from C1 of Cytiva 24 Well Plate 2000 µL on 7 at 94.0 uL/sec
Moving to C1 of Cytiva 24 Well Plate 2000 µL on 7
Dispensing 152.0 uL into H3 of Greiner 96 Well Plate 340 µL on 4 at 94.0 uL/sec
Moving to H3 of Greiner 96 Well Plate 340 µL on 4
Dropping tip into A1 of Opentrons Fixed Trash on 12
Picking up tip from E12 of Opentrons OT-2 96 Tip Rack 300 µL on 8
Aspirating 153.0 uL from D1 of Cytiva 24 Well Plate 2000 µL on 7 at 94.0 uL/sec
Moving to D1 of Cytiva 24 Well Plate 2000 µL on 7
Dispensing 153.0 uL into A4 of Greiner 96 Well Plate 340 µL on 4 at 94.0 uL/sec
Moving to A4 of Greiner 96 Well Plate 340 µL on 4
Aspirating 153.0 uL from D1 of Cytiva 24 Well Plate 2000 µL on 7 at 94.0 uL/sec
Moving to D1 of Cytiva 24 Well Plate 2000 µL on 7
Dispensing 153.0 uL into B4 of Greiner 96 Well Plate 340 µL on 4 at 94.0 uL/sec
Moving to B4 of Greiner 96 Well Plate 340 µL on 4
Aspirating 153.0 uL from D1 of Cytiva 24 Well Plate 2000 µL on 7 at 94.0 uL/sec
Moving to D1 of Cytiva 24 Well Plate 2000 µL on 7
Dispensing 153.0 uL into C4 of Greiner 96 Well Plate 340 µL on 4 at 94.0 uL/sec
Moving to C4 of Greiner 96 Well Plate 340 µL on 4
Aspirating 153.0 uL from D1 of Cytiva 24 Well Plate 2000 µL on 7 at 94.0 uL/sec
Moving to D1 of Cytiva 24 Well Plate 2000 µL on 7
Dispensing 153.0 uL into D4 of Greiner 96 Well Plate 340 µL on 4 at 94.0 uL/sec
Moving to D4 of Greiner 96 Well Plate 340 µL on 4
Aspirating 153.0 uL from D1 of Cytiva 24 Well Plate 2000 µL on 7 at 94.0 uL/sec
Moving to D1 of Cytiva 24 Well Plate 2000 µL on 7
Dispensing 153.0 uL into E4 of Greiner 96 Well Plate 340 µL on 4 at 94.0 uL/sec
Moving to E4 of Greiner 96 Well Plate 340 µL on 4
Aspirating 153.0 uL from D1 of Cytiva 24 Well Plate 2000 µL on 7 at 94.0 uL/sec
Moving to D1 of Cytiva 24 Well Plate 2000 µL on 7
Dispensing 153.0 uL into F4 of Greiner 96 Well Plate 340 µL on 4 at 94.0 uL/sec
Moving to F4 of Greiner 96 Well Plate 340 µL on 4
Aspirating 153.0 uL from D1 of Cytiva 24 Well Plate 2000 µL on 7 at 94.0 uL/sec
Moving to D1 of Cytiva 24 Well Plate 2000 µL on 7
Dispensing 153.0 uL into G4 of Greiner 96 Well Plate 340 µL on 4 at 94.0 uL/sec
Moving to G4 of Greiner 96 Well Plate 340 µL on 4
Aspirating 153.0 uL from D1 of Cytiva 24 Well Plate 2000 µL on 7 at 94.0 uL/sec
Moving to D1 of Cytiva 24 Well Plate 2000 µL on 7
Dispensing 153.0 uL into H4 of Greiner 96 Well Plate 340 µL on 4 at 94.0 uL/sec
Moving to H4 of Greiner 96 Well Plate 340 µL on 4
Dropping tip into A1 of Opentrons Fixed Trash on 12
Picking up tip from D12 of Opentrons OT-2 96 Tip Rack 300 µL on 8
Aspirating 154.0 uL from A2 of Cytiva 24 Well Plate 2000 µL on 7 at 94.0 uL/sec
Moving to A2 of Cytiva 24 Well Plate 2000 µL on 7
Dispensing 154.0 uL into A5 of Greiner 96 Well Plate 340 µL on 4 at 94.0 uL/sec
Moving to A5 of Greiner 96 Well Plate 340 µL on 4
Aspirating 154.0 uL from A2 of Cytiva 24 Well Plate 2000 µL on 7 at 94.0 uL/sec
Moving to A2 of Cytiva 24 Well Plate 2000 µL on 7
Dispensing 154.0 uL into B5 of Greiner 96 Well Plate 340 µL on 4 at 94.0 uL/sec
Moving to B5 of Greiner 96 Well Plate 340 µL on 4
Aspirating 154.0 uL from A2 of Cytiva 24 Well Plate 2000 µL on 7 at 94.0 uL/sec
Moving to A2 of Cytiva 24 Well Plate 2000 µL on 7
Dispensing 154.0 uL into C5 of Greiner 96 Well Plate 340 µL on 4 at 94.0 uL/sec
Moving to C5 of Greiner 96 Well Plate 340 µL on 4
Aspirating 154.0 uL from A2 of Cytiva 24 Well Plate 2000 µL on 7 at 94.0 uL/sec
Moving to A2 of Cytiva 24 Well Plate 2000 µL on 7
Dispensing 154.0 uL into D5 of Greiner 96 Well Plate 340 µL on 4 at 94.0 uL/sec
Moving to D5 of Greiner 96 Well Plate 340 µL on 4
Aspirating 154.0 uL from A2 of Cytiva 24 Well Plate 2000 µL on 7 at 94.0 uL/sec
Moving to A2 of Cytiva 24 Well Plate 2000 µL on 7
Dispensing 154.0 uL into E5 of Greiner 96 Well Plate 340 µL on 4 at 94.0 uL/sec
Moving to E5 of Greiner 96 Well Plate 340 µL on 4
Aspirating 154.0 uL from A2 of Cytiva 24 Well Plate 2000 µL on 7 at 94.0 uL/sec
Moving to A2 of Cytiva 24 Well Plate 2000 µL on 7
Dispensing 154.0 uL into F5 of Greiner 96 Well Plate 340 µL on 4 at 94.0 uL/sec
Moving to F5 of Greiner 96 Well Plate 340 µL on 4
Aspirating 154.0 uL from A2 of Cytiva 24 Well Plate 2000 µL on 7 at 94.0 uL/sec
Moving to A2 of Cytiva 24 Well Plate 2000 µL on 7
Dispensing 154.0 uL into G5 of Greiner 96 Well Plate 340 µL on 4 at 94.0 uL/sec
Moving to G5 of Greiner 96 Well Plate 340 µL on 4
Aspirating 154.0 uL from A2 of Cytiva 24 Well Plate 2000 µL on 7 at 94.0 uL/sec
Moving to A2 of Cytiva 24 Well Plate 2000 µL on 7
Dispensing 154.0 uL into H5 of Greiner 96 Well Plate 340 µL on 4 at 94.0 uL/sec
Moving to H5 of Greiner 96 Well Plate 340 µL on 4
Dropping tip into A1 of Opentrons Fixed Trash on 12
Picking up tip from C12 of Opentrons OT-2 96 Tip Rack 300 µL on 8
Aspirating 155.0 uL from B2 of Cytiva 24 Well Plate 2000 µL on 7 at 94.0 uL/sec
Moving to B2 of Cytiva 24 Well Plate 2000 µL on 7
Dispensing 155.0 uL into A6 of Greiner 96 Well Plate 340 µL on 4 at 94.0 uL/sec
Moving to A6 of Greiner 96 Well Plate 340 µL on 4
Aspirating 155.0 uL from B2 of Cytiva 24 Well Plate 2000 µL on 7 at 94.0 uL/sec
Moving to B2 of Cytiva 24 Well Plate 2000 µL on 7
Dispensing 155.0 uL into B6 of Greiner 96 Well Plate 340 µL on 4 at 94.0 uL/sec
Moving to B6 of Greiner 96 Well Plate 340 µL on 4
Aspirating 155.0 uL from B2 of Cytiva 24 Well Plate 2000 µL on 7 at 94.0 uL/sec
Moving to B2 of Cytiva 24 Well Plate 2000 µL on 7
Dispensing 155.0 uL into C6 of Greiner 96 Well Plate 340 µL on 4 at 94.0 uL/sec
Moving to C6 of Greiner 96 Well Plate 340 µL on 4
Aspirating 155.0 uL from B2 of Cytiva 24 Well Plate 2000 µL on 7 at 94.0 uL/sec
Moving to B2 of Cytiva 24 Well Plate 2000 µL on 7
Dispensing 155.0 uL into D6 of Greiner 96 Well Plate 340 µL on 4 at 94.0 uL/sec
Moving to D6 of Greiner 96 Well Plate 340 µL on 4
Aspirating 155.0 uL from B2 of Cytiva 24 Well Plate 2000 µL on 7 at 94.0 uL/sec
Moving to B2 of Cytiva 24 Well Plate 2000 µL on 7
Dispensing 155.0 uL into E6 of Greiner 96 Well Plate 340 µL on 4 at 94.0 uL/sec
Moving to E6 of Greiner 96 Well Plate 340 µL on 4
Aspirating 155.0 uL from B2 of Cytiva 24 Well Plate 2000 µL on 7 at 94.0 uL/sec
Moving to B2 of Cytiva 24 Well Plate 2000 µL on 7
Dispensing 155.0 uL into F6 of Greiner 96 Well Plate 340 µL on 4 at 94.0 uL/sec
Moving to F6 of Greiner 96 Well Plate 340 µL on 4
Aspirating 155.0 uL from B2 of Cytiva 24 Well Plate 2000 µL on 7 at 94.0 uL/sec
Moving to B2 of Cytiva 24 Well Plate 2000 µL on 7
Dispensing 155.0 uL into G6 of Greiner 96 Well Plate 340 µL on 4 at 94.0 uL/sec
Moving to G6 of Greiner 96 Well Plate 340 µL on 4
Aspirating 155.0 uL from B2 of Cytiva 24 Well Plate 2000 µL on 7 at 94.0 uL/sec
Moving to B2 of Cytiva 24 Well Plate 2000 µL on 7
Dispensing 155.0 uL into H6 of Greiner 96 Well Plate 340 µL on 4 at 94.0 uL/sec
Moving to H6 of Greiner 96 Well Plate 340 µL on 4
Dropping tip into A1 of Opentrons Fixed Trash on 12
Picking up tip from B12 of Opentrons OT-2 96 Tip Rack 300 µL on 8
Aspirating 156.0 uL from C2 of Cytiva 24 Well Plate 2000 µL on 7 at 94.0 uL/sec
Moving to C2 of Cytiva 24 Well Plate 2000 µL on 7
Dispensing 156.0 uL into A7 of Greiner 96 Well Plate 340 µL on 4 at 94.0 uL/sec
Moving to A7 of Greiner 96 Well Plate 340 µL on 4
Aspirating 156.0 uL from C2 of Cytiva 24 Well Plate 2000 µL on 7 at 94.0 uL/sec
Moving to C2 of Cytiva 24 Well Plate 2000 µL on 7
Dispensing 156.0 uL into B7 of Greiner 96 Well Plate 340 µL on 4 at 94.0 uL/sec
Moving to B7 of Greiner 96 Well Plate 340 µL on 4
Aspirating 156.0 uL from C2 of Cytiva 24 Well Plate 2000 µL on 7 at 94.0 uL/sec
Moving to C2 of Cytiva 24 Well Plate 2000 µL on 7
Dispensing 156.0 uL into C7 of Greiner 96 Well Plate 340 µL on 4 at 94.0 uL/sec
Moving to C7 of Greiner 96 Well Plate 340 µL on 4
Aspirating 156.0 uL from C2 of Cytiva 24 Well Plate 2000 µL on 7 at 94.0 uL/sec
Moving to C2 of Cytiva 24 Well Plate 2000 µL on 7
Dispensing 156.0 uL into D7 of Greiner 96 Well Plate 340 µL on 4 at 94.0 uL/sec
Moving to D7 of Greiner 96 Well Plate 340 µL on 4
Aspirating 156.0 uL from C2 of Cytiva 24 Well Plate 2000 µL on 7 at 94.0 uL/sec
Moving to C2 of Cytiva 24 Well Plate 2000 µL on 7
Dispensing 156.0 uL into E7 of Greiner 96 Well Plate 340 µL on 4 at 94.0 uL/sec
Moving to E7 of Greiner 96 Well Plate 340 µL on 4
Aspirating 156.0 uL from C2 of Cytiva 24 Well Plate 2000 µL on 7 at 94.0 uL/sec
Moving to C2 of Cytiva 24 Well Plate 2000 µL on 7
Dispensing 156.0 uL into F7 of Greiner 96 Well Plate 340 µL on 4 at 94.0 uL/sec
Moving to F7 of Greiner 96 Well Plate 340 µL on 4
Aspirating 156.0 uL from C2 of Cytiva 24 Well Plate 2000 µL on 7 at 94.0 uL/sec
Moving to C2 of Cytiva 24 Well Plate 2000 µL on 7
Dispensing 156.0 uL into G7 of Greiner 96 Well Plate 340 µL on 4 at 94.0 uL/sec
Moving to G7 of Greiner 96 Well Plate 340 µL on 4
Aspirating 156.0 uL from C2 of Cytiva 24 Well Plate 2000 µL on 7 at 94.0 uL/sec
Moving to C2 of Cytiva 24 Well Plate 2000 µL on 7
Dispensing 156.0 uL into H7 of Greiner 96 Well Plate 340 µL on 4 at 94.0 uL/sec
Moving to H7 of Greiner 96 Well Plate 340 µL on 4
Dropping tip into A1 of Opentrons Fixed Trash on 12
Picking up tip from A12 of Opentrons OT-2 96 Tip Rack 300 µL on 8
Aspirating 157.0 uL from D2 of Cytiva 24 Well Plate 2000 µL on 7 at 94.0 uL/sec
Moving to D2 of Cytiva 24 Well Plate 2000 µL on 7
Dispensing 157.0 uL into A8 of Greiner 96 Well Plate 340 µL on 4 at 94.0 uL/sec
Moving to A8 of Greiner 96 Well Plate 340 µL on 4
Aspirating 157.0 uL from D2 of Cytiva 24 Well Plate 2000 µL on 7 at 94.0 uL/sec
Moving to D2 of Cytiva 24 Well Plate 2000 µL on 7
Dispensing 157.0 uL into B8 of Greiner 96 Well Plate 340 µL on 4 at 94.0 uL/sec
Moving to B8 of Greiner 96 Well Plate 340 µL on 4
Aspirating 157.0 uL from D2 of Cytiva 24 Well Plate 2000 µL on 7 at 94.0 uL/sec
Moving to D2 of Cytiva 24 Well Plate 2000 µL on 7
Dispensing 157.0 uL into C8 of Greiner 96 Well Plate 340 µL on 4 at 94.0 uL/sec
Moving to C8 of Greiner 96 Well Plate 340 µL on 4
Aspirating 157.0 uL from D2 of Cytiva 24 Well Plate 2000 µL on 7 at 94.0 uL/sec
Moving to D2 of Cytiva 24 Well Plate 2000 µL on 7
Dispensing 157.0 uL into D8 of Greiner 96 Well Plate 340 µL on 4 at 94.0 uL/sec
Moving to D8 of Greiner 96 Well Plate 340 µL on 4
Aspirating 157.0 uL from D2 of Cytiva 24 Well Plate 2000 µL on 7 at 94.0 uL/sec
Moving to D2 of Cytiva 24 Well Plate 2000 µL on 7
Dispensing 157.0 uL into E8 of Greiner 96 Well Plate 340 µL on 4 at 94.0 uL/sec
Moving to E8 of Greiner 96 Well Plate 340 µL on 4
Aspirating 157.0 uL from D2 of Cytiva 24 Well Plate 2000 µL on 7 at 94.0 uL/sec
Moving to D2 of Cytiva 24 Well Plate 2000 µL on 7
Dispensing 157.0 uL into F8 of Greiner 96 Well Plate 340 µL on 4 at 94.0 uL/sec
Moving to F8 of Greiner 96 Well Plate 340 µL on 4
Aspirating 157.0 uL from D2 of Cytiva 24 Well Plate 2000 µL on 7 at 94.0 uL/sec
Moving to D2 of Cytiva 24 Well Plate 2000 µL on 7
Dispensing 157.0 uL into G8 of Greiner 96 Well Plate 340 µL on 4 at 94.0 uL/sec
Moving to G8 of Greiner 96 Well Plate 340 µL on 4
Aspirating 157.0 uL from D2 of Cytiva 24 Well Plate 2000 µL on 7 at 94.0 uL/sec
Moving to D2 of Cytiva 24 Well Plate 2000 µL on 7
Dispensing 157.0 uL into H8 of Greiner 96 Well Plate 340 µL on 4 at 94.0 uL/sec
Moving to H8 of Greiner 96 Well Plate 340 µL on 4
Dropping tip into A1 of Opentrons Fixed Trash on 12
Picking up tip from H11 of Opentrons OT-2 96 Tip Rack 300 µL on 8
Aspirating 158.0 uL from A3 of Cytiva 24 Well Plate 2000 µL on 7 at 94.0 uL/sec
Moving to A3 of Cytiva 24 Well Plate 2000 µL on 7
Dispensing 158.0 uL into A9 of Greiner 96 Well Plate 340 µL on 4 at 94.0 uL/sec
Moving to A9 of Greiner 96 Well Plate 340 µL on 4
Aspirating 158.0 uL from A3 of Cytiva 24 Well Plate 2000 µL on 7 at 94.0 uL/sec
Moving to A3 of Cytiva 24 Well Plate 2000 µL on 7
Dispensing 158.0 uL into B9 of Greiner 96 Well Plate 340 µL on 4 at 94.0 uL/sec
Moving to B9 of Greiner 96 Well Plate 340 µL on 4
Aspirating 158.0 uL from A3 of Cytiva 24 Well Plate 2000 µL on 7 at 94.0 uL/sec
Moving to A3 of Cytiva 24 Well Plate 2000 µL on 7
Dispensing 158.0 uL into C9 of Greiner 96 Well Plate 340 µL on 4 at 94.0 uL/sec
Moving to C9 of Greiner 96 Well Plate 340 µL on 4
Aspirating 158.0 uL from A3 of Cytiva 24 Well Plate 2000 µL on 7 at 94.0 uL/sec
Moving to A3 of Cytiva 24 Well Plate 2000 µL on 7
Dispensing 158.0 uL into D9 of Greiner 96 Well Plate 340 µL on 4 at 94.0 uL/sec
Moving to D9 of Greiner 96 Well Plate 340 µL on 4
Aspirating 158.0 uL from A3 of Cytiva 24 Well Plate 2000 µL on 7 at 94.0 uL/sec
Moving to A3 of Cytiva 24 Well Plate 2000 µL on 7
Dispensing 158.0 uL into E9 of Greiner 96 Well Plate 340 µL on 4 at 94.0 uL/sec
Moving to E9 of Greiner 96 Well Plate 340 µL on 4
Aspirating 158.0 uL from A3 of Cytiva 24 Well Plate 2000 µL on 7 at 94.0 uL/sec
Moving to A3 of Cytiva 24 Well Plate 2000 µL on 7
Dispensing 158.0 uL into F9 of Greiner 96 Well Plate 340 µL on 4 at 94.0 uL/sec
Moving to F9 of Greiner 96 Well Plate 340 µL on 4
Aspirating 158.0 uL from A3 of Cytiva 24 Well Plate 2000 µL on 7 at 94.0 uL/sec
Moving to A3 of Cytiva 24 Well Plate 2000 µL on 7
Dispensing 158.0 uL into G9 of Greiner 96 Well Plate 340 µL on 4 at 94.0 uL/sec
Moving to G9 of Greiner 96 Well Plate 340 µL on 4
Aspirating 158.0 uL from A3 of Cytiva 24 Well Plate 2000 µL on 7 at 94.0 uL/sec
Moving to A3 of Cytiva 24 Well Plate 2000 µL on 7
Dispensing 158.0 uL into H9 of Greiner 96 Well Plate 340 µL on 4 at 94.0 uL/sec
Moving to H9 of Greiner 96 Well Plate 340 µL on 4
Dropping tip into A1 of Opentrons Fixed Trash on 12
Picking up tip from G11 of Opentrons OT-2 96 Tip Rack 300 µL on 8
Aspirating 159.0 uL from B3 of Cytiva 24 Well Plate 2000 µL on 7 at 94.0 uL/sec
Moving to B3 of Cytiva 24 Well Plate 2000 µL on 7
Dispensing 159.0 uL into A10 of Greiner 96 Well Plate 340 µL on 4 at 94.0 uL/sec
Moving to A10 of Greiner 96 Well Plate 340 µL on 4
Aspirating 159.0 uL from B3 of Cytiva 24 Well Plate 2000 µL on 7 at 94.0 uL/sec
Moving to B3 of Cytiva 24 Well Plate 2000 µL on 7
Dispensing 159.0 uL into B10 of Greiner 96 Well Plate 340 µL on 4 at 94.0 uL/sec
Moving to B10 of Greiner 96 Well Plate 340 µL on 4
Aspirating 159.0 uL from B3 of Cytiva 24 Well Plate 2000 µL on 7 at 94.0 uL/sec
Moving to B3 of Cytiva 24 Well Plate 2000 µL on 7
Dispensing 159.0 uL into C10 of Greiner 96 Well Plate 340 µL on 4 at 94.0 uL/sec
Moving to C10 of Greiner 96 Well Plate 340 µL on 4
Aspirating 159.0 uL from B3 of Cytiva 24 Well Plate 2000 µL on 7 at 94.0 uL/sec
Moving to B3 of Cytiva 24 Well Plate 2000 µL on 7
Dispensing 159.0 uL into D10 of Greiner 96 Well Plate 340 µL on 4 at 94.0 uL/sec
Moving to D10 of Greiner 96 Well Plate 340 µL on 4
Aspirating 159.0 uL from B3 of Cytiva 24 Well Plate 2000 µL on 7 at 94.0 uL/sec
Moving to B3 of Cytiva 24 Well Plate 2000 µL on 7
Dispensing 159.0 uL into E10 of Greiner 96 Well Plate 340 µL on 4 at 94.0 uL/sec
Moving to E10 of Greiner 96 Well Plate 340 µL on 4
Aspirating 159.0 uL from B3 of Cytiva 24 Well Plate 2000 µL on 7 at 94.0 uL/sec
Moving to B3 of Cytiva 24 Well Plate 2000 µL on 7
Dispensing 159.0 uL into F10 of Greiner 96 Well Plate 340 µL on 4 at 94.0 uL/sec
Moving to F10 of Greiner 96 Well Plate 340 µL on 4
Aspirating 159.0 uL from B3 of Cytiva 24 Well Plate 2000 µL on 7 at 94.0 uL/sec
Moving to B3 of Cytiva 24 Well Plate 2000 µL on 7
Dispensing 159.0 uL into G10 of Greiner 96 Well Plate 340 µL on 4 at 94.0 uL/sec
Moving to G10 of Greiner 96 Well Plate 340 µL on 4
Aspirating 159.0 uL from B3 of Cytiva 24 Well Plate 2000 µL on 7 at 94.0 uL/sec
Moving to B3 of Cytiva 24 Well Plate 2000 µL on 7
Dispensing 159.0 uL into H10 of Greiner 96 Well Plate 340 µL on 4 at 94.0 uL/sec
Moving to H10 of Greiner 96 Well Plate 340 µL on 4
Dropping tip into A1 of Opentrons Fixed Trash on 12
Picking up tip from F11 of Opentrons OT-2 96 Tip Rack 300 µL on 8
Aspirating 160.0 uL from C3 of Cytiva 24 Well Plate 2000 µL on 7 at 94.0 uL/sec
Moving to C3 of Cytiva 24 Well Plate 2000 µL on 7
Dispensing 160.0 uL into A11 of Greiner 96 Well Plate 340 µL on 4 at 94.0 uL/sec
Moving to A11 of Greiner 96 Well Plate 340 µL on 4
Aspirating 160.0 uL from C3 of Cytiva 24 Well Plate 2000 µL on 7 at 94.0 uL/sec
Moving to C3 of Cytiva 24 Well Plate 2000 µL on 7
Dispensing 160.0 uL into B11 of Greiner 96 Well Plate 340 µL on 4 at 94.0 uL/sec
Moving to B11 of Greiner 96 Well Plate 340 µL on 4
Aspirating 160.0 uL from C3 of Cytiva 24 Well Plate 2000 µL on 7 at 94.0 uL/sec
Moving to C3 of Cytiva 24 Well Plate 2000 µL on 7
Dispensing 160.0 uL into C11 of Greiner 96 Well Plate 340 µL on 4 at 94.0 uL/sec
Moving to C11 of Greiner 96 Well Plate 340 µL on 4
Aspirating 160.0 uL from C3 of Cytiva 24 Well Plate 2000 µL on 7 at 94.0 uL/sec
Moving to C3 of Cytiva 24 Well Plate 2000 µL on 7
Dispensing 160.0 uL into D11 of Greiner 96 Well Plate 340 µL on 4 at 94.0 uL/sec
Moving to D11 of Greiner 96 Well Plate 340 µL on 4
Aspirating 160.0 uL from C3 of Cytiva 24 Well Plate 2000 µL on 7 at 94.0 uL/sec
Moving to C3 of Cytiva 24 Well Plate 2000 µL on 7
Dispensing 160.0 uL into E11 of Greiner 96 Well Plate 340 µL on 4 at 94.0 uL/sec
Moving to E11 of Greiner 96 Well Plate 340 µL on 4
Aspirating 160.0 uL from C3 of Cytiva 24 Well Plate 2000 µL on 7 at 94.0 uL/sec
Moving to C3 of Cytiva 24 Well Plate 2000 µL on 7
Dispensing 160.0 uL into F11 of Greiner 96 Well Plate 340 µL on 4 at 94.0 uL/sec
Moving to F11 of Greiner 96 Well Plate 340 µL on 4
Aspirating 160.0 uL from C3 of Cytiva 24 Well Plate 2000 µL on 7 at 94.0 uL/sec
Moving to C3 of Cytiva 24 Well Plate 2000 µL on 7
Dispensing 160.0 uL into G11 of Greiner 96 Well Plate 340 µL on 4 at 94.0 uL/sec
Moving to G11 of Greiner 96 Well Plate 340 µL on 4
Aspirating 160.0 uL from C3 of Cytiva 24 Well Plate 2000 µL on 7 at 94.0 uL/sec
Moving to C3 of Cytiva 24 Well Plate 2000 µL on 7
Dispensing 160.0 uL into H11 of Greiner 96 Well Plate 340 µL on 4 at 94.0 uL/sec
Moving to H11 of Greiner 96 Well Plate 340 µL on 4
Dropping tip into A1 of Opentrons Fixed Trash on 12
Picking up tip from E11 of Opentrons OT-2 96 Tip Rack 300 µL on 8
Aspirating 161.0 uL from D3 of Cytiva 24 Well Plate 2000 µL on 7 at 94.0 uL/sec
Moving to D3 of Cytiva 24 Well Plate 2000 µL on 7
Dispensing 161.0 uL into A12 of Greiner 96 Well Plate 340 µL on 4 at 94.0 uL/sec
Moving to A12 of Greiner 96 Well Plate 340 µL on 4
Aspirating 161.0 uL from D3 of Cytiva 24 Well Plate 2000 µL on 7 at 94.0 uL/sec
Moving to D3 of Cytiva 24 Well Plate 2000 µL on 7
Dispensing 161.0 uL into B12 of Greiner 96 Well Plate 340 µL on 4 at 94.0 uL/sec
Moving to B12 of Greiner 96 Well Plate 340 µL on 4
Aspirating 161.0 uL from D3 of Cytiva 24 Well Plate 2000 µL on 7 at 94.0 uL/sec
Moving to D3 of Cytiva 24 Well Plate 2000 µL on 7
Dispensing 161.0 uL into C12 of Greiner 96 Well Plate 340 µL on 4 at 94.0 uL/sec
Moving to C12 of Greiner 96 Well Plate 340 µL on 4
Aspirating 161.0 uL from D3 of Cytiva 24 Well Plate 2000 µL on 7 at 94.0 uL/sec
Moving to D3 of Cytiva 24 Well Plate 2000 µL on 7
Dispensing 161.0 uL into D12 of Greiner 96 Well Plate 340 µL on 4 at 94.0 uL/sec
Moving to D12 of Greiner 96 Well Plate 340 µL on 4
Aspirating 161.0 uL from D3 of Cytiva 24 Well Plate 2000 µL on 7 at 94.0 uL/sec
Moving to D3 of Cytiva 24 Well Plate 2000 µL on 7
Dispensing 161.0 uL into E12 of Greiner 96 Well Plate 340 µL on 4 at 94.0 uL/sec
Moving to E12 of Greiner 96 Well Plate 340 µL on 4
Aspirating 161.0 uL from D3 of Cytiva 24 Well Plate 2000 µL on 7 at 94.0 uL/sec
Moving to D3 of Cytiva 24 Well Plate 2000 µL on 7
Dispensing 161.0 uL into F12 of Greiner 96 Well Plate 340 µL on 4 at 94.0 uL/sec
Moving to F12 of Greiner 96 Well Plate 340 µL on 4
Aspirating 161.0 uL from D3 of Cytiva 24 Well Plate 2000 µL on 7 at 94.0 uL/sec
Moving to D3 of Cytiva 24 Well Plate 2000 µL on 7
Dispensing 161.0 uL into G12 of Greiner 96 Well Plate 340 µL on 4 at 94.0 uL/sec
Moving to G12 of Greiner 96 Well Plate 340 µL on 4
Aspirating 161.0 uL from D3 of Cytiva 24 Well Plate 2000 µL on 7 at 94.0 uL/sec
Moving to D3 of Cytiva 24 Well Plate 2000 µL on 7
Dispensing 161.0 uL into H12 of Greiner 96 Well Plate 340 µL on 4 at 94.0 uL/sec
Moving to H12 of Greiner 96 Well Plate 340 µL on 4
Dropping tip into A1 of Opentrons Fixed Trash on 12
Picking up tip from A1 of Opentrons OT-2 96 Tip Rack 20 µL on 9
Aspirating 5.0 uL from A1 of Greiner 96 Well Plate 340 µL on 4 at 7.6 uL/sec
Moving to A1 of Greiner 96 Well Plate 340 µL on 4
Dispensing 5.0 uL into A1 of Greiner 384 Well Plate 50 µL on 2 at 7.6 uL/sec
Moving to A1 of Greiner 384 Well Plate 50 µL on 2
Aspirating 5.0 uL from A1 of Greiner 96 Well Plate 340 µL on 4 at 7.6 uL/sec
Moving to A1 of Greiner 96 Well Plate 340 µL on 4
Dispensing 5.0 uL into B1 of Greiner 384 Well Plate 50 µL on 2 at 7.6 uL/sec
Moving to B1 of Greiner 384 Well Plate 50 µL on 2
Aspirating 5.0 uL from A1 of Greiner 96 Well Plate 340 µL on 4 at 7.6 uL/sec
Moving to A1 of Greiner 96 Well Plate 340 µL on 4
Dispensing 5.0 uL into A2 of Greiner 384 Well Plate 50 µL on 2 at 7.6 uL/sec
Moving to A2 of Greiner 384 Well Plate 50 µL on 2
Aspirating 5.0 uL from A1 of Greiner 96 Well Plate 340 µL on 4 at 7.6 uL/sec
Moving to A1 of Greiner 96 Well Plate 340 µL on 4
Dispensing 5.0 uL into B2 of Greiner 384 Well Plate 50 µL on 2 at 7.6 uL/sec
Moving to B2 of Greiner 384 Well Plate 50 µL on 2
Dropping tip into A1 of Opentrons Fixed Trash on 12
Picking up tip from A2 of Opentrons OT-2 96 Tip Rack 20 µL on 9
Aspirating 5.0 uL from A2 of Greiner 96 Well Plate 340 µL on 4 at 7.6 uL/sec
Moving to A2 of Greiner 96 Well Plate 340 µL on 4
Dispensing 5.0 uL into A1 of Greiner 384 Well Plate 50 µL on 2 at 7.6 uL/sec
Moving to A1 of Greiner 384 Well Plate 50 µL on 2
Aspirating 5.0 uL from A2 of Greiner 96 Well Plate 340 µL on 4 at 7.6 uL/sec
Moving to A2 of Greiner 96 Well Plate 340 µL on 4
Dispensing 5.0 uL into B1 of Greiner 384 Well Plate 50 µL on 2 at 7.6 uL/sec
Moving to B1 of Greiner 384 Well Plate 50 µL on 2
Aspirating 5.0 uL from A2 of Greiner 96 Well Plate 340 µL on 4 at 7.6 uL/sec
Moving to A2 of Greiner 96 Well Plate 340 µL on 4
Dispensing 5.0 uL into A2 of Greiner 384 Well Plate 50 µL on 2 at 7.6 uL/sec
Moving to A2 of Greiner 384 Well Plate 50 µL on 2
Aspirating 5.0 uL from A2 of Greiner 96 Well Plate 340 µL on 4 at 7.6 uL/sec
Moving to A2 of Greiner 96 Well Plate 340 µL on 4
Dispensing 5.0 uL into B2 of Greiner 384 Well Plate 50 µL on 2 at 7.6 uL/sec
Moving to B2 of Greiner 384 Well Plate 50 µL on 2
Dropping tip into A1 of Opentrons Fixed Trash on 12
Picking up tip from A3 of Opentrons OT-2 96 Tip Rack 20 µL on 9
Aspirating 5.0 uL from A3 of Greiner 96 Well Plate 340 µL on 4 at 7.6 uL/sec
Moving to A3 of Greiner 96 Well Plate 340 µL on 4
Dispensing 5.0 uL into A1 of Greiner 384 Well Plate 50 µL on 2 at 7.6 uL/sec
Moving to A1 of Greiner 384 Well Plate 50 µL on 2
Aspirating 5.0 uL from A3 of Greiner 96 Well Plate 340 µL on 4 at 7.6 uL/sec
Moving to A3 of Greiner 96 Well Plate 340 µL on 4
Dispensing 5.0 uL into B1 of Greiner 384 Well Plate 50 µL on 2 at 7.6 uL/sec
Moving to B1 of Greiner 384 Well Plate 50 µL on 2
Aspirating 5.0 uL from A3 of Greiner 96 Well Plate 340 µL on 4 at 7.6 uL/sec
Moving to A3 of Greiner 96 Well Plate 340 µL on 4
Dispensing 5.0 uL into A2 of Greiner 384 Well Plate 50 µL on 2 at 7.6 uL/sec
Moving to A2 of Greiner 384 Well Plate 50 µL on 2
Aspirating 5.0 uL from A3 of Greiner 96 Well Plate 340 µL on 4 at 7.6 uL/sec
Moving to A3 of Greiner 96 Well Plate 340 µL on 4
Dispensing 5.0 uL into B2 of Greiner 384 Well Plate 50 µL on 2 at 7.6 uL/sec
Moving to B2 of Greiner 384 Well Plate 50 µL on 2
Dropping tip into A1 of Opentrons Fixed Trash on 12
Picking up tip from A4 of Opentrons OT-2 96 Tip Rack 20 µL on 9
Aspirating 5.0 uL from A4 of Greiner 96 Well Plate 340 µL on 4 at 7.6 uL/sec
Moving to A4 of Greiner 96 Well Plate 340 µL on 4
Dispensing 5.0 uL into A1 of Greiner 384 Well Plate 50 µL on 2 at 7.6 uL/sec
Moving to A1 of Greiner 384 Well Plate 50 µL on 2
Aspirating 5.0 uL from A4 of Greiner 96 Well Plate 340 µL on 4 at 7.6 uL/sec
Moving to A4 of Greiner 96 Well Plate 340 µL on 4
Dispensing 5.0 uL into B1 of Greiner 384 Well Plate 50 µL on 2 at 7.6 uL/sec
Moving to B1 of Greiner 384 Well Plate 50 µL on 2
Aspirating 5.0 uL from A4 of Greiner 96 Well Plate 340 µL on 4 at 7.6 uL/sec
Moving to A4 of Greiner 96 Well Plate 340 µL on 4
Dispensing 5.0 uL into A2 of Greiner 384 Well Plate 50 µL on 2 at 7.6 uL/sec
Moving to A2 of Greiner 384 Well Plate 50 µL on 2
Aspirating 5.0 uL from A4 of Greiner 96 Well Plate 340 µL on 4 at 7.6 uL/sec
Moving to A4 of Greiner 96 Well Plate 340 µL on 4
Dispensing 5.0 uL into B2 of Greiner 384 Well Plate 50 µL on 2 at 7.6 uL/sec
Moving to B2 of Greiner 384 Well Plate 50 µL on 2
Dropping tip into A1 of Opentrons Fixed Trash on 12
Picking up tip from A5 of Opentrons OT-2 96 Tip Rack 20 µL on 9
Aspirating 5.0 uL from A5 of Greiner 96 Well Plate 340 µL on 4 at 7.6 uL/sec
Moving to A5 of Greiner 96 Well Plate 340 µL on 4
Dispensing 5.0 uL into A1 of Greiner 384 Well Plate 50 µL on 2 at 7.6 uL/sec
Moving to A1 of Greiner 384 Well Plate 50 µL on 2
Aspirating 5.0 uL from A5 of Greiner 96 Well Plate 340 µL on 4 at 7.6 uL/sec
Moving to A5 of Greiner 96 Well Plate 340 µL on 4
Dispensing 5.0 uL into B1 of Greiner 384 Well Plate 50 µL on 2 at 7.6 uL/sec
Moving to B1 of Greiner 384 Well Plate 50 µL on 2
Aspirating 5.0 uL from A5 of Greiner 96 Well Plate 340 µL on 4 at 7.6 uL/sec
Moving to A5 of Greiner 96 Well Plate 340 µL on 4
Dispensing 5.0 uL into A2 of Greiner 384 Well Plate 50 µL on 2 at 7.6 uL/sec
Moving to A2 of Greiner 384 Well Plate 50 µL on 2
Aspirating 5.0 uL from A5 of Greiner 96 Well Plate 340 µL on 4 at 7.6 uL/sec
Moving to A5 of Greiner 96 Well Plate 340 µL on 4
Dispensing 5.0 uL into B2 of Greiner 384 Well Plate 50 µL on 2 at 7.6 uL/sec
Moving to B2 of Greiner 384 Well Plate 50 µL on 2
Dropping tip into A1 of Opentrons Fixed Trash on 12
Picking up tip from A6 of Opentrons OT-2 96 Tip Rack 20 µL on 9
Aspirating 5.0 uL from A6 of Greiner 96 Well Plate 340 µL on 4 at 7.6 uL/sec
Moving to A6 of Greiner 96 Well Plate 340 µL on 4
Dispensing 5.0 uL into A1 of Greiner 384 Well Plate 50 µL on 2 at 7.6 uL/sec
Moving to A1 of Greiner 384 Well Plate 50 µL on 2
Aspirating 5.0 uL from A6 of Greiner 96 Well Plate 340 µL on 4 at 7.6 uL/sec
Moving to A6 of Greiner 96 Well Plate 340 µL on 4
Dispensing 5.0 uL into B1 of Greiner 384 Well Plate 50 µL on 2 at 7.6 uL/sec
Moving to B1 of Greiner 384 Well Plate 50 µL on 2
Aspirating 5.0 uL from A6 of Greiner 96 Well Plate 340 µL on 4 at 7.6 uL/sec
Moving to A6 of Greiner 96 Well Plate 340 µL on 4
Dispensing 5.0 uL into A2 of Greiner 384 Well Plate 50 µL on 2 at 7.6 uL/sec
Moving to A2 of Greiner 384 Well Plate 50 µL on 2
Aspirating 5.0 uL from A6 of Greiner 96 Well Plate 340 µL on 4 at 7.6 uL/sec
Moving to A6 of Greiner 96 Well Plate 340 µL on 4
Dispensing 5.0 uL into B2 of Greiner 384 Well Plate 50 µL on 2 at 7.6 uL/sec
Moving to B2 of Greiner 384 Well Plate 50 µL on 2
Dropping tip into A1 of Opentrons Fixed Trash on 12
Picking up tip from A7 of Opentrons OT-2 96 Tip Rack 20 µL on 9
Aspirating 5.0 uL from A7 of Greiner 96 Well Plate 340 µL on 4 at 7.6 uL/sec
Moving to A7 of Greiner 96 Well Plate 340 µL on 4
Dispensing 5.0 uL into A1 of Greiner 384 Well Plate 50 µL on 2 at 7.6 uL/sec
Moving to A1 of Greiner 384 Well Plate 50 µL on 2
Aspirating 5.0 uL from A7 of Greiner 96 Well Plate 340 µL on 4 at 7.6 uL/sec
Moving to A7 of Greiner 96 Well Plate 340 µL on 4
Dispensing 5.0 uL into B1 of Greiner 384 Well Plate 50 µL on 2 at 7.6 uL/sec
Moving to B1 of Greiner 384 Well Plate 50 µL on 2
Aspirating 5.0 uL from A7 of Greiner 96 Well Plate 340 µL on 4 at 7.6 uL/sec
Moving to A7 of Greiner 96 Well Plate 340 µL on 4
Dispensing 5.0 uL into A2 of Greiner 384 Well Plate 50 µL on 2 at 7.6 uL/sec
Moving to A2 of Greiner 384 Well Plate 50 µL on 2
Aspirating 5.0 uL from A7 of Greiner 96 Well Plate 340 µL on 4 at 7.6 uL/sec
Moving to A7 of Greiner 96 Well Plate 340 µL on 4
Dispensing 5.0 uL into B2 of Greiner 384 Well Plate 50 µL on 2 at 7.6 uL/sec
Moving to B2 of Greiner 384 Well Plate 50 µL on 2
Dropping tip into A1 of Opentrons Fixed Trash on 12
Picking up tip from A8 of Opentrons OT-2 96 Tip Rack 20 µL on 9
Aspirating 5.0 uL from A8 of Greiner 96 Well Plate 340 µL on 4 at 7.6 uL/sec
Moving to A8 of Greiner 96 Well Plate 340 µL on 4
Dispensing 5.0 uL into A1 of Greiner 384 Well Plate 50 µL on 2 at 7.6 uL/sec
Moving to A1 of Greiner 384 Well Plate 50 µL on 2
Aspirating 5.0 uL from A8 of Greiner 96 Well Plate 340 µL on 4 at 7.6 uL/sec
Moving to A8 of Greiner 96 Well Plate 340 µL on 4
Dispensing 5.0 uL into B1 of Greiner 384 Well Plate 50 µL on 2 at 7.6 uL/sec
Moving to B1 of Greiner 384 Well Plate 50 µL on 2
Aspirating 5.0 uL from A8 of Greiner 96 Well Plate 340 µL on 4 at 7.6 uL/sec
Moving to A8 of Greiner 96 Well Plate 340 µL on 4
Dispensing 5.0 uL into A2 of Greiner 384 Well Plate 50 µL on 2 at 7.6 uL/sec
Moving to A2 of Greiner 384 Well Plate 50 µL on 2
Aspirating 5.0 uL from A8 of Greiner 96 Well Plate 340 µL on 4 at 7.6 uL/sec
Moving to A8 of Greiner 96 Well Plate 340 µL on 4
Dispensing 5.0 uL into B2 of Greiner 384 Well Plate 50 µL on 2 at 7.6 uL/sec
Moving to B2 of Greiner 384 Well Plate 50 µL on 2
Dropping tip into A1 of Opentrons Fixed Trash on 12
Picking up tip from A9 of Opentrons OT-2 96 Tip Rack 20 µL on 9
Aspirating 5.0 uL from A9 of Greiner 96 Well Plate 340 µL on 4 at 7.6 uL/sec
Moving to A9 of Greiner 96 Well Plate 340 µL on 4
Dispensing 5.0 uL into A1 of Greiner 384 Well Plate 50 µL on 2 at 7.6 uL/sec
Moving to A1 of Greiner 384 Well Plate 50 µL on 2
Aspirating 5.0 uL from A9 of Greiner 96 Well Plate 340 µL on 4 at 7.6 uL/sec
Moving to A9 of Greiner 96 Well Plate 340 µL on 4
Dispensing 5.0 uL into B1 of Greiner 384 Well Plate 50 µL on 2 at 7.6 uL/sec
Moving to B1 of Greiner 384 Well Plate 50 µL on 2
Aspirating 5.0 uL from A9 of Greiner 96 Well Plate 340 µL on 4 at 7.6 uL/sec
Moving to A9 of Greiner 96 Well Plate 340 µL on 4
Dispensing 5.0 uL into A2 of Greiner 384 Well Plate 50 µL on 2 at 7.6 uL/sec
Moving to A2 of Greiner 384 Well Plate 50 µL on 2
Aspirating 5.0 uL from A9 of Greiner 96 Well Plate 340 µL on 4 at 7.6 uL/sec
Moving to A9 of Greiner 96 Well Plate 340 µL on 4
Dispensing 5.0 uL into B2 of Greiner 384 Well Plate 50 µL on 2 at 7.6 uL/sec
Moving to B2 of Greiner 384 Well Plate 50 µL on 2
Dropping tip into A1 of Opentrons Fixed Trash on 12
Picking up tip from A10 of Opentrons OT-2 96 Tip Rack 20 µL on 9
Aspirating 5.0 uL from A10 of Greiner 96 Well Plate 340 µL on 4 at 7.6 uL/sec
Moving to A10 of Greiner 96 Well Plate 340 µL on 4
Dispensing 5.0 uL into A1 of Greiner 384 Well Plate 50 µL on 2 at 7.6 uL/sec
Moving to A1 of Greiner 384 Well Plate 50 µL on 2
Aspirating 5.0 uL from A10 of Greiner 96 Well Plate 340 µL on 4 at 7.6 uL/sec
Moving to A10 of Greiner 96 Well Plate 340 µL on 4
Dispensing 5.0 uL into B1 of Greiner 384 Well Plate 50 µL on 2 at 7.6 uL/sec
Moving to B1 of Greiner 384 Well Plate 50 µL on 2
Aspirating 5.0 uL from A10 of Greiner 96 Well Plate 340 µL on 4 at 7.6 uL/sec
Moving to A10 of Greiner 96 Well Plate 340 µL on 4
Dispensing 5.0 uL into A2 of Greiner 384 Well Plate 50 µL on 2 at 7.6 uL/sec
Moving to A2 of Greiner 384 Well Plate 50 µL on 2
Aspirating 5.0 uL from A10 of Greiner 96 Well Plate 340 µL on 4 at 7.6 uL/sec
Moving to A10 of Greiner 96 Well Plate 340 µL on 4
Dispensing 5.0 uL into B2 of Greiner 384 Well Plate 50 µL on 2 at 7.6 uL/sec
Moving to B2 of Greiner 384 Well Plate 50 µL on 2
Dropping tip into A1 of Opentrons Fixed Trash on 12
Picking up tip from A11 of Opentrons OT-2 96 Tip Rack 20 µL on 9
Aspirating 5.0 uL from A11 of Greiner 96 Well Plate 340 µL on 4 at 7.6 uL/sec
Moving to A11 of Greiner 96 Well Plate 340 µL on 4
Dispensing 5.0 uL into A1 of Greiner 384 Well Plate 50 µL on 2 at 7.6 uL/sec
Moving to A1 of Greiner 384 Well Plate 50 µL on 2
Aspirating 5.0 uL from A11 of Greiner 96 Well Plate 340 µL on 4 at 7.6 uL/sec
Moving to A11 of Greiner 96 Well Plate 340 µL on 4
Dispensing 5.0 uL into B1 of Greiner 384 Well Plate 50 µL on 2 at 7.6 uL/sec
Moving to B1 of Greiner 384 Well Plate 50 µL on 2
Aspirating 5.0 uL from A11 of Greiner 96 Well Plate 340 µL on 4 at 7.6 uL/sec
Moving to A11 of Greiner 96 Well Plate 340 µL on 4
Dispensing 5.0 uL into A2 of Greiner 384 Well Plate 50 µL on 2 at 7.6 uL/sec
Moving to A2 of Greiner 384 Well Plate 50 µL on 2
Aspirating 5.0 uL from A11 of Greiner 96 Well Plate 340 µL on 4 at 7.6 uL/sec
Moving to A11 of Greiner 96 Well Plate 340 µL on 4
Dispensing 5.0 uL into B2 of Greiner 384 Well Plate 50 µL on 2 at 7.6 uL/sec
Moving to B2 of Greiner 384 Well Plate 50 µL on 2
Dropping tip into A1 of Opentrons Fixed Trash on 12
Picking up tip from A12 of Opentrons OT-2 96 Tip Rack 20 µL on 9
Aspirating 5.0 uL from A12 of Greiner 96 Well Plate 340 µL on 4 at 7.6 uL/sec
Moving to A12 of Greiner 96 Well Plate 340 µL on 4
Dispensing 5.0 uL into A1 of Greiner 384 Well Plate 50 µL on 2 at 7.6 uL/sec
Moving to A1 of Greiner 384 Well Plate 50 µL on 2
Aspirating 5.0 uL from A12 of Greiner 96 Well Plate 340 µL on 4 at 7.6 uL/sec
Moving to A12 of Greiner 96 Well Plate 340 µL on 4
Dispensing 5.0 uL into B1 of Greiner 384 Well Plate 50 µL on 2 at 7.6 uL/sec
Moving to B1 of Greiner 384 Well Plate 50 µL on 2
Aspirating 5.0 uL from A12 of Greiner 96 Well Plate 340 µL on 4 at 7.6 uL/sec
Moving to A12 of Greiner 96 Well Plate 340 µL on 4
Dispensing 5.0 uL into A2 of Greiner 384 Well Plate 50 µL on 2 at 7.6 uL/sec
Moving to A2 of Greiner 384 Well Plate 50 µL on 2
Aspirating 5.0 uL from A12 of Greiner 96 Well Plate 340 µL on 4 at 7.6 uL/sec
Moving to A12 of Greiner 96 Well Plate 340 µL on 4
Dispensing 5.0 uL into B2 of Greiner 384 Well Plate 50 µL on 2 at 7.6 uL/sec
Moving to B2 of Greiner 384 Well Plate 50 µL on 2
Dropping tip into A1 of Opentrons Fixed Trash on 12
Caught exception: {'message': 'Task was destroyed but it is pending!', 'task': <Task pending name='Task-4' coro=<Poller._poll_forever() running at /Users/dp/Desktop/project/github/opentrons/venv/lib/python3.10/site-packages/opentrons/hardware_control/poller.py:80> wait_for=<Future pending cb=[Task.task_wakeup()]>>}
Caught exception: {'message': 'Task was destroyed but it is pending!', 'task': <Task pending name='Task-3' coro=<Poller._poll_forever() running at /Users/dp/Desktop/project/github/opentrons/venv/lib/python3.10/site-packages/opentrons/hardware_control/poller.py:80> wait_for=<Future pending cb=[Task.task_wakeup()]>>}
Caught exception: {'message': 'Task was destroyed but it is pending!', 'task': <Task pending name='Task-2' coro=<Poller._poll_forever() running at /Users/dp/Desktop/project/github/opentrons/venv/lib/python3.10/site-packages/opentrons/hardware_control/poller.py:80> wait_for=<Future pending cb=[Task.task_wakeup()]>>}
