/Users/dp/Desktop/project/github/opentrons/venv/lib/python3.10/site-packages/opentrons/hardware_control/simulator_setup.py:205: UserWarning: Simulator configuration does not name a machine, defaulting to OT-2 Standard
  warn(
/Users/dp/.opentrons/robot_settings.json not found. Loading defaults
Deck calibration not found.
/Users/dp/.opentrons/deck_calibration.json not found. Loading defaults
Delaying for 0 minutes and 10.0 seconds
Picking up tip from A1 of Opentrons OT-2 96 Tip Rack 300 µL on 10
Aspirating 250.0 uL from A1 of Reservoir on 3 at 94.0 uL/sec
Air gap
	Aspirating 25.0 uL from A1 of Reservoir on 3 at 94.0 uL/sec
Dispensing 275.0 uL into A1 of Rack on 4 at 94.0 uL/sec
Blowing out at A1 of Rack on 4
Touching tip
Aspirating 250.0 uL from A1 of Reservoir on 3 at 94.0 uL/sec
Air gap
	Aspirating 25.0 uL from A1 of Reservoir on 3 at 94.0 uL/sec
Dispensing 275.0 uL into A2 of Rack on 4 at 94.0 uL/sec
Blowing out at A2 of Rack on 4
Touching tip
Aspirating 250.0 uL from A1 of Reservoir on 3 at 94.0 uL/sec
Air gap
	Aspirating 25.0 uL from A1 of Reservoir on 3 at 94.0 uL/sec
Dispensing 275.0 uL into A3 of Rack on 4 at 94.0 uL/sec
Blowing out at A3 of Rack on 4
Touching tip
Aspirating 250.0 uL from A1 of Reservoir on 3 at 94.0 uL/sec
Air gap
	Aspirating 25.0 uL from A1 of Reservoir on 3 at 94.0 uL/sec
Dispensing 275.0 uL into A4 of Rack on 4 at 94.0 uL/sec
Blowing out at A4 of Rack on 4
Touching tip
Aspirating 250.0 uL from A1 of Reservoir on 3 at 94.0 uL/sec
Air gap
	Aspirating 25.0 uL from A1 of Reservoir on 3 at 94.0 uL/sec
Dispensing 275.0 uL into A5 of Rack on 4 at 94.0 uL/sec
Blowing out at A5 of Rack on 4
Touching tip
Aspirating 250.0 uL from A1 of Reservoir on 3 at 94.0 uL/sec
Air gap
	Aspirating 25.0 uL from A1 of Reservoir on 3 at 94.0 uL/sec
Dispensing 275.0 uL into A6 of Rack on 4 at 94.0 uL/sec
Blowing out at A6 of Rack on 4
Touching tip
Dropping tip into A1 of Opentrons Fixed Trash on 12
Picking up tip from A2 of Opentrons OT-2 96 Tip Rack 300 µL on 10
Aspirating 250.0 uL from A1 of Reservoir on 3 at 94.0 uL/sec
Air gap
	Aspirating 25.0 uL from A1 of Reservoir on 3 at 94.0 uL/sec
Dispensing 275.0 uL into A1 of Rack on 1 at 94.0 uL/sec
Blowing out at A1 of Rack on 1
Touching tip
Aspirating 250.0 uL from A1 of Reservoir on 3 at 94.0 uL/sec
Air gap
	Aspirating 25.0 uL from A1 of Reservoir on 3 at 94.0 uL/sec
Dispensing 275.0 uL into A2 of Rack on 1 at 94.0 uL/sec
Blowing out at A2 of Rack on 1
Touching tip
Aspirating 250.0 uL from A1 of Reservoir on 3 at 94.0 uL/sec
Air gap
	Aspirating 25.0 uL from A1 of Reservoir on 3 at 94.0 uL/sec
Dispensing 275.0 uL into A3 of Rack on 1 at 94.0 uL/sec
Blowing out at A3 of Rack on 1
Touching tip
Aspirating 250.0 uL from A1 of Reservoir on 3 at 94.0 uL/sec
Air gap
	Aspirating 25.0 uL from A1 of Reservoir on 3 at 94.0 uL/sec
Dispensing 275.0 uL into A4 of Rack on 1 at 94.0 uL/sec
Blowing out at A4 of Rack on 1
Touching tip
Aspirating 250.0 uL from A1 of Reservoir on 3 at 94.0 uL/sec
Air gap
	Aspirating 25.0 uL from A1 of Reservoir on 3 at 94.0 uL/sec
Dispensing 275.0 uL into A5 of Rack on 1 at 94.0 uL/sec
Blowing out at A5 of Rack on 1
Touching tip
Aspirating 250.0 uL from A1 of Reservoir on 3 at 94.0 uL/sec
Air gap
	Aspirating 25.0 uL from A1 of Reservoir on 3 at 94.0 uL/sec
Dispensing 275.0 uL into A6 of Rack on 1 at 94.0 uL/sec
Blowing out at A6 of Rack on 1
Touching tip
Dropping tip into A1 of Opentrons Fixed Trash on 12
Picking up tip from A3 of Opentrons OT-2 96 Tip Rack 300 µL on 10
Aspirating 250.0 uL from A1 of Reservoir on 3 at 94.0 uL/sec
Air gap
	Aspirating 25.0 uL from A1 of Reservoir on 3 at 94.0 uL/sec
Dispensing 275.0 uL into A1 of Rack on 5 at 94.0 uL/sec
Blowing out at A1 of Rack on 5
Touching tip
Aspirating 250.0 uL from A1 of Reservoir on 3 at 94.0 uL/sec
Air gap
	Aspirating 25.0 uL from A1 of Reservoir on 3 at 94.0 uL/sec
Dispensing 275.0 uL into A2 of Rack on 5 at 94.0 uL/sec
Blowing out at A2 of Rack on 5
Touching tip
Aspirating 250.0 uL from A1 of Reservoir on 3 at 94.0 uL/sec
Air gap
	Aspirating 25.0 uL from A1 of Reservoir on 3 at 94.0 uL/sec
Dispensing 275.0 uL into A3 of Rack on 5 at 94.0 uL/sec
Blowing out at A3 of Rack on 5
Touching tip
Aspirating 250.0 uL from A1 of Reservoir on 3 at 94.0 uL/sec
Air gap
	Aspirating 25.0 uL from A1 of Reservoir on 3 at 94.0 uL/sec
Dispensing 275.0 uL into A4 of Rack on 5 at 94.0 uL/sec
Blowing out at A4 of Rack on 5
Touching tip
Aspirating 250.0 uL from A1 of Reservoir on 3 at 94.0 uL/sec
Air gap
	Aspirating 25.0 uL from A1 of Reservoir on 3 at 94.0 uL/sec
Dispensing 275.0 uL into A5 of Rack on 5 at 94.0 uL/sec
Blowing out at A5 of Rack on 5
Touching tip
Aspirating 250.0 uL from A1 of Reservoir on 3 at 94.0 uL/sec
Air gap
	Aspirating 25.0 uL from A1 of Reservoir on 3 at 94.0 uL/sec
Dispensing 275.0 uL into A6 of Rack on 5 at 94.0 uL/sec
Blowing out at A6 of Rack on 5
Touching tip
Dropping tip into A1 of Opentrons Fixed Trash on 12
Picking up tip from A4 of Opentrons OT-2 96 Tip Rack 300 µL on 10
Aspirating 250.0 uL from A1 of Reservoir on 3 at 94.0 uL/sec
Air gap
	Aspirating 25.0 uL from A1 of Reservoir on 3 at 94.0 uL/sec
Dispensing 275.0 uL into A1 of Rack on 2 at 94.0 uL/sec
Blowing out at A1 of Rack on 2
Touching tip
Aspirating 250.0 uL from A1 of Reservoir on 3 at 94.0 uL/sec
Air gap
	Aspirating 25.0 uL from A1 of Reservoir on 3 at 94.0 uL/sec
Dispensing 275.0 uL into A2 of Rack on 2 at 94.0 uL/sec
Blowing out at A2 of Rack on 2
Touching tip
Aspirating 250.0 uL from A1 of Reservoir on 3 at 94.0 uL/sec
Air gap
	Aspirating 25.0 uL from A1 of Reservoir on 3 at 94.0 uL/sec
Dispensing 275.0 uL into A3 of Rack on 2 at 94.0 uL/sec
Blowing out at A3 of Rack on 2
Touching tip
Aspirating 250.0 uL from A1 of Reservoir on 3 at 94.0 uL/sec
Air gap
	Aspirating 25.0 uL from A1 of Reservoir on 3 at 94.0 uL/sec
Dispensing 275.0 uL into A4 of Rack on 2 at 94.0 uL/sec
Blowing out at A4 of Rack on 2
Touching tip
Aspirating 250.0 uL from A1 of Reservoir on 3 at 94.0 uL/sec
Air gap
	Aspirating 25.0 uL from A1 of Reservoir on 3 at 94.0 uL/sec
Dispensing 275.0 uL into A5 of Rack on 2 at 94.0 uL/sec
Blowing out at A5 of Rack on 2
Touching tip
Aspirating 250.0 uL from A1 of Reservoir on 3 at 94.0 uL/sec
Air gap
	Aspirating 25.0 uL from A1 of Reservoir on 3 at 94.0 uL/sec
Dispensing 275.0 uL into A6 of Rack on 2 at 94.0 uL/sec
Blowing out at A6 of Rack on 2
Touching tip
Dropping tip into A1 of Opentrons Fixed Trash on 12
Caught exception: {'message': 'Task was destroyed but it is pending!', 'task': <Task pending name='Task-4' coro=<Poller._poll_forever() running at /Users/dp/Desktop/project/github/opentrons/venv/lib/python3.10/site-packages/opentrons/hardware_control/poller.py:80> wait_for=<Future pending cb=[Task.task_wakeup()]>>}
Caught exception: {'message': 'Task was destroyed but it is pending!', 'task': <Task pending name='Task-3' coro=<Poller._poll_forever() running at /Users/dp/Desktop/project/github/opentrons/venv/lib/python3.10/site-packages/opentrons/hardware_control/poller.py:80> wait_for=<Future pending cb=[Task.task_wakeup()]>>}
Caught exception: {'message': 'Task was destroyed but it is pending!', 'task': <Task pending name='Task-2' coro=<Poller._poll_forever() running at /Users/dp/Desktop/project/github/opentrons/venv/lib/python3.10/site-packages/opentrons/hardware_control/poller.py:80> wait_for=<Future pending cb=[Task.task_wakeup()]>>}
