/Users/dp/Desktop/project/github/opentrons/venv/lib/python3.10/site-packages/opentrons/hardware_control/simulator_setup.py:205: UserWarning: Simulator configuration does not name a machine, defaulting to OT-2 Standard
  warn(
/Users/dp/.opentrons/robot_settings.json not found. Loading defaults
Deck calibration not found.
/Users/dp/.opentrons/deck_calibration.json not found. Loading defaults

---------------ADDING SERUM TO PLATES----------------


Picking up tip from A1 of Opentrons OT-2 96 Tip Rack 300 µL on 9
Distributing 40.0 from A1 of Agilent 1 Well Reservoir 290 mL on 7 to A2 of Corning 96 Well Plate 360 µL Flat on 1
	Transferring 40.0 from A1 of Agilent 1 Well Reservoir 290 mL on 7 to A2 of Corning 96 Well Plate 360 µL Flat on 1
		Aspirating 260.0 uL from A1 of Agilent 1 Well Reservoir 290 mL on 7 at 94.0 uL/sec
		Dispensing 40.0 uL into A2 of Corning 96 Well Plate 360 µL Flat on 1 at 94.0 uL/sec
		Dispensing 40.0 uL into A3 of Corning 96 Well Plate 360 µL Flat on 1 at 94.0 uL/sec
		Dispensing 40.0 uL into A4 of Corning 96 Well Plate 360 µL Flat on 1 at 94.0 uL/sec
		Dispensing 40.0 uL into A5 of Corning 96 Well Plate 360 µL Flat on 1 at 94.0 uL/sec
		Dispensing 40.0 uL into A6 of Corning 96 Well Plate 360 µL Flat on 1 at 94.0 uL/sec
		Dispensing 40.0 uL into A7 of Corning 96 Well Plate 360 µL Flat on 1 at 94.0 uL/sec
		Blowing out at A1 of Opentrons Fixed Trash on 12



Aspirating 80.0 uL from A1 of Agilent 1 Well Reservoir 290 mL on 7 at 94.0 uL/sec
Dispensing 80.0 uL into A8 of Corning 96 Well Plate 360 µL Flat on 1 at 94.0 uL/sec



Aspirating 72.0 uL from A1 of Agilent 1 Well Reservoir 290 mL on 7 at 94.0 uL/sec
Dispensing 72.0 uL into A1 of Corning 96 Well Plate 360 µL Flat on 1 at 94.0 uL/sec
Dropping tip into A1 of Opentrons Fixed Trash on 12



Pausing robot operation: Please add 8ul of media and appropriate amount
                  of sample to column 1

---------------SERIALLY DILUTING----------------


Picking up tip from A2 of Opentrons OT-2 96 Tip Rack 300 µL on 9
Mixing 3 times with a volume of 40.0 ul
	Aspirating 40.0 uL from A1 of Corning 96 Well Plate 360 µL Flat on 1 at 94.0 uL/sec
	Dispensing 40.0 uL into A1 of Corning 96 Well Plate 360 µL Flat on 1 at 94.0 uL/sec
	Aspirating 40.0 uL from A1 of Corning 96 Well Plate 360 µL Flat on 1 at 94.0 uL/sec
	Dispensing 40.0 uL into A1 of Corning 96 Well Plate 360 µL Flat on 1 at 94.0 uL/sec
	Aspirating 40.0 uL from A1 of Corning 96 Well Plate 360 µL Flat on 1 at 94.0 uL/sec
	Dispensing 40.0 uL into A1 of Corning 96 Well Plate 360 µL Flat on 1 at 94.0 uL/sec
Aspirating 40.0 uL from A1 of Corning 96 Well Plate 360 µL Flat on 1 at 37.6 uL/sec
Dispensing 40.0 uL into A2 of Corning 96 Well Plate 360 µL Flat on 1 at 37.6 uL/sec
Dropping tip into A1 of Opentrons Fixed Trash on 12
Picking up tip from A3 of Opentrons OT-2 96 Tip Rack 300 µL on 9
Mixing 3 times with a volume of 40.0 ul
	Aspirating 40.0 uL from A2 of Corning 96 Well Plate 360 µL Flat on 1 at 94.0 uL/sec
	Dispensing 40.0 uL into A2 of Corning 96 Well Plate 360 µL Flat on 1 at 94.0 uL/sec
	Aspirating 40.0 uL from A2 of Corning 96 Well Plate 360 µL Flat on 1 at 94.0 uL/sec
	Dispensing 40.0 uL into A2 of Corning 96 Well Plate 360 µL Flat on 1 at 94.0 uL/sec
	Aspirating 40.0 uL from A2 of Corning 96 Well Plate 360 µL Flat on 1 at 94.0 uL/sec
	Dispensing 40.0 uL into A2 of Corning 96 Well Plate 360 µL Flat on 1 at 94.0 uL/sec
Aspirating 40.0 uL from A2 of Corning 96 Well Plate 360 µL Flat on 1 at 37.6 uL/sec
Dispensing 40.0 uL into A3 of Corning 96 Well Plate 360 µL Flat on 1 at 37.6 uL/sec
Dropping tip into A1 of Opentrons Fixed Trash on 12
Picking up tip from A4 of Opentrons OT-2 96 Tip Rack 300 µL on 9
Mixing 3 times with a volume of 40.0 ul
	Aspirating 40.0 uL from A3 of Corning 96 Well Plate 360 µL Flat on 1 at 94.0 uL/sec
	Dispensing 40.0 uL into A3 of Corning 96 Well Plate 360 µL Flat on 1 at 94.0 uL/sec
	Aspirating 40.0 uL from A3 of Corning 96 Well Plate 360 µL Flat on 1 at 94.0 uL/sec
	Dispensing 40.0 uL into A3 of Corning 96 Well Plate 360 µL Flat on 1 at 94.0 uL/sec
	Aspirating 40.0 uL from A3 of Corning 96 Well Plate 360 µL Flat on 1 at 94.0 uL/sec
	Dispensing 40.0 uL into A3 of Corning 96 Well Plate 360 µL Flat on 1 at 94.0 uL/sec
Aspirating 40.0 uL from A3 of Corning 96 Well Plate 360 µL Flat on 1 at 37.6 uL/sec
Dispensing 40.0 uL into A4 of Corning 96 Well Plate 360 µL Flat on 1 at 37.6 uL/sec
Dropping tip into A1 of Opentrons Fixed Trash on 12
Picking up tip from A5 of Opentrons OT-2 96 Tip Rack 300 µL on 9
Mixing 3 times with a volume of 40.0 ul
	Aspirating 40.0 uL from A4 of Corning 96 Well Plate 360 µL Flat on 1 at 94.0 uL/sec
	Dispensing 40.0 uL into A4 of Corning 96 Well Plate 360 µL Flat on 1 at 94.0 uL/sec
	Aspirating 40.0 uL from A4 of Corning 96 Well Plate 360 µL Flat on 1 at 94.0 uL/sec
	Dispensing 40.0 uL into A4 of Corning 96 Well Plate 360 µL Flat on 1 at 94.0 uL/sec
	Aspirating 40.0 uL from A4 of Corning 96 Well Plate 360 µL Flat on 1 at 94.0 uL/sec
	Dispensing 40.0 uL into A4 of Corning 96 Well Plate 360 µL Flat on 1 at 94.0 uL/sec
Aspirating 40.0 uL from A4 of Corning 96 Well Plate 360 µL Flat on 1 at 37.6 uL/sec
Dispensing 40.0 uL into A5 of Corning 96 Well Plate 360 µL Flat on 1 at 37.6 uL/sec
Dropping tip into A1 of Opentrons Fixed Trash on 12
Picking up tip from A6 of Opentrons OT-2 96 Tip Rack 300 µL on 9
Mixing 3 times with a volume of 40.0 ul
	Aspirating 40.0 uL from A5 of Corning 96 Well Plate 360 µL Flat on 1 at 94.0 uL/sec
	Dispensing 40.0 uL into A5 of Corning 96 Well Plate 360 µL Flat on 1 at 94.0 uL/sec
	Aspirating 40.0 uL from A5 of Corning 96 Well Plate 360 µL Flat on 1 at 94.0 uL/sec
	Dispensing 40.0 uL into A5 of Corning 96 Well Plate 360 µL Flat on 1 at 94.0 uL/sec
	Aspirating 40.0 uL from A5 of Corning 96 Well Plate 360 µL Flat on 1 at 94.0 uL/sec
	Dispensing 40.0 uL into A5 of Corning 96 Well Plate 360 µL Flat on 1 at 94.0 uL/sec
Aspirating 40.0 uL from A5 of Corning 96 Well Plate 360 µL Flat on 1 at 37.6 uL/sec
Dispensing 40.0 uL into A6 of Corning 96 Well Plate 360 µL Flat on 1 at 37.6 uL/sec
Dropping tip into A1 of Opentrons Fixed Trash on 12
Picking up tip from A7 of Opentrons OT-2 96 Tip Rack 300 µL on 9
Mixing 3 times with a volume of 40.0 ul
	Aspirating 40.0 uL from A6 of Corning 96 Well Plate 360 µL Flat on 1 at 94.0 uL/sec
	Dispensing 40.0 uL into A6 of Corning 96 Well Plate 360 µL Flat on 1 at 94.0 uL/sec
	Aspirating 40.0 uL from A6 of Corning 96 Well Plate 360 µL Flat on 1 at 94.0 uL/sec
	Dispensing 40.0 uL into A6 of Corning 96 Well Plate 360 µL Flat on 1 at 94.0 uL/sec
	Aspirating 40.0 uL from A6 of Corning 96 Well Plate 360 µL Flat on 1 at 94.0 uL/sec
	Dispensing 40.0 uL into A6 of Corning 96 Well Plate 360 µL Flat on 1 at 94.0 uL/sec
Aspirating 40.0 uL from A6 of Corning 96 Well Plate 360 µL Flat on 1 at 37.6 uL/sec
Dispensing 40.0 uL into A12 of NEST 12 Well Reservoir 15 mL on 8 at 37.6 uL/sec
Dropping tip into A1 of Opentrons Fixed Trash on 12






 ˚

---------------ADDING VIRUS----------------


Picking up tip from A8 of Opentrons OT-2 96 Tip Rack 300 µL on 9
Mixing 5 times with a volume of 300.0 ul
	Aspirating 300.0 uL from A1 of NEST 12 Well Reservoir 15 mL on 8 at 94.0 uL/sec
	Dispensing 300.0 uL into A1 of NEST 12 Well Reservoir 15 mL on 8 at 94.0 uL/sec
	Aspirating 300.0 uL from A1 of NEST 12 Well Reservoir 15 mL on 8 at 94.0 uL/sec
	Dispensing 300.0 uL into A1 of NEST 12 Well Reservoir 15 mL on 8 at 94.0 uL/sec
	Aspirating 300.0 uL from A1 of NEST 12 Well Reservoir 15 mL on 8 at 94.0 uL/sec
	Dispensing 300.0 uL into A1 of NEST 12 Well Reservoir 15 mL on 8 at 94.0 uL/sec
	Aspirating 300.0 uL from A1 of NEST 12 Well Reservoir 15 mL on 8 at 94.0 uL/sec
	Dispensing 300.0 uL into A1 of NEST 12 Well Reservoir 15 mL on 8 at 94.0 uL/sec
	Aspirating 300.0 uL from A1 of NEST 12 Well Reservoir 15 mL on 8 at 94.0 uL/sec
	Dispensing 300.0 uL into A1 of NEST 12 Well Reservoir 15 mL on 8 at 94.0 uL/sec
Aspirating 40.0 uL from A1 of NEST 12 Well Reservoir 15 mL on 8 at 94.0 uL/sec
Dispensing 40.0 uL into A1 of Corning 96 Well Plate 360 µL Flat on 1 at 94.0 uL/sec
Delaying for 0 minutes and 2.0 seconds
Blowing out at A1 of Corning 96 Well Plate 360 µL Flat on 1
Mixing 5 times with a volume of 300.0 ul
	Aspirating 300.0 uL from A1 of NEST 12 Well Reservoir 15 mL on 8 at 94.0 uL/sec
	Dispensing 300.0 uL into A1 of NEST 12 Well Reservoir 15 mL on 8 at 94.0 uL/sec
	Aspirating 300.0 uL from A1 of NEST 12 Well Reservoir 15 mL on 8 at 94.0 uL/sec
	Dispensing 300.0 uL into A1 of NEST 12 Well Reservoir 15 mL on 8 at 94.0 uL/sec
	Aspirating 300.0 uL from A1 of NEST 12 Well Reservoir 15 mL on 8 at 94.0 uL/sec
	Dispensing 300.0 uL into A1 of NEST 12 Well Reservoir 15 mL on 8 at 94.0 uL/sec
	Aspirating 300.0 uL from A1 of NEST 12 Well Reservoir 15 mL on 8 at 94.0 uL/sec
	Dispensing 300.0 uL into A1 of NEST 12 Well Reservoir 15 mL on 8 at 94.0 uL/sec
	Aspirating 300.0 uL from A1 of NEST 12 Well Reservoir 15 mL on 8 at 94.0 uL/sec
	Dispensing 300.0 uL into A1 of NEST 12 Well Reservoir 15 mL on 8 at 94.0 uL/sec
Aspirating 40.0 uL from A1 of NEST 12 Well Reservoir 15 mL on 8 at 94.0 uL/sec
Dispensing 40.0 uL into A2 of Corning 96 Well Plate 360 µL Flat on 1 at 94.0 uL/sec
Delaying for 0 minutes and 2.0 seconds
Blowing out at A2 of Corning 96 Well Plate 360 µL Flat on 1
Mixing 5 times with a volume of 300.0 ul
	Aspirating 300.0 uL from A1 of NEST 12 Well Reservoir 15 mL on 8 at 94.0 uL/sec
	Dispensing 300.0 uL into A1 of NEST 12 Well Reservoir 15 mL on 8 at 94.0 uL/sec
	Aspirating 300.0 uL from A1 of NEST 12 Well Reservoir 15 mL on 8 at 94.0 uL/sec
	Dispensing 300.0 uL into A1 of NEST 12 Well Reservoir 15 mL on 8 at 94.0 uL/sec
	Aspirating 300.0 uL from A1 of NEST 12 Well Reservoir 15 mL on 8 at 94.0 uL/sec
	Dispensing 300.0 uL into A1 of NEST 12 Well Reservoir 15 mL on 8 at 94.0 uL/sec
	Aspirating 300.0 uL from A1 of NEST 12 Well Reservoir 15 mL on 8 at 94.0 uL/sec
	Dispensing 300.0 uL into A1 of NEST 12 Well Reservoir 15 mL on 8 at 94.0 uL/sec
	Aspirating 300.0 uL from A1 of NEST 12 Well Reservoir 15 mL on 8 at 94.0 uL/sec
	Dispensing 300.0 uL into A1 of NEST 12 Well Reservoir 15 mL on 8 at 94.0 uL/sec
Aspirating 40.0 uL from A1 of NEST 12 Well Reservoir 15 mL on 8 at 94.0 uL/sec
Dispensing 40.0 uL into A3 of Corning 96 Well Plate 360 µL Flat on 1 at 94.0 uL/sec
Delaying for 0 minutes and 2.0 seconds
Blowing out at A3 of Corning 96 Well Plate 360 µL Flat on 1
Mixing 5 times with a volume of 300.0 ul
	Aspirating 300.0 uL from A1 of NEST 12 Well Reservoir 15 mL on 8 at 94.0 uL/sec
	Dispensing 300.0 uL into A1 of NEST 12 Well Reservoir 15 mL on 8 at 94.0 uL/sec
	Aspirating 300.0 uL from A1 of NEST 12 Well Reservoir 15 mL on 8 at 94.0 uL/sec
	Dispensing 300.0 uL into A1 of NEST 12 Well Reservoir 15 mL on 8 at 94.0 uL/sec
	Aspirating 300.0 uL from A1 of NEST 12 Well Reservoir 15 mL on 8 at 94.0 uL/sec
	Dispensing 300.0 uL into A1 of NEST 12 Well Reservoir 15 mL on 8 at 94.0 uL/sec
	Aspirating 300.0 uL from A1 of NEST 12 Well Reservoir 15 mL on 8 at 94.0 uL/sec
	Dispensing 300.0 uL into A1 of NEST 12 Well Reservoir 15 mL on 8 at 94.0 uL/sec
	Aspirating 300.0 uL from A1 of NEST 12 Well Reservoir 15 mL on 8 at 94.0 uL/sec
	Dispensing 300.0 uL into A1 of NEST 12 Well Reservoir 15 mL on 8 at 94.0 uL/sec
Aspirating 40.0 uL from A1 of NEST 12 Well Reservoir 15 mL on 8 at 94.0 uL/sec
Dispensing 40.0 uL into A4 of Corning 96 Well Plate 360 µL Flat on 1 at 94.0 uL/sec
Delaying for 0 minutes and 2.0 seconds
Blowing out at A4 of Corning 96 Well Plate 360 µL Flat on 1
Mixing 5 times with a volume of 300.0 ul
	Aspirating 300.0 uL from A1 of NEST 12 Well Reservoir 15 mL on 8 at 94.0 uL/sec
	Dispensing 300.0 uL into A1 of NEST 12 Well Reservoir 15 mL on 8 at 94.0 uL/sec
	Aspirating 300.0 uL from A1 of NEST 12 Well Reservoir 15 mL on 8 at 94.0 uL/sec
	Dispensing 300.0 uL into A1 of NEST 12 Well Reservoir 15 mL on 8 at 94.0 uL/sec
	Aspirating 300.0 uL from A1 of NEST 12 Well Reservoir 15 mL on 8 at 94.0 uL/sec
	Dispensing 300.0 uL into A1 of NEST 12 Well Reservoir 15 mL on 8 at 94.0 uL/sec
	Aspirating 300.0 uL from A1 of NEST 12 Well Reservoir 15 mL on 8 at 94.0 uL/sec
	Dispensing 300.0 uL into A1 of NEST 12 Well Reservoir 15 mL on 8 at 94.0 uL/sec
	Aspirating 300.0 uL from A1 of NEST 12 Well Reservoir 15 mL on 8 at 94.0 uL/sec
	Dispensing 300.0 uL into A1 of NEST 12 Well Reservoir 15 mL on 8 at 94.0 uL/sec
Aspirating 40.0 uL from A1 of NEST 12 Well Reservoir 15 mL on 8 at 94.0 uL/sec
Dispensing 40.0 uL into A5 of Corning 96 Well Plate 360 µL Flat on 1 at 94.0 uL/sec
Delaying for 0 minutes and 2.0 seconds
Blowing out at A5 of Corning 96 Well Plate 360 µL Flat on 1
Mixing 5 times with a volume of 300.0 ul
	Aspirating 300.0 uL from A1 of NEST 12 Well Reservoir 15 mL on 8 at 94.0 uL/sec
	Dispensing 300.0 uL into A1 of NEST 12 Well Reservoir 15 mL on 8 at 94.0 uL/sec
	Aspirating 300.0 uL from A1 of NEST 12 Well Reservoir 15 mL on 8 at 94.0 uL/sec
	Dispensing 300.0 uL into A1 of NEST 12 Well Reservoir 15 mL on 8 at 94.0 uL/sec
	Aspirating 300.0 uL from A1 of NEST 12 Well Reservoir 15 mL on 8 at 94.0 uL/sec
	Dispensing 300.0 uL into A1 of NEST 12 Well Reservoir 15 mL on 8 at 94.0 uL/sec
	Aspirating 300.0 uL from A1 of NEST 12 Well Reservoir 15 mL on 8 at 94.0 uL/sec
	Dispensing 300.0 uL into A1 of NEST 12 Well Reservoir 15 mL on 8 at 94.0 uL/sec
	Aspirating 300.0 uL from A1 of NEST 12 Well Reservoir 15 mL on 8 at 94.0 uL/sec
	Dispensing 300.0 uL into A1 of NEST 12 Well Reservoir 15 mL on 8 at 94.0 uL/sec
Aspirating 40.0 uL from A1 of NEST 12 Well Reservoir 15 mL on 8 at 94.0 uL/sec
Dispensing 40.0 uL into A6 of Corning 96 Well Plate 360 µL Flat on 1 at 94.0 uL/sec
Delaying for 0 minutes and 2.0 seconds
Blowing out at A6 of Corning 96 Well Plate 360 µL Flat on 1
Mixing 5 times with a volume of 300.0 ul
	Aspirating 300.0 uL from A1 of NEST 12 Well Reservoir 15 mL on 8 at 94.0 uL/sec
	Dispensing 300.0 uL into A1 of NEST 12 Well Reservoir 15 mL on 8 at 94.0 uL/sec
	Aspirating 300.0 uL from A1 of NEST 12 Well Reservoir 15 mL on 8 at 94.0 uL/sec
	Dispensing 300.0 uL into A1 of NEST 12 Well Reservoir 15 mL on 8 at 94.0 uL/sec
	Aspirating 300.0 uL from A1 of NEST 12 Well Reservoir 15 mL on 8 at 94.0 uL/sec
	Dispensing 300.0 uL into A1 of NEST 12 Well Reservoir 15 mL on 8 at 94.0 uL/sec
	Aspirating 300.0 uL from A1 of NEST 12 Well Reservoir 15 mL on 8 at 94.0 uL/sec
	Dispensing 300.0 uL into A1 of NEST 12 Well Reservoir 15 mL on 8 at 94.0 uL/sec
	Aspirating 300.0 uL from A1 of NEST 12 Well Reservoir 15 mL on 8 at 94.0 uL/sec
	Dispensing 300.0 uL into A1 of NEST 12 Well Reservoir 15 mL on 8 at 94.0 uL/sec
Aspirating 40.0 uL from A1 of NEST 12 Well Reservoir 15 mL on 8 at 94.0 uL/sec
Dispensing 40.0 uL into A7 of Corning 96 Well Plate 360 µL Flat on 1 at 94.0 uL/sec
Delaying for 0 minutes and 2.0 seconds
Blowing out at A7 of Corning 96 Well Plate 360 µL Flat on 1
Dropping tip into A1 of Opentrons Fixed Trash on 12
Pausing robot operation: Place plate in incubator at 37C for one hour

------DISCARDING MEDIA & TRANSFER TO NEW PLATE-------


Picking up tip from A9 of Opentrons OT-2 96 Tip Rack 300 µL on 9
Aspirating 100.0 uL from A1 of Corning 96 Well Plate 360 µL Flat on 4 at 9.4 uL/sec
Dispensing 100.0 uL into A12 of NEST 12 Well Reservoir 15 mL on 8 at 94.0 uL/sec
Aspirating 60.0 uL from A1 of Corning 96 Well Plate 360 µL Flat on 1 at 94.0 uL/sec
Dispensing 60.0 uL into A1 of Corning 96 Well Plate 360 µL Flat on 4 at 94.0 uL/sec
Dropping tip into A1 of Opentrons Fixed Trash on 12
Picking up tip from A10 of Opentrons OT-2 96 Tip Rack 300 µL on 9
Aspirating 100.0 uL from A2 of Corning 96 Well Plate 360 µL Flat on 4 at 9.4 uL/sec
Dispensing 100.0 uL into A12 of NEST 12 Well Reservoir 15 mL on 8 at 94.0 uL/sec
Aspirating 60.0 uL from A2 of Corning 96 Well Plate 360 µL Flat on 1 at 94.0 uL/sec
Dispensing 60.0 uL into A2 of Corning 96 Well Plate 360 µL Flat on 4 at 94.0 uL/sec
Dropping tip into A1 of Opentrons Fixed Trash on 12
Picking up tip from A11 of Opentrons OT-2 96 Tip Rack 300 µL on 9
Aspirating 100.0 uL from A3 of Corning 96 Well Plate 360 µL Flat on 4 at 9.4 uL/sec
Dispensing 100.0 uL into A12 of NEST 12 Well Reservoir 15 mL on 8 at 94.0 uL/sec
Aspirating 60.0 uL from A3 of Corning 96 Well Plate 360 µL Flat on 1 at 94.0 uL/sec
Dispensing 60.0 uL into A3 of Corning 96 Well Plate 360 µL Flat on 4 at 94.0 uL/sec
Dropping tip into A1 of Opentrons Fixed Trash on 12
Picking up tip from A12 of Opentrons OT-2 96 Tip Rack 300 µL on 9
Aspirating 100.0 uL from A4 of Corning 96 Well Plate 360 µL Flat on 4 at 9.4 uL/sec
Dispensing 100.0 uL into A12 of NEST 12 Well Reservoir 15 mL on 8 at 94.0 uL/sec
Aspirating 60.0 uL from A4 of Corning 96 Well Plate 360 µL Flat on 1 at 94.0 uL/sec
Dispensing 60.0 uL into A4 of Corning 96 Well Plate 360 µL Flat on 4 at 94.0 uL/sec
Dropping tip into A1 of Opentrons Fixed Trash on 12
Picking up tip from A1 of Opentrons OT-2 96 Tip Rack 300 µL on 10
Aspirating 100.0 uL from A5 of Corning 96 Well Plate 360 µL Flat on 4 at 9.4 uL/sec
Dispensing 100.0 uL into A12 of NEST 12 Well Reservoir 15 mL on 8 at 94.0 uL/sec
Aspirating 60.0 uL from A5 of Corning 96 Well Plate 360 µL Flat on 1 at 94.0 uL/sec
Dispensing 60.0 uL into A5 of Corning 96 Well Plate 360 µL Flat on 4 at 94.0 uL/sec
Dropping tip into A1 of Opentrons Fixed Trash on 12
Picking up tip from A2 of Opentrons OT-2 96 Tip Rack 300 µL on 10
Aspirating 100.0 uL from A6 of Corning 96 Well Plate 360 µL Flat on 4 at 9.4 uL/sec
Dispensing 100.0 uL into A12 of NEST 12 Well Reservoir 15 mL on 8 at 94.0 uL/sec
Aspirating 60.0 uL from A6 of Corning 96 Well Plate 360 µL Flat on 1 at 94.0 uL/sec
Dispensing 60.0 uL into A6 of Corning 96 Well Plate 360 µL Flat on 4 at 94.0 uL/sec
Dropping tip into A1 of Opentrons Fixed Trash on 12
Picking up tip from A3 of Opentrons OT-2 96 Tip Rack 300 µL on 10
Aspirating 100.0 uL from A7 of Corning 96 Well Plate 360 µL Flat on 4 at 9.4 uL/sec
Dispensing 100.0 uL into A12 of NEST 12 Well Reservoir 15 mL on 8 at 94.0 uL/sec
Aspirating 60.0 uL from A7 of Corning 96 Well Plate 360 µL Flat on 1 at 94.0 uL/sec
Dispensing 60.0 uL into A7 of Corning 96 Well Plate 360 µL Flat on 4 at 94.0 uL/sec
Dropping tip into A1 of Opentrons Fixed Trash on 12
Picking up tip from A4 of Opentrons OT-2 96 Tip Rack 300 µL on 10
Aspirating 100.0 uL from A8 of Corning 96 Well Plate 360 µL Flat on 4 at 9.4 uL/sec
Dispensing 100.0 uL into A12 of NEST 12 Well Reservoir 15 mL on 8 at 94.0 uL/sec
Aspirating 60.0 uL from A8 of Corning 96 Well Plate 360 µL Flat on 1 at 94.0 uL/sec
Dispensing 60.0 uL into A8 of Corning 96 Well Plate 360 µL Flat on 4 at 94.0 uL/sec
Dropping tip into A1 of Opentrons Fixed Trash on 12
Pausing robot operation: Place plate in incubator at 37C for one hour

------------TRANSFERRING OVERLAY-------------


Picking up tip from A5 of Opentrons OT-2 96 Tip Rack 300 µL on 10
Aspirating 140.0 uL from A2 of NEST 12 Well Reservoir 15 mL on 8 at 18.8 uL/sec
Delaying for 0 minutes and 1.0 seconds
Moving to A1 of Corning 96 Well Plate 360 µL Flat on 4
Dispensing 140.0 uL into A1 of Corning 96 Well Plate 360 µL Flat on 4 at 18.8 uL/sec
Moving to A1 of Corning 96 Well Plate 360 µL Flat on 4
Dropping tip into A1 of Opentrons Fixed Trash on 12


Picking up tip from A6 of Opentrons OT-2 96 Tip Rack 300 µL on 10
Aspirating 140.0 uL from A2 of NEST 12 Well Reservoir 15 mL on 8 at 18.8 uL/sec
Delaying for 0 minutes and 1.0 seconds
Moving to A2 of Corning 96 Well Plate 360 µL Flat on 4
Dispensing 140.0 uL into A2 of Corning 96 Well Plate 360 µL Flat on 4 at 18.8 uL/sec
Moving to A2 of Corning 96 Well Plate 360 µL Flat on 4
Dropping tip into A1 of Opentrons Fixed Trash on 12


Picking up tip from A7 of Opentrons OT-2 96 Tip Rack 300 µL on 10
Aspirating 140.0 uL from A2 of NEST 12 Well Reservoir 15 mL on 8 at 18.8 uL/sec
Delaying for 0 minutes and 1.0 seconds
Moving to A3 of Corning 96 Well Plate 360 µL Flat on 4
Dispensing 140.0 uL into A3 of Corning 96 Well Plate 360 µL Flat on 4 at 18.8 uL/sec
Moving to A3 of Corning 96 Well Plate 360 µL Flat on 4
Dropping tip into A1 of Opentrons Fixed Trash on 12


Picking up tip from A8 of Opentrons OT-2 96 Tip Rack 300 µL on 10
Aspirating 140.0 uL from A2 of NEST 12 Well Reservoir 15 mL on 8 at 18.8 uL/sec
Delaying for 0 minutes and 1.0 seconds
Moving to A4 of Corning 96 Well Plate 360 µL Flat on 4
Dispensing 140.0 uL into A4 of Corning 96 Well Plate 360 µL Flat on 4 at 18.8 uL/sec
Moving to A4 of Corning 96 Well Plate 360 µL Flat on 4
Dropping tip into A1 of Opentrons Fixed Trash on 12


Picking up tip from A9 of Opentrons OT-2 96 Tip Rack 300 µL on 10
Aspirating 140.0 uL from A2 of NEST 12 Well Reservoir 15 mL on 8 at 18.8 uL/sec
Delaying for 0 minutes and 1.0 seconds
Moving to A5 of Corning 96 Well Plate 360 µL Flat on 4
Dispensing 140.0 uL into A5 of Corning 96 Well Plate 360 µL Flat on 4 at 18.8 uL/sec
Moving to A5 of Corning 96 Well Plate 360 µL Flat on 4
Dropping tip into A1 of Opentrons Fixed Trash on 12


Picking up tip from A10 of Opentrons OT-2 96 Tip Rack 300 µL on 10
Aspirating 140.0 uL from A2 of NEST 12 Well Reservoir 15 mL on 8 at 18.8 uL/sec
Delaying for 0 minutes and 1.0 seconds
Moving to A6 of Corning 96 Well Plate 360 µL Flat on 4
Dispensing 140.0 uL into A6 of Corning 96 Well Plate 360 µL Flat on 4 at 18.8 uL/sec
Moving to A6 of Corning 96 Well Plate 360 µL Flat on 4
Dropping tip into A1 of Opentrons Fixed Trash on 12


Picking up tip from A11 of Opentrons OT-2 96 Tip Rack 300 µL on 10
Aspirating 140.0 uL from A2 of NEST 12 Well Reservoir 15 mL on 8 at 18.8 uL/sec
Delaying for 0 minutes and 1.0 seconds
Moving to A7 of Corning 96 Well Plate 360 µL Flat on 4
Dispensing 140.0 uL into A7 of Corning 96 Well Plate 360 µL Flat on 4 at 18.8 uL/sec
Moving to A7 of Corning 96 Well Plate 360 µL Flat on 4
Dropping tip into A1 of Opentrons Fixed Trash on 12


Picking up tip from A12 of Opentrons OT-2 96 Tip Rack 300 µL on 10
Aspirating 140.0 uL from A2 of NEST 12 Well Reservoir 15 mL on 8 at 18.8 uL/sec
Delaying for 0 minutes and 1.0 seconds
Moving to A8 of Corning 96 Well Plate 360 µL Flat on 4
Dispensing 140.0 uL into A8 of Corning 96 Well Plate 360 µL Flat on 4 at 18.8 uL/sec
Moving to A8 of Corning 96 Well Plate 360 µL Flat on 4
Dropping tip into A1 of Opentrons Fixed Trash on 12


Caught exception: {'message': 'Task was destroyed but it is pending!', 'task': <Task pending name='Task-4' coro=<Poller._poll_forever() running at /Users/dp/Desktop/project/github/opentrons/venv/lib/python3.10/site-packages/opentrons/hardware_control/poller.py:80> wait_for=<Future pending cb=[Task.task_wakeup()]>>}
Caught exception: {'message': 'Task was destroyed but it is pending!', 'task': <Task pending name='Task-3' coro=<Poller._poll_forever() running at /Users/dp/Desktop/project/github/opentrons/venv/lib/python3.10/site-packages/opentrons/hardware_control/poller.py:80> wait_for=<Future pending cb=[Task.task_wakeup()]>>}
Caught exception: {'message': 'Task was destroyed but it is pending!', 'task': <Task pending name='Task-2' coro=<Poller._poll_forever() running at /Users/dp/Desktop/project/github/opentrons/venv/lib/python3.10/site-packages/opentrons/hardware_control/poller.py:80> wait_for=<Future pending cb=[Task.task_wakeup()]>>}
