/Users/dp/Desktop/project/github/opentrons/venv/lib/python3.10/site-packages/opentrons/hardware_control/simulator_setup.py:205: UserWarning: Simulator configuration does not name a machine, defaulting to OT-2 Standard
  warn(
/Users/dp/.opentrons/robot_settings.json not found. Loading defaults
Deck calibration not found.
/Users/dp/.opentrons/deck_calibration.json not found. Loading defaults

--------------ADDING BUFFER A1 TO PLATES--------------


Picking up tip from A1 of Opentrons OT-2 96 Tip Rack 300 µL on 7
Aspirating 200.0 uL from A1 of NEST 12 Well Reservoir 15 mL on 11 at 94.0 uL/sec
Dispensing 200.0 uL into A1 of USA Scientific 96 Deep Well Plate 2.4 mL on 2 at 94.0 uL/sec
Blowing out at A1 of USA Scientific 96 Deep Well Plate 2.4 mL on 2
Dropping tip into A1 of Opentrons Fixed Trash on 12
Pausing robot operation: Remove USA Scientific 96 Deep Well Plate from slot 2.
                             Add plastic seal. Mix with multi-tube vortexer.

                             Return plate to slot 2.

                             Remove trough in slot 11 (195ml 1well) with Buffer A1.
                             Exchange with a new trough with Buffer A2 in Slot 1.

                             Select "Resume" on the Opentrons app.

-------------ADDING BUFFER A2 TO PLATES---------------


Picking up tip from A2 of Opentrons OT-2 96 Tip Rack 300 µL on 7
Aspirating 200.0 uL from A1 of NEST 12 Well Reservoir 15 mL on 11 at 94.0 uL/sec
Dispensing 200.0 uL into A1 of USA Scientific 96 Deep Well Plate 2.4 mL on 2 at 94.0 uL/sec
Mixing 3 times with a volume of 200.0 ul
	Aspirating 200.0 uL from A1 of USA Scientific 96 Deep Well Plate 2.4 mL on 2 at 94.0 uL/sec
	Dispensing 200.0 uL into A1 of USA Scientific 96 Deep Well Plate 2.4 mL on 2 at 94.0 uL/sec
	Aspirating 200.0 uL from A1 of USA Scientific 96 Deep Well Plate 2.4 mL on 2 at 94.0 uL/sec
	Dispensing 200.0 uL into A1 of USA Scientific 96 Deep Well Plate 2.4 mL on 2 at 94.0 uL/sec
	Aspirating 200.0 uL from A1 of USA Scientific 96 Deep Well Plate 2.4 mL on 2 at 94.0 uL/sec
	Dispensing 200.0 uL into A1 of USA Scientific 96 Deep Well Plate 2.4 mL on 2 at 94.0 uL/sec
Blowing out at A1 of USA Scientific 96 Deep Well Plate 2.4 mL on 2
Dropping tip into A1 of Opentrons Fixed Trash on 12
Pausing robot operation: 
                    Remove trough in slot 11 (195ml 1well) with Buffer A2.
                    Exchange with a new trough with Buffer N3 in Slot 11.
                    Select "Resume" on the Opentrons app.

-------------ADDING BUFFER N3 TO PLATES---------------


Picking up tip from A3 of Opentrons OT-2 96 Tip Rack 300 µL on 7
Aspirating 280.0 uL from A1 of NEST 12 Well Reservoir 15 mL on 11 at 94.0 uL/sec
Dispensing 280.0 uL into A1 of USA Scientific 96 Deep Well Plate 2.4 mL on 2 at 94.0 uL/sec
Mixing 3 times with a volume of 300.0 ul
	Aspirating 300.0 uL from A1 of USA Scientific 96 Deep Well Plate 2.4 mL on 2 at 94.0 uL/sec
	Dispensing 300.0 uL into A1 of USA Scientific 96 Deep Well Plate 2.4 mL on 2 at 94.0 uL/sec
	Aspirating 300.0 uL from A1 of USA Scientific 96 Deep Well Plate 2.4 mL on 2 at 94.0 uL/sec
	Dispensing 300.0 uL into A1 of USA Scientific 96 Deep Well Plate 2.4 mL on 2 at 94.0 uL/sec
	Aspirating 300.0 uL from A1 of USA Scientific 96 Deep Well Plate 2.4 mL on 2 at 94.0 uL/sec
	Dispensing 300.0 uL into A1 of USA Scientific 96 Deep Well Plate 2.4 mL on 2 at 94.0 uL/sec
Blowing out at A1 of USA Scientific 96 Deep Well Plate 2.4 mL on 2
Dropping tip into A1 of Opentrons Fixed Trash on 12

-------------MOVING TO FRESH PLATE---------------


Picking up tip from A4 of Opentrons OT-2 96 Tip Rack 300 µL on 7
Transferring 680.0 from A1 of USA Scientific 96 Deep Well Plate 2.4 mL on 2 to A1 of Jacky_Shiyi_high 96 Well Plate 1200 µL on 3
	Aspirating 300.0 uL from A1 of USA Scientific 96 Deep Well Plate 2.4 mL on 2 at 94.0 uL/sec
	Dispensing 300.0 uL into A1 of Jacky_Shiyi_high 96 Well Plate 1200 µL on 3 at 94.0 uL/sec
	Blowing out at A1 of Jacky_Shiyi_high 96 Well Plate 1200 µL on 3
	Aspirating 190.0 uL from A1 of USA Scientific 96 Deep Well Plate 2.4 mL on 2 at 94.0 uL/sec
	Dispensing 190.0 uL into A1 of Jacky_Shiyi_high 96 Well Plate 1200 µL on 3 at 94.0 uL/sec
	Blowing out at A1 of Jacky_Shiyi_high 96 Well Plate 1200 µL on 3
	Aspirating 190.0 uL from A1 of USA Scientific 96 Deep Well Plate 2.4 mL on 2 at 94.0 uL/sec
	Dispensing 190.0 uL into A1 of Jacky_Shiyi_high 96 Well Plate 1200 µL on 3 at 94.0 uL/sec
	Blowing out at A1 of Jacky_Shiyi_high 96 Well Plate 1200 µL on 3
Blowing out at A1 of Jacky_Shiyi_high 96 Well Plate 1200 µL on 3
Dropping tip into A1 of Opentrons Fixed Trash on 12
Pausing robot operation: 
                    Remove the labware in slot 3 for processing.

                    Remove deep well plate in slot 2

                    Place a processed deep well plate into slot 2

                    Replace Slot 11, 1 well reservoir with 100% isopropanol
                    (low surface tension)

                    Place deepwell plate + top to slot 3

                    Select "Resume" on the Opentrons app

--------ADDING ISOPROPANOL AND TRANSFERRING----------


Picking up tip from A5 of Opentrons OT-2 96 Tip Rack 300 µL on 7
Aspirating 250.0 uL from A1 of NEST 12 Well Reservoir 15 mL on 11 at 94.0 uL/sec
Air gap
	Aspirating 25.0 uL from A1 of NEST 12 Well Reservoir 15 mL on 11 at 94.0 uL/sec
Dispensing 275.0 uL into A1 of USA Scientific 96 Deep Well Plate 2.4 mL on 2 at 94.0 uL/sec
Touching tip
Blowing out at A1 of USA Scientific 96 Deep Well Plate 2.4 mL on 2
Aspirating 250.0 uL from A1 of NEST 12 Well Reservoir 15 mL on 11 at 94.0 uL/sec
Air gap
	Aspirating 25.0 uL from A1 of NEST 12 Well Reservoir 15 mL on 11 at 94.0 uL/sec
Dispensing 275.0 uL into A1 of USA Scientific 96 Deep Well Plate 2.4 mL on 2 at 94.0 uL/sec
Touching tip
Blowing out at A1 of USA Scientific 96 Deep Well Plate 2.4 mL on 2
Mixing 3 times with a volume of 300.0 ul
	Aspirating 300.0 uL from A1 of USA Scientific 96 Deep Well Plate 2.4 mL on 2 at 94.0 uL/sec
	Dispensing 300.0 uL into A1 of USA Scientific 96 Deep Well Plate 2.4 mL on 2 at 94.0 uL/sec
	Aspirating 300.0 uL from A1 of USA Scientific 96 Deep Well Plate 2.4 mL on 2 at 94.0 uL/sec
	Dispensing 300.0 uL into A1 of USA Scientific 96 Deep Well Plate 2.4 mL on 2 at 94.0 uL/sec
	Aspirating 300.0 uL from A1 of USA Scientific 96 Deep Well Plate 2.4 mL on 2 at 94.0 uL/sec
	Dispensing 300.0 uL into A1 of USA Scientific 96 Deep Well Plate 2.4 mL on 2 at 94.0 uL/sec
Aspirating 250.0 uL from A1 of USA Scientific 96 Deep Well Plate 2.4 mL on 2 at 94.0 uL/sec
Dispensing 250.0 uL into A1 of Jacky_Shiyi_high 96 Well Plate 1200 µL on 3 at 94.0 uL/sec
Aspirating 250.0 uL from A1 of USA Scientific 96 Deep Well Plate 2.4 mL on 2 at 94.0 uL/sec
Dispensing 250.0 uL into A1 of Jacky_Shiyi_high 96 Well Plate 1200 µL on 3 at 94.0 uL/sec
Aspirating 250.0 uL from A1 of USA Scientific 96 Deep Well Plate 2.4 mL on 2 at 94.0 uL/sec
Dispensing 250.0 uL into A1 of Jacky_Shiyi_high 96 Well Plate 1200 µL on 3 at 94.0 uL/sec
Aspirating 250.0 uL from A1 of USA Scientific 96 Deep Well Plate 2.4 mL on 2 at 94.0 uL/sec
Dispensing 250.0 uL into A1 of Jacky_Shiyi_high 96 Well Plate 1200 µL on 3 at 94.0 uL/sec
Aspirating 250.0 uL from A1 of USA Scientific 96 Deep Well Plate 2.4 mL on 2 at 94.0 uL/sec
Dispensing 250.0 uL into A1 of Jacky_Shiyi_high 96 Well Plate 1200 µL on 3 at 94.0 uL/sec
Blowing out at A1 of Jacky_Shiyi_high 96 Well Plate 1200 µL on 3
Dropping tip into A1 of Opentrons Fixed Trash on 12



Pausing robot operation: 
                    Remove and process plate in slot 3 and replace
                    in slot 3

                    Exchange trough in slot 11 with 1 well reservoir
                    with wash buffer

                    Select "Resume" on the Opentrons app.

------------ADDING WASH BUFFER TO PLATES------------


Picking up tip from A6 of Opentrons OT-2 96 Tip Rack 300 µL on 7
Aspirating 250.0 uL from A1 of NEST 12 Well Reservoir 15 mL on 11 at 94.0 uL/sec
Air gap
	Aspirating 25.0 uL from A1 of NEST 12 Well Reservoir 15 mL on 11 at 94.0 uL/sec
Dispensing 275.0 uL into A1 of Jacky_Shiyi_high 96 Well Plate 1200 µL on 3 at 94.0 uL/sec
Blowing out at A1 of Jacky_Shiyi_high 96 Well Plate 1200 µL on 3
Aspirating 250.0 uL from A1 of NEST 12 Well Reservoir 15 mL on 11 at 94.0 uL/sec
Air gap
	Aspirating 25.0 uL from A1 of NEST 12 Well Reservoir 15 mL on 11 at 94.0 uL/sec
Dispensing 275.0 uL into A1 of Jacky_Shiyi_high 96 Well Plate 1200 µL on 3 at 94.0 uL/sec
Blowing out at A1 of Jacky_Shiyi_high 96 Well Plate 1200 µL on 3
Aspirating 250.0 uL from A1 of NEST 12 Well Reservoir 15 mL on 11 at 94.0 uL/sec
Air gap
	Aspirating 25.0 uL from A1 of NEST 12 Well Reservoir 15 mL on 11 at 94.0 uL/sec
Dispensing 275.0 uL into A1 of Jacky_Shiyi_high 96 Well Plate 1200 µL on 3 at 94.0 uL/sec
Blowing out at A1 of Jacky_Shiyi_high 96 Well Plate 1200 µL on 3
Blowing out at A1 of Jacky_Shiyi_high 96 Well Plate 1200 µL on 3
Dropping tip into A1 of Opentrons Fixed Trash on 12
Pausing robot operation: 
                    Remove and process plate in slot 3

                    Ensure elution plate combo is in slot 1

                    Exchange trough in slot 11 with 1 well reservoir
                    with elution buffer

                    Select "Resume" on the Opentrons app.

----------ADDING ELUTION BUFFER TO PLATES-----------


Picking up tip from A7 of Opentrons OT-2 96 Tip Rack 300 µL on 7
Aspirating 35.0 uL from A1 of NEST 12 Well Reservoir 15 mL on 11 at 94.0 uL/sec
Dispensing 35.0 uL into A1 of Jacky_Shiyi_elution 96 Well Plate 1200 µL on 1 at 94.0 uL/sec
Blowing out at A1 of Jacky_Shiyi_elution 96 Well Plate 1200 µL on 1
Dropping tip into A1 of Opentrons Fixed Trash on 12
Caught exception: {'message': 'Task was destroyed but it is pending!', 'task': <Task pending name='Task-4' coro=<Poller._poll_forever() running at /Users/dp/Desktop/project/github/opentrons/venv/lib/python3.10/site-packages/opentrons/hardware_control/poller.py:80> wait_for=<Future pending cb=[Task.task_wakeup()]>>}
Caught exception: {'message': 'Task was destroyed but it is pending!', 'task': <Task pending name='Task-3' coro=<Poller._poll_forever() running at /Users/dp/Desktop/project/github/opentrons/venv/lib/python3.10/site-packages/opentrons/hardware_control/poller.py:79>>}
Caught exception: {'message': 'Task was destroyed but it is pending!', 'task': <Task pending name='Task-2' coro=<Poller._poll_forever() running at /Users/dp/Desktop/project/github/opentrons/venv/lib/python3.10/site-packages/opentrons/hardware_control/poller.py:80> wait_for=<Future pending cb=[Task.task_wakeup()]>>}
