/Users/dp/Desktop/project/github/opentrons/venv/lib/python3.10/site-packages/opentrons/hardware_control/simulator_setup.py:205: UserWarning: Simulator configuration does not name a machine, defaulting to OT-2 Standard
  warn(
/Users/dp/.opentrons/robot_settings.json not found. Loading defaults
Deck calibration not found.
/Users/dp/.opentrons/deck_calibration.json not found. Loading defaults
Picking up tip from A1 of Opentrons OT-2 96 Filter Tip Rack 20 µL on 11
Aspirating 3.0 uL from A1 of Custom 384 Well Plate 50 µL on 8 at 7.6 uL/sec
Air gap
	Aspirating 3.0 uL from A1 of Custom 384 Well Plate 50 µL on 8 at 7.6 uL/sec
Aspirating 3.0 uL from A3 of Custom 384 Well Plate 50 µL on 8 at 7.6 uL/sec
Air gap
	Aspirating 3.0 uL from A3 of Custom 384 Well Plate 50 µL on 8 at 7.6 uL/sec
Aspirating 3.0 uL from A5 of Custom 384 Well Plate 50 µL on 8 at 7.6 uL/sec
Air gap
	Aspirating 3.0 uL from A5 of Custom 384 Well Plate 50 µL on 8 at 7.6 uL/sec
Dispensing 18.0 uL into A1 of NEST 96 Well Plate 100 µL PCR Full Skirt on 5 at 7.6 uL/sec
Aspirating 3.0 uL from A7 of Custom 384 Well Plate 50 µL on 8 at 7.6 uL/sec
Air gap
	Aspirating 3.0 uL from A7 of Custom 384 Well Plate 50 µL on 8 at 7.6 uL/sec
Aspirating 3.0 uL from A9 of Custom 384 Well Plate 50 µL on 8 at 7.6 uL/sec
Air gap
	Aspirating 3.0 uL from A9 of Custom 384 Well Plate 50 µL on 8 at 7.6 uL/sec
Aspirating 3.0 uL from A11 of Custom 384 Well Plate 50 µL on 8 at 7.6 uL/sec
Air gap
	Aspirating 3.0 uL from A11 of Custom 384 Well Plate 50 µL on 8 at 7.6 uL/sec
Dispensing 18.0 uL into A1 of NEST 96 Well Plate 100 µL PCR Full Skirt on 5 at 7.6 uL/sec
Aspirating 3.0 uL from A13 of Custom 384 Well Plate 50 µL on 8 at 7.6 uL/sec
Air gap
	Aspirating 3.0 uL from A13 of Custom 384 Well Plate 50 µL on 8 at 7.6 uL/sec
Aspirating 3.0 uL from A15 of Custom 384 Well Plate 50 µL on 8 at 7.6 uL/sec
Air gap
	Aspirating 3.0 uL from A15 of Custom 384 Well Plate 50 µL on 8 at 7.6 uL/sec
Aspirating 3.0 uL from A17 of Custom 384 Well Plate 50 µL on 8 at 7.6 uL/sec
Air gap
	Aspirating 3.0 uL from A17 of Custom 384 Well Plate 50 µL on 8 at 7.6 uL/sec
Dispensing 18.0 uL into A1 of NEST 96 Well Plate 100 µL PCR Full Skirt on 5 at 7.6 uL/sec
Aspirating 3.0 uL from A19 of Custom 384 Well Plate 50 µL on 8 at 7.6 uL/sec
Air gap
	Aspirating 3.0 uL from A19 of Custom 384 Well Plate 50 µL on 8 at 7.6 uL/sec
Aspirating 3.0 uL from A21 of Custom 384 Well Plate 50 µL on 8 at 7.6 uL/sec
Air gap
	Aspirating 3.0 uL from A21 of Custom 384 Well Plate 50 µL on 8 at 7.6 uL/sec
Aspirating 3.0 uL from A23 of Custom 384 Well Plate 50 µL on 8 at 7.6 uL/sec
Air gap
	Aspirating 3.0 uL from A23 of Custom 384 Well Plate 50 µL on 8 at 7.6 uL/sec
Dispensing 18.0 uL into A1 of NEST 96 Well Plate 100 µL PCR Full Skirt on 5 at 7.6 uL/sec
Dropping tip into A1 of Opentrons Fixed Trash on 12
Picking up tip from A2 of Opentrons OT-2 96 Filter Tip Rack 20 µL on 11
Aspirating 3.0 uL from A2 of Custom 384 Well Plate 50 µL on 8 at 7.6 uL/sec
Air gap
	Aspirating 3.0 uL from A2 of Custom 384 Well Plate 50 µL on 8 at 7.6 uL/sec
Aspirating 3.0 uL from A4 of Custom 384 Well Plate 50 µL on 8 at 7.6 uL/sec
Air gap
	Aspirating 3.0 uL from A4 of Custom 384 Well Plate 50 µL on 8 at 7.6 uL/sec
Aspirating 3.0 uL from A6 of Custom 384 Well Plate 50 µL on 8 at 7.6 uL/sec
Air gap
	Aspirating 3.0 uL from A6 of Custom 384 Well Plate 50 µL on 8 at 7.6 uL/sec
Dispensing 18.0 uL into A3 of NEST 96 Well Plate 100 µL PCR Full Skirt on 5 at 7.6 uL/sec
Aspirating 3.0 uL from A8 of Custom 384 Well Plate 50 µL on 8 at 7.6 uL/sec
Air gap
	Aspirating 3.0 uL from A8 of Custom 384 Well Plate 50 µL on 8 at 7.6 uL/sec
Aspirating 3.0 uL from A10 of Custom 384 Well Plate 50 µL on 8 at 7.6 uL/sec
Air gap
	Aspirating 3.0 uL from A10 of Custom 384 Well Plate 50 µL on 8 at 7.6 uL/sec
Aspirating 3.0 uL from A12 of Custom 384 Well Plate 50 µL on 8 at 7.6 uL/sec
Air gap
	Aspirating 3.0 uL from A12 of Custom 384 Well Plate 50 µL on 8 at 7.6 uL/sec
Dispensing 18.0 uL into A3 of NEST 96 Well Plate 100 µL PCR Full Skirt on 5 at 7.6 uL/sec
Aspirating 3.0 uL from A14 of Custom 384 Well Plate 50 µL on 8 at 7.6 uL/sec
Air gap
	Aspirating 3.0 uL from A14 of Custom 384 Well Plate 50 µL on 8 at 7.6 uL/sec
Aspirating 3.0 uL from A16 of Custom 384 Well Plate 50 µL on 8 at 7.6 uL/sec
Air gap
	Aspirating 3.0 uL from A16 of Custom 384 Well Plate 50 µL on 8 at 7.6 uL/sec
Aspirating 3.0 uL from A18 of Custom 384 Well Plate 50 µL on 8 at 7.6 uL/sec
Air gap
	Aspirating 3.0 uL from A18 of Custom 384 Well Plate 50 µL on 8 at 7.6 uL/sec
Dispensing 18.0 uL into A3 of NEST 96 Well Plate 100 µL PCR Full Skirt on 5 at 7.6 uL/sec
Aspirating 3.0 uL from A20 of Custom 384 Well Plate 50 µL on 8 at 7.6 uL/sec
Air gap
	Aspirating 3.0 uL from A20 of Custom 384 Well Plate 50 µL on 8 at 7.6 uL/sec
Aspirating 3.0 uL from A22 of Custom 384 Well Plate 50 µL on 8 at 7.6 uL/sec
Air gap
	Aspirating 3.0 uL from A22 of Custom 384 Well Plate 50 µL on 8 at 7.6 uL/sec
Aspirating 3.0 uL from A24 of Custom 384 Well Plate 50 µL on 8 at 7.6 uL/sec
Air gap
	Aspirating 3.0 uL from A24 of Custom 384 Well Plate 50 µL on 8 at 7.6 uL/sec
Dispensing 18.0 uL into A3 of NEST 96 Well Plate 100 µL PCR Full Skirt on 5 at 7.6 uL/sec
Dropping tip into A1 of Opentrons Fixed Trash on 12
Picking up tip from A3 of Opentrons OT-2 96 Filter Tip Rack 20 µL on 11
Aspirating 3.0 uL from B1 of Custom 384 Well Plate 50 µL on 8 at 7.6 uL/sec
Air gap
	Aspirating 3.0 uL from B1 of Custom 384 Well Plate 50 µL on 8 at 7.6 uL/sec
Aspirating 3.0 uL from B3 of Custom 384 Well Plate 50 µL on 8 at 7.6 uL/sec
Air gap
	Aspirating 3.0 uL from B3 of Custom 384 Well Plate 50 µL on 8 at 7.6 uL/sec
Aspirating 3.0 uL from B5 of Custom 384 Well Plate 50 µL on 8 at 7.6 uL/sec
Air gap
	Aspirating 3.0 uL from B5 of Custom 384 Well Plate 50 µL on 8 at 7.6 uL/sec
Dispensing 18.0 uL into A5 of NEST 96 Well Plate 100 µL PCR Full Skirt on 5 at 7.6 uL/sec
Aspirating 3.0 uL from B7 of Custom 384 Well Plate 50 µL on 8 at 7.6 uL/sec
Air gap
	Aspirating 3.0 uL from B7 of Custom 384 Well Plate 50 µL on 8 at 7.6 uL/sec
Aspirating 3.0 uL from B9 of Custom 384 Well Plate 50 µL on 8 at 7.6 uL/sec
Air gap
	Aspirating 3.0 uL from B9 of Custom 384 Well Plate 50 µL on 8 at 7.6 uL/sec
Aspirating 3.0 uL from B11 of Custom 384 Well Plate 50 µL on 8 at 7.6 uL/sec
Air gap
	Aspirating 3.0 uL from B11 of Custom 384 Well Plate 50 µL on 8 at 7.6 uL/sec
Dispensing 18.0 uL into A5 of NEST 96 Well Plate 100 µL PCR Full Skirt on 5 at 7.6 uL/sec
Aspirating 3.0 uL from B13 of Custom 384 Well Plate 50 µL on 8 at 7.6 uL/sec
Air gap
	Aspirating 3.0 uL from B13 of Custom 384 Well Plate 50 µL on 8 at 7.6 uL/sec
Aspirating 3.0 uL from B15 of Custom 384 Well Plate 50 µL on 8 at 7.6 uL/sec
Air gap
	Aspirating 3.0 uL from B15 of Custom 384 Well Plate 50 µL on 8 at 7.6 uL/sec
Aspirating 3.0 uL from B17 of Custom 384 Well Plate 50 µL on 8 at 7.6 uL/sec
Air gap
	Aspirating 3.0 uL from B17 of Custom 384 Well Plate 50 µL on 8 at 7.6 uL/sec
Dispensing 18.0 uL into A5 of NEST 96 Well Plate 100 µL PCR Full Skirt on 5 at 7.6 uL/sec
Aspirating 3.0 uL from B19 of Custom 384 Well Plate 50 µL on 8 at 7.6 uL/sec
Air gap
	Aspirating 3.0 uL from B19 of Custom 384 Well Plate 50 µL on 8 at 7.6 uL/sec
Aspirating 3.0 uL from B21 of Custom 384 Well Plate 50 µL on 8 at 7.6 uL/sec
Air gap
	Aspirating 3.0 uL from B21 of Custom 384 Well Plate 50 µL on 8 at 7.6 uL/sec
Aspirating 3.0 uL from B23 of Custom 384 Well Plate 50 µL on 8 at 7.6 uL/sec
Air gap
	Aspirating 3.0 uL from B23 of Custom 384 Well Plate 50 µL on 8 at 7.6 uL/sec
Dispensing 18.0 uL into A5 of NEST 96 Well Plate 100 µL PCR Full Skirt on 5 at 7.6 uL/sec
Dropping tip into A1 of Opentrons Fixed Trash on 12
Picking up tip from A4 of Opentrons OT-2 96 Filter Tip Rack 20 µL on 11
Aspirating 3.0 uL from B2 of Custom 384 Well Plate 50 µL on 8 at 7.6 uL/sec
Air gap
	Aspirating 3.0 uL from B2 of Custom 384 Well Plate 50 µL on 8 at 7.6 uL/sec
Aspirating 3.0 uL from B4 of Custom 384 Well Plate 50 µL on 8 at 7.6 uL/sec
Air gap
	Aspirating 3.0 uL from B4 of Custom 384 Well Plate 50 µL on 8 at 7.6 uL/sec
Aspirating 3.0 uL from B6 of Custom 384 Well Plate 50 µL on 8 at 7.6 uL/sec
Air gap
	Aspirating 3.0 uL from B6 of Custom 384 Well Plate 50 µL on 8 at 7.6 uL/sec
Dispensing 18.0 uL into A7 of NEST 96 Well Plate 100 µL PCR Full Skirt on 5 at 7.6 uL/sec
Aspirating 3.0 uL from B8 of Custom 384 Well Plate 50 µL on 8 at 7.6 uL/sec
Air gap
	Aspirating 3.0 uL from B8 of Custom 384 Well Plate 50 µL on 8 at 7.6 uL/sec
Aspirating 3.0 uL from B10 of Custom 384 Well Plate 50 µL on 8 at 7.6 uL/sec
Air gap
	Aspirating 3.0 uL from B10 of Custom 384 Well Plate 50 µL on 8 at 7.6 uL/sec
Aspirating 3.0 uL from B12 of Custom 384 Well Plate 50 µL on 8 at 7.6 uL/sec
Air gap
	Aspirating 3.0 uL from B12 of Custom 384 Well Plate 50 µL on 8 at 7.6 uL/sec
Dispensing 18.0 uL into A7 of NEST 96 Well Plate 100 µL PCR Full Skirt on 5 at 7.6 uL/sec
Aspirating 3.0 uL from B14 of Custom 384 Well Plate 50 µL on 8 at 7.6 uL/sec
Air gap
	Aspirating 3.0 uL from B14 of Custom 384 Well Plate 50 µL on 8 at 7.6 uL/sec
Aspirating 3.0 uL from B16 of Custom 384 Well Plate 50 µL on 8 at 7.6 uL/sec
Air gap
	Aspirating 3.0 uL from B16 of Custom 384 Well Plate 50 µL on 8 at 7.6 uL/sec
Aspirating 3.0 uL from B18 of Custom 384 Well Plate 50 µL on 8 at 7.6 uL/sec
Air gap
	Aspirating 3.0 uL from B18 of Custom 384 Well Plate 50 µL on 8 at 7.6 uL/sec
Dispensing 18.0 uL into A7 of NEST 96 Well Plate 100 µL PCR Full Skirt on 5 at 7.6 uL/sec
Aspirating 3.0 uL from B20 of Custom 384 Well Plate 50 µL on 8 at 7.6 uL/sec
Air gap
	Aspirating 3.0 uL from B20 of Custom 384 Well Plate 50 µL on 8 at 7.6 uL/sec
Aspirating 3.0 uL from B22 of Custom 384 Well Plate 50 µL on 8 at 7.6 uL/sec
Air gap
	Aspirating 3.0 uL from B22 of Custom 384 Well Plate 50 µL on 8 at 7.6 uL/sec
Aspirating 3.0 uL from B24 of Custom 384 Well Plate 50 µL on 8 at 7.6 uL/sec
Air gap
	Aspirating 3.0 uL from B24 of Custom 384 Well Plate 50 µL on 8 at 7.6 uL/sec
Dispensing 18.0 uL into A7 of NEST 96 Well Plate 100 µL PCR Full Skirt on 5 at 7.6 uL/sec
Dropping tip into A1 of Opentrons Fixed Trash on 12
Caught exception: {'message': 'Task was destroyed but it is pending!', 'task': <Task pending name='Task-4' coro=<Poller._poll_forever() running at /Users/dp/Desktop/project/github/opentrons/venv/lib/python3.10/site-packages/opentrons/hardware_control/poller.py:80> wait_for=<Future pending cb=[Task.task_wakeup()]>>}
Caught exception: {'message': 'Task was destroyed but it is pending!', 'task': <Task pending name='Task-3' coro=<Poller._poll_forever() running at /Users/dp/Desktop/project/github/opentrons/venv/lib/python3.10/site-packages/opentrons/hardware_control/poller.py:80> wait_for=<Future pending cb=[Task.task_wakeup()]>>}
Caught exception: {'message': 'Task was destroyed but it is pending!', 'task': <Task pending name='Task-2' coro=<Poller._poll_forever() running at /Users/dp/Desktop/project/github/opentrons/venv/lib/python3.10/site-packages/opentrons/hardware_control/poller.py:80> wait_for=<Future pending cb=[Task.task_wakeup()]>>}
