/Users/dp/Desktop/project/github/opentrons/venv/lib/python3.10/site-packages/opentrons/hardware_control/simulator_setup.py:205: UserWarning: Simulator configuration does not name a machine, defaulting to OT-2 Standard
  warn(
/Users/dp/.opentrons/robot_settings.json not found. Loading defaults
Deck calibration not found.
/Users/dp/.opentrons/deck_calibration.json not found. Loading defaults
Picking up tip from A1 of Opentrons OT-2 96 Filter Tip Rack 200 µL on 1
Transferring 110.0 from A1 of Plate on 3 to A1 of Tube Rack on 6
	Aspirating 110.0 uL from A1 of Plate on 3 at 46.43 uL/sec
	Dispensing 110.0 uL into A1 of Tube Rack on 6 at 46.43 uL/sec
Mixing 2 times with a volume of 100.0 ul
	Aspirating 100.0 uL from A1 of Tube Rack on 6 at 46.43 uL/sec
	Dispensing 100.0 uL into A1 of Tube Rack on 6 at 46.43 uL/sec
	Aspirating 100.0 uL from A1 of Tube Rack on 6 at 46.43 uL/sec
	Dispensing 100.0 uL into A1 of Tube Rack on 6 at 46.43 uL/sec
Blowing out at A1 of Tube Rack on 6
Transferring 110.0 from B1 of Plate on 3 to A1 of Tube Rack on 6
	Aspirating 110.0 uL from B1 of Plate on 3 at 46.43 uL/sec
	Dispensing 110.0 uL into A1 of Tube Rack on 6 at 46.43 uL/sec
Mixing 2 times with a volume of 100.0 ul
	Aspirating 100.0 uL from A1 of Tube Rack on 6 at 46.43 uL/sec
	Dispensing 100.0 uL into A1 of Tube Rack on 6 at 46.43 uL/sec
	Aspirating 100.0 uL from A1 of Tube Rack on 6 at 46.43 uL/sec
	Dispensing 100.0 uL into A1 of Tube Rack on 6 at 46.43 uL/sec
Blowing out at A1 of Tube Rack on 6
Transferring 110.0 from C1 of Plate on 3 to A1 of Tube Rack on 6
	Aspirating 110.0 uL from C1 of Plate on 3 at 46.43 uL/sec
	Dispensing 110.0 uL into A1 of Tube Rack on 6 at 46.43 uL/sec
Mixing 2 times with a volume of 100.0 ul
	Aspirating 100.0 uL from A1 of Tube Rack on 6 at 46.43 uL/sec
	Dispensing 100.0 uL into A1 of Tube Rack on 6 at 46.43 uL/sec
	Aspirating 100.0 uL from A1 of Tube Rack on 6 at 46.43 uL/sec
	Dispensing 100.0 uL into A1 of Tube Rack on 6 at 46.43 uL/sec
Blowing out at A1 of Tube Rack on 6
Transferring 110.0 from D1 of Plate on 3 to A1 of Tube Rack on 6
	Aspirating 110.0 uL from D1 of Plate on 3 at 46.43 uL/sec
	Dispensing 110.0 uL into A1 of Tube Rack on 6 at 46.43 uL/sec
Mixing 2 times with a volume of 100.0 ul
	Aspirating 100.0 uL from A1 of Tube Rack on 6 at 46.43 uL/sec
	Dispensing 100.0 uL into A1 of Tube Rack on 6 at 46.43 uL/sec
	Aspirating 100.0 uL from A1 of Tube Rack on 6 at 46.43 uL/sec
	Dispensing 100.0 uL into A1 of Tube Rack on 6 at 46.43 uL/sec
Blowing out at A1 of Tube Rack on 6
Transferring 110.0 from E1 of Plate on 3 to A1 of Tube Rack on 6
	Aspirating 110.0 uL from E1 of Plate on 3 at 46.43 uL/sec
	Dispensing 110.0 uL into A1 of Tube Rack on 6 at 46.43 uL/sec
Mixing 2 times with a volume of 100.0 ul
	Aspirating 100.0 uL from A1 of Tube Rack on 6 at 46.43 uL/sec
	Dispensing 100.0 uL into A1 of Tube Rack on 6 at 46.43 uL/sec
	Aspirating 100.0 uL from A1 of Tube Rack on 6 at 46.43 uL/sec
	Dispensing 100.0 uL into A1 of Tube Rack on 6 at 46.43 uL/sec
Blowing out at A1 of Tube Rack on 6
Transferring 110.0 from F1 of Plate on 3 to A1 of Tube Rack on 6
	Aspirating 110.0 uL from F1 of Plate on 3 at 46.43 uL/sec
	Dispensing 110.0 uL into A1 of Tube Rack on 6 at 46.43 uL/sec
Mixing 2 times with a volume of 100.0 ul
	Aspirating 100.0 uL from A1 of Tube Rack on 6 at 46.43 uL/sec
	Dispensing 100.0 uL into A1 of Tube Rack on 6 at 46.43 uL/sec
	Aspirating 100.0 uL from A1 of Tube Rack on 6 at 46.43 uL/sec
	Dispensing 100.0 uL into A1 of Tube Rack on 6 at 46.43 uL/sec
Blowing out at A1 of Tube Rack on 6
Transferring 110.0 from G1 of Plate on 3 to A1 of Tube Rack on 6
	Aspirating 110.0 uL from G1 of Plate on 3 at 46.43 uL/sec
	Dispensing 110.0 uL into A1 of Tube Rack on 6 at 46.43 uL/sec
Mixing 2 times with a volume of 100.0 ul
	Aspirating 100.0 uL from A1 of Tube Rack on 6 at 46.43 uL/sec
	Dispensing 100.0 uL into A1 of Tube Rack on 6 at 46.43 uL/sec
	Aspirating 100.0 uL from A1 of Tube Rack on 6 at 46.43 uL/sec
	Dispensing 100.0 uL into A1 of Tube Rack on 6 at 46.43 uL/sec
Blowing out at A1 of Tube Rack on 6
Transferring 110.0 from H1 of Plate on 3 to A1 of Tube Rack on 6
	Aspirating 110.0 uL from H1 of Plate on 3 at 46.43 uL/sec
	Dispensing 110.0 uL into A1 of Tube Rack on 6 at 46.43 uL/sec
Mixing 2 times with a volume of 100.0 ul
	Aspirating 100.0 uL from A1 of Tube Rack on 6 at 46.43 uL/sec
	Dispensing 100.0 uL into A1 of Tube Rack on 6 at 46.43 uL/sec
	Aspirating 100.0 uL from A1 of Tube Rack on 6 at 46.43 uL/sec
	Dispensing 100.0 uL into A1 of Tube Rack on 6 at 46.43 uL/sec
Blowing out at A1 of Tube Rack on 6
Dropping tip into A1 of Opentrons Fixed Trash on 12
Picking up tip from B1 of Opentrons OT-2 96 Filter Tip Rack 200 µL on 1
Transferring 110.0 from A2 of Plate on 3 to B1 of Tube Rack on 6
	Aspirating 110.0 uL from A2 of Plate on 3 at 46.43 uL/sec
	Dispensing 110.0 uL into B1 of Tube Rack on 6 at 46.43 uL/sec
Mixing 2 times with a volume of 100.0 ul
	Aspirating 100.0 uL from B1 of Tube Rack on 6 at 46.43 uL/sec
	Dispensing 100.0 uL into B1 of Tube Rack on 6 at 46.43 uL/sec
	Aspirating 100.0 uL from B1 of Tube Rack on 6 at 46.43 uL/sec
	Dispensing 100.0 uL into B1 of Tube Rack on 6 at 46.43 uL/sec
Blowing out at B1 of Tube Rack on 6
Transferring 110.0 from B2 of Plate on 3 to B1 of Tube Rack on 6
	Aspirating 110.0 uL from B2 of Plate on 3 at 46.43 uL/sec
	Dispensing 110.0 uL into B1 of Tube Rack on 6 at 46.43 uL/sec
Mixing 2 times with a volume of 100.0 ul
	Aspirating 100.0 uL from B1 of Tube Rack on 6 at 46.43 uL/sec
	Dispensing 100.0 uL into B1 of Tube Rack on 6 at 46.43 uL/sec
	Aspirating 100.0 uL from B1 of Tube Rack on 6 at 46.43 uL/sec
	Dispensing 100.0 uL into B1 of Tube Rack on 6 at 46.43 uL/sec
Blowing out at B1 of Tube Rack on 6
Transferring 110.0 from C2 of Plate on 3 to B1 of Tube Rack on 6
	Aspirating 110.0 uL from C2 of Plate on 3 at 46.43 uL/sec
	Dispensing 110.0 uL into B1 of Tube Rack on 6 at 46.43 uL/sec
Mixing 2 times with a volume of 100.0 ul
	Aspirating 100.0 uL from B1 of Tube Rack on 6 at 46.43 uL/sec
	Dispensing 100.0 uL into B1 of Tube Rack on 6 at 46.43 uL/sec
	Aspirating 100.0 uL from B1 of Tube Rack on 6 at 46.43 uL/sec
	Dispensing 100.0 uL into B1 of Tube Rack on 6 at 46.43 uL/sec
Blowing out at B1 of Tube Rack on 6
Transferring 110.0 from D2 of Plate on 3 to B1 of Tube Rack on 6
	Aspirating 110.0 uL from D2 of Plate on 3 at 46.43 uL/sec
	Dispensing 110.0 uL into B1 of Tube Rack on 6 at 46.43 uL/sec
Mixing 2 times with a volume of 100.0 ul
	Aspirating 100.0 uL from B1 of Tube Rack on 6 at 46.43 uL/sec
	Dispensing 100.0 uL into B1 of Tube Rack on 6 at 46.43 uL/sec
	Aspirating 100.0 uL from B1 of Tube Rack on 6 at 46.43 uL/sec
	Dispensing 100.0 uL into B1 of Tube Rack on 6 at 46.43 uL/sec
Blowing out at B1 of Tube Rack on 6
Transferring 110.0 from E2 of Plate on 3 to B1 of Tube Rack on 6
	Aspirating 110.0 uL from E2 of Plate on 3 at 46.43 uL/sec
	Dispensing 110.0 uL into B1 of Tube Rack on 6 at 46.43 uL/sec
Mixing 2 times with a volume of 100.0 ul
	Aspirating 100.0 uL from B1 of Tube Rack on 6 at 46.43 uL/sec
	Dispensing 100.0 uL into B1 of Tube Rack on 6 at 46.43 uL/sec
	Aspirating 100.0 uL from B1 of Tube Rack on 6 at 46.43 uL/sec
	Dispensing 100.0 uL into B1 of Tube Rack on 6 at 46.43 uL/sec
Blowing out at B1 of Tube Rack on 6
Transferring 110.0 from F2 of Plate on 3 to B1 of Tube Rack on 6
	Aspirating 110.0 uL from F2 of Plate on 3 at 46.43 uL/sec
	Dispensing 110.0 uL into B1 of Tube Rack on 6 at 46.43 uL/sec
Mixing 2 times with a volume of 100.0 ul
	Aspirating 100.0 uL from B1 of Tube Rack on 6 at 46.43 uL/sec
	Dispensing 100.0 uL into B1 of Tube Rack on 6 at 46.43 uL/sec
	Aspirating 100.0 uL from B1 of Tube Rack on 6 at 46.43 uL/sec
	Dispensing 100.0 uL into B1 of Tube Rack on 6 at 46.43 uL/sec
Blowing out at B1 of Tube Rack on 6
Transferring 110.0 from G2 of Plate on 3 to B1 of Tube Rack on 6
	Aspirating 110.0 uL from G2 of Plate on 3 at 46.43 uL/sec
	Dispensing 110.0 uL into B1 of Tube Rack on 6 at 46.43 uL/sec
Mixing 2 times with a volume of 100.0 ul
	Aspirating 100.0 uL from B1 of Tube Rack on 6 at 46.43 uL/sec
	Dispensing 100.0 uL into B1 of Tube Rack on 6 at 46.43 uL/sec
	Aspirating 100.0 uL from B1 of Tube Rack on 6 at 46.43 uL/sec
	Dispensing 100.0 uL into B1 of Tube Rack on 6 at 46.43 uL/sec
Blowing out at B1 of Tube Rack on 6
Transferring 110.0 from H2 of Plate on 3 to B1 of Tube Rack on 6
	Aspirating 110.0 uL from H2 of Plate on 3 at 46.43 uL/sec
	Dispensing 110.0 uL into B1 of Tube Rack on 6 at 46.43 uL/sec
Mixing 2 times with a volume of 100.0 ul
	Aspirating 100.0 uL from B1 of Tube Rack on 6 at 46.43 uL/sec
	Dispensing 100.0 uL into B1 of Tube Rack on 6 at 46.43 uL/sec
	Aspirating 100.0 uL from B1 of Tube Rack on 6 at 46.43 uL/sec
	Dispensing 100.0 uL into B1 of Tube Rack on 6 at 46.43 uL/sec
Blowing out at B1 of Tube Rack on 6
Dropping tip into A1 of Opentrons Fixed Trash on 12
Picking up tip from C1 of Opentrons OT-2 96 Filter Tip Rack 200 µL on 1
Transferring 110.0 from A3 of Plate on 3 to C1 of Tube Rack on 6
	Aspirating 110.0 uL from A3 of Plate on 3 at 46.43 uL/sec
	Dispensing 110.0 uL into C1 of Tube Rack on 6 at 46.43 uL/sec
Mixing 2 times with a volume of 100.0 ul
	Aspirating 100.0 uL from C1 of Tube Rack on 6 at 46.43 uL/sec
	Dispensing 100.0 uL into C1 of Tube Rack on 6 at 46.43 uL/sec
	Aspirating 100.0 uL from C1 of Tube Rack on 6 at 46.43 uL/sec
	Dispensing 100.0 uL into C1 of Tube Rack on 6 at 46.43 uL/sec
Blowing out at C1 of Tube Rack on 6
Transferring 110.0 from B3 of Plate on 3 to C1 of Tube Rack on 6
	Aspirating 110.0 uL from B3 of Plate on 3 at 46.43 uL/sec
	Dispensing 110.0 uL into C1 of Tube Rack on 6 at 46.43 uL/sec
Mixing 2 times with a volume of 100.0 ul
	Aspirating 100.0 uL from C1 of Tube Rack on 6 at 46.43 uL/sec
	Dispensing 100.0 uL into C1 of Tube Rack on 6 at 46.43 uL/sec
	Aspirating 100.0 uL from C1 of Tube Rack on 6 at 46.43 uL/sec
	Dispensing 100.0 uL into C1 of Tube Rack on 6 at 46.43 uL/sec
Blowing out at C1 of Tube Rack on 6
Transferring 110.0 from C3 of Plate on 3 to C1 of Tube Rack on 6
	Aspirating 110.0 uL from C3 of Plate on 3 at 46.43 uL/sec
	Dispensing 110.0 uL into C1 of Tube Rack on 6 at 46.43 uL/sec
Mixing 2 times with a volume of 100.0 ul
	Aspirating 100.0 uL from C1 of Tube Rack on 6 at 46.43 uL/sec
	Dispensing 100.0 uL into C1 of Tube Rack on 6 at 46.43 uL/sec
	Aspirating 100.0 uL from C1 of Tube Rack on 6 at 46.43 uL/sec
	Dispensing 100.0 uL into C1 of Tube Rack on 6 at 46.43 uL/sec
Blowing out at C1 of Tube Rack on 6
Transferring 110.0 from D3 of Plate on 3 to C1 of Tube Rack on 6
	Aspirating 110.0 uL from D3 of Plate on 3 at 46.43 uL/sec
	Dispensing 110.0 uL into C1 of Tube Rack on 6 at 46.43 uL/sec
Mixing 2 times with a volume of 100.0 ul
	Aspirating 100.0 uL from C1 of Tube Rack on 6 at 46.43 uL/sec
	Dispensing 100.0 uL into C1 of Tube Rack on 6 at 46.43 uL/sec
	Aspirating 100.0 uL from C1 of Tube Rack on 6 at 46.43 uL/sec
	Dispensing 100.0 uL into C1 of Tube Rack on 6 at 46.43 uL/sec
Blowing out at C1 of Tube Rack on 6
Transferring 110.0 from E3 of Plate on 3 to C1 of Tube Rack on 6
	Aspirating 110.0 uL from E3 of Plate on 3 at 46.43 uL/sec
	Dispensing 110.0 uL into C1 of Tube Rack on 6 at 46.43 uL/sec
Mixing 2 times with a volume of 100.0 ul
	Aspirating 100.0 uL from C1 of Tube Rack on 6 at 46.43 uL/sec
	Dispensing 100.0 uL into C1 of Tube Rack on 6 at 46.43 uL/sec
	Aspirating 100.0 uL from C1 of Tube Rack on 6 at 46.43 uL/sec
	Dispensing 100.0 uL into C1 of Tube Rack on 6 at 46.43 uL/sec
Blowing out at C1 of Tube Rack on 6
Transferring 110.0 from F3 of Plate on 3 to C1 of Tube Rack on 6
	Aspirating 110.0 uL from F3 of Plate on 3 at 46.43 uL/sec
	Dispensing 110.0 uL into C1 of Tube Rack on 6 at 46.43 uL/sec
Mixing 2 times with a volume of 100.0 ul
	Aspirating 100.0 uL from C1 of Tube Rack on 6 at 46.43 uL/sec
	Dispensing 100.0 uL into C1 of Tube Rack on 6 at 46.43 uL/sec
	Aspirating 100.0 uL from C1 of Tube Rack on 6 at 46.43 uL/sec
	Dispensing 100.0 uL into C1 of Tube Rack on 6 at 46.43 uL/sec
Blowing out at C1 of Tube Rack on 6
Transferring 110.0 from G3 of Plate on 3 to C1 of Tube Rack on 6
	Aspirating 110.0 uL from G3 of Plate on 3 at 46.43 uL/sec
	Dispensing 110.0 uL into C1 of Tube Rack on 6 at 46.43 uL/sec
Mixing 2 times with a volume of 100.0 ul
	Aspirating 100.0 uL from C1 of Tube Rack on 6 at 46.43 uL/sec
	Dispensing 100.0 uL into C1 of Tube Rack on 6 at 46.43 uL/sec
	Aspirating 100.0 uL from C1 of Tube Rack on 6 at 46.43 uL/sec
	Dispensing 100.0 uL into C1 of Tube Rack on 6 at 46.43 uL/sec
Blowing out at C1 of Tube Rack on 6
Transferring 110.0 from H3 of Plate on 3 to C1 of Tube Rack on 6
	Aspirating 110.0 uL from H3 of Plate on 3 at 46.43 uL/sec
	Dispensing 110.0 uL into C1 of Tube Rack on 6 at 46.43 uL/sec
Mixing 2 times with a volume of 100.0 ul
	Aspirating 100.0 uL from C1 of Tube Rack on 6 at 46.43 uL/sec
	Dispensing 100.0 uL into C1 of Tube Rack on 6 at 46.43 uL/sec
	Aspirating 100.0 uL from C1 of Tube Rack on 6 at 46.43 uL/sec
	Dispensing 100.0 uL into C1 of Tube Rack on 6 at 46.43 uL/sec
Blowing out at C1 of Tube Rack on 6
Dropping tip into A1 of Opentrons Fixed Trash on 12
Picking up tip from D1 of Opentrons OT-2 96 Filter Tip Rack 200 µL on 1
Transferring 110.0 from A4 of Plate on 3 to D1 of Tube Rack on 6
	Aspirating 110.0 uL from A4 of Plate on 3 at 46.43 uL/sec
	Dispensing 110.0 uL into D1 of Tube Rack on 6 at 46.43 uL/sec
Mixing 2 times with a volume of 100.0 ul
	Aspirating 100.0 uL from D1 of Tube Rack on 6 at 46.43 uL/sec
	Dispensing 100.0 uL into D1 of Tube Rack on 6 at 46.43 uL/sec
	Aspirating 100.0 uL from D1 of Tube Rack on 6 at 46.43 uL/sec
	Dispensing 100.0 uL into D1 of Tube Rack on 6 at 46.43 uL/sec
Blowing out at D1 of Tube Rack on 6
Transferring 110.0 from B4 of Plate on 3 to D1 of Tube Rack on 6
	Aspirating 110.0 uL from B4 of Plate on 3 at 46.43 uL/sec
	Dispensing 110.0 uL into D1 of Tube Rack on 6 at 46.43 uL/sec
Mixing 2 times with a volume of 100.0 ul
	Aspirating 100.0 uL from D1 of Tube Rack on 6 at 46.43 uL/sec
	Dispensing 100.0 uL into D1 of Tube Rack on 6 at 46.43 uL/sec
	Aspirating 100.0 uL from D1 of Tube Rack on 6 at 46.43 uL/sec
	Dispensing 100.0 uL into D1 of Tube Rack on 6 at 46.43 uL/sec
Blowing out at D1 of Tube Rack on 6
Transferring 110.0 from C4 of Plate on 3 to D1 of Tube Rack on 6
	Aspirating 110.0 uL from C4 of Plate on 3 at 46.43 uL/sec
	Dispensing 110.0 uL into D1 of Tube Rack on 6 at 46.43 uL/sec
Mixing 2 times with a volume of 100.0 ul
	Aspirating 100.0 uL from D1 of Tube Rack on 6 at 46.43 uL/sec
	Dispensing 100.0 uL into D1 of Tube Rack on 6 at 46.43 uL/sec
	Aspirating 100.0 uL from D1 of Tube Rack on 6 at 46.43 uL/sec
	Dispensing 100.0 uL into D1 of Tube Rack on 6 at 46.43 uL/sec
Blowing out at D1 of Tube Rack on 6
Transferring 110.0 from D4 of Plate on 3 to D1 of Tube Rack on 6
	Aspirating 110.0 uL from D4 of Plate on 3 at 46.43 uL/sec
	Dispensing 110.0 uL into D1 of Tube Rack on 6 at 46.43 uL/sec
Mixing 2 times with a volume of 100.0 ul
	Aspirating 100.0 uL from D1 of Tube Rack on 6 at 46.43 uL/sec
	Dispensing 100.0 uL into D1 of Tube Rack on 6 at 46.43 uL/sec
	Aspirating 100.0 uL from D1 of Tube Rack on 6 at 46.43 uL/sec
	Dispensing 100.0 uL into D1 of Tube Rack on 6 at 46.43 uL/sec
Blowing out at D1 of Tube Rack on 6
Transferring 110.0 from E4 of Plate on 3 to D1 of Tube Rack on 6
	Aspirating 110.0 uL from E4 of Plate on 3 at 46.43 uL/sec
	Dispensing 110.0 uL into D1 of Tube Rack on 6 at 46.43 uL/sec
Mixing 2 times with a volume of 100.0 ul
	Aspirating 100.0 uL from D1 of Tube Rack on 6 at 46.43 uL/sec
	Dispensing 100.0 uL into D1 of Tube Rack on 6 at 46.43 uL/sec
	Aspirating 100.0 uL from D1 of Tube Rack on 6 at 46.43 uL/sec
	Dispensing 100.0 uL into D1 of Tube Rack on 6 at 46.43 uL/sec
Blowing out at D1 of Tube Rack on 6
Transferring 110.0 from F4 of Plate on 3 to D1 of Tube Rack on 6
	Aspirating 110.0 uL from F4 of Plate on 3 at 46.43 uL/sec
	Dispensing 110.0 uL into D1 of Tube Rack on 6 at 46.43 uL/sec
Mixing 2 times with a volume of 100.0 ul
	Aspirating 100.0 uL from D1 of Tube Rack on 6 at 46.43 uL/sec
	Dispensing 100.0 uL into D1 of Tube Rack on 6 at 46.43 uL/sec
	Aspirating 100.0 uL from D1 of Tube Rack on 6 at 46.43 uL/sec
	Dispensing 100.0 uL into D1 of Tube Rack on 6 at 46.43 uL/sec
Blowing out at D1 of Tube Rack on 6
Transferring 110.0 from G4 of Plate on 3 to D1 of Tube Rack on 6
	Aspirating 110.0 uL from G4 of Plate on 3 at 46.43 uL/sec
	Dispensing 110.0 uL into D1 of Tube Rack on 6 at 46.43 uL/sec
Mixing 2 times with a volume of 100.0 ul
	Aspirating 100.0 uL from D1 of Tube Rack on 6 at 46.43 uL/sec
	Dispensing 100.0 uL into D1 of Tube Rack on 6 at 46.43 uL/sec
	Aspirating 100.0 uL from D1 of Tube Rack on 6 at 46.43 uL/sec
	Dispensing 100.0 uL into D1 of Tube Rack on 6 at 46.43 uL/sec
Blowing out at D1 of Tube Rack on 6
Transferring 110.0 from H4 of Plate on 3 to D1 of Tube Rack on 6
	Aspirating 110.0 uL from H4 of Plate on 3 at 46.43 uL/sec
	Dispensing 110.0 uL into D1 of Tube Rack on 6 at 46.43 uL/sec
Mixing 2 times with a volume of 100.0 ul
	Aspirating 100.0 uL from D1 of Tube Rack on 6 at 46.43 uL/sec
	Dispensing 100.0 uL into D1 of Tube Rack on 6 at 46.43 uL/sec
	Aspirating 100.0 uL from D1 of Tube Rack on 6 at 46.43 uL/sec
	Dispensing 100.0 uL into D1 of Tube Rack on 6 at 46.43 uL/sec
Blowing out at D1 of Tube Rack on 6
Dropping tip into A1 of Opentrons Fixed Trash on 12
Protocol complete. Check tubes for bubbles and centrifuge     if necessary.
Caught exception: {'message': 'Task was destroyed but it is pending!', 'task': <Task pending name='Task-4' coro=<Poller._poll_forever() running at /Users/dp/Desktop/project/github/opentrons/venv/lib/python3.10/site-packages/opentrons/hardware_control/poller.py:80> wait_for=<Future pending cb=[Task.task_wakeup()]>>}
Caught exception: {'message': 'Task was destroyed but it is pending!', 'task': <Task pending name='Task-3' coro=<Poller._poll_forever() running at /Users/dp/Desktop/project/github/opentrons/venv/lib/python3.10/site-packages/opentrons/hardware_control/poller.py:80> wait_for=<Future pending cb=[Task.task_wakeup()]>>}
Caught exception: {'message': 'Task was destroyed but it is pending!', 'task': <Task pending name='Task-2' coro=<Poller._poll_forever() running at /Users/dp/Desktop/project/github/opentrons/venv/lib/python3.10/site-packages/opentrons/hardware_control/poller.py:80> wait_for=<Future pending cb=[Task.task_wakeup()]>>}
