/Users/dp/Desktop/project/github/opentrons/venv/lib/python3.10/site-packages/opentrons/hardware_control/simulator_setup.py:205: UserWarning: Simulator configuration does not name a machine, defaulting to OT-2 Standard
  warn(
/Users/dp/.opentrons/robot_settings.json not found. Loading defaults
Deck calibration not found.
/Users/dp/.opentrons/deck_calibration.json not found. Loading defaults
Picking up tip from A1 of Opentrons OT-2 96 Filter Tip Rack 10 µL on 1
Transferring 9.0 from A1 of Plate 1 on 2 to A1 of Destination Plate on 3
	Aspirating 9.0 uL from A1 of Plate 1 on 2 at 3.0 uL/sec
	Dispensing 9.0 uL into A1 of Destination Plate on 3 at 6.0 uL/sec
Mixing 2 times with a volume of 8.0 ul
	Aspirating 8.0 uL from A1 of Destination Plate on 3 at 3.0 uL/sec
	Dispensing 8.0 uL into A1 of Destination Plate on 3 at 6.0 uL/sec
	Aspirating 8.0 uL from A1 of Destination Plate on 3 at 3.0 uL/sec
	Dispensing 8.0 uL into A1 of Destination Plate on 3 at 6.0 uL/sec
Blowing out at A1 of Destination Plate on 3
Transferring 9.0 from A1 of Plate 1 on 2 to A1 of Destination Plate on 3
	Aspirating 9.0 uL from A1 of Plate 1 on 2 at 3.0 uL/sec
	Dispensing 9.0 uL into A1 of Destination Plate on 3 at 6.0 uL/sec
Mixing 2 times with a volume of 8.0 ul
	Aspirating 8.0 uL from A1 of Destination Plate on 3 at 3.0 uL/sec
	Dispensing 8.0 uL into A1 of Destination Plate on 3 at 6.0 uL/sec
	Aspirating 8.0 uL from A1 of Destination Plate on 3 at 3.0 uL/sec
	Dispensing 8.0 uL into A1 of Destination Plate on 3 at 6.0 uL/sec
Blowing out at A1 of Destination Plate on 3
Dropping tip into A1 of Opentrons Fixed Trash on 12
Picking up tip from A2 of Opentrons OT-2 96 Filter Tip Rack 10 µL on 1
Transferring 9.0 from A2 of Plate 1 on 2 to A1 of Destination Plate on 3
	Aspirating 9.0 uL from A2 of Plate 1 on 2 at 3.0 uL/sec
	Dispensing 9.0 uL into A1 of Destination Plate on 3 at 6.0 uL/sec
Mixing 2 times with a volume of 8.0 ul
	Aspirating 8.0 uL from A1 of Destination Plate on 3 at 3.0 uL/sec
	Dispensing 8.0 uL into A1 of Destination Plate on 3 at 6.0 uL/sec
	Aspirating 8.0 uL from A1 of Destination Plate on 3 at 3.0 uL/sec
	Dispensing 8.0 uL into A1 of Destination Plate on 3 at 6.0 uL/sec
Blowing out at A1 of Destination Plate on 3
Transferring 9.0 from A2 of Plate 1 on 2 to A1 of Destination Plate on 3
	Aspirating 9.0 uL from A2 of Plate 1 on 2 at 3.0 uL/sec
	Dispensing 9.0 uL into A1 of Destination Plate on 3 at 6.0 uL/sec
Mixing 2 times with a volume of 8.0 ul
	Aspirating 8.0 uL from A1 of Destination Plate on 3 at 3.0 uL/sec
	Dispensing 8.0 uL into A1 of Destination Plate on 3 at 6.0 uL/sec
	Aspirating 8.0 uL from A1 of Destination Plate on 3 at 3.0 uL/sec
	Dispensing 8.0 uL into A1 of Destination Plate on 3 at 6.0 uL/sec
Blowing out at A1 of Destination Plate on 3
Dropping tip into A1 of Opentrons Fixed Trash on 12
Picking up tip from A3 of Opentrons OT-2 96 Filter Tip Rack 10 µL on 1
Transferring 9.0 from A3 of Plate 1 on 2 to A1 of Destination Plate on 3
	Aspirating 9.0 uL from A3 of Plate 1 on 2 at 3.0 uL/sec
	Dispensing 9.0 uL into A1 of Destination Plate on 3 at 6.0 uL/sec
Mixing 2 times with a volume of 8.0 ul
	Aspirating 8.0 uL from A1 of Destination Plate on 3 at 3.0 uL/sec
	Dispensing 8.0 uL into A1 of Destination Plate on 3 at 6.0 uL/sec
	Aspirating 8.0 uL from A1 of Destination Plate on 3 at 3.0 uL/sec
	Dispensing 8.0 uL into A1 of Destination Plate on 3 at 6.0 uL/sec
Blowing out at A1 of Destination Plate on 3
Transferring 9.0 from A3 of Plate 1 on 2 to A1 of Destination Plate on 3
	Aspirating 9.0 uL from A3 of Plate 1 on 2 at 3.0 uL/sec
	Dispensing 9.0 uL into A1 of Destination Plate on 3 at 6.0 uL/sec
Mixing 2 times with a volume of 8.0 ul
	Aspirating 8.0 uL from A1 of Destination Plate on 3 at 3.0 uL/sec
	Dispensing 8.0 uL into A1 of Destination Plate on 3 at 6.0 uL/sec
	Aspirating 8.0 uL from A1 of Destination Plate on 3 at 3.0 uL/sec
	Dispensing 8.0 uL into A1 of Destination Plate on 3 at 6.0 uL/sec
Blowing out at A1 of Destination Plate on 3
Dropping tip into A1 of Opentrons Fixed Trash on 12
Picking up tip from A4 of Opentrons OT-2 96 Filter Tip Rack 10 µL on 1
Transferring 9.0 from A4 of Plate 1 on 2 to A1 of Destination Plate on 3
	Aspirating 9.0 uL from A4 of Plate 1 on 2 at 3.0 uL/sec
	Dispensing 9.0 uL into A1 of Destination Plate on 3 at 6.0 uL/sec
Mixing 2 times with a volume of 8.0 ul
	Aspirating 8.0 uL from A1 of Destination Plate on 3 at 3.0 uL/sec
	Dispensing 8.0 uL into A1 of Destination Plate on 3 at 6.0 uL/sec
	Aspirating 8.0 uL from A1 of Destination Plate on 3 at 3.0 uL/sec
	Dispensing 8.0 uL into A1 of Destination Plate on 3 at 6.0 uL/sec
Blowing out at A1 of Destination Plate on 3
Transferring 9.0 from A4 of Plate 1 on 2 to A1 of Destination Plate on 3
	Aspirating 9.0 uL from A4 of Plate 1 on 2 at 3.0 uL/sec
	Dispensing 9.0 uL into A1 of Destination Plate on 3 at 6.0 uL/sec
Mixing 2 times with a volume of 8.0 ul
	Aspirating 8.0 uL from A1 of Destination Plate on 3 at 3.0 uL/sec
	Dispensing 8.0 uL into A1 of Destination Plate on 3 at 6.0 uL/sec
	Aspirating 8.0 uL from A1 of Destination Plate on 3 at 3.0 uL/sec
	Dispensing 8.0 uL into A1 of Destination Plate on 3 at 6.0 uL/sec
Blowing out at A1 of Destination Plate on 3
Dropping tip into A1 of Opentrons Fixed Trash on 12
Picking up tip from A5 of Opentrons OT-2 96 Filter Tip Rack 10 µL on 1
Transferring 9.0 from A5 of Plate 1 on 2 to A1 of Destination Plate on 3
	Aspirating 9.0 uL from A5 of Plate 1 on 2 at 3.0 uL/sec
	Dispensing 9.0 uL into A1 of Destination Plate on 3 at 6.0 uL/sec
Mixing 2 times with a volume of 8.0 ul
	Aspirating 8.0 uL from A1 of Destination Plate on 3 at 3.0 uL/sec
	Dispensing 8.0 uL into A1 of Destination Plate on 3 at 6.0 uL/sec
	Aspirating 8.0 uL from A1 of Destination Plate on 3 at 3.0 uL/sec
	Dispensing 8.0 uL into A1 of Destination Plate on 3 at 6.0 uL/sec
Blowing out at A1 of Destination Plate on 3
Transferring 9.0 from A5 of Plate 1 on 2 to A1 of Destination Plate on 3
	Aspirating 9.0 uL from A5 of Plate 1 on 2 at 3.0 uL/sec
	Dispensing 9.0 uL into A1 of Destination Plate on 3 at 6.0 uL/sec
Mixing 2 times with a volume of 8.0 ul
	Aspirating 8.0 uL from A1 of Destination Plate on 3 at 3.0 uL/sec
	Dispensing 8.0 uL into A1 of Destination Plate on 3 at 6.0 uL/sec
	Aspirating 8.0 uL from A1 of Destination Plate on 3 at 3.0 uL/sec
	Dispensing 8.0 uL into A1 of Destination Plate on 3 at 6.0 uL/sec
Blowing out at A1 of Destination Plate on 3
Dropping tip into A1 of Opentrons Fixed Trash on 12
Picking up tip from A6 of Opentrons OT-2 96 Filter Tip Rack 10 µL on 1
Transferring 9.0 from A6 of Plate 1 on 2 to A1 of Destination Plate on 3
	Aspirating 9.0 uL from A6 of Plate 1 on 2 at 3.0 uL/sec
	Dispensing 9.0 uL into A1 of Destination Plate on 3 at 6.0 uL/sec
Mixing 2 times with a volume of 8.0 ul
	Aspirating 8.0 uL from A1 of Destination Plate on 3 at 3.0 uL/sec
	Dispensing 8.0 uL into A1 of Destination Plate on 3 at 6.0 uL/sec
	Aspirating 8.0 uL from A1 of Destination Plate on 3 at 3.0 uL/sec
	Dispensing 8.0 uL into A1 of Destination Plate on 3 at 6.0 uL/sec
Blowing out at A1 of Destination Plate on 3
Transferring 9.0 from A6 of Plate 1 on 2 to A1 of Destination Plate on 3
	Aspirating 9.0 uL from A6 of Plate 1 on 2 at 3.0 uL/sec
	Dispensing 9.0 uL into A1 of Destination Plate on 3 at 6.0 uL/sec
Mixing 2 times with a volume of 8.0 ul
	Aspirating 8.0 uL from A1 of Destination Plate on 3 at 3.0 uL/sec
	Dispensing 8.0 uL into A1 of Destination Plate on 3 at 6.0 uL/sec
	Aspirating 8.0 uL from A1 of Destination Plate on 3 at 3.0 uL/sec
	Dispensing 8.0 uL into A1 of Destination Plate on 3 at 6.0 uL/sec
Blowing out at A1 of Destination Plate on 3
Dropping tip into A1 of Opentrons Fixed Trash on 12
Picking up tip from A7 of Opentrons OT-2 96 Filter Tip Rack 10 µL on 1
Transferring 9.0 from A7 of Plate 1 on 2 to A2 of Destination Plate on 3
	Aspirating 9.0 uL from A7 of Plate 1 on 2 at 3.0 uL/sec
	Dispensing 9.0 uL into A2 of Destination Plate on 3 at 6.0 uL/sec
Mixing 2 times with a volume of 8.0 ul
	Aspirating 8.0 uL from A2 of Destination Plate on 3 at 3.0 uL/sec
	Dispensing 8.0 uL into A2 of Destination Plate on 3 at 6.0 uL/sec
	Aspirating 8.0 uL from A2 of Destination Plate on 3 at 3.0 uL/sec
	Dispensing 8.0 uL into A2 of Destination Plate on 3 at 6.0 uL/sec
Blowing out at A2 of Destination Plate on 3
Transferring 9.0 from A7 of Plate 1 on 2 to A2 of Destination Plate on 3
	Aspirating 9.0 uL from A7 of Plate 1 on 2 at 3.0 uL/sec
	Dispensing 9.0 uL into A2 of Destination Plate on 3 at 6.0 uL/sec
Mixing 2 times with a volume of 8.0 ul
	Aspirating 8.0 uL from A2 of Destination Plate on 3 at 3.0 uL/sec
	Dispensing 8.0 uL into A2 of Destination Plate on 3 at 6.0 uL/sec
	Aspirating 8.0 uL from A2 of Destination Plate on 3 at 3.0 uL/sec
	Dispensing 8.0 uL into A2 of Destination Plate on 3 at 6.0 uL/sec
Blowing out at A2 of Destination Plate on 3
Dropping tip into A1 of Opentrons Fixed Trash on 12
Picking up tip from A8 of Opentrons OT-2 96 Filter Tip Rack 10 µL on 1
Transferring 9.0 from A8 of Plate 1 on 2 to A2 of Destination Plate on 3
	Aspirating 9.0 uL from A8 of Plate 1 on 2 at 3.0 uL/sec
	Dispensing 9.0 uL into A2 of Destination Plate on 3 at 6.0 uL/sec
Mixing 2 times with a volume of 8.0 ul
	Aspirating 8.0 uL from A2 of Destination Plate on 3 at 3.0 uL/sec
	Dispensing 8.0 uL into A2 of Destination Plate on 3 at 6.0 uL/sec
	Aspirating 8.0 uL from A2 of Destination Plate on 3 at 3.0 uL/sec
	Dispensing 8.0 uL into A2 of Destination Plate on 3 at 6.0 uL/sec
Blowing out at A2 of Destination Plate on 3
Transferring 9.0 from A8 of Plate 1 on 2 to A2 of Destination Plate on 3
	Aspirating 9.0 uL from A8 of Plate 1 on 2 at 3.0 uL/sec
	Dispensing 9.0 uL into A2 of Destination Plate on 3 at 6.0 uL/sec
Mixing 2 times with a volume of 8.0 ul
	Aspirating 8.0 uL from A2 of Destination Plate on 3 at 3.0 uL/sec
	Dispensing 8.0 uL into A2 of Destination Plate on 3 at 6.0 uL/sec
	Aspirating 8.0 uL from A2 of Destination Plate on 3 at 3.0 uL/sec
	Dispensing 8.0 uL into A2 of Destination Plate on 3 at 6.0 uL/sec
Blowing out at A2 of Destination Plate on 3
Dropping tip into A1 of Opentrons Fixed Trash on 12
Picking up tip from A9 of Opentrons OT-2 96 Filter Tip Rack 10 µL on 1
Transferring 9.0 from A9 of Plate 1 on 2 to A2 of Destination Plate on 3
	Aspirating 9.0 uL from A9 of Plate 1 on 2 at 3.0 uL/sec
	Dispensing 9.0 uL into A2 of Destination Plate on 3 at 6.0 uL/sec
Mixing 2 times with a volume of 8.0 ul
	Aspirating 8.0 uL from A2 of Destination Plate on 3 at 3.0 uL/sec
	Dispensing 8.0 uL into A2 of Destination Plate on 3 at 6.0 uL/sec
	Aspirating 8.0 uL from A2 of Destination Plate on 3 at 3.0 uL/sec
	Dispensing 8.0 uL into A2 of Destination Plate on 3 at 6.0 uL/sec
Blowing out at A2 of Destination Plate on 3
Transferring 9.0 from A9 of Plate 1 on 2 to A2 of Destination Plate on 3
	Aspirating 9.0 uL from A9 of Plate 1 on 2 at 3.0 uL/sec
	Dispensing 9.0 uL into A2 of Destination Plate on 3 at 6.0 uL/sec
Mixing 2 times with a volume of 8.0 ul
	Aspirating 8.0 uL from A2 of Destination Plate on 3 at 3.0 uL/sec
	Dispensing 8.0 uL into A2 of Destination Plate on 3 at 6.0 uL/sec
	Aspirating 8.0 uL from A2 of Destination Plate on 3 at 3.0 uL/sec
	Dispensing 8.0 uL into A2 of Destination Plate on 3 at 6.0 uL/sec
Blowing out at A2 of Destination Plate on 3
Dropping tip into A1 of Opentrons Fixed Trash on 12
Picking up tip from A10 of Opentrons OT-2 96 Filter Tip Rack 10 µL on 1
Transferring 9.0 from A10 of Plate 1 on 2 to A2 of Destination Plate on 3
	Aspirating 9.0 uL from A10 of Plate 1 on 2 at 3.0 uL/sec
	Dispensing 9.0 uL into A2 of Destination Plate on 3 at 6.0 uL/sec
Mixing 2 times with a volume of 8.0 ul
	Aspirating 8.0 uL from A2 of Destination Plate on 3 at 3.0 uL/sec
	Dispensing 8.0 uL into A2 of Destination Plate on 3 at 6.0 uL/sec
	Aspirating 8.0 uL from A2 of Destination Plate on 3 at 3.0 uL/sec
	Dispensing 8.0 uL into A2 of Destination Plate on 3 at 6.0 uL/sec
Blowing out at A2 of Destination Plate on 3
Transferring 9.0 from A10 of Plate 1 on 2 to A2 of Destination Plate on 3
	Aspirating 9.0 uL from A10 of Plate 1 on 2 at 3.0 uL/sec
	Dispensing 9.0 uL into A2 of Destination Plate on 3 at 6.0 uL/sec
Mixing 2 times with a volume of 8.0 ul
	Aspirating 8.0 uL from A2 of Destination Plate on 3 at 3.0 uL/sec
	Dispensing 8.0 uL into A2 of Destination Plate on 3 at 6.0 uL/sec
	Aspirating 8.0 uL from A2 of Destination Plate on 3 at 3.0 uL/sec
	Dispensing 8.0 uL into A2 of Destination Plate on 3 at 6.0 uL/sec
Blowing out at A2 of Destination Plate on 3
Dropping tip into A1 of Opentrons Fixed Trash on 12
Picking up tip from A11 of Opentrons OT-2 96 Filter Tip Rack 10 µL on 1
Transferring 9.0 from A11 of Plate 1 on 2 to A2 of Destination Plate on 3
	Aspirating 9.0 uL from A11 of Plate 1 on 2 at 3.0 uL/sec
	Dispensing 9.0 uL into A2 of Destination Plate on 3 at 6.0 uL/sec
Mixing 2 times with a volume of 8.0 ul
	Aspirating 8.0 uL from A2 of Destination Plate on 3 at 3.0 uL/sec
	Dispensing 8.0 uL into A2 of Destination Plate on 3 at 6.0 uL/sec
	Aspirating 8.0 uL from A2 of Destination Plate on 3 at 3.0 uL/sec
	Dispensing 8.0 uL into A2 of Destination Plate on 3 at 6.0 uL/sec
Blowing out at A2 of Destination Plate on 3
Transferring 9.0 from A11 of Plate 1 on 2 to A2 of Destination Plate on 3
	Aspirating 9.0 uL from A11 of Plate 1 on 2 at 3.0 uL/sec
	Dispensing 9.0 uL into A2 of Destination Plate on 3 at 6.0 uL/sec
Mixing 2 times with a volume of 8.0 ul
	Aspirating 8.0 uL from A2 of Destination Plate on 3 at 3.0 uL/sec
	Dispensing 8.0 uL into A2 of Destination Plate on 3 at 6.0 uL/sec
	Aspirating 8.0 uL from A2 of Destination Plate on 3 at 3.0 uL/sec
	Dispensing 8.0 uL into A2 of Destination Plate on 3 at 6.0 uL/sec
Blowing out at A2 of Destination Plate on 3
Dropping tip into A1 of Opentrons Fixed Trash on 12
Picking up tip from A12 of Opentrons OT-2 96 Filter Tip Rack 10 µL on 1
Transferring 9.0 from A12 of Plate 1 on 2 to A2 of Destination Plate on 3
	Aspirating 9.0 uL from A12 of Plate 1 on 2 at 3.0 uL/sec
	Dispensing 9.0 uL into A2 of Destination Plate on 3 at 6.0 uL/sec
Mixing 2 times with a volume of 8.0 ul
	Aspirating 8.0 uL from A2 of Destination Plate on 3 at 3.0 uL/sec
	Dispensing 8.0 uL into A2 of Destination Plate on 3 at 6.0 uL/sec
	Aspirating 8.0 uL from A2 of Destination Plate on 3 at 3.0 uL/sec
	Dispensing 8.0 uL into A2 of Destination Plate on 3 at 6.0 uL/sec
Blowing out at A2 of Destination Plate on 3
Transferring 9.0 from A12 of Plate 1 on 2 to A2 of Destination Plate on 3
	Aspirating 9.0 uL from A12 of Plate 1 on 2 at 3.0 uL/sec
	Dispensing 9.0 uL into A2 of Destination Plate on 3 at 6.0 uL/sec
Mixing 2 times with a volume of 8.0 ul
	Aspirating 8.0 uL from A2 of Destination Plate on 3 at 3.0 uL/sec
	Dispensing 8.0 uL into A2 of Destination Plate on 3 at 6.0 uL/sec
	Aspirating 8.0 uL from A2 of Destination Plate on 3 at 3.0 uL/sec
	Dispensing 8.0 uL into A2 of Destination Plate on 3 at 6.0 uL/sec
Blowing out at A2 of Destination Plate on 3
Dropping tip into A1 of Opentrons Fixed Trash on 12
Picking up tip from A1 of Opentrons OT-2 96 Filter Tip Rack 10 µL on 4
Transferring 9.0 from A1 of Plate 2 on 5 to A3 of Destination Plate on 3
	Aspirating 9.0 uL from A1 of Plate 2 on 5 at 3.0 uL/sec
	Dispensing 9.0 uL into A3 of Destination Plate on 3 at 6.0 uL/sec
Mixing 2 times with a volume of 8.0 ul
	Aspirating 8.0 uL from A3 of Destination Plate on 3 at 3.0 uL/sec
	Dispensing 8.0 uL into A3 of Destination Plate on 3 at 6.0 uL/sec
	Aspirating 8.0 uL from A3 of Destination Plate on 3 at 3.0 uL/sec
	Dispensing 8.0 uL into A3 of Destination Plate on 3 at 6.0 uL/sec
Blowing out at A3 of Destination Plate on 3
Transferring 9.0 from A1 of Plate 2 on 5 to A3 of Destination Plate on 3
	Aspirating 9.0 uL from A1 of Plate 2 on 5 at 3.0 uL/sec
	Dispensing 9.0 uL into A3 of Destination Plate on 3 at 6.0 uL/sec
Mixing 2 times with a volume of 8.0 ul
	Aspirating 8.0 uL from A3 of Destination Plate on 3 at 3.0 uL/sec
	Dispensing 8.0 uL into A3 of Destination Plate on 3 at 6.0 uL/sec
	Aspirating 8.0 uL from A3 of Destination Plate on 3 at 3.0 uL/sec
	Dispensing 8.0 uL into A3 of Destination Plate on 3 at 6.0 uL/sec
Blowing out at A3 of Destination Plate on 3
Dropping tip into A1 of Opentrons Fixed Trash on 12
Picking up tip from A2 of Opentrons OT-2 96 Filter Tip Rack 10 µL on 4
Transferring 9.0 from A2 of Plate 2 on 5 to A3 of Destination Plate on 3
	Aspirating 9.0 uL from A2 of Plate 2 on 5 at 3.0 uL/sec
	Dispensing 9.0 uL into A3 of Destination Plate on 3 at 6.0 uL/sec
Mixing 2 times with a volume of 8.0 ul
	Aspirating 8.0 uL from A3 of Destination Plate on 3 at 3.0 uL/sec
	Dispensing 8.0 uL into A3 of Destination Plate on 3 at 6.0 uL/sec
	Aspirating 8.0 uL from A3 of Destination Plate on 3 at 3.0 uL/sec
	Dispensing 8.0 uL into A3 of Destination Plate on 3 at 6.0 uL/sec
Blowing out at A3 of Destination Plate on 3
Transferring 9.0 from A2 of Plate 2 on 5 to A3 of Destination Plate on 3
	Aspirating 9.0 uL from A2 of Plate 2 on 5 at 3.0 uL/sec
	Dispensing 9.0 uL into A3 of Destination Plate on 3 at 6.0 uL/sec
Mixing 2 times with a volume of 8.0 ul
	Aspirating 8.0 uL from A3 of Destination Plate on 3 at 3.0 uL/sec
	Dispensing 8.0 uL into A3 of Destination Plate on 3 at 6.0 uL/sec
	Aspirating 8.0 uL from A3 of Destination Plate on 3 at 3.0 uL/sec
	Dispensing 8.0 uL into A3 of Destination Plate on 3 at 6.0 uL/sec
Blowing out at A3 of Destination Plate on 3
Dropping tip into A1 of Opentrons Fixed Trash on 12
Picking up tip from A3 of Opentrons OT-2 96 Filter Tip Rack 10 µL on 4
Transferring 9.0 from A3 of Plate 2 on 5 to A3 of Destination Plate on 3
	Aspirating 9.0 uL from A3 of Plate 2 on 5 at 3.0 uL/sec
	Dispensing 9.0 uL into A3 of Destination Plate on 3 at 6.0 uL/sec
Mixing 2 times with a volume of 8.0 ul
	Aspirating 8.0 uL from A3 of Destination Plate on 3 at 3.0 uL/sec
	Dispensing 8.0 uL into A3 of Destination Plate on 3 at 6.0 uL/sec
	Aspirating 8.0 uL from A3 of Destination Plate on 3 at 3.0 uL/sec
	Dispensing 8.0 uL into A3 of Destination Plate on 3 at 6.0 uL/sec
Blowing out at A3 of Destination Plate on 3
Transferring 9.0 from A3 of Plate 2 on 5 to A3 of Destination Plate on 3
	Aspirating 9.0 uL from A3 of Plate 2 on 5 at 3.0 uL/sec
	Dispensing 9.0 uL into A3 of Destination Plate on 3 at 6.0 uL/sec
Mixing 2 times with a volume of 8.0 ul
	Aspirating 8.0 uL from A3 of Destination Plate on 3 at 3.0 uL/sec
	Dispensing 8.0 uL into A3 of Destination Plate on 3 at 6.0 uL/sec
	Aspirating 8.0 uL from A3 of Destination Plate on 3 at 3.0 uL/sec
	Dispensing 8.0 uL into A3 of Destination Plate on 3 at 6.0 uL/sec
Blowing out at A3 of Destination Plate on 3
Dropping tip into A1 of Opentrons Fixed Trash on 12
Picking up tip from A4 of Opentrons OT-2 96 Filter Tip Rack 10 µL on 4
Transferring 9.0 from A4 of Plate 2 on 5 to A3 of Destination Plate on 3
	Aspirating 9.0 uL from A4 of Plate 2 on 5 at 3.0 uL/sec
	Dispensing 9.0 uL into A3 of Destination Plate on 3 at 6.0 uL/sec
Mixing 2 times with a volume of 8.0 ul
	Aspirating 8.0 uL from A3 of Destination Plate on 3 at 3.0 uL/sec
	Dispensing 8.0 uL into A3 of Destination Plate on 3 at 6.0 uL/sec
	Aspirating 8.0 uL from A3 of Destination Plate on 3 at 3.0 uL/sec
	Dispensing 8.0 uL into A3 of Destination Plate on 3 at 6.0 uL/sec
Blowing out at A3 of Destination Plate on 3
Transferring 9.0 from A4 of Plate 2 on 5 to A3 of Destination Plate on 3
	Aspirating 9.0 uL from A4 of Plate 2 on 5 at 3.0 uL/sec
	Dispensing 9.0 uL into A3 of Destination Plate on 3 at 6.0 uL/sec
Mixing 2 times with a volume of 8.0 ul
	Aspirating 8.0 uL from A3 of Destination Plate on 3 at 3.0 uL/sec
	Dispensing 8.0 uL into A3 of Destination Plate on 3 at 6.0 uL/sec
	Aspirating 8.0 uL from A3 of Destination Plate on 3 at 3.0 uL/sec
	Dispensing 8.0 uL into A3 of Destination Plate on 3 at 6.0 uL/sec
Blowing out at A3 of Destination Plate on 3
Dropping tip into A1 of Opentrons Fixed Trash on 12
Picking up tip from A5 of Opentrons OT-2 96 Filter Tip Rack 10 µL on 4
Transferring 9.0 from A5 of Plate 2 on 5 to A3 of Destination Plate on 3
	Aspirating 9.0 uL from A5 of Plate 2 on 5 at 3.0 uL/sec
	Dispensing 9.0 uL into A3 of Destination Plate on 3 at 6.0 uL/sec
Mixing 2 times with a volume of 8.0 ul
	Aspirating 8.0 uL from A3 of Destination Plate on 3 at 3.0 uL/sec
	Dispensing 8.0 uL into A3 of Destination Plate on 3 at 6.0 uL/sec
	Aspirating 8.0 uL from A3 of Destination Plate on 3 at 3.0 uL/sec
	Dispensing 8.0 uL into A3 of Destination Plate on 3 at 6.0 uL/sec
Blowing out at A3 of Destination Plate on 3
Transferring 9.0 from A5 of Plate 2 on 5 to A3 of Destination Plate on 3
	Aspirating 9.0 uL from A5 of Plate 2 on 5 at 3.0 uL/sec
	Dispensing 9.0 uL into A3 of Destination Plate on 3 at 6.0 uL/sec
Mixing 2 times with a volume of 8.0 ul
	Aspirating 8.0 uL from A3 of Destination Plate on 3 at 3.0 uL/sec
	Dispensing 8.0 uL into A3 of Destination Plate on 3 at 6.0 uL/sec
	Aspirating 8.0 uL from A3 of Destination Plate on 3 at 3.0 uL/sec
	Dispensing 8.0 uL into A3 of Destination Plate on 3 at 6.0 uL/sec
Blowing out at A3 of Destination Plate on 3
Dropping tip into A1 of Opentrons Fixed Trash on 12
Picking up tip from A6 of Opentrons OT-2 96 Filter Tip Rack 10 µL on 4
Transferring 9.0 from A6 of Plate 2 on 5 to A3 of Destination Plate on 3
	Aspirating 9.0 uL from A6 of Plate 2 on 5 at 3.0 uL/sec
	Dispensing 9.0 uL into A3 of Destination Plate on 3 at 6.0 uL/sec
Mixing 2 times with a volume of 8.0 ul
	Aspirating 8.0 uL from A3 of Destination Plate on 3 at 3.0 uL/sec
	Dispensing 8.0 uL into A3 of Destination Plate on 3 at 6.0 uL/sec
	Aspirating 8.0 uL from A3 of Destination Plate on 3 at 3.0 uL/sec
	Dispensing 8.0 uL into A3 of Destination Plate on 3 at 6.0 uL/sec
Blowing out at A3 of Destination Plate on 3
Transferring 9.0 from A6 of Plate 2 on 5 to A3 of Destination Plate on 3
	Aspirating 9.0 uL from A6 of Plate 2 on 5 at 3.0 uL/sec
	Dispensing 9.0 uL into A3 of Destination Plate on 3 at 6.0 uL/sec
Mixing 2 times with a volume of 8.0 ul
	Aspirating 8.0 uL from A3 of Destination Plate on 3 at 3.0 uL/sec
	Dispensing 8.0 uL into A3 of Destination Plate on 3 at 6.0 uL/sec
	Aspirating 8.0 uL from A3 of Destination Plate on 3 at 3.0 uL/sec
	Dispensing 8.0 uL into A3 of Destination Plate on 3 at 6.0 uL/sec
Blowing out at A3 of Destination Plate on 3
Dropping tip into A1 of Opentrons Fixed Trash on 12
Picking up tip from A7 of Opentrons OT-2 96 Filter Tip Rack 10 µL on 4
Transferring 9.0 from A7 of Plate 2 on 5 to A4 of Destination Plate on 3
	Aspirating 9.0 uL from A7 of Plate 2 on 5 at 3.0 uL/sec
	Dispensing 9.0 uL into A4 of Destination Plate on 3 at 6.0 uL/sec
Mixing 2 times with a volume of 8.0 ul
	Aspirating 8.0 uL from A4 of Destination Plate on 3 at 3.0 uL/sec
	Dispensing 8.0 uL into A4 of Destination Plate on 3 at 6.0 uL/sec
	Aspirating 8.0 uL from A4 of Destination Plate on 3 at 3.0 uL/sec
	Dispensing 8.0 uL into A4 of Destination Plate on 3 at 6.0 uL/sec
Blowing out at A4 of Destination Plate on 3
Transferring 9.0 from A7 of Plate 2 on 5 to A4 of Destination Plate on 3
	Aspirating 9.0 uL from A7 of Plate 2 on 5 at 3.0 uL/sec
	Dispensing 9.0 uL into A4 of Destination Plate on 3 at 6.0 uL/sec
Mixing 2 times with a volume of 8.0 ul
	Aspirating 8.0 uL from A4 of Destination Plate on 3 at 3.0 uL/sec
	Dispensing 8.0 uL into A4 of Destination Plate on 3 at 6.0 uL/sec
	Aspirating 8.0 uL from A4 of Destination Plate on 3 at 3.0 uL/sec
	Dispensing 8.0 uL into A4 of Destination Plate on 3 at 6.0 uL/sec
Blowing out at A4 of Destination Plate on 3
Dropping tip into A1 of Opentrons Fixed Trash on 12
Picking up tip from A8 of Opentrons OT-2 96 Filter Tip Rack 10 µL on 4
Transferring 9.0 from A8 of Plate 2 on 5 to A4 of Destination Plate on 3
	Aspirating 9.0 uL from A8 of Plate 2 on 5 at 3.0 uL/sec
	Dispensing 9.0 uL into A4 of Destination Plate on 3 at 6.0 uL/sec
Mixing 2 times with a volume of 8.0 ul
	Aspirating 8.0 uL from A4 of Destination Plate on 3 at 3.0 uL/sec
	Dispensing 8.0 uL into A4 of Destination Plate on 3 at 6.0 uL/sec
	Aspirating 8.0 uL from A4 of Destination Plate on 3 at 3.0 uL/sec
	Dispensing 8.0 uL into A4 of Destination Plate on 3 at 6.0 uL/sec
Blowing out at A4 of Destination Plate on 3
Transferring 9.0 from A8 of Plate 2 on 5 to A4 of Destination Plate on 3
	Aspirating 9.0 uL from A8 of Plate 2 on 5 at 3.0 uL/sec
	Dispensing 9.0 uL into A4 of Destination Plate on 3 at 6.0 uL/sec
Mixing 2 times with a volume of 8.0 ul
	Aspirating 8.0 uL from A4 of Destination Plate on 3 at 3.0 uL/sec
	Dispensing 8.0 uL into A4 of Destination Plate on 3 at 6.0 uL/sec
	Aspirating 8.0 uL from A4 of Destination Plate on 3 at 3.0 uL/sec
	Dispensing 8.0 uL into A4 of Destination Plate on 3 at 6.0 uL/sec
Blowing out at A4 of Destination Plate on 3
Dropping tip into A1 of Opentrons Fixed Trash on 12
Picking up tip from A9 of Opentrons OT-2 96 Filter Tip Rack 10 µL on 4
Transferring 9.0 from A9 of Plate 2 on 5 to A4 of Destination Plate on 3
	Aspirating 9.0 uL from A9 of Plate 2 on 5 at 3.0 uL/sec
	Dispensing 9.0 uL into A4 of Destination Plate on 3 at 6.0 uL/sec
Mixing 2 times with a volume of 8.0 ul
	Aspirating 8.0 uL from A4 of Destination Plate on 3 at 3.0 uL/sec
	Dispensing 8.0 uL into A4 of Destination Plate on 3 at 6.0 uL/sec
	Aspirating 8.0 uL from A4 of Destination Plate on 3 at 3.0 uL/sec
	Dispensing 8.0 uL into A4 of Destination Plate on 3 at 6.0 uL/sec
Blowing out at A4 of Destination Plate on 3
Transferring 9.0 from A9 of Plate 2 on 5 to A4 of Destination Plate on 3
	Aspirating 9.0 uL from A9 of Plate 2 on 5 at 3.0 uL/sec
	Dispensing 9.0 uL into A4 of Destination Plate on 3 at 6.0 uL/sec
Mixing 2 times with a volume of 8.0 ul
	Aspirating 8.0 uL from A4 of Destination Plate on 3 at 3.0 uL/sec
	Dispensing 8.0 uL into A4 of Destination Plate on 3 at 6.0 uL/sec
	Aspirating 8.0 uL from A4 of Destination Plate on 3 at 3.0 uL/sec
	Dispensing 8.0 uL into A4 of Destination Plate on 3 at 6.0 uL/sec
Blowing out at A4 of Destination Plate on 3
Dropping tip into A1 of Opentrons Fixed Trash on 12
Picking up tip from A10 of Opentrons OT-2 96 Filter Tip Rack 10 µL on 4
Transferring 9.0 from A10 of Plate 2 on 5 to A4 of Destination Plate on 3
	Aspirating 9.0 uL from A10 of Plate 2 on 5 at 3.0 uL/sec
	Dispensing 9.0 uL into A4 of Destination Plate on 3 at 6.0 uL/sec
Mixing 2 times with a volume of 8.0 ul
	Aspirating 8.0 uL from A4 of Destination Plate on 3 at 3.0 uL/sec
	Dispensing 8.0 uL into A4 of Destination Plate on 3 at 6.0 uL/sec
	Aspirating 8.0 uL from A4 of Destination Plate on 3 at 3.0 uL/sec
	Dispensing 8.0 uL into A4 of Destination Plate on 3 at 6.0 uL/sec
Blowing out at A4 of Destination Plate on 3
Transferring 9.0 from A10 of Plate 2 on 5 to A4 of Destination Plate on 3
	Aspirating 9.0 uL from A10 of Plate 2 on 5 at 3.0 uL/sec
	Dispensing 9.0 uL into A4 of Destination Plate on 3 at 6.0 uL/sec
Mixing 2 times with a volume of 8.0 ul
	Aspirating 8.0 uL from A4 of Destination Plate on 3 at 3.0 uL/sec
	Dispensing 8.0 uL into A4 of Destination Plate on 3 at 6.0 uL/sec
	Aspirating 8.0 uL from A4 of Destination Plate on 3 at 3.0 uL/sec
	Dispensing 8.0 uL into A4 of Destination Plate on 3 at 6.0 uL/sec
Blowing out at A4 of Destination Plate on 3
Dropping tip into A1 of Opentrons Fixed Trash on 12
Picking up tip from A11 of Opentrons OT-2 96 Filter Tip Rack 10 µL on 4
Transferring 9.0 from A11 of Plate 2 on 5 to A4 of Destination Plate on 3
	Aspirating 9.0 uL from A11 of Plate 2 on 5 at 3.0 uL/sec
	Dispensing 9.0 uL into A4 of Destination Plate on 3 at 6.0 uL/sec
Mixing 2 times with a volume of 8.0 ul
	Aspirating 8.0 uL from A4 of Destination Plate on 3 at 3.0 uL/sec
	Dispensing 8.0 uL into A4 of Destination Plate on 3 at 6.0 uL/sec
	Aspirating 8.0 uL from A4 of Destination Plate on 3 at 3.0 uL/sec
	Dispensing 8.0 uL into A4 of Destination Plate on 3 at 6.0 uL/sec
Blowing out at A4 of Destination Plate on 3
Transferring 9.0 from A11 of Plate 2 on 5 to A4 of Destination Plate on 3
	Aspirating 9.0 uL from A11 of Plate 2 on 5 at 3.0 uL/sec
	Dispensing 9.0 uL into A4 of Destination Plate on 3 at 6.0 uL/sec
Mixing 2 times with a volume of 8.0 ul
	Aspirating 8.0 uL from A4 of Destination Plate on 3 at 3.0 uL/sec
	Dispensing 8.0 uL into A4 of Destination Plate on 3 at 6.0 uL/sec
	Aspirating 8.0 uL from A4 of Destination Plate on 3 at 3.0 uL/sec
	Dispensing 8.0 uL into A4 of Destination Plate on 3 at 6.0 uL/sec
Blowing out at A4 of Destination Plate on 3
Dropping tip into A1 of Opentrons Fixed Trash on 12
Picking up tip from A12 of Opentrons OT-2 96 Filter Tip Rack 10 µL on 4
Transferring 9.0 from A12 of Plate 2 on 5 to A4 of Destination Plate on 3
	Aspirating 9.0 uL from A12 of Plate 2 on 5 at 3.0 uL/sec
	Dispensing 9.0 uL into A4 of Destination Plate on 3 at 6.0 uL/sec
Mixing 2 times with a volume of 8.0 ul
	Aspirating 8.0 uL from A4 of Destination Plate on 3 at 3.0 uL/sec
	Dispensing 8.0 uL into A4 of Destination Plate on 3 at 6.0 uL/sec
	Aspirating 8.0 uL from A4 of Destination Plate on 3 at 3.0 uL/sec
	Dispensing 8.0 uL into A4 of Destination Plate on 3 at 6.0 uL/sec
Blowing out at A4 of Destination Plate on 3
Transferring 9.0 from A12 of Plate 2 on 5 to A4 of Destination Plate on 3
	Aspirating 9.0 uL from A12 of Plate 2 on 5 at 3.0 uL/sec
	Dispensing 9.0 uL into A4 of Destination Plate on 3 at 6.0 uL/sec
Mixing 2 times with a volume of 8.0 ul
	Aspirating 8.0 uL from A4 of Destination Plate on 3 at 3.0 uL/sec
	Dispensing 8.0 uL into A4 of Destination Plate on 3 at 6.0 uL/sec
	Aspirating 8.0 uL from A4 of Destination Plate on 3 at 3.0 uL/sec
	Dispensing 8.0 uL into A4 of Destination Plate on 3 at 6.0 uL/sec
Blowing out at A4 of Destination Plate on 3
Dropping tip into A1 of Opentrons Fixed Trash on 12
If bubbles are present, please centrifuge to remove     bubbles before proceeding to Part 4.
Caught exception: {'message': 'Task was destroyed but it is pending!', 'task': <Task pending name='Task-4' coro=<Poller._poll_forever() running at /Users/dp/Desktop/project/github/opentrons/venv/lib/python3.10/site-packages/opentrons/hardware_control/poller.py:80> wait_for=<Future pending cb=[Task.task_wakeup()]>>}
Caught exception: {'message': 'Task was destroyed but it is pending!', 'task': <Task pending name='Task-3' coro=<Poller._poll_forever() running at /Users/dp/Desktop/project/github/opentrons/venv/lib/python3.10/site-packages/opentrons/hardware_control/poller.py:80> wait_for=<Future pending cb=[Task.task_wakeup()]>>}
Caught exception: {'message': 'Task was destroyed but it is pending!', 'task': <Task pending name='Task-2' coro=<Poller._poll_forever() running at /Users/dp/Desktop/project/github/opentrons/venv/lib/python3.10/site-packages/opentrons/hardware_control/poller.py:80> wait_for=<Future pending cb=[Task.task_wakeup()]>>}
