/Users/dp/Desktop/project/github/opentrons/venv/lib/python3.10/site-packages/opentrons/hardware_control/simulator_setup.py:205: UserWarning: Simulator configuration does not name a machine, defaulting to OT-2 Standard
  warn(
/Users/dp/.opentrons/robot_settings.json not found. Loading defaults
Deck calibration not found.
/Users/dp/.opentrons/deck_calibration.json not found. Loading defaults
Setting Temperature Module temperature to 4.0 °C (rounded off to nearest integer)
Transferring 2.5 from A1 of Water reservoir on 2 to A1 of Diluted RNA plate on Temperature Module GEN2 on 7
	Picking up tip from A1 of Opentrons OT-2 96 Tip Rack 20 µL on 3
	Aspirating 2.5 uL from A1 of Water reservoir on 2 at 7.6 uL/sec
	Dispensing 2.5 uL into A1 of Diluted RNA plate on Temperature Module GEN2 on 7 at 7.6 uL/sec
	Dropping tip into A1 of Opentrons Fixed Trash on 12
Transferring 2.5 from A1 of MasterMix plate on Temperature Module GEN1 on 10 to A1 of Diluted RNA plate on Temperature Module GEN2 on 7
	Picking up tip from A2 of Opentrons OT-2 96 Tip Rack 20 µL on 3
	Aspirating 2.5 uL from A1 of MasterMix plate on Temperature Module GEN1 on 10 at 7.6 uL/sec
	Dispensing 2.5 uL into A1 of Diluted RNA plate on Temperature Module GEN2 on 7 at 7.6 uL/sec
	Mixing 5 times with a volume of 10.0 ul
		Aspirating 10.0 uL from A1 of Diluted RNA plate on Temperature Module GEN2 on 7 at 7.6 uL/sec
		Dispensing 10.0 uL into A1 of Diluted RNA plate on Temperature Module GEN2 on 7 at 7.6 uL/sec
		Aspirating 10.0 uL from A1 of Diluted RNA plate on Temperature Module GEN2 on 7 at 7.6 uL/sec
		Dispensing 10.0 uL into A1 of Diluted RNA plate on Temperature Module GEN2 on 7 at 7.6 uL/sec
		Aspirating 10.0 uL from A1 of Diluted RNA plate on Temperature Module GEN2 on 7 at 7.6 uL/sec
		Dispensing 10.0 uL into A1 of Diluted RNA plate on Temperature Module GEN2 on 7 at 7.6 uL/sec
		Aspirating 10.0 uL from A1 of Diluted RNA plate on Temperature Module GEN2 on 7 at 7.6 uL/sec
		Dispensing 10.0 uL into A1 of Diluted RNA plate on Temperature Module GEN2 on 7 at 7.6 uL/sec
		Aspirating 10.0 uL from A1 of Diluted RNA plate on Temperature Module GEN2 on 7 at 7.6 uL/sec
		Dispensing 10.0 uL into A1 of Diluted RNA plate on Temperature Module GEN2 on 7 at 7.6 uL/sec
	Dropping tip into A1 of Opentrons Fixed Trash on 12
Pausing robot operation: Click continue when ready to turn the cooling plates off
Deactivating Temperature Module
Deactivating Temperature Module

        Process Complete. Remove Plate from Position 7 and incubate according
        to FastSelect 5/16/23S, Table 3
    
Caught exception: {'message': 'Task was destroyed but it is pending!', 'task': <Task pending name='Task-9' coro=<Poller._poll_forever() running at /Users/dp/Desktop/project/github/opentrons/venv/lib/python3.10/site-packages/opentrons/hardware_control/poller.py:80> wait_for=<Future pending cb=[Task.task_wakeup()]>>}
Caught exception: {'message': 'Task was destroyed but it is pending!', 'task': <Task pending name='Task-2' coro=<Poller._poll_forever() running at /Users/dp/Desktop/project/github/opentrons/venv/lib/python3.10/site-packages/opentrons/hardware_control/poller.py:80> wait_for=<Future pending cb=[Task.task_wakeup()]>>}
Caught exception: {'message': 'Task was destroyed but it is pending!', 'task': <Task pending name='Task-4' coro=<Poller._poll_forever() running at /Users/dp/Desktop/project/github/opentrons/venv/lib/python3.10/site-packages/opentrons/hardware_control/poller.py:80> wait_for=<Future pending cb=[Task.task_wakeup()]>>}
Caught exception: {'message': 'Task was destroyed but it is pending!', 'task': <Task pending name='Task-3' coro=<Poller._poll_forever() running at /Users/dp/Desktop/project/github/opentrons/venv/lib/python3.10/site-packages/opentrons/hardware_control/poller.py:80> wait_for=<Future pending cb=[Task.task_wakeup()]>>}
