/Users/dp/Desktop/project/github/opentrons/venv/lib/python3.10/site-packages/opentrons/hardware_control/simulator_setup.py:205: UserWarning: Simulator configuration does not name a machine, defaulting to OT-2 Standard
  warn(
/Users/dp/.opentrons/robot_settings.json not found. Loading defaults
Deck calibration not found.
/Users/dp/.opentrons/deck_calibration.json not found. Loading defaults
Picking up tip from A1 of Opentrons OT-2 96 Filter Tip Rack 20 µL on 5
Aspirating 5.0 uL from A2 of Bio-Rad 96 Well Plate 200 µL PCR on 2 at 7.6 uL/sec
Air gap
	Aspirating 5.0 uL from A2 of Bio-Rad 96 Well Plate 200 µL PCR on 2 at 7.6 uL/sec
Dispensing 10.0 uL into A1 of Bio-Rad 96 Well Plate 200 µL PCR on Magnetic Module GEN2 on 1 at 7.6 uL/sec
Mixing 10 times with a volume of 17.0 ul
	Aspirating 17.0 uL from A1 of Bio-Rad 96 Well Plate 200 µL PCR on Magnetic Module GEN2 on 1 at 3.8 uL/sec
	Dispensing 17.0 uL into A1 of Bio-Rad 96 Well Plate 200 µL PCR on Magnetic Module GEN2 on 1 at 3.8 uL/sec
	Aspirating 17.0 uL from A1 of Bio-Rad 96 Well Plate 200 µL PCR on Magnetic Module GEN2 on 1 at 3.8 uL/sec
	Dispensing 17.0 uL into A1 of Bio-Rad 96 Well Plate 200 µL PCR on Magnetic Module GEN2 on 1 at 3.8 uL/sec
	Aspirating 17.0 uL from A1 of Bio-Rad 96 Well Plate 200 µL PCR on Magnetic Module GEN2 on 1 at 3.8 uL/sec
	Dispensing 17.0 uL into A1 of Bio-Rad 96 Well Plate 200 µL PCR on Magnetic Module GEN2 on 1 at 3.8 uL/sec
	Aspirating 17.0 uL from A1 of Bio-Rad 96 Well Plate 200 µL PCR on Magnetic Module GEN2 on 1 at 3.8 uL/sec
	Dispensing 17.0 uL into A1 of Bio-Rad 96 Well Plate 200 µL PCR on Magnetic Module GEN2 on 1 at 3.8 uL/sec
	Aspirating 17.0 uL from A1 of Bio-Rad 96 Well Plate 200 µL PCR on Magnetic Module GEN2 on 1 at 3.8 uL/sec
	Dispensing 17.0 uL into A1 of Bio-Rad 96 Well Plate 200 µL PCR on Magnetic Module GEN2 on 1 at 3.8 uL/sec
	Aspirating 17.0 uL from A1 of Bio-Rad 96 Well Plate 200 µL PCR on Magnetic Module GEN2 on 1 at 3.8 uL/sec
	Dispensing 17.0 uL into A1 of Bio-Rad 96 Well Plate 200 µL PCR on Magnetic Module GEN2 on 1 at 3.8 uL/sec
	Aspirating 17.0 uL from A1 of Bio-Rad 96 Well Plate 200 µL PCR on Magnetic Module GEN2 on 1 at 3.8 uL/sec
	Dispensing 17.0 uL into A1 of Bio-Rad 96 Well Plate 200 µL PCR on Magnetic Module GEN2 on 1 at 3.8 uL/sec
	Aspirating 17.0 uL from A1 of Bio-Rad 96 Well Plate 200 µL PCR on Magnetic Module GEN2 on 1 at 3.8 uL/sec
	Dispensing 17.0 uL into A1 of Bio-Rad 96 Well Plate 200 µL PCR on Magnetic Module GEN2 on 1 at 3.8 uL/sec
	Aspirating 17.0 uL from A1 of Bio-Rad 96 Well Plate 200 µL PCR on Magnetic Module GEN2 on 1 at 3.8 uL/sec
	Dispensing 17.0 uL into A1 of Bio-Rad 96 Well Plate 200 µL PCR on Magnetic Module GEN2 on 1 at 3.8 uL/sec
	Aspirating 17.0 uL from A1 of Bio-Rad 96 Well Plate 200 µL PCR on Magnetic Module GEN2 on 1 at 3.8 uL/sec
	Dispensing 17.0 uL into A1 of Bio-Rad 96 Well Plate 200 µL PCR on Magnetic Module GEN2 on 1 at 3.8 uL/sec
Blowing out at A1 of Bio-Rad 96 Well Plate 200 µL PCR on Magnetic Module GEN2 on 1
Touching tip
Dropping tip into A1 of Opentrons Fixed Trash on 12
Pausing robot operation: 
            Seal the plate with Microseal 'B', place on the preprogrammed
            thermal cycler, and run the PTC program. Afterwards, place plate
            back on magnetic module and select "Resume" on the Opentrons App.
            Empty trash if needed.

        
Engaging Magnetic Module
Delaying for 5 minutes and 0.0 seconds

 Removing Supernatant 

Picking up tip from A1 of Opentrons OT-2 96 Filter Tip Rack 200 µL on 11
Aspirating 30.0 uL from A1 of Bio-Rad 96 Well Plate 200 µL PCR on Magnetic Module GEN2 on 1 at 94.0 uL/sec
Dispensing 30.0 uL into A12 of NEST 12 Well Reservoir 15 mL on 4 at 94.0 uL/sec
Blowing out at A12 of NEST 12 Well Reservoir 15 mL on 4
Blowing out at A1 of Bio-Rad 96 Well Plate 200 µL PCR on Magnetic Module GEN2 on 1
Returning tip
	Dropping tip into A1 of Opentrons OT-2 96 Filter Tip Rack 200 µL on 11
Disengaging Magnetic Module

 Adding TWB 

Picking up tip from A1 of Opentrons OT-2 96 Filter Tip Rack 200 µL on 7
Aspirating 50.0 uL from A2 of NEST 12 Well Reservoir 15 mL on 4 at 35.0 uL/sec
Dispensing 50.0 uL into A1 of Bio-Rad 96 Well Plate 200 µL PCR on Magnetic Module GEN2 on 1 at 35.0 uL/sec
Aspirating 40.0 uL from A1 of Bio-Rad 96 Well Plate 200 µL PCR on Magnetic Module GEN2 on 1 at 35.0 uL/sec
Dispensing 40.0 uL into A1 of Bio-Rad 96 Well Plate 200 µL PCR on Magnetic Module GEN2 on 1 at 35.0 uL/sec
Aspirating 40.0 uL from A1 of Bio-Rad 96 Well Plate 200 µL PCR on Magnetic Module GEN2 on 1 at 35.0 uL/sec
Dispensing 40.0 uL into A1 of Bio-Rad 96 Well Plate 200 µL PCR on Magnetic Module GEN2 on 1 at 35.0 uL/sec
Aspirating 40.0 uL from A1 of Bio-Rad 96 Well Plate 200 µL PCR on Magnetic Module GEN2 on 1 at 35.0 uL/sec
Dispensing 40.0 uL into A1 of Bio-Rad 96 Well Plate 200 µL PCR on Magnetic Module GEN2 on 1 at 35.0 uL/sec
Aspirating 40.0 uL from A1 of Bio-Rad 96 Well Plate 200 µL PCR on Magnetic Module GEN2 on 1 at 35.0 uL/sec
Dispensing 40.0 uL into A1 of Bio-Rad 96 Well Plate 200 µL PCR on Magnetic Module GEN2 on 1 at 35.0 uL/sec
Aspirating 40.0 uL from A1 of Bio-Rad 96 Well Plate 200 µL PCR on Magnetic Module GEN2 on 1 at 35.0 uL/sec
Dispensing 40.0 uL into A1 of Bio-Rad 96 Well Plate 200 µL PCR on Magnetic Module GEN2 on 1 at 35.0 uL/sec
Aspirating 40.0 uL from A1 of Bio-Rad 96 Well Plate 200 µL PCR on Magnetic Module GEN2 on 1 at 35.0 uL/sec
Dispensing 40.0 uL into A1 of Bio-Rad 96 Well Plate 200 µL PCR on Magnetic Module GEN2 on 1 at 35.0 uL/sec
Aspirating 40.0 uL from A1 of Bio-Rad 96 Well Plate 200 µL PCR on Magnetic Module GEN2 on 1 at 35.0 uL/sec
Dispensing 40.0 uL into A1 of Bio-Rad 96 Well Plate 200 µL PCR on Magnetic Module GEN2 on 1 at 35.0 uL/sec
Aspirating 40.0 uL from A1 of Bio-Rad 96 Well Plate 200 µL PCR on Magnetic Module GEN2 on 1 at 35.0 uL/sec
Dispensing 40.0 uL into A1 of Bio-Rad 96 Well Plate 200 µL PCR on Magnetic Module GEN2 on 1 at 35.0 uL/sec
Aspirating 40.0 uL from A1 of Bio-Rad 96 Well Plate 200 µL PCR on Magnetic Module GEN2 on 1 at 35.0 uL/sec
Dispensing 40.0 uL into A1 of Bio-Rad 96 Well Plate 200 µL PCR on Magnetic Module GEN2 on 1 at 35.0 uL/sec
Aspirating 40.0 uL from A1 of Bio-Rad 96 Well Plate 200 µL PCR on Magnetic Module GEN2 on 1 at 35.0 uL/sec
Dispensing 40.0 uL into A1 of Bio-Rad 96 Well Plate 200 µL PCR on Magnetic Module GEN2 on 1 at 35.0 uL/sec
Aspirating 40.0 uL from A1 of Bio-Rad 96 Well Plate 200 µL PCR on Magnetic Module GEN2 on 1 at 35.0 uL/sec
Dispensing 40.0 uL into A1 of Bio-Rad 96 Well Plate 200 µL PCR on Magnetic Module GEN2 on 1 at 35.0 uL/sec
Aspirating 40.0 uL from A1 of Bio-Rad 96 Well Plate 200 µL PCR on Magnetic Module GEN2 on 1 at 35.0 uL/sec
Dispensing 40.0 uL into A1 of Bio-Rad 96 Well Plate 200 µL PCR on Magnetic Module GEN2 on 1 at 35.0 uL/sec
Aspirating 40.0 uL from A1 of Bio-Rad 96 Well Plate 200 µL PCR on Magnetic Module GEN2 on 1 at 35.0 uL/sec
Dispensing 40.0 uL into A1 of Bio-Rad 96 Well Plate 200 µL PCR on Magnetic Module GEN2 on 1 at 35.0 uL/sec
Aspirating 40.0 uL from A1 of Bio-Rad 96 Well Plate 200 µL PCR on Magnetic Module GEN2 on 1 at 35.0 uL/sec
Dispensing 40.0 uL into A1 of Bio-Rad 96 Well Plate 200 µL PCR on Magnetic Module GEN2 on 1 at 35.0 uL/sec
Aspirating 40.0 uL from A1 of Bio-Rad 96 Well Plate 200 µL PCR on Magnetic Module GEN2 on 1 at 35.0 uL/sec
Dispensing 40.0 uL into A1 of Bio-Rad 96 Well Plate 200 µL PCR on Magnetic Module GEN2 on 1 at 35.0 uL/sec
Dropping tip into A1 of Opentrons Fixed Trash on 12
Engaging Magnetic Module
Delaying for 5 minutes and 0.0 seconds

 Removing Supernatant 

Picking up tip from A1 of Opentrons OT-2 96 Filter Tip Rack 200 µL on 11
Aspirating 50.0 uL from A1 of Bio-Rad 96 Well Plate 200 µL PCR on Magnetic Module GEN2 on 1 at 94.0 uL/sec
Dispensing 50.0 uL into A12 of NEST 12 Well Reservoir 15 mL on 4 at 94.0 uL/sec
Blowing out at A12 of NEST 12 Well Reservoir 15 mL on 4
Blowing out at A1 of Bio-Rad 96 Well Plate 200 µL PCR on Magnetic Module GEN2 on 1
Returning tip
	Dropping tip into A1 of Opentrons OT-2 96 Filter Tip Rack 200 µL on 11
Disengaging Magnetic Module

 Adding TWB 

Picking up tip from A2 of Opentrons OT-2 96 Filter Tip Rack 200 µL on 7
Aspirating 50.0 uL from A2 of NEST 12 Well Reservoir 15 mL on 4 at 35.0 uL/sec
Dispensing 50.0 uL into A1 of Bio-Rad 96 Well Plate 200 µL PCR on Magnetic Module GEN2 on 1 at 35.0 uL/sec
Aspirating 40.0 uL from A1 of Bio-Rad 96 Well Plate 200 µL PCR on Magnetic Module GEN2 on 1 at 35.0 uL/sec
Dispensing 40.0 uL into A1 of Bio-Rad 96 Well Plate 200 µL PCR on Magnetic Module GEN2 on 1 at 35.0 uL/sec
Aspirating 40.0 uL from A1 of Bio-Rad 96 Well Plate 200 µL PCR on Magnetic Module GEN2 on 1 at 35.0 uL/sec
Dispensing 40.0 uL into A1 of Bio-Rad 96 Well Plate 200 µL PCR on Magnetic Module GEN2 on 1 at 35.0 uL/sec
Aspirating 40.0 uL from A1 of Bio-Rad 96 Well Plate 200 µL PCR on Magnetic Module GEN2 on 1 at 35.0 uL/sec
Dispensing 40.0 uL into A1 of Bio-Rad 96 Well Plate 200 µL PCR on Magnetic Module GEN2 on 1 at 35.0 uL/sec
Aspirating 40.0 uL from A1 of Bio-Rad 96 Well Plate 200 µL PCR on Magnetic Module GEN2 on 1 at 35.0 uL/sec
Dispensing 40.0 uL into A1 of Bio-Rad 96 Well Plate 200 µL PCR on Magnetic Module GEN2 on 1 at 35.0 uL/sec
Aspirating 40.0 uL from A1 of Bio-Rad 96 Well Plate 200 µL PCR on Magnetic Module GEN2 on 1 at 35.0 uL/sec
Dispensing 40.0 uL into A1 of Bio-Rad 96 Well Plate 200 µL PCR on Magnetic Module GEN2 on 1 at 35.0 uL/sec
Aspirating 40.0 uL from A1 of Bio-Rad 96 Well Plate 200 µL PCR on Magnetic Module GEN2 on 1 at 35.0 uL/sec
Dispensing 40.0 uL into A1 of Bio-Rad 96 Well Plate 200 µL PCR on Magnetic Module GEN2 on 1 at 35.0 uL/sec
Aspirating 40.0 uL from A1 of Bio-Rad 96 Well Plate 200 µL PCR on Magnetic Module GEN2 on 1 at 35.0 uL/sec
Dispensing 40.0 uL into A1 of Bio-Rad 96 Well Plate 200 µL PCR on Magnetic Module GEN2 on 1 at 35.0 uL/sec
Aspirating 40.0 uL from A1 of Bio-Rad 96 Well Plate 200 µL PCR on Magnetic Module GEN2 on 1 at 35.0 uL/sec
Dispensing 40.0 uL into A1 of Bio-Rad 96 Well Plate 200 µL PCR on Magnetic Module GEN2 on 1 at 35.0 uL/sec
Aspirating 40.0 uL from A1 of Bio-Rad 96 Well Plate 200 µL PCR on Magnetic Module GEN2 on 1 at 35.0 uL/sec
Dispensing 40.0 uL into A1 of Bio-Rad 96 Well Plate 200 µL PCR on Magnetic Module GEN2 on 1 at 35.0 uL/sec
Aspirating 40.0 uL from A1 of Bio-Rad 96 Well Plate 200 µL PCR on Magnetic Module GEN2 on 1 at 35.0 uL/sec
Dispensing 40.0 uL into A1 of Bio-Rad 96 Well Plate 200 µL PCR on Magnetic Module GEN2 on 1 at 35.0 uL/sec
Aspirating 40.0 uL from A1 of Bio-Rad 96 Well Plate 200 µL PCR on Magnetic Module GEN2 on 1 at 35.0 uL/sec
Dispensing 40.0 uL into A1 of Bio-Rad 96 Well Plate 200 µL PCR on Magnetic Module GEN2 on 1 at 35.0 uL/sec
Aspirating 40.0 uL from A1 of Bio-Rad 96 Well Plate 200 µL PCR on Magnetic Module GEN2 on 1 at 35.0 uL/sec
Dispensing 40.0 uL into A1 of Bio-Rad 96 Well Plate 200 µL PCR on Magnetic Module GEN2 on 1 at 35.0 uL/sec
Aspirating 40.0 uL from A1 of Bio-Rad 96 Well Plate 200 µL PCR on Magnetic Module GEN2 on 1 at 35.0 uL/sec
Dispensing 40.0 uL into A1 of Bio-Rad 96 Well Plate 200 µL PCR on Magnetic Module GEN2 on 1 at 35.0 uL/sec
Aspirating 40.0 uL from A1 of Bio-Rad 96 Well Plate 200 µL PCR on Magnetic Module GEN2 on 1 at 35.0 uL/sec
Dispensing 40.0 uL into A1 of Bio-Rad 96 Well Plate 200 µL PCR on Magnetic Module GEN2 on 1 at 35.0 uL/sec
Aspirating 40.0 uL from A1 of Bio-Rad 96 Well Plate 200 µL PCR on Magnetic Module GEN2 on 1 at 35.0 uL/sec
Dispensing 40.0 uL into A1 of Bio-Rad 96 Well Plate 200 µL PCR on Magnetic Module GEN2 on 1 at 35.0 uL/sec
Dropping tip into A1 of Opentrons Fixed Trash on 12
Engaging Magnetic Module
Delaying for 5 minutes and 0.0 seconds

 Removing Supernatant 

Picking up tip from A1 of Opentrons OT-2 96 Filter Tip Rack 200 µL on 11
Aspirating 50.0 uL from A1 of Bio-Rad 96 Well Plate 200 µL PCR on Magnetic Module GEN2 on 1 at 94.0 uL/sec
Dispensing 50.0 uL into A12 of NEST 12 Well Reservoir 15 mL on 4 at 94.0 uL/sec
Blowing out at A12 of NEST 12 Well Reservoir 15 mL on 4
Blowing out at A1 of Bio-Rad 96 Well Plate 200 µL PCR on Magnetic Module GEN2 on 1
Returning tip
	Dropping tip into A1 of Opentrons OT-2 96 Filter Tip Rack 200 µL on 11
Disengaging Magnetic Module

 Adding TWB 

Picking up tip from A3 of Opentrons OT-2 96 Filter Tip Rack 200 µL on 7
Aspirating 50.0 uL from A2 of NEST 12 Well Reservoir 15 mL on 4 at 35.0 uL/sec
Dispensing 50.0 uL into A1 of Bio-Rad 96 Well Plate 200 µL PCR on Magnetic Module GEN2 on 1 at 35.0 uL/sec
Aspirating 40.0 uL from A1 of Bio-Rad 96 Well Plate 200 µL PCR on Magnetic Module GEN2 on 1 at 35.0 uL/sec
Dispensing 40.0 uL into A1 of Bio-Rad 96 Well Plate 200 µL PCR on Magnetic Module GEN2 on 1 at 35.0 uL/sec
Aspirating 40.0 uL from A1 of Bio-Rad 96 Well Plate 200 µL PCR on Magnetic Module GEN2 on 1 at 35.0 uL/sec
Dispensing 40.0 uL into A1 of Bio-Rad 96 Well Plate 200 µL PCR on Magnetic Module GEN2 on 1 at 35.0 uL/sec
Aspirating 40.0 uL from A1 of Bio-Rad 96 Well Plate 200 µL PCR on Magnetic Module GEN2 on 1 at 35.0 uL/sec
Dispensing 40.0 uL into A1 of Bio-Rad 96 Well Plate 200 µL PCR on Magnetic Module GEN2 on 1 at 35.0 uL/sec
Aspirating 40.0 uL from A1 of Bio-Rad 96 Well Plate 200 µL PCR on Magnetic Module GEN2 on 1 at 35.0 uL/sec
Dispensing 40.0 uL into A1 of Bio-Rad 96 Well Plate 200 µL PCR on Magnetic Module GEN2 on 1 at 35.0 uL/sec
Aspirating 40.0 uL from A1 of Bio-Rad 96 Well Plate 200 µL PCR on Magnetic Module GEN2 on 1 at 35.0 uL/sec
Dispensing 40.0 uL into A1 of Bio-Rad 96 Well Plate 200 µL PCR on Magnetic Module GEN2 on 1 at 35.0 uL/sec
Aspirating 40.0 uL from A1 of Bio-Rad 96 Well Plate 200 µL PCR on Magnetic Module GEN2 on 1 at 35.0 uL/sec
Dispensing 40.0 uL into A1 of Bio-Rad 96 Well Plate 200 µL PCR on Magnetic Module GEN2 on 1 at 35.0 uL/sec
Aspirating 40.0 uL from A1 of Bio-Rad 96 Well Plate 200 µL PCR on Magnetic Module GEN2 on 1 at 35.0 uL/sec
Dispensing 40.0 uL into A1 of Bio-Rad 96 Well Plate 200 µL PCR on Magnetic Module GEN2 on 1 at 35.0 uL/sec
Aspirating 40.0 uL from A1 of Bio-Rad 96 Well Plate 200 µL PCR on Magnetic Module GEN2 on 1 at 35.0 uL/sec
Dispensing 40.0 uL into A1 of Bio-Rad 96 Well Plate 200 µL PCR on Magnetic Module GEN2 on 1 at 35.0 uL/sec
Aspirating 40.0 uL from A1 of Bio-Rad 96 Well Plate 200 µL PCR on Magnetic Module GEN2 on 1 at 35.0 uL/sec
Dispensing 40.0 uL into A1 of Bio-Rad 96 Well Plate 200 µL PCR on Magnetic Module GEN2 on 1 at 35.0 uL/sec
Aspirating 40.0 uL from A1 of Bio-Rad 96 Well Plate 200 µL PCR on Magnetic Module GEN2 on 1 at 35.0 uL/sec
Dispensing 40.0 uL into A1 of Bio-Rad 96 Well Plate 200 µL PCR on Magnetic Module GEN2 on 1 at 35.0 uL/sec
Aspirating 40.0 uL from A1 of Bio-Rad 96 Well Plate 200 µL PCR on Magnetic Module GEN2 on 1 at 35.0 uL/sec
Dispensing 40.0 uL into A1 of Bio-Rad 96 Well Plate 200 µL PCR on Magnetic Module GEN2 on 1 at 35.0 uL/sec
Aspirating 40.0 uL from A1 of Bio-Rad 96 Well Plate 200 µL PCR on Magnetic Module GEN2 on 1 at 35.0 uL/sec
Dispensing 40.0 uL into A1 of Bio-Rad 96 Well Plate 200 µL PCR on Magnetic Module GEN2 on 1 at 35.0 uL/sec
Aspirating 40.0 uL from A1 of Bio-Rad 96 Well Plate 200 µL PCR on Magnetic Module GEN2 on 1 at 35.0 uL/sec
Dispensing 40.0 uL into A1 of Bio-Rad 96 Well Plate 200 µL PCR on Magnetic Module GEN2 on 1 at 35.0 uL/sec
Aspirating 40.0 uL from A1 of Bio-Rad 96 Well Plate 200 µL PCR on Magnetic Module GEN2 on 1 at 35.0 uL/sec
Dispensing 40.0 uL into A1 of Bio-Rad 96 Well Plate 200 µL PCR on Magnetic Module GEN2 on 1 at 35.0 uL/sec
Aspirating 40.0 uL from A1 of Bio-Rad 96 Well Plate 200 µL PCR on Magnetic Module GEN2 on 1 at 35.0 uL/sec
Dispensing 40.0 uL into A1 of Bio-Rad 96 Well Plate 200 µL PCR on Magnetic Module GEN2 on 1 at 35.0 uL/sec
Dropping tip into A1 of Opentrons Fixed Trash on 12
Pausing robot operation: 
        Put EPM Mastermix onto columns 3 and 4 of the reagent plate,
        then select "Resume" on the Opentrons App. Empty trash if needed.
        
Engaging Magnetic Module
Picking up tip from A1 of Opentrons OT-2 96 Filter Tip Rack 200 µL on 11
Aspirating 50.0 uL from A1 of Bio-Rad 96 Well Plate 200 µL PCR on Magnetic Module GEN2 on 1 at 94.0 uL/sec
Dispensing 50.0 uL into A12 of NEST 12 Well Reservoir 15 mL on 4 at 94.0 uL/sec
Blowing out at A12 of NEST 12 Well Reservoir 15 mL on 4
Dropping tip into A1 of Opentrons Fixed Trash on 12
Disengaging Magnetic Module

 Adding EPM 

Picking up tip from A4 of Opentrons OT-2 96 Filter Tip Rack 200 µL on 7
Aspirating 20.0 uL from A3 of Bio-Rad 96 Well Plate 200 µL PCR on 2 at 94.0 uL/sec
Dispensing 20.0 uL into A1 of Bio-Rad 96 Well Plate 200 µL PCR on Magnetic Module GEN2 on 1 at 94.0 uL/sec
Aspirating 20.0 uL from A1 of Bio-Rad 96 Well Plate 200 µL PCR on Magnetic Module GEN2 on 1 at 94.0 uL/sec
Dispensing 20.0 uL into A1 of Bio-Rad 96 Well Plate 200 µL PCR on Magnetic Module GEN2 on 1 at 94.0 uL/sec
Aspirating 20.0 uL from A1 of Bio-Rad 96 Well Plate 200 µL PCR on Magnetic Module GEN2 on 1 at 94.0 uL/sec
Dispensing 20.0 uL into A1 of Bio-Rad 96 Well Plate 200 µL PCR on Magnetic Module GEN2 on 1 at 94.0 uL/sec
Aspirating 20.0 uL from A1 of Bio-Rad 96 Well Plate 200 µL PCR on Magnetic Module GEN2 on 1 at 94.0 uL/sec
Dispensing 20.0 uL into A1 of Bio-Rad 96 Well Plate 200 µL PCR on Magnetic Module GEN2 on 1 at 94.0 uL/sec
Aspirating 20.0 uL from A1 of Bio-Rad 96 Well Plate 200 µL PCR on Magnetic Module GEN2 on 1 at 94.0 uL/sec
Dispensing 20.0 uL into A1 of Bio-Rad 96 Well Plate 200 µL PCR on Magnetic Module GEN2 on 1 at 94.0 uL/sec
Aspirating 20.0 uL from A1 of Bio-Rad 96 Well Plate 200 µL PCR on Magnetic Module GEN2 on 1 at 94.0 uL/sec
Dispensing 20.0 uL into A1 of Bio-Rad 96 Well Plate 200 µL PCR on Magnetic Module GEN2 on 1 at 94.0 uL/sec
Aspirating 20.0 uL from A1 of Bio-Rad 96 Well Plate 200 µL PCR on Magnetic Module GEN2 on 1 at 94.0 uL/sec
Dispensing 20.0 uL into A1 of Bio-Rad 96 Well Plate 200 µL PCR on Magnetic Module GEN2 on 1 at 94.0 uL/sec
Aspirating 20.0 uL from A1 of Bio-Rad 96 Well Plate 200 µL PCR on Magnetic Module GEN2 on 1 at 94.0 uL/sec
Dispensing 20.0 uL into A1 of Bio-Rad 96 Well Plate 200 µL PCR on Magnetic Module GEN2 on 1 at 94.0 uL/sec
Aspirating 20.0 uL from A1 of Bio-Rad 96 Well Plate 200 µL PCR on Magnetic Module GEN2 on 1 at 94.0 uL/sec
Dispensing 20.0 uL into A1 of Bio-Rad 96 Well Plate 200 µL PCR on Magnetic Module GEN2 on 1 at 94.0 uL/sec
Aspirating 20.0 uL from A1 of Bio-Rad 96 Well Plate 200 µL PCR on Magnetic Module GEN2 on 1 at 94.0 uL/sec
Dispensing 20.0 uL into A1 of Bio-Rad 96 Well Plate 200 µL PCR on Magnetic Module GEN2 on 1 at 94.0 uL/sec
Aspirating 20.0 uL from A1 of Bio-Rad 96 Well Plate 200 µL PCR on Magnetic Module GEN2 on 1 at 94.0 uL/sec
Dispensing 20.0 uL into A1 of Bio-Rad 96 Well Plate 200 µL PCR on Magnetic Module GEN2 on 1 at 94.0 uL/sec
Aspirating 20.0 uL from A1 of Bio-Rad 96 Well Plate 200 µL PCR on Magnetic Module GEN2 on 1 at 94.0 uL/sec
Dispensing 20.0 uL into A1 of Bio-Rad 96 Well Plate 200 µL PCR on Magnetic Module GEN2 on 1 at 94.0 uL/sec
Aspirating 20.0 uL from A1 of Bio-Rad 96 Well Plate 200 µL PCR on Magnetic Module GEN2 on 1 at 94.0 uL/sec
Dispensing 20.0 uL into A1 of Bio-Rad 96 Well Plate 200 µL PCR on Magnetic Module GEN2 on 1 at 94.0 uL/sec
Aspirating 20.0 uL from A1 of Bio-Rad 96 Well Plate 200 µL PCR on Magnetic Module GEN2 on 1 at 94.0 uL/sec
Dispensing 20.0 uL into A1 of Bio-Rad 96 Well Plate 200 µL PCR on Magnetic Module GEN2 on 1 at 94.0 uL/sec
Aspirating 20.0 uL from A1 of Bio-Rad 96 Well Plate 200 µL PCR on Magnetic Module GEN2 on 1 at 94.0 uL/sec
Dispensing 20.0 uL into A1 of Bio-Rad 96 Well Plate 200 µL PCR on Magnetic Module GEN2 on 1 at 94.0 uL/sec
Aspirating 20.0 uL from A1 of Bio-Rad 96 Well Plate 200 µL PCR on Magnetic Module GEN2 on 1 at 94.0 uL/sec
Dispensing 20.0 uL into A1 of Bio-Rad 96 Well Plate 200 µL PCR on Magnetic Module GEN2 on 1 at 94.0 uL/sec
Blowing out at A1 of Bio-Rad 96 Well Plate 200 µL PCR on Magnetic Module GEN2 on 1
Dropping tip into A1 of Opentrons Fixed Trash on 12
Pausing robot operation: 
    Prepare plate for index addition.
    Select "Resume" on the Opentrons App. Empty trash if needed.
    
Picking up tip from A2 of Opentrons OT-2 96 Filter Tip Rack 20 µL on 5
Aspirating 5.0 uL from A1 of Illumina 96 Well Plate 200 µL on 3 at 5.699999999999999 uL/sec
Dispensing 5.0 uL into A1 of Bio-Rad 96 Well Plate 200 µL PCR on Magnetic Module GEN2 on 1 at 5.699999999999999 uL/sec
Mixing 10 times with a volume of 18.0 ul
	Aspirating 18.0 uL from A1 of Bio-Rad 96 Well Plate 200 µL PCR on Magnetic Module GEN2 on 1 at 7.6 uL/sec
	Dispensing 18.0 uL into A1 of Bio-Rad 96 Well Plate 200 µL PCR on Magnetic Module GEN2 on 1 at 7.6 uL/sec
	Aspirating 18.0 uL from A1 of Bio-Rad 96 Well Plate 200 µL PCR on Magnetic Module GEN2 on 1 at 7.6 uL/sec
	Dispensing 18.0 uL into A1 of Bio-Rad 96 Well Plate 200 µL PCR on Magnetic Module GEN2 on 1 at 7.6 uL/sec
	Aspirating 18.0 uL from A1 of Bio-Rad 96 Well Plate 200 µL PCR on Magnetic Module GEN2 on 1 at 7.6 uL/sec
	Dispensing 18.0 uL into A1 of Bio-Rad 96 Well Plate 200 µL PCR on Magnetic Module GEN2 on 1 at 7.6 uL/sec
	Aspirating 18.0 uL from A1 of Bio-Rad 96 Well Plate 200 µL PCR on Magnetic Module GEN2 on 1 at 7.6 uL/sec
	Dispensing 18.0 uL into A1 of Bio-Rad 96 Well Plate 200 µL PCR on Magnetic Module GEN2 on 1 at 7.6 uL/sec
	Aspirating 18.0 uL from A1 of Bio-Rad 96 Well Plate 200 µL PCR on Magnetic Module GEN2 on 1 at 7.6 uL/sec
	Dispensing 18.0 uL into A1 of Bio-Rad 96 Well Plate 200 µL PCR on Magnetic Module GEN2 on 1 at 7.6 uL/sec
	Aspirating 18.0 uL from A1 of Bio-Rad 96 Well Plate 200 µL PCR on Magnetic Module GEN2 on 1 at 7.6 uL/sec
	Dispensing 18.0 uL into A1 of Bio-Rad 96 Well Plate 200 µL PCR on Magnetic Module GEN2 on 1 at 7.6 uL/sec
	Aspirating 18.0 uL from A1 of Bio-Rad 96 Well Plate 200 µL PCR on Magnetic Module GEN2 on 1 at 7.6 uL/sec
	Dispensing 18.0 uL into A1 of Bio-Rad 96 Well Plate 200 µL PCR on Magnetic Module GEN2 on 1 at 7.6 uL/sec
	Aspirating 18.0 uL from A1 of Bio-Rad 96 Well Plate 200 µL PCR on Magnetic Module GEN2 on 1 at 7.6 uL/sec
	Dispensing 18.0 uL into A1 of Bio-Rad 96 Well Plate 200 µL PCR on Magnetic Module GEN2 on 1 at 7.6 uL/sec
	Aspirating 18.0 uL from A1 of Bio-Rad 96 Well Plate 200 µL PCR on Magnetic Module GEN2 on 1 at 7.6 uL/sec
	Dispensing 18.0 uL into A1 of Bio-Rad 96 Well Plate 200 µL PCR on Magnetic Module GEN2 on 1 at 7.6 uL/sec
	Aspirating 18.0 uL from A1 of Bio-Rad 96 Well Plate 200 µL PCR on Magnetic Module GEN2 on 1 at 7.6 uL/sec
	Dispensing 18.0 uL into A1 of Bio-Rad 96 Well Plate 200 µL PCR on Magnetic Module GEN2 on 1 at 7.6 uL/sec
Blowing out at A1 of Bio-Rad 96 Well Plate 200 µL PCR on Magnetic Module GEN2 on 1
Dropping tip into A1 of Opentrons Fixed Trash on 12
Caught exception: {'message': 'Task was destroyed but it is pending!', 'task': <Task pending name='Task-2' coro=<Poller._poll_forever() running at /Users/dp/Desktop/project/github/opentrons/venv/lib/python3.10/site-packages/opentrons/hardware_control/poller.py:80> wait_for=<Future pending cb=[Task.task_wakeup()]>>}
Caught exception: {'message': 'Task was destroyed but it is pending!', 'task': <Task pending name='Task-4' coro=<Poller._poll_forever() running at /Users/dp/Desktop/project/github/opentrons/venv/lib/python3.10/site-packages/opentrons/hardware_control/poller.py:80> wait_for=<Future pending cb=[Task.task_wakeup()]>>}
Caught exception: {'message': 'Task was destroyed but it is pending!', 'task': <Task pending name='Task-3' coro=<Poller._poll_forever() running at /Users/dp/Desktop/project/github/opentrons/venv/lib/python3.10/site-packages/opentrons/hardware_control/poller.py:80> wait_for=<Future pending cb=[Task.task_wakeup()]>>}
