/Users/dp/Desktop/project/github/opentrons/venv/lib/python3.10/site-packages/opentrons/hardware_control/simulator_setup.py:205: UserWarning: Simulator configuration does not name a machine, defaulting to OT-2 Standard
  warn(
/Users/dp/.opentrons/robot_settings.json not found. Loading defaults
Deck calibration not found.
/Users/dp/.opentrons/deck_calibration.json not found. Loading defaults
Picking up tip from A1 of Opentrons OT-2 96 Filter Tip Rack 20 µL on 5
Aspirating 10.0 uL from A1 of NEST 12 Well Reservoir 15 mL on 4 at 7.6 uL/sec
Dispensing 10.0 uL into A1 of Final Plate on 3 at 7.6 uL/sec
Blowing out at A1 of Final Plate on 3
Dropping tip into A1 of Opentrons Fixed Trash on 12



Picking up tip from A2 of Opentrons OT-2 96 Filter Tip Rack 20 µL on 5
Mixing 10 times with a volume of 15.0 ul
	Aspirating 15.0 uL from A1 of Sample Plate on 2 at 7.6 uL/sec
	Dispensing 15.0 uL into A1 of Sample Plate on 2 at 7.6 uL/sec
	Aspirating 15.0 uL from A1 of Sample Plate on 2 at 7.6 uL/sec
	Dispensing 15.0 uL into A1 of Sample Plate on 2 at 7.6 uL/sec
	Aspirating 15.0 uL from A1 of Sample Plate on 2 at 7.6 uL/sec
	Dispensing 15.0 uL into A1 of Sample Plate on 2 at 7.6 uL/sec
	Aspirating 15.0 uL from A1 of Sample Plate on 2 at 7.6 uL/sec
	Dispensing 15.0 uL into A1 of Sample Plate on 2 at 7.6 uL/sec
	Aspirating 15.0 uL from A1 of Sample Plate on 2 at 7.6 uL/sec
	Dispensing 15.0 uL into A1 of Sample Plate on 2 at 7.6 uL/sec
	Aspirating 15.0 uL from A1 of Sample Plate on 2 at 7.6 uL/sec
	Dispensing 15.0 uL into A1 of Sample Plate on 2 at 7.6 uL/sec
	Aspirating 15.0 uL from A1 of Sample Plate on 2 at 7.6 uL/sec
	Dispensing 15.0 uL into A1 of Sample Plate on 2 at 7.6 uL/sec
	Aspirating 15.0 uL from A1 of Sample Plate on 2 at 7.6 uL/sec
	Dispensing 15.0 uL into A1 of Sample Plate on 2 at 7.6 uL/sec
	Aspirating 15.0 uL from A1 of Sample Plate on 2 at 7.6 uL/sec
	Dispensing 15.0 uL into A1 of Sample Plate on 2 at 7.6 uL/sec
	Aspirating 15.0 uL from A1 of Sample Plate on 2 at 7.6 uL/sec
	Dispensing 15.0 uL into A1 of Sample Plate on 2 at 7.6 uL/sec
Aspirating 5.0 uL from A1 of Sample Plate on 2 at 7.6 uL/sec
Dispensing 5.0 uL into A1 of Final Plate on 3 at 7.6 uL/sec
Mixing 10 times with a volume of 12.0 ul
	Aspirating 12.0 uL from A1 of Final Plate on 3 at 7.6 uL/sec
	Dispensing 12.0 uL into A1 of Final Plate on 3 at 7.6 uL/sec
	Aspirating 12.0 uL from A1 of Final Plate on 3 at 7.6 uL/sec
	Dispensing 12.0 uL into A1 of Final Plate on 3 at 7.6 uL/sec
	Aspirating 12.0 uL from A1 of Final Plate on 3 at 7.6 uL/sec
	Dispensing 12.0 uL into A1 of Final Plate on 3 at 7.6 uL/sec
	Aspirating 12.0 uL from A1 of Final Plate on 3 at 7.6 uL/sec
	Dispensing 12.0 uL into A1 of Final Plate on 3 at 7.6 uL/sec
	Aspirating 12.0 uL from A1 of Final Plate on 3 at 7.6 uL/sec
	Dispensing 12.0 uL into A1 of Final Plate on 3 at 7.6 uL/sec
	Aspirating 12.0 uL from A1 of Final Plate on 3 at 7.6 uL/sec
	Dispensing 12.0 uL into A1 of Final Plate on 3 at 7.6 uL/sec
	Aspirating 12.0 uL from A1 of Final Plate on 3 at 7.6 uL/sec
	Dispensing 12.0 uL into A1 of Final Plate on 3 at 7.6 uL/sec
	Aspirating 12.0 uL from A1 of Final Plate on 3 at 7.6 uL/sec
	Dispensing 12.0 uL into A1 of Final Plate on 3 at 7.6 uL/sec
	Aspirating 12.0 uL from A1 of Final Plate on 3 at 7.6 uL/sec
	Dispensing 12.0 uL into A1 of Final Plate on 3 at 7.6 uL/sec
	Aspirating 12.0 uL from A1 of Final Plate on 3 at 7.6 uL/sec
	Dispensing 12.0 uL into A1 of Final Plate on 3 at 7.6 uL/sec
Dropping tip into A1 of Opentrons Fixed Trash on 12



Picking up tip from A1 of Opentrons OT-2 96 Filter Tip Rack 200 µL on 8
Mixing 15 times with a volume of 80.0 ul
	Aspirating 80.0 uL from A1 of Mastermix Plate on 1 at 94.0 uL/sec
	Dispensing 80.0 uL into A1 of Mastermix Plate on 1 at 94.0 uL/sec
	Aspirating 80.0 uL from A1 of Mastermix Plate on 1 at 94.0 uL/sec
	Dispensing 80.0 uL into A1 of Mastermix Plate on 1 at 94.0 uL/sec
	Aspirating 80.0 uL from A1 of Mastermix Plate on 1 at 94.0 uL/sec
	Dispensing 80.0 uL into A1 of Mastermix Plate on 1 at 94.0 uL/sec
	Aspirating 80.0 uL from A1 of Mastermix Plate on 1 at 94.0 uL/sec
	Dispensing 80.0 uL into A1 of Mastermix Plate on 1 at 94.0 uL/sec
	Aspirating 80.0 uL from A1 of Mastermix Plate on 1 at 94.0 uL/sec
	Dispensing 80.0 uL into A1 of Mastermix Plate on 1 at 94.0 uL/sec
	Aspirating 80.0 uL from A1 of Mastermix Plate on 1 at 94.0 uL/sec
	Dispensing 80.0 uL into A1 of Mastermix Plate on 1 at 94.0 uL/sec
	Aspirating 80.0 uL from A1 of Mastermix Plate on 1 at 94.0 uL/sec
	Dispensing 80.0 uL into A1 of Mastermix Plate on 1 at 94.0 uL/sec
	Aspirating 80.0 uL from A1 of Mastermix Plate on 1 at 94.0 uL/sec
	Dispensing 80.0 uL into A1 of Mastermix Plate on 1 at 94.0 uL/sec
	Aspirating 80.0 uL from A1 of Mastermix Plate on 1 at 94.0 uL/sec
	Dispensing 80.0 uL into A1 of Mastermix Plate on 1 at 94.0 uL/sec
	Aspirating 80.0 uL from A1 of Mastermix Plate on 1 at 94.0 uL/sec
	Dispensing 80.0 uL into A1 of Mastermix Plate on 1 at 94.0 uL/sec
	Aspirating 80.0 uL from A1 of Mastermix Plate on 1 at 94.0 uL/sec
	Dispensing 80.0 uL into A1 of Mastermix Plate on 1 at 94.0 uL/sec
	Aspirating 80.0 uL from A1 of Mastermix Plate on 1 at 94.0 uL/sec
	Dispensing 80.0 uL into A1 of Mastermix Plate on 1 at 94.0 uL/sec
	Aspirating 80.0 uL from A1 of Mastermix Plate on 1 at 94.0 uL/sec
	Dispensing 80.0 uL into A1 of Mastermix Plate on 1 at 94.0 uL/sec
	Aspirating 80.0 uL from A1 of Mastermix Plate on 1 at 94.0 uL/sec
	Dispensing 80.0 uL into A1 of Mastermix Plate on 1 at 94.0 uL/sec
	Aspirating 80.0 uL from A1 of Mastermix Plate on 1 at 94.0 uL/sec
	Dispensing 80.0 uL into A1 of Mastermix Plate on 1 at 94.0 uL/sec
Blowing out at A1 of Mastermix Plate on 1
Dropping tip into A1 of Opentrons Fixed Trash on 12
Picking up tip from A3 of Opentrons OT-2 96 Filter Tip Rack 20 µL on 5
Aspirating 10.0 uL from A1 of Mastermix Plate on 1 at 4.0 uL/sec
Delaying for 0 minutes and 1.5 seconds
Dispensing 10.0 uL into A1 of Final Plate on 3 at 4.0 uL/sec
Mixing 15 times with a volume of 18.0 ul
	Aspirating 18.0 uL from A1 of Final Plate on 3 at 4.0 uL/sec
	Dispensing 18.0 uL into A1 of Final Plate on 3 at 4.0 uL/sec
	Aspirating 18.0 uL from A1 of Final Plate on 3 at 4.0 uL/sec
	Dispensing 18.0 uL into A1 of Final Plate on 3 at 4.0 uL/sec
	Aspirating 18.0 uL from A1 of Final Plate on 3 at 4.0 uL/sec
	Dispensing 18.0 uL into A1 of Final Plate on 3 at 4.0 uL/sec
	Aspirating 18.0 uL from A1 of Final Plate on 3 at 4.0 uL/sec
	Dispensing 18.0 uL into A1 of Final Plate on 3 at 4.0 uL/sec
	Aspirating 18.0 uL from A1 of Final Plate on 3 at 4.0 uL/sec
	Dispensing 18.0 uL into A1 of Final Plate on 3 at 4.0 uL/sec
	Aspirating 18.0 uL from A1 of Final Plate on 3 at 4.0 uL/sec
	Dispensing 18.0 uL into A1 of Final Plate on 3 at 4.0 uL/sec
	Aspirating 18.0 uL from A1 of Final Plate on 3 at 4.0 uL/sec
	Dispensing 18.0 uL into A1 of Final Plate on 3 at 4.0 uL/sec
	Aspirating 18.0 uL from A1 of Final Plate on 3 at 4.0 uL/sec
	Dispensing 18.0 uL into A1 of Final Plate on 3 at 4.0 uL/sec
	Aspirating 18.0 uL from A1 of Final Plate on 3 at 4.0 uL/sec
	Dispensing 18.0 uL into A1 of Final Plate on 3 at 4.0 uL/sec
	Aspirating 18.0 uL from A1 of Final Plate on 3 at 4.0 uL/sec
	Dispensing 18.0 uL into A1 of Final Plate on 3 at 4.0 uL/sec
	Aspirating 18.0 uL from A1 of Final Plate on 3 at 4.0 uL/sec
	Dispensing 18.0 uL into A1 of Final Plate on 3 at 4.0 uL/sec
	Aspirating 18.0 uL from A1 of Final Plate on 3 at 4.0 uL/sec
	Dispensing 18.0 uL into A1 of Final Plate on 3 at 4.0 uL/sec
	Aspirating 18.0 uL from A1 of Final Plate on 3 at 4.0 uL/sec
	Dispensing 18.0 uL into A1 of Final Plate on 3 at 4.0 uL/sec
	Aspirating 18.0 uL from A1 of Final Plate on 3 at 4.0 uL/sec
	Dispensing 18.0 uL into A1 of Final Plate on 3 at 4.0 uL/sec
	Aspirating 18.0 uL from A1 of Final Plate on 3 at 4.0 uL/sec
	Dispensing 18.0 uL into A1 of Final Plate on 3 at 4.0 uL/sec
Blowing out at A1 of Final Plate on 3
Dropping tip into A1 of Opentrons Fixed Trash on 12
Caught exception: {'message': 'Task was destroyed but it is pending!', 'task': <Task pending name='Task-4' coro=<Poller._poll_forever() running at /Users/dp/Desktop/project/github/opentrons/venv/lib/python3.10/site-packages/opentrons/hardware_control/poller.py:80> wait_for=<Future pending cb=[Task.task_wakeup()]>>}
Caught exception: {'message': 'Task was destroyed but it is pending!', 'task': <Task pending name='Task-3' coro=<Poller._poll_forever() running at /Users/dp/Desktop/project/github/opentrons/venv/lib/python3.10/site-packages/opentrons/hardware_control/poller.py:80> wait_for=<Future pending cb=[Task.task_wakeup()]>>}
Caught exception: {'message': 'Task was destroyed but it is pending!', 'task': <Task pending name='Task-2' coro=<Poller._poll_forever() running at /Users/dp/Desktop/project/github/opentrons/venv/lib/python3.10/site-packages/opentrons/hardware_control/poller.py:80> wait_for=<Future pending cb=[Task.task_wakeup()]>>}
