/Users/dp/Desktop/project/github/opentrons/venv/lib/python3.10/site-packages/opentrons/hardware_control/simulator_setup.py:205: UserWarning: Simulator configuration does not name a machine, defaulting to OT-2 Standard
  warn(
/Users/dp/.opentrons/robot_settings.json not found. Loading defaults
Deck calibration not found.
/Users/dp/.opentrons/deck_calibration.json not found. Loading defaults
Engaging Magnetic Module
Delaying for 5 minutes and 0.0 seconds
Picking up tip from A1 of Opentrons OT-2 96 Filter Tip Rack 200 µL on 7
Aspirating 22.5 uL from A1 of Bio-Rad 96 Well Plate 200 µL PCR on Magnetic Module GEN2 on 1 at 94.0 uL/sec
Dispensing 22.5 uL into A1 of Bio-Rad 96 Well Plate 200 µL PCR on 2 at 94.0 uL/sec
Blowing out at A1 of Bio-Rad 96 Well Plate 200 µL PCR on 2
Dropping tip into A1 of Opentrons Fixed Trash on 12
Disengaging Magnetic Module
Pausing robot operation: Remove plate on magnetic module and replace with newly
    populated Plate A. Ensure Plate B is on the deck populated with magnetic
    beads. If needed, empty trash.
Picking up tip from A2 of Opentrons OT-2 96 Filter Tip Rack 200 µL on 7
Mixing 20 times with a volume of 200.0 ul
	Aspirating 200.0 uL from A8 of NEST 12 Well Reservoir 15 mL on 5 at 94.0 uL/sec
	Dispensing 200.0 uL into A8 of NEST 12 Well Reservoir 15 mL on 5 at 94.0 uL/sec
	Aspirating 200.0 uL from A8 of NEST 12 Well Reservoir 15 mL on 5 at 94.0 uL/sec
	Dispensing 200.0 uL into A8 of NEST 12 Well Reservoir 15 mL on 5 at 94.0 uL/sec
	Aspirating 200.0 uL from A8 of NEST 12 Well Reservoir 15 mL on 5 at 94.0 uL/sec
	Dispensing 200.0 uL into A8 of NEST 12 Well Reservoir 15 mL on 5 at 94.0 uL/sec
	Aspirating 200.0 uL from A8 of NEST 12 Well Reservoir 15 mL on 5 at 94.0 uL/sec
	Dispensing 200.0 uL into A8 of NEST 12 Well Reservoir 15 mL on 5 at 94.0 uL/sec
	Aspirating 200.0 uL from A8 of NEST 12 Well Reservoir 15 mL on 5 at 94.0 uL/sec
	Dispensing 200.0 uL into A8 of NEST 12 Well Reservoir 15 mL on 5 at 94.0 uL/sec
	Aspirating 200.0 uL from A8 of NEST 12 Well Reservoir 15 mL on 5 at 94.0 uL/sec
	Dispensing 200.0 uL into A8 of NEST 12 Well Reservoir 15 mL on 5 at 94.0 uL/sec
	Aspirating 200.0 uL from A8 of NEST 12 Well Reservoir 15 mL on 5 at 94.0 uL/sec
	Dispensing 200.0 uL into A8 of NEST 12 Well Reservoir 15 mL on 5 at 94.0 uL/sec
	Aspirating 200.0 uL from A8 of NEST 12 Well Reservoir 15 mL on 5 at 94.0 uL/sec
	Dispensing 200.0 uL into A8 of NEST 12 Well Reservoir 15 mL on 5 at 94.0 uL/sec
	Aspirating 200.0 uL from A8 of NEST 12 Well Reservoir 15 mL on 5 at 94.0 uL/sec
	Dispensing 200.0 uL into A8 of NEST 12 Well Reservoir 15 mL on 5 at 94.0 uL/sec
	Aspirating 200.0 uL from A8 of NEST 12 Well Reservoir 15 mL on 5 at 94.0 uL/sec
	Dispensing 200.0 uL into A8 of NEST 12 Well Reservoir 15 mL on 5 at 94.0 uL/sec
	Aspirating 200.0 uL from A8 of NEST 12 Well Reservoir 15 mL on 5 at 94.0 uL/sec
	Dispensing 200.0 uL into A8 of NEST 12 Well Reservoir 15 mL on 5 at 94.0 uL/sec
	Aspirating 200.0 uL from A8 of NEST 12 Well Reservoir 15 mL on 5 at 94.0 uL/sec
	Dispensing 200.0 uL into A8 of NEST 12 Well Reservoir 15 mL on 5 at 94.0 uL/sec
	Aspirating 200.0 uL from A8 of NEST 12 Well Reservoir 15 mL on 5 at 94.0 uL/sec
	Dispensing 200.0 uL into A8 of NEST 12 Well Reservoir 15 mL on 5 at 94.0 uL/sec
	Aspirating 200.0 uL from A8 of NEST 12 Well Reservoir 15 mL on 5 at 94.0 uL/sec
	Dispensing 200.0 uL into A8 of NEST 12 Well Reservoir 15 mL on 5 at 94.0 uL/sec
	Aspirating 200.0 uL from A8 of NEST 12 Well Reservoir 15 mL on 5 at 94.0 uL/sec
	Dispensing 200.0 uL into A8 of NEST 12 Well Reservoir 15 mL on 5 at 94.0 uL/sec
	Aspirating 200.0 uL from A8 of NEST 12 Well Reservoir 15 mL on 5 at 94.0 uL/sec
	Dispensing 200.0 uL into A8 of NEST 12 Well Reservoir 15 mL on 5 at 94.0 uL/sec
	Aspirating 200.0 uL from A8 of NEST 12 Well Reservoir 15 mL on 5 at 94.0 uL/sec
	Dispensing 200.0 uL into A8 of NEST 12 Well Reservoir 15 mL on 5 at 94.0 uL/sec
	Aspirating 200.0 uL from A8 of NEST 12 Well Reservoir 15 mL on 5 at 94.0 uL/sec
	Dispensing 200.0 uL into A8 of NEST 12 Well Reservoir 15 mL on 5 at 94.0 uL/sec
	Aspirating 200.0 uL from A8 of NEST 12 Well Reservoir 15 mL on 5 at 94.0 uL/sec
	Dispensing 200.0 uL into A8 of NEST 12 Well Reservoir 15 mL on 5 at 94.0 uL/sec
	Aspirating 200.0 uL from A8 of NEST 12 Well Reservoir 15 mL on 5 at 94.0 uL/sec
	Dispensing 200.0 uL into A8 of NEST 12 Well Reservoir 15 mL on 5 at 94.0 uL/sec
Dropping tip into A1 of Opentrons Fixed Trash on 12
Picking up tip from A3 of Opentrons OT-2 96 Filter Tip Rack 200 µL on 7
Aspirating 42.5 uL from A8 of NEST 12 Well Reservoir 15 mL on 5 at 94.0 uL/sec
Dispensing 42.5 uL into A1 of Bio-Rad 96 Well Plate 200 µL PCR on 2 at 94.0 uL/sec
Mixing 10 times with a volume of 50.0 ul
	Aspirating 50.0 uL from A1 of Bio-Rad 96 Well Plate 200 µL PCR on 2 at 94.0 uL/sec
	Dispensing 50.0 uL into A1 of Bio-Rad 96 Well Plate 200 µL PCR on 2 at 94.0 uL/sec
	Aspirating 50.0 uL from A1 of Bio-Rad 96 Well Plate 200 µL PCR on 2 at 94.0 uL/sec
	Dispensing 50.0 uL into A1 of Bio-Rad 96 Well Plate 200 µL PCR on 2 at 94.0 uL/sec
	Aspirating 50.0 uL from A1 of Bio-Rad 96 Well Plate 200 µL PCR on 2 at 94.0 uL/sec
	Dispensing 50.0 uL into A1 of Bio-Rad 96 Well Plate 200 µL PCR on 2 at 94.0 uL/sec
	Aspirating 50.0 uL from A1 of Bio-Rad 96 Well Plate 200 µL PCR on 2 at 94.0 uL/sec
	Dispensing 50.0 uL into A1 of Bio-Rad 96 Well Plate 200 µL PCR on 2 at 94.0 uL/sec
	Aspirating 50.0 uL from A1 of Bio-Rad 96 Well Plate 200 µL PCR on 2 at 94.0 uL/sec
	Dispensing 50.0 uL into A1 of Bio-Rad 96 Well Plate 200 µL PCR on 2 at 94.0 uL/sec
	Aspirating 50.0 uL from A1 of Bio-Rad 96 Well Plate 200 µL PCR on 2 at 94.0 uL/sec
	Dispensing 50.0 uL into A1 of Bio-Rad 96 Well Plate 200 µL PCR on 2 at 94.0 uL/sec
	Aspirating 50.0 uL from A1 of Bio-Rad 96 Well Plate 200 µL PCR on 2 at 94.0 uL/sec
	Dispensing 50.0 uL into A1 of Bio-Rad 96 Well Plate 200 µL PCR on 2 at 94.0 uL/sec
	Aspirating 50.0 uL from A1 of Bio-Rad 96 Well Plate 200 µL PCR on 2 at 94.0 uL/sec
	Dispensing 50.0 uL into A1 of Bio-Rad 96 Well Plate 200 µL PCR on 2 at 94.0 uL/sec
	Aspirating 50.0 uL from A1 of Bio-Rad 96 Well Plate 200 µL PCR on 2 at 94.0 uL/sec
	Dispensing 50.0 uL into A1 of Bio-Rad 96 Well Plate 200 µL PCR on 2 at 94.0 uL/sec
	Aspirating 50.0 uL from A1 of Bio-Rad 96 Well Plate 200 µL PCR on 2 at 94.0 uL/sec
	Dispensing 50.0 uL into A1 of Bio-Rad 96 Well Plate 200 µL PCR on 2 at 94.0 uL/sec
Blowing out at A1 of Bio-Rad 96 Well Plate 200 µL PCR on 2
Dropping tip into A1 of Opentrons Fixed Trash on 12
Delaying for 5 minutes and 0.0 seconds
Engaging Magnetic Module
Delaying for 5 minutes and 0.0 seconds
Picking up tip from A4 of Opentrons OT-2 96 Filter Tip Rack 200 µL on 7
Aspirating 62.5 uL from A1 of Bio-Rad 96 Well Plate 200 µL PCR on Magnetic Module GEN2 on 1 at 94.0 uL/sec
Dispensing 62.5 uL into A1 of Bio-Rad 96 Well Plate 200 µL PCR on 3 at 94.0 uL/sec
Mixing 10 times with a volume of 55.0 ul
	Aspirating 55.0 uL from A1 of Bio-Rad 96 Well Plate 200 µL PCR on 3 at 94.0 uL/sec
	Dispensing 55.0 uL into A1 of Bio-Rad 96 Well Plate 200 µL PCR on 3 at 94.0 uL/sec
	Aspirating 55.0 uL from A1 of Bio-Rad 96 Well Plate 200 µL PCR on 3 at 94.0 uL/sec
	Dispensing 55.0 uL into A1 of Bio-Rad 96 Well Plate 200 µL PCR on 3 at 94.0 uL/sec
	Aspirating 55.0 uL from A1 of Bio-Rad 96 Well Plate 200 µL PCR on 3 at 94.0 uL/sec
	Dispensing 55.0 uL into A1 of Bio-Rad 96 Well Plate 200 µL PCR on 3 at 94.0 uL/sec
	Aspirating 55.0 uL from A1 of Bio-Rad 96 Well Plate 200 µL PCR on 3 at 94.0 uL/sec
	Dispensing 55.0 uL into A1 of Bio-Rad 96 Well Plate 200 µL PCR on 3 at 94.0 uL/sec
	Aspirating 55.0 uL from A1 of Bio-Rad 96 Well Plate 200 µL PCR on 3 at 94.0 uL/sec
	Dispensing 55.0 uL into A1 of Bio-Rad 96 Well Plate 200 µL PCR on 3 at 94.0 uL/sec
	Aspirating 55.0 uL from A1 of Bio-Rad 96 Well Plate 200 µL PCR on 3 at 94.0 uL/sec
	Dispensing 55.0 uL into A1 of Bio-Rad 96 Well Plate 200 µL PCR on 3 at 94.0 uL/sec
	Aspirating 55.0 uL from A1 of Bio-Rad 96 Well Plate 200 µL PCR on 3 at 94.0 uL/sec
	Dispensing 55.0 uL into A1 of Bio-Rad 96 Well Plate 200 µL PCR on 3 at 94.0 uL/sec
	Aspirating 55.0 uL from A1 of Bio-Rad 96 Well Plate 200 µL PCR on 3 at 94.0 uL/sec
	Dispensing 55.0 uL into A1 of Bio-Rad 96 Well Plate 200 µL PCR on 3 at 94.0 uL/sec
	Aspirating 55.0 uL from A1 of Bio-Rad 96 Well Plate 200 µL PCR on 3 at 94.0 uL/sec
	Dispensing 55.0 uL into A1 of Bio-Rad 96 Well Plate 200 µL PCR on 3 at 94.0 uL/sec
	Aspirating 55.0 uL from A1 of Bio-Rad 96 Well Plate 200 µL PCR on 3 at 94.0 uL/sec
	Dispensing 55.0 uL into A1 of Bio-Rad 96 Well Plate 200 µL PCR on 3 at 94.0 uL/sec
Blowing out at A1 of Bio-Rad 96 Well Plate 200 µL PCR on 3
Dropping tip into A1 of Opentrons Fixed Trash on 12
Delaying for 5 minutes and 0.0 seconds
Disengaging Magnetic Module
Pausing robot operation: Remove Plate A on magnetic module and replace with newly
    populated Plate B. If needed, empty trash.
Engaging Magnetic Module
Delaying for 5 minutes and 0.0 seconds
Picking up tip from A5 of Opentrons OT-2 96 Filter Tip Rack 200 µL on 7
Aspirating 65.0 uL from A1 of Bio-Rad 96 Well Plate 200 µL PCR on Magnetic Module GEN2 on 1 at 94.0 uL/sec
Dispensing 65.0 uL into A12 of NEST 12 Well Reservoir 15 mL on 5 at 94.0 uL/sec
Blowing out at A12 of NEST 12 Well Reservoir 15 mL on 5
Dropping tip into A1 of Opentrons Fixed Trash on 12
Delaying for 5 minutes and 0.0 seconds
Picking up tip from A6 of Opentrons OT-2 96 Filter Tip Rack 200 µL on 7
Aspirating 200.0 uL from A5 of NEST 12 Well Reservoir 15 mL on 5 at 94.0 uL/sec
Dispensing 200.0 uL into A1 of Bio-Rad 96 Well Plate 200 µL PCR on Magnetic Module GEN2 on 1 at 94.0 uL/sec
Delaying for 0 minutes and 1.5 seconds
Blowing out at A1 of Bio-Rad 96 Well Plate 200 µL PCR on Magnetic Module GEN2 on 1
Dropping tip into A1 of Opentrons Fixed Trash on 12
Delaying for 0 minutes and 30.0 seconds
Picking up tip from A1 of Opentrons OT-2 96 Filter Tip Rack 200 µL on 11
Aspirating 200.0 uL from A1 of Bio-Rad 96 Well Plate 200 µL PCR on Magnetic Module GEN2 on 1 at 94.0 uL/sec
Dispensing 200.0 uL into A12 of NEST 12 Well Reservoir 15 mL on 5 at 94.0 uL/sec
Blowing out at A12 of NEST 12 Well Reservoir 15 mL on 5
Returning tip
	Dropping tip into A1 of Opentrons OT-2 96 Filter Tip Rack 200 µL on 11
Picking up tip from A7 of Opentrons OT-2 96 Filter Tip Rack 200 µL on 7
Aspirating 200.0 uL from A5 of NEST 12 Well Reservoir 15 mL on 5 at 94.0 uL/sec
Dispensing 200.0 uL into A1 of Bio-Rad 96 Well Plate 200 µL PCR on Magnetic Module GEN2 on 1 at 94.0 uL/sec
Delaying for 0 minutes and 1.5 seconds
Blowing out at A1 of Bio-Rad 96 Well Plate 200 µL PCR on Magnetic Module GEN2 on 1
Dropping tip into A1 of Opentrons Fixed Trash on 12
Delaying for 0 minutes and 30.0 seconds
Picking up tip from A1 of Opentrons OT-2 96 Filter Tip Rack 200 µL on 11
Aspirating 200.0 uL from A1 of Bio-Rad 96 Well Plate 200 µL PCR on Magnetic Module GEN2 on 1 at 94.0 uL/sec
Dispensing 200.0 uL into A12 of NEST 12 Well Reservoir 15 mL on 5 at 94.0 uL/sec
Blowing out at A12 of NEST 12 Well Reservoir 15 mL on 5
Dropping tip into A1 of Opentrons Fixed Trash on 12
Picking up tip from A1 of Opentrons OT-2 96 Filter Tip Rack 20 µL on 6
Aspirating 20.0 uL from A1 of Bio-Rad 96 Well Plate 200 µL PCR on Magnetic Module GEN2 on 1 at 7.6 uL/sec
Dispensing 20.0 uL into A12 of NEST 12 Well Reservoir 15 mL on 5 at 7.6 uL/sec
Blowing out at A12 of NEST 12 Well Reservoir 15 mL on 5
Dropping tip into A1 of Opentrons Fixed Trash on 12
Delaying for 5 minutes and 0.0 seconds
Pausing robot operation: Prepare plate for addition of RSB. Empty trash if needed
Picking up tip from A8 of Opentrons OT-2 96 Filter Tip Rack 200 µL on 7
Aspirating 32.0 uL from A4 of NEST 12 Well Reservoir 15 mL on 5 at 94.0 uL/sec
Dispensing 200.0 uL into A1 of Bio-Rad 96 Well Plate 200 µL PCR on Magnetic Module GEN2 on 1 at 94.0 uL/sec
Blowing out at A1 of Bio-Rad 96 Well Plate 200 µL PCR on Magnetic Module GEN2 on 1
Dropping tip into A1 of Opentrons Fixed Trash on 12
Picking up tip from A9 of Opentrons OT-2 96 Filter Tip Rack 200 µL on 7
Aspirating 25.0 uL from A1 of Bio-Rad 96 Well Plate 200 µL PCR on Magnetic Module GEN2 on 1 at 94.0 uL/sec
Dispensing 25.0 uL into A1 of Bio-Rad 96 Well Plate 200 µL PCR on Magnetic Module GEN2 on 1 at 94.0 uL/sec
Aspirating 25.0 uL from A1 of Bio-Rad 96 Well Plate 200 µL PCR on Magnetic Module GEN2 on 1 at 94.0 uL/sec
Dispensing 25.0 uL into A1 of Bio-Rad 96 Well Plate 200 µL PCR on Magnetic Module GEN2 on 1 at 94.0 uL/sec
Aspirating 25.0 uL from A1 of Bio-Rad 96 Well Plate 200 µL PCR on Magnetic Module GEN2 on 1 at 94.0 uL/sec
Dispensing 25.0 uL into A1 of Bio-Rad 96 Well Plate 200 µL PCR on Magnetic Module GEN2 on 1 at 94.0 uL/sec
Aspirating 25.0 uL from A1 of Bio-Rad 96 Well Plate 200 µL PCR on Magnetic Module GEN2 on 1 at 94.0 uL/sec
Dispensing 25.0 uL into A1 of Bio-Rad 96 Well Plate 200 µL PCR on Magnetic Module GEN2 on 1 at 94.0 uL/sec
Aspirating 25.0 uL from A1 of Bio-Rad 96 Well Plate 200 µL PCR on Magnetic Module GEN2 on 1 at 94.0 uL/sec
Dispensing 25.0 uL into A1 of Bio-Rad 96 Well Plate 200 µL PCR on Magnetic Module GEN2 on 1 at 94.0 uL/sec
Aspirating 25.0 uL from A1 of Bio-Rad 96 Well Plate 200 µL PCR on Magnetic Module GEN2 on 1 at 94.0 uL/sec
Dispensing 25.0 uL into A1 of Bio-Rad 96 Well Plate 200 µL PCR on Magnetic Module GEN2 on 1 at 94.0 uL/sec
Aspirating 25.0 uL from A1 of Bio-Rad 96 Well Plate 200 µL PCR on Magnetic Module GEN2 on 1 at 94.0 uL/sec
Dispensing 25.0 uL into A1 of Bio-Rad 96 Well Plate 200 µL PCR on Magnetic Module GEN2 on 1 at 94.0 uL/sec
Aspirating 25.0 uL from A1 of Bio-Rad 96 Well Plate 200 µL PCR on Magnetic Module GEN2 on 1 at 94.0 uL/sec
Dispensing 25.0 uL into A1 of Bio-Rad 96 Well Plate 200 µL PCR on Magnetic Module GEN2 on 1 at 94.0 uL/sec
Aspirating 25.0 uL from A1 of Bio-Rad 96 Well Plate 200 µL PCR on Magnetic Module GEN2 on 1 at 94.0 uL/sec
Dispensing 25.0 uL into A1 of Bio-Rad 96 Well Plate 200 µL PCR on Magnetic Module GEN2 on 1 at 94.0 uL/sec
Aspirating 25.0 uL from A1 of Bio-Rad 96 Well Plate 200 µL PCR on Magnetic Module GEN2 on 1 at 94.0 uL/sec
Dispensing 25.0 uL into A1 of Bio-Rad 96 Well Plate 200 µL PCR on Magnetic Module GEN2 on 1 at 94.0 uL/sec
Aspirating 25.0 uL from A1 of Bio-Rad 96 Well Plate 200 µL PCR on Magnetic Module GEN2 on 1 at 94.0 uL/sec
Dispensing 25.0 uL into A1 of Bio-Rad 96 Well Plate 200 µL PCR on Magnetic Module GEN2 on 1 at 94.0 uL/sec
Aspirating 25.0 uL from A1 of Bio-Rad 96 Well Plate 200 µL PCR on Magnetic Module GEN2 on 1 at 94.0 uL/sec
Dispensing 25.0 uL into A1 of Bio-Rad 96 Well Plate 200 µL PCR on Magnetic Module GEN2 on 1 at 94.0 uL/sec
Blowing out at A1 of Bio-Rad 96 Well Plate 200 µL PCR on Magnetic Module GEN2 on 1
Dropping tip into A1 of Opentrons Fixed Trash on 12
Delaying for 2 minutes and 0.0 seconds
Engaging Magnetic Module
Delaying for 3 minutes and 0.0 seconds
Picking up tip from A10 of Opentrons OT-2 96 Filter Tip Rack 200 µL on 7
Aspirating 30.0 uL from A1 of Bio-Rad 96 Well Plate 200 µL PCR on Magnetic Module GEN2 on 1 at 94.0 uL/sec
Dispensing 30.0 uL into A1 of Bio-Rad 96 Well Plate 200 µL PCR on 4 at 94.0 uL/sec
Blowing out at A1 of Bio-Rad 96 Well Plate 200 µL PCR on 4
Dropping tip into A1 of Opentrons Fixed Trash on 12
Caught exception: {'message': 'Task was destroyed but it is pending!', 'task': <Task pending name='Task-4' coro=<Poller._poll_forever() running at /Users/dp/Desktop/project/github/opentrons/venv/lib/python3.10/site-packages/opentrons/hardware_control/poller.py:80> wait_for=<Future pending cb=[Task.task_wakeup()]>>}
Caught exception: {'message': 'Task was destroyed but it is pending!', 'task': <Task pending name='Task-3' coro=<Poller._poll_forever() running at /Users/dp/Desktop/project/github/opentrons/venv/lib/python3.10/site-packages/opentrons/hardware_control/poller.py:80> wait_for=<Future pending cb=[Task.task_wakeup()]>>}
Caught exception: {'message': 'Task was destroyed but it is pending!', 'task': <Task pending name='Task-2' coro=<Poller._poll_forever() running at /Users/dp/Desktop/project/github/opentrons/venv/lib/python3.10/site-packages/opentrons/hardware_control/poller.py:80> wait_for=<Future pending cb=[Task.task_wakeup()]>>}
