/Users/dp/Desktop/project/github/opentrons/venv/lib/python3.10/site-packages/opentrons/hardware_control/simulator_setup.py:205: UserWarning: Simulator configuration does not name a machine, defaulting to OT-2 Standard
  warn(
/Users/dp/.opentrons/robot_settings.json not found. Loading defaults
Deck calibration not found.
/Users/dp/.opentrons/deck_calibration.json not found. Loading defaults
Disengaging Magnetic Module


--------Transferring Sample to Mag Plate----------

Logs from this command:
WARNING (legacy_module_core): The labware definition for thermo_96_wellplate_800ul does not define a default engagement height for use with the Magnetic Module; you must specify a height explicitly when calling engage().
Picking up tip from A1 of Opentrons OT-2 96 Filter Tip Rack 200 µL on 7
Aspirating 25.0 uL from A1 of NEST 96 Well Plate 100 µL PCR Full Skirt on 4 at 94.0 uL/sec
Dispensing 25.0 uL into A1 of Abgene™ 96 Well 0.8mL Thermo Scientific on Magnetic Module GEN2 on 1 at 94.0 uL/sec
Dropping tip into A1 of Opentrons Fixed Trash on 12
Picking up tip from A2 of Opentrons OT-2 96 Filter Tip Rack 200 µL on 7
Aspirating 25.0 uL from A2 of NEST 96 Well Plate 100 µL PCR Full Skirt on 4 at 94.0 uL/sec
Dispensing 25.0 uL into A2 of Abgene™ 96 Well 0.8mL Thermo Scientific on Magnetic Module GEN2 on 1 at 94.0 uL/sec
Dropping tip into A1 of Opentrons Fixed Trash on 12
Picking up tip from A3 of Opentrons OT-2 96 Filter Tip Rack 200 µL on 7
Aspirating 25.0 uL from A3 of NEST 96 Well Plate 100 µL PCR Full Skirt on 4 at 94.0 uL/sec
Dispensing 25.0 uL into A3 of Abgene™ 96 Well 0.8mL Thermo Scientific on Magnetic Module GEN2 on 1 at 94.0 uL/sec
Dropping tip into A1 of Opentrons Fixed Trash on 12


--------Transferring Beads to Mag Plate----------

Picking up tip from A4 of Opentrons OT-2 96 Filter Tip Rack 200 µL on 7
Mixing 15 times with a volume of 200.0 ul
	Aspirating 200.0 uL from A1 of Abgene™ 96 Well 0.8mL Thermo Scientific on 5 at 75.2 uL/sec
	Dispensing 200.0 uL into A1 of Abgene™ 96 Well 0.8mL Thermo Scientific on 5 at 75.2 uL/sec
	Aspirating 200.0 uL from A1 of Abgene™ 96 Well 0.8mL Thermo Scientific on 5 at 75.2 uL/sec
	Dispensing 200.0 uL into A1 of Abgene™ 96 Well 0.8mL Thermo Scientific on 5 at 75.2 uL/sec
	Aspirating 200.0 uL from A1 of Abgene™ 96 Well 0.8mL Thermo Scientific on 5 at 75.2 uL/sec
	Dispensing 200.0 uL into A1 of Abgene™ 96 Well 0.8mL Thermo Scientific on 5 at 75.2 uL/sec
	Aspirating 200.0 uL from A1 of Abgene™ 96 Well 0.8mL Thermo Scientific on 5 at 75.2 uL/sec
	Dispensing 200.0 uL into A1 of Abgene™ 96 Well 0.8mL Thermo Scientific on 5 at 75.2 uL/sec
	Aspirating 200.0 uL from A1 of Abgene™ 96 Well 0.8mL Thermo Scientific on 5 at 75.2 uL/sec
	Dispensing 200.0 uL into A1 of Abgene™ 96 Well 0.8mL Thermo Scientific on 5 at 75.2 uL/sec
	Aspirating 200.0 uL from A1 of Abgene™ 96 Well 0.8mL Thermo Scientific on 5 at 75.2 uL/sec
	Dispensing 200.0 uL into A1 of Abgene™ 96 Well 0.8mL Thermo Scientific on 5 at 75.2 uL/sec
	Aspirating 200.0 uL from A1 of Abgene™ 96 Well 0.8mL Thermo Scientific on 5 at 75.2 uL/sec
	Dispensing 200.0 uL into A1 of Abgene™ 96 Well 0.8mL Thermo Scientific on 5 at 75.2 uL/sec
	Aspirating 200.0 uL from A1 of Abgene™ 96 Well 0.8mL Thermo Scientific on 5 at 75.2 uL/sec
	Dispensing 200.0 uL into A1 of Abgene™ 96 Well 0.8mL Thermo Scientific on 5 at 75.2 uL/sec
	Aspirating 200.0 uL from A1 of Abgene™ 96 Well 0.8mL Thermo Scientific on 5 at 75.2 uL/sec
	Dispensing 200.0 uL into A1 of Abgene™ 96 Well 0.8mL Thermo Scientific on 5 at 75.2 uL/sec
	Aspirating 200.0 uL from A1 of Abgene™ 96 Well 0.8mL Thermo Scientific on 5 at 75.2 uL/sec
	Dispensing 200.0 uL into A1 of Abgene™ 96 Well 0.8mL Thermo Scientific on 5 at 75.2 uL/sec
	Aspirating 200.0 uL from A1 of Abgene™ 96 Well 0.8mL Thermo Scientific on 5 at 75.2 uL/sec
	Dispensing 200.0 uL into A1 of Abgene™ 96 Well 0.8mL Thermo Scientific on 5 at 75.2 uL/sec
	Aspirating 200.0 uL from A1 of Abgene™ 96 Well 0.8mL Thermo Scientific on 5 at 75.2 uL/sec
	Dispensing 200.0 uL into A1 of Abgene™ 96 Well 0.8mL Thermo Scientific on 5 at 75.2 uL/sec
	Aspirating 200.0 uL from A1 of Abgene™ 96 Well 0.8mL Thermo Scientific on 5 at 75.2 uL/sec
	Dispensing 200.0 uL into A1 of Abgene™ 96 Well 0.8mL Thermo Scientific on 5 at 75.2 uL/sec
	Aspirating 200.0 uL from A1 of Abgene™ 96 Well 0.8mL Thermo Scientific on 5 at 75.2 uL/sec
	Dispensing 200.0 uL into A1 of Abgene™ 96 Well 0.8mL Thermo Scientific on 5 at 75.2 uL/sec
	Aspirating 200.0 uL from A1 of Abgene™ 96 Well 0.8mL Thermo Scientific on 5 at 75.2 uL/sec
	Dispensing 200.0 uL into A1 of Abgene™ 96 Well 0.8mL Thermo Scientific on 5 at 75.2 uL/sec
Aspirating 20.0 uL from A1 of Abgene™ 96 Well 0.8mL Thermo Scientific on 5 at 70.5 uL/sec
Dispensing 20.0 uL into A1 of Abgene™ 96 Well 0.8mL Thermo Scientific on Magnetic Module GEN2 on 1 at 70.5 uL/sec
Mixing 10 times with a volume of 45.0 ul
	Aspirating 45.0 uL from A1 of Abgene™ 96 Well 0.8mL Thermo Scientific on Magnetic Module GEN2 on 1 at 94.0 uL/sec
	Dispensing 45.0 uL into A1 of Abgene™ 96 Well 0.8mL Thermo Scientific on Magnetic Module GEN2 on 1 at 94.0 uL/sec
	Aspirating 45.0 uL from A1 of Abgene™ 96 Well 0.8mL Thermo Scientific on Magnetic Module GEN2 on 1 at 94.0 uL/sec
	Dispensing 45.0 uL into A1 of Abgene™ 96 Well 0.8mL Thermo Scientific on Magnetic Module GEN2 on 1 at 94.0 uL/sec
	Aspirating 45.0 uL from A1 of Abgene™ 96 Well 0.8mL Thermo Scientific on Magnetic Module GEN2 on 1 at 94.0 uL/sec
	Dispensing 45.0 uL into A1 of Abgene™ 96 Well 0.8mL Thermo Scientific on Magnetic Module GEN2 on 1 at 94.0 uL/sec
	Aspirating 45.0 uL from A1 of Abgene™ 96 Well 0.8mL Thermo Scientific on Magnetic Module GEN2 on 1 at 94.0 uL/sec
	Dispensing 45.0 uL into A1 of Abgene™ 96 Well 0.8mL Thermo Scientific on Magnetic Module GEN2 on 1 at 94.0 uL/sec
	Aspirating 45.0 uL from A1 of Abgene™ 96 Well 0.8mL Thermo Scientific on Magnetic Module GEN2 on 1 at 94.0 uL/sec
	Dispensing 45.0 uL into A1 of Abgene™ 96 Well 0.8mL Thermo Scientific on Magnetic Module GEN2 on 1 at 94.0 uL/sec
	Aspirating 45.0 uL from A1 of Abgene™ 96 Well 0.8mL Thermo Scientific on Magnetic Module GEN2 on 1 at 94.0 uL/sec
	Dispensing 45.0 uL into A1 of Abgene™ 96 Well 0.8mL Thermo Scientific on Magnetic Module GEN2 on 1 at 94.0 uL/sec
	Aspirating 45.0 uL from A1 of Abgene™ 96 Well 0.8mL Thermo Scientific on Magnetic Module GEN2 on 1 at 94.0 uL/sec
	Dispensing 45.0 uL into A1 of Abgene™ 96 Well 0.8mL Thermo Scientific on Magnetic Module GEN2 on 1 at 94.0 uL/sec
	Aspirating 45.0 uL from A1 of Abgene™ 96 Well 0.8mL Thermo Scientific on Magnetic Module GEN2 on 1 at 94.0 uL/sec
	Dispensing 45.0 uL into A1 of Abgene™ 96 Well 0.8mL Thermo Scientific on Magnetic Module GEN2 on 1 at 94.0 uL/sec
	Aspirating 45.0 uL from A1 of Abgene™ 96 Well 0.8mL Thermo Scientific on Magnetic Module GEN2 on 1 at 94.0 uL/sec
	Dispensing 45.0 uL into A1 of Abgene™ 96 Well 0.8mL Thermo Scientific on Magnetic Module GEN2 on 1 at 94.0 uL/sec
	Aspirating 45.0 uL from A1 of Abgene™ 96 Well 0.8mL Thermo Scientific on Magnetic Module GEN2 on 1 at 94.0 uL/sec
	Dispensing 45.0 uL into A1 of Abgene™ 96 Well 0.8mL Thermo Scientific on Magnetic Module GEN2 on 1 at 94.0 uL/sec
Blowing out at A1 of Abgene™ 96 Well 0.8mL Thermo Scientific on Magnetic Module GEN2 on 1
Dropping tip into A1 of Opentrons Fixed Trash on 12


Picking up tip from A5 of Opentrons OT-2 96 Filter Tip Rack 200 µL on 7
Mixing 3 times with a volume of 200.0 ul
	Aspirating 200.0 uL from A1 of Abgene™ 96 Well 0.8mL Thermo Scientific on 5 at 75.2 uL/sec
	Dispensing 200.0 uL into A1 of Abgene™ 96 Well 0.8mL Thermo Scientific on 5 at 75.2 uL/sec
	Aspirating 200.0 uL from A1 of Abgene™ 96 Well 0.8mL Thermo Scientific on 5 at 75.2 uL/sec
	Dispensing 200.0 uL into A1 of Abgene™ 96 Well 0.8mL Thermo Scientific on 5 at 75.2 uL/sec
	Aspirating 200.0 uL from A1 of Abgene™ 96 Well 0.8mL Thermo Scientific on 5 at 75.2 uL/sec
	Dispensing 200.0 uL into A1 of Abgene™ 96 Well 0.8mL Thermo Scientific on 5 at 75.2 uL/sec
Aspirating 20.0 uL from A1 of Abgene™ 96 Well 0.8mL Thermo Scientific on 5 at 70.5 uL/sec
Dispensing 20.0 uL into A2 of Abgene™ 96 Well 0.8mL Thermo Scientific on Magnetic Module GEN2 on 1 at 70.5 uL/sec
Mixing 10 times with a volume of 45.0 ul
	Aspirating 45.0 uL from A2 of Abgene™ 96 Well 0.8mL Thermo Scientific on Magnetic Module GEN2 on 1 at 94.0 uL/sec
	Dispensing 45.0 uL into A2 of Abgene™ 96 Well 0.8mL Thermo Scientific on Magnetic Module GEN2 on 1 at 94.0 uL/sec
	Aspirating 45.0 uL from A2 of Abgene™ 96 Well 0.8mL Thermo Scientific on Magnetic Module GEN2 on 1 at 94.0 uL/sec
	Dispensing 45.0 uL into A2 of Abgene™ 96 Well 0.8mL Thermo Scientific on Magnetic Module GEN2 on 1 at 94.0 uL/sec
	Aspirating 45.0 uL from A2 of Abgene™ 96 Well 0.8mL Thermo Scientific on Magnetic Module GEN2 on 1 at 94.0 uL/sec
	Dispensing 45.0 uL into A2 of Abgene™ 96 Well 0.8mL Thermo Scientific on Magnetic Module GEN2 on 1 at 94.0 uL/sec
	Aspirating 45.0 uL from A2 of Abgene™ 96 Well 0.8mL Thermo Scientific on Magnetic Module GEN2 on 1 at 94.0 uL/sec
	Dispensing 45.0 uL into A2 of Abgene™ 96 Well 0.8mL Thermo Scientific on Magnetic Module GEN2 on 1 at 94.0 uL/sec
	Aspirating 45.0 uL from A2 of Abgene™ 96 Well 0.8mL Thermo Scientific on Magnetic Module GEN2 on 1 at 94.0 uL/sec
	Dispensing 45.0 uL into A2 of Abgene™ 96 Well 0.8mL Thermo Scientific on Magnetic Module GEN2 on 1 at 94.0 uL/sec
	Aspirating 45.0 uL from A2 of Abgene™ 96 Well 0.8mL Thermo Scientific on Magnetic Module GEN2 on 1 at 94.0 uL/sec
	Dispensing 45.0 uL into A2 of Abgene™ 96 Well 0.8mL Thermo Scientific on Magnetic Module GEN2 on 1 at 94.0 uL/sec
	Aspirating 45.0 uL from A2 of Abgene™ 96 Well 0.8mL Thermo Scientific on Magnetic Module GEN2 on 1 at 94.0 uL/sec
	Dispensing 45.0 uL into A2 of Abgene™ 96 Well 0.8mL Thermo Scientific on Magnetic Module GEN2 on 1 at 94.0 uL/sec
	Aspirating 45.0 uL from A2 of Abgene™ 96 Well 0.8mL Thermo Scientific on Magnetic Module GEN2 on 1 at 94.0 uL/sec
	Dispensing 45.0 uL into A2 of Abgene™ 96 Well 0.8mL Thermo Scientific on Magnetic Module GEN2 on 1 at 94.0 uL/sec
	Aspirating 45.0 uL from A2 of Abgene™ 96 Well 0.8mL Thermo Scientific on Magnetic Module GEN2 on 1 at 94.0 uL/sec
	Dispensing 45.0 uL into A2 of Abgene™ 96 Well 0.8mL Thermo Scientific on Magnetic Module GEN2 on 1 at 94.0 uL/sec
	Aspirating 45.0 uL from A2 of Abgene™ 96 Well 0.8mL Thermo Scientific on Magnetic Module GEN2 on 1 at 94.0 uL/sec
	Dispensing 45.0 uL into A2 of Abgene™ 96 Well 0.8mL Thermo Scientific on Magnetic Module GEN2 on 1 at 94.0 uL/sec
Blowing out at A2 of Abgene™ 96 Well 0.8mL Thermo Scientific on Magnetic Module GEN2 on 1
Dropping tip into A1 of Opentrons Fixed Trash on 12


Picking up tip from A6 of Opentrons OT-2 96 Filter Tip Rack 200 µL on 7
Mixing 3 times with a volume of 200.0 ul
	Aspirating 200.0 uL from A1 of Abgene™ 96 Well 0.8mL Thermo Scientific on 5 at 75.2 uL/sec
	Dispensing 200.0 uL into A1 of Abgene™ 96 Well 0.8mL Thermo Scientific on 5 at 75.2 uL/sec
	Aspirating 200.0 uL from A1 of Abgene™ 96 Well 0.8mL Thermo Scientific on 5 at 75.2 uL/sec
	Dispensing 200.0 uL into A1 of Abgene™ 96 Well 0.8mL Thermo Scientific on 5 at 75.2 uL/sec
	Aspirating 200.0 uL from A1 of Abgene™ 96 Well 0.8mL Thermo Scientific on 5 at 75.2 uL/sec
	Dispensing 200.0 uL into A1 of Abgene™ 96 Well 0.8mL Thermo Scientific on 5 at 75.2 uL/sec
Aspirating 20.0 uL from A1 of Abgene™ 96 Well 0.8mL Thermo Scientific on 5 at 70.5 uL/sec
Dispensing 20.0 uL into A3 of Abgene™ 96 Well 0.8mL Thermo Scientific on Magnetic Module GEN2 on 1 at 70.5 uL/sec
Mixing 10 times with a volume of 45.0 ul
	Aspirating 45.0 uL from A3 of Abgene™ 96 Well 0.8mL Thermo Scientific on Magnetic Module GEN2 on 1 at 94.0 uL/sec
	Dispensing 45.0 uL into A3 of Abgene™ 96 Well 0.8mL Thermo Scientific on Magnetic Module GEN2 on 1 at 94.0 uL/sec
	Aspirating 45.0 uL from A3 of Abgene™ 96 Well 0.8mL Thermo Scientific on Magnetic Module GEN2 on 1 at 94.0 uL/sec
	Dispensing 45.0 uL into A3 of Abgene™ 96 Well 0.8mL Thermo Scientific on Magnetic Module GEN2 on 1 at 94.0 uL/sec
	Aspirating 45.0 uL from A3 of Abgene™ 96 Well 0.8mL Thermo Scientific on Magnetic Module GEN2 on 1 at 94.0 uL/sec
	Dispensing 45.0 uL into A3 of Abgene™ 96 Well 0.8mL Thermo Scientific on Magnetic Module GEN2 on 1 at 94.0 uL/sec
	Aspirating 45.0 uL from A3 of Abgene™ 96 Well 0.8mL Thermo Scientific on Magnetic Module GEN2 on 1 at 94.0 uL/sec
	Dispensing 45.0 uL into A3 of Abgene™ 96 Well 0.8mL Thermo Scientific on Magnetic Module GEN2 on 1 at 94.0 uL/sec
	Aspirating 45.0 uL from A3 of Abgene™ 96 Well 0.8mL Thermo Scientific on Magnetic Module GEN2 on 1 at 94.0 uL/sec
	Dispensing 45.0 uL into A3 of Abgene™ 96 Well 0.8mL Thermo Scientific on Magnetic Module GEN2 on 1 at 94.0 uL/sec
	Aspirating 45.0 uL from A3 of Abgene™ 96 Well 0.8mL Thermo Scientific on Magnetic Module GEN2 on 1 at 94.0 uL/sec
	Dispensing 45.0 uL into A3 of Abgene™ 96 Well 0.8mL Thermo Scientific on Magnetic Module GEN2 on 1 at 94.0 uL/sec
	Aspirating 45.0 uL from A3 of Abgene™ 96 Well 0.8mL Thermo Scientific on Magnetic Module GEN2 on 1 at 94.0 uL/sec
	Dispensing 45.0 uL into A3 of Abgene™ 96 Well 0.8mL Thermo Scientific on Magnetic Module GEN2 on 1 at 94.0 uL/sec
	Aspirating 45.0 uL from A3 of Abgene™ 96 Well 0.8mL Thermo Scientific on Magnetic Module GEN2 on 1 at 94.0 uL/sec
	Dispensing 45.0 uL into A3 of Abgene™ 96 Well 0.8mL Thermo Scientific on Magnetic Module GEN2 on 1 at 94.0 uL/sec
	Aspirating 45.0 uL from A3 of Abgene™ 96 Well 0.8mL Thermo Scientific on Magnetic Module GEN2 on 1 at 94.0 uL/sec
	Dispensing 45.0 uL into A3 of Abgene™ 96 Well 0.8mL Thermo Scientific on Magnetic Module GEN2 on 1 at 94.0 uL/sec
	Aspirating 45.0 uL from A3 of Abgene™ 96 Well 0.8mL Thermo Scientific on Magnetic Module GEN2 on 1 at 94.0 uL/sec
	Dispensing 45.0 uL into A3 of Abgene™ 96 Well 0.8mL Thermo Scientific on Magnetic Module GEN2 on 1 at 94.0 uL/sec
Blowing out at A3 of Abgene™ 96 Well 0.8mL Thermo Scientific on Magnetic Module GEN2 on 1
Dropping tip into A1 of Opentrons Fixed Trash on 12


Delaying for 5 minutes and 0.0 seconds
Engaging Magnetic Module


-------------REMOVE SUPER-------------

Picking up tip from A7 of Opentrons OT-2 96 Filter Tip Rack 200 µL on 7
Aspirating 50.0 uL from A1 of Abgene™ 96 Well 0.8mL Thermo Scientific on Magnetic Module GEN2 on 1 at 14.1 uL/sec
Aspirating 10.0 uL from A1 of Abgene™ 96 Well 0.8mL Thermo Scientific on Magnetic Module GEN2 on 1 at 4.7 uL/sec
Dispensing 50.0 uL into A9 of NEST 12 Well Reservoir 15 mL on 2 at 94.0 uL/sec
Dropping tip into A1 of Opentrons Fixed Trash on 12
Picking up tip from A8 of Opentrons OT-2 96 Filter Tip Rack 200 µL on 7
Aspirating 50.0 uL from A2 of Abgene™ 96 Well 0.8mL Thermo Scientific on Magnetic Module GEN2 on 1 at 14.1 uL/sec
Aspirating 10.0 uL from A2 of Abgene™ 96 Well 0.8mL Thermo Scientific on Magnetic Module GEN2 on 1 at 4.7 uL/sec
Dispensing 50.0 uL into A9 of NEST 12 Well Reservoir 15 mL on 2 at 94.0 uL/sec
Dropping tip into A1 of Opentrons Fixed Trash on 12
Picking up tip from A9 of Opentrons OT-2 96 Filter Tip Rack 200 µL on 7
Aspirating 50.0 uL from A3 of Abgene™ 96 Well 0.8mL Thermo Scientific on Magnetic Module GEN2 on 1 at 14.1 uL/sec
Aspirating 10.0 uL from A3 of Abgene™ 96 Well 0.8mL Thermo Scientific on Magnetic Module GEN2 on 1 at 4.7 uL/sec
Dispensing 50.0 uL into A9 of NEST 12 Well Reservoir 15 mL on 2 at 94.0 uL/sec
Dropping tip into A1 of Opentrons Fixed Trash on 12


-------------TWO WASHES-------------

Picking up tip from A10 of Opentrons OT-2 96 Filter Tip Rack 200 µL on 7
Aspirating 200.0 uL from A1 of NEST 12 Well Reservoir 15 mL on 2 at 94.0 uL/sec
Dispensing 200.0 uL into A1 of Abgene™ 96 Well 0.8mL Thermo Scientific on Magnetic Module GEN2 on 1 at 94.0 uL/sec
Aspirating 200.0 uL from A1 of NEST 12 Well Reservoir 15 mL on 2 at 94.0 uL/sec
Dispensing 200.0 uL into A2 of Abgene™ 96 Well 0.8mL Thermo Scientific on Magnetic Module GEN2 on 1 at 94.0 uL/sec
Aspirating 200.0 uL from A1 of NEST 12 Well Reservoir 15 mL on 2 at 94.0 uL/sec
Dispensing 200.0 uL into A3 of Abgene™ 96 Well 0.8mL Thermo Scientific on Magnetic Module GEN2 on 1 at 94.0 uL/sec
Dropping tip into A1 of Opentrons Fixed Trash on 12
Picking up tip from A11 of Opentrons OT-2 96 Filter Tip Rack 200 µL on 7
Dropping tip into A1 of Opentrons Fixed Trash on 12
Engaging Magnetic Module
Delaying for 1 minutes and 0.0 seconds


-------------REMOVE SUPER-------------

Picking up tip from A12 of Opentrons OT-2 96 Filter Tip Rack 200 µL on 7
Aspirating 200.0 uL from A1 of Abgene™ 96 Well 0.8mL Thermo Scientific on Magnetic Module GEN2 on 1 at 14.1 uL/sec
Dispensing 200.0 uL into A9 of NEST 12 Well Reservoir 15 mL on 2 at 94.0 uL/sec
Aspirating 20.0 uL from A1 of Abgene™ 96 Well 0.8mL Thermo Scientific on Magnetic Module GEN2 on 1 at 4.7 uL/sec
Dispensing 20.0 uL into A9 of NEST 12 Well Reservoir 15 mL on 2 at 94.0 uL/sec
Dropping tip into A1 of Opentrons Fixed Trash on 12
Picking up tip from A1 of Opentrons OT-2 96 Filter Tip Rack 200 µL on 8
Aspirating 200.0 uL from A2 of Abgene™ 96 Well 0.8mL Thermo Scientific on Magnetic Module GEN2 on 1 at 14.1 uL/sec
Dispensing 200.0 uL into A10 of NEST 12 Well Reservoir 15 mL on 2 at 94.0 uL/sec
Aspirating 20.0 uL from A2 of Abgene™ 96 Well 0.8mL Thermo Scientific on Magnetic Module GEN2 on 1 at 4.7 uL/sec
Dispensing 20.0 uL into A10 of NEST 12 Well Reservoir 15 mL on 2 at 94.0 uL/sec
Dropping tip into A1 of Opentrons Fixed Trash on 12
Picking up tip from A2 of Opentrons OT-2 96 Filter Tip Rack 200 µL on 8
Aspirating 200.0 uL from A3 of Abgene™ 96 Well 0.8mL Thermo Scientific on Magnetic Module GEN2 on 1 at 14.1 uL/sec
Dispensing 200.0 uL into A11 of NEST 12 Well Reservoir 15 mL on 2 at 94.0 uL/sec
Aspirating 20.0 uL from A3 of Abgene™ 96 Well 0.8mL Thermo Scientific on Magnetic Module GEN2 on 1 at 4.7 uL/sec
Dispensing 20.0 uL into A11 of NEST 12 Well Reservoir 15 mL on 2 at 94.0 uL/sec
Dropping tip into A1 of Opentrons Fixed Trash on 12
Picking up tip from A3 of Opentrons OT-2 96 Filter Tip Rack 200 µL on 8
Aspirating 200.0 uL from A1 of NEST 12 Well Reservoir 15 mL on 2 at 94.0 uL/sec
Dispensing 200.0 uL into A1 of Abgene™ 96 Well 0.8mL Thermo Scientific on Magnetic Module GEN2 on 1 at 94.0 uL/sec
Aspirating 200.0 uL from A1 of NEST 12 Well Reservoir 15 mL on 2 at 94.0 uL/sec
Dispensing 200.0 uL into A2 of Abgene™ 96 Well 0.8mL Thermo Scientific on Magnetic Module GEN2 on 1 at 94.0 uL/sec
Aspirating 200.0 uL from A1 of NEST 12 Well Reservoir 15 mL on 2 at 94.0 uL/sec
Dispensing 200.0 uL into A3 of Abgene™ 96 Well 0.8mL Thermo Scientific on Magnetic Module GEN2 on 1 at 94.0 uL/sec
Dropping tip into A1 of Opentrons Fixed Trash on 12
Picking up tip from A4 of Opentrons OT-2 96 Filter Tip Rack 200 µL on 8
Dropping tip into A1 of Opentrons Fixed Trash on 12
Engaging Magnetic Module
Delaying for 1 minutes and 0.0 seconds


-------------REMOVE SUPER-------------

Picking up tip from A5 of Opentrons OT-2 96 Filter Tip Rack 200 µL on 8
Aspirating 200.0 uL from A1 of Abgene™ 96 Well 0.8mL Thermo Scientific on Magnetic Module GEN2 on 1 at 14.1 uL/sec
Dispensing 200.0 uL into A9 of NEST 12 Well Reservoir 15 mL on 2 at 94.0 uL/sec
Aspirating 20.0 uL from A1 of Abgene™ 96 Well 0.8mL Thermo Scientific on Magnetic Module GEN2 on 1 at 4.7 uL/sec
Dispensing 20.0 uL into A9 of NEST 12 Well Reservoir 15 mL on 2 at 94.0 uL/sec
Dropping tip into A1 of Opentrons Fixed Trash on 12
Picking up tip from A6 of Opentrons OT-2 96 Filter Tip Rack 200 µL on 8
Aspirating 200.0 uL from A2 of Abgene™ 96 Well 0.8mL Thermo Scientific on Magnetic Module GEN2 on 1 at 14.1 uL/sec
Dispensing 200.0 uL into A10 of NEST 12 Well Reservoir 15 mL on 2 at 94.0 uL/sec
Aspirating 20.0 uL from A2 of Abgene™ 96 Well 0.8mL Thermo Scientific on Magnetic Module GEN2 on 1 at 4.7 uL/sec
Dispensing 20.0 uL into A10 of NEST 12 Well Reservoir 15 mL on 2 at 94.0 uL/sec
Dropping tip into A1 of Opentrons Fixed Trash on 12
Picking up tip from A7 of Opentrons OT-2 96 Filter Tip Rack 200 µL on 8
Aspirating 200.0 uL from A3 of Abgene™ 96 Well 0.8mL Thermo Scientific on Magnetic Module GEN2 on 1 at 14.1 uL/sec
Dispensing 200.0 uL into A11 of NEST 12 Well Reservoir 15 mL on 2 at 94.0 uL/sec
Aspirating 20.0 uL from A3 of Abgene™ 96 Well 0.8mL Thermo Scientific on Magnetic Module GEN2 on 1 at 4.7 uL/sec
Dispensing 20.0 uL into A11 of NEST 12 Well Reservoir 15 mL on 2 at 94.0 uL/sec
Dropping tip into A1 of Opentrons Fixed Trash on 12
Delaying for 10 minutes and 0.0 seconds
Disengaging Magnetic Module


--------Transferring Tris to Mag Plate----------

Picking up tip from A8 of Opentrons OT-2 96 Filter Tip Rack 200 µL on 8
Aspirating 52.5 uL from A2 of Abgene™ 96 Well 0.8mL Thermo Scientific on 5 at 94.0 uL/sec
Dispensing 52.5 uL into A1 of Abgene™ 96 Well 0.8mL Thermo Scientific on Magnetic Module GEN2 on 1 at 94.0 uL/sec
Mixing 10 times with a volume of 52.5 ul
	Aspirating 52.5 uL from A1 of Abgene™ 96 Well 0.8mL Thermo Scientific on Magnetic Module GEN2 on 1 at 94.0 uL/sec
	Dispensing 52.5 uL into A1 of Abgene™ 96 Well 0.8mL Thermo Scientific on Magnetic Module GEN2 on 1 at 94.0 uL/sec
	Aspirating 52.5 uL from A1 of Abgene™ 96 Well 0.8mL Thermo Scientific on Magnetic Module GEN2 on 1 at 94.0 uL/sec
	Dispensing 52.5 uL into A1 of Abgene™ 96 Well 0.8mL Thermo Scientific on Magnetic Module GEN2 on 1 at 94.0 uL/sec
	Aspirating 52.5 uL from A1 of Abgene™ 96 Well 0.8mL Thermo Scientific on Magnetic Module GEN2 on 1 at 94.0 uL/sec
	Dispensing 52.5 uL into A1 of Abgene™ 96 Well 0.8mL Thermo Scientific on Magnetic Module GEN2 on 1 at 94.0 uL/sec
	Aspirating 52.5 uL from A1 of Abgene™ 96 Well 0.8mL Thermo Scientific on Magnetic Module GEN2 on 1 at 94.0 uL/sec
	Dispensing 52.5 uL into A1 of Abgene™ 96 Well 0.8mL Thermo Scientific on Magnetic Module GEN2 on 1 at 94.0 uL/sec
	Aspirating 52.5 uL from A1 of Abgene™ 96 Well 0.8mL Thermo Scientific on Magnetic Module GEN2 on 1 at 94.0 uL/sec
	Dispensing 52.5 uL into A1 of Abgene™ 96 Well 0.8mL Thermo Scientific on Magnetic Module GEN2 on 1 at 94.0 uL/sec
	Aspirating 52.5 uL from A1 of Abgene™ 96 Well 0.8mL Thermo Scientific on Magnetic Module GEN2 on 1 at 94.0 uL/sec
	Dispensing 52.5 uL into A1 of Abgene™ 96 Well 0.8mL Thermo Scientific on Magnetic Module GEN2 on 1 at 94.0 uL/sec
	Aspirating 52.5 uL from A1 of Abgene™ 96 Well 0.8mL Thermo Scientific on Magnetic Module GEN2 on 1 at 94.0 uL/sec
	Dispensing 52.5 uL into A1 of Abgene™ 96 Well 0.8mL Thermo Scientific on Magnetic Module GEN2 on 1 at 94.0 uL/sec
	Aspirating 52.5 uL from A1 of Abgene™ 96 Well 0.8mL Thermo Scientific on Magnetic Module GEN2 on 1 at 94.0 uL/sec
	Dispensing 52.5 uL into A1 of Abgene™ 96 Well 0.8mL Thermo Scientific on Magnetic Module GEN2 on 1 at 94.0 uL/sec
	Aspirating 52.5 uL from A1 of Abgene™ 96 Well 0.8mL Thermo Scientific on Magnetic Module GEN2 on 1 at 94.0 uL/sec
	Dispensing 52.5 uL into A1 of Abgene™ 96 Well 0.8mL Thermo Scientific on Magnetic Module GEN2 on 1 at 94.0 uL/sec
	Aspirating 52.5 uL from A1 of Abgene™ 96 Well 0.8mL Thermo Scientific on Magnetic Module GEN2 on 1 at 94.0 uL/sec
	Dispensing 52.5 uL into A1 of Abgene™ 96 Well 0.8mL Thermo Scientific on Magnetic Module GEN2 on 1 at 94.0 uL/sec
Blowing out at A1 of Abgene™ 96 Well 0.8mL Thermo Scientific on Magnetic Module GEN2 on 1
Dropping tip into A1 of Opentrons Fixed Trash on 12


Picking up tip from A9 of Opentrons OT-2 96 Filter Tip Rack 200 µL on 8
Aspirating 52.5 uL from A2 of Abgene™ 96 Well 0.8mL Thermo Scientific on 5 at 94.0 uL/sec
Dispensing 52.5 uL into A2 of Abgene™ 96 Well 0.8mL Thermo Scientific on Magnetic Module GEN2 on 1 at 94.0 uL/sec
Mixing 10 times with a volume of 52.5 ul
	Aspirating 52.5 uL from A2 of Abgene™ 96 Well 0.8mL Thermo Scientific on Magnetic Module GEN2 on 1 at 94.0 uL/sec
	Dispensing 52.5 uL into A2 of Abgene™ 96 Well 0.8mL Thermo Scientific on Magnetic Module GEN2 on 1 at 94.0 uL/sec
	Aspirating 52.5 uL from A2 of Abgene™ 96 Well 0.8mL Thermo Scientific on Magnetic Module GEN2 on 1 at 94.0 uL/sec
	Dispensing 52.5 uL into A2 of Abgene™ 96 Well 0.8mL Thermo Scientific on Magnetic Module GEN2 on 1 at 94.0 uL/sec
	Aspirating 52.5 uL from A2 of Abgene™ 96 Well 0.8mL Thermo Scientific on Magnetic Module GEN2 on 1 at 94.0 uL/sec
	Dispensing 52.5 uL into A2 of Abgene™ 96 Well 0.8mL Thermo Scientific on Magnetic Module GEN2 on 1 at 94.0 uL/sec
	Aspirating 52.5 uL from A2 of Abgene™ 96 Well 0.8mL Thermo Scientific on Magnetic Module GEN2 on 1 at 94.0 uL/sec
	Dispensing 52.5 uL into A2 of Abgene™ 96 Well 0.8mL Thermo Scientific on Magnetic Module GEN2 on 1 at 94.0 uL/sec
	Aspirating 52.5 uL from A2 of Abgene™ 96 Well 0.8mL Thermo Scientific on Magnetic Module GEN2 on 1 at 94.0 uL/sec
	Dispensing 52.5 uL into A2 of Abgene™ 96 Well 0.8mL Thermo Scientific on Magnetic Module GEN2 on 1 at 94.0 uL/sec
	Aspirating 52.5 uL from A2 of Abgene™ 96 Well 0.8mL Thermo Scientific on Magnetic Module GEN2 on 1 at 94.0 uL/sec
	Dispensing 52.5 uL into A2 of Abgene™ 96 Well 0.8mL Thermo Scientific on Magnetic Module GEN2 on 1 at 94.0 uL/sec
	Aspirating 52.5 uL from A2 of Abgene™ 96 Well 0.8mL Thermo Scientific on Magnetic Module GEN2 on 1 at 94.0 uL/sec
	Dispensing 52.5 uL into A2 of Abgene™ 96 Well 0.8mL Thermo Scientific on Magnetic Module GEN2 on 1 at 94.0 uL/sec
	Aspirating 52.5 uL from A2 of Abgene™ 96 Well 0.8mL Thermo Scientific on Magnetic Module GEN2 on 1 at 94.0 uL/sec
	Dispensing 52.5 uL into A2 of Abgene™ 96 Well 0.8mL Thermo Scientific on Magnetic Module GEN2 on 1 at 94.0 uL/sec
	Aspirating 52.5 uL from A2 of Abgene™ 96 Well 0.8mL Thermo Scientific on Magnetic Module GEN2 on 1 at 94.0 uL/sec
	Dispensing 52.5 uL into A2 of Abgene™ 96 Well 0.8mL Thermo Scientific on Magnetic Module GEN2 on 1 at 94.0 uL/sec
	Aspirating 52.5 uL from A2 of Abgene™ 96 Well 0.8mL Thermo Scientific on Magnetic Module GEN2 on 1 at 94.0 uL/sec
	Dispensing 52.5 uL into A2 of Abgene™ 96 Well 0.8mL Thermo Scientific on Magnetic Module GEN2 on 1 at 94.0 uL/sec
Blowing out at A2 of Abgene™ 96 Well 0.8mL Thermo Scientific on Magnetic Module GEN2 on 1
Dropping tip into A1 of Opentrons Fixed Trash on 12


Picking up tip from A10 of Opentrons OT-2 96 Filter Tip Rack 200 µL on 8
Aspirating 52.5 uL from A2 of Abgene™ 96 Well 0.8mL Thermo Scientific on 5 at 94.0 uL/sec
Dispensing 52.5 uL into A3 of Abgene™ 96 Well 0.8mL Thermo Scientific on Magnetic Module GEN2 on 1 at 94.0 uL/sec
Mixing 10 times with a volume of 52.5 ul
	Aspirating 52.5 uL from A3 of Abgene™ 96 Well 0.8mL Thermo Scientific on Magnetic Module GEN2 on 1 at 94.0 uL/sec
	Dispensing 52.5 uL into A3 of Abgene™ 96 Well 0.8mL Thermo Scientific on Magnetic Module GEN2 on 1 at 94.0 uL/sec
	Aspirating 52.5 uL from A3 of Abgene™ 96 Well 0.8mL Thermo Scientific on Magnetic Module GEN2 on 1 at 94.0 uL/sec
	Dispensing 52.5 uL into A3 of Abgene™ 96 Well 0.8mL Thermo Scientific on Magnetic Module GEN2 on 1 at 94.0 uL/sec
	Aspirating 52.5 uL from A3 of Abgene™ 96 Well 0.8mL Thermo Scientific on Magnetic Module GEN2 on 1 at 94.0 uL/sec
	Dispensing 52.5 uL into A3 of Abgene™ 96 Well 0.8mL Thermo Scientific on Magnetic Module GEN2 on 1 at 94.0 uL/sec
	Aspirating 52.5 uL from A3 of Abgene™ 96 Well 0.8mL Thermo Scientific on Magnetic Module GEN2 on 1 at 94.0 uL/sec
	Dispensing 52.5 uL into A3 of Abgene™ 96 Well 0.8mL Thermo Scientific on Magnetic Module GEN2 on 1 at 94.0 uL/sec
	Aspirating 52.5 uL from A3 of Abgene™ 96 Well 0.8mL Thermo Scientific on Magnetic Module GEN2 on 1 at 94.0 uL/sec
	Dispensing 52.5 uL into A3 of Abgene™ 96 Well 0.8mL Thermo Scientific on Magnetic Module GEN2 on 1 at 94.0 uL/sec
	Aspirating 52.5 uL from A3 of Abgene™ 96 Well 0.8mL Thermo Scientific on Magnetic Module GEN2 on 1 at 94.0 uL/sec
	Dispensing 52.5 uL into A3 of Abgene™ 96 Well 0.8mL Thermo Scientific on Magnetic Module GEN2 on 1 at 94.0 uL/sec
	Aspirating 52.5 uL from A3 of Abgene™ 96 Well 0.8mL Thermo Scientific on Magnetic Module GEN2 on 1 at 94.0 uL/sec
	Dispensing 52.5 uL into A3 of Abgene™ 96 Well 0.8mL Thermo Scientific on Magnetic Module GEN2 on 1 at 94.0 uL/sec
	Aspirating 52.5 uL from A3 of Abgene™ 96 Well 0.8mL Thermo Scientific on Magnetic Module GEN2 on 1 at 94.0 uL/sec
	Dispensing 52.5 uL into A3 of Abgene™ 96 Well 0.8mL Thermo Scientific on Magnetic Module GEN2 on 1 at 94.0 uL/sec
	Aspirating 52.5 uL from A3 of Abgene™ 96 Well 0.8mL Thermo Scientific on Magnetic Module GEN2 on 1 at 94.0 uL/sec
	Dispensing 52.5 uL into A3 of Abgene™ 96 Well 0.8mL Thermo Scientific on Magnetic Module GEN2 on 1 at 94.0 uL/sec
	Aspirating 52.5 uL from A3 of Abgene™ 96 Well 0.8mL Thermo Scientific on Magnetic Module GEN2 on 1 at 94.0 uL/sec
	Dispensing 52.5 uL into A3 of Abgene™ 96 Well 0.8mL Thermo Scientific on Magnetic Module GEN2 on 1 at 94.0 uL/sec
Blowing out at A3 of Abgene™ 96 Well 0.8mL Thermo Scientific on Magnetic Module GEN2 on 1
Dropping tip into A1 of Opentrons Fixed Trash on 12


Delaying for 2 minutes and 0.0 seconds
Engaging Magnetic Module
Delaying for 2 minutes and 0.0 seconds


--------Transferring Sample to Mag Plate----------

Picking up tip from A11 of Opentrons OT-2 96 Filter Tip Rack 200 µL on 8
Aspirating 50.0 uL from A1 of Abgene™ 96 Well 0.8mL Thermo Scientific on Magnetic Module GEN2 on 1 at 94.0 uL/sec
Dispensing 50.0 uL into A1 of NEST 96 Well Plate 100 µL PCR Full Skirt on 3 at 94.0 uL/sec
Dropping tip into A1 of Opentrons Fixed Trash on 12
Picking up tip from A12 of Opentrons OT-2 96 Filter Tip Rack 200 µL on 8
Aspirating 50.0 uL from A2 of Abgene™ 96 Well 0.8mL Thermo Scientific on Magnetic Module GEN2 on 1 at 94.0 uL/sec
Dispensing 50.0 uL into A2 of NEST 96 Well Plate 100 µL PCR Full Skirt on 3 at 94.0 uL/sec
Dropping tip into A1 of Opentrons Fixed Trash on 12
Picking up tip from A1 of Opentrons OT-2 96 Filter Tip Rack 200 µL on 9
Aspirating 50.0 uL from A3 of Abgene™ 96 Well 0.8mL Thermo Scientific on Magnetic Module GEN2 on 1 at 94.0 uL/sec
Dispensing 50.0 uL into A3 of NEST 96 Well Plate 100 µL PCR Full Skirt on 3 at 94.0 uL/sec
Dropping tip into A1 of Opentrons Fixed Trash on 12
Caught exception: {'message': 'Task was destroyed but it is pending!', 'task': <Task pending name='Task-4' coro=<Poller._poll_forever() running at /Users/dp/Desktop/project/github/opentrons/venv/lib/python3.10/site-packages/opentrons/hardware_control/poller.py:80> wait_for=<Future pending cb=[Task.task_wakeup()]>>}
Caught exception: {'message': 'Task was destroyed but it is pending!', 'task': <Task pending name='Task-3' coro=<Poller._poll_forever() running at /Users/dp/Desktop/project/github/opentrons/venv/lib/python3.10/site-packages/opentrons/hardware_control/poller.py:80> wait_for=<Future pending cb=[Task.task_wakeup()]>>}
Caught exception: {'message': 'Task was destroyed but it is pending!', 'task': <Task pending name='Task-2' coro=<Poller._poll_forever() running at /Users/dp/Desktop/project/github/opentrons/venv/lib/python3.10/site-packages/opentrons/hardware_control/poller.py:80> wait_for=<Future pending cb=[Task.task_wakeup()]>>}
