/Users/dp/Desktop/project/github/opentrons/venv/lib/python3.10/site-packages/opentrons/hardware_control/simulator_setup.py:205: UserWarning: Simulator configuration does not name a machine, defaulting to OT-2 Standard
  warn(
/Users/dp/.opentrons/robot_settings.json not found. Loading defaults
Deck calibration not found.
/Users/dp/.opentrons/deck_calibration.json not found. Loading defaults
Picking up tip from A1 of Opentrons OT-2 96 Tip Rack 1000 µL on 6
Aspirating 200.0 uL from C1 of opentrons 15mL tube rack on 1 at 274.7 uL/sec
Touching tip
Dispensing 200.0 uL into A1 of Sample plate on 3 at 274.7 uL/sec
Blowing out at A1 of Sample plate on 3
Dropping tip into A1 of Opentrons Fixed Trash on 12
Picking up tip from B1 of Opentrons OT-2 96 Tip Rack 1000 µL on 6
Aspirating 200.0 uL from B1 of opentrons 15mL tube rack on 1 at 274.7 uL/sec
Touching tip
Dispensing 200.0 uL into A2 of Sample plate on 3 at 274.7 uL/sec
Blowing out at A2 of Sample plate on 3
Dropping tip into A1 of Opentrons Fixed Trash on 12
Picking up tip from C1 of Opentrons OT-2 96 Tip Rack 1000 µL on 6
Aspirating 200.0 uL from A1 of opentrons 15mL tube rack on 1 at 274.7 uL/sec
Touching tip
Dispensing 200.0 uL into A3 of Sample plate on 3 at 274.7 uL/sec
Blowing out at A3 of Sample plate on 3
Dropping tip into A1 of Opentrons Fixed Trash on 12
Picking up tip from D1 of Opentrons OT-2 96 Tip Rack 1000 µL on 6
Aspirating 200.0 uL from C1 of opentrons 15mL tube rack on 4 at 274.7 uL/sec
Touching tip
Dispensing 200.0 uL into A4 of Sample plate on 3 at 274.7 uL/sec
Blowing out at A4 of Sample plate on 3
Dropping tip into A1 of Opentrons Fixed Trash on 12
Picking up tip from E1 of Opentrons OT-2 96 Tip Rack 1000 µL on 6
Aspirating 200.0 uL from B1 of opentrons 15mL tube rack on 4 at 274.7 uL/sec
Touching tip
Dispensing 200.0 uL into A5 of Sample plate on 3 at 274.7 uL/sec
Blowing out at A5 of Sample plate on 3
Dropping tip into A1 of Opentrons Fixed Trash on 12
Picking up tip from F1 of Opentrons OT-2 96 Tip Rack 1000 µL on 6
Aspirating 200.0 uL from A1 of opentrons 15mL tube rack on 4 at 274.7 uL/sec
Touching tip
Dispensing 200.0 uL into A6 of Sample plate on 3 at 274.7 uL/sec
Blowing out at A6 of Sample plate on 3
Dropping tip into A1 of Opentrons Fixed Trash on 12
Picking up tip from G1 of Opentrons OT-2 96 Tip Rack 1000 µL on 6
Aspirating 200.0 uL from C1 of opentrons 15mL tube rack on 7 at 274.7 uL/sec
Touching tip
Dispensing 200.0 uL into A7 of Sample plate on 3 at 274.7 uL/sec
Blowing out at A7 of Sample plate on 3
Dropping tip into A1 of Opentrons Fixed Trash on 12
Picking up tip from H1 of Opentrons OT-2 96 Tip Rack 1000 µL on 6
Aspirating 200.0 uL from B1 of opentrons 15mL tube rack on 7 at 274.7 uL/sec
Touching tip
Dispensing 200.0 uL into A8 of Sample plate on 3 at 274.7 uL/sec
Blowing out at A8 of Sample plate on 3
Dropping tip into A1 of Opentrons Fixed Trash on 12
Picking up tip from A2 of Opentrons OT-2 96 Tip Rack 1000 µL on 6
Aspirating 200.0 uL from A1 of opentrons 15mL tube rack on 7 at 274.7 uL/sec
Touching tip
Dispensing 200.0 uL into A9 of Sample plate on 3 at 274.7 uL/sec
Blowing out at A9 of Sample plate on 3
Dropping tip into A1 of Opentrons Fixed Trash on 12
Picking up tip from B2 of Opentrons OT-2 96 Tip Rack 1000 µL on 6
Aspirating 200.0 uL from C1 of opentrons 15mL tube rack on 10 at 274.7 uL/sec
Touching tip
Dispensing 200.0 uL into A10 of Sample plate on 3 at 274.7 uL/sec
Blowing out at A10 of Sample plate on 3
Dropping tip into A1 of Opentrons Fixed Trash on 12
Picking up tip from C2 of Opentrons OT-2 96 Tip Rack 1000 µL on 6
Aspirating 200.0 uL from B1 of opentrons 15mL tube rack on 10 at 274.7 uL/sec
Touching tip
Dispensing 200.0 uL into A11 of Sample plate on 3 at 274.7 uL/sec
Blowing out at A11 of Sample plate on 3
Dropping tip into A1 of Opentrons Fixed Trash on 12
Picking up tip from D2 of Opentrons OT-2 96 Tip Rack 1000 µL on 6
Aspirating 200.0 uL from A1 of opentrons 15mL tube rack on 10 at 274.7 uL/sec
Touching tip
Dispensing 200.0 uL into A12 of Sample plate on 3 at 274.7 uL/sec
Blowing out at A12 of Sample plate on 3
Dropping tip into A1 of Opentrons Fixed Trash on 12
Picking up tip from E2 of Opentrons OT-2 96 Tip Rack 1000 µL on 6
Aspirating 200.0 uL from C2 of opentrons 15mL tube rack on 1 at 274.7 uL/sec
Touching tip
Dispensing 200.0 uL into B1 of Sample plate on 3 at 274.7 uL/sec
Blowing out at B1 of Sample plate on 3
Dropping tip into A1 of Opentrons Fixed Trash on 12
Picking up tip from F2 of Opentrons OT-2 96 Tip Rack 1000 µL on 6
Aspirating 200.0 uL from B2 of opentrons 15mL tube rack on 1 at 274.7 uL/sec
Touching tip
Dispensing 200.0 uL into B2 of Sample plate on 3 at 274.7 uL/sec
Blowing out at B2 of Sample plate on 3
Dropping tip into A1 of Opentrons Fixed Trash on 12
Picking up tip from G2 of Opentrons OT-2 96 Tip Rack 1000 µL on 6
Aspirating 200.0 uL from A2 of opentrons 15mL tube rack on 1 at 274.7 uL/sec
Touching tip
Dispensing 200.0 uL into B3 of Sample plate on 3 at 274.7 uL/sec
Blowing out at B3 of Sample plate on 3
Dropping tip into A1 of Opentrons Fixed Trash on 12
Picking up tip from H2 of Opentrons OT-2 96 Tip Rack 1000 µL on 6
Aspirating 200.0 uL from C2 of opentrons 15mL tube rack on 4 at 274.7 uL/sec
Touching tip
Dispensing 200.0 uL into B4 of Sample plate on 3 at 274.7 uL/sec
Blowing out at B4 of Sample plate on 3
Dropping tip into A1 of Opentrons Fixed Trash on 12
Picking up tip from A3 of Opentrons OT-2 96 Tip Rack 1000 µL on 6
Aspirating 200.0 uL from B2 of opentrons 15mL tube rack on 4 at 274.7 uL/sec
Touching tip
Dispensing 200.0 uL into B5 of Sample plate on 3 at 274.7 uL/sec
Blowing out at B5 of Sample plate on 3
Dropping tip into A1 of Opentrons Fixed Trash on 12
Picking up tip from B3 of Opentrons OT-2 96 Tip Rack 1000 µL on 6
Aspirating 200.0 uL from A2 of opentrons 15mL tube rack on 4 at 274.7 uL/sec
Touching tip
Dispensing 200.0 uL into B6 of Sample plate on 3 at 274.7 uL/sec
Blowing out at B6 of Sample plate on 3
Dropping tip into A1 of Opentrons Fixed Trash on 12
Picking up tip from C3 of Opentrons OT-2 96 Tip Rack 1000 µL on 6
Aspirating 200.0 uL from C2 of opentrons 15mL tube rack on 7 at 274.7 uL/sec
Touching tip
Dispensing 200.0 uL into B7 of Sample plate on 3 at 274.7 uL/sec
Blowing out at B7 of Sample plate on 3
Dropping tip into A1 of Opentrons Fixed Trash on 12
Picking up tip from D3 of Opentrons OT-2 96 Tip Rack 1000 µL on 6
Aspirating 200.0 uL from B2 of opentrons 15mL tube rack on 7 at 274.7 uL/sec
Touching tip
Dispensing 200.0 uL into B8 of Sample plate on 3 at 274.7 uL/sec
Blowing out at B8 of Sample plate on 3
Dropping tip into A1 of Opentrons Fixed Trash on 12
Picking up tip from E3 of Opentrons OT-2 96 Tip Rack 1000 µL on 6
Aspirating 200.0 uL from A2 of opentrons 15mL tube rack on 7 at 274.7 uL/sec
Touching tip
Dispensing 200.0 uL into B9 of Sample plate on 3 at 274.7 uL/sec
Blowing out at B9 of Sample plate on 3
Dropping tip into A1 of Opentrons Fixed Trash on 12
Picking up tip from F3 of Opentrons OT-2 96 Tip Rack 1000 µL on 6
Aspirating 200.0 uL from C2 of opentrons 15mL tube rack on 10 at 274.7 uL/sec
Touching tip
Dispensing 200.0 uL into B10 of Sample plate on 3 at 274.7 uL/sec
Blowing out at B10 of Sample plate on 3
Dropping tip into A1 of Opentrons Fixed Trash on 12
Picking up tip from G3 of Opentrons OT-2 96 Tip Rack 1000 µL on 6
Aspirating 200.0 uL from B2 of opentrons 15mL tube rack on 10 at 274.7 uL/sec
Touching tip
Dispensing 200.0 uL into B11 of Sample plate on 3 at 274.7 uL/sec
Blowing out at B11 of Sample plate on 3
Dropping tip into A1 of Opentrons Fixed Trash on 12
Picking up tip from H3 of Opentrons OT-2 96 Tip Rack 1000 µL on 6
Aspirating 200.0 uL from A2 of opentrons 15mL tube rack on 10 at 274.7 uL/sec
Touching tip
Dispensing 200.0 uL into B12 of Sample plate on 3 at 274.7 uL/sec
Blowing out at B12 of Sample plate on 3
Dropping tip into A1 of Opentrons Fixed Trash on 12
Caught exception: {'message': 'Task was destroyed but it is pending!', 'task': <Task pending name='Task-4' coro=<Poller._poll_forever() running at /Users/dp/Desktop/project/github/opentrons/venv/lib/python3.10/site-packages/opentrons/hardware_control/poller.py:80> wait_for=<Future pending cb=[Task.task_wakeup()]>>}
Caught exception: {'message': 'Task was destroyed but it is pending!', 'task': <Task pending name='Task-3' coro=<Poller._poll_forever() running at /Users/dp/Desktop/project/github/opentrons/venv/lib/python3.10/site-packages/opentrons/hardware_control/poller.py:80> wait_for=<Future pending cb=[Task.task_wakeup()]>>}
Caught exception: {'message': 'Task was destroyed but it is pending!', 'task': <Task pending name='Task-2' coro=<Poller._poll_forever() running at /Users/dp/Desktop/project/github/opentrons/venv/lib/python3.10/site-packages/opentrons/hardware_control/poller.py:80> wait_for=<Future pending cb=[Task.task_wakeup()]>>}
