/Users/dp/Desktop/project/github/opentrons/venv/lib/python3.10/site-packages/opentrons/hardware_control/simulator_setup.py:205: UserWarning: Simulator configuration does not name a machine, defaulting to OT-2 Standard
  warn(
/Users/dp/.opentrons/robot_settings.json not found. Loading defaults
Deck calibration not found.
/Users/dp/.opentrons/deck_calibration.json not found. Loading defaults
Setting Temperature Module temperature to 4.0 °C (rounded off to nearest integer)

---------------ADDING RPB----------------


Logs from this command:
WARNING (legacy_module_core): The labware definition for froggabio_96_wellplate_300ul does not define a default engagement height for use with the Magnetic Module; you must specify a height explicitly when calling engage().
Picking up tip from A1 of Opentrons OT-2 96 Filter Tip Rack 200 µL on 7
Aspirating 50.0 uL from A1 of Froggabio 96 Well Plate 300 µL on 1 at 94.0 uL/sec
Dispensing 50.0 uL into A1 of Froggabio 96 Well Plate 300 µL on Temperature Module GEN1 on 3 at 94.0 uL/sec
Mixing 6 times with a volume of 75.0 ul
	Aspirating 75.0 uL from A1 of Froggabio 96 Well Plate 300 µL on Temperature Module GEN1 on 3 at 94.0 uL/sec
	Dispensing 75.0 uL into A1 of Froggabio 96 Well Plate 300 µL on Temperature Module GEN1 on 3 at 94.0 uL/sec
	Aspirating 75.0 uL from A1 of Froggabio 96 Well Plate 300 µL on Temperature Module GEN1 on 3 at 94.0 uL/sec
	Dispensing 75.0 uL into A1 of Froggabio 96 Well Plate 300 µL on Temperature Module GEN1 on 3 at 94.0 uL/sec
	Aspirating 75.0 uL from A1 of Froggabio 96 Well Plate 300 µL on Temperature Module GEN1 on 3 at 94.0 uL/sec
	Dispensing 75.0 uL into A1 of Froggabio 96 Well Plate 300 µL on Temperature Module GEN1 on 3 at 94.0 uL/sec
	Aspirating 75.0 uL from A1 of Froggabio 96 Well Plate 300 µL on Temperature Module GEN1 on 3 at 94.0 uL/sec
	Dispensing 75.0 uL into A1 of Froggabio 96 Well Plate 300 µL on Temperature Module GEN1 on 3 at 94.0 uL/sec
	Aspirating 75.0 uL from A1 of Froggabio 96 Well Plate 300 µL on Temperature Module GEN1 on 3 at 94.0 uL/sec
	Dispensing 75.0 uL into A1 of Froggabio 96 Well Plate 300 µL on Temperature Module GEN1 on 3 at 94.0 uL/sec
	Aspirating 75.0 uL from A1 of Froggabio 96 Well Plate 300 µL on Temperature Module GEN1 on 3 at 94.0 uL/sec
	Dispensing 75.0 uL into A1 of Froggabio 96 Well Plate 300 µL on Temperature Module GEN1 on 3 at 94.0 uL/sec
Dropping tip into A1 of Opentrons Fixed Trash on 12
Pausing robot operation: 
    Seal plate with Microseal 'B' adhesive seal.
    Incubate as follows.
    [LS] Place on the thermal cycler and run the mRNA Denaturation program.
    Each well contains 100 μl.
    Incubate for 5 minutes on bench.
    [LS] Centrifuge at 280 × g for 1 minute. Remove adhesive seal.
    Place plate back on magnetic module on OT-2.
    and select "Resume" on the Opentrons app.
    The protocol will incubate for 5 minutes then proceed in the protocol
    to engage magnet. Plate should NOT be on the temperature module any longer.
    
Setting Temperature Module temperature to 25.0 °C (rounded off to nearest integer)
Engaging Magnetic Module
Delaying for 5 minutes and 0.0 seconds

-------------REMOVING SUPERNATANT--------------


Picking up tip from A2 of Opentrons OT-2 96 Filter Tip Rack 200 µL on 7
Moving to A1 of Froggabio 96 Well Plate 300 µL on Magnetic Module GEN2 on 10
Aspirating 100.0 uL from A1 of Froggabio 96 Well Plate 300 µL on Magnetic Module GEN2 on 10 at 9.4 uL/sec
Delaying for 0 minutes and 1.0 seconds
Moving to A1 of Froggabio 96 Well Plate 300 µL on Magnetic Module GEN2 on 10
Dispensing 100.0 uL into A12 of NEST 12 Well Reservoir 15 mL on 2 at 94.0 uL/sec
Blowing out at A12 of NEST 12 Well Reservoir 15 mL on 2
Air gap
	Aspirating 50.0 uL from A12 of NEST 12 Well Reservoir 15 mL on 2 at 94.0 uL/sec
Dropping tip into A1 of Opentrons Fixed Trash on 12
Disengaging Magnetic Module

---------------ADDING BWB----------------


Picking up tip from A3 of Opentrons OT-2 96 Filter Tip Rack 200 µL on 7
Aspirating 200.0 uL from A2 of Froggabio 96 Well Plate 300 µL on 1 at 94.0 uL/sec
Dispensing 200.0 uL into A1 of Froggabio 96 Well Plate 300 µL on Magnetic Module GEN2 on 10 at 94.0 uL/sec
Mixing 6 times with a volume of 75.0 ul
	Aspirating 75.0 uL from A1 of Froggabio 96 Well Plate 300 µL on Magnetic Module GEN2 on 10 at 94.0 uL/sec
	Dispensing 75.0 uL into A1 of Froggabio 96 Well Plate 300 µL on Magnetic Module GEN2 on 10 at 94.0 uL/sec
	Aspirating 75.0 uL from A1 of Froggabio 96 Well Plate 300 µL on Magnetic Module GEN2 on 10 at 94.0 uL/sec
	Dispensing 75.0 uL into A1 of Froggabio 96 Well Plate 300 µL on Magnetic Module GEN2 on 10 at 94.0 uL/sec
	Aspirating 75.0 uL from A1 of Froggabio 96 Well Plate 300 µL on Magnetic Module GEN2 on 10 at 94.0 uL/sec
	Dispensing 75.0 uL into A1 of Froggabio 96 Well Plate 300 µL on Magnetic Module GEN2 on 10 at 94.0 uL/sec
	Aspirating 75.0 uL from A1 of Froggabio 96 Well Plate 300 µL on Magnetic Module GEN2 on 10 at 94.0 uL/sec
	Dispensing 75.0 uL into A1 of Froggabio 96 Well Plate 300 µL on Magnetic Module GEN2 on 10 at 94.0 uL/sec
	Aspirating 75.0 uL from A1 of Froggabio 96 Well Plate 300 µL on Magnetic Module GEN2 on 10 at 94.0 uL/sec
	Dispensing 75.0 uL into A1 of Froggabio 96 Well Plate 300 µL on Magnetic Module GEN2 on 10 at 94.0 uL/sec
	Aspirating 75.0 uL from A1 of Froggabio 96 Well Plate 300 µL on Magnetic Module GEN2 on 10 at 94.0 uL/sec
	Dispensing 75.0 uL into A1 of Froggabio 96 Well Plate 300 µL on Magnetic Module GEN2 on 10 at 94.0 uL/sec
Dropping tip into A1 of Opentrons Fixed Trash on 12
Engaging Magnetic Module
Delaying for 5 minutes and 0.0 seconds

-------------REMOVING SUPERNATANT--------------


Picking up tip from A4 of Opentrons OT-2 96 Filter Tip Rack 200 µL on 7
Moving to A1 of Froggabio 96 Well Plate 300 µL on Magnetic Module GEN2 on 10
Aspirating 200.0 uL from A1 of Froggabio 96 Well Plate 300 µL on Magnetic Module GEN2 on 10 at 9.4 uL/sec
Delaying for 0 minutes and 1.0 seconds
Moving to A1 of Froggabio 96 Well Plate 300 µL on Magnetic Module GEN2 on 10
Dispensing 200.0 uL into A12 of NEST 12 Well Reservoir 15 mL on 2 at 94.0 uL/sec
Blowing out at A12 of NEST 12 Well Reservoir 15 mL on 2
Air gap
	Aspirating 50.0 uL from A12 of NEST 12 Well Reservoir 15 mL on 2 at 94.0 uL/sec
Dropping tip into A1 of Opentrons Fixed Trash on 12
Disengaging Magnetic Module

---------------ADDING ELB----------------


Picking up tip from A5 of Opentrons OT-2 96 Filter Tip Rack 200 µL on 7
Aspirating 50.0 uL from A8 of Froggabio 96 Well Plate 300 µL on 1 at 94.0 uL/sec
Dispensing 50.0 uL into A1 of Froggabio 96 Well Plate 300 µL on Magnetic Module GEN2 on 10 at 94.0 uL/sec
Mixing 6 times with a volume of 75.0 ul
	Aspirating 75.0 uL from A1 of Froggabio 96 Well Plate 300 µL on Magnetic Module GEN2 on 10 at 94.0 uL/sec
	Dispensing 75.0 uL into A1 of Froggabio 96 Well Plate 300 µL on Magnetic Module GEN2 on 10 at 94.0 uL/sec
	Aspirating 75.0 uL from A1 of Froggabio 96 Well Plate 300 µL on Magnetic Module GEN2 on 10 at 94.0 uL/sec
	Dispensing 75.0 uL into A1 of Froggabio 96 Well Plate 300 µL on Magnetic Module GEN2 on 10 at 94.0 uL/sec
	Aspirating 75.0 uL from A1 of Froggabio 96 Well Plate 300 µL on Magnetic Module GEN2 on 10 at 94.0 uL/sec
	Dispensing 75.0 uL into A1 of Froggabio 96 Well Plate 300 µL on Magnetic Module GEN2 on 10 at 94.0 uL/sec
	Aspirating 75.0 uL from A1 of Froggabio 96 Well Plate 300 µL on Magnetic Module GEN2 on 10 at 94.0 uL/sec
	Dispensing 75.0 uL into A1 of Froggabio 96 Well Plate 300 µL on Magnetic Module GEN2 on 10 at 94.0 uL/sec
	Aspirating 75.0 uL from A1 of Froggabio 96 Well Plate 300 µL on Magnetic Module GEN2 on 10 at 94.0 uL/sec
	Dispensing 75.0 uL into A1 of Froggabio 96 Well Plate 300 µL on Magnetic Module GEN2 on 10 at 94.0 uL/sec
	Aspirating 75.0 uL from A1 of Froggabio 96 Well Plate 300 µL on Magnetic Module GEN2 on 10 at 94.0 uL/sec
	Dispensing 75.0 uL into A1 of Froggabio 96 Well Plate 300 µL on Magnetic Module GEN2 on 10 at 94.0 uL/sec
Dropping tip into A1 of Opentrons Fixed Trash on 12
Pausing robot operation: 
    Seal plate with Microseal 'B' adhesive seal.
    [LS] Centrifuge at 280 × g for 1 minute.
    Incubate as follows.
    [LS] Place on the thermal cycler and run the mRNA Elution 1 program.
    Each well contains 50 μl.
    Remove adhesive seal.
    Place plate back on magnetic module for BBB addition.
    

---------------ADDING BBB----------------


Picking up tip from A6 of Opentrons OT-2 96 Filter Tip Rack 200 µL on 7
Aspirating 50.0 uL from A9 of Froggabio 96 Well Plate 300 µL on 1 at 94.0 uL/sec
Dispensing 50.0 uL into A1 of Froggabio 96 Well Plate 300 µL on Magnetic Module GEN2 on 10 at 94.0 uL/sec
Mixing 6 times with a volume of 75.0 ul
	Aspirating 75.0 uL from A1 of Froggabio 96 Well Plate 300 µL on Magnetic Module GEN2 on 10 at 94.0 uL/sec
	Dispensing 75.0 uL into A1 of Froggabio 96 Well Plate 300 µL on Magnetic Module GEN2 on 10 at 94.0 uL/sec
	Aspirating 75.0 uL from A1 of Froggabio 96 Well Plate 300 µL on Magnetic Module GEN2 on 10 at 94.0 uL/sec
	Dispensing 75.0 uL into A1 of Froggabio 96 Well Plate 300 µL on Magnetic Module GEN2 on 10 at 94.0 uL/sec
	Aspirating 75.0 uL from A1 of Froggabio 96 Well Plate 300 µL on Magnetic Module GEN2 on 10 at 94.0 uL/sec
	Dispensing 75.0 uL into A1 of Froggabio 96 Well Plate 300 µL on Magnetic Module GEN2 on 10 at 94.0 uL/sec
	Aspirating 75.0 uL from A1 of Froggabio 96 Well Plate 300 µL on Magnetic Module GEN2 on 10 at 94.0 uL/sec
	Dispensing 75.0 uL into A1 of Froggabio 96 Well Plate 300 µL on Magnetic Module GEN2 on 10 at 94.0 uL/sec
	Aspirating 75.0 uL from A1 of Froggabio 96 Well Plate 300 µL on Magnetic Module GEN2 on 10 at 94.0 uL/sec
	Dispensing 75.0 uL into A1 of Froggabio 96 Well Plate 300 µL on Magnetic Module GEN2 on 10 at 94.0 uL/sec
	Aspirating 75.0 uL from A1 of Froggabio 96 Well Plate 300 µL on Magnetic Module GEN2 on 10 at 94.0 uL/sec
	Dispensing 75.0 uL into A1 of Froggabio 96 Well Plate 300 µL on Magnetic Module GEN2 on 10 at 94.0 uL/sec
Dropping tip into A1 of Opentrons Fixed Trash on 12
Pausing robot operation: 
    Seal the RBP plate with a Microseal 'B' adhesive seal before running
    the mRNA denaturation program.
    Centrifuge briefly then remove the adhesive seal.
    Place plate back on magnetic module.
    Protocol will incubate for 5 minutes then engage
Engaging Magnetic Module
Delaying for 5 minutes and 0.0 seconds

-------------REMOVING SUPERNATANT--------------


Picking up tip from A7 of Opentrons OT-2 96 Filter Tip Rack 200 µL on 7
Moving to A1 of Froggabio 96 Well Plate 300 µL on Magnetic Module GEN2 on 10
Aspirating 100.0 uL from A1 of Froggabio 96 Well Plate 300 µL on Magnetic Module GEN2 on 10 at 9.4 uL/sec
Delaying for 0 minutes and 1.0 seconds
Moving to A1 of Froggabio 96 Well Plate 300 µL on Magnetic Module GEN2 on 10
Dispensing 100.0 uL into A12 of NEST 12 Well Reservoir 15 mL on 2 at 94.0 uL/sec
Blowing out at A12 of NEST 12 Well Reservoir 15 mL on 2
Air gap
	Aspirating 50.0 uL from A12 of NEST 12 Well Reservoir 15 mL on 2 at 94.0 uL/sec
Dropping tip into A1 of Opentrons Fixed Trash on 12
Disengaging Magnetic Module

---------------ADDING BWB----------------


Picking up tip from A8 of Opentrons OT-2 96 Filter Tip Rack 200 µL on 7
Aspirating 200.0 uL from A3 of Froggabio 96 Well Plate 300 µL on 1 at 94.0 uL/sec
Dispensing 200.0 uL into A1 of Froggabio 96 Well Plate 300 µL on Magnetic Module GEN2 on 10 at 94.0 uL/sec
Mixing 6 times with a volume of 75.0 ul
	Aspirating 75.0 uL from A1 of Froggabio 96 Well Plate 300 µL on Magnetic Module GEN2 on 10 at 94.0 uL/sec
	Dispensing 75.0 uL into A1 of Froggabio 96 Well Plate 300 µL on Magnetic Module GEN2 on 10 at 94.0 uL/sec
	Aspirating 75.0 uL from A1 of Froggabio 96 Well Plate 300 µL on Magnetic Module GEN2 on 10 at 94.0 uL/sec
	Dispensing 75.0 uL into A1 of Froggabio 96 Well Plate 300 µL on Magnetic Module GEN2 on 10 at 94.0 uL/sec
	Aspirating 75.0 uL from A1 of Froggabio 96 Well Plate 300 µL on Magnetic Module GEN2 on 10 at 94.0 uL/sec
	Dispensing 75.0 uL into A1 of Froggabio 96 Well Plate 300 µL on Magnetic Module GEN2 on 10 at 94.0 uL/sec
	Aspirating 75.0 uL from A1 of Froggabio 96 Well Plate 300 µL on Magnetic Module GEN2 on 10 at 94.0 uL/sec
	Dispensing 75.0 uL into A1 of Froggabio 96 Well Plate 300 µL on Magnetic Module GEN2 on 10 at 94.0 uL/sec
	Aspirating 75.0 uL from A1 of Froggabio 96 Well Plate 300 µL on Magnetic Module GEN2 on 10 at 94.0 uL/sec
	Dispensing 75.0 uL into A1 of Froggabio 96 Well Plate 300 µL on Magnetic Module GEN2 on 10 at 94.0 uL/sec
	Aspirating 75.0 uL from A1 of Froggabio 96 Well Plate 300 µL on Magnetic Module GEN2 on 10 at 94.0 uL/sec
	Dispensing 75.0 uL into A1 of Froggabio 96 Well Plate 300 µL on Magnetic Module GEN2 on 10 at 94.0 uL/sec
Dropping tip into A1 of Opentrons Fixed Trash on 12
Engaging Magnetic Module
Delaying for 5 minutes and 0.0 seconds

-------------REMOVING SUPERNATANT--------------


Picking up tip from A9 of Opentrons OT-2 96 Filter Tip Rack 200 µL on 7
Moving to A1 of Froggabio 96 Well Plate 300 µL on Magnetic Module GEN2 on 10
Aspirating 200.0 uL from A1 of Froggabio 96 Well Plate 300 µL on Magnetic Module GEN2 on 10 at 9.4 uL/sec
Delaying for 0 minutes and 1.0 seconds
Moving to A1 of Froggabio 96 Well Plate 300 µL on Magnetic Module GEN2 on 10
Dispensing 200.0 uL into A12 of NEST 12 Well Reservoir 15 mL on 2 at 94.0 uL/sec
Blowing out at A12 of NEST 12 Well Reservoir 15 mL on 2
Air gap
	Aspirating 50.0 uL from A12 of NEST 12 Well Reservoir 15 mL on 2 at 94.0 uL/sec
Dropping tip into A1 of Opentrons Fixed Trash on 12
Disengaging Magnetic Module

---------------ADDING FPF----------------


Picking up tip from A10 of Opentrons OT-2 96 Filter Tip Rack 200 µL on 7
Aspirating 20.0 uL from A10 of Froggabio 96 Well Plate 300 µL on 1 at 94.0 uL/sec
Dispensing 20.0 uL into A1 of Froggabio 96 Well Plate 300 µL on Magnetic Module GEN2 on 10 at 94.0 uL/sec
Mixing 3 times with a volume of 20.0 ul
	Aspirating 20.0 uL from A1 of Froggabio 96 Well Plate 300 µL on Magnetic Module GEN2 on 10 at 94.0 uL/sec
	Dispensing 20.0 uL into A1 of Froggabio 96 Well Plate 300 µL on Magnetic Module GEN2 on 10 at 94.0 uL/sec
	Aspirating 20.0 uL from A1 of Froggabio 96 Well Plate 300 µL on Magnetic Module GEN2 on 10 at 94.0 uL/sec
	Dispensing 20.0 uL into A1 of Froggabio 96 Well Plate 300 µL on Magnetic Module GEN2 on 10 at 94.0 uL/sec
	Aspirating 20.0 uL from A1 of Froggabio 96 Well Plate 300 µL on Magnetic Module GEN2 on 10 at 94.0 uL/sec
	Dispensing 20.0 uL into A1 of Froggabio 96 Well Plate 300 µL on Magnetic Module GEN2 on 10 at 94.0 uL/sec
Blowing out at A1 of Froggabio 96 Well Plate 300 µL on Magnetic Module GEN2 on 10
Touching tip
Dropping tip into A1 of Opentrons Fixed Trash on 12
Pausing robot operation: 
    Seal plate with Microseal 'B' adhesive seal.
    [LS] Centrifuge at 280 × g for 1 minute.
    Place on the thermal cycler and run the Elution 2 - Frag - Prime program.
    Each well contains 19.5 μl.
    Remove adhesive seal.
    
Caught exception: {'message': 'Task was destroyed but it is pending!', 'task': <Task pending name='Task-4' coro=<Poller._poll_forever() running at /Users/dp/Desktop/project/github/opentrons/venv/lib/python3.10/site-packages/opentrons/hardware_control/poller.py:80> wait_for=<Future pending cb=[Task.task_wakeup()]>>}
Caught exception: {'message': 'Task was destroyed but it is pending!', 'task': <Task pending name='Task-3' coro=<Poller._poll_forever() running at /Users/dp/Desktop/project/github/opentrons/venv/lib/python3.10/site-packages/opentrons/hardware_control/poller.py:80> wait_for=<Future pending cb=[Task.task_wakeup()]>>}
Caught exception: {'message': 'Task was destroyed but it is pending!', 'task': <Task pending name='Task-2' coro=<Poller._poll_forever() running at /Users/dp/Desktop/project/github/opentrons/venv/lib/python3.10/site-packages/opentrons/hardware_control/poller.py:80> wait_for=<Future pending cb=[Task.task_wakeup()]>>}
