/Users/dp/Desktop/project/github/opentrons/venv/lib/python3.10/site-packages/opentrons/hardware_control/simulator_setup.py:205: UserWarning: Simulator configuration does not name a machine, defaulting to OT-2 Standard
  warn(
/Users/dp/.opentrons/robot_settings.json not found. Loading defaults
Deck calibration not found.
/Users/dp/.opentrons/deck_calibration.json not found. Loading defaults
Deactivating Temperature Module
Picking up tip from A1 of Opentrons OT-2 96 Tip Rack 20 µL on 7
Transferring 20.0 from A1 of reagent reservoir on 5 to A1 of Plate B (DNAse Dilution Plate) on Temperature Module GEN1 on 10
	Aspirating 20.0 uL from A1 of reagent reservoir on 5 at 7.6 uL/sec
	Dispensing 20.0 uL into A1 of Plate B (DNAse Dilution Plate) on Temperature Module GEN1 on 10 at 7.6 uL/sec
Transferring 20.0 from A1 of reagent reservoir on 5 to A2 of Plate B (DNAse Dilution Plate) on Temperature Module GEN1 on 10
	Aspirating 20.0 uL from A1 of reagent reservoir on 5 at 7.6 uL/sec
	Dispensing 20.0 uL into A2 of Plate B (DNAse Dilution Plate) on Temperature Module GEN1 on 10 at 7.6 uL/sec
Transferring 20.0 from A1 of reagent reservoir on 5 to A3 of Plate B (DNAse Dilution Plate) on Temperature Module GEN1 on 10
	Aspirating 20.0 uL from A1 of reagent reservoir on 5 at 7.6 uL/sec
	Dispensing 20.0 uL into A3 of Plate B (DNAse Dilution Plate) on Temperature Module GEN1 on 10 at 7.6 uL/sec
Transferring 20.0 from A1 of Plate A (Sample Plate) on 1 to A1 of Plate B (DNAse Dilution Plate) on Temperature Module GEN1 on 10
	Mixing 5 times with a volume of 15.0 ul
		Aspirating 15.0 uL from A1 of Plate A (Sample Plate) on 1 at 7.6 uL/sec
		Dispensing 15.0 uL into A1 of Plate A (Sample Plate) on 1 at 7.6 uL/sec
		Aspirating 15.0 uL from A1 of Plate A (Sample Plate) on 1 at 7.6 uL/sec
		Dispensing 15.0 uL into A1 of Plate A (Sample Plate) on 1 at 7.6 uL/sec
		Aspirating 15.0 uL from A1 of Plate A (Sample Plate) on 1 at 7.6 uL/sec
		Dispensing 15.0 uL into A1 of Plate A (Sample Plate) on 1 at 7.6 uL/sec
		Aspirating 15.0 uL from A1 of Plate A (Sample Plate) on 1 at 7.6 uL/sec
		Dispensing 15.0 uL into A1 of Plate A (Sample Plate) on 1 at 7.6 uL/sec
		Aspirating 15.0 uL from A1 of Plate A (Sample Plate) on 1 at 7.6 uL/sec
		Dispensing 15.0 uL into A1 of Plate A (Sample Plate) on 1 at 7.6 uL/sec
	Aspirating 20.0 uL from A1 of Plate A (Sample Plate) on 1 at 7.6 uL/sec
	Dispensing 20.0 uL into A1 of Plate B (DNAse Dilution Plate) on Temperature Module GEN1 on 10 at 7.6 uL/sec
	Mixing 5 times with a volume of 20.0 ul
		Aspirating 20.0 uL from A1 of Plate B (DNAse Dilution Plate) on Temperature Module GEN1 on 10 at 7.6 uL/sec
		Dispensing 20.0 uL into A1 of Plate B (DNAse Dilution Plate) on Temperature Module GEN1 on 10 at 7.6 uL/sec
		Aspirating 20.0 uL from A1 of Plate B (DNAse Dilution Plate) on Temperature Module GEN1 on 10 at 7.6 uL/sec
		Dispensing 20.0 uL into A1 of Plate B (DNAse Dilution Plate) on Temperature Module GEN1 on 10 at 7.6 uL/sec
		Aspirating 20.0 uL from A1 of Plate B (DNAse Dilution Plate) on Temperature Module GEN1 on 10 at 7.6 uL/sec
		Dispensing 20.0 uL into A1 of Plate B (DNAse Dilution Plate) on Temperature Module GEN1 on 10 at 7.6 uL/sec
		Aspirating 20.0 uL from A1 of Plate B (DNAse Dilution Plate) on Temperature Module GEN1 on 10 at 7.6 uL/sec
		Dispensing 20.0 uL into A1 of Plate B (DNAse Dilution Plate) on Temperature Module GEN1 on 10 at 7.6 uL/sec
		Aspirating 20.0 uL from A1 of Plate B (DNAse Dilution Plate) on Temperature Module GEN1 on 10 at 7.6 uL/sec
		Dispensing 20.0 uL into A1 of Plate B (DNAse Dilution Plate) on Temperature Module GEN1 on 10 at 7.6 uL/sec
Blowing out at A1 of Plate B (DNAse Dilution Plate) on Temperature Module GEN1 on 10
Dropping tip into A1 of Opentrons Fixed Trash on 12
Picking up tip from A2 of Opentrons OT-2 96 Tip Rack 20 µL on 7
Transferring 20.0 from A2 of Plate A (Sample Plate) on 1 to A2 of Plate B (DNAse Dilution Plate) on Temperature Module GEN1 on 10
	Mixing 5 times with a volume of 15.0 ul
		Aspirating 15.0 uL from A2 of Plate A (Sample Plate) on 1 at 7.6 uL/sec
		Dispensing 15.0 uL into A2 of Plate A (Sample Plate) on 1 at 7.6 uL/sec
		Aspirating 15.0 uL from A2 of Plate A (Sample Plate) on 1 at 7.6 uL/sec
		Dispensing 15.0 uL into A2 of Plate A (Sample Plate) on 1 at 7.6 uL/sec
		Aspirating 15.0 uL from A2 of Plate A (Sample Plate) on 1 at 7.6 uL/sec
		Dispensing 15.0 uL into A2 of Plate A (Sample Plate) on 1 at 7.6 uL/sec
		Aspirating 15.0 uL from A2 of Plate A (Sample Plate) on 1 at 7.6 uL/sec
		Dispensing 15.0 uL into A2 of Plate A (Sample Plate) on 1 at 7.6 uL/sec
		Aspirating 15.0 uL from A2 of Plate A (Sample Plate) on 1 at 7.6 uL/sec
		Dispensing 15.0 uL into A2 of Plate A (Sample Plate) on 1 at 7.6 uL/sec
	Aspirating 20.0 uL from A2 of Plate A (Sample Plate) on 1 at 7.6 uL/sec
	Dispensing 20.0 uL into A2 of Plate B (DNAse Dilution Plate) on Temperature Module GEN1 on 10 at 7.6 uL/sec
	Mixing 5 times with a volume of 20.0 ul
		Aspirating 20.0 uL from A2 of Plate B (DNAse Dilution Plate) on Temperature Module GEN1 on 10 at 7.6 uL/sec
		Dispensing 20.0 uL into A2 of Plate B (DNAse Dilution Plate) on Temperature Module GEN1 on 10 at 7.6 uL/sec
		Aspirating 20.0 uL from A2 of Plate B (DNAse Dilution Plate) on Temperature Module GEN1 on 10 at 7.6 uL/sec
		Dispensing 20.0 uL into A2 of Plate B (DNAse Dilution Plate) on Temperature Module GEN1 on 10 at 7.6 uL/sec
		Aspirating 20.0 uL from A2 of Plate B (DNAse Dilution Plate) on Temperature Module GEN1 on 10 at 7.6 uL/sec
		Dispensing 20.0 uL into A2 of Plate B (DNAse Dilution Plate) on Temperature Module GEN1 on 10 at 7.6 uL/sec
		Aspirating 20.0 uL from A2 of Plate B (DNAse Dilution Plate) on Temperature Module GEN1 on 10 at 7.6 uL/sec
		Dispensing 20.0 uL into A2 of Plate B (DNAse Dilution Plate) on Temperature Module GEN1 on 10 at 7.6 uL/sec
		Aspirating 20.0 uL from A2 of Plate B (DNAse Dilution Plate) on Temperature Module GEN1 on 10 at 7.6 uL/sec
		Dispensing 20.0 uL into A2 of Plate B (DNAse Dilution Plate) on Temperature Module GEN1 on 10 at 7.6 uL/sec
Blowing out at A2 of Plate B (DNAse Dilution Plate) on Temperature Module GEN1 on 10
Dropping tip into A1 of Opentrons Fixed Trash on 12
Picking up tip from A3 of Opentrons OT-2 96 Tip Rack 20 µL on 7
Transferring 20.0 from A3 of Plate A (Sample Plate) on 1 to A3 of Plate B (DNAse Dilution Plate) on Temperature Module GEN1 on 10
	Mixing 5 times with a volume of 15.0 ul
		Aspirating 15.0 uL from A3 of Plate A (Sample Plate) on 1 at 7.6 uL/sec
		Dispensing 15.0 uL into A3 of Plate A (Sample Plate) on 1 at 7.6 uL/sec
		Aspirating 15.0 uL from A3 of Plate A (Sample Plate) on 1 at 7.6 uL/sec
		Dispensing 15.0 uL into A3 of Plate A (Sample Plate) on 1 at 7.6 uL/sec
		Aspirating 15.0 uL from A3 of Plate A (Sample Plate) on 1 at 7.6 uL/sec
		Dispensing 15.0 uL into A3 of Plate A (Sample Plate) on 1 at 7.6 uL/sec
		Aspirating 15.0 uL from A3 of Plate A (Sample Plate) on 1 at 7.6 uL/sec
		Dispensing 15.0 uL into A3 of Plate A (Sample Plate) on 1 at 7.6 uL/sec
		Aspirating 15.0 uL from A3 of Plate A (Sample Plate) on 1 at 7.6 uL/sec
		Dispensing 15.0 uL into A3 of Plate A (Sample Plate) on 1 at 7.6 uL/sec
	Aspirating 20.0 uL from A3 of Plate A (Sample Plate) on 1 at 7.6 uL/sec
	Dispensing 20.0 uL into A3 of Plate B (DNAse Dilution Plate) on Temperature Module GEN1 on 10 at 7.6 uL/sec
	Mixing 5 times with a volume of 20.0 ul
		Aspirating 20.0 uL from A3 of Plate B (DNAse Dilution Plate) on Temperature Module GEN1 on 10 at 7.6 uL/sec
		Dispensing 20.0 uL into A3 of Plate B (DNAse Dilution Plate) on Temperature Module GEN1 on 10 at 7.6 uL/sec
		Aspirating 20.0 uL from A3 of Plate B (DNAse Dilution Plate) on Temperature Module GEN1 on 10 at 7.6 uL/sec
		Dispensing 20.0 uL into A3 of Plate B (DNAse Dilution Plate) on Temperature Module GEN1 on 10 at 7.6 uL/sec
		Aspirating 20.0 uL from A3 of Plate B (DNAse Dilution Plate) on Temperature Module GEN1 on 10 at 7.6 uL/sec
		Dispensing 20.0 uL into A3 of Plate B (DNAse Dilution Plate) on Temperature Module GEN1 on 10 at 7.6 uL/sec
		Aspirating 20.0 uL from A3 of Plate B (DNAse Dilution Plate) on Temperature Module GEN1 on 10 at 7.6 uL/sec
		Dispensing 20.0 uL into A3 of Plate B (DNAse Dilution Plate) on Temperature Module GEN1 on 10 at 7.6 uL/sec
		Aspirating 20.0 uL from A3 of Plate B (DNAse Dilution Plate) on Temperature Module GEN1 on 10 at 7.6 uL/sec
		Dispensing 20.0 uL into A3 of Plate B (DNAse Dilution Plate) on Temperature Module GEN1 on 10 at 7.6 uL/sec
Blowing out at A3 of Plate B (DNAse Dilution Plate) on Temperature Module GEN1 on 10
Dropping tip into A1 of Opentrons Fixed Trash on 12
Pausing robot operation: Apply foil to top of DNAse Reaction Plate befroe tempdeck ramps to 37C
Setting Temperature Module temperature to 37.0 °C (rounded off to nearest integer)
Delaying for 60 minutes and 0.0 seconds. Holding plate C at 37C for 1hr
Setting Temperature Module temperature to 4.0 °C (rounded off to nearest integer)
Pausing robot operation: Remove foil from plate before proceeding
Deactivating Temperature Module
Picking up tip from A4 of Opentrons OT-2 96 Tip Rack 20 µL on 7
Transferring 5.0 from A2 of reagent reservoir on 5 to A1 of Plate B (DNAse Dilution Plate) on Temperature Module GEN1 on 10
	Aspirating 5.0 uL from A2 of reagent reservoir on 5 at 7.6 uL/sec
	Dispensing 5.0 uL into A1 of Plate B (DNAse Dilution Plate) on Temperature Module GEN1 on 10 at 7.6 uL/sec
	Mixing 5 times with a volume of 15.0 ul
		Aspirating 15.0 uL from A1 of Plate B (DNAse Dilution Plate) on Temperature Module GEN1 on 10 at 7.6 uL/sec
		Dispensing 15.0 uL into A1 of Plate B (DNAse Dilution Plate) on Temperature Module GEN1 on 10 at 7.6 uL/sec
		Aspirating 15.0 uL from A1 of Plate B (DNAse Dilution Plate) on Temperature Module GEN1 on 10 at 7.6 uL/sec
		Dispensing 15.0 uL into A1 of Plate B (DNAse Dilution Plate) on Temperature Module GEN1 on 10 at 7.6 uL/sec
		Aspirating 15.0 uL from A1 of Plate B (DNAse Dilution Plate) on Temperature Module GEN1 on 10 at 7.6 uL/sec
		Dispensing 15.0 uL into A1 of Plate B (DNAse Dilution Plate) on Temperature Module GEN1 on 10 at 7.6 uL/sec
		Aspirating 15.0 uL from A1 of Plate B (DNAse Dilution Plate) on Temperature Module GEN1 on 10 at 7.6 uL/sec
		Dispensing 15.0 uL into A1 of Plate B (DNAse Dilution Plate) on Temperature Module GEN1 on 10 at 7.6 uL/sec
		Aspirating 15.0 uL from A1 of Plate B (DNAse Dilution Plate) on Temperature Module GEN1 on 10 at 7.6 uL/sec
		Dispensing 15.0 uL into A1 of Plate B (DNAse Dilution Plate) on Temperature Module GEN1 on 10 at 7.6 uL/sec
Dropping tip into A1 of Opentrons Fixed Trash on 12
Picking up tip from A5 of Opentrons OT-2 96 Tip Rack 20 µL on 7
Transferring 5.0 from A2 of reagent reservoir on 5 to A2 of Plate B (DNAse Dilution Plate) on Temperature Module GEN1 on 10
	Aspirating 5.0 uL from A2 of reagent reservoir on 5 at 7.6 uL/sec
	Dispensing 5.0 uL into A2 of Plate B (DNAse Dilution Plate) on Temperature Module GEN1 on 10 at 7.6 uL/sec
	Mixing 5 times with a volume of 15.0 ul
		Aspirating 15.0 uL from A2 of Plate B (DNAse Dilution Plate) on Temperature Module GEN1 on 10 at 7.6 uL/sec
		Dispensing 15.0 uL into A2 of Plate B (DNAse Dilution Plate) on Temperature Module GEN1 on 10 at 7.6 uL/sec
		Aspirating 15.0 uL from A2 of Plate B (DNAse Dilution Plate) on Temperature Module GEN1 on 10 at 7.6 uL/sec
		Dispensing 15.0 uL into A2 of Plate B (DNAse Dilution Plate) on Temperature Module GEN1 on 10 at 7.6 uL/sec
		Aspirating 15.0 uL from A2 of Plate B (DNAse Dilution Plate) on Temperature Module GEN1 on 10 at 7.6 uL/sec
		Dispensing 15.0 uL into A2 of Plate B (DNAse Dilution Plate) on Temperature Module GEN1 on 10 at 7.6 uL/sec
		Aspirating 15.0 uL from A2 of Plate B (DNAse Dilution Plate) on Temperature Module GEN1 on 10 at 7.6 uL/sec
		Dispensing 15.0 uL into A2 of Plate B (DNAse Dilution Plate) on Temperature Module GEN1 on 10 at 7.6 uL/sec
		Aspirating 15.0 uL from A2 of Plate B (DNAse Dilution Plate) on Temperature Module GEN1 on 10 at 7.6 uL/sec
		Dispensing 15.0 uL into A2 of Plate B (DNAse Dilution Plate) on Temperature Module GEN1 on 10 at 7.6 uL/sec
Dropping tip into A1 of Opentrons Fixed Trash on 12
Picking up tip from A6 of Opentrons OT-2 96 Tip Rack 20 µL on 7
Transferring 5.0 from A2 of reagent reservoir on 5 to A3 of Plate B (DNAse Dilution Plate) on Temperature Module GEN1 on 10
	Aspirating 5.0 uL from A2 of reagent reservoir on 5 at 7.6 uL/sec
	Dispensing 5.0 uL into A3 of Plate B (DNAse Dilution Plate) on Temperature Module GEN1 on 10 at 7.6 uL/sec
	Mixing 5 times with a volume of 15.0 ul
		Aspirating 15.0 uL from A3 of Plate B (DNAse Dilution Plate) on Temperature Module GEN1 on 10 at 7.6 uL/sec
		Dispensing 15.0 uL into A3 of Plate B (DNAse Dilution Plate) on Temperature Module GEN1 on 10 at 7.6 uL/sec
		Aspirating 15.0 uL from A3 of Plate B (DNAse Dilution Plate) on Temperature Module GEN1 on 10 at 7.6 uL/sec
		Dispensing 15.0 uL into A3 of Plate B (DNAse Dilution Plate) on Temperature Module GEN1 on 10 at 7.6 uL/sec
		Aspirating 15.0 uL from A3 of Plate B (DNAse Dilution Plate) on Temperature Module GEN1 on 10 at 7.6 uL/sec
		Dispensing 15.0 uL into A3 of Plate B (DNAse Dilution Plate) on Temperature Module GEN1 on 10 at 7.6 uL/sec
		Aspirating 15.0 uL from A3 of Plate B (DNAse Dilution Plate) on Temperature Module GEN1 on 10 at 7.6 uL/sec
		Dispensing 15.0 uL into A3 of Plate B (DNAse Dilution Plate) on Temperature Module GEN1 on 10 at 7.6 uL/sec
		Aspirating 15.0 uL from A3 of Plate B (DNAse Dilution Plate) on Temperature Module GEN1 on 10 at 7.6 uL/sec
		Dispensing 15.0 uL into A3 of Plate B (DNAse Dilution Plate) on Temperature Module GEN1 on 10 at 7.6 uL/sec
Dropping tip into A1 of Opentrons Fixed Trash on 12
Picking up tip from A7 of Opentrons OT-2 96 Tip Rack 20 µL on 7
Transferring 20.0 from A3 of reagent reservoir on 5 to A1 of Plate D (Dilution Buffer Plate 1) on 3
	Aspirating 20.0 uL from A3 of reagent reservoir on 5 at 7.6 uL/sec
	Dispensing 20.0 uL into A1 of Plate D (Dilution Buffer Plate 1) on 3 at 7.6 uL/sec
Transferring 20.0 from A3 of reagent reservoir on 5 to A2 of Plate D (Dilution Buffer Plate 1) on 3
	Aspirating 20.0 uL from A3 of reagent reservoir on 5 at 7.6 uL/sec
	Dispensing 20.0 uL into A2 of Plate D (Dilution Buffer Plate 1) on 3 at 7.6 uL/sec
Transferring 20.0 from A3 of reagent reservoir on 5 to A3 of Plate D (Dilution Buffer Plate 1) on 3
	Aspirating 20.0 uL from A3 of reagent reservoir on 5 at 7.6 uL/sec
	Dispensing 20.0 uL into A3 of Plate D (Dilution Buffer Plate 1) on 3 at 7.6 uL/sec
Transferring 20.0 from A3 of reagent reservoir on 5 to A1 of Plate E (Template Plate) on 6
	Aspirating 20.0 uL from A3 of reagent reservoir on 5 at 7.6 uL/sec
	Dispensing 20.0 uL into A1 of Plate E (Template Plate) on 6 at 7.6 uL/sec
Transferring 20.0 from A3 of reagent reservoir on 5 to A2 of Plate E (Template Plate) on 6
	Aspirating 20.0 uL from A3 of reagent reservoir on 5 at 7.6 uL/sec
	Dispensing 20.0 uL into A2 of Plate E (Template Plate) on 6 at 7.6 uL/sec
Transferring 20.0 from A3 of reagent reservoir on 5 to A3 of Plate E (Template Plate) on 6
	Aspirating 20.0 uL from A3 of reagent reservoir on 5 at 7.6 uL/sec
	Dispensing 20.0 uL into A3 of Plate E (Template Plate) on 6 at 7.6 uL/sec
Dropping tip into A1 of Opentrons Fixed Trash on 12
Picking up tip from A8 of Opentrons OT-2 96 Tip Rack 20 µL on 7
Transferring 20.0 from A1 of Plate B (DNAse Dilution Plate) on Temperature Module GEN1 on 10 to A1 of Plate D (Dilution Buffer Plate 1) on 3
	Aspirating 20.0 uL from A1 of Plate B (DNAse Dilution Plate) on Temperature Module GEN1 on 10 at 7.6 uL/sec
	Dispensing 20.0 uL into A1 of Plate D (Dilution Buffer Plate 1) on 3 at 7.6 uL/sec
	Mixing 10 times with a volume of 20.0 ul
		Aspirating 20.0 uL from A1 of Plate D (Dilution Buffer Plate 1) on 3 at 7.6 uL/sec
		Dispensing 20.0 uL into A1 of Plate D (Dilution Buffer Plate 1) on 3 at 7.6 uL/sec
		Aspirating 20.0 uL from A1 of Plate D (Dilution Buffer Plate 1) on 3 at 7.6 uL/sec
		Dispensing 20.0 uL into A1 of Plate D (Dilution Buffer Plate 1) on 3 at 7.6 uL/sec
		Aspirating 20.0 uL from A1 of Plate D (Dilution Buffer Plate 1) on 3 at 7.6 uL/sec
		Dispensing 20.0 uL into A1 of Plate D (Dilution Buffer Plate 1) on 3 at 7.6 uL/sec
		Aspirating 20.0 uL from A1 of Plate D (Dilution Buffer Plate 1) on 3 at 7.6 uL/sec
		Dispensing 20.0 uL into A1 of Plate D (Dilution Buffer Plate 1) on 3 at 7.6 uL/sec
		Aspirating 20.0 uL from A1 of Plate D (Dilution Buffer Plate 1) on 3 at 7.6 uL/sec
		Dispensing 20.0 uL into A1 of Plate D (Dilution Buffer Plate 1) on 3 at 7.6 uL/sec
		Aspirating 20.0 uL from A1 of Plate D (Dilution Buffer Plate 1) on 3 at 7.6 uL/sec
		Dispensing 20.0 uL into A1 of Plate D (Dilution Buffer Plate 1) on 3 at 7.6 uL/sec
		Aspirating 20.0 uL from A1 of Plate D (Dilution Buffer Plate 1) on 3 at 7.6 uL/sec
		Dispensing 20.0 uL into A1 of Plate D (Dilution Buffer Plate 1) on 3 at 7.6 uL/sec
		Aspirating 20.0 uL from A1 of Plate D (Dilution Buffer Plate 1) on 3 at 7.6 uL/sec
		Dispensing 20.0 uL into A1 of Plate D (Dilution Buffer Plate 1) on 3 at 7.6 uL/sec
		Aspirating 20.0 uL from A1 of Plate D (Dilution Buffer Plate 1) on 3 at 7.6 uL/sec
		Dispensing 20.0 uL into A1 of Plate D (Dilution Buffer Plate 1) on 3 at 7.6 uL/sec
		Aspirating 20.0 uL from A1 of Plate D (Dilution Buffer Plate 1) on 3 at 7.6 uL/sec
		Dispensing 20.0 uL into A1 of Plate D (Dilution Buffer Plate 1) on 3 at 7.6 uL/sec
Dropping tip into A1 of Opentrons Fixed Trash on 12
Picking up tip from A9 of Opentrons OT-2 96 Tip Rack 20 µL on 7
Transferring 20.0 from A2 of Plate B (DNAse Dilution Plate) on Temperature Module GEN1 on 10 to A2 of Plate D (Dilution Buffer Plate 1) on 3
	Aspirating 20.0 uL from A2 of Plate B (DNAse Dilution Plate) on Temperature Module GEN1 on 10 at 7.6 uL/sec
	Dispensing 20.0 uL into A2 of Plate D (Dilution Buffer Plate 1) on 3 at 7.6 uL/sec
	Mixing 10 times with a volume of 20.0 ul
		Aspirating 20.0 uL from A2 of Plate D (Dilution Buffer Plate 1) on 3 at 7.6 uL/sec
		Dispensing 20.0 uL into A2 of Plate D (Dilution Buffer Plate 1) on 3 at 7.6 uL/sec
		Aspirating 20.0 uL from A2 of Plate D (Dilution Buffer Plate 1) on 3 at 7.6 uL/sec
		Dispensing 20.0 uL into A2 of Plate D (Dilution Buffer Plate 1) on 3 at 7.6 uL/sec
		Aspirating 20.0 uL from A2 of Plate D (Dilution Buffer Plate 1) on 3 at 7.6 uL/sec
		Dispensing 20.0 uL into A2 of Plate D (Dilution Buffer Plate 1) on 3 at 7.6 uL/sec
		Aspirating 20.0 uL from A2 of Plate D (Dilution Buffer Plate 1) on 3 at 7.6 uL/sec
		Dispensing 20.0 uL into A2 of Plate D (Dilution Buffer Plate 1) on 3 at 7.6 uL/sec
		Aspirating 20.0 uL from A2 of Plate D (Dilution Buffer Plate 1) on 3 at 7.6 uL/sec
		Dispensing 20.0 uL into A2 of Plate D (Dilution Buffer Plate 1) on 3 at 7.6 uL/sec
		Aspirating 20.0 uL from A2 of Plate D (Dilution Buffer Plate 1) on 3 at 7.6 uL/sec
		Dispensing 20.0 uL into A2 of Plate D (Dilution Buffer Plate 1) on 3 at 7.6 uL/sec
		Aspirating 20.0 uL from A2 of Plate D (Dilution Buffer Plate 1) on 3 at 7.6 uL/sec
		Dispensing 20.0 uL into A2 of Plate D (Dilution Buffer Plate 1) on 3 at 7.6 uL/sec
		Aspirating 20.0 uL from A2 of Plate D (Dilution Buffer Plate 1) on 3 at 7.6 uL/sec
		Dispensing 20.0 uL into A2 of Plate D (Dilution Buffer Plate 1) on 3 at 7.6 uL/sec
		Aspirating 20.0 uL from A2 of Plate D (Dilution Buffer Plate 1) on 3 at 7.6 uL/sec
		Dispensing 20.0 uL into A2 of Plate D (Dilution Buffer Plate 1) on 3 at 7.6 uL/sec
		Aspirating 20.0 uL from A2 of Plate D (Dilution Buffer Plate 1) on 3 at 7.6 uL/sec
		Dispensing 20.0 uL into A2 of Plate D (Dilution Buffer Plate 1) on 3 at 7.6 uL/sec
Dropping tip into A1 of Opentrons Fixed Trash on 12
Picking up tip from A10 of Opentrons OT-2 96 Tip Rack 20 µL on 7
Transferring 20.0 from A3 of Plate B (DNAse Dilution Plate) on Temperature Module GEN1 on 10 to A3 of Plate D (Dilution Buffer Plate 1) on 3
	Aspirating 20.0 uL from A3 of Plate B (DNAse Dilution Plate) on Temperature Module GEN1 on 10 at 7.6 uL/sec
	Dispensing 20.0 uL into A3 of Plate D (Dilution Buffer Plate 1) on 3 at 7.6 uL/sec
	Mixing 10 times with a volume of 20.0 ul
		Aspirating 20.0 uL from A3 of Plate D (Dilution Buffer Plate 1) on 3 at 7.6 uL/sec
		Dispensing 20.0 uL into A3 of Plate D (Dilution Buffer Plate 1) on 3 at 7.6 uL/sec
		Aspirating 20.0 uL from A3 of Plate D (Dilution Buffer Plate 1) on 3 at 7.6 uL/sec
		Dispensing 20.0 uL into A3 of Plate D (Dilution Buffer Plate 1) on 3 at 7.6 uL/sec
		Aspirating 20.0 uL from A3 of Plate D (Dilution Buffer Plate 1) on 3 at 7.6 uL/sec
		Dispensing 20.0 uL into A3 of Plate D (Dilution Buffer Plate 1) on 3 at 7.6 uL/sec
		Aspirating 20.0 uL from A3 of Plate D (Dilution Buffer Plate 1) on 3 at 7.6 uL/sec
		Dispensing 20.0 uL into A3 of Plate D (Dilution Buffer Plate 1) on 3 at 7.6 uL/sec
		Aspirating 20.0 uL from A3 of Plate D (Dilution Buffer Plate 1) on 3 at 7.6 uL/sec
		Dispensing 20.0 uL into A3 of Plate D (Dilution Buffer Plate 1) on 3 at 7.6 uL/sec
		Aspirating 20.0 uL from A3 of Plate D (Dilution Buffer Plate 1) on 3 at 7.6 uL/sec
		Dispensing 20.0 uL into A3 of Plate D (Dilution Buffer Plate 1) on 3 at 7.6 uL/sec
		Aspirating 20.0 uL from A3 of Plate D (Dilution Buffer Plate 1) on 3 at 7.6 uL/sec
		Dispensing 20.0 uL into A3 of Plate D (Dilution Buffer Plate 1) on 3 at 7.6 uL/sec
		Aspirating 20.0 uL from A3 of Plate D (Dilution Buffer Plate 1) on 3 at 7.6 uL/sec
		Dispensing 20.0 uL into A3 of Plate D (Dilution Buffer Plate 1) on 3 at 7.6 uL/sec
		Aspirating 20.0 uL from A3 of Plate D (Dilution Buffer Plate 1) on 3 at 7.6 uL/sec
		Dispensing 20.0 uL into A3 of Plate D (Dilution Buffer Plate 1) on 3 at 7.6 uL/sec
		Aspirating 20.0 uL from A3 of Plate D (Dilution Buffer Plate 1) on 3 at 7.6 uL/sec
		Dispensing 20.0 uL into A3 of Plate D (Dilution Buffer Plate 1) on 3 at 7.6 uL/sec
Dropping tip into A1 of Opentrons Fixed Trash on 12
Picking up tip from A11 of Opentrons OT-2 96 Tip Rack 20 µL on 7
Transferring 20.0 from A1 of Plate D (Dilution Buffer Plate 1) on 3 to A1 of Plate E (Template Plate) on 6
	Aspirating 20.0 uL from A1 of Plate D (Dilution Buffer Plate 1) on 3 at 7.6 uL/sec
	Dispensing 20.0 uL into A1 of Plate E (Template Plate) on 6 at 7.6 uL/sec
	Mixing 10 times with a volume of 20.0 ul
		Aspirating 20.0 uL from A1 of Plate E (Template Plate) on 6 at 7.6 uL/sec
		Dispensing 20.0 uL into A1 of Plate E (Template Plate) on 6 at 7.6 uL/sec
		Aspirating 20.0 uL from A1 of Plate E (Template Plate) on 6 at 7.6 uL/sec
		Dispensing 20.0 uL into A1 of Plate E (Template Plate) on 6 at 7.6 uL/sec
		Aspirating 20.0 uL from A1 of Plate E (Template Plate) on 6 at 7.6 uL/sec
		Dispensing 20.0 uL into A1 of Plate E (Template Plate) on 6 at 7.6 uL/sec
		Aspirating 20.0 uL from A1 of Plate E (Template Plate) on 6 at 7.6 uL/sec
		Dispensing 20.0 uL into A1 of Plate E (Template Plate) on 6 at 7.6 uL/sec
		Aspirating 20.0 uL from A1 of Plate E (Template Plate) on 6 at 7.6 uL/sec
		Dispensing 20.0 uL into A1 of Plate E (Template Plate) on 6 at 7.6 uL/sec
		Aspirating 20.0 uL from A1 of Plate E (Template Plate) on 6 at 7.6 uL/sec
		Dispensing 20.0 uL into A1 of Plate E (Template Plate) on 6 at 7.6 uL/sec
		Aspirating 20.0 uL from A1 of Plate E (Template Plate) on 6 at 7.6 uL/sec
		Dispensing 20.0 uL into A1 of Plate E (Template Plate) on 6 at 7.6 uL/sec
		Aspirating 20.0 uL from A1 of Plate E (Template Plate) on 6 at 7.6 uL/sec
		Dispensing 20.0 uL into A1 of Plate E (Template Plate) on 6 at 7.6 uL/sec
		Aspirating 20.0 uL from A1 of Plate E (Template Plate) on 6 at 7.6 uL/sec
		Dispensing 20.0 uL into A1 of Plate E (Template Plate) on 6 at 7.6 uL/sec
		Aspirating 20.0 uL from A1 of Plate E (Template Plate) on 6 at 7.6 uL/sec
		Dispensing 20.0 uL into A1 of Plate E (Template Plate) on 6 at 7.6 uL/sec
Dropping tip into A1 of Opentrons Fixed Trash on 12
Picking up tip from A12 of Opentrons OT-2 96 Tip Rack 20 µL on 7
Transferring 20.0 from A2 of Plate D (Dilution Buffer Plate 1) on 3 to A2 of Plate E (Template Plate) on 6
	Aspirating 20.0 uL from A2 of Plate D (Dilution Buffer Plate 1) on 3 at 7.6 uL/sec
	Dispensing 20.0 uL into A2 of Plate E (Template Plate) on 6 at 7.6 uL/sec
	Mixing 10 times with a volume of 20.0 ul
		Aspirating 20.0 uL from A2 of Plate E (Template Plate) on 6 at 7.6 uL/sec
		Dispensing 20.0 uL into A2 of Plate E (Template Plate) on 6 at 7.6 uL/sec
		Aspirating 20.0 uL from A2 of Plate E (Template Plate) on 6 at 7.6 uL/sec
		Dispensing 20.0 uL into A2 of Plate E (Template Plate) on 6 at 7.6 uL/sec
		Aspirating 20.0 uL from A2 of Plate E (Template Plate) on 6 at 7.6 uL/sec
		Dispensing 20.0 uL into A2 of Plate E (Template Plate) on 6 at 7.6 uL/sec
		Aspirating 20.0 uL from A2 of Plate E (Template Plate) on 6 at 7.6 uL/sec
		Dispensing 20.0 uL into A2 of Plate E (Template Plate) on 6 at 7.6 uL/sec
		Aspirating 20.0 uL from A2 of Plate E (Template Plate) on 6 at 7.6 uL/sec
		Dispensing 20.0 uL into A2 of Plate E (Template Plate) on 6 at 7.6 uL/sec
		Aspirating 20.0 uL from A2 of Plate E (Template Plate) on 6 at 7.6 uL/sec
		Dispensing 20.0 uL into A2 of Plate E (Template Plate) on 6 at 7.6 uL/sec
		Aspirating 20.0 uL from A2 of Plate E (Template Plate) on 6 at 7.6 uL/sec
		Dispensing 20.0 uL into A2 of Plate E (Template Plate) on 6 at 7.6 uL/sec
		Aspirating 20.0 uL from A2 of Plate E (Template Plate) on 6 at 7.6 uL/sec
		Dispensing 20.0 uL into A2 of Plate E (Template Plate) on 6 at 7.6 uL/sec
		Aspirating 20.0 uL from A2 of Plate E (Template Plate) on 6 at 7.6 uL/sec
		Dispensing 20.0 uL into A2 of Plate E (Template Plate) on 6 at 7.6 uL/sec
		Aspirating 20.0 uL from A2 of Plate E (Template Plate) on 6 at 7.6 uL/sec
		Dispensing 20.0 uL into A2 of Plate E (Template Plate) on 6 at 7.6 uL/sec
Dropping tip into A1 of Opentrons Fixed Trash on 12
Picking up tip from A1 of Opentrons OT-2 96 Tip Rack 20 µL on 8
Transferring 20.0 from A3 of Plate D (Dilution Buffer Plate 1) on 3 to A3 of Plate E (Template Plate) on 6
	Aspirating 20.0 uL from A3 of Plate D (Dilution Buffer Plate 1) on 3 at 7.6 uL/sec
	Dispensing 20.0 uL into A3 of Plate E (Template Plate) on 6 at 7.6 uL/sec
	Mixing 10 times with a volume of 20.0 ul
		Aspirating 20.0 uL from A3 of Plate E (Template Plate) on 6 at 7.6 uL/sec
		Dispensing 20.0 uL into A3 of Plate E (Template Plate) on 6 at 7.6 uL/sec
		Aspirating 20.0 uL from A3 of Plate E (Template Plate) on 6 at 7.6 uL/sec
		Dispensing 20.0 uL into A3 of Plate E (Template Plate) on 6 at 7.6 uL/sec
		Aspirating 20.0 uL from A3 of Plate E (Template Plate) on 6 at 7.6 uL/sec
		Dispensing 20.0 uL into A3 of Plate E (Template Plate) on 6 at 7.6 uL/sec
		Aspirating 20.0 uL from A3 of Plate E (Template Plate) on 6 at 7.6 uL/sec
		Dispensing 20.0 uL into A3 of Plate E (Template Plate) on 6 at 7.6 uL/sec
		Aspirating 20.0 uL from A3 of Plate E (Template Plate) on 6 at 7.6 uL/sec
		Dispensing 20.0 uL into A3 of Plate E (Template Plate) on 6 at 7.6 uL/sec
		Aspirating 20.0 uL from A3 of Plate E (Template Plate) on 6 at 7.6 uL/sec
		Dispensing 20.0 uL into A3 of Plate E (Template Plate) on 6 at 7.6 uL/sec
		Aspirating 20.0 uL from A3 of Plate E (Template Plate) on 6 at 7.6 uL/sec
		Dispensing 20.0 uL into A3 of Plate E (Template Plate) on 6 at 7.6 uL/sec
		Aspirating 20.0 uL from A3 of Plate E (Template Plate) on 6 at 7.6 uL/sec
		Dispensing 20.0 uL into A3 of Plate E (Template Plate) on 6 at 7.6 uL/sec
		Aspirating 20.0 uL from A3 of Plate E (Template Plate) on 6 at 7.6 uL/sec
		Dispensing 20.0 uL into A3 of Plate E (Template Plate) on 6 at 7.6 uL/sec
		Aspirating 20.0 uL from A3 of Plate E (Template Plate) on 6 at 7.6 uL/sec
		Dispensing 20.0 uL into A3 of Plate E (Template Plate) on 6 at 7.6 uL/sec
Dropping tip into A1 of Opentrons Fixed Trash on 12
Picking up tip from A1 of Opentrons OT-2 96 Tip Rack 300 µL on 4
Transferring 22.5 from A8 of reagent reservoir on 5 to A1 of final Bio-Rad PCR plate on 9
	Aspirating 22.5 uL from A8 of reagent reservoir on 5 at 94.0 uL/sec
	Dispensing 22.5 uL into A1 of final Bio-Rad PCR plate on 9 at 94.0 uL/sec
Transferring 22.5 from A8 of reagent reservoir on 5 to A2 of final Bio-Rad PCR plate on 9
	Aspirating 22.5 uL from A8 of reagent reservoir on 5 at 94.0 uL/sec
	Dispensing 22.5 uL into A2 of final Bio-Rad PCR plate on 9 at 94.0 uL/sec
Transferring 22.5 from A8 of reagent reservoir on 5 to A3 of final Bio-Rad PCR plate on 9
	Aspirating 22.5 uL from A8 of reagent reservoir on 5 at 94.0 uL/sec
	Dispensing 22.5 uL into A3 of final Bio-Rad PCR plate on 9 at 94.0 uL/sec
Dropping tip into A1 of Opentrons Fixed Trash on 12
Picking up tip from A2 of Opentrons OT-2 96 Tip Rack 20 µL on 8
Transferring 2.5 from A1 of Plate E (Template Plate) on 6 to A1 of final Bio-Rad PCR plate on 9
	Aspirating 2.5 uL from A1 of Plate E (Template Plate) on 6 at 7.6 uL/sec
	Dispensing 2.5 uL into A1 of final Bio-Rad PCR plate on 9 at 7.6 uL/sec
	Mixing 5 times with a volume of 15.0 ul
		Aspirating 15.0 uL from A1 of final Bio-Rad PCR plate on 9 at 7.6 uL/sec
		Dispensing 15.0 uL into A1 of final Bio-Rad PCR plate on 9 at 7.6 uL/sec
		Aspirating 15.0 uL from A1 of final Bio-Rad PCR plate on 9 at 7.6 uL/sec
		Dispensing 15.0 uL into A1 of final Bio-Rad PCR plate on 9 at 7.6 uL/sec
		Aspirating 15.0 uL from A1 of final Bio-Rad PCR plate on 9 at 7.6 uL/sec
		Dispensing 15.0 uL into A1 of final Bio-Rad PCR plate on 9 at 7.6 uL/sec
		Aspirating 15.0 uL from A1 of final Bio-Rad PCR plate on 9 at 7.6 uL/sec
		Dispensing 15.0 uL into A1 of final Bio-Rad PCR plate on 9 at 7.6 uL/sec
		Aspirating 15.0 uL from A1 of final Bio-Rad PCR plate on 9 at 7.6 uL/sec
		Dispensing 15.0 uL into A1 of final Bio-Rad PCR plate on 9 at 7.6 uL/sec
Dropping tip into A1 of Opentrons Fixed Trash on 12
Picking up tip from A3 of Opentrons OT-2 96 Tip Rack 20 µL on 8
Transferring 2.5 from A2 of Plate E (Template Plate) on 6 to A2 of final Bio-Rad PCR plate on 9
	Aspirating 2.5 uL from A2 of Plate E (Template Plate) on 6 at 7.6 uL/sec
	Dispensing 2.5 uL into A2 of final Bio-Rad PCR plate on 9 at 7.6 uL/sec
	Mixing 5 times with a volume of 15.0 ul
		Aspirating 15.0 uL from A2 of final Bio-Rad PCR plate on 9 at 7.6 uL/sec
		Dispensing 15.0 uL into A2 of final Bio-Rad PCR plate on 9 at 7.6 uL/sec
		Aspirating 15.0 uL from A2 of final Bio-Rad PCR plate on 9 at 7.6 uL/sec
		Dispensing 15.0 uL into A2 of final Bio-Rad PCR plate on 9 at 7.6 uL/sec
		Aspirating 15.0 uL from A2 of final Bio-Rad PCR plate on 9 at 7.6 uL/sec
		Dispensing 15.0 uL into A2 of final Bio-Rad PCR plate on 9 at 7.6 uL/sec
		Aspirating 15.0 uL from A2 of final Bio-Rad PCR plate on 9 at 7.6 uL/sec
		Dispensing 15.0 uL into A2 of final Bio-Rad PCR plate on 9 at 7.6 uL/sec
		Aspirating 15.0 uL from A2 of final Bio-Rad PCR plate on 9 at 7.6 uL/sec
		Dispensing 15.0 uL into A2 of final Bio-Rad PCR plate on 9 at 7.6 uL/sec
Dropping tip into A1 of Opentrons Fixed Trash on 12
Picking up tip from A4 of Opentrons OT-2 96 Tip Rack 20 µL on 8
Transferring 2.5 from A3 of Plate E (Template Plate) on 6 to A3 of final Bio-Rad PCR plate on 9
	Aspirating 2.5 uL from A3 of Plate E (Template Plate) on 6 at 7.6 uL/sec
	Dispensing 2.5 uL into A3 of final Bio-Rad PCR plate on 9 at 7.6 uL/sec
	Mixing 5 times with a volume of 15.0 ul
		Aspirating 15.0 uL from A3 of final Bio-Rad PCR plate on 9 at 7.6 uL/sec
		Dispensing 15.0 uL into A3 of final Bio-Rad PCR plate on 9 at 7.6 uL/sec
		Aspirating 15.0 uL from A3 of final Bio-Rad PCR plate on 9 at 7.6 uL/sec
		Dispensing 15.0 uL into A3 of final Bio-Rad PCR plate on 9 at 7.6 uL/sec
		Aspirating 15.0 uL from A3 of final Bio-Rad PCR plate on 9 at 7.6 uL/sec
		Dispensing 15.0 uL into A3 of final Bio-Rad PCR plate on 9 at 7.6 uL/sec
		Aspirating 15.0 uL from A3 of final Bio-Rad PCR plate on 9 at 7.6 uL/sec
		Dispensing 15.0 uL into A3 of final Bio-Rad PCR plate on 9 at 7.6 uL/sec
		Aspirating 15.0 uL from A3 of final Bio-Rad PCR plate on 9 at 7.6 uL/sec
		Dispensing 15.0 uL into A3 of final Bio-Rad PCR plate on 9 at 7.6 uL/sec
Dropping tip into A1 of Opentrons Fixed Trash on 12
Plate is ready for Droplet Generation
Caught exception: {'message': 'Task was destroyed but it is pending!', 'task': <Task pending name='Task-4' coro=<Poller._poll_forever() running at /Users/dp/Desktop/project/github/opentrons/venv/lib/python3.10/site-packages/opentrons/hardware_control/poller.py:80> wait_for=<Future pending cb=[Task.task_wakeup()]>>}
Caught exception: {'message': 'Task was destroyed but it is pending!', 'task': <Task pending name='Task-3' coro=<Poller._poll_forever() running at /Users/dp/Desktop/project/github/opentrons/venv/lib/python3.10/site-packages/opentrons/hardware_control/poller.py:80> wait_for=<Future pending cb=[Task.task_wakeup()]>>}
Caught exception: {'message': 'Task was destroyed but it is pending!', 'task': <Task pending name='Task-2' coro=<Poller._poll_forever() running at /Users/dp/Desktop/project/github/opentrons/venv/lib/python3.10/site-packages/opentrons/hardware_control/poller.py:80> wait_for=<Future pending cb=[Task.task_wakeup()]>>}
