/Users/dp/Desktop/project/github/opentrons/venv/lib/python3.10/site-packages/opentrons/hardware_control/simulator_setup.py:205: UserWarning: Simulator configuration does not name a machine, defaulting to OT-2 Standard
  warn(
/Users/dp/.opentrons/robot_settings.json not found. Loading defaults
Deck calibration not found.
/Users/dp/.opentrons/deck_calibration.json not found. Loading defaults
Disengaging Magnetic Module


------------Transferring Sample-------------

Picking up tip from A1 of Opentrons OT-2 96 Filter Tip Rack 20 µL on 4
Aspirating 12.5 uL from A1 of NEST 96 Well Plate 100 µL PCR Full Skirt on 2 at 7.6 uL/sec
Dispensing 12.5 uL into A1 of NEST 96 Well Plate 100 µL PCR Full Skirt on Magnetic Module GEN2 on 3 at 7.6 uL/sec
Blowing out at A1 of NEST 96 Well Plate 100 µL PCR Full Skirt on Magnetic Module GEN2 on 3
Dropping tip into A1 of Opentrons Fixed Trash on 12
Picking up tip from A2 of Opentrons OT-2 96 Filter Tip Rack 20 µL on 4
Aspirating 12.5 uL from A2 of NEST 96 Well Plate 100 µL PCR Full Skirt on 2 at 7.6 uL/sec
Dispensing 12.5 uL into A2 of NEST 96 Well Plate 100 µL PCR Full Skirt on Magnetic Module GEN2 on 3 at 7.6 uL/sec
Blowing out at A2 of NEST 96 Well Plate 100 µL PCR Full Skirt on Magnetic Module GEN2 on 3
Dropping tip into A1 of Opentrons Fixed Trash on 12
Picking up tip from A3 of Opentrons OT-2 96 Filter Tip Rack 20 µL on 4
Aspirating 12.5 uL from A3 of NEST 96 Well Plate 100 µL PCR Full Skirt on 2 at 7.6 uL/sec
Dispensing 12.5 uL into A3 of NEST 96 Well Plate 100 µL PCR Full Skirt on Magnetic Module GEN2 on 3 at 7.6 uL/sec
Blowing out at A3 of NEST 96 Well Plate 100 µL PCR Full Skirt on Magnetic Module GEN2 on 3
Dropping tip into A1 of Opentrons Fixed Trash on 12
Picking up tip from A4 of Opentrons OT-2 96 Filter Tip Rack 20 µL on 4
Aspirating 12.5 uL from A4 of NEST 96 Well Plate 100 µL PCR Full Skirt on 2 at 7.6 uL/sec
Dispensing 12.5 uL into A4 of NEST 96 Well Plate 100 µL PCR Full Skirt on Magnetic Module GEN2 on 3 at 7.6 uL/sec
Blowing out at A4 of NEST 96 Well Plate 100 µL PCR Full Skirt on Magnetic Module GEN2 on 3
Dropping tip into A1 of Opentrons Fixed Trash on 12
Picking up tip from A5 of Opentrons OT-2 96 Filter Tip Rack 20 µL on 4
Aspirating 12.5 uL from A5 of NEST 96 Well Plate 100 µL PCR Full Skirt on 2 at 7.6 uL/sec
Dispensing 12.5 uL into A5 of NEST 96 Well Plate 100 µL PCR Full Skirt on Magnetic Module GEN2 on 3 at 7.6 uL/sec
Blowing out at A5 of NEST 96 Well Plate 100 µL PCR Full Skirt on Magnetic Module GEN2 on 3
Dropping tip into A1 of Opentrons Fixed Trash on 12
Picking up tip from A6 of Opentrons OT-2 96 Filter Tip Rack 20 µL on 4
Aspirating 12.5 uL from A6 of NEST 96 Well Plate 100 µL PCR Full Skirt on 2 at 7.6 uL/sec
Dispensing 12.5 uL into A6 of NEST 96 Well Plate 100 µL PCR Full Skirt on Magnetic Module GEN2 on 3 at 7.6 uL/sec
Blowing out at A6 of NEST 96 Well Plate 100 µL PCR Full Skirt on Magnetic Module GEN2 on 3
Dropping tip into A1 of Opentrons Fixed Trash on 12
Picking up tip from A7 of Opentrons OT-2 96 Filter Tip Rack 20 µL on 4
Aspirating 12.5 uL from A7 of NEST 96 Well Plate 100 µL PCR Full Skirt on 2 at 7.6 uL/sec
Dispensing 12.5 uL into A7 of NEST 96 Well Plate 100 µL PCR Full Skirt on Magnetic Module GEN2 on 3 at 7.6 uL/sec
Blowing out at A7 of NEST 96 Well Plate 100 µL PCR Full Skirt on Magnetic Module GEN2 on 3
Dropping tip into A1 of Opentrons Fixed Trash on 12
Picking up tip from A8 of Opentrons OT-2 96 Filter Tip Rack 20 µL on 4
Aspirating 12.5 uL from A8 of NEST 96 Well Plate 100 µL PCR Full Skirt on 2 at 7.6 uL/sec
Dispensing 12.5 uL into A8 of NEST 96 Well Plate 100 µL PCR Full Skirt on Magnetic Module GEN2 on 3 at 7.6 uL/sec
Blowing out at A8 of NEST 96 Well Plate 100 µL PCR Full Skirt on Magnetic Module GEN2 on 3
Dropping tip into A1 of Opentrons Fixed Trash on 12
Picking up tip from A9 of Opentrons OT-2 96 Filter Tip Rack 20 µL on 4
Aspirating 12.5 uL from A9 of NEST 96 Well Plate 100 µL PCR Full Skirt on 2 at 7.6 uL/sec
Dispensing 12.5 uL into A9 of NEST 96 Well Plate 100 µL PCR Full Skirt on Magnetic Module GEN2 on 3 at 7.6 uL/sec
Blowing out at A9 of NEST 96 Well Plate 100 µL PCR Full Skirt on Magnetic Module GEN2 on 3
Dropping tip into A1 of Opentrons Fixed Trash on 12
Picking up tip from A10 of Opentrons OT-2 96 Filter Tip Rack 20 µL on 4
Aspirating 12.5 uL from A10 of NEST 96 Well Plate 100 µL PCR Full Skirt on 2 at 7.6 uL/sec
Dispensing 12.5 uL into A10 of NEST 96 Well Plate 100 µL PCR Full Skirt on Magnetic Module GEN2 on 3 at 7.6 uL/sec
Blowing out at A10 of NEST 96 Well Plate 100 µL PCR Full Skirt on Magnetic Module GEN2 on 3
Dropping tip into A1 of Opentrons Fixed Trash on 12
Picking up tip from A11 of Opentrons OT-2 96 Filter Tip Rack 20 µL on 4
Aspirating 12.5 uL from A11 of NEST 96 Well Plate 100 µL PCR Full Skirt on 2 at 7.6 uL/sec
Dispensing 12.5 uL into A11 of NEST 96 Well Plate 100 µL PCR Full Skirt on Magnetic Module GEN2 on 3 at 7.6 uL/sec
Blowing out at A11 of NEST 96 Well Plate 100 µL PCR Full Skirt on Magnetic Module GEN2 on 3
Dropping tip into A1 of Opentrons Fixed Trash on 12
Picking up tip from A12 of Opentrons OT-2 96 Filter Tip Rack 20 µL on 4
Aspirating 12.5 uL from A12 of NEST 96 Well Plate 100 µL PCR Full Skirt on 2 at 7.6 uL/sec
Dispensing 12.5 uL into A12 of NEST 96 Well Plate 100 µL PCR Full Skirt on Magnetic Module GEN2 on 3 at 7.6 uL/sec
Blowing out at A12 of NEST 96 Well Plate 100 µL PCR Full Skirt on Magnetic Module GEN2 on 3
Dropping tip into A1 of Opentrons Fixed Trash on 12
Pausing robot operation: Mix plate on magnetic module. Put back on magnetic module


------------Transferring Beads-------------

Picking up tip from A1 of Opentrons OT-2 96 Filter Tip Rack 200 µL on 7
Mixing 3 times with a volume of 200.0 ul
	Aspirating 200.0 uL from A1 of NEST 96 Deep Well Plate 2mL on 1 at 94.0 uL/sec
	Dispensing 200.0 uL into A1 of NEST 96 Deep Well Plate 2mL on 1 at 94.0 uL/sec
	Aspirating 200.0 uL from A1 of NEST 96 Deep Well Plate 2mL on 1 at 94.0 uL/sec
	Dispensing 200.0 uL into A1 of NEST 96 Deep Well Plate 2mL on 1 at 94.0 uL/sec
	Aspirating 200.0 uL from A1 of NEST 96 Deep Well Plate 2mL on 1 at 94.0 uL/sec
	Dispensing 200.0 uL into A1 of NEST 96 Deep Well Plate 2mL on 1 at 94.0 uL/sec
Dropping tip into A1 of Opentrons Fixed Trash on 12
Picking up tip from A1 of Opentrons OT-2 96 Filter Tip Rack 20 µL on 5
Aspirating 20.0 uL from A1 of NEST 96 Deep Well Plate 2mL on 1 at 5.699999999999999 uL/sec
Dispensing 20.0 uL into A1 of NEST 96 Well Plate 100 µL PCR Full Skirt on Magnetic Module GEN2 on 3 at 7.6 uL/sec
Blowing out at A1 of NEST 96 Well Plate 100 µL PCR Full Skirt on Magnetic Module GEN2 on 3
Dropping tip into A1 of Opentrons Fixed Trash on 12
Picking up tip from A2 of Opentrons OT-2 96 Filter Tip Rack 20 µL on 5
Aspirating 20.0 uL from A1 of NEST 96 Deep Well Plate 2mL on 1 at 5.699999999999999 uL/sec
Dispensing 20.0 uL into A2 of NEST 96 Well Plate 100 µL PCR Full Skirt on Magnetic Module GEN2 on 3 at 7.6 uL/sec
Blowing out at A2 of NEST 96 Well Plate 100 µL PCR Full Skirt on Magnetic Module GEN2 on 3
Dropping tip into A1 of Opentrons Fixed Trash on 12
Picking up tip from A3 of Opentrons OT-2 96 Filter Tip Rack 20 µL on 5
Aspirating 20.0 uL from A1 of NEST 96 Deep Well Plate 2mL on 1 at 5.699999999999999 uL/sec
Dispensing 20.0 uL into A3 of NEST 96 Well Plate 100 µL PCR Full Skirt on Magnetic Module GEN2 on 3 at 7.6 uL/sec
Blowing out at A3 of NEST 96 Well Plate 100 µL PCR Full Skirt on Magnetic Module GEN2 on 3
Dropping tip into A1 of Opentrons Fixed Trash on 12
Picking up tip from A4 of Opentrons OT-2 96 Filter Tip Rack 20 µL on 5
Aspirating 20.0 uL from A1 of NEST 96 Deep Well Plate 2mL on 1 at 5.699999999999999 uL/sec
Dispensing 20.0 uL into A4 of NEST 96 Well Plate 100 µL PCR Full Skirt on Magnetic Module GEN2 on 3 at 7.6 uL/sec
Blowing out at A4 of NEST 96 Well Plate 100 µL PCR Full Skirt on Magnetic Module GEN2 on 3
Dropping tip into A1 of Opentrons Fixed Trash on 12
Picking up tip from A5 of Opentrons OT-2 96 Filter Tip Rack 20 µL on 5
Aspirating 20.0 uL from A1 of NEST 96 Deep Well Plate 2mL on 1 at 5.699999999999999 uL/sec
Dispensing 20.0 uL into A5 of NEST 96 Well Plate 100 µL PCR Full Skirt on Magnetic Module GEN2 on 3 at 7.6 uL/sec
Blowing out at A5 of NEST 96 Well Plate 100 µL PCR Full Skirt on Magnetic Module GEN2 on 3
Dropping tip into A1 of Opentrons Fixed Trash on 12
Picking up tip from A6 of Opentrons OT-2 96 Filter Tip Rack 20 µL on 5
Aspirating 20.0 uL from A1 of NEST 96 Deep Well Plate 2mL on 1 at 5.699999999999999 uL/sec
Dispensing 20.0 uL into A6 of NEST 96 Well Plate 100 µL PCR Full Skirt on Magnetic Module GEN2 on 3 at 7.6 uL/sec
Blowing out at A6 of NEST 96 Well Plate 100 µL PCR Full Skirt on Magnetic Module GEN2 on 3
Dropping tip into A1 of Opentrons Fixed Trash on 12
Picking up tip from A7 of Opentrons OT-2 96 Filter Tip Rack 20 µL on 5
Aspirating 20.0 uL from A1 of NEST 96 Deep Well Plate 2mL on 1 at 5.699999999999999 uL/sec
Dispensing 20.0 uL into A7 of NEST 96 Well Plate 100 µL PCR Full Skirt on Magnetic Module GEN2 on 3 at 7.6 uL/sec
Blowing out at A7 of NEST 96 Well Plate 100 µL PCR Full Skirt on Magnetic Module GEN2 on 3
Dropping tip into A1 of Opentrons Fixed Trash on 12
Picking up tip from A8 of Opentrons OT-2 96 Filter Tip Rack 20 µL on 5
Aspirating 20.0 uL from A1 of NEST 96 Deep Well Plate 2mL on 1 at 5.699999999999999 uL/sec
Dispensing 20.0 uL into A8 of NEST 96 Well Plate 100 µL PCR Full Skirt on Magnetic Module GEN2 on 3 at 7.6 uL/sec
Blowing out at A8 of NEST 96 Well Plate 100 µL PCR Full Skirt on Magnetic Module GEN2 on 3
Dropping tip into A1 of Opentrons Fixed Trash on 12
Picking up tip from A9 of Opentrons OT-2 96 Filter Tip Rack 20 µL on 5
Aspirating 20.0 uL from A1 of NEST 96 Deep Well Plate 2mL on 1 at 5.699999999999999 uL/sec
Dispensing 20.0 uL into A9 of NEST 96 Well Plate 100 µL PCR Full Skirt on Magnetic Module GEN2 on 3 at 7.6 uL/sec
Blowing out at A9 of NEST 96 Well Plate 100 µL PCR Full Skirt on Magnetic Module GEN2 on 3
Dropping tip into A1 of Opentrons Fixed Trash on 12
Picking up tip from A10 of Opentrons OT-2 96 Filter Tip Rack 20 µL on 5
Aspirating 20.0 uL from A1 of NEST 96 Deep Well Plate 2mL on 1 at 5.699999999999999 uL/sec
Dispensing 20.0 uL into A10 of NEST 96 Well Plate 100 µL PCR Full Skirt on Magnetic Module GEN2 on 3 at 7.6 uL/sec
Blowing out at A10 of NEST 96 Well Plate 100 µL PCR Full Skirt on Magnetic Module GEN2 on 3
Dropping tip into A1 of Opentrons Fixed Trash on 12
Picking up tip from A11 of Opentrons OT-2 96 Filter Tip Rack 20 µL on 5
Aspirating 20.0 uL from A1 of NEST 96 Deep Well Plate 2mL on 1 at 5.699999999999999 uL/sec
Dispensing 20.0 uL into A11 of NEST 96 Well Plate 100 µL PCR Full Skirt on Magnetic Module GEN2 on 3 at 7.6 uL/sec
Blowing out at A11 of NEST 96 Well Plate 100 µL PCR Full Skirt on Magnetic Module GEN2 on 3
Dropping tip into A1 of Opentrons Fixed Trash on 12
Picking up tip from A12 of Opentrons OT-2 96 Filter Tip Rack 20 µL on 5
Aspirating 20.0 uL from A1 of NEST 96 Deep Well Plate 2mL on 1 at 5.699999999999999 uL/sec
Dispensing 20.0 uL into A12 of NEST 96 Well Plate 100 µL PCR Full Skirt on Magnetic Module GEN2 on 3 at 7.6 uL/sec
Blowing out at A12 of NEST 96 Well Plate 100 µL PCR Full Skirt on Magnetic Module GEN2 on 3
Dropping tip into A1 of Opentrons Fixed Trash on 12
Pausing robot operation: Mix, incubate 5 minutes off deck. Place back on mag deck.


------------Engage Magnet, Remove Super-------------

Engaging Magnetic Module
Delaying for 5 minutes and 0.0 seconds
Picking up tip from A2 of Opentrons OT-2 96 Filter Tip Rack 200 µL on 7
Aspirating 50.0 uL from A1 of NEST 96 Well Plate 100 µL PCR Full Skirt on Magnetic Module GEN2 on 3 at 18.8 uL/sec
Aspirating 10.0 uL from A1 of NEST 96 Well Plate 100 µL PCR Full Skirt on Magnetic Module GEN2 on 3 at 18.8 uL/sec
Aspirating 5.0 uL from A1 of NEST 96 Well Plate 100 µL PCR Full Skirt on Magnetic Module GEN2 on 3 at 18.8 uL/sec
Dispensing 65.0 uL into A12 of NEST 96 Deep Well Plate 2mL on 1 at 18.8 uL/sec
Dropping tip into A1 of Opentrons Fixed Trash on 12
Picking up tip from A3 of Opentrons OT-2 96 Filter Tip Rack 200 µL on 7
Aspirating 50.0 uL from A2 of NEST 96 Well Plate 100 µL PCR Full Skirt on Magnetic Module GEN2 on 3 at 18.8 uL/sec
Aspirating 10.0 uL from A2 of NEST 96 Well Plate 100 µL PCR Full Skirt on Magnetic Module GEN2 on 3 at 18.8 uL/sec
Aspirating 5.0 uL from A2 of NEST 96 Well Plate 100 µL PCR Full Skirt on Magnetic Module GEN2 on 3 at 18.8 uL/sec
Dispensing 65.0 uL into A12 of NEST 96 Deep Well Plate 2mL on 1 at 18.8 uL/sec
Dropping tip into A1 of Opentrons Fixed Trash on 12
Picking up tip from A4 of Opentrons OT-2 96 Filter Tip Rack 200 µL on 7
Aspirating 50.0 uL from A3 of NEST 96 Well Plate 100 µL PCR Full Skirt on Magnetic Module GEN2 on 3 at 18.8 uL/sec
Aspirating 10.0 uL from A3 of NEST 96 Well Plate 100 µL PCR Full Skirt on Magnetic Module GEN2 on 3 at 18.8 uL/sec
Aspirating 5.0 uL from A3 of NEST 96 Well Plate 100 µL PCR Full Skirt on Magnetic Module GEN2 on 3 at 18.8 uL/sec
Dispensing 65.0 uL into A12 of NEST 96 Deep Well Plate 2mL on 1 at 18.8 uL/sec
Dropping tip into A1 of Opentrons Fixed Trash on 12
Picking up tip from A5 of Opentrons OT-2 96 Filter Tip Rack 200 µL on 7
Aspirating 50.0 uL from A4 of NEST 96 Well Plate 100 µL PCR Full Skirt on Magnetic Module GEN2 on 3 at 18.8 uL/sec
Aspirating 10.0 uL from A4 of NEST 96 Well Plate 100 µL PCR Full Skirt on Magnetic Module GEN2 on 3 at 18.8 uL/sec
Aspirating 5.0 uL from A4 of NEST 96 Well Plate 100 µL PCR Full Skirt on Magnetic Module GEN2 on 3 at 18.8 uL/sec
Dispensing 65.0 uL into A12 of NEST 96 Deep Well Plate 2mL on 1 at 18.8 uL/sec
Dropping tip into A1 of Opentrons Fixed Trash on 12
Picking up tip from A6 of Opentrons OT-2 96 Filter Tip Rack 200 µL on 7
Aspirating 50.0 uL from A5 of NEST 96 Well Plate 100 µL PCR Full Skirt on Magnetic Module GEN2 on 3 at 18.8 uL/sec
Aspirating 10.0 uL from A5 of NEST 96 Well Plate 100 µL PCR Full Skirt on Magnetic Module GEN2 on 3 at 18.8 uL/sec
Aspirating 5.0 uL from A5 of NEST 96 Well Plate 100 µL PCR Full Skirt on Magnetic Module GEN2 on 3 at 18.8 uL/sec
Dispensing 65.0 uL into A12 of NEST 96 Deep Well Plate 2mL on 1 at 18.8 uL/sec
Dropping tip into A1 of Opentrons Fixed Trash on 12
Picking up tip from A7 of Opentrons OT-2 96 Filter Tip Rack 200 µL on 7
Aspirating 50.0 uL from A6 of NEST 96 Well Plate 100 µL PCR Full Skirt on Magnetic Module GEN2 on 3 at 18.8 uL/sec
Aspirating 10.0 uL from A6 of NEST 96 Well Plate 100 µL PCR Full Skirt on Magnetic Module GEN2 on 3 at 18.8 uL/sec
Aspirating 5.0 uL from A6 of NEST 96 Well Plate 100 µL PCR Full Skirt on Magnetic Module GEN2 on 3 at 18.8 uL/sec
Dispensing 65.0 uL into A12 of NEST 96 Deep Well Plate 2mL on 1 at 18.8 uL/sec
Dropping tip into A1 of Opentrons Fixed Trash on 12
Picking up tip from A8 of Opentrons OT-2 96 Filter Tip Rack 200 µL on 7
Aspirating 50.0 uL from A7 of NEST 96 Well Plate 100 µL PCR Full Skirt on Magnetic Module GEN2 on 3 at 18.8 uL/sec
Aspirating 10.0 uL from A7 of NEST 96 Well Plate 100 µL PCR Full Skirt on Magnetic Module GEN2 on 3 at 18.8 uL/sec
Aspirating 5.0 uL from A7 of NEST 96 Well Plate 100 µL PCR Full Skirt on Magnetic Module GEN2 on 3 at 18.8 uL/sec
Dispensing 65.0 uL into A12 of NEST 96 Deep Well Plate 2mL on 1 at 18.8 uL/sec
Dropping tip into A1 of Opentrons Fixed Trash on 12
Picking up tip from A9 of Opentrons OT-2 96 Filter Tip Rack 200 µL on 7
Aspirating 50.0 uL from A8 of NEST 96 Well Plate 100 µL PCR Full Skirt on Magnetic Module GEN2 on 3 at 18.8 uL/sec
Aspirating 10.0 uL from A8 of NEST 96 Well Plate 100 µL PCR Full Skirt on Magnetic Module GEN2 on 3 at 18.8 uL/sec
Aspirating 5.0 uL from A8 of NEST 96 Well Plate 100 µL PCR Full Skirt on Magnetic Module GEN2 on 3 at 18.8 uL/sec
Dispensing 65.0 uL into A12 of NEST 96 Deep Well Plate 2mL on 1 at 18.8 uL/sec
Dropping tip into A1 of Opentrons Fixed Trash on 12
Picking up tip from A10 of Opentrons OT-2 96 Filter Tip Rack 200 µL on 7
Aspirating 50.0 uL from A9 of NEST 96 Well Plate 100 µL PCR Full Skirt on Magnetic Module GEN2 on 3 at 18.8 uL/sec
Aspirating 10.0 uL from A9 of NEST 96 Well Plate 100 µL PCR Full Skirt on Magnetic Module GEN2 on 3 at 18.8 uL/sec
Aspirating 5.0 uL from A9 of NEST 96 Well Plate 100 µL PCR Full Skirt on Magnetic Module GEN2 on 3 at 18.8 uL/sec
Dispensing 65.0 uL into A12 of NEST 96 Deep Well Plate 2mL on 1 at 18.8 uL/sec
Dropping tip into A1 of Opentrons Fixed Trash on 12
Picking up tip from A11 of Opentrons OT-2 96 Filter Tip Rack 200 µL on 7
Aspirating 50.0 uL from A10 of NEST 96 Well Plate 100 µL PCR Full Skirt on Magnetic Module GEN2 on 3 at 18.8 uL/sec
Aspirating 10.0 uL from A10 of NEST 96 Well Plate 100 µL PCR Full Skirt on Magnetic Module GEN2 on 3 at 18.8 uL/sec
Aspirating 5.0 uL from A10 of NEST 96 Well Plate 100 µL PCR Full Skirt on Magnetic Module GEN2 on 3 at 18.8 uL/sec
Dispensing 65.0 uL into A12 of NEST 96 Deep Well Plate 2mL on 1 at 18.8 uL/sec
Dropping tip into A1 of Opentrons Fixed Trash on 12
Picking up tip from A12 of Opentrons OT-2 96 Filter Tip Rack 200 µL on 7
Aspirating 50.0 uL from A11 of NEST 96 Well Plate 100 µL PCR Full Skirt on Magnetic Module GEN2 on 3 at 18.8 uL/sec
Aspirating 10.0 uL from A11 of NEST 96 Well Plate 100 µL PCR Full Skirt on Magnetic Module GEN2 on 3 at 18.8 uL/sec
Aspirating 5.0 uL from A11 of NEST 96 Well Plate 100 µL PCR Full Skirt on Magnetic Module GEN2 on 3 at 18.8 uL/sec
Dispensing 65.0 uL into A12 of NEST 96 Deep Well Plate 2mL on 1 at 18.8 uL/sec
Dropping tip into A1 of Opentrons Fixed Trash on 12
Picking up tip from A1 of Opentrons OT-2 96 Filter Tip Rack 200 µL on 8
Aspirating 50.0 uL from A12 of NEST 96 Well Plate 100 µL PCR Full Skirt on Magnetic Module GEN2 on 3 at 18.8 uL/sec
Aspirating 10.0 uL from A12 of NEST 96 Well Plate 100 µL PCR Full Skirt on Magnetic Module GEN2 on 3 at 18.8 uL/sec
Aspirating 5.0 uL from A12 of NEST 96 Well Plate 100 µL PCR Full Skirt on Magnetic Module GEN2 on 3 at 18.8 uL/sec
Dispensing 65.0 uL into A12 of NEST 96 Deep Well Plate 2mL on 1 at 18.8 uL/sec
Dropping tip into A1 of Opentrons Fixed Trash on 12


------------Two Washes-------------

Picking up tip from A2 of Opentrons OT-2 96 Filter Tip Rack 200 µL on 8
Aspirating 100.0 uL from A2 of NEST 96 Deep Well Plate 2mL on 1 at 94.0 uL/sec
Dispensing 100.0 uL into A1 of NEST 96 Well Plate 100 µL PCR Full Skirt on Magnetic Module GEN2 on 3 at 94.0 uL/sec
Blowing out at A1 of NEST 96 Well Plate 100 µL PCR Full Skirt on Magnetic Module GEN2 on 3
Aspirating 100.0 uL from A2 of NEST 96 Deep Well Plate 2mL on 1 at 94.0 uL/sec
Dispensing 100.0 uL into A2 of NEST 96 Well Plate 100 µL PCR Full Skirt on Magnetic Module GEN2 on 3 at 94.0 uL/sec
Blowing out at A2 of NEST 96 Well Plate 100 µL PCR Full Skirt on Magnetic Module GEN2 on 3
Aspirating 100.0 uL from A2 of NEST 96 Deep Well Plate 2mL on 1 at 94.0 uL/sec
Dispensing 100.0 uL into A3 of NEST 96 Well Plate 100 µL PCR Full Skirt on Magnetic Module GEN2 on 3 at 94.0 uL/sec
Blowing out at A3 of NEST 96 Well Plate 100 µL PCR Full Skirt on Magnetic Module GEN2 on 3
Aspirating 100.0 uL from A2 of NEST 96 Deep Well Plate 2mL on 1 at 94.0 uL/sec
Dispensing 100.0 uL into A4 of NEST 96 Well Plate 100 µL PCR Full Skirt on Magnetic Module GEN2 on 3 at 94.0 uL/sec
Blowing out at A4 of NEST 96 Well Plate 100 µL PCR Full Skirt on Magnetic Module GEN2 on 3
Aspirating 100.0 uL from A2 of NEST 96 Deep Well Plate 2mL on 1 at 94.0 uL/sec
Dispensing 100.0 uL into A5 of NEST 96 Well Plate 100 µL PCR Full Skirt on Magnetic Module GEN2 on 3 at 94.0 uL/sec
Blowing out at A5 of NEST 96 Well Plate 100 µL PCR Full Skirt on Magnetic Module GEN2 on 3
Aspirating 100.0 uL from A2 of NEST 96 Deep Well Plate 2mL on 1 at 94.0 uL/sec
Dispensing 100.0 uL into A6 of NEST 96 Well Plate 100 µL PCR Full Skirt on Magnetic Module GEN2 on 3 at 94.0 uL/sec
Blowing out at A6 of NEST 96 Well Plate 100 µL PCR Full Skirt on Magnetic Module GEN2 on 3
Aspirating 100.0 uL from A2 of NEST 96 Deep Well Plate 2mL on 1 at 94.0 uL/sec
Dispensing 100.0 uL into A7 of NEST 96 Well Plate 100 µL PCR Full Skirt on Magnetic Module GEN2 on 3 at 94.0 uL/sec
Blowing out at A7 of NEST 96 Well Plate 100 µL PCR Full Skirt on Magnetic Module GEN2 on 3
Aspirating 100.0 uL from A2 of NEST 96 Deep Well Plate 2mL on 1 at 94.0 uL/sec
Dispensing 100.0 uL into A8 of NEST 96 Well Plate 100 µL PCR Full Skirt on Magnetic Module GEN2 on 3 at 94.0 uL/sec
Blowing out at A8 of NEST 96 Well Plate 100 µL PCR Full Skirt on Magnetic Module GEN2 on 3
Aspirating 100.0 uL from A2 of NEST 96 Deep Well Plate 2mL on 1 at 94.0 uL/sec
Dispensing 100.0 uL into A9 of NEST 96 Well Plate 100 µL PCR Full Skirt on Magnetic Module GEN2 on 3 at 94.0 uL/sec
Blowing out at A9 of NEST 96 Well Plate 100 µL PCR Full Skirt on Magnetic Module GEN2 on 3
Aspirating 100.0 uL from A2 of NEST 96 Deep Well Plate 2mL on 1 at 94.0 uL/sec
Dispensing 100.0 uL into A10 of NEST 96 Well Plate 100 µL PCR Full Skirt on Magnetic Module GEN2 on 3 at 94.0 uL/sec
Blowing out at A10 of NEST 96 Well Plate 100 µL PCR Full Skirt on Magnetic Module GEN2 on 3
Aspirating 100.0 uL from A2 of NEST 96 Deep Well Plate 2mL on 1 at 94.0 uL/sec
Dispensing 100.0 uL into A11 of NEST 96 Well Plate 100 µL PCR Full Skirt on Magnetic Module GEN2 on 3 at 94.0 uL/sec
Blowing out at A11 of NEST 96 Well Plate 100 µL PCR Full Skirt on Magnetic Module GEN2 on 3
Aspirating 100.0 uL from A2 of NEST 96 Deep Well Plate 2mL on 1 at 94.0 uL/sec
Dispensing 100.0 uL into A12 of NEST 96 Well Plate 100 µL PCR Full Skirt on Magnetic Module GEN2 on 3 at 94.0 uL/sec
Blowing out at A12 of NEST 96 Well Plate 100 µL PCR Full Skirt on Magnetic Module GEN2 on 3


Aspirating 100.0 uL from A1 of NEST 96 Well Plate 100 µL PCR Full Skirt on Magnetic Module GEN2 on 3 at 18.8 uL/sec
Aspirating 10.0 uL from A1 of NEST 96 Well Plate 100 µL PCR Full Skirt on Magnetic Module GEN2 on 3 at 18.8 uL/sec
Aspirating 5.0 uL from A1 of NEST 96 Well Plate 100 µL PCR Full Skirt on Magnetic Module GEN2 on 3 at 18.8 uL/sec
Dispensing 115.0 uL into A11 of NEST 96 Deep Well Plate 2mL on 1 at 94.0 uL/sec
Dropping tip into A1 of Opentrons Fixed Trash on 12
Picking up tip from A3 of Opentrons OT-2 96 Filter Tip Rack 200 µL on 8
Aspirating 100.0 uL from A2 of NEST 96 Well Plate 100 µL PCR Full Skirt on Magnetic Module GEN2 on 3 at 18.8 uL/sec
Aspirating 10.0 uL from A2 of NEST 96 Well Plate 100 µL PCR Full Skirt on Magnetic Module GEN2 on 3 at 18.8 uL/sec
Aspirating 5.0 uL from A2 of NEST 96 Well Plate 100 µL PCR Full Skirt on Magnetic Module GEN2 on 3 at 18.8 uL/sec
Dispensing 115.0 uL into A11 of NEST 96 Deep Well Plate 2mL on 1 at 94.0 uL/sec
Dropping tip into A1 of Opentrons Fixed Trash on 12
Picking up tip from A4 of Opentrons OT-2 96 Filter Tip Rack 200 µL on 8
Aspirating 100.0 uL from A3 of NEST 96 Well Plate 100 µL PCR Full Skirt on Magnetic Module GEN2 on 3 at 18.8 uL/sec
Aspirating 10.0 uL from A3 of NEST 96 Well Plate 100 µL PCR Full Skirt on Magnetic Module GEN2 on 3 at 18.8 uL/sec
Aspirating 5.0 uL from A3 of NEST 96 Well Plate 100 µL PCR Full Skirt on Magnetic Module GEN2 on 3 at 18.8 uL/sec
Dispensing 115.0 uL into A11 of NEST 96 Deep Well Plate 2mL on 1 at 94.0 uL/sec
Dropping tip into A1 of Opentrons Fixed Trash on 12
Picking up tip from A5 of Opentrons OT-2 96 Filter Tip Rack 200 µL on 8
Aspirating 100.0 uL from A4 of NEST 96 Well Plate 100 µL PCR Full Skirt on Magnetic Module GEN2 on 3 at 18.8 uL/sec
Aspirating 10.0 uL from A4 of NEST 96 Well Plate 100 µL PCR Full Skirt on Magnetic Module GEN2 on 3 at 18.8 uL/sec
Aspirating 5.0 uL from A4 of NEST 96 Well Plate 100 µL PCR Full Skirt on Magnetic Module GEN2 on 3 at 18.8 uL/sec
Dispensing 115.0 uL into A11 of NEST 96 Deep Well Plate 2mL on 1 at 94.0 uL/sec
Dropping tip into A1 of Opentrons Fixed Trash on 12
Picking up tip from A6 of Opentrons OT-2 96 Filter Tip Rack 200 µL on 8
Aspirating 100.0 uL from A5 of NEST 96 Well Plate 100 µL PCR Full Skirt on Magnetic Module GEN2 on 3 at 18.8 uL/sec
Aspirating 10.0 uL from A5 of NEST 96 Well Plate 100 µL PCR Full Skirt on Magnetic Module GEN2 on 3 at 18.8 uL/sec
Aspirating 5.0 uL from A5 of NEST 96 Well Plate 100 µL PCR Full Skirt on Magnetic Module GEN2 on 3 at 18.8 uL/sec
Dispensing 115.0 uL into A11 of NEST 96 Deep Well Plate 2mL on 1 at 94.0 uL/sec
Dropping tip into A1 of Opentrons Fixed Trash on 12
Picking up tip from A7 of Opentrons OT-2 96 Filter Tip Rack 200 µL on 8
Aspirating 100.0 uL from A6 of NEST 96 Well Plate 100 µL PCR Full Skirt on Magnetic Module GEN2 on 3 at 18.8 uL/sec
Aspirating 10.0 uL from A6 of NEST 96 Well Plate 100 µL PCR Full Skirt on Magnetic Module GEN2 on 3 at 18.8 uL/sec
Aspirating 5.0 uL from A6 of NEST 96 Well Plate 100 µL PCR Full Skirt on Magnetic Module GEN2 on 3 at 18.8 uL/sec
Dispensing 115.0 uL into A11 of NEST 96 Deep Well Plate 2mL on 1 at 94.0 uL/sec
Dropping tip into A1 of Opentrons Fixed Trash on 12
Picking up tip from A8 of Opentrons OT-2 96 Filter Tip Rack 200 µL on 8
Aspirating 100.0 uL from A7 of NEST 96 Well Plate 100 µL PCR Full Skirt on Magnetic Module GEN2 on 3 at 18.8 uL/sec
Aspirating 10.0 uL from A7 of NEST 96 Well Plate 100 µL PCR Full Skirt on Magnetic Module GEN2 on 3 at 18.8 uL/sec
Aspirating 5.0 uL from A7 of NEST 96 Well Plate 100 µL PCR Full Skirt on Magnetic Module GEN2 on 3 at 18.8 uL/sec
Dispensing 115.0 uL into A11 of NEST 96 Deep Well Plate 2mL on 1 at 94.0 uL/sec
Dropping tip into A1 of Opentrons Fixed Trash on 12
Picking up tip from A9 of Opentrons OT-2 96 Filter Tip Rack 200 µL on 8
Aspirating 100.0 uL from A8 of NEST 96 Well Plate 100 µL PCR Full Skirt on Magnetic Module GEN2 on 3 at 18.8 uL/sec
Aspirating 10.0 uL from A8 of NEST 96 Well Plate 100 µL PCR Full Skirt on Magnetic Module GEN2 on 3 at 18.8 uL/sec
Aspirating 5.0 uL from A8 of NEST 96 Well Plate 100 µL PCR Full Skirt on Magnetic Module GEN2 on 3 at 18.8 uL/sec
Dispensing 115.0 uL into A11 of NEST 96 Deep Well Plate 2mL on 1 at 94.0 uL/sec
Dropping tip into A1 of Opentrons Fixed Trash on 12
Picking up tip from A10 of Opentrons OT-2 96 Filter Tip Rack 200 µL on 8
Aspirating 100.0 uL from A9 of NEST 96 Well Plate 100 µL PCR Full Skirt on Magnetic Module GEN2 on 3 at 18.8 uL/sec
Aspirating 10.0 uL from A9 of NEST 96 Well Plate 100 µL PCR Full Skirt on Magnetic Module GEN2 on 3 at 18.8 uL/sec
Aspirating 5.0 uL from A9 of NEST 96 Well Plate 100 µL PCR Full Skirt on Magnetic Module GEN2 on 3 at 18.8 uL/sec
Dispensing 115.0 uL into A11 of NEST 96 Deep Well Plate 2mL on 1 at 94.0 uL/sec
Dropping tip into A1 of Opentrons Fixed Trash on 12
Picking up tip from A11 of Opentrons OT-2 96 Filter Tip Rack 200 µL on 8
Aspirating 100.0 uL from A10 of NEST 96 Well Plate 100 µL PCR Full Skirt on Magnetic Module GEN2 on 3 at 18.8 uL/sec
Aspirating 10.0 uL from A10 of NEST 96 Well Plate 100 µL PCR Full Skirt on Magnetic Module GEN2 on 3 at 18.8 uL/sec
Aspirating 5.0 uL from A10 of NEST 96 Well Plate 100 µL PCR Full Skirt on Magnetic Module GEN2 on 3 at 18.8 uL/sec
Dispensing 115.0 uL into A11 of NEST 96 Deep Well Plate 2mL on 1 at 94.0 uL/sec
Dropping tip into A1 of Opentrons Fixed Trash on 12
Picking up tip from A12 of Opentrons OT-2 96 Filter Tip Rack 200 µL on 8
Aspirating 100.0 uL from A11 of NEST 96 Well Plate 100 µL PCR Full Skirt on Magnetic Module GEN2 on 3 at 18.8 uL/sec
Aspirating 10.0 uL from A11 of NEST 96 Well Plate 100 µL PCR Full Skirt on Magnetic Module GEN2 on 3 at 18.8 uL/sec
Aspirating 5.0 uL from A11 of NEST 96 Well Plate 100 µL PCR Full Skirt on Magnetic Module GEN2 on 3 at 18.8 uL/sec
Dispensing 115.0 uL into A11 of NEST 96 Deep Well Plate 2mL on 1 at 94.0 uL/sec
Dropping tip into A1 of Opentrons Fixed Trash on 12
Picking up tip from A1 of Opentrons OT-2 96 Filter Tip Rack 200 µL on 9
Aspirating 100.0 uL from A12 of NEST 96 Well Plate 100 µL PCR Full Skirt on Magnetic Module GEN2 on 3 at 18.8 uL/sec
Aspirating 10.0 uL from A12 of NEST 96 Well Plate 100 µL PCR Full Skirt on Magnetic Module GEN2 on 3 at 18.8 uL/sec
Aspirating 5.0 uL from A12 of NEST 96 Well Plate 100 µL PCR Full Skirt on Magnetic Module GEN2 on 3 at 18.8 uL/sec
Dispensing 115.0 uL into A11 of NEST 96 Deep Well Plate 2mL on 1 at 94.0 uL/sec
Dropping tip into A1 of Opentrons Fixed Trash on 12




Picking up tip from A2 of Opentrons OT-2 96 Filter Tip Rack 200 µL on 9
Aspirating 100.0 uL from A3 of NEST 96 Deep Well Plate 2mL on 1 at 94.0 uL/sec
Dispensing 100.0 uL into A1 of NEST 96 Well Plate 100 µL PCR Full Skirt on Magnetic Module GEN2 on 3 at 94.0 uL/sec
Blowing out at A1 of NEST 96 Well Plate 100 µL PCR Full Skirt on Magnetic Module GEN2 on 3
Aspirating 100.0 uL from A3 of NEST 96 Deep Well Plate 2mL on 1 at 94.0 uL/sec
Dispensing 100.0 uL into A2 of NEST 96 Well Plate 100 µL PCR Full Skirt on Magnetic Module GEN2 on 3 at 94.0 uL/sec
Blowing out at A2 of NEST 96 Well Plate 100 µL PCR Full Skirt on Magnetic Module GEN2 on 3
Aspirating 100.0 uL from A3 of NEST 96 Deep Well Plate 2mL on 1 at 94.0 uL/sec
Dispensing 100.0 uL into A3 of NEST 96 Well Plate 100 µL PCR Full Skirt on Magnetic Module GEN2 on 3 at 94.0 uL/sec
Blowing out at A3 of NEST 96 Well Plate 100 µL PCR Full Skirt on Magnetic Module GEN2 on 3
Aspirating 100.0 uL from A3 of NEST 96 Deep Well Plate 2mL on 1 at 94.0 uL/sec
Dispensing 100.0 uL into A4 of NEST 96 Well Plate 100 µL PCR Full Skirt on Magnetic Module GEN2 on 3 at 94.0 uL/sec
Blowing out at A4 of NEST 96 Well Plate 100 µL PCR Full Skirt on Magnetic Module GEN2 on 3
Aspirating 100.0 uL from A3 of NEST 96 Deep Well Plate 2mL on 1 at 94.0 uL/sec
Dispensing 100.0 uL into A5 of NEST 96 Well Plate 100 µL PCR Full Skirt on Magnetic Module GEN2 on 3 at 94.0 uL/sec
Blowing out at A5 of NEST 96 Well Plate 100 µL PCR Full Skirt on Magnetic Module GEN2 on 3
Aspirating 100.0 uL from A3 of NEST 96 Deep Well Plate 2mL on 1 at 94.0 uL/sec
Dispensing 100.0 uL into A6 of NEST 96 Well Plate 100 µL PCR Full Skirt on Magnetic Module GEN2 on 3 at 94.0 uL/sec
Blowing out at A6 of NEST 96 Well Plate 100 µL PCR Full Skirt on Magnetic Module GEN2 on 3
Aspirating 100.0 uL from A3 of NEST 96 Deep Well Plate 2mL on 1 at 94.0 uL/sec
Dispensing 100.0 uL into A7 of NEST 96 Well Plate 100 µL PCR Full Skirt on Magnetic Module GEN2 on 3 at 94.0 uL/sec
Blowing out at A7 of NEST 96 Well Plate 100 µL PCR Full Skirt on Magnetic Module GEN2 on 3
Aspirating 100.0 uL from A3 of NEST 96 Deep Well Plate 2mL on 1 at 94.0 uL/sec
Dispensing 100.0 uL into A8 of NEST 96 Well Plate 100 µL PCR Full Skirt on Magnetic Module GEN2 on 3 at 94.0 uL/sec
Blowing out at A8 of NEST 96 Well Plate 100 µL PCR Full Skirt on Magnetic Module GEN2 on 3
Aspirating 100.0 uL from A3 of NEST 96 Deep Well Plate 2mL on 1 at 94.0 uL/sec
Dispensing 100.0 uL into A9 of NEST 96 Well Plate 100 µL PCR Full Skirt on Magnetic Module GEN2 on 3 at 94.0 uL/sec
Blowing out at A9 of NEST 96 Well Plate 100 µL PCR Full Skirt on Magnetic Module GEN2 on 3
Aspirating 100.0 uL from A3 of NEST 96 Deep Well Plate 2mL on 1 at 94.0 uL/sec
Dispensing 100.0 uL into A10 of NEST 96 Well Plate 100 µL PCR Full Skirt on Magnetic Module GEN2 on 3 at 94.0 uL/sec
Blowing out at A10 of NEST 96 Well Plate 100 µL PCR Full Skirt on Magnetic Module GEN2 on 3
Aspirating 100.0 uL from A3 of NEST 96 Deep Well Plate 2mL on 1 at 94.0 uL/sec
Dispensing 100.0 uL into A11 of NEST 96 Well Plate 100 µL PCR Full Skirt on Magnetic Module GEN2 on 3 at 94.0 uL/sec
Blowing out at A11 of NEST 96 Well Plate 100 µL PCR Full Skirt on Magnetic Module GEN2 on 3
Aspirating 100.0 uL from A3 of NEST 96 Deep Well Plate 2mL on 1 at 94.0 uL/sec
Dispensing 100.0 uL into A12 of NEST 96 Well Plate 100 µL PCR Full Skirt on Magnetic Module GEN2 on 3 at 94.0 uL/sec
Blowing out at A12 of NEST 96 Well Plate 100 µL PCR Full Skirt on Magnetic Module GEN2 on 3


Aspirating 100.0 uL from A1 of NEST 96 Well Plate 100 µL PCR Full Skirt on Magnetic Module GEN2 on 3 at 18.8 uL/sec
Aspirating 10.0 uL from A1 of NEST 96 Well Plate 100 µL PCR Full Skirt on Magnetic Module GEN2 on 3 at 18.8 uL/sec
Aspirating 5.0 uL from A1 of NEST 96 Well Plate 100 µL PCR Full Skirt on Magnetic Module GEN2 on 3 at 18.8 uL/sec
Dispensing 115.0 uL into A10 of NEST 96 Deep Well Plate 2mL on 1 at 94.0 uL/sec
Dropping tip into A1 of Opentrons Fixed Trash on 12
Picking up tip from A3 of Opentrons OT-2 96 Filter Tip Rack 200 µL on 9
Aspirating 100.0 uL from A2 of NEST 96 Well Plate 100 µL PCR Full Skirt on Magnetic Module GEN2 on 3 at 18.8 uL/sec
Aspirating 10.0 uL from A2 of NEST 96 Well Plate 100 µL PCR Full Skirt on Magnetic Module GEN2 on 3 at 18.8 uL/sec
Aspirating 5.0 uL from A2 of NEST 96 Well Plate 100 µL PCR Full Skirt on Magnetic Module GEN2 on 3 at 18.8 uL/sec
Dispensing 115.0 uL into A10 of NEST 96 Deep Well Plate 2mL on 1 at 94.0 uL/sec
Dropping tip into A1 of Opentrons Fixed Trash on 12
Picking up tip from A4 of Opentrons OT-2 96 Filter Tip Rack 200 µL on 9
Aspirating 100.0 uL from A3 of NEST 96 Well Plate 100 µL PCR Full Skirt on Magnetic Module GEN2 on 3 at 18.8 uL/sec
Aspirating 10.0 uL from A3 of NEST 96 Well Plate 100 µL PCR Full Skirt on Magnetic Module GEN2 on 3 at 18.8 uL/sec
Aspirating 5.0 uL from A3 of NEST 96 Well Plate 100 µL PCR Full Skirt on Magnetic Module GEN2 on 3 at 18.8 uL/sec
Dispensing 115.0 uL into A10 of NEST 96 Deep Well Plate 2mL on 1 at 94.0 uL/sec
Dropping tip into A1 of Opentrons Fixed Trash on 12
Picking up tip from A5 of Opentrons OT-2 96 Filter Tip Rack 200 µL on 9
Aspirating 100.0 uL from A4 of NEST 96 Well Plate 100 µL PCR Full Skirt on Magnetic Module GEN2 on 3 at 18.8 uL/sec
Aspirating 10.0 uL from A4 of NEST 96 Well Plate 100 µL PCR Full Skirt on Magnetic Module GEN2 on 3 at 18.8 uL/sec
Aspirating 5.0 uL from A4 of NEST 96 Well Plate 100 µL PCR Full Skirt on Magnetic Module GEN2 on 3 at 18.8 uL/sec
Dispensing 115.0 uL into A10 of NEST 96 Deep Well Plate 2mL on 1 at 94.0 uL/sec
Dropping tip into A1 of Opentrons Fixed Trash on 12
Picking up tip from A6 of Opentrons OT-2 96 Filter Tip Rack 200 µL on 9
Aspirating 100.0 uL from A5 of NEST 96 Well Plate 100 µL PCR Full Skirt on Magnetic Module GEN2 on 3 at 18.8 uL/sec
Aspirating 10.0 uL from A5 of NEST 96 Well Plate 100 µL PCR Full Skirt on Magnetic Module GEN2 on 3 at 18.8 uL/sec
Aspirating 5.0 uL from A5 of NEST 96 Well Plate 100 µL PCR Full Skirt on Magnetic Module GEN2 on 3 at 18.8 uL/sec
Dispensing 115.0 uL into A10 of NEST 96 Deep Well Plate 2mL on 1 at 94.0 uL/sec
Dropping tip into A1 of Opentrons Fixed Trash on 12
Picking up tip from A7 of Opentrons OT-2 96 Filter Tip Rack 200 µL on 9
Aspirating 100.0 uL from A6 of NEST 96 Well Plate 100 µL PCR Full Skirt on Magnetic Module GEN2 on 3 at 18.8 uL/sec
Aspirating 10.0 uL from A6 of NEST 96 Well Plate 100 µL PCR Full Skirt on Magnetic Module GEN2 on 3 at 18.8 uL/sec
Aspirating 5.0 uL from A6 of NEST 96 Well Plate 100 µL PCR Full Skirt on Magnetic Module GEN2 on 3 at 18.8 uL/sec
Dispensing 115.0 uL into A10 of NEST 96 Deep Well Plate 2mL on 1 at 94.0 uL/sec
Dropping tip into A1 of Opentrons Fixed Trash on 12
Picking up tip from A8 of Opentrons OT-2 96 Filter Tip Rack 200 µL on 9
Aspirating 100.0 uL from A7 of NEST 96 Well Plate 100 µL PCR Full Skirt on Magnetic Module GEN2 on 3 at 18.8 uL/sec
Aspirating 10.0 uL from A7 of NEST 96 Well Plate 100 µL PCR Full Skirt on Magnetic Module GEN2 on 3 at 18.8 uL/sec
Aspirating 5.0 uL from A7 of NEST 96 Well Plate 100 µL PCR Full Skirt on Magnetic Module GEN2 on 3 at 18.8 uL/sec
Dispensing 115.0 uL into A10 of NEST 96 Deep Well Plate 2mL on 1 at 94.0 uL/sec
Dropping tip into A1 of Opentrons Fixed Trash on 12
Picking up tip from A9 of Opentrons OT-2 96 Filter Tip Rack 200 µL on 9
Aspirating 100.0 uL from A8 of NEST 96 Well Plate 100 µL PCR Full Skirt on Magnetic Module GEN2 on 3 at 18.8 uL/sec
Aspirating 10.0 uL from A8 of NEST 96 Well Plate 100 µL PCR Full Skirt on Magnetic Module GEN2 on 3 at 18.8 uL/sec
Aspirating 5.0 uL from A8 of NEST 96 Well Plate 100 µL PCR Full Skirt on Magnetic Module GEN2 on 3 at 18.8 uL/sec
Dispensing 115.0 uL into A10 of NEST 96 Deep Well Plate 2mL on 1 at 94.0 uL/sec
Dropping tip into A1 of Opentrons Fixed Trash on 12
Picking up tip from A10 of Opentrons OT-2 96 Filter Tip Rack 200 µL on 9
Aspirating 100.0 uL from A9 of NEST 96 Well Plate 100 µL PCR Full Skirt on Magnetic Module GEN2 on 3 at 18.8 uL/sec
Aspirating 10.0 uL from A9 of NEST 96 Well Plate 100 µL PCR Full Skirt on Magnetic Module GEN2 on 3 at 18.8 uL/sec
Aspirating 5.0 uL from A9 of NEST 96 Well Plate 100 µL PCR Full Skirt on Magnetic Module GEN2 on 3 at 18.8 uL/sec
Dispensing 115.0 uL into A10 of NEST 96 Deep Well Plate 2mL on 1 at 94.0 uL/sec
Dropping tip into A1 of Opentrons Fixed Trash on 12
Picking up tip from A11 of Opentrons OT-2 96 Filter Tip Rack 200 µL on 9
Aspirating 100.0 uL from A10 of NEST 96 Well Plate 100 µL PCR Full Skirt on Magnetic Module GEN2 on 3 at 18.8 uL/sec
Aspirating 10.0 uL from A10 of NEST 96 Well Plate 100 µL PCR Full Skirt on Magnetic Module GEN2 on 3 at 18.8 uL/sec
Aspirating 5.0 uL from A10 of NEST 96 Well Plate 100 µL PCR Full Skirt on Magnetic Module GEN2 on 3 at 18.8 uL/sec
Dispensing 115.0 uL into A10 of NEST 96 Deep Well Plate 2mL on 1 at 94.0 uL/sec
Dropping tip into A1 of Opentrons Fixed Trash on 12
Picking up tip from A12 of Opentrons OT-2 96 Filter Tip Rack 200 µL on 9
Aspirating 100.0 uL from A11 of NEST 96 Well Plate 100 µL PCR Full Skirt on Magnetic Module GEN2 on 3 at 18.8 uL/sec
Aspirating 10.0 uL from A11 of NEST 96 Well Plate 100 µL PCR Full Skirt on Magnetic Module GEN2 on 3 at 18.8 uL/sec
Aspirating 5.0 uL from A11 of NEST 96 Well Plate 100 µL PCR Full Skirt on Magnetic Module GEN2 on 3 at 18.8 uL/sec
Dispensing 115.0 uL into A10 of NEST 96 Deep Well Plate 2mL on 1 at 94.0 uL/sec
Dropping tip into A1 of Opentrons Fixed Trash on 12
Picking up tip from A1 of Opentrons OT-2 96 Filter Tip Rack 200 µL on 10
Aspirating 100.0 uL from A12 of NEST 96 Well Plate 100 µL PCR Full Skirt on Magnetic Module GEN2 on 3 at 18.8 uL/sec
Aspirating 10.0 uL from A12 of NEST 96 Well Plate 100 µL PCR Full Skirt on Magnetic Module GEN2 on 3 at 18.8 uL/sec
Aspirating 5.0 uL from A12 of NEST 96 Well Plate 100 µL PCR Full Skirt on Magnetic Module GEN2 on 3 at 18.8 uL/sec
Dispensing 115.0 uL into A10 of NEST 96 Deep Well Plate 2mL on 1 at 94.0 uL/sec
Dropping tip into A1 of Opentrons Fixed Trash on 12




Delaying for 5 minutes and 0.0 seconds
Disengaging Magnetic Module


------------Adding Elute-------------

Picking up tip from A2 of Opentrons OT-2 96 Filter Tip Rack 200 µL on 10
Distributing 27.0 from A4 of NEST 96 Deep Well Plate 2mL on 1 to A1 of NEST 96 Well Plate 100 µL PCR Full Skirt on Magnetic Module GEN2 on 3
	Transferring 27.0 from A4 of NEST 96 Deep Well Plate 2mL on 1 to A1 of NEST 96 Well Plate 100 µL PCR Full Skirt on Magnetic Module GEN2 on 3
		Aspirating 182.0 uL from A4 of NEST 96 Deep Well Plate 2mL on 1 at 94.0 uL/sec
		Dispensing 27.0 uL into A1 of NEST 96 Well Plate 100 µL PCR Full Skirt on Magnetic Module GEN2 on 3 at 94.0 uL/sec
		Dispensing 27.0 uL into A2 of NEST 96 Well Plate 100 µL PCR Full Skirt on Magnetic Module GEN2 on 3 at 94.0 uL/sec
		Dispensing 27.0 uL into A3 of NEST 96 Well Plate 100 µL PCR Full Skirt on Magnetic Module GEN2 on 3 at 94.0 uL/sec
		Dispensing 27.0 uL into A4 of NEST 96 Well Plate 100 µL PCR Full Skirt on Magnetic Module GEN2 on 3 at 94.0 uL/sec
		Dispensing 27.0 uL into A5 of NEST 96 Well Plate 100 µL PCR Full Skirt on Magnetic Module GEN2 on 3 at 94.0 uL/sec
		Dispensing 27.0 uL into A6 of NEST 96 Well Plate 100 µL PCR Full Skirt on Magnetic Module GEN2 on 3 at 94.0 uL/sec
		Blowing out at A1 of Opentrons Fixed Trash on 12
		Aspirating 182.0 uL from A4 of NEST 96 Deep Well Plate 2mL on 1 at 94.0 uL/sec
		Dispensing 27.0 uL into A7 of NEST 96 Well Plate 100 µL PCR Full Skirt on Magnetic Module GEN2 on 3 at 94.0 uL/sec
		Dispensing 27.0 uL into A8 of NEST 96 Well Plate 100 µL PCR Full Skirt on Magnetic Module GEN2 on 3 at 94.0 uL/sec
		Dispensing 27.0 uL into A9 of NEST 96 Well Plate 100 µL PCR Full Skirt on Magnetic Module GEN2 on 3 at 94.0 uL/sec
		Dispensing 27.0 uL into A10 of NEST 96 Well Plate 100 µL PCR Full Skirt on Magnetic Module GEN2 on 3 at 94.0 uL/sec
		Dispensing 27.0 uL into A11 of NEST 96 Well Plate 100 µL PCR Full Skirt on Magnetic Module GEN2 on 3 at 94.0 uL/sec
		Dispensing 27.0 uL into A12 of NEST 96 Well Plate 100 µL PCR Full Skirt on Magnetic Module GEN2 on 3 at 94.0 uL/sec
		Blowing out at A1 of Opentrons Fixed Trash on 12
Dropping tip into A1 of Opentrons Fixed Trash on 12
Pausing robot operation: Mix samples. Put empty NEST 100ul pcr plate on slot 2.
                 Incubate 2 minutes off deck.
Engaging Magnetic Module
Delaying for 5 minutes and 0.0 seconds


------------Transferring Sample-------------

Picking up tip from A3 of Opentrons OT-2 96 Filter Tip Rack 200 µL on 10
Aspirating 25.0 uL from A1 of NEST 96 Well Plate 100 µL PCR Full Skirt on Magnetic Module GEN2 on 3 at 18.8 uL/sec
Dispensing 25.0 uL into A1 of NEST 96 Well Plate 100 µL PCR Full Skirt on 2 at 94.0 uL/sec
Blowing out at A1 of NEST 96 Well Plate 100 µL PCR Full Skirt on 2
Dropping tip into A1 of Opentrons Fixed Trash on 12
Picking up tip from A4 of Opentrons OT-2 96 Filter Tip Rack 200 µL on 10
Aspirating 25.0 uL from A2 of NEST 96 Well Plate 100 µL PCR Full Skirt on Magnetic Module GEN2 on 3 at 18.8 uL/sec
Dispensing 25.0 uL into A2 of NEST 96 Well Plate 100 µL PCR Full Skirt on 2 at 94.0 uL/sec
Blowing out at A2 of NEST 96 Well Plate 100 µL PCR Full Skirt on 2
Dropping tip into A1 of Opentrons Fixed Trash on 12
Picking up tip from A5 of Opentrons OT-2 96 Filter Tip Rack 200 µL on 10
Aspirating 25.0 uL from A3 of NEST 96 Well Plate 100 µL PCR Full Skirt on Magnetic Module GEN2 on 3 at 18.8 uL/sec
Dispensing 25.0 uL into A3 of NEST 96 Well Plate 100 µL PCR Full Skirt on 2 at 94.0 uL/sec
Blowing out at A3 of NEST 96 Well Plate 100 µL PCR Full Skirt on 2
Dropping tip into A1 of Opentrons Fixed Trash on 12
Picking up tip from A6 of Opentrons OT-2 96 Filter Tip Rack 200 µL on 10
Aspirating 25.0 uL from A4 of NEST 96 Well Plate 100 µL PCR Full Skirt on Magnetic Module GEN2 on 3 at 18.8 uL/sec
Dispensing 25.0 uL into A4 of NEST 96 Well Plate 100 µL PCR Full Skirt on 2 at 94.0 uL/sec
Blowing out at A4 of NEST 96 Well Plate 100 µL PCR Full Skirt on 2
Dropping tip into A1 of Opentrons Fixed Trash on 12
Picking up tip from A7 of Opentrons OT-2 96 Filter Tip Rack 200 µL on 10
Aspirating 25.0 uL from A5 of NEST 96 Well Plate 100 µL PCR Full Skirt on Magnetic Module GEN2 on 3 at 18.8 uL/sec
Dispensing 25.0 uL into A5 of NEST 96 Well Plate 100 µL PCR Full Skirt on 2 at 94.0 uL/sec
Blowing out at A5 of NEST 96 Well Plate 100 µL PCR Full Skirt on 2
Dropping tip into A1 of Opentrons Fixed Trash on 12
Picking up tip from A8 of Opentrons OT-2 96 Filter Tip Rack 200 µL on 10
Aspirating 25.0 uL from A6 of NEST 96 Well Plate 100 µL PCR Full Skirt on Magnetic Module GEN2 on 3 at 18.8 uL/sec
Dispensing 25.0 uL into A6 of NEST 96 Well Plate 100 µL PCR Full Skirt on 2 at 94.0 uL/sec
Blowing out at A6 of NEST 96 Well Plate 100 µL PCR Full Skirt on 2
Dropping tip into A1 of Opentrons Fixed Trash on 12
Picking up tip from A9 of Opentrons OT-2 96 Filter Tip Rack 200 µL on 10
Aspirating 25.0 uL from A7 of NEST 96 Well Plate 100 µL PCR Full Skirt on Magnetic Module GEN2 on 3 at 18.8 uL/sec
Dispensing 25.0 uL into A7 of NEST 96 Well Plate 100 µL PCR Full Skirt on 2 at 94.0 uL/sec
Blowing out at A7 of NEST 96 Well Plate 100 µL PCR Full Skirt on 2
Dropping tip into A1 of Opentrons Fixed Trash on 12
Picking up tip from A10 of Opentrons OT-2 96 Filter Tip Rack 200 µL on 10
Aspirating 25.0 uL from A8 of NEST 96 Well Plate 100 µL PCR Full Skirt on Magnetic Module GEN2 on 3 at 18.8 uL/sec
Dispensing 25.0 uL into A8 of NEST 96 Well Plate 100 µL PCR Full Skirt on 2 at 94.0 uL/sec
Blowing out at A8 of NEST 96 Well Plate 100 µL PCR Full Skirt on 2
Dropping tip into A1 of Opentrons Fixed Trash on 12
Picking up tip from A11 of Opentrons OT-2 96 Filter Tip Rack 200 µL on 10
Aspirating 25.0 uL from A9 of NEST 96 Well Plate 100 µL PCR Full Skirt on Magnetic Module GEN2 on 3 at 18.8 uL/sec
Dispensing 25.0 uL into A9 of NEST 96 Well Plate 100 µL PCR Full Skirt on 2 at 94.0 uL/sec
Blowing out at A9 of NEST 96 Well Plate 100 µL PCR Full Skirt on 2
Dropping tip into A1 of Opentrons Fixed Trash on 12
Picking up tip from A12 of Opentrons OT-2 96 Filter Tip Rack 200 µL on 10
Aspirating 25.0 uL from A10 of NEST 96 Well Plate 100 µL PCR Full Skirt on Magnetic Module GEN2 on 3 at 18.8 uL/sec
Dispensing 25.0 uL into A10 of NEST 96 Well Plate 100 µL PCR Full Skirt on 2 at 94.0 uL/sec
Blowing out at A10 of NEST 96 Well Plate 100 µL PCR Full Skirt on 2
Dropping tip into A1 of Opentrons Fixed Trash on 12
Picking up tip from A1 of Opentrons OT-2 96 Filter Tip Rack 200 µL on 11
Aspirating 25.0 uL from A11 of NEST 96 Well Plate 100 µL PCR Full Skirt on Magnetic Module GEN2 on 3 at 18.8 uL/sec
Dispensing 25.0 uL into A11 of NEST 96 Well Plate 100 µL PCR Full Skirt on 2 at 94.0 uL/sec
Blowing out at A11 of NEST 96 Well Plate 100 µL PCR Full Skirt on 2
Dropping tip into A1 of Opentrons Fixed Trash on 12
Picking up tip from A2 of Opentrons OT-2 96 Filter Tip Rack 200 µL on 11
Aspirating 25.0 uL from A12 of NEST 96 Well Plate 100 µL PCR Full Skirt on Magnetic Module GEN2 on 3 at 18.8 uL/sec
Dispensing 25.0 uL into A12 of NEST 96 Well Plate 100 µL PCR Full Skirt on 2 at 94.0 uL/sec
Blowing out at A12 of NEST 96 Well Plate 100 µL PCR Full Skirt on 2
Dropping tip into A1 of Opentrons Fixed Trash on 12
Caught exception: {'message': 'Task was destroyed but it is pending!', 'task': <Task pending name='Task-4' coro=<Poller._poll_forever() running at /Users/dp/Desktop/project/github/opentrons/venv/lib/python3.10/site-packages/opentrons/hardware_control/poller.py:80> wait_for=<Future pending cb=[Task.task_wakeup()]>>}
Caught exception: {'message': 'Task was destroyed but it is pending!', 'task': <Task pending name='Task-3' coro=<Poller._poll_forever() running at /Users/dp/Desktop/project/github/opentrons/venv/lib/python3.10/site-packages/opentrons/hardware_control/poller.py:80> wait_for=<Future pending cb=[Task.task_wakeup()]>>}
Caught exception: {'message': 'Task was destroyed but it is pending!', 'task': <Task pending name='Task-2' coro=<Poller._poll_forever() running at /Users/dp/Desktop/project/github/opentrons/venv/lib/python3.10/site-packages/opentrons/hardware_control/poller.py:80> wait_for=<Future pending cb=[Task.task_wakeup()]>>}
