/Users/dp/Desktop/project/github/opentrons/venv/lib/python3.10/site-packages/opentrons/hardware_control/simulator_setup.py:205: UserWarning: Simulator configuration does not name a machine, defaulting to OT-2 Standard
  warn(
/Users/dp/.opentrons/robot_settings.json not found. Loading defaults
Deck calibration not found.
/Users/dp/.opentrons/deck_calibration.json not found. Loading defaults
Pre-Cooling Temperature Module to 4°C
Setting Temperature Module temperature to 4.0 °C (rounded off to nearest integer)
Pausing robot operation: Temperature Module has been cooled to 4°C.
              Please place your samples and reagents on the
              temperature module.
Picking up tip from A1 of Opentrons OT-2 96 Filter Tip Rack 20 µL on 6
Aspirating 6.6 uL from A1 of Opentrons 24 Well Aluminum Block with NEST 1.5 mL Screwcap on Temperature Module GEN1 on 3 at 7.56 uL/sec
Dispensing 6.6 uL into A1 of Opentrons 96 Well Aluminum Block with Generic PCR Strip 200 µL on 2 at 7.56 uL/sec
Mixing 7 times with a volume of 10.0 ul
	Aspirating 10.0 uL from A1 of Opentrons 96 Well Aluminum Block with Generic PCR Strip 200 µL on 2 at 7.56 uL/sec
	Dispensing 10.0 uL into A1 of Opentrons 96 Well Aluminum Block with Generic PCR Strip 200 µL on 2 at 7.56 uL/sec
	Aspirating 10.0 uL from A1 of Opentrons 96 Well Aluminum Block with Generic PCR Strip 200 µL on 2 at 7.56 uL/sec
	Dispensing 10.0 uL into A1 of Opentrons 96 Well Aluminum Block with Generic PCR Strip 200 µL on 2 at 7.56 uL/sec
	Aspirating 10.0 uL from A1 of Opentrons 96 Well Aluminum Block with Generic PCR Strip 200 µL on 2 at 7.56 uL/sec
	Dispensing 10.0 uL into A1 of Opentrons 96 Well Aluminum Block with Generic PCR Strip 200 µL on 2 at 7.56 uL/sec
	Aspirating 10.0 uL from A1 of Opentrons 96 Well Aluminum Block with Generic PCR Strip 200 µL on 2 at 7.56 uL/sec
	Dispensing 10.0 uL into A1 of Opentrons 96 Well Aluminum Block with Generic PCR Strip 200 µL on 2 at 7.56 uL/sec
	Aspirating 10.0 uL from A1 of Opentrons 96 Well Aluminum Block with Generic PCR Strip 200 µL on 2 at 7.56 uL/sec
	Dispensing 10.0 uL into A1 of Opentrons 96 Well Aluminum Block with Generic PCR Strip 200 µL on 2 at 7.56 uL/sec
	Aspirating 10.0 uL from A1 of Opentrons 96 Well Aluminum Block with Generic PCR Strip 200 µL on 2 at 7.56 uL/sec
	Dispensing 10.0 uL into A1 of Opentrons 96 Well Aluminum Block with Generic PCR Strip 200 µL on 2 at 7.56 uL/sec
	Aspirating 10.0 uL from A1 of Opentrons 96 Well Aluminum Block with Generic PCR Strip 200 µL on 2 at 7.56 uL/sec
	Dispensing 10.0 uL into A1 of Opentrons 96 Well Aluminum Block with Generic PCR Strip 200 µL on 2 at 7.56 uL/sec
Dropping tip into A1 of Opentrons Fixed Trash on 12
Picking up tip from B1 of Opentrons OT-2 96 Filter Tip Rack 20 µL on 6
Aspirating 6.6 uL from A1 of Opentrons 24 Well Aluminum Block with NEST 1.5 mL Screwcap on Temperature Module GEN1 on 3 at 7.56 uL/sec
Dispensing 6.6 uL into B1 of Opentrons 96 Well Aluminum Block with Generic PCR Strip 200 µL on 2 at 7.56 uL/sec
Mixing 7 times with a volume of 10.0 ul
	Aspirating 10.0 uL from B1 of Opentrons 96 Well Aluminum Block with Generic PCR Strip 200 µL on 2 at 7.56 uL/sec
	Dispensing 10.0 uL into B1 of Opentrons 96 Well Aluminum Block with Generic PCR Strip 200 µL on 2 at 7.56 uL/sec
	Aspirating 10.0 uL from B1 of Opentrons 96 Well Aluminum Block with Generic PCR Strip 200 µL on 2 at 7.56 uL/sec
	Dispensing 10.0 uL into B1 of Opentrons 96 Well Aluminum Block with Generic PCR Strip 200 µL on 2 at 7.56 uL/sec
	Aspirating 10.0 uL from B1 of Opentrons 96 Well Aluminum Block with Generic PCR Strip 200 µL on 2 at 7.56 uL/sec
	Dispensing 10.0 uL into B1 of Opentrons 96 Well Aluminum Block with Generic PCR Strip 200 µL on 2 at 7.56 uL/sec
	Aspirating 10.0 uL from B1 of Opentrons 96 Well Aluminum Block with Generic PCR Strip 200 µL on 2 at 7.56 uL/sec
	Dispensing 10.0 uL into B1 of Opentrons 96 Well Aluminum Block with Generic PCR Strip 200 µL on 2 at 7.56 uL/sec
	Aspirating 10.0 uL from B1 of Opentrons 96 Well Aluminum Block with Generic PCR Strip 200 µL on 2 at 7.56 uL/sec
	Dispensing 10.0 uL into B1 of Opentrons 96 Well Aluminum Block with Generic PCR Strip 200 µL on 2 at 7.56 uL/sec
	Aspirating 10.0 uL from B1 of Opentrons 96 Well Aluminum Block with Generic PCR Strip 200 µL on 2 at 7.56 uL/sec
	Dispensing 10.0 uL into B1 of Opentrons 96 Well Aluminum Block with Generic PCR Strip 200 µL on 2 at 7.56 uL/sec
	Aspirating 10.0 uL from B1 of Opentrons 96 Well Aluminum Block with Generic PCR Strip 200 µL on 2 at 7.56 uL/sec
	Dispensing 10.0 uL into B1 of Opentrons 96 Well Aluminum Block with Generic PCR Strip 200 µL on 2 at 7.56 uL/sec
Dropping tip into A1 of Opentrons Fixed Trash on 12
Picking up tip from C1 of Opentrons OT-2 96 Filter Tip Rack 20 µL on 6
Aspirating 6.6 uL from A1 of Opentrons 24 Well Aluminum Block with NEST 1.5 mL Screwcap on Temperature Module GEN1 on 3 at 7.56 uL/sec
Dispensing 6.6 uL into C1 of Opentrons 96 Well Aluminum Block with Generic PCR Strip 200 µL on 2 at 7.56 uL/sec
Mixing 7 times with a volume of 10.0 ul
	Aspirating 10.0 uL from C1 of Opentrons 96 Well Aluminum Block with Generic PCR Strip 200 µL on 2 at 7.56 uL/sec
	Dispensing 10.0 uL into C1 of Opentrons 96 Well Aluminum Block with Generic PCR Strip 200 µL on 2 at 7.56 uL/sec
	Aspirating 10.0 uL from C1 of Opentrons 96 Well Aluminum Block with Generic PCR Strip 200 µL on 2 at 7.56 uL/sec
	Dispensing 10.0 uL into C1 of Opentrons 96 Well Aluminum Block with Generic PCR Strip 200 µL on 2 at 7.56 uL/sec
	Aspirating 10.0 uL from C1 of Opentrons 96 Well Aluminum Block with Generic PCR Strip 200 µL on 2 at 7.56 uL/sec
	Dispensing 10.0 uL into C1 of Opentrons 96 Well Aluminum Block with Generic PCR Strip 200 µL on 2 at 7.56 uL/sec
	Aspirating 10.0 uL from C1 of Opentrons 96 Well Aluminum Block with Generic PCR Strip 200 µL on 2 at 7.56 uL/sec
	Dispensing 10.0 uL into C1 of Opentrons 96 Well Aluminum Block with Generic PCR Strip 200 µL on 2 at 7.56 uL/sec
	Aspirating 10.0 uL from C1 of Opentrons 96 Well Aluminum Block with Generic PCR Strip 200 µL on 2 at 7.56 uL/sec
	Dispensing 10.0 uL into C1 of Opentrons 96 Well Aluminum Block with Generic PCR Strip 200 µL on 2 at 7.56 uL/sec
	Aspirating 10.0 uL from C1 of Opentrons 96 Well Aluminum Block with Generic PCR Strip 200 µL on 2 at 7.56 uL/sec
	Dispensing 10.0 uL into C1 of Opentrons 96 Well Aluminum Block with Generic PCR Strip 200 µL on 2 at 7.56 uL/sec
	Aspirating 10.0 uL from C1 of Opentrons 96 Well Aluminum Block with Generic PCR Strip 200 µL on 2 at 7.56 uL/sec
	Dispensing 10.0 uL into C1 of Opentrons 96 Well Aluminum Block with Generic PCR Strip 200 µL on 2 at 7.56 uL/sec
Dropping tip into A1 of Opentrons Fixed Trash on 12
Picking up tip from D1 of Opentrons OT-2 96 Filter Tip Rack 20 µL on 6
Aspirating 6.6 uL from A1 of Opentrons 24 Well Aluminum Block with NEST 1.5 mL Screwcap on Temperature Module GEN1 on 3 at 7.56 uL/sec
Dispensing 6.6 uL into D1 of Opentrons 96 Well Aluminum Block with Generic PCR Strip 200 µL on 2 at 7.56 uL/sec
Mixing 7 times with a volume of 10.0 ul
	Aspirating 10.0 uL from D1 of Opentrons 96 Well Aluminum Block with Generic PCR Strip 200 µL on 2 at 7.56 uL/sec
	Dispensing 10.0 uL into D1 of Opentrons 96 Well Aluminum Block with Generic PCR Strip 200 µL on 2 at 7.56 uL/sec
	Aspirating 10.0 uL from D1 of Opentrons 96 Well Aluminum Block with Generic PCR Strip 200 µL on 2 at 7.56 uL/sec
	Dispensing 10.0 uL into D1 of Opentrons 96 Well Aluminum Block with Generic PCR Strip 200 µL on 2 at 7.56 uL/sec
	Aspirating 10.0 uL from D1 of Opentrons 96 Well Aluminum Block with Generic PCR Strip 200 µL on 2 at 7.56 uL/sec
	Dispensing 10.0 uL into D1 of Opentrons 96 Well Aluminum Block with Generic PCR Strip 200 µL on 2 at 7.56 uL/sec
	Aspirating 10.0 uL from D1 of Opentrons 96 Well Aluminum Block with Generic PCR Strip 200 µL on 2 at 7.56 uL/sec
	Dispensing 10.0 uL into D1 of Opentrons 96 Well Aluminum Block with Generic PCR Strip 200 µL on 2 at 7.56 uL/sec
	Aspirating 10.0 uL from D1 of Opentrons 96 Well Aluminum Block with Generic PCR Strip 200 µL on 2 at 7.56 uL/sec
	Dispensing 10.0 uL into D1 of Opentrons 96 Well Aluminum Block with Generic PCR Strip 200 µL on 2 at 7.56 uL/sec
	Aspirating 10.0 uL from D1 of Opentrons 96 Well Aluminum Block with Generic PCR Strip 200 µL on 2 at 7.56 uL/sec
	Dispensing 10.0 uL into D1 of Opentrons 96 Well Aluminum Block with Generic PCR Strip 200 µL on 2 at 7.56 uL/sec
	Aspirating 10.0 uL from D1 of Opentrons 96 Well Aluminum Block with Generic PCR Strip 200 µL on 2 at 7.56 uL/sec
	Dispensing 10.0 uL into D1 of Opentrons 96 Well Aluminum Block with Generic PCR Strip 200 µL on 2 at 7.56 uL/sec
Dropping tip into A1 of Opentrons Fixed Trash on 12
Picking up tip from E1 of Opentrons OT-2 96 Filter Tip Rack 20 µL on 6
Aspirating 6.6 uL from A1 of Opentrons 24 Well Aluminum Block with NEST 1.5 mL Screwcap on Temperature Module GEN1 on 3 at 7.56 uL/sec
Dispensing 6.6 uL into E1 of Opentrons 96 Well Aluminum Block with Generic PCR Strip 200 µL on 2 at 7.56 uL/sec
Mixing 7 times with a volume of 10.0 ul
	Aspirating 10.0 uL from E1 of Opentrons 96 Well Aluminum Block with Generic PCR Strip 200 µL on 2 at 7.56 uL/sec
	Dispensing 10.0 uL into E1 of Opentrons 96 Well Aluminum Block with Generic PCR Strip 200 µL on 2 at 7.56 uL/sec
	Aspirating 10.0 uL from E1 of Opentrons 96 Well Aluminum Block with Generic PCR Strip 200 µL on 2 at 7.56 uL/sec
	Dispensing 10.0 uL into E1 of Opentrons 96 Well Aluminum Block with Generic PCR Strip 200 µL on 2 at 7.56 uL/sec
	Aspirating 10.0 uL from E1 of Opentrons 96 Well Aluminum Block with Generic PCR Strip 200 µL on 2 at 7.56 uL/sec
	Dispensing 10.0 uL into E1 of Opentrons 96 Well Aluminum Block with Generic PCR Strip 200 µL on 2 at 7.56 uL/sec
	Aspirating 10.0 uL from E1 of Opentrons 96 Well Aluminum Block with Generic PCR Strip 200 µL on 2 at 7.56 uL/sec
	Dispensing 10.0 uL into E1 of Opentrons 96 Well Aluminum Block with Generic PCR Strip 200 µL on 2 at 7.56 uL/sec
	Aspirating 10.0 uL from E1 of Opentrons 96 Well Aluminum Block with Generic PCR Strip 200 µL on 2 at 7.56 uL/sec
	Dispensing 10.0 uL into E1 of Opentrons 96 Well Aluminum Block with Generic PCR Strip 200 µL on 2 at 7.56 uL/sec
	Aspirating 10.0 uL from E1 of Opentrons 96 Well Aluminum Block with Generic PCR Strip 200 µL on 2 at 7.56 uL/sec
	Dispensing 10.0 uL into E1 of Opentrons 96 Well Aluminum Block with Generic PCR Strip 200 µL on 2 at 7.56 uL/sec
	Aspirating 10.0 uL from E1 of Opentrons 96 Well Aluminum Block with Generic PCR Strip 200 µL on 2 at 7.56 uL/sec
	Dispensing 10.0 uL into E1 of Opentrons 96 Well Aluminum Block with Generic PCR Strip 200 µL on 2 at 7.56 uL/sec
Dropping tip into A1 of Opentrons Fixed Trash on 12
Picking up tip from F1 of Opentrons OT-2 96 Filter Tip Rack 20 µL on 6
Aspirating 6.6 uL from A1 of Opentrons 24 Well Aluminum Block with NEST 1.5 mL Screwcap on Temperature Module GEN1 on 3 at 7.56 uL/sec
Dispensing 6.6 uL into F1 of Opentrons 96 Well Aluminum Block with Generic PCR Strip 200 µL on 2 at 7.56 uL/sec
Mixing 7 times with a volume of 10.0 ul
	Aspirating 10.0 uL from F1 of Opentrons 96 Well Aluminum Block with Generic PCR Strip 200 µL on 2 at 7.56 uL/sec
	Dispensing 10.0 uL into F1 of Opentrons 96 Well Aluminum Block with Generic PCR Strip 200 µL on 2 at 7.56 uL/sec
	Aspirating 10.0 uL from F1 of Opentrons 96 Well Aluminum Block with Generic PCR Strip 200 µL on 2 at 7.56 uL/sec
	Dispensing 10.0 uL into F1 of Opentrons 96 Well Aluminum Block with Generic PCR Strip 200 µL on 2 at 7.56 uL/sec
	Aspirating 10.0 uL from F1 of Opentrons 96 Well Aluminum Block with Generic PCR Strip 200 µL on 2 at 7.56 uL/sec
	Dispensing 10.0 uL into F1 of Opentrons 96 Well Aluminum Block with Generic PCR Strip 200 µL on 2 at 7.56 uL/sec
	Aspirating 10.0 uL from F1 of Opentrons 96 Well Aluminum Block with Generic PCR Strip 200 µL on 2 at 7.56 uL/sec
	Dispensing 10.0 uL into F1 of Opentrons 96 Well Aluminum Block with Generic PCR Strip 200 µL on 2 at 7.56 uL/sec
	Aspirating 10.0 uL from F1 of Opentrons 96 Well Aluminum Block with Generic PCR Strip 200 µL on 2 at 7.56 uL/sec
	Dispensing 10.0 uL into F1 of Opentrons 96 Well Aluminum Block with Generic PCR Strip 200 µL on 2 at 7.56 uL/sec
	Aspirating 10.0 uL from F1 of Opentrons 96 Well Aluminum Block with Generic PCR Strip 200 µL on 2 at 7.56 uL/sec
	Dispensing 10.0 uL into F1 of Opentrons 96 Well Aluminum Block with Generic PCR Strip 200 µL on 2 at 7.56 uL/sec
	Aspirating 10.0 uL from F1 of Opentrons 96 Well Aluminum Block with Generic PCR Strip 200 µL on 2 at 7.56 uL/sec
	Dispensing 10.0 uL into F1 of Opentrons 96 Well Aluminum Block with Generic PCR Strip 200 µL on 2 at 7.56 uL/sec
Dropping tip into A1 of Opentrons Fixed Trash on 12
Picking up tip from G1 of Opentrons OT-2 96 Filter Tip Rack 20 µL on 6
Aspirating 6.6 uL from A1 of Opentrons 24 Well Aluminum Block with NEST 1.5 mL Screwcap on Temperature Module GEN1 on 3 at 7.56 uL/sec
Dispensing 6.6 uL into G1 of Opentrons 96 Well Aluminum Block with Generic PCR Strip 200 µL on 2 at 7.56 uL/sec
Mixing 7 times with a volume of 10.0 ul
	Aspirating 10.0 uL from G1 of Opentrons 96 Well Aluminum Block with Generic PCR Strip 200 µL on 2 at 7.56 uL/sec
	Dispensing 10.0 uL into G1 of Opentrons 96 Well Aluminum Block with Generic PCR Strip 200 µL on 2 at 7.56 uL/sec
	Aspirating 10.0 uL from G1 of Opentrons 96 Well Aluminum Block with Generic PCR Strip 200 µL on 2 at 7.56 uL/sec
	Dispensing 10.0 uL into G1 of Opentrons 96 Well Aluminum Block with Generic PCR Strip 200 µL on 2 at 7.56 uL/sec
	Aspirating 10.0 uL from G1 of Opentrons 96 Well Aluminum Block with Generic PCR Strip 200 µL on 2 at 7.56 uL/sec
	Dispensing 10.0 uL into G1 of Opentrons 96 Well Aluminum Block with Generic PCR Strip 200 µL on 2 at 7.56 uL/sec
	Aspirating 10.0 uL from G1 of Opentrons 96 Well Aluminum Block with Generic PCR Strip 200 µL on 2 at 7.56 uL/sec
	Dispensing 10.0 uL into G1 of Opentrons 96 Well Aluminum Block with Generic PCR Strip 200 µL on 2 at 7.56 uL/sec
	Aspirating 10.0 uL from G1 of Opentrons 96 Well Aluminum Block with Generic PCR Strip 200 µL on 2 at 7.56 uL/sec
	Dispensing 10.0 uL into G1 of Opentrons 96 Well Aluminum Block with Generic PCR Strip 200 µL on 2 at 7.56 uL/sec
	Aspirating 10.0 uL from G1 of Opentrons 96 Well Aluminum Block with Generic PCR Strip 200 µL on 2 at 7.56 uL/sec
	Dispensing 10.0 uL into G1 of Opentrons 96 Well Aluminum Block with Generic PCR Strip 200 µL on 2 at 7.56 uL/sec
	Aspirating 10.0 uL from G1 of Opentrons 96 Well Aluminum Block with Generic PCR Strip 200 µL on 2 at 7.56 uL/sec
	Dispensing 10.0 uL into G1 of Opentrons 96 Well Aluminum Block with Generic PCR Strip 200 µL on 2 at 7.56 uL/sec
Dropping tip into A1 of Opentrons Fixed Trash on 12
Picking up tip from H1 of Opentrons OT-2 96 Filter Tip Rack 20 µL on 6
Aspirating 6.6 uL from A1 of Opentrons 24 Well Aluminum Block with NEST 1.5 mL Screwcap on Temperature Module GEN1 on 3 at 7.56 uL/sec
Dispensing 6.6 uL into H1 of Opentrons 96 Well Aluminum Block with Generic PCR Strip 200 µL on 2 at 7.56 uL/sec
Mixing 7 times with a volume of 10.0 ul
	Aspirating 10.0 uL from H1 of Opentrons 96 Well Aluminum Block with Generic PCR Strip 200 µL on 2 at 7.56 uL/sec
	Dispensing 10.0 uL into H1 of Opentrons 96 Well Aluminum Block with Generic PCR Strip 200 µL on 2 at 7.56 uL/sec
	Aspirating 10.0 uL from H1 of Opentrons 96 Well Aluminum Block with Generic PCR Strip 200 µL on 2 at 7.56 uL/sec
	Dispensing 10.0 uL into H1 of Opentrons 96 Well Aluminum Block with Generic PCR Strip 200 µL on 2 at 7.56 uL/sec
	Aspirating 10.0 uL from H1 of Opentrons 96 Well Aluminum Block with Generic PCR Strip 200 µL on 2 at 7.56 uL/sec
	Dispensing 10.0 uL into H1 of Opentrons 96 Well Aluminum Block with Generic PCR Strip 200 µL on 2 at 7.56 uL/sec
	Aspirating 10.0 uL from H1 of Opentrons 96 Well Aluminum Block with Generic PCR Strip 200 µL on 2 at 7.56 uL/sec
	Dispensing 10.0 uL into H1 of Opentrons 96 Well Aluminum Block with Generic PCR Strip 200 µL on 2 at 7.56 uL/sec
	Aspirating 10.0 uL from H1 of Opentrons 96 Well Aluminum Block with Generic PCR Strip 200 µL on 2 at 7.56 uL/sec
	Dispensing 10.0 uL into H1 of Opentrons 96 Well Aluminum Block with Generic PCR Strip 200 µL on 2 at 7.56 uL/sec
	Aspirating 10.0 uL from H1 of Opentrons 96 Well Aluminum Block with Generic PCR Strip 200 µL on 2 at 7.56 uL/sec
	Dispensing 10.0 uL into H1 of Opentrons 96 Well Aluminum Block with Generic PCR Strip 200 µL on 2 at 7.56 uL/sec
	Aspirating 10.0 uL from H1 of Opentrons 96 Well Aluminum Block with Generic PCR Strip 200 µL on 2 at 7.56 uL/sec
	Dispensing 10.0 uL into H1 of Opentrons 96 Well Aluminum Block with Generic PCR Strip 200 µL on 2 at 7.56 uL/sec
Dropping tip into A1 of Opentrons Fixed Trash on 12
Picking up tip from A2 of Opentrons OT-2 96 Filter Tip Rack 20 µL on 6
Aspirating 6.6 uL from A1 of Opentrons 24 Well Aluminum Block with NEST 1.5 mL Screwcap on Temperature Module GEN1 on 3 at 7.56 uL/sec
Dispensing 6.6 uL into A2 of Opentrons 96 Well Aluminum Block with Generic PCR Strip 200 µL on 2 at 7.56 uL/sec
Mixing 7 times with a volume of 10.0 ul
	Aspirating 10.0 uL from A2 of Opentrons 96 Well Aluminum Block with Generic PCR Strip 200 µL on 2 at 7.56 uL/sec
	Dispensing 10.0 uL into A2 of Opentrons 96 Well Aluminum Block with Generic PCR Strip 200 µL on 2 at 7.56 uL/sec
	Aspirating 10.0 uL from A2 of Opentrons 96 Well Aluminum Block with Generic PCR Strip 200 µL on 2 at 7.56 uL/sec
	Dispensing 10.0 uL into A2 of Opentrons 96 Well Aluminum Block with Generic PCR Strip 200 µL on 2 at 7.56 uL/sec
	Aspirating 10.0 uL from A2 of Opentrons 96 Well Aluminum Block with Generic PCR Strip 200 µL on 2 at 7.56 uL/sec
	Dispensing 10.0 uL into A2 of Opentrons 96 Well Aluminum Block with Generic PCR Strip 200 µL on 2 at 7.56 uL/sec
	Aspirating 10.0 uL from A2 of Opentrons 96 Well Aluminum Block with Generic PCR Strip 200 µL on 2 at 7.56 uL/sec
	Dispensing 10.0 uL into A2 of Opentrons 96 Well Aluminum Block with Generic PCR Strip 200 µL on 2 at 7.56 uL/sec
	Aspirating 10.0 uL from A2 of Opentrons 96 Well Aluminum Block with Generic PCR Strip 200 µL on 2 at 7.56 uL/sec
	Dispensing 10.0 uL into A2 of Opentrons 96 Well Aluminum Block with Generic PCR Strip 200 µL on 2 at 7.56 uL/sec
	Aspirating 10.0 uL from A2 of Opentrons 96 Well Aluminum Block with Generic PCR Strip 200 µL on 2 at 7.56 uL/sec
	Dispensing 10.0 uL into A2 of Opentrons 96 Well Aluminum Block with Generic PCR Strip 200 µL on 2 at 7.56 uL/sec
	Aspirating 10.0 uL from A2 of Opentrons 96 Well Aluminum Block with Generic PCR Strip 200 µL on 2 at 7.56 uL/sec
	Dispensing 10.0 uL into A2 of Opentrons 96 Well Aluminum Block with Generic PCR Strip 200 µL on 2 at 7.56 uL/sec
Dropping tip into A1 of Opentrons Fixed Trash on 12
Picking up tip from B2 of Opentrons OT-2 96 Filter Tip Rack 20 µL on 6
Aspirating 6.6 uL from A1 of Opentrons 24 Well Aluminum Block with NEST 1.5 mL Screwcap on Temperature Module GEN1 on 3 at 7.56 uL/sec
Dispensing 6.6 uL into B2 of Opentrons 96 Well Aluminum Block with Generic PCR Strip 200 µL on 2 at 7.56 uL/sec
Mixing 7 times with a volume of 10.0 ul
	Aspirating 10.0 uL from B2 of Opentrons 96 Well Aluminum Block with Generic PCR Strip 200 µL on 2 at 7.56 uL/sec
	Dispensing 10.0 uL into B2 of Opentrons 96 Well Aluminum Block with Generic PCR Strip 200 µL on 2 at 7.56 uL/sec
	Aspirating 10.0 uL from B2 of Opentrons 96 Well Aluminum Block with Generic PCR Strip 200 µL on 2 at 7.56 uL/sec
	Dispensing 10.0 uL into B2 of Opentrons 96 Well Aluminum Block with Generic PCR Strip 200 µL on 2 at 7.56 uL/sec
	Aspirating 10.0 uL from B2 of Opentrons 96 Well Aluminum Block with Generic PCR Strip 200 µL on 2 at 7.56 uL/sec
	Dispensing 10.0 uL into B2 of Opentrons 96 Well Aluminum Block with Generic PCR Strip 200 µL on 2 at 7.56 uL/sec
	Aspirating 10.0 uL from B2 of Opentrons 96 Well Aluminum Block with Generic PCR Strip 200 µL on 2 at 7.56 uL/sec
	Dispensing 10.0 uL into B2 of Opentrons 96 Well Aluminum Block with Generic PCR Strip 200 µL on 2 at 7.56 uL/sec
	Aspirating 10.0 uL from B2 of Opentrons 96 Well Aluminum Block with Generic PCR Strip 200 µL on 2 at 7.56 uL/sec
	Dispensing 10.0 uL into B2 of Opentrons 96 Well Aluminum Block with Generic PCR Strip 200 µL on 2 at 7.56 uL/sec
	Aspirating 10.0 uL from B2 of Opentrons 96 Well Aluminum Block with Generic PCR Strip 200 µL on 2 at 7.56 uL/sec
	Dispensing 10.0 uL into B2 of Opentrons 96 Well Aluminum Block with Generic PCR Strip 200 µL on 2 at 7.56 uL/sec
	Aspirating 10.0 uL from B2 of Opentrons 96 Well Aluminum Block with Generic PCR Strip 200 µL on 2 at 7.56 uL/sec
	Dispensing 10.0 uL into B2 of Opentrons 96 Well Aluminum Block with Generic PCR Strip 200 µL on 2 at 7.56 uL/sec
Dropping tip into A1 of Opentrons Fixed Trash on 12
Picking up tip from C2 of Opentrons OT-2 96 Filter Tip Rack 20 µL on 6
Aspirating 6.6 uL from A1 of Opentrons 24 Well Aluminum Block with NEST 1.5 mL Screwcap on Temperature Module GEN1 on 3 at 7.56 uL/sec
Dispensing 6.6 uL into C2 of Opentrons 96 Well Aluminum Block with Generic PCR Strip 200 µL on 2 at 7.56 uL/sec
Mixing 7 times with a volume of 10.0 ul
	Aspirating 10.0 uL from C2 of Opentrons 96 Well Aluminum Block with Generic PCR Strip 200 µL on 2 at 7.56 uL/sec
	Dispensing 10.0 uL into C2 of Opentrons 96 Well Aluminum Block with Generic PCR Strip 200 µL on 2 at 7.56 uL/sec
	Aspirating 10.0 uL from C2 of Opentrons 96 Well Aluminum Block with Generic PCR Strip 200 µL on 2 at 7.56 uL/sec
	Dispensing 10.0 uL into C2 of Opentrons 96 Well Aluminum Block with Generic PCR Strip 200 µL on 2 at 7.56 uL/sec
	Aspirating 10.0 uL from C2 of Opentrons 96 Well Aluminum Block with Generic PCR Strip 200 µL on 2 at 7.56 uL/sec
	Dispensing 10.0 uL into C2 of Opentrons 96 Well Aluminum Block with Generic PCR Strip 200 µL on 2 at 7.56 uL/sec
	Aspirating 10.0 uL from C2 of Opentrons 96 Well Aluminum Block with Generic PCR Strip 200 µL on 2 at 7.56 uL/sec
	Dispensing 10.0 uL into C2 of Opentrons 96 Well Aluminum Block with Generic PCR Strip 200 µL on 2 at 7.56 uL/sec
	Aspirating 10.0 uL from C2 of Opentrons 96 Well Aluminum Block with Generic PCR Strip 200 µL on 2 at 7.56 uL/sec
	Dispensing 10.0 uL into C2 of Opentrons 96 Well Aluminum Block with Generic PCR Strip 200 µL on 2 at 7.56 uL/sec
	Aspirating 10.0 uL from C2 of Opentrons 96 Well Aluminum Block with Generic PCR Strip 200 µL on 2 at 7.56 uL/sec
	Dispensing 10.0 uL into C2 of Opentrons 96 Well Aluminum Block with Generic PCR Strip 200 µL on 2 at 7.56 uL/sec
	Aspirating 10.0 uL from C2 of Opentrons 96 Well Aluminum Block with Generic PCR Strip 200 µL on 2 at 7.56 uL/sec
	Dispensing 10.0 uL into C2 of Opentrons 96 Well Aluminum Block with Generic PCR Strip 200 µL on 2 at 7.56 uL/sec
Dropping tip into A1 of Opentrons Fixed Trash on 12
Picking up tip from D2 of Opentrons OT-2 96 Filter Tip Rack 20 µL on 6
Aspirating 6.6 uL from A1 of Opentrons 24 Well Aluminum Block with NEST 1.5 mL Screwcap on Temperature Module GEN1 on 3 at 7.56 uL/sec
Dispensing 6.6 uL into D2 of Opentrons 96 Well Aluminum Block with Generic PCR Strip 200 µL on 2 at 7.56 uL/sec
Mixing 7 times with a volume of 10.0 ul
	Aspirating 10.0 uL from D2 of Opentrons 96 Well Aluminum Block with Generic PCR Strip 200 µL on 2 at 7.56 uL/sec
	Dispensing 10.0 uL into D2 of Opentrons 96 Well Aluminum Block with Generic PCR Strip 200 µL on 2 at 7.56 uL/sec
	Aspirating 10.0 uL from D2 of Opentrons 96 Well Aluminum Block with Generic PCR Strip 200 µL on 2 at 7.56 uL/sec
	Dispensing 10.0 uL into D2 of Opentrons 96 Well Aluminum Block with Generic PCR Strip 200 µL on 2 at 7.56 uL/sec
	Aspirating 10.0 uL from D2 of Opentrons 96 Well Aluminum Block with Generic PCR Strip 200 µL on 2 at 7.56 uL/sec
	Dispensing 10.0 uL into D2 of Opentrons 96 Well Aluminum Block with Generic PCR Strip 200 µL on 2 at 7.56 uL/sec
	Aspirating 10.0 uL from D2 of Opentrons 96 Well Aluminum Block with Generic PCR Strip 200 µL on 2 at 7.56 uL/sec
	Dispensing 10.0 uL into D2 of Opentrons 96 Well Aluminum Block with Generic PCR Strip 200 µL on 2 at 7.56 uL/sec
	Aspirating 10.0 uL from D2 of Opentrons 96 Well Aluminum Block with Generic PCR Strip 200 µL on 2 at 7.56 uL/sec
	Dispensing 10.0 uL into D2 of Opentrons 96 Well Aluminum Block with Generic PCR Strip 200 µL on 2 at 7.56 uL/sec
	Aspirating 10.0 uL from D2 of Opentrons 96 Well Aluminum Block with Generic PCR Strip 200 µL on 2 at 7.56 uL/sec
	Dispensing 10.0 uL into D2 of Opentrons 96 Well Aluminum Block with Generic PCR Strip 200 µL on 2 at 7.56 uL/sec
	Aspirating 10.0 uL from D2 of Opentrons 96 Well Aluminum Block with Generic PCR Strip 200 µL on 2 at 7.56 uL/sec
	Dispensing 10.0 uL into D2 of Opentrons 96 Well Aluminum Block with Generic PCR Strip 200 µL on 2 at 7.56 uL/sec
Dropping tip into A1 of Opentrons Fixed Trash on 12
Picking up tip from A1 of Opentrons OT-2 96 Filter Tip Rack 200 µL on 9
Aspirating 20.0 uL from A1 of Opentrons 96 Well Aluminum Block with Generic PCR Strip 200 µL on 2 at 92.86 uL/sec
Dispensing 20.0 uL into A1 of NEST 96 Well Plate 100 µL PCR Full Skirt on Thermocycler Module GEN1 on 7 at 92.86 uL/sec
Dropping tip into A1 of Opentrons Fixed Trash on 12
Picking up tip from B1 of Opentrons OT-2 96 Filter Tip Rack 200 µL on 9
Aspirating 20.0 uL from B1 of Opentrons 96 Well Aluminum Block with Generic PCR Strip 200 µL on 2 at 92.86 uL/sec
Dispensing 20.0 uL into B1 of NEST 96 Well Plate 100 µL PCR Full Skirt on Thermocycler Module GEN1 on 7 at 92.86 uL/sec
Dropping tip into A1 of Opentrons Fixed Trash on 12
Picking up tip from C1 of Opentrons OT-2 96 Filter Tip Rack 200 µL on 9
Aspirating 20.0 uL from C1 of Opentrons 96 Well Aluminum Block with Generic PCR Strip 200 µL on 2 at 92.86 uL/sec
Dispensing 20.0 uL into C1 of NEST 96 Well Plate 100 µL PCR Full Skirt on Thermocycler Module GEN1 on 7 at 92.86 uL/sec
Dropping tip into A1 of Opentrons Fixed Trash on 12
Picking up tip from D1 of Opentrons OT-2 96 Filter Tip Rack 200 µL on 9
Aspirating 20.0 uL from D1 of Opentrons 96 Well Aluminum Block with Generic PCR Strip 200 µL on 2 at 92.86 uL/sec
Dispensing 20.0 uL into D1 of NEST 96 Well Plate 100 µL PCR Full Skirt on Thermocycler Module GEN1 on 7 at 92.86 uL/sec
Dropping tip into A1 of Opentrons Fixed Trash on 12
Picking up tip from E1 of Opentrons OT-2 96 Filter Tip Rack 200 µL on 9
Aspirating 20.0 uL from E1 of Opentrons 96 Well Aluminum Block with Generic PCR Strip 200 µL on 2 at 92.86 uL/sec
Dispensing 20.0 uL into E1 of NEST 96 Well Plate 100 µL PCR Full Skirt on Thermocycler Module GEN1 on 7 at 92.86 uL/sec
Dropping tip into A1 of Opentrons Fixed Trash on 12
Picking up tip from F1 of Opentrons OT-2 96 Filter Tip Rack 200 µL on 9
Aspirating 20.0 uL from F1 of Opentrons 96 Well Aluminum Block with Generic PCR Strip 200 µL on 2 at 92.86 uL/sec
Dispensing 20.0 uL into F1 of NEST 96 Well Plate 100 µL PCR Full Skirt on Thermocycler Module GEN1 on 7 at 92.86 uL/sec
Dropping tip into A1 of Opentrons Fixed Trash on 12
Picking up tip from G1 of Opentrons OT-2 96 Filter Tip Rack 200 µL on 9
Aspirating 20.0 uL from G1 of Opentrons 96 Well Aluminum Block with Generic PCR Strip 200 µL on 2 at 92.86 uL/sec
Dispensing 20.0 uL into G1 of NEST 96 Well Plate 100 µL PCR Full Skirt on Thermocycler Module GEN1 on 7 at 92.86 uL/sec
Dropping tip into A1 of Opentrons Fixed Trash on 12
Picking up tip from H1 of Opentrons OT-2 96 Filter Tip Rack 200 µL on 9
Aspirating 20.0 uL from H1 of Opentrons 96 Well Aluminum Block with Generic PCR Strip 200 µL on 2 at 92.86 uL/sec
Dispensing 20.0 uL into H1 of NEST 96 Well Plate 100 µL PCR Full Skirt on Thermocycler Module GEN1 on 7 at 92.86 uL/sec
Dropping tip into A1 of Opentrons Fixed Trash on 12
Picking up tip from A2 of Opentrons OT-2 96 Filter Tip Rack 200 µL on 9
Aspirating 20.0 uL from A2 of Opentrons 96 Well Aluminum Block with Generic PCR Strip 200 µL on 2 at 92.86 uL/sec
Dispensing 20.0 uL into A2 of NEST 96 Well Plate 100 µL PCR Full Skirt on Thermocycler Module GEN1 on 7 at 92.86 uL/sec
Dropping tip into A1 of Opentrons Fixed Trash on 12
Picking up tip from B2 of Opentrons OT-2 96 Filter Tip Rack 200 µL on 9
Aspirating 20.0 uL from B2 of Opentrons 96 Well Aluminum Block with Generic PCR Strip 200 µL on 2 at 92.86 uL/sec
Dispensing 20.0 uL into B2 of NEST 96 Well Plate 100 µL PCR Full Skirt on Thermocycler Module GEN1 on 7 at 92.86 uL/sec
Dropping tip into A1 of Opentrons Fixed Trash on 12
Picking up tip from C2 of Opentrons OT-2 96 Filter Tip Rack 200 µL on 9
Aspirating 20.0 uL from C2 of Opentrons 96 Well Aluminum Block with Generic PCR Strip 200 µL on 2 at 92.86 uL/sec
Dispensing 20.0 uL into C2 of NEST 96 Well Plate 100 µL PCR Full Skirt on Thermocycler Module GEN1 on 7 at 92.86 uL/sec
Dropping tip into A1 of Opentrons Fixed Trash on 12
Picking up tip from D2 of Opentrons OT-2 96 Filter Tip Rack 200 µL on 9
Aspirating 20.0 uL from D2 of Opentrons 96 Well Aluminum Block with Generic PCR Strip 200 µL on 2 at 92.86 uL/sec
Dispensing 20.0 uL into D2 of NEST 96 Well Plate 100 µL PCR Full Skirt on Thermocycler Module GEN1 on 7 at 92.86 uL/sec
Dropping tip into A1 of Opentrons Fixed Trash on 12
Setting Thermocycler lid temperature to 103.0 °C
Setting Thermocycler well block temperature to 95.0 °C with a hold time of 15.0 minutes and 0 seconds
Thermocycler starting 21 repetitions of cycle composed of the following steps: [{'temperature': 95, 'hold_time_seconds': 15}, {'temperature': 60, 'hold_time_minutes': 2}]
Setting Thermocycler well block temperature to 72.0 °C with a hold time of 5.0 minutes and 0 seconds
Setting Thermocycler well block temperature to 4.0 °C with a hold time of 5.0 minutes and 0 seconds
Setting Thermocycler well block temperature to 4.0 °C
Opening Thermocycler lid
Deactivating Thermocycler lid heating
Protocol Complete!
Caught exception: {'message': 'Task was destroyed but it is pending!', 'task': <Task pending name='Task-4' coro=<Poller._poll_forever() running at /Users/dp/Desktop/project/github/opentrons/venv/lib/python3.10/site-packages/opentrons/hardware_control/poller.py:80> wait_for=<Future pending cb=[Task.task_wakeup()]>>}
Caught exception: {'message': 'Task was destroyed but it is pending!', 'task': <Task pending name='Task-3' coro=<Poller._poll_forever() running at /Users/dp/Desktop/project/github/opentrons/venv/lib/python3.10/site-packages/opentrons/hardware_control/poller.py:80> wait_for=<Future pending cb=[Task.task_wakeup()]>>}
Caught exception: {'message': 'Task was destroyed but it is pending!', 'task': <Task pending name='Task-2' coro=<Poller._poll_forever() running at /Users/dp/Desktop/project/github/opentrons/venv/lib/python3.10/site-packages/opentrons/hardware_control/poller.py:80> wait_for=<Future pending cb=[Task.task_wakeup()]>>}
