/Users/dp/Desktop/project/github/opentrons/venv/lib/python3.10/site-packages/opentrons/hardware_control/simulator_setup.py:205: UserWarning: Simulator configuration does not name a machine, defaulting to OT-2 Standard
  warn(
/Users/dp/.opentrons/robot_settings.json not found. Loading defaults
Deck calibration not found.
/Users/dp/.opentrons/deck_calibration.json not found. Loading defaults

Transferring 650uL to dilution buffer

Picking up tip from A1 of Opentrons OT-2 96 Filter Tip Rack 1000 µL on 1
Aspirating 100.0 uL from A1 of Basis DX 15 Tube Rack 12000 µL on 2 at 300.0 uL/sec
Aspirating 650.0 uL from A1 of Basis DX 15 Tube Rack 12000 µL on 2 at 300.0 uL/sec
Delaying for 0 minutes and 1.0 seconds
Moving to A1 of Basis DX 15 Tube Rack 12000 µL on 2
Air gap
	Aspirating 50.0 uL from A1 of Basis DX 15 Tube Rack 12000 µL on 2 at 300.0 uL/sec
Dispensing 800.0 uL into A1 of Basis DX 15 Tube Rack 12000 µL on 5 at 300.0 uL/sec
Dropping tip into A1 of Opentrons Fixed Trash on 12
Picking up tip from B1 of Opentrons OT-2 96 Filter Tip Rack 1000 µL on 1
Aspirating 100.0 uL from A2 of Basis DX 15 Tube Rack 12000 µL on 2 at 300.0 uL/sec
Aspirating 650.0 uL from A2 of Basis DX 15 Tube Rack 12000 µL on 2 at 300.0 uL/sec
Delaying for 0 minutes and 1.0 seconds
Moving to A2 of Basis DX 15 Tube Rack 12000 µL on 2
Air gap
	Aspirating 50.0 uL from A2 of Basis DX 15 Tube Rack 12000 µL on 2 at 300.0 uL/sec
Dispensing 800.0 uL into A3 of Basis DX 15 Tube Rack 12000 µL on 5 at 300.0 uL/sec
Dropping tip into A1 of Opentrons Fixed Trash on 12
Picking up tip from C1 of Opentrons OT-2 96 Filter Tip Rack 1000 µL on 1
Aspirating 100.0 uL from A3 of Basis DX 15 Tube Rack 12000 µL on 2 at 300.0 uL/sec
Aspirating 650.0 uL from A3 of Basis DX 15 Tube Rack 12000 µL on 2 at 300.0 uL/sec
Delaying for 0 minutes and 1.0 seconds
Moving to A3 of Basis DX 15 Tube Rack 12000 µL on 2
Air gap
	Aspirating 50.0 uL from A3 of Basis DX 15 Tube Rack 12000 µL on 2 at 300.0 uL/sec
Dispensing 800.0 uL into A5 of Basis DX 15 Tube Rack 12000 µL on 5 at 300.0 uL/sec
Dropping tip into A1 of Opentrons Fixed Trash on 12
Picking up tip from D1 of Opentrons OT-2 96 Filter Tip Rack 1000 µL on 1
Aspirating 100.0 uL from A4 of Basis DX 15 Tube Rack 12000 µL on 2 at 300.0 uL/sec
Aspirating 650.0 uL from A4 of Basis DX 15 Tube Rack 12000 µL on 2 at 300.0 uL/sec
Delaying for 0 minutes and 1.0 seconds
Moving to A4 of Basis DX 15 Tube Rack 12000 µL on 2
Air gap
	Aspirating 50.0 uL from A4 of Basis DX 15 Tube Rack 12000 µL on 2 at 300.0 uL/sec
Dispensing 800.0 uL into C1 of Basis DX 15 Tube Rack 12000 µL on 5 at 300.0 uL/sec
Dropping tip into A1 of Opentrons Fixed Trash on 12
Picking up tip from E1 of Opentrons OT-2 96 Filter Tip Rack 1000 µL on 1
Aspirating 100.0 uL from A5 of Basis DX 15 Tube Rack 12000 µL on 2 at 300.0 uL/sec
Aspirating 650.0 uL from A5 of Basis DX 15 Tube Rack 12000 µL on 2 at 300.0 uL/sec
Delaying for 0 minutes and 1.0 seconds
Moving to A5 of Basis DX 15 Tube Rack 12000 µL on 2
Air gap
	Aspirating 50.0 uL from A5 of Basis DX 15 Tube Rack 12000 µL on 2 at 300.0 uL/sec
Dispensing 800.0 uL into C3 of Basis DX 15 Tube Rack 12000 µL on 5 at 300.0 uL/sec
Dropping tip into A1 of Opentrons Fixed Trash on 12

Transferring 650uL to Visby 1

Picking up tip from F1 of Opentrons OT-2 96 Filter Tip Rack 1000 µL on 1
Mixing 1 times with a volume of 585.0 ul
	Aspirating 585.0 uL from A1 of Basis DX 15 Tube Rack 12000 µL on 5 at 300.0 uL/sec
	Dispensing 585.0 uL into A1 of Basis DX 15 Tube Rack 12000 µL on 5 at 300.0 uL/sec
Aspirating 650.0 uL from A1 of Basis DX 15 Tube Rack 12000 µL on 5 at 300.0 uL/sec
Delaying for 0 minutes and 1.0 seconds
Moving to A1 of Basis DX 15 Tube Rack 12000 µL on 5
Air gap
	Aspirating 50.0 uL from A1 of Basis DX 15 Tube Rack 12000 µL on 5 at 300.0 uL/sec
Dispensing 720.0 uL into A1 of visby on 10 at 300.0 uL/sec
Delaying for 0 minutes and 1.0 seconds
Dropping tip into A1 of Opentrons Fixed Trash on 12

Transferring 650uL to Visby 2

Picking up tip from G1 of Opentrons OT-2 96 Filter Tip Rack 1000 µL on 1
Mixing 1 times with a volume of 585.0 ul
	Aspirating 585.0 uL from A3 of Basis DX 15 Tube Rack 12000 µL on 5 at 300.0 uL/sec
	Dispensing 585.0 uL into A3 of Basis DX 15 Tube Rack 12000 µL on 5 at 300.0 uL/sec
Aspirating 650.0 uL from A3 of Basis DX 15 Tube Rack 12000 µL on 5 at 300.0 uL/sec
Delaying for 0 minutes and 1.0 seconds
Moving to A3 of Basis DX 15 Tube Rack 12000 µL on 5
Air gap
	Aspirating 50.0 uL from A3 of Basis DX 15 Tube Rack 12000 µL on 5 at 300.0 uL/sec
Dispensing 720.0 uL into A1 of visby on 11 at 300.0 uL/sec
Delaying for 0 minutes and 1.0 seconds
Dropping tip into A1 of Opentrons Fixed Trash on 12

Transferring 650uL to Visby 3

Picking up tip from H1 of Opentrons OT-2 96 Filter Tip Rack 1000 µL on 1
Mixing 1 times with a volume of 585.0 ul
	Aspirating 585.0 uL from A5 of Basis DX 15 Tube Rack 12000 µL on 5 at 300.0 uL/sec
	Dispensing 585.0 uL into A5 of Basis DX 15 Tube Rack 12000 µL on 5 at 300.0 uL/sec
Aspirating 650.0 uL from A5 of Basis DX 15 Tube Rack 12000 µL on 5 at 300.0 uL/sec
Delaying for 0 minutes and 1.0 seconds
Moving to A5 of Basis DX 15 Tube Rack 12000 µL on 5
Air gap
	Aspirating 50.0 uL from A5 of Basis DX 15 Tube Rack 12000 µL on 5 at 300.0 uL/sec
Dispensing 720.0 uL into A1 of visby on 7 at 300.0 uL/sec
Delaying for 0 minutes and 1.0 seconds
Dropping tip into A1 of Opentrons Fixed Trash on 12

Transferring 650uL to Visby 4

Picking up tip from A2 of Opentrons OT-2 96 Filter Tip Rack 1000 µL on 1
Mixing 1 times with a volume of 585.0 ul
	Aspirating 585.0 uL from C1 of Basis DX 15 Tube Rack 12000 µL on 5 at 300.0 uL/sec
	Dispensing 585.0 uL into C1 of Basis DX 15 Tube Rack 12000 µL on 5 at 300.0 uL/sec
Aspirating 650.0 uL from C1 of Basis DX 15 Tube Rack 12000 µL on 5 at 300.0 uL/sec
Delaying for 0 minutes and 1.0 seconds
Moving to C1 of Basis DX 15 Tube Rack 12000 µL on 5
Air gap
	Aspirating 50.0 uL from C1 of Basis DX 15 Tube Rack 12000 µL on 5 at 300.0 uL/sec
Dispensing 720.0 uL into A1 of visby on 8 at 300.0 uL/sec
Delaying for 0 minutes and 1.0 seconds
Dropping tip into A1 of Opentrons Fixed Trash on 12

Transferring 650uL to Visby 5

Picking up tip from B2 of Opentrons OT-2 96 Filter Tip Rack 1000 µL on 1
Mixing 1 times with a volume of 585.0 ul
	Aspirating 585.0 uL from C3 of Basis DX 15 Tube Rack 12000 µL on 5 at 300.0 uL/sec
	Dispensing 585.0 uL into C3 of Basis DX 15 Tube Rack 12000 µL on 5 at 300.0 uL/sec
Aspirating 650.0 uL from C3 of Basis DX 15 Tube Rack 12000 µL on 5 at 300.0 uL/sec
Delaying for 0 minutes and 1.0 seconds
Moving to C3 of Basis DX 15 Tube Rack 12000 µL on 5
Air gap
	Aspirating 50.0 uL from C3 of Basis DX 15 Tube Rack 12000 µL on 5 at 300.0 uL/sec
Dispensing 720.0 uL into A1 of visby on 9 at 300.0 uL/sec
Delaying for 0 minutes and 1.0 seconds
Dropping tip into A1 of Opentrons Fixed Trash on 12

Protocol complete!
Caught exception: {'message': 'Task was destroyed but it is pending!', 'task': <Task pending name='Task-4' coro=<Poller._poll_forever() running at /Users/dp/Desktop/project/github/opentrons/venv/lib/python3.10/site-packages/opentrons/hardware_control/poller.py:80> wait_for=<Future pending cb=[Task.task_wakeup()]>>}
Caught exception: {'message': 'Task was destroyed but it is pending!', 'task': <Task pending name='Task-3' coro=<Poller._poll_forever() running at /Users/dp/Desktop/project/github/opentrons/venv/lib/python3.10/site-packages/opentrons/hardware_control/poller.py:80> wait_for=<Future pending cb=[Task.task_wakeup()]>>}
Caught exception: {'message': 'Task was destroyed but it is pending!', 'task': <Task pending name='Task-2' coro=<Poller._poll_forever() running at /Users/dp/Desktop/project/github/opentrons/venv/lib/python3.10/site-packages/opentrons/hardware_control/poller.py:80> wait_for=<Future pending cb=[Task.task_wakeup()]>>}
