/Users/dp/Desktop/project/github/opentrons/venv/lib/python3.10/site-packages/opentrons/hardware_control/simulator_setup.py:205: UserWarning: Simulator configuration does not name a machine, defaulting to OT-2 Standard
  warn(
/Users/dp/.opentrons/robot_settings.json not found. Loading defaults
Deck calibration not found.
/Users/dp/.opentrons/deck_calibration.json not found. Loading defaults
Picking up tip from A1 of Opentrons OT-2 96 Tip Rack 10 µL on 4
Transferring 20.0 from A5 of NEST 12 Well Reservoir 15 mL on 1 to A1 of Abgene 96-Deep Well Plate 800ul on 2
	Aspirating 10.0 uL from A5 of NEST 12 Well Reservoir 15 mL on 1 at 5.0 uL/sec
	Dispensing 10.0 uL into A1 of Abgene 96-Deep Well Plate 800ul on 2 at 10.0 uL/sec
	Aspirating 10.0 uL from A5 of NEST 12 Well Reservoir 15 mL on 1 at 5.0 uL/sec
	Dispensing 10.0 uL into A1 of Abgene 96-Deep Well Plate 800ul on 2 at 10.0 uL/sec
Blowing out at A1 of Abgene 96-Deep Well Plate 800ul on 2
Transferring 20.0 from A5 of NEST 12 Well Reservoir 15 mL on 1 to A2 of Abgene 96-Deep Well Plate 800ul on 2
	Aspirating 10.0 uL from A5 of NEST 12 Well Reservoir 15 mL on 1 at 5.0 uL/sec
	Dispensing 10.0 uL into A2 of Abgene 96-Deep Well Plate 800ul on 2 at 10.0 uL/sec
	Aspirating 10.0 uL from A5 of NEST 12 Well Reservoir 15 mL on 1 at 5.0 uL/sec
	Dispensing 10.0 uL into A2 of Abgene 96-Deep Well Plate 800ul on 2 at 10.0 uL/sec
Blowing out at A2 of Abgene 96-Deep Well Plate 800ul on 2
Transferring 20.0 from A5 of NEST 12 Well Reservoir 15 mL on 1 to A3 of Abgene 96-Deep Well Plate 800ul on 2
	Aspirating 10.0 uL from A5 of NEST 12 Well Reservoir 15 mL on 1 at 5.0 uL/sec
	Dispensing 10.0 uL into A3 of Abgene 96-Deep Well Plate 800ul on 2 at 10.0 uL/sec
	Aspirating 10.0 uL from A5 of NEST 12 Well Reservoir 15 mL on 1 at 5.0 uL/sec
	Dispensing 10.0 uL into A3 of Abgene 96-Deep Well Plate 800ul on 2 at 10.0 uL/sec
Blowing out at A3 of Abgene 96-Deep Well Plate 800ul on 2
Transferring 20.0 from A5 of NEST 12 Well Reservoir 15 mL on 1 to A4 of Abgene 96-Deep Well Plate 800ul on 2
	Aspirating 10.0 uL from A5 of NEST 12 Well Reservoir 15 mL on 1 at 5.0 uL/sec
	Dispensing 10.0 uL into A4 of Abgene 96-Deep Well Plate 800ul on 2 at 10.0 uL/sec
	Aspirating 10.0 uL from A5 of NEST 12 Well Reservoir 15 mL on 1 at 5.0 uL/sec
	Dispensing 10.0 uL into A4 of Abgene 96-Deep Well Plate 800ul on 2 at 10.0 uL/sec
Blowing out at A4 of Abgene 96-Deep Well Plate 800ul on 2
Transferring 20.0 from A5 of NEST 12 Well Reservoir 15 mL on 1 to A5 of Abgene 96-Deep Well Plate 800ul on 2
	Aspirating 10.0 uL from A5 of NEST 12 Well Reservoir 15 mL on 1 at 5.0 uL/sec
	Dispensing 10.0 uL into A5 of Abgene 96-Deep Well Plate 800ul on 2 at 10.0 uL/sec
	Aspirating 10.0 uL from A5 of NEST 12 Well Reservoir 15 mL on 1 at 5.0 uL/sec
	Dispensing 10.0 uL into A5 of Abgene 96-Deep Well Plate 800ul on 2 at 10.0 uL/sec
Blowing out at A5 of Abgene 96-Deep Well Plate 800ul on 2
Transferring 20.0 from A5 of NEST 12 Well Reservoir 15 mL on 1 to A6 of Abgene 96-Deep Well Plate 800ul on 2
	Aspirating 10.0 uL from A5 of NEST 12 Well Reservoir 15 mL on 1 at 5.0 uL/sec
	Dispensing 10.0 uL into A6 of Abgene 96-Deep Well Plate 800ul on 2 at 10.0 uL/sec
	Aspirating 10.0 uL from A5 of NEST 12 Well Reservoir 15 mL on 1 at 5.0 uL/sec
	Dispensing 10.0 uL into A6 of Abgene 96-Deep Well Plate 800ul on 2 at 10.0 uL/sec
Blowing out at A6 of Abgene 96-Deep Well Plate 800ul on 2
Transferring 20.0 from A5 of NEST 12 Well Reservoir 15 mL on 1 to A7 of Abgene 96-Deep Well Plate 800ul on 2
	Aspirating 10.0 uL from A5 of NEST 12 Well Reservoir 15 mL on 1 at 5.0 uL/sec
	Dispensing 10.0 uL into A7 of Abgene 96-Deep Well Plate 800ul on 2 at 10.0 uL/sec
	Aspirating 10.0 uL from A5 of NEST 12 Well Reservoir 15 mL on 1 at 5.0 uL/sec
	Dispensing 10.0 uL into A7 of Abgene 96-Deep Well Plate 800ul on 2 at 10.0 uL/sec
Blowing out at A7 of Abgene 96-Deep Well Plate 800ul on 2
Transferring 20.0 from A5 of NEST 12 Well Reservoir 15 mL on 1 to A8 of Abgene 96-Deep Well Plate 800ul on 2
	Aspirating 10.0 uL from A5 of NEST 12 Well Reservoir 15 mL on 1 at 5.0 uL/sec
	Dispensing 10.0 uL into A8 of Abgene 96-Deep Well Plate 800ul on 2 at 10.0 uL/sec
	Aspirating 10.0 uL from A5 of NEST 12 Well Reservoir 15 mL on 1 at 5.0 uL/sec
	Dispensing 10.0 uL into A8 of Abgene 96-Deep Well Plate 800ul on 2 at 10.0 uL/sec
Blowing out at A8 of Abgene 96-Deep Well Plate 800ul on 2
Transferring 20.0 from A5 of NEST 12 Well Reservoir 15 mL on 1 to A9 of Abgene 96-Deep Well Plate 800ul on 2
	Aspirating 10.0 uL from A5 of NEST 12 Well Reservoir 15 mL on 1 at 5.0 uL/sec
	Dispensing 10.0 uL into A9 of Abgene 96-Deep Well Plate 800ul on 2 at 10.0 uL/sec
	Aspirating 10.0 uL from A5 of NEST 12 Well Reservoir 15 mL on 1 at 5.0 uL/sec
	Dispensing 10.0 uL into A9 of Abgene 96-Deep Well Plate 800ul on 2 at 10.0 uL/sec
Blowing out at A9 of Abgene 96-Deep Well Plate 800ul on 2
Transferring 20.0 from A5 of NEST 12 Well Reservoir 15 mL on 1 to A10 of Abgene 96-Deep Well Plate 800ul on 2
	Aspirating 10.0 uL from A5 of NEST 12 Well Reservoir 15 mL on 1 at 5.0 uL/sec
	Dispensing 10.0 uL into A10 of Abgene 96-Deep Well Plate 800ul on 2 at 10.0 uL/sec
	Aspirating 10.0 uL from A5 of NEST 12 Well Reservoir 15 mL on 1 at 5.0 uL/sec
	Dispensing 10.0 uL into A10 of Abgene 96-Deep Well Plate 800ul on 2 at 10.0 uL/sec
Blowing out at A10 of Abgene 96-Deep Well Plate 800ul on 2
Transferring 20.0 from A5 of NEST 12 Well Reservoir 15 mL on 1 to A11 of Abgene 96-Deep Well Plate 800ul on 2
	Aspirating 10.0 uL from A5 of NEST 12 Well Reservoir 15 mL on 1 at 5.0 uL/sec
	Dispensing 10.0 uL into A11 of Abgene 96-Deep Well Plate 800ul on 2 at 10.0 uL/sec
	Aspirating 10.0 uL from A5 of NEST 12 Well Reservoir 15 mL on 1 at 5.0 uL/sec
	Dispensing 10.0 uL into A11 of Abgene 96-Deep Well Plate 800ul on 2 at 10.0 uL/sec
Blowing out at A11 of Abgene 96-Deep Well Plate 800ul on 2
Transferring 20.0 from A5 of NEST 12 Well Reservoir 15 mL on 1 to A12 of Abgene 96-Deep Well Plate 800ul on 2
	Aspirating 10.0 uL from A5 of NEST 12 Well Reservoir 15 mL on 1 at 5.0 uL/sec
	Dispensing 10.0 uL into A12 of Abgene 96-Deep Well Plate 800ul on 2 at 10.0 uL/sec
	Aspirating 10.0 uL from A5 of NEST 12 Well Reservoir 15 mL on 1 at 5.0 uL/sec
	Dispensing 10.0 uL into A12 of Abgene 96-Deep Well Plate 800ul on 2 at 10.0 uL/sec
Blowing out at A12 of Abgene 96-Deep Well Plate 800ul on 2
Dropping tip into A1 of Opentrons Fixed Trash on 12
Picking up tip from A2 of Opentrons OT-2 96 Tip Rack 10 µL on 4
Transferring 4.0 from A1 of Axygen 96 Well Plate on 3 to A1 of Abgene 96-Deep Well Plate 800ul on 2
	Aspirating 4.0 uL from A1 of Axygen 96 Well Plate on 3 at 5.0 uL/sec
	Dispensing 4.0 uL into A1 of Abgene 96-Deep Well Plate 800ul on 2 at 10.0 uL/sec
Blowing out at A1 of Abgene 96-Deep Well Plate 800ul on 2
Dropping tip into A1 of Opentrons Fixed Trash on 12
Picking up tip from A3 of Opentrons OT-2 96 Tip Rack 10 µL on 4
Transferring 4.0 from A2 of Axygen 96 Well Plate on 3 to A2 of Abgene 96-Deep Well Plate 800ul on 2
	Aspirating 4.0 uL from A2 of Axygen 96 Well Plate on 3 at 5.0 uL/sec
	Dispensing 4.0 uL into A2 of Abgene 96-Deep Well Plate 800ul on 2 at 10.0 uL/sec
Blowing out at A2 of Abgene 96-Deep Well Plate 800ul on 2
Dropping tip into A1 of Opentrons Fixed Trash on 12
Picking up tip from A4 of Opentrons OT-2 96 Tip Rack 10 µL on 4
Transferring 4.0 from A3 of Axygen 96 Well Plate on 3 to A3 of Abgene 96-Deep Well Plate 800ul on 2
	Aspirating 4.0 uL from A3 of Axygen 96 Well Plate on 3 at 5.0 uL/sec
	Dispensing 4.0 uL into A3 of Abgene 96-Deep Well Plate 800ul on 2 at 10.0 uL/sec
Blowing out at A3 of Abgene 96-Deep Well Plate 800ul on 2
Dropping tip into A1 of Opentrons Fixed Trash on 12
Picking up tip from A5 of Opentrons OT-2 96 Tip Rack 10 µL on 4
Transferring 4.0 from A4 of Axygen 96 Well Plate on 3 to A4 of Abgene 96-Deep Well Plate 800ul on 2
	Aspirating 4.0 uL from A4 of Axygen 96 Well Plate on 3 at 5.0 uL/sec
	Dispensing 4.0 uL into A4 of Abgene 96-Deep Well Plate 800ul on 2 at 10.0 uL/sec
Blowing out at A4 of Abgene 96-Deep Well Plate 800ul on 2
Dropping tip into A1 of Opentrons Fixed Trash on 12
Picking up tip from A6 of Opentrons OT-2 96 Tip Rack 10 µL on 4
Transferring 4.0 from A5 of Axygen 96 Well Plate on 3 to A5 of Abgene 96-Deep Well Plate 800ul on 2
	Aspirating 4.0 uL from A5 of Axygen 96 Well Plate on 3 at 5.0 uL/sec
	Dispensing 4.0 uL into A5 of Abgene 96-Deep Well Plate 800ul on 2 at 10.0 uL/sec
Blowing out at A5 of Abgene 96-Deep Well Plate 800ul on 2
Dropping tip into A1 of Opentrons Fixed Trash on 12
Picking up tip from A7 of Opentrons OT-2 96 Tip Rack 10 µL on 4
Transferring 4.0 from A6 of Axygen 96 Well Plate on 3 to A6 of Abgene 96-Deep Well Plate 800ul on 2
	Aspirating 4.0 uL from A6 of Axygen 96 Well Plate on 3 at 5.0 uL/sec
	Dispensing 4.0 uL into A6 of Abgene 96-Deep Well Plate 800ul on 2 at 10.0 uL/sec
Blowing out at A6 of Abgene 96-Deep Well Plate 800ul on 2
Dropping tip into A1 of Opentrons Fixed Trash on 12
Picking up tip from A8 of Opentrons OT-2 96 Tip Rack 10 µL on 4
Transferring 4.0 from A7 of Axygen 96 Well Plate on 3 to A7 of Abgene 96-Deep Well Plate 800ul on 2
	Aspirating 4.0 uL from A7 of Axygen 96 Well Plate on 3 at 5.0 uL/sec
	Dispensing 4.0 uL into A7 of Abgene 96-Deep Well Plate 800ul on 2 at 10.0 uL/sec
Blowing out at A7 of Abgene 96-Deep Well Plate 800ul on 2
Dropping tip into A1 of Opentrons Fixed Trash on 12
Picking up tip from A9 of Opentrons OT-2 96 Tip Rack 10 µL on 4
Transferring 4.0 from A8 of Axygen 96 Well Plate on 3 to A8 of Abgene 96-Deep Well Plate 800ul on 2
	Aspirating 4.0 uL from A8 of Axygen 96 Well Plate on 3 at 5.0 uL/sec
	Dispensing 4.0 uL into A8 of Abgene 96-Deep Well Plate 800ul on 2 at 10.0 uL/sec
Blowing out at A8 of Abgene 96-Deep Well Plate 800ul on 2
Dropping tip into A1 of Opentrons Fixed Trash on 12
Picking up tip from A10 of Opentrons OT-2 96 Tip Rack 10 µL on 4
Transferring 4.0 from A9 of Axygen 96 Well Plate on 3 to A9 of Abgene 96-Deep Well Plate 800ul on 2
	Aspirating 4.0 uL from A9 of Axygen 96 Well Plate on 3 at 5.0 uL/sec
	Dispensing 4.0 uL into A9 of Abgene 96-Deep Well Plate 800ul on 2 at 10.0 uL/sec
Blowing out at A9 of Abgene 96-Deep Well Plate 800ul on 2
Dropping tip into A1 of Opentrons Fixed Trash on 12
Picking up tip from A11 of Opentrons OT-2 96 Tip Rack 10 µL on 4
Transferring 4.0 from A10 of Axygen 96 Well Plate on 3 to A10 of Abgene 96-Deep Well Plate 800ul on 2
	Aspirating 4.0 uL from A10 of Axygen 96 Well Plate on 3 at 5.0 uL/sec
	Dispensing 4.0 uL into A10 of Abgene 96-Deep Well Plate 800ul on 2 at 10.0 uL/sec
Blowing out at A10 of Abgene 96-Deep Well Plate 800ul on 2
Dropping tip into A1 of Opentrons Fixed Trash on 12
Picking up tip from A12 of Opentrons OT-2 96 Tip Rack 10 µL on 4
Transferring 4.0 from A11 of Axygen 96 Well Plate on 3 to A11 of Abgene 96-Deep Well Plate 800ul on 2
	Aspirating 4.0 uL from A11 of Axygen 96 Well Plate on 3 at 5.0 uL/sec
	Dispensing 4.0 uL into A11 of Abgene 96-Deep Well Plate 800ul on 2 at 10.0 uL/sec
Blowing out at A11 of Abgene 96-Deep Well Plate 800ul on 2
Dropping tip into A1 of Opentrons Fixed Trash on 12
Picking up tip from A1 of Opentrons OT-2 96 Tip Rack 10 µL on 5
Transferring 4.0 from A9 of NEST 12 Well Reservoir 15 mL on 1 to A1 of Abgene 96-Deep Well Plate 800ul on 2
	Aspirating 4.0 uL from A9 of NEST 12 Well Reservoir 15 mL on 1 at 5.0 uL/sec
	Dispensing 4.0 uL into A1 of Abgene 96-Deep Well Plate 800ul on 2 at 10.0 uL/sec
Blowing out at A1 of Abgene 96-Deep Well Plate 800ul on 2
Dropping tip into A1 of Opentrons Fixed Trash on 12
Picking up tip from A2 of Opentrons OT-2 96 Tip Rack 10 µL on 5
Transferring 4.0 from A9 of NEST 12 Well Reservoir 15 mL on 1 to A2 of Abgene 96-Deep Well Plate 800ul on 2
	Aspirating 4.0 uL from A9 of NEST 12 Well Reservoir 15 mL on 1 at 5.0 uL/sec
	Dispensing 4.0 uL into A2 of Abgene 96-Deep Well Plate 800ul on 2 at 10.0 uL/sec
Blowing out at A2 of Abgene 96-Deep Well Plate 800ul on 2
Dropping tip into A1 of Opentrons Fixed Trash on 12
Picking up tip from A3 of Opentrons OT-2 96 Tip Rack 10 µL on 5
Transferring 4.0 from A9 of NEST 12 Well Reservoir 15 mL on 1 to A3 of Abgene 96-Deep Well Plate 800ul on 2
	Aspirating 4.0 uL from A9 of NEST 12 Well Reservoir 15 mL on 1 at 5.0 uL/sec
	Dispensing 4.0 uL into A3 of Abgene 96-Deep Well Plate 800ul on 2 at 10.0 uL/sec
Blowing out at A3 of Abgene 96-Deep Well Plate 800ul on 2
Dropping tip into A1 of Opentrons Fixed Trash on 12
Picking up tip from A4 of Opentrons OT-2 96 Tip Rack 10 µL on 5
Transferring 4.0 from A9 of NEST 12 Well Reservoir 15 mL on 1 to A4 of Abgene 96-Deep Well Plate 800ul on 2
	Aspirating 4.0 uL from A9 of NEST 12 Well Reservoir 15 mL on 1 at 5.0 uL/sec
	Dispensing 4.0 uL into A4 of Abgene 96-Deep Well Plate 800ul on 2 at 10.0 uL/sec
Blowing out at A4 of Abgene 96-Deep Well Plate 800ul on 2
Dropping tip into A1 of Opentrons Fixed Trash on 12
Picking up tip from A5 of Opentrons OT-2 96 Tip Rack 10 µL on 5
Transferring 4.0 from A9 of NEST 12 Well Reservoir 15 mL on 1 to A5 of Abgene 96-Deep Well Plate 800ul on 2
	Aspirating 4.0 uL from A9 of NEST 12 Well Reservoir 15 mL on 1 at 5.0 uL/sec
	Dispensing 4.0 uL into A5 of Abgene 96-Deep Well Plate 800ul on 2 at 10.0 uL/sec
Blowing out at A5 of Abgene 96-Deep Well Plate 800ul on 2
Dropping tip into A1 of Opentrons Fixed Trash on 12
Picking up tip from A6 of Opentrons OT-2 96 Tip Rack 10 µL on 5
Transferring 4.0 from A9 of NEST 12 Well Reservoir 15 mL on 1 to A6 of Abgene 96-Deep Well Plate 800ul on 2
	Aspirating 4.0 uL from A9 of NEST 12 Well Reservoir 15 mL on 1 at 5.0 uL/sec
	Dispensing 4.0 uL into A6 of Abgene 96-Deep Well Plate 800ul on 2 at 10.0 uL/sec
Blowing out at A6 of Abgene 96-Deep Well Plate 800ul on 2
Dropping tip into A1 of Opentrons Fixed Trash on 12
Picking up tip from A7 of Opentrons OT-2 96 Tip Rack 10 µL on 5
Transferring 4.0 from A9 of NEST 12 Well Reservoir 15 mL on 1 to A7 of Abgene 96-Deep Well Plate 800ul on 2
	Aspirating 4.0 uL from A9 of NEST 12 Well Reservoir 15 mL on 1 at 5.0 uL/sec
	Dispensing 4.0 uL into A7 of Abgene 96-Deep Well Plate 800ul on 2 at 10.0 uL/sec
Blowing out at A7 of Abgene 96-Deep Well Plate 800ul on 2
Dropping tip into A1 of Opentrons Fixed Trash on 12
Picking up tip from A8 of Opentrons OT-2 96 Tip Rack 10 µL on 5
Transferring 4.0 from A9 of NEST 12 Well Reservoir 15 mL on 1 to A8 of Abgene 96-Deep Well Plate 800ul on 2
	Aspirating 4.0 uL from A9 of NEST 12 Well Reservoir 15 mL on 1 at 5.0 uL/sec
	Dispensing 4.0 uL into A8 of Abgene 96-Deep Well Plate 800ul on 2 at 10.0 uL/sec
Blowing out at A8 of Abgene 96-Deep Well Plate 800ul on 2
Dropping tip into A1 of Opentrons Fixed Trash on 12
Picking up tip from A9 of Opentrons OT-2 96 Tip Rack 10 µL on 5
Transferring 4.0 from A9 of NEST 12 Well Reservoir 15 mL on 1 to A9 of Abgene 96-Deep Well Plate 800ul on 2
	Aspirating 4.0 uL from A9 of NEST 12 Well Reservoir 15 mL on 1 at 5.0 uL/sec
	Dispensing 4.0 uL into A9 of Abgene 96-Deep Well Plate 800ul on 2 at 10.0 uL/sec
Blowing out at A9 of Abgene 96-Deep Well Plate 800ul on 2
Dropping tip into A1 of Opentrons Fixed Trash on 12
Picking up tip from A10 of Opentrons OT-2 96 Tip Rack 10 µL on 5
Transferring 4.0 from A9 of NEST 12 Well Reservoir 15 mL on 1 to A10 of Abgene 96-Deep Well Plate 800ul on 2
	Aspirating 4.0 uL from A9 of NEST 12 Well Reservoir 15 mL on 1 at 5.0 uL/sec
	Dispensing 4.0 uL into A10 of Abgene 96-Deep Well Plate 800ul on 2 at 10.0 uL/sec
Blowing out at A10 of Abgene 96-Deep Well Plate 800ul on 2
Dropping tip into A1 of Opentrons Fixed Trash on 12
Picking up tip from A11 of Opentrons OT-2 96 Tip Rack 10 µL on 5
Transferring 4.0 from A9 of NEST 12 Well Reservoir 15 mL on 1 to A11 of Abgene 96-Deep Well Plate 800ul on 2
	Aspirating 4.0 uL from A9 of NEST 12 Well Reservoir 15 mL on 1 at 5.0 uL/sec
	Dispensing 4.0 uL into A11 of Abgene 96-Deep Well Plate 800ul on 2 at 10.0 uL/sec
Blowing out at A11 of Abgene 96-Deep Well Plate 800ul on 2
Dropping tip into A1 of Opentrons Fixed Trash on 12
Picking up tip from A12 of Opentrons OT-2 96 Tip Rack 10 µL on 5
Transferring 4.0 from A9 of NEST 12 Well Reservoir 15 mL on 1 to A12 of Abgene 96-Deep Well Plate 800ul on 2
	Aspirating 4.0 uL from A9 of NEST 12 Well Reservoir 15 mL on 1 at 5.0 uL/sec
	Dispensing 4.0 uL into A12 of Abgene 96-Deep Well Plate 800ul on 2 at 10.0 uL/sec
Blowing out at A12 of Abgene 96-Deep Well Plate 800ul on 2
Dropping tip into A1 of Opentrons Fixed Trash on 12
Caught exception: {'message': 'Task was destroyed but it is pending!', 'task': <Task pending name='Task-2' coro=<Poller._poll_forever() running at /Users/dp/Desktop/project/github/opentrons/venv/lib/python3.10/site-packages/opentrons/hardware_control/poller.py:80> wait_for=<Future pending cb=[Task.task_wakeup()]>>}
Caught exception: {'message': 'Task was destroyed but it is pending!', 'task': <Task pending name='Task-4' coro=<Poller._poll_forever() running at /Users/dp/Desktop/project/github/opentrons/venv/lib/python3.10/site-packages/opentrons/hardware_control/poller.py:80> wait_for=<Future pending cb=[Task.task_wakeup()]>>}
Caught exception: {'message': 'Task was destroyed but it is pending!', 'task': <Task pending name='Task-3' coro=<Poller._poll_forever() running at /Users/dp/Desktop/project/github/opentrons/venv/lib/python3.10/site-packages/opentrons/hardware_control/poller.py:80> wait_for=<Future pending cb=[Task.task_wakeup()]>>}
