/Users/dp/Desktop/project/github/opentrons/venv/lib/python3.10/site-packages/opentrons/hardware_control/simulator_setup.py:205: UserWarning: Simulator configuration does not name a machine, defaulting to OT-2 Standard
  warn(
/Users/dp/.opentrons/robot_settings.json not found. Loading defaults
Deck calibration not found.
/Users/dp/.opentrons/deck_calibration.json not found. Loading defaults
Distributing master mix 1...
Picking up tip from A1 of Opentrons OT-2 96 Tip Rack 20 µL on 10
Aspirating 15.0 uL from A1 of NEST 12 Well Reservoir 15 mL on 11 at 7.6 uL/sec
Moving to A1 of NEST 12 Well Reservoir 15 mL on 11
Moving to A1 of NEST 12 Well Reservoir 15 mL on 11
Dispensing 7.5 uL into A1 of Applied Biosystems™ MicroAmp™ Optical 384-Well Reaction Plate With Barcode 384 Well Plate 30 µL on 1 at 7.6 uL/sec
Dispensing 7.5 uL into A2 of Applied Biosystems™ MicroAmp™ Optical 384-Well Reaction Plate With Barcode 384 Well Plate 30 µL on 1 at 7.6 uL/sec
Aspirating 15.0 uL from A1 of NEST 12 Well Reservoir 15 mL on 11 at 7.6 uL/sec
Moving to A1 of NEST 12 Well Reservoir 15 mL on 11
Moving to A1 of NEST 12 Well Reservoir 15 mL on 11
Dispensing 7.5 uL into A3 of Applied Biosystems™ MicroAmp™ Optical 384-Well Reaction Plate With Barcode 384 Well Plate 30 µL on 1 at 7.6 uL/sec
Dispensing 7.5 uL into A4 of Applied Biosystems™ MicroAmp™ Optical 384-Well Reaction Plate With Barcode 384 Well Plate 30 µL on 1 at 7.6 uL/sec
Aspirating 15.0 uL from A1 of NEST 12 Well Reservoir 15 mL on 11 at 7.6 uL/sec
Moving to A1 of NEST 12 Well Reservoir 15 mL on 11
Moving to A1 of NEST 12 Well Reservoir 15 mL on 11
Dispensing 7.5 uL into A5 of Applied Biosystems™ MicroAmp™ Optical 384-Well Reaction Plate With Barcode 384 Well Plate 30 µL on 1 at 7.6 uL/sec
Dispensing 7.5 uL into A6 of Applied Biosystems™ MicroAmp™ Optical 384-Well Reaction Plate With Barcode 384 Well Plate 30 µL on 1 at 7.6 uL/sec
Aspirating 15.0 uL from A1 of NEST 12 Well Reservoir 15 mL on 11 at 7.6 uL/sec
Moving to A1 of NEST 12 Well Reservoir 15 mL on 11
Moving to A1 of NEST 12 Well Reservoir 15 mL on 11
Dispensing 7.5 uL into A7 of Applied Biosystems™ MicroAmp™ Optical 384-Well Reaction Plate With Barcode 384 Well Plate 30 µL on 1 at 7.6 uL/sec
Dispensing 7.5 uL into A8 of Applied Biosystems™ MicroAmp™ Optical 384-Well Reaction Plate With Barcode 384 Well Plate 30 µL on 1 at 7.6 uL/sec
Aspirating 15.0 uL from A1 of NEST 12 Well Reservoir 15 mL on 11 at 7.6 uL/sec
Moving to A1 of NEST 12 Well Reservoir 15 mL on 11
Moving to A1 of NEST 12 Well Reservoir 15 mL on 11
Dispensing 7.5 uL into A9 of Applied Biosystems™ MicroAmp™ Optical 384-Well Reaction Plate With Barcode 384 Well Plate 30 µL on 1 at 7.6 uL/sec
Dispensing 7.5 uL into A10 of Applied Biosystems™ MicroAmp™ Optical 384-Well Reaction Plate With Barcode 384 Well Plate 30 µL on 1 at 7.6 uL/sec
Aspirating 15.0 uL from A1 of NEST 12 Well Reservoir 15 mL on 11 at 7.6 uL/sec
Moving to A1 of NEST 12 Well Reservoir 15 mL on 11
Moving to A1 of NEST 12 Well Reservoir 15 mL on 11
Dispensing 7.5 uL into A11 of Applied Biosystems™ MicroAmp™ Optical 384-Well Reaction Plate With Barcode 384 Well Plate 30 µL on 1 at 7.6 uL/sec
Dispensing 7.5 uL into A12 of Applied Biosystems™ MicroAmp™ Optical 384-Well Reaction Plate With Barcode 384 Well Plate 30 µL on 1 at 7.6 uL/sec
Aspirating 15.0 uL from A1 of NEST 12 Well Reservoir 15 mL on 11 at 7.6 uL/sec
Moving to A1 of NEST 12 Well Reservoir 15 mL on 11
Moving to A1 of NEST 12 Well Reservoir 15 mL on 11
Dispensing 7.5 uL into A13 of Applied Biosystems™ MicroAmp™ Optical 384-Well Reaction Plate With Barcode 384 Well Plate 30 µL on 1 at 7.6 uL/sec
Dispensing 7.5 uL into A14 of Applied Biosystems™ MicroAmp™ Optical 384-Well Reaction Plate With Barcode 384 Well Plate 30 µL on 1 at 7.6 uL/sec
Aspirating 15.0 uL from A1 of NEST 12 Well Reservoir 15 mL on 11 at 7.6 uL/sec
Moving to A1 of NEST 12 Well Reservoir 15 mL on 11
Moving to A1 of NEST 12 Well Reservoir 15 mL on 11
Dispensing 7.5 uL into A15 of Applied Biosystems™ MicroAmp™ Optical 384-Well Reaction Plate With Barcode 384 Well Plate 30 µL on 1 at 7.6 uL/sec
Dispensing 7.5 uL into A16 of Applied Biosystems™ MicroAmp™ Optical 384-Well Reaction Plate With Barcode 384 Well Plate 30 µL on 1 at 7.6 uL/sec
Aspirating 15.0 uL from A1 of NEST 12 Well Reservoir 15 mL on 11 at 7.6 uL/sec
Moving to A1 of NEST 12 Well Reservoir 15 mL on 11
Moving to A1 of NEST 12 Well Reservoir 15 mL on 11
Dispensing 7.5 uL into A17 of Applied Biosystems™ MicroAmp™ Optical 384-Well Reaction Plate With Barcode 384 Well Plate 30 µL on 1 at 7.6 uL/sec
Dispensing 7.5 uL into A18 of Applied Biosystems™ MicroAmp™ Optical 384-Well Reaction Plate With Barcode 384 Well Plate 30 µL on 1 at 7.6 uL/sec
Aspirating 15.0 uL from A1 of NEST 12 Well Reservoir 15 mL on 11 at 7.6 uL/sec
Moving to A1 of NEST 12 Well Reservoir 15 mL on 11
Moving to A1 of NEST 12 Well Reservoir 15 mL on 11
Dispensing 7.5 uL into A19 of Applied Biosystems™ MicroAmp™ Optical 384-Well Reaction Plate With Barcode 384 Well Plate 30 µL on 1 at 7.6 uL/sec
Dispensing 7.5 uL into A20 of Applied Biosystems™ MicroAmp™ Optical 384-Well Reaction Plate With Barcode 384 Well Plate 30 µL on 1 at 7.6 uL/sec
Aspirating 15.0 uL from A1 of NEST 12 Well Reservoir 15 mL on 11 at 7.6 uL/sec
Moving to A1 of NEST 12 Well Reservoir 15 mL on 11
Moving to A1 of NEST 12 Well Reservoir 15 mL on 11
Dispensing 7.5 uL into A21 of Applied Biosystems™ MicroAmp™ Optical 384-Well Reaction Plate With Barcode 384 Well Plate 30 µL on 1 at 7.6 uL/sec
Dispensing 7.5 uL into A22 of Applied Biosystems™ MicroAmp™ Optical 384-Well Reaction Plate With Barcode 384 Well Plate 30 µL on 1 at 7.6 uL/sec
Aspirating 15.0 uL from A1 of NEST 12 Well Reservoir 15 mL on 11 at 7.6 uL/sec
Moving to A1 of NEST 12 Well Reservoir 15 mL on 11
Moving to A1 of NEST 12 Well Reservoir 15 mL on 11
Dispensing 7.5 uL into A23 of Applied Biosystems™ MicroAmp™ Optical 384-Well Reaction Plate With Barcode 384 Well Plate 30 µL on 1 at 7.6 uL/sec
Dispensing 7.5 uL into A24 of Applied Biosystems™ MicroAmp™ Optical 384-Well Reaction Plate With Barcode 384 Well Plate 30 µL on 1 at 7.6 uL/sec
Dropping tip into A1 of Opentrons Fixed Trash on 12
Distributing master mix 2...
Picking up tip from A2 of Opentrons OT-2 96 Tip Rack 20 µL on 10
Aspirating 15.0 uL from A11 of NEST 12 Well Reservoir 15 mL on 11 at 7.6 uL/sec
Moving to A11 of NEST 12 Well Reservoir 15 mL on 11
Moving to A11 of NEST 12 Well Reservoir 15 mL on 11
Dispensing 7.5 uL into B1 of Applied Biosystems™ MicroAmp™ Optical 384-Well Reaction Plate With Barcode 384 Well Plate 30 µL on 1 at 7.6 uL/sec
Dispensing 7.5 uL into B2 of Applied Biosystems™ MicroAmp™ Optical 384-Well Reaction Plate With Barcode 384 Well Plate 30 µL on 1 at 7.6 uL/sec
Aspirating 15.0 uL from A11 of NEST 12 Well Reservoir 15 mL on 11 at 7.6 uL/sec
Moving to A11 of NEST 12 Well Reservoir 15 mL on 11
Moving to A11 of NEST 12 Well Reservoir 15 mL on 11
Dispensing 7.5 uL into B3 of Applied Biosystems™ MicroAmp™ Optical 384-Well Reaction Plate With Barcode 384 Well Plate 30 µL on 1 at 7.6 uL/sec
Dispensing 7.5 uL into B4 of Applied Biosystems™ MicroAmp™ Optical 384-Well Reaction Plate With Barcode 384 Well Plate 30 µL on 1 at 7.6 uL/sec
Aspirating 15.0 uL from A11 of NEST 12 Well Reservoir 15 mL on 11 at 7.6 uL/sec
Moving to A11 of NEST 12 Well Reservoir 15 mL on 11
Moving to A11 of NEST 12 Well Reservoir 15 mL on 11
Dispensing 7.5 uL into B5 of Applied Biosystems™ MicroAmp™ Optical 384-Well Reaction Plate With Barcode 384 Well Plate 30 µL on 1 at 7.6 uL/sec
Dispensing 7.5 uL into B6 of Applied Biosystems™ MicroAmp™ Optical 384-Well Reaction Plate With Barcode 384 Well Plate 30 µL on 1 at 7.6 uL/sec
Aspirating 15.0 uL from A11 of NEST 12 Well Reservoir 15 mL on 11 at 7.6 uL/sec
Moving to A11 of NEST 12 Well Reservoir 15 mL on 11
Moving to A11 of NEST 12 Well Reservoir 15 mL on 11
Dispensing 7.5 uL into B7 of Applied Biosystems™ MicroAmp™ Optical 384-Well Reaction Plate With Barcode 384 Well Plate 30 µL on 1 at 7.6 uL/sec
Dispensing 7.5 uL into B8 of Applied Biosystems™ MicroAmp™ Optical 384-Well Reaction Plate With Barcode 384 Well Plate 30 µL on 1 at 7.6 uL/sec
Aspirating 15.0 uL from A11 of NEST 12 Well Reservoir 15 mL on 11 at 7.6 uL/sec
Moving to A11 of NEST 12 Well Reservoir 15 mL on 11
Moving to A11 of NEST 12 Well Reservoir 15 mL on 11
Dispensing 7.5 uL into B9 of Applied Biosystems™ MicroAmp™ Optical 384-Well Reaction Plate With Barcode 384 Well Plate 30 µL on 1 at 7.6 uL/sec
Dispensing 7.5 uL into B10 of Applied Biosystems™ MicroAmp™ Optical 384-Well Reaction Plate With Barcode 384 Well Plate 30 µL on 1 at 7.6 uL/sec
Aspirating 15.0 uL from A11 of NEST 12 Well Reservoir 15 mL on 11 at 7.6 uL/sec
Moving to A11 of NEST 12 Well Reservoir 15 mL on 11
Moving to A11 of NEST 12 Well Reservoir 15 mL on 11
Dispensing 7.5 uL into B11 of Applied Biosystems™ MicroAmp™ Optical 384-Well Reaction Plate With Barcode 384 Well Plate 30 µL on 1 at 7.6 uL/sec
Dispensing 7.5 uL into B12 of Applied Biosystems™ MicroAmp™ Optical 384-Well Reaction Plate With Barcode 384 Well Plate 30 µL on 1 at 7.6 uL/sec
Aspirating 15.0 uL from A11 of NEST 12 Well Reservoir 15 mL on 11 at 7.6 uL/sec
Moving to A11 of NEST 12 Well Reservoir 15 mL on 11
Moving to A11 of NEST 12 Well Reservoir 15 mL on 11
Dispensing 7.5 uL into B13 of Applied Biosystems™ MicroAmp™ Optical 384-Well Reaction Plate With Barcode 384 Well Plate 30 µL on 1 at 7.6 uL/sec
Dispensing 7.5 uL into B14 of Applied Biosystems™ MicroAmp™ Optical 384-Well Reaction Plate With Barcode 384 Well Plate 30 µL on 1 at 7.6 uL/sec
Aspirating 15.0 uL from A11 of NEST 12 Well Reservoir 15 mL on 11 at 7.6 uL/sec
Moving to A11 of NEST 12 Well Reservoir 15 mL on 11
Moving to A11 of NEST 12 Well Reservoir 15 mL on 11
Dispensing 7.5 uL into B15 of Applied Biosystems™ MicroAmp™ Optical 384-Well Reaction Plate With Barcode 384 Well Plate 30 µL on 1 at 7.6 uL/sec
Dispensing 7.5 uL into B16 of Applied Biosystems™ MicroAmp™ Optical 384-Well Reaction Plate With Barcode 384 Well Plate 30 µL on 1 at 7.6 uL/sec
Aspirating 15.0 uL from A11 of NEST 12 Well Reservoir 15 mL on 11 at 7.6 uL/sec
Moving to A11 of NEST 12 Well Reservoir 15 mL on 11
Moving to A11 of NEST 12 Well Reservoir 15 mL on 11
Dispensing 7.5 uL into B17 of Applied Biosystems™ MicroAmp™ Optical 384-Well Reaction Plate With Barcode 384 Well Plate 30 µL on 1 at 7.6 uL/sec
Dispensing 7.5 uL into B18 of Applied Biosystems™ MicroAmp™ Optical 384-Well Reaction Plate With Barcode 384 Well Plate 30 µL on 1 at 7.6 uL/sec
Aspirating 15.0 uL from A11 of NEST 12 Well Reservoir 15 mL on 11 at 7.6 uL/sec
Moving to A11 of NEST 12 Well Reservoir 15 mL on 11
Moving to A11 of NEST 12 Well Reservoir 15 mL on 11
Dispensing 7.5 uL into B19 of Applied Biosystems™ MicroAmp™ Optical 384-Well Reaction Plate With Barcode 384 Well Plate 30 µL on 1 at 7.6 uL/sec
Dispensing 7.5 uL into B20 of Applied Biosystems™ MicroAmp™ Optical 384-Well Reaction Plate With Barcode 384 Well Plate 30 µL on 1 at 7.6 uL/sec
Aspirating 15.0 uL from A11 of NEST 12 Well Reservoir 15 mL on 11 at 7.6 uL/sec
Moving to A11 of NEST 12 Well Reservoir 15 mL on 11
Moving to A11 of NEST 12 Well Reservoir 15 mL on 11
Dispensing 7.5 uL into B21 of Applied Biosystems™ MicroAmp™ Optical 384-Well Reaction Plate With Barcode 384 Well Plate 30 µL on 1 at 7.6 uL/sec
Dispensing 7.5 uL into B22 of Applied Biosystems™ MicroAmp™ Optical 384-Well Reaction Plate With Barcode 384 Well Plate 30 µL on 1 at 7.6 uL/sec
Aspirating 15.0 uL from A11 of NEST 12 Well Reservoir 15 mL on 11 at 7.6 uL/sec
Moving to A11 of NEST 12 Well Reservoir 15 mL on 11
Moving to A11 of NEST 12 Well Reservoir 15 mL on 11
Dispensing 7.5 uL into B23 of Applied Biosystems™ MicroAmp™ Optical 384-Well Reaction Plate With Barcode 384 Well Plate 30 µL on 1 at 7.6 uL/sec
Dispensing 7.5 uL into B24 of Applied Biosystems™ MicroAmp™ Optical 384-Well Reaction Plate With Barcode 384 Well Plate 30 µL on 1 at 7.6 uL/sec
Dropping tip into A1 of Opentrons Fixed Trash on 12
Caught exception: {'message': 'Task was destroyed but it is pending!', 'task': <Task pending name='Task-4' coro=<Poller._poll_forever() running at /Users/dp/Desktop/project/github/opentrons/venv/lib/python3.10/site-packages/opentrons/hardware_control/poller.py:80> wait_for=<Future pending cb=[Task.task_wakeup()]>>}
Caught exception: {'message': 'Task was destroyed but it is pending!', 'task': <Task pending name='Task-3' coro=<Poller._poll_forever() running at /Users/dp/Desktop/project/github/opentrons/venv/lib/python3.10/site-packages/opentrons/hardware_control/poller.py:80> wait_for=<Future pending cb=[Task.task_wakeup()]>>}
Caught exception: {'message': 'Task was destroyed but it is pending!', 'task': <Task pending name='Task-2' coro=<Poller._poll_forever() running at /Users/dp/Desktop/project/github/opentrons/venv/lib/python3.10/site-packages/opentrons/hardware_control/poller.py:80> wait_for=<Future pending cb=[Task.task_wakeup()]>>}
