/Users/dp/Desktop/project/github/opentrons/venv/lib/python3.10/site-packages/opentrons/hardware_control/simulator_setup.py:205: UserWarning: Simulator configuration does not name a machine, defaulting to OT-2 Standard
  warn(
/Users/dp/.opentrons/robot_settings.json not found. Loading defaults
Deck calibration not found.
/Users/dp/.opentrons/deck_calibration.json not found. Loading defaults

Transferring Samples from KF Deepwell-96 Sample Plate 1 on 1

Picking up tip from A1 of Opentrons OT-2 96 Filter Tip Rack 20 µL on 5
Mixing 2 times with a volume of 5.0 ul
	Aspirating 5.0 uL from A1 of KF Deepwell-96 Sample Plate 1 on 1 at 7.6 uL/sec
	Dispensing 5.0 uL into A1 of KF Deepwell-96 Sample Plate 1 on 1 at 7.6 uL/sec
	Aspirating 5.0 uL from A1 of KF Deepwell-96 Sample Plate 1 on 1 at 7.6 uL/sec
	Dispensing 5.0 uL into A1 of KF Deepwell-96 Sample Plate 1 on 1 at 7.6 uL/sec
Aspirating 5.0 uL from A1 of KF Deepwell-96 Sample Plate 1 on 1 at 7.6 uL/sec
Dispensing 5.0 uL into A1 of MicroAmp Optical 384 Well Plate 30 µL on 2 at 7.6 uL/sec
Mixing 3 times with a volume of 10.0 ul
	Aspirating 10.0 uL from A1 of MicroAmp Optical 384 Well Plate 30 µL on 2 at 7.6 uL/sec
	Dispensing 10.0 uL into A1 of MicroAmp Optical 384 Well Plate 30 µL on 2 at 7.6 uL/sec
	Aspirating 10.0 uL from A1 of MicroAmp Optical 384 Well Plate 30 µL on 2 at 7.6 uL/sec
	Dispensing 10.0 uL into A1 of MicroAmp Optical 384 Well Plate 30 µL on 2 at 7.6 uL/sec
	Aspirating 10.0 uL from A1 of MicroAmp Optical 384 Well Plate 30 µL on 2 at 7.6 uL/sec
	Dispensing 10.0 uL into A1 of MicroAmp Optical 384 Well Plate 30 µL on 2 at 7.6 uL/sec
Dropping tip into A1 of Opentrons Fixed Trash on 12
Picking up tip from A2 of Opentrons OT-2 96 Filter Tip Rack 20 µL on 5
Mixing 2 times with a volume of 5.0 ul
	Aspirating 5.0 uL from A2 of KF Deepwell-96 Sample Plate 1 on 1 at 7.6 uL/sec
	Dispensing 5.0 uL into A2 of KF Deepwell-96 Sample Plate 1 on 1 at 7.6 uL/sec
	Aspirating 5.0 uL from A2 of KF Deepwell-96 Sample Plate 1 on 1 at 7.6 uL/sec
	Dispensing 5.0 uL into A2 of KF Deepwell-96 Sample Plate 1 on 1 at 7.6 uL/sec
Aspirating 5.0 uL from A2 of KF Deepwell-96 Sample Plate 1 on 1 at 7.6 uL/sec
Dispensing 5.0 uL into A2 of MicroAmp Optical 384 Well Plate 30 µL on 2 at 7.6 uL/sec
Mixing 3 times with a volume of 10.0 ul
	Aspirating 10.0 uL from A2 of MicroAmp Optical 384 Well Plate 30 µL on 2 at 7.6 uL/sec
	Dispensing 10.0 uL into A2 of MicroAmp Optical 384 Well Plate 30 µL on 2 at 7.6 uL/sec
	Aspirating 10.0 uL from A2 of MicroAmp Optical 384 Well Plate 30 µL on 2 at 7.6 uL/sec
	Dispensing 10.0 uL into A2 of MicroAmp Optical 384 Well Plate 30 µL on 2 at 7.6 uL/sec
	Aspirating 10.0 uL from A2 of MicroAmp Optical 384 Well Plate 30 µL on 2 at 7.6 uL/sec
	Dispensing 10.0 uL into A2 of MicroAmp Optical 384 Well Plate 30 µL on 2 at 7.6 uL/sec
Dropping tip into A1 of Opentrons Fixed Trash on 12
Picking up tip from A3 of Opentrons OT-2 96 Filter Tip Rack 20 µL on 5
Mixing 2 times with a volume of 5.0 ul
	Aspirating 5.0 uL from A3 of KF Deepwell-96 Sample Plate 1 on 1 at 7.6 uL/sec
	Dispensing 5.0 uL into A3 of KF Deepwell-96 Sample Plate 1 on 1 at 7.6 uL/sec
	Aspirating 5.0 uL from A3 of KF Deepwell-96 Sample Plate 1 on 1 at 7.6 uL/sec
	Dispensing 5.0 uL into A3 of KF Deepwell-96 Sample Plate 1 on 1 at 7.6 uL/sec
Aspirating 5.0 uL from A3 of KF Deepwell-96 Sample Plate 1 on 1 at 7.6 uL/sec
Dispensing 5.0 uL into A3 of MicroAmp Optical 384 Well Plate 30 µL on 2 at 7.6 uL/sec
Mixing 3 times with a volume of 10.0 ul
	Aspirating 10.0 uL from A3 of MicroAmp Optical 384 Well Plate 30 µL on 2 at 7.6 uL/sec
	Dispensing 10.0 uL into A3 of MicroAmp Optical 384 Well Plate 30 µL on 2 at 7.6 uL/sec
	Aspirating 10.0 uL from A3 of MicroAmp Optical 384 Well Plate 30 µL on 2 at 7.6 uL/sec
	Dispensing 10.0 uL into A3 of MicroAmp Optical 384 Well Plate 30 µL on 2 at 7.6 uL/sec
	Aspirating 10.0 uL from A3 of MicroAmp Optical 384 Well Plate 30 µL on 2 at 7.6 uL/sec
	Dispensing 10.0 uL into A3 of MicroAmp Optical 384 Well Plate 30 µL on 2 at 7.6 uL/sec
Dropping tip into A1 of Opentrons Fixed Trash on 12
Picking up tip from A4 of Opentrons OT-2 96 Filter Tip Rack 20 µL on 5
Mixing 2 times with a volume of 5.0 ul
	Aspirating 5.0 uL from A4 of KF Deepwell-96 Sample Plate 1 on 1 at 7.6 uL/sec
	Dispensing 5.0 uL into A4 of KF Deepwell-96 Sample Plate 1 on 1 at 7.6 uL/sec
	Aspirating 5.0 uL from A4 of KF Deepwell-96 Sample Plate 1 on 1 at 7.6 uL/sec
	Dispensing 5.0 uL into A4 of KF Deepwell-96 Sample Plate 1 on 1 at 7.6 uL/sec
Aspirating 5.0 uL from A4 of KF Deepwell-96 Sample Plate 1 on 1 at 7.6 uL/sec
Dispensing 5.0 uL into A4 of MicroAmp Optical 384 Well Plate 30 µL on 2 at 7.6 uL/sec
Mixing 3 times with a volume of 10.0 ul
	Aspirating 10.0 uL from A4 of MicroAmp Optical 384 Well Plate 30 µL on 2 at 7.6 uL/sec
	Dispensing 10.0 uL into A4 of MicroAmp Optical 384 Well Plate 30 µL on 2 at 7.6 uL/sec
	Aspirating 10.0 uL from A4 of MicroAmp Optical 384 Well Plate 30 µL on 2 at 7.6 uL/sec
	Dispensing 10.0 uL into A4 of MicroAmp Optical 384 Well Plate 30 µL on 2 at 7.6 uL/sec
	Aspirating 10.0 uL from A4 of MicroAmp Optical 384 Well Plate 30 µL on 2 at 7.6 uL/sec
	Dispensing 10.0 uL into A4 of MicroAmp Optical 384 Well Plate 30 µL on 2 at 7.6 uL/sec
Dropping tip into A1 of Opentrons Fixed Trash on 12
Picking up tip from A5 of Opentrons OT-2 96 Filter Tip Rack 20 µL on 5
Mixing 2 times with a volume of 5.0 ul
	Aspirating 5.0 uL from A5 of KF Deepwell-96 Sample Plate 1 on 1 at 7.6 uL/sec
	Dispensing 5.0 uL into A5 of KF Deepwell-96 Sample Plate 1 on 1 at 7.6 uL/sec
	Aspirating 5.0 uL from A5 of KF Deepwell-96 Sample Plate 1 on 1 at 7.6 uL/sec
	Dispensing 5.0 uL into A5 of KF Deepwell-96 Sample Plate 1 on 1 at 7.6 uL/sec
Aspirating 5.0 uL from A5 of KF Deepwell-96 Sample Plate 1 on 1 at 7.6 uL/sec
Dispensing 5.0 uL into A5 of MicroAmp Optical 384 Well Plate 30 µL on 2 at 7.6 uL/sec
Mixing 3 times with a volume of 10.0 ul
	Aspirating 10.0 uL from A5 of MicroAmp Optical 384 Well Plate 30 µL on 2 at 7.6 uL/sec
	Dispensing 10.0 uL into A5 of MicroAmp Optical 384 Well Plate 30 µL on 2 at 7.6 uL/sec
	Aspirating 10.0 uL from A5 of MicroAmp Optical 384 Well Plate 30 µL on 2 at 7.6 uL/sec
	Dispensing 10.0 uL into A5 of MicroAmp Optical 384 Well Plate 30 µL on 2 at 7.6 uL/sec
	Aspirating 10.0 uL from A5 of MicroAmp Optical 384 Well Plate 30 µL on 2 at 7.6 uL/sec
	Dispensing 10.0 uL into A5 of MicroAmp Optical 384 Well Plate 30 µL on 2 at 7.6 uL/sec
Dropping tip into A1 of Opentrons Fixed Trash on 12
Picking up tip from A6 of Opentrons OT-2 96 Filter Tip Rack 20 µL on 5
Mixing 2 times with a volume of 5.0 ul
	Aspirating 5.0 uL from A6 of KF Deepwell-96 Sample Plate 1 on 1 at 7.6 uL/sec
	Dispensing 5.0 uL into A6 of KF Deepwell-96 Sample Plate 1 on 1 at 7.6 uL/sec
	Aspirating 5.0 uL from A6 of KF Deepwell-96 Sample Plate 1 on 1 at 7.6 uL/sec
	Dispensing 5.0 uL into A6 of KF Deepwell-96 Sample Plate 1 on 1 at 7.6 uL/sec
Aspirating 5.0 uL from A6 of KF Deepwell-96 Sample Plate 1 on 1 at 7.6 uL/sec
Dispensing 5.0 uL into A6 of MicroAmp Optical 384 Well Plate 30 µL on 2 at 7.6 uL/sec
Mixing 3 times with a volume of 10.0 ul
	Aspirating 10.0 uL from A6 of MicroAmp Optical 384 Well Plate 30 µL on 2 at 7.6 uL/sec
	Dispensing 10.0 uL into A6 of MicroAmp Optical 384 Well Plate 30 µL on 2 at 7.6 uL/sec
	Aspirating 10.0 uL from A6 of MicroAmp Optical 384 Well Plate 30 µL on 2 at 7.6 uL/sec
	Dispensing 10.0 uL into A6 of MicroAmp Optical 384 Well Plate 30 µL on 2 at 7.6 uL/sec
	Aspirating 10.0 uL from A6 of MicroAmp Optical 384 Well Plate 30 µL on 2 at 7.6 uL/sec
	Dispensing 10.0 uL into A6 of MicroAmp Optical 384 Well Plate 30 µL on 2 at 7.6 uL/sec
Dropping tip into A1 of Opentrons Fixed Trash on 12
Picking up tip from A7 of Opentrons OT-2 96 Filter Tip Rack 20 µL on 5
Mixing 2 times with a volume of 5.0 ul
	Aspirating 5.0 uL from A7 of KF Deepwell-96 Sample Plate 1 on 1 at 7.6 uL/sec
	Dispensing 5.0 uL into A7 of KF Deepwell-96 Sample Plate 1 on 1 at 7.6 uL/sec
	Aspirating 5.0 uL from A7 of KF Deepwell-96 Sample Plate 1 on 1 at 7.6 uL/sec
	Dispensing 5.0 uL into A7 of KF Deepwell-96 Sample Plate 1 on 1 at 7.6 uL/sec
Aspirating 5.0 uL from A7 of KF Deepwell-96 Sample Plate 1 on 1 at 7.6 uL/sec
Dispensing 5.0 uL into A7 of MicroAmp Optical 384 Well Plate 30 µL on 2 at 7.6 uL/sec
Mixing 3 times with a volume of 10.0 ul
	Aspirating 10.0 uL from A7 of MicroAmp Optical 384 Well Plate 30 µL on 2 at 7.6 uL/sec
	Dispensing 10.0 uL into A7 of MicroAmp Optical 384 Well Plate 30 µL on 2 at 7.6 uL/sec
	Aspirating 10.0 uL from A7 of MicroAmp Optical 384 Well Plate 30 µL on 2 at 7.6 uL/sec
	Dispensing 10.0 uL into A7 of MicroAmp Optical 384 Well Plate 30 µL on 2 at 7.6 uL/sec
	Aspirating 10.0 uL from A7 of MicroAmp Optical 384 Well Plate 30 µL on 2 at 7.6 uL/sec
	Dispensing 10.0 uL into A7 of MicroAmp Optical 384 Well Plate 30 µL on 2 at 7.6 uL/sec
Dropping tip into A1 of Opentrons Fixed Trash on 12
Picking up tip from A8 of Opentrons OT-2 96 Filter Tip Rack 20 µL on 5
Mixing 2 times with a volume of 5.0 ul
	Aspirating 5.0 uL from A8 of KF Deepwell-96 Sample Plate 1 on 1 at 7.6 uL/sec
	Dispensing 5.0 uL into A8 of KF Deepwell-96 Sample Plate 1 on 1 at 7.6 uL/sec
	Aspirating 5.0 uL from A8 of KF Deepwell-96 Sample Plate 1 on 1 at 7.6 uL/sec
	Dispensing 5.0 uL into A8 of KF Deepwell-96 Sample Plate 1 on 1 at 7.6 uL/sec
Aspirating 5.0 uL from A8 of KF Deepwell-96 Sample Plate 1 on 1 at 7.6 uL/sec
Dispensing 5.0 uL into A8 of MicroAmp Optical 384 Well Plate 30 µL on 2 at 7.6 uL/sec
Mixing 3 times with a volume of 10.0 ul
	Aspirating 10.0 uL from A8 of MicroAmp Optical 384 Well Plate 30 µL on 2 at 7.6 uL/sec
	Dispensing 10.0 uL into A8 of MicroAmp Optical 384 Well Plate 30 µL on 2 at 7.6 uL/sec
	Aspirating 10.0 uL from A8 of MicroAmp Optical 384 Well Plate 30 µL on 2 at 7.6 uL/sec
	Dispensing 10.0 uL into A8 of MicroAmp Optical 384 Well Plate 30 µL on 2 at 7.6 uL/sec
	Aspirating 10.0 uL from A8 of MicroAmp Optical 384 Well Plate 30 µL on 2 at 7.6 uL/sec
	Dispensing 10.0 uL into A8 of MicroAmp Optical 384 Well Plate 30 µL on 2 at 7.6 uL/sec
Dropping tip into A1 of Opentrons Fixed Trash on 12
Picking up tip from A9 of Opentrons OT-2 96 Filter Tip Rack 20 µL on 5
Mixing 2 times with a volume of 5.0 ul
	Aspirating 5.0 uL from A9 of KF Deepwell-96 Sample Plate 1 on 1 at 7.6 uL/sec
	Dispensing 5.0 uL into A9 of KF Deepwell-96 Sample Plate 1 on 1 at 7.6 uL/sec
	Aspirating 5.0 uL from A9 of KF Deepwell-96 Sample Plate 1 on 1 at 7.6 uL/sec
	Dispensing 5.0 uL into A9 of KF Deepwell-96 Sample Plate 1 on 1 at 7.6 uL/sec
Aspirating 5.0 uL from A9 of KF Deepwell-96 Sample Plate 1 on 1 at 7.6 uL/sec
Dispensing 5.0 uL into A9 of MicroAmp Optical 384 Well Plate 30 µL on 2 at 7.6 uL/sec
Mixing 3 times with a volume of 10.0 ul
	Aspirating 10.0 uL from A9 of MicroAmp Optical 384 Well Plate 30 µL on 2 at 7.6 uL/sec
	Dispensing 10.0 uL into A9 of MicroAmp Optical 384 Well Plate 30 µL on 2 at 7.6 uL/sec
	Aspirating 10.0 uL from A9 of MicroAmp Optical 384 Well Plate 30 µL on 2 at 7.6 uL/sec
	Dispensing 10.0 uL into A9 of MicroAmp Optical 384 Well Plate 30 µL on 2 at 7.6 uL/sec
	Aspirating 10.0 uL from A9 of MicroAmp Optical 384 Well Plate 30 µL on 2 at 7.6 uL/sec
	Dispensing 10.0 uL into A9 of MicroAmp Optical 384 Well Plate 30 µL on 2 at 7.6 uL/sec
Dropping tip into A1 of Opentrons Fixed Trash on 12
Picking up tip from A10 of Opentrons OT-2 96 Filter Tip Rack 20 µL on 5
Mixing 2 times with a volume of 5.0 ul
	Aspirating 5.0 uL from A10 of KF Deepwell-96 Sample Plate 1 on 1 at 7.6 uL/sec
	Dispensing 5.0 uL into A10 of KF Deepwell-96 Sample Plate 1 on 1 at 7.6 uL/sec
	Aspirating 5.0 uL from A10 of KF Deepwell-96 Sample Plate 1 on 1 at 7.6 uL/sec
	Dispensing 5.0 uL into A10 of KF Deepwell-96 Sample Plate 1 on 1 at 7.6 uL/sec
Aspirating 5.0 uL from A10 of KF Deepwell-96 Sample Plate 1 on 1 at 7.6 uL/sec
Dispensing 5.0 uL into A10 of MicroAmp Optical 384 Well Plate 30 µL on 2 at 7.6 uL/sec
Mixing 3 times with a volume of 10.0 ul
	Aspirating 10.0 uL from A10 of MicroAmp Optical 384 Well Plate 30 µL on 2 at 7.6 uL/sec
	Dispensing 10.0 uL into A10 of MicroAmp Optical 384 Well Plate 30 µL on 2 at 7.6 uL/sec
	Aspirating 10.0 uL from A10 of MicroAmp Optical 384 Well Plate 30 µL on 2 at 7.6 uL/sec
	Dispensing 10.0 uL into A10 of MicroAmp Optical 384 Well Plate 30 µL on 2 at 7.6 uL/sec
	Aspirating 10.0 uL from A10 of MicroAmp Optical 384 Well Plate 30 µL on 2 at 7.6 uL/sec
	Dispensing 10.0 uL into A10 of MicroAmp Optical 384 Well Plate 30 µL on 2 at 7.6 uL/sec
Dropping tip into A1 of Opentrons Fixed Trash on 12
Picking up tip from A11 of Opentrons OT-2 96 Filter Tip Rack 20 µL on 5
Mixing 2 times with a volume of 5.0 ul
	Aspirating 5.0 uL from A11 of KF Deepwell-96 Sample Plate 1 on 1 at 7.6 uL/sec
	Dispensing 5.0 uL into A11 of KF Deepwell-96 Sample Plate 1 on 1 at 7.6 uL/sec
	Aspirating 5.0 uL from A11 of KF Deepwell-96 Sample Plate 1 on 1 at 7.6 uL/sec
	Dispensing 5.0 uL into A11 of KF Deepwell-96 Sample Plate 1 on 1 at 7.6 uL/sec
Aspirating 5.0 uL from A11 of KF Deepwell-96 Sample Plate 1 on 1 at 7.6 uL/sec
Dispensing 5.0 uL into A11 of MicroAmp Optical 384 Well Plate 30 µL on 2 at 7.6 uL/sec
Mixing 3 times with a volume of 10.0 ul
	Aspirating 10.0 uL from A11 of MicroAmp Optical 384 Well Plate 30 µL on 2 at 7.6 uL/sec
	Dispensing 10.0 uL into A11 of MicroAmp Optical 384 Well Plate 30 µL on 2 at 7.6 uL/sec
	Aspirating 10.0 uL from A11 of MicroAmp Optical 384 Well Plate 30 µL on 2 at 7.6 uL/sec
	Dispensing 10.0 uL into A11 of MicroAmp Optical 384 Well Plate 30 µL on 2 at 7.6 uL/sec
	Aspirating 10.0 uL from A11 of MicroAmp Optical 384 Well Plate 30 µL on 2 at 7.6 uL/sec
	Dispensing 10.0 uL into A11 of MicroAmp Optical 384 Well Plate 30 µL on 2 at 7.6 uL/sec
Dropping tip into A1 of Opentrons Fixed Trash on 12
Picking up tip from A12 of Opentrons OT-2 96 Filter Tip Rack 20 µL on 5
Mixing 2 times with a volume of 5.0 ul
	Aspirating 5.0 uL from A12 of KF Deepwell-96 Sample Plate 1 on 1 at 7.6 uL/sec
	Dispensing 5.0 uL into A12 of KF Deepwell-96 Sample Plate 1 on 1 at 7.6 uL/sec
	Aspirating 5.0 uL from A12 of KF Deepwell-96 Sample Plate 1 on 1 at 7.6 uL/sec
	Dispensing 5.0 uL into A12 of KF Deepwell-96 Sample Plate 1 on 1 at 7.6 uL/sec
Aspirating 5.0 uL from A12 of KF Deepwell-96 Sample Plate 1 on 1 at 7.6 uL/sec
Dispensing 5.0 uL into A12 of MicroAmp Optical 384 Well Plate 30 µL on 2 at 7.6 uL/sec
Mixing 3 times with a volume of 10.0 ul
	Aspirating 10.0 uL from A12 of MicroAmp Optical 384 Well Plate 30 µL on 2 at 7.6 uL/sec
	Dispensing 10.0 uL into A12 of MicroAmp Optical 384 Well Plate 30 µL on 2 at 7.6 uL/sec
	Aspirating 10.0 uL from A12 of MicroAmp Optical 384 Well Plate 30 µL on 2 at 7.6 uL/sec
	Dispensing 10.0 uL into A12 of MicroAmp Optical 384 Well Plate 30 µL on 2 at 7.6 uL/sec
	Aspirating 10.0 uL from A12 of MicroAmp Optical 384 Well Plate 30 µL on 2 at 7.6 uL/sec
	Dispensing 10.0 uL into A12 of MicroAmp Optical 384 Well Plate 30 µL on 2 at 7.6 uL/sec
Dropping tip into A1 of Opentrons Fixed Trash on 12

Transferring Samples from KF Deepwell-96 Sample Plate 2 on 4

Picking up tip from A1 of Opentrons OT-2 96 Filter Tip Rack 20 µL on 6
Mixing 2 times with a volume of 5.0 ul
	Aspirating 5.0 uL from A1 of KF Deepwell-96 Sample Plate 2 on 4 at 7.6 uL/sec
	Dispensing 5.0 uL into A1 of KF Deepwell-96 Sample Plate 2 on 4 at 7.6 uL/sec
	Aspirating 5.0 uL from A1 of KF Deepwell-96 Sample Plate 2 on 4 at 7.6 uL/sec
	Dispensing 5.0 uL into A1 of KF Deepwell-96 Sample Plate 2 on 4 at 7.6 uL/sec
Aspirating 5.0 uL from A1 of KF Deepwell-96 Sample Plate 2 on 4 at 7.6 uL/sec
Dispensing 5.0 uL into A13 of MicroAmp Optical 384 Well Plate 30 µL on 2 at 7.6 uL/sec
Mixing 3 times with a volume of 10.0 ul
	Aspirating 10.0 uL from A13 of MicroAmp Optical 384 Well Plate 30 µL on 2 at 7.6 uL/sec
	Dispensing 10.0 uL into A13 of MicroAmp Optical 384 Well Plate 30 µL on 2 at 7.6 uL/sec
	Aspirating 10.0 uL from A13 of MicroAmp Optical 384 Well Plate 30 µL on 2 at 7.6 uL/sec
	Dispensing 10.0 uL into A13 of MicroAmp Optical 384 Well Plate 30 µL on 2 at 7.6 uL/sec
	Aspirating 10.0 uL from A13 of MicroAmp Optical 384 Well Plate 30 µL on 2 at 7.6 uL/sec
	Dispensing 10.0 uL into A13 of MicroAmp Optical 384 Well Plate 30 µL on 2 at 7.6 uL/sec
Dropping tip into A1 of Opentrons Fixed Trash on 12
Picking up tip from A2 of Opentrons OT-2 96 Filter Tip Rack 20 µL on 6
Mixing 2 times with a volume of 5.0 ul
	Aspirating 5.0 uL from A2 of KF Deepwell-96 Sample Plate 2 on 4 at 7.6 uL/sec
	Dispensing 5.0 uL into A2 of KF Deepwell-96 Sample Plate 2 on 4 at 7.6 uL/sec
	Aspirating 5.0 uL from A2 of KF Deepwell-96 Sample Plate 2 on 4 at 7.6 uL/sec
	Dispensing 5.0 uL into A2 of KF Deepwell-96 Sample Plate 2 on 4 at 7.6 uL/sec
Aspirating 5.0 uL from A2 of KF Deepwell-96 Sample Plate 2 on 4 at 7.6 uL/sec
Dispensing 5.0 uL into A14 of MicroAmp Optical 384 Well Plate 30 µL on 2 at 7.6 uL/sec
Mixing 3 times with a volume of 10.0 ul
	Aspirating 10.0 uL from A14 of MicroAmp Optical 384 Well Plate 30 µL on 2 at 7.6 uL/sec
	Dispensing 10.0 uL into A14 of MicroAmp Optical 384 Well Plate 30 µL on 2 at 7.6 uL/sec
	Aspirating 10.0 uL from A14 of MicroAmp Optical 384 Well Plate 30 µL on 2 at 7.6 uL/sec
	Dispensing 10.0 uL into A14 of MicroAmp Optical 384 Well Plate 30 µL on 2 at 7.6 uL/sec
	Aspirating 10.0 uL from A14 of MicroAmp Optical 384 Well Plate 30 µL on 2 at 7.6 uL/sec
	Dispensing 10.0 uL into A14 of MicroAmp Optical 384 Well Plate 30 µL on 2 at 7.6 uL/sec
Dropping tip into A1 of Opentrons Fixed Trash on 12
Picking up tip from A3 of Opentrons OT-2 96 Filter Tip Rack 20 µL on 6
Mixing 2 times with a volume of 5.0 ul
	Aspirating 5.0 uL from A3 of KF Deepwell-96 Sample Plate 2 on 4 at 7.6 uL/sec
	Dispensing 5.0 uL into A3 of KF Deepwell-96 Sample Plate 2 on 4 at 7.6 uL/sec
	Aspirating 5.0 uL from A3 of KF Deepwell-96 Sample Plate 2 on 4 at 7.6 uL/sec
	Dispensing 5.0 uL into A3 of KF Deepwell-96 Sample Plate 2 on 4 at 7.6 uL/sec
Aspirating 5.0 uL from A3 of KF Deepwell-96 Sample Plate 2 on 4 at 7.6 uL/sec
Dispensing 5.0 uL into A15 of MicroAmp Optical 384 Well Plate 30 µL on 2 at 7.6 uL/sec
Mixing 3 times with a volume of 10.0 ul
	Aspirating 10.0 uL from A15 of MicroAmp Optical 384 Well Plate 30 µL on 2 at 7.6 uL/sec
	Dispensing 10.0 uL into A15 of MicroAmp Optical 384 Well Plate 30 µL on 2 at 7.6 uL/sec
	Aspirating 10.0 uL from A15 of MicroAmp Optical 384 Well Plate 30 µL on 2 at 7.6 uL/sec
	Dispensing 10.0 uL into A15 of MicroAmp Optical 384 Well Plate 30 µL on 2 at 7.6 uL/sec
	Aspirating 10.0 uL from A15 of MicroAmp Optical 384 Well Plate 30 µL on 2 at 7.6 uL/sec
	Dispensing 10.0 uL into A15 of MicroAmp Optical 384 Well Plate 30 µL on 2 at 7.6 uL/sec
Dropping tip into A1 of Opentrons Fixed Trash on 12
Picking up tip from A4 of Opentrons OT-2 96 Filter Tip Rack 20 µL on 6
Mixing 2 times with a volume of 5.0 ul
	Aspirating 5.0 uL from A4 of KF Deepwell-96 Sample Plate 2 on 4 at 7.6 uL/sec
	Dispensing 5.0 uL into A4 of KF Deepwell-96 Sample Plate 2 on 4 at 7.6 uL/sec
	Aspirating 5.0 uL from A4 of KF Deepwell-96 Sample Plate 2 on 4 at 7.6 uL/sec
	Dispensing 5.0 uL into A4 of KF Deepwell-96 Sample Plate 2 on 4 at 7.6 uL/sec
Aspirating 5.0 uL from A4 of KF Deepwell-96 Sample Plate 2 on 4 at 7.6 uL/sec
Dispensing 5.0 uL into A16 of MicroAmp Optical 384 Well Plate 30 µL on 2 at 7.6 uL/sec
Mixing 3 times with a volume of 10.0 ul
	Aspirating 10.0 uL from A16 of MicroAmp Optical 384 Well Plate 30 µL on 2 at 7.6 uL/sec
	Dispensing 10.0 uL into A16 of MicroAmp Optical 384 Well Plate 30 µL on 2 at 7.6 uL/sec
	Aspirating 10.0 uL from A16 of MicroAmp Optical 384 Well Plate 30 µL on 2 at 7.6 uL/sec
	Dispensing 10.0 uL into A16 of MicroAmp Optical 384 Well Plate 30 µL on 2 at 7.6 uL/sec
	Aspirating 10.0 uL from A16 of MicroAmp Optical 384 Well Plate 30 µL on 2 at 7.6 uL/sec
	Dispensing 10.0 uL into A16 of MicroAmp Optical 384 Well Plate 30 µL on 2 at 7.6 uL/sec
Dropping tip into A1 of Opentrons Fixed Trash on 12
Picking up tip from A5 of Opentrons OT-2 96 Filter Tip Rack 20 µL on 6
Mixing 2 times with a volume of 5.0 ul
	Aspirating 5.0 uL from A5 of KF Deepwell-96 Sample Plate 2 on 4 at 7.6 uL/sec
	Dispensing 5.0 uL into A5 of KF Deepwell-96 Sample Plate 2 on 4 at 7.6 uL/sec
	Aspirating 5.0 uL from A5 of KF Deepwell-96 Sample Plate 2 on 4 at 7.6 uL/sec
	Dispensing 5.0 uL into A5 of KF Deepwell-96 Sample Plate 2 on 4 at 7.6 uL/sec
Aspirating 5.0 uL from A5 of KF Deepwell-96 Sample Plate 2 on 4 at 7.6 uL/sec
Dispensing 5.0 uL into A17 of MicroAmp Optical 384 Well Plate 30 µL on 2 at 7.6 uL/sec
Mixing 3 times with a volume of 10.0 ul
	Aspirating 10.0 uL from A17 of MicroAmp Optical 384 Well Plate 30 µL on 2 at 7.6 uL/sec
	Dispensing 10.0 uL into A17 of MicroAmp Optical 384 Well Plate 30 µL on 2 at 7.6 uL/sec
	Aspirating 10.0 uL from A17 of MicroAmp Optical 384 Well Plate 30 µL on 2 at 7.6 uL/sec
	Dispensing 10.0 uL into A17 of MicroAmp Optical 384 Well Plate 30 µL on 2 at 7.6 uL/sec
	Aspirating 10.0 uL from A17 of MicroAmp Optical 384 Well Plate 30 µL on 2 at 7.6 uL/sec
	Dispensing 10.0 uL into A17 of MicroAmp Optical 384 Well Plate 30 µL on 2 at 7.6 uL/sec
Dropping tip into A1 of Opentrons Fixed Trash on 12
Picking up tip from A6 of Opentrons OT-2 96 Filter Tip Rack 20 µL on 6
Mixing 2 times with a volume of 5.0 ul
	Aspirating 5.0 uL from A6 of KF Deepwell-96 Sample Plate 2 on 4 at 7.6 uL/sec
	Dispensing 5.0 uL into A6 of KF Deepwell-96 Sample Plate 2 on 4 at 7.6 uL/sec
	Aspirating 5.0 uL from A6 of KF Deepwell-96 Sample Plate 2 on 4 at 7.6 uL/sec
	Dispensing 5.0 uL into A6 of KF Deepwell-96 Sample Plate 2 on 4 at 7.6 uL/sec
Aspirating 5.0 uL from A6 of KF Deepwell-96 Sample Plate 2 on 4 at 7.6 uL/sec
Dispensing 5.0 uL into A18 of MicroAmp Optical 384 Well Plate 30 µL on 2 at 7.6 uL/sec
Mixing 3 times with a volume of 10.0 ul
	Aspirating 10.0 uL from A18 of MicroAmp Optical 384 Well Plate 30 µL on 2 at 7.6 uL/sec
	Dispensing 10.0 uL into A18 of MicroAmp Optical 384 Well Plate 30 µL on 2 at 7.6 uL/sec
	Aspirating 10.0 uL from A18 of MicroAmp Optical 384 Well Plate 30 µL on 2 at 7.6 uL/sec
	Dispensing 10.0 uL into A18 of MicroAmp Optical 384 Well Plate 30 µL on 2 at 7.6 uL/sec
	Aspirating 10.0 uL from A18 of MicroAmp Optical 384 Well Plate 30 µL on 2 at 7.6 uL/sec
	Dispensing 10.0 uL into A18 of MicroAmp Optical 384 Well Plate 30 µL on 2 at 7.6 uL/sec
Dropping tip into A1 of Opentrons Fixed Trash on 12
Picking up tip from A7 of Opentrons OT-2 96 Filter Tip Rack 20 µL on 6
Mixing 2 times with a volume of 5.0 ul
	Aspirating 5.0 uL from A7 of KF Deepwell-96 Sample Plate 2 on 4 at 7.6 uL/sec
	Dispensing 5.0 uL into A7 of KF Deepwell-96 Sample Plate 2 on 4 at 7.6 uL/sec
	Aspirating 5.0 uL from A7 of KF Deepwell-96 Sample Plate 2 on 4 at 7.6 uL/sec
	Dispensing 5.0 uL into A7 of KF Deepwell-96 Sample Plate 2 on 4 at 7.6 uL/sec
Aspirating 5.0 uL from A7 of KF Deepwell-96 Sample Plate 2 on 4 at 7.6 uL/sec
Dispensing 5.0 uL into A19 of MicroAmp Optical 384 Well Plate 30 µL on 2 at 7.6 uL/sec
Mixing 3 times with a volume of 10.0 ul
	Aspirating 10.0 uL from A19 of MicroAmp Optical 384 Well Plate 30 µL on 2 at 7.6 uL/sec
	Dispensing 10.0 uL into A19 of MicroAmp Optical 384 Well Plate 30 µL on 2 at 7.6 uL/sec
	Aspirating 10.0 uL from A19 of MicroAmp Optical 384 Well Plate 30 µL on 2 at 7.6 uL/sec
	Dispensing 10.0 uL into A19 of MicroAmp Optical 384 Well Plate 30 µL on 2 at 7.6 uL/sec
	Aspirating 10.0 uL from A19 of MicroAmp Optical 384 Well Plate 30 µL on 2 at 7.6 uL/sec
	Dispensing 10.0 uL into A19 of MicroAmp Optical 384 Well Plate 30 µL on 2 at 7.6 uL/sec
Dropping tip into A1 of Opentrons Fixed Trash on 12
Picking up tip from A8 of Opentrons OT-2 96 Filter Tip Rack 20 µL on 6
Mixing 2 times with a volume of 5.0 ul
	Aspirating 5.0 uL from A8 of KF Deepwell-96 Sample Plate 2 on 4 at 7.6 uL/sec
	Dispensing 5.0 uL into A8 of KF Deepwell-96 Sample Plate 2 on 4 at 7.6 uL/sec
	Aspirating 5.0 uL from A8 of KF Deepwell-96 Sample Plate 2 on 4 at 7.6 uL/sec
	Dispensing 5.0 uL into A8 of KF Deepwell-96 Sample Plate 2 on 4 at 7.6 uL/sec
Aspirating 5.0 uL from A8 of KF Deepwell-96 Sample Plate 2 on 4 at 7.6 uL/sec
Dispensing 5.0 uL into A20 of MicroAmp Optical 384 Well Plate 30 µL on 2 at 7.6 uL/sec
Mixing 3 times with a volume of 10.0 ul
	Aspirating 10.0 uL from A20 of MicroAmp Optical 384 Well Plate 30 µL on 2 at 7.6 uL/sec
	Dispensing 10.0 uL into A20 of MicroAmp Optical 384 Well Plate 30 µL on 2 at 7.6 uL/sec
	Aspirating 10.0 uL from A20 of MicroAmp Optical 384 Well Plate 30 µL on 2 at 7.6 uL/sec
	Dispensing 10.0 uL into A20 of MicroAmp Optical 384 Well Plate 30 µL on 2 at 7.6 uL/sec
	Aspirating 10.0 uL from A20 of MicroAmp Optical 384 Well Plate 30 µL on 2 at 7.6 uL/sec
	Dispensing 10.0 uL into A20 of MicroAmp Optical 384 Well Plate 30 µL on 2 at 7.6 uL/sec
Dropping tip into A1 of Opentrons Fixed Trash on 12
Picking up tip from A9 of Opentrons OT-2 96 Filter Tip Rack 20 µL on 6
Mixing 2 times with a volume of 5.0 ul
	Aspirating 5.0 uL from A9 of KF Deepwell-96 Sample Plate 2 on 4 at 7.6 uL/sec
	Dispensing 5.0 uL into A9 of KF Deepwell-96 Sample Plate 2 on 4 at 7.6 uL/sec
	Aspirating 5.0 uL from A9 of KF Deepwell-96 Sample Plate 2 on 4 at 7.6 uL/sec
	Dispensing 5.0 uL into A9 of KF Deepwell-96 Sample Plate 2 on 4 at 7.6 uL/sec
Aspirating 5.0 uL from A9 of KF Deepwell-96 Sample Plate 2 on 4 at 7.6 uL/sec
Dispensing 5.0 uL into A21 of MicroAmp Optical 384 Well Plate 30 µL on 2 at 7.6 uL/sec
Mixing 3 times with a volume of 10.0 ul
	Aspirating 10.0 uL from A21 of MicroAmp Optical 384 Well Plate 30 µL on 2 at 7.6 uL/sec
	Dispensing 10.0 uL into A21 of MicroAmp Optical 384 Well Plate 30 µL on 2 at 7.6 uL/sec
	Aspirating 10.0 uL from A21 of MicroAmp Optical 384 Well Plate 30 µL on 2 at 7.6 uL/sec
	Dispensing 10.0 uL into A21 of MicroAmp Optical 384 Well Plate 30 µL on 2 at 7.6 uL/sec
	Aspirating 10.0 uL from A21 of MicroAmp Optical 384 Well Plate 30 µL on 2 at 7.6 uL/sec
	Dispensing 10.0 uL into A21 of MicroAmp Optical 384 Well Plate 30 µL on 2 at 7.6 uL/sec
Dropping tip into A1 of Opentrons Fixed Trash on 12
Picking up tip from A10 of Opentrons OT-2 96 Filter Tip Rack 20 µL on 6
Mixing 2 times with a volume of 5.0 ul
	Aspirating 5.0 uL from A10 of KF Deepwell-96 Sample Plate 2 on 4 at 7.6 uL/sec
	Dispensing 5.0 uL into A10 of KF Deepwell-96 Sample Plate 2 on 4 at 7.6 uL/sec
	Aspirating 5.0 uL from A10 of KF Deepwell-96 Sample Plate 2 on 4 at 7.6 uL/sec
	Dispensing 5.0 uL into A10 of KF Deepwell-96 Sample Plate 2 on 4 at 7.6 uL/sec
Aspirating 5.0 uL from A10 of KF Deepwell-96 Sample Plate 2 on 4 at 7.6 uL/sec
Dispensing 5.0 uL into A22 of MicroAmp Optical 384 Well Plate 30 µL on 2 at 7.6 uL/sec
Mixing 3 times with a volume of 10.0 ul
	Aspirating 10.0 uL from A22 of MicroAmp Optical 384 Well Plate 30 µL on 2 at 7.6 uL/sec
	Dispensing 10.0 uL into A22 of MicroAmp Optical 384 Well Plate 30 µL on 2 at 7.6 uL/sec
	Aspirating 10.0 uL from A22 of MicroAmp Optical 384 Well Plate 30 µL on 2 at 7.6 uL/sec
	Dispensing 10.0 uL into A22 of MicroAmp Optical 384 Well Plate 30 µL on 2 at 7.6 uL/sec
	Aspirating 10.0 uL from A22 of MicroAmp Optical 384 Well Plate 30 µL on 2 at 7.6 uL/sec
	Dispensing 10.0 uL into A22 of MicroAmp Optical 384 Well Plate 30 µL on 2 at 7.6 uL/sec
Dropping tip into A1 of Opentrons Fixed Trash on 12
Picking up tip from A11 of Opentrons OT-2 96 Filter Tip Rack 20 µL on 6
Mixing 2 times with a volume of 5.0 ul
	Aspirating 5.0 uL from A11 of KF Deepwell-96 Sample Plate 2 on 4 at 7.6 uL/sec
	Dispensing 5.0 uL into A11 of KF Deepwell-96 Sample Plate 2 on 4 at 7.6 uL/sec
	Aspirating 5.0 uL from A11 of KF Deepwell-96 Sample Plate 2 on 4 at 7.6 uL/sec
	Dispensing 5.0 uL into A11 of KF Deepwell-96 Sample Plate 2 on 4 at 7.6 uL/sec
Aspirating 5.0 uL from A11 of KF Deepwell-96 Sample Plate 2 on 4 at 7.6 uL/sec
Dispensing 5.0 uL into A23 of MicroAmp Optical 384 Well Plate 30 µL on 2 at 7.6 uL/sec
Mixing 3 times with a volume of 10.0 ul
	Aspirating 10.0 uL from A23 of MicroAmp Optical 384 Well Plate 30 µL on 2 at 7.6 uL/sec
	Dispensing 10.0 uL into A23 of MicroAmp Optical 384 Well Plate 30 µL on 2 at 7.6 uL/sec
	Aspirating 10.0 uL from A23 of MicroAmp Optical 384 Well Plate 30 µL on 2 at 7.6 uL/sec
	Dispensing 10.0 uL into A23 of MicroAmp Optical 384 Well Plate 30 µL on 2 at 7.6 uL/sec
	Aspirating 10.0 uL from A23 of MicroAmp Optical 384 Well Plate 30 µL on 2 at 7.6 uL/sec
	Dispensing 10.0 uL into A23 of MicroAmp Optical 384 Well Plate 30 µL on 2 at 7.6 uL/sec
Dropping tip into A1 of Opentrons Fixed Trash on 12
Picking up tip from A12 of Opentrons OT-2 96 Filter Tip Rack 20 µL on 6
Mixing 2 times with a volume of 5.0 ul
	Aspirating 5.0 uL from A12 of KF Deepwell-96 Sample Plate 2 on 4 at 7.6 uL/sec
	Dispensing 5.0 uL into A12 of KF Deepwell-96 Sample Plate 2 on 4 at 7.6 uL/sec
	Aspirating 5.0 uL from A12 of KF Deepwell-96 Sample Plate 2 on 4 at 7.6 uL/sec
	Dispensing 5.0 uL into A12 of KF Deepwell-96 Sample Plate 2 on 4 at 7.6 uL/sec
Aspirating 5.0 uL from A12 of KF Deepwell-96 Sample Plate 2 on 4 at 7.6 uL/sec
Dispensing 5.0 uL into A24 of MicroAmp Optical 384 Well Plate 30 µL on 2 at 7.6 uL/sec
Mixing 3 times with a volume of 10.0 ul
	Aspirating 10.0 uL from A24 of MicroAmp Optical 384 Well Plate 30 µL on 2 at 7.6 uL/sec
	Dispensing 10.0 uL into A24 of MicroAmp Optical 384 Well Plate 30 µL on 2 at 7.6 uL/sec
	Aspirating 10.0 uL from A24 of MicroAmp Optical 384 Well Plate 30 µL on 2 at 7.6 uL/sec
	Dispensing 10.0 uL into A24 of MicroAmp Optical 384 Well Plate 30 µL on 2 at 7.6 uL/sec
	Aspirating 10.0 uL from A24 of MicroAmp Optical 384 Well Plate 30 µL on 2 at 7.6 uL/sec
	Dispensing 10.0 uL into A24 of MicroAmp Optical 384 Well Plate 30 µL on 2 at 7.6 uL/sec
Dropping tip into A1 of Opentrons Fixed Trash on 12

Transferring Samples from KF Deepwell-96 Sample Plate 3 on 7

Picking up tip from A1 of Opentrons OT-2 96 Filter Tip Rack 20 µL on 8
Mixing 2 times with a volume of 5.0 ul
	Aspirating 5.0 uL from A1 of KF Deepwell-96 Sample Plate 3 on 7 at 7.6 uL/sec
	Dispensing 5.0 uL into A1 of KF Deepwell-96 Sample Plate 3 on 7 at 7.6 uL/sec
	Aspirating 5.0 uL from A1 of KF Deepwell-96 Sample Plate 3 on 7 at 7.6 uL/sec
	Dispensing 5.0 uL into A1 of KF Deepwell-96 Sample Plate 3 on 7 at 7.6 uL/sec
Aspirating 5.0 uL from A1 of KF Deepwell-96 Sample Plate 3 on 7 at 7.6 uL/sec
Dispensing 5.0 uL into B1 of MicroAmp Optical 384 Well Plate 30 µL on 2 at 7.6 uL/sec
Mixing 3 times with a volume of 10.0 ul
	Aspirating 10.0 uL from B1 of MicroAmp Optical 384 Well Plate 30 µL on 2 at 7.6 uL/sec
	Dispensing 10.0 uL into B1 of MicroAmp Optical 384 Well Plate 30 µL on 2 at 7.6 uL/sec
	Aspirating 10.0 uL from B1 of MicroAmp Optical 384 Well Plate 30 µL on 2 at 7.6 uL/sec
	Dispensing 10.0 uL into B1 of MicroAmp Optical 384 Well Plate 30 µL on 2 at 7.6 uL/sec
	Aspirating 10.0 uL from B1 of MicroAmp Optical 384 Well Plate 30 µL on 2 at 7.6 uL/sec
	Dispensing 10.0 uL into B1 of MicroAmp Optical 384 Well Plate 30 µL on 2 at 7.6 uL/sec
Dropping tip into A1 of Opentrons Fixed Trash on 12
Picking up tip from A2 of Opentrons OT-2 96 Filter Tip Rack 20 µL on 8
Mixing 2 times with a volume of 5.0 ul
	Aspirating 5.0 uL from A2 of KF Deepwell-96 Sample Plate 3 on 7 at 7.6 uL/sec
	Dispensing 5.0 uL into A2 of KF Deepwell-96 Sample Plate 3 on 7 at 7.6 uL/sec
	Aspirating 5.0 uL from A2 of KF Deepwell-96 Sample Plate 3 on 7 at 7.6 uL/sec
	Dispensing 5.0 uL into A2 of KF Deepwell-96 Sample Plate 3 on 7 at 7.6 uL/sec
Aspirating 5.0 uL from A2 of KF Deepwell-96 Sample Plate 3 on 7 at 7.6 uL/sec
Dispensing 5.0 uL into B2 of MicroAmp Optical 384 Well Plate 30 µL on 2 at 7.6 uL/sec
Mixing 3 times with a volume of 10.0 ul
	Aspirating 10.0 uL from B2 of MicroAmp Optical 384 Well Plate 30 µL on 2 at 7.6 uL/sec
	Dispensing 10.0 uL into B2 of MicroAmp Optical 384 Well Plate 30 µL on 2 at 7.6 uL/sec
	Aspirating 10.0 uL from B2 of MicroAmp Optical 384 Well Plate 30 µL on 2 at 7.6 uL/sec
	Dispensing 10.0 uL into B2 of MicroAmp Optical 384 Well Plate 30 µL on 2 at 7.6 uL/sec
	Aspirating 10.0 uL from B2 of MicroAmp Optical 384 Well Plate 30 µL on 2 at 7.6 uL/sec
	Dispensing 10.0 uL into B2 of MicroAmp Optical 384 Well Plate 30 µL on 2 at 7.6 uL/sec
Dropping tip into A1 of Opentrons Fixed Trash on 12
Picking up tip from A3 of Opentrons OT-2 96 Filter Tip Rack 20 µL on 8
Mixing 2 times with a volume of 5.0 ul
	Aspirating 5.0 uL from A3 of KF Deepwell-96 Sample Plate 3 on 7 at 7.6 uL/sec
	Dispensing 5.0 uL into A3 of KF Deepwell-96 Sample Plate 3 on 7 at 7.6 uL/sec
	Aspirating 5.0 uL from A3 of KF Deepwell-96 Sample Plate 3 on 7 at 7.6 uL/sec
	Dispensing 5.0 uL into A3 of KF Deepwell-96 Sample Plate 3 on 7 at 7.6 uL/sec
Aspirating 5.0 uL from A3 of KF Deepwell-96 Sample Plate 3 on 7 at 7.6 uL/sec
Dispensing 5.0 uL into B3 of MicroAmp Optical 384 Well Plate 30 µL on 2 at 7.6 uL/sec
Mixing 3 times with a volume of 10.0 ul
	Aspirating 10.0 uL from B3 of MicroAmp Optical 384 Well Plate 30 µL on 2 at 7.6 uL/sec
	Dispensing 10.0 uL into B3 of MicroAmp Optical 384 Well Plate 30 µL on 2 at 7.6 uL/sec
	Aspirating 10.0 uL from B3 of MicroAmp Optical 384 Well Plate 30 µL on 2 at 7.6 uL/sec
	Dispensing 10.0 uL into B3 of MicroAmp Optical 384 Well Plate 30 µL on 2 at 7.6 uL/sec
	Aspirating 10.0 uL from B3 of MicroAmp Optical 384 Well Plate 30 µL on 2 at 7.6 uL/sec
	Dispensing 10.0 uL into B3 of MicroAmp Optical 384 Well Plate 30 µL on 2 at 7.6 uL/sec
Dropping tip into A1 of Opentrons Fixed Trash on 12
Picking up tip from A4 of Opentrons OT-2 96 Filter Tip Rack 20 µL on 8
Mixing 2 times with a volume of 5.0 ul
	Aspirating 5.0 uL from A4 of KF Deepwell-96 Sample Plate 3 on 7 at 7.6 uL/sec
	Dispensing 5.0 uL into A4 of KF Deepwell-96 Sample Plate 3 on 7 at 7.6 uL/sec
	Aspirating 5.0 uL from A4 of KF Deepwell-96 Sample Plate 3 on 7 at 7.6 uL/sec
	Dispensing 5.0 uL into A4 of KF Deepwell-96 Sample Plate 3 on 7 at 7.6 uL/sec
Aspirating 5.0 uL from A4 of KF Deepwell-96 Sample Plate 3 on 7 at 7.6 uL/sec
Dispensing 5.0 uL into B4 of MicroAmp Optical 384 Well Plate 30 µL on 2 at 7.6 uL/sec
Mixing 3 times with a volume of 10.0 ul
	Aspirating 10.0 uL from B4 of MicroAmp Optical 384 Well Plate 30 µL on 2 at 7.6 uL/sec
	Dispensing 10.0 uL into B4 of MicroAmp Optical 384 Well Plate 30 µL on 2 at 7.6 uL/sec
	Aspirating 10.0 uL from B4 of MicroAmp Optical 384 Well Plate 30 µL on 2 at 7.6 uL/sec
	Dispensing 10.0 uL into B4 of MicroAmp Optical 384 Well Plate 30 µL on 2 at 7.6 uL/sec
	Aspirating 10.0 uL from B4 of MicroAmp Optical 384 Well Plate 30 µL on 2 at 7.6 uL/sec
	Dispensing 10.0 uL into B4 of MicroAmp Optical 384 Well Plate 30 µL on 2 at 7.6 uL/sec
Dropping tip into A1 of Opentrons Fixed Trash on 12
Picking up tip from A5 of Opentrons OT-2 96 Filter Tip Rack 20 µL on 8
Mixing 2 times with a volume of 5.0 ul
	Aspirating 5.0 uL from A5 of KF Deepwell-96 Sample Plate 3 on 7 at 7.6 uL/sec
	Dispensing 5.0 uL into A5 of KF Deepwell-96 Sample Plate 3 on 7 at 7.6 uL/sec
	Aspirating 5.0 uL from A5 of KF Deepwell-96 Sample Plate 3 on 7 at 7.6 uL/sec
	Dispensing 5.0 uL into A5 of KF Deepwell-96 Sample Plate 3 on 7 at 7.6 uL/sec
Aspirating 5.0 uL from A5 of KF Deepwell-96 Sample Plate 3 on 7 at 7.6 uL/sec
Dispensing 5.0 uL into B5 of MicroAmp Optical 384 Well Plate 30 µL on 2 at 7.6 uL/sec
Mixing 3 times with a volume of 10.0 ul
	Aspirating 10.0 uL from B5 of MicroAmp Optical 384 Well Plate 30 µL on 2 at 7.6 uL/sec
	Dispensing 10.0 uL into B5 of MicroAmp Optical 384 Well Plate 30 µL on 2 at 7.6 uL/sec
	Aspirating 10.0 uL from B5 of MicroAmp Optical 384 Well Plate 30 µL on 2 at 7.6 uL/sec
	Dispensing 10.0 uL into B5 of MicroAmp Optical 384 Well Plate 30 µL on 2 at 7.6 uL/sec
	Aspirating 10.0 uL from B5 of MicroAmp Optical 384 Well Plate 30 µL on 2 at 7.6 uL/sec
	Dispensing 10.0 uL into B5 of MicroAmp Optical 384 Well Plate 30 µL on 2 at 7.6 uL/sec
Dropping tip into A1 of Opentrons Fixed Trash on 12
Picking up tip from A6 of Opentrons OT-2 96 Filter Tip Rack 20 µL on 8
Mixing 2 times with a volume of 5.0 ul
	Aspirating 5.0 uL from A6 of KF Deepwell-96 Sample Plate 3 on 7 at 7.6 uL/sec
	Dispensing 5.0 uL into A6 of KF Deepwell-96 Sample Plate 3 on 7 at 7.6 uL/sec
	Aspirating 5.0 uL from A6 of KF Deepwell-96 Sample Plate 3 on 7 at 7.6 uL/sec
	Dispensing 5.0 uL into A6 of KF Deepwell-96 Sample Plate 3 on 7 at 7.6 uL/sec
Aspirating 5.0 uL from A6 of KF Deepwell-96 Sample Plate 3 on 7 at 7.6 uL/sec
Dispensing 5.0 uL into B6 of MicroAmp Optical 384 Well Plate 30 µL on 2 at 7.6 uL/sec
Mixing 3 times with a volume of 10.0 ul
	Aspirating 10.0 uL from B6 of MicroAmp Optical 384 Well Plate 30 µL on 2 at 7.6 uL/sec
	Dispensing 10.0 uL into B6 of MicroAmp Optical 384 Well Plate 30 µL on 2 at 7.6 uL/sec
	Aspirating 10.0 uL from B6 of MicroAmp Optical 384 Well Plate 30 µL on 2 at 7.6 uL/sec
	Dispensing 10.0 uL into B6 of MicroAmp Optical 384 Well Plate 30 µL on 2 at 7.6 uL/sec
	Aspirating 10.0 uL from B6 of MicroAmp Optical 384 Well Plate 30 µL on 2 at 7.6 uL/sec
	Dispensing 10.0 uL into B6 of MicroAmp Optical 384 Well Plate 30 µL on 2 at 7.6 uL/sec
Dropping tip into A1 of Opentrons Fixed Trash on 12
Picking up tip from A7 of Opentrons OT-2 96 Filter Tip Rack 20 µL on 8
Mixing 2 times with a volume of 5.0 ul
	Aspirating 5.0 uL from A7 of KF Deepwell-96 Sample Plate 3 on 7 at 7.6 uL/sec
	Dispensing 5.0 uL into A7 of KF Deepwell-96 Sample Plate 3 on 7 at 7.6 uL/sec
	Aspirating 5.0 uL from A7 of KF Deepwell-96 Sample Plate 3 on 7 at 7.6 uL/sec
	Dispensing 5.0 uL into A7 of KF Deepwell-96 Sample Plate 3 on 7 at 7.6 uL/sec
Aspirating 5.0 uL from A7 of KF Deepwell-96 Sample Plate 3 on 7 at 7.6 uL/sec
Dispensing 5.0 uL into B7 of MicroAmp Optical 384 Well Plate 30 µL on 2 at 7.6 uL/sec
Mixing 3 times with a volume of 10.0 ul
	Aspirating 10.0 uL from B7 of MicroAmp Optical 384 Well Plate 30 µL on 2 at 7.6 uL/sec
	Dispensing 10.0 uL into B7 of MicroAmp Optical 384 Well Plate 30 µL on 2 at 7.6 uL/sec
	Aspirating 10.0 uL from B7 of MicroAmp Optical 384 Well Plate 30 µL on 2 at 7.6 uL/sec
	Dispensing 10.0 uL into B7 of MicroAmp Optical 384 Well Plate 30 µL on 2 at 7.6 uL/sec
	Aspirating 10.0 uL from B7 of MicroAmp Optical 384 Well Plate 30 µL on 2 at 7.6 uL/sec
	Dispensing 10.0 uL into B7 of MicroAmp Optical 384 Well Plate 30 µL on 2 at 7.6 uL/sec
Dropping tip into A1 of Opentrons Fixed Trash on 12
Picking up tip from A8 of Opentrons OT-2 96 Filter Tip Rack 20 µL on 8
Mixing 2 times with a volume of 5.0 ul
	Aspirating 5.0 uL from A8 of KF Deepwell-96 Sample Plate 3 on 7 at 7.6 uL/sec
	Dispensing 5.0 uL into A8 of KF Deepwell-96 Sample Plate 3 on 7 at 7.6 uL/sec
	Aspirating 5.0 uL from A8 of KF Deepwell-96 Sample Plate 3 on 7 at 7.6 uL/sec
	Dispensing 5.0 uL into A8 of KF Deepwell-96 Sample Plate 3 on 7 at 7.6 uL/sec
Aspirating 5.0 uL from A8 of KF Deepwell-96 Sample Plate 3 on 7 at 7.6 uL/sec
Dispensing 5.0 uL into B8 of MicroAmp Optical 384 Well Plate 30 µL on 2 at 7.6 uL/sec
Mixing 3 times with a volume of 10.0 ul
	Aspirating 10.0 uL from B8 of MicroAmp Optical 384 Well Plate 30 µL on 2 at 7.6 uL/sec
	Dispensing 10.0 uL into B8 of MicroAmp Optical 384 Well Plate 30 µL on 2 at 7.6 uL/sec
	Aspirating 10.0 uL from B8 of MicroAmp Optical 384 Well Plate 30 µL on 2 at 7.6 uL/sec
	Dispensing 10.0 uL into B8 of MicroAmp Optical 384 Well Plate 30 µL on 2 at 7.6 uL/sec
	Aspirating 10.0 uL from B8 of MicroAmp Optical 384 Well Plate 30 µL on 2 at 7.6 uL/sec
	Dispensing 10.0 uL into B8 of MicroAmp Optical 384 Well Plate 30 µL on 2 at 7.6 uL/sec
Dropping tip into A1 of Opentrons Fixed Trash on 12
Picking up tip from A9 of Opentrons OT-2 96 Filter Tip Rack 20 µL on 8
Mixing 2 times with a volume of 5.0 ul
	Aspirating 5.0 uL from A9 of KF Deepwell-96 Sample Plate 3 on 7 at 7.6 uL/sec
	Dispensing 5.0 uL into A9 of KF Deepwell-96 Sample Plate 3 on 7 at 7.6 uL/sec
	Aspirating 5.0 uL from A9 of KF Deepwell-96 Sample Plate 3 on 7 at 7.6 uL/sec
	Dispensing 5.0 uL into A9 of KF Deepwell-96 Sample Plate 3 on 7 at 7.6 uL/sec
Aspirating 5.0 uL from A9 of KF Deepwell-96 Sample Plate 3 on 7 at 7.6 uL/sec
Dispensing 5.0 uL into B9 of MicroAmp Optical 384 Well Plate 30 µL on 2 at 7.6 uL/sec
Mixing 3 times with a volume of 10.0 ul
	Aspirating 10.0 uL from B9 of MicroAmp Optical 384 Well Plate 30 µL on 2 at 7.6 uL/sec
	Dispensing 10.0 uL into B9 of MicroAmp Optical 384 Well Plate 30 µL on 2 at 7.6 uL/sec
	Aspirating 10.0 uL from B9 of MicroAmp Optical 384 Well Plate 30 µL on 2 at 7.6 uL/sec
	Dispensing 10.0 uL into B9 of MicroAmp Optical 384 Well Plate 30 µL on 2 at 7.6 uL/sec
	Aspirating 10.0 uL from B9 of MicroAmp Optical 384 Well Plate 30 µL on 2 at 7.6 uL/sec
	Dispensing 10.0 uL into B9 of MicroAmp Optical 384 Well Plate 30 µL on 2 at 7.6 uL/sec
Dropping tip into A1 of Opentrons Fixed Trash on 12
Picking up tip from A10 of Opentrons OT-2 96 Filter Tip Rack 20 µL on 8
Mixing 2 times with a volume of 5.0 ul
	Aspirating 5.0 uL from A10 of KF Deepwell-96 Sample Plate 3 on 7 at 7.6 uL/sec
	Dispensing 5.0 uL into A10 of KF Deepwell-96 Sample Plate 3 on 7 at 7.6 uL/sec
	Aspirating 5.0 uL from A10 of KF Deepwell-96 Sample Plate 3 on 7 at 7.6 uL/sec
	Dispensing 5.0 uL into A10 of KF Deepwell-96 Sample Plate 3 on 7 at 7.6 uL/sec
Aspirating 5.0 uL from A10 of KF Deepwell-96 Sample Plate 3 on 7 at 7.6 uL/sec
Dispensing 5.0 uL into B10 of MicroAmp Optical 384 Well Plate 30 µL on 2 at 7.6 uL/sec
Mixing 3 times with a volume of 10.0 ul
	Aspirating 10.0 uL from B10 of MicroAmp Optical 384 Well Plate 30 µL on 2 at 7.6 uL/sec
	Dispensing 10.0 uL into B10 of MicroAmp Optical 384 Well Plate 30 µL on 2 at 7.6 uL/sec
	Aspirating 10.0 uL from B10 of MicroAmp Optical 384 Well Plate 30 µL on 2 at 7.6 uL/sec
	Dispensing 10.0 uL into B10 of MicroAmp Optical 384 Well Plate 30 µL on 2 at 7.6 uL/sec
	Aspirating 10.0 uL from B10 of MicroAmp Optical 384 Well Plate 30 µL on 2 at 7.6 uL/sec
	Dispensing 10.0 uL into B10 of MicroAmp Optical 384 Well Plate 30 µL on 2 at 7.6 uL/sec
Dropping tip into A1 of Opentrons Fixed Trash on 12
Picking up tip from A11 of Opentrons OT-2 96 Filter Tip Rack 20 µL on 8
Mixing 2 times with a volume of 5.0 ul
	Aspirating 5.0 uL from A11 of KF Deepwell-96 Sample Plate 3 on 7 at 7.6 uL/sec
	Dispensing 5.0 uL into A11 of KF Deepwell-96 Sample Plate 3 on 7 at 7.6 uL/sec
	Aspirating 5.0 uL from A11 of KF Deepwell-96 Sample Plate 3 on 7 at 7.6 uL/sec
	Dispensing 5.0 uL into A11 of KF Deepwell-96 Sample Plate 3 on 7 at 7.6 uL/sec
Aspirating 5.0 uL from A11 of KF Deepwell-96 Sample Plate 3 on 7 at 7.6 uL/sec
Dispensing 5.0 uL into B11 of MicroAmp Optical 384 Well Plate 30 µL on 2 at 7.6 uL/sec
Mixing 3 times with a volume of 10.0 ul
	Aspirating 10.0 uL from B11 of MicroAmp Optical 384 Well Plate 30 µL on 2 at 7.6 uL/sec
	Dispensing 10.0 uL into B11 of MicroAmp Optical 384 Well Plate 30 µL on 2 at 7.6 uL/sec
	Aspirating 10.0 uL from B11 of MicroAmp Optical 384 Well Plate 30 µL on 2 at 7.6 uL/sec
	Dispensing 10.0 uL into B11 of MicroAmp Optical 384 Well Plate 30 µL on 2 at 7.6 uL/sec
	Aspirating 10.0 uL from B11 of MicroAmp Optical 384 Well Plate 30 µL on 2 at 7.6 uL/sec
	Dispensing 10.0 uL into B11 of MicroAmp Optical 384 Well Plate 30 µL on 2 at 7.6 uL/sec
Dropping tip into A1 of Opentrons Fixed Trash on 12
Picking up tip from A12 of Opentrons OT-2 96 Filter Tip Rack 20 µL on 8
Mixing 2 times with a volume of 5.0 ul
	Aspirating 5.0 uL from A12 of KF Deepwell-96 Sample Plate 3 on 7 at 7.6 uL/sec
	Dispensing 5.0 uL into A12 of KF Deepwell-96 Sample Plate 3 on 7 at 7.6 uL/sec
	Aspirating 5.0 uL from A12 of KF Deepwell-96 Sample Plate 3 on 7 at 7.6 uL/sec
	Dispensing 5.0 uL into A12 of KF Deepwell-96 Sample Plate 3 on 7 at 7.6 uL/sec
Aspirating 5.0 uL from A12 of KF Deepwell-96 Sample Plate 3 on 7 at 7.6 uL/sec
Dispensing 5.0 uL into B12 of MicroAmp Optical 384 Well Plate 30 µL on 2 at 7.6 uL/sec
Mixing 3 times with a volume of 10.0 ul
	Aspirating 10.0 uL from B12 of MicroAmp Optical 384 Well Plate 30 µL on 2 at 7.6 uL/sec
	Dispensing 10.0 uL into B12 of MicroAmp Optical 384 Well Plate 30 µL on 2 at 7.6 uL/sec
	Aspirating 10.0 uL from B12 of MicroAmp Optical 384 Well Plate 30 µL on 2 at 7.6 uL/sec
	Dispensing 10.0 uL into B12 of MicroAmp Optical 384 Well Plate 30 µL on 2 at 7.6 uL/sec
	Aspirating 10.0 uL from B12 of MicroAmp Optical 384 Well Plate 30 µL on 2 at 7.6 uL/sec
	Dispensing 10.0 uL into B12 of MicroAmp Optical 384 Well Plate 30 µL on 2 at 7.6 uL/sec
Dropping tip into A1 of Opentrons Fixed Trash on 12

Transferring Samples from KF Deepwell-96 Sample Plate 4 on 10

Picking up tip from A1 of Opentrons OT-2 96 Filter Tip Rack 20 µL on 9
Mixing 2 times with a volume of 5.0 ul
	Aspirating 5.0 uL from A1 of KF Deepwell-96 Sample Plate 4 on 10 at 7.6 uL/sec
	Dispensing 5.0 uL into A1 of KF Deepwell-96 Sample Plate 4 on 10 at 7.6 uL/sec
	Aspirating 5.0 uL from A1 of KF Deepwell-96 Sample Plate 4 on 10 at 7.6 uL/sec
	Dispensing 5.0 uL into A1 of KF Deepwell-96 Sample Plate 4 on 10 at 7.6 uL/sec
Aspirating 5.0 uL from A1 of KF Deepwell-96 Sample Plate 4 on 10 at 7.6 uL/sec
Dispensing 5.0 uL into B13 of MicroAmp Optical 384 Well Plate 30 µL on 2 at 7.6 uL/sec
Mixing 3 times with a volume of 10.0 ul
	Aspirating 10.0 uL from B13 of MicroAmp Optical 384 Well Plate 30 µL on 2 at 7.6 uL/sec
	Dispensing 10.0 uL into B13 of MicroAmp Optical 384 Well Plate 30 µL on 2 at 7.6 uL/sec
	Aspirating 10.0 uL from B13 of MicroAmp Optical 384 Well Plate 30 µL on 2 at 7.6 uL/sec
	Dispensing 10.0 uL into B13 of MicroAmp Optical 384 Well Plate 30 µL on 2 at 7.6 uL/sec
	Aspirating 10.0 uL from B13 of MicroAmp Optical 384 Well Plate 30 µL on 2 at 7.6 uL/sec
	Dispensing 10.0 uL into B13 of MicroAmp Optical 384 Well Plate 30 µL on 2 at 7.6 uL/sec
Dropping tip into A1 of Opentrons Fixed Trash on 12
Picking up tip from A2 of Opentrons OT-2 96 Filter Tip Rack 20 µL on 9
Mixing 2 times with a volume of 5.0 ul
	Aspirating 5.0 uL from A2 of KF Deepwell-96 Sample Plate 4 on 10 at 7.6 uL/sec
	Dispensing 5.0 uL into A2 of KF Deepwell-96 Sample Plate 4 on 10 at 7.6 uL/sec
	Aspirating 5.0 uL from A2 of KF Deepwell-96 Sample Plate 4 on 10 at 7.6 uL/sec
	Dispensing 5.0 uL into A2 of KF Deepwell-96 Sample Plate 4 on 10 at 7.6 uL/sec
Aspirating 5.0 uL from A2 of KF Deepwell-96 Sample Plate 4 on 10 at 7.6 uL/sec
Dispensing 5.0 uL into B14 of MicroAmp Optical 384 Well Plate 30 µL on 2 at 7.6 uL/sec
Mixing 3 times with a volume of 10.0 ul
	Aspirating 10.0 uL from B14 of MicroAmp Optical 384 Well Plate 30 µL on 2 at 7.6 uL/sec
	Dispensing 10.0 uL into B14 of MicroAmp Optical 384 Well Plate 30 µL on 2 at 7.6 uL/sec
	Aspirating 10.0 uL from B14 of MicroAmp Optical 384 Well Plate 30 µL on 2 at 7.6 uL/sec
	Dispensing 10.0 uL into B14 of MicroAmp Optical 384 Well Plate 30 µL on 2 at 7.6 uL/sec
	Aspirating 10.0 uL from B14 of MicroAmp Optical 384 Well Plate 30 µL on 2 at 7.6 uL/sec
	Dispensing 10.0 uL into B14 of MicroAmp Optical 384 Well Plate 30 µL on 2 at 7.6 uL/sec
Dropping tip into A1 of Opentrons Fixed Trash on 12
Picking up tip from A3 of Opentrons OT-2 96 Filter Tip Rack 20 µL on 9
Mixing 2 times with a volume of 5.0 ul
	Aspirating 5.0 uL from A3 of KF Deepwell-96 Sample Plate 4 on 10 at 7.6 uL/sec
	Dispensing 5.0 uL into A3 of KF Deepwell-96 Sample Plate 4 on 10 at 7.6 uL/sec
	Aspirating 5.0 uL from A3 of KF Deepwell-96 Sample Plate 4 on 10 at 7.6 uL/sec
	Dispensing 5.0 uL into A3 of KF Deepwell-96 Sample Plate 4 on 10 at 7.6 uL/sec
Aspirating 5.0 uL from A3 of KF Deepwell-96 Sample Plate 4 on 10 at 7.6 uL/sec
Dispensing 5.0 uL into B15 of MicroAmp Optical 384 Well Plate 30 µL on 2 at 7.6 uL/sec
Mixing 3 times with a volume of 10.0 ul
	Aspirating 10.0 uL from B15 of MicroAmp Optical 384 Well Plate 30 µL on 2 at 7.6 uL/sec
	Dispensing 10.0 uL into B15 of MicroAmp Optical 384 Well Plate 30 µL on 2 at 7.6 uL/sec
	Aspirating 10.0 uL from B15 of MicroAmp Optical 384 Well Plate 30 µL on 2 at 7.6 uL/sec
	Dispensing 10.0 uL into B15 of MicroAmp Optical 384 Well Plate 30 µL on 2 at 7.6 uL/sec
	Aspirating 10.0 uL from B15 of MicroAmp Optical 384 Well Plate 30 µL on 2 at 7.6 uL/sec
	Dispensing 10.0 uL into B15 of MicroAmp Optical 384 Well Plate 30 µL on 2 at 7.6 uL/sec
Dropping tip into A1 of Opentrons Fixed Trash on 12
Picking up tip from A4 of Opentrons OT-2 96 Filter Tip Rack 20 µL on 9
Mixing 2 times with a volume of 5.0 ul
	Aspirating 5.0 uL from A4 of KF Deepwell-96 Sample Plate 4 on 10 at 7.6 uL/sec
	Dispensing 5.0 uL into A4 of KF Deepwell-96 Sample Plate 4 on 10 at 7.6 uL/sec
	Aspirating 5.0 uL from A4 of KF Deepwell-96 Sample Plate 4 on 10 at 7.6 uL/sec
	Dispensing 5.0 uL into A4 of KF Deepwell-96 Sample Plate 4 on 10 at 7.6 uL/sec
Aspirating 5.0 uL from A4 of KF Deepwell-96 Sample Plate 4 on 10 at 7.6 uL/sec
Dispensing 5.0 uL into B16 of MicroAmp Optical 384 Well Plate 30 µL on 2 at 7.6 uL/sec
Mixing 3 times with a volume of 10.0 ul
	Aspirating 10.0 uL from B16 of MicroAmp Optical 384 Well Plate 30 µL on 2 at 7.6 uL/sec
	Dispensing 10.0 uL into B16 of MicroAmp Optical 384 Well Plate 30 µL on 2 at 7.6 uL/sec
	Aspirating 10.0 uL from B16 of MicroAmp Optical 384 Well Plate 30 µL on 2 at 7.6 uL/sec
	Dispensing 10.0 uL into B16 of MicroAmp Optical 384 Well Plate 30 µL on 2 at 7.6 uL/sec
	Aspirating 10.0 uL from B16 of MicroAmp Optical 384 Well Plate 30 µL on 2 at 7.6 uL/sec
	Dispensing 10.0 uL into B16 of MicroAmp Optical 384 Well Plate 30 µL on 2 at 7.6 uL/sec
Dropping tip into A1 of Opentrons Fixed Trash on 12
Picking up tip from A5 of Opentrons OT-2 96 Filter Tip Rack 20 µL on 9
Mixing 2 times with a volume of 5.0 ul
	Aspirating 5.0 uL from A5 of KF Deepwell-96 Sample Plate 4 on 10 at 7.6 uL/sec
	Dispensing 5.0 uL into A5 of KF Deepwell-96 Sample Plate 4 on 10 at 7.6 uL/sec
	Aspirating 5.0 uL from A5 of KF Deepwell-96 Sample Plate 4 on 10 at 7.6 uL/sec
	Dispensing 5.0 uL into A5 of KF Deepwell-96 Sample Plate 4 on 10 at 7.6 uL/sec
Aspirating 5.0 uL from A5 of KF Deepwell-96 Sample Plate 4 on 10 at 7.6 uL/sec
Dispensing 5.0 uL into B17 of MicroAmp Optical 384 Well Plate 30 µL on 2 at 7.6 uL/sec
Mixing 3 times with a volume of 10.0 ul
	Aspirating 10.0 uL from B17 of MicroAmp Optical 384 Well Plate 30 µL on 2 at 7.6 uL/sec
	Dispensing 10.0 uL into B17 of MicroAmp Optical 384 Well Plate 30 µL on 2 at 7.6 uL/sec
	Aspirating 10.0 uL from B17 of MicroAmp Optical 384 Well Plate 30 µL on 2 at 7.6 uL/sec
	Dispensing 10.0 uL into B17 of MicroAmp Optical 384 Well Plate 30 µL on 2 at 7.6 uL/sec
	Aspirating 10.0 uL from B17 of MicroAmp Optical 384 Well Plate 30 µL on 2 at 7.6 uL/sec
	Dispensing 10.0 uL into B17 of MicroAmp Optical 384 Well Plate 30 µL on 2 at 7.6 uL/sec
Dropping tip into A1 of Opentrons Fixed Trash on 12
Picking up tip from A6 of Opentrons OT-2 96 Filter Tip Rack 20 µL on 9
Mixing 2 times with a volume of 5.0 ul
	Aspirating 5.0 uL from A6 of KF Deepwell-96 Sample Plate 4 on 10 at 7.6 uL/sec
	Dispensing 5.0 uL into A6 of KF Deepwell-96 Sample Plate 4 on 10 at 7.6 uL/sec
	Aspirating 5.0 uL from A6 of KF Deepwell-96 Sample Plate 4 on 10 at 7.6 uL/sec
	Dispensing 5.0 uL into A6 of KF Deepwell-96 Sample Plate 4 on 10 at 7.6 uL/sec
Aspirating 5.0 uL from A6 of KF Deepwell-96 Sample Plate 4 on 10 at 7.6 uL/sec
Dispensing 5.0 uL into B18 of MicroAmp Optical 384 Well Plate 30 µL on 2 at 7.6 uL/sec
Mixing 3 times with a volume of 10.0 ul
	Aspirating 10.0 uL from B18 of MicroAmp Optical 384 Well Plate 30 µL on 2 at 7.6 uL/sec
	Dispensing 10.0 uL into B18 of MicroAmp Optical 384 Well Plate 30 µL on 2 at 7.6 uL/sec
	Aspirating 10.0 uL from B18 of MicroAmp Optical 384 Well Plate 30 µL on 2 at 7.6 uL/sec
	Dispensing 10.0 uL into B18 of MicroAmp Optical 384 Well Plate 30 µL on 2 at 7.6 uL/sec
	Aspirating 10.0 uL from B18 of MicroAmp Optical 384 Well Plate 30 µL on 2 at 7.6 uL/sec
	Dispensing 10.0 uL into B18 of MicroAmp Optical 384 Well Plate 30 µL on 2 at 7.6 uL/sec
Dropping tip into A1 of Opentrons Fixed Trash on 12
Picking up tip from A7 of Opentrons OT-2 96 Filter Tip Rack 20 µL on 9
Mixing 2 times with a volume of 5.0 ul
	Aspirating 5.0 uL from A7 of KF Deepwell-96 Sample Plate 4 on 10 at 7.6 uL/sec
	Dispensing 5.0 uL into A7 of KF Deepwell-96 Sample Plate 4 on 10 at 7.6 uL/sec
	Aspirating 5.0 uL from A7 of KF Deepwell-96 Sample Plate 4 on 10 at 7.6 uL/sec
	Dispensing 5.0 uL into A7 of KF Deepwell-96 Sample Plate 4 on 10 at 7.6 uL/sec
Aspirating 5.0 uL from A7 of KF Deepwell-96 Sample Plate 4 on 10 at 7.6 uL/sec
Dispensing 5.0 uL into B19 of MicroAmp Optical 384 Well Plate 30 µL on 2 at 7.6 uL/sec
Mixing 3 times with a volume of 10.0 ul
	Aspirating 10.0 uL from B19 of MicroAmp Optical 384 Well Plate 30 µL on 2 at 7.6 uL/sec
	Dispensing 10.0 uL into B19 of MicroAmp Optical 384 Well Plate 30 µL on 2 at 7.6 uL/sec
	Aspirating 10.0 uL from B19 of MicroAmp Optical 384 Well Plate 30 µL on 2 at 7.6 uL/sec
	Dispensing 10.0 uL into B19 of MicroAmp Optical 384 Well Plate 30 µL on 2 at 7.6 uL/sec
	Aspirating 10.0 uL from B19 of MicroAmp Optical 384 Well Plate 30 µL on 2 at 7.6 uL/sec
	Dispensing 10.0 uL into B19 of MicroAmp Optical 384 Well Plate 30 µL on 2 at 7.6 uL/sec
Dropping tip into A1 of Opentrons Fixed Trash on 12
Picking up tip from A8 of Opentrons OT-2 96 Filter Tip Rack 20 µL on 9
Mixing 2 times with a volume of 5.0 ul
	Aspirating 5.0 uL from A8 of KF Deepwell-96 Sample Plate 4 on 10 at 7.6 uL/sec
	Dispensing 5.0 uL into A8 of KF Deepwell-96 Sample Plate 4 on 10 at 7.6 uL/sec
	Aspirating 5.0 uL from A8 of KF Deepwell-96 Sample Plate 4 on 10 at 7.6 uL/sec
	Dispensing 5.0 uL into A8 of KF Deepwell-96 Sample Plate 4 on 10 at 7.6 uL/sec
Aspirating 5.0 uL from A8 of KF Deepwell-96 Sample Plate 4 on 10 at 7.6 uL/sec
Dispensing 5.0 uL into B20 of MicroAmp Optical 384 Well Plate 30 µL on 2 at 7.6 uL/sec
Mixing 3 times with a volume of 10.0 ul
	Aspirating 10.0 uL from B20 of MicroAmp Optical 384 Well Plate 30 µL on 2 at 7.6 uL/sec
	Dispensing 10.0 uL into B20 of MicroAmp Optical 384 Well Plate 30 µL on 2 at 7.6 uL/sec
	Aspirating 10.0 uL from B20 of MicroAmp Optical 384 Well Plate 30 µL on 2 at 7.6 uL/sec
	Dispensing 10.0 uL into B20 of MicroAmp Optical 384 Well Plate 30 µL on 2 at 7.6 uL/sec
	Aspirating 10.0 uL from B20 of MicroAmp Optical 384 Well Plate 30 µL on 2 at 7.6 uL/sec
	Dispensing 10.0 uL into B20 of MicroAmp Optical 384 Well Plate 30 µL on 2 at 7.6 uL/sec
Dropping tip into A1 of Opentrons Fixed Trash on 12
Picking up tip from A9 of Opentrons OT-2 96 Filter Tip Rack 20 µL on 9
Mixing 2 times with a volume of 5.0 ul
	Aspirating 5.0 uL from A9 of KF Deepwell-96 Sample Plate 4 on 10 at 7.6 uL/sec
	Dispensing 5.0 uL into A9 of KF Deepwell-96 Sample Plate 4 on 10 at 7.6 uL/sec
	Aspirating 5.0 uL from A9 of KF Deepwell-96 Sample Plate 4 on 10 at 7.6 uL/sec
	Dispensing 5.0 uL into A9 of KF Deepwell-96 Sample Plate 4 on 10 at 7.6 uL/sec
Aspirating 5.0 uL from A9 of KF Deepwell-96 Sample Plate 4 on 10 at 7.6 uL/sec
Dispensing 5.0 uL into B21 of MicroAmp Optical 384 Well Plate 30 µL on 2 at 7.6 uL/sec
Mixing 3 times with a volume of 10.0 ul
	Aspirating 10.0 uL from B21 of MicroAmp Optical 384 Well Plate 30 µL on 2 at 7.6 uL/sec
	Dispensing 10.0 uL into B21 of MicroAmp Optical 384 Well Plate 30 µL on 2 at 7.6 uL/sec
	Aspirating 10.0 uL from B21 of MicroAmp Optical 384 Well Plate 30 µL on 2 at 7.6 uL/sec
	Dispensing 10.0 uL into B21 of MicroAmp Optical 384 Well Plate 30 µL on 2 at 7.6 uL/sec
	Aspirating 10.0 uL from B21 of MicroAmp Optical 384 Well Plate 30 µL on 2 at 7.6 uL/sec
	Dispensing 10.0 uL into B21 of MicroAmp Optical 384 Well Plate 30 µL on 2 at 7.6 uL/sec
Dropping tip into A1 of Opentrons Fixed Trash on 12
Picking up tip from A10 of Opentrons OT-2 96 Filter Tip Rack 20 µL on 9
Mixing 2 times with a volume of 5.0 ul
	Aspirating 5.0 uL from A10 of KF Deepwell-96 Sample Plate 4 on 10 at 7.6 uL/sec
	Dispensing 5.0 uL into A10 of KF Deepwell-96 Sample Plate 4 on 10 at 7.6 uL/sec
	Aspirating 5.0 uL from A10 of KF Deepwell-96 Sample Plate 4 on 10 at 7.6 uL/sec
	Dispensing 5.0 uL into A10 of KF Deepwell-96 Sample Plate 4 on 10 at 7.6 uL/sec
Aspirating 5.0 uL from A10 of KF Deepwell-96 Sample Plate 4 on 10 at 7.6 uL/sec
Dispensing 5.0 uL into B22 of MicroAmp Optical 384 Well Plate 30 µL on 2 at 7.6 uL/sec
Mixing 3 times with a volume of 10.0 ul
	Aspirating 10.0 uL from B22 of MicroAmp Optical 384 Well Plate 30 µL on 2 at 7.6 uL/sec
	Dispensing 10.0 uL into B22 of MicroAmp Optical 384 Well Plate 30 µL on 2 at 7.6 uL/sec
	Aspirating 10.0 uL from B22 of MicroAmp Optical 384 Well Plate 30 µL on 2 at 7.6 uL/sec
	Dispensing 10.0 uL into B22 of MicroAmp Optical 384 Well Plate 30 µL on 2 at 7.6 uL/sec
	Aspirating 10.0 uL from B22 of MicroAmp Optical 384 Well Plate 30 µL on 2 at 7.6 uL/sec
	Dispensing 10.0 uL into B22 of MicroAmp Optical 384 Well Plate 30 µL on 2 at 7.6 uL/sec
Dropping tip into A1 of Opentrons Fixed Trash on 12
Picking up tip from A11 of Opentrons OT-2 96 Filter Tip Rack 20 µL on 9
Mixing 2 times with a volume of 5.0 ul
	Aspirating 5.0 uL from A11 of KF Deepwell-96 Sample Plate 4 on 10 at 7.6 uL/sec
	Dispensing 5.0 uL into A11 of KF Deepwell-96 Sample Plate 4 on 10 at 7.6 uL/sec
	Aspirating 5.0 uL from A11 of KF Deepwell-96 Sample Plate 4 on 10 at 7.6 uL/sec
	Dispensing 5.0 uL into A11 of KF Deepwell-96 Sample Plate 4 on 10 at 7.6 uL/sec
Aspirating 5.0 uL from A11 of KF Deepwell-96 Sample Plate 4 on 10 at 7.6 uL/sec
Dispensing 5.0 uL into B23 of MicroAmp Optical 384 Well Plate 30 µL on 2 at 7.6 uL/sec
Mixing 3 times with a volume of 10.0 ul
	Aspirating 10.0 uL from B23 of MicroAmp Optical 384 Well Plate 30 µL on 2 at 7.6 uL/sec
	Dispensing 10.0 uL into B23 of MicroAmp Optical 384 Well Plate 30 µL on 2 at 7.6 uL/sec
	Aspirating 10.0 uL from B23 of MicroAmp Optical 384 Well Plate 30 µL on 2 at 7.6 uL/sec
	Dispensing 10.0 uL into B23 of MicroAmp Optical 384 Well Plate 30 µL on 2 at 7.6 uL/sec
	Aspirating 10.0 uL from B23 of MicroAmp Optical 384 Well Plate 30 µL on 2 at 7.6 uL/sec
	Dispensing 10.0 uL into B23 of MicroAmp Optical 384 Well Plate 30 µL on 2 at 7.6 uL/sec
Dropping tip into A1 of Opentrons Fixed Trash on 12
Picking up tip from A12 of Opentrons OT-2 96 Filter Tip Rack 20 µL on 9
Mixing 2 times with a volume of 5.0 ul
	Aspirating 5.0 uL from A12 of KF Deepwell-96 Sample Plate 4 on 10 at 7.6 uL/sec
	Dispensing 5.0 uL into A12 of KF Deepwell-96 Sample Plate 4 on 10 at 7.6 uL/sec
	Aspirating 5.0 uL from A12 of KF Deepwell-96 Sample Plate 4 on 10 at 7.6 uL/sec
	Dispensing 5.0 uL into A12 of KF Deepwell-96 Sample Plate 4 on 10 at 7.6 uL/sec
Aspirating 5.0 uL from A12 of KF Deepwell-96 Sample Plate 4 on 10 at 7.6 uL/sec
Dispensing 5.0 uL into B24 of MicroAmp Optical 384 Well Plate 30 µL on 2 at 7.6 uL/sec
Mixing 3 times with a volume of 10.0 ul
	Aspirating 10.0 uL from B24 of MicroAmp Optical 384 Well Plate 30 µL on 2 at 7.6 uL/sec
	Dispensing 10.0 uL into B24 of MicroAmp Optical 384 Well Plate 30 µL on 2 at 7.6 uL/sec
	Aspirating 10.0 uL from B24 of MicroAmp Optical 384 Well Plate 30 µL on 2 at 7.6 uL/sec
	Dispensing 10.0 uL into B24 of MicroAmp Optical 384 Well Plate 30 µL on 2 at 7.6 uL/sec
	Aspirating 10.0 uL from B24 of MicroAmp Optical 384 Well Plate 30 µL on 2 at 7.6 uL/sec
	Dispensing 10.0 uL into B24 of MicroAmp Optical 384 Well Plate 30 µL on 2 at 7.6 uL/sec
Dropping tip into A1 of Opentrons Fixed Trash on 12

Protocol is complete!
Caught exception: {'message': 'Task was destroyed but it is pending!', 'task': <Task pending name='Task-4' coro=<Poller._poll_forever() running at /Users/dp/Desktop/project/github/opentrons/venv/lib/python3.10/site-packages/opentrons/hardware_control/poller.py:80> wait_for=<Future pending cb=[Task.task_wakeup()]>>}
Caught exception: {'message': 'Task was destroyed but it is pending!', 'task': <Task pending name='Task-3' coro=<Poller._poll_forever() running at /Users/dp/Desktop/project/github/opentrons/venv/lib/python3.10/site-packages/opentrons/hardware_control/poller.py:80> wait_for=<Future pending cb=[Task.task_wakeup()]>>}
Caught exception: {'message': 'Task was destroyed but it is pending!', 'task': <Task pending name='Task-2' coro=<Poller._poll_forever() running at /Users/dp/Desktop/project/github/opentrons/venv/lib/python3.10/site-packages/opentrons/hardware_control/poller.py:80> wait_for=<Future pending cb=[Task.task_wakeup()]>>}
