/Users/dp/Desktop/project/github/opentrons/venv/lib/python3.10/site-packages/opentrons/hardware_control/simulator_setup.py:205: UserWarning: Simulator configuration does not name a machine, defaulting to OT-2 Standard
  warn(
/Users/dp/.opentrons/robot_settings.json not found. Loading defaults
Deck calibration not found.
/Users/dp/.opentrons/deck_calibration.json not found. Loading defaults
Picking up tip from A1 of Opentrons OT-2 96 Filter Tip Rack 200 µL on 1
Transferring 150.0 from A1 of Blocking solution on 2 to A1 of Plate 3 on 3
	Aspirating 150.0 uL from A1 of Blocking solution on 2 at 94.0 uL/sec
	Dispensing 150.0 uL into A1 of Plate 3 on 3 at 94.0 uL/sec
Transferring 150.0 from A1 of Blocking solution on 2 to A2 of Plate 3 on 3
	Aspirating 150.0 uL from A1 of Blocking solution on 2 at 94.0 uL/sec
	Dispensing 150.0 uL into A2 of Plate 3 on 3 at 94.0 uL/sec
Transferring 150.0 from A1 of Blocking solution on 2 to A3 of Plate 3 on 3
	Aspirating 150.0 uL from A1 of Blocking solution on 2 at 94.0 uL/sec
	Dispensing 150.0 uL into A3 of Plate 3 on 3 at 94.0 uL/sec
Transferring 150.0 from A1 of Blocking solution on 2 to A4 of Plate 3 on 3
	Aspirating 150.0 uL from A1 of Blocking solution on 2 at 94.0 uL/sec
	Dispensing 150.0 uL into A4 of Plate 3 on 3 at 94.0 uL/sec
Transferring 150.0 from A1 of Blocking solution on 2 to A5 of Plate 3 on 3
	Aspirating 150.0 uL from A1 of Blocking solution on 2 at 94.0 uL/sec
	Dispensing 150.0 uL into A5 of Plate 3 on 3 at 94.0 uL/sec
Transferring 150.0 from A1 of Blocking solution on 2 to A6 of Plate 3 on 3
	Aspirating 150.0 uL from A1 of Blocking solution on 2 at 94.0 uL/sec
	Dispensing 150.0 uL into A6 of Plate 3 on 3 at 94.0 uL/sec
Transferring 150.0 from A1 of Blocking solution on 2 to A7 of Plate 3 on 3
	Aspirating 150.0 uL from A1 of Blocking solution on 2 at 94.0 uL/sec
	Dispensing 150.0 uL into A7 of Plate 3 on 3 at 94.0 uL/sec
Transferring 150.0 from A1 of Blocking solution on 2 to A8 of Plate 3 on 3
	Aspirating 150.0 uL from A1 of Blocking solution on 2 at 94.0 uL/sec
	Dispensing 150.0 uL into A8 of Plate 3 on 3 at 94.0 uL/sec
Transferring 150.0 from A1 of Blocking solution on 2 to A9 of Plate 3 on 3
	Aspirating 150.0 uL from A1 of Blocking solution on 2 at 94.0 uL/sec
	Dispensing 150.0 uL into A9 of Plate 3 on 3 at 94.0 uL/sec
Transferring 150.0 from A1 of Blocking solution on 2 to A10 of Plate 3 on 3
	Aspirating 150.0 uL from A1 of Blocking solution on 2 at 94.0 uL/sec
	Dispensing 150.0 uL into A10 of Plate 3 on 3 at 94.0 uL/sec
Transferring 150.0 from A1 of Blocking solution on 2 to A11 of Plate 3 on 3
	Aspirating 150.0 uL from A1 of Blocking solution on 2 at 94.0 uL/sec
	Dispensing 150.0 uL into A11 of Plate 3 on 3 at 94.0 uL/sec
Transferring 150.0 from A1 of Blocking solution on 2 to A12 of Plate 3 on 3
	Aspirating 150.0 uL from A1 of Blocking solution on 2 at 94.0 uL/sec
	Dispensing 150.0 uL into A12 of Plate 3 on 3 at 94.0 uL/sec
Dropping tip into A1 of Opentrons Fixed Trash on 12
Picking up tip from A2 of Opentrons OT-2 96 Filter Tip Rack 200 µL on 1
Transferring 150.0 from A1 of Blocking solution on 2 to A1 of Plate 4 on 4
	Aspirating 150.0 uL from A1 of Blocking solution on 2 at 94.0 uL/sec
	Dispensing 150.0 uL into A1 of Plate 4 on 4 at 94.0 uL/sec
Transferring 150.0 from A1 of Blocking solution on 2 to A2 of Plate 4 on 4
	Aspirating 150.0 uL from A1 of Blocking solution on 2 at 94.0 uL/sec
	Dispensing 150.0 uL into A2 of Plate 4 on 4 at 94.0 uL/sec
Transferring 150.0 from A1 of Blocking solution on 2 to A3 of Plate 4 on 4
	Aspirating 150.0 uL from A1 of Blocking solution on 2 at 94.0 uL/sec
	Dispensing 150.0 uL into A3 of Plate 4 on 4 at 94.0 uL/sec
Transferring 150.0 from A1 of Blocking solution on 2 to A4 of Plate 4 on 4
	Aspirating 150.0 uL from A1 of Blocking solution on 2 at 94.0 uL/sec
	Dispensing 150.0 uL into A4 of Plate 4 on 4 at 94.0 uL/sec
Transferring 150.0 from A1 of Blocking solution on 2 to A5 of Plate 4 on 4
	Aspirating 150.0 uL from A1 of Blocking solution on 2 at 94.0 uL/sec
	Dispensing 150.0 uL into A5 of Plate 4 on 4 at 94.0 uL/sec
Transferring 150.0 from A1 of Blocking solution on 2 to A6 of Plate 4 on 4
	Aspirating 150.0 uL from A1 of Blocking solution on 2 at 94.0 uL/sec
	Dispensing 150.0 uL into A6 of Plate 4 on 4 at 94.0 uL/sec
Transferring 150.0 from A1 of Blocking solution on 2 to A7 of Plate 4 on 4
	Aspirating 150.0 uL from A1 of Blocking solution on 2 at 94.0 uL/sec
	Dispensing 150.0 uL into A7 of Plate 4 on 4 at 94.0 uL/sec
Transferring 150.0 from A1 of Blocking solution on 2 to A8 of Plate 4 on 4
	Aspirating 150.0 uL from A1 of Blocking solution on 2 at 94.0 uL/sec
	Dispensing 150.0 uL into A8 of Plate 4 on 4 at 94.0 uL/sec
Transferring 150.0 from A1 of Blocking solution on 2 to A9 of Plate 4 on 4
	Aspirating 150.0 uL from A1 of Blocking solution on 2 at 94.0 uL/sec
	Dispensing 150.0 uL into A9 of Plate 4 on 4 at 94.0 uL/sec
Transferring 150.0 from A1 of Blocking solution on 2 to A10 of Plate 4 on 4
	Aspirating 150.0 uL from A1 of Blocking solution on 2 at 94.0 uL/sec
	Dispensing 150.0 uL into A10 of Plate 4 on 4 at 94.0 uL/sec
Transferring 150.0 from A1 of Blocking solution on 2 to A11 of Plate 4 on 4
	Aspirating 150.0 uL from A1 of Blocking solution on 2 at 94.0 uL/sec
	Dispensing 150.0 uL into A11 of Plate 4 on 4 at 94.0 uL/sec
Transferring 150.0 from A1 of Blocking solution on 2 to A12 of Plate 4 on 4
	Aspirating 150.0 uL from A1 of Blocking solution on 2 at 94.0 uL/sec
	Dispensing 150.0 uL into A12 of Plate 4 on 4 at 94.0 uL/sec
Dropping tip into A1 of Opentrons Fixed Trash on 12
Caught exception: {'message': 'Task was destroyed but it is pending!', 'task': <Task pending name='Task-4' coro=<Poller._poll_forever() running at /Users/dp/Desktop/project/github/opentrons/venv/lib/python3.10/site-packages/opentrons/hardware_control/poller.py:80> wait_for=<Future pending cb=[Task.task_wakeup()]>>}
Caught exception: {'message': 'Task was destroyed but it is pending!', 'task': <Task pending name='Task-3' coro=<Poller._poll_forever() running at /Users/dp/Desktop/project/github/opentrons/venv/lib/python3.10/site-packages/opentrons/hardware_control/poller.py:80> wait_for=<Future pending cb=[Task.task_wakeup()]>>}
Caught exception: {'message': 'Task was destroyed but it is pending!', 'task': <Task pending name='Task-2' coro=<Poller._poll_forever() running at /Users/dp/Desktop/project/github/opentrons/venv/lib/python3.10/site-packages/opentrons/hardware_control/poller.py:80> wait_for=<Future pending cb=[Task.task_wakeup()]>>}
