/Users/dp/Desktop/project/github/opentrons/venv/lib/python3.10/site-packages/opentrons/hardware_control/simulator_setup.py:205: UserWarning: Simulator configuration does not name a machine, defaulting to OT-2 Standard
  warn(
/Users/dp/.opentrons/robot_settings.json not found. Loading defaults
Deck calibration not found.
/Users/dp/.opentrons/deck_calibration.json not found. Loading defaults
Picking up tip from A1 of Opentrons OT-2 96 Tip Rack 300 µL on 7
Mixing 4 times with a volume of 200.0 ul
	Aspirating 200.0 uL from A3 of NEST 12 Well Reservoir 15 mL on 4 at 94.0 uL/sec
	Dispensing 200.0 uL into A3 of NEST 12 Well Reservoir 15 mL on 4 at 94.0 uL/sec
	Aspirating 200.0 uL from A3 of NEST 12 Well Reservoir 15 mL on 4 at 94.0 uL/sec
	Dispensing 200.0 uL into A3 of NEST 12 Well Reservoir 15 mL on 4 at 94.0 uL/sec
	Aspirating 200.0 uL from A3 of NEST 12 Well Reservoir 15 mL on 4 at 94.0 uL/sec
	Dispensing 200.0 uL into A3 of NEST 12 Well Reservoir 15 mL on 4 at 94.0 uL/sec
	Aspirating 200.0 uL from A3 of NEST 12 Well Reservoir 15 mL on 4 at 94.0 uL/sec
	Dispensing 200.0 uL into A3 of NEST 12 Well Reservoir 15 mL on 4 at 94.0 uL/sec
Transferring 250.0 from A3 of NEST 12 Well Reservoir 15 mL on 4 to A1 of SPL Cell Culture Plate 96 Well Flat Bottom on 1
	Aspirating 250.0 uL from A3 of NEST 12 Well Reservoir 15 mL on 4 at 94.0 uL/sec
	Dispensing 250.0 uL into A1 of SPL Cell Culture Plate 96 Well Flat Bottom on 1 at 94.0 uL/sec
Transferring 250.0 from A3 of NEST 12 Well Reservoir 15 mL on 4 to A2 of SPL Cell Culture Plate 96 Well Flat Bottom on 1
	Aspirating 250.0 uL from A3 of NEST 12 Well Reservoir 15 mL on 4 at 94.0 uL/sec
	Dispensing 250.0 uL into A2 of SPL Cell Culture Plate 96 Well Flat Bottom on 1 at 94.0 uL/sec
Transferring 250.0 from A3 of NEST 12 Well Reservoir 15 mL on 4 to A3 of SPL Cell Culture Plate 96 Well Flat Bottom on 1
	Aspirating 250.0 uL from A3 of NEST 12 Well Reservoir 15 mL on 4 at 94.0 uL/sec
	Dispensing 250.0 uL into A3 of SPL Cell Culture Plate 96 Well Flat Bottom on 1 at 94.0 uL/sec
Transferring 250.0 from A3 of NEST 12 Well Reservoir 15 mL on 4 to A4 of SPL Cell Culture Plate 96 Well Flat Bottom on 1
	Aspirating 250.0 uL from A3 of NEST 12 Well Reservoir 15 mL on 4 at 94.0 uL/sec
	Dispensing 250.0 uL into A4 of SPL Cell Culture Plate 96 Well Flat Bottom on 1 at 94.0 uL/sec
Transferring 250.0 from A3 of NEST 12 Well Reservoir 15 mL on 4 to A5 of SPL Cell Culture Plate 96 Well Flat Bottom on 1
	Aspirating 250.0 uL from A3 of NEST 12 Well Reservoir 15 mL on 4 at 94.0 uL/sec
	Dispensing 250.0 uL into A5 of SPL Cell Culture Plate 96 Well Flat Bottom on 1 at 94.0 uL/sec
Transferring 250.0 from A3 of NEST 12 Well Reservoir 15 mL on 4 to A6 of SPL Cell Culture Plate 96 Well Flat Bottom on 1
	Aspirating 250.0 uL from A3 of NEST 12 Well Reservoir 15 mL on 4 at 94.0 uL/sec
	Dispensing 250.0 uL into A6 of SPL Cell Culture Plate 96 Well Flat Bottom on 1 at 94.0 uL/sec
Dropping tip into A1 of Opentrons Fixed Trash on 12
Picking up tip from A2 of Opentrons OT-2 96 Tip Rack 300 µL on 7
Mixing 4 times with a volume of 200.0 ul
	Aspirating 200.0 uL from A4 of NEST 12 Well Reservoir 15 mL on 4 at 94.0 uL/sec
	Dispensing 200.0 uL into A4 of NEST 12 Well Reservoir 15 mL on 4 at 94.0 uL/sec
	Aspirating 200.0 uL from A4 of NEST 12 Well Reservoir 15 mL on 4 at 94.0 uL/sec
	Dispensing 200.0 uL into A4 of NEST 12 Well Reservoir 15 mL on 4 at 94.0 uL/sec
	Aspirating 200.0 uL from A4 of NEST 12 Well Reservoir 15 mL on 4 at 94.0 uL/sec
	Dispensing 200.0 uL into A4 of NEST 12 Well Reservoir 15 mL on 4 at 94.0 uL/sec
	Aspirating 200.0 uL from A4 of NEST 12 Well Reservoir 15 mL on 4 at 94.0 uL/sec
	Dispensing 200.0 uL into A4 of NEST 12 Well Reservoir 15 mL on 4 at 94.0 uL/sec
Transferring 250.0 from A4 of NEST 12 Well Reservoir 15 mL on 4 to A7 of SPL Cell Culture Plate 96 Well Flat Bottom on 1
	Aspirating 250.0 uL from A4 of NEST 12 Well Reservoir 15 mL on 4 at 94.0 uL/sec
	Dispensing 250.0 uL into A7 of SPL Cell Culture Plate 96 Well Flat Bottom on 1 at 94.0 uL/sec
Transferring 250.0 from A4 of NEST 12 Well Reservoir 15 mL on 4 to A8 of SPL Cell Culture Plate 96 Well Flat Bottom on 1
	Aspirating 250.0 uL from A4 of NEST 12 Well Reservoir 15 mL on 4 at 94.0 uL/sec
	Dispensing 250.0 uL into A8 of SPL Cell Culture Plate 96 Well Flat Bottom on 1 at 94.0 uL/sec
Transferring 250.0 from A4 of NEST 12 Well Reservoir 15 mL on 4 to A9 of SPL Cell Culture Plate 96 Well Flat Bottom on 1
	Aspirating 250.0 uL from A4 of NEST 12 Well Reservoir 15 mL on 4 at 94.0 uL/sec
	Dispensing 250.0 uL into A9 of SPL Cell Culture Plate 96 Well Flat Bottom on 1 at 94.0 uL/sec
Transferring 250.0 from A4 of NEST 12 Well Reservoir 15 mL on 4 to A10 of SPL Cell Culture Plate 96 Well Flat Bottom on 1
	Aspirating 250.0 uL from A4 of NEST 12 Well Reservoir 15 mL on 4 at 94.0 uL/sec
	Dispensing 250.0 uL into A10 of SPL Cell Culture Plate 96 Well Flat Bottom on 1 at 94.0 uL/sec
Transferring 250.0 from A4 of NEST 12 Well Reservoir 15 mL on 4 to A11 of SPL Cell Culture Plate 96 Well Flat Bottom on 1
	Aspirating 250.0 uL from A4 of NEST 12 Well Reservoir 15 mL on 4 at 94.0 uL/sec
	Dispensing 250.0 uL into A11 of SPL Cell Culture Plate 96 Well Flat Bottom on 1 at 94.0 uL/sec
Transferring 250.0 from A4 of NEST 12 Well Reservoir 15 mL on 4 to A12 of SPL Cell Culture Plate 96 Well Flat Bottom on 1
	Aspirating 250.0 uL from A4 of NEST 12 Well Reservoir 15 mL on 4 at 94.0 uL/sec
	Dispensing 250.0 uL into A12 of SPL Cell Culture Plate 96 Well Flat Bottom on 1 at 94.0 uL/sec
Dropping tip into A1 of Opentrons Fixed Trash on 12
Caught exception: {'message': 'Task was destroyed but it is pending!', 'task': <Task pending name='Task-4' coro=<Poller._poll_forever() running at /Users/dp/Desktop/project/github/opentrons/venv/lib/python3.10/site-packages/opentrons/hardware_control/poller.py:80> wait_for=<Future pending cb=[Task.task_wakeup()]>>}
Caught exception: {'message': 'Task was destroyed but it is pending!', 'task': <Task pending name='Task-3' coro=<Poller._poll_forever() running at /Users/dp/Desktop/project/github/opentrons/venv/lib/python3.10/site-packages/opentrons/hardware_control/poller.py:80> wait_for=<Future pending cb=[Task.task_wakeup()]>>}
Caught exception: {'message': 'Task was destroyed but it is pending!', 'task': <Task pending name='Task-2' coro=<Poller._poll_forever() running at /Users/dp/Desktop/project/github/opentrons/venv/lib/python3.10/site-packages/opentrons/hardware_control/poller.py:80> wait_for=<Future pending cb=[Task.task_wakeup()]>>}
