/Users/dp/Desktop/project/github/opentrons/venv/lib/python3.10/site-packages/opentrons/hardware_control/simulator_setup.py:205: UserWarning: Simulator configuration does not name a machine, defaulting to OT-2 Standard
  warn(
/Users/dp/.opentrons/robot_settings.json not found. Loading defaults
Deck calibration not found.
/Users/dp/.opentrons/deck_calibration.json not found. Loading defaults
Adding 50uL of beads to wells...
Picking up tip from A1 of Opentrons OT-2 96 Filter Tip Rack 200 µL on 7
Mixing 3 times with a volume of 100.0 ul
	Aspirating 100.0 uL from A1 of NEST 12 Well Reservoir 15 mL on 3 at 94.0 uL/sec
	Dispensing 100.0 uL into A1 of NEST 12 Well Reservoir 15 mL on 3 at 94.0 uL/sec
	Aspirating 100.0 uL from A1 of NEST 12 Well Reservoir 15 mL on 3 at 94.0 uL/sec
	Dispensing 100.0 uL into A1 of NEST 12 Well Reservoir 15 mL on 3 at 94.0 uL/sec
	Aspirating 100.0 uL from A1 of NEST 12 Well Reservoir 15 mL on 3 at 94.0 uL/sec
	Dispensing 100.0 uL into A1 of NEST 12 Well Reservoir 15 mL on 3 at 94.0 uL/sec
Aspirating 50.0 uL from A1 of NEST 12 Well Reservoir 15 mL on 3 at 65.8 uL/sec
Delaying for 0 minutes and 2.0 seconds
Moving to A1 of NEST 12 Well Reservoir 15 mL on 3
Air gap
	Aspirating 20.0 uL from A1 of NEST 12 Well Reservoir 15 mL on 3 at 94.0 uL/sec
Dispensing 70.0 uL into A1 of SPL Cell Culture Plate 96 Well Flat Bottom on 4 at 65.8 uL/sec
Delaying for 0 minutes and 1.0 seconds
Blowing out at A1 of SPL Cell Culture Plate 96 Well Flat Bottom on 4
Mixing 3 times with a volume of 100.0 ul
	Aspirating 100.0 uL from A1 of NEST 12 Well Reservoir 15 mL on 3 at 94.0 uL/sec
	Dispensing 100.0 uL into A1 of NEST 12 Well Reservoir 15 mL on 3 at 94.0 uL/sec
	Aspirating 100.0 uL from A1 of NEST 12 Well Reservoir 15 mL on 3 at 94.0 uL/sec
	Dispensing 100.0 uL into A1 of NEST 12 Well Reservoir 15 mL on 3 at 94.0 uL/sec
	Aspirating 100.0 uL from A1 of NEST 12 Well Reservoir 15 mL on 3 at 94.0 uL/sec
	Dispensing 100.0 uL into A1 of NEST 12 Well Reservoir 15 mL on 3 at 94.0 uL/sec
Aspirating 50.0 uL from A1 of NEST 12 Well Reservoir 15 mL on 3 at 65.8 uL/sec
Delaying for 0 minutes and 2.0 seconds
Moving to A1 of NEST 12 Well Reservoir 15 mL on 3
Air gap
	Aspirating 20.0 uL from A1 of NEST 12 Well Reservoir 15 mL on 3 at 94.0 uL/sec
Dispensing 70.0 uL into A2 of SPL Cell Culture Plate 96 Well Flat Bottom on 4 at 65.8 uL/sec
Delaying for 0 minutes and 1.0 seconds
Blowing out at A2 of SPL Cell Culture Plate 96 Well Flat Bottom on 4
Mixing 3 times with a volume of 100.0 ul
	Aspirating 100.0 uL from A1 of NEST 12 Well Reservoir 15 mL on 3 at 94.0 uL/sec
	Dispensing 100.0 uL into A1 of NEST 12 Well Reservoir 15 mL on 3 at 94.0 uL/sec
	Aspirating 100.0 uL from A1 of NEST 12 Well Reservoir 15 mL on 3 at 94.0 uL/sec
	Dispensing 100.0 uL into A1 of NEST 12 Well Reservoir 15 mL on 3 at 94.0 uL/sec
	Aspirating 100.0 uL from A1 of NEST 12 Well Reservoir 15 mL on 3 at 94.0 uL/sec
	Dispensing 100.0 uL into A1 of NEST 12 Well Reservoir 15 mL on 3 at 94.0 uL/sec
Aspirating 50.0 uL from A1 of NEST 12 Well Reservoir 15 mL on 3 at 65.8 uL/sec
Delaying for 0 minutes and 2.0 seconds
Moving to A1 of NEST 12 Well Reservoir 15 mL on 3
Air gap
	Aspirating 20.0 uL from A1 of NEST 12 Well Reservoir 15 mL on 3 at 94.0 uL/sec
Dispensing 70.0 uL into A3 of SPL Cell Culture Plate 96 Well Flat Bottom on 4 at 65.8 uL/sec
Delaying for 0 minutes and 1.0 seconds
Blowing out at A3 of SPL Cell Culture Plate 96 Well Flat Bottom on 4
Mixing 3 times with a volume of 100.0 ul
	Aspirating 100.0 uL from A1 of NEST 12 Well Reservoir 15 mL on 3 at 94.0 uL/sec
	Dispensing 100.0 uL into A1 of NEST 12 Well Reservoir 15 mL on 3 at 94.0 uL/sec
	Aspirating 100.0 uL from A1 of NEST 12 Well Reservoir 15 mL on 3 at 94.0 uL/sec
	Dispensing 100.0 uL into A1 of NEST 12 Well Reservoir 15 mL on 3 at 94.0 uL/sec
	Aspirating 100.0 uL from A1 of NEST 12 Well Reservoir 15 mL on 3 at 94.0 uL/sec
	Dispensing 100.0 uL into A1 of NEST 12 Well Reservoir 15 mL on 3 at 94.0 uL/sec
Aspirating 50.0 uL from A1 of NEST 12 Well Reservoir 15 mL on 3 at 65.8 uL/sec
Delaying for 0 minutes and 2.0 seconds
Moving to A1 of NEST 12 Well Reservoir 15 mL on 3
Air gap
	Aspirating 20.0 uL from A1 of NEST 12 Well Reservoir 15 mL on 3 at 94.0 uL/sec
Dispensing 70.0 uL into A4 of SPL Cell Culture Plate 96 Well Flat Bottom on 4 at 65.8 uL/sec
Delaying for 0 minutes and 1.0 seconds
Blowing out at A4 of SPL Cell Culture Plate 96 Well Flat Bottom on 4
Mixing 3 times with a volume of 100.0 ul
	Aspirating 100.0 uL from A1 of NEST 12 Well Reservoir 15 mL on 3 at 94.0 uL/sec
	Dispensing 100.0 uL into A1 of NEST 12 Well Reservoir 15 mL on 3 at 94.0 uL/sec
	Aspirating 100.0 uL from A1 of NEST 12 Well Reservoir 15 mL on 3 at 94.0 uL/sec
	Dispensing 100.0 uL into A1 of NEST 12 Well Reservoir 15 mL on 3 at 94.0 uL/sec
	Aspirating 100.0 uL from A1 of NEST 12 Well Reservoir 15 mL on 3 at 94.0 uL/sec
	Dispensing 100.0 uL into A1 of NEST 12 Well Reservoir 15 mL on 3 at 94.0 uL/sec
Aspirating 50.0 uL from A1 of NEST 12 Well Reservoir 15 mL on 3 at 65.8 uL/sec
Delaying for 0 minutes and 2.0 seconds
Moving to A1 of NEST 12 Well Reservoir 15 mL on 3
Air gap
	Aspirating 20.0 uL from A1 of NEST 12 Well Reservoir 15 mL on 3 at 94.0 uL/sec
Dispensing 70.0 uL into A5 of SPL Cell Culture Plate 96 Well Flat Bottom on 4 at 65.8 uL/sec
Delaying for 0 minutes and 1.0 seconds
Blowing out at A5 of SPL Cell Culture Plate 96 Well Flat Bottom on 4
Mixing 3 times with a volume of 100.0 ul
	Aspirating 100.0 uL from A1 of NEST 12 Well Reservoir 15 mL on 3 at 94.0 uL/sec
	Dispensing 100.0 uL into A1 of NEST 12 Well Reservoir 15 mL on 3 at 94.0 uL/sec
	Aspirating 100.0 uL from A1 of NEST 12 Well Reservoir 15 mL on 3 at 94.0 uL/sec
	Dispensing 100.0 uL into A1 of NEST 12 Well Reservoir 15 mL on 3 at 94.0 uL/sec
	Aspirating 100.0 uL from A1 of NEST 12 Well Reservoir 15 mL on 3 at 94.0 uL/sec
	Dispensing 100.0 uL into A1 of NEST 12 Well Reservoir 15 mL on 3 at 94.0 uL/sec
Aspirating 50.0 uL from A1 of NEST 12 Well Reservoir 15 mL on 3 at 65.8 uL/sec
Delaying for 0 minutes and 2.0 seconds
Moving to A1 of NEST 12 Well Reservoir 15 mL on 3
Air gap
	Aspirating 20.0 uL from A1 of NEST 12 Well Reservoir 15 mL on 3 at 94.0 uL/sec
Dispensing 70.0 uL into A6 of SPL Cell Culture Plate 96 Well Flat Bottom on 4 at 65.8 uL/sec
Delaying for 0 minutes and 1.0 seconds
Blowing out at A6 of SPL Cell Culture Plate 96 Well Flat Bottom on 4
Mixing 3 times with a volume of 100.0 ul
	Aspirating 100.0 uL from A1 of NEST 12 Well Reservoir 15 mL on 3 at 94.0 uL/sec
	Dispensing 100.0 uL into A1 of NEST 12 Well Reservoir 15 mL on 3 at 94.0 uL/sec
	Aspirating 100.0 uL from A1 of NEST 12 Well Reservoir 15 mL on 3 at 94.0 uL/sec
	Dispensing 100.0 uL into A1 of NEST 12 Well Reservoir 15 mL on 3 at 94.0 uL/sec
	Aspirating 100.0 uL from A1 of NEST 12 Well Reservoir 15 mL on 3 at 94.0 uL/sec
	Dispensing 100.0 uL into A1 of NEST 12 Well Reservoir 15 mL on 3 at 94.0 uL/sec
Aspirating 50.0 uL from A1 of NEST 12 Well Reservoir 15 mL on 3 at 65.8 uL/sec
Delaying for 0 minutes and 2.0 seconds
Moving to A1 of NEST 12 Well Reservoir 15 mL on 3
Air gap
	Aspirating 20.0 uL from A1 of NEST 12 Well Reservoir 15 mL on 3 at 94.0 uL/sec
Dispensing 70.0 uL into A7 of SPL Cell Culture Plate 96 Well Flat Bottom on 4 at 65.8 uL/sec
Delaying for 0 minutes and 1.0 seconds
Blowing out at A7 of SPL Cell Culture Plate 96 Well Flat Bottom on 4
Mixing 3 times with a volume of 100.0 ul
	Aspirating 100.0 uL from A1 of NEST 12 Well Reservoir 15 mL on 3 at 94.0 uL/sec
	Dispensing 100.0 uL into A1 of NEST 12 Well Reservoir 15 mL on 3 at 94.0 uL/sec
	Aspirating 100.0 uL from A1 of NEST 12 Well Reservoir 15 mL on 3 at 94.0 uL/sec
	Dispensing 100.0 uL into A1 of NEST 12 Well Reservoir 15 mL on 3 at 94.0 uL/sec
	Aspirating 100.0 uL from A1 of NEST 12 Well Reservoir 15 mL on 3 at 94.0 uL/sec
	Dispensing 100.0 uL into A1 of NEST 12 Well Reservoir 15 mL on 3 at 94.0 uL/sec
Aspirating 50.0 uL from A1 of NEST 12 Well Reservoir 15 mL on 3 at 65.8 uL/sec
Delaying for 0 minutes and 2.0 seconds
Moving to A1 of NEST 12 Well Reservoir 15 mL on 3
Air gap
	Aspirating 20.0 uL from A1 of NEST 12 Well Reservoir 15 mL on 3 at 94.0 uL/sec
Dispensing 70.0 uL into A8 of SPL Cell Culture Plate 96 Well Flat Bottom on 4 at 65.8 uL/sec
Delaying for 0 minutes and 1.0 seconds
Blowing out at A8 of SPL Cell Culture Plate 96 Well Flat Bottom on 4
Mixing 3 times with a volume of 100.0 ul
	Aspirating 100.0 uL from A1 of NEST 12 Well Reservoir 15 mL on 3 at 94.0 uL/sec
	Dispensing 100.0 uL into A1 of NEST 12 Well Reservoir 15 mL on 3 at 94.0 uL/sec
	Aspirating 100.0 uL from A1 of NEST 12 Well Reservoir 15 mL on 3 at 94.0 uL/sec
	Dispensing 100.0 uL into A1 of NEST 12 Well Reservoir 15 mL on 3 at 94.0 uL/sec
	Aspirating 100.0 uL from A1 of NEST 12 Well Reservoir 15 mL on 3 at 94.0 uL/sec
	Dispensing 100.0 uL into A1 of NEST 12 Well Reservoir 15 mL on 3 at 94.0 uL/sec
Aspirating 50.0 uL from A1 of NEST 12 Well Reservoir 15 mL on 3 at 65.8 uL/sec
Delaying for 0 minutes and 2.0 seconds
Moving to A1 of NEST 12 Well Reservoir 15 mL on 3
Air gap
	Aspirating 20.0 uL from A1 of NEST 12 Well Reservoir 15 mL on 3 at 94.0 uL/sec
Dispensing 70.0 uL into A9 of SPL Cell Culture Plate 96 Well Flat Bottom on 4 at 65.8 uL/sec
Delaying for 0 minutes and 1.0 seconds
Blowing out at A9 of SPL Cell Culture Plate 96 Well Flat Bottom on 4
Mixing 3 times with a volume of 100.0 ul
	Aspirating 100.0 uL from A1 of NEST 12 Well Reservoir 15 mL on 3 at 94.0 uL/sec
	Dispensing 100.0 uL into A1 of NEST 12 Well Reservoir 15 mL on 3 at 94.0 uL/sec
	Aspirating 100.0 uL from A1 of NEST 12 Well Reservoir 15 mL on 3 at 94.0 uL/sec
	Dispensing 100.0 uL into A1 of NEST 12 Well Reservoir 15 mL on 3 at 94.0 uL/sec
	Aspirating 100.0 uL from A1 of NEST 12 Well Reservoir 15 mL on 3 at 94.0 uL/sec
	Dispensing 100.0 uL into A1 of NEST 12 Well Reservoir 15 mL on 3 at 94.0 uL/sec
Aspirating 50.0 uL from A1 of NEST 12 Well Reservoir 15 mL on 3 at 65.8 uL/sec
Delaying for 0 minutes and 2.0 seconds
Moving to A1 of NEST 12 Well Reservoir 15 mL on 3
Air gap
	Aspirating 20.0 uL from A1 of NEST 12 Well Reservoir 15 mL on 3 at 94.0 uL/sec
Dispensing 70.0 uL into A10 of SPL Cell Culture Plate 96 Well Flat Bottom on 4 at 65.8 uL/sec
Delaying for 0 minutes and 1.0 seconds
Blowing out at A10 of SPL Cell Culture Plate 96 Well Flat Bottom on 4
Mixing 3 times with a volume of 100.0 ul
	Aspirating 100.0 uL from A1 of NEST 12 Well Reservoir 15 mL on 3 at 94.0 uL/sec
	Dispensing 100.0 uL into A1 of NEST 12 Well Reservoir 15 mL on 3 at 94.0 uL/sec
	Aspirating 100.0 uL from A1 of NEST 12 Well Reservoir 15 mL on 3 at 94.0 uL/sec
	Dispensing 100.0 uL into A1 of NEST 12 Well Reservoir 15 mL on 3 at 94.0 uL/sec
	Aspirating 100.0 uL from A1 of NEST 12 Well Reservoir 15 mL on 3 at 94.0 uL/sec
	Dispensing 100.0 uL into A1 of NEST 12 Well Reservoir 15 mL on 3 at 94.0 uL/sec
Aspirating 50.0 uL from A1 of NEST 12 Well Reservoir 15 mL on 3 at 65.8 uL/sec
Delaying for 0 minutes and 2.0 seconds
Moving to A1 of NEST 12 Well Reservoir 15 mL on 3
Air gap
	Aspirating 20.0 uL from A1 of NEST 12 Well Reservoir 15 mL on 3 at 94.0 uL/sec
Dispensing 70.0 uL into A11 of SPL Cell Culture Plate 96 Well Flat Bottom on 4 at 65.8 uL/sec
Delaying for 0 minutes and 1.0 seconds
Blowing out at A11 of SPL Cell Culture Plate 96 Well Flat Bottom on 4
Mixing 3 times with a volume of 100.0 ul
	Aspirating 100.0 uL from A1 of NEST 12 Well Reservoir 15 mL on 3 at 94.0 uL/sec
	Dispensing 100.0 uL into A1 of NEST 12 Well Reservoir 15 mL on 3 at 94.0 uL/sec
	Aspirating 100.0 uL from A1 of NEST 12 Well Reservoir 15 mL on 3 at 94.0 uL/sec
	Dispensing 100.0 uL into A1 of NEST 12 Well Reservoir 15 mL on 3 at 94.0 uL/sec
	Aspirating 100.0 uL from A1 of NEST 12 Well Reservoir 15 mL on 3 at 94.0 uL/sec
	Dispensing 100.0 uL into A1 of NEST 12 Well Reservoir 15 mL on 3 at 94.0 uL/sec
Aspirating 50.0 uL from A1 of NEST 12 Well Reservoir 15 mL on 3 at 65.8 uL/sec
Delaying for 0 minutes and 2.0 seconds
Moving to A1 of NEST 12 Well Reservoir 15 mL on 3
Air gap
	Aspirating 20.0 uL from A1 of NEST 12 Well Reservoir 15 mL on 3 at 94.0 uL/sec
Dispensing 70.0 uL into A12 of SPL Cell Culture Plate 96 Well Flat Bottom on 4 at 65.8 uL/sec
Delaying for 0 minutes and 1.0 seconds
Blowing out at A12 of SPL Cell Culture Plate 96 Well Flat Bottom on 4
Dropping tip into A1 of Opentrons Fixed Trash on 12
Delaying for 0 minutes and 1.0 seconds
Delaying for 0 minutes and 1.0 seconds
Delaying for 0 minutes and 1.0 seconds
Delaying for 0 minutes and 1.0 seconds
Delaying for 0 minutes and 1.0 seconds
Delaying for 0 minutes and 1.0 seconds
Pausing robot operation: 
    Please remove plate and incubate on magnet for 2 minutes.
    Once complete, please replace plate on deck and click RESUME
    
Picking up tip from A2 of Opentrons OT-2 96 Filter Tip Rack 200 µL on 7
Aspirating 30.0 uL from A2 of NEST 12 Well Reservoir 15 mL on 3 at 94.0 uL/sec
Aspirating 150.0 uL from A2 of NEST 12 Well Reservoir 15 mL on 3 at 94.0 uL/sec
Delaying for 0 minutes and 1.0 seconds
Moving to A2 of NEST 12 Well Reservoir 15 mL on 3
Air gap
	Aspirating 20.0 uL from A2 of NEST 12 Well Reservoir 15 mL on 3 at 94.0 uL/sec
Dispensing 200.0 uL into A1 of SPL Cell Culture Plate 96 Well Flat Bottom on 4 at 94.0 uL/sec
Blowing out at A1 of SPL Cell Culture Plate 96 Well Flat Bottom on 4
Delaying for 0 minutes and 1.0 seconds
Aspirating 30.0 uL from A2 of NEST 12 Well Reservoir 15 mL on 3 at 94.0 uL/sec
Aspirating 150.0 uL from A2 of NEST 12 Well Reservoir 15 mL on 3 at 94.0 uL/sec
Delaying for 0 minutes and 1.0 seconds
Moving to A2 of NEST 12 Well Reservoir 15 mL on 3
Air gap
	Aspirating 20.0 uL from A2 of NEST 12 Well Reservoir 15 mL on 3 at 94.0 uL/sec
Dispensing 200.0 uL into A2 of SPL Cell Culture Plate 96 Well Flat Bottom on 4 at 94.0 uL/sec
Blowing out at A2 of SPL Cell Culture Plate 96 Well Flat Bottom on 4
Delaying for 0 minutes and 1.0 seconds
Aspirating 30.0 uL from A2 of NEST 12 Well Reservoir 15 mL on 3 at 94.0 uL/sec
Aspirating 150.0 uL from A2 of NEST 12 Well Reservoir 15 mL on 3 at 94.0 uL/sec
Delaying for 0 minutes and 1.0 seconds
Moving to A2 of NEST 12 Well Reservoir 15 mL on 3
Air gap
	Aspirating 20.0 uL from A2 of NEST 12 Well Reservoir 15 mL on 3 at 94.0 uL/sec
Dispensing 200.0 uL into A3 of SPL Cell Culture Plate 96 Well Flat Bottom on 4 at 94.0 uL/sec
Blowing out at A3 of SPL Cell Culture Plate 96 Well Flat Bottom on 4
Delaying for 0 minutes and 1.0 seconds
Aspirating 30.0 uL from A2 of NEST 12 Well Reservoir 15 mL on 3 at 94.0 uL/sec
Aspirating 150.0 uL from A2 of NEST 12 Well Reservoir 15 mL on 3 at 94.0 uL/sec
Delaying for 0 minutes and 1.0 seconds
Moving to A2 of NEST 12 Well Reservoir 15 mL on 3
Air gap
	Aspirating 20.0 uL from A2 of NEST 12 Well Reservoir 15 mL on 3 at 94.0 uL/sec
Dispensing 200.0 uL into A4 of SPL Cell Culture Plate 96 Well Flat Bottom on 4 at 94.0 uL/sec
Blowing out at A4 of SPL Cell Culture Plate 96 Well Flat Bottom on 4
Delaying for 0 minutes and 1.0 seconds
Aspirating 30.0 uL from A2 of NEST 12 Well Reservoir 15 mL on 3 at 94.0 uL/sec
Aspirating 150.0 uL from A2 of NEST 12 Well Reservoir 15 mL on 3 at 94.0 uL/sec
Delaying for 0 minutes and 1.0 seconds
Moving to A2 of NEST 12 Well Reservoir 15 mL on 3
Air gap
	Aspirating 20.0 uL from A2 of NEST 12 Well Reservoir 15 mL on 3 at 94.0 uL/sec
Dispensing 200.0 uL into A5 of SPL Cell Culture Plate 96 Well Flat Bottom on 4 at 94.0 uL/sec
Blowing out at A5 of SPL Cell Culture Plate 96 Well Flat Bottom on 4
Delaying for 0 minutes and 1.0 seconds
Aspirating 30.0 uL from A2 of NEST 12 Well Reservoir 15 mL on 3 at 94.0 uL/sec
Aspirating 150.0 uL from A2 of NEST 12 Well Reservoir 15 mL on 3 at 94.0 uL/sec
Delaying for 0 minutes and 1.0 seconds
Moving to A2 of NEST 12 Well Reservoir 15 mL on 3
Air gap
	Aspirating 20.0 uL from A2 of NEST 12 Well Reservoir 15 mL on 3 at 94.0 uL/sec
Dispensing 200.0 uL into A6 of SPL Cell Culture Plate 96 Well Flat Bottom on 4 at 94.0 uL/sec
Blowing out at A6 of SPL Cell Culture Plate 96 Well Flat Bottom on 4
Delaying for 0 minutes and 1.0 seconds
Aspirating 30.0 uL from A2 of NEST 12 Well Reservoir 15 mL on 3 at 94.0 uL/sec
Aspirating 150.0 uL from A2 of NEST 12 Well Reservoir 15 mL on 3 at 94.0 uL/sec
Delaying for 0 minutes and 1.0 seconds
Moving to A2 of NEST 12 Well Reservoir 15 mL on 3
Air gap
	Aspirating 20.0 uL from A2 of NEST 12 Well Reservoir 15 mL on 3 at 94.0 uL/sec
Dispensing 200.0 uL into A7 of SPL Cell Culture Plate 96 Well Flat Bottom on 4 at 94.0 uL/sec
Blowing out at A7 of SPL Cell Culture Plate 96 Well Flat Bottom on 4
Delaying for 0 minutes and 1.0 seconds
Aspirating 30.0 uL from A2 of NEST 12 Well Reservoir 15 mL on 3 at 94.0 uL/sec
Aspirating 150.0 uL from A2 of NEST 12 Well Reservoir 15 mL on 3 at 94.0 uL/sec
Delaying for 0 minutes and 1.0 seconds
Moving to A2 of NEST 12 Well Reservoir 15 mL on 3
Air gap
	Aspirating 20.0 uL from A2 of NEST 12 Well Reservoir 15 mL on 3 at 94.0 uL/sec
Dispensing 200.0 uL into A8 of SPL Cell Culture Plate 96 Well Flat Bottom on 4 at 94.0 uL/sec
Blowing out at A8 of SPL Cell Culture Plate 96 Well Flat Bottom on 4
Delaying for 0 minutes and 1.0 seconds
Aspirating 30.0 uL from A2 of NEST 12 Well Reservoir 15 mL on 3 at 94.0 uL/sec
Aspirating 150.0 uL from A2 of NEST 12 Well Reservoir 15 mL on 3 at 94.0 uL/sec
Delaying for 0 minutes and 1.0 seconds
Moving to A2 of NEST 12 Well Reservoir 15 mL on 3
Air gap
	Aspirating 20.0 uL from A2 of NEST 12 Well Reservoir 15 mL on 3 at 94.0 uL/sec
Dispensing 200.0 uL into A9 of SPL Cell Culture Plate 96 Well Flat Bottom on 4 at 94.0 uL/sec
Blowing out at A9 of SPL Cell Culture Plate 96 Well Flat Bottom on 4
Delaying for 0 minutes and 1.0 seconds
Aspirating 30.0 uL from A2 of NEST 12 Well Reservoir 15 mL on 3 at 94.0 uL/sec
Aspirating 150.0 uL from A2 of NEST 12 Well Reservoir 15 mL on 3 at 94.0 uL/sec
Delaying for 0 minutes and 1.0 seconds
Moving to A2 of NEST 12 Well Reservoir 15 mL on 3
Air gap
	Aspirating 20.0 uL from A2 of NEST 12 Well Reservoir 15 mL on 3 at 94.0 uL/sec
Dispensing 200.0 uL into A10 of SPL Cell Culture Plate 96 Well Flat Bottom on 4 at 94.0 uL/sec
Blowing out at A10 of SPL Cell Culture Plate 96 Well Flat Bottom on 4
Delaying for 0 minutes and 1.0 seconds
Aspirating 30.0 uL from A2 of NEST 12 Well Reservoir 15 mL on 3 at 94.0 uL/sec
Aspirating 150.0 uL from A2 of NEST 12 Well Reservoir 15 mL on 3 at 94.0 uL/sec
Delaying for 0 minutes and 1.0 seconds
Moving to A2 of NEST 12 Well Reservoir 15 mL on 3
Air gap
	Aspirating 20.0 uL from A2 of NEST 12 Well Reservoir 15 mL on 3 at 94.0 uL/sec
Dispensing 200.0 uL into A11 of SPL Cell Culture Plate 96 Well Flat Bottom on 4 at 94.0 uL/sec
Blowing out at A11 of SPL Cell Culture Plate 96 Well Flat Bottom on 4
Delaying for 0 minutes and 1.0 seconds
Aspirating 30.0 uL from A2 of NEST 12 Well Reservoir 15 mL on 3 at 94.0 uL/sec
Aspirating 150.0 uL from A2 of NEST 12 Well Reservoir 15 mL on 3 at 94.0 uL/sec
Delaying for 0 minutes and 1.0 seconds
Moving to A2 of NEST 12 Well Reservoir 15 mL on 3
Air gap
	Aspirating 20.0 uL from A2 of NEST 12 Well Reservoir 15 mL on 3 at 94.0 uL/sec
Dispensing 200.0 uL into A12 of SPL Cell Culture Plate 96 Well Flat Bottom on 4 at 94.0 uL/sec
Blowing out at A12 of SPL Cell Culture Plate 96 Well Flat Bottom on 4
Delaying for 0 minutes and 1.0 seconds
Dropping tip into A1 of Opentrons Fixed Trash on 12
Delaying for 0 minutes and 1.0 seconds
Delaying for 0 minutes and 1.0 seconds
Delaying for 0 minutes and 1.0 seconds
Delaying for 0 minutes and 1.0 seconds
Delaying for 0 minutes and 1.0 seconds
Delaying for 0 minutes and 1.0 seconds
Pausing robot operation: 
        Wash Buffer added. Please remove plate for off robot processing.
        When complete, please return plate to deck and click RESUME.
        
Delaying for 0 minutes and 1.0 seconds
Delaying for 0 minutes and 1.0 seconds
Delaying for 0 minutes and 1.0 seconds
Delaying for 0 minutes and 1.0 seconds
Delaying for 0 minutes and 1.0 seconds
Delaying for 0 minutes and 1.0 seconds
Pausing robot operation: 
    Please add Sample Plate and Standard Plate if not on the deck.
    When ready, click RESUME
    
Transferring 50uL of sample and standards to wells...
Picking up tip from A3 of Opentrons OT-2 96 Filter Tip Rack 200 µL on 7
Mixing 3 times with a volume of 50.0 ul
	Aspirating 50.0 uL from A1 of SPL Cell Culture Plate 96 Well Flat Bottom on 5 at 94.0 uL/sec
	Dispensing 50.0 uL into A1 of SPL Cell Culture Plate 96 Well Flat Bottom on 5 at 94.0 uL/sec
	Aspirating 50.0 uL from A1 of SPL Cell Culture Plate 96 Well Flat Bottom on 5 at 94.0 uL/sec
	Dispensing 50.0 uL into A1 of SPL Cell Culture Plate 96 Well Flat Bottom on 5 at 94.0 uL/sec
	Aspirating 50.0 uL from A1 of SPL Cell Culture Plate 96 Well Flat Bottom on 5 at 94.0 uL/sec
	Dispensing 50.0 uL into A1 of SPL Cell Culture Plate 96 Well Flat Bottom on 5 at 94.0 uL/sec
Aspirating 50.0 uL from A1 of SPL Cell Culture Plate 96 Well Flat Bottom on 5 at 65.8 uL/sec
Delaying for 0 minutes and 2.0 seconds
Moving to A1 of SPL Cell Culture Plate 96 Well Flat Bottom on 5
Air gap
	Aspirating 20.0 uL from A1 of SPL Cell Culture Plate 96 Well Flat Bottom on 5 at 94.0 uL/sec
Dispensing 70.0 uL into A1 of SPL Cell Culture Plate 96 Well Flat Bottom on 4 at 65.8 uL/sec
Delaying for 0 minutes and 1.0 seconds
Moving to A1 of SPL Cell Culture Plate 96 Well Flat Bottom on 4
Dropping tip into A1 of Opentrons Fixed Trash on 12
Picking up tip from A4 of Opentrons OT-2 96 Filter Tip Rack 200 µL on 7
Mixing 3 times with a volume of 50.0 ul
	Aspirating 50.0 uL from A2 of SPL Cell Culture Plate 96 Well Flat Bottom on 5 at 94.0 uL/sec
	Dispensing 50.0 uL into A2 of SPL Cell Culture Plate 96 Well Flat Bottom on 5 at 94.0 uL/sec
	Aspirating 50.0 uL from A2 of SPL Cell Culture Plate 96 Well Flat Bottom on 5 at 94.0 uL/sec
	Dispensing 50.0 uL into A2 of SPL Cell Culture Plate 96 Well Flat Bottom on 5 at 94.0 uL/sec
	Aspirating 50.0 uL from A2 of SPL Cell Culture Plate 96 Well Flat Bottom on 5 at 94.0 uL/sec
	Dispensing 50.0 uL into A2 of SPL Cell Culture Plate 96 Well Flat Bottom on 5 at 94.0 uL/sec
Aspirating 50.0 uL from A2 of SPL Cell Culture Plate 96 Well Flat Bottom on 5 at 65.8 uL/sec
Delaying for 0 minutes and 2.0 seconds
Moving to A2 of SPL Cell Culture Plate 96 Well Flat Bottom on 5
Air gap
	Aspirating 20.0 uL from A2 of SPL Cell Culture Plate 96 Well Flat Bottom on 5 at 94.0 uL/sec
Dispensing 70.0 uL into A2 of SPL Cell Culture Plate 96 Well Flat Bottom on 4 at 65.8 uL/sec
Delaying for 0 minutes and 1.0 seconds
Moving to A2 of SPL Cell Culture Plate 96 Well Flat Bottom on 4
Dropping tip into A1 of Opentrons Fixed Trash on 12
Picking up tip from A5 of Opentrons OT-2 96 Filter Tip Rack 200 µL on 7
Mixing 3 times with a volume of 50.0 ul
	Aspirating 50.0 uL from A3 of SPL Cell Culture Plate 96 Well Flat Bottom on 5 at 94.0 uL/sec
	Dispensing 50.0 uL into A3 of SPL Cell Culture Plate 96 Well Flat Bottom on 5 at 94.0 uL/sec
	Aspirating 50.0 uL from A3 of SPL Cell Culture Plate 96 Well Flat Bottom on 5 at 94.0 uL/sec
	Dispensing 50.0 uL into A3 of SPL Cell Culture Plate 96 Well Flat Bottom on 5 at 94.0 uL/sec
	Aspirating 50.0 uL from A3 of SPL Cell Culture Plate 96 Well Flat Bottom on 5 at 94.0 uL/sec
	Dispensing 50.0 uL into A3 of SPL Cell Culture Plate 96 Well Flat Bottom on 5 at 94.0 uL/sec
Aspirating 50.0 uL from A3 of SPL Cell Culture Plate 96 Well Flat Bottom on 5 at 65.8 uL/sec
Delaying for 0 minutes and 2.0 seconds
Moving to A3 of SPL Cell Culture Plate 96 Well Flat Bottom on 5
Air gap
	Aspirating 20.0 uL from A3 of SPL Cell Culture Plate 96 Well Flat Bottom on 5 at 94.0 uL/sec
Dispensing 70.0 uL into A3 of SPL Cell Culture Plate 96 Well Flat Bottom on 4 at 65.8 uL/sec
Delaying for 0 minutes and 1.0 seconds
Moving to A3 of SPL Cell Culture Plate 96 Well Flat Bottom on 4
Dropping tip into A1 of Opentrons Fixed Trash on 12
Picking up tip from A6 of Opentrons OT-2 96 Filter Tip Rack 200 µL on 7
Mixing 3 times with a volume of 50.0 ul
	Aspirating 50.0 uL from A4 of SPL Cell Culture Plate 96 Well Flat Bottom on 5 at 94.0 uL/sec
	Dispensing 50.0 uL into A4 of SPL Cell Culture Plate 96 Well Flat Bottom on 5 at 94.0 uL/sec
	Aspirating 50.0 uL from A4 of SPL Cell Culture Plate 96 Well Flat Bottom on 5 at 94.0 uL/sec
	Dispensing 50.0 uL into A4 of SPL Cell Culture Plate 96 Well Flat Bottom on 5 at 94.0 uL/sec
	Aspirating 50.0 uL from A4 of SPL Cell Culture Plate 96 Well Flat Bottom on 5 at 94.0 uL/sec
	Dispensing 50.0 uL into A4 of SPL Cell Culture Plate 96 Well Flat Bottom on 5 at 94.0 uL/sec
Aspirating 50.0 uL from A4 of SPL Cell Culture Plate 96 Well Flat Bottom on 5 at 65.8 uL/sec
Delaying for 0 minutes and 2.0 seconds
Moving to A4 of SPL Cell Culture Plate 96 Well Flat Bottom on 5
Air gap
	Aspirating 20.0 uL from A4 of SPL Cell Culture Plate 96 Well Flat Bottom on 5 at 94.0 uL/sec
Dispensing 70.0 uL into A4 of SPL Cell Culture Plate 96 Well Flat Bottom on 4 at 65.8 uL/sec
Delaying for 0 minutes and 1.0 seconds
Moving to A4 of SPL Cell Culture Plate 96 Well Flat Bottom on 4
Dropping tip into A1 of Opentrons Fixed Trash on 12
Picking up tip from A7 of Opentrons OT-2 96 Filter Tip Rack 200 µL on 7
Mixing 3 times with a volume of 50.0 ul
	Aspirating 50.0 uL from A5 of SPL Cell Culture Plate 96 Well Flat Bottom on 5 at 94.0 uL/sec
	Dispensing 50.0 uL into A5 of SPL Cell Culture Plate 96 Well Flat Bottom on 5 at 94.0 uL/sec
	Aspirating 50.0 uL from A5 of SPL Cell Culture Plate 96 Well Flat Bottom on 5 at 94.0 uL/sec
	Dispensing 50.0 uL into A5 of SPL Cell Culture Plate 96 Well Flat Bottom on 5 at 94.0 uL/sec
	Aspirating 50.0 uL from A5 of SPL Cell Culture Plate 96 Well Flat Bottom on 5 at 94.0 uL/sec
	Dispensing 50.0 uL into A5 of SPL Cell Culture Plate 96 Well Flat Bottom on 5 at 94.0 uL/sec
Aspirating 50.0 uL from A5 of SPL Cell Culture Plate 96 Well Flat Bottom on 5 at 65.8 uL/sec
Delaying for 0 minutes and 2.0 seconds
Moving to A5 of SPL Cell Culture Plate 96 Well Flat Bottom on 5
Air gap
	Aspirating 20.0 uL from A5 of SPL Cell Culture Plate 96 Well Flat Bottom on 5 at 94.0 uL/sec
Dispensing 70.0 uL into A5 of SPL Cell Culture Plate 96 Well Flat Bottom on 4 at 65.8 uL/sec
Delaying for 0 minutes and 1.0 seconds
Moving to A5 of SPL Cell Culture Plate 96 Well Flat Bottom on 4
Dropping tip into A1 of Opentrons Fixed Trash on 12
Picking up tip from A8 of Opentrons OT-2 96 Filter Tip Rack 200 µL on 7
Mixing 3 times with a volume of 50.0 ul
	Aspirating 50.0 uL from A6 of SPL Cell Culture Plate 96 Well Flat Bottom on 5 at 94.0 uL/sec
	Dispensing 50.0 uL into A6 of SPL Cell Culture Plate 96 Well Flat Bottom on 5 at 94.0 uL/sec
	Aspirating 50.0 uL from A6 of SPL Cell Culture Plate 96 Well Flat Bottom on 5 at 94.0 uL/sec
	Dispensing 50.0 uL into A6 of SPL Cell Culture Plate 96 Well Flat Bottom on 5 at 94.0 uL/sec
	Aspirating 50.0 uL from A6 of SPL Cell Culture Plate 96 Well Flat Bottom on 5 at 94.0 uL/sec
	Dispensing 50.0 uL into A6 of SPL Cell Culture Plate 96 Well Flat Bottom on 5 at 94.0 uL/sec
Aspirating 50.0 uL from A6 of SPL Cell Culture Plate 96 Well Flat Bottom on 5 at 65.8 uL/sec
Delaying for 0 minutes and 2.0 seconds
Moving to A6 of SPL Cell Culture Plate 96 Well Flat Bottom on 5
Air gap
	Aspirating 20.0 uL from A6 of SPL Cell Culture Plate 96 Well Flat Bottom on 5 at 94.0 uL/sec
Dispensing 70.0 uL into A6 of SPL Cell Culture Plate 96 Well Flat Bottom on 4 at 65.8 uL/sec
Delaying for 0 minutes and 1.0 seconds
Moving to A6 of SPL Cell Culture Plate 96 Well Flat Bottom on 4
Dropping tip into A1 of Opentrons Fixed Trash on 12
Picking up tip from A9 of Opentrons OT-2 96 Filter Tip Rack 200 µL on 7
Mixing 3 times with a volume of 50.0 ul
	Aspirating 50.0 uL from A7 of SPL Cell Culture Plate 96 Well Flat Bottom on 5 at 94.0 uL/sec
	Dispensing 50.0 uL into A7 of SPL Cell Culture Plate 96 Well Flat Bottom on 5 at 94.0 uL/sec
	Aspirating 50.0 uL from A7 of SPL Cell Culture Plate 96 Well Flat Bottom on 5 at 94.0 uL/sec
	Dispensing 50.0 uL into A7 of SPL Cell Culture Plate 96 Well Flat Bottom on 5 at 94.0 uL/sec
	Aspirating 50.0 uL from A7 of SPL Cell Culture Plate 96 Well Flat Bottom on 5 at 94.0 uL/sec
	Dispensing 50.0 uL into A7 of SPL Cell Culture Plate 96 Well Flat Bottom on 5 at 94.0 uL/sec
Aspirating 50.0 uL from A7 of SPL Cell Culture Plate 96 Well Flat Bottom on 5 at 65.8 uL/sec
Delaying for 0 minutes and 2.0 seconds
Moving to A7 of SPL Cell Culture Plate 96 Well Flat Bottom on 5
Air gap
	Aspirating 20.0 uL from A7 of SPL Cell Culture Plate 96 Well Flat Bottom on 5 at 94.0 uL/sec
Dispensing 70.0 uL into A7 of SPL Cell Culture Plate 96 Well Flat Bottom on 4 at 65.8 uL/sec
Delaying for 0 minutes and 1.0 seconds
Moving to A7 of SPL Cell Culture Plate 96 Well Flat Bottom on 4
Dropping tip into A1 of Opentrons Fixed Trash on 12
Picking up tip from A10 of Opentrons OT-2 96 Filter Tip Rack 200 µL on 7
Mixing 3 times with a volume of 50.0 ul
	Aspirating 50.0 uL from A8 of SPL Cell Culture Plate 96 Well Flat Bottom on 5 at 94.0 uL/sec
	Dispensing 50.0 uL into A8 of SPL Cell Culture Plate 96 Well Flat Bottom on 5 at 94.0 uL/sec
	Aspirating 50.0 uL from A8 of SPL Cell Culture Plate 96 Well Flat Bottom on 5 at 94.0 uL/sec
	Dispensing 50.0 uL into A8 of SPL Cell Culture Plate 96 Well Flat Bottom on 5 at 94.0 uL/sec
	Aspirating 50.0 uL from A8 of SPL Cell Culture Plate 96 Well Flat Bottom on 5 at 94.0 uL/sec
	Dispensing 50.0 uL into A8 of SPL Cell Culture Plate 96 Well Flat Bottom on 5 at 94.0 uL/sec
Aspirating 50.0 uL from A8 of SPL Cell Culture Plate 96 Well Flat Bottom on 5 at 65.8 uL/sec
Delaying for 0 minutes and 2.0 seconds
Moving to A8 of SPL Cell Culture Plate 96 Well Flat Bottom on 5
Air gap
	Aspirating 20.0 uL from A8 of SPL Cell Culture Plate 96 Well Flat Bottom on 5 at 94.0 uL/sec
Dispensing 70.0 uL into A8 of SPL Cell Culture Plate 96 Well Flat Bottom on 4 at 65.8 uL/sec
Delaying for 0 minutes and 1.0 seconds
Moving to A8 of SPL Cell Culture Plate 96 Well Flat Bottom on 4
Dropping tip into A1 of Opentrons Fixed Trash on 12
Picking up tip from A11 of Opentrons OT-2 96 Filter Tip Rack 200 µL on 7
Mixing 3 times with a volume of 50.0 ul
	Aspirating 50.0 uL from A9 of SPL Cell Culture Plate 96 Well Flat Bottom on 5 at 94.0 uL/sec
	Dispensing 50.0 uL into A9 of SPL Cell Culture Plate 96 Well Flat Bottom on 5 at 94.0 uL/sec
	Aspirating 50.0 uL from A9 of SPL Cell Culture Plate 96 Well Flat Bottom on 5 at 94.0 uL/sec
	Dispensing 50.0 uL into A9 of SPL Cell Culture Plate 96 Well Flat Bottom on 5 at 94.0 uL/sec
	Aspirating 50.0 uL from A9 of SPL Cell Culture Plate 96 Well Flat Bottom on 5 at 94.0 uL/sec
	Dispensing 50.0 uL into A9 of SPL Cell Culture Plate 96 Well Flat Bottom on 5 at 94.0 uL/sec
Aspirating 50.0 uL from A9 of SPL Cell Culture Plate 96 Well Flat Bottom on 5 at 65.8 uL/sec
Delaying for 0 minutes and 2.0 seconds
Moving to A9 of SPL Cell Culture Plate 96 Well Flat Bottom on 5
Air gap
	Aspirating 20.0 uL from A9 of SPL Cell Culture Plate 96 Well Flat Bottom on 5 at 94.0 uL/sec
Dispensing 70.0 uL into A9 of SPL Cell Culture Plate 96 Well Flat Bottom on 4 at 65.8 uL/sec
Delaying for 0 minutes and 1.0 seconds
Moving to A9 of SPL Cell Culture Plate 96 Well Flat Bottom on 4
Dropping tip into A1 of Opentrons Fixed Trash on 12
Picking up tip from A12 of Opentrons OT-2 96 Filter Tip Rack 200 µL on 7
Mixing 3 times with a volume of 50.0 ul
	Aspirating 50.0 uL from A10 of SPL Cell Culture Plate 96 Well Flat Bottom on 5 at 94.0 uL/sec
	Dispensing 50.0 uL into A10 of SPL Cell Culture Plate 96 Well Flat Bottom on 5 at 94.0 uL/sec
	Aspirating 50.0 uL from A10 of SPL Cell Culture Plate 96 Well Flat Bottom on 5 at 94.0 uL/sec
	Dispensing 50.0 uL into A10 of SPL Cell Culture Plate 96 Well Flat Bottom on 5 at 94.0 uL/sec
	Aspirating 50.0 uL from A10 of SPL Cell Culture Plate 96 Well Flat Bottom on 5 at 94.0 uL/sec
	Dispensing 50.0 uL into A10 of SPL Cell Culture Plate 96 Well Flat Bottom on 5 at 94.0 uL/sec
Aspirating 50.0 uL from A10 of SPL Cell Culture Plate 96 Well Flat Bottom on 5 at 65.8 uL/sec
Delaying for 0 minutes and 2.0 seconds
Moving to A10 of SPL Cell Culture Plate 96 Well Flat Bottom on 5
Air gap
	Aspirating 20.0 uL from A10 of SPL Cell Culture Plate 96 Well Flat Bottom on 5 at 94.0 uL/sec
Dispensing 70.0 uL into A10 of SPL Cell Culture Plate 96 Well Flat Bottom on 4 at 65.8 uL/sec
Delaying for 0 minutes and 1.0 seconds
Moving to A10 of SPL Cell Culture Plate 96 Well Flat Bottom on 4
Dropping tip into A1 of Opentrons Fixed Trash on 12
Picking up tip from A1 of Opentrons OT-2 96 Filter Tip Rack 200 µL on 8
Mixing 3 times with a volume of 50.0 ul
	Aspirating 50.0 uL from A1 of SPL Cell Culture Plate 96 Well Flat Bottom on 6 at 94.0 uL/sec
	Dispensing 50.0 uL into A1 of SPL Cell Culture Plate 96 Well Flat Bottom on 6 at 94.0 uL/sec
	Aspirating 50.0 uL from A1 of SPL Cell Culture Plate 96 Well Flat Bottom on 6 at 94.0 uL/sec
	Dispensing 50.0 uL into A1 of SPL Cell Culture Plate 96 Well Flat Bottom on 6 at 94.0 uL/sec
	Aspirating 50.0 uL from A1 of SPL Cell Culture Plate 96 Well Flat Bottom on 6 at 94.0 uL/sec
	Dispensing 50.0 uL into A1 of SPL Cell Culture Plate 96 Well Flat Bottom on 6 at 94.0 uL/sec
Aspirating 50.0 uL from A1 of SPL Cell Culture Plate 96 Well Flat Bottom on 6 at 65.8 uL/sec
Delaying for 0 minutes and 2.0 seconds
Moving to A1 of SPL Cell Culture Plate 96 Well Flat Bottom on 6
Air gap
	Aspirating 20.0 uL from A1 of SPL Cell Culture Plate 96 Well Flat Bottom on 6 at 94.0 uL/sec
Dispensing 70.0 uL into A11 of SPL Cell Culture Plate 96 Well Flat Bottom on 4 at 65.8 uL/sec
Delaying for 0 minutes and 1.0 seconds
Moving to A11 of SPL Cell Culture Plate 96 Well Flat Bottom on 4
Dropping tip into A1 of Opentrons Fixed Trash on 12
Picking up tip from A2 of Opentrons OT-2 96 Filter Tip Rack 200 µL on 8
Mixing 3 times with a volume of 50.0 ul
	Aspirating 50.0 uL from A1 of SPL Cell Culture Plate 96 Well Flat Bottom on 6 at 94.0 uL/sec
	Dispensing 50.0 uL into A1 of SPL Cell Culture Plate 96 Well Flat Bottom on 6 at 94.0 uL/sec
	Aspirating 50.0 uL from A1 of SPL Cell Culture Plate 96 Well Flat Bottom on 6 at 94.0 uL/sec
	Dispensing 50.0 uL into A1 of SPL Cell Culture Plate 96 Well Flat Bottom on 6 at 94.0 uL/sec
	Aspirating 50.0 uL from A1 of SPL Cell Culture Plate 96 Well Flat Bottom on 6 at 94.0 uL/sec
	Dispensing 50.0 uL into A1 of SPL Cell Culture Plate 96 Well Flat Bottom on 6 at 94.0 uL/sec
Aspirating 50.0 uL from A1 of SPL Cell Culture Plate 96 Well Flat Bottom on 6 at 65.8 uL/sec
Delaying for 0 minutes and 2.0 seconds
Moving to A1 of SPL Cell Culture Plate 96 Well Flat Bottom on 6
Air gap
	Aspirating 20.0 uL from A1 of SPL Cell Culture Plate 96 Well Flat Bottom on 6 at 94.0 uL/sec
Dispensing 70.0 uL into A12 of SPL Cell Culture Plate 96 Well Flat Bottom on 4 at 65.8 uL/sec
Delaying for 0 minutes and 1.0 seconds
Moving to A12 of SPL Cell Culture Plate 96 Well Flat Bottom on 4
Dropping tip into A1 of Opentrons Fixed Trash on 12
Delaying for 0 minutes and 1.0 seconds
Delaying for 0 minutes and 1.0 seconds
Delaying for 0 minutes and 1.0 seconds
Delaying for 0 minutes and 1.0 seconds
Delaying for 0 minutes and 1.0 seconds
Delaying for 0 minutes and 1.0 seconds
Pausing robot operation: 
    Please remove plate and incubate for 30 minutes on rotator.
    Afterwards, please incubate overnight at 4 deg C.
    When ready to resume, begin PROTOCOL NAME PART 2
    
Caught exception: {'message': 'Task was destroyed but it is pending!', 'task': <Task pending name='Task-4' coro=<Poller._poll_forever() running at /Users/dp/Desktop/project/github/opentrons/venv/lib/python3.10/site-packages/opentrons/hardware_control/poller.py:80> wait_for=<Future pending cb=[Task.task_wakeup()]>>}
Caught exception: {'message': 'Task was destroyed but it is pending!', 'task': <Task pending name='Task-3' coro=<Poller._poll_forever() running at /Users/dp/Desktop/project/github/opentrons/venv/lib/python3.10/site-packages/opentrons/hardware_control/poller.py:80> wait_for=<Future pending cb=[Task.task_wakeup()]>>}
Caught exception: {'message': 'Task was destroyed but it is pending!', 'task': <Task pending name='Task-2' coro=<Poller._poll_forever() running at /Users/dp/Desktop/project/github/opentrons/venv/lib/python3.10/site-packages/opentrons/hardware_control/poller.py:80> wait_for=<Future pending cb=[Task.task_wakeup()]>>}
