/Users/dp/Desktop/project/github/opentrons/venv/lib/python3.10/site-packages/opentrons/hardware_control/simulator_setup.py:205: UserWarning: Simulator configuration does not name a machine, defaulting to OT-2 Standard
  warn(
/Users/dp/.opentrons/robot_settings.json not found. Loading defaults
Deck calibration not found.
/Users/dp/.opentrons/deck_calibration.json not found. Loading defaults
Transferring 4.0 from A1 of Thermo-Fast 96, Skirted PCR Plate on 1 to A2 of SPL Cell Culture Plate 96 Well Flat Bottom on 2
	Picking up tip from A1 of Opentrons OT-2 96 Tip Rack 20 µL on 4
	Mixing 3 times with a volume of 15.0 ul
		Aspirating 15.0 uL from A1 of Thermo-Fast 96, Skirted PCR Plate on 1 at 7.56 uL/sec
		Dispensing 15.0 uL into A1 of Thermo-Fast 96, Skirted PCR Plate on 1 at 7.56 uL/sec
		Aspirating 15.0 uL from A1 of Thermo-Fast 96, Skirted PCR Plate on 1 at 7.56 uL/sec
		Dispensing 15.0 uL into A1 of Thermo-Fast 96, Skirted PCR Plate on 1 at 7.56 uL/sec
		Aspirating 15.0 uL from A1 of Thermo-Fast 96, Skirted PCR Plate on 1 at 7.56 uL/sec
		Dispensing 15.0 uL into A1 of Thermo-Fast 96, Skirted PCR Plate on 1 at 7.56 uL/sec
	Aspirating 4.0 uL from A1 of Thermo-Fast 96, Skirted PCR Plate on 1 at 7.56 uL/sec
	Dispensing 4.0 uL into A2 of SPL Cell Culture Plate 96 Well Flat Bottom on 2 at 7.56 uL/sec
	Dropping tip into A1 of Opentrons Fixed Trash on 12
Picking up tip from A1 of Opentrons OT-2 96 Tip Rack 300 µL on 3
Mixing 4 times with a volume of 200.0 ul
	Aspirating 200.0 uL from A2 of SPL Cell Culture Plate 96 Well Flat Bottom on 2 at 94.0 uL/sec
	Dispensing 200.0 uL into A2 of SPL Cell Culture Plate 96 Well Flat Bottom on 2 at 94.0 uL/sec
	Aspirating 200.0 uL from A2 of SPL Cell Culture Plate 96 Well Flat Bottom on 2 at 94.0 uL/sec
	Dispensing 200.0 uL into A2 of SPL Cell Culture Plate 96 Well Flat Bottom on 2 at 94.0 uL/sec
	Aspirating 200.0 uL from A2 of SPL Cell Culture Plate 96 Well Flat Bottom on 2 at 94.0 uL/sec
	Dispensing 200.0 uL into A2 of SPL Cell Culture Plate 96 Well Flat Bottom on 2 at 94.0 uL/sec
	Aspirating 200.0 uL from A2 of SPL Cell Culture Plate 96 Well Flat Bottom on 2 at 94.0 uL/sec
	Dispensing 200.0 uL into A2 of SPL Cell Culture Plate 96 Well Flat Bottom on 2 at 94.0 uL/sec
Dropping tip into A1 of Opentrons Fixed Trash on 12
Caught exception: {'message': 'Task was destroyed but it is pending!', 'task': <Task pending name='Task-4' coro=<Poller._poll_forever() running at /Users/dp/Desktop/project/github/opentrons/venv/lib/python3.10/site-packages/opentrons/hardware_control/poller.py:80> wait_for=<Future pending cb=[Task.task_wakeup()]>>}
Caught exception: {'message': 'Task was destroyed but it is pending!', 'task': <Task pending name='Task-3' coro=<Poller._poll_forever() running at /Users/dp/Desktop/project/github/opentrons/venv/lib/python3.10/site-packages/opentrons/hardware_control/poller.py:80> wait_for=<Future pending cb=[Task.task_wakeup()]>>}
Caught exception: {'message': 'Task was destroyed but it is pending!', 'task': <Task pending name='Task-2' coro=<Poller._poll_forever() running at /Users/dp/Desktop/project/github/opentrons/venv/lib/python3.10/site-packages/opentrons/hardware_control/poller.py:80> wait_for=<Future pending cb=[Task.task_wakeup()]>>}
