/Users/dp/Desktop/project/github/opentrons/venv/lib/python3.10/site-packages/opentrons/hardware_control/simulator_setup.py:205: UserWarning: Simulator configuration does not name a machine, defaulting to OT-2 Standard
  warn(
/Users/dp/.opentrons/robot_settings.json not found. Loading defaults
Deck calibration not found.
/Users/dp/.opentrons/deck_calibration.json not found. Loading defaults
Picking up tip from A1 of Opentrons OT-2 96 Tip Rack 300 µL on 4
Aspirating 230.0 uL from A1 of Plate 1 on 1 at 92.86 uL/sec
Air Gap
Moving to A1 of Plate 1 on 1
Aspirating 10.0 uL from A1 of Plate 1 on 1 at 92.86 uL/sec
Dispensing 60.0 uL into A1 of Plate 2 on 2 at 92.86 uL/sec
Air Gap
Moving to A1 of Plate 2 on 2
Aspirating 10.0 uL from A1 of Plate 2 on 2 at 92.86 uL/sec
Dispensing 60.0 uL into A2 of Plate 2 on 2 at 92.86 uL/sec
Air Gap
Moving to A2 of Plate 2 on 2
Aspirating 10.0 uL from A2 of Plate 2 on 2 at 92.86 uL/sec
Dispensing 60.0 uL into A3 of Plate 2 on 2 at 92.86 uL/sec
Air Gap
Moving to A3 of Plate 2 on 2
Aspirating 10.0 uL from A3 of Plate 2 on 2 at 92.86 uL/sec
Dispensing 60.0 uL into A4 of Plate 2 on 2 at 92.86 uL/sec
Air Gap
Moving to A4 of Plate 2 on 2
Aspirating 10.0 uL from A4 of Plate 2 on 2 at 92.86 uL/sec
Blowout at A1 of Trash Plate on 3
Dispensing 300.0 uL into A1 of Trash Plate on 3 at 92.86 uL/sec
Aspirating 130.0 uL from A1 of Plate 1 on 1 at 92.86 uL/sec
Air Gap
Moving to A1 of Plate 1 on 1
Aspirating 10.0 uL from A1 of Plate 1 on 1 at 92.86 uL/sec
Dispensing 60.0 uL into A5 of Plate 2 on 2 at 92.86 uL/sec
Air Gap
Moving to A5 of Plate 2 on 2
Aspirating 10.0 uL from A5 of Plate 2 on 2 at 92.86 uL/sec
Dispensing 60.0 uL into A6 of Plate 2 on 2 at 92.86 uL/sec
Air Gap
Moving to A6 of Plate 2 on 2
Aspirating 10.0 uL from A6 of Plate 2 on 2 at 92.86 uL/sec
Blowout at A1 of Trash Plate on 3
Dispensing 300.0 uL into A1 of Trash Plate on 3 at 92.86 uL/sec
Dropping tip into A1 of Opentrons Fixed Trash on 12
Caught exception: {'message': 'Task was destroyed but it is pending!', 'task': <Task pending name='Task-4' coro=<Poller._poll_forever() running at /Users/dp/Desktop/project/github/opentrons/venv/lib/python3.10/site-packages/opentrons/hardware_control/poller.py:80> wait_for=<Future pending cb=[Task.task_wakeup()]>>}
Caught exception: {'message': 'Task was destroyed but it is pending!', 'task': <Task pending name='Task-3' coro=<Poller._poll_forever() running at /Users/dp/Desktop/project/github/opentrons/venv/lib/python3.10/site-packages/opentrons/hardware_control/poller.py:80> wait_for=<Future pending cb=[Task.task_wakeup()]>>}
Caught exception: {'message': 'Task was destroyed but it is pending!', 'task': <Task pending name='Task-2' coro=<Poller._poll_forever() running at /Users/dp/Desktop/project/github/opentrons/venv/lib/python3.10/site-packages/opentrons/hardware_control/poller.py:80> wait_for=<Future pending cb=[Task.task_wakeup()]>>}
