/Users/dp/Desktop/project/github/opentrons/venv/lib/python3.10/site-packages/opentrons/hardware_control/simulator_setup.py:205: UserWarning: Simulator configuration does not name a machine, defaulting to OT-2 Standard
  warn(
/Users/dp/.opentrons/robot_settings.json not found. Loading defaults
Deck calibration not found.
/Users/dp/.opentrons/deck_calibration.json not found. Loading defaults
Transferring 10uL of Polymixin B 256 to columns 1-6

Picking up tip from A1 of Opentrons OT-2 96 Tip Rack 20 µL on 10
Transferring 10.0 from A1 of NEST 96 Deep Well Plate 2mL on 11 to A1 of HiMic 96 Well Plate 400 µL on 1
	Aspirating 10.0 uL from A1 of NEST 96 Deep Well Plate 2mL on 11 at 7.6 uL/sec
	Dispensing 10.0 uL into A1 of HiMic 96 Well Plate 400 µL on 1 at 7.6 uL/sec
Transferring 10.0 from A1 of NEST 96 Deep Well Plate 2mL on 11 to A2 of HiMic 96 Well Plate 400 µL on 1
	Aspirating 10.0 uL from A1 of NEST 96 Deep Well Plate 2mL on 11 at 7.6 uL/sec
	Dispensing 10.0 uL into A2 of HiMic 96 Well Plate 400 µL on 1 at 7.6 uL/sec
Transferring 10.0 from A1 of NEST 96 Deep Well Plate 2mL on 11 to A3 of HiMic 96 Well Plate 400 µL on 1
	Aspirating 10.0 uL from A1 of NEST 96 Deep Well Plate 2mL on 11 at 7.6 uL/sec
	Dispensing 10.0 uL into A3 of HiMic 96 Well Plate 400 µL on 1 at 7.6 uL/sec
Transferring 10.0 from A1 of NEST 96 Deep Well Plate 2mL on 11 to A4 of HiMic 96 Well Plate 400 µL on 1
	Aspirating 10.0 uL from A1 of NEST 96 Deep Well Plate 2mL on 11 at 7.6 uL/sec
	Dispensing 10.0 uL into A4 of HiMic 96 Well Plate 400 µL on 1 at 7.6 uL/sec
Transferring 10.0 from A1 of NEST 96 Deep Well Plate 2mL on 11 to A5 of HiMic 96 Well Plate 400 µL on 1
	Aspirating 10.0 uL from A1 of NEST 96 Deep Well Plate 2mL on 11 at 7.6 uL/sec
	Dispensing 10.0 uL into A5 of HiMic 96 Well Plate 400 µL on 1 at 7.6 uL/sec
Transferring 10.0 from A1 of NEST 96 Deep Well Plate 2mL on 11 to A6 of HiMic 96 Well Plate 400 µL on 1
	Aspirating 10.0 uL from A1 of NEST 96 Deep Well Plate 2mL on 11 at 7.6 uL/sec
	Dispensing 10.0 uL into A6 of HiMic 96 Well Plate 400 µL on 1 at 7.6 uL/sec
Transferring 10.0 from A1 of NEST 96 Deep Well Plate 2mL on 11 to A1 of HiMic 96 Well Plate 400 µL on 2
	Aspirating 10.0 uL from A1 of NEST 96 Deep Well Plate 2mL on 11 at 7.6 uL/sec
	Dispensing 10.0 uL into A1 of HiMic 96 Well Plate 400 µL on 2 at 7.6 uL/sec
Transferring 10.0 from A1 of NEST 96 Deep Well Plate 2mL on 11 to A2 of HiMic 96 Well Plate 400 µL on 2
	Aspirating 10.0 uL from A1 of NEST 96 Deep Well Plate 2mL on 11 at 7.6 uL/sec
	Dispensing 10.0 uL into A2 of HiMic 96 Well Plate 400 µL on 2 at 7.6 uL/sec
Transferring 10.0 from A1 of NEST 96 Deep Well Plate 2mL on 11 to A3 of HiMic 96 Well Plate 400 µL on 2
	Aspirating 10.0 uL from A1 of NEST 96 Deep Well Plate 2mL on 11 at 7.6 uL/sec
	Dispensing 10.0 uL into A3 of HiMic 96 Well Plate 400 µL on 2 at 7.6 uL/sec
Transferring 10.0 from A1 of NEST 96 Deep Well Plate 2mL on 11 to A4 of HiMic 96 Well Plate 400 µL on 2
	Aspirating 10.0 uL from A1 of NEST 96 Deep Well Plate 2mL on 11 at 7.6 uL/sec
	Dispensing 10.0 uL into A4 of HiMic 96 Well Plate 400 µL on 2 at 7.6 uL/sec
Transferring 10.0 from A1 of NEST 96 Deep Well Plate 2mL on 11 to A5 of HiMic 96 Well Plate 400 µL on 2
	Aspirating 10.0 uL from A1 of NEST 96 Deep Well Plate 2mL on 11 at 7.6 uL/sec
	Dispensing 10.0 uL into A5 of HiMic 96 Well Plate 400 µL on 2 at 7.6 uL/sec
Transferring 10.0 from A1 of NEST 96 Deep Well Plate 2mL on 11 to A6 of HiMic 96 Well Plate 400 µL on 2
	Aspirating 10.0 uL from A1 of NEST 96 Deep Well Plate 2mL on 11 at 7.6 uL/sec
	Dispensing 10.0 uL into A6 of HiMic 96 Well Plate 400 µL on 2 at 7.6 uL/sec
Transferring 10.0 from A1 of NEST 96 Deep Well Plate 2mL on 11 to A1 of HiMic 96 Well Plate 400 µL on 3
	Aspirating 10.0 uL from A1 of NEST 96 Deep Well Plate 2mL on 11 at 7.6 uL/sec
	Dispensing 10.0 uL into A1 of HiMic 96 Well Plate 400 µL on 3 at 7.6 uL/sec
Transferring 10.0 from A1 of NEST 96 Deep Well Plate 2mL on 11 to A2 of HiMic 96 Well Plate 400 µL on 3
	Aspirating 10.0 uL from A1 of NEST 96 Deep Well Plate 2mL on 11 at 7.6 uL/sec
	Dispensing 10.0 uL into A2 of HiMic 96 Well Plate 400 µL on 3 at 7.6 uL/sec
Transferring 10.0 from A1 of NEST 96 Deep Well Plate 2mL on 11 to A3 of HiMic 96 Well Plate 400 µL on 3
	Aspirating 10.0 uL from A1 of NEST 96 Deep Well Plate 2mL on 11 at 7.6 uL/sec
	Dispensing 10.0 uL into A3 of HiMic 96 Well Plate 400 µL on 3 at 7.6 uL/sec
Transferring 10.0 from A1 of NEST 96 Deep Well Plate 2mL on 11 to A4 of HiMic 96 Well Plate 400 µL on 3
	Aspirating 10.0 uL from A1 of NEST 96 Deep Well Plate 2mL on 11 at 7.6 uL/sec
	Dispensing 10.0 uL into A4 of HiMic 96 Well Plate 400 µL on 3 at 7.6 uL/sec
Transferring 10.0 from A1 of NEST 96 Deep Well Plate 2mL on 11 to A5 of HiMic 96 Well Plate 400 µL on 3
	Aspirating 10.0 uL from A1 of NEST 96 Deep Well Plate 2mL on 11 at 7.6 uL/sec
	Dispensing 10.0 uL into A5 of HiMic 96 Well Plate 400 µL on 3 at 7.6 uL/sec
Transferring 10.0 from A1 of NEST 96 Deep Well Plate 2mL on 11 to A6 of HiMic 96 Well Plate 400 µL on 3
	Aspirating 10.0 uL from A1 of NEST 96 Deep Well Plate 2mL on 11 at 7.6 uL/sec
	Dispensing 10.0 uL into A6 of HiMic 96 Well Plate 400 µL on 3 at 7.6 uL/sec
Transferring 10.0 from A1 of NEST 96 Deep Well Plate 2mL on 11 to A1 of HiMic 96 Well Plate 400 µL on 4
	Aspirating 10.0 uL from A1 of NEST 96 Deep Well Plate 2mL on 11 at 7.6 uL/sec
	Dispensing 10.0 uL into A1 of HiMic 96 Well Plate 400 µL on 4 at 7.6 uL/sec
Transferring 10.0 from A1 of NEST 96 Deep Well Plate 2mL on 11 to A2 of HiMic 96 Well Plate 400 µL on 4
	Aspirating 10.0 uL from A1 of NEST 96 Deep Well Plate 2mL on 11 at 7.6 uL/sec
	Dispensing 10.0 uL into A2 of HiMic 96 Well Plate 400 µL on 4 at 7.6 uL/sec
Transferring 10.0 from A1 of NEST 96 Deep Well Plate 2mL on 11 to A3 of HiMic 96 Well Plate 400 µL on 4
	Aspirating 10.0 uL from A1 of NEST 96 Deep Well Plate 2mL on 11 at 7.6 uL/sec
	Dispensing 10.0 uL into A3 of HiMic 96 Well Plate 400 µL on 4 at 7.6 uL/sec
Transferring 10.0 from A1 of NEST 96 Deep Well Plate 2mL on 11 to A4 of HiMic 96 Well Plate 400 µL on 4
	Aspirating 10.0 uL from A1 of NEST 96 Deep Well Plate 2mL on 11 at 7.6 uL/sec
	Dispensing 10.0 uL into A4 of HiMic 96 Well Plate 400 µL on 4 at 7.6 uL/sec
Transferring 10.0 from A1 of NEST 96 Deep Well Plate 2mL on 11 to A5 of HiMic 96 Well Plate 400 µL on 4
	Aspirating 10.0 uL from A1 of NEST 96 Deep Well Plate 2mL on 11 at 7.6 uL/sec
	Dispensing 10.0 uL into A5 of HiMic 96 Well Plate 400 µL on 4 at 7.6 uL/sec
Transferring 10.0 from A1 of NEST 96 Deep Well Plate 2mL on 11 to A6 of HiMic 96 Well Plate 400 µL on 4
	Aspirating 10.0 uL from A1 of NEST 96 Deep Well Plate 2mL on 11 at 7.6 uL/sec
	Dispensing 10.0 uL into A6 of HiMic 96 Well Plate 400 µL on 4 at 7.6 uL/sec
Transferring 10.0 from A1 of NEST 96 Deep Well Plate 2mL on 11 to A1 of HiMic 96 Well Plate 400 µL on 5
	Aspirating 10.0 uL from A1 of NEST 96 Deep Well Plate 2mL on 11 at 7.6 uL/sec
	Dispensing 10.0 uL into A1 of HiMic 96 Well Plate 400 µL on 5 at 7.6 uL/sec
Transferring 10.0 from A1 of NEST 96 Deep Well Plate 2mL on 11 to A2 of HiMic 96 Well Plate 400 µL on 5
	Aspirating 10.0 uL from A1 of NEST 96 Deep Well Plate 2mL on 11 at 7.6 uL/sec
	Dispensing 10.0 uL into A2 of HiMic 96 Well Plate 400 µL on 5 at 7.6 uL/sec
Transferring 10.0 from A1 of NEST 96 Deep Well Plate 2mL on 11 to A3 of HiMic 96 Well Plate 400 µL on 5
	Aspirating 10.0 uL from A1 of NEST 96 Deep Well Plate 2mL on 11 at 7.6 uL/sec
	Dispensing 10.0 uL into A3 of HiMic 96 Well Plate 400 µL on 5 at 7.6 uL/sec
Transferring 10.0 from A1 of NEST 96 Deep Well Plate 2mL on 11 to A4 of HiMic 96 Well Plate 400 µL on 5
	Aspirating 10.0 uL from A1 of NEST 96 Deep Well Plate 2mL on 11 at 7.6 uL/sec
	Dispensing 10.0 uL into A4 of HiMic 96 Well Plate 400 µL on 5 at 7.6 uL/sec
Transferring 10.0 from A1 of NEST 96 Deep Well Plate 2mL on 11 to A5 of HiMic 96 Well Plate 400 µL on 5
	Aspirating 10.0 uL from A1 of NEST 96 Deep Well Plate 2mL on 11 at 7.6 uL/sec
	Dispensing 10.0 uL into A5 of HiMic 96 Well Plate 400 µL on 5 at 7.6 uL/sec
Transferring 10.0 from A1 of NEST 96 Deep Well Plate 2mL on 11 to A6 of HiMic 96 Well Plate 400 µL on 5
	Aspirating 10.0 uL from A1 of NEST 96 Deep Well Plate 2mL on 11 at 7.6 uL/sec
	Dispensing 10.0 uL into A6 of HiMic 96 Well Plate 400 µL on 5 at 7.6 uL/sec
Transferring 10.0 from A1 of NEST 96 Deep Well Plate 2mL on 11 to A1 of HiMic 96 Well Plate 400 µL on 6
	Aspirating 10.0 uL from A1 of NEST 96 Deep Well Plate 2mL on 11 at 7.6 uL/sec
	Dispensing 10.0 uL into A1 of HiMic 96 Well Plate 400 µL on 6 at 7.6 uL/sec
Transferring 10.0 from A1 of NEST 96 Deep Well Plate 2mL on 11 to A2 of HiMic 96 Well Plate 400 µL on 6
	Aspirating 10.0 uL from A1 of NEST 96 Deep Well Plate 2mL on 11 at 7.6 uL/sec
	Dispensing 10.0 uL into A2 of HiMic 96 Well Plate 400 µL on 6 at 7.6 uL/sec
Transferring 10.0 from A1 of NEST 96 Deep Well Plate 2mL on 11 to A3 of HiMic 96 Well Plate 400 µL on 6
	Aspirating 10.0 uL from A1 of NEST 96 Deep Well Plate 2mL on 11 at 7.6 uL/sec
	Dispensing 10.0 uL into A3 of HiMic 96 Well Plate 400 µL on 6 at 7.6 uL/sec
Transferring 10.0 from A1 of NEST 96 Deep Well Plate 2mL on 11 to A4 of HiMic 96 Well Plate 400 µL on 6
	Aspirating 10.0 uL from A1 of NEST 96 Deep Well Plate 2mL on 11 at 7.6 uL/sec
	Dispensing 10.0 uL into A4 of HiMic 96 Well Plate 400 µL on 6 at 7.6 uL/sec
Transferring 10.0 from A1 of NEST 96 Deep Well Plate 2mL on 11 to A5 of HiMic 96 Well Plate 400 µL on 6
	Aspirating 10.0 uL from A1 of NEST 96 Deep Well Plate 2mL on 11 at 7.6 uL/sec
	Dispensing 10.0 uL into A5 of HiMic 96 Well Plate 400 µL on 6 at 7.6 uL/sec
Transferring 10.0 from A1 of NEST 96 Deep Well Plate 2mL on 11 to A6 of HiMic 96 Well Plate 400 µL on 6
	Aspirating 10.0 uL from A1 of NEST 96 Deep Well Plate 2mL on 11 at 7.6 uL/sec
	Dispensing 10.0 uL into A6 of HiMic 96 Well Plate 400 µL on 6 at 7.6 uL/sec
Transferring 10.0 from A1 of NEST 96 Deep Well Plate 2mL on 11 to A1 of HiMic 96 Well Plate 400 µL on 7
	Aspirating 10.0 uL from A1 of NEST 96 Deep Well Plate 2mL on 11 at 7.6 uL/sec
	Dispensing 10.0 uL into A1 of HiMic 96 Well Plate 400 µL on 7 at 7.6 uL/sec
Transferring 10.0 from A1 of NEST 96 Deep Well Plate 2mL on 11 to A2 of HiMic 96 Well Plate 400 µL on 7
	Aspirating 10.0 uL from A1 of NEST 96 Deep Well Plate 2mL on 11 at 7.6 uL/sec
	Dispensing 10.0 uL into A2 of HiMic 96 Well Plate 400 µL on 7 at 7.6 uL/sec
Transferring 10.0 from A1 of NEST 96 Deep Well Plate 2mL on 11 to A3 of HiMic 96 Well Plate 400 µL on 7
	Aspirating 10.0 uL from A1 of NEST 96 Deep Well Plate 2mL on 11 at 7.6 uL/sec
	Dispensing 10.0 uL into A3 of HiMic 96 Well Plate 400 µL on 7 at 7.6 uL/sec
Transferring 10.0 from A1 of NEST 96 Deep Well Plate 2mL on 11 to A4 of HiMic 96 Well Plate 400 µL on 7
	Aspirating 10.0 uL from A1 of NEST 96 Deep Well Plate 2mL on 11 at 7.6 uL/sec
	Dispensing 10.0 uL into A4 of HiMic 96 Well Plate 400 µL on 7 at 7.6 uL/sec
Transferring 10.0 from A1 of NEST 96 Deep Well Plate 2mL on 11 to A5 of HiMic 96 Well Plate 400 µL on 7
	Aspirating 10.0 uL from A1 of NEST 96 Deep Well Plate 2mL on 11 at 7.6 uL/sec
	Dispensing 10.0 uL into A5 of HiMic 96 Well Plate 400 µL on 7 at 7.6 uL/sec
Transferring 10.0 from A1 of NEST 96 Deep Well Plate 2mL on 11 to A6 of HiMic 96 Well Plate 400 µL on 7
	Aspirating 10.0 uL from A1 of NEST 96 Deep Well Plate 2mL on 11 at 7.6 uL/sec
	Dispensing 10.0 uL into A6 of HiMic 96 Well Plate 400 µL on 7 at 7.6 uL/sec
Transferring 10.0 from A1 of NEST 96 Deep Well Plate 2mL on 11 to A1 of HiMic 96 Well Plate 400 µL on 8
	Aspirating 10.0 uL from A1 of NEST 96 Deep Well Plate 2mL on 11 at 7.6 uL/sec
	Dispensing 10.0 uL into A1 of HiMic 96 Well Plate 400 µL on 8 at 7.6 uL/sec
Transferring 10.0 from A1 of NEST 96 Deep Well Plate 2mL on 11 to A2 of HiMic 96 Well Plate 400 µL on 8
	Aspirating 10.0 uL from A1 of NEST 96 Deep Well Plate 2mL on 11 at 7.6 uL/sec
	Dispensing 10.0 uL into A2 of HiMic 96 Well Plate 400 µL on 8 at 7.6 uL/sec
Transferring 10.0 from A1 of NEST 96 Deep Well Plate 2mL on 11 to A3 of HiMic 96 Well Plate 400 µL on 8
	Aspirating 10.0 uL from A1 of NEST 96 Deep Well Plate 2mL on 11 at 7.6 uL/sec
	Dispensing 10.0 uL into A3 of HiMic 96 Well Plate 400 µL on 8 at 7.6 uL/sec
Transferring 10.0 from A1 of NEST 96 Deep Well Plate 2mL on 11 to A4 of HiMic 96 Well Plate 400 µL on 8
	Aspirating 10.0 uL from A1 of NEST 96 Deep Well Plate 2mL on 11 at 7.6 uL/sec
	Dispensing 10.0 uL into A4 of HiMic 96 Well Plate 400 µL on 8 at 7.6 uL/sec
Transferring 10.0 from A1 of NEST 96 Deep Well Plate 2mL on 11 to A5 of HiMic 96 Well Plate 400 µL on 8
	Aspirating 10.0 uL from A1 of NEST 96 Deep Well Plate 2mL on 11 at 7.6 uL/sec
	Dispensing 10.0 uL into A5 of HiMic 96 Well Plate 400 µL on 8 at 7.6 uL/sec
Transferring 10.0 from A1 of NEST 96 Deep Well Plate 2mL on 11 to A6 of HiMic 96 Well Plate 400 µL on 8
	Aspirating 10.0 uL from A1 of NEST 96 Deep Well Plate 2mL on 11 at 7.6 uL/sec
	Dispensing 10.0 uL into A6 of HiMic 96 Well Plate 400 µL on 8 at 7.6 uL/sec
Transferring 10.0 from A1 of NEST 96 Deep Well Plate 2mL on 11 to A1 of HiMic 96 Well Plate 400 µL on 9
	Aspirating 10.0 uL from A1 of NEST 96 Deep Well Plate 2mL on 11 at 7.6 uL/sec
	Dispensing 10.0 uL into A1 of HiMic 96 Well Plate 400 µL on 9 at 7.6 uL/sec
Transferring 10.0 from A1 of NEST 96 Deep Well Plate 2mL on 11 to A2 of HiMic 96 Well Plate 400 µL on 9
	Aspirating 10.0 uL from A1 of NEST 96 Deep Well Plate 2mL on 11 at 7.6 uL/sec
	Dispensing 10.0 uL into A2 of HiMic 96 Well Plate 400 µL on 9 at 7.6 uL/sec
Transferring 10.0 from A1 of NEST 96 Deep Well Plate 2mL on 11 to A3 of HiMic 96 Well Plate 400 µL on 9
	Aspirating 10.0 uL from A1 of NEST 96 Deep Well Plate 2mL on 11 at 7.6 uL/sec
	Dispensing 10.0 uL into A3 of HiMic 96 Well Plate 400 µL on 9 at 7.6 uL/sec
Transferring 10.0 from A1 of NEST 96 Deep Well Plate 2mL on 11 to A4 of HiMic 96 Well Plate 400 µL on 9
	Aspirating 10.0 uL from A1 of NEST 96 Deep Well Plate 2mL on 11 at 7.6 uL/sec
	Dispensing 10.0 uL into A4 of HiMic 96 Well Plate 400 µL on 9 at 7.6 uL/sec
Transferring 10.0 from A1 of NEST 96 Deep Well Plate 2mL on 11 to A5 of HiMic 96 Well Plate 400 µL on 9
	Aspirating 10.0 uL from A1 of NEST 96 Deep Well Plate 2mL on 11 at 7.6 uL/sec
	Dispensing 10.0 uL into A5 of HiMic 96 Well Plate 400 µL on 9 at 7.6 uL/sec
Transferring 10.0 from A1 of NEST 96 Deep Well Plate 2mL on 11 to A6 of HiMic 96 Well Plate 400 µL on 9
	Aspirating 10.0 uL from A1 of NEST 96 Deep Well Plate 2mL on 11 at 7.6 uL/sec
	Dispensing 10.0 uL into A6 of HiMic 96 Well Plate 400 µL on 9 at 7.6 uL/sec
Dropping tip into A1 of Opentrons Fixed Trash on 12
Transferring 10uL of Polymixin B 128 to columns 6-12

Picking up tip from A2 of Opentrons OT-2 96 Tip Rack 20 µL on 10
Transferring 10.0 from A2 of NEST 96 Deep Well Plate 2mL on 11 to A7 of HiMic 96 Well Plate 400 µL on 1
	Aspirating 10.0 uL from A2 of NEST 96 Deep Well Plate 2mL on 11 at 7.6 uL/sec
	Dispensing 10.0 uL into A7 of HiMic 96 Well Plate 400 µL on 1 at 7.6 uL/sec
Transferring 10.0 from A2 of NEST 96 Deep Well Plate 2mL on 11 to A8 of HiMic 96 Well Plate 400 µL on 1
	Aspirating 10.0 uL from A2 of NEST 96 Deep Well Plate 2mL on 11 at 7.6 uL/sec
	Dispensing 10.0 uL into A8 of HiMic 96 Well Plate 400 µL on 1 at 7.6 uL/sec
Transferring 10.0 from A2 of NEST 96 Deep Well Plate 2mL on 11 to A9 of HiMic 96 Well Plate 400 µL on 1
	Aspirating 10.0 uL from A2 of NEST 96 Deep Well Plate 2mL on 11 at 7.6 uL/sec
	Dispensing 10.0 uL into A9 of HiMic 96 Well Plate 400 µL on 1 at 7.6 uL/sec
Transferring 10.0 from A2 of NEST 96 Deep Well Plate 2mL on 11 to A10 of HiMic 96 Well Plate 400 µL on 1
	Aspirating 10.0 uL from A2 of NEST 96 Deep Well Plate 2mL on 11 at 7.6 uL/sec
	Dispensing 10.0 uL into A10 of HiMic 96 Well Plate 400 µL on 1 at 7.6 uL/sec
Transferring 10.0 from A2 of NEST 96 Deep Well Plate 2mL on 11 to A11 of HiMic 96 Well Plate 400 µL on 1
	Aspirating 10.0 uL from A2 of NEST 96 Deep Well Plate 2mL on 11 at 7.6 uL/sec
	Dispensing 10.0 uL into A11 of HiMic 96 Well Plate 400 µL on 1 at 7.6 uL/sec
Transferring 10.0 from A2 of NEST 96 Deep Well Plate 2mL on 11 to A12 of HiMic 96 Well Plate 400 µL on 1
	Aspirating 10.0 uL from A2 of NEST 96 Deep Well Plate 2mL on 11 at 7.6 uL/sec
	Dispensing 10.0 uL into A12 of HiMic 96 Well Plate 400 µL on 1 at 7.6 uL/sec
Transferring 10.0 from A2 of NEST 96 Deep Well Plate 2mL on 11 to A7 of HiMic 96 Well Plate 400 µL on 2
	Aspirating 10.0 uL from A2 of NEST 96 Deep Well Plate 2mL on 11 at 7.6 uL/sec
	Dispensing 10.0 uL into A7 of HiMic 96 Well Plate 400 µL on 2 at 7.6 uL/sec
Transferring 10.0 from A2 of NEST 96 Deep Well Plate 2mL on 11 to A8 of HiMic 96 Well Plate 400 µL on 2
	Aspirating 10.0 uL from A2 of NEST 96 Deep Well Plate 2mL on 11 at 7.6 uL/sec
	Dispensing 10.0 uL into A8 of HiMic 96 Well Plate 400 µL on 2 at 7.6 uL/sec
Transferring 10.0 from A2 of NEST 96 Deep Well Plate 2mL on 11 to A9 of HiMic 96 Well Plate 400 µL on 2
	Aspirating 10.0 uL from A2 of NEST 96 Deep Well Plate 2mL on 11 at 7.6 uL/sec
	Dispensing 10.0 uL into A9 of HiMic 96 Well Plate 400 µL on 2 at 7.6 uL/sec
Transferring 10.0 from A2 of NEST 96 Deep Well Plate 2mL on 11 to A10 of HiMic 96 Well Plate 400 µL on 2
	Aspirating 10.0 uL from A2 of NEST 96 Deep Well Plate 2mL on 11 at 7.6 uL/sec
	Dispensing 10.0 uL into A10 of HiMic 96 Well Plate 400 µL on 2 at 7.6 uL/sec
Transferring 10.0 from A2 of NEST 96 Deep Well Plate 2mL on 11 to A11 of HiMic 96 Well Plate 400 µL on 2
	Aspirating 10.0 uL from A2 of NEST 96 Deep Well Plate 2mL on 11 at 7.6 uL/sec
	Dispensing 10.0 uL into A11 of HiMic 96 Well Plate 400 µL on 2 at 7.6 uL/sec
Transferring 10.0 from A2 of NEST 96 Deep Well Plate 2mL on 11 to A12 of HiMic 96 Well Plate 400 µL on 2
	Aspirating 10.0 uL from A2 of NEST 96 Deep Well Plate 2mL on 11 at 7.6 uL/sec
	Dispensing 10.0 uL into A12 of HiMic 96 Well Plate 400 µL on 2 at 7.6 uL/sec
Transferring 10.0 from A2 of NEST 96 Deep Well Plate 2mL on 11 to A7 of HiMic 96 Well Plate 400 µL on 3
	Aspirating 10.0 uL from A2 of NEST 96 Deep Well Plate 2mL on 11 at 7.6 uL/sec
	Dispensing 10.0 uL into A7 of HiMic 96 Well Plate 400 µL on 3 at 7.6 uL/sec
Transferring 10.0 from A2 of NEST 96 Deep Well Plate 2mL on 11 to A8 of HiMic 96 Well Plate 400 µL on 3
	Aspirating 10.0 uL from A2 of NEST 96 Deep Well Plate 2mL on 11 at 7.6 uL/sec
	Dispensing 10.0 uL into A8 of HiMic 96 Well Plate 400 µL on 3 at 7.6 uL/sec
Transferring 10.0 from A2 of NEST 96 Deep Well Plate 2mL on 11 to A9 of HiMic 96 Well Plate 400 µL on 3
	Aspirating 10.0 uL from A2 of NEST 96 Deep Well Plate 2mL on 11 at 7.6 uL/sec
	Dispensing 10.0 uL into A9 of HiMic 96 Well Plate 400 µL on 3 at 7.6 uL/sec
Transferring 10.0 from A2 of NEST 96 Deep Well Plate 2mL on 11 to A10 of HiMic 96 Well Plate 400 µL on 3
	Aspirating 10.0 uL from A2 of NEST 96 Deep Well Plate 2mL on 11 at 7.6 uL/sec
	Dispensing 10.0 uL into A10 of HiMic 96 Well Plate 400 µL on 3 at 7.6 uL/sec
Transferring 10.0 from A2 of NEST 96 Deep Well Plate 2mL on 11 to A11 of HiMic 96 Well Plate 400 µL on 3
	Aspirating 10.0 uL from A2 of NEST 96 Deep Well Plate 2mL on 11 at 7.6 uL/sec
	Dispensing 10.0 uL into A11 of HiMic 96 Well Plate 400 µL on 3 at 7.6 uL/sec
Transferring 10.0 from A2 of NEST 96 Deep Well Plate 2mL on 11 to A12 of HiMic 96 Well Plate 400 µL on 3
	Aspirating 10.0 uL from A2 of NEST 96 Deep Well Plate 2mL on 11 at 7.6 uL/sec
	Dispensing 10.0 uL into A12 of HiMic 96 Well Plate 400 µL on 3 at 7.6 uL/sec
Transferring 10.0 from A2 of NEST 96 Deep Well Plate 2mL on 11 to A7 of HiMic 96 Well Plate 400 µL on 4
	Aspirating 10.0 uL from A2 of NEST 96 Deep Well Plate 2mL on 11 at 7.6 uL/sec
	Dispensing 10.0 uL into A7 of HiMic 96 Well Plate 400 µL on 4 at 7.6 uL/sec
Transferring 10.0 from A2 of NEST 96 Deep Well Plate 2mL on 11 to A8 of HiMic 96 Well Plate 400 µL on 4
	Aspirating 10.0 uL from A2 of NEST 96 Deep Well Plate 2mL on 11 at 7.6 uL/sec
	Dispensing 10.0 uL into A8 of HiMic 96 Well Plate 400 µL on 4 at 7.6 uL/sec
Transferring 10.0 from A2 of NEST 96 Deep Well Plate 2mL on 11 to A9 of HiMic 96 Well Plate 400 µL on 4
	Aspirating 10.0 uL from A2 of NEST 96 Deep Well Plate 2mL on 11 at 7.6 uL/sec
	Dispensing 10.0 uL into A9 of HiMic 96 Well Plate 400 µL on 4 at 7.6 uL/sec
Transferring 10.0 from A2 of NEST 96 Deep Well Plate 2mL on 11 to A10 of HiMic 96 Well Plate 400 µL on 4
	Aspirating 10.0 uL from A2 of NEST 96 Deep Well Plate 2mL on 11 at 7.6 uL/sec
	Dispensing 10.0 uL into A10 of HiMic 96 Well Plate 400 µL on 4 at 7.6 uL/sec
Transferring 10.0 from A2 of NEST 96 Deep Well Plate 2mL on 11 to A11 of HiMic 96 Well Plate 400 µL on 4
	Aspirating 10.0 uL from A2 of NEST 96 Deep Well Plate 2mL on 11 at 7.6 uL/sec
	Dispensing 10.0 uL into A11 of HiMic 96 Well Plate 400 µL on 4 at 7.6 uL/sec
Transferring 10.0 from A2 of NEST 96 Deep Well Plate 2mL on 11 to A12 of HiMic 96 Well Plate 400 µL on 4
	Aspirating 10.0 uL from A2 of NEST 96 Deep Well Plate 2mL on 11 at 7.6 uL/sec
	Dispensing 10.0 uL into A12 of HiMic 96 Well Plate 400 µL on 4 at 7.6 uL/sec
Transferring 10.0 from A2 of NEST 96 Deep Well Plate 2mL on 11 to A7 of HiMic 96 Well Plate 400 µL on 5
	Aspirating 10.0 uL from A2 of NEST 96 Deep Well Plate 2mL on 11 at 7.6 uL/sec
	Dispensing 10.0 uL into A7 of HiMic 96 Well Plate 400 µL on 5 at 7.6 uL/sec
Transferring 10.0 from A2 of NEST 96 Deep Well Plate 2mL on 11 to A8 of HiMic 96 Well Plate 400 µL on 5
	Aspirating 10.0 uL from A2 of NEST 96 Deep Well Plate 2mL on 11 at 7.6 uL/sec
	Dispensing 10.0 uL into A8 of HiMic 96 Well Plate 400 µL on 5 at 7.6 uL/sec
Transferring 10.0 from A2 of NEST 96 Deep Well Plate 2mL on 11 to A9 of HiMic 96 Well Plate 400 µL on 5
	Aspirating 10.0 uL from A2 of NEST 96 Deep Well Plate 2mL on 11 at 7.6 uL/sec
	Dispensing 10.0 uL into A9 of HiMic 96 Well Plate 400 µL on 5 at 7.6 uL/sec
Transferring 10.0 from A2 of NEST 96 Deep Well Plate 2mL on 11 to A10 of HiMic 96 Well Plate 400 µL on 5
	Aspirating 10.0 uL from A2 of NEST 96 Deep Well Plate 2mL on 11 at 7.6 uL/sec
	Dispensing 10.0 uL into A10 of HiMic 96 Well Plate 400 µL on 5 at 7.6 uL/sec
Transferring 10.0 from A2 of NEST 96 Deep Well Plate 2mL on 11 to A11 of HiMic 96 Well Plate 400 µL on 5
	Aspirating 10.0 uL from A2 of NEST 96 Deep Well Plate 2mL on 11 at 7.6 uL/sec
	Dispensing 10.0 uL into A11 of HiMic 96 Well Plate 400 µL on 5 at 7.6 uL/sec
Transferring 10.0 from A2 of NEST 96 Deep Well Plate 2mL on 11 to A12 of HiMic 96 Well Plate 400 µL on 5
	Aspirating 10.0 uL from A2 of NEST 96 Deep Well Plate 2mL on 11 at 7.6 uL/sec
	Dispensing 10.0 uL into A12 of HiMic 96 Well Plate 400 µL on 5 at 7.6 uL/sec
Transferring 10.0 from A2 of NEST 96 Deep Well Plate 2mL on 11 to A7 of HiMic 96 Well Plate 400 µL on 6
	Aspirating 10.0 uL from A2 of NEST 96 Deep Well Plate 2mL on 11 at 7.6 uL/sec
	Dispensing 10.0 uL into A7 of HiMic 96 Well Plate 400 µL on 6 at 7.6 uL/sec
Transferring 10.0 from A2 of NEST 96 Deep Well Plate 2mL on 11 to A8 of HiMic 96 Well Plate 400 µL on 6
	Aspirating 10.0 uL from A2 of NEST 96 Deep Well Plate 2mL on 11 at 7.6 uL/sec
	Dispensing 10.0 uL into A8 of HiMic 96 Well Plate 400 µL on 6 at 7.6 uL/sec
Transferring 10.0 from A2 of NEST 96 Deep Well Plate 2mL on 11 to A9 of HiMic 96 Well Plate 400 µL on 6
	Aspirating 10.0 uL from A2 of NEST 96 Deep Well Plate 2mL on 11 at 7.6 uL/sec
	Dispensing 10.0 uL into A9 of HiMic 96 Well Plate 400 µL on 6 at 7.6 uL/sec
Transferring 10.0 from A2 of NEST 96 Deep Well Plate 2mL on 11 to A10 of HiMic 96 Well Plate 400 µL on 6
	Aspirating 10.0 uL from A2 of NEST 96 Deep Well Plate 2mL on 11 at 7.6 uL/sec
	Dispensing 10.0 uL into A10 of HiMic 96 Well Plate 400 µL on 6 at 7.6 uL/sec
Transferring 10.0 from A2 of NEST 96 Deep Well Plate 2mL on 11 to A11 of HiMic 96 Well Plate 400 µL on 6
	Aspirating 10.0 uL from A2 of NEST 96 Deep Well Plate 2mL on 11 at 7.6 uL/sec
	Dispensing 10.0 uL into A11 of HiMic 96 Well Plate 400 µL on 6 at 7.6 uL/sec
Transferring 10.0 from A2 of NEST 96 Deep Well Plate 2mL on 11 to A12 of HiMic 96 Well Plate 400 µL on 6
	Aspirating 10.0 uL from A2 of NEST 96 Deep Well Plate 2mL on 11 at 7.6 uL/sec
	Dispensing 10.0 uL into A12 of HiMic 96 Well Plate 400 µL on 6 at 7.6 uL/sec
Transferring 10.0 from A2 of NEST 96 Deep Well Plate 2mL on 11 to A7 of HiMic 96 Well Plate 400 µL on 7
	Aspirating 10.0 uL from A2 of NEST 96 Deep Well Plate 2mL on 11 at 7.6 uL/sec
	Dispensing 10.0 uL into A7 of HiMic 96 Well Plate 400 µL on 7 at 7.6 uL/sec
Transferring 10.0 from A2 of NEST 96 Deep Well Plate 2mL on 11 to A8 of HiMic 96 Well Plate 400 µL on 7
	Aspirating 10.0 uL from A2 of NEST 96 Deep Well Plate 2mL on 11 at 7.6 uL/sec
	Dispensing 10.0 uL into A8 of HiMic 96 Well Plate 400 µL on 7 at 7.6 uL/sec
Transferring 10.0 from A2 of NEST 96 Deep Well Plate 2mL on 11 to A9 of HiMic 96 Well Plate 400 µL on 7
	Aspirating 10.0 uL from A2 of NEST 96 Deep Well Plate 2mL on 11 at 7.6 uL/sec
	Dispensing 10.0 uL into A9 of HiMic 96 Well Plate 400 µL on 7 at 7.6 uL/sec
Transferring 10.0 from A2 of NEST 96 Deep Well Plate 2mL on 11 to A10 of HiMic 96 Well Plate 400 µL on 7
	Aspirating 10.0 uL from A2 of NEST 96 Deep Well Plate 2mL on 11 at 7.6 uL/sec
	Dispensing 10.0 uL into A10 of HiMic 96 Well Plate 400 µL on 7 at 7.6 uL/sec
Transferring 10.0 from A2 of NEST 96 Deep Well Plate 2mL on 11 to A11 of HiMic 96 Well Plate 400 µL on 7
	Aspirating 10.0 uL from A2 of NEST 96 Deep Well Plate 2mL on 11 at 7.6 uL/sec
	Dispensing 10.0 uL into A11 of HiMic 96 Well Plate 400 µL on 7 at 7.6 uL/sec
Transferring 10.0 from A2 of NEST 96 Deep Well Plate 2mL on 11 to A12 of HiMic 96 Well Plate 400 µL on 7
	Aspirating 10.0 uL from A2 of NEST 96 Deep Well Plate 2mL on 11 at 7.6 uL/sec
	Dispensing 10.0 uL into A12 of HiMic 96 Well Plate 400 µL on 7 at 7.6 uL/sec
Transferring 10.0 from A2 of NEST 96 Deep Well Plate 2mL on 11 to A7 of HiMic 96 Well Plate 400 µL on 8
	Aspirating 10.0 uL from A2 of NEST 96 Deep Well Plate 2mL on 11 at 7.6 uL/sec
	Dispensing 10.0 uL into A7 of HiMic 96 Well Plate 400 µL on 8 at 7.6 uL/sec
Transferring 10.0 from A2 of NEST 96 Deep Well Plate 2mL on 11 to A8 of HiMic 96 Well Plate 400 µL on 8
	Aspirating 10.0 uL from A2 of NEST 96 Deep Well Plate 2mL on 11 at 7.6 uL/sec
	Dispensing 10.0 uL into A8 of HiMic 96 Well Plate 400 µL on 8 at 7.6 uL/sec
Transferring 10.0 from A2 of NEST 96 Deep Well Plate 2mL on 11 to A9 of HiMic 96 Well Plate 400 µL on 8
	Aspirating 10.0 uL from A2 of NEST 96 Deep Well Plate 2mL on 11 at 7.6 uL/sec
	Dispensing 10.0 uL into A9 of HiMic 96 Well Plate 400 µL on 8 at 7.6 uL/sec
Transferring 10.0 from A2 of NEST 96 Deep Well Plate 2mL on 11 to A10 of HiMic 96 Well Plate 400 µL on 8
	Aspirating 10.0 uL from A2 of NEST 96 Deep Well Plate 2mL on 11 at 7.6 uL/sec
	Dispensing 10.0 uL into A10 of HiMic 96 Well Plate 400 µL on 8 at 7.6 uL/sec
Transferring 10.0 from A2 of NEST 96 Deep Well Plate 2mL on 11 to A11 of HiMic 96 Well Plate 400 µL on 8
	Aspirating 10.0 uL from A2 of NEST 96 Deep Well Plate 2mL on 11 at 7.6 uL/sec
	Dispensing 10.0 uL into A11 of HiMic 96 Well Plate 400 µL on 8 at 7.6 uL/sec
Transferring 10.0 from A2 of NEST 96 Deep Well Plate 2mL on 11 to A12 of HiMic 96 Well Plate 400 µL on 8
	Aspirating 10.0 uL from A2 of NEST 96 Deep Well Plate 2mL on 11 at 7.6 uL/sec
	Dispensing 10.0 uL into A12 of HiMic 96 Well Plate 400 µL on 8 at 7.6 uL/sec
Transferring 10.0 from A2 of NEST 96 Deep Well Plate 2mL on 11 to A7 of HiMic 96 Well Plate 400 µL on 9
	Aspirating 10.0 uL from A2 of NEST 96 Deep Well Plate 2mL on 11 at 7.6 uL/sec
	Dispensing 10.0 uL into A7 of HiMic 96 Well Plate 400 µL on 9 at 7.6 uL/sec
Transferring 10.0 from A2 of NEST 96 Deep Well Plate 2mL on 11 to A8 of HiMic 96 Well Plate 400 µL on 9
	Aspirating 10.0 uL from A2 of NEST 96 Deep Well Plate 2mL on 11 at 7.6 uL/sec
	Dispensing 10.0 uL into A8 of HiMic 96 Well Plate 400 µL on 9 at 7.6 uL/sec
Transferring 10.0 from A2 of NEST 96 Deep Well Plate 2mL on 11 to A9 of HiMic 96 Well Plate 400 µL on 9
	Aspirating 10.0 uL from A2 of NEST 96 Deep Well Plate 2mL on 11 at 7.6 uL/sec
	Dispensing 10.0 uL into A9 of HiMic 96 Well Plate 400 µL on 9 at 7.6 uL/sec
Transferring 10.0 from A2 of NEST 96 Deep Well Plate 2mL on 11 to A10 of HiMic 96 Well Plate 400 µL on 9
	Aspirating 10.0 uL from A2 of NEST 96 Deep Well Plate 2mL on 11 at 7.6 uL/sec
	Dispensing 10.0 uL into A10 of HiMic 96 Well Plate 400 µL on 9 at 7.6 uL/sec
Transferring 10.0 from A2 of NEST 96 Deep Well Plate 2mL on 11 to A11 of HiMic 96 Well Plate 400 µL on 9
	Aspirating 10.0 uL from A2 of NEST 96 Deep Well Plate 2mL on 11 at 7.6 uL/sec
	Dispensing 10.0 uL into A11 of HiMic 96 Well Plate 400 µL on 9 at 7.6 uL/sec
Transferring 10.0 from A2 of NEST 96 Deep Well Plate 2mL on 11 to A12 of HiMic 96 Well Plate 400 µL on 9
	Aspirating 10.0 uL from A2 of NEST 96 Deep Well Plate 2mL on 11 at 7.6 uL/sec
	Dispensing 10.0 uL into A12 of HiMic 96 Well Plate 400 µL on 9 at 7.6 uL/sec
Dropping tip into A1 of Opentrons Fixed Trash on 12
Transferring 10uL of Growth Media Gamma to all wells

Picking up tip from A3 of Opentrons OT-2 96 Tip Rack 20 µL on 10
Transferring 10.0 from A3 of NEST 96 Deep Well Plate 2mL on 11 to A1 of HiMic 96 Well Plate 400 µL on 1
	Aspirating 10.0 uL from A3 of NEST 96 Deep Well Plate 2mL on 11 at 7.6 uL/sec
	Dispensing 10.0 uL into A1 of HiMic 96 Well Plate 400 µL on 1 at 7.6 uL/sec
Transferring 10.0 from A3 of NEST 96 Deep Well Plate 2mL on 11 to A2 of HiMic 96 Well Plate 400 µL on 1
	Aspirating 10.0 uL from A3 of NEST 96 Deep Well Plate 2mL on 11 at 7.6 uL/sec
	Dispensing 10.0 uL into A2 of HiMic 96 Well Plate 400 µL on 1 at 7.6 uL/sec
Transferring 10.0 from A3 of NEST 96 Deep Well Plate 2mL on 11 to A3 of HiMic 96 Well Plate 400 µL on 1
	Aspirating 10.0 uL from A3 of NEST 96 Deep Well Plate 2mL on 11 at 7.6 uL/sec
	Dispensing 10.0 uL into A3 of HiMic 96 Well Plate 400 µL on 1 at 7.6 uL/sec
Transferring 10.0 from A3 of NEST 96 Deep Well Plate 2mL on 11 to A4 of HiMic 96 Well Plate 400 µL on 1
	Aspirating 10.0 uL from A3 of NEST 96 Deep Well Plate 2mL on 11 at 7.6 uL/sec
	Dispensing 10.0 uL into A4 of HiMic 96 Well Plate 400 µL on 1 at 7.6 uL/sec
Transferring 10.0 from A3 of NEST 96 Deep Well Plate 2mL on 11 to A5 of HiMic 96 Well Plate 400 µL on 1
	Aspirating 10.0 uL from A3 of NEST 96 Deep Well Plate 2mL on 11 at 7.6 uL/sec
	Dispensing 10.0 uL into A5 of HiMic 96 Well Plate 400 µL on 1 at 7.6 uL/sec
Transferring 10.0 from A3 of NEST 96 Deep Well Plate 2mL on 11 to A6 of HiMic 96 Well Plate 400 µL on 1
	Aspirating 10.0 uL from A3 of NEST 96 Deep Well Plate 2mL on 11 at 7.6 uL/sec
	Dispensing 10.0 uL into A6 of HiMic 96 Well Plate 400 µL on 1 at 7.6 uL/sec
Transferring 10.0 from A3 of NEST 96 Deep Well Plate 2mL on 11 to A7 of HiMic 96 Well Plate 400 µL on 1
	Aspirating 10.0 uL from A3 of NEST 96 Deep Well Plate 2mL on 11 at 7.6 uL/sec
	Dispensing 10.0 uL into A7 of HiMic 96 Well Plate 400 µL on 1 at 7.6 uL/sec
Transferring 10.0 from A3 of NEST 96 Deep Well Plate 2mL on 11 to A8 of HiMic 96 Well Plate 400 µL on 1
	Aspirating 10.0 uL from A3 of NEST 96 Deep Well Plate 2mL on 11 at 7.6 uL/sec
	Dispensing 10.0 uL into A8 of HiMic 96 Well Plate 400 µL on 1 at 7.6 uL/sec
Transferring 10.0 from A3 of NEST 96 Deep Well Plate 2mL on 11 to A9 of HiMic 96 Well Plate 400 µL on 1
	Aspirating 10.0 uL from A3 of NEST 96 Deep Well Plate 2mL on 11 at 7.6 uL/sec
	Dispensing 10.0 uL into A9 of HiMic 96 Well Plate 400 µL on 1 at 7.6 uL/sec
Transferring 10.0 from A3 of NEST 96 Deep Well Plate 2mL on 11 to A10 of HiMic 96 Well Plate 400 µL on 1
	Aspirating 10.0 uL from A3 of NEST 96 Deep Well Plate 2mL on 11 at 7.6 uL/sec
	Dispensing 10.0 uL into A10 of HiMic 96 Well Plate 400 µL on 1 at 7.6 uL/sec
Transferring 10.0 from A3 of NEST 96 Deep Well Plate 2mL on 11 to A11 of HiMic 96 Well Plate 400 µL on 1
	Aspirating 10.0 uL from A3 of NEST 96 Deep Well Plate 2mL on 11 at 7.6 uL/sec
	Dispensing 10.0 uL into A11 of HiMic 96 Well Plate 400 µL on 1 at 7.6 uL/sec
Transferring 10.0 from A3 of NEST 96 Deep Well Plate 2mL on 11 to A12 of HiMic 96 Well Plate 400 µL on 1
	Aspirating 10.0 uL from A3 of NEST 96 Deep Well Plate 2mL on 11 at 7.6 uL/sec
	Dispensing 10.0 uL into A12 of HiMic 96 Well Plate 400 µL on 1 at 7.6 uL/sec
Transferring 10.0 from A3 of NEST 96 Deep Well Plate 2mL on 11 to A1 of HiMic 96 Well Plate 400 µL on 2
	Aspirating 10.0 uL from A3 of NEST 96 Deep Well Plate 2mL on 11 at 7.6 uL/sec
	Dispensing 10.0 uL into A1 of HiMic 96 Well Plate 400 µL on 2 at 7.6 uL/sec
Transferring 10.0 from A3 of NEST 96 Deep Well Plate 2mL on 11 to A2 of HiMic 96 Well Plate 400 µL on 2
	Aspirating 10.0 uL from A3 of NEST 96 Deep Well Plate 2mL on 11 at 7.6 uL/sec
	Dispensing 10.0 uL into A2 of HiMic 96 Well Plate 400 µL on 2 at 7.6 uL/sec
Transferring 10.0 from A3 of NEST 96 Deep Well Plate 2mL on 11 to A3 of HiMic 96 Well Plate 400 µL on 2
	Aspirating 10.0 uL from A3 of NEST 96 Deep Well Plate 2mL on 11 at 7.6 uL/sec
	Dispensing 10.0 uL into A3 of HiMic 96 Well Plate 400 µL on 2 at 7.6 uL/sec
Transferring 10.0 from A3 of NEST 96 Deep Well Plate 2mL on 11 to A4 of HiMic 96 Well Plate 400 µL on 2
	Aspirating 10.0 uL from A3 of NEST 96 Deep Well Plate 2mL on 11 at 7.6 uL/sec
	Dispensing 10.0 uL into A4 of HiMic 96 Well Plate 400 µL on 2 at 7.6 uL/sec
Transferring 10.0 from A3 of NEST 96 Deep Well Plate 2mL on 11 to A5 of HiMic 96 Well Plate 400 µL on 2
	Aspirating 10.0 uL from A3 of NEST 96 Deep Well Plate 2mL on 11 at 7.6 uL/sec
	Dispensing 10.0 uL into A5 of HiMic 96 Well Plate 400 µL on 2 at 7.6 uL/sec
Transferring 10.0 from A3 of NEST 96 Deep Well Plate 2mL on 11 to A6 of HiMic 96 Well Plate 400 µL on 2
	Aspirating 10.0 uL from A3 of NEST 96 Deep Well Plate 2mL on 11 at 7.6 uL/sec
	Dispensing 10.0 uL into A6 of HiMic 96 Well Plate 400 µL on 2 at 7.6 uL/sec
Transferring 10.0 from A3 of NEST 96 Deep Well Plate 2mL on 11 to A7 of HiMic 96 Well Plate 400 µL on 2
	Aspirating 10.0 uL from A3 of NEST 96 Deep Well Plate 2mL on 11 at 7.6 uL/sec
	Dispensing 10.0 uL into A7 of HiMic 96 Well Plate 400 µL on 2 at 7.6 uL/sec
Transferring 10.0 from A3 of NEST 96 Deep Well Plate 2mL on 11 to A8 of HiMic 96 Well Plate 400 µL on 2
	Aspirating 10.0 uL from A3 of NEST 96 Deep Well Plate 2mL on 11 at 7.6 uL/sec
	Dispensing 10.0 uL into A8 of HiMic 96 Well Plate 400 µL on 2 at 7.6 uL/sec
Transferring 10.0 from A3 of NEST 96 Deep Well Plate 2mL on 11 to A9 of HiMic 96 Well Plate 400 µL on 2
	Aspirating 10.0 uL from A3 of NEST 96 Deep Well Plate 2mL on 11 at 7.6 uL/sec
	Dispensing 10.0 uL into A9 of HiMic 96 Well Plate 400 µL on 2 at 7.6 uL/sec
Transferring 10.0 from A3 of NEST 96 Deep Well Plate 2mL on 11 to A10 of HiMic 96 Well Plate 400 µL on 2
	Aspirating 10.0 uL from A3 of NEST 96 Deep Well Plate 2mL on 11 at 7.6 uL/sec
	Dispensing 10.0 uL into A10 of HiMic 96 Well Plate 400 µL on 2 at 7.6 uL/sec
Transferring 10.0 from A3 of NEST 96 Deep Well Plate 2mL on 11 to A11 of HiMic 96 Well Plate 400 µL on 2
	Aspirating 10.0 uL from A3 of NEST 96 Deep Well Plate 2mL on 11 at 7.6 uL/sec
	Dispensing 10.0 uL into A11 of HiMic 96 Well Plate 400 µL on 2 at 7.6 uL/sec
Transferring 10.0 from A3 of NEST 96 Deep Well Plate 2mL on 11 to A12 of HiMic 96 Well Plate 400 µL on 2
	Aspirating 10.0 uL from A3 of NEST 96 Deep Well Plate 2mL on 11 at 7.6 uL/sec
	Dispensing 10.0 uL into A12 of HiMic 96 Well Plate 400 µL on 2 at 7.6 uL/sec
Transferring 10.0 from A3 of NEST 96 Deep Well Plate 2mL on 11 to A1 of HiMic 96 Well Plate 400 µL on 3
	Aspirating 10.0 uL from A3 of NEST 96 Deep Well Plate 2mL on 11 at 7.6 uL/sec
	Dispensing 10.0 uL into A1 of HiMic 96 Well Plate 400 µL on 3 at 7.6 uL/sec
Transferring 10.0 from A3 of NEST 96 Deep Well Plate 2mL on 11 to A2 of HiMic 96 Well Plate 400 µL on 3
	Aspirating 10.0 uL from A3 of NEST 96 Deep Well Plate 2mL on 11 at 7.6 uL/sec
	Dispensing 10.0 uL into A2 of HiMic 96 Well Plate 400 µL on 3 at 7.6 uL/sec
Transferring 10.0 from A3 of NEST 96 Deep Well Plate 2mL on 11 to A3 of HiMic 96 Well Plate 400 µL on 3
	Aspirating 10.0 uL from A3 of NEST 96 Deep Well Plate 2mL on 11 at 7.6 uL/sec
	Dispensing 10.0 uL into A3 of HiMic 96 Well Plate 400 µL on 3 at 7.6 uL/sec
Transferring 10.0 from A3 of NEST 96 Deep Well Plate 2mL on 11 to A4 of HiMic 96 Well Plate 400 µL on 3
	Aspirating 10.0 uL from A3 of NEST 96 Deep Well Plate 2mL on 11 at 7.6 uL/sec
	Dispensing 10.0 uL into A4 of HiMic 96 Well Plate 400 µL on 3 at 7.6 uL/sec
Transferring 10.0 from A3 of NEST 96 Deep Well Plate 2mL on 11 to A5 of HiMic 96 Well Plate 400 µL on 3
	Aspirating 10.0 uL from A3 of NEST 96 Deep Well Plate 2mL on 11 at 7.6 uL/sec
	Dispensing 10.0 uL into A5 of HiMic 96 Well Plate 400 µL on 3 at 7.6 uL/sec
Transferring 10.0 from A3 of NEST 96 Deep Well Plate 2mL on 11 to A6 of HiMic 96 Well Plate 400 µL on 3
	Aspirating 10.0 uL from A3 of NEST 96 Deep Well Plate 2mL on 11 at 7.6 uL/sec
	Dispensing 10.0 uL into A6 of HiMic 96 Well Plate 400 µL on 3 at 7.6 uL/sec
Transferring 10.0 from A3 of NEST 96 Deep Well Plate 2mL on 11 to A7 of HiMic 96 Well Plate 400 µL on 3
	Aspirating 10.0 uL from A3 of NEST 96 Deep Well Plate 2mL on 11 at 7.6 uL/sec
	Dispensing 10.0 uL into A7 of HiMic 96 Well Plate 400 µL on 3 at 7.6 uL/sec
Transferring 10.0 from A3 of NEST 96 Deep Well Plate 2mL on 11 to A8 of HiMic 96 Well Plate 400 µL on 3
	Aspirating 10.0 uL from A3 of NEST 96 Deep Well Plate 2mL on 11 at 7.6 uL/sec
	Dispensing 10.0 uL into A8 of HiMic 96 Well Plate 400 µL on 3 at 7.6 uL/sec
Transferring 10.0 from A3 of NEST 96 Deep Well Plate 2mL on 11 to A9 of HiMic 96 Well Plate 400 µL on 3
	Aspirating 10.0 uL from A3 of NEST 96 Deep Well Plate 2mL on 11 at 7.6 uL/sec
	Dispensing 10.0 uL into A9 of HiMic 96 Well Plate 400 µL on 3 at 7.6 uL/sec
Transferring 10.0 from A3 of NEST 96 Deep Well Plate 2mL on 11 to A10 of HiMic 96 Well Plate 400 µL on 3
	Aspirating 10.0 uL from A3 of NEST 96 Deep Well Plate 2mL on 11 at 7.6 uL/sec
	Dispensing 10.0 uL into A10 of HiMic 96 Well Plate 400 µL on 3 at 7.6 uL/sec
Transferring 10.0 from A3 of NEST 96 Deep Well Plate 2mL on 11 to A11 of HiMic 96 Well Plate 400 µL on 3
	Aspirating 10.0 uL from A3 of NEST 96 Deep Well Plate 2mL on 11 at 7.6 uL/sec
	Dispensing 10.0 uL into A11 of HiMic 96 Well Plate 400 µL on 3 at 7.6 uL/sec
Transferring 10.0 from A3 of NEST 96 Deep Well Plate 2mL on 11 to A12 of HiMic 96 Well Plate 400 µL on 3
	Aspirating 10.0 uL from A3 of NEST 96 Deep Well Plate 2mL on 11 at 7.6 uL/sec
	Dispensing 10.0 uL into A12 of HiMic 96 Well Plate 400 µL on 3 at 7.6 uL/sec
Transferring 10.0 from A3 of NEST 96 Deep Well Plate 2mL on 11 to A1 of HiMic 96 Well Plate 400 µL on 4
	Aspirating 10.0 uL from A3 of NEST 96 Deep Well Plate 2mL on 11 at 7.6 uL/sec
	Dispensing 10.0 uL into A1 of HiMic 96 Well Plate 400 µL on 4 at 7.6 uL/sec
Transferring 10.0 from A3 of NEST 96 Deep Well Plate 2mL on 11 to A2 of HiMic 96 Well Plate 400 µL on 4
	Aspirating 10.0 uL from A3 of NEST 96 Deep Well Plate 2mL on 11 at 7.6 uL/sec
	Dispensing 10.0 uL into A2 of HiMic 96 Well Plate 400 µL on 4 at 7.6 uL/sec
Transferring 10.0 from A3 of NEST 96 Deep Well Plate 2mL on 11 to A3 of HiMic 96 Well Plate 400 µL on 4
	Aspirating 10.0 uL from A3 of NEST 96 Deep Well Plate 2mL on 11 at 7.6 uL/sec
	Dispensing 10.0 uL into A3 of HiMic 96 Well Plate 400 µL on 4 at 7.6 uL/sec
Transferring 10.0 from A3 of NEST 96 Deep Well Plate 2mL on 11 to A4 of HiMic 96 Well Plate 400 µL on 4
	Aspirating 10.0 uL from A3 of NEST 96 Deep Well Plate 2mL on 11 at 7.6 uL/sec
	Dispensing 10.0 uL into A4 of HiMic 96 Well Plate 400 µL on 4 at 7.6 uL/sec
Transferring 10.0 from A3 of NEST 96 Deep Well Plate 2mL on 11 to A5 of HiMic 96 Well Plate 400 µL on 4
	Aspirating 10.0 uL from A3 of NEST 96 Deep Well Plate 2mL on 11 at 7.6 uL/sec
	Dispensing 10.0 uL into A5 of HiMic 96 Well Plate 400 µL on 4 at 7.6 uL/sec
Transferring 10.0 from A3 of NEST 96 Deep Well Plate 2mL on 11 to A6 of HiMic 96 Well Plate 400 µL on 4
	Aspirating 10.0 uL from A3 of NEST 96 Deep Well Plate 2mL on 11 at 7.6 uL/sec
	Dispensing 10.0 uL into A6 of HiMic 96 Well Plate 400 µL on 4 at 7.6 uL/sec
Transferring 10.0 from A3 of NEST 96 Deep Well Plate 2mL on 11 to A7 of HiMic 96 Well Plate 400 µL on 4
	Aspirating 10.0 uL from A3 of NEST 96 Deep Well Plate 2mL on 11 at 7.6 uL/sec
	Dispensing 10.0 uL into A7 of HiMic 96 Well Plate 400 µL on 4 at 7.6 uL/sec
Transferring 10.0 from A3 of NEST 96 Deep Well Plate 2mL on 11 to A8 of HiMic 96 Well Plate 400 µL on 4
	Aspirating 10.0 uL from A3 of NEST 96 Deep Well Plate 2mL on 11 at 7.6 uL/sec
	Dispensing 10.0 uL into A8 of HiMic 96 Well Plate 400 µL on 4 at 7.6 uL/sec
Transferring 10.0 from A3 of NEST 96 Deep Well Plate 2mL on 11 to A9 of HiMic 96 Well Plate 400 µL on 4
	Aspirating 10.0 uL from A3 of NEST 96 Deep Well Plate 2mL on 11 at 7.6 uL/sec
	Dispensing 10.0 uL into A9 of HiMic 96 Well Plate 400 µL on 4 at 7.6 uL/sec
Transferring 10.0 from A3 of NEST 96 Deep Well Plate 2mL on 11 to A10 of HiMic 96 Well Plate 400 µL on 4
	Aspirating 10.0 uL from A3 of NEST 96 Deep Well Plate 2mL on 11 at 7.6 uL/sec
	Dispensing 10.0 uL into A10 of HiMic 96 Well Plate 400 µL on 4 at 7.6 uL/sec
Transferring 10.0 from A3 of NEST 96 Deep Well Plate 2mL on 11 to A11 of HiMic 96 Well Plate 400 µL on 4
	Aspirating 10.0 uL from A3 of NEST 96 Deep Well Plate 2mL on 11 at 7.6 uL/sec
	Dispensing 10.0 uL into A11 of HiMic 96 Well Plate 400 µL on 4 at 7.6 uL/sec
Transferring 10.0 from A3 of NEST 96 Deep Well Plate 2mL on 11 to A12 of HiMic 96 Well Plate 400 µL on 4
	Aspirating 10.0 uL from A3 of NEST 96 Deep Well Plate 2mL on 11 at 7.6 uL/sec
	Dispensing 10.0 uL into A12 of HiMic 96 Well Plate 400 µL on 4 at 7.6 uL/sec
Transferring 10.0 from A3 of NEST 96 Deep Well Plate 2mL on 11 to A1 of HiMic 96 Well Plate 400 µL on 5
	Aspirating 10.0 uL from A3 of NEST 96 Deep Well Plate 2mL on 11 at 7.6 uL/sec
	Dispensing 10.0 uL into A1 of HiMic 96 Well Plate 400 µL on 5 at 7.6 uL/sec
Transferring 10.0 from A3 of NEST 96 Deep Well Plate 2mL on 11 to A2 of HiMic 96 Well Plate 400 µL on 5
	Aspirating 10.0 uL from A3 of NEST 96 Deep Well Plate 2mL on 11 at 7.6 uL/sec
	Dispensing 10.0 uL into A2 of HiMic 96 Well Plate 400 µL on 5 at 7.6 uL/sec
Transferring 10.0 from A3 of NEST 96 Deep Well Plate 2mL on 11 to A3 of HiMic 96 Well Plate 400 µL on 5
	Aspirating 10.0 uL from A3 of NEST 96 Deep Well Plate 2mL on 11 at 7.6 uL/sec
	Dispensing 10.0 uL into A3 of HiMic 96 Well Plate 400 µL on 5 at 7.6 uL/sec
Transferring 10.0 from A3 of NEST 96 Deep Well Plate 2mL on 11 to A4 of HiMic 96 Well Plate 400 µL on 5
	Aspirating 10.0 uL from A3 of NEST 96 Deep Well Plate 2mL on 11 at 7.6 uL/sec
	Dispensing 10.0 uL into A4 of HiMic 96 Well Plate 400 µL on 5 at 7.6 uL/sec
Transferring 10.0 from A3 of NEST 96 Deep Well Plate 2mL on 11 to A5 of HiMic 96 Well Plate 400 µL on 5
	Aspirating 10.0 uL from A3 of NEST 96 Deep Well Plate 2mL on 11 at 7.6 uL/sec
	Dispensing 10.0 uL into A5 of HiMic 96 Well Plate 400 µL on 5 at 7.6 uL/sec
Transferring 10.0 from A3 of NEST 96 Deep Well Plate 2mL on 11 to A6 of HiMic 96 Well Plate 400 µL on 5
	Aspirating 10.0 uL from A3 of NEST 96 Deep Well Plate 2mL on 11 at 7.6 uL/sec
	Dispensing 10.0 uL into A6 of HiMic 96 Well Plate 400 µL on 5 at 7.6 uL/sec
Transferring 10.0 from A3 of NEST 96 Deep Well Plate 2mL on 11 to A7 of HiMic 96 Well Plate 400 µL on 5
	Aspirating 10.0 uL from A3 of NEST 96 Deep Well Plate 2mL on 11 at 7.6 uL/sec
	Dispensing 10.0 uL into A7 of HiMic 96 Well Plate 400 µL on 5 at 7.6 uL/sec
Transferring 10.0 from A3 of NEST 96 Deep Well Plate 2mL on 11 to A8 of HiMic 96 Well Plate 400 µL on 5
	Aspirating 10.0 uL from A3 of NEST 96 Deep Well Plate 2mL on 11 at 7.6 uL/sec
	Dispensing 10.0 uL into A8 of HiMic 96 Well Plate 400 µL on 5 at 7.6 uL/sec
Transferring 10.0 from A3 of NEST 96 Deep Well Plate 2mL on 11 to A9 of HiMic 96 Well Plate 400 µL on 5
	Aspirating 10.0 uL from A3 of NEST 96 Deep Well Plate 2mL on 11 at 7.6 uL/sec
	Dispensing 10.0 uL into A9 of HiMic 96 Well Plate 400 µL on 5 at 7.6 uL/sec
Transferring 10.0 from A3 of NEST 96 Deep Well Plate 2mL on 11 to A10 of HiMic 96 Well Plate 400 µL on 5
	Aspirating 10.0 uL from A3 of NEST 96 Deep Well Plate 2mL on 11 at 7.6 uL/sec
	Dispensing 10.0 uL into A10 of HiMic 96 Well Plate 400 µL on 5 at 7.6 uL/sec
Transferring 10.0 from A3 of NEST 96 Deep Well Plate 2mL on 11 to A11 of HiMic 96 Well Plate 400 µL on 5
	Aspirating 10.0 uL from A3 of NEST 96 Deep Well Plate 2mL on 11 at 7.6 uL/sec
	Dispensing 10.0 uL into A11 of HiMic 96 Well Plate 400 µL on 5 at 7.6 uL/sec
Transferring 10.0 from A3 of NEST 96 Deep Well Plate 2mL on 11 to A12 of HiMic 96 Well Plate 400 µL on 5
	Aspirating 10.0 uL from A3 of NEST 96 Deep Well Plate 2mL on 11 at 7.6 uL/sec
	Dispensing 10.0 uL into A12 of HiMic 96 Well Plate 400 µL on 5 at 7.6 uL/sec
Transferring 10.0 from A3 of NEST 96 Deep Well Plate 2mL on 11 to A1 of HiMic 96 Well Plate 400 µL on 6
	Aspirating 10.0 uL from A3 of NEST 96 Deep Well Plate 2mL on 11 at 7.6 uL/sec
	Dispensing 10.0 uL into A1 of HiMic 96 Well Plate 400 µL on 6 at 7.6 uL/sec
Transferring 10.0 from A3 of NEST 96 Deep Well Plate 2mL on 11 to A2 of HiMic 96 Well Plate 400 µL on 6
	Aspirating 10.0 uL from A3 of NEST 96 Deep Well Plate 2mL on 11 at 7.6 uL/sec
	Dispensing 10.0 uL into A2 of HiMic 96 Well Plate 400 µL on 6 at 7.6 uL/sec
Transferring 10.0 from A3 of NEST 96 Deep Well Plate 2mL on 11 to A3 of HiMic 96 Well Plate 400 µL on 6
	Aspirating 10.0 uL from A3 of NEST 96 Deep Well Plate 2mL on 11 at 7.6 uL/sec
	Dispensing 10.0 uL into A3 of HiMic 96 Well Plate 400 µL on 6 at 7.6 uL/sec
Transferring 10.0 from A3 of NEST 96 Deep Well Plate 2mL on 11 to A4 of HiMic 96 Well Plate 400 µL on 6
	Aspirating 10.0 uL from A3 of NEST 96 Deep Well Plate 2mL on 11 at 7.6 uL/sec
	Dispensing 10.0 uL into A4 of HiMic 96 Well Plate 400 µL on 6 at 7.6 uL/sec
Transferring 10.0 from A3 of NEST 96 Deep Well Plate 2mL on 11 to A5 of HiMic 96 Well Plate 400 µL on 6
	Aspirating 10.0 uL from A3 of NEST 96 Deep Well Plate 2mL on 11 at 7.6 uL/sec
	Dispensing 10.0 uL into A5 of HiMic 96 Well Plate 400 µL on 6 at 7.6 uL/sec
Transferring 10.0 from A3 of NEST 96 Deep Well Plate 2mL on 11 to A6 of HiMic 96 Well Plate 400 µL on 6
	Aspirating 10.0 uL from A3 of NEST 96 Deep Well Plate 2mL on 11 at 7.6 uL/sec
	Dispensing 10.0 uL into A6 of HiMic 96 Well Plate 400 µL on 6 at 7.6 uL/sec
Transferring 10.0 from A3 of NEST 96 Deep Well Plate 2mL on 11 to A7 of HiMic 96 Well Plate 400 µL on 6
	Aspirating 10.0 uL from A3 of NEST 96 Deep Well Plate 2mL on 11 at 7.6 uL/sec
	Dispensing 10.0 uL into A7 of HiMic 96 Well Plate 400 µL on 6 at 7.6 uL/sec
Transferring 10.0 from A3 of NEST 96 Deep Well Plate 2mL on 11 to A8 of HiMic 96 Well Plate 400 µL on 6
	Aspirating 10.0 uL from A3 of NEST 96 Deep Well Plate 2mL on 11 at 7.6 uL/sec
	Dispensing 10.0 uL into A8 of HiMic 96 Well Plate 400 µL on 6 at 7.6 uL/sec
Transferring 10.0 from A3 of NEST 96 Deep Well Plate 2mL on 11 to A9 of HiMic 96 Well Plate 400 µL on 6
	Aspirating 10.0 uL from A3 of NEST 96 Deep Well Plate 2mL on 11 at 7.6 uL/sec
	Dispensing 10.0 uL into A9 of HiMic 96 Well Plate 400 µL on 6 at 7.6 uL/sec
Transferring 10.0 from A3 of NEST 96 Deep Well Plate 2mL on 11 to A10 of HiMic 96 Well Plate 400 µL on 6
	Aspirating 10.0 uL from A3 of NEST 96 Deep Well Plate 2mL on 11 at 7.6 uL/sec
	Dispensing 10.0 uL into A10 of HiMic 96 Well Plate 400 µL on 6 at 7.6 uL/sec
Transferring 10.0 from A3 of NEST 96 Deep Well Plate 2mL on 11 to A11 of HiMic 96 Well Plate 400 µL on 6
	Aspirating 10.0 uL from A3 of NEST 96 Deep Well Plate 2mL on 11 at 7.6 uL/sec
	Dispensing 10.0 uL into A11 of HiMic 96 Well Plate 400 µL on 6 at 7.6 uL/sec
Transferring 10.0 from A3 of NEST 96 Deep Well Plate 2mL on 11 to A12 of HiMic 96 Well Plate 400 µL on 6
	Aspirating 10.0 uL from A3 of NEST 96 Deep Well Plate 2mL on 11 at 7.6 uL/sec
	Dispensing 10.0 uL into A12 of HiMic 96 Well Plate 400 µL on 6 at 7.6 uL/sec
Transferring 10.0 from A3 of NEST 96 Deep Well Plate 2mL on 11 to A1 of HiMic 96 Well Plate 400 µL on 7
	Aspirating 10.0 uL from A3 of NEST 96 Deep Well Plate 2mL on 11 at 7.6 uL/sec
	Dispensing 10.0 uL into A1 of HiMic 96 Well Plate 400 µL on 7 at 7.6 uL/sec
Transferring 10.0 from A3 of NEST 96 Deep Well Plate 2mL on 11 to A2 of HiMic 96 Well Plate 400 µL on 7
	Aspirating 10.0 uL from A3 of NEST 96 Deep Well Plate 2mL on 11 at 7.6 uL/sec
	Dispensing 10.0 uL into A2 of HiMic 96 Well Plate 400 µL on 7 at 7.6 uL/sec
Transferring 10.0 from A3 of NEST 96 Deep Well Plate 2mL on 11 to A3 of HiMic 96 Well Plate 400 µL on 7
	Aspirating 10.0 uL from A3 of NEST 96 Deep Well Plate 2mL on 11 at 7.6 uL/sec
	Dispensing 10.0 uL into A3 of HiMic 96 Well Plate 400 µL on 7 at 7.6 uL/sec
Transferring 10.0 from A3 of NEST 96 Deep Well Plate 2mL on 11 to A4 of HiMic 96 Well Plate 400 µL on 7
	Aspirating 10.0 uL from A3 of NEST 96 Deep Well Plate 2mL on 11 at 7.6 uL/sec
	Dispensing 10.0 uL into A4 of HiMic 96 Well Plate 400 µL on 7 at 7.6 uL/sec
Transferring 10.0 from A3 of NEST 96 Deep Well Plate 2mL on 11 to A5 of HiMic 96 Well Plate 400 µL on 7
	Aspirating 10.0 uL from A3 of NEST 96 Deep Well Plate 2mL on 11 at 7.6 uL/sec
	Dispensing 10.0 uL into A5 of HiMic 96 Well Plate 400 µL on 7 at 7.6 uL/sec
Transferring 10.0 from A3 of NEST 96 Deep Well Plate 2mL on 11 to A6 of HiMic 96 Well Plate 400 µL on 7
	Aspirating 10.0 uL from A3 of NEST 96 Deep Well Plate 2mL on 11 at 7.6 uL/sec
	Dispensing 10.0 uL into A6 of HiMic 96 Well Plate 400 µL on 7 at 7.6 uL/sec
Transferring 10.0 from A3 of NEST 96 Deep Well Plate 2mL on 11 to A7 of HiMic 96 Well Plate 400 µL on 7
	Aspirating 10.0 uL from A3 of NEST 96 Deep Well Plate 2mL on 11 at 7.6 uL/sec
	Dispensing 10.0 uL into A7 of HiMic 96 Well Plate 400 µL on 7 at 7.6 uL/sec
Transferring 10.0 from A3 of NEST 96 Deep Well Plate 2mL on 11 to A8 of HiMic 96 Well Plate 400 µL on 7
	Aspirating 10.0 uL from A3 of NEST 96 Deep Well Plate 2mL on 11 at 7.6 uL/sec
	Dispensing 10.0 uL into A8 of HiMic 96 Well Plate 400 µL on 7 at 7.6 uL/sec
Transferring 10.0 from A3 of NEST 96 Deep Well Plate 2mL on 11 to A9 of HiMic 96 Well Plate 400 µL on 7
	Aspirating 10.0 uL from A3 of NEST 96 Deep Well Plate 2mL on 11 at 7.6 uL/sec
	Dispensing 10.0 uL into A9 of HiMic 96 Well Plate 400 µL on 7 at 7.6 uL/sec
Transferring 10.0 from A3 of NEST 96 Deep Well Plate 2mL on 11 to A10 of HiMic 96 Well Plate 400 µL on 7
	Aspirating 10.0 uL from A3 of NEST 96 Deep Well Plate 2mL on 11 at 7.6 uL/sec
	Dispensing 10.0 uL into A10 of HiMic 96 Well Plate 400 µL on 7 at 7.6 uL/sec
Transferring 10.0 from A3 of NEST 96 Deep Well Plate 2mL on 11 to A11 of HiMic 96 Well Plate 400 µL on 7
	Aspirating 10.0 uL from A3 of NEST 96 Deep Well Plate 2mL on 11 at 7.6 uL/sec
	Dispensing 10.0 uL into A11 of HiMic 96 Well Plate 400 µL on 7 at 7.6 uL/sec
Transferring 10.0 from A3 of NEST 96 Deep Well Plate 2mL on 11 to A12 of HiMic 96 Well Plate 400 µL on 7
	Aspirating 10.0 uL from A3 of NEST 96 Deep Well Plate 2mL on 11 at 7.6 uL/sec
	Dispensing 10.0 uL into A12 of HiMic 96 Well Plate 400 µL on 7 at 7.6 uL/sec
Transferring 10.0 from A3 of NEST 96 Deep Well Plate 2mL on 11 to A1 of HiMic 96 Well Plate 400 µL on 8
	Aspirating 10.0 uL from A3 of NEST 96 Deep Well Plate 2mL on 11 at 7.6 uL/sec
	Dispensing 10.0 uL into A1 of HiMic 96 Well Plate 400 µL on 8 at 7.6 uL/sec
Transferring 10.0 from A3 of NEST 96 Deep Well Plate 2mL on 11 to A2 of HiMic 96 Well Plate 400 µL on 8
	Aspirating 10.0 uL from A3 of NEST 96 Deep Well Plate 2mL on 11 at 7.6 uL/sec
	Dispensing 10.0 uL into A2 of HiMic 96 Well Plate 400 µL on 8 at 7.6 uL/sec
Transferring 10.0 from A3 of NEST 96 Deep Well Plate 2mL on 11 to A3 of HiMic 96 Well Plate 400 µL on 8
	Aspirating 10.0 uL from A3 of NEST 96 Deep Well Plate 2mL on 11 at 7.6 uL/sec
	Dispensing 10.0 uL into A3 of HiMic 96 Well Plate 400 µL on 8 at 7.6 uL/sec
Transferring 10.0 from A3 of NEST 96 Deep Well Plate 2mL on 11 to A4 of HiMic 96 Well Plate 400 µL on 8
	Aspirating 10.0 uL from A3 of NEST 96 Deep Well Plate 2mL on 11 at 7.6 uL/sec
	Dispensing 10.0 uL into A4 of HiMic 96 Well Plate 400 µL on 8 at 7.6 uL/sec
Transferring 10.0 from A3 of NEST 96 Deep Well Plate 2mL on 11 to A5 of HiMic 96 Well Plate 400 µL on 8
	Aspirating 10.0 uL from A3 of NEST 96 Deep Well Plate 2mL on 11 at 7.6 uL/sec
	Dispensing 10.0 uL into A5 of HiMic 96 Well Plate 400 µL on 8 at 7.6 uL/sec
Transferring 10.0 from A3 of NEST 96 Deep Well Plate 2mL on 11 to A6 of HiMic 96 Well Plate 400 µL on 8
	Aspirating 10.0 uL from A3 of NEST 96 Deep Well Plate 2mL on 11 at 7.6 uL/sec
	Dispensing 10.0 uL into A6 of HiMic 96 Well Plate 400 µL on 8 at 7.6 uL/sec
Transferring 10.0 from A3 of NEST 96 Deep Well Plate 2mL on 11 to A7 of HiMic 96 Well Plate 400 µL on 8
	Aspirating 10.0 uL from A3 of NEST 96 Deep Well Plate 2mL on 11 at 7.6 uL/sec
	Dispensing 10.0 uL into A7 of HiMic 96 Well Plate 400 µL on 8 at 7.6 uL/sec
Transferring 10.0 from A3 of NEST 96 Deep Well Plate 2mL on 11 to A8 of HiMic 96 Well Plate 400 µL on 8
	Aspirating 10.0 uL from A3 of NEST 96 Deep Well Plate 2mL on 11 at 7.6 uL/sec
	Dispensing 10.0 uL into A8 of HiMic 96 Well Plate 400 µL on 8 at 7.6 uL/sec
Transferring 10.0 from A3 of NEST 96 Deep Well Plate 2mL on 11 to A9 of HiMic 96 Well Plate 400 µL on 8
	Aspirating 10.0 uL from A3 of NEST 96 Deep Well Plate 2mL on 11 at 7.6 uL/sec
	Dispensing 10.0 uL into A9 of HiMic 96 Well Plate 400 µL on 8 at 7.6 uL/sec
Transferring 10.0 from A3 of NEST 96 Deep Well Plate 2mL on 11 to A10 of HiMic 96 Well Plate 400 µL on 8
	Aspirating 10.0 uL from A3 of NEST 96 Deep Well Plate 2mL on 11 at 7.6 uL/sec
	Dispensing 10.0 uL into A10 of HiMic 96 Well Plate 400 µL on 8 at 7.6 uL/sec
Transferring 10.0 from A3 of NEST 96 Deep Well Plate 2mL on 11 to A11 of HiMic 96 Well Plate 400 µL on 8
	Aspirating 10.0 uL from A3 of NEST 96 Deep Well Plate 2mL on 11 at 7.6 uL/sec
	Dispensing 10.0 uL into A11 of HiMic 96 Well Plate 400 µL on 8 at 7.6 uL/sec
Transferring 10.0 from A3 of NEST 96 Deep Well Plate 2mL on 11 to A12 of HiMic 96 Well Plate 400 µL on 8
	Aspirating 10.0 uL from A3 of NEST 96 Deep Well Plate 2mL on 11 at 7.6 uL/sec
	Dispensing 10.0 uL into A12 of HiMic 96 Well Plate 400 µL on 8 at 7.6 uL/sec
Transferring 10.0 from A3 of NEST 96 Deep Well Plate 2mL on 11 to A1 of HiMic 96 Well Plate 400 µL on 9
	Aspirating 10.0 uL from A3 of NEST 96 Deep Well Plate 2mL on 11 at 7.6 uL/sec
	Dispensing 10.0 uL into A1 of HiMic 96 Well Plate 400 µL on 9 at 7.6 uL/sec
Transferring 10.0 from A3 of NEST 96 Deep Well Plate 2mL on 11 to A2 of HiMic 96 Well Plate 400 µL on 9
	Aspirating 10.0 uL from A3 of NEST 96 Deep Well Plate 2mL on 11 at 7.6 uL/sec
	Dispensing 10.0 uL into A2 of HiMic 96 Well Plate 400 µL on 9 at 7.6 uL/sec
Transferring 10.0 from A3 of NEST 96 Deep Well Plate 2mL on 11 to A3 of HiMic 96 Well Plate 400 µL on 9
	Aspirating 10.0 uL from A3 of NEST 96 Deep Well Plate 2mL on 11 at 7.6 uL/sec
	Dispensing 10.0 uL into A3 of HiMic 96 Well Plate 400 µL on 9 at 7.6 uL/sec
Transferring 10.0 from A3 of NEST 96 Deep Well Plate 2mL on 11 to A4 of HiMic 96 Well Plate 400 µL on 9
	Aspirating 10.0 uL from A3 of NEST 96 Deep Well Plate 2mL on 11 at 7.6 uL/sec
	Dispensing 10.0 uL into A4 of HiMic 96 Well Plate 400 µL on 9 at 7.6 uL/sec
Transferring 10.0 from A3 of NEST 96 Deep Well Plate 2mL on 11 to A5 of HiMic 96 Well Plate 400 µL on 9
	Aspirating 10.0 uL from A3 of NEST 96 Deep Well Plate 2mL on 11 at 7.6 uL/sec
	Dispensing 10.0 uL into A5 of HiMic 96 Well Plate 400 µL on 9 at 7.6 uL/sec
Transferring 10.0 from A3 of NEST 96 Deep Well Plate 2mL on 11 to A6 of HiMic 96 Well Plate 400 µL on 9
	Aspirating 10.0 uL from A3 of NEST 96 Deep Well Plate 2mL on 11 at 7.6 uL/sec
	Dispensing 10.0 uL into A6 of HiMic 96 Well Plate 400 µL on 9 at 7.6 uL/sec
Transferring 10.0 from A3 of NEST 96 Deep Well Plate 2mL on 11 to A7 of HiMic 96 Well Plate 400 µL on 9
	Aspirating 10.0 uL from A3 of NEST 96 Deep Well Plate 2mL on 11 at 7.6 uL/sec
	Dispensing 10.0 uL into A7 of HiMic 96 Well Plate 400 µL on 9 at 7.6 uL/sec
Transferring 10.0 from A3 of NEST 96 Deep Well Plate 2mL on 11 to A8 of HiMic 96 Well Plate 400 µL on 9
	Aspirating 10.0 uL from A3 of NEST 96 Deep Well Plate 2mL on 11 at 7.6 uL/sec
	Dispensing 10.0 uL into A8 of HiMic 96 Well Plate 400 µL on 9 at 7.6 uL/sec
Transferring 10.0 from A3 of NEST 96 Deep Well Plate 2mL on 11 to A9 of HiMic 96 Well Plate 400 µL on 9
	Aspirating 10.0 uL from A3 of NEST 96 Deep Well Plate 2mL on 11 at 7.6 uL/sec
	Dispensing 10.0 uL into A9 of HiMic 96 Well Plate 400 µL on 9 at 7.6 uL/sec
Transferring 10.0 from A3 of NEST 96 Deep Well Plate 2mL on 11 to A10 of HiMic 96 Well Plate 400 µL on 9
	Aspirating 10.0 uL from A3 of NEST 96 Deep Well Plate 2mL on 11 at 7.6 uL/sec
	Dispensing 10.0 uL into A10 of HiMic 96 Well Plate 400 µL on 9 at 7.6 uL/sec
Transferring 10.0 from A3 of NEST 96 Deep Well Plate 2mL on 11 to A11 of HiMic 96 Well Plate 400 µL on 9
	Aspirating 10.0 uL from A3 of NEST 96 Deep Well Plate 2mL on 11 at 7.6 uL/sec
	Dispensing 10.0 uL into A11 of HiMic 96 Well Plate 400 µL on 9 at 7.6 uL/sec
Transferring 10.0 from A3 of NEST 96 Deep Well Plate 2mL on 11 to A12 of HiMic 96 Well Plate 400 µL on 9
	Aspirating 10.0 uL from A3 of NEST 96 Deep Well Plate 2mL on 11 at 7.6 uL/sec
	Dispensing 10.0 uL into A12 of HiMic 96 Well Plate 400 µL on 9 at 7.6 uL/sec
Dropping tip into A1 of Opentrons Fixed Trash on 12
Protocol complete!
Caught exception: {'message': 'Task was destroyed but it is pending!', 'task': <Task pending name='Task-2' coro=<Poller._poll_forever() running at /Users/dp/Desktop/project/github/opentrons/venv/lib/python3.10/site-packages/opentrons/hardware_control/poller.py:80> wait_for=<Future pending cb=[Task.task_wakeup()]>>}
Caught exception: {'message': 'Task was destroyed but it is pending!', 'task': <Task pending name='Task-4' coro=<Poller._poll_forever() running at /Users/dp/Desktop/project/github/opentrons/venv/lib/python3.10/site-packages/opentrons/hardware_control/poller.py:80> wait_for=<Future pending cb=[Task.task_wakeup()]>>}
Caught exception: {'message': 'Task was destroyed but it is pending!', 'task': <Task pending name='Task-3' coro=<Poller._poll_forever() running at /Users/dp/Desktop/project/github/opentrons/venv/lib/python3.10/site-packages/opentrons/hardware_control/poller.py:80> wait_for=<Future pending cb=[Task.task_wakeup()]>>}
