/Users/dp/Desktop/project/github/opentrons/venv/lib/python3.10/site-packages/opentrons/hardware_control/simulator_setup.py:205: UserWarning: Simulator configuration does not name a machine, defaulting to OT-2 Standard
  warn(
/Users/dp/.opentrons/robot_settings.json not found. Loading defaults
Deck calibration not found.
/Users/dp/.opentrons/deck_calibration.json not found. Loading defaults
Adding 5uL of Twist Adapters to each sample...
Picking up tip from A1 of Opentrons OT-2 96 Tip Rack 20 µL on 5
Aspirating 5.0 uL from A1 of Twist Universal Adapter Plate on 2 at 7.6 uL/sec
Dispensing 5.0 uL into A1 of NEST 96 Well Plate 100 µL PCR Full Skirt on Magnetic Module GEN1 on 10 at 7.6 uL/sec
Mixing 3 times with a volume of 20.0 ul
	Aspirating 20.0 uL from A1 of NEST 96 Well Plate 100 µL PCR Full Skirt on Magnetic Module GEN1 on 10 at 7.6 uL/sec
	Dispensing 20.0 uL into A1 of NEST 96 Well Plate 100 µL PCR Full Skirt on Magnetic Module GEN1 on 10 at 7.6 uL/sec
	Aspirating 20.0 uL from A1 of NEST 96 Well Plate 100 µL PCR Full Skirt on Magnetic Module GEN1 on 10 at 7.6 uL/sec
	Dispensing 20.0 uL into A1 of NEST 96 Well Plate 100 µL PCR Full Skirt on Magnetic Module GEN1 on 10 at 7.6 uL/sec
	Aspirating 20.0 uL from A1 of NEST 96 Well Plate 100 µL PCR Full Skirt on Magnetic Module GEN1 on 10 at 7.6 uL/sec
	Dispensing 20.0 uL into A1 of NEST 96 Well Plate 100 µL PCR Full Skirt on Magnetic Module GEN1 on 10 at 7.6 uL/sec
Blowing out at A1 of NEST 96 Well Plate 100 µL PCR Full Skirt on Magnetic Module GEN1 on 10
Dropping tip into A1 of Opentrons Fixed Trash on 12
Adding 45uL of Ligation Master Mix to each sample...
Picking up tip from A1 of Opentrons OT-2 96 Tip Rack 300 µL on 6
Aspirating 45.0 uL from A1 of Opentrons 24 Tube Rack with Eppendorf 1.5 mL Safe-Lock Snapcap on 7 at 94.0 uL/sec
Dispensing 45.0 uL into A1 of NEST 96 Well Plate 100 µL PCR Full Skirt on Magnetic Module GEN1 on 10 at 94.0 uL/sec
Mixing 3 times with a volume of 300.0 ul
	Aspirating 300.0 uL from A1 of NEST 96 Well Plate 100 µL PCR Full Skirt on Magnetic Module GEN1 on 10 at 94.0 uL/sec
	Dispensing 300.0 uL into A1 of NEST 96 Well Plate 100 µL PCR Full Skirt on Magnetic Module GEN1 on 10 at 94.0 uL/sec
	Aspirating 300.0 uL from A1 of NEST 96 Well Plate 100 µL PCR Full Skirt on Magnetic Module GEN1 on 10 at 94.0 uL/sec
	Dispensing 300.0 uL into A1 of NEST 96 Well Plate 100 µL PCR Full Skirt on Magnetic Module GEN1 on 10 at 94.0 uL/sec
	Aspirating 300.0 uL from A1 of NEST 96 Well Plate 100 µL PCR Full Skirt on Magnetic Module GEN1 on 10 at 94.0 uL/sec
	Dispensing 300.0 uL into A1 of NEST 96 Well Plate 100 µL PCR Full Skirt on Magnetic Module GEN1 on 10 at 94.0 uL/sec
Blowing out at A1 of NEST 96 Well Plate 100 µL PCR Full Skirt on Magnetic Module GEN1 on 10
Dropping tip into A1 of Opentrons Fixed Trash on 12
Picking up tip from A2 of Opentrons OT-2 96 Tip Rack 300 µL on 6
Aspirating 45.0 uL from A1 of Opentrons 24 Tube Rack with Eppendorf 1.5 mL Safe-Lock Snapcap on 7 at 94.0 uL/sec
Dispensing 45.0 uL into B1 of NEST 96 Well Plate 100 µL PCR Full Skirt on Magnetic Module GEN1 on 10 at 94.0 uL/sec
Mixing 3 times with a volume of 300.0 ul
	Aspirating 300.0 uL from B1 of NEST 96 Well Plate 100 µL PCR Full Skirt on Magnetic Module GEN1 on 10 at 94.0 uL/sec
	Dispensing 300.0 uL into B1 of NEST 96 Well Plate 100 µL PCR Full Skirt on Magnetic Module GEN1 on 10 at 94.0 uL/sec
	Aspirating 300.0 uL from B1 of NEST 96 Well Plate 100 µL PCR Full Skirt on Magnetic Module GEN1 on 10 at 94.0 uL/sec
	Dispensing 300.0 uL into B1 of NEST 96 Well Plate 100 µL PCR Full Skirt on Magnetic Module GEN1 on 10 at 94.0 uL/sec
	Aspirating 300.0 uL from B1 of NEST 96 Well Plate 100 µL PCR Full Skirt on Magnetic Module GEN1 on 10 at 94.0 uL/sec
	Dispensing 300.0 uL into B1 of NEST 96 Well Plate 100 µL PCR Full Skirt on Magnetic Module GEN1 on 10 at 94.0 uL/sec
Blowing out at B1 of NEST 96 Well Plate 100 µL PCR Full Skirt on Magnetic Module GEN1 on 10
Dropping tip into A1 of Opentrons Fixed Trash on 12
Picking up tip from A3 of Opentrons OT-2 96 Tip Rack 300 µL on 6
Aspirating 45.0 uL from A1 of Opentrons 24 Tube Rack with Eppendorf 1.5 mL Safe-Lock Snapcap on 7 at 94.0 uL/sec
Dispensing 45.0 uL into C1 of NEST 96 Well Plate 100 µL PCR Full Skirt on Magnetic Module GEN1 on 10 at 94.0 uL/sec
Mixing 3 times with a volume of 300.0 ul
	Aspirating 300.0 uL from C1 of NEST 96 Well Plate 100 µL PCR Full Skirt on Magnetic Module GEN1 on 10 at 94.0 uL/sec
	Dispensing 300.0 uL into C1 of NEST 96 Well Plate 100 µL PCR Full Skirt on Magnetic Module GEN1 on 10 at 94.0 uL/sec
	Aspirating 300.0 uL from C1 of NEST 96 Well Plate 100 µL PCR Full Skirt on Magnetic Module GEN1 on 10 at 94.0 uL/sec
	Dispensing 300.0 uL into C1 of NEST 96 Well Plate 100 µL PCR Full Skirt on Magnetic Module GEN1 on 10 at 94.0 uL/sec
	Aspirating 300.0 uL from C1 of NEST 96 Well Plate 100 µL PCR Full Skirt on Magnetic Module GEN1 on 10 at 94.0 uL/sec
	Dispensing 300.0 uL into C1 of NEST 96 Well Plate 100 µL PCR Full Skirt on Magnetic Module GEN1 on 10 at 94.0 uL/sec
Blowing out at C1 of NEST 96 Well Plate 100 µL PCR Full Skirt on Magnetic Module GEN1 on 10
Dropping tip into A1 of Opentrons Fixed Trash on 12
Picking up tip from A4 of Opentrons OT-2 96 Tip Rack 300 µL on 6
Aspirating 45.0 uL from A1 of Opentrons 24 Tube Rack with Eppendorf 1.5 mL Safe-Lock Snapcap on 7 at 94.0 uL/sec
Dispensing 45.0 uL into D1 of NEST 96 Well Plate 100 µL PCR Full Skirt on Magnetic Module GEN1 on 10 at 94.0 uL/sec
Mixing 3 times with a volume of 300.0 ul
	Aspirating 300.0 uL from D1 of NEST 96 Well Plate 100 µL PCR Full Skirt on Magnetic Module GEN1 on 10 at 94.0 uL/sec
	Dispensing 300.0 uL into D1 of NEST 96 Well Plate 100 µL PCR Full Skirt on Magnetic Module GEN1 on 10 at 94.0 uL/sec
	Aspirating 300.0 uL from D1 of NEST 96 Well Plate 100 µL PCR Full Skirt on Magnetic Module GEN1 on 10 at 94.0 uL/sec
	Dispensing 300.0 uL into D1 of NEST 96 Well Plate 100 µL PCR Full Skirt on Magnetic Module GEN1 on 10 at 94.0 uL/sec
	Aspirating 300.0 uL from D1 of NEST 96 Well Plate 100 µL PCR Full Skirt on Magnetic Module GEN1 on 10 at 94.0 uL/sec
	Dispensing 300.0 uL into D1 of NEST 96 Well Plate 100 µL PCR Full Skirt on Magnetic Module GEN1 on 10 at 94.0 uL/sec
Blowing out at D1 of NEST 96 Well Plate 100 µL PCR Full Skirt on Magnetic Module GEN1 on 10
Dropping tip into A1 of Opentrons Fixed Trash on 12
Picking up tip from A5 of Opentrons OT-2 96 Tip Rack 300 µL on 6
Aspirating 45.0 uL from A1 of Opentrons 24 Tube Rack with Eppendorf 1.5 mL Safe-Lock Snapcap on 7 at 94.0 uL/sec
Dispensing 45.0 uL into E1 of NEST 96 Well Plate 100 µL PCR Full Skirt on Magnetic Module GEN1 on 10 at 94.0 uL/sec
Mixing 3 times with a volume of 300.0 ul
	Aspirating 300.0 uL from E1 of NEST 96 Well Plate 100 µL PCR Full Skirt on Magnetic Module GEN1 on 10 at 94.0 uL/sec
	Dispensing 300.0 uL into E1 of NEST 96 Well Plate 100 µL PCR Full Skirt on Magnetic Module GEN1 on 10 at 94.0 uL/sec
	Aspirating 300.0 uL from E1 of NEST 96 Well Plate 100 µL PCR Full Skirt on Magnetic Module GEN1 on 10 at 94.0 uL/sec
	Dispensing 300.0 uL into E1 of NEST 96 Well Plate 100 µL PCR Full Skirt on Magnetic Module GEN1 on 10 at 94.0 uL/sec
	Aspirating 300.0 uL from E1 of NEST 96 Well Plate 100 µL PCR Full Skirt on Magnetic Module GEN1 on 10 at 94.0 uL/sec
	Dispensing 300.0 uL into E1 of NEST 96 Well Plate 100 µL PCR Full Skirt on Magnetic Module GEN1 on 10 at 94.0 uL/sec
Blowing out at E1 of NEST 96 Well Plate 100 µL PCR Full Skirt on Magnetic Module GEN1 on 10
Dropping tip into A1 of Opentrons Fixed Trash on 12
Picking up tip from A6 of Opentrons OT-2 96 Tip Rack 300 µL on 6
Aspirating 45.0 uL from A1 of Opentrons 24 Tube Rack with Eppendorf 1.5 mL Safe-Lock Snapcap on 7 at 94.0 uL/sec
Dispensing 45.0 uL into F1 of NEST 96 Well Plate 100 µL PCR Full Skirt on Magnetic Module GEN1 on 10 at 94.0 uL/sec
Mixing 3 times with a volume of 300.0 ul
	Aspirating 300.0 uL from F1 of NEST 96 Well Plate 100 µL PCR Full Skirt on Magnetic Module GEN1 on 10 at 94.0 uL/sec
	Dispensing 300.0 uL into F1 of NEST 96 Well Plate 100 µL PCR Full Skirt on Magnetic Module GEN1 on 10 at 94.0 uL/sec
	Aspirating 300.0 uL from F1 of NEST 96 Well Plate 100 µL PCR Full Skirt on Magnetic Module GEN1 on 10 at 94.0 uL/sec
	Dispensing 300.0 uL into F1 of NEST 96 Well Plate 100 µL PCR Full Skirt on Magnetic Module GEN1 on 10 at 94.0 uL/sec
	Aspirating 300.0 uL from F1 of NEST 96 Well Plate 100 µL PCR Full Skirt on Magnetic Module GEN1 on 10 at 94.0 uL/sec
	Dispensing 300.0 uL into F1 of NEST 96 Well Plate 100 µL PCR Full Skirt on Magnetic Module GEN1 on 10 at 94.0 uL/sec
Blowing out at F1 of NEST 96 Well Plate 100 µL PCR Full Skirt on Magnetic Module GEN1 on 10
Dropping tip into A1 of Opentrons Fixed Trash on 12
Picking up tip from A7 of Opentrons OT-2 96 Tip Rack 300 µL on 6
Aspirating 45.0 uL from A1 of Opentrons 24 Tube Rack with Eppendorf 1.5 mL Safe-Lock Snapcap on 7 at 94.0 uL/sec
Dispensing 45.0 uL into G1 of NEST 96 Well Plate 100 µL PCR Full Skirt on Magnetic Module GEN1 on 10 at 94.0 uL/sec
Mixing 3 times with a volume of 300.0 ul
	Aspirating 300.0 uL from G1 of NEST 96 Well Plate 100 µL PCR Full Skirt on Magnetic Module GEN1 on 10 at 94.0 uL/sec
	Dispensing 300.0 uL into G1 of NEST 96 Well Plate 100 µL PCR Full Skirt on Magnetic Module GEN1 on 10 at 94.0 uL/sec
	Aspirating 300.0 uL from G1 of NEST 96 Well Plate 100 µL PCR Full Skirt on Magnetic Module GEN1 on 10 at 94.0 uL/sec
	Dispensing 300.0 uL into G1 of NEST 96 Well Plate 100 µL PCR Full Skirt on Magnetic Module GEN1 on 10 at 94.0 uL/sec
	Aspirating 300.0 uL from G1 of NEST 96 Well Plate 100 µL PCR Full Skirt on Magnetic Module GEN1 on 10 at 94.0 uL/sec
	Dispensing 300.0 uL into G1 of NEST 96 Well Plate 100 µL PCR Full Skirt on Magnetic Module GEN1 on 10 at 94.0 uL/sec
Blowing out at G1 of NEST 96 Well Plate 100 µL PCR Full Skirt on Magnetic Module GEN1 on 10
Dropping tip into A1 of Opentrons Fixed Trash on 12
Picking up tip from A8 of Opentrons OT-2 96 Tip Rack 300 µL on 6
Aspirating 45.0 uL from A1 of Opentrons 24 Tube Rack with Eppendorf 1.5 mL Safe-Lock Snapcap on 7 at 94.0 uL/sec
Dispensing 45.0 uL into H1 of NEST 96 Well Plate 100 µL PCR Full Skirt on Magnetic Module GEN1 on 10 at 94.0 uL/sec
Mixing 3 times with a volume of 300.0 ul
	Aspirating 300.0 uL from H1 of NEST 96 Well Plate 100 µL PCR Full Skirt on Magnetic Module GEN1 on 10 at 94.0 uL/sec
	Dispensing 300.0 uL into H1 of NEST 96 Well Plate 100 µL PCR Full Skirt on Magnetic Module GEN1 on 10 at 94.0 uL/sec
	Aspirating 300.0 uL from H1 of NEST 96 Well Plate 100 µL PCR Full Skirt on Magnetic Module GEN1 on 10 at 94.0 uL/sec
	Dispensing 300.0 uL into H1 of NEST 96 Well Plate 100 µL PCR Full Skirt on Magnetic Module GEN1 on 10 at 94.0 uL/sec
	Aspirating 300.0 uL from H1 of NEST 96 Well Plate 100 µL PCR Full Skirt on Magnetic Module GEN1 on 10 at 94.0 uL/sec
	Dispensing 300.0 uL into H1 of NEST 96 Well Plate 100 µL PCR Full Skirt on Magnetic Module GEN1 on 10 at 94.0 uL/sec
Blowing out at H1 of NEST 96 Well Plate 100 µL PCR Full Skirt on Magnetic Module GEN1 on 10
Dropping tip into A1 of Opentrons Fixed Trash on 12
Pausing robot operation: Please seal plate, spin down, & incubate @20C for 15 minutes. When     complete, return plate to MagDeck. Make sure magbeads are mixed and in A1     of the reservoir. When ready, click RESUME.
Adding 80uL of Magbeads, mixing, & transferring...
Picking up tip from A9 of Opentrons OT-2 96 Tip Rack 300 µL on 6
Aspirating 80.0 uL from A1 of NEST 12 Well Reservoir 15 mL on 4 at 94.0 uL/sec
Dispensing 80.0 uL into A1 of NEST 96 Well Plate 100 µL PCR Full Skirt on Magnetic Module GEN1 on 10 at 94.0 uL/sec
Mixing 10 times with a volume of 170.0 ul
	Aspirating 170.0 uL from A1 of NEST 96 Well Plate 100 µL PCR Full Skirt on Magnetic Module GEN1 on 10 at 94.0 uL/sec
	Dispensing 170.0 uL into A1 of NEST 96 Well Plate 100 µL PCR Full Skirt on Magnetic Module GEN1 on 10 at 94.0 uL/sec
	Aspirating 170.0 uL from A1 of NEST 96 Well Plate 100 µL PCR Full Skirt on Magnetic Module GEN1 on 10 at 94.0 uL/sec
	Dispensing 170.0 uL into A1 of NEST 96 Well Plate 100 µL PCR Full Skirt on Magnetic Module GEN1 on 10 at 94.0 uL/sec
	Aspirating 170.0 uL from A1 of NEST 96 Well Plate 100 µL PCR Full Skirt on Magnetic Module GEN1 on 10 at 94.0 uL/sec
	Dispensing 170.0 uL into A1 of NEST 96 Well Plate 100 µL PCR Full Skirt on Magnetic Module GEN1 on 10 at 94.0 uL/sec
	Aspirating 170.0 uL from A1 of NEST 96 Well Plate 100 µL PCR Full Skirt on Magnetic Module GEN1 on 10 at 94.0 uL/sec
	Dispensing 170.0 uL into A1 of NEST 96 Well Plate 100 µL PCR Full Skirt on Magnetic Module GEN1 on 10 at 94.0 uL/sec
	Aspirating 170.0 uL from A1 of NEST 96 Well Plate 100 µL PCR Full Skirt on Magnetic Module GEN1 on 10 at 94.0 uL/sec
	Dispensing 170.0 uL into A1 of NEST 96 Well Plate 100 µL PCR Full Skirt on Magnetic Module GEN1 on 10 at 94.0 uL/sec
	Aspirating 170.0 uL from A1 of NEST 96 Well Plate 100 µL PCR Full Skirt on Magnetic Module GEN1 on 10 at 94.0 uL/sec
	Dispensing 170.0 uL into A1 of NEST 96 Well Plate 100 µL PCR Full Skirt on Magnetic Module GEN1 on 10 at 94.0 uL/sec
	Aspirating 170.0 uL from A1 of NEST 96 Well Plate 100 µL PCR Full Skirt on Magnetic Module GEN1 on 10 at 94.0 uL/sec
	Dispensing 170.0 uL into A1 of NEST 96 Well Plate 100 µL PCR Full Skirt on Magnetic Module GEN1 on 10 at 94.0 uL/sec
	Aspirating 170.0 uL from A1 of NEST 96 Well Plate 100 µL PCR Full Skirt on Magnetic Module GEN1 on 10 at 94.0 uL/sec
	Dispensing 170.0 uL into A1 of NEST 96 Well Plate 100 µL PCR Full Skirt on Magnetic Module GEN1 on 10 at 94.0 uL/sec
	Aspirating 170.0 uL from A1 of NEST 96 Well Plate 100 µL PCR Full Skirt on Magnetic Module GEN1 on 10 at 94.0 uL/sec
	Dispensing 170.0 uL into A1 of NEST 96 Well Plate 100 µL PCR Full Skirt on Magnetic Module GEN1 on 10 at 94.0 uL/sec
	Aspirating 170.0 uL from A1 of NEST 96 Well Plate 100 µL PCR Full Skirt on Magnetic Module GEN1 on 10 at 94.0 uL/sec
	Dispensing 170.0 uL into A1 of NEST 96 Well Plate 100 µL PCR Full Skirt on Magnetic Module GEN1 on 10 at 94.0 uL/sec
Blowing out at A1 of NEST 96 Well Plate 100 µL PCR Full Skirt on Magnetic Module GEN1 on 10
Dropping tip into A1 of Opentrons Fixed Trash on 12
Picking up tip from A10 of Opentrons OT-2 96 Tip Rack 300 µL on 6
Aspirating 80.0 uL from A1 of NEST 12 Well Reservoir 15 mL on 4 at 94.0 uL/sec
Dispensing 80.0 uL into B1 of NEST 96 Well Plate 100 µL PCR Full Skirt on Magnetic Module GEN1 on 10 at 94.0 uL/sec
Mixing 10 times with a volume of 170.0 ul
	Aspirating 170.0 uL from B1 of NEST 96 Well Plate 100 µL PCR Full Skirt on Magnetic Module GEN1 on 10 at 94.0 uL/sec
	Dispensing 170.0 uL into B1 of NEST 96 Well Plate 100 µL PCR Full Skirt on Magnetic Module GEN1 on 10 at 94.0 uL/sec
	Aspirating 170.0 uL from B1 of NEST 96 Well Plate 100 µL PCR Full Skirt on Magnetic Module GEN1 on 10 at 94.0 uL/sec
	Dispensing 170.0 uL into B1 of NEST 96 Well Plate 100 µL PCR Full Skirt on Magnetic Module GEN1 on 10 at 94.0 uL/sec
	Aspirating 170.0 uL from B1 of NEST 96 Well Plate 100 µL PCR Full Skirt on Magnetic Module GEN1 on 10 at 94.0 uL/sec
	Dispensing 170.0 uL into B1 of NEST 96 Well Plate 100 µL PCR Full Skirt on Magnetic Module GEN1 on 10 at 94.0 uL/sec
	Aspirating 170.0 uL from B1 of NEST 96 Well Plate 100 µL PCR Full Skirt on Magnetic Module GEN1 on 10 at 94.0 uL/sec
	Dispensing 170.0 uL into B1 of NEST 96 Well Plate 100 µL PCR Full Skirt on Magnetic Module GEN1 on 10 at 94.0 uL/sec
	Aspirating 170.0 uL from B1 of NEST 96 Well Plate 100 µL PCR Full Skirt on Magnetic Module GEN1 on 10 at 94.0 uL/sec
	Dispensing 170.0 uL into B1 of NEST 96 Well Plate 100 µL PCR Full Skirt on Magnetic Module GEN1 on 10 at 94.0 uL/sec
	Aspirating 170.0 uL from B1 of NEST 96 Well Plate 100 µL PCR Full Skirt on Magnetic Module GEN1 on 10 at 94.0 uL/sec
	Dispensing 170.0 uL into B1 of NEST 96 Well Plate 100 µL PCR Full Skirt on Magnetic Module GEN1 on 10 at 94.0 uL/sec
	Aspirating 170.0 uL from B1 of NEST 96 Well Plate 100 µL PCR Full Skirt on Magnetic Module GEN1 on 10 at 94.0 uL/sec
	Dispensing 170.0 uL into B1 of NEST 96 Well Plate 100 µL PCR Full Skirt on Magnetic Module GEN1 on 10 at 94.0 uL/sec
	Aspirating 170.0 uL from B1 of NEST 96 Well Plate 100 µL PCR Full Skirt on Magnetic Module GEN1 on 10 at 94.0 uL/sec
	Dispensing 170.0 uL into B1 of NEST 96 Well Plate 100 µL PCR Full Skirt on Magnetic Module GEN1 on 10 at 94.0 uL/sec
	Aspirating 170.0 uL from B1 of NEST 96 Well Plate 100 µL PCR Full Skirt on Magnetic Module GEN1 on 10 at 94.0 uL/sec
	Dispensing 170.0 uL into B1 of NEST 96 Well Plate 100 µL PCR Full Skirt on Magnetic Module GEN1 on 10 at 94.0 uL/sec
	Aspirating 170.0 uL from B1 of NEST 96 Well Plate 100 µL PCR Full Skirt on Magnetic Module GEN1 on 10 at 94.0 uL/sec
	Dispensing 170.0 uL into B1 of NEST 96 Well Plate 100 µL PCR Full Skirt on Magnetic Module GEN1 on 10 at 94.0 uL/sec
Blowing out at B1 of NEST 96 Well Plate 100 µL PCR Full Skirt on Magnetic Module GEN1 on 10
Dropping tip into A1 of Opentrons Fixed Trash on 12
Picking up tip from A11 of Opentrons OT-2 96 Tip Rack 300 µL on 6
Aspirating 80.0 uL from A1 of NEST 12 Well Reservoir 15 mL on 4 at 94.0 uL/sec
Dispensing 80.0 uL into C1 of NEST 96 Well Plate 100 µL PCR Full Skirt on Magnetic Module GEN1 on 10 at 94.0 uL/sec
Mixing 10 times with a volume of 170.0 ul
	Aspirating 170.0 uL from C1 of NEST 96 Well Plate 100 µL PCR Full Skirt on Magnetic Module GEN1 on 10 at 94.0 uL/sec
	Dispensing 170.0 uL into C1 of NEST 96 Well Plate 100 µL PCR Full Skirt on Magnetic Module GEN1 on 10 at 94.0 uL/sec
	Aspirating 170.0 uL from C1 of NEST 96 Well Plate 100 µL PCR Full Skirt on Magnetic Module GEN1 on 10 at 94.0 uL/sec
	Dispensing 170.0 uL into C1 of NEST 96 Well Plate 100 µL PCR Full Skirt on Magnetic Module GEN1 on 10 at 94.0 uL/sec
	Aspirating 170.0 uL from C1 of NEST 96 Well Plate 100 µL PCR Full Skirt on Magnetic Module GEN1 on 10 at 94.0 uL/sec
	Dispensing 170.0 uL into C1 of NEST 96 Well Plate 100 µL PCR Full Skirt on Magnetic Module GEN1 on 10 at 94.0 uL/sec
	Aspirating 170.0 uL from C1 of NEST 96 Well Plate 100 µL PCR Full Skirt on Magnetic Module GEN1 on 10 at 94.0 uL/sec
	Dispensing 170.0 uL into C1 of NEST 96 Well Plate 100 µL PCR Full Skirt on Magnetic Module GEN1 on 10 at 94.0 uL/sec
	Aspirating 170.0 uL from C1 of NEST 96 Well Plate 100 µL PCR Full Skirt on Magnetic Module GEN1 on 10 at 94.0 uL/sec
	Dispensing 170.0 uL into C1 of NEST 96 Well Plate 100 µL PCR Full Skirt on Magnetic Module GEN1 on 10 at 94.0 uL/sec
	Aspirating 170.0 uL from C1 of NEST 96 Well Plate 100 µL PCR Full Skirt on Magnetic Module GEN1 on 10 at 94.0 uL/sec
	Dispensing 170.0 uL into C1 of NEST 96 Well Plate 100 µL PCR Full Skirt on Magnetic Module GEN1 on 10 at 94.0 uL/sec
	Aspirating 170.0 uL from C1 of NEST 96 Well Plate 100 µL PCR Full Skirt on Magnetic Module GEN1 on 10 at 94.0 uL/sec
	Dispensing 170.0 uL into C1 of NEST 96 Well Plate 100 µL PCR Full Skirt on Magnetic Module GEN1 on 10 at 94.0 uL/sec
	Aspirating 170.0 uL from C1 of NEST 96 Well Plate 100 µL PCR Full Skirt on Magnetic Module GEN1 on 10 at 94.0 uL/sec
	Dispensing 170.0 uL into C1 of NEST 96 Well Plate 100 µL PCR Full Skirt on Magnetic Module GEN1 on 10 at 94.0 uL/sec
	Aspirating 170.0 uL from C1 of NEST 96 Well Plate 100 µL PCR Full Skirt on Magnetic Module GEN1 on 10 at 94.0 uL/sec
	Dispensing 170.0 uL into C1 of NEST 96 Well Plate 100 µL PCR Full Skirt on Magnetic Module GEN1 on 10 at 94.0 uL/sec
	Aspirating 170.0 uL from C1 of NEST 96 Well Plate 100 µL PCR Full Skirt on Magnetic Module GEN1 on 10 at 94.0 uL/sec
	Dispensing 170.0 uL into C1 of NEST 96 Well Plate 100 µL PCR Full Skirt on Magnetic Module GEN1 on 10 at 94.0 uL/sec
Blowing out at C1 of NEST 96 Well Plate 100 µL PCR Full Skirt on Magnetic Module GEN1 on 10
Dropping tip into A1 of Opentrons Fixed Trash on 12
Picking up tip from A12 of Opentrons OT-2 96 Tip Rack 300 µL on 6
Aspirating 80.0 uL from A1 of NEST 12 Well Reservoir 15 mL on 4 at 94.0 uL/sec
Dispensing 80.0 uL into D1 of NEST 96 Well Plate 100 µL PCR Full Skirt on Magnetic Module GEN1 on 10 at 94.0 uL/sec
Mixing 10 times with a volume of 170.0 ul
	Aspirating 170.0 uL from D1 of NEST 96 Well Plate 100 µL PCR Full Skirt on Magnetic Module GEN1 on 10 at 94.0 uL/sec
	Dispensing 170.0 uL into D1 of NEST 96 Well Plate 100 µL PCR Full Skirt on Magnetic Module GEN1 on 10 at 94.0 uL/sec
	Aspirating 170.0 uL from D1 of NEST 96 Well Plate 100 µL PCR Full Skirt on Magnetic Module GEN1 on 10 at 94.0 uL/sec
	Dispensing 170.0 uL into D1 of NEST 96 Well Plate 100 µL PCR Full Skirt on Magnetic Module GEN1 on 10 at 94.0 uL/sec
	Aspirating 170.0 uL from D1 of NEST 96 Well Plate 100 µL PCR Full Skirt on Magnetic Module GEN1 on 10 at 94.0 uL/sec
	Dispensing 170.0 uL into D1 of NEST 96 Well Plate 100 µL PCR Full Skirt on Magnetic Module GEN1 on 10 at 94.0 uL/sec
	Aspirating 170.0 uL from D1 of NEST 96 Well Plate 100 µL PCR Full Skirt on Magnetic Module GEN1 on 10 at 94.0 uL/sec
	Dispensing 170.0 uL into D1 of NEST 96 Well Plate 100 µL PCR Full Skirt on Magnetic Module GEN1 on 10 at 94.0 uL/sec
	Aspirating 170.0 uL from D1 of NEST 96 Well Plate 100 µL PCR Full Skirt on Magnetic Module GEN1 on 10 at 94.0 uL/sec
	Dispensing 170.0 uL into D1 of NEST 96 Well Plate 100 µL PCR Full Skirt on Magnetic Module GEN1 on 10 at 94.0 uL/sec
	Aspirating 170.0 uL from D1 of NEST 96 Well Plate 100 µL PCR Full Skirt on Magnetic Module GEN1 on 10 at 94.0 uL/sec
	Dispensing 170.0 uL into D1 of NEST 96 Well Plate 100 µL PCR Full Skirt on Magnetic Module GEN1 on 10 at 94.0 uL/sec
	Aspirating 170.0 uL from D1 of NEST 96 Well Plate 100 µL PCR Full Skirt on Magnetic Module GEN1 on 10 at 94.0 uL/sec
	Dispensing 170.0 uL into D1 of NEST 96 Well Plate 100 µL PCR Full Skirt on Magnetic Module GEN1 on 10 at 94.0 uL/sec
	Aspirating 170.0 uL from D1 of NEST 96 Well Plate 100 µL PCR Full Skirt on Magnetic Module GEN1 on 10 at 94.0 uL/sec
	Dispensing 170.0 uL into D1 of NEST 96 Well Plate 100 µL PCR Full Skirt on Magnetic Module GEN1 on 10 at 94.0 uL/sec
	Aspirating 170.0 uL from D1 of NEST 96 Well Plate 100 µL PCR Full Skirt on Magnetic Module GEN1 on 10 at 94.0 uL/sec
	Dispensing 170.0 uL into D1 of NEST 96 Well Plate 100 µL PCR Full Skirt on Magnetic Module GEN1 on 10 at 94.0 uL/sec
	Aspirating 170.0 uL from D1 of NEST 96 Well Plate 100 µL PCR Full Skirt on Magnetic Module GEN1 on 10 at 94.0 uL/sec
	Dispensing 170.0 uL into D1 of NEST 96 Well Plate 100 µL PCR Full Skirt on Magnetic Module GEN1 on 10 at 94.0 uL/sec
Blowing out at D1 of NEST 96 Well Plate 100 µL PCR Full Skirt on Magnetic Module GEN1 on 10
Dropping tip into A1 of Opentrons Fixed Trash on 12
Picking up tip from A1 of Opentrons OT-2 96 Tip Rack 300 µL on 3
Aspirating 80.0 uL from A1 of NEST 12 Well Reservoir 15 mL on 4 at 94.0 uL/sec
Dispensing 80.0 uL into E1 of NEST 96 Well Plate 100 µL PCR Full Skirt on Magnetic Module GEN1 on 10 at 94.0 uL/sec
Mixing 10 times with a volume of 170.0 ul
	Aspirating 170.0 uL from E1 of NEST 96 Well Plate 100 µL PCR Full Skirt on Magnetic Module GEN1 on 10 at 94.0 uL/sec
	Dispensing 170.0 uL into E1 of NEST 96 Well Plate 100 µL PCR Full Skirt on Magnetic Module GEN1 on 10 at 94.0 uL/sec
	Aspirating 170.0 uL from E1 of NEST 96 Well Plate 100 µL PCR Full Skirt on Magnetic Module GEN1 on 10 at 94.0 uL/sec
	Dispensing 170.0 uL into E1 of NEST 96 Well Plate 100 µL PCR Full Skirt on Magnetic Module GEN1 on 10 at 94.0 uL/sec
	Aspirating 170.0 uL from E1 of NEST 96 Well Plate 100 µL PCR Full Skirt on Magnetic Module GEN1 on 10 at 94.0 uL/sec
	Dispensing 170.0 uL into E1 of NEST 96 Well Plate 100 µL PCR Full Skirt on Magnetic Module GEN1 on 10 at 94.0 uL/sec
	Aspirating 170.0 uL from E1 of NEST 96 Well Plate 100 µL PCR Full Skirt on Magnetic Module GEN1 on 10 at 94.0 uL/sec
	Dispensing 170.0 uL into E1 of NEST 96 Well Plate 100 µL PCR Full Skirt on Magnetic Module GEN1 on 10 at 94.0 uL/sec
	Aspirating 170.0 uL from E1 of NEST 96 Well Plate 100 µL PCR Full Skirt on Magnetic Module GEN1 on 10 at 94.0 uL/sec
	Dispensing 170.0 uL into E1 of NEST 96 Well Plate 100 µL PCR Full Skirt on Magnetic Module GEN1 on 10 at 94.0 uL/sec
	Aspirating 170.0 uL from E1 of NEST 96 Well Plate 100 µL PCR Full Skirt on Magnetic Module GEN1 on 10 at 94.0 uL/sec
	Dispensing 170.0 uL into E1 of NEST 96 Well Plate 100 µL PCR Full Skirt on Magnetic Module GEN1 on 10 at 94.0 uL/sec
	Aspirating 170.0 uL from E1 of NEST 96 Well Plate 100 µL PCR Full Skirt on Magnetic Module GEN1 on 10 at 94.0 uL/sec
	Dispensing 170.0 uL into E1 of NEST 96 Well Plate 100 µL PCR Full Skirt on Magnetic Module GEN1 on 10 at 94.0 uL/sec
	Aspirating 170.0 uL from E1 of NEST 96 Well Plate 100 µL PCR Full Skirt on Magnetic Module GEN1 on 10 at 94.0 uL/sec
	Dispensing 170.0 uL into E1 of NEST 96 Well Plate 100 µL PCR Full Skirt on Magnetic Module GEN1 on 10 at 94.0 uL/sec
	Aspirating 170.0 uL from E1 of NEST 96 Well Plate 100 µL PCR Full Skirt on Magnetic Module GEN1 on 10 at 94.0 uL/sec
	Dispensing 170.0 uL into E1 of NEST 96 Well Plate 100 µL PCR Full Skirt on Magnetic Module GEN1 on 10 at 94.0 uL/sec
	Aspirating 170.0 uL from E1 of NEST 96 Well Plate 100 µL PCR Full Skirt on Magnetic Module GEN1 on 10 at 94.0 uL/sec
	Dispensing 170.0 uL into E1 of NEST 96 Well Plate 100 µL PCR Full Skirt on Magnetic Module GEN1 on 10 at 94.0 uL/sec
Blowing out at E1 of NEST 96 Well Plate 100 µL PCR Full Skirt on Magnetic Module GEN1 on 10
Dropping tip into A1 of Opentrons Fixed Trash on 12
Picking up tip from A2 of Opentrons OT-2 96 Tip Rack 300 µL on 3
Aspirating 80.0 uL from A1 of NEST 12 Well Reservoir 15 mL on 4 at 94.0 uL/sec
Dispensing 80.0 uL into F1 of NEST 96 Well Plate 100 µL PCR Full Skirt on Magnetic Module GEN1 on 10 at 94.0 uL/sec
Mixing 10 times with a volume of 170.0 ul
	Aspirating 170.0 uL from F1 of NEST 96 Well Plate 100 µL PCR Full Skirt on Magnetic Module GEN1 on 10 at 94.0 uL/sec
	Dispensing 170.0 uL into F1 of NEST 96 Well Plate 100 µL PCR Full Skirt on Magnetic Module GEN1 on 10 at 94.0 uL/sec
	Aspirating 170.0 uL from F1 of NEST 96 Well Plate 100 µL PCR Full Skirt on Magnetic Module GEN1 on 10 at 94.0 uL/sec
	Dispensing 170.0 uL into F1 of NEST 96 Well Plate 100 µL PCR Full Skirt on Magnetic Module GEN1 on 10 at 94.0 uL/sec
	Aspirating 170.0 uL from F1 of NEST 96 Well Plate 100 µL PCR Full Skirt on Magnetic Module GEN1 on 10 at 94.0 uL/sec
	Dispensing 170.0 uL into F1 of NEST 96 Well Plate 100 µL PCR Full Skirt on Magnetic Module GEN1 on 10 at 94.0 uL/sec
	Aspirating 170.0 uL from F1 of NEST 96 Well Plate 100 µL PCR Full Skirt on Magnetic Module GEN1 on 10 at 94.0 uL/sec
	Dispensing 170.0 uL into F1 of NEST 96 Well Plate 100 µL PCR Full Skirt on Magnetic Module GEN1 on 10 at 94.0 uL/sec
	Aspirating 170.0 uL from F1 of NEST 96 Well Plate 100 µL PCR Full Skirt on Magnetic Module GEN1 on 10 at 94.0 uL/sec
	Dispensing 170.0 uL into F1 of NEST 96 Well Plate 100 µL PCR Full Skirt on Magnetic Module GEN1 on 10 at 94.0 uL/sec
	Aspirating 170.0 uL from F1 of NEST 96 Well Plate 100 µL PCR Full Skirt on Magnetic Module GEN1 on 10 at 94.0 uL/sec
	Dispensing 170.0 uL into F1 of NEST 96 Well Plate 100 µL PCR Full Skirt on Magnetic Module GEN1 on 10 at 94.0 uL/sec
	Aspirating 170.0 uL from F1 of NEST 96 Well Plate 100 µL PCR Full Skirt on Magnetic Module GEN1 on 10 at 94.0 uL/sec
	Dispensing 170.0 uL into F1 of NEST 96 Well Plate 100 µL PCR Full Skirt on Magnetic Module GEN1 on 10 at 94.0 uL/sec
	Aspirating 170.0 uL from F1 of NEST 96 Well Plate 100 µL PCR Full Skirt on Magnetic Module GEN1 on 10 at 94.0 uL/sec
	Dispensing 170.0 uL into F1 of NEST 96 Well Plate 100 µL PCR Full Skirt on Magnetic Module GEN1 on 10 at 94.0 uL/sec
	Aspirating 170.0 uL from F1 of NEST 96 Well Plate 100 µL PCR Full Skirt on Magnetic Module GEN1 on 10 at 94.0 uL/sec
	Dispensing 170.0 uL into F1 of NEST 96 Well Plate 100 µL PCR Full Skirt on Magnetic Module GEN1 on 10 at 94.0 uL/sec
	Aspirating 170.0 uL from F1 of NEST 96 Well Plate 100 µL PCR Full Skirt on Magnetic Module GEN1 on 10 at 94.0 uL/sec
	Dispensing 170.0 uL into F1 of NEST 96 Well Plate 100 µL PCR Full Skirt on Magnetic Module GEN1 on 10 at 94.0 uL/sec
Blowing out at F1 of NEST 96 Well Plate 100 µL PCR Full Skirt on Magnetic Module GEN1 on 10
Dropping tip into A1 of Opentrons Fixed Trash on 12
Picking up tip from A3 of Opentrons OT-2 96 Tip Rack 300 µL on 3
Aspirating 80.0 uL from A1 of NEST 12 Well Reservoir 15 mL on 4 at 94.0 uL/sec
Dispensing 80.0 uL into G1 of NEST 96 Well Plate 100 µL PCR Full Skirt on Magnetic Module GEN1 on 10 at 94.0 uL/sec
Mixing 10 times with a volume of 170.0 ul
	Aspirating 170.0 uL from G1 of NEST 96 Well Plate 100 µL PCR Full Skirt on Magnetic Module GEN1 on 10 at 94.0 uL/sec
	Dispensing 170.0 uL into G1 of NEST 96 Well Plate 100 µL PCR Full Skirt on Magnetic Module GEN1 on 10 at 94.0 uL/sec
	Aspirating 170.0 uL from G1 of NEST 96 Well Plate 100 µL PCR Full Skirt on Magnetic Module GEN1 on 10 at 94.0 uL/sec
	Dispensing 170.0 uL into G1 of NEST 96 Well Plate 100 µL PCR Full Skirt on Magnetic Module GEN1 on 10 at 94.0 uL/sec
	Aspirating 170.0 uL from G1 of NEST 96 Well Plate 100 µL PCR Full Skirt on Magnetic Module GEN1 on 10 at 94.0 uL/sec
	Dispensing 170.0 uL into G1 of NEST 96 Well Plate 100 µL PCR Full Skirt on Magnetic Module GEN1 on 10 at 94.0 uL/sec
	Aspirating 170.0 uL from G1 of NEST 96 Well Plate 100 µL PCR Full Skirt on Magnetic Module GEN1 on 10 at 94.0 uL/sec
	Dispensing 170.0 uL into G1 of NEST 96 Well Plate 100 µL PCR Full Skirt on Magnetic Module GEN1 on 10 at 94.0 uL/sec
	Aspirating 170.0 uL from G1 of NEST 96 Well Plate 100 µL PCR Full Skirt on Magnetic Module GEN1 on 10 at 94.0 uL/sec
	Dispensing 170.0 uL into G1 of NEST 96 Well Plate 100 µL PCR Full Skirt on Magnetic Module GEN1 on 10 at 94.0 uL/sec
	Aspirating 170.0 uL from G1 of NEST 96 Well Plate 100 µL PCR Full Skirt on Magnetic Module GEN1 on 10 at 94.0 uL/sec
	Dispensing 170.0 uL into G1 of NEST 96 Well Plate 100 µL PCR Full Skirt on Magnetic Module GEN1 on 10 at 94.0 uL/sec
	Aspirating 170.0 uL from G1 of NEST 96 Well Plate 100 µL PCR Full Skirt on Magnetic Module GEN1 on 10 at 94.0 uL/sec
	Dispensing 170.0 uL into G1 of NEST 96 Well Plate 100 µL PCR Full Skirt on Magnetic Module GEN1 on 10 at 94.0 uL/sec
	Aspirating 170.0 uL from G1 of NEST 96 Well Plate 100 µL PCR Full Skirt on Magnetic Module GEN1 on 10 at 94.0 uL/sec
	Dispensing 170.0 uL into G1 of NEST 96 Well Plate 100 µL PCR Full Skirt on Magnetic Module GEN1 on 10 at 94.0 uL/sec
	Aspirating 170.0 uL from G1 of NEST 96 Well Plate 100 µL PCR Full Skirt on Magnetic Module GEN1 on 10 at 94.0 uL/sec
	Dispensing 170.0 uL into G1 of NEST 96 Well Plate 100 µL PCR Full Skirt on Magnetic Module GEN1 on 10 at 94.0 uL/sec
	Aspirating 170.0 uL from G1 of NEST 96 Well Plate 100 µL PCR Full Skirt on Magnetic Module GEN1 on 10 at 94.0 uL/sec
	Dispensing 170.0 uL into G1 of NEST 96 Well Plate 100 µL PCR Full Skirt on Magnetic Module GEN1 on 10 at 94.0 uL/sec
Blowing out at G1 of NEST 96 Well Plate 100 µL PCR Full Skirt on Magnetic Module GEN1 on 10
Dropping tip into A1 of Opentrons Fixed Trash on 12
Picking up tip from A4 of Opentrons OT-2 96 Tip Rack 300 µL on 3
Aspirating 80.0 uL from A1 of NEST 12 Well Reservoir 15 mL on 4 at 94.0 uL/sec
Dispensing 80.0 uL into H1 of NEST 96 Well Plate 100 µL PCR Full Skirt on Magnetic Module GEN1 on 10 at 94.0 uL/sec
Mixing 10 times with a volume of 170.0 ul
	Aspirating 170.0 uL from H1 of NEST 96 Well Plate 100 µL PCR Full Skirt on Magnetic Module GEN1 on 10 at 94.0 uL/sec
	Dispensing 170.0 uL into H1 of NEST 96 Well Plate 100 µL PCR Full Skirt on Magnetic Module GEN1 on 10 at 94.0 uL/sec
	Aspirating 170.0 uL from H1 of NEST 96 Well Plate 100 µL PCR Full Skirt on Magnetic Module GEN1 on 10 at 94.0 uL/sec
	Dispensing 170.0 uL into H1 of NEST 96 Well Plate 100 µL PCR Full Skirt on Magnetic Module GEN1 on 10 at 94.0 uL/sec
	Aspirating 170.0 uL from H1 of NEST 96 Well Plate 100 µL PCR Full Skirt on Magnetic Module GEN1 on 10 at 94.0 uL/sec
	Dispensing 170.0 uL into H1 of NEST 96 Well Plate 100 µL PCR Full Skirt on Magnetic Module GEN1 on 10 at 94.0 uL/sec
	Aspirating 170.0 uL from H1 of NEST 96 Well Plate 100 µL PCR Full Skirt on Magnetic Module GEN1 on 10 at 94.0 uL/sec
	Dispensing 170.0 uL into H1 of NEST 96 Well Plate 100 µL PCR Full Skirt on Magnetic Module GEN1 on 10 at 94.0 uL/sec
	Aspirating 170.0 uL from H1 of NEST 96 Well Plate 100 µL PCR Full Skirt on Magnetic Module GEN1 on 10 at 94.0 uL/sec
	Dispensing 170.0 uL into H1 of NEST 96 Well Plate 100 µL PCR Full Skirt on Magnetic Module GEN1 on 10 at 94.0 uL/sec
	Aspirating 170.0 uL from H1 of NEST 96 Well Plate 100 µL PCR Full Skirt on Magnetic Module GEN1 on 10 at 94.0 uL/sec
	Dispensing 170.0 uL into H1 of NEST 96 Well Plate 100 µL PCR Full Skirt on Magnetic Module GEN1 on 10 at 94.0 uL/sec
	Aspirating 170.0 uL from H1 of NEST 96 Well Plate 100 µL PCR Full Skirt on Magnetic Module GEN1 on 10 at 94.0 uL/sec
	Dispensing 170.0 uL into H1 of NEST 96 Well Plate 100 µL PCR Full Skirt on Magnetic Module GEN1 on 10 at 94.0 uL/sec
	Aspirating 170.0 uL from H1 of NEST 96 Well Plate 100 µL PCR Full Skirt on Magnetic Module GEN1 on 10 at 94.0 uL/sec
	Dispensing 170.0 uL into H1 of NEST 96 Well Plate 100 µL PCR Full Skirt on Magnetic Module GEN1 on 10 at 94.0 uL/sec
	Aspirating 170.0 uL from H1 of NEST 96 Well Plate 100 µL PCR Full Skirt on Magnetic Module GEN1 on 10 at 94.0 uL/sec
	Dispensing 170.0 uL into H1 of NEST 96 Well Plate 100 µL PCR Full Skirt on Magnetic Module GEN1 on 10 at 94.0 uL/sec
	Aspirating 170.0 uL from H1 of NEST 96 Well Plate 100 µL PCR Full Skirt on Magnetic Module GEN1 on 10 at 94.0 uL/sec
	Dispensing 170.0 uL into H1 of NEST 96 Well Plate 100 µL PCR Full Skirt on Magnetic Module GEN1 on 10 at 94.0 uL/sec
Blowing out at H1 of NEST 96 Well Plate 100 µL PCR Full Skirt on Magnetic Module GEN1 on 10
Dropping tip into A1 of Opentrons Fixed Trash on 12
Incubating for 5 minutes at room temperature...
Delaying for 5 minutes and 0.0 seconds
Engaging Magnetic Module
Incubating with magnetic engaged for 1 minute...
Delaying for 1 minutes and 0.0 seconds
Removing supernatant...
Picking up tip from A5 of Opentrons OT-2 96 Tip Rack 300 µL on 3
Aspirating 180.0 uL from A1 of NEST 96 Well Plate 100 µL PCR Full Skirt on Magnetic Module GEN1 on 10 at 94.0 uL/sec
Dispensing 180.0 uL into A1 of NEST 1 Well Reservoir 195 mL on 11 at 94.0 uL/sec
Dropping tip into A1 of Opentrons Fixed Trash on 12
Picking up tip from A6 of Opentrons OT-2 96 Tip Rack 300 µL on 3
Aspirating 180.0 uL from B1 of NEST 96 Well Plate 100 µL PCR Full Skirt on Magnetic Module GEN1 on 10 at 94.0 uL/sec
Dispensing 180.0 uL into A1 of NEST 1 Well Reservoir 195 mL on 11 at 94.0 uL/sec
Dropping tip into A1 of Opentrons Fixed Trash on 12
Picking up tip from A7 of Opentrons OT-2 96 Tip Rack 300 µL on 3
Aspirating 180.0 uL from C1 of NEST 96 Well Plate 100 µL PCR Full Skirt on Magnetic Module GEN1 on 10 at 94.0 uL/sec
Dispensing 180.0 uL into A1 of NEST 1 Well Reservoir 195 mL on 11 at 94.0 uL/sec
Dropping tip into A1 of Opentrons Fixed Trash on 12
Picking up tip from A8 of Opentrons OT-2 96 Tip Rack 300 µL on 3
Aspirating 180.0 uL from D1 of NEST 96 Well Plate 100 µL PCR Full Skirt on Magnetic Module GEN1 on 10 at 94.0 uL/sec
Dispensing 180.0 uL into A1 of NEST 1 Well Reservoir 195 mL on 11 at 94.0 uL/sec
Dropping tip into A1 of Opentrons Fixed Trash on 12
Picking up tip from A9 of Opentrons OT-2 96 Tip Rack 300 µL on 3
Aspirating 180.0 uL from E1 of NEST 96 Well Plate 100 µL PCR Full Skirt on Magnetic Module GEN1 on 10 at 94.0 uL/sec
Dispensing 180.0 uL into A1 of NEST 1 Well Reservoir 195 mL on 11 at 94.0 uL/sec
Dropping tip into A1 of Opentrons Fixed Trash on 12
Picking up tip from A10 of Opentrons OT-2 96 Tip Rack 300 µL on 3
Aspirating 180.0 uL from F1 of NEST 96 Well Plate 100 µL PCR Full Skirt on Magnetic Module GEN1 on 10 at 94.0 uL/sec
Dispensing 180.0 uL into A1 of NEST 1 Well Reservoir 195 mL on 11 at 94.0 uL/sec
Dropping tip into A1 of Opentrons Fixed Trash on 12
Picking up tip from A11 of Opentrons OT-2 96 Tip Rack 300 µL on 3
Aspirating 180.0 uL from G1 of NEST 96 Well Plate 100 µL PCR Full Skirt on Magnetic Module GEN1 on 10 at 94.0 uL/sec
Dispensing 180.0 uL into A1 of NEST 1 Well Reservoir 195 mL on 11 at 94.0 uL/sec
Dropping tip into A1 of Opentrons Fixed Trash on 12
Picking up tip from A12 of Opentrons OT-2 96 Tip Rack 300 µL on 3
Aspirating 180.0 uL from H1 of NEST 96 Well Plate 100 µL PCR Full Skirt on Magnetic Module GEN1 on 10 at 94.0 uL/sec
Dispensing 180.0 uL into A1 of NEST 1 Well Reservoir 195 mL on 11 at 94.0 uL/sec
Dropping tip into A1 of Opentrons Fixed Trash on 12
Adding ethanol...
Pausing robot operation: Please replace tips
Picking up tip from A1 of Opentrons OT-2 96 Tip Rack 300 µL on 6
Aspirating 200.0 uL from A3 of NEST 12 Well Reservoir 15 mL on 4 at 100.0 uL/sec
Dispensing 200.0 uL into A1 of NEST 96 Well Plate 100 µL PCR Full Skirt on Magnetic Module GEN1 on 10 at 25.0 uL/sec
Dropping tip into A1 of Opentrons Fixed Trash on 12
Picking up tip from A2 of Opentrons OT-2 96 Tip Rack 300 µL on 6
Aspirating 200.0 uL from A3 of NEST 12 Well Reservoir 15 mL on 4 at 100.0 uL/sec
Dispensing 200.0 uL into B1 of NEST 96 Well Plate 100 µL PCR Full Skirt on Magnetic Module GEN1 on 10 at 25.0 uL/sec
Dropping tip into A1 of Opentrons Fixed Trash on 12
Picking up tip from A3 of Opentrons OT-2 96 Tip Rack 300 µL on 6
Aspirating 200.0 uL from A3 of NEST 12 Well Reservoir 15 mL on 4 at 100.0 uL/sec
Dispensing 200.0 uL into C1 of NEST 96 Well Plate 100 µL PCR Full Skirt on Magnetic Module GEN1 on 10 at 25.0 uL/sec
Dropping tip into A1 of Opentrons Fixed Trash on 12
Picking up tip from A4 of Opentrons OT-2 96 Tip Rack 300 µL on 6
Aspirating 200.0 uL from A3 of NEST 12 Well Reservoir 15 mL on 4 at 100.0 uL/sec
Dispensing 200.0 uL into D1 of NEST 96 Well Plate 100 µL PCR Full Skirt on Magnetic Module GEN1 on 10 at 25.0 uL/sec
Dropping tip into A1 of Opentrons Fixed Trash on 12
Picking up tip from A5 of Opentrons OT-2 96 Tip Rack 300 µL on 6
Aspirating 200.0 uL from A3 of NEST 12 Well Reservoir 15 mL on 4 at 100.0 uL/sec
Dispensing 200.0 uL into E1 of NEST 96 Well Plate 100 µL PCR Full Skirt on Magnetic Module GEN1 on 10 at 25.0 uL/sec
Dropping tip into A1 of Opentrons Fixed Trash on 12
Picking up tip from A6 of Opentrons OT-2 96 Tip Rack 300 µL on 6
Aspirating 200.0 uL from A3 of NEST 12 Well Reservoir 15 mL on 4 at 100.0 uL/sec
Dispensing 200.0 uL into F1 of NEST 96 Well Plate 100 µL PCR Full Skirt on Magnetic Module GEN1 on 10 at 25.0 uL/sec
Dropping tip into A1 of Opentrons Fixed Trash on 12
Picking up tip from A7 of Opentrons OT-2 96 Tip Rack 300 µL on 6
Aspirating 200.0 uL from A3 of NEST 12 Well Reservoir 15 mL on 4 at 100.0 uL/sec
Dispensing 200.0 uL into G1 of NEST 96 Well Plate 100 µL PCR Full Skirt on Magnetic Module GEN1 on 10 at 25.0 uL/sec
Dropping tip into A1 of Opentrons Fixed Trash on 12
Picking up tip from A8 of Opentrons OT-2 96 Tip Rack 300 µL on 6
Aspirating 200.0 uL from A3 of NEST 12 Well Reservoir 15 mL on 4 at 100.0 uL/sec
Dispensing 200.0 uL into H1 of NEST 96 Well Plate 100 µL PCR Full Skirt on Magnetic Module GEN1 on 10 at 25.0 uL/sec
Dropping tip into A1 of Opentrons Fixed Trash on 12
Incubating for 1 minute...
Delaying for 1 minutes and 0.0 seconds
Removing supernatant
Picking up tip from A9 of Opentrons OT-2 96 Tip Rack 300 µL on 6
Aspirating 200.0 uL from A1 of NEST 96 Well Plate 100 µL PCR Full Skirt on Magnetic Module GEN1 on 10 at 25.0 uL/sec
Dispensing 200.0 uL into A1 of NEST 1 Well Reservoir 195 mL on 11 at 100.0 uL/sec
Dropping tip into A1 of Opentrons Fixed Trash on 12
Picking up tip from A10 of Opentrons OT-2 96 Tip Rack 300 µL on 6
Aspirating 200.0 uL from B1 of NEST 96 Well Plate 100 µL PCR Full Skirt on Magnetic Module GEN1 on 10 at 25.0 uL/sec
Dispensing 200.0 uL into A1 of NEST 1 Well Reservoir 195 mL on 11 at 100.0 uL/sec
Dropping tip into A1 of Opentrons Fixed Trash on 12
Picking up tip from A11 of Opentrons OT-2 96 Tip Rack 300 µL on 6
Aspirating 200.0 uL from C1 of NEST 96 Well Plate 100 µL PCR Full Skirt on Magnetic Module GEN1 on 10 at 25.0 uL/sec
Dispensing 200.0 uL into A1 of NEST 1 Well Reservoir 195 mL on 11 at 100.0 uL/sec
Dropping tip into A1 of Opentrons Fixed Trash on 12
Picking up tip from A12 of Opentrons OT-2 96 Tip Rack 300 µL on 6
Aspirating 200.0 uL from D1 of NEST 96 Well Plate 100 µL PCR Full Skirt on Magnetic Module GEN1 on 10 at 25.0 uL/sec
Dispensing 200.0 uL into A1 of NEST 1 Well Reservoir 195 mL on 11 at 100.0 uL/sec
Dropping tip into A1 of Opentrons Fixed Trash on 12
Picking up tip from A1 of Opentrons OT-2 96 Tip Rack 300 µL on 3
Aspirating 200.0 uL from E1 of NEST 96 Well Plate 100 µL PCR Full Skirt on Magnetic Module GEN1 on 10 at 25.0 uL/sec
Dispensing 200.0 uL into A1 of NEST 1 Well Reservoir 195 mL on 11 at 100.0 uL/sec
Dropping tip into A1 of Opentrons Fixed Trash on 12
Picking up tip from A2 of Opentrons OT-2 96 Tip Rack 300 µL on 3
Aspirating 200.0 uL from F1 of NEST 96 Well Plate 100 µL PCR Full Skirt on Magnetic Module GEN1 on 10 at 25.0 uL/sec
Dispensing 200.0 uL into A1 of NEST 1 Well Reservoir 195 mL on 11 at 100.0 uL/sec
Dropping tip into A1 of Opentrons Fixed Trash on 12
Picking up tip from A3 of Opentrons OT-2 96 Tip Rack 300 µL on 3
Aspirating 200.0 uL from G1 of NEST 96 Well Plate 100 µL PCR Full Skirt on Magnetic Module GEN1 on 10 at 25.0 uL/sec
Dispensing 200.0 uL into A1 of NEST 1 Well Reservoir 195 mL on 11 at 100.0 uL/sec
Dropping tip into A1 of Opentrons Fixed Trash on 12
Picking up tip from A4 of Opentrons OT-2 96 Tip Rack 300 µL on 3
Aspirating 200.0 uL from H1 of NEST 96 Well Plate 100 µL PCR Full Skirt on Magnetic Module GEN1 on 10 at 25.0 uL/sec
Dispensing 200.0 uL into A1 of NEST 1 Well Reservoir 195 mL on 11 at 100.0 uL/sec
Dropping tip into A1 of Opentrons Fixed Trash on 12
Adding ethanol...
Picking up tip from A5 of Opentrons OT-2 96 Tip Rack 300 µL on 3
Aspirating 200.0 uL from A5 of NEST 12 Well Reservoir 15 mL on 4 at 100.0 uL/sec
Dispensing 200.0 uL into A1 of NEST 96 Well Plate 100 µL PCR Full Skirt on Magnetic Module GEN1 on 10 at 25.0 uL/sec
Dropping tip into A1 of Opentrons Fixed Trash on 12
Picking up tip from A6 of Opentrons OT-2 96 Tip Rack 300 µL on 3
Aspirating 200.0 uL from A5 of NEST 12 Well Reservoir 15 mL on 4 at 100.0 uL/sec
Dispensing 200.0 uL into B1 of NEST 96 Well Plate 100 µL PCR Full Skirt on Magnetic Module GEN1 on 10 at 25.0 uL/sec
Dropping tip into A1 of Opentrons Fixed Trash on 12
Picking up tip from A7 of Opentrons OT-2 96 Tip Rack 300 µL on 3
Aspirating 200.0 uL from A5 of NEST 12 Well Reservoir 15 mL on 4 at 100.0 uL/sec
Dispensing 200.0 uL into C1 of NEST 96 Well Plate 100 µL PCR Full Skirt on Magnetic Module GEN1 on 10 at 25.0 uL/sec
Dropping tip into A1 of Opentrons Fixed Trash on 12
Picking up tip from A8 of Opentrons OT-2 96 Tip Rack 300 µL on 3
Aspirating 200.0 uL from A5 of NEST 12 Well Reservoir 15 mL on 4 at 100.0 uL/sec
Dispensing 200.0 uL into D1 of NEST 96 Well Plate 100 µL PCR Full Skirt on Magnetic Module GEN1 on 10 at 25.0 uL/sec
Dropping tip into A1 of Opentrons Fixed Trash on 12
Picking up tip from A9 of Opentrons OT-2 96 Tip Rack 300 µL on 3
Aspirating 200.0 uL from A5 of NEST 12 Well Reservoir 15 mL on 4 at 100.0 uL/sec
Dispensing 200.0 uL into E1 of NEST 96 Well Plate 100 µL PCR Full Skirt on Magnetic Module GEN1 on 10 at 25.0 uL/sec
Dropping tip into A1 of Opentrons Fixed Trash on 12
Picking up tip from A10 of Opentrons OT-2 96 Tip Rack 300 µL on 3
Aspirating 200.0 uL from A5 of NEST 12 Well Reservoir 15 mL on 4 at 100.0 uL/sec
Dispensing 200.0 uL into F1 of NEST 96 Well Plate 100 µL PCR Full Skirt on Magnetic Module GEN1 on 10 at 25.0 uL/sec
Dropping tip into A1 of Opentrons Fixed Trash on 12
Picking up tip from A11 of Opentrons OT-2 96 Tip Rack 300 µL on 3
Aspirating 200.0 uL from A5 of NEST 12 Well Reservoir 15 mL on 4 at 100.0 uL/sec
Dispensing 200.0 uL into G1 of NEST 96 Well Plate 100 µL PCR Full Skirt on Magnetic Module GEN1 on 10 at 25.0 uL/sec
Dropping tip into A1 of Opentrons Fixed Trash on 12
Picking up tip from A12 of Opentrons OT-2 96 Tip Rack 300 µL on 3
Aspirating 200.0 uL from A5 of NEST 12 Well Reservoir 15 mL on 4 at 100.0 uL/sec
Dispensing 200.0 uL into H1 of NEST 96 Well Plate 100 µL PCR Full Skirt on Magnetic Module GEN1 on 10 at 25.0 uL/sec
Dropping tip into A1 of Opentrons Fixed Trash on 12
Incubating for 1 minute...
Delaying for 1 minutes and 0.0 seconds
Removing supernatant
Pausing robot operation: Please replace tips
Picking up tip from A1 of Opentrons OT-2 96 Tip Rack 300 µL on 6
Aspirating 200.0 uL from A1 of NEST 96 Well Plate 100 µL PCR Full Skirt on Magnetic Module GEN1 on 10 at 25.0 uL/sec
Dispensing 200.0 uL into A1 of NEST 1 Well Reservoir 195 mL on 11 at 100.0 uL/sec
Dropping tip into A1 of Opentrons Fixed Trash on 12
Picking up tip from A2 of Opentrons OT-2 96 Tip Rack 300 µL on 6
Aspirating 200.0 uL from B1 of NEST 96 Well Plate 100 µL PCR Full Skirt on Magnetic Module GEN1 on 10 at 25.0 uL/sec
Dispensing 200.0 uL into A1 of NEST 1 Well Reservoir 195 mL on 11 at 100.0 uL/sec
Dropping tip into A1 of Opentrons Fixed Trash on 12
Picking up tip from A3 of Opentrons OT-2 96 Tip Rack 300 µL on 6
Aspirating 200.0 uL from C1 of NEST 96 Well Plate 100 µL PCR Full Skirt on Magnetic Module GEN1 on 10 at 25.0 uL/sec
Dispensing 200.0 uL into A1 of NEST 1 Well Reservoir 195 mL on 11 at 100.0 uL/sec
Dropping tip into A1 of Opentrons Fixed Trash on 12
Picking up tip from A4 of Opentrons OT-2 96 Tip Rack 300 µL on 6
Aspirating 200.0 uL from D1 of NEST 96 Well Plate 100 µL PCR Full Skirt on Magnetic Module GEN1 on 10 at 25.0 uL/sec
Dispensing 200.0 uL into A1 of NEST 1 Well Reservoir 195 mL on 11 at 100.0 uL/sec
Dropping tip into A1 of Opentrons Fixed Trash on 12
Picking up tip from A5 of Opentrons OT-2 96 Tip Rack 300 µL on 6
Aspirating 200.0 uL from E1 of NEST 96 Well Plate 100 µL PCR Full Skirt on Magnetic Module GEN1 on 10 at 25.0 uL/sec
Dispensing 200.0 uL into A1 of NEST 1 Well Reservoir 195 mL on 11 at 100.0 uL/sec
Dropping tip into A1 of Opentrons Fixed Trash on 12
Picking up tip from A6 of Opentrons OT-2 96 Tip Rack 300 µL on 6
Aspirating 200.0 uL from F1 of NEST 96 Well Plate 100 µL PCR Full Skirt on Magnetic Module GEN1 on 10 at 25.0 uL/sec
Dispensing 200.0 uL into A1 of NEST 1 Well Reservoir 195 mL on 11 at 100.0 uL/sec
Dropping tip into A1 of Opentrons Fixed Trash on 12
Picking up tip from A7 of Opentrons OT-2 96 Tip Rack 300 µL on 6
Aspirating 200.0 uL from G1 of NEST 96 Well Plate 100 µL PCR Full Skirt on Magnetic Module GEN1 on 10 at 25.0 uL/sec
Dispensing 200.0 uL into A1 of NEST 1 Well Reservoir 195 mL on 11 at 100.0 uL/sec
Dropping tip into A1 of Opentrons Fixed Trash on 12
Picking up tip from A8 of Opentrons OT-2 96 Tip Rack 300 µL on 6
Aspirating 200.0 uL from H1 of NEST 96 Well Plate 100 µL PCR Full Skirt on Magnetic Module GEN1 on 10 at 25.0 uL/sec
Dispensing 200.0 uL into A1 of NEST 1 Well Reservoir 195 mL on 11 at 100.0 uL/sec
Dropping tip into A1 of Opentrons Fixed Trash on 12
Air drying for 5 minutes...
Delaying for 5 minutes and 0.0 seconds
Disengaging Magnetic Module
Adding 17uL of elution buffer...
Picking up tip from A2 of Opentrons OT-2 96 Tip Rack 20 µL on 5
Aspirating 17.0 uL from A12 of NEST 12 Well Reservoir 15 mL on 4 at 7.6 uL/sec
Dispensing 17.0 uL into A1 of NEST 96 Well Plate 100 µL PCR Full Skirt on Magnetic Module GEN1 on 10 at 7.6 uL/sec
Mixing 5 times with a volume of 15.0 ul
	Aspirating 15.0 uL from A1 of NEST 96 Well Plate 100 µL PCR Full Skirt on Magnetic Module GEN1 on 10 at 7.6 uL/sec
	Dispensing 15.0 uL into A1 of NEST 96 Well Plate 100 µL PCR Full Skirt on Magnetic Module GEN1 on 10 at 7.6 uL/sec
	Aspirating 15.0 uL from A1 of NEST 96 Well Plate 100 µL PCR Full Skirt on Magnetic Module GEN1 on 10 at 7.6 uL/sec
	Dispensing 15.0 uL into A1 of NEST 96 Well Plate 100 µL PCR Full Skirt on Magnetic Module GEN1 on 10 at 7.6 uL/sec
	Aspirating 15.0 uL from A1 of NEST 96 Well Plate 100 µL PCR Full Skirt on Magnetic Module GEN1 on 10 at 7.6 uL/sec
	Dispensing 15.0 uL into A1 of NEST 96 Well Plate 100 µL PCR Full Skirt on Magnetic Module GEN1 on 10 at 7.6 uL/sec
	Aspirating 15.0 uL from A1 of NEST 96 Well Plate 100 µL PCR Full Skirt on Magnetic Module GEN1 on 10 at 7.6 uL/sec
	Dispensing 15.0 uL into A1 of NEST 96 Well Plate 100 µL PCR Full Skirt on Magnetic Module GEN1 on 10 at 7.6 uL/sec
	Aspirating 15.0 uL from A1 of NEST 96 Well Plate 100 µL PCR Full Skirt on Magnetic Module GEN1 on 10 at 7.6 uL/sec
	Dispensing 15.0 uL into A1 of NEST 96 Well Plate 100 µL PCR Full Skirt on Magnetic Module GEN1 on 10 at 7.6 uL/sec
Blowing out at A1 of NEST 96 Well Plate 100 µL PCR Full Skirt on Magnetic Module GEN1 on 10
Dropping tip into A1 of Opentrons Fixed Trash on 12
Incubating for 2 minutes...
Delaying for 2 minutes and 0.0 seconds
Engaging Magnetic Module
Incubating for 3 minutes...
Delaying for 3 minutes and 0.0 seconds
Transferring 15uL of elution to PCR plate...
Picking up tip from A3 of Opentrons OT-2 96 Tip Rack 20 µL on 5
Aspirating 15.0 uL from A1 of NEST 96 Well Plate 100 µL PCR Full Skirt on Magnetic Module GEN1 on 10 at 7.6 uL/sec
Dispensing 15.0 uL into A1 of NEST 96 Well Plate 100 µL PCR Full Skirt on 1 at 7.6 uL/sec
Blowing out at A1 of NEST 96 Well Plate 100 µL PCR Full Skirt on 1
Dropping tip into A1 of Opentrons Fixed Trash on 12
Protocol complete.      Please prepare for step 3 with elution plate.
Caught exception: {'message': 'Task was destroyed but it is pending!', 'task': <Task pending name='Task-4' coro=<Poller._poll_forever() running at /Users/dp/Desktop/project/github/opentrons/venv/lib/python3.10/site-packages/opentrons/hardware_control/poller.py:80> wait_for=<Future pending cb=[Task.task_wakeup()]>>}
Caught exception: {'message': 'Task was destroyed but it is pending!', 'task': <Task pending name='Task-3' coro=<Poller._poll_forever() running at /Users/dp/Desktop/project/github/opentrons/venv/lib/python3.10/site-packages/opentrons/hardware_control/poller.py:80> wait_for=<Future pending cb=[Task.task_wakeup()]>>}
Caught exception: {'message': 'Task was destroyed but it is pending!', 'task': <Task pending name='Task-2' coro=<Poller._poll_forever() running at /Users/dp/Desktop/project/github/opentrons/venv/lib/python3.10/site-packages/opentrons/hardware_control/poller.py:80> wait_for=<Future pending cb=[Task.task_wakeup()]>>}
