/Users/dp/Desktop/project/github/opentrons/venv/lib/python3.10/site-packages/opentrons/hardware_control/simulator_setup.py:205: UserWarning: Simulator configuration does not name a machine, defaulting to OT-2 Standard
  warn(
/Users/dp/.opentrons/robot_settings.json not found. Loading defaults
Deck calibration not found.
/Users/dp/.opentrons/deck_calibration.json not found. Loading defaults
Transferring 40uL of Enzymatic Fragmentation Master Mix
Picking up tip from A1 of Opentrons OT-2 96 Tip Rack 300 µL on 3
Aspirating 40.0 uL from A1 of Opentrons 24 Tube Rack with Eppendorf 1.5 mL Safe-Lock Snapcap on 2 at 94.0 uL/sec
Dispensing 40.0 uL into A1 of NEST 96 Well Plate 100 µL PCR Full Skirt on 7 at 94.0 uL/sec
Blowing out at A1 of NEST 96 Well Plate 100 µL PCR Full Skirt on 7
Dropping tip into A1 of Opentrons Fixed Trash on 12
Transferring 10uL of sample and mixing...
Picking up tip from A1 of Opentrons OT-2 96 Tip Rack 20 µL on 6
Aspirating 10.0 uL from A1 of NEST 96 Well Plate 100 µL PCR Full Skirt on 1 at 7.6 uL/sec
Dispensing 10.0 uL into A1 of NEST 96 Well Plate 100 µL PCR Full Skirt on 7 at 7.6 uL/sec
Mixing 5 times with a volume of 20.0 ul
	Aspirating 20.0 uL from A1 of NEST 96 Well Plate 100 µL PCR Full Skirt on 7 at 7.6 uL/sec
	Dispensing 20.0 uL into A1 of NEST 96 Well Plate 100 µL PCR Full Skirt on 7 at 7.6 uL/sec
	Aspirating 20.0 uL from A1 of NEST 96 Well Plate 100 µL PCR Full Skirt on 7 at 7.6 uL/sec
	Dispensing 20.0 uL into A1 of NEST 96 Well Plate 100 µL PCR Full Skirt on 7 at 7.6 uL/sec
	Aspirating 20.0 uL from A1 of NEST 96 Well Plate 100 µL PCR Full Skirt on 7 at 7.6 uL/sec
	Dispensing 20.0 uL into A1 of NEST 96 Well Plate 100 µL PCR Full Skirt on 7 at 7.6 uL/sec
	Aspirating 20.0 uL from A1 of NEST 96 Well Plate 100 µL PCR Full Skirt on 7 at 7.6 uL/sec
	Dispensing 20.0 uL into A1 of NEST 96 Well Plate 100 µL PCR Full Skirt on 7 at 7.6 uL/sec
	Aspirating 20.0 uL from A1 of NEST 96 Well Plate 100 µL PCR Full Skirt on 7 at 7.6 uL/sec
	Dispensing 20.0 uL into A1 of NEST 96 Well Plate 100 µL PCR Full Skirt on 7 at 7.6 uL/sec
Blowing out at A1 of NEST 96 Well Plate 100 µL PCR Full Skirt on 7
Dropping tip into A1 of Opentrons Fixed Trash on 12
Protocol complete.     Please move plate to thermocycler & prepare for step 2.
Caught exception: {'message': 'Task was destroyed but it is pending!', 'task': <Task pending name='Task-4' coro=<Poller._poll_forever() running at /Users/dp/Desktop/project/github/opentrons/venv/lib/python3.10/site-packages/opentrons/hardware_control/poller.py:80> wait_for=<Future pending cb=[Task.task_wakeup()]>>}
Caught exception: {'message': 'Task was destroyed but it is pending!', 'task': <Task pending name='Task-3' coro=<Poller._poll_forever() running at /Users/dp/Desktop/project/github/opentrons/venv/lib/python3.10/site-packages/opentrons/hardware_control/poller.py:80> wait_for=<Future pending cb=[Task.task_wakeup()]>>}
Caught exception: {'message': 'Task was destroyed but it is pending!', 'task': <Task pending name='Task-2' coro=<Poller._poll_forever() running at /Users/dp/Desktop/project/github/opentrons/venv/lib/python3.10/site-packages/opentrons/hardware_control/poller.py:80> wait_for=<Future pending cb=[Task.task_wakeup()]>>}
