/Users/dp/Desktop/project/github/opentrons/venv/lib/python3.10/site-packages/opentrons/hardware_control/simulator_setup.py:205: UserWarning: Simulator configuration does not name a machine, defaulting to OT-2 Standard
  warn(
/Users/dp/.opentrons/robot_settings.json not found. Loading defaults
Deck calibration not found.
/Users/dp/.opentrons/deck_calibration.json not found. Loading defaults
Picking up tip from A1 of Opentrons OT-2 96 Filter Tip Rack 20 µL on 4
Pre-Wetting the tip
Aspirating 8.0 uL from A3 of 4-titude FrameStar 384 Well Plate 55 µL on 1 at 7.6 uL/sec
Dispensing 8.0 uL into A3 of 4-titude FrameStar 384 Well Plate 55 µL on 1 at 3.0 uL/sec
Mixing before transfer to recepient plate.
Mixing 3 times with a volume of 4.0 ul
	Aspirating 4.0 uL from A3 of 4-titude FrameStar 384 Well Plate 55 µL on 1 at 7.6 uL/sec
	Dispensing 4.0 uL into A3 of 4-titude FrameStar 384 Well Plate 55 µL on 1 at 3.0 uL/sec
	Aspirating 4.0 uL from A3 of 4-titude FrameStar 384 Well Plate 55 µL on 1 at 7.6 uL/sec
	Dispensing 4.0 uL into A3 of 4-titude FrameStar 384 Well Plate 55 µL on 1 at 3.0 uL/sec
	Aspirating 4.0 uL from A3 of 4-titude FrameStar 384 Well Plate 55 µL on 1 at 7.6 uL/sec
	Dispensing 4.0 uL into A3 of 4-titude FrameStar 384 Well Plate 55 µL on 1 at 3.0 uL/sec
Starting transfer to recipient plate.
Aspirating 8.0 uL from A3 of 4-titude FrameStar 384 Well Plate 55 µL on 1 at 7.6 uL/sec
Moving to A3 of 4-titude FrameStar 384 Well Plate 55 µL on 1
Delaying for 0 minutes and 1.0 seconds. 1
                          second delay after aspirating.
Dispensing 8.0 uL into A1 of Eppendorf Twin.tec 96 Well Plate 150 µL on 2 at 3.0 uL/sec
Moving to A1 of Eppendorf Twin.tec 96 Well Plate 150 µL on 2
Delaying for 0 minutes and 1.0 seconds. 1
                          second delay after dispensing.
Moving to A1 of Eppendorf Twin.tec 96 Well Plate 150 µL on 2
Air gap
	Aspirating 10.0 uL from A1 of Eppendorf Twin.tec 96 Well Plate 150 µL on 2 at 7.6 uL/sec
Dropping tip into A1 of Opentrons OT-2 96 Filter Tip Rack 20 µL on 9
Picking up tip from A2 of Opentrons OT-2 96 Filter Tip Rack 20 µL on 4
Pre-Wetting the tip
Aspirating 8.0 uL from A5 of 4-titude FrameStar 384 Well Plate 55 µL on 1 at 7.6 uL/sec
Dispensing 8.0 uL into A5 of 4-titude FrameStar 384 Well Plate 55 µL on 1 at 3.0 uL/sec
Mixing before transfer to recepient plate.
Mixing 3 times with a volume of 4.0 ul
	Aspirating 4.0 uL from A5 of 4-titude FrameStar 384 Well Plate 55 µL on 1 at 7.6 uL/sec
	Dispensing 4.0 uL into A5 of 4-titude FrameStar 384 Well Plate 55 µL on 1 at 3.0 uL/sec
	Aspirating 4.0 uL from A5 of 4-titude FrameStar 384 Well Plate 55 µL on 1 at 7.6 uL/sec
	Dispensing 4.0 uL into A5 of 4-titude FrameStar 384 Well Plate 55 µL on 1 at 3.0 uL/sec
	Aspirating 4.0 uL from A5 of 4-titude FrameStar 384 Well Plate 55 µL on 1 at 7.6 uL/sec
	Dispensing 4.0 uL into A5 of 4-titude FrameStar 384 Well Plate 55 µL on 1 at 3.0 uL/sec
Starting transfer to recipient plate.
Aspirating 8.0 uL from A5 of 4-titude FrameStar 384 Well Plate 55 µL on 1 at 7.6 uL/sec
Moving to A5 of 4-titude FrameStar 384 Well Plate 55 µL on 1
Delaying for 0 minutes and 1.0 seconds. 1
                          second delay after aspirating.
Dispensing 8.0 uL into A1 of Eppendorf Twin.tec 96 Well Plate 150 µL on 2 at 3.0 uL/sec
Moving to A1 of Eppendorf Twin.tec 96 Well Plate 150 µL on 2
Delaying for 0 minutes and 1.0 seconds. 1
                          second delay after dispensing.
Moving to A1 of Eppendorf Twin.tec 96 Well Plate 150 µL on 2
Air gap
	Aspirating 10.0 uL from A1 of Eppendorf Twin.tec 96 Well Plate 150 µL on 2 at 7.6 uL/sec
Dropping tip into A2 of Opentrons OT-2 96 Filter Tip Rack 20 µL on 9
Picking up tip from A3 of Opentrons OT-2 96 Filter Tip Rack 20 µL on 4
Pre-Wetting the tip
Aspirating 8.0 uL from A7 of 4-titude FrameStar 384 Well Plate 55 µL on 1 at 7.6 uL/sec
Dispensing 8.0 uL into A7 of 4-titude FrameStar 384 Well Plate 55 µL on 1 at 3.0 uL/sec
Mixing before transfer to recepient plate.
Mixing 3 times with a volume of 4.0 ul
	Aspirating 4.0 uL from A7 of 4-titude FrameStar 384 Well Plate 55 µL on 1 at 7.6 uL/sec
	Dispensing 4.0 uL into A7 of 4-titude FrameStar 384 Well Plate 55 µL on 1 at 3.0 uL/sec
	Aspirating 4.0 uL from A7 of 4-titude FrameStar 384 Well Plate 55 µL on 1 at 7.6 uL/sec
	Dispensing 4.0 uL into A7 of 4-titude FrameStar 384 Well Plate 55 µL on 1 at 3.0 uL/sec
	Aspirating 4.0 uL from A7 of 4-titude FrameStar 384 Well Plate 55 µL on 1 at 7.6 uL/sec
	Dispensing 4.0 uL into A7 of 4-titude FrameStar 384 Well Plate 55 µL on 1 at 3.0 uL/sec
Starting transfer to recipient plate.
Aspirating 8.0 uL from A7 of 4-titude FrameStar 384 Well Plate 55 µL on 1 at 7.6 uL/sec
Moving to A7 of 4-titude FrameStar 384 Well Plate 55 µL on 1
Delaying for 0 minutes and 1.0 seconds. 1
                          second delay after aspirating.
Dispensing 8.0 uL into A1 of Eppendorf Twin.tec 96 Well Plate 150 µL on 2 at 3.0 uL/sec
Moving to A1 of Eppendorf Twin.tec 96 Well Plate 150 µL on 2
Delaying for 0 minutes and 1.0 seconds. 1
                          second delay after dispensing.
Moving to A1 of Eppendorf Twin.tec 96 Well Plate 150 µL on 2
Air gap
	Aspirating 10.0 uL from A1 of Eppendorf Twin.tec 96 Well Plate 150 µL on 2 at 7.6 uL/sec
Dropping tip into A3 of Opentrons OT-2 96 Filter Tip Rack 20 µL on 9
Picking up tip from A4 of Opentrons OT-2 96 Filter Tip Rack 20 µL on 4
Pre-Wetting the tip
Aspirating 8.0 uL from A9 of 4-titude FrameStar 384 Well Plate 55 µL on 1 at 7.6 uL/sec
Dispensing 8.0 uL into A9 of 4-titude FrameStar 384 Well Plate 55 µL on 1 at 3.0 uL/sec
Mixing before transfer to recepient plate.
Mixing 3 times with a volume of 4.0 ul
	Aspirating 4.0 uL from A9 of 4-titude FrameStar 384 Well Plate 55 µL on 1 at 7.6 uL/sec
	Dispensing 4.0 uL into A9 of 4-titude FrameStar 384 Well Plate 55 µL on 1 at 3.0 uL/sec
	Aspirating 4.0 uL from A9 of 4-titude FrameStar 384 Well Plate 55 µL on 1 at 7.6 uL/sec
	Dispensing 4.0 uL into A9 of 4-titude FrameStar 384 Well Plate 55 µL on 1 at 3.0 uL/sec
	Aspirating 4.0 uL from A9 of 4-titude FrameStar 384 Well Plate 55 µL on 1 at 7.6 uL/sec
	Dispensing 4.0 uL into A9 of 4-titude FrameStar 384 Well Plate 55 µL on 1 at 3.0 uL/sec
Starting transfer to recipient plate.
Aspirating 8.0 uL from A9 of 4-titude FrameStar 384 Well Plate 55 µL on 1 at 7.6 uL/sec
Moving to A9 of 4-titude FrameStar 384 Well Plate 55 µL on 1
Delaying for 0 minutes and 1.0 seconds. 1
                          second delay after aspirating.
Dispensing 8.0 uL into A1 of Eppendorf Twin.tec 96 Well Plate 150 µL on 2 at 3.0 uL/sec
Moving to A1 of Eppendorf Twin.tec 96 Well Plate 150 µL on 2
Delaying for 0 minutes and 1.0 seconds. 1
                          second delay after dispensing.
Moving to A1 of Eppendorf Twin.tec 96 Well Plate 150 µL on 2
Air gap
	Aspirating 10.0 uL from A1 of Eppendorf Twin.tec 96 Well Plate 150 µL on 2 at 7.6 uL/sec
Dropping tip into A4 of Opentrons OT-2 96 Filter Tip Rack 20 µL on 9
Picking up tip from A5 of Opentrons OT-2 96 Filter Tip Rack 20 µL on 4
Pre-Wetting the tip
Aspirating 8.0 uL from A11 of 4-titude FrameStar 384 Well Plate 55 µL on 1 at 7.6 uL/sec
Dispensing 8.0 uL into A11 of 4-titude FrameStar 384 Well Plate 55 µL on 1 at 3.0 uL/sec
Mixing before transfer to recepient plate.
Mixing 3 times with a volume of 4.0 ul
	Aspirating 4.0 uL from A11 of 4-titude FrameStar 384 Well Plate 55 µL on 1 at 7.6 uL/sec
	Dispensing 4.0 uL into A11 of 4-titude FrameStar 384 Well Plate 55 µL on 1 at 3.0 uL/sec
	Aspirating 4.0 uL from A11 of 4-titude FrameStar 384 Well Plate 55 µL on 1 at 7.6 uL/sec
	Dispensing 4.0 uL into A11 of 4-titude FrameStar 384 Well Plate 55 µL on 1 at 3.0 uL/sec
	Aspirating 4.0 uL from A11 of 4-titude FrameStar 384 Well Plate 55 µL on 1 at 7.6 uL/sec
	Dispensing 4.0 uL into A11 of 4-titude FrameStar 384 Well Plate 55 µL on 1 at 3.0 uL/sec
Starting transfer to recipient plate.
Aspirating 8.0 uL from A11 of 4-titude FrameStar 384 Well Plate 55 µL on 1 at 7.6 uL/sec
Moving to A11 of 4-titude FrameStar 384 Well Plate 55 µL on 1
Delaying for 0 minutes and 1.0 seconds. 1
                          second delay after aspirating.
Dispensing 8.0 uL into A1 of Eppendorf Twin.tec 96 Well Plate 150 µL on 2 at 3.0 uL/sec
Moving to A1 of Eppendorf Twin.tec 96 Well Plate 150 µL on 2
Delaying for 0 minutes and 1.0 seconds. 1
                          second delay after dispensing.
Moving to A1 of Eppendorf Twin.tec 96 Well Plate 150 µL on 2
Air gap
	Aspirating 10.0 uL from A1 of Eppendorf Twin.tec 96 Well Plate 150 µL on 2 at 7.6 uL/sec
Dropping tip into A5 of Opentrons OT-2 96 Filter Tip Rack 20 µL on 9
Picking up tip from A6 of Opentrons OT-2 96 Filter Tip Rack 20 µL on 4
Pre-Wetting the tip
Aspirating 8.0 uL from A13 of 4-titude FrameStar 384 Well Plate 55 µL on 1 at 7.6 uL/sec
Dispensing 8.0 uL into A13 of 4-titude FrameStar 384 Well Plate 55 µL on 1 at 3.0 uL/sec
Mixing before transfer to recepient plate.
Mixing 3 times with a volume of 4.0 ul
	Aspirating 4.0 uL from A13 of 4-titude FrameStar 384 Well Plate 55 µL on 1 at 7.6 uL/sec
	Dispensing 4.0 uL into A13 of 4-titude FrameStar 384 Well Plate 55 µL on 1 at 3.0 uL/sec
	Aspirating 4.0 uL from A13 of 4-titude FrameStar 384 Well Plate 55 µL on 1 at 7.6 uL/sec
	Dispensing 4.0 uL into A13 of 4-titude FrameStar 384 Well Plate 55 µL on 1 at 3.0 uL/sec
	Aspirating 4.0 uL from A13 of 4-titude FrameStar 384 Well Plate 55 µL on 1 at 7.6 uL/sec
	Dispensing 4.0 uL into A13 of 4-titude FrameStar 384 Well Plate 55 µL on 1 at 3.0 uL/sec
Starting transfer to recipient plate.
Aspirating 8.0 uL from A13 of 4-titude FrameStar 384 Well Plate 55 µL on 1 at 7.6 uL/sec
Moving to A13 of 4-titude FrameStar 384 Well Plate 55 µL on 1
Delaying for 0 minutes and 1.0 seconds. 1
                          second delay after aspirating.
Dispensing 8.0 uL into A1 of Eppendorf Twin.tec 96 Well Plate 150 µL on 2 at 3.0 uL/sec
Moving to A1 of Eppendorf Twin.tec 96 Well Plate 150 µL on 2
Delaying for 0 minutes and 1.0 seconds. 1
                          second delay after dispensing.
Moving to A1 of Eppendorf Twin.tec 96 Well Plate 150 µL on 2
Air gap
	Aspirating 10.0 uL from A1 of Eppendorf Twin.tec 96 Well Plate 150 µL on 2 at 7.6 uL/sec
Dropping tip into A6 of Opentrons OT-2 96 Filter Tip Rack 20 µL on 9
Picking up tip from A7 of Opentrons OT-2 96 Filter Tip Rack 20 µL on 4
Pre-Wetting the tip
Aspirating 8.0 uL from A15 of 4-titude FrameStar 384 Well Plate 55 µL on 1 at 7.6 uL/sec
Dispensing 8.0 uL into A15 of 4-titude FrameStar 384 Well Plate 55 µL on 1 at 3.0 uL/sec
Mixing before transfer to recepient plate.
Mixing 3 times with a volume of 4.0 ul
	Aspirating 4.0 uL from A15 of 4-titude FrameStar 384 Well Plate 55 µL on 1 at 7.6 uL/sec
	Dispensing 4.0 uL into A15 of 4-titude FrameStar 384 Well Plate 55 µL on 1 at 3.0 uL/sec
	Aspirating 4.0 uL from A15 of 4-titude FrameStar 384 Well Plate 55 µL on 1 at 7.6 uL/sec
	Dispensing 4.0 uL into A15 of 4-titude FrameStar 384 Well Plate 55 µL on 1 at 3.0 uL/sec
	Aspirating 4.0 uL from A15 of 4-titude FrameStar 384 Well Plate 55 µL on 1 at 7.6 uL/sec
	Dispensing 4.0 uL into A15 of 4-titude FrameStar 384 Well Plate 55 µL on 1 at 3.0 uL/sec
Starting transfer to recipient plate.
Aspirating 8.0 uL from A15 of 4-titude FrameStar 384 Well Plate 55 µL on 1 at 7.6 uL/sec
Moving to A15 of 4-titude FrameStar 384 Well Plate 55 µL on 1
Delaying for 0 minutes and 1.0 seconds. 1
                          second delay after aspirating.
Dispensing 8.0 uL into A1 of Eppendorf Twin.tec 96 Well Plate 150 µL on 2 at 3.0 uL/sec
Moving to A1 of Eppendorf Twin.tec 96 Well Plate 150 µL on 2
Delaying for 0 minutes and 1.0 seconds. 1
                          second delay after dispensing.
Moving to A1 of Eppendorf Twin.tec 96 Well Plate 150 µL on 2
Air gap
	Aspirating 10.0 uL from A1 of Eppendorf Twin.tec 96 Well Plate 150 µL on 2 at 7.6 uL/sec
Dropping tip into A7 of Opentrons OT-2 96 Filter Tip Rack 20 µL on 9
Picking up tip from A8 of Opentrons OT-2 96 Filter Tip Rack 20 µL on 4
Pre-Wetting the tip
Aspirating 8.0 uL from A17 of 4-titude FrameStar 384 Well Plate 55 µL on 1 at 7.6 uL/sec
Dispensing 8.0 uL into A17 of 4-titude FrameStar 384 Well Plate 55 µL on 1 at 3.0 uL/sec
Mixing before transfer to recepient plate.
Mixing 3 times with a volume of 4.0 ul
	Aspirating 4.0 uL from A17 of 4-titude FrameStar 384 Well Plate 55 µL on 1 at 7.6 uL/sec
	Dispensing 4.0 uL into A17 of 4-titude FrameStar 384 Well Plate 55 µL on 1 at 3.0 uL/sec
	Aspirating 4.0 uL from A17 of 4-titude FrameStar 384 Well Plate 55 µL on 1 at 7.6 uL/sec
	Dispensing 4.0 uL into A17 of 4-titude FrameStar 384 Well Plate 55 µL on 1 at 3.0 uL/sec
	Aspirating 4.0 uL from A17 of 4-titude FrameStar 384 Well Plate 55 µL on 1 at 7.6 uL/sec
	Dispensing 4.0 uL into A17 of 4-titude FrameStar 384 Well Plate 55 µL on 1 at 3.0 uL/sec
Starting transfer to recipient plate.
Aspirating 8.0 uL from A17 of 4-titude FrameStar 384 Well Plate 55 µL on 1 at 7.6 uL/sec
Moving to A17 of 4-titude FrameStar 384 Well Plate 55 µL on 1
Delaying for 0 minutes and 1.0 seconds. 1
                          second delay after aspirating.
Dispensing 8.0 uL into A1 of Eppendorf Twin.tec 96 Well Plate 150 µL on 2 at 3.0 uL/sec
Moving to A1 of Eppendorf Twin.tec 96 Well Plate 150 µL on 2
Delaying for 0 minutes and 1.0 seconds. 1
                          second delay after dispensing.
Moving to A1 of Eppendorf Twin.tec 96 Well Plate 150 µL on 2
Air gap
	Aspirating 10.0 uL from A1 of Eppendorf Twin.tec 96 Well Plate 150 µL on 2 at 7.6 uL/sec
Dropping tip into A8 of Opentrons OT-2 96 Filter Tip Rack 20 µL on 9
Picking up tip from A9 of Opentrons OT-2 96 Filter Tip Rack 20 µL on 4
Pre-Wetting the tip
Aspirating 8.0 uL from A19 of 4-titude FrameStar 384 Well Plate 55 µL on 1 at 7.6 uL/sec
Dispensing 8.0 uL into A19 of 4-titude FrameStar 384 Well Plate 55 µL on 1 at 3.0 uL/sec
Mixing before transfer to recepient plate.
Mixing 3 times with a volume of 4.0 ul
	Aspirating 4.0 uL from A19 of 4-titude FrameStar 384 Well Plate 55 µL on 1 at 7.6 uL/sec
	Dispensing 4.0 uL into A19 of 4-titude FrameStar 384 Well Plate 55 µL on 1 at 3.0 uL/sec
	Aspirating 4.0 uL from A19 of 4-titude FrameStar 384 Well Plate 55 µL on 1 at 7.6 uL/sec
	Dispensing 4.0 uL into A19 of 4-titude FrameStar 384 Well Plate 55 µL on 1 at 3.0 uL/sec
	Aspirating 4.0 uL from A19 of 4-titude FrameStar 384 Well Plate 55 µL on 1 at 7.6 uL/sec
	Dispensing 4.0 uL into A19 of 4-titude FrameStar 384 Well Plate 55 µL on 1 at 3.0 uL/sec
Starting transfer to recipient plate.
Aspirating 8.0 uL from A19 of 4-titude FrameStar 384 Well Plate 55 µL on 1 at 7.6 uL/sec
Moving to A19 of 4-titude FrameStar 384 Well Plate 55 µL on 1
Delaying for 0 minutes and 1.0 seconds. 1
                          second delay after aspirating.
Dispensing 8.0 uL into A1 of Eppendorf Twin.tec 96 Well Plate 150 µL on 2 at 3.0 uL/sec
Moving to A1 of Eppendorf Twin.tec 96 Well Plate 150 µL on 2
Delaying for 0 minutes and 1.0 seconds. 1
                          second delay after dispensing.
Moving to A1 of Eppendorf Twin.tec 96 Well Plate 150 µL on 2
Air gap
	Aspirating 10.0 uL from A1 of Eppendorf Twin.tec 96 Well Plate 150 µL on 2 at 7.6 uL/sec
Dropping tip into A9 of Opentrons OT-2 96 Filter Tip Rack 20 µL on 9
Picking up tip from A10 of Opentrons OT-2 96 Filter Tip Rack 20 µL on 4
Pre-Wetting the tip
Aspirating 8.0 uL from A21 of 4-titude FrameStar 384 Well Plate 55 µL on 1 at 7.6 uL/sec
Dispensing 8.0 uL into A21 of 4-titude FrameStar 384 Well Plate 55 µL on 1 at 3.0 uL/sec
Mixing before transfer to recepient plate.
Mixing 3 times with a volume of 4.0 ul
	Aspirating 4.0 uL from A21 of 4-titude FrameStar 384 Well Plate 55 µL on 1 at 7.6 uL/sec
	Dispensing 4.0 uL into A21 of 4-titude FrameStar 384 Well Plate 55 µL on 1 at 3.0 uL/sec
	Aspirating 4.0 uL from A21 of 4-titude FrameStar 384 Well Plate 55 µL on 1 at 7.6 uL/sec
	Dispensing 4.0 uL into A21 of 4-titude FrameStar 384 Well Plate 55 µL on 1 at 3.0 uL/sec
	Aspirating 4.0 uL from A21 of 4-titude FrameStar 384 Well Plate 55 µL on 1 at 7.6 uL/sec
	Dispensing 4.0 uL into A21 of 4-titude FrameStar 384 Well Plate 55 µL on 1 at 3.0 uL/sec
Starting transfer to recipient plate.
Aspirating 8.0 uL from A21 of 4-titude FrameStar 384 Well Plate 55 µL on 1 at 7.6 uL/sec
Moving to A21 of 4-titude FrameStar 384 Well Plate 55 µL on 1
Delaying for 0 minutes and 1.0 seconds. 1
                          second delay after aspirating.
Dispensing 8.0 uL into A1 of Eppendorf Twin.tec 96 Well Plate 150 µL on 2 at 3.0 uL/sec
Moving to A1 of Eppendorf Twin.tec 96 Well Plate 150 µL on 2
Delaying for 0 minutes and 1.0 seconds. 1
                          second delay after dispensing.
Moving to A1 of Eppendorf Twin.tec 96 Well Plate 150 µL on 2
Air gap
	Aspirating 10.0 uL from A1 of Eppendorf Twin.tec 96 Well Plate 150 µL on 2 at 7.6 uL/sec
Dropping tip into A10 of Opentrons OT-2 96 Filter Tip Rack 20 µL on 9
Picking up tip from A11 of Opentrons OT-2 96 Filter Tip Rack 20 µL on 4
Pre-Wetting the tip
Aspirating 8.0 uL from A4 of 4-titude FrameStar 384 Well Plate 55 µL on 1 at 7.6 uL/sec
Dispensing 8.0 uL into A4 of 4-titude FrameStar 384 Well Plate 55 µL on 1 at 3.0 uL/sec
Mixing before transfer to recepient plate.
Mixing 3 times with a volume of 4.0 ul
	Aspirating 4.0 uL from A4 of 4-titude FrameStar 384 Well Plate 55 µL on 1 at 7.6 uL/sec
	Dispensing 4.0 uL into A4 of 4-titude FrameStar 384 Well Plate 55 µL on 1 at 3.0 uL/sec
	Aspirating 4.0 uL from A4 of 4-titude FrameStar 384 Well Plate 55 µL on 1 at 7.6 uL/sec
	Dispensing 4.0 uL into A4 of 4-titude FrameStar 384 Well Plate 55 µL on 1 at 3.0 uL/sec
	Aspirating 4.0 uL from A4 of 4-titude FrameStar 384 Well Plate 55 µL on 1 at 7.6 uL/sec
	Dispensing 4.0 uL into A4 of 4-titude FrameStar 384 Well Plate 55 µL on 1 at 3.0 uL/sec
Starting transfer to recipient plate.
Aspirating 8.0 uL from A4 of 4-titude FrameStar 384 Well Plate 55 µL on 1 at 7.6 uL/sec
Moving to A4 of 4-titude FrameStar 384 Well Plate 55 µL on 1
Delaying for 0 minutes and 1.0 seconds. 1
                          second delay after aspirating.
Dispensing 8.0 uL into A1 of Eppendorf Twin.tec 96 Well Plate 150 µL on 2 at 3.0 uL/sec
Moving to A1 of Eppendorf Twin.tec 96 Well Plate 150 µL on 2
Delaying for 0 minutes and 1.0 seconds. 1
                          second delay after dispensing.
Moving to A1 of Eppendorf Twin.tec 96 Well Plate 150 µL on 2
Air gap
	Aspirating 10.0 uL from A1 of Eppendorf Twin.tec 96 Well Plate 150 µL on 2 at 7.6 uL/sec
Dropping tip into A11 of Opentrons OT-2 96 Filter Tip Rack 20 µL on 9
Picking up tip from A12 of Opentrons OT-2 96 Filter Tip Rack 20 µL on 4
Pre-Wetting the tip
Aspirating 8.0 uL from A6 of 4-titude FrameStar 384 Well Plate 55 µL on 1 at 7.6 uL/sec
Dispensing 8.0 uL into A6 of 4-titude FrameStar 384 Well Plate 55 µL on 1 at 3.0 uL/sec
Mixing before transfer to recepient plate.
Mixing 3 times with a volume of 4.0 ul
	Aspirating 4.0 uL from A6 of 4-titude FrameStar 384 Well Plate 55 µL on 1 at 7.6 uL/sec
	Dispensing 4.0 uL into A6 of 4-titude FrameStar 384 Well Plate 55 µL on 1 at 3.0 uL/sec
	Aspirating 4.0 uL from A6 of 4-titude FrameStar 384 Well Plate 55 µL on 1 at 7.6 uL/sec
	Dispensing 4.0 uL into A6 of 4-titude FrameStar 384 Well Plate 55 µL on 1 at 3.0 uL/sec
	Aspirating 4.0 uL from A6 of 4-titude FrameStar 384 Well Plate 55 µL on 1 at 7.6 uL/sec
	Dispensing 4.0 uL into A6 of 4-titude FrameStar 384 Well Plate 55 µL on 1 at 3.0 uL/sec
Starting transfer to recipient plate.
Aspirating 8.0 uL from A6 of 4-titude FrameStar 384 Well Plate 55 µL on 1 at 7.6 uL/sec
Moving to A6 of 4-titude FrameStar 384 Well Plate 55 µL on 1
Delaying for 0 minutes and 1.0 seconds. 1
                          second delay after aspirating.
Dispensing 8.0 uL into A1 of Eppendorf Twin.tec 96 Well Plate 150 µL on 2 at 3.0 uL/sec
Moving to A1 of Eppendorf Twin.tec 96 Well Plate 150 µL on 2
Delaying for 0 minutes and 1.0 seconds. 1
                          second delay after dispensing.
Moving to A1 of Eppendorf Twin.tec 96 Well Plate 150 µL on 2
Air gap
	Aspirating 10.0 uL from A1 of Eppendorf Twin.tec 96 Well Plate 150 µL on 2 at 7.6 uL/sec
Dropping tip into A12 of Opentrons OT-2 96 Filter Tip Rack 20 µL on 9
Picking up tip from A1 of Opentrons OT-2 96 Filter Tip Rack 20 µL on 5
Pre-Wetting the tip
Aspirating 8.0 uL from A8 of 4-titude FrameStar 384 Well Plate 55 µL on 1 at 7.6 uL/sec
Dispensing 8.0 uL into A8 of 4-titude FrameStar 384 Well Plate 55 µL on 1 at 3.0 uL/sec
Mixing before transfer to recepient plate.
Mixing 3 times with a volume of 4.0 ul
	Aspirating 4.0 uL from A8 of 4-titude FrameStar 384 Well Plate 55 µL on 1 at 7.6 uL/sec
	Dispensing 4.0 uL into A8 of 4-titude FrameStar 384 Well Plate 55 µL on 1 at 3.0 uL/sec
	Aspirating 4.0 uL from A8 of 4-titude FrameStar 384 Well Plate 55 µL on 1 at 7.6 uL/sec
	Dispensing 4.0 uL into A8 of 4-titude FrameStar 384 Well Plate 55 µL on 1 at 3.0 uL/sec
	Aspirating 4.0 uL from A8 of 4-titude FrameStar 384 Well Plate 55 µL on 1 at 7.6 uL/sec
	Dispensing 4.0 uL into A8 of 4-titude FrameStar 384 Well Plate 55 µL on 1 at 3.0 uL/sec
Starting transfer to recipient plate.
Aspirating 8.0 uL from A8 of 4-titude FrameStar 384 Well Plate 55 µL on 1 at 7.6 uL/sec
Moving to A8 of 4-titude FrameStar 384 Well Plate 55 µL on 1
Delaying for 0 minutes and 1.0 seconds. 1
                          second delay after aspirating.
Dispensing 8.0 uL into A1 of Eppendorf Twin.tec 96 Well Plate 150 µL on 2 at 3.0 uL/sec
Moving to A1 of Eppendorf Twin.tec 96 Well Plate 150 µL on 2
Delaying for 0 minutes and 1.0 seconds. 1
                          second delay after dispensing.
Moving to A1 of Eppendorf Twin.tec 96 Well Plate 150 µL on 2
Air gap
	Aspirating 10.0 uL from A1 of Eppendorf Twin.tec 96 Well Plate 150 µL on 2 at 7.6 uL/sec
Dropping tip into A1 of Opentrons OT-2 96 Filter Tip Rack 20 µL on 10
Picking up tip from A2 of Opentrons OT-2 96 Filter Tip Rack 20 µL on 5
Pre-Wetting the tip
Aspirating 8.0 uL from A10 of 4-titude FrameStar 384 Well Plate 55 µL on 1 at 7.6 uL/sec
Dispensing 8.0 uL into A10 of 4-titude FrameStar 384 Well Plate 55 µL on 1 at 3.0 uL/sec
Mixing before transfer to recepient plate.
Mixing 3 times with a volume of 4.0 ul
	Aspirating 4.0 uL from A10 of 4-titude FrameStar 384 Well Plate 55 µL on 1 at 7.6 uL/sec
	Dispensing 4.0 uL into A10 of 4-titude FrameStar 384 Well Plate 55 µL on 1 at 3.0 uL/sec
	Aspirating 4.0 uL from A10 of 4-titude FrameStar 384 Well Plate 55 µL on 1 at 7.6 uL/sec
	Dispensing 4.0 uL into A10 of 4-titude FrameStar 384 Well Plate 55 µL on 1 at 3.0 uL/sec
	Aspirating 4.0 uL from A10 of 4-titude FrameStar 384 Well Plate 55 µL on 1 at 7.6 uL/sec
	Dispensing 4.0 uL into A10 of 4-titude FrameStar 384 Well Plate 55 µL on 1 at 3.0 uL/sec
Starting transfer to recipient plate.
Aspirating 8.0 uL from A10 of 4-titude FrameStar 384 Well Plate 55 µL on 1 at 7.6 uL/sec
Moving to A10 of 4-titude FrameStar 384 Well Plate 55 µL on 1
Delaying for 0 minutes and 1.0 seconds. 1
                          second delay after aspirating.
Dispensing 8.0 uL into A1 of Eppendorf Twin.tec 96 Well Plate 150 µL on 2 at 3.0 uL/sec
Moving to A1 of Eppendorf Twin.tec 96 Well Plate 150 µL on 2
Delaying for 0 minutes and 1.0 seconds. 1
                          second delay after dispensing.
Moving to A1 of Eppendorf Twin.tec 96 Well Plate 150 µL on 2
Air gap
	Aspirating 10.0 uL from A1 of Eppendorf Twin.tec 96 Well Plate 150 µL on 2 at 7.6 uL/sec
Dropping tip into A2 of Opentrons OT-2 96 Filter Tip Rack 20 µL on 10
Picking up tip from A3 of Opentrons OT-2 96 Filter Tip Rack 20 µL on 5
Pre-Wetting the tip
Aspirating 8.0 uL from A12 of 4-titude FrameStar 384 Well Plate 55 µL on 1 at 7.6 uL/sec
Dispensing 8.0 uL into A12 of 4-titude FrameStar 384 Well Plate 55 µL on 1 at 3.0 uL/sec
Mixing before transfer to recepient plate.
Mixing 3 times with a volume of 4.0 ul
	Aspirating 4.0 uL from A12 of 4-titude FrameStar 384 Well Plate 55 µL on 1 at 7.6 uL/sec
	Dispensing 4.0 uL into A12 of 4-titude FrameStar 384 Well Plate 55 µL on 1 at 3.0 uL/sec
	Aspirating 4.0 uL from A12 of 4-titude FrameStar 384 Well Plate 55 µL on 1 at 7.6 uL/sec
	Dispensing 4.0 uL into A12 of 4-titude FrameStar 384 Well Plate 55 µL on 1 at 3.0 uL/sec
	Aspirating 4.0 uL from A12 of 4-titude FrameStar 384 Well Plate 55 µL on 1 at 7.6 uL/sec
	Dispensing 4.0 uL into A12 of 4-titude FrameStar 384 Well Plate 55 µL on 1 at 3.0 uL/sec
Starting transfer to recipient plate.
Aspirating 8.0 uL from A12 of 4-titude FrameStar 384 Well Plate 55 µL on 1 at 7.6 uL/sec
Moving to A12 of 4-titude FrameStar 384 Well Plate 55 µL on 1
Delaying for 0 minutes and 1.0 seconds. 1
                          second delay after aspirating.
Dispensing 8.0 uL into A1 of Eppendorf Twin.tec 96 Well Plate 150 µL on 2 at 3.0 uL/sec
Moving to A1 of Eppendorf Twin.tec 96 Well Plate 150 µL on 2
Delaying for 0 minutes and 1.0 seconds. 1
                          second delay after dispensing.
Moving to A1 of Eppendorf Twin.tec 96 Well Plate 150 µL on 2
Air gap
	Aspirating 10.0 uL from A1 of Eppendorf Twin.tec 96 Well Plate 150 µL on 2 at 7.6 uL/sec
Dropping tip into A3 of Opentrons OT-2 96 Filter Tip Rack 20 µL on 10
Picking up tip from A4 of Opentrons OT-2 96 Filter Tip Rack 20 µL on 5
Pre-Wetting the tip
Aspirating 8.0 uL from A14 of 4-titude FrameStar 384 Well Plate 55 µL on 1 at 7.6 uL/sec
Dispensing 8.0 uL into A14 of 4-titude FrameStar 384 Well Plate 55 µL on 1 at 3.0 uL/sec
Mixing before transfer to recepient plate.
Mixing 3 times with a volume of 4.0 ul
	Aspirating 4.0 uL from A14 of 4-titude FrameStar 384 Well Plate 55 µL on 1 at 7.6 uL/sec
	Dispensing 4.0 uL into A14 of 4-titude FrameStar 384 Well Plate 55 µL on 1 at 3.0 uL/sec
	Aspirating 4.0 uL from A14 of 4-titude FrameStar 384 Well Plate 55 µL on 1 at 7.6 uL/sec
	Dispensing 4.0 uL into A14 of 4-titude FrameStar 384 Well Plate 55 µL on 1 at 3.0 uL/sec
	Aspirating 4.0 uL from A14 of 4-titude FrameStar 384 Well Plate 55 µL on 1 at 7.6 uL/sec
	Dispensing 4.0 uL into A14 of 4-titude FrameStar 384 Well Plate 55 µL on 1 at 3.0 uL/sec
Starting transfer to recipient plate.
Aspirating 8.0 uL from A14 of 4-titude FrameStar 384 Well Plate 55 µL on 1 at 7.6 uL/sec
Moving to A14 of 4-titude FrameStar 384 Well Plate 55 µL on 1
Delaying for 0 minutes and 1.0 seconds. 1
                          second delay after aspirating.
Dispensing 8.0 uL into A1 of Eppendorf Twin.tec 96 Well Plate 150 µL on 2 at 3.0 uL/sec
Moving to A1 of Eppendorf Twin.tec 96 Well Plate 150 µL on 2
Delaying for 0 minutes and 1.0 seconds. 1
                          second delay after dispensing.
Moving to A1 of Eppendorf Twin.tec 96 Well Plate 150 µL on 2
Air gap
	Aspirating 10.0 uL from A1 of Eppendorf Twin.tec 96 Well Plate 150 µL on 2 at 7.6 uL/sec
Dropping tip into A4 of Opentrons OT-2 96 Filter Tip Rack 20 µL on 10
Picking up tip from A5 of Opentrons OT-2 96 Filter Tip Rack 20 µL on 5
Pre-Wetting the tip
Aspirating 8.0 uL from A16 of 4-titude FrameStar 384 Well Plate 55 µL on 1 at 7.6 uL/sec
Dispensing 8.0 uL into A16 of 4-titude FrameStar 384 Well Plate 55 µL on 1 at 3.0 uL/sec
Mixing before transfer to recepient plate.
Mixing 3 times with a volume of 4.0 ul
	Aspirating 4.0 uL from A16 of 4-titude FrameStar 384 Well Plate 55 µL on 1 at 7.6 uL/sec
	Dispensing 4.0 uL into A16 of 4-titude FrameStar 384 Well Plate 55 µL on 1 at 3.0 uL/sec
	Aspirating 4.0 uL from A16 of 4-titude FrameStar 384 Well Plate 55 µL on 1 at 7.6 uL/sec
	Dispensing 4.0 uL into A16 of 4-titude FrameStar 384 Well Plate 55 µL on 1 at 3.0 uL/sec
	Aspirating 4.0 uL from A16 of 4-titude FrameStar 384 Well Plate 55 µL on 1 at 7.6 uL/sec
	Dispensing 4.0 uL into A16 of 4-titude FrameStar 384 Well Plate 55 µL on 1 at 3.0 uL/sec
Starting transfer to recipient plate.
Aspirating 8.0 uL from A16 of 4-titude FrameStar 384 Well Plate 55 µL on 1 at 7.6 uL/sec
Moving to A16 of 4-titude FrameStar 384 Well Plate 55 µL on 1
Delaying for 0 minutes and 1.0 seconds. 1
                          second delay after aspirating.
Dispensing 8.0 uL into A1 of Eppendorf Twin.tec 96 Well Plate 150 µL on 2 at 3.0 uL/sec
Moving to A1 of Eppendorf Twin.tec 96 Well Plate 150 µL on 2
Delaying for 0 minutes and 1.0 seconds. 1
                          second delay after dispensing.
Moving to A1 of Eppendorf Twin.tec 96 Well Plate 150 µL on 2
Air gap
	Aspirating 10.0 uL from A1 of Eppendorf Twin.tec 96 Well Plate 150 µL on 2 at 7.6 uL/sec
Dropping tip into A5 of Opentrons OT-2 96 Filter Tip Rack 20 µL on 10
Picking up tip from A6 of Opentrons OT-2 96 Filter Tip Rack 20 µL on 5
Pre-Wetting the tip
Aspirating 8.0 uL from A18 of 4-titude FrameStar 384 Well Plate 55 µL on 1 at 7.6 uL/sec
Dispensing 8.0 uL into A18 of 4-titude FrameStar 384 Well Plate 55 µL on 1 at 3.0 uL/sec
Mixing before transfer to recepient plate.
Mixing 3 times with a volume of 4.0 ul
	Aspirating 4.0 uL from A18 of 4-titude FrameStar 384 Well Plate 55 µL on 1 at 7.6 uL/sec
	Dispensing 4.0 uL into A18 of 4-titude FrameStar 384 Well Plate 55 µL on 1 at 3.0 uL/sec
	Aspirating 4.0 uL from A18 of 4-titude FrameStar 384 Well Plate 55 µL on 1 at 7.6 uL/sec
	Dispensing 4.0 uL into A18 of 4-titude FrameStar 384 Well Plate 55 µL on 1 at 3.0 uL/sec
	Aspirating 4.0 uL from A18 of 4-titude FrameStar 384 Well Plate 55 µL on 1 at 7.6 uL/sec
	Dispensing 4.0 uL into A18 of 4-titude FrameStar 384 Well Plate 55 µL on 1 at 3.0 uL/sec
Starting transfer to recipient plate.
Aspirating 8.0 uL from A18 of 4-titude FrameStar 384 Well Plate 55 µL on 1 at 7.6 uL/sec
Moving to A18 of 4-titude FrameStar 384 Well Plate 55 µL on 1
Delaying for 0 minutes and 1.0 seconds. 1
                          second delay after aspirating.
Dispensing 8.0 uL into A1 of Eppendorf Twin.tec 96 Well Plate 150 µL on 2 at 3.0 uL/sec
Moving to A1 of Eppendorf Twin.tec 96 Well Plate 150 µL on 2
Delaying for 0 minutes and 1.0 seconds. 1
                          second delay after dispensing.
Moving to A1 of Eppendorf Twin.tec 96 Well Plate 150 µL on 2
Air gap
	Aspirating 10.0 uL from A1 of Eppendorf Twin.tec 96 Well Plate 150 µL on 2 at 7.6 uL/sec
Dropping tip into A6 of Opentrons OT-2 96 Filter Tip Rack 20 µL on 10
Picking up tip from A7 of Opentrons OT-2 96 Filter Tip Rack 20 µL on 5
Pre-Wetting the tip
Aspirating 8.0 uL from A20 of 4-titude FrameStar 384 Well Plate 55 µL on 1 at 7.6 uL/sec
Dispensing 8.0 uL into A20 of 4-titude FrameStar 384 Well Plate 55 µL on 1 at 3.0 uL/sec
Mixing before transfer to recepient plate.
Mixing 3 times with a volume of 4.0 ul
	Aspirating 4.0 uL from A20 of 4-titude FrameStar 384 Well Plate 55 µL on 1 at 7.6 uL/sec
	Dispensing 4.0 uL into A20 of 4-titude FrameStar 384 Well Plate 55 µL on 1 at 3.0 uL/sec
	Aspirating 4.0 uL from A20 of 4-titude FrameStar 384 Well Plate 55 µL on 1 at 7.6 uL/sec
	Dispensing 4.0 uL into A20 of 4-titude FrameStar 384 Well Plate 55 µL on 1 at 3.0 uL/sec
	Aspirating 4.0 uL from A20 of 4-titude FrameStar 384 Well Plate 55 µL on 1 at 7.6 uL/sec
	Dispensing 4.0 uL into A20 of 4-titude FrameStar 384 Well Plate 55 µL on 1 at 3.0 uL/sec
Starting transfer to recipient plate.
Aspirating 8.0 uL from A20 of 4-titude FrameStar 384 Well Plate 55 µL on 1 at 7.6 uL/sec
Moving to A20 of 4-titude FrameStar 384 Well Plate 55 µL on 1
Delaying for 0 minutes and 1.0 seconds. 1
                          second delay after aspirating.
Dispensing 8.0 uL into A1 of Eppendorf Twin.tec 96 Well Plate 150 µL on 2 at 3.0 uL/sec
Moving to A1 of Eppendorf Twin.tec 96 Well Plate 150 µL on 2
Delaying for 0 minutes and 1.0 seconds. 1
                          second delay after dispensing.
Moving to A1 of Eppendorf Twin.tec 96 Well Plate 150 µL on 2
Air gap
	Aspirating 10.0 uL from A1 of Eppendorf Twin.tec 96 Well Plate 150 µL on 2 at 7.6 uL/sec
Dropping tip into A7 of Opentrons OT-2 96 Filter Tip Rack 20 µL on 10
Picking up tip from A8 of Opentrons OT-2 96 Filter Tip Rack 20 µL on 5
Pre-Wetting the tip
Aspirating 8.0 uL from A22 of 4-titude FrameStar 384 Well Plate 55 µL on 1 at 7.6 uL/sec
Dispensing 8.0 uL into A22 of 4-titude FrameStar 384 Well Plate 55 µL on 1 at 3.0 uL/sec
Mixing before transfer to recepient plate.
Mixing 3 times with a volume of 4.0 ul
	Aspirating 4.0 uL from A22 of 4-titude FrameStar 384 Well Plate 55 µL on 1 at 7.6 uL/sec
	Dispensing 4.0 uL into A22 of 4-titude FrameStar 384 Well Plate 55 µL on 1 at 3.0 uL/sec
	Aspirating 4.0 uL from A22 of 4-titude FrameStar 384 Well Plate 55 µL on 1 at 7.6 uL/sec
	Dispensing 4.0 uL into A22 of 4-titude FrameStar 384 Well Plate 55 µL on 1 at 3.0 uL/sec
	Aspirating 4.0 uL from A22 of 4-titude FrameStar 384 Well Plate 55 µL on 1 at 7.6 uL/sec
	Dispensing 4.0 uL into A22 of 4-titude FrameStar 384 Well Plate 55 µL on 1 at 3.0 uL/sec
Starting transfer to recipient plate.
Aspirating 8.0 uL from A22 of 4-titude FrameStar 384 Well Plate 55 µL on 1 at 7.6 uL/sec
Moving to A22 of 4-titude FrameStar 384 Well Plate 55 µL on 1
Delaying for 0 minutes and 1.0 seconds. 1
                          second delay after aspirating.
Dispensing 8.0 uL into A1 of Eppendorf Twin.tec 96 Well Plate 150 µL on 2 at 3.0 uL/sec
Moving to A1 of Eppendorf Twin.tec 96 Well Plate 150 µL on 2
Delaying for 0 minutes and 1.0 seconds. 1
                          second delay after dispensing.
Moving to A1 of Eppendorf Twin.tec 96 Well Plate 150 µL on 2
Air gap
	Aspirating 10.0 uL from A1 of Eppendorf Twin.tec 96 Well Plate 150 µL on 2 at 7.6 uL/sec
Dropping tip into A8 of Opentrons OT-2 96 Filter Tip Rack 20 µL on 10
Picking up tip from A9 of Opentrons OT-2 96 Filter Tip Rack 20 µL on 5
Pre-Wetting the tip
Aspirating 8.0 uL from B3 of 4-titude FrameStar 384 Well Plate 55 µL on 1 at 7.6 uL/sec
Dispensing 8.0 uL into B3 of 4-titude FrameStar 384 Well Plate 55 µL on 1 at 3.0 uL/sec
Mixing before transfer to recepient plate.
Mixing 3 times with a volume of 4.0 ul
	Aspirating 4.0 uL from B3 of 4-titude FrameStar 384 Well Plate 55 µL on 1 at 7.6 uL/sec
	Dispensing 4.0 uL into B3 of 4-titude FrameStar 384 Well Plate 55 µL on 1 at 3.0 uL/sec
	Aspirating 4.0 uL from B3 of 4-titude FrameStar 384 Well Plate 55 µL on 1 at 7.6 uL/sec
	Dispensing 4.0 uL into B3 of 4-titude FrameStar 384 Well Plate 55 µL on 1 at 3.0 uL/sec
	Aspirating 4.0 uL from B3 of 4-titude FrameStar 384 Well Plate 55 µL on 1 at 7.6 uL/sec
	Dispensing 4.0 uL into B3 of 4-titude FrameStar 384 Well Plate 55 µL on 1 at 3.0 uL/sec
Starting transfer to recipient plate.
Aspirating 8.0 uL from B3 of 4-titude FrameStar 384 Well Plate 55 µL on 1 at 7.6 uL/sec
Moving to B3 of 4-titude FrameStar 384 Well Plate 55 µL on 1
Delaying for 0 minutes and 1.0 seconds. 1
                          second delay after aspirating.
Dispensing 8.0 uL into A1 of Eppendorf Twin.tec 96 Well Plate 150 µL on 2 at 3.0 uL/sec
Moving to A1 of Eppendorf Twin.tec 96 Well Plate 150 µL on 2
Delaying for 0 minutes and 1.0 seconds. 1
                          second delay after dispensing.
Moving to A1 of Eppendorf Twin.tec 96 Well Plate 150 µL on 2
Air gap
	Aspirating 10.0 uL from A1 of Eppendorf Twin.tec 96 Well Plate 150 µL on 2 at 7.6 uL/sec
Dropping tip into A9 of Opentrons OT-2 96 Filter Tip Rack 20 µL on 10
Picking up tip from A10 of Opentrons OT-2 96 Filter Tip Rack 20 µL on 5
Pre-Wetting the tip
Aspirating 8.0 uL from B5 of 4-titude FrameStar 384 Well Plate 55 µL on 1 at 7.6 uL/sec
Dispensing 8.0 uL into B5 of 4-titude FrameStar 384 Well Plate 55 µL on 1 at 3.0 uL/sec
Mixing before transfer to recepient plate.
Mixing 3 times with a volume of 4.0 ul
	Aspirating 4.0 uL from B5 of 4-titude FrameStar 384 Well Plate 55 µL on 1 at 7.6 uL/sec
	Dispensing 4.0 uL into B5 of 4-titude FrameStar 384 Well Plate 55 µL on 1 at 3.0 uL/sec
	Aspirating 4.0 uL from B5 of 4-titude FrameStar 384 Well Plate 55 µL on 1 at 7.6 uL/sec
	Dispensing 4.0 uL into B5 of 4-titude FrameStar 384 Well Plate 55 µL on 1 at 3.0 uL/sec
	Aspirating 4.0 uL from B5 of 4-titude FrameStar 384 Well Plate 55 µL on 1 at 7.6 uL/sec
	Dispensing 4.0 uL into B5 of 4-titude FrameStar 384 Well Plate 55 µL on 1 at 3.0 uL/sec
Starting transfer to recipient plate.
Aspirating 8.0 uL from B5 of 4-titude FrameStar 384 Well Plate 55 µL on 1 at 7.6 uL/sec
Moving to B5 of 4-titude FrameStar 384 Well Plate 55 µL on 1
Delaying for 0 minutes and 1.0 seconds. 1
                          second delay after aspirating.
Dispensing 8.0 uL into A1 of Eppendorf Twin.tec 96 Well Plate 150 µL on 2 at 3.0 uL/sec
Moving to A1 of Eppendorf Twin.tec 96 Well Plate 150 µL on 2
Delaying for 0 minutes and 1.0 seconds. 1
                          second delay after dispensing.
Moving to A1 of Eppendorf Twin.tec 96 Well Plate 150 µL on 2
Air gap
	Aspirating 10.0 uL from A1 of Eppendorf Twin.tec 96 Well Plate 150 µL on 2 at 7.6 uL/sec
Dropping tip into A10 of Opentrons OT-2 96 Filter Tip Rack 20 µL on 10
Picking up tip from A11 of Opentrons OT-2 96 Filter Tip Rack 20 µL on 5
Pre-Wetting the tip
Aspirating 8.0 uL from B7 of 4-titude FrameStar 384 Well Plate 55 µL on 1 at 7.6 uL/sec
Dispensing 8.0 uL into B7 of 4-titude FrameStar 384 Well Plate 55 µL on 1 at 3.0 uL/sec
Mixing before transfer to recepient plate.
Mixing 3 times with a volume of 4.0 ul
	Aspirating 4.0 uL from B7 of 4-titude FrameStar 384 Well Plate 55 µL on 1 at 7.6 uL/sec
	Dispensing 4.0 uL into B7 of 4-titude FrameStar 384 Well Plate 55 µL on 1 at 3.0 uL/sec
	Aspirating 4.0 uL from B7 of 4-titude FrameStar 384 Well Plate 55 µL on 1 at 7.6 uL/sec
	Dispensing 4.0 uL into B7 of 4-titude FrameStar 384 Well Plate 55 µL on 1 at 3.0 uL/sec
	Aspirating 4.0 uL from B7 of 4-titude FrameStar 384 Well Plate 55 µL on 1 at 7.6 uL/sec
	Dispensing 4.0 uL into B7 of 4-titude FrameStar 384 Well Plate 55 µL on 1 at 3.0 uL/sec
Starting transfer to recipient plate.
Aspirating 8.0 uL from B7 of 4-titude FrameStar 384 Well Plate 55 µL on 1 at 7.6 uL/sec
Moving to B7 of 4-titude FrameStar 384 Well Plate 55 µL on 1
Delaying for 0 minutes and 1.0 seconds. 1
                          second delay after aspirating.
Dispensing 8.0 uL into A1 of Eppendorf Twin.tec 96 Well Plate 150 µL on 2 at 3.0 uL/sec
Moving to A1 of Eppendorf Twin.tec 96 Well Plate 150 µL on 2
Delaying for 0 minutes and 1.0 seconds. 1
                          second delay after dispensing.
Moving to A1 of Eppendorf Twin.tec 96 Well Plate 150 µL on 2
Air gap
	Aspirating 10.0 uL from A1 of Eppendorf Twin.tec 96 Well Plate 150 µL on 2 at 7.6 uL/sec
Dropping tip into A11 of Opentrons OT-2 96 Filter Tip Rack 20 µL on 10
Picking up tip from A12 of Opentrons OT-2 96 Filter Tip Rack 20 µL on 5
Pre-Wetting the tip
Aspirating 8.0 uL from B9 of 4-titude FrameStar 384 Well Plate 55 µL on 1 at 7.6 uL/sec
Dispensing 8.0 uL into B9 of 4-titude FrameStar 384 Well Plate 55 µL on 1 at 3.0 uL/sec
Mixing before transfer to recepient plate.
Mixing 3 times with a volume of 4.0 ul
	Aspirating 4.0 uL from B9 of 4-titude FrameStar 384 Well Plate 55 µL on 1 at 7.6 uL/sec
	Dispensing 4.0 uL into B9 of 4-titude FrameStar 384 Well Plate 55 µL on 1 at 3.0 uL/sec
	Aspirating 4.0 uL from B9 of 4-titude FrameStar 384 Well Plate 55 µL on 1 at 7.6 uL/sec
	Dispensing 4.0 uL into B9 of 4-titude FrameStar 384 Well Plate 55 µL on 1 at 3.0 uL/sec
	Aspirating 4.0 uL from B9 of 4-titude FrameStar 384 Well Plate 55 µL on 1 at 7.6 uL/sec
	Dispensing 4.0 uL into B9 of 4-titude FrameStar 384 Well Plate 55 µL on 1 at 3.0 uL/sec
Starting transfer to recipient plate.
Aspirating 8.0 uL from B9 of 4-titude FrameStar 384 Well Plate 55 µL on 1 at 7.6 uL/sec
Moving to B9 of 4-titude FrameStar 384 Well Plate 55 µL on 1
Delaying for 0 minutes and 1.0 seconds. 1
                          second delay after aspirating.
Dispensing 8.0 uL into A1 of Eppendorf Twin.tec 96 Well Plate 150 µL on 2 at 3.0 uL/sec
Moving to A1 of Eppendorf Twin.tec 96 Well Plate 150 µL on 2
Delaying for 0 minutes and 1.0 seconds. 1
                          second delay after dispensing.
Moving to A1 of Eppendorf Twin.tec 96 Well Plate 150 µL on 2
Air gap
	Aspirating 10.0 uL from A1 of Eppendorf Twin.tec 96 Well Plate 150 µL on 2 at 7.6 uL/sec
Dropping tip into A12 of Opentrons OT-2 96 Filter Tip Rack 20 µL on 10
Picking up tip from A1 of Opentrons OT-2 96 Filter Tip Rack 20 µL on 6
Pre-Wetting the tip
Aspirating 8.0 uL from B11 of 4-titude FrameStar 384 Well Plate 55 µL on 1 at 7.6 uL/sec
Dispensing 8.0 uL into B11 of 4-titude FrameStar 384 Well Plate 55 µL on 1 at 3.0 uL/sec
Mixing before transfer to recepient plate.
Mixing 3 times with a volume of 4.0 ul
	Aspirating 4.0 uL from B11 of 4-titude FrameStar 384 Well Plate 55 µL on 1 at 7.6 uL/sec
	Dispensing 4.0 uL into B11 of 4-titude FrameStar 384 Well Plate 55 µL on 1 at 3.0 uL/sec
	Aspirating 4.0 uL from B11 of 4-titude FrameStar 384 Well Plate 55 µL on 1 at 7.6 uL/sec
	Dispensing 4.0 uL into B11 of 4-titude FrameStar 384 Well Plate 55 µL on 1 at 3.0 uL/sec
	Aspirating 4.0 uL from B11 of 4-titude FrameStar 384 Well Plate 55 µL on 1 at 7.6 uL/sec
	Dispensing 4.0 uL into B11 of 4-titude FrameStar 384 Well Plate 55 µL on 1 at 3.0 uL/sec
Starting transfer to recipient plate.
Aspirating 8.0 uL from B11 of 4-titude FrameStar 384 Well Plate 55 µL on 1 at 7.6 uL/sec
Moving to B11 of 4-titude FrameStar 384 Well Plate 55 µL on 1
Delaying for 0 minutes and 1.0 seconds. 1
                          second delay after aspirating.
Dispensing 8.0 uL into A1 of Eppendorf Twin.tec 96 Well Plate 150 µL on 2 at 3.0 uL/sec
Moving to A1 of Eppendorf Twin.tec 96 Well Plate 150 µL on 2
Delaying for 0 minutes and 1.0 seconds. 1
                          second delay after dispensing.
Moving to A1 of Eppendorf Twin.tec 96 Well Plate 150 µL on 2
Air gap
	Aspirating 10.0 uL from A1 of Eppendorf Twin.tec 96 Well Plate 150 µL on 2 at 7.6 uL/sec
Dropping tip into A1 of Opentrons OT-2 96 Filter Tip Rack 20 µL on 11
Picking up tip from A2 of Opentrons OT-2 96 Filter Tip Rack 20 µL on 6
Pre-Wetting the tip
Aspirating 8.0 uL from B13 of 4-titude FrameStar 384 Well Plate 55 µL on 1 at 7.6 uL/sec
Dispensing 8.0 uL into B13 of 4-titude FrameStar 384 Well Plate 55 µL on 1 at 3.0 uL/sec
Mixing before transfer to recepient plate.
Mixing 3 times with a volume of 4.0 ul
	Aspirating 4.0 uL from B13 of 4-titude FrameStar 384 Well Plate 55 µL on 1 at 7.6 uL/sec
	Dispensing 4.0 uL into B13 of 4-titude FrameStar 384 Well Plate 55 µL on 1 at 3.0 uL/sec
	Aspirating 4.0 uL from B13 of 4-titude FrameStar 384 Well Plate 55 µL on 1 at 7.6 uL/sec
	Dispensing 4.0 uL into B13 of 4-titude FrameStar 384 Well Plate 55 µL on 1 at 3.0 uL/sec
	Aspirating 4.0 uL from B13 of 4-titude FrameStar 384 Well Plate 55 µL on 1 at 7.6 uL/sec
	Dispensing 4.0 uL into B13 of 4-titude FrameStar 384 Well Plate 55 µL on 1 at 3.0 uL/sec
Starting transfer to recipient plate.
Aspirating 8.0 uL from B13 of 4-titude FrameStar 384 Well Plate 55 µL on 1 at 7.6 uL/sec
Moving to B13 of 4-titude FrameStar 384 Well Plate 55 µL on 1
Delaying for 0 minutes and 1.0 seconds. 1
                          second delay after aspirating.
Dispensing 8.0 uL into A1 of Eppendorf Twin.tec 96 Well Plate 150 µL on 2 at 3.0 uL/sec
Moving to A1 of Eppendorf Twin.tec 96 Well Plate 150 µL on 2
Delaying for 0 minutes and 1.0 seconds. 1
                          second delay after dispensing.
Moving to A1 of Eppendorf Twin.tec 96 Well Plate 150 µL on 2
Air gap
	Aspirating 10.0 uL from A1 of Eppendorf Twin.tec 96 Well Plate 150 µL on 2 at 7.6 uL/sec
Dropping tip into A2 of Opentrons OT-2 96 Filter Tip Rack 20 µL on 11
Picking up tip from A3 of Opentrons OT-2 96 Filter Tip Rack 20 µL on 6
Pre-Wetting the tip
Aspirating 8.0 uL from B15 of 4-titude FrameStar 384 Well Plate 55 µL on 1 at 7.6 uL/sec
Dispensing 8.0 uL into B15 of 4-titude FrameStar 384 Well Plate 55 µL on 1 at 3.0 uL/sec
Mixing before transfer to recepient plate.
Mixing 3 times with a volume of 4.0 ul
	Aspirating 4.0 uL from B15 of 4-titude FrameStar 384 Well Plate 55 µL on 1 at 7.6 uL/sec
	Dispensing 4.0 uL into B15 of 4-titude FrameStar 384 Well Plate 55 µL on 1 at 3.0 uL/sec
	Aspirating 4.0 uL from B15 of 4-titude FrameStar 384 Well Plate 55 µL on 1 at 7.6 uL/sec
	Dispensing 4.0 uL into B15 of 4-titude FrameStar 384 Well Plate 55 µL on 1 at 3.0 uL/sec
	Aspirating 4.0 uL from B15 of 4-titude FrameStar 384 Well Plate 55 µL on 1 at 7.6 uL/sec
	Dispensing 4.0 uL into B15 of 4-titude FrameStar 384 Well Plate 55 µL on 1 at 3.0 uL/sec
Starting transfer to recipient plate.
Aspirating 8.0 uL from B15 of 4-titude FrameStar 384 Well Plate 55 µL on 1 at 7.6 uL/sec
Moving to B15 of 4-titude FrameStar 384 Well Plate 55 µL on 1
Delaying for 0 minutes and 1.0 seconds. 1
                          second delay after aspirating.
Dispensing 8.0 uL into A1 of Eppendorf Twin.tec 96 Well Plate 150 µL on 2 at 3.0 uL/sec
Moving to A1 of Eppendorf Twin.tec 96 Well Plate 150 µL on 2
Delaying for 0 minutes and 1.0 seconds. 1
                          second delay after dispensing.
Moving to A1 of Eppendorf Twin.tec 96 Well Plate 150 µL on 2
Air gap
	Aspirating 10.0 uL from A1 of Eppendorf Twin.tec 96 Well Plate 150 µL on 2 at 7.6 uL/sec
Dropping tip into A3 of Opentrons OT-2 96 Filter Tip Rack 20 µL on 11
Picking up tip from A4 of Opentrons OT-2 96 Filter Tip Rack 20 µL on 6
Pre-Wetting the tip
Aspirating 8.0 uL from B17 of 4-titude FrameStar 384 Well Plate 55 µL on 1 at 7.6 uL/sec
Dispensing 8.0 uL into B17 of 4-titude FrameStar 384 Well Plate 55 µL on 1 at 3.0 uL/sec
Mixing before transfer to recepient plate.
Mixing 3 times with a volume of 4.0 ul
	Aspirating 4.0 uL from B17 of 4-titude FrameStar 384 Well Plate 55 µL on 1 at 7.6 uL/sec
	Dispensing 4.0 uL into B17 of 4-titude FrameStar 384 Well Plate 55 µL on 1 at 3.0 uL/sec
	Aspirating 4.0 uL from B17 of 4-titude FrameStar 384 Well Plate 55 µL on 1 at 7.6 uL/sec
	Dispensing 4.0 uL into B17 of 4-titude FrameStar 384 Well Plate 55 µL on 1 at 3.0 uL/sec
	Aspirating 4.0 uL from B17 of 4-titude FrameStar 384 Well Plate 55 µL on 1 at 7.6 uL/sec
	Dispensing 4.0 uL into B17 of 4-titude FrameStar 384 Well Plate 55 µL on 1 at 3.0 uL/sec
Starting transfer to recipient plate.
Aspirating 8.0 uL from B17 of 4-titude FrameStar 384 Well Plate 55 µL on 1 at 7.6 uL/sec
Moving to B17 of 4-titude FrameStar 384 Well Plate 55 µL on 1
Delaying for 0 minutes and 1.0 seconds. 1
                          second delay after aspirating.
Dispensing 8.0 uL into A1 of Eppendorf Twin.tec 96 Well Plate 150 µL on 2 at 3.0 uL/sec
Moving to A1 of Eppendorf Twin.tec 96 Well Plate 150 µL on 2
Delaying for 0 minutes and 1.0 seconds. 1
                          second delay after dispensing.
Moving to A1 of Eppendorf Twin.tec 96 Well Plate 150 µL on 2
Air gap
	Aspirating 10.0 uL from A1 of Eppendorf Twin.tec 96 Well Plate 150 µL on 2 at 7.6 uL/sec
Dropping tip into A4 of Opentrons OT-2 96 Filter Tip Rack 20 µL on 11
Picking up tip from A5 of Opentrons OT-2 96 Filter Tip Rack 20 µL on 6
Pre-Wetting the tip
Aspirating 8.0 uL from B19 of 4-titude FrameStar 384 Well Plate 55 µL on 1 at 7.6 uL/sec
Dispensing 8.0 uL into B19 of 4-titude FrameStar 384 Well Plate 55 µL on 1 at 3.0 uL/sec
Mixing before transfer to recepient plate.
Mixing 3 times with a volume of 4.0 ul
	Aspirating 4.0 uL from B19 of 4-titude FrameStar 384 Well Plate 55 µL on 1 at 7.6 uL/sec
	Dispensing 4.0 uL into B19 of 4-titude FrameStar 384 Well Plate 55 µL on 1 at 3.0 uL/sec
	Aspirating 4.0 uL from B19 of 4-titude FrameStar 384 Well Plate 55 µL on 1 at 7.6 uL/sec
	Dispensing 4.0 uL into B19 of 4-titude FrameStar 384 Well Plate 55 µL on 1 at 3.0 uL/sec
	Aspirating 4.0 uL from B19 of 4-titude FrameStar 384 Well Plate 55 µL on 1 at 7.6 uL/sec
	Dispensing 4.0 uL into B19 of 4-titude FrameStar 384 Well Plate 55 µL on 1 at 3.0 uL/sec
Starting transfer to recipient plate.
Aspirating 8.0 uL from B19 of 4-titude FrameStar 384 Well Plate 55 µL on 1 at 7.6 uL/sec
Moving to B19 of 4-titude FrameStar 384 Well Plate 55 µL on 1
Delaying for 0 minutes and 1.0 seconds. 1
                          second delay after aspirating.
Dispensing 8.0 uL into A1 of Eppendorf Twin.tec 96 Well Plate 150 µL on 2 at 3.0 uL/sec
Moving to A1 of Eppendorf Twin.tec 96 Well Plate 150 µL on 2
Delaying for 0 minutes and 1.0 seconds. 1
                          second delay after dispensing.
Moving to A1 of Eppendorf Twin.tec 96 Well Plate 150 µL on 2
Air gap
	Aspirating 10.0 uL from A1 of Eppendorf Twin.tec 96 Well Plate 150 µL on 2 at 7.6 uL/sec
Dropping tip into A5 of Opentrons OT-2 96 Filter Tip Rack 20 µL on 11
Picking up tip from A6 of Opentrons OT-2 96 Filter Tip Rack 20 µL on 6
Pre-Wetting the tip
Aspirating 8.0 uL from B21 of 4-titude FrameStar 384 Well Plate 55 µL on 1 at 7.6 uL/sec
Dispensing 8.0 uL into B21 of 4-titude FrameStar 384 Well Plate 55 µL on 1 at 3.0 uL/sec
Mixing before transfer to recepient plate.
Mixing 3 times with a volume of 4.0 ul
	Aspirating 4.0 uL from B21 of 4-titude FrameStar 384 Well Plate 55 µL on 1 at 7.6 uL/sec
	Dispensing 4.0 uL into B21 of 4-titude FrameStar 384 Well Plate 55 µL on 1 at 3.0 uL/sec
	Aspirating 4.0 uL from B21 of 4-titude FrameStar 384 Well Plate 55 µL on 1 at 7.6 uL/sec
	Dispensing 4.0 uL into B21 of 4-titude FrameStar 384 Well Plate 55 µL on 1 at 3.0 uL/sec
	Aspirating 4.0 uL from B21 of 4-titude FrameStar 384 Well Plate 55 µL on 1 at 7.6 uL/sec
	Dispensing 4.0 uL into B21 of 4-titude FrameStar 384 Well Plate 55 µL on 1 at 3.0 uL/sec
Starting transfer to recipient plate.
Aspirating 8.0 uL from B21 of 4-titude FrameStar 384 Well Plate 55 µL on 1 at 7.6 uL/sec
Moving to B21 of 4-titude FrameStar 384 Well Plate 55 µL on 1
Delaying for 0 minutes and 1.0 seconds. 1
                          second delay after aspirating.
Dispensing 8.0 uL into A1 of Eppendorf Twin.tec 96 Well Plate 150 µL on 2 at 3.0 uL/sec
Moving to A1 of Eppendorf Twin.tec 96 Well Plate 150 µL on 2
Delaying for 0 minutes and 1.0 seconds. 1
                          second delay after dispensing.
Moving to A1 of Eppendorf Twin.tec 96 Well Plate 150 µL on 2
Air gap
	Aspirating 10.0 uL from A1 of Eppendorf Twin.tec 96 Well Plate 150 µL on 2 at 7.6 uL/sec
Dropping tip into A6 of Opentrons OT-2 96 Filter Tip Rack 20 µL on 11
Picking up tip from A7 of Opentrons OT-2 96 Filter Tip Rack 20 µL on 6
Pre-Wetting the tip
Aspirating 8.0 uL from B4 of 4-titude FrameStar 384 Well Plate 55 µL on 1 at 7.6 uL/sec
Dispensing 8.0 uL into B4 of 4-titude FrameStar 384 Well Plate 55 µL on 1 at 3.0 uL/sec
Mixing before transfer to recepient plate.
Mixing 3 times with a volume of 4.0 ul
	Aspirating 4.0 uL from B4 of 4-titude FrameStar 384 Well Plate 55 µL on 1 at 7.6 uL/sec
	Dispensing 4.0 uL into B4 of 4-titude FrameStar 384 Well Plate 55 µL on 1 at 3.0 uL/sec
	Aspirating 4.0 uL from B4 of 4-titude FrameStar 384 Well Plate 55 µL on 1 at 7.6 uL/sec
	Dispensing 4.0 uL into B4 of 4-titude FrameStar 384 Well Plate 55 µL on 1 at 3.0 uL/sec
	Aspirating 4.0 uL from B4 of 4-titude FrameStar 384 Well Plate 55 µL on 1 at 7.6 uL/sec
	Dispensing 4.0 uL into B4 of 4-titude FrameStar 384 Well Plate 55 µL on 1 at 3.0 uL/sec
Starting transfer to recipient plate.
Aspirating 8.0 uL from B4 of 4-titude FrameStar 384 Well Plate 55 µL on 1 at 7.6 uL/sec
Moving to B4 of 4-titude FrameStar 384 Well Plate 55 µL on 1
Delaying for 0 minutes and 1.0 seconds. 1
                          second delay after aspirating.
Dispensing 8.0 uL into A1 of Eppendorf Twin.tec 96 Well Plate 150 µL on 2 at 3.0 uL/sec
Moving to A1 of Eppendorf Twin.tec 96 Well Plate 150 µL on 2
Delaying for 0 minutes and 1.0 seconds. 1
                          second delay after dispensing.
Moving to A1 of Eppendorf Twin.tec 96 Well Plate 150 µL on 2
Air gap
	Aspirating 10.0 uL from A1 of Eppendorf Twin.tec 96 Well Plate 150 µL on 2 at 7.6 uL/sec
Dropping tip into A7 of Opentrons OT-2 96 Filter Tip Rack 20 µL on 11
Picking up tip from A8 of Opentrons OT-2 96 Filter Tip Rack 20 µL on 6
Pre-Wetting the tip
Aspirating 8.0 uL from B6 of 4-titude FrameStar 384 Well Plate 55 µL on 1 at 7.6 uL/sec
Dispensing 8.0 uL into B6 of 4-titude FrameStar 384 Well Plate 55 µL on 1 at 3.0 uL/sec
Mixing before transfer to recepient plate.
Mixing 3 times with a volume of 4.0 ul
	Aspirating 4.0 uL from B6 of 4-titude FrameStar 384 Well Plate 55 µL on 1 at 7.6 uL/sec
	Dispensing 4.0 uL into B6 of 4-titude FrameStar 384 Well Plate 55 µL on 1 at 3.0 uL/sec
	Aspirating 4.0 uL from B6 of 4-titude FrameStar 384 Well Plate 55 µL on 1 at 7.6 uL/sec
	Dispensing 4.0 uL into B6 of 4-titude FrameStar 384 Well Plate 55 µL on 1 at 3.0 uL/sec
	Aspirating 4.0 uL from B6 of 4-titude FrameStar 384 Well Plate 55 µL on 1 at 7.6 uL/sec
	Dispensing 4.0 uL into B6 of 4-titude FrameStar 384 Well Plate 55 µL on 1 at 3.0 uL/sec
Starting transfer to recipient plate.
Aspirating 8.0 uL from B6 of 4-titude FrameStar 384 Well Plate 55 µL on 1 at 7.6 uL/sec
Moving to B6 of 4-titude FrameStar 384 Well Plate 55 µL on 1
Delaying for 0 minutes and 1.0 seconds. 1
                          second delay after aspirating.
Dispensing 8.0 uL into A1 of Eppendorf Twin.tec 96 Well Plate 150 µL on 2 at 3.0 uL/sec
Moving to A1 of Eppendorf Twin.tec 96 Well Plate 150 µL on 2
Delaying for 0 minutes and 1.0 seconds. 1
                          second delay after dispensing.
Moving to A1 of Eppendorf Twin.tec 96 Well Plate 150 µL on 2
Air gap
	Aspirating 10.0 uL from A1 of Eppendorf Twin.tec 96 Well Plate 150 µL on 2 at 7.6 uL/sec
Dropping tip into A8 of Opentrons OT-2 96 Filter Tip Rack 20 µL on 11
Picking up tip from A9 of Opentrons OT-2 96 Filter Tip Rack 20 µL on 6
Pre-Wetting the tip
Aspirating 8.0 uL from B8 of 4-titude FrameStar 384 Well Plate 55 µL on 1 at 7.6 uL/sec
Dispensing 8.0 uL into B8 of 4-titude FrameStar 384 Well Plate 55 µL on 1 at 3.0 uL/sec
Mixing before transfer to recepient plate.
Mixing 3 times with a volume of 4.0 ul
	Aspirating 4.0 uL from B8 of 4-titude FrameStar 384 Well Plate 55 µL on 1 at 7.6 uL/sec
	Dispensing 4.0 uL into B8 of 4-titude FrameStar 384 Well Plate 55 µL on 1 at 3.0 uL/sec
	Aspirating 4.0 uL from B8 of 4-titude FrameStar 384 Well Plate 55 µL on 1 at 7.6 uL/sec
	Dispensing 4.0 uL into B8 of 4-titude FrameStar 384 Well Plate 55 µL on 1 at 3.0 uL/sec
	Aspirating 4.0 uL from B8 of 4-titude FrameStar 384 Well Plate 55 µL on 1 at 7.6 uL/sec
	Dispensing 4.0 uL into B8 of 4-titude FrameStar 384 Well Plate 55 µL on 1 at 3.0 uL/sec
Starting transfer to recipient plate.
Aspirating 8.0 uL from B8 of 4-titude FrameStar 384 Well Plate 55 µL on 1 at 7.6 uL/sec
Moving to B8 of 4-titude FrameStar 384 Well Plate 55 µL on 1
Delaying for 0 minutes and 1.0 seconds. 1
                          second delay after aspirating.
Dispensing 8.0 uL into A1 of Eppendorf Twin.tec 96 Well Plate 150 µL on 2 at 3.0 uL/sec
Moving to A1 of Eppendorf Twin.tec 96 Well Plate 150 µL on 2
Delaying for 0 minutes and 1.0 seconds. 1
                          second delay after dispensing.
Moving to A1 of Eppendorf Twin.tec 96 Well Plate 150 µL on 2
Air gap
	Aspirating 10.0 uL from A1 of Eppendorf Twin.tec 96 Well Plate 150 µL on 2 at 7.6 uL/sec
Dropping tip into A9 of Opentrons OT-2 96 Filter Tip Rack 20 µL on 11
Picking up tip from A10 of Opentrons OT-2 96 Filter Tip Rack 20 µL on 6
Pre-Wetting the tip
Aspirating 8.0 uL from B10 of 4-titude FrameStar 384 Well Plate 55 µL on 1 at 7.6 uL/sec
Dispensing 8.0 uL into B10 of 4-titude FrameStar 384 Well Plate 55 µL on 1 at 3.0 uL/sec
Mixing before transfer to recepient plate.
Mixing 3 times with a volume of 4.0 ul
	Aspirating 4.0 uL from B10 of 4-titude FrameStar 384 Well Plate 55 µL on 1 at 7.6 uL/sec
	Dispensing 4.0 uL into B10 of 4-titude FrameStar 384 Well Plate 55 µL on 1 at 3.0 uL/sec
	Aspirating 4.0 uL from B10 of 4-titude FrameStar 384 Well Plate 55 µL on 1 at 7.6 uL/sec
	Dispensing 4.0 uL into B10 of 4-titude FrameStar 384 Well Plate 55 µL on 1 at 3.0 uL/sec
	Aspirating 4.0 uL from B10 of 4-titude FrameStar 384 Well Plate 55 µL on 1 at 7.6 uL/sec
	Dispensing 4.0 uL into B10 of 4-titude FrameStar 384 Well Plate 55 µL on 1 at 3.0 uL/sec
Starting transfer to recipient plate.
Aspirating 8.0 uL from B10 of 4-titude FrameStar 384 Well Plate 55 µL on 1 at 7.6 uL/sec
Moving to B10 of 4-titude FrameStar 384 Well Plate 55 µL on 1
Delaying for 0 minutes and 1.0 seconds. 1
                          second delay after aspirating.
Dispensing 8.0 uL into A1 of Eppendorf Twin.tec 96 Well Plate 150 µL on 2 at 3.0 uL/sec
Moving to A1 of Eppendorf Twin.tec 96 Well Plate 150 µL on 2
Delaying for 0 minutes and 1.0 seconds. 1
                          second delay after dispensing.
Moving to A1 of Eppendorf Twin.tec 96 Well Plate 150 µL on 2
Air gap
	Aspirating 10.0 uL from A1 of Eppendorf Twin.tec 96 Well Plate 150 µL on 2 at 7.6 uL/sec
Dropping tip into A10 of Opentrons OT-2 96 Filter Tip Rack 20 µL on 11
Picking up tip from A11 of Opentrons OT-2 96 Filter Tip Rack 20 µL on 6
Pre-Wetting the tip
Aspirating 8.0 uL from B12 of 4-titude FrameStar 384 Well Plate 55 µL on 1 at 7.6 uL/sec
Dispensing 8.0 uL into B12 of 4-titude FrameStar 384 Well Plate 55 µL on 1 at 3.0 uL/sec
Mixing before transfer to recepient plate.
Mixing 3 times with a volume of 4.0 ul
	Aspirating 4.0 uL from B12 of 4-titude FrameStar 384 Well Plate 55 µL on 1 at 7.6 uL/sec
	Dispensing 4.0 uL into B12 of 4-titude FrameStar 384 Well Plate 55 µL on 1 at 3.0 uL/sec
	Aspirating 4.0 uL from B12 of 4-titude FrameStar 384 Well Plate 55 µL on 1 at 7.6 uL/sec
	Dispensing 4.0 uL into B12 of 4-titude FrameStar 384 Well Plate 55 µL on 1 at 3.0 uL/sec
	Aspirating 4.0 uL from B12 of 4-titude FrameStar 384 Well Plate 55 µL on 1 at 7.6 uL/sec
	Dispensing 4.0 uL into B12 of 4-titude FrameStar 384 Well Plate 55 µL on 1 at 3.0 uL/sec
Starting transfer to recipient plate.
Aspirating 8.0 uL from B12 of 4-titude FrameStar 384 Well Plate 55 µL on 1 at 7.6 uL/sec
Moving to B12 of 4-titude FrameStar 384 Well Plate 55 µL on 1
Delaying for 0 minutes and 1.0 seconds. 1
                          second delay after aspirating.
Dispensing 8.0 uL into A1 of Eppendorf Twin.tec 96 Well Plate 150 µL on 2 at 3.0 uL/sec
Moving to A1 of Eppendorf Twin.tec 96 Well Plate 150 µL on 2
Delaying for 0 minutes and 1.0 seconds. 1
                          second delay after dispensing.
Moving to A1 of Eppendorf Twin.tec 96 Well Plate 150 µL on 2
Air gap
	Aspirating 10.0 uL from A1 of Eppendorf Twin.tec 96 Well Plate 150 µL on 2 at 7.6 uL/sec
Dropping tip into A11 of Opentrons OT-2 96 Filter Tip Rack 20 µL on 11
Picking up tip from A12 of Opentrons OT-2 96 Filter Tip Rack 20 µL on 6
Pre-Wetting the tip
Aspirating 8.0 uL from B14 of 4-titude FrameStar 384 Well Plate 55 µL on 1 at 7.6 uL/sec
Dispensing 8.0 uL into B14 of 4-titude FrameStar 384 Well Plate 55 µL on 1 at 3.0 uL/sec
Mixing before transfer to recepient plate.
Mixing 3 times with a volume of 4.0 ul
	Aspirating 4.0 uL from B14 of 4-titude FrameStar 384 Well Plate 55 µL on 1 at 7.6 uL/sec
	Dispensing 4.0 uL into B14 of 4-titude FrameStar 384 Well Plate 55 µL on 1 at 3.0 uL/sec
	Aspirating 4.0 uL from B14 of 4-titude FrameStar 384 Well Plate 55 µL on 1 at 7.6 uL/sec
	Dispensing 4.0 uL into B14 of 4-titude FrameStar 384 Well Plate 55 µL on 1 at 3.0 uL/sec
	Aspirating 4.0 uL from B14 of 4-titude FrameStar 384 Well Plate 55 µL on 1 at 7.6 uL/sec
	Dispensing 4.0 uL into B14 of 4-titude FrameStar 384 Well Plate 55 µL on 1 at 3.0 uL/sec
Starting transfer to recipient plate.
Aspirating 8.0 uL from B14 of 4-titude FrameStar 384 Well Plate 55 µL on 1 at 7.6 uL/sec
Moving to B14 of 4-titude FrameStar 384 Well Plate 55 µL on 1
Delaying for 0 minutes and 1.0 seconds. 1
                          second delay after aspirating.
Dispensing 8.0 uL into A1 of Eppendorf Twin.tec 96 Well Plate 150 µL on 2 at 3.0 uL/sec
Moving to A1 of Eppendorf Twin.tec 96 Well Plate 150 µL on 2
Delaying for 0 minutes and 1.0 seconds. 1
                          second delay after dispensing.
Moving to A1 of Eppendorf Twin.tec 96 Well Plate 150 µL on 2
Air gap
	Aspirating 10.0 uL from A1 of Eppendorf Twin.tec 96 Well Plate 150 µL on 2 at 7.6 uL/sec
Dropping tip into A12 of Opentrons OT-2 96 Filter Tip Rack 20 µL on 11
Picking up tip from A1 of Opentrons OT-2 96 Filter Tip Rack 20 µL on 7
Pre-Wetting the tip
Aspirating 8.0 uL from B16 of 4-titude FrameStar 384 Well Plate 55 µL on 1 at 7.6 uL/sec
Dispensing 8.0 uL into B16 of 4-titude FrameStar 384 Well Plate 55 µL on 1 at 3.0 uL/sec
Mixing before transfer to recepient plate.
Mixing 3 times with a volume of 4.0 ul
	Aspirating 4.0 uL from B16 of 4-titude FrameStar 384 Well Plate 55 µL on 1 at 7.6 uL/sec
	Dispensing 4.0 uL into B16 of 4-titude FrameStar 384 Well Plate 55 µL on 1 at 3.0 uL/sec
	Aspirating 4.0 uL from B16 of 4-titude FrameStar 384 Well Plate 55 µL on 1 at 7.6 uL/sec
	Dispensing 4.0 uL into B16 of 4-titude FrameStar 384 Well Plate 55 µL on 1 at 3.0 uL/sec
	Aspirating 4.0 uL from B16 of 4-titude FrameStar 384 Well Plate 55 µL on 1 at 7.6 uL/sec
	Dispensing 4.0 uL into B16 of 4-titude FrameStar 384 Well Plate 55 µL on 1 at 3.0 uL/sec
Starting transfer to recipient plate.
Aspirating 8.0 uL from B16 of 4-titude FrameStar 384 Well Plate 55 µL on 1 at 7.6 uL/sec
Moving to B16 of 4-titude FrameStar 384 Well Plate 55 µL on 1
Delaying for 0 minutes and 1.0 seconds. 1
                          second delay after aspirating.
Dispensing 8.0 uL into A1 of Eppendorf Twin.tec 96 Well Plate 150 µL on 2 at 3.0 uL/sec
Moving to A1 of Eppendorf Twin.tec 96 Well Plate 150 µL on 2
Delaying for 0 minutes and 1.0 seconds. 1
                          second delay after dispensing.
Moving to A1 of Eppendorf Twin.tec 96 Well Plate 150 µL on 2
Air gap
	Aspirating 10.0 uL from A1 of Eppendorf Twin.tec 96 Well Plate 150 µL on 2 at 7.6 uL/sec
Dropping tip into A1 of Opentrons Fixed Trash on 12
Picking up tip from A2 of Opentrons OT-2 96 Filter Tip Rack 20 µL on 7
Pre-Wetting the tip
Aspirating 8.0 uL from B18 of 4-titude FrameStar 384 Well Plate 55 µL on 1 at 7.6 uL/sec
Dispensing 8.0 uL into B18 of 4-titude FrameStar 384 Well Plate 55 µL on 1 at 3.0 uL/sec
Mixing before transfer to recepient plate.
Mixing 3 times with a volume of 4.0 ul
	Aspirating 4.0 uL from B18 of 4-titude FrameStar 384 Well Plate 55 µL on 1 at 7.6 uL/sec
	Dispensing 4.0 uL into B18 of 4-titude FrameStar 384 Well Plate 55 µL on 1 at 3.0 uL/sec
	Aspirating 4.0 uL from B18 of 4-titude FrameStar 384 Well Plate 55 µL on 1 at 7.6 uL/sec
	Dispensing 4.0 uL into B18 of 4-titude FrameStar 384 Well Plate 55 µL on 1 at 3.0 uL/sec
	Aspirating 4.0 uL from B18 of 4-titude FrameStar 384 Well Plate 55 µL on 1 at 7.6 uL/sec
	Dispensing 4.0 uL into B18 of 4-titude FrameStar 384 Well Plate 55 µL on 1 at 3.0 uL/sec
Starting transfer to recipient plate.
Aspirating 8.0 uL from B18 of 4-titude FrameStar 384 Well Plate 55 µL on 1 at 7.6 uL/sec
Moving to B18 of 4-titude FrameStar 384 Well Plate 55 µL on 1
Delaying for 0 minutes and 1.0 seconds. 1
                          second delay after aspirating.
Dispensing 8.0 uL into A1 of Eppendorf Twin.tec 96 Well Plate 150 µL on 2 at 3.0 uL/sec
Moving to A1 of Eppendorf Twin.tec 96 Well Plate 150 µL on 2
Delaying for 0 minutes and 1.0 seconds. 1
                          second delay after dispensing.
Moving to A1 of Eppendorf Twin.tec 96 Well Plate 150 µL on 2
Air gap
	Aspirating 10.0 uL from A1 of Eppendorf Twin.tec 96 Well Plate 150 µL on 2 at 7.6 uL/sec
Dropping tip into A1 of Opentrons Fixed Trash on 12
Picking up tip from A3 of Opentrons OT-2 96 Filter Tip Rack 20 µL on 7
Pre-Wetting the tip
Aspirating 8.0 uL from B20 of 4-titude FrameStar 384 Well Plate 55 µL on 1 at 7.6 uL/sec
Dispensing 8.0 uL into B20 of 4-titude FrameStar 384 Well Plate 55 µL on 1 at 3.0 uL/sec
Mixing before transfer to recepient plate.
Mixing 3 times with a volume of 4.0 ul
	Aspirating 4.0 uL from B20 of 4-titude FrameStar 384 Well Plate 55 µL on 1 at 7.6 uL/sec
	Dispensing 4.0 uL into B20 of 4-titude FrameStar 384 Well Plate 55 µL on 1 at 3.0 uL/sec
	Aspirating 4.0 uL from B20 of 4-titude FrameStar 384 Well Plate 55 µL on 1 at 7.6 uL/sec
	Dispensing 4.0 uL into B20 of 4-titude FrameStar 384 Well Plate 55 µL on 1 at 3.0 uL/sec
	Aspirating 4.0 uL from B20 of 4-titude FrameStar 384 Well Plate 55 µL on 1 at 7.6 uL/sec
	Dispensing 4.0 uL into B20 of 4-titude FrameStar 384 Well Plate 55 µL on 1 at 3.0 uL/sec
Starting transfer to recipient plate.
Aspirating 8.0 uL from B20 of 4-titude FrameStar 384 Well Plate 55 µL on 1 at 7.6 uL/sec
Moving to B20 of 4-titude FrameStar 384 Well Plate 55 µL on 1
Delaying for 0 minutes and 1.0 seconds. 1
                          second delay after aspirating.
Dispensing 8.0 uL into A1 of Eppendorf Twin.tec 96 Well Plate 150 µL on 2 at 3.0 uL/sec
Moving to A1 of Eppendorf Twin.tec 96 Well Plate 150 µL on 2
Delaying for 0 minutes and 1.0 seconds. 1
                          second delay after dispensing.
Moving to A1 of Eppendorf Twin.tec 96 Well Plate 150 µL on 2
Air gap
	Aspirating 10.0 uL from A1 of Eppendorf Twin.tec 96 Well Plate 150 µL on 2 at 7.6 uL/sec
Dropping tip into A1 of Opentrons Fixed Trash on 12
Picking up tip from A4 of Opentrons OT-2 96 Filter Tip Rack 20 µL on 7
Pre-Wetting the tip
Aspirating 8.0 uL from B22 of 4-titude FrameStar 384 Well Plate 55 µL on 1 at 7.6 uL/sec
Dispensing 8.0 uL into B22 of 4-titude FrameStar 384 Well Plate 55 µL on 1 at 3.0 uL/sec
Mixing before transfer to recepient plate.
Mixing 3 times with a volume of 4.0 ul
	Aspirating 4.0 uL from B22 of 4-titude FrameStar 384 Well Plate 55 µL on 1 at 7.6 uL/sec
	Dispensing 4.0 uL into B22 of 4-titude FrameStar 384 Well Plate 55 µL on 1 at 3.0 uL/sec
	Aspirating 4.0 uL from B22 of 4-titude FrameStar 384 Well Plate 55 µL on 1 at 7.6 uL/sec
	Dispensing 4.0 uL into B22 of 4-titude FrameStar 384 Well Plate 55 µL on 1 at 3.0 uL/sec
	Aspirating 4.0 uL from B22 of 4-titude FrameStar 384 Well Plate 55 µL on 1 at 7.6 uL/sec
	Dispensing 4.0 uL into B22 of 4-titude FrameStar 384 Well Plate 55 µL on 1 at 3.0 uL/sec
Starting transfer to recipient plate.
Aspirating 8.0 uL from B22 of 4-titude FrameStar 384 Well Plate 55 µL on 1 at 7.6 uL/sec
Moving to B22 of 4-titude FrameStar 384 Well Plate 55 µL on 1
Delaying for 0 minutes and 1.0 seconds. 1
                          second delay after aspirating.
Dispensing 8.0 uL into A1 of Eppendorf Twin.tec 96 Well Plate 150 µL on 2 at 3.0 uL/sec
Moving to A1 of Eppendorf Twin.tec 96 Well Plate 150 µL on 2
Delaying for 0 minutes and 1.0 seconds. 1
                          second delay after dispensing.
Moving to A1 of Eppendorf Twin.tec 96 Well Plate 150 µL on 2
Air gap
	Aspirating 10.0 uL from A1 of Eppendorf Twin.tec 96 Well Plate 150 µL on 2 at 7.6 uL/sec
Dropping tip into A1 of Opentrons Fixed Trash on 12
The max well volume is 320
Picking up tip from A1 of Opentrons OT-2 96 Filter Tip Rack 200 µL on 8
Mixing 3 times with a volume of 200.0 ul
	Aspirating 200.0 uL from A1 of Eppendorf Twin.tec 96 Well Plate 150 µL on 2 at 46.0 uL/sec
	Dispensing 200.0 uL into A1 of Eppendorf Twin.tec 96 Well Plate 150 µL on 2 at 46.0 uL/sec
	Aspirating 200.0 uL from A1 of Eppendorf Twin.tec 96 Well Plate 150 µL on 2 at 46.0 uL/sec
	Dispensing 200.0 uL into A1 of Eppendorf Twin.tec 96 Well Plate 150 µL on 2 at 46.0 uL/sec
	Aspirating 200.0 uL from A1 of Eppendorf Twin.tec 96 Well Plate 150 µL on 2 at 46.0 uL/sec
	Dispensing 200.0 uL into A1 of Eppendorf Twin.tec 96 Well Plate 150 µL on 2 at 46.0 uL/sec
Aspirating 200.0 uL from A1 of Eppendorf Twin.tec 96 Well Plate 150 µL on 2 at 46.0 uL/sec
Moving to A1 of Eppendorf Twin.tec 96 Well Plate 150 µL on 2
Dispensing 200.0 uL into A1 of Opentrons 24 Well Aluminum Block with NEST 1.5 mL Snapcap on 3 at 46.0 uL/sec
Moving to A1 of Opentrons 24 Well Aluminum Block with NEST 1.5 mL Snapcap on 3
Delaying for 0 minutes and 1.0 seconds. 1
                          second delay after dispensing.
Moving to A1 of Opentrons 24 Well Aluminum Block with NEST 1.5 mL Snapcap on 3
Aspirating 120.0 uL from A1 of Eppendorf Twin.tec 96 Well Plate 150 µL on 2 at 46.0 uL/sec
Moving to A1 of Eppendorf Twin.tec 96 Well Plate 150 µL on 2
Dispensing 120.0 uL into A1 of Opentrons 24 Well Aluminum Block with NEST 1.5 mL Snapcap on 3 at 46.0 uL/sec
Moving to A1 of Opentrons 24 Well Aluminum Block with NEST 1.5 mL Snapcap on 3
Delaying for 0 minutes and 1.0 seconds. 1
                          second delay after dispensing.
Moving to A1 of Opentrons 24 Well Aluminum Block with NEST 1.5 mL Snapcap on 3
Air gap
	Aspirating 20.0 uL from A1 of Opentrons 24 Well Aluminum Block with NEST 1.5 mL Snapcap on 3 at 92.86 uL/sec
Dropping tip into A1 of Opentrons Fixed Trash on 12
The max well volume is 320
Picking up tip from B1 of Opentrons OT-2 96 Filter Tip Rack 200 µL on 8
Mixing 3 times with a volume of 200.0 ul
	Aspirating 200.0 uL from B1 of Eppendorf Twin.tec 96 Well Plate 150 µL on 2 at 46.0 uL/sec
	Dispensing 200.0 uL into B1 of Eppendorf Twin.tec 96 Well Plate 150 µL on 2 at 46.0 uL/sec
	Aspirating 200.0 uL from B1 of Eppendorf Twin.tec 96 Well Plate 150 µL on 2 at 46.0 uL/sec
	Dispensing 200.0 uL into B1 of Eppendorf Twin.tec 96 Well Plate 150 µL on 2 at 46.0 uL/sec
	Aspirating 200.0 uL from B1 of Eppendorf Twin.tec 96 Well Plate 150 µL on 2 at 46.0 uL/sec
	Dispensing 200.0 uL into B1 of Eppendorf Twin.tec 96 Well Plate 150 µL on 2 at 46.0 uL/sec
Aspirating 200.0 uL from B1 of Eppendorf Twin.tec 96 Well Plate 150 µL on 2 at 46.0 uL/sec
Moving to B1 of Eppendorf Twin.tec 96 Well Plate 150 µL on 2
Dispensing 200.0 uL into A1 of Opentrons 24 Well Aluminum Block with NEST 1.5 mL Snapcap on 3 at 46.0 uL/sec
Moving to A1 of Opentrons 24 Well Aluminum Block with NEST 1.5 mL Snapcap on 3
Delaying for 0 minutes and 1.0 seconds. 1
                          second delay after dispensing.
Moving to A1 of Opentrons 24 Well Aluminum Block with NEST 1.5 mL Snapcap on 3
Aspirating 120.0 uL from B1 of Eppendorf Twin.tec 96 Well Plate 150 µL on 2 at 46.0 uL/sec
Moving to B1 of Eppendorf Twin.tec 96 Well Plate 150 µL on 2
Dispensing 120.0 uL into A1 of Opentrons 24 Well Aluminum Block with NEST 1.5 mL Snapcap on 3 at 46.0 uL/sec
Moving to A1 of Opentrons 24 Well Aluminum Block with NEST 1.5 mL Snapcap on 3
Delaying for 0 minutes and 1.0 seconds. 1
                          second delay after dispensing.
Moving to A1 of Opentrons 24 Well Aluminum Block with NEST 1.5 mL Snapcap on 3
Air gap
	Aspirating 20.0 uL from A1 of Opentrons 24 Well Aluminum Block with NEST 1.5 mL Snapcap on 3 at 92.86 uL/sec
Dropping tip into A1 of Opentrons Fixed Trash on 12
The max well volume is 320
Picking up tip from C1 of Opentrons OT-2 96 Filter Tip Rack 200 µL on 8
Mixing 3 times with a volume of 200.0 ul
	Aspirating 200.0 uL from C1 of Eppendorf Twin.tec 96 Well Plate 150 µL on 2 at 46.0 uL/sec
	Dispensing 200.0 uL into C1 of Eppendorf Twin.tec 96 Well Plate 150 µL on 2 at 46.0 uL/sec
	Aspirating 200.0 uL from C1 of Eppendorf Twin.tec 96 Well Plate 150 µL on 2 at 46.0 uL/sec
	Dispensing 200.0 uL into C1 of Eppendorf Twin.tec 96 Well Plate 150 µL on 2 at 46.0 uL/sec
	Aspirating 200.0 uL from C1 of Eppendorf Twin.tec 96 Well Plate 150 µL on 2 at 46.0 uL/sec
	Dispensing 200.0 uL into C1 of Eppendorf Twin.tec 96 Well Plate 150 µL on 2 at 46.0 uL/sec
Aspirating 200.0 uL from C1 of Eppendorf Twin.tec 96 Well Plate 150 µL on 2 at 46.0 uL/sec
Moving to C1 of Eppendorf Twin.tec 96 Well Plate 150 µL on 2
Dispensing 200.0 uL into A1 of Opentrons 24 Well Aluminum Block with NEST 1.5 mL Snapcap on 3 at 46.0 uL/sec
Moving to A1 of Opentrons 24 Well Aluminum Block with NEST 1.5 mL Snapcap on 3
Delaying for 0 minutes and 1.0 seconds. 1
                          second delay after dispensing.
Moving to A1 of Opentrons 24 Well Aluminum Block with NEST 1.5 mL Snapcap on 3
Aspirating 120.0 uL from C1 of Eppendorf Twin.tec 96 Well Plate 150 µL on 2 at 46.0 uL/sec
Moving to C1 of Eppendorf Twin.tec 96 Well Plate 150 µL on 2
Dispensing 120.0 uL into A1 of Opentrons 24 Well Aluminum Block with NEST 1.5 mL Snapcap on 3 at 46.0 uL/sec
Moving to A1 of Opentrons 24 Well Aluminum Block with NEST 1.5 mL Snapcap on 3
Delaying for 0 minutes and 1.0 seconds. 1
                          second delay after dispensing.
Moving to A1 of Opentrons 24 Well Aluminum Block with NEST 1.5 mL Snapcap on 3
Air gap
	Aspirating 20.0 uL from A1 of Opentrons 24 Well Aluminum Block with NEST 1.5 mL Snapcap on 3 at 92.86 uL/sec
Dropping tip into A1 of Opentrons Fixed Trash on 12
The max well volume is 320
Picking up tip from D1 of Opentrons OT-2 96 Filter Tip Rack 200 µL on 8
Mixing 3 times with a volume of 200.0 ul
	Aspirating 200.0 uL from D1 of Eppendorf Twin.tec 96 Well Plate 150 µL on 2 at 46.0 uL/sec
	Dispensing 200.0 uL into D1 of Eppendorf Twin.tec 96 Well Plate 150 µL on 2 at 46.0 uL/sec
	Aspirating 200.0 uL from D1 of Eppendorf Twin.tec 96 Well Plate 150 µL on 2 at 46.0 uL/sec
	Dispensing 200.0 uL into D1 of Eppendorf Twin.tec 96 Well Plate 150 µL on 2 at 46.0 uL/sec
	Aspirating 200.0 uL from D1 of Eppendorf Twin.tec 96 Well Plate 150 µL on 2 at 46.0 uL/sec
	Dispensing 200.0 uL into D1 of Eppendorf Twin.tec 96 Well Plate 150 µL on 2 at 46.0 uL/sec
Aspirating 200.0 uL from D1 of Eppendorf Twin.tec 96 Well Plate 150 µL on 2 at 46.0 uL/sec
Moving to D1 of Eppendorf Twin.tec 96 Well Plate 150 µL on 2
Dispensing 200.0 uL into A1 of Opentrons 24 Well Aluminum Block with NEST 1.5 mL Snapcap on 3 at 46.0 uL/sec
Moving to A1 of Opentrons 24 Well Aluminum Block with NEST 1.5 mL Snapcap on 3
Delaying for 0 minutes and 1.0 seconds. 1
                          second delay after dispensing.
Moving to A1 of Opentrons 24 Well Aluminum Block with NEST 1.5 mL Snapcap on 3
Aspirating 120.0 uL from D1 of Eppendorf Twin.tec 96 Well Plate 150 µL on 2 at 46.0 uL/sec
Moving to D1 of Eppendorf Twin.tec 96 Well Plate 150 µL on 2
Dispensing 120.0 uL into A1 of Opentrons 24 Well Aluminum Block with NEST 1.5 mL Snapcap on 3 at 46.0 uL/sec
Moving to A1 of Opentrons 24 Well Aluminum Block with NEST 1.5 mL Snapcap on 3
Delaying for 0 minutes and 1.0 seconds. 1
                          second delay after dispensing.
Moving to A1 of Opentrons 24 Well Aluminum Block with NEST 1.5 mL Snapcap on 3
Air gap
	Aspirating 20.0 uL from A1 of Opentrons 24 Well Aluminum Block with NEST 1.5 mL Snapcap on 3 at 92.86 uL/sec
Dropping tip into A1 of Opentrons Fixed Trash on 12
The max well volume is 320
Picking up tip from E1 of Opentrons OT-2 96 Filter Tip Rack 200 µL on 8
Mixing 3 times with a volume of 200.0 ul
	Aspirating 200.0 uL from E1 of Eppendorf Twin.tec 96 Well Plate 150 µL on 2 at 46.0 uL/sec
	Dispensing 200.0 uL into E1 of Eppendorf Twin.tec 96 Well Plate 150 µL on 2 at 46.0 uL/sec
	Aspirating 200.0 uL from E1 of Eppendorf Twin.tec 96 Well Plate 150 µL on 2 at 46.0 uL/sec
	Dispensing 200.0 uL into E1 of Eppendorf Twin.tec 96 Well Plate 150 µL on 2 at 46.0 uL/sec
	Aspirating 200.0 uL from E1 of Eppendorf Twin.tec 96 Well Plate 150 µL on 2 at 46.0 uL/sec
	Dispensing 200.0 uL into E1 of Eppendorf Twin.tec 96 Well Plate 150 µL on 2 at 46.0 uL/sec
Aspirating 200.0 uL from E1 of Eppendorf Twin.tec 96 Well Plate 150 µL on 2 at 46.0 uL/sec
Moving to E1 of Eppendorf Twin.tec 96 Well Plate 150 µL on 2
Dispensing 200.0 uL into A1 of Opentrons 24 Well Aluminum Block with NEST 1.5 mL Snapcap on 3 at 46.0 uL/sec
Moving to A1 of Opentrons 24 Well Aluminum Block with NEST 1.5 mL Snapcap on 3
Delaying for 0 minutes and 1.0 seconds. 1
                          second delay after dispensing.
Moving to A1 of Opentrons 24 Well Aluminum Block with NEST 1.5 mL Snapcap on 3
Aspirating 120.0 uL from E1 of Eppendorf Twin.tec 96 Well Plate 150 µL on 2 at 46.0 uL/sec
Moving to E1 of Eppendorf Twin.tec 96 Well Plate 150 µL on 2
Dispensing 120.0 uL into A1 of Opentrons 24 Well Aluminum Block with NEST 1.5 mL Snapcap on 3 at 46.0 uL/sec
Moving to A1 of Opentrons 24 Well Aluminum Block with NEST 1.5 mL Snapcap on 3
Delaying for 0 minutes and 1.0 seconds. 1
                          second delay after dispensing.
Moving to A1 of Opentrons 24 Well Aluminum Block with NEST 1.5 mL Snapcap on 3
Air gap
	Aspirating 20.0 uL from A1 of Opentrons 24 Well Aluminum Block with NEST 1.5 mL Snapcap on 3 at 92.86 uL/sec
Dropping tip into A1 of Opentrons Fixed Trash on 12
The max well volume is 320
Picking up tip from F1 of Opentrons OT-2 96 Filter Tip Rack 200 µL on 8
Mixing 3 times with a volume of 200.0 ul
	Aspirating 200.0 uL from F1 of Eppendorf Twin.tec 96 Well Plate 150 µL on 2 at 46.0 uL/sec
	Dispensing 200.0 uL into F1 of Eppendorf Twin.tec 96 Well Plate 150 µL on 2 at 46.0 uL/sec
	Aspirating 200.0 uL from F1 of Eppendorf Twin.tec 96 Well Plate 150 µL on 2 at 46.0 uL/sec
	Dispensing 200.0 uL into F1 of Eppendorf Twin.tec 96 Well Plate 150 µL on 2 at 46.0 uL/sec
	Aspirating 200.0 uL from F1 of Eppendorf Twin.tec 96 Well Plate 150 µL on 2 at 46.0 uL/sec
	Dispensing 200.0 uL into F1 of Eppendorf Twin.tec 96 Well Plate 150 µL on 2 at 46.0 uL/sec
Aspirating 200.0 uL from F1 of Eppendorf Twin.tec 96 Well Plate 150 µL on 2 at 46.0 uL/sec
Moving to F1 of Eppendorf Twin.tec 96 Well Plate 150 µL on 2
Dispensing 200.0 uL into A1 of Opentrons 24 Well Aluminum Block with NEST 1.5 mL Snapcap on 3 at 46.0 uL/sec
Moving to A1 of Opentrons 24 Well Aluminum Block with NEST 1.5 mL Snapcap on 3
Delaying for 0 minutes and 1.0 seconds. 1
                          second delay after dispensing.
Moving to A1 of Opentrons 24 Well Aluminum Block with NEST 1.5 mL Snapcap on 3
Aspirating 120.0 uL from F1 of Eppendorf Twin.tec 96 Well Plate 150 µL on 2 at 46.0 uL/sec
Moving to F1 of Eppendorf Twin.tec 96 Well Plate 150 µL on 2
Dispensing 120.0 uL into A1 of Opentrons 24 Well Aluminum Block with NEST 1.5 mL Snapcap on 3 at 46.0 uL/sec
Moving to A1 of Opentrons 24 Well Aluminum Block with NEST 1.5 mL Snapcap on 3
Delaying for 0 minutes and 1.0 seconds. 1
                          second delay after dispensing.
Moving to A1 of Opentrons 24 Well Aluminum Block with NEST 1.5 mL Snapcap on 3
Air gap
	Aspirating 20.0 uL from A1 of Opentrons 24 Well Aluminum Block with NEST 1.5 mL Snapcap on 3 at 92.86 uL/sec
Dropping tip into A1 of Opentrons Fixed Trash on 12
The max well volume is 320
Picking up tip from G1 of Opentrons OT-2 96 Filter Tip Rack 200 µL on 8
Mixing 3 times with a volume of 200.0 ul
	Aspirating 200.0 uL from G1 of Eppendorf Twin.tec 96 Well Plate 150 µL on 2 at 46.0 uL/sec
	Dispensing 200.0 uL into G1 of Eppendorf Twin.tec 96 Well Plate 150 µL on 2 at 46.0 uL/sec
	Aspirating 200.0 uL from G1 of Eppendorf Twin.tec 96 Well Plate 150 µL on 2 at 46.0 uL/sec
	Dispensing 200.0 uL into G1 of Eppendorf Twin.tec 96 Well Plate 150 µL on 2 at 46.0 uL/sec
	Aspirating 200.0 uL from G1 of Eppendorf Twin.tec 96 Well Plate 150 µL on 2 at 46.0 uL/sec
	Dispensing 200.0 uL into G1 of Eppendorf Twin.tec 96 Well Plate 150 µL on 2 at 46.0 uL/sec
Aspirating 200.0 uL from G1 of Eppendorf Twin.tec 96 Well Plate 150 µL on 2 at 46.0 uL/sec
Moving to G1 of Eppendorf Twin.tec 96 Well Plate 150 µL on 2
Dispensing 200.0 uL into A1 of Opentrons 24 Well Aluminum Block with NEST 1.5 mL Snapcap on 3 at 46.0 uL/sec
Moving to A1 of Opentrons 24 Well Aluminum Block with NEST 1.5 mL Snapcap on 3
Delaying for 0 minutes and 1.0 seconds. 1
                          second delay after dispensing.
Moving to A1 of Opentrons 24 Well Aluminum Block with NEST 1.5 mL Snapcap on 3
Aspirating 120.0 uL from G1 of Eppendorf Twin.tec 96 Well Plate 150 µL on 2 at 46.0 uL/sec
Moving to G1 of Eppendorf Twin.tec 96 Well Plate 150 µL on 2
Dispensing 120.0 uL into A1 of Opentrons 24 Well Aluminum Block with NEST 1.5 mL Snapcap on 3 at 46.0 uL/sec
Moving to A1 of Opentrons 24 Well Aluminum Block with NEST 1.5 mL Snapcap on 3
Delaying for 0 minutes and 1.0 seconds. 1
                          second delay after dispensing.
Moving to A1 of Opentrons 24 Well Aluminum Block with NEST 1.5 mL Snapcap on 3
Air gap
	Aspirating 20.0 uL from A1 of Opentrons 24 Well Aluminum Block with NEST 1.5 mL Snapcap on 3 at 92.86 uL/sec
Dropping tip into A1 of Opentrons Fixed Trash on 12
The max well volume is 320
Picking up tip from H1 of Opentrons OT-2 96 Filter Tip Rack 200 µL on 8
Mixing 3 times with a volume of 200.0 ul
	Aspirating 200.0 uL from H1 of Eppendorf Twin.tec 96 Well Plate 150 µL on 2 at 46.0 uL/sec
	Dispensing 200.0 uL into H1 of Eppendorf Twin.tec 96 Well Plate 150 µL on 2 at 46.0 uL/sec
	Aspirating 200.0 uL from H1 of Eppendorf Twin.tec 96 Well Plate 150 µL on 2 at 46.0 uL/sec
	Dispensing 200.0 uL into H1 of Eppendorf Twin.tec 96 Well Plate 150 µL on 2 at 46.0 uL/sec
	Aspirating 200.0 uL from H1 of Eppendorf Twin.tec 96 Well Plate 150 µL on 2 at 46.0 uL/sec
	Dispensing 200.0 uL into H1 of Eppendorf Twin.tec 96 Well Plate 150 µL on 2 at 46.0 uL/sec
Aspirating 200.0 uL from H1 of Eppendorf Twin.tec 96 Well Plate 150 µL on 2 at 46.0 uL/sec
Moving to H1 of Eppendorf Twin.tec 96 Well Plate 150 µL on 2
Dispensing 200.0 uL into A1 of Opentrons 24 Well Aluminum Block with NEST 1.5 mL Snapcap on 3 at 46.0 uL/sec
Moving to A1 of Opentrons 24 Well Aluminum Block with NEST 1.5 mL Snapcap on 3
Delaying for 0 minutes and 1.0 seconds. 1
                          second delay after dispensing.
Moving to A1 of Opentrons 24 Well Aluminum Block with NEST 1.5 mL Snapcap on 3
Aspirating 120.0 uL from H1 of Eppendorf Twin.tec 96 Well Plate 150 µL on 2 at 46.0 uL/sec
Moving to H1 of Eppendorf Twin.tec 96 Well Plate 150 µL on 2
Dispensing 120.0 uL into A1 of Opentrons 24 Well Aluminum Block with NEST 1.5 mL Snapcap on 3 at 46.0 uL/sec
Moving to A1 of Opentrons 24 Well Aluminum Block with NEST 1.5 mL Snapcap on 3
Delaying for 0 minutes and 1.0 seconds. 1
                          second delay after dispensing.
Moving to A1 of Opentrons 24 Well Aluminum Block with NEST 1.5 mL Snapcap on 3
Air gap
	Aspirating 20.0 uL from A1 of Opentrons 24 Well Aluminum Block with NEST 1.5 mL Snapcap on 3 at 92.86 uL/sec
Dropping tip into A1 of Opentrons Fixed Trash on 12
Caught exception: {'message': 'Task was destroyed but it is pending!', 'task': <Task pending name='Task-4' coro=<Poller._poll_forever() running at /Users/dp/Desktop/project/github/opentrons/venv/lib/python3.10/site-packages/opentrons/hardware_control/poller.py:80> wait_for=<Future pending cb=[Task.task_wakeup()]>>}
Caught exception: {'message': 'Task was destroyed but it is pending!', 'task': <Task pending name='Task-3' coro=<Poller._poll_forever() running at /Users/dp/Desktop/project/github/opentrons/venv/lib/python3.10/site-packages/opentrons/hardware_control/poller.py:80> wait_for=<Future pending cb=[Task.task_wakeup()]>>}
Caught exception: {'message': 'Task was destroyed but it is pending!', 'task': <Task pending name='Task-2' coro=<Poller._poll_forever() running at /Users/dp/Desktop/project/github/opentrons/venv/lib/python3.10/site-packages/opentrons/hardware_control/poller.py:80> wait_for=<Future pending cb=[Task.task_wakeup()]>>}
