/Users/dp/Desktop/project/github/opentrons/venv/lib/python3.10/site-packages/opentrons/hardware_control/simulator_setup.py:205: UserWarning: Simulator configuration does not name a machine, defaulting to OT-2 Standard
  warn(
/Users/dp/.opentrons/robot_settings.json not found. Loading defaults
Deck calibration not found.
/Users/dp/.opentrons/deck_calibration.json not found. Loading defaults
Picking up tip from A1 of Opentrons OT-2 96 Tip Rack 300 µL on 3
Picking up tip from A2 of Opentrons OT-2 96 Tip Rack 300 µL on 3
Aspirating 300.0 uL from A1 of NEST 1 Well Reservoir 195 mL on 1 at 94.0 uL/sec
Aspirating 300.0 uL from A1 of NEST 1 Well Reservoir 195 mL on 1 at 94.0 uL/sec
Dispensing 300.0 uL into A1 of NEST 96 Deep Well Plate 2mL on 4 at 94.0 uL/sec
Blowing out at A1 of NEST 96 Deep Well Plate 2mL on 4
Dispensing 300.0 uL into A2 of NEST 96 Deep Well Plate 2mL on 4 at 94.0 uL/sec
Blowing out at A2 of NEST 96 Deep Well Plate 2mL on 4
Aspirating 300.0 uL from A1 of NEST 1 Well Reservoir 195 mL on 1 at 94.0 uL/sec
Aspirating 300.0 uL from A1 of NEST 1 Well Reservoir 195 mL on 1 at 94.0 uL/sec
Dispensing 300.0 uL into A1 of NEST 96 Deep Well Plate 2mL on 4 at 94.0 uL/sec
Blowing out at A1 of NEST 96 Deep Well Plate 2mL on 4
Dispensing 300.0 uL into A2 of NEST 96 Deep Well Plate 2mL on 4 at 94.0 uL/sec
Blowing out at A2 of NEST 96 Deep Well Plate 2mL on 4



Aspirating 300.0 uL from A1 of NEST 1 Well Reservoir 195 mL on 2 at 94.0 uL/sec
Aspirating 300.0 uL from A1 of NEST 1 Well Reservoir 195 mL on 2 at 94.0 uL/sec
Dispensing 300.0 uL into A3 of NEST 96 Deep Well Plate 2mL on 4 at 94.0 uL/sec
Blowing out at A3 of NEST 96 Deep Well Plate 2mL on 4
Dispensing 300.0 uL into A4 of NEST 96 Deep Well Plate 2mL on 4 at 94.0 uL/sec
Blowing out at A4 of NEST 96 Deep Well Plate 2mL on 4
Aspirating 300.0 uL from A1 of NEST 1 Well Reservoir 195 mL on 2 at 94.0 uL/sec
Aspirating 300.0 uL from A1 of NEST 1 Well Reservoir 195 mL on 2 at 94.0 uL/sec
Dispensing 300.0 uL into A3 of NEST 96 Deep Well Plate 2mL on 4 at 94.0 uL/sec
Blowing out at A3 of NEST 96 Deep Well Plate 2mL on 4
Dispensing 300.0 uL into A4 of NEST 96 Deep Well Plate 2mL on 4 at 94.0 uL/sec
Blowing out at A4 of NEST 96 Deep Well Plate 2mL on 4



Aspirating 300.0 uL from A1 of NEST 1 Well Reservoir 195 mL on 1 at 94.0 uL/sec
Aspirating 300.0 uL from A1 of NEST 1 Well Reservoir 195 mL on 1 at 94.0 uL/sec
Dispensing 300.0 uL into A5 of NEST 96 Deep Well Plate 2mL on 4 at 94.0 uL/sec
Blowing out at A5 of NEST 96 Deep Well Plate 2mL on 4
Dispensing 300.0 uL into A6 of NEST 96 Deep Well Plate 2mL on 4 at 94.0 uL/sec
Blowing out at A6 of NEST 96 Deep Well Plate 2mL on 4
Aspirating 300.0 uL from A1 of NEST 1 Well Reservoir 195 mL on 1 at 94.0 uL/sec
Aspirating 300.0 uL from A1 of NEST 1 Well Reservoir 195 mL on 1 at 94.0 uL/sec
Dispensing 300.0 uL into A5 of NEST 96 Deep Well Plate 2mL on 4 at 94.0 uL/sec
Blowing out at A5 of NEST 96 Deep Well Plate 2mL on 4
Dispensing 300.0 uL into A6 of NEST 96 Deep Well Plate 2mL on 4 at 94.0 uL/sec
Blowing out at A6 of NEST 96 Deep Well Plate 2mL on 4



Aspirating 300.0 uL from A1 of NEST 1 Well Reservoir 195 mL on 2 at 94.0 uL/sec
Aspirating 300.0 uL from A1 of NEST 1 Well Reservoir 195 mL on 2 at 94.0 uL/sec
Dispensing 300.0 uL into A7 of NEST 96 Deep Well Plate 2mL on 4 at 94.0 uL/sec
Blowing out at A7 of NEST 96 Deep Well Plate 2mL on 4
Dispensing 300.0 uL into A8 of NEST 96 Deep Well Plate 2mL on 4 at 94.0 uL/sec
Blowing out at A8 of NEST 96 Deep Well Plate 2mL on 4
Aspirating 300.0 uL from A1 of NEST 1 Well Reservoir 195 mL on 2 at 94.0 uL/sec
Aspirating 300.0 uL from A1 of NEST 1 Well Reservoir 195 mL on 2 at 94.0 uL/sec
Dispensing 300.0 uL into A7 of NEST 96 Deep Well Plate 2mL on 4 at 94.0 uL/sec
Blowing out at A7 of NEST 96 Deep Well Plate 2mL on 4
Dispensing 300.0 uL into A8 of NEST 96 Deep Well Plate 2mL on 4 at 94.0 uL/sec
Blowing out at A8 of NEST 96 Deep Well Plate 2mL on 4



Aspirating 300.0 uL from A1 of NEST 1 Well Reservoir 195 mL on 1 at 94.0 uL/sec
Aspirating 300.0 uL from A1 of NEST 1 Well Reservoir 195 mL on 1 at 94.0 uL/sec
Dispensing 300.0 uL into A9 of NEST 96 Deep Well Plate 2mL on 4 at 94.0 uL/sec
Blowing out at A9 of NEST 96 Deep Well Plate 2mL on 4
Dispensing 300.0 uL into A10 of NEST 96 Deep Well Plate 2mL on 4 at 94.0 uL/sec
Blowing out at A10 of NEST 96 Deep Well Plate 2mL on 4
Aspirating 300.0 uL from A1 of NEST 1 Well Reservoir 195 mL on 1 at 94.0 uL/sec
Aspirating 300.0 uL from A1 of NEST 1 Well Reservoir 195 mL on 1 at 94.0 uL/sec
Dispensing 300.0 uL into A9 of NEST 96 Deep Well Plate 2mL on 4 at 94.0 uL/sec
Blowing out at A9 of NEST 96 Deep Well Plate 2mL on 4
Dispensing 300.0 uL into A10 of NEST 96 Deep Well Plate 2mL on 4 at 94.0 uL/sec
Blowing out at A10 of NEST 96 Deep Well Plate 2mL on 4



Aspirating 300.0 uL from A1 of NEST 1 Well Reservoir 195 mL on 2 at 94.0 uL/sec
Aspirating 300.0 uL from A1 of NEST 1 Well Reservoir 195 mL on 2 at 94.0 uL/sec
Dispensing 300.0 uL into A11 of NEST 96 Deep Well Plate 2mL on 4 at 94.0 uL/sec
Blowing out at A11 of NEST 96 Deep Well Plate 2mL on 4
Dispensing 300.0 uL into A12 of NEST 96 Deep Well Plate 2mL on 4 at 94.0 uL/sec
Blowing out at A12 of NEST 96 Deep Well Plate 2mL on 4
Aspirating 300.0 uL from A1 of NEST 1 Well Reservoir 195 mL on 2 at 94.0 uL/sec
Aspirating 300.0 uL from A1 of NEST 1 Well Reservoir 195 mL on 2 at 94.0 uL/sec
Dispensing 300.0 uL into A11 of NEST 96 Deep Well Plate 2mL on 4 at 94.0 uL/sec
Blowing out at A11 of NEST 96 Deep Well Plate 2mL on 4
Dispensing 300.0 uL into A12 of NEST 96 Deep Well Plate 2mL on 4 at 94.0 uL/sec
Blowing out at A12 of NEST 96 Deep Well Plate 2mL on 4



Aspirating 300.0 uL from A1 of NEST 1 Well Reservoir 195 mL on 1 at 94.0 uL/sec
Aspirating 300.0 uL from A1 of NEST 1 Well Reservoir 195 mL on 1 at 94.0 uL/sec
Dispensing 300.0 uL into A1 of NEST 96 Deep Well Plate 2mL on 5 at 94.0 uL/sec
Blowing out at A1 of NEST 96 Deep Well Plate 2mL on 5
Dispensing 300.0 uL into A2 of NEST 96 Deep Well Plate 2mL on 5 at 94.0 uL/sec
Blowing out at A2 of NEST 96 Deep Well Plate 2mL on 5
Aspirating 300.0 uL from A1 of NEST 1 Well Reservoir 195 mL on 1 at 94.0 uL/sec
Aspirating 300.0 uL from A1 of NEST 1 Well Reservoir 195 mL on 1 at 94.0 uL/sec
Dispensing 300.0 uL into A1 of NEST 96 Deep Well Plate 2mL on 5 at 94.0 uL/sec
Blowing out at A1 of NEST 96 Deep Well Plate 2mL on 5
Dispensing 300.0 uL into A2 of NEST 96 Deep Well Plate 2mL on 5 at 94.0 uL/sec
Blowing out at A2 of NEST 96 Deep Well Plate 2mL on 5



Aspirating 300.0 uL from A1 of NEST 1 Well Reservoir 195 mL on 2 at 94.0 uL/sec
Aspirating 300.0 uL from A1 of NEST 1 Well Reservoir 195 mL on 2 at 94.0 uL/sec
Dispensing 300.0 uL into A3 of NEST 96 Deep Well Plate 2mL on 5 at 94.0 uL/sec
Blowing out at A3 of NEST 96 Deep Well Plate 2mL on 5
Dispensing 300.0 uL into A4 of NEST 96 Deep Well Plate 2mL on 5 at 94.0 uL/sec
Blowing out at A4 of NEST 96 Deep Well Plate 2mL on 5
Aspirating 300.0 uL from A1 of NEST 1 Well Reservoir 195 mL on 2 at 94.0 uL/sec
Aspirating 300.0 uL from A1 of NEST 1 Well Reservoir 195 mL on 2 at 94.0 uL/sec
Dispensing 300.0 uL into A3 of NEST 96 Deep Well Plate 2mL on 5 at 94.0 uL/sec
Blowing out at A3 of NEST 96 Deep Well Plate 2mL on 5
Dispensing 300.0 uL into A4 of NEST 96 Deep Well Plate 2mL on 5 at 94.0 uL/sec
Blowing out at A4 of NEST 96 Deep Well Plate 2mL on 5



Aspirating 300.0 uL from A1 of NEST 1 Well Reservoir 195 mL on 1 at 94.0 uL/sec
Aspirating 300.0 uL from A1 of NEST 1 Well Reservoir 195 mL on 1 at 94.0 uL/sec
Dispensing 300.0 uL into A5 of NEST 96 Deep Well Plate 2mL on 5 at 94.0 uL/sec
Blowing out at A5 of NEST 96 Deep Well Plate 2mL on 5
Dispensing 300.0 uL into A6 of NEST 96 Deep Well Plate 2mL on 5 at 94.0 uL/sec
Blowing out at A6 of NEST 96 Deep Well Plate 2mL on 5
Aspirating 300.0 uL from A1 of NEST 1 Well Reservoir 195 mL on 1 at 94.0 uL/sec
Aspirating 300.0 uL from A1 of NEST 1 Well Reservoir 195 mL on 1 at 94.0 uL/sec
Dispensing 300.0 uL into A5 of NEST 96 Deep Well Plate 2mL on 5 at 94.0 uL/sec
Blowing out at A5 of NEST 96 Deep Well Plate 2mL on 5
Dispensing 300.0 uL into A6 of NEST 96 Deep Well Plate 2mL on 5 at 94.0 uL/sec
Blowing out at A6 of NEST 96 Deep Well Plate 2mL on 5



Aspirating 300.0 uL from A1 of NEST 1 Well Reservoir 195 mL on 2 at 94.0 uL/sec
Aspirating 300.0 uL from A1 of NEST 1 Well Reservoir 195 mL on 2 at 94.0 uL/sec
Dispensing 300.0 uL into A7 of NEST 96 Deep Well Plate 2mL on 5 at 94.0 uL/sec
Blowing out at A7 of NEST 96 Deep Well Plate 2mL on 5
Dispensing 300.0 uL into A8 of NEST 96 Deep Well Plate 2mL on 5 at 94.0 uL/sec
Blowing out at A8 of NEST 96 Deep Well Plate 2mL on 5
Aspirating 300.0 uL from A1 of NEST 1 Well Reservoir 195 mL on 2 at 94.0 uL/sec
Aspirating 300.0 uL from A1 of NEST 1 Well Reservoir 195 mL on 2 at 94.0 uL/sec
Dispensing 300.0 uL into A7 of NEST 96 Deep Well Plate 2mL on 5 at 94.0 uL/sec
Blowing out at A7 of NEST 96 Deep Well Plate 2mL on 5
Dispensing 300.0 uL into A8 of NEST 96 Deep Well Plate 2mL on 5 at 94.0 uL/sec
Blowing out at A8 of NEST 96 Deep Well Plate 2mL on 5



Aspirating 300.0 uL from A1 of NEST 1 Well Reservoir 195 mL on 1 at 94.0 uL/sec
Aspirating 300.0 uL from A1 of NEST 1 Well Reservoir 195 mL on 1 at 94.0 uL/sec
Dispensing 300.0 uL into A9 of NEST 96 Deep Well Plate 2mL on 5 at 94.0 uL/sec
Blowing out at A9 of NEST 96 Deep Well Plate 2mL on 5
Dispensing 300.0 uL into A10 of NEST 96 Deep Well Plate 2mL on 5 at 94.0 uL/sec
Blowing out at A10 of NEST 96 Deep Well Plate 2mL on 5
Aspirating 300.0 uL from A1 of NEST 1 Well Reservoir 195 mL on 1 at 94.0 uL/sec
Aspirating 300.0 uL from A1 of NEST 1 Well Reservoir 195 mL on 1 at 94.0 uL/sec
Dispensing 300.0 uL into A9 of NEST 96 Deep Well Plate 2mL on 5 at 94.0 uL/sec
Blowing out at A9 of NEST 96 Deep Well Plate 2mL on 5
Dispensing 300.0 uL into A10 of NEST 96 Deep Well Plate 2mL on 5 at 94.0 uL/sec
Blowing out at A10 of NEST 96 Deep Well Plate 2mL on 5



Aspirating 300.0 uL from A1 of NEST 1 Well Reservoir 195 mL on 2 at 94.0 uL/sec
Aspirating 300.0 uL from A1 of NEST 1 Well Reservoir 195 mL on 2 at 94.0 uL/sec
Dispensing 300.0 uL into A11 of NEST 96 Deep Well Plate 2mL on 5 at 94.0 uL/sec
Blowing out at A11 of NEST 96 Deep Well Plate 2mL on 5
Dispensing 300.0 uL into A12 of NEST 96 Deep Well Plate 2mL on 5 at 94.0 uL/sec
Blowing out at A12 of NEST 96 Deep Well Plate 2mL on 5
Aspirating 300.0 uL from A1 of NEST 1 Well Reservoir 195 mL on 2 at 94.0 uL/sec
Aspirating 300.0 uL from A1 of NEST 1 Well Reservoir 195 mL on 2 at 94.0 uL/sec
Dispensing 300.0 uL into A11 of NEST 96 Deep Well Plate 2mL on 5 at 94.0 uL/sec
Blowing out at A11 of NEST 96 Deep Well Plate 2mL on 5
Dispensing 300.0 uL into A12 of NEST 96 Deep Well Plate 2mL on 5 at 94.0 uL/sec
Blowing out at A12 of NEST 96 Deep Well Plate 2mL on 5



Aspirating 300.0 uL from A1 of NEST 1 Well Reservoir 195 mL on 1 at 94.0 uL/sec
Aspirating 300.0 uL from A1 of NEST 1 Well Reservoir 195 mL on 1 at 94.0 uL/sec
Dispensing 300.0 uL into A1 of NEST 96 Deep Well Plate 2mL on 6 at 94.0 uL/sec
Blowing out at A1 of NEST 96 Deep Well Plate 2mL on 6
Dispensing 300.0 uL into A2 of NEST 96 Deep Well Plate 2mL on 6 at 94.0 uL/sec
Blowing out at A2 of NEST 96 Deep Well Plate 2mL on 6
Aspirating 300.0 uL from A1 of NEST 1 Well Reservoir 195 mL on 1 at 94.0 uL/sec
Aspirating 300.0 uL from A1 of NEST 1 Well Reservoir 195 mL on 1 at 94.0 uL/sec
Dispensing 300.0 uL into A1 of NEST 96 Deep Well Plate 2mL on 6 at 94.0 uL/sec
Blowing out at A1 of NEST 96 Deep Well Plate 2mL on 6
Dispensing 300.0 uL into A2 of NEST 96 Deep Well Plate 2mL on 6 at 94.0 uL/sec
Blowing out at A2 of NEST 96 Deep Well Plate 2mL on 6



Aspirating 300.0 uL from A1 of NEST 1 Well Reservoir 195 mL on 2 at 94.0 uL/sec
Aspirating 300.0 uL from A1 of NEST 1 Well Reservoir 195 mL on 2 at 94.0 uL/sec
Dispensing 300.0 uL into A3 of NEST 96 Deep Well Plate 2mL on 6 at 94.0 uL/sec
Blowing out at A3 of NEST 96 Deep Well Plate 2mL on 6
Dispensing 300.0 uL into A4 of NEST 96 Deep Well Plate 2mL on 6 at 94.0 uL/sec
Blowing out at A4 of NEST 96 Deep Well Plate 2mL on 6
Aspirating 300.0 uL from A1 of NEST 1 Well Reservoir 195 mL on 2 at 94.0 uL/sec
Aspirating 300.0 uL from A1 of NEST 1 Well Reservoir 195 mL on 2 at 94.0 uL/sec
Dispensing 300.0 uL into A3 of NEST 96 Deep Well Plate 2mL on 6 at 94.0 uL/sec
Blowing out at A3 of NEST 96 Deep Well Plate 2mL on 6
Dispensing 300.0 uL into A4 of NEST 96 Deep Well Plate 2mL on 6 at 94.0 uL/sec
Blowing out at A4 of NEST 96 Deep Well Plate 2mL on 6



Aspirating 300.0 uL from A1 of NEST 1 Well Reservoir 195 mL on 1 at 94.0 uL/sec
Aspirating 300.0 uL from A1 of NEST 1 Well Reservoir 195 mL on 1 at 94.0 uL/sec
Dispensing 300.0 uL into A5 of NEST 96 Deep Well Plate 2mL on 6 at 94.0 uL/sec
Blowing out at A5 of NEST 96 Deep Well Plate 2mL on 6
Dispensing 300.0 uL into A6 of NEST 96 Deep Well Plate 2mL on 6 at 94.0 uL/sec
Blowing out at A6 of NEST 96 Deep Well Plate 2mL on 6
Aspirating 300.0 uL from A1 of NEST 1 Well Reservoir 195 mL on 1 at 94.0 uL/sec
Aspirating 300.0 uL from A1 of NEST 1 Well Reservoir 195 mL on 1 at 94.0 uL/sec
Dispensing 300.0 uL into A5 of NEST 96 Deep Well Plate 2mL on 6 at 94.0 uL/sec
Blowing out at A5 of NEST 96 Deep Well Plate 2mL on 6
Dispensing 300.0 uL into A6 of NEST 96 Deep Well Plate 2mL on 6 at 94.0 uL/sec
Blowing out at A6 of NEST 96 Deep Well Plate 2mL on 6



Aspirating 300.0 uL from A1 of NEST 1 Well Reservoir 195 mL on 2 at 94.0 uL/sec
Aspirating 300.0 uL from A1 of NEST 1 Well Reservoir 195 mL on 2 at 94.0 uL/sec
Dispensing 300.0 uL into A7 of NEST 96 Deep Well Plate 2mL on 6 at 94.0 uL/sec
Blowing out at A7 of NEST 96 Deep Well Plate 2mL on 6
Dispensing 300.0 uL into A8 of NEST 96 Deep Well Plate 2mL on 6 at 94.0 uL/sec
Blowing out at A8 of NEST 96 Deep Well Plate 2mL on 6
Aspirating 300.0 uL from A1 of NEST 1 Well Reservoir 195 mL on 2 at 94.0 uL/sec
Aspirating 300.0 uL from A1 of NEST 1 Well Reservoir 195 mL on 2 at 94.0 uL/sec
Dispensing 300.0 uL into A7 of NEST 96 Deep Well Plate 2mL on 6 at 94.0 uL/sec
Blowing out at A7 of NEST 96 Deep Well Plate 2mL on 6
Dispensing 300.0 uL into A8 of NEST 96 Deep Well Plate 2mL on 6 at 94.0 uL/sec
Blowing out at A8 of NEST 96 Deep Well Plate 2mL on 6



Aspirating 300.0 uL from A1 of NEST 1 Well Reservoir 195 mL on 1 at 94.0 uL/sec
Aspirating 300.0 uL from A1 of NEST 1 Well Reservoir 195 mL on 1 at 94.0 uL/sec
Dispensing 300.0 uL into A9 of NEST 96 Deep Well Plate 2mL on 6 at 94.0 uL/sec
Blowing out at A9 of NEST 96 Deep Well Plate 2mL on 6
Dispensing 300.0 uL into A10 of NEST 96 Deep Well Plate 2mL on 6 at 94.0 uL/sec
Blowing out at A10 of NEST 96 Deep Well Plate 2mL on 6
Aspirating 300.0 uL from A1 of NEST 1 Well Reservoir 195 mL on 1 at 94.0 uL/sec
Aspirating 300.0 uL from A1 of NEST 1 Well Reservoir 195 mL on 1 at 94.0 uL/sec
Dispensing 300.0 uL into A9 of NEST 96 Deep Well Plate 2mL on 6 at 94.0 uL/sec
Blowing out at A9 of NEST 96 Deep Well Plate 2mL on 6
Dispensing 300.0 uL into A10 of NEST 96 Deep Well Plate 2mL on 6 at 94.0 uL/sec
Blowing out at A10 of NEST 96 Deep Well Plate 2mL on 6



Aspirating 300.0 uL from A1 of NEST 1 Well Reservoir 195 mL on 2 at 94.0 uL/sec
Aspirating 300.0 uL from A1 of NEST 1 Well Reservoir 195 mL on 2 at 94.0 uL/sec
Dispensing 300.0 uL into A11 of NEST 96 Deep Well Plate 2mL on 6 at 94.0 uL/sec
Blowing out at A11 of NEST 96 Deep Well Plate 2mL on 6
Dispensing 300.0 uL into A12 of NEST 96 Deep Well Plate 2mL on 6 at 94.0 uL/sec
Blowing out at A12 of NEST 96 Deep Well Plate 2mL on 6
Aspirating 300.0 uL from A1 of NEST 1 Well Reservoir 195 mL on 2 at 94.0 uL/sec
Aspirating 300.0 uL from A1 of NEST 1 Well Reservoir 195 mL on 2 at 94.0 uL/sec
Dispensing 300.0 uL into A11 of NEST 96 Deep Well Plate 2mL on 6 at 94.0 uL/sec
Blowing out at A11 of NEST 96 Deep Well Plate 2mL on 6
Dispensing 300.0 uL into A12 of NEST 96 Deep Well Plate 2mL on 6 at 94.0 uL/sec
Blowing out at A12 of NEST 96 Deep Well Plate 2mL on 6



Aspirating 300.0 uL from A1 of NEST 1 Well Reservoir 195 mL on 1 at 94.0 uL/sec
Aspirating 300.0 uL from A1 of NEST 1 Well Reservoir 195 mL on 1 at 94.0 uL/sec
Dispensing 300.0 uL into A1 of NEST 96 Deep Well Plate 2mL on 7 at 94.0 uL/sec
Blowing out at A1 of NEST 96 Deep Well Plate 2mL on 7
Dispensing 300.0 uL into A2 of NEST 96 Deep Well Plate 2mL on 7 at 94.0 uL/sec
Blowing out at A2 of NEST 96 Deep Well Plate 2mL on 7
Aspirating 300.0 uL from A1 of NEST 1 Well Reservoir 195 mL on 1 at 94.0 uL/sec
Aspirating 300.0 uL from A1 of NEST 1 Well Reservoir 195 mL on 1 at 94.0 uL/sec
Dispensing 300.0 uL into A1 of NEST 96 Deep Well Plate 2mL on 7 at 94.0 uL/sec
Blowing out at A1 of NEST 96 Deep Well Plate 2mL on 7
Dispensing 300.0 uL into A2 of NEST 96 Deep Well Plate 2mL on 7 at 94.0 uL/sec
Blowing out at A2 of NEST 96 Deep Well Plate 2mL on 7



Aspirating 300.0 uL from A1 of NEST 1 Well Reservoir 195 mL on 2 at 94.0 uL/sec
Aspirating 300.0 uL from A1 of NEST 1 Well Reservoir 195 mL on 2 at 94.0 uL/sec
Dispensing 300.0 uL into A3 of NEST 96 Deep Well Plate 2mL on 7 at 94.0 uL/sec
Blowing out at A3 of NEST 96 Deep Well Plate 2mL on 7
Dispensing 300.0 uL into A4 of NEST 96 Deep Well Plate 2mL on 7 at 94.0 uL/sec
Blowing out at A4 of NEST 96 Deep Well Plate 2mL on 7
Aspirating 300.0 uL from A1 of NEST 1 Well Reservoir 195 mL on 2 at 94.0 uL/sec
Aspirating 300.0 uL from A1 of NEST 1 Well Reservoir 195 mL on 2 at 94.0 uL/sec
Dispensing 300.0 uL into A3 of NEST 96 Deep Well Plate 2mL on 7 at 94.0 uL/sec
Blowing out at A3 of NEST 96 Deep Well Plate 2mL on 7
Dispensing 300.0 uL into A4 of NEST 96 Deep Well Plate 2mL on 7 at 94.0 uL/sec
Blowing out at A4 of NEST 96 Deep Well Plate 2mL on 7



Aspirating 300.0 uL from A1 of NEST 1 Well Reservoir 195 mL on 1 at 94.0 uL/sec
Aspirating 300.0 uL from A1 of NEST 1 Well Reservoir 195 mL on 1 at 94.0 uL/sec
Dispensing 300.0 uL into A5 of NEST 96 Deep Well Plate 2mL on 7 at 94.0 uL/sec
Blowing out at A5 of NEST 96 Deep Well Plate 2mL on 7
Dispensing 300.0 uL into A6 of NEST 96 Deep Well Plate 2mL on 7 at 94.0 uL/sec
Blowing out at A6 of NEST 96 Deep Well Plate 2mL on 7
Aspirating 300.0 uL from A1 of NEST 1 Well Reservoir 195 mL on 1 at 94.0 uL/sec
Aspirating 300.0 uL from A1 of NEST 1 Well Reservoir 195 mL on 1 at 94.0 uL/sec
Dispensing 300.0 uL into A5 of NEST 96 Deep Well Plate 2mL on 7 at 94.0 uL/sec
Blowing out at A5 of NEST 96 Deep Well Plate 2mL on 7
Dispensing 300.0 uL into A6 of NEST 96 Deep Well Plate 2mL on 7 at 94.0 uL/sec
Blowing out at A6 of NEST 96 Deep Well Plate 2mL on 7



Aspirating 300.0 uL from A1 of NEST 1 Well Reservoir 195 mL on 2 at 94.0 uL/sec
Aspirating 300.0 uL from A1 of NEST 1 Well Reservoir 195 mL on 2 at 94.0 uL/sec
Dispensing 300.0 uL into A7 of NEST 96 Deep Well Plate 2mL on 7 at 94.0 uL/sec
Blowing out at A7 of NEST 96 Deep Well Plate 2mL on 7
Dispensing 300.0 uL into A8 of NEST 96 Deep Well Plate 2mL on 7 at 94.0 uL/sec
Blowing out at A8 of NEST 96 Deep Well Plate 2mL on 7
Aspirating 300.0 uL from A1 of NEST 1 Well Reservoir 195 mL on 2 at 94.0 uL/sec
Aspirating 300.0 uL from A1 of NEST 1 Well Reservoir 195 mL on 2 at 94.0 uL/sec
Dispensing 300.0 uL into A7 of NEST 96 Deep Well Plate 2mL on 7 at 94.0 uL/sec
Blowing out at A7 of NEST 96 Deep Well Plate 2mL on 7
Dispensing 300.0 uL into A8 of NEST 96 Deep Well Plate 2mL on 7 at 94.0 uL/sec
Blowing out at A8 of NEST 96 Deep Well Plate 2mL on 7



Aspirating 300.0 uL from A1 of NEST 1 Well Reservoir 195 mL on 1 at 94.0 uL/sec
Aspirating 300.0 uL from A1 of NEST 1 Well Reservoir 195 mL on 1 at 94.0 uL/sec
Dispensing 300.0 uL into A9 of NEST 96 Deep Well Plate 2mL on 7 at 94.0 uL/sec
Blowing out at A9 of NEST 96 Deep Well Plate 2mL on 7
Dispensing 300.0 uL into A10 of NEST 96 Deep Well Plate 2mL on 7 at 94.0 uL/sec
Blowing out at A10 of NEST 96 Deep Well Plate 2mL on 7
Aspirating 300.0 uL from A1 of NEST 1 Well Reservoir 195 mL on 1 at 94.0 uL/sec
Aspirating 300.0 uL from A1 of NEST 1 Well Reservoir 195 mL on 1 at 94.0 uL/sec
Dispensing 300.0 uL into A9 of NEST 96 Deep Well Plate 2mL on 7 at 94.0 uL/sec
Blowing out at A9 of NEST 96 Deep Well Plate 2mL on 7
Dispensing 300.0 uL into A10 of NEST 96 Deep Well Plate 2mL on 7 at 94.0 uL/sec
Blowing out at A10 of NEST 96 Deep Well Plate 2mL on 7



Aspirating 300.0 uL from A1 of NEST 1 Well Reservoir 195 mL on 2 at 94.0 uL/sec
Aspirating 300.0 uL from A1 of NEST 1 Well Reservoir 195 mL on 2 at 94.0 uL/sec
Dispensing 300.0 uL into A11 of NEST 96 Deep Well Plate 2mL on 7 at 94.0 uL/sec
Blowing out at A11 of NEST 96 Deep Well Plate 2mL on 7
Dispensing 300.0 uL into A12 of NEST 96 Deep Well Plate 2mL on 7 at 94.0 uL/sec
Blowing out at A12 of NEST 96 Deep Well Plate 2mL on 7
Aspirating 300.0 uL from A1 of NEST 1 Well Reservoir 195 mL on 2 at 94.0 uL/sec
Aspirating 300.0 uL from A1 of NEST 1 Well Reservoir 195 mL on 2 at 94.0 uL/sec
Dispensing 300.0 uL into A11 of NEST 96 Deep Well Plate 2mL on 7 at 94.0 uL/sec
Blowing out at A11 of NEST 96 Deep Well Plate 2mL on 7
Dispensing 300.0 uL into A12 of NEST 96 Deep Well Plate 2mL on 7 at 94.0 uL/sec
Blowing out at A12 of NEST 96 Deep Well Plate 2mL on 7



Dropping tip into A1 of Opentrons Fixed Trash on 12
Dropping tip into A1 of Opentrons Fixed Trash on 12
Caught exception: {'message': 'Task was destroyed but it is pending!', 'task': <Task pending name='Task-4' coro=<Poller._poll_forever() running at /Users/dp/Desktop/project/github/opentrons/venv/lib/python3.10/site-packages/opentrons/hardware_control/poller.py:80> wait_for=<Future pending cb=[Task.task_wakeup()]>>}
Caught exception: {'message': 'Task was destroyed but it is pending!', 'task': <Task pending name='Task-3' coro=<Poller._poll_forever() running at /Users/dp/Desktop/project/github/opentrons/venv/lib/python3.10/site-packages/opentrons/hardware_control/poller.py:80> wait_for=<Future pending cb=[Task.task_wakeup()]>>}
Caught exception: {'message': 'Task was destroyed but it is pending!', 'task': <Task pending name='Task-2' coro=<Poller._poll_forever() running at /Users/dp/Desktop/project/github/opentrons/venv/lib/python3.10/site-packages/opentrons/hardware_control/poller.py:80> wait_for=<Future pending cb=[Task.task_wakeup()]>>}
