/Users/dp/Desktop/project/github/opentrons/venv/lib/python3.10/site-packages/opentrons/hardware_control/simulator_setup.py:205: UserWarning: Simulator configuration does not name a machine, defaulting to OT-2 Standard
  warn(
/Users/dp/.opentrons/robot_settings.json not found. Loading defaults
Deck calibration not found.
/Users/dp/.opentrons/deck_calibration.json not found. Loading defaults
Delaying for 0 minutes and 10.0 seconds
Picking up tip from A1 of Opentrons OT-2 96 Tip Rack 300 µL on 11
Moving to A1 of Bulk Reagent capture ab in 1x Coating Buffer A on 10
Pausing robot operation: Pausing to wash ELISA plate 1.
             Resume to fill with 100 uL capture ab in 1x Coating Buffer A
Aspirating 300.0 uL from A1 of Bulk Reagent capture ab in 1x Coating Buffer A on 10 at 94.0 uL/sec
Dispensing 100.0 uL into A1 of Elisa Plate in Slot 1 on 1 at 94.0 uL/sec
Touching tip
Dispensing 100.0 uL into A2 of Elisa Plate in Slot 1 on 1 at 94.0 uL/sec
Touching tip
Dispensing 100.0 uL into A1 of Bulk Reagent capture ab in 1x Coating Buffer A on 10 at 94.0 uL/sec
Aspirating 300.0 uL from A1 of Bulk Reagent capture ab in 1x Coating Buffer A on 10 at 94.0 uL/sec
Dispensing 100.0 uL into A3 of Elisa Plate in Slot 1 on 1 at 94.0 uL/sec
Touching tip
Dispensing 100.0 uL into A4 of Elisa Plate in Slot 1 on 1 at 94.0 uL/sec
Touching tip
Dispensing 100.0 uL into A1 of Bulk Reagent capture ab in 1x Coating Buffer A on 10 at 94.0 uL/sec
Aspirating 300.0 uL from A1 of Bulk Reagent capture ab in 1x Coating Buffer A on 10 at 94.0 uL/sec
Dispensing 100.0 uL into A5 of Elisa Plate in Slot 1 on 1 at 94.0 uL/sec
Touching tip
Dispensing 100.0 uL into A6 of Elisa Plate in Slot 1 on 1 at 94.0 uL/sec
Touching tip
Dispensing 100.0 uL into A1 of Bulk Reagent capture ab in 1x Coating Buffer A on 10 at 94.0 uL/sec
Aspirating 300.0 uL from A1 of Bulk Reagent capture ab in 1x Coating Buffer A on 10 at 94.0 uL/sec
Dispensing 100.0 uL into A7 of Elisa Plate in Slot 1 on 1 at 94.0 uL/sec
Touching tip
Dispensing 100.0 uL into A8 of Elisa Plate in Slot 1 on 1 at 94.0 uL/sec
Touching tip
Dispensing 100.0 uL into A1 of Bulk Reagent capture ab in 1x Coating Buffer A on 10 at 94.0 uL/sec
Aspirating 300.0 uL from A1 of Bulk Reagent capture ab in 1x Coating Buffer A on 10 at 94.0 uL/sec
Dispensing 100.0 uL into A9 of Elisa Plate in Slot 1 on 1 at 94.0 uL/sec
Touching tip
Dispensing 100.0 uL into A10 of Elisa Plate in Slot 1 on 1 at 94.0 uL/sec
Touching tip
Dispensing 100.0 uL into A1 of Bulk Reagent capture ab in 1x Coating Buffer A on 10 at 94.0 uL/sec
Aspirating 300.0 uL from A1 of Bulk Reagent capture ab in 1x Coating Buffer A on 10 at 94.0 uL/sec
Dispensing 100.0 uL into A11 of Elisa Plate in Slot 1 on 1 at 94.0 uL/sec
Touching tip
Dispensing 100.0 uL into A12 of Elisa Plate in Slot 1 on 1 at 94.0 uL/sec
Touching tip
Dispensing 100.0 uL into A1 of Bulk Reagent capture ab in 1x Coating Buffer A on 10 at 94.0 uL/sec
Moving to A1 of Bulk Reagent capture ab in 1x Coating Buffer A on 10
Pausing robot operation: Pausing to wash ELISA plate 2.
             Resume to fill with 100 uL capture ab in 1x Coating Buffer A
Aspirating 300.0 uL from A2 of Bulk Reagent capture ab in 1x Coating Buffer A on 10 at 94.0 uL/sec
Dispensing 100.0 uL into A1 of Elisa Plate in Slot 2 on 2 at 94.0 uL/sec
Touching tip
Dispensing 100.0 uL into A2 of Elisa Plate in Slot 2 on 2 at 94.0 uL/sec
Touching tip
Dispensing 100.0 uL into A2 of Bulk Reagent capture ab in 1x Coating Buffer A on 10 at 94.0 uL/sec
Aspirating 300.0 uL from A2 of Bulk Reagent capture ab in 1x Coating Buffer A on 10 at 94.0 uL/sec
Dispensing 100.0 uL into A3 of Elisa Plate in Slot 2 on 2 at 94.0 uL/sec
Touching tip
Dispensing 100.0 uL into A4 of Elisa Plate in Slot 2 on 2 at 94.0 uL/sec
Touching tip
Dispensing 100.0 uL into A2 of Bulk Reagent capture ab in 1x Coating Buffer A on 10 at 94.0 uL/sec
Aspirating 300.0 uL from A2 of Bulk Reagent capture ab in 1x Coating Buffer A on 10 at 94.0 uL/sec
Dispensing 100.0 uL into A5 of Elisa Plate in Slot 2 on 2 at 94.0 uL/sec
Touching tip
Dispensing 100.0 uL into A6 of Elisa Plate in Slot 2 on 2 at 94.0 uL/sec
Touching tip
Dispensing 100.0 uL into A2 of Bulk Reagent capture ab in 1x Coating Buffer A on 10 at 94.0 uL/sec
Aspirating 300.0 uL from A2 of Bulk Reagent capture ab in 1x Coating Buffer A on 10 at 94.0 uL/sec
Dispensing 100.0 uL into A7 of Elisa Plate in Slot 2 on 2 at 94.0 uL/sec
Touching tip
Dispensing 100.0 uL into A8 of Elisa Plate in Slot 2 on 2 at 94.0 uL/sec
Touching tip
Dispensing 100.0 uL into A2 of Bulk Reagent capture ab in 1x Coating Buffer A on 10 at 94.0 uL/sec
Aspirating 300.0 uL from A2 of Bulk Reagent capture ab in 1x Coating Buffer A on 10 at 94.0 uL/sec
Dispensing 100.0 uL into A9 of Elisa Plate in Slot 2 on 2 at 94.0 uL/sec
Touching tip
Dispensing 100.0 uL into A10 of Elisa Plate in Slot 2 on 2 at 94.0 uL/sec
Touching tip
Dispensing 100.0 uL into A2 of Bulk Reagent capture ab in 1x Coating Buffer A on 10 at 94.0 uL/sec
Aspirating 300.0 uL from A2 of Bulk Reagent capture ab in 1x Coating Buffer A on 10 at 94.0 uL/sec
Dispensing 100.0 uL into A11 of Elisa Plate in Slot 2 on 2 at 94.0 uL/sec
Touching tip
Dispensing 100.0 uL into A12 of Elisa Plate in Slot 2 on 2 at 94.0 uL/sec
Touching tip
Dispensing 100.0 uL into A2 of Bulk Reagent capture ab in 1x Coating Buffer A on 10 at 94.0 uL/sec
Moving to A1 of Bulk Reagent capture ab in 1x Coating Buffer A on 10
Pausing robot operation: Pausing to wash ELISA plate 3.
             Resume to fill with 100 uL capture ab in 1x Coating Buffer A
Aspirating 300.0 uL from A3 of Bulk Reagent capture ab in 1x Coating Buffer A on 10 at 94.0 uL/sec
Dispensing 100.0 uL into A1 of Elisa Plate in Slot 3 on 3 at 94.0 uL/sec
Touching tip
Dispensing 100.0 uL into A2 of Elisa Plate in Slot 3 on 3 at 94.0 uL/sec
Touching tip
Dispensing 100.0 uL into A3 of Bulk Reagent capture ab in 1x Coating Buffer A on 10 at 94.0 uL/sec
Aspirating 300.0 uL from A3 of Bulk Reagent capture ab in 1x Coating Buffer A on 10 at 94.0 uL/sec
Dispensing 100.0 uL into A3 of Elisa Plate in Slot 3 on 3 at 94.0 uL/sec
Touching tip
Dispensing 100.0 uL into A4 of Elisa Plate in Slot 3 on 3 at 94.0 uL/sec
Touching tip
Dispensing 100.0 uL into A3 of Bulk Reagent capture ab in 1x Coating Buffer A on 10 at 94.0 uL/sec
Aspirating 300.0 uL from A3 of Bulk Reagent capture ab in 1x Coating Buffer A on 10 at 94.0 uL/sec
Dispensing 100.0 uL into A5 of Elisa Plate in Slot 3 on 3 at 94.0 uL/sec
Touching tip
Dispensing 100.0 uL into A6 of Elisa Plate in Slot 3 on 3 at 94.0 uL/sec
Touching tip
Dispensing 100.0 uL into A3 of Bulk Reagent capture ab in 1x Coating Buffer A on 10 at 94.0 uL/sec
Aspirating 300.0 uL from A3 of Bulk Reagent capture ab in 1x Coating Buffer A on 10 at 94.0 uL/sec
Dispensing 100.0 uL into A7 of Elisa Plate in Slot 3 on 3 at 94.0 uL/sec
Touching tip
Dispensing 100.0 uL into A8 of Elisa Plate in Slot 3 on 3 at 94.0 uL/sec
Touching tip
Dispensing 100.0 uL into A3 of Bulk Reagent capture ab in 1x Coating Buffer A on 10 at 94.0 uL/sec
Aspirating 300.0 uL from A3 of Bulk Reagent capture ab in 1x Coating Buffer A on 10 at 94.0 uL/sec
Dispensing 100.0 uL into A9 of Elisa Plate in Slot 3 on 3 at 94.0 uL/sec
Touching tip
Dispensing 100.0 uL into A10 of Elisa Plate in Slot 3 on 3 at 94.0 uL/sec
Touching tip
Dispensing 100.0 uL into A3 of Bulk Reagent capture ab in 1x Coating Buffer A on 10 at 94.0 uL/sec
Aspirating 300.0 uL from A3 of Bulk Reagent capture ab in 1x Coating Buffer A on 10 at 94.0 uL/sec
Dispensing 100.0 uL into A11 of Elisa Plate in Slot 3 on 3 at 94.0 uL/sec
Touching tip
Dispensing 100.0 uL into A12 of Elisa Plate in Slot 3 on 3 at 94.0 uL/sec
Touching tip
Dispensing 100.0 uL into A3 of Bulk Reagent capture ab in 1x Coating Buffer A on 10 at 94.0 uL/sec
Moving to A1 of Bulk Reagent capture ab in 1x Coating Buffer A on 10
Pausing robot operation: Pausing to wash ELISA plate 4.
             Resume to fill with 100 uL capture ab in 1x Coating Buffer A
Aspirating 300.0 uL from A4 of Bulk Reagent capture ab in 1x Coating Buffer A on 10 at 94.0 uL/sec
Dispensing 100.0 uL into A1 of Elisa Plate in Slot 4 on 4 at 94.0 uL/sec
Touching tip
Dispensing 100.0 uL into A2 of Elisa Plate in Slot 4 on 4 at 94.0 uL/sec
Touching tip
Dispensing 100.0 uL into A4 of Bulk Reagent capture ab in 1x Coating Buffer A on 10 at 94.0 uL/sec
Aspirating 300.0 uL from A4 of Bulk Reagent capture ab in 1x Coating Buffer A on 10 at 94.0 uL/sec
Dispensing 100.0 uL into A3 of Elisa Plate in Slot 4 on 4 at 94.0 uL/sec
Touching tip
Dispensing 100.0 uL into A4 of Elisa Plate in Slot 4 on 4 at 94.0 uL/sec
Touching tip
Dispensing 100.0 uL into A4 of Bulk Reagent capture ab in 1x Coating Buffer A on 10 at 94.0 uL/sec
Aspirating 300.0 uL from A4 of Bulk Reagent capture ab in 1x Coating Buffer A on 10 at 94.0 uL/sec
Dispensing 100.0 uL into A5 of Elisa Plate in Slot 4 on 4 at 94.0 uL/sec
Touching tip
Dispensing 100.0 uL into A6 of Elisa Plate in Slot 4 on 4 at 94.0 uL/sec
Touching tip
Dispensing 100.0 uL into A4 of Bulk Reagent capture ab in 1x Coating Buffer A on 10 at 94.0 uL/sec
Aspirating 300.0 uL from A4 of Bulk Reagent capture ab in 1x Coating Buffer A on 10 at 94.0 uL/sec
Dispensing 100.0 uL into A7 of Elisa Plate in Slot 4 on 4 at 94.0 uL/sec
Touching tip
Dispensing 100.0 uL into A8 of Elisa Plate in Slot 4 on 4 at 94.0 uL/sec
Touching tip
Dispensing 100.0 uL into A4 of Bulk Reagent capture ab in 1x Coating Buffer A on 10 at 94.0 uL/sec
Aspirating 300.0 uL from A4 of Bulk Reagent capture ab in 1x Coating Buffer A on 10 at 94.0 uL/sec
Dispensing 100.0 uL into A9 of Elisa Plate in Slot 4 on 4 at 94.0 uL/sec
Touching tip
Dispensing 100.0 uL into A10 of Elisa Plate in Slot 4 on 4 at 94.0 uL/sec
Touching tip
Dispensing 100.0 uL into A4 of Bulk Reagent capture ab in 1x Coating Buffer A on 10 at 94.0 uL/sec
Aspirating 300.0 uL from A4 of Bulk Reagent capture ab in 1x Coating Buffer A on 10 at 94.0 uL/sec
Dispensing 100.0 uL into A11 of Elisa Plate in Slot 4 on 4 at 94.0 uL/sec
Touching tip
Dispensing 100.0 uL into A12 of Elisa Plate in Slot 4 on 4 at 94.0 uL/sec
Touching tip
Dispensing 100.0 uL into A4 of Bulk Reagent capture ab in 1x Coating Buffer A on 10 at 94.0 uL/sec
Moving to A1 of Bulk Reagent capture ab in 1x Coating Buffer A on 10
Pausing robot operation: Pausing to wash ELISA plate 5.
             Resume to fill with 100 uL capture ab in 1x Coating Buffer A
Aspirating 300.0 uL from A5 of Bulk Reagent capture ab in 1x Coating Buffer A on 10 at 94.0 uL/sec
Dispensing 100.0 uL into A1 of Elisa Plate in Slot 5 on 5 at 94.0 uL/sec
Touching tip
Dispensing 100.0 uL into A2 of Elisa Plate in Slot 5 on 5 at 94.0 uL/sec
Touching tip
Dispensing 100.0 uL into A5 of Bulk Reagent capture ab in 1x Coating Buffer A on 10 at 94.0 uL/sec
Aspirating 300.0 uL from A5 of Bulk Reagent capture ab in 1x Coating Buffer A on 10 at 94.0 uL/sec
Dispensing 100.0 uL into A3 of Elisa Plate in Slot 5 on 5 at 94.0 uL/sec
Touching tip
Dispensing 100.0 uL into A4 of Elisa Plate in Slot 5 on 5 at 94.0 uL/sec
Touching tip
Dispensing 100.0 uL into A5 of Bulk Reagent capture ab in 1x Coating Buffer A on 10 at 94.0 uL/sec
Aspirating 300.0 uL from A5 of Bulk Reagent capture ab in 1x Coating Buffer A on 10 at 94.0 uL/sec
Dispensing 100.0 uL into A5 of Elisa Plate in Slot 5 on 5 at 94.0 uL/sec
Touching tip
Dispensing 100.0 uL into A6 of Elisa Plate in Slot 5 on 5 at 94.0 uL/sec
Touching tip
Dispensing 100.0 uL into A5 of Bulk Reagent capture ab in 1x Coating Buffer A on 10 at 94.0 uL/sec
Aspirating 300.0 uL from A5 of Bulk Reagent capture ab in 1x Coating Buffer A on 10 at 94.0 uL/sec
Dispensing 100.0 uL into A7 of Elisa Plate in Slot 5 on 5 at 94.0 uL/sec
Touching tip
Dispensing 100.0 uL into A8 of Elisa Plate in Slot 5 on 5 at 94.0 uL/sec
Touching tip
Dispensing 100.0 uL into A5 of Bulk Reagent capture ab in 1x Coating Buffer A on 10 at 94.0 uL/sec
Aspirating 300.0 uL from A5 of Bulk Reagent capture ab in 1x Coating Buffer A on 10 at 94.0 uL/sec
Dispensing 100.0 uL into A9 of Elisa Plate in Slot 5 on 5 at 94.0 uL/sec
Touching tip
Dispensing 100.0 uL into A10 of Elisa Plate in Slot 5 on 5 at 94.0 uL/sec
Touching tip
Dispensing 100.0 uL into A5 of Bulk Reagent capture ab in 1x Coating Buffer A on 10 at 94.0 uL/sec
Aspirating 300.0 uL from A5 of Bulk Reagent capture ab in 1x Coating Buffer A on 10 at 94.0 uL/sec
Dispensing 100.0 uL into A11 of Elisa Plate in Slot 5 on 5 at 94.0 uL/sec
Touching tip
Dispensing 100.0 uL into A12 of Elisa Plate in Slot 5 on 5 at 94.0 uL/sec
Touching tip
Dispensing 100.0 uL into A5 of Bulk Reagent capture ab in 1x Coating Buffer A on 10 at 94.0 uL/sec
Dropping tip into A1 of Opentrons Fixed Trash on 12
Finished with coating step
Caught exception: {'message': 'Task was destroyed but it is pending!', 'task': <Task pending name='Task-4' coro=<Poller._poll_forever() running at /Users/dp/Desktop/project/github/opentrons/venv/lib/python3.10/site-packages/opentrons/hardware_control/poller.py:80> wait_for=<Future pending cb=[Task.task_wakeup()]>>}
Caught exception: {'message': 'Task was destroyed but it is pending!', 'task': <Task pending name='Task-3' coro=<Poller._poll_forever() running at /Users/dp/Desktop/project/github/opentrons/venv/lib/python3.10/site-packages/opentrons/hardware_control/poller.py:80> wait_for=<Future pending cb=[Task.task_wakeup()]>>}
Caught exception: {'message': 'Task was destroyed but it is pending!', 'task': <Task pending name='Task-2' coro=<Poller._poll_forever() running at /Users/dp/Desktop/project/github/opentrons/venv/lib/python3.10/site-packages/opentrons/hardware_control/poller.py:80> wait_for=<Future pending cb=[Task.task_wakeup()]>>}
