/Users/dp/Desktop/project/github/opentrons/venv/lib/python3.10/site-packages/opentrons/hardware_control/simulator_setup.py:205: UserWarning: Simulator configuration does not name a machine, defaulting to OT-2 Standard
  warn(
/Users/dp/.opentrons/robot_settings.json not found. Loading defaults
Deck calibration not found.
/Users/dp/.opentrons/deck_calibration.json not found. Loading defaults
Picking up tip from H1 of Opentrons OT-2 96 Tip Rack 300 µL on 4
Aspirating 20.0 uL from A1 of NEST 96 Deep Well Plate 2mL on 5 at 94.0 uL/sec
Dispensing 20.0 uL into A1 of LVL Technologies 48 Well Plate 2000 µL on 6 at 94.0 uL/sec
Dropping tip into A1 of Opentrons Fixed Trash on 12
Picking up tip from H2 of Opentrons OT-2 96 Tip Rack 300 µL on 4
Aspirating 20.0 uL from B12 of NEST 96 Deep Well Plate 2mL on 5 at 94.0 uL/sec
Dispensing 20.0 uL into A1 of LVL Technologies 48 Well Plate 2000 µL on 6 at 94.0 uL/sec
Dropping tip into A1 of Opentrons Fixed Trash on 12
Picking up tip from H3 of Opentrons OT-2 96 Tip Rack 300 µL on 4
Aspirating 20.0 uL from C5 of NEST 96 Deep Well Plate 2mL on 5 at 94.0 uL/sec
Dispensing 20.0 uL into A1 of LVL Technologies 48 Well Plate 2000 µL on 6 at 94.0 uL/sec
Dropping tip into A1 of Opentrons Fixed Trash on 12
Picking up tip from H4 of Opentrons OT-2 96 Tip Rack 300 µL on 4
Aspirating 20.0 uL from G3 of NEST 96 Deep Well Plate 2mL on 5 at 94.0 uL/sec
Dispensing 20.0 uL into A1 of LVL Technologies 48 Well Plate 2000 µL on 6 at 94.0 uL/sec
Dropping tip into A1 of Opentrons Fixed Trash on 12
Picking up tip from H5 of Opentrons OT-2 96 Tip Rack 300 µL on 4
Aspirating 20.0 uL from H9 of NEST 96 Deep Well Plate 2mL on 5 at 94.0 uL/sec
Dispensing 20.0 uL into A1 of LVL Technologies 48 Well Plate 2000 µL on 6 at 94.0 uL/sec
Dropping tip into A1 of Opentrons Fixed Trash on 12
Delaying for 0 minutes and 10.0 seconds
Caught exception: {'message': 'Task was destroyed but it is pending!', 'task': <Task pending name='Task-4' coro=<Poller._poll_forever() running at /Users/dp/Desktop/project/github/opentrons/venv/lib/python3.10/site-packages/opentrons/hardware_control/poller.py:80> wait_for=<Future pending cb=[Task.task_wakeup()]>>}
Caught exception: {'message': 'Task was destroyed but it is pending!', 'task': <Task pending name='Task-3' coro=<Poller._poll_forever() running at /Users/dp/Desktop/project/github/opentrons/venv/lib/python3.10/site-packages/opentrons/hardware_control/poller.py:80> wait_for=<Future pending cb=[Task.task_wakeup()]>>}
Caught exception: {'message': 'Task was destroyed but it is pending!', 'task': <Task pending name='Task-2' coro=<Poller._poll_forever() running at /Users/dp/Desktop/project/github/opentrons/venv/lib/python3.10/site-packages/opentrons/hardware_control/poller.py:80> wait_for=<Future pending cb=[Task.task_wakeup()]>>}
