/Users/dp/Desktop/project/github/opentrons/venv/lib/python3.10/site-packages/opentrons/hardware_control/simulator_setup.py:205: UserWarning: Simulator configuration does not name a machine, defaulting to OT-2 Standard
  warn(
/Users/dp/.opentrons/robot_settings.json not found. Loading defaults
Deck calibration not found.
/Users/dp/.opentrons/deck_calibration.json not found. Loading defaults
[0, 0]


 TRANSFERRING TE TO PLATE

Picking up tip from A1 of Opentrons OT-2 96 Tip Rack 300 µL on 7
Aspirating 129.0 uL from A1 of Opentrons 6 Tube Rack with Falcon 50 mL Conical on 3 at 92.86 uL/sec
Dispensing 129.0 uL into A1 of Starstedt 96 Well Plate 200 µL on 2 at 92.86 uL/sec
Dropping tip into A1 of Opentrons Fixed Trash on 12


 TRANSFERRING DNA TO PLATE

Picking up tip from A1 of Opentrons OT-2 96 Tip Rack 20 µL on 4
Aspirating 10.0 uL from A1 of Thermofisher 96 Well Plate 100 µL on 1 at 3.78 uL/sec
Dispensing 10.0 uL into A1 of Starstedt 96 Well Plate 200 µL on 2 at 7.56 uL/sec
Picking up tip from B1 of Opentrons OT-2 96 Tip Rack 300 µL on 7
Mixing 3 times with a volume of 111.2 ul
	Aspirating 111.2 uL from A1 of Starstedt 96 Well Plate 200 µL on 2 at 92.86 uL/sec
	Dispensing 111.2 uL into A1 of Starstedt 96 Well Plate 200 µL on 2 at 92.86 uL/sec
	Aspirating 111.2 uL from A1 of Starstedt 96 Well Plate 200 µL on 2 at 92.86 uL/sec
	Dispensing 111.2 uL into A1 of Starstedt 96 Well Plate 200 µL on 2 at 92.86 uL/sec
	Aspirating 111.2 uL from A1 of Starstedt 96 Well Plate 200 µL on 2 at 92.86 uL/sec
	Dispensing 111.2 uL into A1 of Starstedt 96 Well Plate 200 µL on 2 at 92.86 uL/sec
Dropping tip into A1 of Opentrons Fixed Trash on 12
Dropping tip into A1 of Opentrons Fixed Trash on 12
Caught exception: {'message': 'Task was destroyed but it is pending!', 'task': <Task pending name='Task-3' coro=<Poller._poll_forever() running at /Users/dp/Desktop/project/github/opentrons/venv/lib/python3.10/site-packages/opentrons/hardware_control/poller.py:80> wait_for=<Future pending cb=[Task.task_wakeup()]>>}
Caught exception: {'message': 'Task was destroyed but it is pending!', 'task': <Task pending name='Task-4' coro=<Poller._poll_forever() running at /Users/dp/Desktop/project/github/opentrons/venv/lib/python3.10/site-packages/opentrons/hardware_control/poller.py:80> wait_for=<Future pending cb=[Task.task_wakeup()]>>}
Caught exception: {'message': 'Task was destroyed but it is pending!', 'task': <Task pending name='Task-2' coro=<Poller._poll_forever() running at /Users/dp/Desktop/project/github/opentrons/venv/lib/python3.10/site-packages/opentrons/hardware_control/poller.py:80> wait_for=<Future pending cb=[Task.task_wakeup()]>>}
