/Users/dp/Desktop/project/github/opentrons/venv/lib/python3.10/site-packages/opentrons/hardware_control/simulator_setup.py:205: UserWarning: Simulator configuration does not name a machine, defaulting to OT-2 Standard
  warn(
/Users/dp/.opentrons/robot_settings.json not found. Loading defaults
Deck calibration not found.
/Users/dp/.opentrons/deck_calibration.json not found. Loading defaults
Engaging Magnetic Module
Picking up tip from A1 of Opentrons OT-2 96 Tip Rack 300 µL on 7
Aspirating 150.0 uL from A1 of USA Scientific 12 Well Reservoir 22 mL on 1 at 100.0 uL/sec
Dispensing 150.0 uL into A1 of NEST 96 Well Plate 100 µL PCR Full Skirt on Magnetic Module GEN1 on 4 at 150.0 uL/sec
Returning tip
	Dropping tip into A1 of Opentrons OT-2 96 Tip Rack 300 µL on 7
Picking up tip from A2 of Opentrons OT-2 96 Tip Rack 300 µL on 7
Aspirating 150.0 uL from A1 of USA Scientific 12 Well Reservoir 22 mL on 1 at 100.0 uL/sec
Dispensing 150.0 uL into A2 of NEST 96 Well Plate 100 µL PCR Full Skirt on Magnetic Module GEN1 on 4 at 150.0 uL/sec
Returning tip
	Dropping tip into A2 of Opentrons OT-2 96 Tip Rack 300 µL on 7
Picking up tip from A3 of Opentrons OT-2 96 Tip Rack 300 µL on 7
Aspirating 150.0 uL from A1 of USA Scientific 12 Well Reservoir 22 mL on 1 at 100.0 uL/sec
Dispensing 150.0 uL into A3 of NEST 96 Well Plate 100 µL PCR Full Skirt on Magnetic Module GEN1 on 4 at 150.0 uL/sec
Returning tip
	Dropping tip into A3 of Opentrons OT-2 96 Tip Rack 300 µL on 7
Picking up tip from A4 of Opentrons OT-2 96 Tip Rack 300 µL on 7
Aspirating 150.0 uL from A1 of USA Scientific 12 Well Reservoir 22 mL on 1 at 100.0 uL/sec
Dispensing 150.0 uL into A4 of NEST 96 Well Plate 100 µL PCR Full Skirt on Magnetic Module GEN1 on 4 at 150.0 uL/sec
Returning tip
	Dropping tip into A4 of Opentrons OT-2 96 Tip Rack 300 µL on 7
Picking up tip from A5 of Opentrons OT-2 96 Tip Rack 300 µL on 7
Aspirating 150.0 uL from A1 of USA Scientific 12 Well Reservoir 22 mL on 1 at 100.0 uL/sec
Dispensing 150.0 uL into A5 of NEST 96 Well Plate 100 µL PCR Full Skirt on Magnetic Module GEN1 on 4 at 150.0 uL/sec
Returning tip
	Dropping tip into A5 of Opentrons OT-2 96 Tip Rack 300 µL on 7
Picking up tip from A6 of Opentrons OT-2 96 Tip Rack 300 µL on 7
Aspirating 150.0 uL from A1 of USA Scientific 12 Well Reservoir 22 mL on 1 at 100.0 uL/sec
Dispensing 150.0 uL into A6 of NEST 96 Well Plate 100 µL PCR Full Skirt on Magnetic Module GEN1 on 4 at 150.0 uL/sec
Returning tip
	Dropping tip into A6 of Opentrons OT-2 96 Tip Rack 300 µL on 7
Picking up tip from A7 of Opentrons OT-2 96 Tip Rack 300 µL on 7
Aspirating 150.0 uL from A2 of USA Scientific 12 Well Reservoir 22 mL on 1 at 100.0 uL/sec
Dispensing 150.0 uL into A7 of NEST 96 Well Plate 100 µL PCR Full Skirt on Magnetic Module GEN1 on 4 at 150.0 uL/sec
Returning tip
	Dropping tip into A7 of Opentrons OT-2 96 Tip Rack 300 µL on 7
Picking up tip from A8 of Opentrons OT-2 96 Tip Rack 300 µL on 7
Aspirating 150.0 uL from A2 of USA Scientific 12 Well Reservoir 22 mL on 1 at 100.0 uL/sec
Dispensing 150.0 uL into A8 of NEST 96 Well Plate 100 µL PCR Full Skirt on Magnetic Module GEN1 on 4 at 150.0 uL/sec
Returning tip
	Dropping tip into A8 of Opentrons OT-2 96 Tip Rack 300 µL on 7
Picking up tip from A9 of Opentrons OT-2 96 Tip Rack 300 µL on 7
Aspirating 150.0 uL from A2 of USA Scientific 12 Well Reservoir 22 mL on 1 at 100.0 uL/sec
Dispensing 150.0 uL into A9 of NEST 96 Well Plate 100 µL PCR Full Skirt on Magnetic Module GEN1 on 4 at 150.0 uL/sec
Returning tip
	Dropping tip into A9 of Opentrons OT-2 96 Tip Rack 300 µL on 7
Picking up tip from A10 of Opentrons OT-2 96 Tip Rack 300 µL on 7
Aspirating 150.0 uL from A2 of USA Scientific 12 Well Reservoir 22 mL on 1 at 100.0 uL/sec
Dispensing 150.0 uL into A10 of NEST 96 Well Plate 100 µL PCR Full Skirt on Magnetic Module GEN1 on 4 at 150.0 uL/sec
Returning tip
	Dropping tip into A10 of Opentrons OT-2 96 Tip Rack 300 µL on 7
Picking up tip from A11 of Opentrons OT-2 96 Tip Rack 300 µL on 7
Aspirating 150.0 uL from A2 of USA Scientific 12 Well Reservoir 22 mL on 1 at 100.0 uL/sec
Dispensing 150.0 uL into A11 of NEST 96 Well Plate 100 µL PCR Full Skirt on Magnetic Module GEN1 on 4 at 150.0 uL/sec
Returning tip
	Dropping tip into A11 of Opentrons OT-2 96 Tip Rack 300 µL on 7
Picking up tip from A12 of Opentrons OT-2 96 Tip Rack 300 µL on 7
Aspirating 150.0 uL from A2 of USA Scientific 12 Well Reservoir 22 mL on 1 at 100.0 uL/sec
Dispensing 150.0 uL into A12 of NEST 96 Well Plate 100 µL PCR Full Skirt on Magnetic Module GEN1 on 4 at 150.0 uL/sec
Returning tip
	Dropping tip into A12 of Opentrons OT-2 96 Tip Rack 300 µL on 7
Incubating for 30 seconds
Delaying for 0 minutes and 30.0 seconds
Picking up tip from A1 of Opentrons OT-2 96 Tip Rack 300 µL on 7
Aspirating 150.0 uL from A1 of NEST 96 Well Plate 100 µL PCR Full Skirt on Magnetic Module GEN1 on 4 at 50.0 uL/sec
Dispensing 150.0 uL into A10 of USA Scientific 12 Well Reservoir 22 mL on 1 at 150.0 uL/sec
Dropping tip into A1 of Opentrons Fixed Trash on 12
Picking up tip from A2 of Opentrons OT-2 96 Tip Rack 300 µL on 7
Aspirating 150.0 uL from A2 of NEST 96 Well Plate 100 µL PCR Full Skirt on Magnetic Module GEN1 on 4 at 50.0 uL/sec
Dispensing 150.0 uL into A10 of USA Scientific 12 Well Reservoir 22 mL on 1 at 150.0 uL/sec
Dropping tip into A1 of Opentrons Fixed Trash on 12
Picking up tip from A3 of Opentrons OT-2 96 Tip Rack 300 µL on 7
Aspirating 150.0 uL from A3 of NEST 96 Well Plate 100 µL PCR Full Skirt on Magnetic Module GEN1 on 4 at 50.0 uL/sec
Dispensing 150.0 uL into A10 of USA Scientific 12 Well Reservoir 22 mL on 1 at 150.0 uL/sec
Dropping tip into A1 of Opentrons Fixed Trash on 12
Picking up tip from A4 of Opentrons OT-2 96 Tip Rack 300 µL on 7
Aspirating 150.0 uL from A4 of NEST 96 Well Plate 100 µL PCR Full Skirt on Magnetic Module GEN1 on 4 at 50.0 uL/sec
Dispensing 150.0 uL into A10 of USA Scientific 12 Well Reservoir 22 mL on 1 at 150.0 uL/sec
Dropping tip into A1 of Opentrons Fixed Trash on 12
Picking up tip from A5 of Opentrons OT-2 96 Tip Rack 300 µL on 7
Aspirating 150.0 uL from A5 of NEST 96 Well Plate 100 µL PCR Full Skirt on Magnetic Module GEN1 on 4 at 50.0 uL/sec
Dispensing 150.0 uL into A10 of USA Scientific 12 Well Reservoir 22 mL on 1 at 150.0 uL/sec
Dropping tip into A1 of Opentrons Fixed Trash on 12
Picking up tip from A6 of Opentrons OT-2 96 Tip Rack 300 µL on 7
Aspirating 150.0 uL from A6 of NEST 96 Well Plate 100 µL PCR Full Skirt on Magnetic Module GEN1 on 4 at 50.0 uL/sec
Dispensing 150.0 uL into A10 of USA Scientific 12 Well Reservoir 22 mL on 1 at 150.0 uL/sec
Dropping tip into A1 of Opentrons Fixed Trash on 12
Picking up tip from A7 of Opentrons OT-2 96 Tip Rack 300 µL on 7
Aspirating 150.0 uL from A7 of NEST 96 Well Plate 100 µL PCR Full Skirt on Magnetic Module GEN1 on 4 at 50.0 uL/sec
Dispensing 150.0 uL into A10 of USA Scientific 12 Well Reservoir 22 mL on 1 at 150.0 uL/sec
Dropping tip into A1 of Opentrons Fixed Trash on 12
Picking up tip from A8 of Opentrons OT-2 96 Tip Rack 300 µL on 7
Aspirating 150.0 uL from A8 of NEST 96 Well Plate 100 µL PCR Full Skirt on Magnetic Module GEN1 on 4 at 50.0 uL/sec
Dispensing 150.0 uL into A10 of USA Scientific 12 Well Reservoir 22 mL on 1 at 150.0 uL/sec
Dropping tip into A1 of Opentrons Fixed Trash on 12
Picking up tip from A9 of Opentrons OT-2 96 Tip Rack 300 µL on 7
Aspirating 150.0 uL from A9 of NEST 96 Well Plate 100 µL PCR Full Skirt on Magnetic Module GEN1 on 4 at 50.0 uL/sec
Dispensing 150.0 uL into A10 of USA Scientific 12 Well Reservoir 22 mL on 1 at 150.0 uL/sec
Dropping tip into A1 of Opentrons Fixed Trash on 12
Picking up tip from A10 of Opentrons OT-2 96 Tip Rack 300 µL on 7
Aspirating 150.0 uL from A10 of NEST 96 Well Plate 100 µL PCR Full Skirt on Magnetic Module GEN1 on 4 at 50.0 uL/sec
Dispensing 150.0 uL into A10 of USA Scientific 12 Well Reservoir 22 mL on 1 at 150.0 uL/sec
Dropping tip into A1 of Opentrons Fixed Trash on 12
Picking up tip from A11 of Opentrons OT-2 96 Tip Rack 300 µL on 7
Aspirating 150.0 uL from A11 of NEST 96 Well Plate 100 µL PCR Full Skirt on Magnetic Module GEN1 on 4 at 50.0 uL/sec
Dispensing 150.0 uL into A10 of USA Scientific 12 Well Reservoir 22 mL on 1 at 150.0 uL/sec
Dropping tip into A1 of Opentrons Fixed Trash on 12
Picking up tip from A12 of Opentrons OT-2 96 Tip Rack 300 µL on 7
Aspirating 150.0 uL from A12 of NEST 96 Well Plate 100 µL PCR Full Skirt on Magnetic Module GEN1 on 4 at 50.0 uL/sec
Dispensing 150.0 uL into A10 of USA Scientific 12 Well Reservoir 22 mL on 1 at 150.0 uL/sec
Dropping tip into A1 of Opentrons Fixed Trash on 12
Picking up tip from A1 of Opentrons OT-2 96 Tip Rack 300 µL on 10
Aspirating 150.0 uL from A3 of USA Scientific 12 Well Reservoir 22 mL on 1 at 100.0 uL/sec
Dispensing 150.0 uL into A1 of NEST 96 Well Plate 100 µL PCR Full Skirt on Magnetic Module GEN1 on 4 at 150.0 uL/sec
Returning tip
	Dropping tip into A1 of Opentrons OT-2 96 Tip Rack 300 µL on 10
Picking up tip from A2 of Opentrons OT-2 96 Tip Rack 300 µL on 10
Aspirating 150.0 uL from A3 of USA Scientific 12 Well Reservoir 22 mL on 1 at 100.0 uL/sec
Dispensing 150.0 uL into A2 of NEST 96 Well Plate 100 µL PCR Full Skirt on Magnetic Module GEN1 on 4 at 150.0 uL/sec
Returning tip
	Dropping tip into A2 of Opentrons OT-2 96 Tip Rack 300 µL on 10
Picking up tip from A3 of Opentrons OT-2 96 Tip Rack 300 µL on 10
Aspirating 150.0 uL from A3 of USA Scientific 12 Well Reservoir 22 mL on 1 at 100.0 uL/sec
Dispensing 150.0 uL into A3 of NEST 96 Well Plate 100 µL PCR Full Skirt on Magnetic Module GEN1 on 4 at 150.0 uL/sec
Returning tip
	Dropping tip into A3 of Opentrons OT-2 96 Tip Rack 300 µL on 10
Picking up tip from A4 of Opentrons OT-2 96 Tip Rack 300 µL on 10
Aspirating 150.0 uL from A3 of USA Scientific 12 Well Reservoir 22 mL on 1 at 100.0 uL/sec
Dispensing 150.0 uL into A4 of NEST 96 Well Plate 100 µL PCR Full Skirt on Magnetic Module GEN1 on 4 at 150.0 uL/sec
Returning tip
	Dropping tip into A4 of Opentrons OT-2 96 Tip Rack 300 µL on 10
Picking up tip from A5 of Opentrons OT-2 96 Tip Rack 300 µL on 10
Aspirating 150.0 uL from A3 of USA Scientific 12 Well Reservoir 22 mL on 1 at 100.0 uL/sec
Dispensing 150.0 uL into A5 of NEST 96 Well Plate 100 µL PCR Full Skirt on Magnetic Module GEN1 on 4 at 150.0 uL/sec
Returning tip
	Dropping tip into A5 of Opentrons OT-2 96 Tip Rack 300 µL on 10
Picking up tip from A6 of Opentrons OT-2 96 Tip Rack 300 µL on 10
Aspirating 150.0 uL from A3 of USA Scientific 12 Well Reservoir 22 mL on 1 at 100.0 uL/sec
Dispensing 150.0 uL into A6 of NEST 96 Well Plate 100 µL PCR Full Skirt on Magnetic Module GEN1 on 4 at 150.0 uL/sec
Returning tip
	Dropping tip into A6 of Opentrons OT-2 96 Tip Rack 300 µL on 10
Picking up tip from A7 of Opentrons OT-2 96 Tip Rack 300 µL on 10
Aspirating 150.0 uL from A4 of USA Scientific 12 Well Reservoir 22 mL on 1 at 100.0 uL/sec
Dispensing 150.0 uL into A7 of NEST 96 Well Plate 100 µL PCR Full Skirt on Magnetic Module GEN1 on 4 at 150.0 uL/sec
Returning tip
	Dropping tip into A7 of Opentrons OT-2 96 Tip Rack 300 µL on 10
Picking up tip from A8 of Opentrons OT-2 96 Tip Rack 300 µL on 10
Aspirating 150.0 uL from A4 of USA Scientific 12 Well Reservoir 22 mL on 1 at 100.0 uL/sec
Dispensing 150.0 uL into A8 of NEST 96 Well Plate 100 µL PCR Full Skirt on Magnetic Module GEN1 on 4 at 150.0 uL/sec
Returning tip
	Dropping tip into A8 of Opentrons OT-2 96 Tip Rack 300 µL on 10
Picking up tip from A9 of Opentrons OT-2 96 Tip Rack 300 µL on 10
Aspirating 150.0 uL from A4 of USA Scientific 12 Well Reservoir 22 mL on 1 at 100.0 uL/sec
Dispensing 150.0 uL into A9 of NEST 96 Well Plate 100 µL PCR Full Skirt on Magnetic Module GEN1 on 4 at 150.0 uL/sec
Returning tip
	Dropping tip into A9 of Opentrons OT-2 96 Tip Rack 300 µL on 10
Picking up tip from A10 of Opentrons OT-2 96 Tip Rack 300 µL on 10
Aspirating 150.0 uL from A4 of USA Scientific 12 Well Reservoir 22 mL on 1 at 100.0 uL/sec
Dispensing 150.0 uL into A10 of NEST 96 Well Plate 100 µL PCR Full Skirt on Magnetic Module GEN1 on 4 at 150.0 uL/sec
Returning tip
	Dropping tip into A10 of Opentrons OT-2 96 Tip Rack 300 µL on 10
Picking up tip from A11 of Opentrons OT-2 96 Tip Rack 300 µL on 10
Aspirating 150.0 uL from A4 of USA Scientific 12 Well Reservoir 22 mL on 1 at 100.0 uL/sec
Dispensing 150.0 uL into A11 of NEST 96 Well Plate 100 µL PCR Full Skirt on Magnetic Module GEN1 on 4 at 150.0 uL/sec
Returning tip
	Dropping tip into A11 of Opentrons OT-2 96 Tip Rack 300 µL on 10
Picking up tip from A12 of Opentrons OT-2 96 Tip Rack 300 µL on 10
Aspirating 150.0 uL from A4 of USA Scientific 12 Well Reservoir 22 mL on 1 at 100.0 uL/sec
Dispensing 150.0 uL into A12 of NEST 96 Well Plate 100 µL PCR Full Skirt on Magnetic Module GEN1 on 4 at 150.0 uL/sec
Returning tip
	Dropping tip into A12 of Opentrons OT-2 96 Tip Rack 300 µL on 10
Incubating for 30 seconds
Delaying for 0 minutes and 30.0 seconds
Picking up tip from A1 of Opentrons OT-2 96 Tip Rack 300 µL on 10
Aspirating 150.0 uL from A1 of NEST 96 Well Plate 100 µL PCR Full Skirt on Magnetic Module GEN1 on 4 at 50.0 uL/sec
Dispensing 150.0 uL into A11 of USA Scientific 12 Well Reservoir 22 mL on 1 at 150.0 uL/sec
Dropping tip into A1 of Opentrons Fixed Trash on 12
Picking up tip from A2 of Opentrons OT-2 96 Tip Rack 300 µL on 10
Aspirating 150.0 uL from A2 of NEST 96 Well Plate 100 µL PCR Full Skirt on Magnetic Module GEN1 on 4 at 50.0 uL/sec
Dispensing 150.0 uL into A11 of USA Scientific 12 Well Reservoir 22 mL on 1 at 150.0 uL/sec
Dropping tip into A1 of Opentrons Fixed Trash on 12
Picking up tip from A3 of Opentrons OT-2 96 Tip Rack 300 µL on 10
Aspirating 150.0 uL from A3 of NEST 96 Well Plate 100 µL PCR Full Skirt on Magnetic Module GEN1 on 4 at 50.0 uL/sec
Dispensing 150.0 uL into A11 of USA Scientific 12 Well Reservoir 22 mL on 1 at 150.0 uL/sec
Dropping tip into A1 of Opentrons Fixed Trash on 12
Picking up tip from A4 of Opentrons OT-2 96 Tip Rack 300 µL on 10
Aspirating 150.0 uL from A4 of NEST 96 Well Plate 100 µL PCR Full Skirt on Magnetic Module GEN1 on 4 at 50.0 uL/sec
Dispensing 150.0 uL into A11 of USA Scientific 12 Well Reservoir 22 mL on 1 at 150.0 uL/sec
Dropping tip into A1 of Opentrons Fixed Trash on 12
Picking up tip from A5 of Opentrons OT-2 96 Tip Rack 300 µL on 10
Aspirating 150.0 uL from A5 of NEST 96 Well Plate 100 µL PCR Full Skirt on Magnetic Module GEN1 on 4 at 50.0 uL/sec
Dispensing 150.0 uL into A11 of USA Scientific 12 Well Reservoir 22 mL on 1 at 150.0 uL/sec
Dropping tip into A1 of Opentrons Fixed Trash on 12
Picking up tip from A6 of Opentrons OT-2 96 Tip Rack 300 µL on 10
Aspirating 150.0 uL from A6 of NEST 96 Well Plate 100 µL PCR Full Skirt on Magnetic Module GEN1 on 4 at 50.0 uL/sec
Dispensing 150.0 uL into A11 of USA Scientific 12 Well Reservoir 22 mL on 1 at 150.0 uL/sec
Dropping tip into A1 of Opentrons Fixed Trash on 12
Picking up tip from A7 of Opentrons OT-2 96 Tip Rack 300 µL on 10
Aspirating 150.0 uL from A7 of NEST 96 Well Plate 100 µL PCR Full Skirt on Magnetic Module GEN1 on 4 at 50.0 uL/sec
Dispensing 150.0 uL into A11 of USA Scientific 12 Well Reservoir 22 mL on 1 at 150.0 uL/sec
Dropping tip into A1 of Opentrons Fixed Trash on 12
Picking up tip from A8 of Opentrons OT-2 96 Tip Rack 300 µL on 10
Aspirating 150.0 uL from A8 of NEST 96 Well Plate 100 µL PCR Full Skirt on Magnetic Module GEN1 on 4 at 50.0 uL/sec
Dispensing 150.0 uL into A11 of USA Scientific 12 Well Reservoir 22 mL on 1 at 150.0 uL/sec
Dropping tip into A1 of Opentrons Fixed Trash on 12
Picking up tip from A9 of Opentrons OT-2 96 Tip Rack 300 µL on 10
Aspirating 150.0 uL from A9 of NEST 96 Well Plate 100 µL PCR Full Skirt on Magnetic Module GEN1 on 4 at 50.0 uL/sec
Dispensing 150.0 uL into A11 of USA Scientific 12 Well Reservoir 22 mL on 1 at 150.0 uL/sec
Dropping tip into A1 of Opentrons Fixed Trash on 12
Picking up tip from A10 of Opentrons OT-2 96 Tip Rack 300 µL on 10
Aspirating 150.0 uL from A10 of NEST 96 Well Plate 100 µL PCR Full Skirt on Magnetic Module GEN1 on 4 at 50.0 uL/sec
Dispensing 150.0 uL into A11 of USA Scientific 12 Well Reservoir 22 mL on 1 at 150.0 uL/sec
Dropping tip into A1 of Opentrons Fixed Trash on 12
Picking up tip from A11 of Opentrons OT-2 96 Tip Rack 300 µL on 10
Aspirating 150.0 uL from A11 of NEST 96 Well Plate 100 µL PCR Full Skirt on Magnetic Module GEN1 on 4 at 50.0 uL/sec
Dispensing 150.0 uL into A11 of USA Scientific 12 Well Reservoir 22 mL on 1 at 150.0 uL/sec
Dropping tip into A1 of Opentrons Fixed Trash on 12
Picking up tip from A12 of Opentrons OT-2 96 Tip Rack 300 µL on 10
Aspirating 150.0 uL from A12 of NEST 96 Well Plate 100 µL PCR Full Skirt on Magnetic Module GEN1 on 4 at 50.0 uL/sec
Dispensing 150.0 uL into A11 of USA Scientific 12 Well Reservoir 22 mL on 1 at 150.0 uL/sec
Dropping tip into A1 of Opentrons Fixed Trash on 12
Picking up tip from A1 of Opentrons OT-2 96 Tip Rack 20 µL on 3
Aspirating 15.0 uL from A1 of NEST 96 Well Plate 100 µL PCR Full Skirt on Magnetic Module GEN1 on 4 at 7.6 uL/sec
Dispensing 15.0 uL into A12 of USA Scientific 12 Well Reservoir 22 mL on 1 at 50.0 uL/sec
Dropping tip into A1 of Opentrons Fixed Trash on 12
Picking up tip from A2 of Opentrons OT-2 96 Tip Rack 20 µL on 3
Aspirating 15.0 uL from A2 of NEST 96 Well Plate 100 µL PCR Full Skirt on Magnetic Module GEN1 on 4 at 7.6 uL/sec
Dispensing 15.0 uL into A12 of USA Scientific 12 Well Reservoir 22 mL on 1 at 50.0 uL/sec
Dropping tip into A1 of Opentrons Fixed Trash on 12
Picking up tip from A3 of Opentrons OT-2 96 Tip Rack 20 µL on 3
Aspirating 15.0 uL from A3 of NEST 96 Well Plate 100 µL PCR Full Skirt on Magnetic Module GEN1 on 4 at 7.6 uL/sec
Dispensing 15.0 uL into A12 of USA Scientific 12 Well Reservoir 22 mL on 1 at 50.0 uL/sec
Dropping tip into A1 of Opentrons Fixed Trash on 12
Picking up tip from A4 of Opentrons OT-2 96 Tip Rack 20 µL on 3
Aspirating 15.0 uL from A4 of NEST 96 Well Plate 100 µL PCR Full Skirt on Magnetic Module GEN1 on 4 at 7.6 uL/sec
Dispensing 15.0 uL into A12 of USA Scientific 12 Well Reservoir 22 mL on 1 at 50.0 uL/sec
Dropping tip into A1 of Opentrons Fixed Trash on 12
Picking up tip from A5 of Opentrons OT-2 96 Tip Rack 20 µL on 3
Aspirating 15.0 uL from A5 of NEST 96 Well Plate 100 µL PCR Full Skirt on Magnetic Module GEN1 on 4 at 7.6 uL/sec
Dispensing 15.0 uL into A12 of USA Scientific 12 Well Reservoir 22 mL on 1 at 50.0 uL/sec
Dropping tip into A1 of Opentrons Fixed Trash on 12
Picking up tip from A6 of Opentrons OT-2 96 Tip Rack 20 µL on 3
Aspirating 15.0 uL from A6 of NEST 96 Well Plate 100 µL PCR Full Skirt on Magnetic Module GEN1 on 4 at 7.6 uL/sec
Dispensing 15.0 uL into A12 of USA Scientific 12 Well Reservoir 22 mL on 1 at 50.0 uL/sec
Dropping tip into A1 of Opentrons Fixed Trash on 12
Picking up tip from A7 of Opentrons OT-2 96 Tip Rack 20 µL on 3
Aspirating 15.0 uL from A7 of NEST 96 Well Plate 100 µL PCR Full Skirt on Magnetic Module GEN1 on 4 at 7.6 uL/sec
Dispensing 15.0 uL into A12 of USA Scientific 12 Well Reservoir 22 mL on 1 at 50.0 uL/sec
Dropping tip into A1 of Opentrons Fixed Trash on 12
Picking up tip from A8 of Opentrons OT-2 96 Tip Rack 20 µL on 3
Aspirating 15.0 uL from A8 of NEST 96 Well Plate 100 µL PCR Full Skirt on Magnetic Module GEN1 on 4 at 7.6 uL/sec
Dispensing 15.0 uL into A12 of USA Scientific 12 Well Reservoir 22 mL on 1 at 50.0 uL/sec
Dropping tip into A1 of Opentrons Fixed Trash on 12
Picking up tip from A9 of Opentrons OT-2 96 Tip Rack 20 µL on 3
Aspirating 15.0 uL from A9 of NEST 96 Well Plate 100 µL PCR Full Skirt on Magnetic Module GEN1 on 4 at 7.6 uL/sec
Dispensing 15.0 uL into A12 of USA Scientific 12 Well Reservoir 22 mL on 1 at 50.0 uL/sec
Dropping tip into A1 of Opentrons Fixed Trash on 12
Picking up tip from A10 of Opentrons OT-2 96 Tip Rack 20 µL on 3
Aspirating 15.0 uL from A10 of NEST 96 Well Plate 100 µL PCR Full Skirt on Magnetic Module GEN1 on 4 at 7.6 uL/sec
Dispensing 15.0 uL into A12 of USA Scientific 12 Well Reservoir 22 mL on 1 at 50.0 uL/sec
Dropping tip into A1 of Opentrons Fixed Trash on 12
Picking up tip from A11 of Opentrons OT-2 96 Tip Rack 20 µL on 3
Aspirating 15.0 uL from A11 of NEST 96 Well Plate 100 µL PCR Full Skirt on Magnetic Module GEN1 on 4 at 7.6 uL/sec
Dispensing 15.0 uL into A12 of USA Scientific 12 Well Reservoir 22 mL on 1 at 50.0 uL/sec
Dropping tip into A1 of Opentrons Fixed Trash on 12
Picking up tip from A12 of Opentrons OT-2 96 Tip Rack 20 µL on 3
Aspirating 15.0 uL from A12 of NEST 96 Well Plate 100 µL PCR Full Skirt on Magnetic Module GEN1 on 4 at 7.6 uL/sec
Dispensing 15.0 uL into A12 of USA Scientific 12 Well Reservoir 22 mL on 1 at 50.0 uL/sec
Dropping tip into A1 of Opentrons Fixed Trash on 12
Caught exception: {'message': 'Task was destroyed but it is pending!', 'task': <Task pending name='Task-4' coro=<Poller._poll_forever() running at /Users/dp/Desktop/project/github/opentrons/venv/lib/python3.10/site-packages/opentrons/hardware_control/poller.py:80> wait_for=<Future pending cb=[Task.task_wakeup()]>>}
Caught exception: {'message': 'Task was destroyed but it is pending!', 'task': <Task pending name='Task-3' coro=<Poller._poll_forever() running at /Users/dp/Desktop/project/github/opentrons/venv/lib/python3.10/site-packages/opentrons/hardware_control/poller.py:80> wait_for=<Future pending cb=[Task.task_wakeup()]>>}
Caught exception: {'message': 'Task was destroyed but it is pending!', 'task': <Task pending name='Task-2' coro=<Poller._poll_forever() running at /Users/dp/Desktop/project/github/opentrons/venv/lib/python3.10/site-packages/opentrons/hardware_control/poller.py:80> wait_for=<Future pending cb=[Task.task_wakeup()]>>}
