/Users/dp/Desktop/project/github/opentrons/venv/lib/python3.10/site-packages/opentrons/hardware_control/simulator_setup.py:205: UserWarning: Simulator configuration does not name a machine, defaulting to OT-2 Standard
  warn(
/Users/dp/.opentrons/robot_settings.json not found. Loading defaults
Deck calibration not found.
/Users/dp/.opentrons/deck_calibration.json not found. Loading defaults
Picking up tip from A1 of Opentrons OT-2 96 Tip Rack 20 µL on 6
Transferring 42.5 from A1 of NEST 12 Well Reservoir 15 mL on 5 to A1 of Corning 96 Well Plate 360 µL Flat on 4
	Aspirating 20.0 uL from A1 of NEST 12 Well Reservoir 15 mL on 5 at 7.56 uL/sec
	Dispensing 20.0 uL into A1 of Corning 96 Well Plate 360 µL Flat on 4 at 7.56 uL/sec
	Aspirating 11.25 uL from A1 of NEST 12 Well Reservoir 15 mL on 5 at 7.56 uL/sec
	Dispensing 11.25 uL into A1 of Corning 96 Well Plate 360 µL Flat on 4 at 7.56 uL/sec
	Aspirating 11.25 uL from A1 of NEST 12 Well Reservoir 15 mL on 5 at 7.56 uL/sec
	Dispensing 11.25 uL into A1 of Corning 96 Well Plate 360 µL Flat on 4 at 7.56 uL/sec
Transferring 42.5 from A1 of NEST 12 Well Reservoir 15 mL on 5 to B1 of Corning 96 Well Plate 360 µL Flat on 4
	Aspirating 20.0 uL from A1 of NEST 12 Well Reservoir 15 mL on 5 at 7.56 uL/sec
	Dispensing 20.0 uL into B1 of Corning 96 Well Plate 360 µL Flat on 4 at 7.56 uL/sec
	Aspirating 11.25 uL from A1 of NEST 12 Well Reservoir 15 mL on 5 at 7.56 uL/sec
	Dispensing 11.25 uL into B1 of Corning 96 Well Plate 360 µL Flat on 4 at 7.56 uL/sec
	Aspirating 11.25 uL from A1 of NEST 12 Well Reservoir 15 mL on 5 at 7.56 uL/sec
	Dispensing 11.25 uL into B1 of Corning 96 Well Plate 360 µL Flat on 4 at 7.56 uL/sec
Dropping tip into A1 of Opentrons Fixed Trash on 12




Picking up tip from B1 of Opentrons OT-2 96 Tip Rack 20 µL on 6
Transferring 7.5 from A8 of Corning 96 Well Plate 360 µL Flat on 1 to A1 of Corning 96 Well Plate 360 µL Flat on 4
	Mixing 5 times with a volume of 20.0 ul
		Aspirating 20.0 uL from A8 of Corning 96 Well Plate 360 µL Flat on 1 at 7.56 uL/sec
		Dispensing 20.0 uL into A8 of Corning 96 Well Plate 360 µL Flat on 1 at 7.56 uL/sec
		Aspirating 20.0 uL from A8 of Corning 96 Well Plate 360 µL Flat on 1 at 7.56 uL/sec
		Dispensing 20.0 uL into A8 of Corning 96 Well Plate 360 µL Flat on 1 at 7.56 uL/sec
		Aspirating 20.0 uL from A8 of Corning 96 Well Plate 360 µL Flat on 1 at 7.56 uL/sec
		Dispensing 20.0 uL into A8 of Corning 96 Well Plate 360 µL Flat on 1 at 7.56 uL/sec
		Aspirating 20.0 uL from A8 of Corning 96 Well Plate 360 µL Flat on 1 at 7.56 uL/sec
		Dispensing 20.0 uL into A8 of Corning 96 Well Plate 360 µL Flat on 1 at 7.56 uL/sec
		Aspirating 20.0 uL from A8 of Corning 96 Well Plate 360 µL Flat on 1 at 7.56 uL/sec
		Dispensing 20.0 uL into A8 of Corning 96 Well Plate 360 µL Flat on 1 at 7.56 uL/sec
	Aspirating 7.5 uL from A8 of Corning 96 Well Plate 360 µL Flat on 1 at 7.56 uL/sec
	Dispensing 7.5 uL into A1 of Corning 96 Well Plate 360 µL Flat on 4 at 7.56 uL/sec
	Mixing 5 times with a volume of 20.0 ul
		Aspirating 20.0 uL from A1 of Corning 96 Well Plate 360 µL Flat on 4 at 7.56 uL/sec
		Dispensing 20.0 uL into A1 of Corning 96 Well Plate 360 µL Flat on 4 at 7.56 uL/sec
		Aspirating 20.0 uL from A1 of Corning 96 Well Plate 360 µL Flat on 4 at 7.56 uL/sec
		Dispensing 20.0 uL into A1 of Corning 96 Well Plate 360 µL Flat on 4 at 7.56 uL/sec
		Aspirating 20.0 uL from A1 of Corning 96 Well Plate 360 µL Flat on 4 at 7.56 uL/sec
		Dispensing 20.0 uL into A1 of Corning 96 Well Plate 360 µL Flat on 4 at 7.56 uL/sec
		Aspirating 20.0 uL from A1 of Corning 96 Well Plate 360 µL Flat on 4 at 7.56 uL/sec
		Dispensing 20.0 uL into A1 of Corning 96 Well Plate 360 µL Flat on 4 at 7.56 uL/sec
		Aspirating 20.0 uL from A1 of Corning 96 Well Plate 360 µL Flat on 4 at 7.56 uL/sec
		Dispensing 20.0 uL into A1 of Corning 96 Well Plate 360 µL Flat on 4 at 7.56 uL/sec
Aspirating 5.0 uL from A1 of Corning 96 Well Plate 360 µL Flat on 4 at 7.56 uL/sec
Dispensing 5.0 uL into H12 of Corning 96 Well Plate 360 µL Flat on 4 at 7.56 uL/sec
Dropping tip into A1 of Opentrons Fixed Trash on 12


Picking up tip from C1 of Opentrons OT-2 96 Tip Rack 20 µL on 6
Transferring 7.5 from B8 of Corning 96 Well Plate 360 µL Flat on 2 to B1 of Corning 96 Well Plate 360 µL Flat on 4
	Mixing 5 times with a volume of 20.0 ul
		Aspirating 20.0 uL from B8 of Corning 96 Well Plate 360 µL Flat on 2 at 7.56 uL/sec
		Dispensing 20.0 uL into B8 of Corning 96 Well Plate 360 µL Flat on 2 at 7.56 uL/sec
		Aspirating 20.0 uL from B8 of Corning 96 Well Plate 360 µL Flat on 2 at 7.56 uL/sec
		Dispensing 20.0 uL into B8 of Corning 96 Well Plate 360 µL Flat on 2 at 7.56 uL/sec
		Aspirating 20.0 uL from B8 of Corning 96 Well Plate 360 µL Flat on 2 at 7.56 uL/sec
		Dispensing 20.0 uL into B8 of Corning 96 Well Plate 360 µL Flat on 2 at 7.56 uL/sec
		Aspirating 20.0 uL from B8 of Corning 96 Well Plate 360 µL Flat on 2 at 7.56 uL/sec
		Dispensing 20.0 uL into B8 of Corning 96 Well Plate 360 µL Flat on 2 at 7.56 uL/sec
		Aspirating 20.0 uL from B8 of Corning 96 Well Plate 360 µL Flat on 2 at 7.56 uL/sec
		Dispensing 20.0 uL into B8 of Corning 96 Well Plate 360 µL Flat on 2 at 7.56 uL/sec
	Aspirating 7.5 uL from B8 of Corning 96 Well Plate 360 µL Flat on 2 at 7.56 uL/sec
	Dispensing 7.5 uL into B1 of Corning 96 Well Plate 360 µL Flat on 4 at 7.56 uL/sec
	Mixing 5 times with a volume of 20.0 ul
		Aspirating 20.0 uL from B1 of Corning 96 Well Plate 360 µL Flat on 4 at 7.56 uL/sec
		Dispensing 20.0 uL into B1 of Corning 96 Well Plate 360 µL Flat on 4 at 7.56 uL/sec
		Aspirating 20.0 uL from B1 of Corning 96 Well Plate 360 µL Flat on 4 at 7.56 uL/sec
		Dispensing 20.0 uL into B1 of Corning 96 Well Plate 360 µL Flat on 4 at 7.56 uL/sec
		Aspirating 20.0 uL from B1 of Corning 96 Well Plate 360 µL Flat on 4 at 7.56 uL/sec
		Dispensing 20.0 uL into B1 of Corning 96 Well Plate 360 µL Flat on 4 at 7.56 uL/sec
		Aspirating 20.0 uL from B1 of Corning 96 Well Plate 360 µL Flat on 4 at 7.56 uL/sec
		Dispensing 20.0 uL into B1 of Corning 96 Well Plate 360 µL Flat on 4 at 7.56 uL/sec
		Aspirating 20.0 uL from B1 of Corning 96 Well Plate 360 µL Flat on 4 at 7.56 uL/sec
		Dispensing 20.0 uL into B1 of Corning 96 Well Plate 360 µL Flat on 4 at 7.56 uL/sec
Aspirating 5.0 uL from B1 of Corning 96 Well Plate 360 µL Flat on 4 at 7.56 uL/sec
Dispensing 5.0 uL into H12 of Corning 96 Well Plate 360 µL Flat on 4 at 7.56 uL/sec
Dropping tip into A1 of Opentrons Fixed Trash on 12


Caught exception: {'message': 'Task was destroyed but it is pending!', 'task': <Task pending name='Task-3' coro=<Poller._poll_forever() running at /Users/dp/Desktop/project/github/opentrons/venv/lib/python3.10/site-packages/opentrons/hardware_control/poller.py:80> wait_for=<Future pending cb=[Task.task_wakeup()]>>}
Caught exception: {'message': 'Task was destroyed but it is pending!', 'task': <Task pending name='Task-2' coro=<Poller._poll_forever() running at /Users/dp/Desktop/project/github/opentrons/venv/lib/python3.10/site-packages/opentrons/hardware_control/poller.py:80> wait_for=<Future pending cb=[Task.task_wakeup()]>>}
Caught exception: {'message': 'Task was destroyed but it is pending!', 'task': <Task pending name='Task-4' coro=<Poller._poll_forever() running at /Users/dp/Desktop/project/github/opentrons/venv/lib/python3.10/site-packages/opentrons/hardware_control/poller.py:80> wait_for=<Future pending cb=[Task.task_wakeup()]>>}
