/Users/dp/Desktop/project/github/opentrons/venv/lib/python3.10/site-packages/opentrons/hardware_control/simulator_setup.py:205: UserWarning: Simulator configuration does not name a machine, defaulting to OT-2 Standard
  warn(
/Users/dp/.opentrons/robot_settings.json not found. Loading defaults
Deck calibration not found.
/Users/dp/.opentrons/deck_calibration.json not found. Loading defaults
Setting Temperature Module temperature to 4.0 °C (rounded off to nearest integer)
Delaying for 0 minutes and 10.0 seconds
Pausing robot operation: Please load reaction mix (first), water (second), then
                     plate map number 1 samples (third and beyond) in
                     column-wise order like A1-D1, A2-D2 etc. into pre-chilled
                     4 degree temperature block. If samples exceed block
                     capacity, the OT-2 will automatically pause for
                     re-loading at the right time. Please make sure the tip
                     boxes are full to start when loading a new plate.
                     
Picking up tip from A1 of Opentrons OT-2 96 Filter Tip Rack 20 µL on 10
Aspirating 3.5 uL from A1 of 4 Degree Tube Block on Temperature Module GEN1 on 3 at 3.78 uL/sec
Delaying for 0 minutes and 2.0 seconds
Aspirating 16.5 uL from A1 of 4 Degree Tube Block on Temperature Module GEN1 on 3 at 3.78 uL/sec
Delaying for 0 minutes and 2.0 seconds
Moving to A1 of 4 Degree Tube Block on Temperature Module GEN1 on 3
Dispensing 16.5 uL into A1 of ddPCR Plate on 5 at 3.78 uL/sec
Moving to A1 of ddPCR Plate on 5
Delaying for 0 minutes and 2.0 seconds
Aspirating 16.5 uL from A1 of 4 Degree Tube Block on Temperature Module GEN1 on 3 at 3.78 uL/sec
Delaying for 0 minutes and 2.0 seconds
Moving to A1 of 4 Degree Tube Block on Temperature Module GEN1 on 3
Dispensing 16.5 uL into B1 of ddPCR Plate on 5 at 3.78 uL/sec
Moving to B1 of ddPCR Plate on 5
Delaying for 0 minutes and 2.0 seconds
Aspirating 16.5 uL from A1 of 4 Degree Tube Block on Temperature Module GEN1 on 3 at 3.78 uL/sec
Delaying for 0 minutes and 2.0 seconds
Moving to A1 of 4 Degree Tube Block on Temperature Module GEN1 on 3
Dispensing 16.5 uL into C1 of ddPCR Plate on 5 at 3.78 uL/sec
Moving to C1 of ddPCR Plate on 5
Delaying for 0 minutes and 2.0 seconds
Aspirating 16.5 uL from A1 of 4 Degree Tube Block on Temperature Module GEN1 on 3 at 3.78 uL/sec
Delaying for 0 minutes and 2.0 seconds
Moving to A1 of 4 Degree Tube Block on Temperature Module GEN1 on 3
Dispensing 16.5 uL into D1 of ddPCR Plate on 5 at 3.78 uL/sec
Moving to D1 of ddPCR Plate on 5
Delaying for 0 minutes and 2.0 seconds
Aspirating 16.5 uL from A1 of 4 Degree Tube Block on Temperature Module GEN1 on 3 at 3.78 uL/sec
Delaying for 0 minutes and 2.0 seconds
Moving to A1 of 4 Degree Tube Block on Temperature Module GEN1 on 3
Dispensing 16.5 uL into E1 of ddPCR Plate on 5 at 3.78 uL/sec
Moving to E1 of ddPCR Plate on 5
Delaying for 0 minutes and 2.0 seconds
Aspirating 16.5 uL from A1 of 4 Degree Tube Block on Temperature Module GEN1 on 3 at 3.78 uL/sec
Delaying for 0 minutes and 2.0 seconds
Moving to A1 of 4 Degree Tube Block on Temperature Module GEN1 on 3
Dispensing 16.5 uL into F1 of ddPCR Plate on 5 at 3.78 uL/sec
Moving to F1 of ddPCR Plate on 5
Delaying for 0 minutes and 2.0 seconds
Aspirating 16.5 uL from A1 of 4 Degree Tube Block on Temperature Module GEN1 on 3 at 3.78 uL/sec
Delaying for 0 minutes and 2.0 seconds
Moving to A1 of 4 Degree Tube Block on Temperature Module GEN1 on 3
Dispensing 16.5 uL into G1 of ddPCR Plate on 5 at 3.78 uL/sec
Moving to G1 of ddPCR Plate on 5
Delaying for 0 minutes and 2.0 seconds
Aspirating 16.5 uL from A1 of 4 Degree Tube Block on Temperature Module GEN1 on 3 at 3.78 uL/sec
Delaying for 0 minutes and 2.0 seconds
Moving to A1 of 4 Degree Tube Block on Temperature Module GEN1 on 3
Dispensing 16.5 uL into H1 of ddPCR Plate on 5 at 3.78 uL/sec
Moving to H1 of ddPCR Plate on 5
Delaying for 0 minutes and 2.0 seconds
Aspirating 16.5 uL from A1 of 4 Degree Tube Block on Temperature Module GEN1 on 3 at 3.78 uL/sec
Delaying for 0 minutes and 2.0 seconds
Moving to A1 of 4 Degree Tube Block on Temperature Module GEN1 on 3
Dispensing 16.5 uL into A2 of ddPCR Plate on 5 at 3.78 uL/sec
Moving to A2 of ddPCR Plate on 5
Delaying for 0 minutes and 2.0 seconds
Aspirating 16.5 uL from A1 of 4 Degree Tube Block on Temperature Module GEN1 on 3 at 3.78 uL/sec
Delaying for 0 minutes and 2.0 seconds
Moving to A1 of 4 Degree Tube Block on Temperature Module GEN1 on 3
Dispensing 16.5 uL into B2 of ddPCR Plate on 5 at 3.78 uL/sec
Moving to B2 of ddPCR Plate on 5
Delaying for 0 minutes and 2.0 seconds
Aspirating 16.5 uL from A1 of 4 Degree Tube Block on Temperature Module GEN1 on 3 at 3.78 uL/sec
Delaying for 0 minutes and 2.0 seconds
Moving to A1 of 4 Degree Tube Block on Temperature Module GEN1 on 3
Dispensing 16.5 uL into C2 of ddPCR Plate on 5 at 3.78 uL/sec
Moving to C2 of ddPCR Plate on 5
Delaying for 0 minutes and 2.0 seconds
Aspirating 16.5 uL from A1 of 4 Degree Tube Block on Temperature Module GEN1 on 3 at 3.78 uL/sec
Delaying for 0 minutes and 2.0 seconds
Moving to A1 of 4 Degree Tube Block on Temperature Module GEN1 on 3
Dispensing 16.5 uL into D2 of ddPCR Plate on 5 at 3.78 uL/sec
Moving to D2 of ddPCR Plate on 5
Delaying for 0 minutes and 2.0 seconds
Aspirating 16.5 uL from A1 of 4 Degree Tube Block on Temperature Module GEN1 on 3 at 3.78 uL/sec
Delaying for 0 minutes and 2.0 seconds
Moving to A1 of 4 Degree Tube Block on Temperature Module GEN1 on 3
Dispensing 16.5 uL into E2 of ddPCR Plate on 5 at 3.78 uL/sec
Moving to E2 of ddPCR Plate on 5
Delaying for 0 minutes and 2.0 seconds
Aspirating 16.5 uL from A1 of 4 Degree Tube Block on Temperature Module GEN1 on 3 at 3.78 uL/sec
Delaying for 0 minutes and 2.0 seconds
Moving to A1 of 4 Degree Tube Block on Temperature Module GEN1 on 3
Dispensing 16.5 uL into F2 of ddPCR Plate on 5 at 3.78 uL/sec
Moving to F2 of ddPCR Plate on 5
Delaying for 0 minutes and 2.0 seconds
Aspirating 16.5 uL from A1 of 4 Degree Tube Block on Temperature Module GEN1 on 3 at 3.78 uL/sec
Delaying for 0 minutes and 2.0 seconds
Moving to A1 of 4 Degree Tube Block on Temperature Module GEN1 on 3
Dispensing 16.5 uL into G2 of ddPCR Plate on 5 at 3.78 uL/sec
Moving to G2 of ddPCR Plate on 5
Delaying for 0 minutes and 2.0 seconds
Aspirating 16.5 uL from A1 of 4 Degree Tube Block on Temperature Module GEN1 on 3 at 3.78 uL/sec
Delaying for 0 minutes and 2.0 seconds
Moving to A1 of 4 Degree Tube Block on Temperature Module GEN1 on 3
Dispensing 16.5 uL into H2 of ddPCR Plate on 5 at 3.78 uL/sec
Moving to H2 of ddPCR Plate on 5
Delaying for 0 minutes and 2.0 seconds
Aspirating 16.5 uL from A1 of 4 Degree Tube Block on Temperature Module GEN1 on 3 at 3.78 uL/sec
Delaying for 0 minutes and 2.0 seconds
Moving to A1 of 4 Degree Tube Block on Temperature Module GEN1 on 3
Dispensing 16.5 uL into A3 of ddPCR Plate on 5 at 3.78 uL/sec
Moving to A3 of ddPCR Plate on 5
Delaying for 0 minutes and 2.0 seconds
Aspirating 16.5 uL from A1 of 4 Degree Tube Block on Temperature Module GEN1 on 3 at 3.78 uL/sec
Delaying for 0 minutes and 2.0 seconds
Moving to A1 of 4 Degree Tube Block on Temperature Module GEN1 on 3
Dispensing 16.5 uL into B3 of ddPCR Plate on 5 at 3.78 uL/sec
Moving to B3 of ddPCR Plate on 5
Delaying for 0 minutes and 2.0 seconds
Aspirating 16.5 uL from A1 of 4 Degree Tube Block on Temperature Module GEN1 on 3 at 3.78 uL/sec
Delaying for 0 minutes and 2.0 seconds
Moving to A1 of 4 Degree Tube Block on Temperature Module GEN1 on 3
Dispensing 16.5 uL into C3 of ddPCR Plate on 5 at 3.78 uL/sec
Moving to C3 of ddPCR Plate on 5
Delaying for 0 minutes and 2.0 seconds
Aspirating 16.5 uL from A1 of 4 Degree Tube Block on Temperature Module GEN1 on 3 at 3.78 uL/sec
Delaying for 0 minutes and 2.0 seconds
Moving to A1 of 4 Degree Tube Block on Temperature Module GEN1 on 3
Dispensing 16.5 uL into D3 of ddPCR Plate on 5 at 3.78 uL/sec
Moving to D3 of ddPCR Plate on 5
Delaying for 0 minutes and 2.0 seconds
Aspirating 16.5 uL from A1 of 4 Degree Tube Block on Temperature Module GEN1 on 3 at 3.78 uL/sec
Delaying for 0 minutes and 2.0 seconds
Moving to A1 of 4 Degree Tube Block on Temperature Module GEN1 on 3
Dispensing 16.5 uL into E3 of ddPCR Plate on 5 at 3.78 uL/sec
Moving to E3 of ddPCR Plate on 5
Delaying for 0 minutes and 2.0 seconds
Aspirating 16.5 uL from A1 of 4 Degree Tube Block on Temperature Module GEN1 on 3 at 3.78 uL/sec
Delaying for 0 minutes and 2.0 seconds
Moving to A1 of 4 Degree Tube Block on Temperature Module GEN1 on 3
Dispensing 16.5 uL into F3 of ddPCR Plate on 5 at 3.78 uL/sec
Moving to F3 of ddPCR Plate on 5
Delaying for 0 minutes and 2.0 seconds
Aspirating 16.5 uL from A1 of 4 Degree Tube Block on Temperature Module GEN1 on 3 at 3.78 uL/sec
Delaying for 0 minutes and 2.0 seconds
Moving to A1 of 4 Degree Tube Block on Temperature Module GEN1 on 3
Dispensing 16.5 uL into G3 of ddPCR Plate on 5 at 3.78 uL/sec
Moving to G3 of ddPCR Plate on 5
Delaying for 0 minutes and 2.0 seconds
Aspirating 16.5 uL from A1 of 4 Degree Tube Block on Temperature Module GEN1 on 3 at 3.78 uL/sec
Delaying for 0 minutes and 2.0 seconds
Moving to A1 of 4 Degree Tube Block on Temperature Module GEN1 on 3
Dispensing 16.5 uL into H3 of ddPCR Plate on 5 at 3.78 uL/sec
Moving to H3 of ddPCR Plate on 5
Delaying for 0 minutes and 2.0 seconds
Aspirating 16.5 uL from A1 of 4 Degree Tube Block on Temperature Module GEN1 on 3 at 3.78 uL/sec
Delaying for 0 minutes and 2.0 seconds
Moving to A1 of 4 Degree Tube Block on Temperature Module GEN1 on 3
Dispensing 16.5 uL into A4 of ddPCR Plate on 5 at 3.78 uL/sec
Moving to A4 of ddPCR Plate on 5
Delaying for 0 minutes and 2.0 seconds
Aspirating 16.5 uL from A1 of 4 Degree Tube Block on Temperature Module GEN1 on 3 at 3.78 uL/sec
Delaying for 0 minutes and 2.0 seconds
Moving to A1 of 4 Degree Tube Block on Temperature Module GEN1 on 3
Dispensing 16.5 uL into B4 of ddPCR Plate on 5 at 3.78 uL/sec
Moving to B4 of ddPCR Plate on 5
Delaying for 0 minutes and 2.0 seconds
Aspirating 16.5 uL from A1 of 4 Degree Tube Block on Temperature Module GEN1 on 3 at 3.78 uL/sec
Delaying for 0 minutes and 2.0 seconds
Moving to A1 of 4 Degree Tube Block on Temperature Module GEN1 on 3
Dispensing 16.5 uL into C4 of ddPCR Plate on 5 at 3.78 uL/sec
Moving to C4 of ddPCR Plate on 5
Delaying for 0 minutes and 2.0 seconds
Aspirating 16.5 uL from A1 of 4 Degree Tube Block on Temperature Module GEN1 on 3 at 3.78 uL/sec
Delaying for 0 minutes and 2.0 seconds
Moving to A1 of 4 Degree Tube Block on Temperature Module GEN1 on 3
Dispensing 16.5 uL into D4 of ddPCR Plate on 5 at 3.78 uL/sec
Moving to D4 of ddPCR Plate on 5
Delaying for 0 minutes and 2.0 seconds
Aspirating 16.5 uL from A1 of 4 Degree Tube Block on Temperature Module GEN1 on 3 at 3.78 uL/sec
Delaying for 0 minutes and 2.0 seconds
Moving to A1 of 4 Degree Tube Block on Temperature Module GEN1 on 3
Dispensing 16.5 uL into E4 of ddPCR Plate on 5 at 3.78 uL/sec
Moving to E4 of ddPCR Plate on 5
Delaying for 0 minutes and 2.0 seconds
Aspirating 16.5 uL from A1 of 4 Degree Tube Block on Temperature Module GEN1 on 3 at 3.78 uL/sec
Delaying for 0 minutes and 2.0 seconds
Moving to A1 of 4 Degree Tube Block on Temperature Module GEN1 on 3
Dispensing 16.5 uL into F4 of ddPCR Plate on 5 at 3.78 uL/sec
Moving to F4 of ddPCR Plate on 5
Delaying for 0 minutes and 2.0 seconds
Aspirating 16.5 uL from A1 of 4 Degree Tube Block on Temperature Module GEN1 on 3 at 3.78 uL/sec
Delaying for 0 minutes and 2.0 seconds
Moving to A1 of 4 Degree Tube Block on Temperature Module GEN1 on 3
Dispensing 16.5 uL into G4 of ddPCR Plate on 5 at 3.78 uL/sec
Moving to G4 of ddPCR Plate on 5
Delaying for 0 minutes and 2.0 seconds
Aspirating 16.5 uL from A1 of 4 Degree Tube Block on Temperature Module GEN1 on 3 at 3.78 uL/sec
Delaying for 0 minutes and 2.0 seconds
Moving to A1 of 4 Degree Tube Block on Temperature Module GEN1 on 3
Dispensing 16.5 uL into H4 of ddPCR Plate on 5 at 3.78 uL/sec
Moving to H4 of ddPCR Plate on 5
Delaying for 0 minutes and 2.0 seconds
Aspirating 16.5 uL from A1 of 4 Degree Tube Block on Temperature Module GEN1 on 3 at 3.78 uL/sec
Delaying for 0 minutes and 2.0 seconds
Moving to A1 of 4 Degree Tube Block on Temperature Module GEN1 on 3
Dispensing 16.5 uL into A5 of ddPCR Plate on 5 at 3.78 uL/sec
Moving to A5 of ddPCR Plate on 5
Delaying for 0 minutes and 2.0 seconds
Aspirating 16.5 uL from A1 of 4 Degree Tube Block on Temperature Module GEN1 on 3 at 3.78 uL/sec
Delaying for 0 minutes and 2.0 seconds
Moving to A1 of 4 Degree Tube Block on Temperature Module GEN1 on 3
Dispensing 16.5 uL into B5 of ddPCR Plate on 5 at 3.78 uL/sec
Moving to B5 of ddPCR Plate on 5
Delaying for 0 minutes and 2.0 seconds
Aspirating 16.5 uL from A1 of 4 Degree Tube Block on Temperature Module GEN1 on 3 at 3.78 uL/sec
Delaying for 0 minutes and 2.0 seconds
Moving to A1 of 4 Degree Tube Block on Temperature Module GEN1 on 3
Dispensing 16.5 uL into C5 of ddPCR Plate on 5 at 3.78 uL/sec
Moving to C5 of ddPCR Plate on 5
Delaying for 0 minutes and 2.0 seconds
Aspirating 16.5 uL from A1 of 4 Degree Tube Block on Temperature Module GEN1 on 3 at 3.78 uL/sec
Delaying for 0 minutes and 2.0 seconds
Moving to A1 of 4 Degree Tube Block on Temperature Module GEN1 on 3
Dispensing 16.5 uL into D5 of ddPCR Plate on 5 at 3.78 uL/sec
Moving to D5 of ddPCR Plate on 5
Delaying for 0 minutes and 2.0 seconds
Aspirating 16.5 uL from A1 of 4 Degree Tube Block on Temperature Module GEN1 on 3 at 3.78 uL/sec
Delaying for 0 minutes and 2.0 seconds
Moving to A1 of 4 Degree Tube Block on Temperature Module GEN1 on 3
Dispensing 16.5 uL into E5 of ddPCR Plate on 5 at 3.78 uL/sec
Moving to E5 of ddPCR Plate on 5
Delaying for 0 minutes and 2.0 seconds
Aspirating 16.5 uL from A1 of 4 Degree Tube Block on Temperature Module GEN1 on 3 at 3.78 uL/sec
Delaying for 0 minutes and 2.0 seconds
Moving to A1 of 4 Degree Tube Block on Temperature Module GEN1 on 3
Dispensing 16.5 uL into F5 of ddPCR Plate on 5 at 3.78 uL/sec
Moving to F5 of ddPCR Plate on 5
Delaying for 0 minutes and 2.0 seconds
Aspirating 16.5 uL from A1 of 4 Degree Tube Block on Temperature Module GEN1 on 3 at 3.78 uL/sec
Delaying for 0 minutes and 2.0 seconds
Moving to A1 of 4 Degree Tube Block on Temperature Module GEN1 on 3
Dispensing 16.5 uL into G5 of ddPCR Plate on 5 at 3.78 uL/sec
Moving to G5 of ddPCR Plate on 5
Delaying for 0 minutes and 2.0 seconds
Aspirating 16.5 uL from A1 of 4 Degree Tube Block on Temperature Module GEN1 on 3 at 3.78 uL/sec
Delaying for 0 minutes and 2.0 seconds
Moving to A1 of 4 Degree Tube Block on Temperature Module GEN1 on 3
Dispensing 16.5 uL into H5 of ddPCR Plate on 5 at 3.78 uL/sec
Moving to H5 of ddPCR Plate on 5
Delaying for 0 minutes and 2.0 seconds
Aspirating 16.5 uL from A1 of 4 Degree Tube Block on Temperature Module GEN1 on 3 at 3.78 uL/sec
Delaying for 0 minutes and 2.0 seconds
Moving to A1 of 4 Degree Tube Block on Temperature Module GEN1 on 3
Dispensing 16.5 uL into A6 of ddPCR Plate on 5 at 3.78 uL/sec
Moving to A6 of ddPCR Plate on 5
Delaying for 0 minutes and 2.0 seconds
Aspirating 16.5 uL from A1 of 4 Degree Tube Block on Temperature Module GEN1 on 3 at 3.78 uL/sec
Delaying for 0 minutes and 2.0 seconds
Moving to A1 of 4 Degree Tube Block on Temperature Module GEN1 on 3
Dispensing 16.5 uL into B6 of ddPCR Plate on 5 at 3.78 uL/sec
Moving to B6 of ddPCR Plate on 5
Delaying for 0 minutes and 2.0 seconds
Aspirating 16.5 uL from A1 of 4 Degree Tube Block on Temperature Module GEN1 on 3 at 3.78 uL/sec
Delaying for 0 minutes and 2.0 seconds
Moving to A1 of 4 Degree Tube Block on Temperature Module GEN1 on 3
Dispensing 16.5 uL into C6 of ddPCR Plate on 5 at 3.78 uL/sec
Moving to C6 of ddPCR Plate on 5
Delaying for 0 minutes and 2.0 seconds
Aspirating 16.5 uL from A1 of 4 Degree Tube Block on Temperature Module GEN1 on 3 at 3.78 uL/sec
Delaying for 0 minutes and 2.0 seconds
Moving to A1 of 4 Degree Tube Block on Temperature Module GEN1 on 3
Dispensing 16.5 uL into D6 of ddPCR Plate on 5 at 3.78 uL/sec
Moving to D6 of ddPCR Plate on 5
Delaying for 0 minutes and 2.0 seconds
Aspirating 16.5 uL from A1 of 4 Degree Tube Block on Temperature Module GEN1 on 3 at 3.78 uL/sec
Delaying for 0 minutes and 2.0 seconds
Moving to A1 of 4 Degree Tube Block on Temperature Module GEN1 on 3
Dispensing 16.5 uL into E6 of ddPCR Plate on 5 at 3.78 uL/sec
Moving to E6 of ddPCR Plate on 5
Delaying for 0 minutes and 2.0 seconds
Aspirating 16.5 uL from A1 of 4 Degree Tube Block on Temperature Module GEN1 on 3 at 3.78 uL/sec
Delaying for 0 minutes and 2.0 seconds
Moving to A1 of 4 Degree Tube Block on Temperature Module GEN1 on 3
Dispensing 16.5 uL into F6 of ddPCR Plate on 5 at 3.78 uL/sec
Moving to F6 of ddPCR Plate on 5
Delaying for 0 minutes and 2.0 seconds
Aspirating 16.5 uL from A1 of 4 Degree Tube Block on Temperature Module GEN1 on 3 at 3.78 uL/sec
Delaying for 0 minutes and 2.0 seconds
Moving to A1 of 4 Degree Tube Block on Temperature Module GEN1 on 3
Dispensing 16.5 uL into G6 of ddPCR Plate on 5 at 3.78 uL/sec
Moving to G6 of ddPCR Plate on 5
Delaying for 0 minutes and 2.0 seconds
Aspirating 16.5 uL from A1 of 4 Degree Tube Block on Temperature Module GEN1 on 3 at 3.78 uL/sec
Delaying for 0 minutes and 2.0 seconds
Moving to A1 of 4 Degree Tube Block on Temperature Module GEN1 on 3
Dispensing 16.5 uL into H6 of ddPCR Plate on 5 at 3.78 uL/sec
Moving to H6 of ddPCR Plate on 5
Delaying for 0 minutes and 2.0 seconds
Dropping tip into A1 of Opentrons Fixed Trash on 12
Picking up tip from B1 of Opentrons OT-2 96 Filter Tip Rack 20 µL on 10
Aspirating 5.5 uL from B1 of 4 Degree Tube Block on Temperature Module GEN1 on 3 at 7.56 uL/sec
Dispensing 5.5 uL into C6 of ddPCR Plate on 5 at 7.56 uL/sec
Moving to C6 of ddPCR Plate on 5
Dropping tip into A1 of Opentrons Fixed Trash on 12
Picking up tip from C1 of Opentrons OT-2 96 Filter Tip Rack 20 µL on 10
Aspirating 5.5 uL from B1 of 4 Degree Tube Block on Temperature Module GEN1 on 3 at 7.56 uL/sec
Dispensing 5.5 uL into D6 of ddPCR Plate on 5 at 7.56 uL/sec
Moving to D6 of ddPCR Plate on 5
Dropping tip into A1 of Opentrons Fixed Trash on 12
Picking up tip from D1 of Opentrons OT-2 96 Filter Tip Rack 20 µL on 10
Aspirating 5.5 uL from B1 of 4 Degree Tube Block on Temperature Module GEN1 on 3 at 7.56 uL/sec
Dispensing 5.5 uL into E6 of ddPCR Plate on 5 at 7.56 uL/sec
Moving to E6 of ddPCR Plate on 5
Dropping tip into A1 of Opentrons Fixed Trash on 12
Picking up tip from E1 of Opentrons OT-2 96 Filter Tip Rack 20 µL on 10
Aspirating 5.5 uL from C1 of 4 Degree Tube Block on Temperature Module GEN1 on 3 at 7.56 uL/sec
Dispensing 5.5 uL into A1 of ddPCR Plate on 5 at 7.56 uL/sec
Moving to A1 of ddPCR Plate on 5
Dropping tip into A1 of Opentrons Fixed Trash on 12
Picking up tip from F1 of Opentrons OT-2 96 Filter Tip Rack 20 µL on 10
Aspirating 5.5 uL from C1 of 4 Degree Tube Block on Temperature Module GEN1 on 3 at 7.56 uL/sec
Dispensing 5.5 uL into B1 of ddPCR Plate on 5 at 7.56 uL/sec
Moving to B1 of ddPCR Plate on 5
Dropping tip into A1 of Opentrons Fixed Trash on 12
Picking up tip from G1 of Opentrons OT-2 96 Filter Tip Rack 20 µL on 10
Aspirating 5.5 uL from C1 of 4 Degree Tube Block on Temperature Module GEN1 on 3 at 7.56 uL/sec
Dispensing 5.5 uL into C1 of ddPCR Plate on 5 at 7.56 uL/sec
Moving to C1 of ddPCR Plate on 5
Dropping tip into A1 of Opentrons Fixed Trash on 12
Picking up tip from H1 of Opentrons OT-2 96 Filter Tip Rack 20 µL on 10
Aspirating 5.5 uL from D1 of 4 Degree Tube Block on Temperature Module GEN1 on 3 at 7.56 uL/sec
Dispensing 5.5 uL into D1 of ddPCR Plate on 5 at 7.56 uL/sec
Moving to D1 of ddPCR Plate on 5
Dropping tip into A1 of Opentrons Fixed Trash on 12
Picking up tip from A2 of Opentrons OT-2 96 Filter Tip Rack 20 µL on 10
Aspirating 5.5 uL from D1 of 4 Degree Tube Block on Temperature Module GEN1 on 3 at 7.56 uL/sec
Dispensing 5.5 uL into E1 of ddPCR Plate on 5 at 7.56 uL/sec
Moving to E1 of ddPCR Plate on 5
Dropping tip into A1 of Opentrons Fixed Trash on 12
Picking up tip from B2 of Opentrons OT-2 96 Filter Tip Rack 20 µL on 10
Aspirating 5.5 uL from D1 of 4 Degree Tube Block on Temperature Module GEN1 on 3 at 7.56 uL/sec
Dispensing 5.5 uL into F1 of ddPCR Plate on 5 at 7.56 uL/sec
Moving to F1 of ddPCR Plate on 5
Dropping tip into A1 of Opentrons Fixed Trash on 12
Picking up tip from C2 of Opentrons OT-2 96 Filter Tip Rack 20 µL on 10
Aspirating 5.5 uL from A2 of 4 Degree Tube Block on Temperature Module GEN1 on 3 at 7.56 uL/sec
Dispensing 5.5 uL into G1 of ddPCR Plate on 5 at 7.56 uL/sec
Moving to G1 of ddPCR Plate on 5
Dropping tip into A1 of Opentrons Fixed Trash on 12
Picking up tip from D2 of Opentrons OT-2 96 Filter Tip Rack 20 µL on 10
Aspirating 5.5 uL from A2 of 4 Degree Tube Block on Temperature Module GEN1 on 3 at 7.56 uL/sec
Dispensing 5.5 uL into H1 of ddPCR Plate on 5 at 7.56 uL/sec
Moving to H1 of ddPCR Plate on 5
Dropping tip into A1 of Opentrons Fixed Trash on 12
Picking up tip from E2 of Opentrons OT-2 96 Filter Tip Rack 20 µL on 10
Aspirating 5.5 uL from A2 of 4 Degree Tube Block on Temperature Module GEN1 on 3 at 7.56 uL/sec
Dispensing 5.5 uL into A2 of ddPCR Plate on 5 at 7.56 uL/sec
Moving to A2 of ddPCR Plate on 5
Dropping tip into A1 of Opentrons Fixed Trash on 12
Picking up tip from F2 of Opentrons OT-2 96 Filter Tip Rack 20 µL on 10
Aspirating 5.5 uL from B2 of 4 Degree Tube Block on Temperature Module GEN1 on 3 at 7.56 uL/sec
Dispensing 5.5 uL into B2 of ddPCR Plate on 5 at 7.56 uL/sec
Moving to B2 of ddPCR Plate on 5
Dropping tip into A1 of Opentrons Fixed Trash on 12
Picking up tip from G2 of Opentrons OT-2 96 Filter Tip Rack 20 µL on 10
Aspirating 5.5 uL from B2 of 4 Degree Tube Block on Temperature Module GEN1 on 3 at 7.56 uL/sec
Dispensing 5.5 uL into C2 of ddPCR Plate on 5 at 7.56 uL/sec
Moving to C2 of ddPCR Plate on 5
Dropping tip into A1 of Opentrons Fixed Trash on 12
Picking up tip from H2 of Opentrons OT-2 96 Filter Tip Rack 20 µL on 10
Aspirating 5.5 uL from B2 of 4 Degree Tube Block on Temperature Module GEN1 on 3 at 7.56 uL/sec
Dispensing 5.5 uL into D2 of ddPCR Plate on 5 at 7.56 uL/sec
Moving to D2 of ddPCR Plate on 5
Dropping tip into A1 of Opentrons Fixed Trash on 12
Picking up tip from A3 of Opentrons OT-2 96 Filter Tip Rack 20 µL on 10
Aspirating 5.5 uL from C2 of 4 Degree Tube Block on Temperature Module GEN1 on 3 at 7.56 uL/sec
Dispensing 5.5 uL into E2 of ddPCR Plate on 5 at 7.56 uL/sec
Moving to E2 of ddPCR Plate on 5
Dropping tip into A1 of Opentrons Fixed Trash on 12
Picking up tip from B3 of Opentrons OT-2 96 Filter Tip Rack 20 µL on 10
Aspirating 5.5 uL from C2 of 4 Degree Tube Block on Temperature Module GEN1 on 3 at 7.56 uL/sec
Dispensing 5.5 uL into F2 of ddPCR Plate on 5 at 7.56 uL/sec
Moving to F2 of ddPCR Plate on 5
Dropping tip into A1 of Opentrons Fixed Trash on 12
Picking up tip from C3 of Opentrons OT-2 96 Filter Tip Rack 20 µL on 10
Aspirating 5.5 uL from C2 of 4 Degree Tube Block on Temperature Module GEN1 on 3 at 7.56 uL/sec
Dispensing 5.5 uL into G2 of ddPCR Plate on 5 at 7.56 uL/sec
Moving to G2 of ddPCR Plate on 5
Dropping tip into A1 of Opentrons Fixed Trash on 12
Picking up tip from D3 of Opentrons OT-2 96 Filter Tip Rack 20 µL on 10
Aspirating 5.5 uL from D2 of 4 Degree Tube Block on Temperature Module GEN1 on 3 at 7.56 uL/sec
Dispensing 5.5 uL into H2 of ddPCR Plate on 5 at 7.56 uL/sec
Moving to H2 of ddPCR Plate on 5
Dropping tip into A1 of Opentrons Fixed Trash on 12
Picking up tip from E3 of Opentrons OT-2 96 Filter Tip Rack 20 µL on 10
Aspirating 5.5 uL from D2 of 4 Degree Tube Block on Temperature Module GEN1 on 3 at 7.56 uL/sec
Dispensing 5.5 uL into A3 of ddPCR Plate on 5 at 7.56 uL/sec
Moving to A3 of ddPCR Plate on 5
Dropping tip into A1 of Opentrons Fixed Trash on 12
Picking up tip from F3 of Opentrons OT-2 96 Filter Tip Rack 20 µL on 10
Aspirating 5.5 uL from D2 of 4 Degree Tube Block on Temperature Module GEN1 on 3 at 7.56 uL/sec
Dispensing 5.5 uL into B3 of ddPCR Plate on 5 at 7.56 uL/sec
Moving to B3 of ddPCR Plate on 5
Dropping tip into A1 of Opentrons Fixed Trash on 12
Picking up tip from G3 of Opentrons OT-2 96 Filter Tip Rack 20 µL on 10
Aspirating 5.5 uL from A3 of 4 Degree Tube Block on Temperature Module GEN1 on 3 at 7.56 uL/sec
Dispensing 5.5 uL into C3 of ddPCR Plate on 5 at 7.56 uL/sec
Moving to C3 of ddPCR Plate on 5
Dropping tip into A1 of Opentrons Fixed Trash on 12
Picking up tip from H3 of Opentrons OT-2 96 Filter Tip Rack 20 µL on 10
Aspirating 5.5 uL from A3 of 4 Degree Tube Block on Temperature Module GEN1 on 3 at 7.56 uL/sec
Dispensing 5.5 uL into D3 of ddPCR Plate on 5 at 7.56 uL/sec
Moving to D3 of ddPCR Plate on 5
Dropping tip into A1 of Opentrons Fixed Trash on 12
Picking up tip from A4 of Opentrons OT-2 96 Filter Tip Rack 20 µL on 10
Aspirating 5.5 uL from A3 of 4 Degree Tube Block on Temperature Module GEN1 on 3 at 7.56 uL/sec
Dispensing 5.5 uL into E3 of ddPCR Plate on 5 at 7.56 uL/sec
Moving to E3 of ddPCR Plate on 5
Dropping tip into A1 of Opentrons Fixed Trash on 12
Picking up tip from B4 of Opentrons OT-2 96 Filter Tip Rack 20 µL on 10
Aspirating 5.5 uL from B3 of 4 Degree Tube Block on Temperature Module GEN1 on 3 at 7.56 uL/sec
Dispensing 5.5 uL into F3 of ddPCR Plate on 5 at 7.56 uL/sec
Moving to F3 of ddPCR Plate on 5
Dropping tip into A1 of Opentrons Fixed Trash on 12
Picking up tip from C4 of Opentrons OT-2 96 Filter Tip Rack 20 µL on 10
Aspirating 5.5 uL from B3 of 4 Degree Tube Block on Temperature Module GEN1 on 3 at 7.56 uL/sec
Dispensing 5.5 uL into G3 of ddPCR Plate on 5 at 7.56 uL/sec
Moving to G3 of ddPCR Plate on 5
Dropping tip into A1 of Opentrons Fixed Trash on 12
Picking up tip from D4 of Opentrons OT-2 96 Filter Tip Rack 20 µL on 10
Aspirating 5.5 uL from B3 of 4 Degree Tube Block on Temperature Module GEN1 on 3 at 7.56 uL/sec
Dispensing 5.5 uL into H3 of ddPCR Plate on 5 at 7.56 uL/sec
Moving to H3 of ddPCR Plate on 5
Dropping tip into A1 of Opentrons Fixed Trash on 12
Picking up tip from E4 of Opentrons OT-2 96 Filter Tip Rack 20 µL on 10
Aspirating 5.5 uL from C3 of 4 Degree Tube Block on Temperature Module GEN1 on 3 at 7.56 uL/sec
Dispensing 5.5 uL into A4 of ddPCR Plate on 5 at 7.56 uL/sec
Moving to A4 of ddPCR Plate on 5
Dropping tip into A1 of Opentrons Fixed Trash on 12
Picking up tip from F4 of Opentrons OT-2 96 Filter Tip Rack 20 µL on 10
Aspirating 5.5 uL from C3 of 4 Degree Tube Block on Temperature Module GEN1 on 3 at 7.56 uL/sec
Dispensing 5.5 uL into B4 of ddPCR Plate on 5 at 7.56 uL/sec
Moving to B4 of ddPCR Plate on 5
Dropping tip into A1 of Opentrons Fixed Trash on 12
Picking up tip from G4 of Opentrons OT-2 96 Filter Tip Rack 20 µL on 10
Aspirating 5.5 uL from C3 of 4 Degree Tube Block on Temperature Module GEN1 on 3 at 7.56 uL/sec
Dispensing 5.5 uL into C4 of ddPCR Plate on 5 at 7.56 uL/sec
Moving to C4 of ddPCR Plate on 5
Dropping tip into A1 of Opentrons Fixed Trash on 12
Picking up tip from H4 of Opentrons OT-2 96 Filter Tip Rack 20 µL on 10
Aspirating 5.5 uL from D3 of 4 Degree Tube Block on Temperature Module GEN1 on 3 at 7.56 uL/sec
Dispensing 5.5 uL into D4 of ddPCR Plate on 5 at 7.56 uL/sec
Moving to D4 of ddPCR Plate on 5
Dropping tip into A1 of Opentrons Fixed Trash on 12
Picking up tip from A5 of Opentrons OT-2 96 Filter Tip Rack 20 µL on 10
Aspirating 5.5 uL from D3 of 4 Degree Tube Block on Temperature Module GEN1 on 3 at 7.56 uL/sec
Dispensing 5.5 uL into E4 of ddPCR Plate on 5 at 7.56 uL/sec
Moving to E4 of ddPCR Plate on 5
Dropping tip into A1 of Opentrons Fixed Trash on 12
Picking up tip from B5 of Opentrons OT-2 96 Filter Tip Rack 20 µL on 10
Aspirating 5.5 uL from D3 of 4 Degree Tube Block on Temperature Module GEN1 on 3 at 7.56 uL/sec
Dispensing 5.5 uL into F4 of ddPCR Plate on 5 at 7.56 uL/sec
Moving to F4 of ddPCR Plate on 5
Dropping tip into A1 of Opentrons Fixed Trash on 12
Picking up tip from C5 of Opentrons OT-2 96 Filter Tip Rack 20 µL on 10
Aspirating 5.5 uL from A4 of 4 Degree Tube Block on Temperature Module GEN1 on 3 at 7.56 uL/sec
Dispensing 5.5 uL into G4 of ddPCR Plate on 5 at 7.56 uL/sec
Moving to G4 of ddPCR Plate on 5
Dropping tip into A1 of Opentrons Fixed Trash on 12
Picking up tip from D5 of Opentrons OT-2 96 Filter Tip Rack 20 µL on 10
Aspirating 5.5 uL from A4 of 4 Degree Tube Block on Temperature Module GEN1 on 3 at 7.56 uL/sec
Dispensing 5.5 uL into H4 of ddPCR Plate on 5 at 7.56 uL/sec
Moving to H4 of ddPCR Plate on 5
Dropping tip into A1 of Opentrons Fixed Trash on 12
Picking up tip from E5 of Opentrons OT-2 96 Filter Tip Rack 20 µL on 10
Aspirating 5.5 uL from A4 of 4 Degree Tube Block on Temperature Module GEN1 on 3 at 7.56 uL/sec
Dispensing 5.5 uL into A5 of ddPCR Plate on 5 at 7.56 uL/sec
Moving to A5 of ddPCR Plate on 5
Dropping tip into A1 of Opentrons Fixed Trash on 12
Picking up tip from F5 of Opentrons OT-2 96 Filter Tip Rack 20 µL on 10
Aspirating 5.5 uL from B4 of 4 Degree Tube Block on Temperature Module GEN1 on 3 at 7.56 uL/sec
Dispensing 5.5 uL into F6 of ddPCR Plate on 5 at 7.56 uL/sec
Moving to F6 of ddPCR Plate on 5
Dropping tip into A1 of Opentrons Fixed Trash on 12
Picking up tip from G5 of Opentrons OT-2 96 Filter Tip Rack 20 µL on 10
Aspirating 5.5 uL from B4 of 4 Degree Tube Block on Temperature Module GEN1 on 3 at 7.56 uL/sec
Dispensing 5.5 uL into G6 of ddPCR Plate on 5 at 7.56 uL/sec
Moving to G6 of ddPCR Plate on 5
Dropping tip into A1 of Opentrons Fixed Trash on 12
Picking up tip from H5 of Opentrons OT-2 96 Filter Tip Rack 20 µL on 10
Aspirating 5.5 uL from B4 of 4 Degree Tube Block on Temperature Module GEN1 on 3 at 7.56 uL/sec
Dispensing 5.5 uL into H6 of ddPCR Plate on 5 at 7.56 uL/sec
Moving to H6 of ddPCR Plate on 5
Dropping tip into A1 of Opentrons Fixed Trash on 12
Caught exception: {'message': 'Task was destroyed but it is pending!', 'task': <Task pending name='Task-4' coro=<Poller._poll_forever() running at /Users/dp/Desktop/project/github/opentrons/venv/lib/python3.10/site-packages/opentrons/hardware_control/poller.py:80> wait_for=<Future pending cb=[Task.task_wakeup()]>>}
Caught exception: {'message': 'Task was destroyed but it is pending!', 'task': <Task pending name='Task-3' coro=<Poller._poll_forever() running at /Users/dp/Desktop/project/github/opentrons/venv/lib/python3.10/site-packages/opentrons/hardware_control/poller.py:80> wait_for=<Future pending cb=[Task.task_wakeup()]>>}
Caught exception: {'message': 'Task was destroyed but it is pending!', 'task': <Task pending name='Task-2' coro=<Poller._poll_forever() running at /Users/dp/Desktop/project/github/opentrons/venv/lib/python3.10/site-packages/opentrons/hardware_control/poller.py:80> wait_for=<Future pending cb=[Task.task_wakeup()]>>}
