/Users/dp/Desktop/project/github/opentrons/venv/lib/python3.10/site-packages/opentrons/hardware_control/simulator_setup.py:205: UserWarning: Simulator configuration does not name a machine, defaulting to OT-2 Standard
  warn(
/Users/dp/.opentrons/robot_settings.json not found. Loading defaults
Deck calibration not found.
/Users/dp/.opentrons/deck_calibration.json not found. Loading defaults
Setting Temperature Module temperature to 37.0 °C (rounded off to nearest integer)
Pausing robot operation: 
    Ensure temperature module is at correct temperature, then,
    select "Resume" on the Opentrons app.
    
MOVING INCLUDED WELLS TO WASTE
Picking up tip from H1 of Opentrons OT-2 96 Filter Tip Rack 200 µL on 4
Aspirating 200.0 uL from A1 of 10 on Temperature Module GEN1 on 10 at 92.86 uL/sec
Dispensing 200.0 uL into A1 of NEST 12 Well Reservoir 15 mL on 7 at 92.86 uL/sec
Air gap
	Aspirating 20.0 uL from A1 of NEST 12 Well Reservoir 15 mL on 7 at 92.86 uL/sec
Dropping tip into A1 of Opentrons Fixed Trash on 12





MOVING PBS TO PLATE
Picking up tip from G1 of Opentrons OT-2 96 Filter Tip Rack 200 µL on 4
Aspirating 150.0 uL from A1 of NEST 12 Well Reservoir 15 mL on 11 at 92.86 uL/sec
Dispensing 150.0 uL into A1 of 10 on Temperature Module GEN1 on 10 at 92.86 uL/sec
Air gap
	Aspirating 20.0 uL from A1 of 10 on Temperature Module GEN1 on 10 at 92.86 uL/sec
Dropping tip into A1 of Opentrons Fixed Trash on 12





REMOVING PBS FROM PLATE
Picking up tip from F1 of Opentrons OT-2 96 Filter Tip Rack 200 µL on 4
Aspirating 175.0 uL from A1 of 10 on Temperature Module GEN1 on 10 at 92.86 uL/sec
Dispensing 175.0 uL into A1 of NEST 12 Well Reservoir 15 mL on 7 at 92.86 uL/sec
Air gap
	Aspirating 20.0 uL from A1 of NEST 12 Well Reservoir 15 mL on 7 at 92.86 uL/sec
Dropping tip into A1 of Opentrons Fixed Trash on 12





MOVING TRYPSIN TO PLATE
Picking up tip from E1 of Opentrons OT-2 96 Filter Tip Rack 200 µL on 4
Aspirating 25.0 uL from A2 of NEST 12 Well Reservoir 15 mL on 11 at 92.86 uL/sec
Dispensing 25.0 uL into A1 of 10 on Temperature Module GEN1 on 10 at 92.86 uL/sec
Blowing out at A1 of 10 on Temperature Module GEN1 on 10
Touching tip
Air gap
	Aspirating 20.0 uL from A1 of 10 on Temperature Module GEN1 on 10 at 92.86 uL/sec
Dropping tip into A1 of Opentrons Fixed Trash on 12


Delaying for 15 minutes and 0.0 seconds



MOVING MEDIA TO PLATE
Picking up tip from D1 of Opentrons OT-2 96 Filter Tip Rack 200 µL on 4
Aspirating 140.0 uL from A12 of NEST 12 Well Reservoir 15 mL on 11 at 92.86 uL/sec
Dispensing 140.0 uL into A1 of 10 on Temperature Module GEN1 on 10 at 92.86 uL/sec
Blowing out at A1 of 10 on Temperature Module GEN1 on 10
Touching tip
Air gap
	Aspirating 20.0 uL from A1 of 10 on Temperature Module GEN1 on 10 at 92.86 uL/sec
Dropping tip into A1 of Opentrons Fixed Trash on 12





ASPIRATE FIRST MEDIA FROM PLATE
Picking up tip from C1 of Opentrons OT-2 96 Filter Tip Rack 200 µL on 4
Aspirating 160.0 uL from A1 of 10 on Temperature Module GEN1 on 10 at 92.86 uL/sec
Dispensing 160.0 uL into A1 of NEST 12 Well Reservoir 15 mL on 7 at 92.86 uL/sec
Air gap
	Aspirating 20.0 uL from A1 of NEST 12 Well Reservoir 15 mL on 7 at 92.86 uL/sec
Dropping tip into A1 of Opentrons Fixed Trash on 12





DISPENSE SECOND MEDIA TO PLATE
Picking up tip from B1 of Opentrons OT-2 96 Filter Tip Rack 200 µL on 4
Aspirating 130.0 uL from A12 of NEST 12 Well Reservoir 15 mL on 11 at 92.86 uL/sec
Dispensing 130.0 uL into A1 of 10 on Temperature Module GEN1 on 10 at 92.86 uL/sec
Air gap
	Aspirating 20.0 uL from A1 of 10 on Temperature Module GEN1 on 10 at 92.86 uL/sec
Dropping tip into A1 of Opentrons Fixed Trash on 12


Caught exception: {'message': 'Task was destroyed but it is pending!', 'task': <Task pending name='Task-4' coro=<Poller._poll_forever() running at /Users/dp/Desktop/project/github/opentrons/venv/lib/python3.10/site-packages/opentrons/hardware_control/poller.py:80> wait_for=<Future pending cb=[Task.task_wakeup()]>>}
Caught exception: {'message': 'Task was destroyed but it is pending!', 'task': <Task pending name='Task-3' coro=<Poller._poll_forever() running at /Users/dp/Desktop/project/github/opentrons/venv/lib/python3.10/site-packages/opentrons/hardware_control/poller.py:80> wait_for=<Future pending cb=[Task.task_wakeup()]>>}
Caught exception: {'message': 'Task was destroyed but it is pending!', 'task': <Task pending name='Task-2' coro=<Poller._poll_forever() running at /Users/dp/Desktop/project/github/opentrons/venv/lib/python3.10/site-packages/opentrons/hardware_control/poller.py:80> wait_for=<Future pending cb=[Task.task_wakeup()]>>}
