/Users/dp/Desktop/project/github/opentrons/venv/lib/python3.10/site-packages/opentrons/hardware_control/simulator_setup.py:205: UserWarning: Simulator configuration does not name a machine, defaulting to OT-2 Standard
  warn(
/Users/dp/.opentrons/robot_settings.json not found. Loading defaults
Deck calibration not found.
/Users/dp/.opentrons/deck_calibration.json not found. Loading defaults
Picking up tip from A2 of Opentrons OT-2 96 Tip Rack 300 µL on 4
Mixing 3 times with a volume of 300.0 ul
	Aspirating 300.0 uL from A1 of Electron Microscopy Sciences 1 Reservoir 100000 µL on 1 at 150.0 uL/sec
	Dispensing 300.0 uL into A1 of Electron Microscopy Sciences 1 Reservoir 100000 µL on 1 at 300.0 uL/sec
	Aspirating 300.0 uL from A1 of Electron Microscopy Sciences 1 Reservoir 100000 µL on 1 at 150.0 uL/sec
	Dispensing 300.0 uL into A1 of Electron Microscopy Sciences 1 Reservoir 100000 µL on 1 at 300.0 uL/sec
	Aspirating 300.0 uL from A1 of Electron Microscopy Sciences 1 Reservoir 100000 µL on 1 at 150.0 uL/sec
	Dispensing 300.0 uL into A1 of Electron Microscopy Sciences 1 Reservoir 100000 µL on 1 at 300.0 uL/sec
Blowing out at A1 of Electron Microscopy Sciences 1 Reservoir 100000 µL on 1
Transferring 250.0 from A1 of Electron Microscopy Sciences 1 Reservoir 100000 µL on 1 to A1 of Corning 96 Well Plate 360 µL Flat on 2
	Aspirating 250.0 uL from A1 of Electron Microscopy Sciences 1 Reservoir 100000 µL on 1 at 150.0 uL/sec
	Dispensing 250.0 uL into A1 of Corning 96 Well Plate 360 µL Flat on 2 at 300.0 uL/sec
	Blowing out at A1 of Opentrons Fixed Trash on 12
Transferring 250.0 from A1 of Electron Microscopy Sciences 1 Reservoir 100000 µL on 1 to A2 of Corning 96 Well Plate 360 µL Flat on 2
	Aspirating 250.0 uL from A1 of Electron Microscopy Sciences 1 Reservoir 100000 µL on 1 at 150.0 uL/sec
	Dispensing 250.0 uL into A2 of Corning 96 Well Plate 360 µL Flat on 2 at 300.0 uL/sec
	Blowing out at A1 of Opentrons Fixed Trash on 12
Transferring 250.0 from A1 of Electron Microscopy Sciences 1 Reservoir 100000 µL on 1 to A3 of Corning 96 Well Plate 360 µL Flat on 2
	Aspirating 250.0 uL from A1 of Electron Microscopy Sciences 1 Reservoir 100000 µL on 1 at 150.0 uL/sec
	Dispensing 250.0 uL into A3 of Corning 96 Well Plate 360 µL Flat on 2 at 300.0 uL/sec
	Blowing out at A1 of Opentrons Fixed Trash on 12
Transferring 250.0 from A1 of Electron Microscopy Sciences 1 Reservoir 100000 µL on 1 to A4 of Corning 96 Well Plate 360 µL Flat on 2
	Aspirating 250.0 uL from A1 of Electron Microscopy Sciences 1 Reservoir 100000 µL on 1 at 150.0 uL/sec
	Dispensing 250.0 uL into A4 of Corning 96 Well Plate 360 µL Flat on 2 at 300.0 uL/sec
	Blowing out at A1 of Opentrons Fixed Trash on 12
Transferring 250.0 from A1 of Electron Microscopy Sciences 1 Reservoir 100000 µL on 1 to A5 of Corning 96 Well Plate 360 µL Flat on 2
	Aspirating 250.0 uL from A1 of Electron Microscopy Sciences 1 Reservoir 100000 µL on 1 at 150.0 uL/sec
	Dispensing 250.0 uL into A5 of Corning 96 Well Plate 360 µL Flat on 2 at 300.0 uL/sec
	Blowing out at A1 of Opentrons Fixed Trash on 12
Transferring 250.0 from A1 of Electron Microscopy Sciences 1 Reservoir 100000 µL on 1 to A6 of Corning 96 Well Plate 360 µL Flat on 2
	Aspirating 250.0 uL from A1 of Electron Microscopy Sciences 1 Reservoir 100000 µL on 1 at 150.0 uL/sec
	Dispensing 250.0 uL into A6 of Corning 96 Well Plate 360 µL Flat on 2 at 300.0 uL/sec
	Blowing out at A1 of Opentrons Fixed Trash on 12
Transferring 250.0 from A1 of Electron Microscopy Sciences 1 Reservoir 100000 µL on 1 to A7 of Corning 96 Well Plate 360 µL Flat on 2
	Aspirating 250.0 uL from A1 of Electron Microscopy Sciences 1 Reservoir 100000 µL on 1 at 150.0 uL/sec
	Dispensing 250.0 uL into A7 of Corning 96 Well Plate 360 µL Flat on 2 at 300.0 uL/sec
	Blowing out at A1 of Opentrons Fixed Trash on 12
Transferring 250.0 from A1 of Electron Microscopy Sciences 1 Reservoir 100000 µL on 1 to A8 of Corning 96 Well Plate 360 µL Flat on 2
	Aspirating 250.0 uL from A1 of Electron Microscopy Sciences 1 Reservoir 100000 µL on 1 at 150.0 uL/sec
	Dispensing 250.0 uL into A8 of Corning 96 Well Plate 360 µL Flat on 2 at 300.0 uL/sec
	Blowing out at A1 of Opentrons Fixed Trash on 12
Transferring 250.0 from A1 of Electron Microscopy Sciences 1 Reservoir 100000 µL on 1 to A9 of Corning 96 Well Plate 360 µL Flat on 2
	Aspirating 250.0 uL from A1 of Electron Microscopy Sciences 1 Reservoir 100000 µL on 1 at 150.0 uL/sec
	Dispensing 250.0 uL into A9 of Corning 96 Well Plate 360 µL Flat on 2 at 300.0 uL/sec
	Blowing out at A1 of Opentrons Fixed Trash on 12
Transferring 250.0 from A1 of Electron Microscopy Sciences 1 Reservoir 100000 µL on 1 to A10 of Corning 96 Well Plate 360 µL Flat on 2
	Aspirating 250.0 uL from A1 of Electron Microscopy Sciences 1 Reservoir 100000 µL on 1 at 150.0 uL/sec
	Dispensing 250.0 uL into A10 of Corning 96 Well Plate 360 µL Flat on 2 at 300.0 uL/sec
	Blowing out at A1 of Opentrons Fixed Trash on 12
Transferring 250.0 from A1 of Electron Microscopy Sciences 1 Reservoir 100000 µL on 1 to A11 of Corning 96 Well Plate 360 µL Flat on 2
	Aspirating 250.0 uL from A1 of Electron Microscopy Sciences 1 Reservoir 100000 µL on 1 at 150.0 uL/sec
	Dispensing 250.0 uL into A11 of Corning 96 Well Plate 360 µL Flat on 2 at 300.0 uL/sec
	Blowing out at A1 of Opentrons Fixed Trash on 12
Transferring 250.0 from A1 of Electron Microscopy Sciences 1 Reservoir 100000 µL on 1 to A12 of Corning 96 Well Plate 360 µL Flat on 2
	Aspirating 250.0 uL from A1 of Electron Microscopy Sciences 1 Reservoir 100000 µL on 1 at 150.0 uL/sec
	Dispensing 250.0 uL into A12 of Corning 96 Well Plate 360 µL Flat on 2 at 300.0 uL/sec
	Blowing out at A1 of Opentrons Fixed Trash on 12
Dropping tip into A1 of Opentrons Fixed Trash on 12
Caught exception: {'message': 'Task was destroyed but it is pending!', 'task': <Task pending name='Task-4' coro=<Poller._poll_forever() running at /Users/dp/Desktop/project/github/opentrons/venv/lib/python3.10/site-packages/opentrons/hardware_control/poller.py:80> wait_for=<Future pending cb=[Task.task_wakeup()]>>}
Caught exception: {'message': 'Task was destroyed but it is pending!', 'task': <Task pending name='Task-3' coro=<Poller._poll_forever() running at /Users/dp/Desktop/project/github/opentrons/venv/lib/python3.10/site-packages/opentrons/hardware_control/poller.py:80> wait_for=<Future pending cb=[Task.task_wakeup()]>>}
Caught exception: {'message': 'Task was destroyed but it is pending!', 'task': <Task pending name='Task-2' coro=<Poller._poll_forever() running at /Users/dp/Desktop/project/github/opentrons/venv/lib/python3.10/site-packages/opentrons/hardware_control/poller.py:80> wait_for=<Future pending cb=[Task.task_wakeup()]>>}
