/Users/dp/Desktop/project/github/opentrons/venv/lib/python3.10/site-packages/opentrons/hardware_control/simulator_setup.py:205: UserWarning: Simulator configuration does not name a machine, defaulting to OT-2 Standard
  warn(
/Users/dp/.opentrons/robot_settings.json not found. Loading defaults
Deck calibration not found.
/Users/dp/.opentrons/deck_calibration.json not found. Loading defaults
Picking up tip from A1 of Opentrons OT-2 96 Tip Rack 1000 µL on 11
Aspirating 1000.0 uL from A1 of Opentrons 6 Tube Rack with Falcon 50 mL Conical on 9 at 137.35 uL/sec
Dispensing 1000.0 uL into A1 of Custom Beaker and Stir Plate on 4 at 137.35 uL/sec
Aspirating 1000.0 uL from A1 of Opentrons 6 Tube Rack with Falcon 50 mL Conical on 9 at 137.35 uL/sec
Dispensing 1000.0 uL into A1 of Custom Beaker and Stir Plate on 4 at 137.35 uL/sec
Delaying 5 minutes
Delaying for 5 minutes and 0.0 seconds
Aspirating 1000.0 uL from A1 of Custom Beaker and Stir Plate on 4 at 137.35 uL/sec
Dispensing 1000.0 uL into A1 of Custom Beaker and Stir Plate on 8 at 137.35 uL/sec
Aspirating 1000.0 uL from A1 of Custom Beaker and Stir Plate on 4 at 137.35 uL/sec
Dispensing 1000.0 uL into A1 of Custom Beaker and Stir Plate on 8 at 137.35 uL/sec
Aspirating 1000.0 uL from A2 of Opentrons 6 Tube Rack with Falcon 50 mL Conical on 9 at 137.35 uL/sec
Dispensing 1000.0 uL into A1 of Custom Beaker and Stir Plate on 4 at 137.35 uL/sec
Aspirating 1000.0 uL from A2 of Opentrons 6 Tube Rack with Falcon 50 mL Conical on 9 at 137.35 uL/sec
Dispensing 1000.0 uL into A1 of Custom Beaker and Stir Plate on 4 at 137.35 uL/sec
Delaying 5 minutes
Delaying for 5 minutes and 0.0 seconds
Aspirating 1000.0 uL from A1 of Custom Beaker and Stir Plate on 4 at 137.35 uL/sec
Dispensing 1000.0 uL into A1 of Custom Beaker and Stir Plate on 8 at 137.35 uL/sec
Aspirating 1000.0 uL from A1 of Custom Beaker and Stir Plate on 4 at 137.35 uL/sec
Dispensing 1000.0 uL into A1 of Custom Beaker and Stir Plate on 8 at 137.35 uL/sec
Aspirating 1000.0 uL from A3 of Opentrons 6 Tube Rack with Falcon 50 mL Conical on 9 at 137.35 uL/sec
Dispensing 1000.0 uL into A1 of Custom Beaker and Stir Plate on 4 at 137.35 uL/sec
Aspirating 1000.0 uL from A3 of Opentrons 6 Tube Rack with Falcon 50 mL Conical on 9 at 137.35 uL/sec
Dispensing 1000.0 uL into A1 of Custom Beaker and Stir Plate on 4 at 137.35 uL/sec
Delaying 5 minutes
Delaying for 5 minutes and 0.0 seconds
Aspirating 1000.0 uL from A1 of Custom Beaker and Stir Plate on 4 at 137.35 uL/sec
Dispensing 1000.0 uL into A1 of Custom Beaker and Stir Plate on 8 at 137.35 uL/sec
Aspirating 1000.0 uL from A1 of Custom Beaker and Stir Plate on 4 at 137.35 uL/sec
Dispensing 1000.0 uL into A1 of Custom Beaker and Stir Plate on 8 at 137.35 uL/sec
Aspirating 1000.0 uL from B1 of Opentrons 6 Tube Rack with Falcon 50 mL Conical on 9 at 137.35 uL/sec
Dispensing 1000.0 uL into A1 of Custom Beaker and Stir Plate on 4 at 137.35 uL/sec
Aspirating 1000.0 uL from B1 of Opentrons 6 Tube Rack with Falcon 50 mL Conical on 9 at 137.35 uL/sec
Dispensing 1000.0 uL into A1 of Custom Beaker and Stir Plate on 4 at 137.35 uL/sec
Delaying 5 minutes
Delaying for 5 minutes and 0.0 seconds
Aspirating 1000.0 uL from A1 of Custom Beaker and Stir Plate on 4 at 137.35 uL/sec
Dispensing 1000.0 uL into A1 of Custom Beaker and Stir Plate on 8 at 137.35 uL/sec
Aspirating 1000.0 uL from A1 of Custom Beaker and Stir Plate on 4 at 137.35 uL/sec
Dispensing 1000.0 uL into A1 of Custom Beaker and Stir Plate on 8 at 137.35 uL/sec
Aspirating 1000.0 uL from B2 of Opentrons 6 Tube Rack with Falcon 50 mL Conical on 9 at 137.35 uL/sec
Dispensing 1000.0 uL into A1 of Custom Beaker and Stir Plate on 4 at 137.35 uL/sec
Aspirating 1000.0 uL from B2 of Opentrons 6 Tube Rack with Falcon 50 mL Conical on 9 at 137.35 uL/sec
Dispensing 1000.0 uL into A1 of Custom Beaker and Stir Plate on 4 at 137.35 uL/sec
Delaying 5 minutes
Delaying for 5 minutes and 0.0 seconds
Aspirating 1000.0 uL from A1 of Custom Beaker and Stir Plate on 4 at 137.35 uL/sec
Dispensing 1000.0 uL into A1 of Custom Beaker and Stir Plate on 8 at 137.35 uL/sec
Aspirating 1000.0 uL from A1 of Custom Beaker and Stir Plate on 4 at 137.35 uL/sec
Dispensing 1000.0 uL into A1 of Custom Beaker and Stir Plate on 8 at 137.35 uL/sec
Aspirating 1000.0 uL from B3 of Opentrons 6 Tube Rack with Falcon 50 mL Conical on 9 at 137.35 uL/sec
Dispensing 1000.0 uL into A1 of Custom Beaker and Stir Plate on 4 at 137.35 uL/sec
Aspirating 1000.0 uL from B3 of Opentrons 6 Tube Rack with Falcon 50 mL Conical on 9 at 137.35 uL/sec
Dispensing 1000.0 uL into A1 of Custom Beaker and Stir Plate on 4 at 137.35 uL/sec
Delaying 5 minutes
Delaying for 5 minutes and 0.0 seconds
Aspirating 1000.0 uL from A1 of Custom Beaker and Stir Plate on 4 at 137.35 uL/sec
Dispensing 1000.0 uL into A1 of Custom Beaker and Stir Plate on 8 at 137.35 uL/sec
Aspirating 1000.0 uL from A1 of Custom Beaker and Stir Plate on 4 at 137.35 uL/sec
Dispensing 1000.0 uL into A1 of Custom Beaker and Stir Plate on 8 at 137.35 uL/sec
Dropping tip into A1 of Opentrons Fixed Trash on 12
Caught exception: {'message': 'Task was destroyed but it is pending!', 'task': <Task pending name='Task-4' coro=<Poller._poll_forever() running at /Users/dp/Desktop/project/github/opentrons/venv/lib/python3.10/site-packages/opentrons/hardware_control/poller.py:80> wait_for=<Future pending cb=[Task.task_wakeup()]>>}
Caught exception: {'message': 'Task was destroyed but it is pending!', 'task': <Task pending name='Task-2' coro=<Poller._poll_forever() running at /Users/dp/Desktop/project/github/opentrons/venv/lib/python3.10/site-packages/opentrons/hardware_control/poller.py:80> wait_for=<Future pending cb=[Task.task_wakeup()]>>}
Caught exception: {'message': 'Task was destroyed but it is pending!', 'task': <Task pending name='Task-3' coro=<Poller._poll_forever() running at /Users/dp/Desktop/project/github/opentrons/venv/lib/python3.10/site-packages/opentrons/hardware_control/poller.py:80> wait_for=<Future pending cb=[Task.task_wakeup()]>>}
