/Users/dp/Desktop/project/github/opentrons/venv/lib/python3.10/site-packages/opentrons/hardware_control/simulator_setup.py:205: UserWarning: Simulator configuration does not name a machine, defaulting to OT-2 Standard
  warn(
/Users/dp/.opentrons/robot_settings.json not found. Loading defaults
Deck calibration not found.
/Users/dp/.opentrons/deck_calibration.json not found. Loading defaults
Disengaging Magnetic Module
STEP - Tapestation Reagent
Logs from this command:
WARNING (legacy_module_core): The labware definition for Agilent Tapestation Plate does not define a default engagement height for use with the Magnetic Module; you must specify a height explicitly when calling engage().
Distributing 2.0 from A1 of Tapestation Reagent on 2 to A1 of Agilent Tapestation Plate on Magnetic Module GEN2 on 1
	Transferring 2.0 from A1 of Tapestation Reagent on 2 to A1 of Agilent Tapestation Plate on Magnetic Module GEN2 on 1
		Picking up tip from A1 of Opentrons OT-2 96 Filter Tip Rack 20 µL on 10
		Aspirating 20.0 uL from A1 of Tapestation Reagent on 2 at 7.6 uL/sec
		Dispensing 2.0 uL into A1 of Agilent Tapestation Plate on Magnetic Module GEN2 on 1 at 7.6 uL/sec
		Dispensing 2.0 uL into A2 of Agilent Tapestation Plate on Magnetic Module GEN2 on 1 at 7.6 uL/sec
		Dispensing 2.0 uL into A3 of Agilent Tapestation Plate on Magnetic Module GEN2 on 1 at 7.6 uL/sec
		Dispensing 2.0 uL into A4 of Agilent Tapestation Plate on Magnetic Module GEN2 on 1 at 7.6 uL/sec
		Dispensing 2.0 uL into A5 of Agilent Tapestation Plate on Magnetic Module GEN2 on 1 at 7.6 uL/sec
		Dispensing 2.0 uL into A6 of Agilent Tapestation Plate on Magnetic Module GEN2 on 1 at 7.6 uL/sec
		Dispensing 2.0 uL into A7 of Agilent Tapestation Plate on Magnetic Module GEN2 on 1 at 7.6 uL/sec
		Dispensing 2.0 uL into A8 of Agilent Tapestation Plate on Magnetic Module GEN2 on 1 at 7.6 uL/sec
		Dispensing 2.0 uL into A9 of Agilent Tapestation Plate on Magnetic Module GEN2 on 1 at 7.6 uL/sec
		Blowing out at A1 of Opentrons Fixed Trash on 12
		Aspirating 8.0 uL from A1 of Tapestation Reagent on 2 at 7.6 uL/sec
		Dispensing 2.0 uL into A10 of Agilent Tapestation Plate on Magnetic Module GEN2 on 1 at 7.6 uL/sec
		Dispensing 2.0 uL into A11 of Agilent Tapestation Plate on Magnetic Module GEN2 on 1 at 7.6 uL/sec
		Dispensing 2.0 uL into A12 of Agilent Tapestation Plate on Magnetic Module GEN2 on 1 at 7.6 uL/sec
		Blowing out at A1 of Opentrons Fixed Trash on 12
		Dropping tip into A1 of Opentrons Fixed Trash on 12
Pausing robot operation: Place Qubit 8-tube Flex Strips on aluminum block and resume
STEP - Libraries to Qubit Strip Tubes and Tapestation Plate
Distributing 2.0 from A1 of Libraries at Room Temperature on Temperature Module GEN1 on 3 to A1 of Opentrons 96 Well Aluminum Block with Generic PCR Strip 200 µL on 5
	Transferring 2.0 from A1 of Libraries at Room Temperature on Temperature Module GEN1 on 3 to A1 of Opentrons 96 Well Aluminum Block with Generic PCR Strip 200 µL on 5
		Picking up tip from A2 of Opentrons OT-2 96 Filter Tip Rack 20 µL on 10
		Aspirating 4.0 uL from A1 of Libraries at Room Temperature on Temperature Module GEN1 on 3 at 7.6 uL/sec
		Dispensing 2.0 uL into A1 of Opentrons 96 Well Aluminum Block with Generic PCR Strip 200 µL on 5 at 7.6 uL/sec
		Dispensing 2.0 uL into A1 of Agilent Tapestation Plate on Magnetic Module GEN2 on 1 at 7.6 uL/sec
		Dropping tip into A1 of Opentrons Fixed Trash on 12
Distributing 2.0 from A2 of Libraries at Room Temperature on Temperature Module GEN1 on 3 to A3 of Opentrons 96 Well Aluminum Block with Generic PCR Strip 200 µL on 5
	Transferring 2.0 from A2 of Libraries at Room Temperature on Temperature Module GEN1 on 3 to A3 of Opentrons 96 Well Aluminum Block with Generic PCR Strip 200 µL on 5
		Picking up tip from A3 of Opentrons OT-2 96 Filter Tip Rack 20 µL on 10
		Aspirating 4.0 uL from A2 of Libraries at Room Temperature on Temperature Module GEN1 on 3 at 7.6 uL/sec
		Dispensing 2.0 uL into A3 of Opentrons 96 Well Aluminum Block with Generic PCR Strip 200 µL on 5 at 7.6 uL/sec
		Dispensing 2.0 uL into A2 of Agilent Tapestation Plate on Magnetic Module GEN2 on 1 at 7.6 uL/sec
		Dropping tip into A1 of Opentrons Fixed Trash on 12
Distributing 2.0 from A3 of Libraries at Room Temperature on Temperature Module GEN1 on 3 to A5 of Opentrons 96 Well Aluminum Block with Generic PCR Strip 200 µL on 5
	Transferring 2.0 from A3 of Libraries at Room Temperature on Temperature Module GEN1 on 3 to A5 of Opentrons 96 Well Aluminum Block with Generic PCR Strip 200 µL on 5
		Picking up tip from A4 of Opentrons OT-2 96 Filter Tip Rack 20 µL on 10
		Aspirating 4.0 uL from A3 of Libraries at Room Temperature on Temperature Module GEN1 on 3 at 7.6 uL/sec
		Dispensing 2.0 uL into A5 of Opentrons 96 Well Aluminum Block with Generic PCR Strip 200 µL on 5 at 7.6 uL/sec
		Dispensing 2.0 uL into A3 of Agilent Tapestation Plate on Magnetic Module GEN2 on 1 at 7.6 uL/sec
		Dropping tip into A1 of Opentrons Fixed Trash on 12
Distributing 2.0 from A4 of Libraries at Room Temperature on Temperature Module GEN1 on 3 to A7 of Opentrons 96 Well Aluminum Block with Generic PCR Strip 200 µL on 5
	Transferring 2.0 from A4 of Libraries at Room Temperature on Temperature Module GEN1 on 3 to A7 of Opentrons 96 Well Aluminum Block with Generic PCR Strip 200 µL on 5
		Picking up tip from A5 of Opentrons OT-2 96 Filter Tip Rack 20 µL on 10
		Aspirating 4.0 uL from A4 of Libraries at Room Temperature on Temperature Module GEN1 on 3 at 7.6 uL/sec
		Dispensing 2.0 uL into A7 of Opentrons 96 Well Aluminum Block with Generic PCR Strip 200 µL on 5 at 7.6 uL/sec
		Dispensing 2.0 uL into A4 of Agilent Tapestation Plate on Magnetic Module GEN2 on 1 at 7.6 uL/sec
		Dropping tip into A1 of Opentrons Fixed Trash on 12
Distributing 2.0 from A5 of Libraries at Room Temperature on Temperature Module GEN1 on 3 to A9 of Opentrons 96 Well Aluminum Block with Generic PCR Strip 200 µL on 5
	Transferring 2.0 from A5 of Libraries at Room Temperature on Temperature Module GEN1 on 3 to A9 of Opentrons 96 Well Aluminum Block with Generic PCR Strip 200 µL on 5
		Picking up tip from A6 of Opentrons OT-2 96 Filter Tip Rack 20 µL on 10
		Aspirating 4.0 uL from A5 of Libraries at Room Temperature on Temperature Module GEN1 on 3 at 7.6 uL/sec
		Dispensing 2.0 uL into A9 of Opentrons 96 Well Aluminum Block with Generic PCR Strip 200 µL on 5 at 7.6 uL/sec
		Dispensing 2.0 uL into A5 of Agilent Tapestation Plate on Magnetic Module GEN2 on 1 at 7.6 uL/sec
		Dropping tip into A1 of Opentrons Fixed Trash on 12
Distributing 2.0 from A6 of Libraries at Room Temperature on Temperature Module GEN1 on 3 to A11 of Opentrons 96 Well Aluminum Block with Generic PCR Strip 200 µL on 5
	Transferring 2.0 from A6 of Libraries at Room Temperature on Temperature Module GEN1 on 3 to A11 of Opentrons 96 Well Aluminum Block with Generic PCR Strip 200 µL on 5
		Picking up tip from A7 of Opentrons OT-2 96 Filter Tip Rack 20 µL on 10
		Aspirating 4.0 uL from A6 of Libraries at Room Temperature on Temperature Module GEN1 on 3 at 7.6 uL/sec
		Dispensing 2.0 uL into A11 of Opentrons 96 Well Aluminum Block with Generic PCR Strip 200 µL on 5 at 7.6 uL/sec
		Dispensing 2.0 uL into A6 of Agilent Tapestation Plate on Magnetic Module GEN2 on 1 at 7.6 uL/sec
		Dropping tip into A1 of Opentrons Fixed Trash on 12
Distributing 2.0 from A7 of Libraries at Room Temperature on Temperature Module GEN1 on 3 to A1 of Opentrons 96 Well Aluminum Block with Generic PCR Strip 200 µL on 6
	Transferring 2.0 from A7 of Libraries at Room Temperature on Temperature Module GEN1 on 3 to A1 of Opentrons 96 Well Aluminum Block with Generic PCR Strip 200 µL on 6
		Picking up tip from A8 of Opentrons OT-2 96 Filter Tip Rack 20 µL on 10
		Aspirating 4.0 uL from A7 of Libraries at Room Temperature on Temperature Module GEN1 on 3 at 7.6 uL/sec
		Dispensing 2.0 uL into A1 of Opentrons 96 Well Aluminum Block with Generic PCR Strip 200 µL on 6 at 7.6 uL/sec
		Dispensing 2.0 uL into A7 of Agilent Tapestation Plate on Magnetic Module GEN2 on 1 at 7.6 uL/sec
		Dropping tip into A1 of Opentrons Fixed Trash on 12
Distributing 2.0 from A8 of Libraries at Room Temperature on Temperature Module GEN1 on 3 to A3 of Opentrons 96 Well Aluminum Block with Generic PCR Strip 200 µL on 6
	Transferring 2.0 from A8 of Libraries at Room Temperature on Temperature Module GEN1 on 3 to A3 of Opentrons 96 Well Aluminum Block with Generic PCR Strip 200 µL on 6
		Picking up tip from A9 of Opentrons OT-2 96 Filter Tip Rack 20 µL on 10
		Aspirating 4.0 uL from A8 of Libraries at Room Temperature on Temperature Module GEN1 on 3 at 7.6 uL/sec
		Dispensing 2.0 uL into A3 of Opentrons 96 Well Aluminum Block with Generic PCR Strip 200 µL on 6 at 7.6 uL/sec
		Dispensing 2.0 uL into A8 of Agilent Tapestation Plate on Magnetic Module GEN2 on 1 at 7.6 uL/sec
		Dropping tip into A1 of Opentrons Fixed Trash on 12
Distributing 2.0 from A9 of Libraries at Room Temperature on Temperature Module GEN1 on 3 to A5 of Opentrons 96 Well Aluminum Block with Generic PCR Strip 200 µL on 6
	Transferring 2.0 from A9 of Libraries at Room Temperature on Temperature Module GEN1 on 3 to A5 of Opentrons 96 Well Aluminum Block with Generic PCR Strip 200 µL on 6
		Picking up tip from A10 of Opentrons OT-2 96 Filter Tip Rack 20 µL on 10
		Aspirating 4.0 uL from A9 of Libraries at Room Temperature on Temperature Module GEN1 on 3 at 7.6 uL/sec
		Dispensing 2.0 uL into A5 of Opentrons 96 Well Aluminum Block with Generic PCR Strip 200 µL on 6 at 7.6 uL/sec
		Dispensing 2.0 uL into A9 of Agilent Tapestation Plate on Magnetic Module GEN2 on 1 at 7.6 uL/sec
		Dropping tip into A1 of Opentrons Fixed Trash on 12
Distributing 2.0 from A10 of Libraries at Room Temperature on Temperature Module GEN1 on 3 to A7 of Opentrons 96 Well Aluminum Block with Generic PCR Strip 200 µL on 6
	Transferring 2.0 from A10 of Libraries at Room Temperature on Temperature Module GEN1 on 3 to A7 of Opentrons 96 Well Aluminum Block with Generic PCR Strip 200 µL on 6
		Picking up tip from A11 of Opentrons OT-2 96 Filter Tip Rack 20 µL on 10
		Aspirating 4.0 uL from A10 of Libraries at Room Temperature on Temperature Module GEN1 on 3 at 7.6 uL/sec
		Dispensing 2.0 uL into A7 of Opentrons 96 Well Aluminum Block with Generic PCR Strip 200 µL on 6 at 7.6 uL/sec
		Dispensing 2.0 uL into A10 of Agilent Tapestation Plate on Magnetic Module GEN2 on 1 at 7.6 uL/sec
		Dropping tip into A1 of Opentrons Fixed Trash on 12
Distributing 2.0 from A11 of Libraries at Room Temperature on Temperature Module GEN1 on 3 to A9 of Opentrons 96 Well Aluminum Block with Generic PCR Strip 200 µL on 6
	Transferring 2.0 from A11 of Libraries at Room Temperature on Temperature Module GEN1 on 3 to A9 of Opentrons 96 Well Aluminum Block with Generic PCR Strip 200 µL on 6
		Picking up tip from A12 of Opentrons OT-2 96 Filter Tip Rack 20 µL on 10
		Aspirating 4.0 uL from A11 of Libraries at Room Temperature on Temperature Module GEN1 on 3 at 7.6 uL/sec
		Dispensing 2.0 uL into A9 of Opentrons 96 Well Aluminum Block with Generic PCR Strip 200 µL on 6 at 7.6 uL/sec
		Dispensing 2.0 uL into A11 of Agilent Tapestation Plate on Magnetic Module GEN2 on 1 at 7.6 uL/sec
		Dropping tip into A1 of Opentrons Fixed Trash on 12
Distributing 2.0 from A12 of Libraries at Room Temperature on Temperature Module GEN1 on 3 to A11 of Opentrons 96 Well Aluminum Block with Generic PCR Strip 200 µL on 6
	Transferring 2.0 from A12 of Libraries at Room Temperature on Temperature Module GEN1 on 3 to A11 of Opentrons 96 Well Aluminum Block with Generic PCR Strip 200 µL on 6
		Picking up tip from A1 of Opentrons OT-2 96 Filter Tip Rack 20 µL on 11
		Aspirating 4.0 uL from A12 of Libraries at Room Temperature on Temperature Module GEN1 on 3 at 7.6 uL/sec
		Dispensing 2.0 uL into A11 of Opentrons 96 Well Aluminum Block with Generic PCR Strip 200 µL on 6 at 7.6 uL/sec
		Dispensing 2.0 uL into A12 of Agilent Tapestation Plate on Magnetic Module GEN2 on 1 at 7.6 uL/sec
		Dropping tip into A1 of Opentrons Fixed Trash on 12
STEP - Qubit solution to Qubit Flex Strip Tubes
Transferring 198.0 from A1 of Reservoir on 4 to A1 of Opentrons 96 Well Aluminum Block with Generic PCR Strip 200 µL on 5
	Picking up tip from A1 of Opentrons OT-2 96 Filter Tip Rack 200 µL on 7
	Aspirating 198.0 uL from A1 of Reservoir on 4 at 94.0 uL/sec
	Dispensing 198.0 uL into A1 of Opentrons 96 Well Aluminum Block with Generic PCR Strip 200 µL on 5 at 94.0 uL/sec
	Mixing 10 times with a volume of 160.0 ul
		Aspirating 160.0 uL from A1 of Opentrons 96 Well Aluminum Block with Generic PCR Strip 200 µL on 5 at 94.0 uL/sec
		Dispensing 160.0 uL into A1 of Opentrons 96 Well Aluminum Block with Generic PCR Strip 200 µL on 5 at 94.0 uL/sec
		Aspirating 160.0 uL from A1 of Opentrons 96 Well Aluminum Block with Generic PCR Strip 200 µL on 5 at 94.0 uL/sec
		Dispensing 160.0 uL into A1 of Opentrons 96 Well Aluminum Block with Generic PCR Strip 200 µL on 5 at 94.0 uL/sec
		Aspirating 160.0 uL from A1 of Opentrons 96 Well Aluminum Block with Generic PCR Strip 200 µL on 5 at 94.0 uL/sec
		Dispensing 160.0 uL into A1 of Opentrons 96 Well Aluminum Block with Generic PCR Strip 200 µL on 5 at 94.0 uL/sec
		Aspirating 160.0 uL from A1 of Opentrons 96 Well Aluminum Block with Generic PCR Strip 200 µL on 5 at 94.0 uL/sec
		Dispensing 160.0 uL into A1 of Opentrons 96 Well Aluminum Block with Generic PCR Strip 200 µL on 5 at 94.0 uL/sec
		Aspirating 160.0 uL from A1 of Opentrons 96 Well Aluminum Block with Generic PCR Strip 200 µL on 5 at 94.0 uL/sec
		Dispensing 160.0 uL into A1 of Opentrons 96 Well Aluminum Block with Generic PCR Strip 200 µL on 5 at 94.0 uL/sec
		Aspirating 160.0 uL from A1 of Opentrons 96 Well Aluminum Block with Generic PCR Strip 200 µL on 5 at 94.0 uL/sec
		Dispensing 160.0 uL into A1 of Opentrons 96 Well Aluminum Block with Generic PCR Strip 200 µL on 5 at 94.0 uL/sec
		Aspirating 160.0 uL from A1 of Opentrons 96 Well Aluminum Block with Generic PCR Strip 200 µL on 5 at 94.0 uL/sec
		Dispensing 160.0 uL into A1 of Opentrons 96 Well Aluminum Block with Generic PCR Strip 200 µL on 5 at 94.0 uL/sec
		Aspirating 160.0 uL from A1 of Opentrons 96 Well Aluminum Block with Generic PCR Strip 200 µL on 5 at 94.0 uL/sec
		Dispensing 160.0 uL into A1 of Opentrons 96 Well Aluminum Block with Generic PCR Strip 200 µL on 5 at 94.0 uL/sec
		Aspirating 160.0 uL from A1 of Opentrons 96 Well Aluminum Block with Generic PCR Strip 200 µL on 5 at 94.0 uL/sec
		Dispensing 160.0 uL into A1 of Opentrons 96 Well Aluminum Block with Generic PCR Strip 200 µL on 5 at 94.0 uL/sec
		Aspirating 160.0 uL from A1 of Opentrons 96 Well Aluminum Block with Generic PCR Strip 200 µL on 5 at 94.0 uL/sec
		Dispensing 160.0 uL into A1 of Opentrons 96 Well Aluminum Block with Generic PCR Strip 200 µL on 5 at 94.0 uL/sec
	Dropping tip into A1 of Opentrons Fixed Trash on 12
	Picking up tip from A2 of Opentrons OT-2 96 Filter Tip Rack 200 µL on 7
	Aspirating 198.0 uL from A1 of Reservoir on 4 at 94.0 uL/sec
	Dispensing 198.0 uL into A3 of Opentrons 96 Well Aluminum Block with Generic PCR Strip 200 µL on 5 at 94.0 uL/sec
	Mixing 10 times with a volume of 160.0 ul
		Aspirating 160.0 uL from A3 of Opentrons 96 Well Aluminum Block with Generic PCR Strip 200 µL on 5 at 94.0 uL/sec
		Dispensing 160.0 uL into A3 of Opentrons 96 Well Aluminum Block with Generic PCR Strip 200 µL on 5 at 94.0 uL/sec
		Aspirating 160.0 uL from A3 of Opentrons 96 Well Aluminum Block with Generic PCR Strip 200 µL on 5 at 94.0 uL/sec
		Dispensing 160.0 uL into A3 of Opentrons 96 Well Aluminum Block with Generic PCR Strip 200 µL on 5 at 94.0 uL/sec
		Aspirating 160.0 uL from A3 of Opentrons 96 Well Aluminum Block with Generic PCR Strip 200 µL on 5 at 94.0 uL/sec
		Dispensing 160.0 uL into A3 of Opentrons 96 Well Aluminum Block with Generic PCR Strip 200 µL on 5 at 94.0 uL/sec
		Aspirating 160.0 uL from A3 of Opentrons 96 Well Aluminum Block with Generic PCR Strip 200 µL on 5 at 94.0 uL/sec
		Dispensing 160.0 uL into A3 of Opentrons 96 Well Aluminum Block with Generic PCR Strip 200 µL on 5 at 94.0 uL/sec
		Aspirating 160.0 uL from A3 of Opentrons 96 Well Aluminum Block with Generic PCR Strip 200 µL on 5 at 94.0 uL/sec
		Dispensing 160.0 uL into A3 of Opentrons 96 Well Aluminum Block with Generic PCR Strip 200 µL on 5 at 94.0 uL/sec
		Aspirating 160.0 uL from A3 of Opentrons 96 Well Aluminum Block with Generic PCR Strip 200 µL on 5 at 94.0 uL/sec
		Dispensing 160.0 uL into A3 of Opentrons 96 Well Aluminum Block with Generic PCR Strip 200 µL on 5 at 94.0 uL/sec
		Aspirating 160.0 uL from A3 of Opentrons 96 Well Aluminum Block with Generic PCR Strip 200 µL on 5 at 94.0 uL/sec
		Dispensing 160.0 uL into A3 of Opentrons 96 Well Aluminum Block with Generic PCR Strip 200 µL on 5 at 94.0 uL/sec
		Aspirating 160.0 uL from A3 of Opentrons 96 Well Aluminum Block with Generic PCR Strip 200 µL on 5 at 94.0 uL/sec
		Dispensing 160.0 uL into A3 of Opentrons 96 Well Aluminum Block with Generic PCR Strip 200 µL on 5 at 94.0 uL/sec
		Aspirating 160.0 uL from A3 of Opentrons 96 Well Aluminum Block with Generic PCR Strip 200 µL on 5 at 94.0 uL/sec
		Dispensing 160.0 uL into A3 of Opentrons 96 Well Aluminum Block with Generic PCR Strip 200 µL on 5 at 94.0 uL/sec
		Aspirating 160.0 uL from A3 of Opentrons 96 Well Aluminum Block with Generic PCR Strip 200 µL on 5 at 94.0 uL/sec
		Dispensing 160.0 uL into A3 of Opentrons 96 Well Aluminum Block with Generic PCR Strip 200 µL on 5 at 94.0 uL/sec
	Dropping tip into A1 of Opentrons Fixed Trash on 12
	Picking up tip from A3 of Opentrons OT-2 96 Filter Tip Rack 200 µL on 7
	Aspirating 198.0 uL from A1 of Reservoir on 4 at 94.0 uL/sec
	Dispensing 198.0 uL into A5 of Opentrons 96 Well Aluminum Block with Generic PCR Strip 200 µL on 5 at 94.0 uL/sec
	Mixing 10 times with a volume of 160.0 ul
		Aspirating 160.0 uL from A5 of Opentrons 96 Well Aluminum Block with Generic PCR Strip 200 µL on 5 at 94.0 uL/sec
		Dispensing 160.0 uL into A5 of Opentrons 96 Well Aluminum Block with Generic PCR Strip 200 µL on 5 at 94.0 uL/sec
		Aspirating 160.0 uL from A5 of Opentrons 96 Well Aluminum Block with Generic PCR Strip 200 µL on 5 at 94.0 uL/sec
		Dispensing 160.0 uL into A5 of Opentrons 96 Well Aluminum Block with Generic PCR Strip 200 µL on 5 at 94.0 uL/sec
		Aspirating 160.0 uL from A5 of Opentrons 96 Well Aluminum Block with Generic PCR Strip 200 µL on 5 at 94.0 uL/sec
		Dispensing 160.0 uL into A5 of Opentrons 96 Well Aluminum Block with Generic PCR Strip 200 µL on 5 at 94.0 uL/sec
		Aspirating 160.0 uL from A5 of Opentrons 96 Well Aluminum Block with Generic PCR Strip 200 µL on 5 at 94.0 uL/sec
		Dispensing 160.0 uL into A5 of Opentrons 96 Well Aluminum Block with Generic PCR Strip 200 µL on 5 at 94.0 uL/sec
		Aspirating 160.0 uL from A5 of Opentrons 96 Well Aluminum Block with Generic PCR Strip 200 µL on 5 at 94.0 uL/sec
		Dispensing 160.0 uL into A5 of Opentrons 96 Well Aluminum Block with Generic PCR Strip 200 µL on 5 at 94.0 uL/sec
		Aspirating 160.0 uL from A5 of Opentrons 96 Well Aluminum Block with Generic PCR Strip 200 µL on 5 at 94.0 uL/sec
		Dispensing 160.0 uL into A5 of Opentrons 96 Well Aluminum Block with Generic PCR Strip 200 µL on 5 at 94.0 uL/sec
		Aspirating 160.0 uL from A5 of Opentrons 96 Well Aluminum Block with Generic PCR Strip 200 µL on 5 at 94.0 uL/sec
		Dispensing 160.0 uL into A5 of Opentrons 96 Well Aluminum Block with Generic PCR Strip 200 µL on 5 at 94.0 uL/sec
		Aspirating 160.0 uL from A5 of Opentrons 96 Well Aluminum Block with Generic PCR Strip 200 µL on 5 at 94.0 uL/sec
		Dispensing 160.0 uL into A5 of Opentrons 96 Well Aluminum Block with Generic PCR Strip 200 µL on 5 at 94.0 uL/sec
		Aspirating 160.0 uL from A5 of Opentrons 96 Well Aluminum Block with Generic PCR Strip 200 µL on 5 at 94.0 uL/sec
		Dispensing 160.0 uL into A5 of Opentrons 96 Well Aluminum Block with Generic PCR Strip 200 µL on 5 at 94.0 uL/sec
		Aspirating 160.0 uL from A5 of Opentrons 96 Well Aluminum Block with Generic PCR Strip 200 µL on 5 at 94.0 uL/sec
		Dispensing 160.0 uL into A5 of Opentrons 96 Well Aluminum Block with Generic PCR Strip 200 µL on 5 at 94.0 uL/sec
	Dropping tip into A1 of Opentrons Fixed Trash on 12
	Picking up tip from A4 of Opentrons OT-2 96 Filter Tip Rack 200 µL on 7
	Aspirating 198.0 uL from A1 of Reservoir on 4 at 94.0 uL/sec
	Dispensing 198.0 uL into A7 of Opentrons 96 Well Aluminum Block with Generic PCR Strip 200 µL on 5 at 94.0 uL/sec
	Mixing 10 times with a volume of 160.0 ul
		Aspirating 160.0 uL from A7 of Opentrons 96 Well Aluminum Block with Generic PCR Strip 200 µL on 5 at 94.0 uL/sec
		Dispensing 160.0 uL into A7 of Opentrons 96 Well Aluminum Block with Generic PCR Strip 200 µL on 5 at 94.0 uL/sec
		Aspirating 160.0 uL from A7 of Opentrons 96 Well Aluminum Block with Generic PCR Strip 200 µL on 5 at 94.0 uL/sec
		Dispensing 160.0 uL into A7 of Opentrons 96 Well Aluminum Block with Generic PCR Strip 200 µL on 5 at 94.0 uL/sec
		Aspirating 160.0 uL from A7 of Opentrons 96 Well Aluminum Block with Generic PCR Strip 200 µL on 5 at 94.0 uL/sec
		Dispensing 160.0 uL into A7 of Opentrons 96 Well Aluminum Block with Generic PCR Strip 200 µL on 5 at 94.0 uL/sec
		Aspirating 160.0 uL from A7 of Opentrons 96 Well Aluminum Block with Generic PCR Strip 200 µL on 5 at 94.0 uL/sec
		Dispensing 160.0 uL into A7 of Opentrons 96 Well Aluminum Block with Generic PCR Strip 200 µL on 5 at 94.0 uL/sec
		Aspirating 160.0 uL from A7 of Opentrons 96 Well Aluminum Block with Generic PCR Strip 200 µL on 5 at 94.0 uL/sec
		Dispensing 160.0 uL into A7 of Opentrons 96 Well Aluminum Block with Generic PCR Strip 200 µL on 5 at 94.0 uL/sec
		Aspirating 160.0 uL from A7 of Opentrons 96 Well Aluminum Block with Generic PCR Strip 200 µL on 5 at 94.0 uL/sec
		Dispensing 160.0 uL into A7 of Opentrons 96 Well Aluminum Block with Generic PCR Strip 200 µL on 5 at 94.0 uL/sec
		Aspirating 160.0 uL from A7 of Opentrons 96 Well Aluminum Block with Generic PCR Strip 200 µL on 5 at 94.0 uL/sec
		Dispensing 160.0 uL into A7 of Opentrons 96 Well Aluminum Block with Generic PCR Strip 200 µL on 5 at 94.0 uL/sec
		Aspirating 160.0 uL from A7 of Opentrons 96 Well Aluminum Block with Generic PCR Strip 200 µL on 5 at 94.0 uL/sec
		Dispensing 160.0 uL into A7 of Opentrons 96 Well Aluminum Block with Generic PCR Strip 200 µL on 5 at 94.0 uL/sec
		Aspirating 160.0 uL from A7 of Opentrons 96 Well Aluminum Block with Generic PCR Strip 200 µL on 5 at 94.0 uL/sec
		Dispensing 160.0 uL into A7 of Opentrons 96 Well Aluminum Block with Generic PCR Strip 200 µL on 5 at 94.0 uL/sec
		Aspirating 160.0 uL from A7 of Opentrons 96 Well Aluminum Block with Generic PCR Strip 200 µL on 5 at 94.0 uL/sec
		Dispensing 160.0 uL into A7 of Opentrons 96 Well Aluminum Block with Generic PCR Strip 200 µL on 5 at 94.0 uL/sec
	Dropping tip into A1 of Opentrons Fixed Trash on 12
	Picking up tip from A5 of Opentrons OT-2 96 Filter Tip Rack 200 µL on 7
	Aspirating 198.0 uL from A1 of Reservoir on 4 at 94.0 uL/sec
	Dispensing 198.0 uL into A9 of Opentrons 96 Well Aluminum Block with Generic PCR Strip 200 µL on 5 at 94.0 uL/sec
	Mixing 10 times with a volume of 160.0 ul
		Aspirating 160.0 uL from A9 of Opentrons 96 Well Aluminum Block with Generic PCR Strip 200 µL on 5 at 94.0 uL/sec
		Dispensing 160.0 uL into A9 of Opentrons 96 Well Aluminum Block with Generic PCR Strip 200 µL on 5 at 94.0 uL/sec
		Aspirating 160.0 uL from A9 of Opentrons 96 Well Aluminum Block with Generic PCR Strip 200 µL on 5 at 94.0 uL/sec
		Dispensing 160.0 uL into A9 of Opentrons 96 Well Aluminum Block with Generic PCR Strip 200 µL on 5 at 94.0 uL/sec
		Aspirating 160.0 uL from A9 of Opentrons 96 Well Aluminum Block with Generic PCR Strip 200 µL on 5 at 94.0 uL/sec
		Dispensing 160.0 uL into A9 of Opentrons 96 Well Aluminum Block with Generic PCR Strip 200 µL on 5 at 94.0 uL/sec
		Aspirating 160.0 uL from A9 of Opentrons 96 Well Aluminum Block with Generic PCR Strip 200 µL on 5 at 94.0 uL/sec
		Dispensing 160.0 uL into A9 of Opentrons 96 Well Aluminum Block with Generic PCR Strip 200 µL on 5 at 94.0 uL/sec
		Aspirating 160.0 uL from A9 of Opentrons 96 Well Aluminum Block with Generic PCR Strip 200 µL on 5 at 94.0 uL/sec
		Dispensing 160.0 uL into A9 of Opentrons 96 Well Aluminum Block with Generic PCR Strip 200 µL on 5 at 94.0 uL/sec
		Aspirating 160.0 uL from A9 of Opentrons 96 Well Aluminum Block with Generic PCR Strip 200 µL on 5 at 94.0 uL/sec
		Dispensing 160.0 uL into A9 of Opentrons 96 Well Aluminum Block with Generic PCR Strip 200 µL on 5 at 94.0 uL/sec
		Aspirating 160.0 uL from A9 of Opentrons 96 Well Aluminum Block with Generic PCR Strip 200 µL on 5 at 94.0 uL/sec
		Dispensing 160.0 uL into A9 of Opentrons 96 Well Aluminum Block with Generic PCR Strip 200 µL on 5 at 94.0 uL/sec
		Aspirating 160.0 uL from A9 of Opentrons 96 Well Aluminum Block with Generic PCR Strip 200 µL on 5 at 94.0 uL/sec
		Dispensing 160.0 uL into A9 of Opentrons 96 Well Aluminum Block with Generic PCR Strip 200 µL on 5 at 94.0 uL/sec
		Aspirating 160.0 uL from A9 of Opentrons 96 Well Aluminum Block with Generic PCR Strip 200 µL on 5 at 94.0 uL/sec
		Dispensing 160.0 uL into A9 of Opentrons 96 Well Aluminum Block with Generic PCR Strip 200 µL on 5 at 94.0 uL/sec
		Aspirating 160.0 uL from A9 of Opentrons 96 Well Aluminum Block with Generic PCR Strip 200 µL on 5 at 94.0 uL/sec
		Dispensing 160.0 uL into A9 of Opentrons 96 Well Aluminum Block with Generic PCR Strip 200 µL on 5 at 94.0 uL/sec
	Dropping tip into A1 of Opentrons Fixed Trash on 12
	Picking up tip from A6 of Opentrons OT-2 96 Filter Tip Rack 200 µL on 7
	Aspirating 198.0 uL from A1 of Reservoir on 4 at 94.0 uL/sec
	Dispensing 198.0 uL into A11 of Opentrons 96 Well Aluminum Block with Generic PCR Strip 200 µL on 5 at 94.0 uL/sec
	Mixing 10 times with a volume of 160.0 ul
		Aspirating 160.0 uL from A11 of Opentrons 96 Well Aluminum Block with Generic PCR Strip 200 µL on 5 at 94.0 uL/sec
		Dispensing 160.0 uL into A11 of Opentrons 96 Well Aluminum Block with Generic PCR Strip 200 µL on 5 at 94.0 uL/sec
		Aspirating 160.0 uL from A11 of Opentrons 96 Well Aluminum Block with Generic PCR Strip 200 µL on 5 at 94.0 uL/sec
		Dispensing 160.0 uL into A11 of Opentrons 96 Well Aluminum Block with Generic PCR Strip 200 µL on 5 at 94.0 uL/sec
		Aspirating 160.0 uL from A11 of Opentrons 96 Well Aluminum Block with Generic PCR Strip 200 µL on 5 at 94.0 uL/sec
		Dispensing 160.0 uL into A11 of Opentrons 96 Well Aluminum Block with Generic PCR Strip 200 µL on 5 at 94.0 uL/sec
		Aspirating 160.0 uL from A11 of Opentrons 96 Well Aluminum Block with Generic PCR Strip 200 µL on 5 at 94.0 uL/sec
		Dispensing 160.0 uL into A11 of Opentrons 96 Well Aluminum Block with Generic PCR Strip 200 µL on 5 at 94.0 uL/sec
		Aspirating 160.0 uL from A11 of Opentrons 96 Well Aluminum Block with Generic PCR Strip 200 µL on 5 at 94.0 uL/sec
		Dispensing 160.0 uL into A11 of Opentrons 96 Well Aluminum Block with Generic PCR Strip 200 µL on 5 at 94.0 uL/sec
		Aspirating 160.0 uL from A11 of Opentrons 96 Well Aluminum Block with Generic PCR Strip 200 µL on 5 at 94.0 uL/sec
		Dispensing 160.0 uL into A11 of Opentrons 96 Well Aluminum Block with Generic PCR Strip 200 µL on 5 at 94.0 uL/sec
		Aspirating 160.0 uL from A11 of Opentrons 96 Well Aluminum Block with Generic PCR Strip 200 µL on 5 at 94.0 uL/sec
		Dispensing 160.0 uL into A11 of Opentrons 96 Well Aluminum Block with Generic PCR Strip 200 µL on 5 at 94.0 uL/sec
		Aspirating 160.0 uL from A11 of Opentrons 96 Well Aluminum Block with Generic PCR Strip 200 µL on 5 at 94.0 uL/sec
		Dispensing 160.0 uL into A11 of Opentrons 96 Well Aluminum Block with Generic PCR Strip 200 µL on 5 at 94.0 uL/sec
		Aspirating 160.0 uL from A11 of Opentrons 96 Well Aluminum Block with Generic PCR Strip 200 µL on 5 at 94.0 uL/sec
		Dispensing 160.0 uL into A11 of Opentrons 96 Well Aluminum Block with Generic PCR Strip 200 µL on 5 at 94.0 uL/sec
		Aspirating 160.0 uL from A11 of Opentrons 96 Well Aluminum Block with Generic PCR Strip 200 µL on 5 at 94.0 uL/sec
		Dispensing 160.0 uL into A11 of Opentrons 96 Well Aluminum Block with Generic PCR Strip 200 µL on 5 at 94.0 uL/sec
	Dropping tip into A1 of Opentrons Fixed Trash on 12
	Picking up tip from A7 of Opentrons OT-2 96 Filter Tip Rack 200 µL on 7
	Aspirating 198.0 uL from A1 of Reservoir on 4 at 94.0 uL/sec
	Dispensing 198.0 uL into A1 of Opentrons 96 Well Aluminum Block with Generic PCR Strip 200 µL on 6 at 94.0 uL/sec
	Mixing 10 times with a volume of 160.0 ul
		Aspirating 160.0 uL from A1 of Opentrons 96 Well Aluminum Block with Generic PCR Strip 200 µL on 6 at 94.0 uL/sec
		Dispensing 160.0 uL into A1 of Opentrons 96 Well Aluminum Block with Generic PCR Strip 200 µL on 6 at 94.0 uL/sec
		Aspirating 160.0 uL from A1 of Opentrons 96 Well Aluminum Block with Generic PCR Strip 200 µL on 6 at 94.0 uL/sec
		Dispensing 160.0 uL into A1 of Opentrons 96 Well Aluminum Block with Generic PCR Strip 200 µL on 6 at 94.0 uL/sec
		Aspirating 160.0 uL from A1 of Opentrons 96 Well Aluminum Block with Generic PCR Strip 200 µL on 6 at 94.0 uL/sec
		Dispensing 160.0 uL into A1 of Opentrons 96 Well Aluminum Block with Generic PCR Strip 200 µL on 6 at 94.0 uL/sec
		Aspirating 160.0 uL from A1 of Opentrons 96 Well Aluminum Block with Generic PCR Strip 200 µL on 6 at 94.0 uL/sec
		Dispensing 160.0 uL into A1 of Opentrons 96 Well Aluminum Block with Generic PCR Strip 200 µL on 6 at 94.0 uL/sec
		Aspirating 160.0 uL from A1 of Opentrons 96 Well Aluminum Block with Generic PCR Strip 200 µL on 6 at 94.0 uL/sec
		Dispensing 160.0 uL into A1 of Opentrons 96 Well Aluminum Block with Generic PCR Strip 200 µL on 6 at 94.0 uL/sec
		Aspirating 160.0 uL from A1 of Opentrons 96 Well Aluminum Block with Generic PCR Strip 200 µL on 6 at 94.0 uL/sec
		Dispensing 160.0 uL into A1 of Opentrons 96 Well Aluminum Block with Generic PCR Strip 200 µL on 6 at 94.0 uL/sec
		Aspirating 160.0 uL from A1 of Opentrons 96 Well Aluminum Block with Generic PCR Strip 200 µL on 6 at 94.0 uL/sec
		Dispensing 160.0 uL into A1 of Opentrons 96 Well Aluminum Block with Generic PCR Strip 200 µL on 6 at 94.0 uL/sec
		Aspirating 160.0 uL from A1 of Opentrons 96 Well Aluminum Block with Generic PCR Strip 200 µL on 6 at 94.0 uL/sec
		Dispensing 160.0 uL into A1 of Opentrons 96 Well Aluminum Block with Generic PCR Strip 200 µL on 6 at 94.0 uL/sec
		Aspirating 160.0 uL from A1 of Opentrons 96 Well Aluminum Block with Generic PCR Strip 200 µL on 6 at 94.0 uL/sec
		Dispensing 160.0 uL into A1 of Opentrons 96 Well Aluminum Block with Generic PCR Strip 200 µL on 6 at 94.0 uL/sec
		Aspirating 160.0 uL from A1 of Opentrons 96 Well Aluminum Block with Generic PCR Strip 200 µL on 6 at 94.0 uL/sec
		Dispensing 160.0 uL into A1 of Opentrons 96 Well Aluminum Block with Generic PCR Strip 200 µL on 6 at 94.0 uL/sec
	Dropping tip into A1 of Opentrons Fixed Trash on 12
	Picking up tip from A8 of Opentrons OT-2 96 Filter Tip Rack 200 µL on 7
	Aspirating 198.0 uL from A1 of Reservoir on 4 at 94.0 uL/sec
	Dispensing 198.0 uL into A3 of Opentrons 96 Well Aluminum Block with Generic PCR Strip 200 µL on 6 at 94.0 uL/sec
	Mixing 10 times with a volume of 160.0 ul
		Aspirating 160.0 uL from A3 of Opentrons 96 Well Aluminum Block with Generic PCR Strip 200 µL on 6 at 94.0 uL/sec
		Dispensing 160.0 uL into A3 of Opentrons 96 Well Aluminum Block with Generic PCR Strip 200 µL on 6 at 94.0 uL/sec
		Aspirating 160.0 uL from A3 of Opentrons 96 Well Aluminum Block with Generic PCR Strip 200 µL on 6 at 94.0 uL/sec
		Dispensing 160.0 uL into A3 of Opentrons 96 Well Aluminum Block with Generic PCR Strip 200 µL on 6 at 94.0 uL/sec
		Aspirating 160.0 uL from A3 of Opentrons 96 Well Aluminum Block with Generic PCR Strip 200 µL on 6 at 94.0 uL/sec
		Dispensing 160.0 uL into A3 of Opentrons 96 Well Aluminum Block with Generic PCR Strip 200 µL on 6 at 94.0 uL/sec
		Aspirating 160.0 uL from A3 of Opentrons 96 Well Aluminum Block with Generic PCR Strip 200 µL on 6 at 94.0 uL/sec
		Dispensing 160.0 uL into A3 of Opentrons 96 Well Aluminum Block with Generic PCR Strip 200 µL on 6 at 94.0 uL/sec
		Aspirating 160.0 uL from A3 of Opentrons 96 Well Aluminum Block with Generic PCR Strip 200 µL on 6 at 94.0 uL/sec
		Dispensing 160.0 uL into A3 of Opentrons 96 Well Aluminum Block with Generic PCR Strip 200 µL on 6 at 94.0 uL/sec
		Aspirating 160.0 uL from A3 of Opentrons 96 Well Aluminum Block with Generic PCR Strip 200 µL on 6 at 94.0 uL/sec
		Dispensing 160.0 uL into A3 of Opentrons 96 Well Aluminum Block with Generic PCR Strip 200 µL on 6 at 94.0 uL/sec
		Aspirating 160.0 uL from A3 of Opentrons 96 Well Aluminum Block with Generic PCR Strip 200 µL on 6 at 94.0 uL/sec
		Dispensing 160.0 uL into A3 of Opentrons 96 Well Aluminum Block with Generic PCR Strip 200 µL on 6 at 94.0 uL/sec
		Aspirating 160.0 uL from A3 of Opentrons 96 Well Aluminum Block with Generic PCR Strip 200 µL on 6 at 94.0 uL/sec
		Dispensing 160.0 uL into A3 of Opentrons 96 Well Aluminum Block with Generic PCR Strip 200 µL on 6 at 94.0 uL/sec
		Aspirating 160.0 uL from A3 of Opentrons 96 Well Aluminum Block with Generic PCR Strip 200 µL on 6 at 94.0 uL/sec
		Dispensing 160.0 uL into A3 of Opentrons 96 Well Aluminum Block with Generic PCR Strip 200 µL on 6 at 94.0 uL/sec
		Aspirating 160.0 uL from A3 of Opentrons 96 Well Aluminum Block with Generic PCR Strip 200 µL on 6 at 94.0 uL/sec
		Dispensing 160.0 uL into A3 of Opentrons 96 Well Aluminum Block with Generic PCR Strip 200 µL on 6 at 94.0 uL/sec
	Dropping tip into A1 of Opentrons Fixed Trash on 12
	Picking up tip from A9 of Opentrons OT-2 96 Filter Tip Rack 200 µL on 7
	Aspirating 198.0 uL from A1 of Reservoir on 4 at 94.0 uL/sec
	Dispensing 198.0 uL into A5 of Opentrons 96 Well Aluminum Block with Generic PCR Strip 200 µL on 6 at 94.0 uL/sec
	Mixing 10 times with a volume of 160.0 ul
		Aspirating 160.0 uL from A5 of Opentrons 96 Well Aluminum Block with Generic PCR Strip 200 µL on 6 at 94.0 uL/sec
		Dispensing 160.0 uL into A5 of Opentrons 96 Well Aluminum Block with Generic PCR Strip 200 µL on 6 at 94.0 uL/sec
		Aspirating 160.0 uL from A5 of Opentrons 96 Well Aluminum Block with Generic PCR Strip 200 µL on 6 at 94.0 uL/sec
		Dispensing 160.0 uL into A5 of Opentrons 96 Well Aluminum Block with Generic PCR Strip 200 µL on 6 at 94.0 uL/sec
		Aspirating 160.0 uL from A5 of Opentrons 96 Well Aluminum Block with Generic PCR Strip 200 µL on 6 at 94.0 uL/sec
		Dispensing 160.0 uL into A5 of Opentrons 96 Well Aluminum Block with Generic PCR Strip 200 µL on 6 at 94.0 uL/sec
		Aspirating 160.0 uL from A5 of Opentrons 96 Well Aluminum Block with Generic PCR Strip 200 µL on 6 at 94.0 uL/sec
		Dispensing 160.0 uL into A5 of Opentrons 96 Well Aluminum Block with Generic PCR Strip 200 µL on 6 at 94.0 uL/sec
		Aspirating 160.0 uL from A5 of Opentrons 96 Well Aluminum Block with Generic PCR Strip 200 µL on 6 at 94.0 uL/sec
		Dispensing 160.0 uL into A5 of Opentrons 96 Well Aluminum Block with Generic PCR Strip 200 µL on 6 at 94.0 uL/sec
		Aspirating 160.0 uL from A5 of Opentrons 96 Well Aluminum Block with Generic PCR Strip 200 µL on 6 at 94.0 uL/sec
		Dispensing 160.0 uL into A5 of Opentrons 96 Well Aluminum Block with Generic PCR Strip 200 µL on 6 at 94.0 uL/sec
		Aspirating 160.0 uL from A5 of Opentrons 96 Well Aluminum Block with Generic PCR Strip 200 µL on 6 at 94.0 uL/sec
		Dispensing 160.0 uL into A5 of Opentrons 96 Well Aluminum Block with Generic PCR Strip 200 µL on 6 at 94.0 uL/sec
		Aspirating 160.0 uL from A5 of Opentrons 96 Well Aluminum Block with Generic PCR Strip 200 µL on 6 at 94.0 uL/sec
		Dispensing 160.0 uL into A5 of Opentrons 96 Well Aluminum Block with Generic PCR Strip 200 µL on 6 at 94.0 uL/sec
		Aspirating 160.0 uL from A5 of Opentrons 96 Well Aluminum Block with Generic PCR Strip 200 µL on 6 at 94.0 uL/sec
		Dispensing 160.0 uL into A5 of Opentrons 96 Well Aluminum Block with Generic PCR Strip 200 µL on 6 at 94.0 uL/sec
		Aspirating 160.0 uL from A5 of Opentrons 96 Well Aluminum Block with Generic PCR Strip 200 µL on 6 at 94.0 uL/sec
		Dispensing 160.0 uL into A5 of Opentrons 96 Well Aluminum Block with Generic PCR Strip 200 µL on 6 at 94.0 uL/sec
	Dropping tip into A1 of Opentrons Fixed Trash on 12
	Picking up tip from A10 of Opentrons OT-2 96 Filter Tip Rack 200 µL on 7
	Aspirating 198.0 uL from A1 of Reservoir on 4 at 94.0 uL/sec
	Dispensing 198.0 uL into A7 of Opentrons 96 Well Aluminum Block with Generic PCR Strip 200 µL on 6 at 94.0 uL/sec
	Mixing 10 times with a volume of 160.0 ul
		Aspirating 160.0 uL from A7 of Opentrons 96 Well Aluminum Block with Generic PCR Strip 200 µL on 6 at 94.0 uL/sec
		Dispensing 160.0 uL into A7 of Opentrons 96 Well Aluminum Block with Generic PCR Strip 200 µL on 6 at 94.0 uL/sec
		Aspirating 160.0 uL from A7 of Opentrons 96 Well Aluminum Block with Generic PCR Strip 200 µL on 6 at 94.0 uL/sec
		Dispensing 160.0 uL into A7 of Opentrons 96 Well Aluminum Block with Generic PCR Strip 200 µL on 6 at 94.0 uL/sec
		Aspirating 160.0 uL from A7 of Opentrons 96 Well Aluminum Block with Generic PCR Strip 200 µL on 6 at 94.0 uL/sec
		Dispensing 160.0 uL into A7 of Opentrons 96 Well Aluminum Block with Generic PCR Strip 200 µL on 6 at 94.0 uL/sec
		Aspirating 160.0 uL from A7 of Opentrons 96 Well Aluminum Block with Generic PCR Strip 200 µL on 6 at 94.0 uL/sec
		Dispensing 160.0 uL into A7 of Opentrons 96 Well Aluminum Block with Generic PCR Strip 200 µL on 6 at 94.0 uL/sec
		Aspirating 160.0 uL from A7 of Opentrons 96 Well Aluminum Block with Generic PCR Strip 200 µL on 6 at 94.0 uL/sec
		Dispensing 160.0 uL into A7 of Opentrons 96 Well Aluminum Block with Generic PCR Strip 200 µL on 6 at 94.0 uL/sec
		Aspirating 160.0 uL from A7 of Opentrons 96 Well Aluminum Block with Generic PCR Strip 200 µL on 6 at 94.0 uL/sec
		Dispensing 160.0 uL into A7 of Opentrons 96 Well Aluminum Block with Generic PCR Strip 200 µL on 6 at 94.0 uL/sec
		Aspirating 160.0 uL from A7 of Opentrons 96 Well Aluminum Block with Generic PCR Strip 200 µL on 6 at 94.0 uL/sec
		Dispensing 160.0 uL into A7 of Opentrons 96 Well Aluminum Block with Generic PCR Strip 200 µL on 6 at 94.0 uL/sec
		Aspirating 160.0 uL from A7 of Opentrons 96 Well Aluminum Block with Generic PCR Strip 200 µL on 6 at 94.0 uL/sec
		Dispensing 160.0 uL into A7 of Opentrons 96 Well Aluminum Block with Generic PCR Strip 200 µL on 6 at 94.0 uL/sec
		Aspirating 160.0 uL from A7 of Opentrons 96 Well Aluminum Block with Generic PCR Strip 200 µL on 6 at 94.0 uL/sec
		Dispensing 160.0 uL into A7 of Opentrons 96 Well Aluminum Block with Generic PCR Strip 200 µL on 6 at 94.0 uL/sec
		Aspirating 160.0 uL from A7 of Opentrons 96 Well Aluminum Block with Generic PCR Strip 200 µL on 6 at 94.0 uL/sec
		Dispensing 160.0 uL into A7 of Opentrons 96 Well Aluminum Block with Generic PCR Strip 200 µL on 6 at 94.0 uL/sec
	Dropping tip into A1 of Opentrons Fixed Trash on 12
	Picking up tip from A11 of Opentrons OT-2 96 Filter Tip Rack 200 µL on 7
	Aspirating 198.0 uL from A1 of Reservoir on 4 at 94.0 uL/sec
	Dispensing 198.0 uL into A9 of Opentrons 96 Well Aluminum Block with Generic PCR Strip 200 µL on 6 at 94.0 uL/sec
	Mixing 10 times with a volume of 160.0 ul
		Aspirating 160.0 uL from A9 of Opentrons 96 Well Aluminum Block with Generic PCR Strip 200 µL on 6 at 94.0 uL/sec
		Dispensing 160.0 uL into A9 of Opentrons 96 Well Aluminum Block with Generic PCR Strip 200 µL on 6 at 94.0 uL/sec
		Aspirating 160.0 uL from A9 of Opentrons 96 Well Aluminum Block with Generic PCR Strip 200 µL on 6 at 94.0 uL/sec
		Dispensing 160.0 uL into A9 of Opentrons 96 Well Aluminum Block with Generic PCR Strip 200 µL on 6 at 94.0 uL/sec
		Aspirating 160.0 uL from A9 of Opentrons 96 Well Aluminum Block with Generic PCR Strip 200 µL on 6 at 94.0 uL/sec
		Dispensing 160.0 uL into A9 of Opentrons 96 Well Aluminum Block with Generic PCR Strip 200 µL on 6 at 94.0 uL/sec
		Aspirating 160.0 uL from A9 of Opentrons 96 Well Aluminum Block with Generic PCR Strip 200 µL on 6 at 94.0 uL/sec
		Dispensing 160.0 uL into A9 of Opentrons 96 Well Aluminum Block with Generic PCR Strip 200 µL on 6 at 94.0 uL/sec
		Aspirating 160.0 uL from A9 of Opentrons 96 Well Aluminum Block with Generic PCR Strip 200 µL on 6 at 94.0 uL/sec
		Dispensing 160.0 uL into A9 of Opentrons 96 Well Aluminum Block with Generic PCR Strip 200 µL on 6 at 94.0 uL/sec
		Aspirating 160.0 uL from A9 of Opentrons 96 Well Aluminum Block with Generic PCR Strip 200 µL on 6 at 94.0 uL/sec
		Dispensing 160.0 uL into A9 of Opentrons 96 Well Aluminum Block with Generic PCR Strip 200 µL on 6 at 94.0 uL/sec
		Aspirating 160.0 uL from A9 of Opentrons 96 Well Aluminum Block with Generic PCR Strip 200 µL on 6 at 94.0 uL/sec
		Dispensing 160.0 uL into A9 of Opentrons 96 Well Aluminum Block with Generic PCR Strip 200 µL on 6 at 94.0 uL/sec
		Aspirating 160.0 uL from A9 of Opentrons 96 Well Aluminum Block with Generic PCR Strip 200 µL on 6 at 94.0 uL/sec
		Dispensing 160.0 uL into A9 of Opentrons 96 Well Aluminum Block with Generic PCR Strip 200 µL on 6 at 94.0 uL/sec
		Aspirating 160.0 uL from A9 of Opentrons 96 Well Aluminum Block with Generic PCR Strip 200 µL on 6 at 94.0 uL/sec
		Dispensing 160.0 uL into A9 of Opentrons 96 Well Aluminum Block with Generic PCR Strip 200 µL on 6 at 94.0 uL/sec
		Aspirating 160.0 uL from A9 of Opentrons 96 Well Aluminum Block with Generic PCR Strip 200 µL on 6 at 94.0 uL/sec
		Dispensing 160.0 uL into A9 of Opentrons 96 Well Aluminum Block with Generic PCR Strip 200 µL on 6 at 94.0 uL/sec
	Dropping tip into A1 of Opentrons Fixed Trash on 12
	Picking up tip from A12 of Opentrons OT-2 96 Filter Tip Rack 200 µL on 7
	Aspirating 198.0 uL from A1 of Reservoir on 4 at 94.0 uL/sec
	Dispensing 198.0 uL into A11 of Opentrons 96 Well Aluminum Block with Generic PCR Strip 200 µL on 6 at 94.0 uL/sec
	Mixing 10 times with a volume of 160.0 ul
		Aspirating 160.0 uL from A11 of Opentrons 96 Well Aluminum Block with Generic PCR Strip 200 µL on 6 at 94.0 uL/sec
		Dispensing 160.0 uL into A11 of Opentrons 96 Well Aluminum Block with Generic PCR Strip 200 µL on 6 at 94.0 uL/sec
		Aspirating 160.0 uL from A11 of Opentrons 96 Well Aluminum Block with Generic PCR Strip 200 µL on 6 at 94.0 uL/sec
		Dispensing 160.0 uL into A11 of Opentrons 96 Well Aluminum Block with Generic PCR Strip 200 µL on 6 at 94.0 uL/sec
		Aspirating 160.0 uL from A11 of Opentrons 96 Well Aluminum Block with Generic PCR Strip 200 µL on 6 at 94.0 uL/sec
		Dispensing 160.0 uL into A11 of Opentrons 96 Well Aluminum Block with Generic PCR Strip 200 µL on 6 at 94.0 uL/sec
		Aspirating 160.0 uL from A11 of Opentrons 96 Well Aluminum Block with Generic PCR Strip 200 µL on 6 at 94.0 uL/sec
		Dispensing 160.0 uL into A11 of Opentrons 96 Well Aluminum Block with Generic PCR Strip 200 µL on 6 at 94.0 uL/sec
		Aspirating 160.0 uL from A11 of Opentrons 96 Well Aluminum Block with Generic PCR Strip 200 µL on 6 at 94.0 uL/sec
		Dispensing 160.0 uL into A11 of Opentrons 96 Well Aluminum Block with Generic PCR Strip 200 µL on 6 at 94.0 uL/sec
		Aspirating 160.0 uL from A11 of Opentrons 96 Well Aluminum Block with Generic PCR Strip 200 µL on 6 at 94.0 uL/sec
		Dispensing 160.0 uL into A11 of Opentrons 96 Well Aluminum Block with Generic PCR Strip 200 µL on 6 at 94.0 uL/sec
		Aspirating 160.0 uL from A11 of Opentrons 96 Well Aluminum Block with Generic PCR Strip 200 µL on 6 at 94.0 uL/sec
		Dispensing 160.0 uL into A11 of Opentrons 96 Well Aluminum Block with Generic PCR Strip 200 µL on 6 at 94.0 uL/sec
		Aspirating 160.0 uL from A11 of Opentrons 96 Well Aluminum Block with Generic PCR Strip 200 µL on 6 at 94.0 uL/sec
		Dispensing 160.0 uL into A11 of Opentrons 96 Well Aluminum Block with Generic PCR Strip 200 µL on 6 at 94.0 uL/sec
		Aspirating 160.0 uL from A11 of Opentrons 96 Well Aluminum Block with Generic PCR Strip 200 µL on 6 at 94.0 uL/sec
		Dispensing 160.0 uL into A11 of Opentrons 96 Well Aluminum Block with Generic PCR Strip 200 µL on 6 at 94.0 uL/sec
		Aspirating 160.0 uL from A11 of Opentrons 96 Well Aluminum Block with Generic PCR Strip 200 µL on 6 at 94.0 uL/sec
		Dispensing 160.0 uL into A11 of Opentrons 96 Well Aluminum Block with Generic PCR Strip 200 µL on 6 at 94.0 uL/sec
	Dropping tip into A1 of Opentrons Fixed Trash on 12
Pausing robot operation: Library QC protocol complete
Caught exception: {'message': 'Task was destroyed but it is pending!', 'task': <Task pending name='Task-4' coro=<Poller._poll_forever() running at /Users/dp/Desktop/project/github/opentrons/venv/lib/python3.10/site-packages/opentrons/hardware_control/poller.py:80> wait_for=<Future pending cb=[Task.task_wakeup()]>>}
Caught exception: {'message': 'Task was destroyed but it is pending!', 'task': <Task pending name='Task-3' coro=<Poller._poll_forever() running at /Users/dp/Desktop/project/github/opentrons/venv/lib/python3.10/site-packages/opentrons/hardware_control/poller.py:80> wait_for=<Future pending cb=[Task.task_wakeup()]>>}
Caught exception: {'message': 'Task was destroyed but it is pending!', 'task': <Task pending name='Task-2' coro=<Poller._poll_forever() running at /Users/dp/Desktop/project/github/opentrons/venv/lib/python3.10/site-packages/opentrons/hardware_control/poller.py:80> wait_for=<Future pending cb=[Task.task_wakeup()]>>}
