/Users/dp/Desktop/project/github/opentrons/venv/lib/python3.10/site-packages/opentrons/hardware_control/simulator_setup.py:205: UserWarning: Simulator configuration does not name a machine, defaulting to OT-2 Standard
  warn(
/Users/dp/.opentrons/robot_settings.json not found. Loading defaults
Deck calibration not found.
/Users/dp/.opentrons/deck_calibration.json not found. Loading defaults

    suspend primer column in master mix
    distribute 14 ul to corresponding column of each pcr plate

    liquid handling method for master mix:
    slow flow rate for aspiration and dispense
    wait for liquid to finish moving after aspiration and dispense
    avoid introducing air into liquid (avoid complete dispenses)
    dispense to a surface
    withdraw tip slowly from liquid
    
Picking up tip from A1 of Opentrons OT-2 96 Filter Tip Rack 200 µL on 7
Aspirating 180.0 uL from A1 of NEST 12 Well Reservoir 15 mL on 10 at 40.0 uL/sec
Delaying for 0 minutes and 4.0 seconds
Dispensing 180.0 uL into A1 of NEST 12 Well Reservoir 15 mL on 10 at 40.0 uL/sec
Delaying for 0 minutes and 4.0 seconds
Aspirating 180.0 uL from A1 of NEST 12 Well Reservoir 15 mL on 10 at 40.0 uL/sec
Delaying for 0 minutes and 4.0 seconds
Dispensing 180.0 uL into A1 of NEST 12 Well Reservoir 15 mL on 10 at 40.0 uL/sec
Delaying for 0 minutes and 4.0 seconds
Aspirating 180.0 uL from A1 of NEST 12 Well Reservoir 15 mL on 10 at 40.0 uL/sec
Delaying for 0 minutes and 4.0 seconds
Dispensing 180.0 uL into A1 of NEST 12 Well Reservoir 15 mL on 10 at 40.0 uL/sec
Delaying for 0 minutes and 4.0 seconds
Aspirating 180.0 uL from A1 of NEST 12 Well Reservoir 15 mL on 10 at 40.0 uL/sec
Delaying for 0 minutes and 4.0 seconds
Dispensing 180.0 uL into A1 of NEST 12 Well Reservoir 15 mL on 10 at 40.0 uL/sec
Delaying for 0 minutes and 4.0 seconds
Aspirating 180.0 uL from A1 of NEST 12 Well Reservoir 15 mL on 10 at 40.0 uL/sec
Delaying for 0 minutes and 4.0 seconds
Dispensing 180.0 uL into A1 of NEST 12 Well Reservoir 15 mL on 10 at 40.0 uL/sec
Delaying for 0 minutes and 4.0 seconds
Aspirating 180.0 uL from A1 of NEST 12 Well Reservoir 15 mL on 10 at 40.0 uL/sec
Delaying for 0 minutes and 4.0 seconds
Dispensing 180.0 uL into A1 of NEST 12 Well Reservoir 15 mL on 10 at 40.0 uL/sec
Delaying for 0 minutes and 4.0 seconds
Aspirating 180.0 uL from A1 of NEST 12 Well Reservoir 15 mL on 10 at 40.0 uL/sec
Delaying for 0 minutes and 4.0 seconds
Dispensing 180.0 uL into A1 of NEST 12 Well Reservoir 15 mL on 10 at 40.0 uL/sec
Delaying for 0 minutes and 4.0 seconds
Aspirating 180.0 uL from A1 of NEST 12 Well Reservoir 15 mL on 10 at 40.0 uL/sec
Delaying for 0 minutes and 4.0 seconds
Dispensing 180.0 uL into A1 of NEST 12 Well Reservoir 15 mL on 10 at 40.0 uL/sec
Delaying for 0 minutes and 4.0 seconds
Aspirating 180.0 uL from A1 of NEST 12 Well Reservoir 15 mL on 10 at 40.0 uL/sec
Delaying for 0 minutes and 4.0 seconds
Dispensing 180.0 uL into A1 of NEST 12 Well Reservoir 15 mL on 10 at 40.0 uL/sec
Delaying for 0 minutes and 4.0 seconds
Aspirating 180.0 uL from A1 of NEST 12 Well Reservoir 15 mL on 10 at 40.0 uL/sec
Delaying for 0 minutes and 4.0 seconds
Dispensing 180.0 uL into A1 of NEST 12 Well Reservoir 15 mL on 10 at 40.0 uL/sec
Delaying for 0 minutes and 4.0 seconds
Aspirating 130.0 uL from A1 of NEST 12 Well Reservoir 15 mL on 10 at 40.0 uL/sec
Delaying for 0 minutes and 4.0 seconds
Moving to A1 of NEST 12 Well Reservoir 15 mL on 10
Dispensing 120.0 uL into A1 of NEST 96 Well Plate 100 µL PCR Full Skirt on 4 at 40.0 uL/sec
Delaying for 0 minutes and 4.0 seconds
Aspirating 100.0 uL from A1 of NEST 96 Well Plate 100 µL PCR Full Skirt on 4 at 40.0 uL/sec
Delaying for 0 minutes and 4.0 seconds
Dispensing 100.0 uL into A1 of NEST 96 Well Plate 100 µL PCR Full Skirt on 4 at 40.0 uL/sec
Delaying for 0 minutes and 4.0 seconds
Aspirating 100.0 uL from A1 of NEST 96 Well Plate 100 µL PCR Full Skirt on 4 at 40.0 uL/sec
Delaying for 0 minutes and 4.0 seconds
Dispensing 100.0 uL into A1 of NEST 96 Well Plate 100 µL PCR Full Skirt on 4 at 40.0 uL/sec
Delaying for 0 minutes and 4.0 seconds
Aspirating 100.0 uL from A1 of NEST 96 Well Plate 100 µL PCR Full Skirt on 4 at 40.0 uL/sec
Delaying for 0 minutes and 4.0 seconds
Dispensing 100.0 uL into A1 of NEST 96 Well Plate 100 µL PCR Full Skirt on 4 at 40.0 uL/sec
Delaying for 0 minutes and 4.0 seconds
Aspirating 100.0 uL from A1 of NEST 96 Well Plate 100 µL PCR Full Skirt on 4 at 40.0 uL/sec
Delaying for 0 minutes and 4.0 seconds
Dispensing 100.0 uL into A1 of NEST 96 Well Plate 100 µL PCR Full Skirt on 4 at 40.0 uL/sec
Delaying for 0 minutes and 4.0 seconds
Aspirating 100.0 uL from A1 of NEST 96 Well Plate 100 µL PCR Full Skirt on 4 at 40.0 uL/sec
Delaying for 0 minutes and 4.0 seconds
Dispensing 100.0 uL into A1 of NEST 96 Well Plate 100 µL PCR Full Skirt on 4 at 40.0 uL/sec
Delaying for 0 minutes and 4.0 seconds
Aspirating 100.0 uL from A1 of NEST 96 Well Plate 100 µL PCR Full Skirt on 4 at 40.0 uL/sec
Delaying for 0 minutes and 4.0 seconds
Dispensing 100.0 uL into A1 of NEST 96 Well Plate 100 µL PCR Full Skirt on 4 at 40.0 uL/sec
Delaying for 0 minutes and 4.0 seconds
Aspirating 100.0 uL from A1 of NEST 96 Well Plate 100 µL PCR Full Skirt on 4 at 40.0 uL/sec
Delaying for 0 minutes and 4.0 seconds
Dispensing 100.0 uL into A1 of NEST 96 Well Plate 100 µL PCR Full Skirt on 4 at 40.0 uL/sec
Delaying for 0 minutes and 4.0 seconds
Aspirating 100.0 uL from A1 of NEST 96 Well Plate 100 µL PCR Full Skirt on 4 at 40.0 uL/sec
Delaying for 0 minutes and 4.0 seconds
Dispensing 100.0 uL into A1 of NEST 96 Well Plate 100 µL PCR Full Skirt on 4 at 40.0 uL/sec
Delaying for 0 minutes and 4.0 seconds
Aspirating 100.0 uL from A1 of NEST 96 Well Plate 100 µL PCR Full Skirt on 4 at 40.0 uL/sec
Delaying for 0 minutes and 4.0 seconds
Dispensing 100.0 uL into A1 of NEST 96 Well Plate 100 µL PCR Full Skirt on 4 at 40.0 uL/sec
Delaying for 0 minutes and 4.0 seconds
Aspirating 100.0 uL from A1 of NEST 96 Well Plate 100 µL PCR Full Skirt on 4 at 40.0 uL/sec
Delaying for 0 minutes and 4.0 seconds
Dispensing 100.0 uL into A1 of NEST 96 Well Plate 100 µL PCR Full Skirt on 4 at 40.0 uL/sec
Delaying for 0 minutes and 4.0 seconds
Aspirating 125.0 uL from A1 of NEST 96 Well Plate 100 µL PCR Full Skirt on 4 at 40.0 uL/sec
Delaying for 0 minutes and 4.0 seconds
Moving to A1 of NEST 96 Well Plate 100 µL PCR Full Skirt on 4
Dispensing 14.0 uL into A1 of NEST 96 Well Plate 100 µL PCR Full Skirt on 1 at 40.0 uL/sec
Delaying for 0 minutes and 2.0 seconds
Moving to A1 of NEST 96 Well Plate 100 µL PCR Full Skirt on 1
Dispensing 14.0 uL into A1 of NEST 96 Well Plate 100 µL PCR Full Skirt on 2 at 40.0 uL/sec
Delaying for 0 minutes and 2.0 seconds
Moving to A1 of NEST 96 Well Plate 100 µL PCR Full Skirt on 2
Dispensing 14.0 uL into A1 of NEST 96 Well Plate 100 µL PCR Full Skirt on 3 at 40.0 uL/sec
Delaying for 0 minutes and 2.0 seconds
Moving to A1 of NEST 96 Well Plate 100 µL PCR Full Skirt on 3
Dispensing 14.0 uL into A1 of NEST 96 Well Plate 100 µL PCR Full Skirt on 6 at 40.0 uL/sec
Delaying for 0 minutes and 2.0 seconds
Moving to A1 of NEST 96 Well Plate 100 µL PCR Full Skirt on 6
Dispensing 14.0 uL into A1 of NEST 96 Well Plate 100 µL PCR Full Skirt on 9 at 40.0 uL/sec
Delaying for 0 minutes and 2.0 seconds
Moving to A1 of NEST 96 Well Plate 100 µL PCR Full Skirt on 9
Dispensing 14.0 uL into A1 of NEST 96 Well Plate 100 µL PCR Full Skirt on 11 at 40.0 uL/sec
Delaying for 0 minutes and 2.0 seconds
Moving to A1 of NEST 96 Well Plate 100 µL PCR Full Skirt on 11
Dispensing 14.0 uL into A1 of NEST 96 Well Plate 100 µL PCR Full Skirt on 8 at 40.0 uL/sec
Delaying for 0 minutes and 2.0 seconds
Moving to A1 of NEST 96 Well Plate 100 µL PCR Full Skirt on 8
Dispensing 14.0 uL into A1 of NEST 96 Well Plate 100 µL PCR Full Skirt on 5 at 40.0 uL/sec
Delaying for 0 minutes and 2.0 seconds
Moving to A1 of NEST 96 Well Plate 100 µL PCR Full Skirt on 5
Dispensing 14.0 uL into A1 of NEST 96 Well Plate 100 µL PCR Full Skirt on 4 at 40.0 uL/sec
Delaying for 0 minutes and 2.0 seconds
Moving to A1 of NEST 96 Well Plate 100 µL PCR Full Skirt on 4
Returning tip
	Dropping tip into A1 of Opentrons OT-2 96 Filter Tip Rack 200 µL on 7
Picking up tip from A2 of Opentrons OT-2 96 Filter Tip Rack 200 µL on 7
Aspirating 180.0 uL from A1 of NEST 12 Well Reservoir 15 mL on 10 at 40.0 uL/sec
Delaying for 0 minutes and 4.0 seconds
Dispensing 180.0 uL into A1 of NEST 12 Well Reservoir 15 mL on 10 at 40.0 uL/sec
Delaying for 0 minutes and 4.0 seconds
Aspirating 180.0 uL from A1 of NEST 12 Well Reservoir 15 mL on 10 at 40.0 uL/sec
Delaying for 0 minutes and 4.0 seconds
Dispensing 180.0 uL into A1 of NEST 12 Well Reservoir 15 mL on 10 at 40.0 uL/sec
Delaying for 0 minutes and 4.0 seconds
Aspirating 180.0 uL from A1 of NEST 12 Well Reservoir 15 mL on 10 at 40.0 uL/sec
Delaying for 0 minutes and 4.0 seconds
Dispensing 180.0 uL into A1 of NEST 12 Well Reservoir 15 mL on 10 at 40.0 uL/sec
Delaying for 0 minutes and 4.0 seconds
Aspirating 180.0 uL from A1 of NEST 12 Well Reservoir 15 mL on 10 at 40.0 uL/sec
Delaying for 0 minutes and 4.0 seconds
Dispensing 180.0 uL into A1 of NEST 12 Well Reservoir 15 mL on 10 at 40.0 uL/sec
Delaying for 0 minutes and 4.0 seconds
Aspirating 180.0 uL from A1 of NEST 12 Well Reservoir 15 mL on 10 at 40.0 uL/sec
Delaying for 0 minutes and 4.0 seconds
Dispensing 180.0 uL into A1 of NEST 12 Well Reservoir 15 mL on 10 at 40.0 uL/sec
Delaying for 0 minutes and 4.0 seconds
Aspirating 180.0 uL from A1 of NEST 12 Well Reservoir 15 mL on 10 at 40.0 uL/sec
Delaying for 0 minutes and 4.0 seconds
Dispensing 180.0 uL into A1 of NEST 12 Well Reservoir 15 mL on 10 at 40.0 uL/sec
Delaying for 0 minutes and 4.0 seconds
Aspirating 180.0 uL from A1 of NEST 12 Well Reservoir 15 mL on 10 at 40.0 uL/sec
Delaying for 0 minutes and 4.0 seconds
Dispensing 180.0 uL into A1 of NEST 12 Well Reservoir 15 mL on 10 at 40.0 uL/sec
Delaying for 0 minutes and 4.0 seconds
Aspirating 180.0 uL from A1 of NEST 12 Well Reservoir 15 mL on 10 at 40.0 uL/sec
Delaying for 0 minutes and 4.0 seconds
Dispensing 180.0 uL into A1 of NEST 12 Well Reservoir 15 mL on 10 at 40.0 uL/sec
Delaying for 0 minutes and 4.0 seconds
Aspirating 180.0 uL from A1 of NEST 12 Well Reservoir 15 mL on 10 at 40.0 uL/sec
Delaying for 0 minutes and 4.0 seconds
Dispensing 180.0 uL into A1 of NEST 12 Well Reservoir 15 mL on 10 at 40.0 uL/sec
Delaying for 0 minutes and 4.0 seconds
Aspirating 180.0 uL from A1 of NEST 12 Well Reservoir 15 mL on 10 at 40.0 uL/sec
Delaying for 0 minutes and 4.0 seconds
Dispensing 180.0 uL into A1 of NEST 12 Well Reservoir 15 mL on 10 at 40.0 uL/sec
Delaying for 0 minutes and 4.0 seconds
Aspirating 130.0 uL from A1 of NEST 12 Well Reservoir 15 mL on 10 at 40.0 uL/sec
Delaying for 0 minutes and 4.0 seconds
Moving to A1 of NEST 12 Well Reservoir 15 mL on 10
Dispensing 120.0 uL into A2 of NEST 96 Well Plate 100 µL PCR Full Skirt on 4 at 40.0 uL/sec
Delaying for 0 minutes and 4.0 seconds
Aspirating 100.0 uL from A2 of NEST 96 Well Plate 100 µL PCR Full Skirt on 4 at 40.0 uL/sec
Delaying for 0 minutes and 4.0 seconds
Dispensing 100.0 uL into A2 of NEST 96 Well Plate 100 µL PCR Full Skirt on 4 at 40.0 uL/sec
Delaying for 0 minutes and 4.0 seconds
Aspirating 100.0 uL from A2 of NEST 96 Well Plate 100 µL PCR Full Skirt on 4 at 40.0 uL/sec
Delaying for 0 minutes and 4.0 seconds
Dispensing 100.0 uL into A2 of NEST 96 Well Plate 100 µL PCR Full Skirt on 4 at 40.0 uL/sec
Delaying for 0 minutes and 4.0 seconds
Aspirating 100.0 uL from A2 of NEST 96 Well Plate 100 µL PCR Full Skirt on 4 at 40.0 uL/sec
Delaying for 0 minutes and 4.0 seconds
Dispensing 100.0 uL into A2 of NEST 96 Well Plate 100 µL PCR Full Skirt on 4 at 40.0 uL/sec
Delaying for 0 minutes and 4.0 seconds
Aspirating 100.0 uL from A2 of NEST 96 Well Plate 100 µL PCR Full Skirt on 4 at 40.0 uL/sec
Delaying for 0 minutes and 4.0 seconds
Dispensing 100.0 uL into A2 of NEST 96 Well Plate 100 µL PCR Full Skirt on 4 at 40.0 uL/sec
Delaying for 0 minutes and 4.0 seconds
Aspirating 100.0 uL from A2 of NEST 96 Well Plate 100 µL PCR Full Skirt on 4 at 40.0 uL/sec
Delaying for 0 minutes and 4.0 seconds
Dispensing 100.0 uL into A2 of NEST 96 Well Plate 100 µL PCR Full Skirt on 4 at 40.0 uL/sec
Delaying for 0 minutes and 4.0 seconds
Aspirating 100.0 uL from A2 of NEST 96 Well Plate 100 µL PCR Full Skirt on 4 at 40.0 uL/sec
Delaying for 0 minutes and 4.0 seconds
Dispensing 100.0 uL into A2 of NEST 96 Well Plate 100 µL PCR Full Skirt on 4 at 40.0 uL/sec
Delaying for 0 minutes and 4.0 seconds
Aspirating 100.0 uL from A2 of NEST 96 Well Plate 100 µL PCR Full Skirt on 4 at 40.0 uL/sec
Delaying for 0 minutes and 4.0 seconds
Dispensing 100.0 uL into A2 of NEST 96 Well Plate 100 µL PCR Full Skirt on 4 at 40.0 uL/sec
Delaying for 0 minutes and 4.0 seconds
Aspirating 100.0 uL from A2 of NEST 96 Well Plate 100 µL PCR Full Skirt on 4 at 40.0 uL/sec
Delaying for 0 minutes and 4.0 seconds
Dispensing 100.0 uL into A2 of NEST 96 Well Plate 100 µL PCR Full Skirt on 4 at 40.0 uL/sec
Delaying for 0 minutes and 4.0 seconds
Aspirating 100.0 uL from A2 of NEST 96 Well Plate 100 µL PCR Full Skirt on 4 at 40.0 uL/sec
Delaying for 0 minutes and 4.0 seconds
Dispensing 100.0 uL into A2 of NEST 96 Well Plate 100 µL PCR Full Skirt on 4 at 40.0 uL/sec
Delaying for 0 minutes and 4.0 seconds
Aspirating 100.0 uL from A2 of NEST 96 Well Plate 100 µL PCR Full Skirt on 4 at 40.0 uL/sec
Delaying for 0 minutes and 4.0 seconds
Dispensing 100.0 uL into A2 of NEST 96 Well Plate 100 µL PCR Full Skirt on 4 at 40.0 uL/sec
Delaying for 0 minutes and 4.0 seconds
Aspirating 125.0 uL from A2 of NEST 96 Well Plate 100 µL PCR Full Skirt on 4 at 40.0 uL/sec
Delaying for 0 minutes and 4.0 seconds
Moving to A2 of NEST 96 Well Plate 100 µL PCR Full Skirt on 4
Dispensing 14.0 uL into A2 of NEST 96 Well Plate 100 µL PCR Full Skirt on 1 at 40.0 uL/sec
Delaying for 0 minutes and 2.0 seconds
Moving to A2 of NEST 96 Well Plate 100 µL PCR Full Skirt on 1
Dispensing 14.0 uL into A2 of NEST 96 Well Plate 100 µL PCR Full Skirt on 2 at 40.0 uL/sec
Delaying for 0 minutes and 2.0 seconds
Moving to A2 of NEST 96 Well Plate 100 µL PCR Full Skirt on 2
Dispensing 14.0 uL into A2 of NEST 96 Well Plate 100 µL PCR Full Skirt on 3 at 40.0 uL/sec
Delaying for 0 minutes and 2.0 seconds
Moving to A2 of NEST 96 Well Plate 100 µL PCR Full Skirt on 3
Dispensing 14.0 uL into A2 of NEST 96 Well Plate 100 µL PCR Full Skirt on 6 at 40.0 uL/sec
Delaying for 0 minutes and 2.0 seconds
Moving to A2 of NEST 96 Well Plate 100 µL PCR Full Skirt on 6
Dispensing 14.0 uL into A2 of NEST 96 Well Plate 100 µL PCR Full Skirt on 9 at 40.0 uL/sec
Delaying for 0 minutes and 2.0 seconds
Moving to A2 of NEST 96 Well Plate 100 µL PCR Full Skirt on 9
Dispensing 14.0 uL into A2 of NEST 96 Well Plate 100 µL PCR Full Skirt on 11 at 40.0 uL/sec
Delaying for 0 minutes and 2.0 seconds
Moving to A2 of NEST 96 Well Plate 100 µL PCR Full Skirt on 11
Dispensing 14.0 uL into A2 of NEST 96 Well Plate 100 µL PCR Full Skirt on 8 at 40.0 uL/sec
Delaying for 0 minutes and 2.0 seconds
Moving to A2 of NEST 96 Well Plate 100 µL PCR Full Skirt on 8
Dispensing 14.0 uL into A2 of NEST 96 Well Plate 100 µL PCR Full Skirt on 5 at 40.0 uL/sec
Delaying for 0 minutes and 2.0 seconds
Moving to A2 of NEST 96 Well Plate 100 µL PCR Full Skirt on 5
Dispensing 14.0 uL into A2 of NEST 96 Well Plate 100 µL PCR Full Skirt on 4 at 40.0 uL/sec
Delaying for 0 minutes and 2.0 seconds
Moving to A2 of NEST 96 Well Plate 100 µL PCR Full Skirt on 4
Returning tip
	Dropping tip into A2 of Opentrons OT-2 96 Filter Tip Rack 200 µL on 7
Picking up tip from A3 of Opentrons OT-2 96 Filter Tip Rack 200 µL on 7
Aspirating 180.0 uL from A1 of NEST 12 Well Reservoir 15 mL on 10 at 40.0 uL/sec
Delaying for 0 minutes and 4.0 seconds
Dispensing 180.0 uL into A1 of NEST 12 Well Reservoir 15 mL on 10 at 40.0 uL/sec
Delaying for 0 minutes and 4.0 seconds
Aspirating 180.0 uL from A1 of NEST 12 Well Reservoir 15 mL on 10 at 40.0 uL/sec
Delaying for 0 minutes and 4.0 seconds
Dispensing 180.0 uL into A1 of NEST 12 Well Reservoir 15 mL on 10 at 40.0 uL/sec
Delaying for 0 minutes and 4.0 seconds
Aspirating 180.0 uL from A1 of NEST 12 Well Reservoir 15 mL on 10 at 40.0 uL/sec
Delaying for 0 minutes and 4.0 seconds
Dispensing 180.0 uL into A1 of NEST 12 Well Reservoir 15 mL on 10 at 40.0 uL/sec
Delaying for 0 minutes and 4.0 seconds
Aspirating 180.0 uL from A1 of NEST 12 Well Reservoir 15 mL on 10 at 40.0 uL/sec
Delaying for 0 minutes and 4.0 seconds
Dispensing 180.0 uL into A1 of NEST 12 Well Reservoir 15 mL on 10 at 40.0 uL/sec
Delaying for 0 minutes and 4.0 seconds
Aspirating 180.0 uL from A1 of NEST 12 Well Reservoir 15 mL on 10 at 40.0 uL/sec
Delaying for 0 minutes and 4.0 seconds
Dispensing 180.0 uL into A1 of NEST 12 Well Reservoir 15 mL on 10 at 40.0 uL/sec
Delaying for 0 minutes and 4.0 seconds
Aspirating 180.0 uL from A1 of NEST 12 Well Reservoir 15 mL on 10 at 40.0 uL/sec
Delaying for 0 minutes and 4.0 seconds
Dispensing 180.0 uL into A1 of NEST 12 Well Reservoir 15 mL on 10 at 40.0 uL/sec
Delaying for 0 minutes and 4.0 seconds
Aspirating 180.0 uL from A1 of NEST 12 Well Reservoir 15 mL on 10 at 40.0 uL/sec
Delaying for 0 minutes and 4.0 seconds
Dispensing 180.0 uL into A1 of NEST 12 Well Reservoir 15 mL on 10 at 40.0 uL/sec
Delaying for 0 minutes and 4.0 seconds
Aspirating 180.0 uL from A1 of NEST 12 Well Reservoir 15 mL on 10 at 40.0 uL/sec
Delaying for 0 minutes and 4.0 seconds
Dispensing 180.0 uL into A1 of NEST 12 Well Reservoir 15 mL on 10 at 40.0 uL/sec
Delaying for 0 minutes and 4.0 seconds
Aspirating 180.0 uL from A1 of NEST 12 Well Reservoir 15 mL on 10 at 40.0 uL/sec
Delaying for 0 minutes and 4.0 seconds
Dispensing 180.0 uL into A1 of NEST 12 Well Reservoir 15 mL on 10 at 40.0 uL/sec
Delaying for 0 minutes and 4.0 seconds
Aspirating 180.0 uL from A1 of NEST 12 Well Reservoir 15 mL on 10 at 40.0 uL/sec
Delaying for 0 minutes and 4.0 seconds
Dispensing 180.0 uL into A1 of NEST 12 Well Reservoir 15 mL on 10 at 40.0 uL/sec
Delaying for 0 minutes and 4.0 seconds
Aspirating 130.0 uL from A1 of NEST 12 Well Reservoir 15 mL on 10 at 40.0 uL/sec
Delaying for 0 minutes and 4.0 seconds
Moving to A1 of NEST 12 Well Reservoir 15 mL on 10
Dispensing 120.0 uL into A3 of NEST 96 Well Plate 100 µL PCR Full Skirt on 4 at 40.0 uL/sec
Delaying for 0 minutes and 4.0 seconds
Aspirating 100.0 uL from A3 of NEST 96 Well Plate 100 µL PCR Full Skirt on 4 at 40.0 uL/sec
Delaying for 0 minutes and 4.0 seconds
Dispensing 100.0 uL into A3 of NEST 96 Well Plate 100 µL PCR Full Skirt on 4 at 40.0 uL/sec
Delaying for 0 minutes and 4.0 seconds
Aspirating 100.0 uL from A3 of NEST 96 Well Plate 100 µL PCR Full Skirt on 4 at 40.0 uL/sec
Delaying for 0 minutes and 4.0 seconds
Dispensing 100.0 uL into A3 of NEST 96 Well Plate 100 µL PCR Full Skirt on 4 at 40.0 uL/sec
Delaying for 0 minutes and 4.0 seconds
Aspirating 100.0 uL from A3 of NEST 96 Well Plate 100 µL PCR Full Skirt on 4 at 40.0 uL/sec
Delaying for 0 minutes and 4.0 seconds
Dispensing 100.0 uL into A3 of NEST 96 Well Plate 100 µL PCR Full Skirt on 4 at 40.0 uL/sec
Delaying for 0 minutes and 4.0 seconds
Aspirating 100.0 uL from A3 of NEST 96 Well Plate 100 µL PCR Full Skirt on 4 at 40.0 uL/sec
Delaying for 0 minutes and 4.0 seconds
Dispensing 100.0 uL into A3 of NEST 96 Well Plate 100 µL PCR Full Skirt on 4 at 40.0 uL/sec
Delaying for 0 minutes and 4.0 seconds
Aspirating 100.0 uL from A3 of NEST 96 Well Plate 100 µL PCR Full Skirt on 4 at 40.0 uL/sec
Delaying for 0 minutes and 4.0 seconds
Dispensing 100.0 uL into A3 of NEST 96 Well Plate 100 µL PCR Full Skirt on 4 at 40.0 uL/sec
Delaying for 0 minutes and 4.0 seconds
Aspirating 100.0 uL from A3 of NEST 96 Well Plate 100 µL PCR Full Skirt on 4 at 40.0 uL/sec
Delaying for 0 minutes and 4.0 seconds
Dispensing 100.0 uL into A3 of NEST 96 Well Plate 100 µL PCR Full Skirt on 4 at 40.0 uL/sec
Delaying for 0 minutes and 4.0 seconds
Aspirating 100.0 uL from A3 of NEST 96 Well Plate 100 µL PCR Full Skirt on 4 at 40.0 uL/sec
Delaying for 0 minutes and 4.0 seconds
Dispensing 100.0 uL into A3 of NEST 96 Well Plate 100 µL PCR Full Skirt on 4 at 40.0 uL/sec
Delaying for 0 minutes and 4.0 seconds
Aspirating 100.0 uL from A3 of NEST 96 Well Plate 100 µL PCR Full Skirt on 4 at 40.0 uL/sec
Delaying for 0 minutes and 4.0 seconds
Dispensing 100.0 uL into A3 of NEST 96 Well Plate 100 µL PCR Full Skirt on 4 at 40.0 uL/sec
Delaying for 0 minutes and 4.0 seconds
Aspirating 100.0 uL from A3 of NEST 96 Well Plate 100 µL PCR Full Skirt on 4 at 40.0 uL/sec
Delaying for 0 minutes and 4.0 seconds
Dispensing 100.0 uL into A3 of NEST 96 Well Plate 100 µL PCR Full Skirt on 4 at 40.0 uL/sec
Delaying for 0 minutes and 4.0 seconds
Aspirating 100.0 uL from A3 of NEST 96 Well Plate 100 µL PCR Full Skirt on 4 at 40.0 uL/sec
Delaying for 0 minutes and 4.0 seconds
Dispensing 100.0 uL into A3 of NEST 96 Well Plate 100 µL PCR Full Skirt on 4 at 40.0 uL/sec
Delaying for 0 minutes and 4.0 seconds
Aspirating 125.0 uL from A3 of NEST 96 Well Plate 100 µL PCR Full Skirt on 4 at 40.0 uL/sec
Delaying for 0 minutes and 4.0 seconds
Moving to A3 of NEST 96 Well Plate 100 µL PCR Full Skirt on 4
Dispensing 14.0 uL into A3 of NEST 96 Well Plate 100 µL PCR Full Skirt on 1 at 40.0 uL/sec
Delaying for 0 minutes and 2.0 seconds
Moving to A3 of NEST 96 Well Plate 100 µL PCR Full Skirt on 1
Dispensing 14.0 uL into A3 of NEST 96 Well Plate 100 µL PCR Full Skirt on 2 at 40.0 uL/sec
Delaying for 0 minutes and 2.0 seconds
Moving to A3 of NEST 96 Well Plate 100 µL PCR Full Skirt on 2
Dispensing 14.0 uL into A3 of NEST 96 Well Plate 100 µL PCR Full Skirt on 3 at 40.0 uL/sec
Delaying for 0 minutes and 2.0 seconds
Moving to A3 of NEST 96 Well Plate 100 µL PCR Full Skirt on 3
Dispensing 14.0 uL into A3 of NEST 96 Well Plate 100 µL PCR Full Skirt on 6 at 40.0 uL/sec
Delaying for 0 minutes and 2.0 seconds
Moving to A3 of NEST 96 Well Plate 100 µL PCR Full Skirt on 6
Dispensing 14.0 uL into A3 of NEST 96 Well Plate 100 µL PCR Full Skirt on 9 at 40.0 uL/sec
Delaying for 0 minutes and 2.0 seconds
Moving to A3 of NEST 96 Well Plate 100 µL PCR Full Skirt on 9
Dispensing 14.0 uL into A3 of NEST 96 Well Plate 100 µL PCR Full Skirt on 11 at 40.0 uL/sec
Delaying for 0 minutes and 2.0 seconds
Moving to A3 of NEST 96 Well Plate 100 µL PCR Full Skirt on 11
Dispensing 14.0 uL into A3 of NEST 96 Well Plate 100 µL PCR Full Skirt on 8 at 40.0 uL/sec
Delaying for 0 minutes and 2.0 seconds
Moving to A3 of NEST 96 Well Plate 100 µL PCR Full Skirt on 8
Dispensing 14.0 uL into A3 of NEST 96 Well Plate 100 µL PCR Full Skirt on 5 at 40.0 uL/sec
Delaying for 0 minutes and 2.0 seconds
Moving to A3 of NEST 96 Well Plate 100 µL PCR Full Skirt on 5
Dispensing 14.0 uL into A3 of NEST 96 Well Plate 100 µL PCR Full Skirt on 4 at 40.0 uL/sec
Delaying for 0 minutes and 2.0 seconds
Moving to A3 of NEST 96 Well Plate 100 µL PCR Full Skirt on 4
Returning tip
	Dropping tip into A3 of Opentrons OT-2 96 Filter Tip Rack 200 µL on 7
Picking up tip from A4 of Opentrons OT-2 96 Filter Tip Rack 200 µL on 7
Aspirating 180.0 uL from A1 of NEST 12 Well Reservoir 15 mL on 10 at 40.0 uL/sec
Delaying for 0 minutes and 4.0 seconds
Dispensing 180.0 uL into A1 of NEST 12 Well Reservoir 15 mL on 10 at 40.0 uL/sec
Delaying for 0 minutes and 4.0 seconds
Aspirating 180.0 uL from A1 of NEST 12 Well Reservoir 15 mL on 10 at 40.0 uL/sec
Delaying for 0 minutes and 4.0 seconds
Dispensing 180.0 uL into A1 of NEST 12 Well Reservoir 15 mL on 10 at 40.0 uL/sec
Delaying for 0 minutes and 4.0 seconds
Aspirating 180.0 uL from A1 of NEST 12 Well Reservoir 15 mL on 10 at 40.0 uL/sec
Delaying for 0 minutes and 4.0 seconds
Dispensing 180.0 uL into A1 of NEST 12 Well Reservoir 15 mL on 10 at 40.0 uL/sec
Delaying for 0 minutes and 4.0 seconds
Aspirating 180.0 uL from A1 of NEST 12 Well Reservoir 15 mL on 10 at 40.0 uL/sec
Delaying for 0 minutes and 4.0 seconds
Dispensing 180.0 uL into A1 of NEST 12 Well Reservoir 15 mL on 10 at 40.0 uL/sec
Delaying for 0 minutes and 4.0 seconds
Aspirating 180.0 uL from A1 of NEST 12 Well Reservoir 15 mL on 10 at 40.0 uL/sec
Delaying for 0 minutes and 4.0 seconds
Dispensing 180.0 uL into A1 of NEST 12 Well Reservoir 15 mL on 10 at 40.0 uL/sec
Delaying for 0 minutes and 4.0 seconds
Aspirating 180.0 uL from A1 of NEST 12 Well Reservoir 15 mL on 10 at 40.0 uL/sec
Delaying for 0 minutes and 4.0 seconds
Dispensing 180.0 uL into A1 of NEST 12 Well Reservoir 15 mL on 10 at 40.0 uL/sec
Delaying for 0 minutes and 4.0 seconds
Aspirating 180.0 uL from A1 of NEST 12 Well Reservoir 15 mL on 10 at 40.0 uL/sec
Delaying for 0 minutes and 4.0 seconds
Dispensing 180.0 uL into A1 of NEST 12 Well Reservoir 15 mL on 10 at 40.0 uL/sec
Delaying for 0 minutes and 4.0 seconds
Aspirating 180.0 uL from A1 of NEST 12 Well Reservoir 15 mL on 10 at 40.0 uL/sec
Delaying for 0 minutes and 4.0 seconds
Dispensing 180.0 uL into A1 of NEST 12 Well Reservoir 15 mL on 10 at 40.0 uL/sec
Delaying for 0 minutes and 4.0 seconds
Aspirating 180.0 uL from A1 of NEST 12 Well Reservoir 15 mL on 10 at 40.0 uL/sec
Delaying for 0 minutes and 4.0 seconds
Dispensing 180.0 uL into A1 of NEST 12 Well Reservoir 15 mL on 10 at 40.0 uL/sec
Delaying for 0 minutes and 4.0 seconds
Aspirating 180.0 uL from A1 of NEST 12 Well Reservoir 15 mL on 10 at 40.0 uL/sec
Delaying for 0 minutes and 4.0 seconds
Dispensing 180.0 uL into A1 of NEST 12 Well Reservoir 15 mL on 10 at 40.0 uL/sec
Delaying for 0 minutes and 4.0 seconds
Aspirating 130.0 uL from A1 of NEST 12 Well Reservoir 15 mL on 10 at 40.0 uL/sec
Delaying for 0 minutes and 4.0 seconds
Moving to A1 of NEST 12 Well Reservoir 15 mL on 10
Dispensing 120.0 uL into A4 of NEST 96 Well Plate 100 µL PCR Full Skirt on 4 at 40.0 uL/sec
Delaying for 0 minutes and 4.0 seconds
Aspirating 100.0 uL from A4 of NEST 96 Well Plate 100 µL PCR Full Skirt on 4 at 40.0 uL/sec
Delaying for 0 minutes and 4.0 seconds
Dispensing 100.0 uL into A4 of NEST 96 Well Plate 100 µL PCR Full Skirt on 4 at 40.0 uL/sec
Delaying for 0 minutes and 4.0 seconds
Aspirating 100.0 uL from A4 of NEST 96 Well Plate 100 µL PCR Full Skirt on 4 at 40.0 uL/sec
Delaying for 0 minutes and 4.0 seconds
Dispensing 100.0 uL into A4 of NEST 96 Well Plate 100 µL PCR Full Skirt on 4 at 40.0 uL/sec
Delaying for 0 minutes and 4.0 seconds
Aspirating 100.0 uL from A4 of NEST 96 Well Plate 100 µL PCR Full Skirt on 4 at 40.0 uL/sec
Delaying for 0 minutes and 4.0 seconds
Dispensing 100.0 uL into A4 of NEST 96 Well Plate 100 µL PCR Full Skirt on 4 at 40.0 uL/sec
Delaying for 0 minutes and 4.0 seconds
Aspirating 100.0 uL from A4 of NEST 96 Well Plate 100 µL PCR Full Skirt on 4 at 40.0 uL/sec
Delaying for 0 minutes and 4.0 seconds
Dispensing 100.0 uL into A4 of NEST 96 Well Plate 100 µL PCR Full Skirt on 4 at 40.0 uL/sec
Delaying for 0 minutes and 4.0 seconds
Aspirating 100.0 uL from A4 of NEST 96 Well Plate 100 µL PCR Full Skirt on 4 at 40.0 uL/sec
Delaying for 0 minutes and 4.0 seconds
Dispensing 100.0 uL into A4 of NEST 96 Well Plate 100 µL PCR Full Skirt on 4 at 40.0 uL/sec
Delaying for 0 minutes and 4.0 seconds
Aspirating 100.0 uL from A4 of NEST 96 Well Plate 100 µL PCR Full Skirt on 4 at 40.0 uL/sec
Delaying for 0 minutes and 4.0 seconds
Dispensing 100.0 uL into A4 of NEST 96 Well Plate 100 µL PCR Full Skirt on 4 at 40.0 uL/sec
Delaying for 0 minutes and 4.0 seconds
Aspirating 100.0 uL from A4 of NEST 96 Well Plate 100 µL PCR Full Skirt on 4 at 40.0 uL/sec
Delaying for 0 minutes and 4.0 seconds
Dispensing 100.0 uL into A4 of NEST 96 Well Plate 100 µL PCR Full Skirt on 4 at 40.0 uL/sec
Delaying for 0 minutes and 4.0 seconds
Aspirating 100.0 uL from A4 of NEST 96 Well Plate 100 µL PCR Full Skirt on 4 at 40.0 uL/sec
Delaying for 0 minutes and 4.0 seconds
Dispensing 100.0 uL into A4 of NEST 96 Well Plate 100 µL PCR Full Skirt on 4 at 40.0 uL/sec
Delaying for 0 minutes and 4.0 seconds
Aspirating 100.0 uL from A4 of NEST 96 Well Plate 100 µL PCR Full Skirt on 4 at 40.0 uL/sec
Delaying for 0 minutes and 4.0 seconds
Dispensing 100.0 uL into A4 of NEST 96 Well Plate 100 µL PCR Full Skirt on 4 at 40.0 uL/sec
Delaying for 0 minutes and 4.0 seconds
Aspirating 100.0 uL from A4 of NEST 96 Well Plate 100 µL PCR Full Skirt on 4 at 40.0 uL/sec
Delaying for 0 minutes and 4.0 seconds
Dispensing 100.0 uL into A4 of NEST 96 Well Plate 100 µL PCR Full Skirt on 4 at 40.0 uL/sec
Delaying for 0 minutes and 4.0 seconds
Aspirating 125.0 uL from A4 of NEST 96 Well Plate 100 µL PCR Full Skirt on 4 at 40.0 uL/sec
Delaying for 0 minutes and 4.0 seconds
Moving to A4 of NEST 96 Well Plate 100 µL PCR Full Skirt on 4
Dispensing 14.0 uL into A4 of NEST 96 Well Plate 100 µL PCR Full Skirt on 1 at 40.0 uL/sec
Delaying for 0 minutes and 2.0 seconds
Moving to A4 of NEST 96 Well Plate 100 µL PCR Full Skirt on 1
Dispensing 14.0 uL into A4 of NEST 96 Well Plate 100 µL PCR Full Skirt on 2 at 40.0 uL/sec
Delaying for 0 minutes and 2.0 seconds
Moving to A4 of NEST 96 Well Plate 100 µL PCR Full Skirt on 2
Dispensing 14.0 uL into A4 of NEST 96 Well Plate 100 µL PCR Full Skirt on 3 at 40.0 uL/sec
Delaying for 0 minutes and 2.0 seconds
Moving to A4 of NEST 96 Well Plate 100 µL PCR Full Skirt on 3
Dispensing 14.0 uL into A4 of NEST 96 Well Plate 100 µL PCR Full Skirt on 6 at 40.0 uL/sec
Delaying for 0 minutes and 2.0 seconds
Moving to A4 of NEST 96 Well Plate 100 µL PCR Full Skirt on 6
Dispensing 14.0 uL into A4 of NEST 96 Well Plate 100 µL PCR Full Skirt on 9 at 40.0 uL/sec
Delaying for 0 minutes and 2.0 seconds
Moving to A4 of NEST 96 Well Plate 100 µL PCR Full Skirt on 9
Dispensing 14.0 uL into A4 of NEST 96 Well Plate 100 µL PCR Full Skirt on 11 at 40.0 uL/sec
Delaying for 0 minutes and 2.0 seconds
Moving to A4 of NEST 96 Well Plate 100 µL PCR Full Skirt on 11
Dispensing 14.0 uL into A4 of NEST 96 Well Plate 100 µL PCR Full Skirt on 8 at 40.0 uL/sec
Delaying for 0 minutes and 2.0 seconds
Moving to A4 of NEST 96 Well Plate 100 µL PCR Full Skirt on 8
Dispensing 14.0 uL into A4 of NEST 96 Well Plate 100 µL PCR Full Skirt on 5 at 40.0 uL/sec
Delaying for 0 minutes and 2.0 seconds
Moving to A4 of NEST 96 Well Plate 100 µL PCR Full Skirt on 5
Dispensing 14.0 uL into A4 of NEST 96 Well Plate 100 µL PCR Full Skirt on 4 at 40.0 uL/sec
Delaying for 0 minutes and 2.0 seconds
Moving to A4 of NEST 96 Well Plate 100 µL PCR Full Skirt on 4
Returning tip
	Dropping tip into A4 of Opentrons OT-2 96 Filter Tip Rack 200 µL on 7
Picking up tip from A5 of Opentrons OT-2 96 Filter Tip Rack 200 µL on 7
Aspirating 180.0 uL from A1 of NEST 12 Well Reservoir 15 mL on 10 at 40.0 uL/sec
Delaying for 0 minutes and 4.0 seconds
Dispensing 180.0 uL into A1 of NEST 12 Well Reservoir 15 mL on 10 at 40.0 uL/sec
Delaying for 0 minutes and 4.0 seconds
Aspirating 180.0 uL from A1 of NEST 12 Well Reservoir 15 mL on 10 at 40.0 uL/sec
Delaying for 0 minutes and 4.0 seconds
Dispensing 180.0 uL into A1 of NEST 12 Well Reservoir 15 mL on 10 at 40.0 uL/sec
Delaying for 0 minutes and 4.0 seconds
Aspirating 180.0 uL from A1 of NEST 12 Well Reservoir 15 mL on 10 at 40.0 uL/sec
Delaying for 0 minutes and 4.0 seconds
Dispensing 180.0 uL into A1 of NEST 12 Well Reservoir 15 mL on 10 at 40.0 uL/sec
Delaying for 0 minutes and 4.0 seconds
Aspirating 180.0 uL from A1 of NEST 12 Well Reservoir 15 mL on 10 at 40.0 uL/sec
Delaying for 0 minutes and 4.0 seconds
Dispensing 180.0 uL into A1 of NEST 12 Well Reservoir 15 mL on 10 at 40.0 uL/sec
Delaying for 0 minutes and 4.0 seconds
Aspirating 180.0 uL from A1 of NEST 12 Well Reservoir 15 mL on 10 at 40.0 uL/sec
Delaying for 0 minutes and 4.0 seconds
Dispensing 180.0 uL into A1 of NEST 12 Well Reservoir 15 mL on 10 at 40.0 uL/sec
Delaying for 0 minutes and 4.0 seconds
Aspirating 180.0 uL from A1 of NEST 12 Well Reservoir 15 mL on 10 at 40.0 uL/sec
Delaying for 0 minutes and 4.0 seconds
Dispensing 180.0 uL into A1 of NEST 12 Well Reservoir 15 mL on 10 at 40.0 uL/sec
Delaying for 0 minutes and 4.0 seconds
Aspirating 180.0 uL from A1 of NEST 12 Well Reservoir 15 mL on 10 at 40.0 uL/sec
Delaying for 0 minutes and 4.0 seconds
Dispensing 180.0 uL into A1 of NEST 12 Well Reservoir 15 mL on 10 at 40.0 uL/sec
Delaying for 0 minutes and 4.0 seconds
Aspirating 180.0 uL from A1 of NEST 12 Well Reservoir 15 mL on 10 at 40.0 uL/sec
Delaying for 0 minutes and 4.0 seconds
Dispensing 180.0 uL into A1 of NEST 12 Well Reservoir 15 mL on 10 at 40.0 uL/sec
Delaying for 0 minutes and 4.0 seconds
Aspirating 180.0 uL from A1 of NEST 12 Well Reservoir 15 mL on 10 at 40.0 uL/sec
Delaying for 0 minutes and 4.0 seconds
Dispensing 180.0 uL into A1 of NEST 12 Well Reservoir 15 mL on 10 at 40.0 uL/sec
Delaying for 0 minutes and 4.0 seconds
Aspirating 180.0 uL from A1 of NEST 12 Well Reservoir 15 mL on 10 at 40.0 uL/sec
Delaying for 0 minutes and 4.0 seconds
Dispensing 180.0 uL into A1 of NEST 12 Well Reservoir 15 mL on 10 at 40.0 uL/sec
Delaying for 0 minutes and 4.0 seconds
Aspirating 130.0 uL from A1 of NEST 12 Well Reservoir 15 mL on 10 at 40.0 uL/sec
Delaying for 0 minutes and 4.0 seconds
Moving to A1 of NEST 12 Well Reservoir 15 mL on 10
Dispensing 120.0 uL into A5 of NEST 96 Well Plate 100 µL PCR Full Skirt on 4 at 40.0 uL/sec
Delaying for 0 minutes and 4.0 seconds
Aspirating 100.0 uL from A5 of NEST 96 Well Plate 100 µL PCR Full Skirt on 4 at 40.0 uL/sec
Delaying for 0 minutes and 4.0 seconds
Dispensing 100.0 uL into A5 of NEST 96 Well Plate 100 µL PCR Full Skirt on 4 at 40.0 uL/sec
Delaying for 0 minutes and 4.0 seconds
Aspirating 100.0 uL from A5 of NEST 96 Well Plate 100 µL PCR Full Skirt on 4 at 40.0 uL/sec
Delaying for 0 minutes and 4.0 seconds
Dispensing 100.0 uL into A5 of NEST 96 Well Plate 100 µL PCR Full Skirt on 4 at 40.0 uL/sec
Delaying for 0 minutes and 4.0 seconds
Aspirating 100.0 uL from A5 of NEST 96 Well Plate 100 µL PCR Full Skirt on 4 at 40.0 uL/sec
Delaying for 0 minutes and 4.0 seconds
Dispensing 100.0 uL into A5 of NEST 96 Well Plate 100 µL PCR Full Skirt on 4 at 40.0 uL/sec
Delaying for 0 minutes and 4.0 seconds
Aspirating 100.0 uL from A5 of NEST 96 Well Plate 100 µL PCR Full Skirt on 4 at 40.0 uL/sec
Delaying for 0 minutes and 4.0 seconds
Dispensing 100.0 uL into A5 of NEST 96 Well Plate 100 µL PCR Full Skirt on 4 at 40.0 uL/sec
Delaying for 0 minutes and 4.0 seconds
Aspirating 100.0 uL from A5 of NEST 96 Well Plate 100 µL PCR Full Skirt on 4 at 40.0 uL/sec
Delaying for 0 minutes and 4.0 seconds
Dispensing 100.0 uL into A5 of NEST 96 Well Plate 100 µL PCR Full Skirt on 4 at 40.0 uL/sec
Delaying for 0 minutes and 4.0 seconds
Aspirating 100.0 uL from A5 of NEST 96 Well Plate 100 µL PCR Full Skirt on 4 at 40.0 uL/sec
Delaying for 0 minutes and 4.0 seconds
Dispensing 100.0 uL into A5 of NEST 96 Well Plate 100 µL PCR Full Skirt on 4 at 40.0 uL/sec
Delaying for 0 minutes and 4.0 seconds
Aspirating 100.0 uL from A5 of NEST 96 Well Plate 100 µL PCR Full Skirt on 4 at 40.0 uL/sec
Delaying for 0 minutes and 4.0 seconds
Dispensing 100.0 uL into A5 of NEST 96 Well Plate 100 µL PCR Full Skirt on 4 at 40.0 uL/sec
Delaying for 0 minutes and 4.0 seconds
Aspirating 100.0 uL from A5 of NEST 96 Well Plate 100 µL PCR Full Skirt on 4 at 40.0 uL/sec
Delaying for 0 minutes and 4.0 seconds
Dispensing 100.0 uL into A5 of NEST 96 Well Plate 100 µL PCR Full Skirt on 4 at 40.0 uL/sec
Delaying for 0 minutes and 4.0 seconds
Aspirating 100.0 uL from A5 of NEST 96 Well Plate 100 µL PCR Full Skirt on 4 at 40.0 uL/sec
Delaying for 0 minutes and 4.0 seconds
Dispensing 100.0 uL into A5 of NEST 96 Well Plate 100 µL PCR Full Skirt on 4 at 40.0 uL/sec
Delaying for 0 minutes and 4.0 seconds
Aspirating 100.0 uL from A5 of NEST 96 Well Plate 100 µL PCR Full Skirt on 4 at 40.0 uL/sec
Delaying for 0 minutes and 4.0 seconds
Dispensing 100.0 uL into A5 of NEST 96 Well Plate 100 µL PCR Full Skirt on 4 at 40.0 uL/sec
Delaying for 0 minutes and 4.0 seconds
Aspirating 125.0 uL from A5 of NEST 96 Well Plate 100 µL PCR Full Skirt on 4 at 40.0 uL/sec
Delaying for 0 minutes and 4.0 seconds
Moving to A5 of NEST 96 Well Plate 100 µL PCR Full Skirt on 4
Dispensing 14.0 uL into A5 of NEST 96 Well Plate 100 µL PCR Full Skirt on 1 at 40.0 uL/sec
Delaying for 0 minutes and 2.0 seconds
Moving to A5 of NEST 96 Well Plate 100 µL PCR Full Skirt on 1
Dispensing 14.0 uL into A5 of NEST 96 Well Plate 100 µL PCR Full Skirt on 2 at 40.0 uL/sec
Delaying for 0 minutes and 2.0 seconds
Moving to A5 of NEST 96 Well Plate 100 µL PCR Full Skirt on 2
Dispensing 14.0 uL into A5 of NEST 96 Well Plate 100 µL PCR Full Skirt on 3 at 40.0 uL/sec
Delaying for 0 minutes and 2.0 seconds
Moving to A5 of NEST 96 Well Plate 100 µL PCR Full Skirt on 3
Dispensing 14.0 uL into A5 of NEST 96 Well Plate 100 µL PCR Full Skirt on 6 at 40.0 uL/sec
Delaying for 0 minutes and 2.0 seconds
Moving to A5 of NEST 96 Well Plate 100 µL PCR Full Skirt on 6
Dispensing 14.0 uL into A5 of NEST 96 Well Plate 100 µL PCR Full Skirt on 9 at 40.0 uL/sec
Delaying for 0 minutes and 2.0 seconds
Moving to A5 of NEST 96 Well Plate 100 µL PCR Full Skirt on 9
Dispensing 14.0 uL into A5 of NEST 96 Well Plate 100 µL PCR Full Skirt on 11 at 40.0 uL/sec
Delaying for 0 minutes and 2.0 seconds
Moving to A5 of NEST 96 Well Plate 100 µL PCR Full Skirt on 11
Dispensing 14.0 uL into A5 of NEST 96 Well Plate 100 µL PCR Full Skirt on 8 at 40.0 uL/sec
Delaying for 0 minutes and 2.0 seconds
Moving to A5 of NEST 96 Well Plate 100 µL PCR Full Skirt on 8
Dispensing 14.0 uL into A5 of NEST 96 Well Plate 100 µL PCR Full Skirt on 5 at 40.0 uL/sec
Delaying for 0 minutes and 2.0 seconds
Moving to A5 of NEST 96 Well Plate 100 µL PCR Full Skirt on 5
Dispensing 14.0 uL into A5 of NEST 96 Well Plate 100 µL PCR Full Skirt on 4 at 40.0 uL/sec
Delaying for 0 minutes and 2.0 seconds
Moving to A5 of NEST 96 Well Plate 100 µL PCR Full Skirt on 4
Returning tip
	Dropping tip into A5 of Opentrons OT-2 96 Filter Tip Rack 200 µL on 7
Picking up tip from A6 of Opentrons OT-2 96 Filter Tip Rack 200 µL on 7
Aspirating 180.0 uL from A1 of NEST 12 Well Reservoir 15 mL on 10 at 40.0 uL/sec
Delaying for 0 minutes and 4.0 seconds
Dispensing 180.0 uL into A1 of NEST 12 Well Reservoir 15 mL on 10 at 40.0 uL/sec
Delaying for 0 minutes and 4.0 seconds
Aspirating 180.0 uL from A1 of NEST 12 Well Reservoir 15 mL on 10 at 40.0 uL/sec
Delaying for 0 minutes and 4.0 seconds
Dispensing 180.0 uL into A1 of NEST 12 Well Reservoir 15 mL on 10 at 40.0 uL/sec
Delaying for 0 minutes and 4.0 seconds
Aspirating 180.0 uL from A1 of NEST 12 Well Reservoir 15 mL on 10 at 40.0 uL/sec
Delaying for 0 minutes and 4.0 seconds
Dispensing 180.0 uL into A1 of NEST 12 Well Reservoir 15 mL on 10 at 40.0 uL/sec
Delaying for 0 minutes and 4.0 seconds
Aspirating 180.0 uL from A1 of NEST 12 Well Reservoir 15 mL on 10 at 40.0 uL/sec
Delaying for 0 minutes and 4.0 seconds
Dispensing 180.0 uL into A1 of NEST 12 Well Reservoir 15 mL on 10 at 40.0 uL/sec
Delaying for 0 minutes and 4.0 seconds
Aspirating 180.0 uL from A1 of NEST 12 Well Reservoir 15 mL on 10 at 40.0 uL/sec
Delaying for 0 minutes and 4.0 seconds
Dispensing 180.0 uL into A1 of NEST 12 Well Reservoir 15 mL on 10 at 40.0 uL/sec
Delaying for 0 minutes and 4.0 seconds
Aspirating 180.0 uL from A1 of NEST 12 Well Reservoir 15 mL on 10 at 40.0 uL/sec
Delaying for 0 minutes and 4.0 seconds
Dispensing 180.0 uL into A1 of NEST 12 Well Reservoir 15 mL on 10 at 40.0 uL/sec
Delaying for 0 minutes and 4.0 seconds
Aspirating 180.0 uL from A1 of NEST 12 Well Reservoir 15 mL on 10 at 40.0 uL/sec
Delaying for 0 minutes and 4.0 seconds
Dispensing 180.0 uL into A1 of NEST 12 Well Reservoir 15 mL on 10 at 40.0 uL/sec
Delaying for 0 minutes and 4.0 seconds
Aspirating 180.0 uL from A1 of NEST 12 Well Reservoir 15 mL on 10 at 40.0 uL/sec
Delaying for 0 minutes and 4.0 seconds
Dispensing 180.0 uL into A1 of NEST 12 Well Reservoir 15 mL on 10 at 40.0 uL/sec
Delaying for 0 minutes and 4.0 seconds
Aspirating 180.0 uL from A1 of NEST 12 Well Reservoir 15 mL on 10 at 40.0 uL/sec
Delaying for 0 minutes and 4.0 seconds
Dispensing 180.0 uL into A1 of NEST 12 Well Reservoir 15 mL on 10 at 40.0 uL/sec
Delaying for 0 minutes and 4.0 seconds
Aspirating 180.0 uL from A1 of NEST 12 Well Reservoir 15 mL on 10 at 40.0 uL/sec
Delaying for 0 minutes and 4.0 seconds
Dispensing 180.0 uL into A1 of NEST 12 Well Reservoir 15 mL on 10 at 40.0 uL/sec
Delaying for 0 minutes and 4.0 seconds
Aspirating 130.0 uL from A1 of NEST 12 Well Reservoir 15 mL on 10 at 40.0 uL/sec
Delaying for 0 minutes and 4.0 seconds
Moving to A1 of NEST 12 Well Reservoir 15 mL on 10
Dispensing 120.0 uL into A6 of NEST 96 Well Plate 100 µL PCR Full Skirt on 4 at 40.0 uL/sec
Delaying for 0 minutes and 4.0 seconds
Aspirating 100.0 uL from A6 of NEST 96 Well Plate 100 µL PCR Full Skirt on 4 at 40.0 uL/sec
Delaying for 0 minutes and 4.0 seconds
Dispensing 100.0 uL into A6 of NEST 96 Well Plate 100 µL PCR Full Skirt on 4 at 40.0 uL/sec
Delaying for 0 minutes and 4.0 seconds
Aspirating 100.0 uL from A6 of NEST 96 Well Plate 100 µL PCR Full Skirt on 4 at 40.0 uL/sec
Delaying for 0 minutes and 4.0 seconds
Dispensing 100.0 uL into A6 of NEST 96 Well Plate 100 µL PCR Full Skirt on 4 at 40.0 uL/sec
Delaying for 0 minutes and 4.0 seconds
Aspirating 100.0 uL from A6 of NEST 96 Well Plate 100 µL PCR Full Skirt on 4 at 40.0 uL/sec
Delaying for 0 minutes and 4.0 seconds
Dispensing 100.0 uL into A6 of NEST 96 Well Plate 100 µL PCR Full Skirt on 4 at 40.0 uL/sec
Delaying for 0 minutes and 4.0 seconds
Aspirating 100.0 uL from A6 of NEST 96 Well Plate 100 µL PCR Full Skirt on 4 at 40.0 uL/sec
Delaying for 0 minutes and 4.0 seconds
Dispensing 100.0 uL into A6 of NEST 96 Well Plate 100 µL PCR Full Skirt on 4 at 40.0 uL/sec
Delaying for 0 minutes and 4.0 seconds
Aspirating 100.0 uL from A6 of NEST 96 Well Plate 100 µL PCR Full Skirt on 4 at 40.0 uL/sec
Delaying for 0 minutes and 4.0 seconds
Dispensing 100.0 uL into A6 of NEST 96 Well Plate 100 µL PCR Full Skirt on 4 at 40.0 uL/sec
Delaying for 0 minutes and 4.0 seconds
Aspirating 100.0 uL from A6 of NEST 96 Well Plate 100 µL PCR Full Skirt on 4 at 40.0 uL/sec
Delaying for 0 minutes and 4.0 seconds
Dispensing 100.0 uL into A6 of NEST 96 Well Plate 100 µL PCR Full Skirt on 4 at 40.0 uL/sec
Delaying for 0 minutes and 4.0 seconds
Aspirating 100.0 uL from A6 of NEST 96 Well Plate 100 µL PCR Full Skirt on 4 at 40.0 uL/sec
Delaying for 0 minutes and 4.0 seconds
Dispensing 100.0 uL into A6 of NEST 96 Well Plate 100 µL PCR Full Skirt on 4 at 40.0 uL/sec
Delaying for 0 minutes and 4.0 seconds
Aspirating 100.0 uL from A6 of NEST 96 Well Plate 100 µL PCR Full Skirt on 4 at 40.0 uL/sec
Delaying for 0 minutes and 4.0 seconds
Dispensing 100.0 uL into A6 of NEST 96 Well Plate 100 µL PCR Full Skirt on 4 at 40.0 uL/sec
Delaying for 0 minutes and 4.0 seconds
Aspirating 100.0 uL from A6 of NEST 96 Well Plate 100 µL PCR Full Skirt on 4 at 40.0 uL/sec
Delaying for 0 minutes and 4.0 seconds
Dispensing 100.0 uL into A6 of NEST 96 Well Plate 100 µL PCR Full Skirt on 4 at 40.0 uL/sec
Delaying for 0 minutes and 4.0 seconds
Aspirating 100.0 uL from A6 of NEST 96 Well Plate 100 µL PCR Full Skirt on 4 at 40.0 uL/sec
Delaying for 0 minutes and 4.0 seconds
Dispensing 100.0 uL into A6 of NEST 96 Well Plate 100 µL PCR Full Skirt on 4 at 40.0 uL/sec
Delaying for 0 minutes and 4.0 seconds
Aspirating 125.0 uL from A6 of NEST 96 Well Plate 100 µL PCR Full Skirt on 4 at 40.0 uL/sec
Delaying for 0 minutes and 4.0 seconds
Moving to A6 of NEST 96 Well Plate 100 µL PCR Full Skirt on 4
Dispensing 14.0 uL into A6 of NEST 96 Well Plate 100 µL PCR Full Skirt on 1 at 40.0 uL/sec
Delaying for 0 minutes and 2.0 seconds
Moving to A6 of NEST 96 Well Plate 100 µL PCR Full Skirt on 1
Dispensing 14.0 uL into A6 of NEST 96 Well Plate 100 µL PCR Full Skirt on 2 at 40.0 uL/sec
Delaying for 0 minutes and 2.0 seconds
Moving to A6 of NEST 96 Well Plate 100 µL PCR Full Skirt on 2
Dispensing 14.0 uL into A6 of NEST 96 Well Plate 100 µL PCR Full Skirt on 3 at 40.0 uL/sec
Delaying for 0 minutes and 2.0 seconds
Moving to A6 of NEST 96 Well Plate 100 µL PCR Full Skirt on 3
Dispensing 14.0 uL into A6 of NEST 96 Well Plate 100 µL PCR Full Skirt on 6 at 40.0 uL/sec
Delaying for 0 minutes and 2.0 seconds
Moving to A6 of NEST 96 Well Plate 100 µL PCR Full Skirt on 6
Dispensing 14.0 uL into A6 of NEST 96 Well Plate 100 µL PCR Full Skirt on 9 at 40.0 uL/sec
Delaying for 0 minutes and 2.0 seconds
Moving to A6 of NEST 96 Well Plate 100 µL PCR Full Skirt on 9
Dispensing 14.0 uL into A6 of NEST 96 Well Plate 100 µL PCR Full Skirt on 11 at 40.0 uL/sec
Delaying for 0 minutes and 2.0 seconds
Moving to A6 of NEST 96 Well Plate 100 µL PCR Full Skirt on 11
Dispensing 14.0 uL into A6 of NEST 96 Well Plate 100 µL PCR Full Skirt on 8 at 40.0 uL/sec
Delaying for 0 minutes and 2.0 seconds
Moving to A6 of NEST 96 Well Plate 100 µL PCR Full Skirt on 8
Dispensing 14.0 uL into A6 of NEST 96 Well Plate 100 µL PCR Full Skirt on 5 at 40.0 uL/sec
Delaying for 0 minutes and 2.0 seconds
Moving to A6 of NEST 96 Well Plate 100 µL PCR Full Skirt on 5
Dispensing 14.0 uL into A6 of NEST 96 Well Plate 100 µL PCR Full Skirt on 4 at 40.0 uL/sec
Delaying for 0 minutes and 2.0 seconds
Moving to A6 of NEST 96 Well Plate 100 µL PCR Full Skirt on 4
Returning tip
	Dropping tip into A6 of Opentrons OT-2 96 Filter Tip Rack 200 µL on 7
Picking up tip from A7 of Opentrons OT-2 96 Filter Tip Rack 200 µL on 7
Aspirating 180.0 uL from A1 of NEST 12 Well Reservoir 15 mL on 10 at 40.0 uL/sec
Delaying for 0 minutes and 4.0 seconds
Dispensing 180.0 uL into A1 of NEST 12 Well Reservoir 15 mL on 10 at 40.0 uL/sec
Delaying for 0 minutes and 4.0 seconds
Aspirating 180.0 uL from A1 of NEST 12 Well Reservoir 15 mL on 10 at 40.0 uL/sec
Delaying for 0 minutes and 4.0 seconds
Dispensing 180.0 uL into A1 of NEST 12 Well Reservoir 15 mL on 10 at 40.0 uL/sec
Delaying for 0 minutes and 4.0 seconds
Aspirating 180.0 uL from A1 of NEST 12 Well Reservoir 15 mL on 10 at 40.0 uL/sec
Delaying for 0 minutes and 4.0 seconds
Dispensing 180.0 uL into A1 of NEST 12 Well Reservoir 15 mL on 10 at 40.0 uL/sec
Delaying for 0 minutes and 4.0 seconds
Aspirating 180.0 uL from A1 of NEST 12 Well Reservoir 15 mL on 10 at 40.0 uL/sec
Delaying for 0 minutes and 4.0 seconds
Dispensing 180.0 uL into A1 of NEST 12 Well Reservoir 15 mL on 10 at 40.0 uL/sec
Delaying for 0 minutes and 4.0 seconds
Aspirating 180.0 uL from A1 of NEST 12 Well Reservoir 15 mL on 10 at 40.0 uL/sec
Delaying for 0 minutes and 4.0 seconds
Dispensing 180.0 uL into A1 of NEST 12 Well Reservoir 15 mL on 10 at 40.0 uL/sec
Delaying for 0 minutes and 4.0 seconds
Aspirating 180.0 uL from A1 of NEST 12 Well Reservoir 15 mL on 10 at 40.0 uL/sec
Delaying for 0 minutes and 4.0 seconds
Dispensing 180.0 uL into A1 of NEST 12 Well Reservoir 15 mL on 10 at 40.0 uL/sec
Delaying for 0 minutes and 4.0 seconds
Aspirating 180.0 uL from A1 of NEST 12 Well Reservoir 15 mL on 10 at 40.0 uL/sec
Delaying for 0 minutes and 4.0 seconds
Dispensing 180.0 uL into A1 of NEST 12 Well Reservoir 15 mL on 10 at 40.0 uL/sec
Delaying for 0 minutes and 4.0 seconds
Aspirating 180.0 uL from A1 of NEST 12 Well Reservoir 15 mL on 10 at 40.0 uL/sec
Delaying for 0 minutes and 4.0 seconds
Dispensing 180.0 uL into A1 of NEST 12 Well Reservoir 15 mL on 10 at 40.0 uL/sec
Delaying for 0 minutes and 4.0 seconds
Aspirating 180.0 uL from A1 of NEST 12 Well Reservoir 15 mL on 10 at 40.0 uL/sec
Delaying for 0 minutes and 4.0 seconds
Dispensing 180.0 uL into A1 of NEST 12 Well Reservoir 15 mL on 10 at 40.0 uL/sec
Delaying for 0 minutes and 4.0 seconds
Aspirating 180.0 uL from A1 of NEST 12 Well Reservoir 15 mL on 10 at 40.0 uL/sec
Delaying for 0 minutes and 4.0 seconds
Dispensing 180.0 uL into A1 of NEST 12 Well Reservoir 15 mL on 10 at 40.0 uL/sec
Delaying for 0 minutes and 4.0 seconds
Aspirating 130.0 uL from A1 of NEST 12 Well Reservoir 15 mL on 10 at 40.0 uL/sec
Delaying for 0 minutes and 4.0 seconds
Moving to A1 of NEST 12 Well Reservoir 15 mL on 10
Dispensing 120.0 uL into A7 of NEST 96 Well Plate 100 µL PCR Full Skirt on 4 at 40.0 uL/sec
Delaying for 0 minutes and 4.0 seconds
Aspirating 100.0 uL from A7 of NEST 96 Well Plate 100 µL PCR Full Skirt on 4 at 40.0 uL/sec
Delaying for 0 minutes and 4.0 seconds
Dispensing 100.0 uL into A7 of NEST 96 Well Plate 100 µL PCR Full Skirt on 4 at 40.0 uL/sec
Delaying for 0 minutes and 4.0 seconds
Aspirating 100.0 uL from A7 of NEST 96 Well Plate 100 µL PCR Full Skirt on 4 at 40.0 uL/sec
Delaying for 0 minutes and 4.0 seconds
Dispensing 100.0 uL into A7 of NEST 96 Well Plate 100 µL PCR Full Skirt on 4 at 40.0 uL/sec
Delaying for 0 minutes and 4.0 seconds
Aspirating 100.0 uL from A7 of NEST 96 Well Plate 100 µL PCR Full Skirt on 4 at 40.0 uL/sec
Delaying for 0 minutes and 4.0 seconds
Dispensing 100.0 uL into A7 of NEST 96 Well Plate 100 µL PCR Full Skirt on 4 at 40.0 uL/sec
Delaying for 0 minutes and 4.0 seconds
Aspirating 100.0 uL from A7 of NEST 96 Well Plate 100 µL PCR Full Skirt on 4 at 40.0 uL/sec
Delaying for 0 minutes and 4.0 seconds
Dispensing 100.0 uL into A7 of NEST 96 Well Plate 100 µL PCR Full Skirt on 4 at 40.0 uL/sec
Delaying for 0 minutes and 4.0 seconds
Aspirating 100.0 uL from A7 of NEST 96 Well Plate 100 µL PCR Full Skirt on 4 at 40.0 uL/sec
Delaying for 0 minutes and 4.0 seconds
Dispensing 100.0 uL into A7 of NEST 96 Well Plate 100 µL PCR Full Skirt on 4 at 40.0 uL/sec
Delaying for 0 minutes and 4.0 seconds
Aspirating 100.0 uL from A7 of NEST 96 Well Plate 100 µL PCR Full Skirt on 4 at 40.0 uL/sec
Delaying for 0 minutes and 4.0 seconds
Dispensing 100.0 uL into A7 of NEST 96 Well Plate 100 µL PCR Full Skirt on 4 at 40.0 uL/sec
Delaying for 0 minutes and 4.0 seconds
Aspirating 100.0 uL from A7 of NEST 96 Well Plate 100 µL PCR Full Skirt on 4 at 40.0 uL/sec
Delaying for 0 minutes and 4.0 seconds
Dispensing 100.0 uL into A7 of NEST 96 Well Plate 100 µL PCR Full Skirt on 4 at 40.0 uL/sec
Delaying for 0 minutes and 4.0 seconds
Aspirating 100.0 uL from A7 of NEST 96 Well Plate 100 µL PCR Full Skirt on 4 at 40.0 uL/sec
Delaying for 0 minutes and 4.0 seconds
Dispensing 100.0 uL into A7 of NEST 96 Well Plate 100 µL PCR Full Skirt on 4 at 40.0 uL/sec
Delaying for 0 minutes and 4.0 seconds
Aspirating 100.0 uL from A7 of NEST 96 Well Plate 100 µL PCR Full Skirt on 4 at 40.0 uL/sec
Delaying for 0 minutes and 4.0 seconds
Dispensing 100.0 uL into A7 of NEST 96 Well Plate 100 µL PCR Full Skirt on 4 at 40.0 uL/sec
Delaying for 0 minutes and 4.0 seconds
Aspirating 100.0 uL from A7 of NEST 96 Well Plate 100 µL PCR Full Skirt on 4 at 40.0 uL/sec
Delaying for 0 minutes and 4.0 seconds
Dispensing 100.0 uL into A7 of NEST 96 Well Plate 100 µL PCR Full Skirt on 4 at 40.0 uL/sec
Delaying for 0 minutes and 4.0 seconds
Aspirating 125.0 uL from A7 of NEST 96 Well Plate 100 µL PCR Full Skirt on 4 at 40.0 uL/sec
Delaying for 0 minutes and 4.0 seconds
Moving to A7 of NEST 96 Well Plate 100 µL PCR Full Skirt on 4
Dispensing 14.0 uL into A7 of NEST 96 Well Plate 100 µL PCR Full Skirt on 1 at 40.0 uL/sec
Delaying for 0 minutes and 2.0 seconds
Moving to A7 of NEST 96 Well Plate 100 µL PCR Full Skirt on 1
Dispensing 14.0 uL into A7 of NEST 96 Well Plate 100 µL PCR Full Skirt on 2 at 40.0 uL/sec
Delaying for 0 minutes and 2.0 seconds
Moving to A7 of NEST 96 Well Plate 100 µL PCR Full Skirt on 2
Dispensing 14.0 uL into A7 of NEST 96 Well Plate 100 µL PCR Full Skirt on 3 at 40.0 uL/sec
Delaying for 0 minutes and 2.0 seconds
Moving to A7 of NEST 96 Well Plate 100 µL PCR Full Skirt on 3
Dispensing 14.0 uL into A7 of NEST 96 Well Plate 100 µL PCR Full Skirt on 6 at 40.0 uL/sec
Delaying for 0 minutes and 2.0 seconds
Moving to A7 of NEST 96 Well Plate 100 µL PCR Full Skirt on 6
Dispensing 14.0 uL into A7 of NEST 96 Well Plate 100 µL PCR Full Skirt on 9 at 40.0 uL/sec
Delaying for 0 minutes and 2.0 seconds
Moving to A7 of NEST 96 Well Plate 100 µL PCR Full Skirt on 9
Dispensing 14.0 uL into A7 of NEST 96 Well Plate 100 µL PCR Full Skirt on 11 at 40.0 uL/sec
Delaying for 0 minutes and 2.0 seconds
Moving to A7 of NEST 96 Well Plate 100 µL PCR Full Skirt on 11
Dispensing 14.0 uL into A7 of NEST 96 Well Plate 100 µL PCR Full Skirt on 8 at 40.0 uL/sec
Delaying for 0 minutes and 2.0 seconds
Moving to A7 of NEST 96 Well Plate 100 µL PCR Full Skirt on 8
Dispensing 14.0 uL into A7 of NEST 96 Well Plate 100 µL PCR Full Skirt on 5 at 40.0 uL/sec
Delaying for 0 minutes and 2.0 seconds
Moving to A7 of NEST 96 Well Plate 100 µL PCR Full Skirt on 5
Dispensing 14.0 uL into A7 of NEST 96 Well Plate 100 µL PCR Full Skirt on 4 at 40.0 uL/sec
Delaying for 0 minutes and 2.0 seconds
Moving to A7 of NEST 96 Well Plate 100 µL PCR Full Skirt on 4
Returning tip
	Dropping tip into A7 of Opentrons OT-2 96 Filter Tip Rack 200 µL on 7
Picking up tip from A8 of Opentrons OT-2 96 Filter Tip Rack 200 µL on 7
Aspirating 180.0 uL from A1 of NEST 12 Well Reservoir 15 mL on 10 at 40.0 uL/sec
Delaying for 0 minutes and 4.0 seconds
Dispensing 180.0 uL into A1 of NEST 12 Well Reservoir 15 mL on 10 at 40.0 uL/sec
Delaying for 0 minutes and 4.0 seconds
Aspirating 180.0 uL from A1 of NEST 12 Well Reservoir 15 mL on 10 at 40.0 uL/sec
Delaying for 0 minutes and 4.0 seconds
Dispensing 180.0 uL into A1 of NEST 12 Well Reservoir 15 mL on 10 at 40.0 uL/sec
Delaying for 0 minutes and 4.0 seconds
Aspirating 180.0 uL from A1 of NEST 12 Well Reservoir 15 mL on 10 at 40.0 uL/sec
Delaying for 0 minutes and 4.0 seconds
Dispensing 180.0 uL into A1 of NEST 12 Well Reservoir 15 mL on 10 at 40.0 uL/sec
Delaying for 0 minutes and 4.0 seconds
Aspirating 180.0 uL from A1 of NEST 12 Well Reservoir 15 mL on 10 at 40.0 uL/sec
Delaying for 0 minutes and 4.0 seconds
Dispensing 180.0 uL into A1 of NEST 12 Well Reservoir 15 mL on 10 at 40.0 uL/sec
Delaying for 0 minutes and 4.0 seconds
Aspirating 180.0 uL from A1 of NEST 12 Well Reservoir 15 mL on 10 at 40.0 uL/sec
Delaying for 0 minutes and 4.0 seconds
Dispensing 180.0 uL into A1 of NEST 12 Well Reservoir 15 mL on 10 at 40.0 uL/sec
Delaying for 0 minutes and 4.0 seconds
Aspirating 180.0 uL from A1 of NEST 12 Well Reservoir 15 mL on 10 at 40.0 uL/sec
Delaying for 0 minutes and 4.0 seconds
Dispensing 180.0 uL into A1 of NEST 12 Well Reservoir 15 mL on 10 at 40.0 uL/sec
Delaying for 0 minutes and 4.0 seconds
Aspirating 180.0 uL from A1 of NEST 12 Well Reservoir 15 mL on 10 at 40.0 uL/sec
Delaying for 0 minutes and 4.0 seconds
Dispensing 180.0 uL into A1 of NEST 12 Well Reservoir 15 mL on 10 at 40.0 uL/sec
Delaying for 0 minutes and 4.0 seconds
Aspirating 180.0 uL from A1 of NEST 12 Well Reservoir 15 mL on 10 at 40.0 uL/sec
Delaying for 0 minutes and 4.0 seconds
Dispensing 180.0 uL into A1 of NEST 12 Well Reservoir 15 mL on 10 at 40.0 uL/sec
Delaying for 0 minutes and 4.0 seconds
Aspirating 180.0 uL from A1 of NEST 12 Well Reservoir 15 mL on 10 at 40.0 uL/sec
Delaying for 0 minutes and 4.0 seconds
Dispensing 180.0 uL into A1 of NEST 12 Well Reservoir 15 mL on 10 at 40.0 uL/sec
Delaying for 0 minutes and 4.0 seconds
Aspirating 180.0 uL from A1 of NEST 12 Well Reservoir 15 mL on 10 at 40.0 uL/sec
Delaying for 0 minutes and 4.0 seconds
Dispensing 180.0 uL into A1 of NEST 12 Well Reservoir 15 mL on 10 at 40.0 uL/sec
Delaying for 0 minutes and 4.0 seconds
Aspirating 130.0 uL from A1 of NEST 12 Well Reservoir 15 mL on 10 at 40.0 uL/sec
Delaying for 0 minutes and 4.0 seconds
Moving to A1 of NEST 12 Well Reservoir 15 mL on 10
Dispensing 120.0 uL into A8 of NEST 96 Well Plate 100 µL PCR Full Skirt on 4 at 40.0 uL/sec
Delaying for 0 minutes and 4.0 seconds
Aspirating 100.0 uL from A8 of NEST 96 Well Plate 100 µL PCR Full Skirt on 4 at 40.0 uL/sec
Delaying for 0 minutes and 4.0 seconds
Dispensing 100.0 uL into A8 of NEST 96 Well Plate 100 µL PCR Full Skirt on 4 at 40.0 uL/sec
Delaying for 0 minutes and 4.0 seconds
Aspirating 100.0 uL from A8 of NEST 96 Well Plate 100 µL PCR Full Skirt on 4 at 40.0 uL/sec
Delaying for 0 minutes and 4.0 seconds
Dispensing 100.0 uL into A8 of NEST 96 Well Plate 100 µL PCR Full Skirt on 4 at 40.0 uL/sec
Delaying for 0 minutes and 4.0 seconds
Aspirating 100.0 uL from A8 of NEST 96 Well Plate 100 µL PCR Full Skirt on 4 at 40.0 uL/sec
Delaying for 0 minutes and 4.0 seconds
Dispensing 100.0 uL into A8 of NEST 96 Well Plate 100 µL PCR Full Skirt on 4 at 40.0 uL/sec
Delaying for 0 minutes and 4.0 seconds
Aspirating 100.0 uL from A8 of NEST 96 Well Plate 100 µL PCR Full Skirt on 4 at 40.0 uL/sec
Delaying for 0 minutes and 4.0 seconds
Dispensing 100.0 uL into A8 of NEST 96 Well Plate 100 µL PCR Full Skirt on 4 at 40.0 uL/sec
Delaying for 0 minutes and 4.0 seconds
Aspirating 100.0 uL from A8 of NEST 96 Well Plate 100 µL PCR Full Skirt on 4 at 40.0 uL/sec
Delaying for 0 minutes and 4.0 seconds
Dispensing 100.0 uL into A8 of NEST 96 Well Plate 100 µL PCR Full Skirt on 4 at 40.0 uL/sec
Delaying for 0 minutes and 4.0 seconds
Aspirating 100.0 uL from A8 of NEST 96 Well Plate 100 µL PCR Full Skirt on 4 at 40.0 uL/sec
Delaying for 0 minutes and 4.0 seconds
Dispensing 100.0 uL into A8 of NEST 96 Well Plate 100 µL PCR Full Skirt on 4 at 40.0 uL/sec
Delaying for 0 minutes and 4.0 seconds
Aspirating 100.0 uL from A8 of NEST 96 Well Plate 100 µL PCR Full Skirt on 4 at 40.0 uL/sec
Delaying for 0 minutes and 4.0 seconds
Dispensing 100.0 uL into A8 of NEST 96 Well Plate 100 µL PCR Full Skirt on 4 at 40.0 uL/sec
Delaying for 0 minutes and 4.0 seconds
Aspirating 100.0 uL from A8 of NEST 96 Well Plate 100 µL PCR Full Skirt on 4 at 40.0 uL/sec
Delaying for 0 minutes and 4.0 seconds
Dispensing 100.0 uL into A8 of NEST 96 Well Plate 100 µL PCR Full Skirt on 4 at 40.0 uL/sec
Delaying for 0 minutes and 4.0 seconds
Aspirating 100.0 uL from A8 of NEST 96 Well Plate 100 µL PCR Full Skirt on 4 at 40.0 uL/sec
Delaying for 0 minutes and 4.0 seconds
Dispensing 100.0 uL into A8 of NEST 96 Well Plate 100 µL PCR Full Skirt on 4 at 40.0 uL/sec
Delaying for 0 minutes and 4.0 seconds
Aspirating 100.0 uL from A8 of NEST 96 Well Plate 100 µL PCR Full Skirt on 4 at 40.0 uL/sec
Delaying for 0 minutes and 4.0 seconds
Dispensing 100.0 uL into A8 of NEST 96 Well Plate 100 µL PCR Full Skirt on 4 at 40.0 uL/sec
Delaying for 0 minutes and 4.0 seconds
Aspirating 125.0 uL from A8 of NEST 96 Well Plate 100 µL PCR Full Skirt on 4 at 40.0 uL/sec
Delaying for 0 minutes and 4.0 seconds
Moving to A8 of NEST 96 Well Plate 100 µL PCR Full Skirt on 4
Dispensing 14.0 uL into A8 of NEST 96 Well Plate 100 µL PCR Full Skirt on 1 at 40.0 uL/sec
Delaying for 0 minutes and 2.0 seconds
Moving to A8 of NEST 96 Well Plate 100 µL PCR Full Skirt on 1
Dispensing 14.0 uL into A8 of NEST 96 Well Plate 100 µL PCR Full Skirt on 2 at 40.0 uL/sec
Delaying for 0 minutes and 2.0 seconds
Moving to A8 of NEST 96 Well Plate 100 µL PCR Full Skirt on 2
Dispensing 14.0 uL into A8 of NEST 96 Well Plate 100 µL PCR Full Skirt on 3 at 40.0 uL/sec
Delaying for 0 minutes and 2.0 seconds
Moving to A8 of NEST 96 Well Plate 100 µL PCR Full Skirt on 3
Dispensing 14.0 uL into A8 of NEST 96 Well Plate 100 µL PCR Full Skirt on 6 at 40.0 uL/sec
Delaying for 0 minutes and 2.0 seconds
Moving to A8 of NEST 96 Well Plate 100 µL PCR Full Skirt on 6
Dispensing 14.0 uL into A8 of NEST 96 Well Plate 100 µL PCR Full Skirt on 9 at 40.0 uL/sec
Delaying for 0 minutes and 2.0 seconds
Moving to A8 of NEST 96 Well Plate 100 µL PCR Full Skirt on 9
Dispensing 14.0 uL into A8 of NEST 96 Well Plate 100 µL PCR Full Skirt on 11 at 40.0 uL/sec
Delaying for 0 minutes and 2.0 seconds
Moving to A8 of NEST 96 Well Plate 100 µL PCR Full Skirt on 11
Dispensing 14.0 uL into A8 of NEST 96 Well Plate 100 µL PCR Full Skirt on 8 at 40.0 uL/sec
Delaying for 0 minutes and 2.0 seconds
Moving to A8 of NEST 96 Well Plate 100 µL PCR Full Skirt on 8
Dispensing 14.0 uL into A8 of NEST 96 Well Plate 100 µL PCR Full Skirt on 5 at 40.0 uL/sec
Delaying for 0 minutes and 2.0 seconds
Moving to A8 of NEST 96 Well Plate 100 µL PCR Full Skirt on 5
Dispensing 14.0 uL into A8 of NEST 96 Well Plate 100 µL PCR Full Skirt on 4 at 40.0 uL/sec
Delaying for 0 minutes and 2.0 seconds
Moving to A8 of NEST 96 Well Plate 100 µL PCR Full Skirt on 4
Returning tip
	Dropping tip into A8 of Opentrons OT-2 96 Filter Tip Rack 200 µL on 7
Picking up tip from A9 of Opentrons OT-2 96 Filter Tip Rack 200 µL on 7
Aspirating 180.0 uL from A1 of NEST 12 Well Reservoir 15 mL on 10 at 40.0 uL/sec
Delaying for 0 minutes and 4.0 seconds
Dispensing 180.0 uL into A1 of NEST 12 Well Reservoir 15 mL on 10 at 40.0 uL/sec
Delaying for 0 minutes and 4.0 seconds
Aspirating 180.0 uL from A1 of NEST 12 Well Reservoir 15 mL on 10 at 40.0 uL/sec
Delaying for 0 minutes and 4.0 seconds
Dispensing 180.0 uL into A1 of NEST 12 Well Reservoir 15 mL on 10 at 40.0 uL/sec
Delaying for 0 minutes and 4.0 seconds
Aspirating 180.0 uL from A1 of NEST 12 Well Reservoir 15 mL on 10 at 40.0 uL/sec
Delaying for 0 minutes and 4.0 seconds
Dispensing 180.0 uL into A1 of NEST 12 Well Reservoir 15 mL on 10 at 40.0 uL/sec
Delaying for 0 minutes and 4.0 seconds
Aspirating 180.0 uL from A1 of NEST 12 Well Reservoir 15 mL on 10 at 40.0 uL/sec
Delaying for 0 minutes and 4.0 seconds
Dispensing 180.0 uL into A1 of NEST 12 Well Reservoir 15 mL on 10 at 40.0 uL/sec
Delaying for 0 minutes and 4.0 seconds
Aspirating 180.0 uL from A1 of NEST 12 Well Reservoir 15 mL on 10 at 40.0 uL/sec
Delaying for 0 minutes and 4.0 seconds
Dispensing 180.0 uL into A1 of NEST 12 Well Reservoir 15 mL on 10 at 40.0 uL/sec
Delaying for 0 minutes and 4.0 seconds
Aspirating 180.0 uL from A1 of NEST 12 Well Reservoir 15 mL on 10 at 40.0 uL/sec
Delaying for 0 minutes and 4.0 seconds
Dispensing 180.0 uL into A1 of NEST 12 Well Reservoir 15 mL on 10 at 40.0 uL/sec
Delaying for 0 minutes and 4.0 seconds
Aspirating 180.0 uL from A1 of NEST 12 Well Reservoir 15 mL on 10 at 40.0 uL/sec
Delaying for 0 minutes and 4.0 seconds
Dispensing 180.0 uL into A1 of NEST 12 Well Reservoir 15 mL on 10 at 40.0 uL/sec
Delaying for 0 minutes and 4.0 seconds
Aspirating 180.0 uL from A1 of NEST 12 Well Reservoir 15 mL on 10 at 40.0 uL/sec
Delaying for 0 minutes and 4.0 seconds
Dispensing 180.0 uL into A1 of NEST 12 Well Reservoir 15 mL on 10 at 40.0 uL/sec
Delaying for 0 minutes and 4.0 seconds
Aspirating 180.0 uL from A1 of NEST 12 Well Reservoir 15 mL on 10 at 40.0 uL/sec
Delaying for 0 minutes and 4.0 seconds
Dispensing 180.0 uL into A1 of NEST 12 Well Reservoir 15 mL on 10 at 40.0 uL/sec
Delaying for 0 minutes and 4.0 seconds
Aspirating 180.0 uL from A1 of NEST 12 Well Reservoir 15 mL on 10 at 40.0 uL/sec
Delaying for 0 minutes and 4.0 seconds
Dispensing 180.0 uL into A1 of NEST 12 Well Reservoir 15 mL on 10 at 40.0 uL/sec
Delaying for 0 minutes and 4.0 seconds
Aspirating 130.0 uL from A1 of NEST 12 Well Reservoir 15 mL on 10 at 40.0 uL/sec
Delaying for 0 minutes and 4.0 seconds
Moving to A1 of NEST 12 Well Reservoir 15 mL on 10
Dispensing 120.0 uL into A9 of NEST 96 Well Plate 100 µL PCR Full Skirt on 4 at 40.0 uL/sec
Delaying for 0 minutes and 4.0 seconds
Aspirating 100.0 uL from A9 of NEST 96 Well Plate 100 µL PCR Full Skirt on 4 at 40.0 uL/sec
Delaying for 0 minutes and 4.0 seconds
Dispensing 100.0 uL into A9 of NEST 96 Well Plate 100 µL PCR Full Skirt on 4 at 40.0 uL/sec
Delaying for 0 minutes and 4.0 seconds
Aspirating 100.0 uL from A9 of NEST 96 Well Plate 100 µL PCR Full Skirt on 4 at 40.0 uL/sec
Delaying for 0 minutes and 4.0 seconds
Dispensing 100.0 uL into A9 of NEST 96 Well Plate 100 µL PCR Full Skirt on 4 at 40.0 uL/sec
Delaying for 0 minutes and 4.0 seconds
Aspirating 100.0 uL from A9 of NEST 96 Well Plate 100 µL PCR Full Skirt on 4 at 40.0 uL/sec
Delaying for 0 minutes and 4.0 seconds
Dispensing 100.0 uL into A9 of NEST 96 Well Plate 100 µL PCR Full Skirt on 4 at 40.0 uL/sec
Delaying for 0 minutes and 4.0 seconds
Aspirating 100.0 uL from A9 of NEST 96 Well Plate 100 µL PCR Full Skirt on 4 at 40.0 uL/sec
Delaying for 0 minutes and 4.0 seconds
Dispensing 100.0 uL into A9 of NEST 96 Well Plate 100 µL PCR Full Skirt on 4 at 40.0 uL/sec
Delaying for 0 minutes and 4.0 seconds
Aspirating 100.0 uL from A9 of NEST 96 Well Plate 100 µL PCR Full Skirt on 4 at 40.0 uL/sec
Delaying for 0 minutes and 4.0 seconds
Dispensing 100.0 uL into A9 of NEST 96 Well Plate 100 µL PCR Full Skirt on 4 at 40.0 uL/sec
Delaying for 0 minutes and 4.0 seconds
Aspirating 100.0 uL from A9 of NEST 96 Well Plate 100 µL PCR Full Skirt on 4 at 40.0 uL/sec
Delaying for 0 minutes and 4.0 seconds
Dispensing 100.0 uL into A9 of NEST 96 Well Plate 100 µL PCR Full Skirt on 4 at 40.0 uL/sec
Delaying for 0 minutes and 4.0 seconds
Aspirating 100.0 uL from A9 of NEST 96 Well Plate 100 µL PCR Full Skirt on 4 at 40.0 uL/sec
Delaying for 0 minutes and 4.0 seconds
Dispensing 100.0 uL into A9 of NEST 96 Well Plate 100 µL PCR Full Skirt on 4 at 40.0 uL/sec
Delaying for 0 minutes and 4.0 seconds
Aspirating 100.0 uL from A9 of NEST 96 Well Plate 100 µL PCR Full Skirt on 4 at 40.0 uL/sec
Delaying for 0 minutes and 4.0 seconds
Dispensing 100.0 uL into A9 of NEST 96 Well Plate 100 µL PCR Full Skirt on 4 at 40.0 uL/sec
Delaying for 0 minutes and 4.0 seconds
Aspirating 100.0 uL from A9 of NEST 96 Well Plate 100 µL PCR Full Skirt on 4 at 40.0 uL/sec
Delaying for 0 minutes and 4.0 seconds
Dispensing 100.0 uL into A9 of NEST 96 Well Plate 100 µL PCR Full Skirt on 4 at 40.0 uL/sec
Delaying for 0 minutes and 4.0 seconds
Aspirating 100.0 uL from A9 of NEST 96 Well Plate 100 µL PCR Full Skirt on 4 at 40.0 uL/sec
Delaying for 0 minutes and 4.0 seconds
Dispensing 100.0 uL into A9 of NEST 96 Well Plate 100 µL PCR Full Skirt on 4 at 40.0 uL/sec
Delaying for 0 minutes and 4.0 seconds
Aspirating 125.0 uL from A9 of NEST 96 Well Plate 100 µL PCR Full Skirt on 4 at 40.0 uL/sec
Delaying for 0 minutes and 4.0 seconds
Moving to A9 of NEST 96 Well Plate 100 µL PCR Full Skirt on 4
Dispensing 14.0 uL into A9 of NEST 96 Well Plate 100 µL PCR Full Skirt on 1 at 40.0 uL/sec
Delaying for 0 minutes and 2.0 seconds
Moving to A9 of NEST 96 Well Plate 100 µL PCR Full Skirt on 1
Dispensing 14.0 uL into A9 of NEST 96 Well Plate 100 µL PCR Full Skirt on 2 at 40.0 uL/sec
Delaying for 0 minutes and 2.0 seconds
Moving to A9 of NEST 96 Well Plate 100 µL PCR Full Skirt on 2
Dispensing 14.0 uL into A9 of NEST 96 Well Plate 100 µL PCR Full Skirt on 3 at 40.0 uL/sec
Delaying for 0 minutes and 2.0 seconds
Moving to A9 of NEST 96 Well Plate 100 µL PCR Full Skirt on 3
Dispensing 14.0 uL into A9 of NEST 96 Well Plate 100 µL PCR Full Skirt on 6 at 40.0 uL/sec
Delaying for 0 minutes and 2.0 seconds
Moving to A9 of NEST 96 Well Plate 100 µL PCR Full Skirt on 6
Dispensing 14.0 uL into A9 of NEST 96 Well Plate 100 µL PCR Full Skirt on 9 at 40.0 uL/sec
Delaying for 0 minutes and 2.0 seconds
Moving to A9 of NEST 96 Well Plate 100 µL PCR Full Skirt on 9
Dispensing 14.0 uL into A9 of NEST 96 Well Plate 100 µL PCR Full Skirt on 11 at 40.0 uL/sec
Delaying for 0 minutes and 2.0 seconds
Moving to A9 of NEST 96 Well Plate 100 µL PCR Full Skirt on 11
Dispensing 14.0 uL into A9 of NEST 96 Well Plate 100 µL PCR Full Skirt on 8 at 40.0 uL/sec
Delaying for 0 minutes and 2.0 seconds
Moving to A9 of NEST 96 Well Plate 100 µL PCR Full Skirt on 8
Dispensing 14.0 uL into A9 of NEST 96 Well Plate 100 µL PCR Full Skirt on 5 at 40.0 uL/sec
Delaying for 0 minutes and 2.0 seconds
Moving to A9 of NEST 96 Well Plate 100 µL PCR Full Skirt on 5
Dispensing 14.0 uL into A9 of NEST 96 Well Plate 100 µL PCR Full Skirt on 4 at 40.0 uL/sec
Delaying for 0 minutes and 2.0 seconds
Moving to A9 of NEST 96 Well Plate 100 µL PCR Full Skirt on 4
Returning tip
	Dropping tip into A9 of Opentrons OT-2 96 Filter Tip Rack 200 µL on 7
Picking up tip from A10 of Opentrons OT-2 96 Filter Tip Rack 200 µL on 7
Aspirating 180.0 uL from A1 of NEST 12 Well Reservoir 15 mL on 10 at 40.0 uL/sec
Delaying for 0 minutes and 4.0 seconds
Dispensing 180.0 uL into A1 of NEST 12 Well Reservoir 15 mL on 10 at 40.0 uL/sec
Delaying for 0 minutes and 4.0 seconds
Aspirating 180.0 uL from A1 of NEST 12 Well Reservoir 15 mL on 10 at 40.0 uL/sec
Delaying for 0 minutes and 4.0 seconds
Dispensing 180.0 uL into A1 of NEST 12 Well Reservoir 15 mL on 10 at 40.0 uL/sec
Delaying for 0 minutes and 4.0 seconds
Aspirating 180.0 uL from A1 of NEST 12 Well Reservoir 15 mL on 10 at 40.0 uL/sec
Delaying for 0 minutes and 4.0 seconds
Dispensing 180.0 uL into A1 of NEST 12 Well Reservoir 15 mL on 10 at 40.0 uL/sec
Delaying for 0 minutes and 4.0 seconds
Aspirating 180.0 uL from A1 of NEST 12 Well Reservoir 15 mL on 10 at 40.0 uL/sec
Delaying for 0 minutes and 4.0 seconds
Dispensing 180.0 uL into A1 of NEST 12 Well Reservoir 15 mL on 10 at 40.0 uL/sec
Delaying for 0 minutes and 4.0 seconds
Aspirating 180.0 uL from A1 of NEST 12 Well Reservoir 15 mL on 10 at 40.0 uL/sec
Delaying for 0 minutes and 4.0 seconds
Dispensing 180.0 uL into A1 of NEST 12 Well Reservoir 15 mL on 10 at 40.0 uL/sec
Delaying for 0 minutes and 4.0 seconds
Aspirating 180.0 uL from A1 of NEST 12 Well Reservoir 15 mL on 10 at 40.0 uL/sec
Delaying for 0 minutes and 4.0 seconds
Dispensing 180.0 uL into A1 of NEST 12 Well Reservoir 15 mL on 10 at 40.0 uL/sec
Delaying for 0 minutes and 4.0 seconds
Aspirating 180.0 uL from A1 of NEST 12 Well Reservoir 15 mL on 10 at 40.0 uL/sec
Delaying for 0 minutes and 4.0 seconds
Dispensing 180.0 uL into A1 of NEST 12 Well Reservoir 15 mL on 10 at 40.0 uL/sec
Delaying for 0 minutes and 4.0 seconds
Aspirating 180.0 uL from A1 of NEST 12 Well Reservoir 15 mL on 10 at 40.0 uL/sec
Delaying for 0 minutes and 4.0 seconds
Dispensing 180.0 uL into A1 of NEST 12 Well Reservoir 15 mL on 10 at 40.0 uL/sec
Delaying for 0 minutes and 4.0 seconds
Aspirating 180.0 uL from A1 of NEST 12 Well Reservoir 15 mL on 10 at 40.0 uL/sec
Delaying for 0 minutes and 4.0 seconds
Dispensing 180.0 uL into A1 of NEST 12 Well Reservoir 15 mL on 10 at 40.0 uL/sec
Delaying for 0 minutes and 4.0 seconds
Aspirating 180.0 uL from A1 of NEST 12 Well Reservoir 15 mL on 10 at 40.0 uL/sec
Delaying for 0 minutes and 4.0 seconds
Dispensing 180.0 uL into A1 of NEST 12 Well Reservoir 15 mL on 10 at 40.0 uL/sec
Delaying for 0 minutes and 4.0 seconds
Aspirating 130.0 uL from A1 of NEST 12 Well Reservoir 15 mL on 10 at 40.0 uL/sec
Delaying for 0 minutes and 4.0 seconds
Moving to A1 of NEST 12 Well Reservoir 15 mL on 10
Dispensing 120.0 uL into A10 of NEST 96 Well Plate 100 µL PCR Full Skirt on 4 at 40.0 uL/sec
Delaying for 0 minutes and 4.0 seconds
Aspirating 100.0 uL from A10 of NEST 96 Well Plate 100 µL PCR Full Skirt on 4 at 40.0 uL/sec
Delaying for 0 minutes and 4.0 seconds
Dispensing 100.0 uL into A10 of NEST 96 Well Plate 100 µL PCR Full Skirt on 4 at 40.0 uL/sec
Delaying for 0 minutes and 4.0 seconds
Aspirating 100.0 uL from A10 of NEST 96 Well Plate 100 µL PCR Full Skirt on 4 at 40.0 uL/sec
Delaying for 0 minutes and 4.0 seconds
Dispensing 100.0 uL into A10 of NEST 96 Well Plate 100 µL PCR Full Skirt on 4 at 40.0 uL/sec
Delaying for 0 minutes and 4.0 seconds
Aspirating 100.0 uL from A10 of NEST 96 Well Plate 100 µL PCR Full Skirt on 4 at 40.0 uL/sec
Delaying for 0 minutes and 4.0 seconds
Dispensing 100.0 uL into A10 of NEST 96 Well Plate 100 µL PCR Full Skirt on 4 at 40.0 uL/sec
Delaying for 0 minutes and 4.0 seconds
Aspirating 100.0 uL from A10 of NEST 96 Well Plate 100 µL PCR Full Skirt on 4 at 40.0 uL/sec
Delaying for 0 minutes and 4.0 seconds
Dispensing 100.0 uL into A10 of NEST 96 Well Plate 100 µL PCR Full Skirt on 4 at 40.0 uL/sec
Delaying for 0 minutes and 4.0 seconds
Aspirating 100.0 uL from A10 of NEST 96 Well Plate 100 µL PCR Full Skirt on 4 at 40.0 uL/sec
Delaying for 0 minutes and 4.0 seconds
Dispensing 100.0 uL into A10 of NEST 96 Well Plate 100 µL PCR Full Skirt on 4 at 40.0 uL/sec
Delaying for 0 minutes and 4.0 seconds
Aspirating 100.0 uL from A10 of NEST 96 Well Plate 100 µL PCR Full Skirt on 4 at 40.0 uL/sec
Delaying for 0 minutes and 4.0 seconds
Dispensing 100.0 uL into A10 of NEST 96 Well Plate 100 µL PCR Full Skirt on 4 at 40.0 uL/sec
Delaying for 0 minutes and 4.0 seconds
Aspirating 100.0 uL from A10 of NEST 96 Well Plate 100 µL PCR Full Skirt on 4 at 40.0 uL/sec
Delaying for 0 minutes and 4.0 seconds
Dispensing 100.0 uL into A10 of NEST 96 Well Plate 100 µL PCR Full Skirt on 4 at 40.0 uL/sec
Delaying for 0 minutes and 4.0 seconds
Aspirating 100.0 uL from A10 of NEST 96 Well Plate 100 µL PCR Full Skirt on 4 at 40.0 uL/sec
Delaying for 0 minutes and 4.0 seconds
Dispensing 100.0 uL into A10 of NEST 96 Well Plate 100 µL PCR Full Skirt on 4 at 40.0 uL/sec
Delaying for 0 minutes and 4.0 seconds
Aspirating 100.0 uL from A10 of NEST 96 Well Plate 100 µL PCR Full Skirt on 4 at 40.0 uL/sec
Delaying for 0 minutes and 4.0 seconds
Dispensing 100.0 uL into A10 of NEST 96 Well Plate 100 µL PCR Full Skirt on 4 at 40.0 uL/sec
Delaying for 0 minutes and 4.0 seconds
Aspirating 100.0 uL from A10 of NEST 96 Well Plate 100 µL PCR Full Skirt on 4 at 40.0 uL/sec
Delaying for 0 minutes and 4.0 seconds
Dispensing 100.0 uL into A10 of NEST 96 Well Plate 100 µL PCR Full Skirt on 4 at 40.0 uL/sec
Delaying for 0 minutes and 4.0 seconds
Aspirating 125.0 uL from A10 of NEST 96 Well Plate 100 µL PCR Full Skirt on 4 at 40.0 uL/sec
Delaying for 0 minutes and 4.0 seconds
Moving to A10 of NEST 96 Well Plate 100 µL PCR Full Skirt on 4
Dispensing 14.0 uL into A10 of NEST 96 Well Plate 100 µL PCR Full Skirt on 1 at 40.0 uL/sec
Delaying for 0 minutes and 2.0 seconds
Moving to A10 of NEST 96 Well Plate 100 µL PCR Full Skirt on 1
Dispensing 14.0 uL into A10 of NEST 96 Well Plate 100 µL PCR Full Skirt on 2 at 40.0 uL/sec
Delaying for 0 minutes and 2.0 seconds
Moving to A10 of NEST 96 Well Plate 100 µL PCR Full Skirt on 2
Dispensing 14.0 uL into A10 of NEST 96 Well Plate 100 µL PCR Full Skirt on 3 at 40.0 uL/sec
Delaying for 0 minutes and 2.0 seconds
Moving to A10 of NEST 96 Well Plate 100 µL PCR Full Skirt on 3
Dispensing 14.0 uL into A10 of NEST 96 Well Plate 100 µL PCR Full Skirt on 6 at 40.0 uL/sec
Delaying for 0 minutes and 2.0 seconds
Moving to A10 of NEST 96 Well Plate 100 µL PCR Full Skirt on 6
Dispensing 14.0 uL into A10 of NEST 96 Well Plate 100 µL PCR Full Skirt on 9 at 40.0 uL/sec
Delaying for 0 minutes and 2.0 seconds
Moving to A10 of NEST 96 Well Plate 100 µL PCR Full Skirt on 9
Dispensing 14.0 uL into A10 of NEST 96 Well Plate 100 µL PCR Full Skirt on 11 at 40.0 uL/sec
Delaying for 0 minutes and 2.0 seconds
Moving to A10 of NEST 96 Well Plate 100 µL PCR Full Skirt on 11
Dispensing 14.0 uL into A10 of NEST 96 Well Plate 100 µL PCR Full Skirt on 8 at 40.0 uL/sec
Delaying for 0 minutes and 2.0 seconds
Moving to A10 of NEST 96 Well Plate 100 µL PCR Full Skirt on 8
Dispensing 14.0 uL into A10 of NEST 96 Well Plate 100 µL PCR Full Skirt on 5 at 40.0 uL/sec
Delaying for 0 minutes and 2.0 seconds
Moving to A10 of NEST 96 Well Plate 100 µL PCR Full Skirt on 5
Dispensing 14.0 uL into A10 of NEST 96 Well Plate 100 µL PCR Full Skirt on 4 at 40.0 uL/sec
Delaying for 0 minutes and 2.0 seconds
Moving to A10 of NEST 96 Well Plate 100 µL PCR Full Skirt on 4
Returning tip
	Dropping tip into A10 of Opentrons OT-2 96 Filter Tip Rack 200 µL on 7
Picking up tip from A11 of Opentrons OT-2 96 Filter Tip Rack 200 µL on 7
Aspirating 180.0 uL from A1 of NEST 12 Well Reservoir 15 mL on 10 at 40.0 uL/sec
Delaying for 0 minutes and 4.0 seconds
Dispensing 180.0 uL into A1 of NEST 12 Well Reservoir 15 mL on 10 at 40.0 uL/sec
Delaying for 0 minutes and 4.0 seconds
Aspirating 180.0 uL from A1 of NEST 12 Well Reservoir 15 mL on 10 at 40.0 uL/sec
Delaying for 0 minutes and 4.0 seconds
Dispensing 180.0 uL into A1 of NEST 12 Well Reservoir 15 mL on 10 at 40.0 uL/sec
Delaying for 0 minutes and 4.0 seconds
Aspirating 180.0 uL from A1 of NEST 12 Well Reservoir 15 mL on 10 at 40.0 uL/sec
Delaying for 0 minutes and 4.0 seconds
Dispensing 180.0 uL into A1 of NEST 12 Well Reservoir 15 mL on 10 at 40.0 uL/sec
Delaying for 0 minutes and 4.0 seconds
Aspirating 180.0 uL from A1 of NEST 12 Well Reservoir 15 mL on 10 at 40.0 uL/sec
Delaying for 0 minutes and 4.0 seconds
Dispensing 180.0 uL into A1 of NEST 12 Well Reservoir 15 mL on 10 at 40.0 uL/sec
Delaying for 0 minutes and 4.0 seconds
Aspirating 180.0 uL from A1 of NEST 12 Well Reservoir 15 mL on 10 at 40.0 uL/sec
Delaying for 0 minutes and 4.0 seconds
Dispensing 180.0 uL into A1 of NEST 12 Well Reservoir 15 mL on 10 at 40.0 uL/sec
Delaying for 0 minutes and 4.0 seconds
Aspirating 180.0 uL from A1 of NEST 12 Well Reservoir 15 mL on 10 at 40.0 uL/sec
Delaying for 0 minutes and 4.0 seconds
Dispensing 180.0 uL into A1 of NEST 12 Well Reservoir 15 mL on 10 at 40.0 uL/sec
Delaying for 0 minutes and 4.0 seconds
Aspirating 180.0 uL from A1 of NEST 12 Well Reservoir 15 mL on 10 at 40.0 uL/sec
Delaying for 0 minutes and 4.0 seconds
Dispensing 180.0 uL into A1 of NEST 12 Well Reservoir 15 mL on 10 at 40.0 uL/sec
Delaying for 0 minutes and 4.0 seconds
Aspirating 180.0 uL from A1 of NEST 12 Well Reservoir 15 mL on 10 at 40.0 uL/sec
Delaying for 0 minutes and 4.0 seconds
Dispensing 180.0 uL into A1 of NEST 12 Well Reservoir 15 mL on 10 at 40.0 uL/sec
Delaying for 0 minutes and 4.0 seconds
Aspirating 180.0 uL from A1 of NEST 12 Well Reservoir 15 mL on 10 at 40.0 uL/sec
Delaying for 0 minutes and 4.0 seconds
Dispensing 180.0 uL into A1 of NEST 12 Well Reservoir 15 mL on 10 at 40.0 uL/sec
Delaying for 0 minutes and 4.0 seconds
Aspirating 180.0 uL from A1 of NEST 12 Well Reservoir 15 mL on 10 at 40.0 uL/sec
Delaying for 0 minutes and 4.0 seconds
Dispensing 180.0 uL into A1 of NEST 12 Well Reservoir 15 mL on 10 at 40.0 uL/sec
Delaying for 0 minutes and 4.0 seconds
Aspirating 130.0 uL from A1 of NEST 12 Well Reservoir 15 mL on 10 at 40.0 uL/sec
Delaying for 0 minutes and 4.0 seconds
Moving to A1 of NEST 12 Well Reservoir 15 mL on 10
Dispensing 120.0 uL into A11 of NEST 96 Well Plate 100 µL PCR Full Skirt on 4 at 40.0 uL/sec
Delaying for 0 minutes and 4.0 seconds
Aspirating 100.0 uL from A11 of NEST 96 Well Plate 100 µL PCR Full Skirt on 4 at 40.0 uL/sec
Delaying for 0 minutes and 4.0 seconds
Dispensing 100.0 uL into A11 of NEST 96 Well Plate 100 µL PCR Full Skirt on 4 at 40.0 uL/sec
Delaying for 0 minutes and 4.0 seconds
Aspirating 100.0 uL from A11 of NEST 96 Well Plate 100 µL PCR Full Skirt on 4 at 40.0 uL/sec
Delaying for 0 minutes and 4.0 seconds
Dispensing 100.0 uL into A11 of NEST 96 Well Plate 100 µL PCR Full Skirt on 4 at 40.0 uL/sec
Delaying for 0 minutes and 4.0 seconds
Aspirating 100.0 uL from A11 of NEST 96 Well Plate 100 µL PCR Full Skirt on 4 at 40.0 uL/sec
Delaying for 0 minutes and 4.0 seconds
Dispensing 100.0 uL into A11 of NEST 96 Well Plate 100 µL PCR Full Skirt on 4 at 40.0 uL/sec
Delaying for 0 minutes and 4.0 seconds
Aspirating 100.0 uL from A11 of NEST 96 Well Plate 100 µL PCR Full Skirt on 4 at 40.0 uL/sec
Delaying for 0 minutes and 4.0 seconds
Dispensing 100.0 uL into A11 of NEST 96 Well Plate 100 µL PCR Full Skirt on 4 at 40.0 uL/sec
Delaying for 0 minutes and 4.0 seconds
Aspirating 100.0 uL from A11 of NEST 96 Well Plate 100 µL PCR Full Skirt on 4 at 40.0 uL/sec
Delaying for 0 minutes and 4.0 seconds
Dispensing 100.0 uL into A11 of NEST 96 Well Plate 100 µL PCR Full Skirt on 4 at 40.0 uL/sec
Delaying for 0 minutes and 4.0 seconds
Aspirating 100.0 uL from A11 of NEST 96 Well Plate 100 µL PCR Full Skirt on 4 at 40.0 uL/sec
Delaying for 0 minutes and 4.0 seconds
Dispensing 100.0 uL into A11 of NEST 96 Well Plate 100 µL PCR Full Skirt on 4 at 40.0 uL/sec
Delaying for 0 minutes and 4.0 seconds
Aspirating 100.0 uL from A11 of NEST 96 Well Plate 100 µL PCR Full Skirt on 4 at 40.0 uL/sec
Delaying for 0 minutes and 4.0 seconds
Dispensing 100.0 uL into A11 of NEST 96 Well Plate 100 µL PCR Full Skirt on 4 at 40.0 uL/sec
Delaying for 0 minutes and 4.0 seconds
Aspirating 100.0 uL from A11 of NEST 96 Well Plate 100 µL PCR Full Skirt on 4 at 40.0 uL/sec
Delaying for 0 minutes and 4.0 seconds
Dispensing 100.0 uL into A11 of NEST 96 Well Plate 100 µL PCR Full Skirt on 4 at 40.0 uL/sec
Delaying for 0 minutes and 4.0 seconds
Aspirating 100.0 uL from A11 of NEST 96 Well Plate 100 µL PCR Full Skirt on 4 at 40.0 uL/sec
Delaying for 0 minutes and 4.0 seconds
Dispensing 100.0 uL into A11 of NEST 96 Well Plate 100 µL PCR Full Skirt on 4 at 40.0 uL/sec
Delaying for 0 minutes and 4.0 seconds
Aspirating 100.0 uL from A11 of NEST 96 Well Plate 100 µL PCR Full Skirt on 4 at 40.0 uL/sec
Delaying for 0 minutes and 4.0 seconds
Dispensing 100.0 uL into A11 of NEST 96 Well Plate 100 µL PCR Full Skirt on 4 at 40.0 uL/sec
Delaying for 0 minutes and 4.0 seconds
Aspirating 125.0 uL from A11 of NEST 96 Well Plate 100 µL PCR Full Skirt on 4 at 40.0 uL/sec
Delaying for 0 minutes and 4.0 seconds
Moving to A11 of NEST 96 Well Plate 100 µL PCR Full Skirt on 4
Dispensing 14.0 uL into A11 of NEST 96 Well Plate 100 µL PCR Full Skirt on 1 at 40.0 uL/sec
Delaying for 0 minutes and 2.0 seconds
Moving to A11 of NEST 96 Well Plate 100 µL PCR Full Skirt on 1
Dispensing 14.0 uL into A11 of NEST 96 Well Plate 100 µL PCR Full Skirt on 2 at 40.0 uL/sec
Delaying for 0 minutes and 2.0 seconds
Moving to A11 of NEST 96 Well Plate 100 µL PCR Full Skirt on 2
Dispensing 14.0 uL into A11 of NEST 96 Well Plate 100 µL PCR Full Skirt on 3 at 40.0 uL/sec
Delaying for 0 minutes and 2.0 seconds
Moving to A11 of NEST 96 Well Plate 100 µL PCR Full Skirt on 3
Dispensing 14.0 uL into A11 of NEST 96 Well Plate 100 µL PCR Full Skirt on 6 at 40.0 uL/sec
Delaying for 0 minutes and 2.0 seconds
Moving to A11 of NEST 96 Well Plate 100 µL PCR Full Skirt on 6
Dispensing 14.0 uL into A11 of NEST 96 Well Plate 100 µL PCR Full Skirt on 9 at 40.0 uL/sec
Delaying for 0 minutes and 2.0 seconds
Moving to A11 of NEST 96 Well Plate 100 µL PCR Full Skirt on 9
Dispensing 14.0 uL into A11 of NEST 96 Well Plate 100 µL PCR Full Skirt on 11 at 40.0 uL/sec
Delaying for 0 minutes and 2.0 seconds
Moving to A11 of NEST 96 Well Plate 100 µL PCR Full Skirt on 11
Dispensing 14.0 uL into A11 of NEST 96 Well Plate 100 µL PCR Full Skirt on 8 at 40.0 uL/sec
Delaying for 0 minutes and 2.0 seconds
Moving to A11 of NEST 96 Well Plate 100 µL PCR Full Skirt on 8
Dispensing 14.0 uL into A11 of NEST 96 Well Plate 100 µL PCR Full Skirt on 5 at 40.0 uL/sec
Delaying for 0 minutes and 2.0 seconds
Moving to A11 of NEST 96 Well Plate 100 µL PCR Full Skirt on 5
Dispensing 14.0 uL into A11 of NEST 96 Well Plate 100 µL PCR Full Skirt on 4 at 40.0 uL/sec
Delaying for 0 minutes and 2.0 seconds
Moving to A11 of NEST 96 Well Plate 100 µL PCR Full Skirt on 4
Returning tip
	Dropping tip into A11 of Opentrons OT-2 96 Filter Tip Rack 200 µL on 7
Picking up tip from A12 of Opentrons OT-2 96 Filter Tip Rack 200 µL on 7
Aspirating 180.0 uL from A1 of NEST 12 Well Reservoir 15 mL on 10 at 40.0 uL/sec
Delaying for 0 minutes and 4.0 seconds
Dispensing 180.0 uL into A1 of NEST 12 Well Reservoir 15 mL on 10 at 40.0 uL/sec
Delaying for 0 minutes and 4.0 seconds
Aspirating 180.0 uL from A1 of NEST 12 Well Reservoir 15 mL on 10 at 40.0 uL/sec
Delaying for 0 minutes and 4.0 seconds
Dispensing 180.0 uL into A1 of NEST 12 Well Reservoir 15 mL on 10 at 40.0 uL/sec
Delaying for 0 minutes and 4.0 seconds
Aspirating 180.0 uL from A1 of NEST 12 Well Reservoir 15 mL on 10 at 40.0 uL/sec
Delaying for 0 minutes and 4.0 seconds
Dispensing 180.0 uL into A1 of NEST 12 Well Reservoir 15 mL on 10 at 40.0 uL/sec
Delaying for 0 minutes and 4.0 seconds
Aspirating 180.0 uL from A1 of NEST 12 Well Reservoir 15 mL on 10 at 40.0 uL/sec
Delaying for 0 minutes and 4.0 seconds
Dispensing 180.0 uL into A1 of NEST 12 Well Reservoir 15 mL on 10 at 40.0 uL/sec
Delaying for 0 minutes and 4.0 seconds
Aspirating 180.0 uL from A1 of NEST 12 Well Reservoir 15 mL on 10 at 40.0 uL/sec
Delaying for 0 minutes and 4.0 seconds
Dispensing 180.0 uL into A1 of NEST 12 Well Reservoir 15 mL on 10 at 40.0 uL/sec
Delaying for 0 minutes and 4.0 seconds
Aspirating 180.0 uL from A1 of NEST 12 Well Reservoir 15 mL on 10 at 40.0 uL/sec
Delaying for 0 minutes and 4.0 seconds
Dispensing 180.0 uL into A1 of NEST 12 Well Reservoir 15 mL on 10 at 40.0 uL/sec
Delaying for 0 minutes and 4.0 seconds
Aspirating 180.0 uL from A1 of NEST 12 Well Reservoir 15 mL on 10 at 40.0 uL/sec
Delaying for 0 minutes and 4.0 seconds
Dispensing 180.0 uL into A1 of NEST 12 Well Reservoir 15 mL on 10 at 40.0 uL/sec
Delaying for 0 minutes and 4.0 seconds
Aspirating 180.0 uL from A1 of NEST 12 Well Reservoir 15 mL on 10 at 40.0 uL/sec
Delaying for 0 minutes and 4.0 seconds
Dispensing 180.0 uL into A1 of NEST 12 Well Reservoir 15 mL on 10 at 40.0 uL/sec
Delaying for 0 minutes and 4.0 seconds
Aspirating 180.0 uL from A1 of NEST 12 Well Reservoir 15 mL on 10 at 40.0 uL/sec
Delaying for 0 minutes and 4.0 seconds
Dispensing 180.0 uL into A1 of NEST 12 Well Reservoir 15 mL on 10 at 40.0 uL/sec
Delaying for 0 minutes and 4.0 seconds
Aspirating 180.0 uL from A1 of NEST 12 Well Reservoir 15 mL on 10 at 40.0 uL/sec
Delaying for 0 minutes and 4.0 seconds
Dispensing 180.0 uL into A1 of NEST 12 Well Reservoir 15 mL on 10 at 40.0 uL/sec
Delaying for 0 minutes and 4.0 seconds
Aspirating 130.0 uL from A1 of NEST 12 Well Reservoir 15 mL on 10 at 40.0 uL/sec
Delaying for 0 minutes and 4.0 seconds
Moving to A1 of NEST 12 Well Reservoir 15 mL on 10
Dispensing 120.0 uL into A12 of NEST 96 Well Plate 100 µL PCR Full Skirt on 4 at 40.0 uL/sec
Delaying for 0 minutes and 4.0 seconds
Aspirating 100.0 uL from A12 of NEST 96 Well Plate 100 µL PCR Full Skirt on 4 at 40.0 uL/sec
Delaying for 0 minutes and 4.0 seconds
Dispensing 100.0 uL into A12 of NEST 96 Well Plate 100 µL PCR Full Skirt on 4 at 40.0 uL/sec
Delaying for 0 minutes and 4.0 seconds
Aspirating 100.0 uL from A12 of NEST 96 Well Plate 100 µL PCR Full Skirt on 4 at 40.0 uL/sec
Delaying for 0 minutes and 4.0 seconds
Dispensing 100.0 uL into A12 of NEST 96 Well Plate 100 µL PCR Full Skirt on 4 at 40.0 uL/sec
Delaying for 0 minutes and 4.0 seconds
Aspirating 100.0 uL from A12 of NEST 96 Well Plate 100 µL PCR Full Skirt on 4 at 40.0 uL/sec
Delaying for 0 minutes and 4.0 seconds
Dispensing 100.0 uL into A12 of NEST 96 Well Plate 100 µL PCR Full Skirt on 4 at 40.0 uL/sec
Delaying for 0 minutes and 4.0 seconds
Aspirating 100.0 uL from A12 of NEST 96 Well Plate 100 µL PCR Full Skirt on 4 at 40.0 uL/sec
Delaying for 0 minutes and 4.0 seconds
Dispensing 100.0 uL into A12 of NEST 96 Well Plate 100 µL PCR Full Skirt on 4 at 40.0 uL/sec
Delaying for 0 minutes and 4.0 seconds
Aspirating 100.0 uL from A12 of NEST 96 Well Plate 100 µL PCR Full Skirt on 4 at 40.0 uL/sec
Delaying for 0 minutes and 4.0 seconds
Dispensing 100.0 uL into A12 of NEST 96 Well Plate 100 µL PCR Full Skirt on 4 at 40.0 uL/sec
Delaying for 0 minutes and 4.0 seconds
Aspirating 100.0 uL from A12 of NEST 96 Well Plate 100 µL PCR Full Skirt on 4 at 40.0 uL/sec
Delaying for 0 minutes and 4.0 seconds
Dispensing 100.0 uL into A12 of NEST 96 Well Plate 100 µL PCR Full Skirt on 4 at 40.0 uL/sec
Delaying for 0 minutes and 4.0 seconds
Aspirating 100.0 uL from A12 of NEST 96 Well Plate 100 µL PCR Full Skirt on 4 at 40.0 uL/sec
Delaying for 0 minutes and 4.0 seconds
Dispensing 100.0 uL into A12 of NEST 96 Well Plate 100 µL PCR Full Skirt on 4 at 40.0 uL/sec
Delaying for 0 minutes and 4.0 seconds
Aspirating 100.0 uL from A12 of NEST 96 Well Plate 100 µL PCR Full Skirt on 4 at 40.0 uL/sec
Delaying for 0 minutes and 4.0 seconds
Dispensing 100.0 uL into A12 of NEST 96 Well Plate 100 µL PCR Full Skirt on 4 at 40.0 uL/sec
Delaying for 0 minutes and 4.0 seconds
Aspirating 100.0 uL from A12 of NEST 96 Well Plate 100 µL PCR Full Skirt on 4 at 40.0 uL/sec
Delaying for 0 minutes and 4.0 seconds
Dispensing 100.0 uL into A12 of NEST 96 Well Plate 100 µL PCR Full Skirt on 4 at 40.0 uL/sec
Delaying for 0 minutes and 4.0 seconds
Aspirating 100.0 uL from A12 of NEST 96 Well Plate 100 µL PCR Full Skirt on 4 at 40.0 uL/sec
Delaying for 0 minutes and 4.0 seconds
Dispensing 100.0 uL into A12 of NEST 96 Well Plate 100 µL PCR Full Skirt on 4 at 40.0 uL/sec
Delaying for 0 minutes and 4.0 seconds
Aspirating 125.0 uL from A12 of NEST 96 Well Plate 100 µL PCR Full Skirt on 4 at 40.0 uL/sec
Delaying for 0 minutes and 4.0 seconds
Moving to A12 of NEST 96 Well Plate 100 µL PCR Full Skirt on 4
Dispensing 14.0 uL into A12 of NEST 96 Well Plate 100 µL PCR Full Skirt on 1 at 40.0 uL/sec
Delaying for 0 minutes and 2.0 seconds
Moving to A12 of NEST 96 Well Plate 100 µL PCR Full Skirt on 1
Dispensing 14.0 uL into A12 of NEST 96 Well Plate 100 µL PCR Full Skirt on 2 at 40.0 uL/sec
Delaying for 0 minutes and 2.0 seconds
Moving to A12 of NEST 96 Well Plate 100 µL PCR Full Skirt on 2
Dispensing 14.0 uL into A12 of NEST 96 Well Plate 100 µL PCR Full Skirt on 3 at 40.0 uL/sec
Delaying for 0 minutes and 2.0 seconds
Moving to A12 of NEST 96 Well Plate 100 µL PCR Full Skirt on 3
Dispensing 14.0 uL into A12 of NEST 96 Well Plate 100 µL PCR Full Skirt on 6 at 40.0 uL/sec
Delaying for 0 minutes and 2.0 seconds
Moving to A12 of NEST 96 Well Plate 100 µL PCR Full Skirt on 6
Dispensing 14.0 uL into A12 of NEST 96 Well Plate 100 µL PCR Full Skirt on 9 at 40.0 uL/sec
Delaying for 0 minutes and 2.0 seconds
Moving to A12 of NEST 96 Well Plate 100 µL PCR Full Skirt on 9
Dispensing 14.0 uL into A12 of NEST 96 Well Plate 100 µL PCR Full Skirt on 11 at 40.0 uL/sec
Delaying for 0 minutes and 2.0 seconds
Moving to A12 of NEST 96 Well Plate 100 µL PCR Full Skirt on 11
Dispensing 14.0 uL into A12 of NEST 96 Well Plate 100 µL PCR Full Skirt on 8 at 40.0 uL/sec
Delaying for 0 minutes and 2.0 seconds
Moving to A12 of NEST 96 Well Plate 100 µL PCR Full Skirt on 8
Dispensing 14.0 uL into A12 of NEST 96 Well Plate 100 µL PCR Full Skirt on 5 at 40.0 uL/sec
Delaying for 0 minutes and 2.0 seconds
Moving to A12 of NEST 96 Well Plate 100 µL PCR Full Skirt on 5
Dispensing 14.0 uL into A12 of NEST 96 Well Plate 100 µL PCR Full Skirt on 4 at 40.0 uL/sec
Delaying for 0 minutes and 2.0 seconds
Moving to A12 of NEST 96 Well Plate 100 µL PCR Full Skirt on 4
Returning tip
	Dropping tip into A12 of Opentrons OT-2 96 Filter Tip Rack 200 µL on 7
Caught exception: {'message': 'Task was destroyed but it is pending!', 'task': <Task pending name='Task-4' coro=<Poller._poll_forever() running at /Users/dp/Desktop/project/github/opentrons/venv/lib/python3.10/site-packages/opentrons/hardware_control/poller.py:80> wait_for=<Future pending cb=[Task.task_wakeup()]>>}
Caught exception: {'message': 'Task was destroyed but it is pending!', 'task': <Task pending name='Task-3' coro=<Poller._poll_forever() running at /Users/dp/Desktop/project/github/opentrons/venv/lib/python3.10/site-packages/opentrons/hardware_control/poller.py:80> wait_for=<Future pending cb=[Task.task_wakeup()]>>}
Caught exception: {'message': 'Task was destroyed but it is pending!', 'task': <Task pending name='Task-2' coro=<Poller._poll_forever() running at /Users/dp/Desktop/project/github/opentrons/venv/lib/python3.10/site-packages/opentrons/hardware_control/poller.py:80> wait_for=<Future pending cb=[Task.task_wakeup()]>>}
