/Users/dp/Desktop/project/github/opentrons/venv/lib/python3.10/site-packages/opentrons/hardware_control/simulator_setup.py:205: UserWarning: Simulator configuration does not name a machine, defaulting to OT-2 Standard
  warn(
/Users/dp/.opentrons/robot_settings.json not found. Loading defaults
Deck calibration not found.
/Users/dp/.opentrons/deck_calibration.json not found. Loading defaults
Picking up tip from A1 of Opentrons OT-2 96 Tip Rack 10 µL on 7
Transferring 10.0 from A1 of Bio-Rad 96 Well Plate 200 µL PCR on 4 to A12 of Bio-Rad 96 Well Plate 200 µL PCR on 1
	Aspirating 10.0 uL from A1 of Bio-Rad 96 Well Plate 200 µL PCR on 4 at 5.0 uL/sec
	Dispensing 10.0 uL into A12 of Bio-Rad 96 Well Plate 200 µL PCR on 1 at 10.0 uL/sec
	Blowing out at A1 of Opentrons Fixed Trash on 12
Mixing 1 times with a volume of 10.0 ul
	Aspirating 10.0 uL from A1 of Opentrons Fixed Trash on 12 at 5.0 uL/sec
	Dispensing 10.0 uL into A1 of Opentrons Fixed Trash on 12 at 10.0 uL/sec
Blowing out at A1 of Opentrons Fixed Trash on 12
Dropping tip into A1 of Opentrons Fixed Trash on 12
Picking up tip from A1 of Opentrons OT-2 96 Tip Rack 300 µL on 10
Transferring 40.0 from D7 of Bio-Rad 96 Well Plate 200 µL PCR on 5 to D12 of Bio-Rad 96 Well Plate 200 µL PCR on 1
	Aspirating 40.0 uL from D7 of Bio-Rad 96 Well Plate 200 µL PCR on 5 at 25.0 uL/sec
	Dispensing 40.0 uL into D12 of Bio-Rad 96 Well Plate 200 µL PCR on 1 at 50.0 uL/sec
	Blowing out at A1 of Opentrons Fixed Trash on 12
Mixing 2 times with a volume of 40.0 ul
	Aspirating 40.0 uL from A1 of Opentrons Fixed Trash on 12 at 25.0 uL/sec
	Dispensing 40.0 uL into A1 of Opentrons Fixed Trash on 12 at 50.0 uL/sec
	Aspirating 40.0 uL from A1 of Opentrons Fixed Trash on 12 at 25.0 uL/sec
	Dispensing 40.0 uL into A1 of Opentrons Fixed Trash on 12 at 50.0 uL/sec
Blowing out at A1 of Opentrons Fixed Trash on 12
Dropping tip into A1 of Opentrons Fixed Trash on 12
Picking up tip from B1 of Opentrons OT-2 96 Tip Rack 300 µL on 10
Transferring 70.0 from C3 of Bio-Rad 96 Well Plate 200 µL PCR on 6 to G8 of Bio-Rad 96 Well Plate 200 µL PCR on 2
	Aspirating 35.0 uL from C3 of Bio-Rad 96 Well Plate 200 µL PCR on 6 at 25.0 uL/sec
	Dispensing 35.0 uL into G8 of Bio-Rad 96 Well Plate 200 µL PCR on 2 at 50.0 uL/sec
	Blowing out at A1 of Opentrons Fixed Trash on 12
	Aspirating 35.0 uL from C3 of Bio-Rad 96 Well Plate 200 µL PCR on 6 at 25.0 uL/sec
	Dispensing 35.0 uL into G8 of Bio-Rad 96 Well Plate 200 µL PCR on 2 at 50.0 uL/sec
	Blowing out at A1 of Opentrons Fixed Trash on 12
Mixing 3 times with a volume of 10.0 ul
	Aspirating 10.0 uL from A1 of Opentrons Fixed Trash on 12 at 25.0 uL/sec
	Dispensing 10.0 uL into A1 of Opentrons Fixed Trash on 12 at 50.0 uL/sec
	Aspirating 10.0 uL from A1 of Opentrons Fixed Trash on 12 at 25.0 uL/sec
	Dispensing 10.0 uL into A1 of Opentrons Fixed Trash on 12 at 50.0 uL/sec
	Aspirating 10.0 uL from A1 of Opentrons Fixed Trash on 12 at 25.0 uL/sec
	Dispensing 10.0 uL into A1 of Opentrons Fixed Trash on 12 at 50.0 uL/sec
Blowing out at A1 of Opentrons Fixed Trash on 12
Dropping tip into A1 of Opentrons Fixed Trash on 12
Protocol complete!
Caught exception: {'message': 'Task was destroyed but it is pending!', 'task': <Task pending name='Task-4' coro=<Poller._poll_forever() running at /Users/dp/Desktop/project/github/opentrons/venv/lib/python3.10/site-packages/opentrons/hardware_control/poller.py:80> wait_for=<Future pending cb=[Task.task_wakeup()]>>}
Caught exception: {'message': 'Task was destroyed but it is pending!', 'task': <Task pending name='Task-3' coro=<Poller._poll_forever() running at /Users/dp/Desktop/project/github/opentrons/venv/lib/python3.10/site-packages/opentrons/hardware_control/poller.py:80> wait_for=<Future pending cb=[Task.task_wakeup()]>>}
Caught exception: {'message': 'Task was destroyed but it is pending!', 'task': <Task pending name='Task-2' coro=<Poller._poll_forever() running at /Users/dp/Desktop/project/github/opentrons/venv/lib/python3.10/site-packages/opentrons/hardware_control/poller.py:80> wait_for=<Future pending cb=[Task.task_wakeup()]>>}
