/Users/dp/Desktop/project/github/opentrons/venv/lib/python3.10/site-packages/opentrons/hardware_control/simulator_setup.py:205: UserWarning: Simulator configuration does not name a machine, defaulting to OT-2 Standard
  warn(
/Users/dp/.opentrons/robot_settings.json not found. Loading defaults
Deck calibration not found.
/Users/dp/.opentrons/deck_calibration.json not found. Loading defaults
7
Setting Temperature Module temperature to 4.0 °C (rounded off to nearest integer)
Setting Temperature Module temperature to 4.0 °C (rounded off to nearest integer)
Picking up tip from A1 of Opentrons OT-2 96 Tip Rack 300 µL on 8
Pre-Wetting the tip(s) with 30 uL at A1 of Opentrons 24 Tube Rack with Eppendorf 2 mL Safe-Lock Snapcap on 1
Aspirating 30.0 uL from A1 of Opentrons 24 Tube Rack with Eppendorf 2 mL Safe-Lock Snapcap on 1 at 6.0 uL/sec
Air gap
	Aspirating 10.0 uL from A1 of Opentrons 24 Tube Rack with Eppendorf 2 mL Safe-Lock Snapcap on 1 at 6.0 uL/sec
Dispensing 30.0 uL into A1 of Opentrons 24 Tube Rack with Eppendorf 2 mL Safe-Lock Snapcap on 1 at 6.0 uL/sec
Blowing out at A1 of Opentrons 24 Tube Rack with Eppendorf 2 mL Safe-Lock Snapcap on 1
Aspirating 30.0 uL from A1 of Opentrons 24 Tube Rack with Eppendorf 2 mL Safe-Lock Snapcap on 1 at 6.0 uL/sec
Air gap
	Aspirating 10.0 uL from A1 of Opentrons 24 Tube Rack with Eppendorf 2 mL Safe-Lock Snapcap on 1 at 6.0 uL/sec
Dispensing 30.0 uL into A1 of NEST 96 Deep Well Plate 2mL on Temperature Module GEN1 on 3 at 6.0 uL/sec
Blowing out at A1 of NEST 96 Deep Well Plate 2mL on Temperature Module GEN1 on 3
Blowing out at A1 of NEST 96 Deep Well Plate 2mL on Temperature Module GEN1 on 3
Touching tip
Aspirating 30.0 uL from A1 of Opentrons 24 Tube Rack with Eppendorf 2 mL Safe-Lock Snapcap on 1 at 6.0 uL/sec
Air gap
	Aspirating 10.0 uL from A1 of Opentrons 24 Tube Rack with Eppendorf 2 mL Safe-Lock Snapcap on 1 at 6.0 uL/sec
Dispensing 30.0 uL into A1 of NEST 96 Deep Well Plate 2mL on Temperature Module GEN2 on 6 at 6.0 uL/sec
Blowing out at A1 of NEST 96 Deep Well Plate 2mL on Temperature Module GEN2 on 6
Blowing out at A1 of NEST 96 Deep Well Plate 2mL on Temperature Module GEN2 on 6
Touching tip
Dropping tip into A1 of Opentrons Fixed Trash on 12
Pausing robot operation: Press Resume on the Opentrons app to continue
Picking up tip from A4 of Opentrons OT-2 96 Tip Rack 300 µL on 10
Aspirating 90.0 uL from A3 of NEST 12 Well Reservoir 15 mL on 7 at 10.0 uL/sec
Air gap
	Aspirating 10.0 uL from A3 of NEST 12 Well Reservoir 15 mL on 7 at 10.0 uL/sec
Dispensing 90.0 uL into A3 of NEST 12 Well Reservoir 15 mL on 7 at 10.0 uL/sec
Blowing out at A3 of NEST 12 Well Reservoir 15 mL on 7
Aspirating 90.0 uL from A3 of NEST 12 Well Reservoir 15 mL on 7 at 10.0 uL/sec
Air gap
	Aspirating 10.0 uL from A3 of NEST 12 Well Reservoir 15 mL on 7 at 10.0 uL/sec
Dispensing 90.0 uL into A1 of NEST 96 Deep Well Plate 2mL on Temperature Module GEN1 on 3 at 10.0 uL/sec
Blowing out at A1 of NEST 96 Deep Well Plate 2mL on Temperature Module GEN1 on 3
Blowing out at A1 of NEST 96 Deep Well Plate 2mL on Temperature Module GEN1 on 3
Aspirating 90.0 uL from A3 of NEST 12 Well Reservoir 15 mL on 7 at 10.0 uL/sec
Air gap
	Aspirating 10.0 uL from A3 of NEST 12 Well Reservoir 15 mL on 7 at 10.0 uL/sec
Dispensing 90.0 uL into A2 of NEST 96 Deep Well Plate 2mL on Temperature Module GEN1 on 3 at 10.0 uL/sec
Blowing out at A2 of NEST 96 Deep Well Plate 2mL on Temperature Module GEN1 on 3
Blowing out at A2 of NEST 96 Deep Well Plate 2mL on Temperature Module GEN1 on 3
Aspirating 90.0 uL from A3 of NEST 12 Well Reservoir 15 mL on 7 at 10.0 uL/sec
Air gap
	Aspirating 10.0 uL from A3 of NEST 12 Well Reservoir 15 mL on 7 at 10.0 uL/sec
Dispensing 90.0 uL into A3 of NEST 96 Deep Well Plate 2mL on Temperature Module GEN1 on 3 at 10.0 uL/sec
Blowing out at A3 of NEST 96 Deep Well Plate 2mL on Temperature Module GEN1 on 3
Blowing out at A3 of NEST 96 Deep Well Plate 2mL on Temperature Module GEN1 on 3
Aspirating 90.0 uL from A3 of NEST 12 Well Reservoir 15 mL on 7 at 10.0 uL/sec
Air gap
	Aspirating 10.0 uL from A3 of NEST 12 Well Reservoir 15 mL on 7 at 10.0 uL/sec
Dispensing 90.0 uL into A4 of NEST 96 Deep Well Plate 2mL on Temperature Module GEN1 on 3 at 10.0 uL/sec
Blowing out at A4 of NEST 96 Deep Well Plate 2mL on Temperature Module GEN1 on 3
Blowing out at A4 of NEST 96 Deep Well Plate 2mL on Temperature Module GEN1 on 3
Aspirating 90.0 uL from A3 of NEST 12 Well Reservoir 15 mL on 7 at 10.0 uL/sec
Air gap
	Aspirating 10.0 uL from A3 of NEST 12 Well Reservoir 15 mL on 7 at 10.0 uL/sec
Dispensing 90.0 uL into A5 of NEST 96 Deep Well Plate 2mL on Temperature Module GEN1 on 3 at 10.0 uL/sec
Blowing out at A5 of NEST 96 Deep Well Plate 2mL on Temperature Module GEN1 on 3
Blowing out at A5 of NEST 96 Deep Well Plate 2mL on Temperature Module GEN1 on 3
Aspirating 90.0 uL from A3 of NEST 12 Well Reservoir 15 mL on 7 at 10.0 uL/sec
Air gap
	Aspirating 10.0 uL from A3 of NEST 12 Well Reservoir 15 mL on 7 at 10.0 uL/sec
Dispensing 90.0 uL into A6 of NEST 96 Deep Well Plate 2mL on Temperature Module GEN1 on 3 at 10.0 uL/sec
Blowing out at A6 of NEST 96 Deep Well Plate 2mL on Temperature Module GEN1 on 3
Blowing out at A6 of NEST 96 Deep Well Plate 2mL on Temperature Module GEN1 on 3
Aspirating 90.0 uL from A3 of NEST 12 Well Reservoir 15 mL on 7 at 10.0 uL/sec
Air gap
	Aspirating 10.0 uL from A3 of NEST 12 Well Reservoir 15 mL on 7 at 10.0 uL/sec
Dispensing 90.0 uL into A7 of NEST 96 Deep Well Plate 2mL on Temperature Module GEN1 on 3 at 10.0 uL/sec
Blowing out at A7 of NEST 96 Deep Well Plate 2mL on Temperature Module GEN1 on 3
Blowing out at A7 of NEST 96 Deep Well Plate 2mL on Temperature Module GEN1 on 3
Aspirating 90.0 uL from A3 of NEST 12 Well Reservoir 15 mL on 7 at 10.0 uL/sec
Air gap
	Aspirating 10.0 uL from A3 of NEST 12 Well Reservoir 15 mL on 7 at 10.0 uL/sec
Dispensing 90.0 uL into A8 of NEST 96 Deep Well Plate 2mL on Temperature Module GEN1 on 3 at 10.0 uL/sec
Blowing out at A8 of NEST 96 Deep Well Plate 2mL on Temperature Module GEN1 on 3
Blowing out at A8 of NEST 96 Deep Well Plate 2mL on Temperature Module GEN1 on 3
Aspirating 90.0 uL from A3 of NEST 12 Well Reservoir 15 mL on 7 at 10.0 uL/sec
Air gap
	Aspirating 10.0 uL from A3 of NEST 12 Well Reservoir 15 mL on 7 at 10.0 uL/sec
Dispensing 90.0 uL into A9 of NEST 96 Deep Well Plate 2mL on Temperature Module GEN1 on 3 at 10.0 uL/sec
Blowing out at A9 of NEST 96 Deep Well Plate 2mL on Temperature Module GEN1 on 3
Blowing out at A9 of NEST 96 Deep Well Plate 2mL on Temperature Module GEN1 on 3
Aspirating 90.0 uL from A3 of NEST 12 Well Reservoir 15 mL on 7 at 10.0 uL/sec
Air gap
	Aspirating 10.0 uL from A3 of NEST 12 Well Reservoir 15 mL on 7 at 10.0 uL/sec
Dispensing 90.0 uL into A10 of NEST 96 Deep Well Plate 2mL on Temperature Module GEN1 on 3 at 10.0 uL/sec
Blowing out at A10 of NEST 96 Deep Well Plate 2mL on Temperature Module GEN1 on 3
Blowing out at A10 of NEST 96 Deep Well Plate 2mL on Temperature Module GEN1 on 3
Aspirating 90.0 uL from A3 of NEST 12 Well Reservoir 15 mL on 7 at 10.0 uL/sec
Air gap
	Aspirating 10.0 uL from A3 of NEST 12 Well Reservoir 15 mL on 7 at 10.0 uL/sec
Dispensing 90.0 uL into A11 of NEST 96 Deep Well Plate 2mL on Temperature Module GEN1 on 3 at 10.0 uL/sec
Blowing out at A11 of NEST 96 Deep Well Plate 2mL on Temperature Module GEN1 on 3
Blowing out at A11 of NEST 96 Deep Well Plate 2mL on Temperature Module GEN1 on 3
Aspirating 90.0 uL from A3 of NEST 12 Well Reservoir 15 mL on 7 at 10.0 uL/sec
Air gap
	Aspirating 10.0 uL from A3 of NEST 12 Well Reservoir 15 mL on 7 at 10.0 uL/sec
Dispensing 90.0 uL into A12 of NEST 96 Deep Well Plate 2mL on Temperature Module GEN1 on 3 at 10.0 uL/sec
Blowing out at A12 of NEST 96 Deep Well Plate 2mL on Temperature Module GEN1 on 3
Blowing out at A12 of NEST 96 Deep Well Plate 2mL on Temperature Module GEN1 on 3
Dropping tip into A1 of Opentrons Fixed Trash on 12
Caught exception: {'message': 'Task was destroyed but it is pending!', 'task': <Task pending name='Task-9' coro=<Poller._poll_forever() running at /Users/dp/Desktop/project/github/opentrons/venv/lib/python3.10/site-packages/opentrons/hardware_control/poller.py:80> wait_for=<Future pending cb=[Task.task_wakeup()]>>}
Caught exception: {'message': 'Task was destroyed but it is pending!', 'task': <Task pending name='Task-4' coro=<Poller._poll_forever() running at /Users/dp/Desktop/project/github/opentrons/venv/lib/python3.10/site-packages/opentrons/hardware_control/poller.py:80> wait_for=<Future pending cb=[Task.task_wakeup()]>>}
Caught exception: {'message': 'Task was destroyed but it is pending!', 'task': <Task pending name='Task-3' coro=<Poller._poll_forever() running at /Users/dp/Desktop/project/github/opentrons/venv/lib/python3.10/site-packages/opentrons/hardware_control/poller.py:80> wait_for=<Future pending cb=[Task.task_wakeup()]>>}
Caught exception: {'message': 'Task was destroyed but it is pending!', 'task': <Task pending name='Task-2' coro=<Poller._poll_forever() running at /Users/dp/Desktop/project/github/opentrons/venv/lib/python3.10/site-packages/opentrons/hardware_control/poller.py:80> wait_for=<Future pending cb=[Task.task_wakeup()]>>}
