/Users/dp/Desktop/project/github/opentrons/venv/lib/python3.10/site-packages/opentrons/hardware_control/simulator_setup.py:205: UserWarning: Simulator configuration does not name a machine, defaulting to OT-2 Standard
  warn(
/Users/dp/.opentrons/robot_settings.json not found. Loading defaults
Deck calibration not found.
/Users/dp/.opentrons/deck_calibration.json not found. Loading defaults
Picking up tip from A1 of Opentrons OT-2 96 Tip Rack 300 µL on 4
Transferring 40.0 from A1 of Source Plate #1 on 1 to A1 of Template Plate #1 on 8
	Aspirating 40.0 uL from A1 of Source Plate #1 on 1 at 94.0 uL/sec
	Dispensing 40.0 uL into A1 of Template Plate #1 on 8 at 94.0 uL/sec
	Aspirating 40.0 uL from A1 of Source Plate #1 on 1 at 94.0 uL/sec
	Dispensing 40.0 uL into A2 of Template Plate #1 on 8 at 94.0 uL/sec
	Aspirating 40.0 uL from A1 of Source Plate #1 on 1 at 94.0 uL/sec
	Dispensing 40.0 uL into A3 of Template Plate #1 on 8 at 94.0 uL/sec
	Aspirating 40.0 uL from A1 of Source Plate #1 on 1 at 94.0 uL/sec
	Dispensing 40.0 uL into A4 of Template Plate #1 on 8 at 94.0 uL/sec
	Aspirating 40.0 uL from A1 of Source Plate #1 on 1 at 94.0 uL/sec
	Dispensing 40.0 uL into A5 of Template Plate #1 on 8 at 94.0 uL/sec
	Aspirating 40.0 uL from A1 of Source Plate #1 on 1 at 94.0 uL/sec
	Dispensing 40.0 uL into A6 of Template Plate #1 on 8 at 94.0 uL/sec
	Aspirating 40.0 uL from A1 of Source Plate #1 on 1 at 94.0 uL/sec
	Dispensing 40.0 uL into A7 of Template Plate #1 on 8 at 94.0 uL/sec
	Aspirating 40.0 uL from A1 of Source Plate #1 on 1 at 94.0 uL/sec
	Dispensing 40.0 uL into A8 of Template Plate #1 on 8 at 94.0 uL/sec
	Aspirating 40.0 uL from A1 of Source Plate #1 on 1 at 94.0 uL/sec
	Dispensing 40.0 uL into A9 of Template Plate #1 on 8 at 94.0 uL/sec
	Aspirating 40.0 uL from A1 of Source Plate #1 on 1 at 94.0 uL/sec
	Dispensing 40.0 uL into A10 of Template Plate #1 on 8 at 94.0 uL/sec
	Aspirating 40.0 uL from A1 of Source Plate #1 on 1 at 94.0 uL/sec
	Dispensing 40.0 uL into A11 of Template Plate #1 on 8 at 94.0 uL/sec
	Aspirating 40.0 uL from A1 of Source Plate #1 on 1 at 94.0 uL/sec
	Dispensing 40.0 uL into A12 of Template Plate #1 on 8 at 94.0 uL/sec
Transferring 40.0 from A1 of Source Plate #1 on 1 to A1 of Template Plate #2 on 5
	Aspirating 40.0 uL from A1 of Source Plate #1 on 1 at 94.0 uL/sec
	Dispensing 40.0 uL into A1 of Template Plate #2 on 5 at 94.0 uL/sec
	Aspirating 40.0 uL from A1 of Source Plate #1 on 1 at 94.0 uL/sec
	Dispensing 40.0 uL into A2 of Template Plate #2 on 5 at 94.0 uL/sec
	Aspirating 40.0 uL from A1 of Source Plate #1 on 1 at 94.0 uL/sec
	Dispensing 40.0 uL into A3 of Template Plate #2 on 5 at 94.0 uL/sec
	Aspirating 40.0 uL from A1 of Source Plate #1 on 1 at 94.0 uL/sec
	Dispensing 40.0 uL into A4 of Template Plate #2 on 5 at 94.0 uL/sec
	Aspirating 40.0 uL from A1 of Source Plate #1 on 1 at 94.0 uL/sec
	Dispensing 40.0 uL into A5 of Template Plate #2 on 5 at 94.0 uL/sec
	Aspirating 40.0 uL from A1 of Source Plate #1 on 1 at 94.0 uL/sec
	Dispensing 40.0 uL into A6 of Template Plate #2 on 5 at 94.0 uL/sec
	Aspirating 40.0 uL from A1 of Source Plate #1 on 1 at 94.0 uL/sec
	Dispensing 40.0 uL into A7 of Template Plate #2 on 5 at 94.0 uL/sec
	Aspirating 40.0 uL from A1 of Source Plate #1 on 1 at 94.0 uL/sec
	Dispensing 40.0 uL into A8 of Template Plate #2 on 5 at 94.0 uL/sec
	Aspirating 40.0 uL from A1 of Source Plate #1 on 1 at 94.0 uL/sec
	Dispensing 40.0 uL into A9 of Template Plate #2 on 5 at 94.0 uL/sec
	Aspirating 40.0 uL from A1 of Source Plate #1 on 1 at 94.0 uL/sec
	Dispensing 40.0 uL into A10 of Template Plate #2 on 5 at 94.0 uL/sec
	Aspirating 40.0 uL from A1 of Source Plate #1 on 1 at 94.0 uL/sec
	Dispensing 40.0 uL into A11 of Template Plate #2 on 5 at 94.0 uL/sec
	Aspirating 40.0 uL from A1 of Source Plate #1 on 1 at 94.0 uL/sec
	Dispensing 40.0 uL into A12 of Template Plate #2 on 5 at 94.0 uL/sec
Transferring 40.0 from A1 of Source Plate #1 on 1 to A1 of Template Plate #3 on 2
	Aspirating 40.0 uL from A1 of Source Plate #1 on 1 at 94.0 uL/sec
	Dispensing 40.0 uL into A1 of Template Plate #3 on 2 at 94.0 uL/sec
	Aspirating 40.0 uL from A1 of Source Plate #1 on 1 at 94.0 uL/sec
	Dispensing 40.0 uL into A2 of Template Plate #3 on 2 at 94.0 uL/sec
	Aspirating 40.0 uL from A1 of Source Plate #1 on 1 at 94.0 uL/sec
	Dispensing 40.0 uL into A3 of Template Plate #3 on 2 at 94.0 uL/sec
	Aspirating 40.0 uL from A1 of Source Plate #1 on 1 at 94.0 uL/sec
	Dispensing 40.0 uL into A4 of Template Plate #3 on 2 at 94.0 uL/sec
	Aspirating 40.0 uL from A1 of Source Plate #1 on 1 at 94.0 uL/sec
	Dispensing 40.0 uL into A5 of Template Plate #3 on 2 at 94.0 uL/sec
	Aspirating 40.0 uL from A1 of Source Plate #1 on 1 at 94.0 uL/sec
	Dispensing 40.0 uL into A6 of Template Plate #3 on 2 at 94.0 uL/sec
	Aspirating 40.0 uL from A1 of Source Plate #1 on 1 at 94.0 uL/sec
	Dispensing 40.0 uL into A7 of Template Plate #3 on 2 at 94.0 uL/sec
	Aspirating 40.0 uL from A1 of Source Plate #1 on 1 at 94.0 uL/sec
	Dispensing 40.0 uL into A8 of Template Plate #3 on 2 at 94.0 uL/sec
	Aspirating 40.0 uL from A1 of Source Plate #1 on 1 at 94.0 uL/sec
	Dispensing 40.0 uL into A9 of Template Plate #3 on 2 at 94.0 uL/sec
	Aspirating 40.0 uL from A1 of Source Plate #1 on 1 at 94.0 uL/sec
	Dispensing 40.0 uL into A10 of Template Plate #3 on 2 at 94.0 uL/sec
	Aspirating 40.0 uL from A1 of Source Plate #1 on 1 at 94.0 uL/sec
	Dispensing 40.0 uL into A11 of Template Plate #3 on 2 at 94.0 uL/sec
	Aspirating 40.0 uL from A1 of Source Plate #1 on 1 at 94.0 uL/sec
	Dispensing 40.0 uL into A12 of Template Plate #3 on 2 at 94.0 uL/sec
Dropping tip into A1 of Opentrons Fixed Trash on 12
Transferring 10.0 from A1 of Template Plate #1 on 8 to A1 of Destination Plate #1 on 9
	Picking up tip from A1 of Opentrons OT-2 96 Tip Rack 20 µL on 7
	Aspirating 10.0 uL from A1 of Template Plate #1 on 8 at 7.6 uL/sec
	Dispensing 10.0 uL into A1 of Destination Plate #1 on 9 at 7.6 uL/sec
	Aspirating 10.0 uL from A2 of Template Plate #1 on 8 at 7.6 uL/sec
	Dispensing 10.0 uL into A2 of Destination Plate #1 on 9 at 7.6 uL/sec
	Aspirating 10.0 uL from A3 of Template Plate #1 on 8 at 7.6 uL/sec
	Dispensing 10.0 uL into A3 of Destination Plate #1 on 9 at 7.6 uL/sec
	Aspirating 10.0 uL from A4 of Template Plate #1 on 8 at 7.6 uL/sec
	Dispensing 10.0 uL into A4 of Destination Plate #1 on 9 at 7.6 uL/sec
	Aspirating 10.0 uL from A5 of Template Plate #1 on 8 at 7.6 uL/sec
	Dispensing 10.0 uL into A5 of Destination Plate #1 on 9 at 7.6 uL/sec
	Aspirating 10.0 uL from A6 of Template Plate #1 on 8 at 7.6 uL/sec
	Dispensing 10.0 uL into A6 of Destination Plate #1 on 9 at 7.6 uL/sec
	Aspirating 10.0 uL from A7 of Template Plate #1 on 8 at 7.6 uL/sec
	Dispensing 10.0 uL into A7 of Destination Plate #1 on 9 at 7.6 uL/sec
	Aspirating 10.0 uL from A8 of Template Plate #1 on 8 at 7.6 uL/sec
	Dispensing 10.0 uL into A8 of Destination Plate #1 on 9 at 7.6 uL/sec
	Aspirating 10.0 uL from A9 of Template Plate #1 on 8 at 7.6 uL/sec
	Dispensing 10.0 uL into A9 of Destination Plate #1 on 9 at 7.6 uL/sec
	Aspirating 10.0 uL from A10 of Template Plate #1 on 8 at 7.6 uL/sec
	Dispensing 10.0 uL into A10 of Destination Plate #1 on 9 at 7.6 uL/sec
	Aspirating 10.0 uL from A11 of Template Plate #1 on 8 at 7.6 uL/sec
	Dispensing 10.0 uL into A11 of Destination Plate #1 on 9 at 7.6 uL/sec
	Aspirating 10.0 uL from A12 of Template Plate #1 on 8 at 7.6 uL/sec
	Dispensing 10.0 uL into A12 of Destination Plate #1 on 9 at 7.6 uL/sec
	Dropping tip into A1 of Opentrons Fixed Trash on 12
Transferring 10.0 from A1 of Template Plate #2 on 5 to A1 of Destination Plate #2 on 6
	Picking up tip from A2 of Opentrons OT-2 96 Tip Rack 20 µL on 7
	Aspirating 10.0 uL from A1 of Template Plate #2 on 5 at 7.6 uL/sec
	Dispensing 10.0 uL into A1 of Destination Plate #2 on 6 at 7.6 uL/sec
	Aspirating 10.0 uL from A2 of Template Plate #2 on 5 at 7.6 uL/sec
	Dispensing 10.0 uL into A2 of Destination Plate #2 on 6 at 7.6 uL/sec
	Aspirating 10.0 uL from A3 of Template Plate #2 on 5 at 7.6 uL/sec
	Dispensing 10.0 uL into A3 of Destination Plate #2 on 6 at 7.6 uL/sec
	Aspirating 10.0 uL from A4 of Template Plate #2 on 5 at 7.6 uL/sec
	Dispensing 10.0 uL into A4 of Destination Plate #2 on 6 at 7.6 uL/sec
	Aspirating 10.0 uL from A5 of Template Plate #2 on 5 at 7.6 uL/sec
	Dispensing 10.0 uL into A5 of Destination Plate #2 on 6 at 7.6 uL/sec
	Aspirating 10.0 uL from A6 of Template Plate #2 on 5 at 7.6 uL/sec
	Dispensing 10.0 uL into A6 of Destination Plate #2 on 6 at 7.6 uL/sec
	Aspirating 10.0 uL from A7 of Template Plate #2 on 5 at 7.6 uL/sec
	Dispensing 10.0 uL into A7 of Destination Plate #2 on 6 at 7.6 uL/sec
	Aspirating 10.0 uL from A8 of Template Plate #2 on 5 at 7.6 uL/sec
	Dispensing 10.0 uL into A8 of Destination Plate #2 on 6 at 7.6 uL/sec
	Aspirating 10.0 uL from A9 of Template Plate #2 on 5 at 7.6 uL/sec
	Dispensing 10.0 uL into A9 of Destination Plate #2 on 6 at 7.6 uL/sec
	Aspirating 10.0 uL from A10 of Template Plate #2 on 5 at 7.6 uL/sec
	Dispensing 10.0 uL into A10 of Destination Plate #2 on 6 at 7.6 uL/sec
	Aspirating 10.0 uL from A11 of Template Plate #2 on 5 at 7.6 uL/sec
	Dispensing 10.0 uL into A11 of Destination Plate #2 on 6 at 7.6 uL/sec
	Aspirating 10.0 uL from A12 of Template Plate #2 on 5 at 7.6 uL/sec
	Dispensing 10.0 uL into A12 of Destination Plate #2 on 6 at 7.6 uL/sec
	Dropping tip into A1 of Opentrons Fixed Trash on 12
Transferring 10.0 from A1 of Template Plate #3 on 2 to A1 of Destination Plate #3 on 3
	Picking up tip from A3 of Opentrons OT-2 96 Tip Rack 20 µL on 7
	Aspirating 10.0 uL from A1 of Template Plate #3 on 2 at 7.6 uL/sec
	Dispensing 10.0 uL into A1 of Destination Plate #3 on 3 at 7.6 uL/sec
	Aspirating 10.0 uL from A2 of Template Plate #3 on 2 at 7.6 uL/sec
	Dispensing 10.0 uL into A2 of Destination Plate #3 on 3 at 7.6 uL/sec
	Aspirating 10.0 uL from A3 of Template Plate #3 on 2 at 7.6 uL/sec
	Dispensing 10.0 uL into A3 of Destination Plate #3 on 3 at 7.6 uL/sec
	Aspirating 10.0 uL from A4 of Template Plate #3 on 2 at 7.6 uL/sec
	Dispensing 10.0 uL into A4 of Destination Plate #3 on 3 at 7.6 uL/sec
	Aspirating 10.0 uL from A5 of Template Plate #3 on 2 at 7.6 uL/sec
	Dispensing 10.0 uL into A5 of Destination Plate #3 on 3 at 7.6 uL/sec
	Aspirating 10.0 uL from A6 of Template Plate #3 on 2 at 7.6 uL/sec
	Dispensing 10.0 uL into A6 of Destination Plate #3 on 3 at 7.6 uL/sec
	Aspirating 10.0 uL from A7 of Template Plate #3 on 2 at 7.6 uL/sec
	Dispensing 10.0 uL into A7 of Destination Plate #3 on 3 at 7.6 uL/sec
	Aspirating 10.0 uL from A8 of Template Plate #3 on 2 at 7.6 uL/sec
	Dispensing 10.0 uL into A8 of Destination Plate #3 on 3 at 7.6 uL/sec
	Aspirating 10.0 uL from A9 of Template Plate #3 on 2 at 7.6 uL/sec
	Dispensing 10.0 uL into A9 of Destination Plate #3 on 3 at 7.6 uL/sec
	Aspirating 10.0 uL from A10 of Template Plate #3 on 2 at 7.6 uL/sec
	Dispensing 10.0 uL into A10 of Destination Plate #3 on 3 at 7.6 uL/sec
	Aspirating 10.0 uL from A11 of Template Plate #3 on 2 at 7.6 uL/sec
	Dispensing 10.0 uL into A11 of Destination Plate #3 on 3 at 7.6 uL/sec
	Aspirating 10.0 uL from A12 of Template Plate #3 on 2 at 7.6 uL/sec
	Dispensing 10.0 uL into A12 of Destination Plate #3 on 3 at 7.6 uL/sec
	Dropping tip into A1 of Opentrons Fixed Trash on 12
Caught exception: {'message': 'Task was destroyed but it is pending!', 'task': <Task pending name='Task-4' coro=<Poller._poll_forever() running at /Users/dp/Desktop/project/github/opentrons/venv/lib/python3.10/site-packages/opentrons/hardware_control/poller.py:80> wait_for=<Future pending cb=[Task.task_wakeup()]>>}
Caught exception: {'message': 'Task was destroyed but it is pending!', 'task': <Task pending name='Task-3' coro=<Poller._poll_forever() running at /Users/dp/Desktop/project/github/opentrons/venv/lib/python3.10/site-packages/opentrons/hardware_control/poller.py:80> wait_for=<Future pending cb=[Task.task_wakeup()]>>}
Caught exception: {'message': 'Task was destroyed but it is pending!', 'task': <Task pending name='Task-2' coro=<Poller._poll_forever() running at /Users/dp/Desktop/project/github/opentrons/venv/lib/python3.10/site-packages/opentrons/hardware_control/poller.py:80> wait_for=<Future pending cb=[Task.task_wakeup()]>>}
