/Users/dp/Desktop/project/github/opentrons/venv/lib/python3.10/site-packages/opentrons/hardware_control/simulator_setup.py:205: UserWarning: Simulator configuration does not name a machine, defaulting to OT-2 Standard
  warn(
/Users/dp/.opentrons/robot_settings.json not found. Loading defaults
Deck calibration not found.
/Users/dp/.opentrons/deck_calibration.json not found. Loading defaults
Delaying for 0 minutes and 10.0 seconds
Pausing robot operation: Please pre-cool the
    temperature module to 4 degrees via settings in the Opentrons app prior to
    running this protocol. Please add reaction buffer to well A1,
    enzyme mix to well A2, and an empty vial to well
    A3 of the 4 degree temperature module on the OT-2 deck.
Setting Temperature Module temperature to 4.0 °C (rounded off to nearest integer)
Opening Thermocycler lid
Transferring 175.0 from A1 of Opentrons 24-Well Aluminum Block on Temperature Module GEN1 on 2 to A3 of Opentrons 24-Well Aluminum Block on Temperature Module GEN1 on 2
	Picking up tip from A1 of Opentrons OT-2 96 Tip Rack 300 µL on 3
	Aspirating 175.0 uL from A1 of Opentrons 24-Well Aluminum Block on Temperature Module GEN1 on 2 at 92.86 uL/sec
	Dispensing 175.0 uL into A3 of Opentrons 24-Well Aluminum Block on Temperature Module GEN1 on 2 at 92.86 uL/sec
	Dropping tip into A1 of Opentrons Fixed Trash on 12
Transferring 50.0 from A2 of Opentrons 24-Well Aluminum Block on Temperature Module GEN1 on 2 to A3 of Opentrons 24-Well Aluminum Block on Temperature Module GEN1 on 2
	Picking up tip from B1 of Opentrons OT-2 96 Tip Rack 300 µL on 3
	Aspirating 50.0 uL from A2 of Opentrons 24-Well Aluminum Block on Temperature Module GEN1 on 2 at 92.86 uL/sec
	Dispensing 50.0 uL into A3 of Opentrons 24-Well Aluminum Block on Temperature Module GEN1 on 2 at 92.86 uL/sec
	Mixing 4 times with a volume of 108.0 ul
		Aspirating 108.0 uL from A3 of Opentrons 24-Well Aluminum Block on Temperature Module GEN1 on 2 at 92.86 uL/sec
		Dispensing 108.0 uL into A3 of Opentrons 24-Well Aluminum Block on Temperature Module GEN1 on 2 at 92.86 uL/sec
		Aspirating 108.0 uL from A3 of Opentrons 24-Well Aluminum Block on Temperature Module GEN1 on 2 at 92.86 uL/sec
		Dispensing 108.0 uL into A3 of Opentrons 24-Well Aluminum Block on Temperature Module GEN1 on 2 at 92.86 uL/sec
		Aspirating 108.0 uL from A3 of Opentrons 24-Well Aluminum Block on Temperature Module GEN1 on 2 at 92.86 uL/sec
		Dispensing 108.0 uL into A3 of Opentrons 24-Well Aluminum Block on Temperature Module GEN1 on 2 at 92.86 uL/sec
		Aspirating 108.0 uL from A3 of Opentrons 24-Well Aluminum Block on Temperature Module GEN1 on 2 at 92.86 uL/sec
		Dispensing 108.0 uL into A3 of Opentrons 24-Well Aluminum Block on Temperature Module GEN1 on 2 at 92.86 uL/sec
	Dropping tip into A1 of Opentrons Fixed Trash on 12
Transferring 9.0 from A3 of Opentrons 24-Well Aluminum Block on Temperature Module GEN1 on 2 to A1 of Thermo-Fast 96 Well Plate 200 µL on Thermocycler Module GEN1 on 7
	Picking up tip from A1 of Opentrons OT-2 96 Filter Tip Rack 20 µL on 6
	Aspirating 9.0 uL from A3 of Opentrons 24-Well Aluminum Block on Temperature Module GEN1 on 2 at 7.56 uL/sec
	Dispensing 9.0 uL into A1 of Thermo-Fast 96 Well Plate 200 µL on Thermocycler Module GEN1 on 7 at 7.56 uL/sec
	Mixing 3 times with a volume of 17.5 ul
		Aspirating 17.5 uL from A1 of Thermo-Fast 96 Well Plate 200 µL on Thermocycler Module GEN1 on 7 at 7.56 uL/sec
		Dispensing 17.5 uL into A1 of Thermo-Fast 96 Well Plate 200 µL on Thermocycler Module GEN1 on 7 at 7.56 uL/sec
		Aspirating 17.5 uL from A1 of Thermo-Fast 96 Well Plate 200 µL on Thermocycler Module GEN1 on 7 at 7.56 uL/sec
		Dispensing 17.5 uL into A1 of Thermo-Fast 96 Well Plate 200 µL on Thermocycler Module GEN1 on 7 at 7.56 uL/sec
		Aspirating 17.5 uL from A1 of Thermo-Fast 96 Well Plate 200 µL on Thermocycler Module GEN1 on 7 at 7.56 uL/sec
		Dispensing 17.5 uL into A1 of Thermo-Fast 96 Well Plate 200 µL on Thermocycler Module GEN1 on 7 at 7.56 uL/sec
	Dropping tip into A1 of Opentrons Fixed Trash on 12
	Picking up tip from B1 of Opentrons OT-2 96 Filter Tip Rack 20 µL on 6
	Aspirating 9.0 uL from A3 of Opentrons 24-Well Aluminum Block on Temperature Module GEN1 on 2 at 7.56 uL/sec
	Dispensing 9.0 uL into B1 of Thermo-Fast 96 Well Plate 200 µL on Thermocycler Module GEN1 on 7 at 7.56 uL/sec
	Mixing 3 times with a volume of 17.5 ul
		Aspirating 17.5 uL from B1 of Thermo-Fast 96 Well Plate 200 µL on Thermocycler Module GEN1 on 7 at 7.56 uL/sec
		Dispensing 17.5 uL into B1 of Thermo-Fast 96 Well Plate 200 µL on Thermocycler Module GEN1 on 7 at 7.56 uL/sec
		Aspirating 17.5 uL from B1 of Thermo-Fast 96 Well Plate 200 µL on Thermocycler Module GEN1 on 7 at 7.56 uL/sec
		Dispensing 17.5 uL into B1 of Thermo-Fast 96 Well Plate 200 µL on Thermocycler Module GEN1 on 7 at 7.56 uL/sec
		Aspirating 17.5 uL from B1 of Thermo-Fast 96 Well Plate 200 µL on Thermocycler Module GEN1 on 7 at 7.56 uL/sec
		Dispensing 17.5 uL into B1 of Thermo-Fast 96 Well Plate 200 µL on Thermocycler Module GEN1 on 7 at 7.56 uL/sec
	Dropping tip into A1 of Opentrons Fixed Trash on 12
	Picking up tip from C1 of Opentrons OT-2 96 Filter Tip Rack 20 µL on 6
	Aspirating 9.0 uL from A3 of Opentrons 24-Well Aluminum Block on Temperature Module GEN1 on 2 at 7.56 uL/sec
	Dispensing 9.0 uL into C1 of Thermo-Fast 96 Well Plate 200 µL on Thermocycler Module GEN1 on 7 at 7.56 uL/sec
	Mixing 3 times with a volume of 17.5 ul
		Aspirating 17.5 uL from C1 of Thermo-Fast 96 Well Plate 200 µL on Thermocycler Module GEN1 on 7 at 7.56 uL/sec
		Dispensing 17.5 uL into C1 of Thermo-Fast 96 Well Plate 200 µL on Thermocycler Module GEN1 on 7 at 7.56 uL/sec
		Aspirating 17.5 uL from C1 of Thermo-Fast 96 Well Plate 200 µL on Thermocycler Module GEN1 on 7 at 7.56 uL/sec
		Dispensing 17.5 uL into C1 of Thermo-Fast 96 Well Plate 200 µL on Thermocycler Module GEN1 on 7 at 7.56 uL/sec
		Aspirating 17.5 uL from C1 of Thermo-Fast 96 Well Plate 200 µL on Thermocycler Module GEN1 on 7 at 7.56 uL/sec
		Dispensing 17.5 uL into C1 of Thermo-Fast 96 Well Plate 200 µL on Thermocycler Module GEN1 on 7 at 7.56 uL/sec
	Dropping tip into A1 of Opentrons Fixed Trash on 12
	Picking up tip from D1 of Opentrons OT-2 96 Filter Tip Rack 20 µL on 6
	Aspirating 9.0 uL from A3 of Opentrons 24-Well Aluminum Block on Temperature Module GEN1 on 2 at 7.56 uL/sec
	Dispensing 9.0 uL into D1 of Thermo-Fast 96 Well Plate 200 µL on Thermocycler Module GEN1 on 7 at 7.56 uL/sec
	Mixing 3 times with a volume of 17.5 ul
		Aspirating 17.5 uL from D1 of Thermo-Fast 96 Well Plate 200 µL on Thermocycler Module GEN1 on 7 at 7.56 uL/sec
		Dispensing 17.5 uL into D1 of Thermo-Fast 96 Well Plate 200 µL on Thermocycler Module GEN1 on 7 at 7.56 uL/sec
		Aspirating 17.5 uL from D1 of Thermo-Fast 96 Well Plate 200 µL on Thermocycler Module GEN1 on 7 at 7.56 uL/sec
		Dispensing 17.5 uL into D1 of Thermo-Fast 96 Well Plate 200 µL on Thermocycler Module GEN1 on 7 at 7.56 uL/sec
		Aspirating 17.5 uL from D1 of Thermo-Fast 96 Well Plate 200 µL on Thermocycler Module GEN1 on 7 at 7.56 uL/sec
		Dispensing 17.5 uL into D1 of Thermo-Fast 96 Well Plate 200 µL on Thermocycler Module GEN1 on 7 at 7.56 uL/sec
	Dropping tip into A1 of Opentrons Fixed Trash on 12
	Picking up tip from E1 of Opentrons OT-2 96 Filter Tip Rack 20 µL on 6
	Aspirating 9.0 uL from A3 of Opentrons 24-Well Aluminum Block on Temperature Module GEN1 on 2 at 7.56 uL/sec
	Dispensing 9.0 uL into E1 of Thermo-Fast 96 Well Plate 200 µL on Thermocycler Module GEN1 on 7 at 7.56 uL/sec
	Mixing 3 times with a volume of 17.5 ul
		Aspirating 17.5 uL from E1 of Thermo-Fast 96 Well Plate 200 µL on Thermocycler Module GEN1 on 7 at 7.56 uL/sec
		Dispensing 17.5 uL into E1 of Thermo-Fast 96 Well Plate 200 µL on Thermocycler Module GEN1 on 7 at 7.56 uL/sec
		Aspirating 17.5 uL from E1 of Thermo-Fast 96 Well Plate 200 µL on Thermocycler Module GEN1 on 7 at 7.56 uL/sec
		Dispensing 17.5 uL into E1 of Thermo-Fast 96 Well Plate 200 µL on Thermocycler Module GEN1 on 7 at 7.56 uL/sec
		Aspirating 17.5 uL from E1 of Thermo-Fast 96 Well Plate 200 µL on Thermocycler Module GEN1 on 7 at 7.56 uL/sec
		Dispensing 17.5 uL into E1 of Thermo-Fast 96 Well Plate 200 µL on Thermocycler Module GEN1 on 7 at 7.56 uL/sec
	Dropping tip into A1 of Opentrons Fixed Trash on 12
	Picking up tip from F1 of Opentrons OT-2 96 Filter Tip Rack 20 µL on 6
	Aspirating 9.0 uL from A3 of Opentrons 24-Well Aluminum Block on Temperature Module GEN1 on 2 at 7.56 uL/sec
	Dispensing 9.0 uL into F1 of Thermo-Fast 96 Well Plate 200 µL on Thermocycler Module GEN1 on 7 at 7.56 uL/sec
	Mixing 3 times with a volume of 17.5 ul
		Aspirating 17.5 uL from F1 of Thermo-Fast 96 Well Plate 200 µL on Thermocycler Module GEN1 on 7 at 7.56 uL/sec
		Dispensing 17.5 uL into F1 of Thermo-Fast 96 Well Plate 200 µL on Thermocycler Module GEN1 on 7 at 7.56 uL/sec
		Aspirating 17.5 uL from F1 of Thermo-Fast 96 Well Plate 200 µL on Thermocycler Module GEN1 on 7 at 7.56 uL/sec
		Dispensing 17.5 uL into F1 of Thermo-Fast 96 Well Plate 200 µL on Thermocycler Module GEN1 on 7 at 7.56 uL/sec
		Aspirating 17.5 uL from F1 of Thermo-Fast 96 Well Plate 200 µL on Thermocycler Module GEN1 on 7 at 7.56 uL/sec
		Dispensing 17.5 uL into F1 of Thermo-Fast 96 Well Plate 200 µL on Thermocycler Module GEN1 on 7 at 7.56 uL/sec
	Dropping tip into A1 of Opentrons Fixed Trash on 12
	Picking up tip from G1 of Opentrons OT-2 96 Filter Tip Rack 20 µL on 6
	Aspirating 9.0 uL from A3 of Opentrons 24-Well Aluminum Block on Temperature Module GEN1 on 2 at 7.56 uL/sec
	Dispensing 9.0 uL into G1 of Thermo-Fast 96 Well Plate 200 µL on Thermocycler Module GEN1 on 7 at 7.56 uL/sec
	Mixing 3 times with a volume of 17.5 ul
		Aspirating 17.5 uL from G1 of Thermo-Fast 96 Well Plate 200 µL on Thermocycler Module GEN1 on 7 at 7.56 uL/sec
		Dispensing 17.5 uL into G1 of Thermo-Fast 96 Well Plate 200 µL on Thermocycler Module GEN1 on 7 at 7.56 uL/sec
		Aspirating 17.5 uL from G1 of Thermo-Fast 96 Well Plate 200 µL on Thermocycler Module GEN1 on 7 at 7.56 uL/sec
		Dispensing 17.5 uL into G1 of Thermo-Fast 96 Well Plate 200 µL on Thermocycler Module GEN1 on 7 at 7.56 uL/sec
		Aspirating 17.5 uL from G1 of Thermo-Fast 96 Well Plate 200 µL on Thermocycler Module GEN1 on 7 at 7.56 uL/sec
		Dispensing 17.5 uL into G1 of Thermo-Fast 96 Well Plate 200 µL on Thermocycler Module GEN1 on 7 at 7.56 uL/sec
	Dropping tip into A1 of Opentrons Fixed Trash on 12
	Picking up tip from H1 of Opentrons OT-2 96 Filter Tip Rack 20 µL on 6
	Aspirating 9.0 uL from A3 of Opentrons 24-Well Aluminum Block on Temperature Module GEN1 on 2 at 7.56 uL/sec
	Dispensing 9.0 uL into H1 of Thermo-Fast 96 Well Plate 200 µL on Thermocycler Module GEN1 on 7 at 7.56 uL/sec
	Mixing 3 times with a volume of 17.5 ul
		Aspirating 17.5 uL from H1 of Thermo-Fast 96 Well Plate 200 µL on Thermocycler Module GEN1 on 7 at 7.56 uL/sec
		Dispensing 17.5 uL into H1 of Thermo-Fast 96 Well Plate 200 µL on Thermocycler Module GEN1 on 7 at 7.56 uL/sec
		Aspirating 17.5 uL from H1 of Thermo-Fast 96 Well Plate 200 µL on Thermocycler Module GEN1 on 7 at 7.56 uL/sec
		Dispensing 17.5 uL into H1 of Thermo-Fast 96 Well Plate 200 µL on Thermocycler Module GEN1 on 7 at 7.56 uL/sec
		Aspirating 17.5 uL from H1 of Thermo-Fast 96 Well Plate 200 µL on Thermocycler Module GEN1 on 7 at 7.56 uL/sec
		Dispensing 17.5 uL into H1 of Thermo-Fast 96 Well Plate 200 µL on Thermocycler Module GEN1 on 7 at 7.56 uL/sec
	Dropping tip into A1 of Opentrons Fixed Trash on 12
	Picking up tip from A2 of Opentrons OT-2 96 Filter Tip Rack 20 µL on 6
	Aspirating 9.0 uL from A3 of Opentrons 24-Well Aluminum Block on Temperature Module GEN1 on 2 at 7.56 uL/sec
	Dispensing 9.0 uL into A2 of Thermo-Fast 96 Well Plate 200 µL on Thermocycler Module GEN1 on 7 at 7.56 uL/sec
	Mixing 3 times with a volume of 17.5 ul
		Aspirating 17.5 uL from A2 of Thermo-Fast 96 Well Plate 200 µL on Thermocycler Module GEN1 on 7 at 7.56 uL/sec
		Dispensing 17.5 uL into A2 of Thermo-Fast 96 Well Plate 200 µL on Thermocycler Module GEN1 on 7 at 7.56 uL/sec
		Aspirating 17.5 uL from A2 of Thermo-Fast 96 Well Plate 200 µL on Thermocycler Module GEN1 on 7 at 7.56 uL/sec
		Dispensing 17.5 uL into A2 of Thermo-Fast 96 Well Plate 200 µL on Thermocycler Module GEN1 on 7 at 7.56 uL/sec
		Aspirating 17.5 uL from A2 of Thermo-Fast 96 Well Plate 200 µL on Thermocycler Module GEN1 on 7 at 7.56 uL/sec
		Dispensing 17.5 uL into A2 of Thermo-Fast 96 Well Plate 200 µL on Thermocycler Module GEN1 on 7 at 7.56 uL/sec
	Dropping tip into A1 of Opentrons Fixed Trash on 12
	Picking up tip from B2 of Opentrons OT-2 96 Filter Tip Rack 20 µL on 6
	Aspirating 9.0 uL from A3 of Opentrons 24-Well Aluminum Block on Temperature Module GEN1 on 2 at 7.56 uL/sec
	Dispensing 9.0 uL into B2 of Thermo-Fast 96 Well Plate 200 µL on Thermocycler Module GEN1 on 7 at 7.56 uL/sec
	Mixing 3 times with a volume of 17.5 ul
		Aspirating 17.5 uL from B2 of Thermo-Fast 96 Well Plate 200 µL on Thermocycler Module GEN1 on 7 at 7.56 uL/sec
		Dispensing 17.5 uL into B2 of Thermo-Fast 96 Well Plate 200 µL on Thermocycler Module GEN1 on 7 at 7.56 uL/sec
		Aspirating 17.5 uL from B2 of Thermo-Fast 96 Well Plate 200 µL on Thermocycler Module GEN1 on 7 at 7.56 uL/sec
		Dispensing 17.5 uL into B2 of Thermo-Fast 96 Well Plate 200 µL on Thermocycler Module GEN1 on 7 at 7.56 uL/sec
		Aspirating 17.5 uL from B2 of Thermo-Fast 96 Well Plate 200 µL on Thermocycler Module GEN1 on 7 at 7.56 uL/sec
		Dispensing 17.5 uL into B2 of Thermo-Fast 96 Well Plate 200 µL on Thermocycler Module GEN1 on 7 at 7.56 uL/sec
	Dropping tip into A1 of Opentrons Fixed Trash on 12
	Picking up tip from C2 of Opentrons OT-2 96 Filter Tip Rack 20 µL on 6
	Aspirating 9.0 uL from A3 of Opentrons 24-Well Aluminum Block on Temperature Module GEN1 on 2 at 7.56 uL/sec
	Dispensing 9.0 uL into C2 of Thermo-Fast 96 Well Plate 200 µL on Thermocycler Module GEN1 on 7 at 7.56 uL/sec
	Mixing 3 times with a volume of 17.5 ul
		Aspirating 17.5 uL from C2 of Thermo-Fast 96 Well Plate 200 µL on Thermocycler Module GEN1 on 7 at 7.56 uL/sec
		Dispensing 17.5 uL into C2 of Thermo-Fast 96 Well Plate 200 µL on Thermocycler Module GEN1 on 7 at 7.56 uL/sec
		Aspirating 17.5 uL from C2 of Thermo-Fast 96 Well Plate 200 µL on Thermocycler Module GEN1 on 7 at 7.56 uL/sec
		Dispensing 17.5 uL into C2 of Thermo-Fast 96 Well Plate 200 µL on Thermocycler Module GEN1 on 7 at 7.56 uL/sec
		Aspirating 17.5 uL from C2 of Thermo-Fast 96 Well Plate 200 µL on Thermocycler Module GEN1 on 7 at 7.56 uL/sec
		Dispensing 17.5 uL into C2 of Thermo-Fast 96 Well Plate 200 µL on Thermocycler Module GEN1 on 7 at 7.56 uL/sec
	Dropping tip into A1 of Opentrons Fixed Trash on 12
	Picking up tip from D2 of Opentrons OT-2 96 Filter Tip Rack 20 µL on 6
	Aspirating 9.0 uL from A3 of Opentrons 24-Well Aluminum Block on Temperature Module GEN1 on 2 at 7.56 uL/sec
	Dispensing 9.0 uL into D2 of Thermo-Fast 96 Well Plate 200 µL on Thermocycler Module GEN1 on 7 at 7.56 uL/sec
	Mixing 3 times with a volume of 17.5 ul
		Aspirating 17.5 uL from D2 of Thermo-Fast 96 Well Plate 200 µL on Thermocycler Module GEN1 on 7 at 7.56 uL/sec
		Dispensing 17.5 uL into D2 of Thermo-Fast 96 Well Plate 200 µL on Thermocycler Module GEN1 on 7 at 7.56 uL/sec
		Aspirating 17.5 uL from D2 of Thermo-Fast 96 Well Plate 200 µL on Thermocycler Module GEN1 on 7 at 7.56 uL/sec
		Dispensing 17.5 uL into D2 of Thermo-Fast 96 Well Plate 200 µL on Thermocycler Module GEN1 on 7 at 7.56 uL/sec
		Aspirating 17.5 uL from D2 of Thermo-Fast 96 Well Plate 200 µL on Thermocycler Module GEN1 on 7 at 7.56 uL/sec
		Dispensing 17.5 uL into D2 of Thermo-Fast 96 Well Plate 200 µL on Thermocycler Module GEN1 on 7 at 7.56 uL/sec
	Dropping tip into A1 of Opentrons Fixed Trash on 12
	Picking up tip from E2 of Opentrons OT-2 96 Filter Tip Rack 20 µL on 6
	Aspirating 9.0 uL from A3 of Opentrons 24-Well Aluminum Block on Temperature Module GEN1 on 2 at 7.56 uL/sec
	Dispensing 9.0 uL into E2 of Thermo-Fast 96 Well Plate 200 µL on Thermocycler Module GEN1 on 7 at 7.56 uL/sec
	Mixing 3 times with a volume of 17.5 ul
		Aspirating 17.5 uL from E2 of Thermo-Fast 96 Well Plate 200 µL on Thermocycler Module GEN1 on 7 at 7.56 uL/sec
		Dispensing 17.5 uL into E2 of Thermo-Fast 96 Well Plate 200 µL on Thermocycler Module GEN1 on 7 at 7.56 uL/sec
		Aspirating 17.5 uL from E2 of Thermo-Fast 96 Well Plate 200 µL on Thermocycler Module GEN1 on 7 at 7.56 uL/sec
		Dispensing 17.5 uL into E2 of Thermo-Fast 96 Well Plate 200 µL on Thermocycler Module GEN1 on 7 at 7.56 uL/sec
		Aspirating 17.5 uL from E2 of Thermo-Fast 96 Well Plate 200 µL on Thermocycler Module GEN1 on 7 at 7.56 uL/sec
		Dispensing 17.5 uL into E2 of Thermo-Fast 96 Well Plate 200 µL on Thermocycler Module GEN1 on 7 at 7.56 uL/sec
	Dropping tip into A1 of Opentrons Fixed Trash on 12
	Picking up tip from F2 of Opentrons OT-2 96 Filter Tip Rack 20 µL on 6
	Aspirating 9.0 uL from A3 of Opentrons 24-Well Aluminum Block on Temperature Module GEN1 on 2 at 7.56 uL/sec
	Dispensing 9.0 uL into F2 of Thermo-Fast 96 Well Plate 200 µL on Thermocycler Module GEN1 on 7 at 7.56 uL/sec
	Mixing 3 times with a volume of 17.5 ul
		Aspirating 17.5 uL from F2 of Thermo-Fast 96 Well Plate 200 µL on Thermocycler Module GEN1 on 7 at 7.56 uL/sec
		Dispensing 17.5 uL into F2 of Thermo-Fast 96 Well Plate 200 µL on Thermocycler Module GEN1 on 7 at 7.56 uL/sec
		Aspirating 17.5 uL from F2 of Thermo-Fast 96 Well Plate 200 µL on Thermocycler Module GEN1 on 7 at 7.56 uL/sec
		Dispensing 17.5 uL into F2 of Thermo-Fast 96 Well Plate 200 µL on Thermocycler Module GEN1 on 7 at 7.56 uL/sec
		Aspirating 17.5 uL from F2 of Thermo-Fast 96 Well Plate 200 µL on Thermocycler Module GEN1 on 7 at 7.56 uL/sec
		Dispensing 17.5 uL into F2 of Thermo-Fast 96 Well Plate 200 µL on Thermocycler Module GEN1 on 7 at 7.56 uL/sec
	Dropping tip into A1 of Opentrons Fixed Trash on 12
	Picking up tip from G2 of Opentrons OT-2 96 Filter Tip Rack 20 µL on 6
	Aspirating 9.0 uL from A3 of Opentrons 24-Well Aluminum Block on Temperature Module GEN1 on 2 at 7.56 uL/sec
	Dispensing 9.0 uL into G2 of Thermo-Fast 96 Well Plate 200 µL on Thermocycler Module GEN1 on 7 at 7.56 uL/sec
	Mixing 3 times with a volume of 17.5 ul
		Aspirating 17.5 uL from G2 of Thermo-Fast 96 Well Plate 200 µL on Thermocycler Module GEN1 on 7 at 7.56 uL/sec
		Dispensing 17.5 uL into G2 of Thermo-Fast 96 Well Plate 200 µL on Thermocycler Module GEN1 on 7 at 7.56 uL/sec
		Aspirating 17.5 uL from G2 of Thermo-Fast 96 Well Plate 200 µL on Thermocycler Module GEN1 on 7 at 7.56 uL/sec
		Dispensing 17.5 uL into G2 of Thermo-Fast 96 Well Plate 200 µL on Thermocycler Module GEN1 on 7 at 7.56 uL/sec
		Aspirating 17.5 uL from G2 of Thermo-Fast 96 Well Plate 200 µL on Thermocycler Module GEN1 on 7 at 7.56 uL/sec
		Dispensing 17.5 uL into G2 of Thermo-Fast 96 Well Plate 200 µL on Thermocycler Module GEN1 on 7 at 7.56 uL/sec
	Dropping tip into A1 of Opentrons Fixed Trash on 12
	Picking up tip from H2 of Opentrons OT-2 96 Filter Tip Rack 20 µL on 6
	Aspirating 9.0 uL from A3 of Opentrons 24-Well Aluminum Block on Temperature Module GEN1 on 2 at 7.56 uL/sec
	Dispensing 9.0 uL into H2 of Thermo-Fast 96 Well Plate 200 µL on Thermocycler Module GEN1 on 7 at 7.56 uL/sec
	Mixing 3 times with a volume of 17.5 ul
		Aspirating 17.5 uL from H2 of Thermo-Fast 96 Well Plate 200 µL on Thermocycler Module GEN1 on 7 at 7.56 uL/sec
		Dispensing 17.5 uL into H2 of Thermo-Fast 96 Well Plate 200 µL on Thermocycler Module GEN1 on 7 at 7.56 uL/sec
		Aspirating 17.5 uL from H2 of Thermo-Fast 96 Well Plate 200 µL on Thermocycler Module GEN1 on 7 at 7.56 uL/sec
		Dispensing 17.5 uL into H2 of Thermo-Fast 96 Well Plate 200 µL on Thermocycler Module GEN1 on 7 at 7.56 uL/sec
		Aspirating 17.5 uL from H2 of Thermo-Fast 96 Well Plate 200 µL on Thermocycler Module GEN1 on 7 at 7.56 uL/sec
		Dispensing 17.5 uL into H2 of Thermo-Fast 96 Well Plate 200 µL on Thermocycler Module GEN1 on 7 at 7.56 uL/sec
	Dropping tip into A1 of Opentrons Fixed Trash on 12
	Picking up tip from A3 of Opentrons OT-2 96 Filter Tip Rack 20 µL on 6
	Aspirating 9.0 uL from A3 of Opentrons 24-Well Aluminum Block on Temperature Module GEN1 on 2 at 7.56 uL/sec
	Dispensing 9.0 uL into A3 of Thermo-Fast 96 Well Plate 200 µL on Thermocycler Module GEN1 on 7 at 7.56 uL/sec
	Mixing 3 times with a volume of 17.5 ul
		Aspirating 17.5 uL from A3 of Thermo-Fast 96 Well Plate 200 µL on Thermocycler Module GEN1 on 7 at 7.56 uL/sec
		Dispensing 17.5 uL into A3 of Thermo-Fast 96 Well Plate 200 µL on Thermocycler Module GEN1 on 7 at 7.56 uL/sec
		Aspirating 17.5 uL from A3 of Thermo-Fast 96 Well Plate 200 µL on Thermocycler Module GEN1 on 7 at 7.56 uL/sec
		Dispensing 17.5 uL into A3 of Thermo-Fast 96 Well Plate 200 µL on Thermocycler Module GEN1 on 7 at 7.56 uL/sec
		Aspirating 17.5 uL from A3 of Thermo-Fast 96 Well Plate 200 µL on Thermocycler Module GEN1 on 7 at 7.56 uL/sec
		Dispensing 17.5 uL into A3 of Thermo-Fast 96 Well Plate 200 µL on Thermocycler Module GEN1 on 7 at 7.56 uL/sec
	Dropping tip into A1 of Opentrons Fixed Trash on 12
	Picking up tip from B3 of Opentrons OT-2 96 Filter Tip Rack 20 µL on 6
	Aspirating 9.0 uL from A3 of Opentrons 24-Well Aluminum Block on Temperature Module GEN1 on 2 at 7.56 uL/sec
	Dispensing 9.0 uL into B3 of Thermo-Fast 96 Well Plate 200 µL on Thermocycler Module GEN1 on 7 at 7.56 uL/sec
	Mixing 3 times with a volume of 17.5 ul
		Aspirating 17.5 uL from B3 of Thermo-Fast 96 Well Plate 200 µL on Thermocycler Module GEN1 on 7 at 7.56 uL/sec
		Dispensing 17.5 uL into B3 of Thermo-Fast 96 Well Plate 200 µL on Thermocycler Module GEN1 on 7 at 7.56 uL/sec
		Aspirating 17.5 uL from B3 of Thermo-Fast 96 Well Plate 200 µL on Thermocycler Module GEN1 on 7 at 7.56 uL/sec
		Dispensing 17.5 uL into B3 of Thermo-Fast 96 Well Plate 200 µL on Thermocycler Module GEN1 on 7 at 7.56 uL/sec
		Aspirating 17.5 uL from B3 of Thermo-Fast 96 Well Plate 200 µL on Thermocycler Module GEN1 on 7 at 7.56 uL/sec
		Dispensing 17.5 uL into B3 of Thermo-Fast 96 Well Plate 200 µL on Thermocycler Module GEN1 on 7 at 7.56 uL/sec
	Dropping tip into A1 of Opentrons Fixed Trash on 12
	Picking up tip from C3 of Opentrons OT-2 96 Filter Tip Rack 20 µL on 6
	Aspirating 9.0 uL from A3 of Opentrons 24-Well Aluminum Block on Temperature Module GEN1 on 2 at 7.56 uL/sec
	Dispensing 9.0 uL into C3 of Thermo-Fast 96 Well Plate 200 µL on Thermocycler Module GEN1 on 7 at 7.56 uL/sec
	Mixing 3 times with a volume of 17.5 ul
		Aspirating 17.5 uL from C3 of Thermo-Fast 96 Well Plate 200 µL on Thermocycler Module GEN1 on 7 at 7.56 uL/sec
		Dispensing 17.5 uL into C3 of Thermo-Fast 96 Well Plate 200 µL on Thermocycler Module GEN1 on 7 at 7.56 uL/sec
		Aspirating 17.5 uL from C3 of Thermo-Fast 96 Well Plate 200 µL on Thermocycler Module GEN1 on 7 at 7.56 uL/sec
		Dispensing 17.5 uL into C3 of Thermo-Fast 96 Well Plate 200 µL on Thermocycler Module GEN1 on 7 at 7.56 uL/sec
		Aspirating 17.5 uL from C3 of Thermo-Fast 96 Well Plate 200 µL on Thermocycler Module GEN1 on 7 at 7.56 uL/sec
		Dispensing 17.5 uL into C3 of Thermo-Fast 96 Well Plate 200 µL on Thermocycler Module GEN1 on 7 at 7.56 uL/sec
	Dropping tip into A1 of Opentrons Fixed Trash on 12
	Picking up tip from D3 of Opentrons OT-2 96 Filter Tip Rack 20 µL on 6
	Aspirating 9.0 uL from A3 of Opentrons 24-Well Aluminum Block on Temperature Module GEN1 on 2 at 7.56 uL/sec
	Dispensing 9.0 uL into D3 of Thermo-Fast 96 Well Plate 200 µL on Thermocycler Module GEN1 on 7 at 7.56 uL/sec
	Mixing 3 times with a volume of 17.5 ul
		Aspirating 17.5 uL from D3 of Thermo-Fast 96 Well Plate 200 µL on Thermocycler Module GEN1 on 7 at 7.56 uL/sec
		Dispensing 17.5 uL into D3 of Thermo-Fast 96 Well Plate 200 µL on Thermocycler Module GEN1 on 7 at 7.56 uL/sec
		Aspirating 17.5 uL from D3 of Thermo-Fast 96 Well Plate 200 µL on Thermocycler Module GEN1 on 7 at 7.56 uL/sec
		Dispensing 17.5 uL into D3 of Thermo-Fast 96 Well Plate 200 µL on Thermocycler Module GEN1 on 7 at 7.56 uL/sec
		Aspirating 17.5 uL from D3 of Thermo-Fast 96 Well Plate 200 µL on Thermocycler Module GEN1 on 7 at 7.56 uL/sec
		Dispensing 17.5 uL into D3 of Thermo-Fast 96 Well Plate 200 µL on Thermocycler Module GEN1 on 7 at 7.56 uL/sec
	Dropping tip into A1 of Opentrons Fixed Trash on 12
	Picking up tip from E3 of Opentrons OT-2 96 Filter Tip Rack 20 µL on 6
	Aspirating 9.0 uL from A3 of Opentrons 24-Well Aluminum Block on Temperature Module GEN1 on 2 at 7.56 uL/sec
	Dispensing 9.0 uL into E3 of Thermo-Fast 96 Well Plate 200 µL on Thermocycler Module GEN1 on 7 at 7.56 uL/sec
	Mixing 3 times with a volume of 17.5 ul
		Aspirating 17.5 uL from E3 of Thermo-Fast 96 Well Plate 200 µL on Thermocycler Module GEN1 on 7 at 7.56 uL/sec
		Dispensing 17.5 uL into E3 of Thermo-Fast 96 Well Plate 200 µL on Thermocycler Module GEN1 on 7 at 7.56 uL/sec
		Aspirating 17.5 uL from E3 of Thermo-Fast 96 Well Plate 200 µL on Thermocycler Module GEN1 on 7 at 7.56 uL/sec
		Dispensing 17.5 uL into E3 of Thermo-Fast 96 Well Plate 200 µL on Thermocycler Module GEN1 on 7 at 7.56 uL/sec
		Aspirating 17.5 uL from E3 of Thermo-Fast 96 Well Plate 200 µL on Thermocycler Module GEN1 on 7 at 7.56 uL/sec
		Dispensing 17.5 uL into E3 of Thermo-Fast 96 Well Plate 200 µL on Thermocycler Module GEN1 on 7 at 7.56 uL/sec
	Dropping tip into A1 of Opentrons Fixed Trash on 12
	Picking up tip from F3 of Opentrons OT-2 96 Filter Tip Rack 20 µL on 6
	Aspirating 9.0 uL from A3 of Opentrons 24-Well Aluminum Block on Temperature Module GEN1 on 2 at 7.56 uL/sec
	Dispensing 9.0 uL into F3 of Thermo-Fast 96 Well Plate 200 µL on Thermocycler Module GEN1 on 7 at 7.56 uL/sec
	Mixing 3 times with a volume of 17.5 ul
		Aspirating 17.5 uL from F3 of Thermo-Fast 96 Well Plate 200 µL on Thermocycler Module GEN1 on 7 at 7.56 uL/sec
		Dispensing 17.5 uL into F3 of Thermo-Fast 96 Well Plate 200 µL on Thermocycler Module GEN1 on 7 at 7.56 uL/sec
		Aspirating 17.5 uL from F3 of Thermo-Fast 96 Well Plate 200 µL on Thermocycler Module GEN1 on 7 at 7.56 uL/sec
		Dispensing 17.5 uL into F3 of Thermo-Fast 96 Well Plate 200 µL on Thermocycler Module GEN1 on 7 at 7.56 uL/sec
		Aspirating 17.5 uL from F3 of Thermo-Fast 96 Well Plate 200 µL on Thermocycler Module GEN1 on 7 at 7.56 uL/sec
		Dispensing 17.5 uL into F3 of Thermo-Fast 96 Well Plate 200 µL on Thermocycler Module GEN1 on 7 at 7.56 uL/sec
	Dropping tip into A1 of Opentrons Fixed Trash on 12
	Picking up tip from G3 of Opentrons OT-2 96 Filter Tip Rack 20 µL on 6
	Aspirating 9.0 uL from A3 of Opentrons 24-Well Aluminum Block on Temperature Module GEN1 on 2 at 7.56 uL/sec
	Dispensing 9.0 uL into G3 of Thermo-Fast 96 Well Plate 200 µL on Thermocycler Module GEN1 on 7 at 7.56 uL/sec
	Mixing 3 times with a volume of 17.5 ul
		Aspirating 17.5 uL from G3 of Thermo-Fast 96 Well Plate 200 µL on Thermocycler Module GEN1 on 7 at 7.56 uL/sec
		Dispensing 17.5 uL into G3 of Thermo-Fast 96 Well Plate 200 µL on Thermocycler Module GEN1 on 7 at 7.56 uL/sec
		Aspirating 17.5 uL from G3 of Thermo-Fast 96 Well Plate 200 µL on Thermocycler Module GEN1 on 7 at 7.56 uL/sec
		Dispensing 17.5 uL into G3 of Thermo-Fast 96 Well Plate 200 µL on Thermocycler Module GEN1 on 7 at 7.56 uL/sec
		Aspirating 17.5 uL from G3 of Thermo-Fast 96 Well Plate 200 µL on Thermocycler Module GEN1 on 7 at 7.56 uL/sec
		Dispensing 17.5 uL into G3 of Thermo-Fast 96 Well Plate 200 µL on Thermocycler Module GEN1 on 7 at 7.56 uL/sec
	Dropping tip into A1 of Opentrons Fixed Trash on 12
	Picking up tip from H3 of Opentrons OT-2 96 Filter Tip Rack 20 µL on 6
	Aspirating 9.0 uL from A3 of Opentrons 24-Well Aluminum Block on Temperature Module GEN1 on 2 at 7.56 uL/sec
	Dispensing 9.0 uL into H3 of Thermo-Fast 96 Well Plate 200 µL on Thermocycler Module GEN1 on 7 at 7.56 uL/sec
	Mixing 3 times with a volume of 17.5 ul
		Aspirating 17.5 uL from H3 of Thermo-Fast 96 Well Plate 200 µL on Thermocycler Module GEN1 on 7 at 7.56 uL/sec
		Dispensing 17.5 uL into H3 of Thermo-Fast 96 Well Plate 200 µL on Thermocycler Module GEN1 on 7 at 7.56 uL/sec
		Aspirating 17.5 uL from H3 of Thermo-Fast 96 Well Plate 200 µL on Thermocycler Module GEN1 on 7 at 7.56 uL/sec
		Dispensing 17.5 uL into H3 of Thermo-Fast 96 Well Plate 200 µL on Thermocycler Module GEN1 on 7 at 7.56 uL/sec
		Aspirating 17.5 uL from H3 of Thermo-Fast 96 Well Plate 200 µL on Thermocycler Module GEN1 on 7 at 7.56 uL/sec
		Dispensing 17.5 uL into H3 of Thermo-Fast 96 Well Plate 200 µL on Thermocycler Module GEN1 on 7 at 7.56 uL/sec
	Dropping tip into A1 of Opentrons Fixed Trash on 12
Closing Thermocycler lid
Setting Thermocycler lid temperature to 75.0 °C
Thermocycler starting 1 repetitions of cycle composed of the following steps: [{'temperature': 37, 'hold_time_minutes': 15}]
Thermocycler starting 1 repetitions of cycle composed of the following steps: [{'temperature': 65, 'hold_time_minutes': 30}]
Setting Thermocycler well block temperature to 4.0 °C
Setting Thermocycler lid temperature to 22.0 °C
Opening Thermocycler lid
Fragmentation step is complete
Caught exception: {'message': 'Task was destroyed but it is pending!', 'task': <Task pending name='Task-4' coro=<Poller._poll_forever() running at /Users/dp/Desktop/project/github/opentrons/venv/lib/python3.10/site-packages/opentrons/hardware_control/poller.py:80> wait_for=<Future pending cb=[Task.task_wakeup()]>>}
Caught exception: {'message': 'Task was destroyed but it is pending!', 'task': <Task pending name='Task-3' coro=<Poller._poll_forever() running at /Users/dp/Desktop/project/github/opentrons/venv/lib/python3.10/site-packages/opentrons/hardware_control/poller.py:80> wait_for=<Future pending cb=[Task.task_wakeup()]>>}
Caught exception: {'message': 'Task was destroyed but it is pending!', 'task': <Task pending name='Task-2' coro=<Poller._poll_forever() running at /Users/dp/Desktop/project/github/opentrons/venv/lib/python3.10/site-packages/opentrons/hardware_control/poller.py:80> wait_for=<Future pending cb=[Task.task_wakeup()]>>}
