/Users/dp/Desktop/project/github/opentrons/venv/lib/python3.10/site-packages/opentrons/hardware_control/simulator_setup.py:205: UserWarning: Simulator configuration does not name a machine, defaulting to OT-2 Standard
  warn(
/Users/dp/.opentrons/robot_settings.json not found. Loading defaults
Deck calibration not found.
/Users/dp/.opentrons/deck_calibration.json not found. Loading defaults
Picking up tip from A1 of 20uL Tips on 4
Aspirating 12.0 uL from A1 of PCR Strip on PCR Cooler on 2 at 7.6 uL/sec
Dispensing 2.0 uL into A1 of Labcon Plate on PCR Cooler on 1 at 7.6 uL/sec
Dispensing 2.0 uL into A2 of Labcon Plate on PCR Cooler on 1 at 7.6 uL/sec
Dispensing 2.0 uL into A3 of Labcon Plate on PCR Cooler on 1 at 7.6 uL/sec
Dispensing 2.0 uL into A4 of Labcon Plate on PCR Cooler on 1 at 7.6 uL/sec
Dispensing 2.0 uL into A5 of Labcon Plate on PCR Cooler on 1 at 7.6 uL/sec
Dispensing 2.0 uL into A6 of Labcon Plate on PCR Cooler on 1 at 7.6 uL/sec
Aspirating 12.0 uL from A1 of PCR Strip on PCR Cooler on 2 at 7.6 uL/sec
Dispensing 2.0 uL into A7 of Labcon Plate on PCR Cooler on 1 at 7.6 uL/sec
Dispensing 2.0 uL into A8 of Labcon Plate on PCR Cooler on 1 at 7.6 uL/sec
Dispensing 2.0 uL into A9 of Labcon Plate on PCR Cooler on 1 at 7.6 uL/sec
Dispensing 2.0 uL into A10 of Labcon Plate on PCR Cooler on 1 at 7.6 uL/sec
Dispensing 2.0 uL into A11 of Labcon Plate on PCR Cooler on 1 at 7.6 uL/sec
Dispensing 2.0 uL into A12 of Labcon Plate on PCR Cooler on 1 at 7.6 uL/sec
Dropping tip into A1 of Opentrons Fixed Trash on 12
Picking up tip from A2 of 20uL Tips on 4
Transferring 8.0 from A1 of sample plate on 3 to A1 of Labcon Plate on PCR Cooler on 1
	Aspirating 8.0 uL from A1 of sample plate on 3 at 7.6 uL/sec
	Dispensing 8.0 uL into A1 of Labcon Plate on PCR Cooler on 1 at 7.6 uL/sec
Blowing out at A1 of Labcon Plate on PCR Cooler on 1
Dropping tip into A1 of Opentrons Fixed Trash on 12
Picking up tip from A3 of 20uL Tips on 4
Transferring 8.0 from A2 of sample plate on 3 to A2 of Labcon Plate on PCR Cooler on 1
	Aspirating 8.0 uL from A2 of sample plate on 3 at 7.6 uL/sec
	Dispensing 8.0 uL into A2 of Labcon Plate on PCR Cooler on 1 at 7.6 uL/sec
Blowing out at A2 of Labcon Plate on PCR Cooler on 1
Dropping tip into A1 of Opentrons Fixed Trash on 12
Picking up tip from A4 of 20uL Tips on 4
Transferring 8.0 from A3 of sample plate on 3 to A3 of Labcon Plate on PCR Cooler on 1
	Aspirating 8.0 uL from A3 of sample plate on 3 at 7.6 uL/sec
	Dispensing 8.0 uL into A3 of Labcon Plate on PCR Cooler on 1 at 7.6 uL/sec
Blowing out at A3 of Labcon Plate on PCR Cooler on 1
Dropping tip into A1 of Opentrons Fixed Trash on 12
Picking up tip from A5 of 20uL Tips on 4
Transferring 8.0 from A4 of sample plate on 3 to A4 of Labcon Plate on PCR Cooler on 1
	Aspirating 8.0 uL from A4 of sample plate on 3 at 7.6 uL/sec
	Dispensing 8.0 uL into A4 of Labcon Plate on PCR Cooler on 1 at 7.6 uL/sec
Blowing out at A4 of Labcon Plate on PCR Cooler on 1
Dropping tip into A1 of Opentrons Fixed Trash on 12
Picking up tip from A6 of 20uL Tips on 4
Transferring 8.0 from A5 of sample plate on 3 to A5 of Labcon Plate on PCR Cooler on 1
	Aspirating 8.0 uL from A5 of sample plate on 3 at 7.6 uL/sec
	Dispensing 8.0 uL into A5 of Labcon Plate on PCR Cooler on 1 at 7.6 uL/sec
Blowing out at A5 of Labcon Plate on PCR Cooler on 1
Dropping tip into A1 of Opentrons Fixed Trash on 12
Picking up tip from A7 of 20uL Tips on 4
Transferring 8.0 from A6 of sample plate on 3 to A6 of Labcon Plate on PCR Cooler on 1
	Aspirating 8.0 uL from A6 of sample plate on 3 at 7.6 uL/sec
	Dispensing 8.0 uL into A6 of Labcon Plate on PCR Cooler on 1 at 7.6 uL/sec
Blowing out at A6 of Labcon Plate on PCR Cooler on 1
Dropping tip into A1 of Opentrons Fixed Trash on 12
Picking up tip from A8 of 20uL Tips on 4
Transferring 8.0 from A7 of sample plate on 3 to A7 of Labcon Plate on PCR Cooler on 1
	Aspirating 8.0 uL from A7 of sample plate on 3 at 7.6 uL/sec
	Dispensing 8.0 uL into A7 of Labcon Plate on PCR Cooler on 1 at 7.6 uL/sec
Blowing out at A7 of Labcon Plate on PCR Cooler on 1
Dropping tip into A1 of Opentrons Fixed Trash on 12
Picking up tip from A9 of 20uL Tips on 4
Transferring 8.0 from A8 of sample plate on 3 to A8 of Labcon Plate on PCR Cooler on 1
	Aspirating 8.0 uL from A8 of sample plate on 3 at 7.6 uL/sec
	Dispensing 8.0 uL into A8 of Labcon Plate on PCR Cooler on 1 at 7.6 uL/sec
Blowing out at A8 of Labcon Plate on PCR Cooler on 1
Dropping tip into A1 of Opentrons Fixed Trash on 12
Picking up tip from A10 of 20uL Tips on 4
Transferring 8.0 from A9 of sample plate on 3 to A9 of Labcon Plate on PCR Cooler on 1
	Aspirating 8.0 uL from A9 of sample plate on 3 at 7.6 uL/sec
	Dispensing 8.0 uL into A9 of Labcon Plate on PCR Cooler on 1 at 7.6 uL/sec
Blowing out at A9 of Labcon Plate on PCR Cooler on 1
Dropping tip into A1 of Opentrons Fixed Trash on 12
Picking up tip from A11 of 20uL Tips on 4
Transferring 8.0 from A10 of sample plate on 3 to A10 of Labcon Plate on PCR Cooler on 1
	Aspirating 8.0 uL from A10 of sample plate on 3 at 7.6 uL/sec
	Dispensing 8.0 uL into A10 of Labcon Plate on PCR Cooler on 1 at 7.6 uL/sec
Blowing out at A10 of Labcon Plate on PCR Cooler on 1
Dropping tip into A1 of Opentrons Fixed Trash on 12
Picking up tip from A12 of 20uL Tips on 4
Transferring 8.0 from A11 of sample plate on 3 to A11 of Labcon Plate on PCR Cooler on 1
	Aspirating 8.0 uL from A11 of sample plate on 3 at 7.6 uL/sec
	Dispensing 8.0 uL into A11 of Labcon Plate on PCR Cooler on 1 at 7.6 uL/sec
Blowing out at A11 of Labcon Plate on PCR Cooler on 1
Dropping tip into A1 of Opentrons Fixed Trash on 12
Picking up tip from A1 of 20uL Tips on 5
Transferring 8.0 from A12 of sample plate on 3 to A12 of Labcon Plate on PCR Cooler on 1
	Aspirating 8.0 uL from A12 of sample plate on 3 at 7.6 uL/sec
	Dispensing 8.0 uL into A12 of Labcon Plate on PCR Cooler on 1 at 7.6 uL/sec
Blowing out at A12 of Labcon Plate on PCR Cooler on 1
Dropping tip into A1 of Opentrons Fixed Trash on 12
Pausing robot operation: Part 1/4 (HYB), plate 1 now complete.             Please remove plate from Slot 1 and run on PCR program. You may             now load new materials (PCR plate, Sample plate, Mastermix) into             the robot. When ready to fill the next plate, click RESUME.
Picking up tip from A2 of 20uL Tips on 5
Aspirating 12.0 uL from A1 of PCR Strip on PCR Cooler on 2 at 7.6 uL/sec
Dispensing 2.0 uL into A1 of Labcon Plate on PCR Cooler on 1 at 7.6 uL/sec
Dispensing 2.0 uL into A2 of Labcon Plate on PCR Cooler on 1 at 7.6 uL/sec
Dispensing 2.0 uL into A3 of Labcon Plate on PCR Cooler on 1 at 7.6 uL/sec
Dispensing 2.0 uL into A4 of Labcon Plate on PCR Cooler on 1 at 7.6 uL/sec
Dispensing 2.0 uL into A5 of Labcon Plate on PCR Cooler on 1 at 7.6 uL/sec
Dispensing 2.0 uL into A6 of Labcon Plate on PCR Cooler on 1 at 7.6 uL/sec
Aspirating 12.0 uL from A1 of PCR Strip on PCR Cooler on 2 at 7.6 uL/sec
Dispensing 2.0 uL into A7 of Labcon Plate on PCR Cooler on 1 at 7.6 uL/sec
Dispensing 2.0 uL into A8 of Labcon Plate on PCR Cooler on 1 at 7.6 uL/sec
Dispensing 2.0 uL into A9 of Labcon Plate on PCR Cooler on 1 at 7.6 uL/sec
Dispensing 2.0 uL into A10 of Labcon Plate on PCR Cooler on 1 at 7.6 uL/sec
Dispensing 2.0 uL into A11 of Labcon Plate on PCR Cooler on 1 at 7.6 uL/sec
Dispensing 2.0 uL into A12 of Labcon Plate on PCR Cooler on 1 at 7.6 uL/sec
Dropping tip into A1 of Opentrons Fixed Trash on 12
Picking up tip from A3 of 20uL Tips on 5
Transferring 8.0 from A1 of sample plate on 3 to A1 of Labcon Plate on PCR Cooler on 1
	Aspirating 8.0 uL from A1 of sample plate on 3 at 7.6 uL/sec
	Dispensing 8.0 uL into A1 of Labcon Plate on PCR Cooler on 1 at 7.6 uL/sec
Blowing out at A1 of Labcon Plate on PCR Cooler on 1
Dropping tip into A1 of Opentrons Fixed Trash on 12
Picking up tip from A4 of 20uL Tips on 5
Transferring 8.0 from A2 of sample plate on 3 to A2 of Labcon Plate on PCR Cooler on 1
	Aspirating 8.0 uL from A2 of sample plate on 3 at 7.6 uL/sec
	Dispensing 8.0 uL into A2 of Labcon Plate on PCR Cooler on 1 at 7.6 uL/sec
Blowing out at A2 of Labcon Plate on PCR Cooler on 1
Dropping tip into A1 of Opentrons Fixed Trash on 12
Picking up tip from A5 of 20uL Tips on 5
Transferring 8.0 from A3 of sample plate on 3 to A3 of Labcon Plate on PCR Cooler on 1
	Aspirating 8.0 uL from A3 of sample plate on 3 at 7.6 uL/sec
	Dispensing 8.0 uL into A3 of Labcon Plate on PCR Cooler on 1 at 7.6 uL/sec
Blowing out at A3 of Labcon Plate on PCR Cooler on 1
Dropping tip into A1 of Opentrons Fixed Trash on 12
Picking up tip from A6 of 20uL Tips on 5
Transferring 8.0 from A4 of sample plate on 3 to A4 of Labcon Plate on PCR Cooler on 1
	Aspirating 8.0 uL from A4 of sample plate on 3 at 7.6 uL/sec
	Dispensing 8.0 uL into A4 of Labcon Plate on PCR Cooler on 1 at 7.6 uL/sec
Blowing out at A4 of Labcon Plate on PCR Cooler on 1
Dropping tip into A1 of Opentrons Fixed Trash on 12
Picking up tip from A7 of 20uL Tips on 5
Transferring 8.0 from A5 of sample plate on 3 to A5 of Labcon Plate on PCR Cooler on 1
	Aspirating 8.0 uL from A5 of sample plate on 3 at 7.6 uL/sec
	Dispensing 8.0 uL into A5 of Labcon Plate on PCR Cooler on 1 at 7.6 uL/sec
Blowing out at A5 of Labcon Plate on PCR Cooler on 1
Dropping tip into A1 of Opentrons Fixed Trash on 12
Picking up tip from A8 of 20uL Tips on 5
Transferring 8.0 from A6 of sample plate on 3 to A6 of Labcon Plate on PCR Cooler on 1
	Aspirating 8.0 uL from A6 of sample plate on 3 at 7.6 uL/sec
	Dispensing 8.0 uL into A6 of Labcon Plate on PCR Cooler on 1 at 7.6 uL/sec
Blowing out at A6 of Labcon Plate on PCR Cooler on 1
Dropping tip into A1 of Opentrons Fixed Trash on 12
Picking up tip from A9 of 20uL Tips on 5
Transferring 8.0 from A7 of sample plate on 3 to A7 of Labcon Plate on PCR Cooler on 1
	Aspirating 8.0 uL from A7 of sample plate on 3 at 7.6 uL/sec
	Dispensing 8.0 uL into A7 of Labcon Plate on PCR Cooler on 1 at 7.6 uL/sec
Blowing out at A7 of Labcon Plate on PCR Cooler on 1
Dropping tip into A1 of Opentrons Fixed Trash on 12
Picking up tip from A10 of 20uL Tips on 5
Transferring 8.0 from A8 of sample plate on 3 to A8 of Labcon Plate on PCR Cooler on 1
	Aspirating 8.0 uL from A8 of sample plate on 3 at 7.6 uL/sec
	Dispensing 8.0 uL into A8 of Labcon Plate on PCR Cooler on 1 at 7.6 uL/sec
Blowing out at A8 of Labcon Plate on PCR Cooler on 1
Dropping tip into A1 of Opentrons Fixed Trash on 12
Picking up tip from A11 of 20uL Tips on 5
Transferring 8.0 from A9 of sample plate on 3 to A9 of Labcon Plate on PCR Cooler on 1
	Aspirating 8.0 uL from A9 of sample plate on 3 at 7.6 uL/sec
	Dispensing 8.0 uL into A9 of Labcon Plate on PCR Cooler on 1 at 7.6 uL/sec
Blowing out at A9 of Labcon Plate on PCR Cooler on 1
Dropping tip into A1 of Opentrons Fixed Trash on 12
Picking up tip from A12 of 20uL Tips on 5
Transferring 8.0 from A10 of sample plate on 3 to A10 of Labcon Plate on PCR Cooler on 1
	Aspirating 8.0 uL from A10 of sample plate on 3 at 7.6 uL/sec
	Dispensing 8.0 uL into A10 of Labcon Plate on PCR Cooler on 1 at 7.6 uL/sec
Blowing out at A10 of Labcon Plate on PCR Cooler on 1
Dropping tip into A1 of Opentrons Fixed Trash on 12
Picking up tip from A1 of 20uL Tips on 6
Transferring 8.0 from A11 of sample plate on 3 to A11 of Labcon Plate on PCR Cooler on 1
	Aspirating 8.0 uL from A11 of sample plate on 3 at 7.6 uL/sec
	Dispensing 8.0 uL into A11 of Labcon Plate on PCR Cooler on 1 at 7.6 uL/sec
Blowing out at A11 of Labcon Plate on PCR Cooler on 1
Dropping tip into A1 of Opentrons Fixed Trash on 12
Picking up tip from A2 of 20uL Tips on 6
Transferring 8.0 from A12 of sample plate on 3 to A12 of Labcon Plate on PCR Cooler on 1
	Aspirating 8.0 uL from A12 of sample plate on 3 at 7.6 uL/sec
	Dispensing 8.0 uL into A12 of Labcon Plate on PCR Cooler on 1 at 7.6 uL/sec
Blowing out at A12 of Labcon Plate on PCR Cooler on 1
Dropping tip into A1 of Opentrons Fixed Trash on 12
Pausing robot operation: Part 1/4 (HYB), plate 2 now complete.             Please remove plate from Slot 1 and run on PCR program. You may             now load new materials (PCR plate, Sample plate, Mastermix) into             the robot. When ready to fill the next plate, click RESUME.
Picking up tip from A3 of 20uL Tips on 6
Aspirating 12.0 uL from A1 of PCR Strip on PCR Cooler on 2 at 7.6 uL/sec
Dispensing 2.0 uL into A1 of Labcon Plate on PCR Cooler on 1 at 7.6 uL/sec
Dispensing 2.0 uL into A2 of Labcon Plate on PCR Cooler on 1 at 7.6 uL/sec
Dispensing 2.0 uL into A3 of Labcon Plate on PCR Cooler on 1 at 7.6 uL/sec
Dispensing 2.0 uL into A4 of Labcon Plate on PCR Cooler on 1 at 7.6 uL/sec
Dispensing 2.0 uL into A5 of Labcon Plate on PCR Cooler on 1 at 7.6 uL/sec
Dispensing 2.0 uL into A6 of Labcon Plate on PCR Cooler on 1 at 7.6 uL/sec
Aspirating 12.0 uL from A1 of PCR Strip on PCR Cooler on 2 at 7.6 uL/sec
Dispensing 2.0 uL into A7 of Labcon Plate on PCR Cooler on 1 at 7.6 uL/sec
Dispensing 2.0 uL into A8 of Labcon Plate on PCR Cooler on 1 at 7.6 uL/sec
Dispensing 2.0 uL into A9 of Labcon Plate on PCR Cooler on 1 at 7.6 uL/sec
Dispensing 2.0 uL into A10 of Labcon Plate on PCR Cooler on 1 at 7.6 uL/sec
Dispensing 2.0 uL into A11 of Labcon Plate on PCR Cooler on 1 at 7.6 uL/sec
Dispensing 2.0 uL into A12 of Labcon Plate on PCR Cooler on 1 at 7.6 uL/sec
Dropping tip into A1 of Opentrons Fixed Trash on 12
Picking up tip from A4 of 20uL Tips on 6
Transferring 8.0 from A1 of sample plate on 3 to A1 of Labcon Plate on PCR Cooler on 1
	Aspirating 8.0 uL from A1 of sample plate on 3 at 7.6 uL/sec
	Dispensing 8.0 uL into A1 of Labcon Plate on PCR Cooler on 1 at 7.6 uL/sec
Blowing out at A1 of Labcon Plate on PCR Cooler on 1
Dropping tip into A1 of Opentrons Fixed Trash on 12
Picking up tip from A5 of 20uL Tips on 6
Transferring 8.0 from A2 of sample plate on 3 to A2 of Labcon Plate on PCR Cooler on 1
	Aspirating 8.0 uL from A2 of sample plate on 3 at 7.6 uL/sec
	Dispensing 8.0 uL into A2 of Labcon Plate on PCR Cooler on 1 at 7.6 uL/sec
Blowing out at A2 of Labcon Plate on PCR Cooler on 1
Dropping tip into A1 of Opentrons Fixed Trash on 12
Picking up tip from A6 of 20uL Tips on 6
Transferring 8.0 from A3 of sample plate on 3 to A3 of Labcon Plate on PCR Cooler on 1
	Aspirating 8.0 uL from A3 of sample plate on 3 at 7.6 uL/sec
	Dispensing 8.0 uL into A3 of Labcon Plate on PCR Cooler on 1 at 7.6 uL/sec
Blowing out at A3 of Labcon Plate on PCR Cooler on 1
Dropping tip into A1 of Opentrons Fixed Trash on 12
Picking up tip from A7 of 20uL Tips on 6
Transferring 8.0 from A4 of sample plate on 3 to A4 of Labcon Plate on PCR Cooler on 1
	Aspirating 8.0 uL from A4 of sample plate on 3 at 7.6 uL/sec
	Dispensing 8.0 uL into A4 of Labcon Plate on PCR Cooler on 1 at 7.6 uL/sec
Blowing out at A4 of Labcon Plate on PCR Cooler on 1
Dropping tip into A1 of Opentrons Fixed Trash on 12
Picking up tip from A8 of 20uL Tips on 6
Transferring 8.0 from A5 of sample plate on 3 to A5 of Labcon Plate on PCR Cooler on 1
	Aspirating 8.0 uL from A5 of sample plate on 3 at 7.6 uL/sec
	Dispensing 8.0 uL into A5 of Labcon Plate on PCR Cooler on 1 at 7.6 uL/sec
Blowing out at A5 of Labcon Plate on PCR Cooler on 1
Dropping tip into A1 of Opentrons Fixed Trash on 12
Picking up tip from A9 of 20uL Tips on 6
Transferring 8.0 from A6 of sample plate on 3 to A6 of Labcon Plate on PCR Cooler on 1
	Aspirating 8.0 uL from A6 of sample plate on 3 at 7.6 uL/sec
	Dispensing 8.0 uL into A6 of Labcon Plate on PCR Cooler on 1 at 7.6 uL/sec
Blowing out at A6 of Labcon Plate on PCR Cooler on 1
Dropping tip into A1 of Opentrons Fixed Trash on 12
Picking up tip from A10 of 20uL Tips on 6
Transferring 8.0 from A7 of sample plate on 3 to A7 of Labcon Plate on PCR Cooler on 1
	Aspirating 8.0 uL from A7 of sample plate on 3 at 7.6 uL/sec
	Dispensing 8.0 uL into A7 of Labcon Plate on PCR Cooler on 1 at 7.6 uL/sec
Blowing out at A7 of Labcon Plate on PCR Cooler on 1
Dropping tip into A1 of Opentrons Fixed Trash on 12
Picking up tip from A11 of 20uL Tips on 6
Transferring 8.0 from A8 of sample plate on 3 to A8 of Labcon Plate on PCR Cooler on 1
	Aspirating 8.0 uL from A8 of sample plate on 3 at 7.6 uL/sec
	Dispensing 8.0 uL into A8 of Labcon Plate on PCR Cooler on 1 at 7.6 uL/sec
Blowing out at A8 of Labcon Plate on PCR Cooler on 1
Dropping tip into A1 of Opentrons Fixed Trash on 12
Picking up tip from A12 of 20uL Tips on 6
Transferring 8.0 from A9 of sample plate on 3 to A9 of Labcon Plate on PCR Cooler on 1
	Aspirating 8.0 uL from A9 of sample plate on 3 at 7.6 uL/sec
	Dispensing 8.0 uL into A9 of Labcon Plate on PCR Cooler on 1 at 7.6 uL/sec
Blowing out at A9 of Labcon Plate on PCR Cooler on 1
Dropping tip into A1 of Opentrons Fixed Trash on 12
Picking up tip from A1 of 20uL Tips on 7
Transferring 8.0 from A10 of sample plate on 3 to A10 of Labcon Plate on PCR Cooler on 1
	Aspirating 8.0 uL from A10 of sample plate on 3 at 7.6 uL/sec
	Dispensing 8.0 uL into A10 of Labcon Plate on PCR Cooler on 1 at 7.6 uL/sec
Blowing out at A10 of Labcon Plate on PCR Cooler on 1
Dropping tip into A1 of Opentrons Fixed Trash on 12
Picking up tip from A2 of 20uL Tips on 7
Transferring 8.0 from A11 of sample plate on 3 to A11 of Labcon Plate on PCR Cooler on 1
	Aspirating 8.0 uL from A11 of sample plate on 3 at 7.6 uL/sec
	Dispensing 8.0 uL into A11 of Labcon Plate on PCR Cooler on 1 at 7.6 uL/sec
Blowing out at A11 of Labcon Plate on PCR Cooler on 1
Dropping tip into A1 of Opentrons Fixed Trash on 12
Picking up tip from A3 of 20uL Tips on 7
Transferring 8.0 from A12 of sample plate on 3 to A12 of Labcon Plate on PCR Cooler on 1
	Aspirating 8.0 uL from A12 of sample plate on 3 at 7.6 uL/sec
	Dispensing 8.0 uL into A12 of Labcon Plate on PCR Cooler on 1 at 7.6 uL/sec
Blowing out at A12 of Labcon Plate on PCR Cooler on 1
Dropping tip into A1 of Opentrons Fixed Trash on 12
Pausing robot operation: Part 1/4 (HYB), plate 3 now complete.             Please remove plate from Slot 1 and run on PCR program. You may             now load new materials (PCR plate, Sample plate, Mastermix) into             the robot. When ready to fill the next plate, click RESUME.
Picking up tip from A4 of 20uL Tips on 7
Aspirating 12.0 uL from A1 of PCR Strip on PCR Cooler on 2 at 7.6 uL/sec
Dispensing 2.0 uL into A1 of Labcon Plate on PCR Cooler on 1 at 7.6 uL/sec
Dispensing 2.0 uL into A2 of Labcon Plate on PCR Cooler on 1 at 7.6 uL/sec
Dispensing 2.0 uL into A3 of Labcon Plate on PCR Cooler on 1 at 7.6 uL/sec
Dispensing 2.0 uL into A4 of Labcon Plate on PCR Cooler on 1 at 7.6 uL/sec
Dispensing 2.0 uL into A5 of Labcon Plate on PCR Cooler on 1 at 7.6 uL/sec
Dispensing 2.0 uL into A6 of Labcon Plate on PCR Cooler on 1 at 7.6 uL/sec
Aspirating 12.0 uL from A1 of PCR Strip on PCR Cooler on 2 at 7.6 uL/sec
Dispensing 2.0 uL into A7 of Labcon Plate on PCR Cooler on 1 at 7.6 uL/sec
Dispensing 2.0 uL into A8 of Labcon Plate on PCR Cooler on 1 at 7.6 uL/sec
Dispensing 2.0 uL into A9 of Labcon Plate on PCR Cooler on 1 at 7.6 uL/sec
Dispensing 2.0 uL into A10 of Labcon Plate on PCR Cooler on 1 at 7.6 uL/sec
Dispensing 2.0 uL into A11 of Labcon Plate on PCR Cooler on 1 at 7.6 uL/sec
Dispensing 2.0 uL into A12 of Labcon Plate on PCR Cooler on 1 at 7.6 uL/sec
Dropping tip into A1 of Opentrons Fixed Trash on 12
Picking up tip from A5 of 20uL Tips on 7
Transferring 8.0 from A1 of sample plate on 3 to A1 of Labcon Plate on PCR Cooler on 1
	Aspirating 8.0 uL from A1 of sample plate on 3 at 7.6 uL/sec
	Dispensing 8.0 uL into A1 of Labcon Plate on PCR Cooler on 1 at 7.6 uL/sec
Blowing out at A1 of Labcon Plate on PCR Cooler on 1
Dropping tip into A1 of Opentrons Fixed Trash on 12
Picking up tip from A6 of 20uL Tips on 7
Transferring 8.0 from A2 of sample plate on 3 to A2 of Labcon Plate on PCR Cooler on 1
	Aspirating 8.0 uL from A2 of sample plate on 3 at 7.6 uL/sec
	Dispensing 8.0 uL into A2 of Labcon Plate on PCR Cooler on 1 at 7.6 uL/sec
Blowing out at A2 of Labcon Plate on PCR Cooler on 1
Dropping tip into A1 of Opentrons Fixed Trash on 12
Picking up tip from A7 of 20uL Tips on 7
Transferring 8.0 from A3 of sample plate on 3 to A3 of Labcon Plate on PCR Cooler on 1
	Aspirating 8.0 uL from A3 of sample plate on 3 at 7.6 uL/sec
	Dispensing 8.0 uL into A3 of Labcon Plate on PCR Cooler on 1 at 7.6 uL/sec
Blowing out at A3 of Labcon Plate on PCR Cooler on 1
Dropping tip into A1 of Opentrons Fixed Trash on 12
Picking up tip from A8 of 20uL Tips on 7
Transferring 8.0 from A4 of sample plate on 3 to A4 of Labcon Plate on PCR Cooler on 1
	Aspirating 8.0 uL from A4 of sample plate on 3 at 7.6 uL/sec
	Dispensing 8.0 uL into A4 of Labcon Plate on PCR Cooler on 1 at 7.6 uL/sec
Blowing out at A4 of Labcon Plate on PCR Cooler on 1
Dropping tip into A1 of Opentrons Fixed Trash on 12
Picking up tip from A9 of 20uL Tips on 7
Transferring 8.0 from A5 of sample plate on 3 to A5 of Labcon Plate on PCR Cooler on 1
	Aspirating 8.0 uL from A5 of sample plate on 3 at 7.6 uL/sec
	Dispensing 8.0 uL into A5 of Labcon Plate on PCR Cooler on 1 at 7.6 uL/sec
Blowing out at A5 of Labcon Plate on PCR Cooler on 1
Dropping tip into A1 of Opentrons Fixed Trash on 12
Picking up tip from A10 of 20uL Tips on 7
Transferring 8.0 from A6 of sample plate on 3 to A6 of Labcon Plate on PCR Cooler on 1
	Aspirating 8.0 uL from A6 of sample plate on 3 at 7.6 uL/sec
	Dispensing 8.0 uL into A6 of Labcon Plate on PCR Cooler on 1 at 7.6 uL/sec
Blowing out at A6 of Labcon Plate on PCR Cooler on 1
Dropping tip into A1 of Opentrons Fixed Trash on 12
Picking up tip from A11 of 20uL Tips on 7
Transferring 8.0 from A7 of sample plate on 3 to A7 of Labcon Plate on PCR Cooler on 1
	Aspirating 8.0 uL from A7 of sample plate on 3 at 7.6 uL/sec
	Dispensing 8.0 uL into A7 of Labcon Plate on PCR Cooler on 1 at 7.6 uL/sec
Blowing out at A7 of Labcon Plate on PCR Cooler on 1
Dropping tip into A1 of Opentrons Fixed Trash on 12
Picking up tip from A12 of 20uL Tips on 7
Transferring 8.0 from A8 of sample plate on 3 to A8 of Labcon Plate on PCR Cooler on 1
	Aspirating 8.0 uL from A8 of sample plate on 3 at 7.6 uL/sec
	Dispensing 8.0 uL into A8 of Labcon Plate on PCR Cooler on 1 at 7.6 uL/sec
Blowing out at A8 of Labcon Plate on PCR Cooler on 1
Dropping tip into A1 of Opentrons Fixed Trash on 12
Picking up tip from A1 of 20uL Tips on 8
Transferring 8.0 from A9 of sample plate on 3 to A9 of Labcon Plate on PCR Cooler on 1
	Aspirating 8.0 uL from A9 of sample plate on 3 at 7.6 uL/sec
	Dispensing 8.0 uL into A9 of Labcon Plate on PCR Cooler on 1 at 7.6 uL/sec
Blowing out at A9 of Labcon Plate on PCR Cooler on 1
Dropping tip into A1 of Opentrons Fixed Trash on 12
Picking up tip from A2 of 20uL Tips on 8
Transferring 8.0 from A10 of sample plate on 3 to A10 of Labcon Plate on PCR Cooler on 1
	Aspirating 8.0 uL from A10 of sample plate on 3 at 7.6 uL/sec
	Dispensing 8.0 uL into A10 of Labcon Plate on PCR Cooler on 1 at 7.6 uL/sec
Blowing out at A10 of Labcon Plate on PCR Cooler on 1
Dropping tip into A1 of Opentrons Fixed Trash on 12
Picking up tip from A3 of 20uL Tips on 8
Transferring 8.0 from A11 of sample plate on 3 to A11 of Labcon Plate on PCR Cooler on 1
	Aspirating 8.0 uL from A11 of sample plate on 3 at 7.6 uL/sec
	Dispensing 8.0 uL into A11 of Labcon Plate on PCR Cooler on 1 at 7.6 uL/sec
Blowing out at A11 of Labcon Plate on PCR Cooler on 1
Dropping tip into A1 of Opentrons Fixed Trash on 12
Picking up tip from A4 of 20uL Tips on 8
Transferring 8.0 from A12 of sample plate on 3 to A12 of Labcon Plate on PCR Cooler on 1
	Aspirating 8.0 uL from A12 of sample plate on 3 at 7.6 uL/sec
	Dispensing 8.0 uL into A12 of Labcon Plate on PCR Cooler on 1 at 7.6 uL/sec
Blowing out at A12 of Labcon Plate on PCR Cooler on 1
Dropping tip into A1 of Opentrons Fixed Trash on 12
Part 1/4 (HYB) complete. Please remove plate from             Slot 1 and run on PCR program. When ready, load materials and             run Part 2/4 (GAP) on the OT-2.
Caught exception: {'message': 'Task was destroyed but it is pending!', 'task': <Task pending name='Task-4' coro=<Poller._poll_forever() running at /Users/dp/Desktop/project/github/opentrons/venv/lib/python3.10/site-packages/opentrons/hardware_control/poller.py:80> wait_for=<Future pending cb=[Task.task_wakeup()]>>}
Caught exception: {'message': 'Task was destroyed but it is pending!', 'task': <Task pending name='Task-3' coro=<Poller._poll_forever() running at /Users/dp/Desktop/project/github/opentrons/venv/lib/python3.10/site-packages/opentrons/hardware_control/poller.py:80> wait_for=<Future pending cb=[Task.task_wakeup()]>>}
Caught exception: {'message': 'Task was destroyed but it is pending!', 'task': <Task pending name='Task-2' coro=<Poller._poll_forever() running at /Users/dp/Desktop/project/github/opentrons/venv/lib/python3.10/site-packages/opentrons/hardware_control/poller.py:80> wait_for=<Future pending cb=[Task.task_wakeup()]>>}
