/Users/dp/Desktop/project/github/opentrons/venv/lib/python3.10/site-packages/opentrons/hardware_control/simulator_setup.py:205: UserWarning: Simulator configuration does not name a machine, defaulting to OT-2 Standard
  warn(
/Users/dp/.opentrons/robot_settings.json not found. Loading defaults
Deck calibration not found.
/Users/dp/.opentrons/deck_calibration.json not found. Loading defaults
Picking up tip from A1 of Opentrons OT-2 96 Tip Rack 300 µL on 1
20 uL of liquid
                            used from B1 of Opentrons 24 Tube Rack with Eppendorf 1.5 mL Safe-Lock Snapcap on 3
Pre-Wetting the tip at B1 of Opentrons 24 Tube Rack with Eppendorf 1.5 mL Safe-Lock Snapcap on 3
Aspirating 20.85 uL from B1 of Opentrons 24 Tube Rack with Eppendorf 1.5 mL Safe-Lock Snapcap on 3 at 10.0 uL/sec
Moving to B1 of Opentrons 24 Tube Rack with Eppendorf 1.5 mL Safe-Lock Snapcap on 3
Dispensing 20.85 uL into B1 of Opentrons 24 Tube Rack with Eppendorf 1.5 mL Safe-Lock Snapcap on 3 at 10.0 uL/sec
Moving to B1 of Opentrons 24 Tube Rack with Eppendorf 1.5 mL Safe-Lock Snapcap on 3
41 uL of liquid
                            used from B1 of Opentrons 24 Tube Rack with Eppendorf 1.5 mL Safe-Lock Snapcap on 3
Aspirating 20.85 uL from B1 of Opentrons 24 Tube Rack with Eppendorf 1.5 mL Safe-Lock Snapcap on 3 at 10.0 uL/sec
Delaying for 0 minutes and 2.0 seconds
Moving to B1 of Opentrons 24 Tube Rack with Eppendorf 1.5 mL Safe-Lock Snapcap on 3
Air gap
	Aspirating 10.0 uL from B1 of Opentrons 24 Tube Rack with Eppendorf 1.5 mL Safe-Lock Snapcap on 3 at 10.0 uL/sec
Dispensing 30.85 uL into A1 of NEST 96 Well Plate 100 µL PCR Full Skirt on 6 at 10.0 uL/sec
Delaying for 0 minutes and 2.0 seconds
Moving to A1 of NEST 96 Well Plate 100 µL PCR Full Skirt on 6
62 uL of liquid
                            used from B1 of Opentrons 24 Tube Rack with Eppendorf 1.5 mL Safe-Lock Snapcap on 3
Aspirating 20.85 uL from B1 of Opentrons 24 Tube Rack with Eppendorf 1.5 mL Safe-Lock Snapcap on 3 at 10.0 uL/sec
Delaying for 0 minutes and 2.0 seconds
Moving to B1 of Opentrons 24 Tube Rack with Eppendorf 1.5 mL Safe-Lock Snapcap on 3
Air gap
	Aspirating 10.0 uL from B1 of Opentrons 24 Tube Rack with Eppendorf 1.5 mL Safe-Lock Snapcap on 3 at 10.0 uL/sec
Dispensing 30.85 uL into A1 of NEST 96 Well Plate 100 µL PCR Full Skirt on 6 at 10.0 uL/sec
Delaying for 0 minutes and 2.0 seconds
Moving to A1 of NEST 96 Well Plate 100 µL PCR Full Skirt on 6
Dropping tip into A1 of Opentrons Fixed Trash on 12
Picking up tip from B1 of Opentrons OT-2 96 Tip Rack 300 µL on 1
Pre-Wetting the tip at A1 of Opentrons 24 Tube Rack with Eppendorf 1.5 mL Safe-Lock Snapcap on 3
Aspirating 8.3 uL from A1 of Opentrons 24 Tube Rack with Eppendorf 1.5 mL Safe-Lock Snapcap on 3 at 10.0 uL/sec
Moving to A1 of Opentrons 24 Tube Rack with Eppendorf 1.5 mL Safe-Lock Snapcap on 3
Dispensing 8.3 uL into A1 of Opentrons 24 Tube Rack with Eppendorf 1.5 mL Safe-Lock Snapcap on 3 at 10.0 uL/sec
Moving to A1 of Opentrons 24 Tube Rack with Eppendorf 1.5 mL Safe-Lock Snapcap on 3
Aspirating 8.3 uL from A1 of Opentrons 24 Tube Rack with Eppendorf 1.5 mL Safe-Lock Snapcap on 3 at 10.0 uL/sec
Delaying for 0 minutes and 2.0 seconds
Moving to A1 of Opentrons 24 Tube Rack with Eppendorf 1.5 mL Safe-Lock Snapcap on 3
Air gap
	Aspirating 10.0 uL from A1 of Opentrons 24 Tube Rack with Eppendorf 1.5 mL Safe-Lock Snapcap on 3 at 10.0 uL/sec
Dispensing 18.3 uL into A1 of NEST 96 Well Plate 100 µL PCR Full Skirt on 6 at 10.0 uL/sec
Delaying for 0 minutes and 2.0 seconds
Moving to A1 of NEST 96 Well Plate 100 µL PCR Full Skirt on 6
Mixing 3 times with a volume of 25.0 ul
	Aspirating 25.0 uL from A1 of NEST 96 Well Plate 100 µL PCR Full Skirt on 6 at 10.0 uL/sec
	Dispensing 25.0 uL into A1 of NEST 96 Well Plate 100 µL PCR Full Skirt on 6 at 10.0 uL/sec
	Aspirating 25.0 uL from A1 of NEST 96 Well Plate 100 µL PCR Full Skirt on 6 at 10.0 uL/sec
	Dispensing 25.0 uL into A1 of NEST 96 Well Plate 100 µL PCR Full Skirt on 6 at 10.0 uL/sec
	Aspirating 25.0 uL from A1 of NEST 96 Well Plate 100 µL PCR Full Skirt on 6 at 10.0 uL/sec
	Dispensing 25.0 uL into A1 of NEST 96 Well Plate 100 µL PCR Full Skirt on 6 at 10.0 uL/sec
Moving to A1 of NEST 96 Well Plate 100 µL PCR Full Skirt on 6
Blowing out at A1 of NEST 96 Well Plate 100 µL PCR Full Skirt on 6
Touching tip
Dropping tip into A1 of Opentrons Fixed Trash on 12
Picking up tip from C1 of Opentrons OT-2 96 Tip Rack 300 µL on 1
100 uL of liquid
                            used from B1 of Opentrons 24 Tube Rack with Eppendorf 1.5 mL Safe-Lock Snapcap on 3
Pre-Wetting the tip at B1 of Opentrons 24 Tube Rack with Eppendorf 1.5 mL Safe-Lock Snapcap on 3
Aspirating 37.5 uL from B1 of Opentrons 24 Tube Rack with Eppendorf 1.5 mL Safe-Lock Snapcap on 3 at 10.0 uL/sec
Moving to B1 of Opentrons 24 Tube Rack with Eppendorf 1.5 mL Safe-Lock Snapcap on 3
Dispensing 37.5 uL into B1 of Opentrons 24 Tube Rack with Eppendorf 1.5 mL Safe-Lock Snapcap on 3 at 10.0 uL/sec
Moving to B1 of Opentrons 24 Tube Rack with Eppendorf 1.5 mL Safe-Lock Snapcap on 3
137 uL of liquid
                            used from B1 of Opentrons 24 Tube Rack with Eppendorf 1.5 mL Safe-Lock Snapcap on 3
Aspirating 37.5 uL from B1 of Opentrons 24 Tube Rack with Eppendorf 1.5 mL Safe-Lock Snapcap on 3 at 10.0 uL/sec
Delaying for 0 minutes and 2.0 seconds
Moving to B1 of Opentrons 24 Tube Rack with Eppendorf 1.5 mL Safe-Lock Snapcap on 3
Air gap
	Aspirating 10.0 uL from B1 of Opentrons 24 Tube Rack with Eppendorf 1.5 mL Safe-Lock Snapcap on 3 at 10.0 uL/sec
Dispensing 47.5 uL into A2 of NEST 96 Well Plate 100 µL PCR Full Skirt on 6 at 10.0 uL/sec
Delaying for 0 minutes and 2.0 seconds
Moving to A2 of NEST 96 Well Plate 100 µL PCR Full Skirt on 6
Dropping tip into A1 of Opentrons Fixed Trash on 12
Picking up tip from D1 of Opentrons OT-2 96 Tip Rack 300 µL on 1
Pre-Wetting the tip at A1 of NEST 96 Well Plate 100 µL PCR Full Skirt on 6
Aspirating 12.5 uL from A1 of NEST 96 Well Plate 100 µL PCR Full Skirt on 6 at 10.0 uL/sec
Moving to A1 of NEST 96 Well Plate 100 µL PCR Full Skirt on 6
Dispensing 12.5 uL into A1 of NEST 96 Well Plate 100 µL PCR Full Skirt on 6 at 10.0 uL/sec
Moving to A1 of NEST 96 Well Plate 100 µL PCR Full Skirt on 6
Aspirating 12.5 uL from A1 of NEST 96 Well Plate 100 µL PCR Full Skirt on 6 at 10.0 uL/sec
Delaying for 0 minutes and 2.0 seconds
Moving to A1 of NEST 96 Well Plate 100 µL PCR Full Skirt on 6
Air gap
	Aspirating 10.0 uL from A1 of NEST 96 Well Plate 100 µL PCR Full Skirt on 6 at 10.0 uL/sec
Dispensing 22.5 uL into A2 of NEST 96 Well Plate 100 µL PCR Full Skirt on 6 at 10.0 uL/sec
Delaying for 0 minutes and 2.0 seconds
Moving to A2 of NEST 96 Well Plate 100 µL PCR Full Skirt on 6
Mixing 3 times with a volume of 25.0 ul
	Aspirating 25.0 uL from A2 of NEST 96 Well Plate 100 µL PCR Full Skirt on 6 at 10.0 uL/sec
	Dispensing 25.0 uL into A2 of NEST 96 Well Plate 100 µL PCR Full Skirt on 6 at 10.0 uL/sec
	Aspirating 25.0 uL from A2 of NEST 96 Well Plate 100 µL PCR Full Skirt on 6 at 10.0 uL/sec
	Dispensing 25.0 uL into A2 of NEST 96 Well Plate 100 µL PCR Full Skirt on 6 at 10.0 uL/sec
	Aspirating 25.0 uL from A2 of NEST 96 Well Plate 100 µL PCR Full Skirt on 6 at 10.0 uL/sec
	Dispensing 25.0 uL into A2 of NEST 96 Well Plate 100 µL PCR Full Skirt on 6 at 10.0 uL/sec
Moving to A2 of NEST 96 Well Plate 100 µL PCR Full Skirt on 6
Blowing out at A2 of NEST 96 Well Plate 100 µL PCR Full Skirt on 6
Touching tip
Dropping tip into A1 of Opentrons Fixed Trash on 12
Picking up tip from E1 of Opentrons OT-2 96 Tip Rack 300 µL on 1
160 uL of liquid
                            used from B1 of Opentrons 24 Tube Rack with Eppendorf 1.5 mL Safe-Lock Snapcap on 3
Pre-Wetting the tip at B1 of Opentrons 24 Tube Rack with Eppendorf 1.5 mL Safe-Lock Snapcap on 3
Aspirating 22.5 uL from B1 of Opentrons 24 Tube Rack with Eppendorf 1.5 mL Safe-Lock Snapcap on 3 at 10.0 uL/sec
Moving to B1 of Opentrons 24 Tube Rack with Eppendorf 1.5 mL Safe-Lock Snapcap on 3
Dispensing 22.5 uL into B1 of Opentrons 24 Tube Rack with Eppendorf 1.5 mL Safe-Lock Snapcap on 3 at 10.0 uL/sec
Moving to B1 of Opentrons 24 Tube Rack with Eppendorf 1.5 mL Safe-Lock Snapcap on 3
182 uL of liquid
                            used from B1 of Opentrons 24 Tube Rack with Eppendorf 1.5 mL Safe-Lock Snapcap on 3
Aspirating 22.5 uL from B1 of Opentrons 24 Tube Rack with Eppendorf 1.5 mL Safe-Lock Snapcap on 3 at 10.0 uL/sec
Delaying for 0 minutes and 2.0 seconds
Moving to B1 of Opentrons 24 Tube Rack with Eppendorf 1.5 mL Safe-Lock Snapcap on 3
Air gap
	Aspirating 10.0 uL from B1 of Opentrons 24 Tube Rack with Eppendorf 1.5 mL Safe-Lock Snapcap on 3 at 10.0 uL/sec
Dispensing 32.5 uL into A3 of NEST 96 Well Plate 100 µL PCR Full Skirt on 6 at 10.0 uL/sec
Delaying for 0 minutes and 2.0 seconds
Moving to A3 of NEST 96 Well Plate 100 µL PCR Full Skirt on 6
205 uL of liquid
                            used from B1 of Opentrons 24 Tube Rack with Eppendorf 1.5 mL Safe-Lock Snapcap on 3
Aspirating 22.5 uL from B1 of Opentrons 24 Tube Rack with Eppendorf 1.5 mL Safe-Lock Snapcap on 3 at 10.0 uL/sec
Delaying for 0 minutes and 2.0 seconds
Moving to B1 of Opentrons 24 Tube Rack with Eppendorf 1.5 mL Safe-Lock Snapcap on 3
Air gap
	Aspirating 10.0 uL from B1 of Opentrons 24 Tube Rack with Eppendorf 1.5 mL Safe-Lock Snapcap on 3 at 10.0 uL/sec
Dispensing 32.5 uL into A3 of NEST 96 Well Plate 100 µL PCR Full Skirt on 6 at 10.0 uL/sec
Delaying for 0 minutes and 2.0 seconds
Moving to A3 of NEST 96 Well Plate 100 µL PCR Full Skirt on 6
Dropping tip into A1 of Opentrons Fixed Trash on 12
Picking up tip from F1 of Opentrons OT-2 96 Tip Rack 300 µL on 1
Pre-Wetting the tip at A2 of NEST 96 Well Plate 100 µL PCR Full Skirt on 6
Aspirating 5.0 uL from A2 of NEST 96 Well Plate 100 µL PCR Full Skirt on 6 at 10.0 uL/sec
Moving to A2 of NEST 96 Well Plate 100 µL PCR Full Skirt on 6
Dispensing 5.0 uL into A2 of NEST 96 Well Plate 100 µL PCR Full Skirt on 6 at 10.0 uL/sec
Moving to A2 of NEST 96 Well Plate 100 µL PCR Full Skirt on 6
Aspirating 5.0 uL from A2 of NEST 96 Well Plate 100 µL PCR Full Skirt on 6 at 10.0 uL/sec
Delaying for 0 minutes and 2.0 seconds
Moving to A2 of NEST 96 Well Plate 100 µL PCR Full Skirt on 6
Air gap
	Aspirating 10.0 uL from A2 of NEST 96 Well Plate 100 µL PCR Full Skirt on 6 at 10.0 uL/sec
Dispensing 15.0 uL into A3 of NEST 96 Well Plate 100 µL PCR Full Skirt on 6 at 10.0 uL/sec
Delaying for 0 minutes and 2.0 seconds
Moving to A3 of NEST 96 Well Plate 100 µL PCR Full Skirt on 6
Mixing 3 times with a volume of 25.0 ul
	Aspirating 25.0 uL from A3 of NEST 96 Well Plate 100 µL PCR Full Skirt on 6 at 10.0 uL/sec
	Dispensing 25.0 uL into A3 of NEST 96 Well Plate 100 µL PCR Full Skirt on 6 at 10.0 uL/sec
	Aspirating 25.0 uL from A3 of NEST 96 Well Plate 100 µL PCR Full Skirt on 6 at 10.0 uL/sec
	Dispensing 25.0 uL into A3 of NEST 96 Well Plate 100 µL PCR Full Skirt on 6 at 10.0 uL/sec
	Aspirating 25.0 uL from A3 of NEST 96 Well Plate 100 µL PCR Full Skirt on 6 at 10.0 uL/sec
	Dispensing 25.0 uL into A3 of NEST 96 Well Plate 100 µL PCR Full Skirt on 6 at 10.0 uL/sec
Moving to A3 of NEST 96 Well Plate 100 µL PCR Full Skirt on 6
Blowing out at A3 of NEST 96 Well Plate 100 µL PCR Full Skirt on 6
Touching tip
Dropping tip into A1 of Opentrons Fixed Trash on 12
Picking up tip from G1 of Opentrons OT-2 96 Tip Rack 300 µL on 1
230 uL of liquid
                            used from B1 of Opentrons 24 Tube Rack with Eppendorf 1.5 mL Safe-Lock Snapcap on 3
Pre-Wetting the tip at B1 of Opentrons 24 Tube Rack with Eppendorf 1.5 mL Safe-Lock Snapcap on 3
Aspirating 25.0 uL from B1 of Opentrons 24 Tube Rack with Eppendorf 1.5 mL Safe-Lock Snapcap on 3 at 10.0 uL/sec
Moving to B1 of Opentrons 24 Tube Rack with Eppendorf 1.5 mL Safe-Lock Snapcap on 3
Dispensing 25.0 uL into B1 of Opentrons 24 Tube Rack with Eppendorf 1.5 mL Safe-Lock Snapcap on 3 at 10.0 uL/sec
Moving to B1 of Opentrons 24 Tube Rack with Eppendorf 1.5 mL Safe-Lock Snapcap on 3
255 uL of liquid
                            used from B1 of Opentrons 24 Tube Rack with Eppendorf 1.5 mL Safe-Lock Snapcap on 3
Aspirating 25.0 uL from B1 of Opentrons 24 Tube Rack with Eppendorf 1.5 mL Safe-Lock Snapcap on 3 at 10.0 uL/sec
Delaying for 0 minutes and 2.0 seconds
Moving to B1 of Opentrons 24 Tube Rack with Eppendorf 1.5 mL Safe-Lock Snapcap on 3
Air gap
	Aspirating 10.0 uL from B1 of Opentrons 24 Tube Rack with Eppendorf 1.5 mL Safe-Lock Snapcap on 3 at 10.0 uL/sec
Dispensing 35.0 uL into A4 of NEST 96 Well Plate 100 µL PCR Full Skirt on 6 at 10.0 uL/sec
Delaying for 0 minutes and 2.0 seconds
Moving to A4 of NEST 96 Well Plate 100 µL PCR Full Skirt on 6
Dropping tip into A1 of Opentrons Fixed Trash on 12
Picking up tip from H1 of Opentrons OT-2 96 Tip Rack 300 µL on 1
Pre-Wetting the tip at A3 of NEST 96 Well Plate 100 µL PCR Full Skirt on 6
Aspirating 25.0 uL from A3 of NEST 96 Well Plate 100 µL PCR Full Skirt on 6 at 10.0 uL/sec
Moving to A3 of NEST 96 Well Plate 100 µL PCR Full Skirt on 6
Dispensing 25.0 uL into A3 of NEST 96 Well Plate 100 µL PCR Full Skirt on 6 at 10.0 uL/sec
Moving to A3 of NEST 96 Well Plate 100 µL PCR Full Skirt on 6
Aspirating 25.0 uL from A3 of NEST 96 Well Plate 100 µL PCR Full Skirt on 6 at 10.0 uL/sec
Delaying for 0 minutes and 2.0 seconds
Moving to A3 of NEST 96 Well Plate 100 µL PCR Full Skirt on 6
Air gap
	Aspirating 10.0 uL from A3 of NEST 96 Well Plate 100 µL PCR Full Skirt on 6 at 10.0 uL/sec
Dispensing 35.0 uL into A4 of NEST 96 Well Plate 100 µL PCR Full Skirt on 6 at 10.0 uL/sec
Delaying for 0 minutes and 2.0 seconds
Moving to A4 of NEST 96 Well Plate 100 µL PCR Full Skirt on 6
Mixing 3 times with a volume of 25.0 ul
	Aspirating 25.0 uL from A4 of NEST 96 Well Plate 100 µL PCR Full Skirt on 6 at 10.0 uL/sec
	Dispensing 25.0 uL into A4 of NEST 96 Well Plate 100 µL PCR Full Skirt on 6 at 10.0 uL/sec
	Aspirating 25.0 uL from A4 of NEST 96 Well Plate 100 µL PCR Full Skirt on 6 at 10.0 uL/sec
	Dispensing 25.0 uL into A4 of NEST 96 Well Plate 100 µL PCR Full Skirt on 6 at 10.0 uL/sec
	Aspirating 25.0 uL from A4 of NEST 96 Well Plate 100 µL PCR Full Skirt on 6 at 10.0 uL/sec
	Dispensing 25.0 uL into A4 of NEST 96 Well Plate 100 µL PCR Full Skirt on 6 at 10.0 uL/sec
Moving to A4 of NEST 96 Well Plate 100 µL PCR Full Skirt on 6
Blowing out at A4 of NEST 96 Well Plate 100 µL PCR Full Skirt on 6
Touching tip
Dropping tip into A1 of Opentrons Fixed Trash on 12
Picking up tip from A2 of Opentrons OT-2 96 Tip Rack 300 µL on 1
277 uL of liquid
                            used from B1 of Opentrons 24 Tube Rack with Eppendorf 1.5 mL Safe-Lock Snapcap on 3
Pre-Wetting the tip at B1 of Opentrons 24 Tube Rack with Eppendorf 1.5 mL Safe-Lock Snapcap on 3
Aspirating 22.5 uL from B1 of Opentrons 24 Tube Rack with Eppendorf 1.5 mL Safe-Lock Snapcap on 3 at 10.0 uL/sec
Moving to B1 of Opentrons 24 Tube Rack with Eppendorf 1.5 mL Safe-Lock Snapcap on 3
Dispensing 22.5 uL into B1 of Opentrons 24 Tube Rack with Eppendorf 1.5 mL Safe-Lock Snapcap on 3 at 10.0 uL/sec
Moving to B1 of Opentrons 24 Tube Rack with Eppendorf 1.5 mL Safe-Lock Snapcap on 3
300 uL of liquid
                            used from B1 of Opentrons 24 Tube Rack with Eppendorf 1.5 mL Safe-Lock Snapcap on 3
Aspirating 22.5 uL from B1 of Opentrons 24 Tube Rack with Eppendorf 1.5 mL Safe-Lock Snapcap on 3 at 10.0 uL/sec
Delaying for 0 minutes and 2.0 seconds
Moving to B1 of Opentrons 24 Tube Rack with Eppendorf 1.5 mL Safe-Lock Snapcap on 3
Air gap
	Aspirating 10.0 uL from B1 of Opentrons 24 Tube Rack with Eppendorf 1.5 mL Safe-Lock Snapcap on 3 at 10.0 uL/sec
Dispensing 32.5 uL into B1 of NEST 96 Well Plate 100 µL PCR Full Skirt on 6 at 10.0 uL/sec
Delaying for 0 minutes and 2.0 seconds
Moving to B1 of NEST 96 Well Plate 100 µL PCR Full Skirt on 6
322 uL of liquid
                            used from B1 of Opentrons 24 Tube Rack with Eppendorf 1.5 mL Safe-Lock Snapcap on 3
Aspirating 22.5 uL from B1 of Opentrons 24 Tube Rack with Eppendorf 1.5 mL Safe-Lock Snapcap on 3 at 10.0 uL/sec
Delaying for 0 minutes and 2.0 seconds
Moving to B1 of Opentrons 24 Tube Rack with Eppendorf 1.5 mL Safe-Lock Snapcap on 3
Air gap
	Aspirating 10.0 uL from B1 of Opentrons 24 Tube Rack with Eppendorf 1.5 mL Safe-Lock Snapcap on 3 at 10.0 uL/sec
Dispensing 32.5 uL into B1 of NEST 96 Well Plate 100 µL PCR Full Skirt on 6 at 10.0 uL/sec
Delaying for 0 minutes and 2.0 seconds
Moving to B1 of NEST 96 Well Plate 100 µL PCR Full Skirt on 6
Dropping tip into A1 of Opentrons Fixed Trash on 12
Picking up tip from B2 of Opentrons OT-2 96 Tip Rack 300 µL on 1
Pre-Wetting the tip at A4 of NEST 96 Well Plate 100 µL PCR Full Skirt on 6
Aspirating 5.0 uL from A4 of NEST 96 Well Plate 100 µL PCR Full Skirt on 6 at 10.0 uL/sec
Moving to A4 of NEST 96 Well Plate 100 µL PCR Full Skirt on 6
Dispensing 5.0 uL into A4 of NEST 96 Well Plate 100 µL PCR Full Skirt on 6 at 10.0 uL/sec
Moving to A4 of NEST 96 Well Plate 100 µL PCR Full Skirt on 6
Aspirating 5.0 uL from A4 of NEST 96 Well Plate 100 µL PCR Full Skirt on 6 at 10.0 uL/sec
Delaying for 0 minutes and 2.0 seconds
Moving to A4 of NEST 96 Well Plate 100 µL PCR Full Skirt on 6
Air gap
	Aspirating 10.0 uL from A4 of NEST 96 Well Plate 100 µL PCR Full Skirt on 6 at 10.0 uL/sec
Dispensing 15.0 uL into B1 of NEST 96 Well Plate 100 µL PCR Full Skirt on 6 at 10.0 uL/sec
Delaying for 0 minutes and 2.0 seconds
Moving to B1 of NEST 96 Well Plate 100 µL PCR Full Skirt on 6
Mixing 3 times with a volume of 25.0 ul
	Aspirating 25.0 uL from B1 of NEST 96 Well Plate 100 µL PCR Full Skirt on 6 at 10.0 uL/sec
	Dispensing 25.0 uL into B1 of NEST 96 Well Plate 100 µL PCR Full Skirt on 6 at 10.0 uL/sec
	Aspirating 25.0 uL from B1 of NEST 96 Well Plate 100 µL PCR Full Skirt on 6 at 10.0 uL/sec
	Dispensing 25.0 uL into B1 of NEST 96 Well Plate 100 µL PCR Full Skirt on 6 at 10.0 uL/sec
	Aspirating 25.0 uL from B1 of NEST 96 Well Plate 100 µL PCR Full Skirt on 6 at 10.0 uL/sec
	Dispensing 25.0 uL into B1 of NEST 96 Well Plate 100 µL PCR Full Skirt on 6 at 10.0 uL/sec
Moving to B1 of NEST 96 Well Plate 100 µL PCR Full Skirt on 6
Blowing out at B1 of NEST 96 Well Plate 100 µL PCR Full Skirt on 6
Touching tip
Dropping tip into A1 of Opentrons Fixed Trash on 12
Picking up tip from C2 of Opentrons OT-2 96 Tip Rack 300 µL on 1
360 uL of liquid
                            used from B1 of Opentrons 24 Tube Rack with Eppendorf 1.5 mL Safe-Lock Snapcap on 3
Pre-Wetting the tip at B1 of Opentrons 24 Tube Rack with Eppendorf 1.5 mL Safe-Lock Snapcap on 3
Aspirating 37.5 uL from B1 of Opentrons 24 Tube Rack with Eppendorf 1.5 mL Safe-Lock Snapcap on 3 at 10.0 uL/sec
Moving to B1 of Opentrons 24 Tube Rack with Eppendorf 1.5 mL Safe-Lock Snapcap on 3
Dispensing 37.5 uL into B1 of Opentrons 24 Tube Rack with Eppendorf 1.5 mL Safe-Lock Snapcap on 3 at 10.0 uL/sec
Moving to B1 of Opentrons 24 Tube Rack with Eppendorf 1.5 mL Safe-Lock Snapcap on 3
397 uL of liquid
                            used from B1 of Opentrons 24 Tube Rack with Eppendorf 1.5 mL Safe-Lock Snapcap on 3
Aspirating 37.5 uL from B1 of Opentrons 24 Tube Rack with Eppendorf 1.5 mL Safe-Lock Snapcap on 3 at 10.0 uL/sec
Delaying for 0 minutes and 2.0 seconds
Moving to B1 of Opentrons 24 Tube Rack with Eppendorf 1.5 mL Safe-Lock Snapcap on 3
Air gap
	Aspirating 10.0 uL from B1 of Opentrons 24 Tube Rack with Eppendorf 1.5 mL Safe-Lock Snapcap on 3 at 10.0 uL/sec
Dispensing 47.5 uL into B2 of NEST 96 Well Plate 100 µL PCR Full Skirt on 6 at 10.0 uL/sec
Delaying for 0 minutes and 2.0 seconds
Moving to B2 of NEST 96 Well Plate 100 µL PCR Full Skirt on 6
Dropping tip into A1 of Opentrons Fixed Trash on 12
Picking up tip from D2 of Opentrons OT-2 96 Tip Rack 300 µL on 1
Pre-Wetting the tip at B1 of NEST 96 Well Plate 100 µL PCR Full Skirt on 6
Aspirating 12.5 uL from B1 of NEST 96 Well Plate 100 µL PCR Full Skirt on 6 at 10.0 uL/sec
Moving to B1 of NEST 96 Well Plate 100 µL PCR Full Skirt on 6
Dispensing 12.5 uL into B1 of NEST 96 Well Plate 100 µL PCR Full Skirt on 6 at 10.0 uL/sec
Moving to B1 of NEST 96 Well Plate 100 µL PCR Full Skirt on 6
Aspirating 12.5 uL from B1 of NEST 96 Well Plate 100 µL PCR Full Skirt on 6 at 10.0 uL/sec
Delaying for 0 minutes and 2.0 seconds
Moving to B1 of NEST 96 Well Plate 100 µL PCR Full Skirt on 6
Air gap
	Aspirating 10.0 uL from B1 of NEST 96 Well Plate 100 µL PCR Full Skirt on 6 at 10.0 uL/sec
Dispensing 22.5 uL into B2 of NEST 96 Well Plate 100 µL PCR Full Skirt on 6 at 10.0 uL/sec
Delaying for 0 minutes and 2.0 seconds
Moving to B2 of NEST 96 Well Plate 100 µL PCR Full Skirt on 6
Mixing 3 times with a volume of 25.0 ul
	Aspirating 25.0 uL from B2 of NEST 96 Well Plate 100 µL PCR Full Skirt on 6 at 10.0 uL/sec
	Dispensing 25.0 uL into B2 of NEST 96 Well Plate 100 µL PCR Full Skirt on 6 at 10.0 uL/sec
	Aspirating 25.0 uL from B2 of NEST 96 Well Plate 100 µL PCR Full Skirt on 6 at 10.0 uL/sec
	Dispensing 25.0 uL into B2 of NEST 96 Well Plate 100 µL PCR Full Skirt on 6 at 10.0 uL/sec
	Aspirating 25.0 uL from B2 of NEST 96 Well Plate 100 µL PCR Full Skirt on 6 at 10.0 uL/sec
	Dispensing 25.0 uL into B2 of NEST 96 Well Plate 100 µL PCR Full Skirt on 6 at 10.0 uL/sec
Moving to B2 of NEST 96 Well Plate 100 µL PCR Full Skirt on 6
Blowing out at B2 of NEST 96 Well Plate 100 µL PCR Full Skirt on 6
Touching tip
Dropping tip into A1 of Opentrons Fixed Trash on 12
Picking up tip from E2 of Opentrons OT-2 96 Tip Rack 300 µL on 1
435 uL of liquid
                            used from B1 of Opentrons 24 Tube Rack with Eppendorf 1.5 mL Safe-Lock Snapcap on 3
Pre-Wetting the tip at B1 of Opentrons 24 Tube Rack with Eppendorf 1.5 mL Safe-Lock Snapcap on 3
Aspirating 37.5 uL from B1 of Opentrons 24 Tube Rack with Eppendorf 1.5 mL Safe-Lock Snapcap on 3 at 10.0 uL/sec
Moving to B1 of Opentrons 24 Tube Rack with Eppendorf 1.5 mL Safe-Lock Snapcap on 3
Dispensing 37.5 uL into B1 of Opentrons 24 Tube Rack with Eppendorf 1.5 mL Safe-Lock Snapcap on 3 at 10.0 uL/sec
Moving to B1 of Opentrons 24 Tube Rack with Eppendorf 1.5 mL Safe-Lock Snapcap on 3
472 uL of liquid
                            used from B1 of Opentrons 24 Tube Rack with Eppendorf 1.5 mL Safe-Lock Snapcap on 3
Aspirating 37.5 uL from B1 of Opentrons 24 Tube Rack with Eppendorf 1.5 mL Safe-Lock Snapcap on 3 at 10.0 uL/sec
Delaying for 0 minutes and 2.0 seconds
Moving to B1 of Opentrons 24 Tube Rack with Eppendorf 1.5 mL Safe-Lock Snapcap on 3
Air gap
	Aspirating 10.0 uL from B1 of Opentrons 24 Tube Rack with Eppendorf 1.5 mL Safe-Lock Snapcap on 3 at 10.0 uL/sec
Dispensing 47.5 uL into B3 of NEST 96 Well Plate 100 µL PCR Full Skirt on 6 at 10.0 uL/sec
Delaying for 0 minutes and 2.0 seconds
Moving to B3 of NEST 96 Well Plate 100 µL PCR Full Skirt on 6
Dropping tip into A1 of Opentrons Fixed Trash on 12
Picking up tip from F2 of Opentrons OT-2 96 Tip Rack 300 µL on 1
Pre-Wetting the tip at B2 of NEST 96 Well Plate 100 µL PCR Full Skirt on 6
Aspirating 12.5 uL from B2 of NEST 96 Well Plate 100 µL PCR Full Skirt on 6 at 10.0 uL/sec
Moving to B2 of NEST 96 Well Plate 100 µL PCR Full Skirt on 6
Dispensing 12.5 uL into B2 of NEST 96 Well Plate 100 µL PCR Full Skirt on 6 at 10.0 uL/sec
Moving to B2 of NEST 96 Well Plate 100 µL PCR Full Skirt on 6
Aspirating 12.5 uL from B2 of NEST 96 Well Plate 100 µL PCR Full Skirt on 6 at 10.0 uL/sec
Delaying for 0 minutes and 2.0 seconds
Moving to B2 of NEST 96 Well Plate 100 µL PCR Full Skirt on 6
Air gap
	Aspirating 10.0 uL from B2 of NEST 96 Well Plate 100 µL PCR Full Skirt on 6 at 10.0 uL/sec
Dispensing 22.5 uL into B3 of NEST 96 Well Plate 100 µL PCR Full Skirt on 6 at 10.0 uL/sec
Delaying for 0 minutes and 2.0 seconds
Moving to B3 of NEST 96 Well Plate 100 µL PCR Full Skirt on 6
Mixing 3 times with a volume of 25.0 ul
	Aspirating 25.0 uL from B3 of NEST 96 Well Plate 100 µL PCR Full Skirt on 6 at 10.0 uL/sec
	Dispensing 25.0 uL into B3 of NEST 96 Well Plate 100 µL PCR Full Skirt on 6 at 10.0 uL/sec
	Aspirating 25.0 uL from B3 of NEST 96 Well Plate 100 µL PCR Full Skirt on 6 at 10.0 uL/sec
	Dispensing 25.0 uL into B3 of NEST 96 Well Plate 100 µL PCR Full Skirt on 6 at 10.0 uL/sec
	Aspirating 25.0 uL from B3 of NEST 96 Well Plate 100 µL PCR Full Skirt on 6 at 10.0 uL/sec
	Dispensing 25.0 uL into B3 of NEST 96 Well Plate 100 µL PCR Full Skirt on 6 at 10.0 uL/sec
Moving to B3 of NEST 96 Well Plate 100 µL PCR Full Skirt on 6
Blowing out at B3 of NEST 96 Well Plate 100 µL PCR Full Skirt on 6
Touching tip
Dropping tip into A1 of Opentrons Fixed Trash on 12
Picking up tip from G2 of Opentrons OT-2 96 Tip Rack 300 µL on 1
510 uL of liquid
                            used from B1 of Opentrons 24 Tube Rack with Eppendorf 1.5 mL Safe-Lock Snapcap on 3
Pre-Wetting the tip at B1 of Opentrons 24 Tube Rack with Eppendorf 1.5 mL Safe-Lock Snapcap on 3
Aspirating 37.5 uL from B1 of Opentrons 24 Tube Rack with Eppendorf 1.5 mL Safe-Lock Snapcap on 3 at 10.0 uL/sec
Moving to B1 of Opentrons 24 Tube Rack with Eppendorf 1.5 mL Safe-Lock Snapcap on 3
Dispensing 37.5 uL into B1 of Opentrons 24 Tube Rack with Eppendorf 1.5 mL Safe-Lock Snapcap on 3 at 10.0 uL/sec
Moving to B1 of Opentrons 24 Tube Rack with Eppendorf 1.5 mL Safe-Lock Snapcap on 3
547 uL of liquid
                            used from B1 of Opentrons 24 Tube Rack with Eppendorf 1.5 mL Safe-Lock Snapcap on 3
Aspirating 37.5 uL from B1 of Opentrons 24 Tube Rack with Eppendorf 1.5 mL Safe-Lock Snapcap on 3 at 10.0 uL/sec
Delaying for 0 minutes and 2.0 seconds
Moving to B1 of Opentrons 24 Tube Rack with Eppendorf 1.5 mL Safe-Lock Snapcap on 3
Air gap
	Aspirating 10.0 uL from B1 of Opentrons 24 Tube Rack with Eppendorf 1.5 mL Safe-Lock Snapcap on 3 at 10.0 uL/sec
Dispensing 47.5 uL into B4 of NEST 96 Well Plate 100 µL PCR Full Skirt on 6 at 10.0 uL/sec
Delaying for 0 minutes and 2.0 seconds
Moving to B4 of NEST 96 Well Plate 100 µL PCR Full Skirt on 6
Dropping tip into A1 of Opentrons Fixed Trash on 12
Picking up tip from H2 of Opentrons OT-2 96 Tip Rack 300 µL on 1
Pre-Wetting the tip at B3 of NEST 96 Well Plate 100 µL PCR Full Skirt on 6
Aspirating 12.5 uL from B3 of NEST 96 Well Plate 100 µL PCR Full Skirt on 6 at 10.0 uL/sec
Moving to B3 of NEST 96 Well Plate 100 µL PCR Full Skirt on 6
Dispensing 12.5 uL into B3 of NEST 96 Well Plate 100 µL PCR Full Skirt on 6 at 10.0 uL/sec
Moving to B3 of NEST 96 Well Plate 100 µL PCR Full Skirt on 6
Aspirating 12.5 uL from B3 of NEST 96 Well Plate 100 µL PCR Full Skirt on 6 at 10.0 uL/sec
Delaying for 0 minutes and 2.0 seconds
Moving to B3 of NEST 96 Well Plate 100 µL PCR Full Skirt on 6
Air gap
	Aspirating 10.0 uL from B3 of NEST 96 Well Plate 100 µL PCR Full Skirt on 6 at 10.0 uL/sec
Dispensing 22.5 uL into B4 of NEST 96 Well Plate 100 µL PCR Full Skirt on 6 at 10.0 uL/sec
Delaying for 0 minutes and 2.0 seconds
Moving to B4 of NEST 96 Well Plate 100 µL PCR Full Skirt on 6
Mixing 3 times with a volume of 25.0 ul
	Aspirating 25.0 uL from B4 of NEST 96 Well Plate 100 µL PCR Full Skirt on 6 at 10.0 uL/sec
	Dispensing 25.0 uL into B4 of NEST 96 Well Plate 100 µL PCR Full Skirt on 6 at 10.0 uL/sec
	Aspirating 25.0 uL from B4 of NEST 96 Well Plate 100 µL PCR Full Skirt on 6 at 10.0 uL/sec
	Dispensing 25.0 uL into B4 of NEST 96 Well Plate 100 µL PCR Full Skirt on 6 at 10.0 uL/sec
	Aspirating 25.0 uL from B4 of NEST 96 Well Plate 100 µL PCR Full Skirt on 6 at 10.0 uL/sec
	Dispensing 25.0 uL into B4 of NEST 96 Well Plate 100 µL PCR Full Skirt on 6 at 10.0 uL/sec
Moving to B4 of NEST 96 Well Plate 100 µL PCR Full Skirt on 6
Blowing out at B4 of NEST 96 Well Plate 100 µL PCR Full Skirt on 6
Touching tip
Dropping tip into A1 of Opentrons Fixed Trash on 12
Picking up tip from A3 of Opentrons OT-2 96 Tip Rack 300 µL on 1
585 uL of liquid
                            used from B1 of Opentrons 24 Tube Rack with Eppendorf 1.5 mL Safe-Lock Snapcap on 3
Pre-Wetting the tip at B1 of Opentrons 24 Tube Rack with Eppendorf 1.5 mL Safe-Lock Snapcap on 3
Aspirating 37.5 uL from B1 of Opentrons 24 Tube Rack with Eppendorf 1.5 mL Safe-Lock Snapcap on 3 at 10.0 uL/sec
Moving to B1 of Opentrons 24 Tube Rack with Eppendorf 1.5 mL Safe-Lock Snapcap on 3
Dispensing 37.5 uL into B1 of Opentrons 24 Tube Rack with Eppendorf 1.5 mL Safe-Lock Snapcap on 3 at 10.0 uL/sec
Moving to B1 of Opentrons 24 Tube Rack with Eppendorf 1.5 mL Safe-Lock Snapcap on 3
622 uL of liquid
                            used from B1 of Opentrons 24 Tube Rack with Eppendorf 1.5 mL Safe-Lock Snapcap on 3
Aspirating 37.5 uL from B1 of Opentrons 24 Tube Rack with Eppendorf 1.5 mL Safe-Lock Snapcap on 3 at 10.0 uL/sec
Delaying for 0 minutes and 2.0 seconds
Moving to B1 of Opentrons 24 Tube Rack with Eppendorf 1.5 mL Safe-Lock Snapcap on 3
Air gap
	Aspirating 10.0 uL from B1 of Opentrons 24 Tube Rack with Eppendorf 1.5 mL Safe-Lock Snapcap on 3 at 10.0 uL/sec
Dispensing 47.5 uL into B5 of NEST 96 Well Plate 100 µL PCR Full Skirt on 6 at 10.0 uL/sec
Delaying for 0 minutes and 2.0 seconds
Moving to B5 of NEST 96 Well Plate 100 µL PCR Full Skirt on 6
Dropping tip into A1 of Opentrons Fixed Trash on 12
Picking up tip from B3 of Opentrons OT-2 96 Tip Rack 300 µL on 1
Pre-Wetting the tip at B4 of NEST 96 Well Plate 100 µL PCR Full Skirt on 6
Aspirating 12.5 uL from B4 of NEST 96 Well Plate 100 µL PCR Full Skirt on 6 at 10.0 uL/sec
Moving to B4 of NEST 96 Well Plate 100 µL PCR Full Skirt on 6
Dispensing 12.5 uL into B4 of NEST 96 Well Plate 100 µL PCR Full Skirt on 6 at 10.0 uL/sec
Moving to B4 of NEST 96 Well Plate 100 µL PCR Full Skirt on 6
Aspirating 12.5 uL from B4 of NEST 96 Well Plate 100 µL PCR Full Skirt on 6 at 10.0 uL/sec
Delaying for 0 minutes and 2.0 seconds
Moving to B4 of NEST 96 Well Plate 100 µL PCR Full Skirt on 6
Air gap
	Aspirating 10.0 uL from B4 of NEST 96 Well Plate 100 µL PCR Full Skirt on 6 at 10.0 uL/sec
Dispensing 22.5 uL into B5 of NEST 96 Well Plate 100 µL PCR Full Skirt on 6 at 10.0 uL/sec
Delaying for 0 minutes and 2.0 seconds
Moving to B5 of NEST 96 Well Plate 100 µL PCR Full Skirt on 6
Mixing 3 times with a volume of 25.0 ul
	Aspirating 25.0 uL from B5 of NEST 96 Well Plate 100 µL PCR Full Skirt on 6 at 10.0 uL/sec
	Dispensing 25.0 uL into B5 of NEST 96 Well Plate 100 µL PCR Full Skirt on 6 at 10.0 uL/sec
	Aspirating 25.0 uL from B5 of NEST 96 Well Plate 100 µL PCR Full Skirt on 6 at 10.0 uL/sec
	Dispensing 25.0 uL into B5 of NEST 96 Well Plate 100 µL PCR Full Skirt on 6 at 10.0 uL/sec
	Aspirating 25.0 uL from B5 of NEST 96 Well Plate 100 µL PCR Full Skirt on 6 at 10.0 uL/sec
	Dispensing 25.0 uL into B5 of NEST 96 Well Plate 100 µL PCR Full Skirt on 6 at 10.0 uL/sec
Moving to B5 of NEST 96 Well Plate 100 µL PCR Full Skirt on 6
Blowing out at B5 of NEST 96 Well Plate 100 µL PCR Full Skirt on 6
Touching tip
Dropping tip into A1 of Opentrons Fixed Trash on 12
Picking up tip from C3 of Opentrons OT-2 96 Tip Rack 300 µL on 1
660 uL of liquid
                            used from B1 of Opentrons 24 Tube Rack with Eppendorf 1.5 mL Safe-Lock Snapcap on 3
Pre-Wetting the tip at B1 of Opentrons 24 Tube Rack with Eppendorf 1.5 mL Safe-Lock Snapcap on 3
Aspirating 37.5 uL from B1 of Opentrons 24 Tube Rack with Eppendorf 1.5 mL Safe-Lock Snapcap on 3 at 10.0 uL/sec
Moving to B1 of Opentrons 24 Tube Rack with Eppendorf 1.5 mL Safe-Lock Snapcap on 3
Dispensing 37.5 uL into B1 of Opentrons 24 Tube Rack with Eppendorf 1.5 mL Safe-Lock Snapcap on 3 at 10.0 uL/sec
Moving to B1 of Opentrons 24 Tube Rack with Eppendorf 1.5 mL Safe-Lock Snapcap on 3
697 uL of liquid
                            used from B1 of Opentrons 24 Tube Rack with Eppendorf 1.5 mL Safe-Lock Snapcap on 3
Aspirating 37.5 uL from B1 of Opentrons 24 Tube Rack with Eppendorf 1.5 mL Safe-Lock Snapcap on 3 at 10.0 uL/sec
Delaying for 0 minutes and 2.0 seconds
Moving to B1 of Opentrons 24 Tube Rack with Eppendorf 1.5 mL Safe-Lock Snapcap on 3
Air gap
	Aspirating 10.0 uL from B1 of Opentrons 24 Tube Rack with Eppendorf 1.5 mL Safe-Lock Snapcap on 3 at 10.0 uL/sec
Dispensing 47.5 uL into B6 of NEST 96 Well Plate 100 µL PCR Full Skirt on 6 at 10.0 uL/sec
Delaying for 0 minutes and 2.0 seconds
Moving to B6 of NEST 96 Well Plate 100 µL PCR Full Skirt on 6
Dropping tip into A1 of Opentrons Fixed Trash on 12
Picking up tip from D3 of Opentrons OT-2 96 Tip Rack 300 µL on 1
Pre-Wetting the tip at B5 of NEST 96 Well Plate 100 µL PCR Full Skirt on 6
Aspirating 12.5 uL from B5 of NEST 96 Well Plate 100 µL PCR Full Skirt on 6 at 10.0 uL/sec
Moving to B5 of NEST 96 Well Plate 100 µL PCR Full Skirt on 6
Dispensing 12.5 uL into B5 of NEST 96 Well Plate 100 µL PCR Full Skirt on 6 at 10.0 uL/sec
Moving to B5 of NEST 96 Well Plate 100 µL PCR Full Skirt on 6
Aspirating 12.5 uL from B5 of NEST 96 Well Plate 100 µL PCR Full Skirt on 6 at 10.0 uL/sec
Delaying for 0 minutes and 2.0 seconds
Moving to B5 of NEST 96 Well Plate 100 µL PCR Full Skirt on 6
Air gap
	Aspirating 10.0 uL from B5 of NEST 96 Well Plate 100 µL PCR Full Skirt on 6 at 10.0 uL/sec
Dispensing 22.5 uL into B6 of NEST 96 Well Plate 100 µL PCR Full Skirt on 6 at 10.0 uL/sec
Delaying for 0 minutes and 2.0 seconds
Moving to B6 of NEST 96 Well Plate 100 µL PCR Full Skirt on 6
Mixing 3 times with a volume of 25.0 ul
	Aspirating 25.0 uL from B6 of NEST 96 Well Plate 100 µL PCR Full Skirt on 6 at 10.0 uL/sec
	Dispensing 25.0 uL into B6 of NEST 96 Well Plate 100 µL PCR Full Skirt on 6 at 10.0 uL/sec
	Aspirating 25.0 uL from B6 of NEST 96 Well Plate 100 µL PCR Full Skirt on 6 at 10.0 uL/sec
	Dispensing 25.0 uL into B6 of NEST 96 Well Plate 100 µL PCR Full Skirt on 6 at 10.0 uL/sec
	Aspirating 25.0 uL from B6 of NEST 96 Well Plate 100 µL PCR Full Skirt on 6 at 10.0 uL/sec
	Dispensing 25.0 uL into B6 of NEST 96 Well Plate 100 µL PCR Full Skirt on 6 at 10.0 uL/sec
Moving to B6 of NEST 96 Well Plate 100 µL PCR Full Skirt on 6
Blowing out at B6 of NEST 96 Well Plate 100 µL PCR Full Skirt on 6
Touching tip
Dropping tip into A1 of Opentrons Fixed Trash on 12
Picking up tip from E3 of Opentrons OT-2 96 Tip Rack 300 µL on 1
735 uL of liquid
                            used from B1 of Opentrons 24 Tube Rack with Eppendorf 1.5 mL Safe-Lock Snapcap on 3
Pre-Wetting the tip at B1 of Opentrons 24 Tube Rack with Eppendorf 1.5 mL Safe-Lock Snapcap on 3
Aspirating 37.5 uL from B1 of Opentrons 24 Tube Rack with Eppendorf 1.5 mL Safe-Lock Snapcap on 3 at 10.0 uL/sec
Moving to B1 of Opentrons 24 Tube Rack with Eppendorf 1.5 mL Safe-Lock Snapcap on 3
Dispensing 37.5 uL into B1 of Opentrons 24 Tube Rack with Eppendorf 1.5 mL Safe-Lock Snapcap on 3 at 10.0 uL/sec
Moving to B1 of Opentrons 24 Tube Rack with Eppendorf 1.5 mL Safe-Lock Snapcap on 3
772 uL of liquid
                            used from B1 of Opentrons 24 Tube Rack with Eppendorf 1.5 mL Safe-Lock Snapcap on 3
Aspirating 37.5 uL from B1 of Opentrons 24 Tube Rack with Eppendorf 1.5 mL Safe-Lock Snapcap on 3 at 10.0 uL/sec
Delaying for 0 minutes and 2.0 seconds
Moving to B1 of Opentrons 24 Tube Rack with Eppendorf 1.5 mL Safe-Lock Snapcap on 3
Air gap
	Aspirating 10.0 uL from B1 of Opentrons 24 Tube Rack with Eppendorf 1.5 mL Safe-Lock Snapcap on 3 at 10.0 uL/sec
Dispensing 47.5 uL into B7 of NEST 96 Well Plate 100 µL PCR Full Skirt on 6 at 10.0 uL/sec
Delaying for 0 minutes and 2.0 seconds
Moving to B7 of NEST 96 Well Plate 100 µL PCR Full Skirt on 6
Dropping tip into A1 of Opentrons Fixed Trash on 12
Picking up tip from F3 of Opentrons OT-2 96 Tip Rack 300 µL on 1
Pre-Wetting the tip at B6 of NEST 96 Well Plate 100 µL PCR Full Skirt on 6
Aspirating 12.5 uL from B6 of NEST 96 Well Plate 100 µL PCR Full Skirt on 6 at 10.0 uL/sec
Moving to B6 of NEST 96 Well Plate 100 µL PCR Full Skirt on 6
Dispensing 12.5 uL into B6 of NEST 96 Well Plate 100 µL PCR Full Skirt on 6 at 10.0 uL/sec
Moving to B6 of NEST 96 Well Plate 100 µL PCR Full Skirt on 6
Aspirating 12.5 uL from B6 of NEST 96 Well Plate 100 µL PCR Full Skirt on 6 at 10.0 uL/sec
Delaying for 0 minutes and 2.0 seconds
Moving to B6 of NEST 96 Well Plate 100 µL PCR Full Skirt on 6
Air gap
	Aspirating 10.0 uL from B6 of NEST 96 Well Plate 100 µL PCR Full Skirt on 6 at 10.0 uL/sec
Dispensing 22.5 uL into B7 of NEST 96 Well Plate 100 µL PCR Full Skirt on 6 at 10.0 uL/sec
Delaying for 0 minutes and 2.0 seconds
Moving to B7 of NEST 96 Well Plate 100 µL PCR Full Skirt on 6
Mixing 3 times with a volume of 25.0 ul
	Aspirating 25.0 uL from B7 of NEST 96 Well Plate 100 µL PCR Full Skirt on 6 at 10.0 uL/sec
	Dispensing 25.0 uL into B7 of NEST 96 Well Plate 100 µL PCR Full Skirt on 6 at 10.0 uL/sec
	Aspirating 25.0 uL from B7 of NEST 96 Well Plate 100 µL PCR Full Skirt on 6 at 10.0 uL/sec
	Dispensing 25.0 uL into B7 of NEST 96 Well Plate 100 µL PCR Full Skirt on 6 at 10.0 uL/sec
	Aspirating 25.0 uL from B7 of NEST 96 Well Plate 100 µL PCR Full Skirt on 6 at 10.0 uL/sec
	Dispensing 25.0 uL into B7 of NEST 96 Well Plate 100 µL PCR Full Skirt on 6 at 10.0 uL/sec
Moving to B7 of NEST 96 Well Plate 100 µL PCR Full Skirt on 6
Blowing out at B7 of NEST 96 Well Plate 100 µL PCR Full Skirt on 6
Touching tip
Dropping tip into A1 of Opentrons Fixed Trash on 12
Picking up tip from G3 of Opentrons OT-2 96 Tip Rack 300 µL on 1
810 uL of liquid
                            used from B1 of Opentrons 24 Tube Rack with Eppendorf 1.5 mL Safe-Lock Snapcap on 3
Pre-Wetting the tip at B1 of Opentrons 24 Tube Rack with Eppendorf 1.5 mL Safe-Lock Snapcap on 3
Aspirating 37.5 uL from B1 of Opentrons 24 Tube Rack with Eppendorf 1.5 mL Safe-Lock Snapcap on 3 at 10.0 uL/sec
Moving to B1 of Opentrons 24 Tube Rack with Eppendorf 1.5 mL Safe-Lock Snapcap on 3
Dispensing 37.5 uL into B1 of Opentrons 24 Tube Rack with Eppendorf 1.5 mL Safe-Lock Snapcap on 3 at 10.0 uL/sec
Moving to B1 of Opentrons 24 Tube Rack with Eppendorf 1.5 mL Safe-Lock Snapcap on 3
847 uL of liquid
                            used from B1 of Opentrons 24 Tube Rack with Eppendorf 1.5 mL Safe-Lock Snapcap on 3
Aspirating 37.5 uL from B1 of Opentrons 24 Tube Rack with Eppendorf 1.5 mL Safe-Lock Snapcap on 3 at 10.0 uL/sec
Delaying for 0 minutes and 2.0 seconds
Moving to B1 of Opentrons 24 Tube Rack with Eppendorf 1.5 mL Safe-Lock Snapcap on 3
Air gap
	Aspirating 10.0 uL from B1 of Opentrons 24 Tube Rack with Eppendorf 1.5 mL Safe-Lock Snapcap on 3 at 10.0 uL/sec
Dispensing 47.5 uL into B8 of NEST 96 Well Plate 100 µL PCR Full Skirt on 6 at 10.0 uL/sec
Delaying for 0 minutes and 2.0 seconds
Moving to B8 of NEST 96 Well Plate 100 µL PCR Full Skirt on 6
Dropping tip into A1 of Opentrons Fixed Trash on 12
Picking up tip from H3 of Opentrons OT-2 96 Tip Rack 300 µL on 1
Pre-Wetting the tip at B7 of NEST 96 Well Plate 100 µL PCR Full Skirt on 6
Aspirating 12.5 uL from B7 of NEST 96 Well Plate 100 µL PCR Full Skirt on 6 at 10.0 uL/sec
Moving to B7 of NEST 96 Well Plate 100 µL PCR Full Skirt on 6
Dispensing 12.5 uL into B7 of NEST 96 Well Plate 100 µL PCR Full Skirt on 6 at 10.0 uL/sec
Moving to B7 of NEST 96 Well Plate 100 µL PCR Full Skirt on 6
Aspirating 12.5 uL from B7 of NEST 96 Well Plate 100 µL PCR Full Skirt on 6 at 10.0 uL/sec
Delaying for 0 minutes and 2.0 seconds
Moving to B7 of NEST 96 Well Plate 100 µL PCR Full Skirt on 6
Air gap
	Aspirating 10.0 uL from B7 of NEST 96 Well Plate 100 µL PCR Full Skirt on 6 at 10.0 uL/sec
Dispensing 22.5 uL into B8 of NEST 96 Well Plate 100 µL PCR Full Skirt on 6 at 10.0 uL/sec
Delaying for 0 minutes and 2.0 seconds
Moving to B8 of NEST 96 Well Plate 100 µL PCR Full Skirt on 6
Mixing 3 times with a volume of 25.0 ul
	Aspirating 25.0 uL from B8 of NEST 96 Well Plate 100 µL PCR Full Skirt on 6 at 10.0 uL/sec
	Dispensing 25.0 uL into B8 of NEST 96 Well Plate 100 µL PCR Full Skirt on 6 at 10.0 uL/sec
	Aspirating 25.0 uL from B8 of NEST 96 Well Plate 100 µL PCR Full Skirt on 6 at 10.0 uL/sec
	Dispensing 25.0 uL into B8 of NEST 96 Well Plate 100 µL PCR Full Skirt on 6 at 10.0 uL/sec
	Aspirating 25.0 uL from B8 of NEST 96 Well Plate 100 µL PCR Full Skirt on 6 at 10.0 uL/sec
	Dispensing 25.0 uL into B8 of NEST 96 Well Plate 100 µL PCR Full Skirt on 6 at 10.0 uL/sec
Moving to B8 of NEST 96 Well Plate 100 µL PCR Full Skirt on 6
Blowing out at B8 of NEST 96 Well Plate 100 µL PCR Full Skirt on 6
Touching tip
Dropping tip into A1 of Opentrons Fixed Trash on 12
Picking up tip from A4 of Opentrons OT-2 96 Tip Rack 300 µL on 1
872 uL of liquid
                            used from B1 of Opentrons 24 Tube Rack with Eppendorf 1.5 mL Safe-Lock Snapcap on 3
Pre-Wetting the tip at B1 of Opentrons 24 Tube Rack with Eppendorf 1.5 mL Safe-Lock Snapcap on 3
Aspirating 25.0 uL from B1 of Opentrons 24 Tube Rack with Eppendorf 1.5 mL Safe-Lock Snapcap on 3 at 10.0 uL/sec
Moving to B1 of Opentrons 24 Tube Rack with Eppendorf 1.5 mL Safe-Lock Snapcap on 3
Dispensing 25.0 uL into B1 of Opentrons 24 Tube Rack with Eppendorf 1.5 mL Safe-Lock Snapcap on 3 at 10.0 uL/sec
Moving to B1 of Opentrons 24 Tube Rack with Eppendorf 1.5 mL Safe-Lock Snapcap on 3
897 uL of liquid
                            used from B1 of Opentrons 24 Tube Rack with Eppendorf 1.5 mL Safe-Lock Snapcap on 3
Aspirating 25.0 uL from B1 of Opentrons 24 Tube Rack with Eppendorf 1.5 mL Safe-Lock Snapcap on 3 at 10.0 uL/sec
Delaying for 0 minutes and 2.0 seconds
Moving to B1 of Opentrons 24 Tube Rack with Eppendorf 1.5 mL Safe-Lock Snapcap on 3
Air gap
	Aspirating 10.0 uL from B1 of Opentrons 24 Tube Rack with Eppendorf 1.5 mL Safe-Lock Snapcap on 3 at 10.0 uL/sec
Dispensing 35.0 uL into B9 of NEST 96 Well Plate 100 µL PCR Full Skirt on 6 at 10.0 uL/sec
Delaying for 0 minutes and 2.0 seconds
Moving to B9 of NEST 96 Well Plate 100 µL PCR Full Skirt on 6
922 uL of liquid
                            used from B1 of Opentrons 24 Tube Rack with Eppendorf 1.5 mL Safe-Lock Snapcap on 3
Aspirating 25.0 uL from B1 of Opentrons 24 Tube Rack with Eppendorf 1.5 mL Safe-Lock Snapcap on 3 at 10.0 uL/sec
Delaying for 0 minutes and 2.0 seconds
Moving to B1 of Opentrons 24 Tube Rack with Eppendorf 1.5 mL Safe-Lock Snapcap on 3
Air gap
	Aspirating 10.0 uL from B1 of Opentrons 24 Tube Rack with Eppendorf 1.5 mL Safe-Lock Snapcap on 3 at 10.0 uL/sec
Dispensing 35.0 uL into B9 of NEST 96 Well Plate 100 µL PCR Full Skirt on 6 at 10.0 uL/sec
Delaying for 0 minutes and 2.0 seconds
Moving to B9 of NEST 96 Well Plate 100 µL PCR Full Skirt on 6
Dropping tip into A1 of Opentrons Fixed Trash on 12
Picking up tip from B4 of Opentrons OT-2 96 Tip Rack 300 µL on 1
952 uL of liquid
                            used from B1 of Opentrons 24 Tube Rack with Eppendorf 1.5 mL Safe-Lock Snapcap on 3
Pre-Wetting the tip at B1 of Opentrons 24 Tube Rack with Eppendorf 1.5 mL Safe-Lock Snapcap on 3
Aspirating 29.9 uL from B1 of Opentrons 24 Tube Rack with Eppendorf 1.5 mL Safe-Lock Snapcap on 3 at 10.0 uL/sec
Moving to B1 of Opentrons 24 Tube Rack with Eppendorf 1.5 mL Safe-Lock Snapcap on 3
Dispensing 29.9 uL into B1 of Opentrons 24 Tube Rack with Eppendorf 1.5 mL Safe-Lock Snapcap on 3 at 10.0 uL/sec
Moving to B1 of Opentrons 24 Tube Rack with Eppendorf 1.5 mL Safe-Lock Snapcap on 3
982 uL of liquid
                            used from B1 of Opentrons 24 Tube Rack with Eppendorf 1.5 mL Safe-Lock Snapcap on 3
Aspirating 29.9 uL from B1 of Opentrons 24 Tube Rack with Eppendorf 1.5 mL Safe-Lock Snapcap on 3 at 10.0 uL/sec
Delaying for 0 minutes and 2.0 seconds
Moving to B1 of Opentrons 24 Tube Rack with Eppendorf 1.5 mL Safe-Lock Snapcap on 3
Air gap
	Aspirating 10.0 uL from B1 of Opentrons 24 Tube Rack with Eppendorf 1.5 mL Safe-Lock Snapcap on 3 at 10.0 uL/sec
Dispensing 39.9 uL into C1 of NEST 96 Well Plate 100 µL PCR Full Skirt on 6 at 10.0 uL/sec
Delaying for 0 minutes and 2.0 seconds
Moving to C1 of NEST 96 Well Plate 100 µL PCR Full Skirt on 6
29 uL of liquid
                            used from B2 of Opentrons 24 Tube Rack with Eppendorf 1.5 mL Safe-Lock Snapcap on 3
Aspirating 29.9 uL from B2 of Opentrons 24 Tube Rack with Eppendorf 1.5 mL Safe-Lock Snapcap on 3 at 10.0 uL/sec
Delaying for 0 minutes and 2.0 seconds
Moving to B2 of Opentrons 24 Tube Rack with Eppendorf 1.5 mL Safe-Lock Snapcap on 3
Air gap
	Aspirating 10.0 uL from B2 of Opentrons 24 Tube Rack with Eppendorf 1.5 mL Safe-Lock Snapcap on 3 at 10.0 uL/sec
Dispensing 39.9 uL into C1 of NEST 96 Well Plate 100 µL PCR Full Skirt on 6 at 10.0 uL/sec
Delaying for 0 minutes and 2.0 seconds
Moving to C1 of NEST 96 Well Plate 100 µL PCR Full Skirt on 6
Dropping tip into A1 of Opentrons Fixed Trash on 12
Picking up tip from C4 of Opentrons OT-2 96 Tip Rack 300 µL on 1
Pre-Wetting the tip at A4 of NEST 96 Well Plate 100 µL PCR Full Skirt on 6
Aspirating 5.2 uL from A4 of NEST 96 Well Plate 100 µL PCR Full Skirt on 6 at 10.0 uL/sec
Moving to A4 of NEST 96 Well Plate 100 µL PCR Full Skirt on 6
Dispensing 5.2 uL into A4 of NEST 96 Well Plate 100 µL PCR Full Skirt on 6 at 10.0 uL/sec
Moving to A4 of NEST 96 Well Plate 100 µL PCR Full Skirt on 6
Aspirating 5.2 uL from A4 of NEST 96 Well Plate 100 µL PCR Full Skirt on 6 at 10.0 uL/sec
Delaying for 0 minutes and 2.0 seconds
Moving to A4 of NEST 96 Well Plate 100 µL PCR Full Skirt on 6
Air gap
	Aspirating 10.0 uL from A4 of NEST 96 Well Plate 100 µL PCR Full Skirt on 6 at 10.0 uL/sec
Dispensing 15.2 uL into C1 of NEST 96 Well Plate 100 µL PCR Full Skirt on 6 at 10.0 uL/sec
Delaying for 0 minutes and 2.0 seconds
Moving to C1 of NEST 96 Well Plate 100 µL PCR Full Skirt on 6
Mixing 3 times with a volume of 32.5 ul
	Aspirating 32.5 uL from C1 of NEST 96 Well Plate 100 µL PCR Full Skirt on 6 at 10.0 uL/sec
	Dispensing 32.5 uL into C1 of NEST 96 Well Plate 100 µL PCR Full Skirt on 6 at 10.0 uL/sec
	Aspirating 32.5 uL from C1 of NEST 96 Well Plate 100 µL PCR Full Skirt on 6 at 10.0 uL/sec
	Dispensing 32.5 uL into C1 of NEST 96 Well Plate 100 µL PCR Full Skirt on 6 at 10.0 uL/sec
	Aspirating 32.5 uL from C1 of NEST 96 Well Plate 100 µL PCR Full Skirt on 6 at 10.0 uL/sec
	Dispensing 32.5 uL into C1 of NEST 96 Well Plate 100 µL PCR Full Skirt on 6 at 10.0 uL/sec
Moving to C1 of NEST 96 Well Plate 100 µL PCR Full Skirt on 6
Blowing out at C1 of NEST 96 Well Plate 100 µL PCR Full Skirt on 6
Touching tip
Dropping tip into A1 of Opentrons Fixed Trash on 12
Picking up tip from D4 of Opentrons OT-2 96 Tip Rack 300 µL on 1
52 uL of liquid
                            used from B2 of Opentrons 24 Tube Rack with Eppendorf 1.5 mL Safe-Lock Snapcap on 3
Pre-Wetting the tip at B2 of Opentrons 24 Tube Rack with Eppendorf 1.5 mL Safe-Lock Snapcap on 3
Aspirating 22.5 uL from B2 of Opentrons 24 Tube Rack with Eppendorf 1.5 mL Safe-Lock Snapcap on 3 at 10.0 uL/sec
Moving to B2 of Opentrons 24 Tube Rack with Eppendorf 1.5 mL Safe-Lock Snapcap on 3
Dispensing 22.5 uL into B2 of Opentrons 24 Tube Rack with Eppendorf 1.5 mL Safe-Lock Snapcap on 3 at 10.0 uL/sec
Moving to B2 of Opentrons 24 Tube Rack with Eppendorf 1.5 mL Safe-Lock Snapcap on 3
74 uL of liquid
                            used from B2 of Opentrons 24 Tube Rack with Eppendorf 1.5 mL Safe-Lock Snapcap on 3
Aspirating 22.5 uL from B2 of Opentrons 24 Tube Rack with Eppendorf 1.5 mL Safe-Lock Snapcap on 3 at 10.0 uL/sec
Delaying for 0 minutes and 2.0 seconds
Moving to B2 of Opentrons 24 Tube Rack with Eppendorf 1.5 mL Safe-Lock Snapcap on 3
Air gap
	Aspirating 10.0 uL from B2 of Opentrons 24 Tube Rack with Eppendorf 1.5 mL Safe-Lock Snapcap on 3 at 10.0 uL/sec
Dispensing 32.5 uL into C2 of NEST 96 Well Plate 100 µL PCR Full Skirt on 6 at 10.0 uL/sec
Delaying for 0 minutes and 2.0 seconds
Moving to C2 of NEST 96 Well Plate 100 µL PCR Full Skirt on 6
97 uL of liquid
                            used from B2 of Opentrons 24 Tube Rack with Eppendorf 1.5 mL Safe-Lock Snapcap on 3
Aspirating 22.5 uL from B2 of Opentrons 24 Tube Rack with Eppendorf 1.5 mL Safe-Lock Snapcap on 3 at 10.0 uL/sec
Delaying for 0 minutes and 2.0 seconds
Moving to B2 of Opentrons 24 Tube Rack with Eppendorf 1.5 mL Safe-Lock Snapcap on 3
Air gap
	Aspirating 10.0 uL from B2 of Opentrons 24 Tube Rack with Eppendorf 1.5 mL Safe-Lock Snapcap on 3 at 10.0 uL/sec
Dispensing 32.5 uL into C2 of NEST 96 Well Plate 100 µL PCR Full Skirt on 6 at 10.0 uL/sec
Delaying for 0 minutes and 2.0 seconds
Moving to C2 of NEST 96 Well Plate 100 µL PCR Full Skirt on 6
Dropping tip into A1 of Opentrons Fixed Trash on 12
Picking up tip from E4 of Opentrons OT-2 96 Tip Rack 300 µL on 1
Pre-Wetting the tip at C1 of NEST 96 Well Plate 100 µL PCR Full Skirt on 6
Aspirating 5.0 uL from C1 of NEST 96 Well Plate 100 µL PCR Full Skirt on 6 at 10.0 uL/sec
Moving to C1 of NEST 96 Well Plate 100 µL PCR Full Skirt on 6
Dispensing 5.0 uL into C1 of NEST 96 Well Plate 100 µL PCR Full Skirt on 6 at 10.0 uL/sec
Moving to C1 of NEST 96 Well Plate 100 µL PCR Full Skirt on 6
Aspirating 5.0 uL from C1 of NEST 96 Well Plate 100 µL PCR Full Skirt on 6 at 10.0 uL/sec
Delaying for 0 minutes and 2.0 seconds
Moving to C1 of NEST 96 Well Plate 100 µL PCR Full Skirt on 6
Air gap
	Aspirating 10.0 uL from C1 of NEST 96 Well Plate 100 µL PCR Full Skirt on 6 at 10.0 uL/sec
Dispensing 15.0 uL into C2 of NEST 96 Well Plate 100 µL PCR Full Skirt on 6 at 10.0 uL/sec
Delaying for 0 minutes and 2.0 seconds
Moving to C2 of NEST 96 Well Plate 100 µL PCR Full Skirt on 6
Mixing 3 times with a volume of 25.0 ul
	Aspirating 25.0 uL from C2 of NEST 96 Well Plate 100 µL PCR Full Skirt on 6 at 10.0 uL/sec
	Dispensing 25.0 uL into C2 of NEST 96 Well Plate 100 µL PCR Full Skirt on 6 at 10.0 uL/sec
	Aspirating 25.0 uL from C2 of NEST 96 Well Plate 100 µL PCR Full Skirt on 6 at 10.0 uL/sec
	Dispensing 25.0 uL into C2 of NEST 96 Well Plate 100 µL PCR Full Skirt on 6 at 10.0 uL/sec
	Aspirating 25.0 uL from C2 of NEST 96 Well Plate 100 µL PCR Full Skirt on 6 at 10.0 uL/sec
	Dispensing 25.0 uL into C2 of NEST 96 Well Plate 100 µL PCR Full Skirt on 6 at 10.0 uL/sec
Moving to C2 of NEST 96 Well Plate 100 µL PCR Full Skirt on 6
Blowing out at C2 of NEST 96 Well Plate 100 µL PCR Full Skirt on 6
Touching tip
Dropping tip into A1 of Opentrons Fixed Trash on 12
Picking up tip from F4 of Opentrons OT-2 96 Tip Rack 300 µL on 1
119 uL of liquid
                            used from B2 of Opentrons 24 Tube Rack with Eppendorf 1.5 mL Safe-Lock Snapcap on 3
Pre-Wetting the tip at B2 of Opentrons 24 Tube Rack with Eppendorf 1.5 mL Safe-Lock Snapcap on 3
Aspirating 22.5 uL from B2 of Opentrons 24 Tube Rack with Eppendorf 1.5 mL Safe-Lock Snapcap on 3 at 10.0 uL/sec
Moving to B2 of Opentrons 24 Tube Rack with Eppendorf 1.5 mL Safe-Lock Snapcap on 3
Dispensing 22.5 uL into B2 of Opentrons 24 Tube Rack with Eppendorf 1.5 mL Safe-Lock Snapcap on 3 at 10.0 uL/sec
Moving to B2 of Opentrons 24 Tube Rack with Eppendorf 1.5 mL Safe-Lock Snapcap on 3
142 uL of liquid
                            used from B2 of Opentrons 24 Tube Rack with Eppendorf 1.5 mL Safe-Lock Snapcap on 3
Aspirating 22.5 uL from B2 of Opentrons 24 Tube Rack with Eppendorf 1.5 mL Safe-Lock Snapcap on 3 at 10.0 uL/sec
Delaying for 0 minutes and 2.0 seconds
Moving to B2 of Opentrons 24 Tube Rack with Eppendorf 1.5 mL Safe-Lock Snapcap on 3
Air gap
	Aspirating 10.0 uL from B2 of Opentrons 24 Tube Rack with Eppendorf 1.5 mL Safe-Lock Snapcap on 3 at 10.0 uL/sec
Dispensing 32.5 uL into C3 of NEST 96 Well Plate 100 µL PCR Full Skirt on 6 at 10.0 uL/sec
Delaying for 0 minutes and 2.0 seconds
Moving to C3 of NEST 96 Well Plate 100 µL PCR Full Skirt on 6
164 uL of liquid
                            used from B2 of Opentrons 24 Tube Rack with Eppendorf 1.5 mL Safe-Lock Snapcap on 3
Aspirating 22.5 uL from B2 of Opentrons 24 Tube Rack with Eppendorf 1.5 mL Safe-Lock Snapcap on 3 at 10.0 uL/sec
Delaying for 0 minutes and 2.0 seconds
Moving to B2 of Opentrons 24 Tube Rack with Eppendorf 1.5 mL Safe-Lock Snapcap on 3
Air gap
	Aspirating 10.0 uL from B2 of Opentrons 24 Tube Rack with Eppendorf 1.5 mL Safe-Lock Snapcap on 3 at 10.0 uL/sec
Dispensing 32.5 uL into C3 of NEST 96 Well Plate 100 µL PCR Full Skirt on 6 at 10.0 uL/sec
Delaying for 0 minutes and 2.0 seconds
Moving to C3 of NEST 96 Well Plate 100 µL PCR Full Skirt on 6
Dropping tip into A1 of Opentrons Fixed Trash on 12
Picking up tip from G4 of Opentrons OT-2 96 Tip Rack 300 µL on 1
Pre-Wetting the tip at C2 of NEST 96 Well Plate 100 µL PCR Full Skirt on 6
Aspirating 5.0 uL from C2 of NEST 96 Well Plate 100 µL PCR Full Skirt on 6 at 10.0 uL/sec
Moving to C2 of NEST 96 Well Plate 100 µL PCR Full Skirt on 6
Dispensing 5.0 uL into C2 of NEST 96 Well Plate 100 µL PCR Full Skirt on 6 at 10.0 uL/sec
Moving to C2 of NEST 96 Well Plate 100 µL PCR Full Skirt on 6
Aspirating 5.0 uL from C2 of NEST 96 Well Plate 100 µL PCR Full Skirt on 6 at 10.0 uL/sec
Delaying for 0 minutes and 2.0 seconds
Moving to C2 of NEST 96 Well Plate 100 µL PCR Full Skirt on 6
Air gap
	Aspirating 10.0 uL from C2 of NEST 96 Well Plate 100 µL PCR Full Skirt on 6 at 10.0 uL/sec
Dispensing 15.0 uL into C3 of NEST 96 Well Plate 100 µL PCR Full Skirt on 6 at 10.0 uL/sec
Delaying for 0 minutes and 2.0 seconds
Moving to C3 of NEST 96 Well Plate 100 µL PCR Full Skirt on 6
Mixing 3 times with a volume of 25.0 ul
	Aspirating 25.0 uL from C3 of NEST 96 Well Plate 100 µL PCR Full Skirt on 6 at 10.0 uL/sec
	Dispensing 25.0 uL into C3 of NEST 96 Well Plate 100 µL PCR Full Skirt on 6 at 10.0 uL/sec
	Aspirating 25.0 uL from C3 of NEST 96 Well Plate 100 µL PCR Full Skirt on 6 at 10.0 uL/sec
	Dispensing 25.0 uL into C3 of NEST 96 Well Plate 100 µL PCR Full Skirt on 6 at 10.0 uL/sec
	Aspirating 25.0 uL from C3 of NEST 96 Well Plate 100 µL PCR Full Skirt on 6 at 10.0 uL/sec
	Dispensing 25.0 uL into C3 of NEST 96 Well Plate 100 µL PCR Full Skirt on 6 at 10.0 uL/sec
Moving to C3 of NEST 96 Well Plate 100 µL PCR Full Skirt on 6
Blowing out at C3 of NEST 96 Well Plate 100 µL PCR Full Skirt on 6
Touching tip
Dropping tip into A1 of Opentrons Fixed Trash on 12
Picking up tip from H4 of Opentrons OT-2 96 Tip Rack 300 µL on 1
187 uL of liquid
                            used from B2 of Opentrons 24 Tube Rack with Eppendorf 1.5 mL Safe-Lock Snapcap on 3
Pre-Wetting the tip at B2 of Opentrons 24 Tube Rack with Eppendorf 1.5 mL Safe-Lock Snapcap on 3
Aspirating 22.5 uL from B2 of Opentrons 24 Tube Rack with Eppendorf 1.5 mL Safe-Lock Snapcap on 3 at 10.0 uL/sec
Moving to B2 of Opentrons 24 Tube Rack with Eppendorf 1.5 mL Safe-Lock Snapcap on 3
Dispensing 22.5 uL into B2 of Opentrons 24 Tube Rack with Eppendorf 1.5 mL Safe-Lock Snapcap on 3 at 10.0 uL/sec
Moving to B2 of Opentrons 24 Tube Rack with Eppendorf 1.5 mL Safe-Lock Snapcap on 3
209 uL of liquid
                            used from B2 of Opentrons 24 Tube Rack with Eppendorf 1.5 mL Safe-Lock Snapcap on 3
Aspirating 22.5 uL from B2 of Opentrons 24 Tube Rack with Eppendorf 1.5 mL Safe-Lock Snapcap on 3 at 10.0 uL/sec
Delaying for 0 minutes and 2.0 seconds
Moving to B2 of Opentrons 24 Tube Rack with Eppendorf 1.5 mL Safe-Lock Snapcap on 3
Air gap
	Aspirating 10.0 uL from B2 of Opentrons 24 Tube Rack with Eppendorf 1.5 mL Safe-Lock Snapcap on 3 at 10.0 uL/sec
Dispensing 32.5 uL into C4 of NEST 96 Well Plate 100 µL PCR Full Skirt on 6 at 10.0 uL/sec
Delaying for 0 minutes and 2.0 seconds
Moving to C4 of NEST 96 Well Plate 100 µL PCR Full Skirt on 6
232 uL of liquid
                            used from B2 of Opentrons 24 Tube Rack with Eppendorf 1.5 mL Safe-Lock Snapcap on 3
Aspirating 22.5 uL from B2 of Opentrons 24 Tube Rack with Eppendorf 1.5 mL Safe-Lock Snapcap on 3 at 10.0 uL/sec
Delaying for 0 minutes and 2.0 seconds
Moving to B2 of Opentrons 24 Tube Rack with Eppendorf 1.5 mL Safe-Lock Snapcap on 3
Air gap
	Aspirating 10.0 uL from B2 of Opentrons 24 Tube Rack with Eppendorf 1.5 mL Safe-Lock Snapcap on 3 at 10.0 uL/sec
Dispensing 32.5 uL into C4 of NEST 96 Well Plate 100 µL PCR Full Skirt on 6 at 10.0 uL/sec
Delaying for 0 minutes and 2.0 seconds
Moving to C4 of NEST 96 Well Plate 100 µL PCR Full Skirt on 6
Dropping tip into A1 of Opentrons Fixed Trash on 12
Picking up tip from A5 of Opentrons OT-2 96 Tip Rack 300 µL on 1
Pre-Wetting the tip at C3 of NEST 96 Well Plate 100 µL PCR Full Skirt on 6
Aspirating 5.0 uL from C3 of NEST 96 Well Plate 100 µL PCR Full Skirt on 6 at 10.0 uL/sec
Moving to C3 of NEST 96 Well Plate 100 µL PCR Full Skirt on 6
Dispensing 5.0 uL into C3 of NEST 96 Well Plate 100 µL PCR Full Skirt on 6 at 10.0 uL/sec
Moving to C3 of NEST 96 Well Plate 100 µL PCR Full Skirt on 6
Aspirating 5.0 uL from C3 of NEST 96 Well Plate 100 µL PCR Full Skirt on 6 at 10.0 uL/sec
Delaying for 0 minutes and 2.0 seconds
Moving to C3 of NEST 96 Well Plate 100 µL PCR Full Skirt on 6
Air gap
	Aspirating 10.0 uL from C3 of NEST 96 Well Plate 100 µL PCR Full Skirt on 6 at 10.0 uL/sec
Dispensing 15.0 uL into C4 of NEST 96 Well Plate 100 µL PCR Full Skirt on 6 at 10.0 uL/sec
Delaying for 0 minutes and 2.0 seconds
Moving to C4 of NEST 96 Well Plate 100 µL PCR Full Skirt on 6
Mixing 3 times with a volume of 25.0 ul
	Aspirating 25.0 uL from C4 of NEST 96 Well Plate 100 µL PCR Full Skirt on 6 at 10.0 uL/sec
	Dispensing 25.0 uL into C4 of NEST 96 Well Plate 100 µL PCR Full Skirt on 6 at 10.0 uL/sec
	Aspirating 25.0 uL from C4 of NEST 96 Well Plate 100 µL PCR Full Skirt on 6 at 10.0 uL/sec
	Dispensing 25.0 uL into C4 of NEST 96 Well Plate 100 µL PCR Full Skirt on 6 at 10.0 uL/sec
	Aspirating 25.0 uL from C4 of NEST 96 Well Plate 100 µL PCR Full Skirt on 6 at 10.0 uL/sec
	Dispensing 25.0 uL into C4 of NEST 96 Well Plate 100 µL PCR Full Skirt on 6 at 10.0 uL/sec
Moving to C4 of NEST 96 Well Plate 100 µL PCR Full Skirt on 6
Blowing out at C4 of NEST 96 Well Plate 100 µL PCR Full Skirt on 6
Touching tip
Dropping tip into A1 of Opentrons Fixed Trash on 12
Caught exception: {'message': 'Task was destroyed but it is pending!', 'task': <Task pending name='Task-4' coro=<Poller._poll_forever() running at /Users/dp/Desktop/project/github/opentrons/venv/lib/python3.10/site-packages/opentrons/hardware_control/poller.py:80> wait_for=<Future pending cb=[Task.task_wakeup()]>>}
Caught exception: {'message': 'Task was destroyed but it is pending!', 'task': <Task pending name='Task-3' coro=<Poller._poll_forever() running at /Users/dp/Desktop/project/github/opentrons/venv/lib/python3.10/site-packages/opentrons/hardware_control/poller.py:80> wait_for=<Future pending cb=[Task.task_wakeup()]>>}
Caught exception: {'message': 'Task was destroyed but it is pending!', 'task': <Task pending name='Task-2' coro=<Poller._poll_forever() running at /Users/dp/Desktop/project/github/opentrons/venv/lib/python3.10/site-packages/opentrons/hardware_control/poller.py:79>>}
