/Users/dp/Desktop/project/github/opentrons/venv/lib/python3.10/site-packages/opentrons/hardware_control/simulator_setup.py:205: UserWarning: Simulator configuration does not name a machine, defaulting to OT-2 Standard
  warn(
/Users/dp/.opentrons/robot_settings.json not found. Loading defaults
Deck calibration not found.
/Users/dp/.opentrons/deck_calibration.json not found. Loading defaults
Picking up tip from A1 of Opentrons OT-2 96 Filter Tip Rack 20 µL on 9
Blowing out at A1 of Nunc 96 Well Plate 1000 µL on 8
Aspirating 15.0 uL from A1 of Nunc 96 Well Plate 1000 µL on 8 at 7.6 uL/sec
Dispensing 7.5 uL into A1 of Applied Biosystems 384 Well Plate 40 µL on 1 at 7.6 uL/sec
Dispensing 7.5 uL into A3 of Applied Biosystems 384 Well Plate 40 µL on 1 at 7.6 uL/sec
Blowing out at A1 of Nunc 96 Well Plate 1000 µL on 8
Aspirating 15.0 uL from A1 of Nunc 96 Well Plate 1000 µL on 8 at 7.6 uL/sec
Dispensing 7.5 uL into A5 of Applied Biosystems 384 Well Plate 40 µL on 1 at 7.6 uL/sec
Dispensing 7.5 uL into A7 of Applied Biosystems 384 Well Plate 40 µL on 1 at 7.6 uL/sec
Blowing out at A1 of Nunc 96 Well Plate 1000 µL on 8
Aspirating 15.0 uL from A1 of Nunc 96 Well Plate 1000 µL on 8 at 7.6 uL/sec
Dispensing 7.5 uL into A9 of Applied Biosystems 384 Well Plate 40 µL on 1 at 7.6 uL/sec
Dispensing 7.5 uL into A11 of Applied Biosystems 384 Well Plate 40 µL on 1 at 7.6 uL/sec
Blowing out at A1 of Nunc 96 Well Plate 1000 µL on 8
Aspirating 15.0 uL from A1 of Nunc 96 Well Plate 1000 µL on 8 at 7.6 uL/sec
Dispensing 7.5 uL into A13 of Applied Biosystems 384 Well Plate 40 µL on 1 at 7.6 uL/sec
Dispensing 7.5 uL into A15 of Applied Biosystems 384 Well Plate 40 µL on 1 at 7.6 uL/sec
Blowing out at A1 of Nunc 96 Well Plate 1000 µL on 8
Aspirating 15.0 uL from A1 of Nunc 96 Well Plate 1000 µL on 8 at 7.6 uL/sec
Dispensing 7.5 uL into A17 of Applied Biosystems 384 Well Plate 40 µL on 1 at 7.6 uL/sec
Dispensing 7.5 uL into A19 of Applied Biosystems 384 Well Plate 40 µL on 1 at 7.6 uL/sec
Blowing out at A1 of Nunc 96 Well Plate 1000 µL on 8
Aspirating 15.0 uL from A1 of Nunc 96 Well Plate 1000 µL on 8 at 7.6 uL/sec
Dispensing 7.5 uL into A21 of Applied Biosystems 384 Well Plate 40 µL on 1 at 7.6 uL/sec
Dispensing 7.5 uL into A23 of Applied Biosystems 384 Well Plate 40 µL on 1 at 7.6 uL/sec
Blowing out at A1 of Nunc 96 Well Plate 1000 µL on 8
Aspirating 15.0 uL from A1 of Nunc 96 Well Plate 1000 µL on 8 at 7.6 uL/sec
Dispensing 7.5 uL into A1 of Applied Biosystems 384 Well Plate 40 µL on 2 at 7.6 uL/sec
Dispensing 7.5 uL into A3 of Applied Biosystems 384 Well Plate 40 µL on 2 at 7.6 uL/sec
Blowing out at A1 of Nunc 96 Well Plate 1000 µL on 8
Aspirating 15.0 uL from A1 of Nunc 96 Well Plate 1000 µL on 8 at 7.6 uL/sec
Dispensing 7.5 uL into A5 of Applied Biosystems 384 Well Plate 40 µL on 2 at 7.6 uL/sec
Dispensing 7.5 uL into A7 of Applied Biosystems 384 Well Plate 40 µL on 2 at 7.6 uL/sec
Blowing out at A1 of Nunc 96 Well Plate 1000 µL on 8
Aspirating 15.0 uL from A1 of Nunc 96 Well Plate 1000 µL on 8 at 7.6 uL/sec
Dispensing 7.5 uL into A9 of Applied Biosystems 384 Well Plate 40 µL on 2 at 7.6 uL/sec
Dispensing 7.5 uL into A11 of Applied Biosystems 384 Well Plate 40 µL on 2 at 7.6 uL/sec
Blowing out at A1 of Nunc 96 Well Plate 1000 µL on 8
Aspirating 15.0 uL from A1 of Nunc 96 Well Plate 1000 µL on 8 at 7.6 uL/sec
Dispensing 7.5 uL into A13 of Applied Biosystems 384 Well Plate 40 µL on 2 at 7.6 uL/sec
Dispensing 7.5 uL into A15 of Applied Biosystems 384 Well Plate 40 µL on 2 at 7.6 uL/sec
Blowing out at A1 of Nunc 96 Well Plate 1000 µL on 8
Aspirating 15.0 uL from A1 of Nunc 96 Well Plate 1000 µL on 8 at 7.6 uL/sec
Dispensing 7.5 uL into A17 of Applied Biosystems 384 Well Plate 40 µL on 2 at 7.6 uL/sec
Dispensing 7.5 uL into A19 of Applied Biosystems 384 Well Plate 40 µL on 2 at 7.6 uL/sec
Blowing out at A1 of Nunc 96 Well Plate 1000 µL on 8
Aspirating 15.0 uL from A1 of Nunc 96 Well Plate 1000 µL on 8 at 7.6 uL/sec
Dispensing 7.5 uL into A21 of Applied Biosystems 384 Well Plate 40 µL on 2 at 7.6 uL/sec
Dispensing 7.5 uL into A23 of Applied Biosystems 384 Well Plate 40 µL on 2 at 7.6 uL/sec
Blowing out at A1 of Nunc 96 Well Plate 1000 µL on 8
Aspirating 15.0 uL from A1 of Nunc 96 Well Plate 1000 µL on 8 at 7.6 uL/sec
Dispensing 7.5 uL into A1 of Applied Biosystems 384 Well Plate 40 µL on 3 at 7.6 uL/sec
Dispensing 7.5 uL into A3 of Applied Biosystems 384 Well Plate 40 µL on 3 at 7.6 uL/sec
Blowing out at A1 of Nunc 96 Well Plate 1000 µL on 8
Aspirating 15.0 uL from A1 of Nunc 96 Well Plate 1000 µL on 8 at 7.6 uL/sec
Dispensing 7.5 uL into A5 of Applied Biosystems 384 Well Plate 40 µL on 3 at 7.6 uL/sec
Dispensing 7.5 uL into A7 of Applied Biosystems 384 Well Plate 40 µL on 3 at 7.6 uL/sec
Blowing out at A1 of Nunc 96 Well Plate 1000 µL on 8
Aspirating 15.0 uL from A1 of Nunc 96 Well Plate 1000 µL on 8 at 7.6 uL/sec
Dispensing 7.5 uL into A9 of Applied Biosystems 384 Well Plate 40 µL on 3 at 7.6 uL/sec
Dispensing 7.5 uL into A11 of Applied Biosystems 384 Well Plate 40 µL on 3 at 7.6 uL/sec
Blowing out at A1 of Nunc 96 Well Plate 1000 µL on 8
Aspirating 15.0 uL from A1 of Nunc 96 Well Plate 1000 µL on 8 at 7.6 uL/sec
Dispensing 7.5 uL into A13 of Applied Biosystems 384 Well Plate 40 µL on 3 at 7.6 uL/sec
Dispensing 7.5 uL into A15 of Applied Biosystems 384 Well Plate 40 µL on 3 at 7.6 uL/sec
Blowing out at A1 of Nunc 96 Well Plate 1000 µL on 8
Aspirating 15.0 uL from A1 of Nunc 96 Well Plate 1000 µL on 8 at 7.6 uL/sec
Dispensing 7.5 uL into A17 of Applied Biosystems 384 Well Plate 40 µL on 3 at 7.6 uL/sec
Dispensing 7.5 uL into A19 of Applied Biosystems 384 Well Plate 40 µL on 3 at 7.6 uL/sec
Blowing out at A1 of Nunc 96 Well Plate 1000 µL on 8
Aspirating 15.0 uL from A1 of Nunc 96 Well Plate 1000 µL on 8 at 7.6 uL/sec
Dispensing 7.5 uL into A21 of Applied Biosystems 384 Well Plate 40 µL on 3 at 7.6 uL/sec
Dispensing 7.5 uL into A23 of Applied Biosystems 384 Well Plate 40 µL on 3 at 7.6 uL/sec
Blowing out at A1 of Nunc 96 Well Plate 1000 µL on 8
Aspirating 15.0 uL from A1 of Nunc 96 Well Plate 1000 µL on 8 at 7.6 uL/sec
Dispensing 7.5 uL into A1 of Applied Biosystems 384 Well Plate 40 µL on 4 at 7.6 uL/sec
Dispensing 7.5 uL into A3 of Applied Biosystems 384 Well Plate 40 µL on 4 at 7.6 uL/sec
Blowing out at A1 of Nunc 96 Well Plate 1000 µL on 8
Aspirating 15.0 uL from A1 of Nunc 96 Well Plate 1000 µL on 8 at 7.6 uL/sec
Dispensing 7.5 uL into A5 of Applied Biosystems 384 Well Plate 40 µL on 4 at 7.6 uL/sec
Dispensing 7.5 uL into A7 of Applied Biosystems 384 Well Plate 40 µL on 4 at 7.6 uL/sec
Blowing out at A1 of Nunc 96 Well Plate 1000 µL on 8
Aspirating 15.0 uL from A1 of Nunc 96 Well Plate 1000 µL on 8 at 7.6 uL/sec
Dispensing 7.5 uL into A9 of Applied Biosystems 384 Well Plate 40 µL on 4 at 7.6 uL/sec
Dispensing 7.5 uL into A11 of Applied Biosystems 384 Well Plate 40 µL on 4 at 7.6 uL/sec
Blowing out at A1 of Nunc 96 Well Plate 1000 µL on 8
Aspirating 15.0 uL from A1 of Nunc 96 Well Plate 1000 µL on 8 at 7.6 uL/sec
Dispensing 7.5 uL into A13 of Applied Biosystems 384 Well Plate 40 µL on 4 at 7.6 uL/sec
Dispensing 7.5 uL into A15 of Applied Biosystems 384 Well Plate 40 µL on 4 at 7.6 uL/sec
Blowing out at A1 of Nunc 96 Well Plate 1000 µL on 8
Aspirating 15.0 uL from A1 of Nunc 96 Well Plate 1000 µL on 8 at 7.6 uL/sec
Dispensing 7.5 uL into A17 of Applied Biosystems 384 Well Plate 40 µL on 4 at 7.6 uL/sec
Dispensing 7.5 uL into A19 of Applied Biosystems 384 Well Plate 40 µL on 4 at 7.6 uL/sec
Blowing out at A1 of Nunc 96 Well Plate 1000 µL on 8
Aspirating 15.0 uL from A1 of Nunc 96 Well Plate 1000 µL on 8 at 7.6 uL/sec
Dispensing 7.5 uL into A21 of Applied Biosystems 384 Well Plate 40 µL on 4 at 7.6 uL/sec
Dispensing 7.5 uL into A23 of Applied Biosystems 384 Well Plate 40 µL on 4 at 7.6 uL/sec
Blowing out at A1 of Nunc 96 Well Plate 1000 µL on 8
Aspirating 15.0 uL from A1 of Nunc 96 Well Plate 1000 µL on 8 at 7.6 uL/sec
Dispensing 7.5 uL into A1 of Applied Biosystems 384 Well Plate 40 µL on 5 at 7.6 uL/sec
Dispensing 7.5 uL into A3 of Applied Biosystems 384 Well Plate 40 µL on 5 at 7.6 uL/sec
Blowing out at A1 of Nunc 96 Well Plate 1000 µL on 8
Aspirating 15.0 uL from A1 of Nunc 96 Well Plate 1000 µL on 8 at 7.6 uL/sec
Dispensing 7.5 uL into A5 of Applied Biosystems 384 Well Plate 40 µL on 5 at 7.6 uL/sec
Dispensing 7.5 uL into A7 of Applied Biosystems 384 Well Plate 40 µL on 5 at 7.6 uL/sec
Blowing out at A1 of Nunc 96 Well Plate 1000 µL on 8
Aspirating 15.0 uL from A1 of Nunc 96 Well Plate 1000 µL on 8 at 7.6 uL/sec
Dispensing 7.5 uL into A9 of Applied Biosystems 384 Well Plate 40 µL on 5 at 7.6 uL/sec
Dispensing 7.5 uL into A11 of Applied Biosystems 384 Well Plate 40 µL on 5 at 7.6 uL/sec
Blowing out at A1 of Nunc 96 Well Plate 1000 µL on 8
Aspirating 15.0 uL from A1 of Nunc 96 Well Plate 1000 µL on 8 at 7.6 uL/sec
Dispensing 7.5 uL into A13 of Applied Biosystems 384 Well Plate 40 µL on 5 at 7.6 uL/sec
Dispensing 7.5 uL into A15 of Applied Biosystems 384 Well Plate 40 µL on 5 at 7.6 uL/sec
Blowing out at A1 of Nunc 96 Well Plate 1000 µL on 8
Aspirating 15.0 uL from A1 of Nunc 96 Well Plate 1000 µL on 8 at 7.6 uL/sec
Dispensing 7.5 uL into A17 of Applied Biosystems 384 Well Plate 40 µL on 5 at 7.6 uL/sec
Dispensing 7.5 uL into A19 of Applied Biosystems 384 Well Plate 40 µL on 5 at 7.6 uL/sec
Blowing out at A1 of Nunc 96 Well Plate 1000 µL on 8
Aspirating 15.0 uL from A1 of Nunc 96 Well Plate 1000 µL on 8 at 7.6 uL/sec
Dispensing 7.5 uL into A21 of Applied Biosystems 384 Well Plate 40 µL on 5 at 7.6 uL/sec
Dispensing 7.5 uL into A23 of Applied Biosystems 384 Well Plate 40 µL on 5 at 7.6 uL/sec
Blowing out at A1 of Nunc 96 Well Plate 1000 µL on 8
Aspirating 15.0 uL from A1 of Nunc 96 Well Plate 1000 µL on 8 at 7.6 uL/sec
Dispensing 7.5 uL into A1 of Applied Biosystems 384 Well Plate 40 µL on 6 at 7.6 uL/sec
Dispensing 7.5 uL into A3 of Applied Biosystems 384 Well Plate 40 µL on 6 at 7.6 uL/sec
Blowing out at A1 of Nunc 96 Well Plate 1000 µL on 8
Aspirating 15.0 uL from A1 of Nunc 96 Well Plate 1000 µL on 8 at 7.6 uL/sec
Dispensing 7.5 uL into A5 of Applied Biosystems 384 Well Plate 40 µL on 6 at 7.6 uL/sec
Dispensing 7.5 uL into A7 of Applied Biosystems 384 Well Plate 40 µL on 6 at 7.6 uL/sec
Blowing out at A1 of Nunc 96 Well Plate 1000 µL on 8
Aspirating 15.0 uL from A1 of Nunc 96 Well Plate 1000 µL on 8 at 7.6 uL/sec
Dispensing 7.5 uL into A9 of Applied Biosystems 384 Well Plate 40 µL on 6 at 7.6 uL/sec
Dispensing 7.5 uL into A11 of Applied Biosystems 384 Well Plate 40 µL on 6 at 7.6 uL/sec
Blowing out at A1 of Nunc 96 Well Plate 1000 µL on 8
Aspirating 15.0 uL from A1 of Nunc 96 Well Plate 1000 µL on 8 at 7.6 uL/sec
Dispensing 7.5 uL into A13 of Applied Biosystems 384 Well Plate 40 µL on 6 at 7.6 uL/sec
Dispensing 7.5 uL into A15 of Applied Biosystems 384 Well Plate 40 µL on 6 at 7.6 uL/sec
Blowing out at A1 of Nunc 96 Well Plate 1000 µL on 8
Aspirating 15.0 uL from A1 of Nunc 96 Well Plate 1000 µL on 8 at 7.6 uL/sec
Dispensing 7.5 uL into A17 of Applied Biosystems 384 Well Plate 40 µL on 6 at 7.6 uL/sec
Dispensing 7.5 uL into A19 of Applied Biosystems 384 Well Plate 40 µL on 6 at 7.6 uL/sec
Blowing out at A1 of Nunc 96 Well Plate 1000 µL on 8
Aspirating 15.0 uL from A1 of Nunc 96 Well Plate 1000 µL on 8 at 7.6 uL/sec
Dispensing 7.5 uL into A21 of Applied Biosystems 384 Well Plate 40 µL on 6 at 7.6 uL/sec
Dispensing 7.5 uL into A23 of Applied Biosystems 384 Well Plate 40 µL on 6 at 7.6 uL/sec
Blowing out at A1 of Nunc 96 Well Plate 1000 µL on 8
Aspirating 15.0 uL from A1 of Nunc 96 Well Plate 1000 µL on 8 at 7.6 uL/sec
Dispensing 7.5 uL into A1 of Applied Biosystems 384 Well Plate 40 µL on 7 at 7.6 uL/sec
Dispensing 7.5 uL into A3 of Applied Biosystems 384 Well Plate 40 µL on 7 at 7.6 uL/sec
Blowing out at A1 of Nunc 96 Well Plate 1000 µL on 8
Aspirating 15.0 uL from A1 of Nunc 96 Well Plate 1000 µL on 8 at 7.6 uL/sec
Dispensing 7.5 uL into A5 of Applied Biosystems 384 Well Plate 40 µL on 7 at 7.6 uL/sec
Dispensing 7.5 uL into A7 of Applied Biosystems 384 Well Plate 40 µL on 7 at 7.6 uL/sec
Blowing out at A1 of Nunc 96 Well Plate 1000 µL on 8
Aspirating 15.0 uL from A1 of Nunc 96 Well Plate 1000 µL on 8 at 7.6 uL/sec
Dispensing 7.5 uL into A9 of Applied Biosystems 384 Well Plate 40 µL on 7 at 7.6 uL/sec
Dispensing 7.5 uL into A11 of Applied Biosystems 384 Well Plate 40 µL on 7 at 7.6 uL/sec
Blowing out at A1 of Nunc 96 Well Plate 1000 µL on 8
Aspirating 15.0 uL from A1 of Nunc 96 Well Plate 1000 µL on 8 at 7.6 uL/sec
Dispensing 7.5 uL into A13 of Applied Biosystems 384 Well Plate 40 µL on 7 at 7.6 uL/sec
Dispensing 7.5 uL into A15 of Applied Biosystems 384 Well Plate 40 µL on 7 at 7.6 uL/sec
Blowing out at A1 of Nunc 96 Well Plate 1000 µL on 8
Aspirating 15.0 uL from A1 of Nunc 96 Well Plate 1000 µL on 8 at 7.6 uL/sec
Dispensing 7.5 uL into A17 of Applied Biosystems 384 Well Plate 40 µL on 7 at 7.6 uL/sec
Dispensing 7.5 uL into A19 of Applied Biosystems 384 Well Plate 40 µL on 7 at 7.6 uL/sec
Blowing out at A1 of Nunc 96 Well Plate 1000 µL on 8
Aspirating 15.0 uL from A1 of Nunc 96 Well Plate 1000 µL on 8 at 7.6 uL/sec
Dispensing 7.5 uL into A21 of Applied Biosystems 384 Well Plate 40 µL on 7 at 7.6 uL/sec
Dispensing 7.5 uL into A23 of Applied Biosystems 384 Well Plate 40 µL on 7 at 7.6 uL/sec
Blowing out at A1 of Nunc 96 Well Plate 1000 µL on 8
Aspirating 15.0 uL from A1 of Nunc 96 Well Plate 1000 µL on 8 at 7.6 uL/sec
Dispensing 7.5 uL into A1 of Applied Biosystems 384 Well Plate 40 µL on 10 at 7.6 uL/sec
Dispensing 7.5 uL into A3 of Applied Biosystems 384 Well Plate 40 µL on 10 at 7.6 uL/sec
Blowing out at A1 of Nunc 96 Well Plate 1000 µL on 8
Aspirating 15.0 uL from A1 of Nunc 96 Well Plate 1000 µL on 8 at 7.6 uL/sec
Dispensing 7.5 uL into A5 of Applied Biosystems 384 Well Plate 40 µL on 10 at 7.6 uL/sec
Dispensing 7.5 uL into A7 of Applied Biosystems 384 Well Plate 40 µL on 10 at 7.6 uL/sec
Blowing out at A1 of Nunc 96 Well Plate 1000 µL on 8
Aspirating 15.0 uL from A1 of Nunc 96 Well Plate 1000 µL on 8 at 7.6 uL/sec
Dispensing 7.5 uL into A9 of Applied Biosystems 384 Well Plate 40 µL on 10 at 7.6 uL/sec
Dispensing 7.5 uL into A11 of Applied Biosystems 384 Well Plate 40 µL on 10 at 7.6 uL/sec
Blowing out at A1 of Nunc 96 Well Plate 1000 µL on 8
Aspirating 15.0 uL from A1 of Nunc 96 Well Plate 1000 µL on 8 at 7.6 uL/sec
Dispensing 7.5 uL into A13 of Applied Biosystems 384 Well Plate 40 µL on 10 at 7.6 uL/sec
Dispensing 7.5 uL into A15 of Applied Biosystems 384 Well Plate 40 µL on 10 at 7.6 uL/sec
Blowing out at A1 of Nunc 96 Well Plate 1000 µL on 8
Aspirating 15.0 uL from A1 of Nunc 96 Well Plate 1000 µL on 8 at 7.6 uL/sec
Dispensing 7.5 uL into A17 of Applied Biosystems 384 Well Plate 40 µL on 10 at 7.6 uL/sec
Dispensing 7.5 uL into A19 of Applied Biosystems 384 Well Plate 40 µL on 10 at 7.6 uL/sec
Blowing out at A1 of Nunc 96 Well Plate 1000 µL on 8
Aspirating 15.0 uL from A1 of Nunc 96 Well Plate 1000 µL on 8 at 7.6 uL/sec
Dispensing 7.5 uL into A21 of Applied Biosystems 384 Well Plate 40 µL on 10 at 7.6 uL/sec
Dispensing 7.5 uL into A23 of Applied Biosystems 384 Well Plate 40 µL on 10 at 7.6 uL/sec
Blowing out at A1 of Nunc 96 Well Plate 1000 µL on 8
Aspirating 15.0 uL from A1 of Nunc 96 Well Plate 1000 µL on 8 at 7.6 uL/sec
Dispensing 7.5 uL into A1 of Applied Biosystems 384 Well Plate 40 µL on 11 at 7.6 uL/sec
Dispensing 7.5 uL into A3 of Applied Biosystems 384 Well Plate 40 µL on 11 at 7.6 uL/sec
Blowing out at A1 of Nunc 96 Well Plate 1000 µL on 8
Aspirating 15.0 uL from A1 of Nunc 96 Well Plate 1000 µL on 8 at 7.6 uL/sec
Dispensing 7.5 uL into A5 of Applied Biosystems 384 Well Plate 40 µL on 11 at 7.6 uL/sec
Dispensing 7.5 uL into A7 of Applied Biosystems 384 Well Plate 40 µL on 11 at 7.6 uL/sec
Blowing out at A1 of Nunc 96 Well Plate 1000 µL on 8
Aspirating 15.0 uL from A1 of Nunc 96 Well Plate 1000 µL on 8 at 7.6 uL/sec
Dispensing 7.5 uL into A9 of Applied Biosystems 384 Well Plate 40 µL on 11 at 7.6 uL/sec
Dispensing 7.5 uL into A11 of Applied Biosystems 384 Well Plate 40 µL on 11 at 7.6 uL/sec
Blowing out at A1 of Nunc 96 Well Plate 1000 µL on 8
Aspirating 15.0 uL from A1 of Nunc 96 Well Plate 1000 µL on 8 at 7.6 uL/sec
Dispensing 7.5 uL into A13 of Applied Biosystems 384 Well Plate 40 µL on 11 at 7.6 uL/sec
Dispensing 7.5 uL into A15 of Applied Biosystems 384 Well Plate 40 µL on 11 at 7.6 uL/sec
Blowing out at A1 of Nunc 96 Well Plate 1000 µL on 8
Aspirating 15.0 uL from A1 of Nunc 96 Well Plate 1000 µL on 8 at 7.6 uL/sec
Dispensing 7.5 uL into A17 of Applied Biosystems 384 Well Plate 40 µL on 11 at 7.6 uL/sec
Dispensing 7.5 uL into A19 of Applied Biosystems 384 Well Plate 40 µL on 11 at 7.6 uL/sec
Blowing out at A1 of Nunc 96 Well Plate 1000 µL on 8
Aspirating 15.0 uL from A1 of Nunc 96 Well Plate 1000 µL on 8 at 7.6 uL/sec
Dispensing 7.5 uL into A21 of Applied Biosystems 384 Well Plate 40 µL on 11 at 7.6 uL/sec
Dispensing 7.5 uL into A23 of Applied Biosystems 384 Well Plate 40 µL on 11 at 7.6 uL/sec
Dropping tip into A1 of Opentrons Fixed Trash on 12
Picking up tip from A2 of Opentrons OT-2 96 Filter Tip Rack 20 µL on 9
Blowing out at A3 of Nunc 96 Well Plate 1000 µL on 8
Aspirating 15.0 uL from A3 of Nunc 96 Well Plate 1000 µL on 8 at 7.6 uL/sec
Dispensing 7.5 uL into B1 of Applied Biosystems 384 Well Plate 40 µL on 1 at 7.6 uL/sec
Dispensing 7.5 uL into B3 of Applied Biosystems 384 Well Plate 40 µL on 1 at 7.6 uL/sec
Blowing out at A3 of Nunc 96 Well Plate 1000 µL on 8
Aspirating 15.0 uL from A3 of Nunc 96 Well Plate 1000 µL on 8 at 7.6 uL/sec
Dispensing 7.5 uL into B5 of Applied Biosystems 384 Well Plate 40 µL on 1 at 7.6 uL/sec
Dispensing 7.5 uL into B7 of Applied Biosystems 384 Well Plate 40 µL on 1 at 7.6 uL/sec
Blowing out at A3 of Nunc 96 Well Plate 1000 µL on 8
Aspirating 15.0 uL from A3 of Nunc 96 Well Plate 1000 µL on 8 at 7.6 uL/sec
Dispensing 7.5 uL into B9 of Applied Biosystems 384 Well Plate 40 µL on 1 at 7.6 uL/sec
Dispensing 7.5 uL into B11 of Applied Biosystems 384 Well Plate 40 µL on 1 at 7.6 uL/sec
Blowing out at A3 of Nunc 96 Well Plate 1000 µL on 8
Aspirating 15.0 uL from A3 of Nunc 96 Well Plate 1000 µL on 8 at 7.6 uL/sec
Dispensing 7.5 uL into B13 of Applied Biosystems 384 Well Plate 40 µL on 1 at 7.6 uL/sec
Dispensing 7.5 uL into B15 of Applied Biosystems 384 Well Plate 40 µL on 1 at 7.6 uL/sec
Blowing out at A3 of Nunc 96 Well Plate 1000 µL on 8
Aspirating 15.0 uL from A3 of Nunc 96 Well Plate 1000 µL on 8 at 7.6 uL/sec
Dispensing 7.5 uL into B17 of Applied Biosystems 384 Well Plate 40 µL on 1 at 7.6 uL/sec
Dispensing 7.5 uL into B19 of Applied Biosystems 384 Well Plate 40 µL on 1 at 7.6 uL/sec
Blowing out at A3 of Nunc 96 Well Plate 1000 µL on 8
Aspirating 15.0 uL from A3 of Nunc 96 Well Plate 1000 µL on 8 at 7.6 uL/sec
Dispensing 7.5 uL into B21 of Applied Biosystems 384 Well Plate 40 µL on 1 at 7.6 uL/sec
Dispensing 7.5 uL into B23 of Applied Biosystems 384 Well Plate 40 µL on 1 at 7.6 uL/sec
Blowing out at A3 of Nunc 96 Well Plate 1000 µL on 8
Aspirating 15.0 uL from A3 of Nunc 96 Well Plate 1000 µL on 8 at 7.6 uL/sec
Dispensing 7.5 uL into B1 of Applied Biosystems 384 Well Plate 40 µL on 2 at 7.6 uL/sec
Dispensing 7.5 uL into B3 of Applied Biosystems 384 Well Plate 40 µL on 2 at 7.6 uL/sec
Blowing out at A3 of Nunc 96 Well Plate 1000 µL on 8
Aspirating 15.0 uL from A3 of Nunc 96 Well Plate 1000 µL on 8 at 7.6 uL/sec
Dispensing 7.5 uL into B5 of Applied Biosystems 384 Well Plate 40 µL on 2 at 7.6 uL/sec
Dispensing 7.5 uL into B7 of Applied Biosystems 384 Well Plate 40 µL on 2 at 7.6 uL/sec
Blowing out at A3 of Nunc 96 Well Plate 1000 µL on 8
Aspirating 15.0 uL from A3 of Nunc 96 Well Plate 1000 µL on 8 at 7.6 uL/sec
Dispensing 7.5 uL into B9 of Applied Biosystems 384 Well Plate 40 µL on 2 at 7.6 uL/sec
Dispensing 7.5 uL into B11 of Applied Biosystems 384 Well Plate 40 µL on 2 at 7.6 uL/sec
Blowing out at A3 of Nunc 96 Well Plate 1000 µL on 8
Aspirating 15.0 uL from A3 of Nunc 96 Well Plate 1000 µL on 8 at 7.6 uL/sec
Dispensing 7.5 uL into B13 of Applied Biosystems 384 Well Plate 40 µL on 2 at 7.6 uL/sec
Dispensing 7.5 uL into B15 of Applied Biosystems 384 Well Plate 40 µL on 2 at 7.6 uL/sec
Blowing out at A3 of Nunc 96 Well Plate 1000 µL on 8
Aspirating 15.0 uL from A3 of Nunc 96 Well Plate 1000 µL on 8 at 7.6 uL/sec
Dispensing 7.5 uL into B17 of Applied Biosystems 384 Well Plate 40 µL on 2 at 7.6 uL/sec
Dispensing 7.5 uL into B19 of Applied Biosystems 384 Well Plate 40 µL on 2 at 7.6 uL/sec
Blowing out at A3 of Nunc 96 Well Plate 1000 µL on 8
Aspirating 15.0 uL from A3 of Nunc 96 Well Plate 1000 µL on 8 at 7.6 uL/sec
Dispensing 7.5 uL into B21 of Applied Biosystems 384 Well Plate 40 µL on 2 at 7.6 uL/sec
Dispensing 7.5 uL into B23 of Applied Biosystems 384 Well Plate 40 µL on 2 at 7.6 uL/sec
Blowing out at A3 of Nunc 96 Well Plate 1000 µL on 8
Aspirating 15.0 uL from A3 of Nunc 96 Well Plate 1000 µL on 8 at 7.6 uL/sec
Dispensing 7.5 uL into B1 of Applied Biosystems 384 Well Plate 40 µL on 3 at 7.6 uL/sec
Dispensing 7.5 uL into B3 of Applied Biosystems 384 Well Plate 40 µL on 3 at 7.6 uL/sec
Blowing out at A3 of Nunc 96 Well Plate 1000 µL on 8
Aspirating 15.0 uL from A3 of Nunc 96 Well Plate 1000 µL on 8 at 7.6 uL/sec
Dispensing 7.5 uL into B5 of Applied Biosystems 384 Well Plate 40 µL on 3 at 7.6 uL/sec
Dispensing 7.5 uL into B7 of Applied Biosystems 384 Well Plate 40 µL on 3 at 7.6 uL/sec
Blowing out at A3 of Nunc 96 Well Plate 1000 µL on 8
Aspirating 15.0 uL from A3 of Nunc 96 Well Plate 1000 µL on 8 at 7.6 uL/sec
Dispensing 7.5 uL into B9 of Applied Biosystems 384 Well Plate 40 µL on 3 at 7.6 uL/sec
Dispensing 7.5 uL into B11 of Applied Biosystems 384 Well Plate 40 µL on 3 at 7.6 uL/sec
Blowing out at A3 of Nunc 96 Well Plate 1000 µL on 8
Aspirating 15.0 uL from A3 of Nunc 96 Well Plate 1000 µL on 8 at 7.6 uL/sec
Dispensing 7.5 uL into B13 of Applied Biosystems 384 Well Plate 40 µL on 3 at 7.6 uL/sec
Dispensing 7.5 uL into B15 of Applied Biosystems 384 Well Plate 40 µL on 3 at 7.6 uL/sec
Blowing out at A3 of Nunc 96 Well Plate 1000 µL on 8
Aspirating 15.0 uL from A3 of Nunc 96 Well Plate 1000 µL on 8 at 7.6 uL/sec
Dispensing 7.5 uL into B17 of Applied Biosystems 384 Well Plate 40 µL on 3 at 7.6 uL/sec
Dispensing 7.5 uL into B19 of Applied Biosystems 384 Well Plate 40 µL on 3 at 7.6 uL/sec
Blowing out at A3 of Nunc 96 Well Plate 1000 µL on 8
Aspirating 15.0 uL from A3 of Nunc 96 Well Plate 1000 µL on 8 at 7.6 uL/sec
Dispensing 7.5 uL into B21 of Applied Biosystems 384 Well Plate 40 µL on 3 at 7.6 uL/sec
Dispensing 7.5 uL into B23 of Applied Biosystems 384 Well Plate 40 µL on 3 at 7.6 uL/sec
Blowing out at A3 of Nunc 96 Well Plate 1000 µL on 8
Aspirating 15.0 uL from A3 of Nunc 96 Well Plate 1000 µL on 8 at 7.6 uL/sec
Dispensing 7.5 uL into B1 of Applied Biosystems 384 Well Plate 40 µL on 4 at 7.6 uL/sec
Dispensing 7.5 uL into B3 of Applied Biosystems 384 Well Plate 40 µL on 4 at 7.6 uL/sec
Blowing out at A3 of Nunc 96 Well Plate 1000 µL on 8
Aspirating 15.0 uL from A3 of Nunc 96 Well Plate 1000 µL on 8 at 7.6 uL/sec
Dispensing 7.5 uL into B5 of Applied Biosystems 384 Well Plate 40 µL on 4 at 7.6 uL/sec
Dispensing 7.5 uL into B7 of Applied Biosystems 384 Well Plate 40 µL on 4 at 7.6 uL/sec
Blowing out at A3 of Nunc 96 Well Plate 1000 µL on 8
Aspirating 15.0 uL from A3 of Nunc 96 Well Plate 1000 µL on 8 at 7.6 uL/sec
Dispensing 7.5 uL into B9 of Applied Biosystems 384 Well Plate 40 µL on 4 at 7.6 uL/sec
Dispensing 7.5 uL into B11 of Applied Biosystems 384 Well Plate 40 µL on 4 at 7.6 uL/sec
Blowing out at A3 of Nunc 96 Well Plate 1000 µL on 8
Aspirating 15.0 uL from A3 of Nunc 96 Well Plate 1000 µL on 8 at 7.6 uL/sec
Dispensing 7.5 uL into B13 of Applied Biosystems 384 Well Plate 40 µL on 4 at 7.6 uL/sec
Dispensing 7.5 uL into B15 of Applied Biosystems 384 Well Plate 40 µL on 4 at 7.6 uL/sec
Blowing out at A3 of Nunc 96 Well Plate 1000 µL on 8
Aspirating 15.0 uL from A3 of Nunc 96 Well Plate 1000 µL on 8 at 7.6 uL/sec
Dispensing 7.5 uL into B17 of Applied Biosystems 384 Well Plate 40 µL on 4 at 7.6 uL/sec
Dispensing 7.5 uL into B19 of Applied Biosystems 384 Well Plate 40 µL on 4 at 7.6 uL/sec
Blowing out at A3 of Nunc 96 Well Plate 1000 µL on 8
Aspirating 15.0 uL from A3 of Nunc 96 Well Plate 1000 µL on 8 at 7.6 uL/sec
Dispensing 7.5 uL into B21 of Applied Biosystems 384 Well Plate 40 µL on 4 at 7.6 uL/sec
Dispensing 7.5 uL into B23 of Applied Biosystems 384 Well Plate 40 µL on 4 at 7.6 uL/sec
Blowing out at A3 of Nunc 96 Well Plate 1000 µL on 8
Aspirating 15.0 uL from A3 of Nunc 96 Well Plate 1000 µL on 8 at 7.6 uL/sec
Dispensing 7.5 uL into B1 of Applied Biosystems 384 Well Plate 40 µL on 5 at 7.6 uL/sec
Dispensing 7.5 uL into B3 of Applied Biosystems 384 Well Plate 40 µL on 5 at 7.6 uL/sec
Blowing out at A3 of Nunc 96 Well Plate 1000 µL on 8
Aspirating 15.0 uL from A3 of Nunc 96 Well Plate 1000 µL on 8 at 7.6 uL/sec
Dispensing 7.5 uL into B5 of Applied Biosystems 384 Well Plate 40 µL on 5 at 7.6 uL/sec
Dispensing 7.5 uL into B7 of Applied Biosystems 384 Well Plate 40 µL on 5 at 7.6 uL/sec
Blowing out at A3 of Nunc 96 Well Plate 1000 µL on 8
Aspirating 15.0 uL from A3 of Nunc 96 Well Plate 1000 µL on 8 at 7.6 uL/sec
Dispensing 7.5 uL into B9 of Applied Biosystems 384 Well Plate 40 µL on 5 at 7.6 uL/sec
Dispensing 7.5 uL into B11 of Applied Biosystems 384 Well Plate 40 µL on 5 at 7.6 uL/sec
Blowing out at A3 of Nunc 96 Well Plate 1000 µL on 8
Aspirating 15.0 uL from A3 of Nunc 96 Well Plate 1000 µL on 8 at 7.6 uL/sec
Dispensing 7.5 uL into B13 of Applied Biosystems 384 Well Plate 40 µL on 5 at 7.6 uL/sec
Dispensing 7.5 uL into B15 of Applied Biosystems 384 Well Plate 40 µL on 5 at 7.6 uL/sec
Blowing out at A3 of Nunc 96 Well Plate 1000 µL on 8
Aspirating 15.0 uL from A3 of Nunc 96 Well Plate 1000 µL on 8 at 7.6 uL/sec
Dispensing 7.5 uL into B17 of Applied Biosystems 384 Well Plate 40 µL on 5 at 7.6 uL/sec
Dispensing 7.5 uL into B19 of Applied Biosystems 384 Well Plate 40 µL on 5 at 7.6 uL/sec
Blowing out at A3 of Nunc 96 Well Plate 1000 µL on 8
Aspirating 15.0 uL from A3 of Nunc 96 Well Plate 1000 µL on 8 at 7.6 uL/sec
Dispensing 7.5 uL into B21 of Applied Biosystems 384 Well Plate 40 µL on 5 at 7.6 uL/sec
Dispensing 7.5 uL into B23 of Applied Biosystems 384 Well Plate 40 µL on 5 at 7.6 uL/sec
Blowing out at A3 of Nunc 96 Well Plate 1000 µL on 8
Aspirating 15.0 uL from A3 of Nunc 96 Well Plate 1000 µL on 8 at 7.6 uL/sec
Dispensing 7.5 uL into B1 of Applied Biosystems 384 Well Plate 40 µL on 6 at 7.6 uL/sec
Dispensing 7.5 uL into B3 of Applied Biosystems 384 Well Plate 40 µL on 6 at 7.6 uL/sec
Blowing out at A3 of Nunc 96 Well Plate 1000 µL on 8
Aspirating 15.0 uL from A3 of Nunc 96 Well Plate 1000 µL on 8 at 7.6 uL/sec
Dispensing 7.5 uL into B5 of Applied Biosystems 384 Well Plate 40 µL on 6 at 7.6 uL/sec
Dispensing 7.5 uL into B7 of Applied Biosystems 384 Well Plate 40 µL on 6 at 7.6 uL/sec
Blowing out at A3 of Nunc 96 Well Plate 1000 µL on 8
Aspirating 15.0 uL from A3 of Nunc 96 Well Plate 1000 µL on 8 at 7.6 uL/sec
Dispensing 7.5 uL into B9 of Applied Biosystems 384 Well Plate 40 µL on 6 at 7.6 uL/sec
Dispensing 7.5 uL into B11 of Applied Biosystems 384 Well Plate 40 µL on 6 at 7.6 uL/sec
Blowing out at A3 of Nunc 96 Well Plate 1000 µL on 8
Aspirating 15.0 uL from A3 of Nunc 96 Well Plate 1000 µL on 8 at 7.6 uL/sec
Dispensing 7.5 uL into B13 of Applied Biosystems 384 Well Plate 40 µL on 6 at 7.6 uL/sec
Dispensing 7.5 uL into B15 of Applied Biosystems 384 Well Plate 40 µL on 6 at 7.6 uL/sec
Blowing out at A3 of Nunc 96 Well Plate 1000 µL on 8
Aspirating 15.0 uL from A3 of Nunc 96 Well Plate 1000 µL on 8 at 7.6 uL/sec
Dispensing 7.5 uL into B17 of Applied Biosystems 384 Well Plate 40 µL on 6 at 7.6 uL/sec
Dispensing 7.5 uL into B19 of Applied Biosystems 384 Well Plate 40 µL on 6 at 7.6 uL/sec
Blowing out at A3 of Nunc 96 Well Plate 1000 µL on 8
Aspirating 15.0 uL from A3 of Nunc 96 Well Plate 1000 µL on 8 at 7.6 uL/sec
Dispensing 7.5 uL into B21 of Applied Biosystems 384 Well Plate 40 µL on 6 at 7.6 uL/sec
Dispensing 7.5 uL into B23 of Applied Biosystems 384 Well Plate 40 µL on 6 at 7.6 uL/sec
Blowing out at A3 of Nunc 96 Well Plate 1000 µL on 8
Aspirating 15.0 uL from A3 of Nunc 96 Well Plate 1000 µL on 8 at 7.6 uL/sec
Dispensing 7.5 uL into B1 of Applied Biosystems 384 Well Plate 40 µL on 7 at 7.6 uL/sec
Dispensing 7.5 uL into B3 of Applied Biosystems 384 Well Plate 40 µL on 7 at 7.6 uL/sec
Blowing out at A3 of Nunc 96 Well Plate 1000 µL on 8
Aspirating 15.0 uL from A3 of Nunc 96 Well Plate 1000 µL on 8 at 7.6 uL/sec
Dispensing 7.5 uL into B5 of Applied Biosystems 384 Well Plate 40 µL on 7 at 7.6 uL/sec
Dispensing 7.5 uL into B7 of Applied Biosystems 384 Well Plate 40 µL on 7 at 7.6 uL/sec
Blowing out at A3 of Nunc 96 Well Plate 1000 µL on 8
Aspirating 15.0 uL from A3 of Nunc 96 Well Plate 1000 µL on 8 at 7.6 uL/sec
Dispensing 7.5 uL into B9 of Applied Biosystems 384 Well Plate 40 µL on 7 at 7.6 uL/sec
Dispensing 7.5 uL into B11 of Applied Biosystems 384 Well Plate 40 µL on 7 at 7.6 uL/sec
Blowing out at A3 of Nunc 96 Well Plate 1000 µL on 8
Aspirating 15.0 uL from A3 of Nunc 96 Well Plate 1000 µL on 8 at 7.6 uL/sec
Dispensing 7.5 uL into B13 of Applied Biosystems 384 Well Plate 40 µL on 7 at 7.6 uL/sec
Dispensing 7.5 uL into B15 of Applied Biosystems 384 Well Plate 40 µL on 7 at 7.6 uL/sec
Blowing out at A3 of Nunc 96 Well Plate 1000 µL on 8
Aspirating 15.0 uL from A3 of Nunc 96 Well Plate 1000 µL on 8 at 7.6 uL/sec
Dispensing 7.5 uL into B17 of Applied Biosystems 384 Well Plate 40 µL on 7 at 7.6 uL/sec
Dispensing 7.5 uL into B19 of Applied Biosystems 384 Well Plate 40 µL on 7 at 7.6 uL/sec
Blowing out at A3 of Nunc 96 Well Plate 1000 µL on 8
Aspirating 15.0 uL from A3 of Nunc 96 Well Plate 1000 µL on 8 at 7.6 uL/sec
Dispensing 7.5 uL into B21 of Applied Biosystems 384 Well Plate 40 µL on 7 at 7.6 uL/sec
Dispensing 7.5 uL into B23 of Applied Biosystems 384 Well Plate 40 µL on 7 at 7.6 uL/sec
Blowing out at A3 of Nunc 96 Well Plate 1000 µL on 8
Aspirating 15.0 uL from A3 of Nunc 96 Well Plate 1000 µL on 8 at 7.6 uL/sec
Dispensing 7.5 uL into B1 of Applied Biosystems 384 Well Plate 40 µL on 10 at 7.6 uL/sec
Dispensing 7.5 uL into B3 of Applied Biosystems 384 Well Plate 40 µL on 10 at 7.6 uL/sec
Blowing out at A3 of Nunc 96 Well Plate 1000 µL on 8
Aspirating 15.0 uL from A3 of Nunc 96 Well Plate 1000 µL on 8 at 7.6 uL/sec
Dispensing 7.5 uL into B5 of Applied Biosystems 384 Well Plate 40 µL on 10 at 7.6 uL/sec
Dispensing 7.5 uL into B7 of Applied Biosystems 384 Well Plate 40 µL on 10 at 7.6 uL/sec
Blowing out at A3 of Nunc 96 Well Plate 1000 µL on 8
Aspirating 15.0 uL from A3 of Nunc 96 Well Plate 1000 µL on 8 at 7.6 uL/sec
Dispensing 7.5 uL into B9 of Applied Biosystems 384 Well Plate 40 µL on 10 at 7.6 uL/sec
Dispensing 7.5 uL into B11 of Applied Biosystems 384 Well Plate 40 µL on 10 at 7.6 uL/sec
Blowing out at A3 of Nunc 96 Well Plate 1000 µL on 8
Aspirating 15.0 uL from A3 of Nunc 96 Well Plate 1000 µL on 8 at 7.6 uL/sec
Dispensing 7.5 uL into B13 of Applied Biosystems 384 Well Plate 40 µL on 10 at 7.6 uL/sec
Dispensing 7.5 uL into B15 of Applied Biosystems 384 Well Plate 40 µL on 10 at 7.6 uL/sec
Blowing out at A3 of Nunc 96 Well Plate 1000 µL on 8
Aspirating 15.0 uL from A3 of Nunc 96 Well Plate 1000 µL on 8 at 7.6 uL/sec
Dispensing 7.5 uL into B17 of Applied Biosystems 384 Well Plate 40 µL on 10 at 7.6 uL/sec
Dispensing 7.5 uL into B19 of Applied Biosystems 384 Well Plate 40 µL on 10 at 7.6 uL/sec
Blowing out at A3 of Nunc 96 Well Plate 1000 µL on 8
Aspirating 15.0 uL from A3 of Nunc 96 Well Plate 1000 µL on 8 at 7.6 uL/sec
Dispensing 7.5 uL into B21 of Applied Biosystems 384 Well Plate 40 µL on 10 at 7.6 uL/sec
Dispensing 7.5 uL into B23 of Applied Biosystems 384 Well Plate 40 µL on 10 at 7.6 uL/sec
Blowing out at A3 of Nunc 96 Well Plate 1000 µL on 8
Aspirating 15.0 uL from A3 of Nunc 96 Well Plate 1000 µL on 8 at 7.6 uL/sec
Dispensing 7.5 uL into B1 of Applied Biosystems 384 Well Plate 40 µL on 11 at 7.6 uL/sec
Dispensing 7.5 uL into B3 of Applied Biosystems 384 Well Plate 40 µL on 11 at 7.6 uL/sec
Blowing out at A3 of Nunc 96 Well Plate 1000 µL on 8
Aspirating 15.0 uL from A3 of Nunc 96 Well Plate 1000 µL on 8 at 7.6 uL/sec
Dispensing 7.5 uL into B5 of Applied Biosystems 384 Well Plate 40 µL on 11 at 7.6 uL/sec
Dispensing 7.5 uL into B7 of Applied Biosystems 384 Well Plate 40 µL on 11 at 7.6 uL/sec
Blowing out at A3 of Nunc 96 Well Plate 1000 µL on 8
Aspirating 15.0 uL from A3 of Nunc 96 Well Plate 1000 µL on 8 at 7.6 uL/sec
Dispensing 7.5 uL into B9 of Applied Biosystems 384 Well Plate 40 µL on 11 at 7.6 uL/sec
Dispensing 7.5 uL into B11 of Applied Biosystems 384 Well Plate 40 µL on 11 at 7.6 uL/sec
Blowing out at A3 of Nunc 96 Well Plate 1000 µL on 8
Aspirating 15.0 uL from A3 of Nunc 96 Well Plate 1000 µL on 8 at 7.6 uL/sec
Dispensing 7.5 uL into B13 of Applied Biosystems 384 Well Plate 40 µL on 11 at 7.6 uL/sec
Dispensing 7.5 uL into B15 of Applied Biosystems 384 Well Plate 40 µL on 11 at 7.6 uL/sec
Blowing out at A3 of Nunc 96 Well Plate 1000 µL on 8
Aspirating 15.0 uL from A3 of Nunc 96 Well Plate 1000 µL on 8 at 7.6 uL/sec
Dispensing 7.5 uL into B17 of Applied Biosystems 384 Well Plate 40 µL on 11 at 7.6 uL/sec
Dispensing 7.5 uL into B19 of Applied Biosystems 384 Well Plate 40 µL on 11 at 7.6 uL/sec
Blowing out at A3 of Nunc 96 Well Plate 1000 µL on 8
Aspirating 15.0 uL from A3 of Nunc 96 Well Plate 1000 µL on 8 at 7.6 uL/sec
Dispensing 7.5 uL into B21 of Applied Biosystems 384 Well Plate 40 µL on 11 at 7.6 uL/sec
Dispensing 7.5 uL into B23 of Applied Biosystems 384 Well Plate 40 µL on 11 at 7.6 uL/sec
Dropping tip into A1 of Opentrons Fixed Trash on 12
Picking up tip from A3 of Opentrons OT-2 96 Filter Tip Rack 20 µL on 9
Blowing out at A2 of Nunc 96 Well Plate 1000 µL on 8
Aspirating 15.0 uL from A2 of Nunc 96 Well Plate 1000 µL on 8 at 7.6 uL/sec
Dispensing 7.5 uL into A2 of Applied Biosystems 384 Well Plate 40 µL on 1 at 7.6 uL/sec
Dispensing 7.5 uL into A4 of Applied Biosystems 384 Well Plate 40 µL on 1 at 7.6 uL/sec
Blowing out at A2 of Nunc 96 Well Plate 1000 µL on 8
Aspirating 15.0 uL from A2 of Nunc 96 Well Plate 1000 µL on 8 at 7.6 uL/sec
Dispensing 7.5 uL into A6 of Applied Biosystems 384 Well Plate 40 µL on 1 at 7.6 uL/sec
Dispensing 7.5 uL into A8 of Applied Biosystems 384 Well Plate 40 µL on 1 at 7.6 uL/sec
Blowing out at A2 of Nunc 96 Well Plate 1000 µL on 8
Aspirating 15.0 uL from A2 of Nunc 96 Well Plate 1000 µL on 8 at 7.6 uL/sec
Dispensing 7.5 uL into A10 of Applied Biosystems 384 Well Plate 40 µL on 1 at 7.6 uL/sec
Dispensing 7.5 uL into A12 of Applied Biosystems 384 Well Plate 40 µL on 1 at 7.6 uL/sec
Blowing out at A2 of Nunc 96 Well Plate 1000 µL on 8
Aspirating 15.0 uL from A2 of Nunc 96 Well Plate 1000 µL on 8 at 7.6 uL/sec
Dispensing 7.5 uL into A14 of Applied Biosystems 384 Well Plate 40 µL on 1 at 7.6 uL/sec
Dispensing 7.5 uL into A16 of Applied Biosystems 384 Well Plate 40 µL on 1 at 7.6 uL/sec
Blowing out at A2 of Nunc 96 Well Plate 1000 µL on 8
Aspirating 15.0 uL from A2 of Nunc 96 Well Plate 1000 µL on 8 at 7.6 uL/sec
Dispensing 7.5 uL into A18 of Applied Biosystems 384 Well Plate 40 µL on 1 at 7.6 uL/sec
Dispensing 7.5 uL into A20 of Applied Biosystems 384 Well Plate 40 µL on 1 at 7.6 uL/sec
Blowing out at A2 of Nunc 96 Well Plate 1000 µL on 8
Aspirating 15.0 uL from A2 of Nunc 96 Well Plate 1000 µL on 8 at 7.6 uL/sec
Dispensing 7.5 uL into A22 of Applied Biosystems 384 Well Plate 40 µL on 1 at 7.6 uL/sec
Dispensing 7.5 uL into A24 of Applied Biosystems 384 Well Plate 40 µL on 1 at 7.6 uL/sec
Blowing out at A2 of Nunc 96 Well Plate 1000 µL on 8
Aspirating 15.0 uL from A2 of Nunc 96 Well Plate 1000 µL on 8 at 7.6 uL/sec
Dispensing 7.5 uL into A2 of Applied Biosystems 384 Well Plate 40 µL on 2 at 7.6 uL/sec
Dispensing 7.5 uL into A4 of Applied Biosystems 384 Well Plate 40 µL on 2 at 7.6 uL/sec
Blowing out at A2 of Nunc 96 Well Plate 1000 µL on 8
Aspirating 15.0 uL from A2 of Nunc 96 Well Plate 1000 µL on 8 at 7.6 uL/sec
Dispensing 7.5 uL into A6 of Applied Biosystems 384 Well Plate 40 µL on 2 at 7.6 uL/sec
Dispensing 7.5 uL into A8 of Applied Biosystems 384 Well Plate 40 µL on 2 at 7.6 uL/sec
Blowing out at A2 of Nunc 96 Well Plate 1000 µL on 8
Aspirating 15.0 uL from A2 of Nunc 96 Well Plate 1000 µL on 8 at 7.6 uL/sec
Dispensing 7.5 uL into A10 of Applied Biosystems 384 Well Plate 40 µL on 2 at 7.6 uL/sec
Dispensing 7.5 uL into A12 of Applied Biosystems 384 Well Plate 40 µL on 2 at 7.6 uL/sec
Blowing out at A2 of Nunc 96 Well Plate 1000 µL on 8
Aspirating 15.0 uL from A2 of Nunc 96 Well Plate 1000 µL on 8 at 7.6 uL/sec
Dispensing 7.5 uL into A14 of Applied Biosystems 384 Well Plate 40 µL on 2 at 7.6 uL/sec
Dispensing 7.5 uL into A16 of Applied Biosystems 384 Well Plate 40 µL on 2 at 7.6 uL/sec
Blowing out at A2 of Nunc 96 Well Plate 1000 µL on 8
Aspirating 15.0 uL from A2 of Nunc 96 Well Plate 1000 µL on 8 at 7.6 uL/sec
Dispensing 7.5 uL into A18 of Applied Biosystems 384 Well Plate 40 µL on 2 at 7.6 uL/sec
Dispensing 7.5 uL into A20 of Applied Biosystems 384 Well Plate 40 µL on 2 at 7.6 uL/sec
Blowing out at A2 of Nunc 96 Well Plate 1000 µL on 8
Aspirating 15.0 uL from A2 of Nunc 96 Well Plate 1000 µL on 8 at 7.6 uL/sec
Dispensing 7.5 uL into A22 of Applied Biosystems 384 Well Plate 40 µL on 2 at 7.6 uL/sec
Dispensing 7.5 uL into A24 of Applied Biosystems 384 Well Plate 40 µL on 2 at 7.6 uL/sec
Blowing out at A2 of Nunc 96 Well Plate 1000 µL on 8
Aspirating 15.0 uL from A2 of Nunc 96 Well Plate 1000 µL on 8 at 7.6 uL/sec
Dispensing 7.5 uL into A2 of Applied Biosystems 384 Well Plate 40 µL on 3 at 7.6 uL/sec
Dispensing 7.5 uL into A4 of Applied Biosystems 384 Well Plate 40 µL on 3 at 7.6 uL/sec
Blowing out at A2 of Nunc 96 Well Plate 1000 µL on 8
Aspirating 15.0 uL from A2 of Nunc 96 Well Plate 1000 µL on 8 at 7.6 uL/sec
Dispensing 7.5 uL into A6 of Applied Biosystems 384 Well Plate 40 µL on 3 at 7.6 uL/sec
Dispensing 7.5 uL into A8 of Applied Biosystems 384 Well Plate 40 µL on 3 at 7.6 uL/sec
Blowing out at A2 of Nunc 96 Well Plate 1000 µL on 8
Aspirating 15.0 uL from A2 of Nunc 96 Well Plate 1000 µL on 8 at 7.6 uL/sec
Dispensing 7.5 uL into A10 of Applied Biosystems 384 Well Plate 40 µL on 3 at 7.6 uL/sec
Dispensing 7.5 uL into A12 of Applied Biosystems 384 Well Plate 40 µL on 3 at 7.6 uL/sec
Blowing out at A2 of Nunc 96 Well Plate 1000 µL on 8
Aspirating 15.0 uL from A2 of Nunc 96 Well Plate 1000 µL on 8 at 7.6 uL/sec
Dispensing 7.5 uL into A14 of Applied Biosystems 384 Well Plate 40 µL on 3 at 7.6 uL/sec
Dispensing 7.5 uL into A16 of Applied Biosystems 384 Well Plate 40 µL on 3 at 7.6 uL/sec
Blowing out at A2 of Nunc 96 Well Plate 1000 µL on 8
Aspirating 15.0 uL from A2 of Nunc 96 Well Plate 1000 µL on 8 at 7.6 uL/sec
Dispensing 7.5 uL into A18 of Applied Biosystems 384 Well Plate 40 µL on 3 at 7.6 uL/sec
Dispensing 7.5 uL into A20 of Applied Biosystems 384 Well Plate 40 µL on 3 at 7.6 uL/sec
Blowing out at A2 of Nunc 96 Well Plate 1000 µL on 8
Aspirating 15.0 uL from A2 of Nunc 96 Well Plate 1000 µL on 8 at 7.6 uL/sec
Dispensing 7.5 uL into A22 of Applied Biosystems 384 Well Plate 40 µL on 3 at 7.6 uL/sec
Dispensing 7.5 uL into A24 of Applied Biosystems 384 Well Plate 40 µL on 3 at 7.6 uL/sec
Blowing out at A2 of Nunc 96 Well Plate 1000 µL on 8
Aspirating 15.0 uL from A2 of Nunc 96 Well Plate 1000 µL on 8 at 7.6 uL/sec
Dispensing 7.5 uL into A2 of Applied Biosystems 384 Well Plate 40 µL on 4 at 7.6 uL/sec
Dispensing 7.5 uL into A4 of Applied Biosystems 384 Well Plate 40 µL on 4 at 7.6 uL/sec
Blowing out at A2 of Nunc 96 Well Plate 1000 µL on 8
Aspirating 15.0 uL from A2 of Nunc 96 Well Plate 1000 µL on 8 at 7.6 uL/sec
Dispensing 7.5 uL into A6 of Applied Biosystems 384 Well Plate 40 µL on 4 at 7.6 uL/sec
Dispensing 7.5 uL into A8 of Applied Biosystems 384 Well Plate 40 µL on 4 at 7.6 uL/sec
Blowing out at A2 of Nunc 96 Well Plate 1000 µL on 8
Aspirating 15.0 uL from A2 of Nunc 96 Well Plate 1000 µL on 8 at 7.6 uL/sec
Dispensing 7.5 uL into A10 of Applied Biosystems 384 Well Plate 40 µL on 4 at 7.6 uL/sec
Dispensing 7.5 uL into A12 of Applied Biosystems 384 Well Plate 40 µL on 4 at 7.6 uL/sec
Blowing out at A2 of Nunc 96 Well Plate 1000 µL on 8
Aspirating 15.0 uL from A2 of Nunc 96 Well Plate 1000 µL on 8 at 7.6 uL/sec
Dispensing 7.5 uL into A14 of Applied Biosystems 384 Well Plate 40 µL on 4 at 7.6 uL/sec
Dispensing 7.5 uL into A16 of Applied Biosystems 384 Well Plate 40 µL on 4 at 7.6 uL/sec
Blowing out at A2 of Nunc 96 Well Plate 1000 µL on 8
Aspirating 15.0 uL from A2 of Nunc 96 Well Plate 1000 µL on 8 at 7.6 uL/sec
Dispensing 7.5 uL into A18 of Applied Biosystems 384 Well Plate 40 µL on 4 at 7.6 uL/sec
Dispensing 7.5 uL into A20 of Applied Biosystems 384 Well Plate 40 µL on 4 at 7.6 uL/sec
Blowing out at A2 of Nunc 96 Well Plate 1000 µL on 8
Aspirating 15.0 uL from A2 of Nunc 96 Well Plate 1000 µL on 8 at 7.6 uL/sec
Dispensing 7.5 uL into A22 of Applied Biosystems 384 Well Plate 40 µL on 4 at 7.6 uL/sec
Dispensing 7.5 uL into A24 of Applied Biosystems 384 Well Plate 40 µL on 4 at 7.6 uL/sec
Blowing out at A2 of Nunc 96 Well Plate 1000 µL on 8
Aspirating 15.0 uL from A2 of Nunc 96 Well Plate 1000 µL on 8 at 7.6 uL/sec
Dispensing 7.5 uL into A2 of Applied Biosystems 384 Well Plate 40 µL on 5 at 7.6 uL/sec
Dispensing 7.5 uL into A4 of Applied Biosystems 384 Well Plate 40 µL on 5 at 7.6 uL/sec
Blowing out at A2 of Nunc 96 Well Plate 1000 µL on 8
Aspirating 15.0 uL from A2 of Nunc 96 Well Plate 1000 µL on 8 at 7.6 uL/sec
Dispensing 7.5 uL into A6 of Applied Biosystems 384 Well Plate 40 µL on 5 at 7.6 uL/sec
Dispensing 7.5 uL into A8 of Applied Biosystems 384 Well Plate 40 µL on 5 at 7.6 uL/sec
Blowing out at A2 of Nunc 96 Well Plate 1000 µL on 8
Aspirating 15.0 uL from A2 of Nunc 96 Well Plate 1000 µL on 8 at 7.6 uL/sec
Dispensing 7.5 uL into A10 of Applied Biosystems 384 Well Plate 40 µL on 5 at 7.6 uL/sec
Dispensing 7.5 uL into A12 of Applied Biosystems 384 Well Plate 40 µL on 5 at 7.6 uL/sec
Blowing out at A2 of Nunc 96 Well Plate 1000 µL on 8
Aspirating 15.0 uL from A2 of Nunc 96 Well Plate 1000 µL on 8 at 7.6 uL/sec
Dispensing 7.5 uL into A14 of Applied Biosystems 384 Well Plate 40 µL on 5 at 7.6 uL/sec
Dispensing 7.5 uL into A16 of Applied Biosystems 384 Well Plate 40 µL on 5 at 7.6 uL/sec
Blowing out at A2 of Nunc 96 Well Plate 1000 µL on 8
Aspirating 15.0 uL from A2 of Nunc 96 Well Plate 1000 µL on 8 at 7.6 uL/sec
Dispensing 7.5 uL into A18 of Applied Biosystems 384 Well Plate 40 µL on 5 at 7.6 uL/sec
Dispensing 7.5 uL into A20 of Applied Biosystems 384 Well Plate 40 µL on 5 at 7.6 uL/sec
Blowing out at A2 of Nunc 96 Well Plate 1000 µL on 8
Aspirating 15.0 uL from A2 of Nunc 96 Well Plate 1000 µL on 8 at 7.6 uL/sec
Dispensing 7.5 uL into A22 of Applied Biosystems 384 Well Plate 40 µL on 5 at 7.6 uL/sec
Dispensing 7.5 uL into A24 of Applied Biosystems 384 Well Plate 40 µL on 5 at 7.6 uL/sec
Blowing out at A2 of Nunc 96 Well Plate 1000 µL on 8
Aspirating 15.0 uL from A2 of Nunc 96 Well Plate 1000 µL on 8 at 7.6 uL/sec
Dispensing 7.5 uL into A2 of Applied Biosystems 384 Well Plate 40 µL on 6 at 7.6 uL/sec
Dispensing 7.5 uL into A4 of Applied Biosystems 384 Well Plate 40 µL on 6 at 7.6 uL/sec
Blowing out at A2 of Nunc 96 Well Plate 1000 µL on 8
Aspirating 15.0 uL from A2 of Nunc 96 Well Plate 1000 µL on 8 at 7.6 uL/sec
Dispensing 7.5 uL into A6 of Applied Biosystems 384 Well Plate 40 µL on 6 at 7.6 uL/sec
Dispensing 7.5 uL into A8 of Applied Biosystems 384 Well Plate 40 µL on 6 at 7.6 uL/sec
Blowing out at A2 of Nunc 96 Well Plate 1000 µL on 8
Aspirating 15.0 uL from A2 of Nunc 96 Well Plate 1000 µL on 8 at 7.6 uL/sec
Dispensing 7.5 uL into A10 of Applied Biosystems 384 Well Plate 40 µL on 6 at 7.6 uL/sec
Dispensing 7.5 uL into A12 of Applied Biosystems 384 Well Plate 40 µL on 6 at 7.6 uL/sec
Blowing out at A2 of Nunc 96 Well Plate 1000 µL on 8
Aspirating 15.0 uL from A2 of Nunc 96 Well Plate 1000 µL on 8 at 7.6 uL/sec
Dispensing 7.5 uL into A14 of Applied Biosystems 384 Well Plate 40 µL on 6 at 7.6 uL/sec
Dispensing 7.5 uL into A16 of Applied Biosystems 384 Well Plate 40 µL on 6 at 7.6 uL/sec
Blowing out at A2 of Nunc 96 Well Plate 1000 µL on 8
Aspirating 15.0 uL from A2 of Nunc 96 Well Plate 1000 µL on 8 at 7.6 uL/sec
Dispensing 7.5 uL into A18 of Applied Biosystems 384 Well Plate 40 µL on 6 at 7.6 uL/sec
Dispensing 7.5 uL into A20 of Applied Biosystems 384 Well Plate 40 µL on 6 at 7.6 uL/sec
Blowing out at A2 of Nunc 96 Well Plate 1000 µL on 8
Aspirating 15.0 uL from A2 of Nunc 96 Well Plate 1000 µL on 8 at 7.6 uL/sec
Dispensing 7.5 uL into A22 of Applied Biosystems 384 Well Plate 40 µL on 6 at 7.6 uL/sec
Dispensing 7.5 uL into A24 of Applied Biosystems 384 Well Plate 40 µL on 6 at 7.6 uL/sec
Blowing out at A2 of Nunc 96 Well Plate 1000 µL on 8
Aspirating 15.0 uL from A2 of Nunc 96 Well Plate 1000 µL on 8 at 7.6 uL/sec
Dispensing 7.5 uL into A2 of Applied Biosystems 384 Well Plate 40 µL on 7 at 7.6 uL/sec
Dispensing 7.5 uL into A4 of Applied Biosystems 384 Well Plate 40 µL on 7 at 7.6 uL/sec
Blowing out at A2 of Nunc 96 Well Plate 1000 µL on 8
Aspirating 15.0 uL from A2 of Nunc 96 Well Plate 1000 µL on 8 at 7.6 uL/sec
Dispensing 7.5 uL into A6 of Applied Biosystems 384 Well Plate 40 µL on 7 at 7.6 uL/sec
Dispensing 7.5 uL into A8 of Applied Biosystems 384 Well Plate 40 µL on 7 at 7.6 uL/sec
Blowing out at A2 of Nunc 96 Well Plate 1000 µL on 8
Aspirating 15.0 uL from A2 of Nunc 96 Well Plate 1000 µL on 8 at 7.6 uL/sec
Dispensing 7.5 uL into A10 of Applied Biosystems 384 Well Plate 40 µL on 7 at 7.6 uL/sec
Dispensing 7.5 uL into A12 of Applied Biosystems 384 Well Plate 40 µL on 7 at 7.6 uL/sec
Blowing out at A2 of Nunc 96 Well Plate 1000 µL on 8
Aspirating 15.0 uL from A2 of Nunc 96 Well Plate 1000 µL on 8 at 7.6 uL/sec
Dispensing 7.5 uL into A14 of Applied Biosystems 384 Well Plate 40 µL on 7 at 7.6 uL/sec
Dispensing 7.5 uL into A16 of Applied Biosystems 384 Well Plate 40 µL on 7 at 7.6 uL/sec
Blowing out at A2 of Nunc 96 Well Plate 1000 µL on 8
Aspirating 15.0 uL from A2 of Nunc 96 Well Plate 1000 µL on 8 at 7.6 uL/sec
Dispensing 7.5 uL into A18 of Applied Biosystems 384 Well Plate 40 µL on 7 at 7.6 uL/sec
Dispensing 7.5 uL into A20 of Applied Biosystems 384 Well Plate 40 µL on 7 at 7.6 uL/sec
Blowing out at A2 of Nunc 96 Well Plate 1000 µL on 8
Aspirating 15.0 uL from A2 of Nunc 96 Well Plate 1000 µL on 8 at 7.6 uL/sec
Dispensing 7.5 uL into A22 of Applied Biosystems 384 Well Plate 40 µL on 7 at 7.6 uL/sec
Dispensing 7.5 uL into A24 of Applied Biosystems 384 Well Plate 40 µL on 7 at 7.6 uL/sec
Blowing out at A2 of Nunc 96 Well Plate 1000 µL on 8
Aspirating 15.0 uL from A2 of Nunc 96 Well Plate 1000 µL on 8 at 7.6 uL/sec
Dispensing 7.5 uL into A2 of Applied Biosystems 384 Well Plate 40 µL on 10 at 7.6 uL/sec
Dispensing 7.5 uL into A4 of Applied Biosystems 384 Well Plate 40 µL on 10 at 7.6 uL/sec
Blowing out at A2 of Nunc 96 Well Plate 1000 µL on 8
Aspirating 15.0 uL from A2 of Nunc 96 Well Plate 1000 µL on 8 at 7.6 uL/sec
Dispensing 7.5 uL into A6 of Applied Biosystems 384 Well Plate 40 µL on 10 at 7.6 uL/sec
Dispensing 7.5 uL into A8 of Applied Biosystems 384 Well Plate 40 µL on 10 at 7.6 uL/sec
Blowing out at A2 of Nunc 96 Well Plate 1000 µL on 8
Aspirating 15.0 uL from A2 of Nunc 96 Well Plate 1000 µL on 8 at 7.6 uL/sec
Dispensing 7.5 uL into A10 of Applied Biosystems 384 Well Plate 40 µL on 10 at 7.6 uL/sec
Dispensing 7.5 uL into A12 of Applied Biosystems 384 Well Plate 40 µL on 10 at 7.6 uL/sec
Blowing out at A2 of Nunc 96 Well Plate 1000 µL on 8
Aspirating 15.0 uL from A2 of Nunc 96 Well Plate 1000 µL on 8 at 7.6 uL/sec
Dispensing 7.5 uL into A14 of Applied Biosystems 384 Well Plate 40 µL on 10 at 7.6 uL/sec
Dispensing 7.5 uL into A16 of Applied Biosystems 384 Well Plate 40 µL on 10 at 7.6 uL/sec
Blowing out at A2 of Nunc 96 Well Plate 1000 µL on 8
Aspirating 15.0 uL from A2 of Nunc 96 Well Plate 1000 µL on 8 at 7.6 uL/sec
Dispensing 7.5 uL into A18 of Applied Biosystems 384 Well Plate 40 µL on 10 at 7.6 uL/sec
Dispensing 7.5 uL into A20 of Applied Biosystems 384 Well Plate 40 µL on 10 at 7.6 uL/sec
Blowing out at A2 of Nunc 96 Well Plate 1000 µL on 8
Aspirating 15.0 uL from A2 of Nunc 96 Well Plate 1000 µL on 8 at 7.6 uL/sec
Dispensing 7.5 uL into A22 of Applied Biosystems 384 Well Plate 40 µL on 10 at 7.6 uL/sec
Dispensing 7.5 uL into A24 of Applied Biosystems 384 Well Plate 40 µL on 10 at 7.6 uL/sec
Blowing out at A2 of Nunc 96 Well Plate 1000 µL on 8
Aspirating 15.0 uL from A2 of Nunc 96 Well Plate 1000 µL on 8 at 7.6 uL/sec
Dispensing 7.5 uL into A2 of Applied Biosystems 384 Well Plate 40 µL on 11 at 7.6 uL/sec
Dispensing 7.5 uL into A4 of Applied Biosystems 384 Well Plate 40 µL on 11 at 7.6 uL/sec
Blowing out at A2 of Nunc 96 Well Plate 1000 µL on 8
Aspirating 15.0 uL from A2 of Nunc 96 Well Plate 1000 µL on 8 at 7.6 uL/sec
Dispensing 7.5 uL into A6 of Applied Biosystems 384 Well Plate 40 µL on 11 at 7.6 uL/sec
Dispensing 7.5 uL into A8 of Applied Biosystems 384 Well Plate 40 µL on 11 at 7.6 uL/sec
Blowing out at A2 of Nunc 96 Well Plate 1000 µL on 8
Aspirating 15.0 uL from A2 of Nunc 96 Well Plate 1000 µL on 8 at 7.6 uL/sec
Dispensing 7.5 uL into A10 of Applied Biosystems 384 Well Plate 40 µL on 11 at 7.6 uL/sec
Dispensing 7.5 uL into A12 of Applied Biosystems 384 Well Plate 40 µL on 11 at 7.6 uL/sec
Blowing out at A2 of Nunc 96 Well Plate 1000 µL on 8
Aspirating 15.0 uL from A2 of Nunc 96 Well Plate 1000 µL on 8 at 7.6 uL/sec
Dispensing 7.5 uL into A14 of Applied Biosystems 384 Well Plate 40 µL on 11 at 7.6 uL/sec
Dispensing 7.5 uL into A16 of Applied Biosystems 384 Well Plate 40 µL on 11 at 7.6 uL/sec
Blowing out at A2 of Nunc 96 Well Plate 1000 µL on 8
Aspirating 15.0 uL from A2 of Nunc 96 Well Plate 1000 µL on 8 at 7.6 uL/sec
Dispensing 7.5 uL into A18 of Applied Biosystems 384 Well Plate 40 µL on 11 at 7.6 uL/sec
Dispensing 7.5 uL into A20 of Applied Biosystems 384 Well Plate 40 µL on 11 at 7.6 uL/sec
Blowing out at A2 of Nunc 96 Well Plate 1000 µL on 8
Aspirating 15.0 uL from A2 of Nunc 96 Well Plate 1000 µL on 8 at 7.6 uL/sec
Dispensing 7.5 uL into A22 of Applied Biosystems 384 Well Plate 40 µL on 11 at 7.6 uL/sec
Dispensing 7.5 uL into A24 of Applied Biosystems 384 Well Plate 40 µL on 11 at 7.6 uL/sec
Dropping tip into A1 of Opentrons Fixed Trash on 12
Caught exception: {'message': 'Task was destroyed but it is pending!', 'task': <Task pending name='Task-4' coro=<Poller._poll_forever() running at /Users/dp/Desktop/project/github/opentrons/venv/lib/python3.10/site-packages/opentrons/hardware_control/poller.py:80> wait_for=<Future pending cb=[Task.task_wakeup()]>>}
Caught exception: {'message': 'Task was destroyed but it is pending!', 'task': <Task pending name='Task-3' coro=<Poller._poll_forever() running at /Users/dp/Desktop/project/github/opentrons/venv/lib/python3.10/site-packages/opentrons/hardware_control/poller.py:80> wait_for=<Future pending cb=[Task.task_wakeup()]>>}
Caught exception: {'message': 'Task was destroyed but it is pending!', 'task': <Task pending name='Task-2' coro=<Poller._poll_forever() running at /Users/dp/Desktop/project/github/opentrons/venv/lib/python3.10/site-packages/opentrons/hardware_control/poller.py:80> wait_for=<Future pending cb=[Task.task_wakeup()]>>}
