/Users/dp/Desktop/project/github/opentrons/venv/lib/python3.10/site-packages/opentrons/hardware_control/simulator_setup.py:205: UserWarning: Simulator configuration does not name a machine, defaulting to OT-2 Standard
  warn(
/Users/dp/.opentrons/robot_settings.json not found. Loading defaults
Deck calibration not found.
/Users/dp/.opentrons/deck_calibration.json not found. Loading defaults
Picking up tip from F1 of Opentrons OT-2 96 Filter Tip Rack 200 µL on 6
Aspirating 200.0 uL from A1 of NEST 96 Deep Well Plate 2mL on 5 at 94.0 uL/sec
Dispensing 200.0 uL into A1 of NEST 96 Deep Well Plate 2mL on 5 at 94.0 uL/sec
Aspirating 200.0 uL from A1 of NEST 96 Deep Well Plate 2mL on 5 at 94.0 uL/sec
Dispensing 200.0 uL into A1 of NEST 96 Deep Well Plate 2mL on 5 at 94.0 uL/sec
Aspirating 200.0 uL from A1 of NEST 96 Deep Well Plate 2mL on 5 at 94.0 uL/sec
Dispensing 200.0 uL into A1 of NEST 96 Deep Well Plate 2mL on 5 at 94.0 uL/sec
Aspirating 200.0 uL from A1 of NEST 96 Deep Well Plate 2mL on 5 at 94.0 uL/sec
Dispensing 200.0 uL into A1 of NEST 96 Deep Well Plate 2mL on 5 at 94.0 uL/sec
Aspirating 200.0 uL from A1 of NEST 96 Deep Well Plate 2mL on 5 at 94.0 uL/sec
Dispensing 200.0 uL into A1 of NEST 96 Deep Well Plate 2mL on 5 at 94.0 uL/sec
Aspirating 195.5 uL from A1 of NEST 96 Deep Well Plate 2mL on 5 at 47.0 uL/sec
Dispensing 30.0 uL into B2 of Corning 384 Well Plate 112 µL Flat on 4 at 75.2 uL/sec
Dispensing 30.0 uL into C2 of Corning 384 Well Plate 112 µL Flat on 4 at 75.2 uL/sec
Dispensing 30.0 uL into B3 of Corning 384 Well Plate 112 µL Flat on 4 at 75.2 uL/sec
Dispensing 30.0 uL into C3 of Corning 384 Well Plate 112 µL Flat on 4 at 75.2 uL/sec
Dispensing 30.0 uL into B4 of Corning 384 Well Plate 112 µL Flat on 4 at 75.2 uL/sec
Dispensing 30.0 uL into C4 of Corning 384 Well Plate 112 µL Flat on 4 at 75.2 uL/sec
Dispensing 15.5 uL into A1 of NEST 96 Deep Well Plate 2mL on 5 at 75.2 uL/sec
Dropping tip into A1 of Opentrons Fixed Trash on 12



Caught exception: {'message': 'Task was destroyed but it is pending!', 'task': <Task pending name='Task-4' coro=<Poller._poll_forever() running at /Users/dp/Desktop/project/github/opentrons/venv/lib/python3.10/site-packages/opentrons/hardware_control/poller.py:80> wait_for=<Future pending cb=[Task.task_wakeup()]>>}
Caught exception: {'message': 'Task was destroyed but it is pending!', 'task': <Task pending name='Task-3' coro=<Poller._poll_forever() running at /Users/dp/Desktop/project/github/opentrons/venv/lib/python3.10/site-packages/opentrons/hardware_control/poller.py:80> wait_for=<Future pending cb=[Task.task_wakeup()]>>}
Caught exception: {'message': 'Task was destroyed but it is pending!', 'task': <Task pending name='Task-2' coro=<Poller._poll_forever() running at /Users/dp/Desktop/project/github/opentrons/venv/lib/python3.10/site-packages/opentrons/hardware_control/poller.py:80> wait_for=<Future pending cb=[Task.task_wakeup()]>>}
