/Users/dp/Desktop/project/github/opentrons/venv/lib/python3.10/site-packages/opentrons/hardware_control/simulator_setup.py:205: UserWarning: Simulator configuration does not name a machine, defaulting to OT-2 Standard
  warn(
/Users/dp/.opentrons/robot_settings.json not found. Loading defaults
Deck calibration not found.
/Users/dp/.opentrons/deck_calibration.json not found. Loading defaults
Picking up tip from A1 of Opentrons OT-2 96 Filter Tip Rack 200 µL on 1
Transferring 200.0 from A1 of NEST 12 Well Reservoir 15 mL on 7 to A1 of KingFisher 96 Deep Well Plate on 4
	Aspirating 200.0 uL from A1 of NEST 12 Well Reservoir 15 mL on 7 at 94.0 uL/sec
	Dispensing 200.0 uL into A1 of KingFisher 96 Deep Well Plate on 4 at 94.0 uL/sec
Transferring 200.0 from A1 of NEST 12 Well Reservoir 15 mL on 7 to A1 of KingFisher 96 Deep Well Plate on 4
	Aspirating 200.0 uL from A1 of NEST 12 Well Reservoir 15 mL on 7 at 94.0 uL/sec
	Dispensing 200.0 uL into A1 of KingFisher 96 Deep Well Plate on 4 at 94.0 uL/sec
Transferring 100.0 from A1 of NEST 12 Well Reservoir 15 mL on 7 to A1 of KingFisher 96 Deep Well Plate on 4
	Aspirating 100.0 uL from A1 of NEST 12 Well Reservoir 15 mL on 7 at 94.0 uL/sec
	Dispensing 100.0 uL into A1 of KingFisher 96 Deep Well Plate on 4 at 94.0 uL/sec
Transferring 200.0 from A2 of NEST 12 Well Reservoir 15 mL on 7 to A2 of KingFisher 96 Deep Well Plate on 4
	Aspirating 200.0 uL from A2 of NEST 12 Well Reservoir 15 mL on 7 at 94.0 uL/sec
	Dispensing 200.0 uL into A2 of KingFisher 96 Deep Well Plate on 4 at 94.0 uL/sec
Transferring 200.0 from A2 of NEST 12 Well Reservoir 15 mL on 7 to A2 of KingFisher 96 Deep Well Plate on 4
	Aspirating 200.0 uL from A2 of NEST 12 Well Reservoir 15 mL on 7 at 94.0 uL/sec
	Dispensing 200.0 uL into A2 of KingFisher 96 Deep Well Plate on 4 at 94.0 uL/sec
Transferring 100.0 from A2 of NEST 12 Well Reservoir 15 mL on 7 to A2 of KingFisher 96 Deep Well Plate on 4
	Aspirating 100.0 uL from A2 of NEST 12 Well Reservoir 15 mL on 7 at 94.0 uL/sec
	Dispensing 100.0 uL into A2 of KingFisher 96 Deep Well Plate on 4 at 94.0 uL/sec
Transferring 200.0 from A3 of NEST 12 Well Reservoir 15 mL on 7 to A3 of KingFisher 96 Deep Well Plate on 4
	Aspirating 200.0 uL from A3 of NEST 12 Well Reservoir 15 mL on 7 at 94.0 uL/sec
	Dispensing 200.0 uL into A3 of KingFisher 96 Deep Well Plate on 4 at 94.0 uL/sec
Transferring 200.0 from A3 of NEST 12 Well Reservoir 15 mL on 7 to A3 of KingFisher 96 Deep Well Plate on 4
	Aspirating 200.0 uL from A3 of NEST 12 Well Reservoir 15 mL on 7 at 94.0 uL/sec
	Dispensing 200.0 uL into A3 of KingFisher 96 Deep Well Plate on 4 at 94.0 uL/sec
Transferring 100.0 from A3 of NEST 12 Well Reservoir 15 mL on 7 to A3 of KingFisher 96 Deep Well Plate on 4
	Aspirating 100.0 uL from A3 of NEST 12 Well Reservoir 15 mL on 7 at 94.0 uL/sec
	Dispensing 100.0 uL into A3 of KingFisher 96 Deep Well Plate on 4 at 94.0 uL/sec
Transferring 200.0 from A4 of NEST 12 Well Reservoir 15 mL on 7 to A4 of KingFisher 96 Deep Well Plate on 4
	Aspirating 200.0 uL from A4 of NEST 12 Well Reservoir 15 mL on 7 at 94.0 uL/sec
	Dispensing 200.0 uL into A4 of KingFisher 96 Deep Well Plate on 4 at 94.0 uL/sec
Transferring 200.0 from A4 of NEST 12 Well Reservoir 15 mL on 7 to A4 of KingFisher 96 Deep Well Plate on 4
	Aspirating 200.0 uL from A4 of NEST 12 Well Reservoir 15 mL on 7 at 94.0 uL/sec
	Dispensing 200.0 uL into A4 of KingFisher 96 Deep Well Plate on 4 at 94.0 uL/sec
Transferring 100.0 from A4 of NEST 12 Well Reservoir 15 mL on 7 to A4 of KingFisher 96 Deep Well Plate on 4
	Aspirating 100.0 uL from A4 of NEST 12 Well Reservoir 15 mL on 7 at 94.0 uL/sec
	Dispensing 100.0 uL into A4 of KingFisher 96 Deep Well Plate on 4 at 94.0 uL/sec
Transferring 200.0 from A5 of NEST 12 Well Reservoir 15 mL on 7 to A5 of KingFisher 96 Deep Well Plate on 4
	Aspirating 200.0 uL from A5 of NEST 12 Well Reservoir 15 mL on 7 at 94.0 uL/sec
	Dispensing 200.0 uL into A5 of KingFisher 96 Deep Well Plate on 4 at 94.0 uL/sec
Transferring 200.0 from A5 of NEST 12 Well Reservoir 15 mL on 7 to A5 of KingFisher 96 Deep Well Plate on 4
	Aspirating 200.0 uL from A5 of NEST 12 Well Reservoir 15 mL on 7 at 94.0 uL/sec
	Dispensing 200.0 uL into A5 of KingFisher 96 Deep Well Plate on 4 at 94.0 uL/sec
Transferring 100.0 from A5 of NEST 12 Well Reservoir 15 mL on 7 to A5 of KingFisher 96 Deep Well Plate on 4
	Aspirating 100.0 uL from A5 of NEST 12 Well Reservoir 15 mL on 7 at 94.0 uL/sec
	Dispensing 100.0 uL into A5 of KingFisher 96 Deep Well Plate on 4 at 94.0 uL/sec
Transferring 200.0 from A6 of NEST 12 Well Reservoir 15 mL on 7 to A6 of KingFisher 96 Deep Well Plate on 4
	Aspirating 200.0 uL from A6 of NEST 12 Well Reservoir 15 mL on 7 at 94.0 uL/sec
	Dispensing 200.0 uL into A6 of KingFisher 96 Deep Well Plate on 4 at 94.0 uL/sec
Transferring 200.0 from A6 of NEST 12 Well Reservoir 15 mL on 7 to A6 of KingFisher 96 Deep Well Plate on 4
	Aspirating 200.0 uL from A6 of NEST 12 Well Reservoir 15 mL on 7 at 94.0 uL/sec
	Dispensing 200.0 uL into A6 of KingFisher 96 Deep Well Plate on 4 at 94.0 uL/sec
Transferring 100.0 from A6 of NEST 12 Well Reservoir 15 mL on 7 to A6 of KingFisher 96 Deep Well Plate on 4
	Aspirating 100.0 uL from A6 of NEST 12 Well Reservoir 15 mL on 7 at 94.0 uL/sec
	Dispensing 100.0 uL into A6 of KingFisher 96 Deep Well Plate on 4 at 94.0 uL/sec
Transferring 200.0 from A7 of NEST 12 Well Reservoir 15 mL on 7 to A7 of KingFisher 96 Deep Well Plate on 4
	Aspirating 200.0 uL from A7 of NEST 12 Well Reservoir 15 mL on 7 at 94.0 uL/sec
	Dispensing 200.0 uL into A7 of KingFisher 96 Deep Well Plate on 4 at 94.0 uL/sec
Transferring 200.0 from A7 of NEST 12 Well Reservoir 15 mL on 7 to A7 of KingFisher 96 Deep Well Plate on 4
	Aspirating 200.0 uL from A7 of NEST 12 Well Reservoir 15 mL on 7 at 94.0 uL/sec
	Dispensing 200.0 uL into A7 of KingFisher 96 Deep Well Plate on 4 at 94.0 uL/sec
Transferring 100.0 from A7 of NEST 12 Well Reservoir 15 mL on 7 to A7 of KingFisher 96 Deep Well Plate on 4
	Aspirating 100.0 uL from A7 of NEST 12 Well Reservoir 15 mL on 7 at 94.0 uL/sec
	Dispensing 100.0 uL into A7 of KingFisher 96 Deep Well Plate on 4 at 94.0 uL/sec
Transferring 200.0 from A8 of NEST 12 Well Reservoir 15 mL on 7 to A8 of KingFisher 96 Deep Well Plate on 4
	Aspirating 200.0 uL from A8 of NEST 12 Well Reservoir 15 mL on 7 at 94.0 uL/sec
	Dispensing 200.0 uL into A8 of KingFisher 96 Deep Well Plate on 4 at 94.0 uL/sec
Transferring 200.0 from A8 of NEST 12 Well Reservoir 15 mL on 7 to A8 of KingFisher 96 Deep Well Plate on 4
	Aspirating 200.0 uL from A8 of NEST 12 Well Reservoir 15 mL on 7 at 94.0 uL/sec
	Dispensing 200.0 uL into A8 of KingFisher 96 Deep Well Plate on 4 at 94.0 uL/sec
Transferring 100.0 from A8 of NEST 12 Well Reservoir 15 mL on 7 to A8 of KingFisher 96 Deep Well Plate on 4
	Aspirating 100.0 uL from A8 of NEST 12 Well Reservoir 15 mL on 7 at 94.0 uL/sec
	Dispensing 100.0 uL into A8 of KingFisher 96 Deep Well Plate on 4 at 94.0 uL/sec
Transferring 200.0 from A9 of NEST 12 Well Reservoir 15 mL on 7 to A9 of KingFisher 96 Deep Well Plate on 4
	Aspirating 200.0 uL from A9 of NEST 12 Well Reservoir 15 mL on 7 at 94.0 uL/sec
	Dispensing 200.0 uL into A9 of KingFisher 96 Deep Well Plate on 4 at 94.0 uL/sec
Transferring 200.0 from A9 of NEST 12 Well Reservoir 15 mL on 7 to A9 of KingFisher 96 Deep Well Plate on 4
	Aspirating 200.0 uL from A9 of NEST 12 Well Reservoir 15 mL on 7 at 94.0 uL/sec
	Dispensing 200.0 uL into A9 of KingFisher 96 Deep Well Plate on 4 at 94.0 uL/sec
Transferring 100.0 from A9 of NEST 12 Well Reservoir 15 mL on 7 to A9 of KingFisher 96 Deep Well Plate on 4
	Aspirating 100.0 uL from A9 of NEST 12 Well Reservoir 15 mL on 7 at 94.0 uL/sec
	Dispensing 100.0 uL into A9 of KingFisher 96 Deep Well Plate on 4 at 94.0 uL/sec
Transferring 200.0 from A10 of NEST 12 Well Reservoir 15 mL on 7 to A10 of KingFisher 96 Deep Well Plate on 4
	Aspirating 200.0 uL from A10 of NEST 12 Well Reservoir 15 mL on 7 at 94.0 uL/sec
	Dispensing 200.0 uL into A10 of KingFisher 96 Deep Well Plate on 4 at 94.0 uL/sec
Transferring 200.0 from A10 of NEST 12 Well Reservoir 15 mL on 7 to A10 of KingFisher 96 Deep Well Plate on 4
	Aspirating 200.0 uL from A10 of NEST 12 Well Reservoir 15 mL on 7 at 94.0 uL/sec
	Dispensing 200.0 uL into A10 of KingFisher 96 Deep Well Plate on 4 at 94.0 uL/sec
Transferring 100.0 from A10 of NEST 12 Well Reservoir 15 mL on 7 to A10 of KingFisher 96 Deep Well Plate on 4
	Aspirating 100.0 uL from A10 of NEST 12 Well Reservoir 15 mL on 7 at 94.0 uL/sec
	Dispensing 100.0 uL into A10 of KingFisher 96 Deep Well Plate on 4 at 94.0 uL/sec
Transferring 200.0 from A11 of NEST 12 Well Reservoir 15 mL on 7 to A11 of KingFisher 96 Deep Well Plate on 4
	Aspirating 200.0 uL from A11 of NEST 12 Well Reservoir 15 mL on 7 at 94.0 uL/sec
	Dispensing 200.0 uL into A11 of KingFisher 96 Deep Well Plate on 4 at 94.0 uL/sec
Transferring 200.0 from A11 of NEST 12 Well Reservoir 15 mL on 7 to A11 of KingFisher 96 Deep Well Plate on 4
	Aspirating 200.0 uL from A11 of NEST 12 Well Reservoir 15 mL on 7 at 94.0 uL/sec
	Dispensing 200.0 uL into A11 of KingFisher 96 Deep Well Plate on 4 at 94.0 uL/sec
Transferring 100.0 from A11 of NEST 12 Well Reservoir 15 mL on 7 to A11 of KingFisher 96 Deep Well Plate on 4
	Aspirating 100.0 uL from A11 of NEST 12 Well Reservoir 15 mL on 7 at 94.0 uL/sec
	Dispensing 100.0 uL into A11 of KingFisher 96 Deep Well Plate on 4 at 94.0 uL/sec
Transferring 200.0 from A12 of NEST 12 Well Reservoir 15 mL on 7 to A12 of KingFisher 96 Deep Well Plate on 4
	Aspirating 200.0 uL from A12 of NEST 12 Well Reservoir 15 mL on 7 at 94.0 uL/sec
	Dispensing 200.0 uL into A12 of KingFisher 96 Deep Well Plate on 4 at 94.0 uL/sec
Transferring 200.0 from A12 of NEST 12 Well Reservoir 15 mL on 7 to A12 of KingFisher 96 Deep Well Plate on 4
	Aspirating 200.0 uL from A12 of NEST 12 Well Reservoir 15 mL on 7 at 94.0 uL/sec
	Dispensing 200.0 uL into A12 of KingFisher 96 Deep Well Plate on 4 at 94.0 uL/sec
Transferring 100.0 from A12 of NEST 12 Well Reservoir 15 mL on 7 to A12 of KingFisher 96 Deep Well Plate on 4
	Aspirating 100.0 uL from A12 of NEST 12 Well Reservoir 15 mL on 7 at 94.0 uL/sec
	Dispensing 100.0 uL into A12 of KingFisher 96 Deep Well Plate on 4 at 94.0 uL/sec
Dropping tip into A1 of Opentrons Fixed Trash on 12
Picking up tip from A2 of Opentrons OT-2 96 Filter Tip Rack 200 µL on 1
Transferring 200.0 from A1 of NEST 12 Well Reservoir 15 mL on 8 to A1 of KingFisher 96 Deep Well Plate on 5
	Aspirating 200.0 uL from A1 of NEST 12 Well Reservoir 15 mL on 8 at 94.0 uL/sec
	Dispensing 200.0 uL into A1 of KingFisher 96 Deep Well Plate on 5 at 94.0 uL/sec
Transferring 200.0 from A1 of NEST 12 Well Reservoir 15 mL on 8 to A1 of KingFisher 96 Deep Well Plate on 5
	Aspirating 200.0 uL from A1 of NEST 12 Well Reservoir 15 mL on 8 at 94.0 uL/sec
	Dispensing 200.0 uL into A1 of KingFisher 96 Deep Well Plate on 5 at 94.0 uL/sec
Transferring 200.0 from A1 of NEST 12 Well Reservoir 15 mL on 8 to A1 of KingFisher 96 Deep Well Plate on 5
	Aspirating 200.0 uL from A1 of NEST 12 Well Reservoir 15 mL on 8 at 94.0 uL/sec
	Dispensing 200.0 uL into A1 of KingFisher 96 Deep Well Plate on 5 at 94.0 uL/sec
Transferring 200.0 from A1 of NEST 12 Well Reservoir 15 mL on 8 to A1 of KingFisher 96 Deep Well Plate on 5
	Aspirating 200.0 uL from A1 of NEST 12 Well Reservoir 15 mL on 8 at 94.0 uL/sec
	Dispensing 200.0 uL into A1 of KingFisher 96 Deep Well Plate on 5 at 94.0 uL/sec
Transferring 200.0 from A1 of NEST 12 Well Reservoir 15 mL on 8 to A1 of KingFisher 96 Deep Well Plate on 5
	Aspirating 200.0 uL from A1 of NEST 12 Well Reservoir 15 mL on 8 at 94.0 uL/sec
	Dispensing 200.0 uL into A1 of KingFisher 96 Deep Well Plate on 5 at 94.0 uL/sec
Transferring 200.0 from A2 of NEST 12 Well Reservoir 15 mL on 8 to A2 of KingFisher 96 Deep Well Plate on 5
	Aspirating 200.0 uL from A2 of NEST 12 Well Reservoir 15 mL on 8 at 94.0 uL/sec
	Dispensing 200.0 uL into A2 of KingFisher 96 Deep Well Plate on 5 at 94.0 uL/sec
Transferring 200.0 from A2 of NEST 12 Well Reservoir 15 mL on 8 to A2 of KingFisher 96 Deep Well Plate on 5
	Aspirating 200.0 uL from A2 of NEST 12 Well Reservoir 15 mL on 8 at 94.0 uL/sec
	Dispensing 200.0 uL into A2 of KingFisher 96 Deep Well Plate on 5 at 94.0 uL/sec
Transferring 200.0 from A2 of NEST 12 Well Reservoir 15 mL on 8 to A2 of KingFisher 96 Deep Well Plate on 5
	Aspirating 200.0 uL from A2 of NEST 12 Well Reservoir 15 mL on 8 at 94.0 uL/sec
	Dispensing 200.0 uL into A2 of KingFisher 96 Deep Well Plate on 5 at 94.0 uL/sec
Transferring 200.0 from A2 of NEST 12 Well Reservoir 15 mL on 8 to A2 of KingFisher 96 Deep Well Plate on 5
	Aspirating 200.0 uL from A2 of NEST 12 Well Reservoir 15 mL on 8 at 94.0 uL/sec
	Dispensing 200.0 uL into A2 of KingFisher 96 Deep Well Plate on 5 at 94.0 uL/sec
Transferring 200.0 from A2 of NEST 12 Well Reservoir 15 mL on 8 to A2 of KingFisher 96 Deep Well Plate on 5
	Aspirating 200.0 uL from A2 of NEST 12 Well Reservoir 15 mL on 8 at 94.0 uL/sec
	Dispensing 200.0 uL into A2 of KingFisher 96 Deep Well Plate on 5 at 94.0 uL/sec
Transferring 200.0 from A3 of NEST 12 Well Reservoir 15 mL on 8 to A3 of KingFisher 96 Deep Well Plate on 5
	Aspirating 200.0 uL from A3 of NEST 12 Well Reservoir 15 mL on 8 at 94.0 uL/sec
	Dispensing 200.0 uL into A3 of KingFisher 96 Deep Well Plate on 5 at 94.0 uL/sec
Transferring 200.0 from A3 of NEST 12 Well Reservoir 15 mL on 8 to A3 of KingFisher 96 Deep Well Plate on 5
	Aspirating 200.0 uL from A3 of NEST 12 Well Reservoir 15 mL on 8 at 94.0 uL/sec
	Dispensing 200.0 uL into A3 of KingFisher 96 Deep Well Plate on 5 at 94.0 uL/sec
Transferring 200.0 from A3 of NEST 12 Well Reservoir 15 mL on 8 to A3 of KingFisher 96 Deep Well Plate on 5
	Aspirating 200.0 uL from A3 of NEST 12 Well Reservoir 15 mL on 8 at 94.0 uL/sec
	Dispensing 200.0 uL into A3 of KingFisher 96 Deep Well Plate on 5 at 94.0 uL/sec
Transferring 200.0 from A3 of NEST 12 Well Reservoir 15 mL on 8 to A3 of KingFisher 96 Deep Well Plate on 5
	Aspirating 200.0 uL from A3 of NEST 12 Well Reservoir 15 mL on 8 at 94.0 uL/sec
	Dispensing 200.0 uL into A3 of KingFisher 96 Deep Well Plate on 5 at 94.0 uL/sec
Transferring 200.0 from A3 of NEST 12 Well Reservoir 15 mL on 8 to A3 of KingFisher 96 Deep Well Plate on 5
	Aspirating 200.0 uL from A3 of NEST 12 Well Reservoir 15 mL on 8 at 94.0 uL/sec
	Dispensing 200.0 uL into A3 of KingFisher 96 Deep Well Plate on 5 at 94.0 uL/sec
Transferring 200.0 from A4 of NEST 12 Well Reservoir 15 mL on 8 to A4 of KingFisher 96 Deep Well Plate on 5
	Aspirating 200.0 uL from A4 of NEST 12 Well Reservoir 15 mL on 8 at 94.0 uL/sec
	Dispensing 200.0 uL into A4 of KingFisher 96 Deep Well Plate on 5 at 94.0 uL/sec
Transferring 200.0 from A4 of NEST 12 Well Reservoir 15 mL on 8 to A4 of KingFisher 96 Deep Well Plate on 5
	Aspirating 200.0 uL from A4 of NEST 12 Well Reservoir 15 mL on 8 at 94.0 uL/sec
	Dispensing 200.0 uL into A4 of KingFisher 96 Deep Well Plate on 5 at 94.0 uL/sec
Transferring 200.0 from A4 of NEST 12 Well Reservoir 15 mL on 8 to A4 of KingFisher 96 Deep Well Plate on 5
	Aspirating 200.0 uL from A4 of NEST 12 Well Reservoir 15 mL on 8 at 94.0 uL/sec
	Dispensing 200.0 uL into A4 of KingFisher 96 Deep Well Plate on 5 at 94.0 uL/sec
Transferring 200.0 from A4 of NEST 12 Well Reservoir 15 mL on 8 to A4 of KingFisher 96 Deep Well Plate on 5
	Aspirating 200.0 uL from A4 of NEST 12 Well Reservoir 15 mL on 8 at 94.0 uL/sec
	Dispensing 200.0 uL into A4 of KingFisher 96 Deep Well Plate on 5 at 94.0 uL/sec
Transferring 200.0 from A4 of NEST 12 Well Reservoir 15 mL on 8 to A4 of KingFisher 96 Deep Well Plate on 5
	Aspirating 200.0 uL from A4 of NEST 12 Well Reservoir 15 mL on 8 at 94.0 uL/sec
	Dispensing 200.0 uL into A4 of KingFisher 96 Deep Well Plate on 5 at 94.0 uL/sec
Transferring 200.0 from A5 of NEST 12 Well Reservoir 15 mL on 8 to A5 of KingFisher 96 Deep Well Plate on 5
	Aspirating 200.0 uL from A5 of NEST 12 Well Reservoir 15 mL on 8 at 94.0 uL/sec
	Dispensing 200.0 uL into A5 of KingFisher 96 Deep Well Plate on 5 at 94.0 uL/sec
Transferring 200.0 from A5 of NEST 12 Well Reservoir 15 mL on 8 to A5 of KingFisher 96 Deep Well Plate on 5
	Aspirating 200.0 uL from A5 of NEST 12 Well Reservoir 15 mL on 8 at 94.0 uL/sec
	Dispensing 200.0 uL into A5 of KingFisher 96 Deep Well Plate on 5 at 94.0 uL/sec
Transferring 200.0 from A5 of NEST 12 Well Reservoir 15 mL on 8 to A5 of KingFisher 96 Deep Well Plate on 5
	Aspirating 200.0 uL from A5 of NEST 12 Well Reservoir 15 mL on 8 at 94.0 uL/sec
	Dispensing 200.0 uL into A5 of KingFisher 96 Deep Well Plate on 5 at 94.0 uL/sec
Transferring 200.0 from A5 of NEST 12 Well Reservoir 15 mL on 8 to A5 of KingFisher 96 Deep Well Plate on 5
	Aspirating 200.0 uL from A5 of NEST 12 Well Reservoir 15 mL on 8 at 94.0 uL/sec
	Dispensing 200.0 uL into A5 of KingFisher 96 Deep Well Plate on 5 at 94.0 uL/sec
Transferring 200.0 from A5 of NEST 12 Well Reservoir 15 mL on 8 to A5 of KingFisher 96 Deep Well Plate on 5
	Aspirating 200.0 uL from A5 of NEST 12 Well Reservoir 15 mL on 8 at 94.0 uL/sec
	Dispensing 200.0 uL into A5 of KingFisher 96 Deep Well Plate on 5 at 94.0 uL/sec
Transferring 200.0 from A6 of NEST 12 Well Reservoir 15 mL on 8 to A6 of KingFisher 96 Deep Well Plate on 5
	Aspirating 200.0 uL from A6 of NEST 12 Well Reservoir 15 mL on 8 at 94.0 uL/sec
	Dispensing 200.0 uL into A6 of KingFisher 96 Deep Well Plate on 5 at 94.0 uL/sec
Transferring 200.0 from A6 of NEST 12 Well Reservoir 15 mL on 8 to A6 of KingFisher 96 Deep Well Plate on 5
	Aspirating 200.0 uL from A6 of NEST 12 Well Reservoir 15 mL on 8 at 94.0 uL/sec
	Dispensing 200.0 uL into A6 of KingFisher 96 Deep Well Plate on 5 at 94.0 uL/sec
Transferring 200.0 from A6 of NEST 12 Well Reservoir 15 mL on 8 to A6 of KingFisher 96 Deep Well Plate on 5
	Aspirating 200.0 uL from A6 of NEST 12 Well Reservoir 15 mL on 8 at 94.0 uL/sec
	Dispensing 200.0 uL into A6 of KingFisher 96 Deep Well Plate on 5 at 94.0 uL/sec
Transferring 200.0 from A6 of NEST 12 Well Reservoir 15 mL on 8 to A6 of KingFisher 96 Deep Well Plate on 5
	Aspirating 200.0 uL from A6 of NEST 12 Well Reservoir 15 mL on 8 at 94.0 uL/sec
	Dispensing 200.0 uL into A6 of KingFisher 96 Deep Well Plate on 5 at 94.0 uL/sec
Transferring 200.0 from A6 of NEST 12 Well Reservoir 15 mL on 8 to A6 of KingFisher 96 Deep Well Plate on 5
	Aspirating 200.0 uL from A6 of NEST 12 Well Reservoir 15 mL on 8 at 94.0 uL/sec
	Dispensing 200.0 uL into A6 of KingFisher 96 Deep Well Plate on 5 at 94.0 uL/sec
Transferring 200.0 from A7 of NEST 12 Well Reservoir 15 mL on 8 to A7 of KingFisher 96 Deep Well Plate on 5
	Aspirating 200.0 uL from A7 of NEST 12 Well Reservoir 15 mL on 8 at 94.0 uL/sec
	Dispensing 200.0 uL into A7 of KingFisher 96 Deep Well Plate on 5 at 94.0 uL/sec
Transferring 200.0 from A7 of NEST 12 Well Reservoir 15 mL on 8 to A7 of KingFisher 96 Deep Well Plate on 5
	Aspirating 200.0 uL from A7 of NEST 12 Well Reservoir 15 mL on 8 at 94.0 uL/sec
	Dispensing 200.0 uL into A7 of KingFisher 96 Deep Well Plate on 5 at 94.0 uL/sec
Transferring 200.0 from A7 of NEST 12 Well Reservoir 15 mL on 8 to A7 of KingFisher 96 Deep Well Plate on 5
	Aspirating 200.0 uL from A7 of NEST 12 Well Reservoir 15 mL on 8 at 94.0 uL/sec
	Dispensing 200.0 uL into A7 of KingFisher 96 Deep Well Plate on 5 at 94.0 uL/sec
Transferring 200.0 from A7 of NEST 12 Well Reservoir 15 mL on 8 to A7 of KingFisher 96 Deep Well Plate on 5
	Aspirating 200.0 uL from A7 of NEST 12 Well Reservoir 15 mL on 8 at 94.0 uL/sec
	Dispensing 200.0 uL into A7 of KingFisher 96 Deep Well Plate on 5 at 94.0 uL/sec
Transferring 200.0 from A7 of NEST 12 Well Reservoir 15 mL on 8 to A7 of KingFisher 96 Deep Well Plate on 5
	Aspirating 200.0 uL from A7 of NEST 12 Well Reservoir 15 mL on 8 at 94.0 uL/sec
	Dispensing 200.0 uL into A7 of KingFisher 96 Deep Well Plate on 5 at 94.0 uL/sec
Transferring 200.0 from A8 of NEST 12 Well Reservoir 15 mL on 8 to A8 of KingFisher 96 Deep Well Plate on 5
	Aspirating 200.0 uL from A8 of NEST 12 Well Reservoir 15 mL on 8 at 94.0 uL/sec
	Dispensing 200.0 uL into A8 of KingFisher 96 Deep Well Plate on 5 at 94.0 uL/sec
Transferring 200.0 from A8 of NEST 12 Well Reservoir 15 mL on 8 to A8 of KingFisher 96 Deep Well Plate on 5
	Aspirating 200.0 uL from A8 of NEST 12 Well Reservoir 15 mL on 8 at 94.0 uL/sec
	Dispensing 200.0 uL into A8 of KingFisher 96 Deep Well Plate on 5 at 94.0 uL/sec
Transferring 200.0 from A8 of NEST 12 Well Reservoir 15 mL on 8 to A8 of KingFisher 96 Deep Well Plate on 5
	Aspirating 200.0 uL from A8 of NEST 12 Well Reservoir 15 mL on 8 at 94.0 uL/sec
	Dispensing 200.0 uL into A8 of KingFisher 96 Deep Well Plate on 5 at 94.0 uL/sec
Transferring 200.0 from A8 of NEST 12 Well Reservoir 15 mL on 8 to A8 of KingFisher 96 Deep Well Plate on 5
	Aspirating 200.0 uL from A8 of NEST 12 Well Reservoir 15 mL on 8 at 94.0 uL/sec
	Dispensing 200.0 uL into A8 of KingFisher 96 Deep Well Plate on 5 at 94.0 uL/sec
Transferring 200.0 from A8 of NEST 12 Well Reservoir 15 mL on 8 to A8 of KingFisher 96 Deep Well Plate on 5
	Aspirating 200.0 uL from A8 of NEST 12 Well Reservoir 15 mL on 8 at 94.0 uL/sec
	Dispensing 200.0 uL into A8 of KingFisher 96 Deep Well Plate on 5 at 94.0 uL/sec
Transferring 200.0 from A9 of NEST 12 Well Reservoir 15 mL on 8 to A9 of KingFisher 96 Deep Well Plate on 5
	Aspirating 200.0 uL from A9 of NEST 12 Well Reservoir 15 mL on 8 at 94.0 uL/sec
	Dispensing 200.0 uL into A9 of KingFisher 96 Deep Well Plate on 5 at 94.0 uL/sec
Transferring 200.0 from A9 of NEST 12 Well Reservoir 15 mL on 8 to A9 of KingFisher 96 Deep Well Plate on 5
	Aspirating 200.0 uL from A9 of NEST 12 Well Reservoir 15 mL on 8 at 94.0 uL/sec
	Dispensing 200.0 uL into A9 of KingFisher 96 Deep Well Plate on 5 at 94.0 uL/sec
Transferring 200.0 from A9 of NEST 12 Well Reservoir 15 mL on 8 to A9 of KingFisher 96 Deep Well Plate on 5
	Aspirating 200.0 uL from A9 of NEST 12 Well Reservoir 15 mL on 8 at 94.0 uL/sec
	Dispensing 200.0 uL into A9 of KingFisher 96 Deep Well Plate on 5 at 94.0 uL/sec
Transferring 200.0 from A9 of NEST 12 Well Reservoir 15 mL on 8 to A9 of KingFisher 96 Deep Well Plate on 5
	Aspirating 200.0 uL from A9 of NEST 12 Well Reservoir 15 mL on 8 at 94.0 uL/sec
	Dispensing 200.0 uL into A9 of KingFisher 96 Deep Well Plate on 5 at 94.0 uL/sec
Transferring 200.0 from A9 of NEST 12 Well Reservoir 15 mL on 8 to A9 of KingFisher 96 Deep Well Plate on 5
	Aspirating 200.0 uL from A9 of NEST 12 Well Reservoir 15 mL on 8 at 94.0 uL/sec
	Dispensing 200.0 uL into A9 of KingFisher 96 Deep Well Plate on 5 at 94.0 uL/sec
Transferring 200.0 from A10 of NEST 12 Well Reservoir 15 mL on 8 to A10 of KingFisher 96 Deep Well Plate on 5
	Aspirating 200.0 uL from A10 of NEST 12 Well Reservoir 15 mL on 8 at 94.0 uL/sec
	Dispensing 200.0 uL into A10 of KingFisher 96 Deep Well Plate on 5 at 94.0 uL/sec
Transferring 200.0 from A10 of NEST 12 Well Reservoir 15 mL on 8 to A10 of KingFisher 96 Deep Well Plate on 5
	Aspirating 200.0 uL from A10 of NEST 12 Well Reservoir 15 mL on 8 at 94.0 uL/sec
	Dispensing 200.0 uL into A10 of KingFisher 96 Deep Well Plate on 5 at 94.0 uL/sec
Transferring 200.0 from A10 of NEST 12 Well Reservoir 15 mL on 8 to A10 of KingFisher 96 Deep Well Plate on 5
	Aspirating 200.0 uL from A10 of NEST 12 Well Reservoir 15 mL on 8 at 94.0 uL/sec
	Dispensing 200.0 uL into A10 of KingFisher 96 Deep Well Plate on 5 at 94.0 uL/sec
Transferring 200.0 from A10 of NEST 12 Well Reservoir 15 mL on 8 to A10 of KingFisher 96 Deep Well Plate on 5
	Aspirating 200.0 uL from A10 of NEST 12 Well Reservoir 15 mL on 8 at 94.0 uL/sec
	Dispensing 200.0 uL into A10 of KingFisher 96 Deep Well Plate on 5 at 94.0 uL/sec
Transferring 200.0 from A10 of NEST 12 Well Reservoir 15 mL on 8 to A10 of KingFisher 96 Deep Well Plate on 5
	Aspirating 200.0 uL from A10 of NEST 12 Well Reservoir 15 mL on 8 at 94.0 uL/sec
	Dispensing 200.0 uL into A10 of KingFisher 96 Deep Well Plate on 5 at 94.0 uL/sec
Transferring 200.0 from A11 of NEST 12 Well Reservoir 15 mL on 8 to A11 of KingFisher 96 Deep Well Plate on 5
	Aspirating 200.0 uL from A11 of NEST 12 Well Reservoir 15 mL on 8 at 94.0 uL/sec
	Dispensing 200.0 uL into A11 of KingFisher 96 Deep Well Plate on 5 at 94.0 uL/sec
Transferring 200.0 from A11 of NEST 12 Well Reservoir 15 mL on 8 to A11 of KingFisher 96 Deep Well Plate on 5
	Aspirating 200.0 uL from A11 of NEST 12 Well Reservoir 15 mL on 8 at 94.0 uL/sec
	Dispensing 200.0 uL into A11 of KingFisher 96 Deep Well Plate on 5 at 94.0 uL/sec
Transferring 200.0 from A11 of NEST 12 Well Reservoir 15 mL on 8 to A11 of KingFisher 96 Deep Well Plate on 5
	Aspirating 200.0 uL from A11 of NEST 12 Well Reservoir 15 mL on 8 at 94.0 uL/sec
	Dispensing 200.0 uL into A11 of KingFisher 96 Deep Well Plate on 5 at 94.0 uL/sec
Transferring 200.0 from A11 of NEST 12 Well Reservoir 15 mL on 8 to A11 of KingFisher 96 Deep Well Plate on 5
	Aspirating 200.0 uL from A11 of NEST 12 Well Reservoir 15 mL on 8 at 94.0 uL/sec
	Dispensing 200.0 uL into A11 of KingFisher 96 Deep Well Plate on 5 at 94.0 uL/sec
Transferring 200.0 from A11 of NEST 12 Well Reservoir 15 mL on 8 to A11 of KingFisher 96 Deep Well Plate on 5
	Aspirating 200.0 uL from A11 of NEST 12 Well Reservoir 15 mL on 8 at 94.0 uL/sec
	Dispensing 200.0 uL into A11 of KingFisher 96 Deep Well Plate on 5 at 94.0 uL/sec
Transferring 200.0 from A12 of NEST 12 Well Reservoir 15 mL on 8 to A12 of KingFisher 96 Deep Well Plate on 5
	Aspirating 200.0 uL from A12 of NEST 12 Well Reservoir 15 mL on 8 at 94.0 uL/sec
	Dispensing 200.0 uL into A12 of KingFisher 96 Deep Well Plate on 5 at 94.0 uL/sec
Transferring 200.0 from A12 of NEST 12 Well Reservoir 15 mL on 8 to A12 of KingFisher 96 Deep Well Plate on 5
	Aspirating 200.0 uL from A12 of NEST 12 Well Reservoir 15 mL on 8 at 94.0 uL/sec
	Dispensing 200.0 uL into A12 of KingFisher 96 Deep Well Plate on 5 at 94.0 uL/sec
Transferring 200.0 from A12 of NEST 12 Well Reservoir 15 mL on 8 to A12 of KingFisher 96 Deep Well Plate on 5
	Aspirating 200.0 uL from A12 of NEST 12 Well Reservoir 15 mL on 8 at 94.0 uL/sec
	Dispensing 200.0 uL into A12 of KingFisher 96 Deep Well Plate on 5 at 94.0 uL/sec
Transferring 200.0 from A12 of NEST 12 Well Reservoir 15 mL on 8 to A12 of KingFisher 96 Deep Well Plate on 5
	Aspirating 200.0 uL from A12 of NEST 12 Well Reservoir 15 mL on 8 at 94.0 uL/sec
	Dispensing 200.0 uL into A12 of KingFisher 96 Deep Well Plate on 5 at 94.0 uL/sec
Transferring 200.0 from A12 of NEST 12 Well Reservoir 15 mL on 8 to A12 of KingFisher 96 Deep Well Plate on 5
	Aspirating 200.0 uL from A12 of NEST 12 Well Reservoir 15 mL on 8 at 94.0 uL/sec
	Dispensing 200.0 uL into A12 of KingFisher 96 Deep Well Plate on 5 at 94.0 uL/sec
Dropping tip into A1 of Opentrons Fixed Trash on 12
Picking up tip from A3 of Opentrons OT-2 96 Filter Tip Rack 200 µL on 1
Transferring 50.0 from A1 of NEST 12 Well Reservoir 15 mL on 9 to A1 of KingFisher 96 Deep Well Plate on 6
	Aspirating 50.0 uL from A1 of NEST 12 Well Reservoir 15 mL on 9 at 94.0 uL/sec
	Dispensing 50.0 uL into A1 of KingFisher 96 Deep Well Plate on 6 at 94.0 uL/sec
Transferring 50.0 from A1 of NEST 12 Well Reservoir 15 mL on 9 to A2 of KingFisher 96 Deep Well Plate on 6
	Aspirating 50.0 uL from A1 of NEST 12 Well Reservoir 15 mL on 9 at 94.0 uL/sec
	Dispensing 50.0 uL into A2 of KingFisher 96 Deep Well Plate on 6 at 94.0 uL/sec
Transferring 50.0 from A1 of NEST 12 Well Reservoir 15 mL on 9 to A3 of KingFisher 96 Deep Well Plate on 6
	Aspirating 50.0 uL from A1 of NEST 12 Well Reservoir 15 mL on 9 at 94.0 uL/sec
	Dispensing 50.0 uL into A3 of KingFisher 96 Deep Well Plate on 6 at 94.0 uL/sec
Transferring 50.0 from A1 of NEST 12 Well Reservoir 15 mL on 9 to A4 of KingFisher 96 Deep Well Plate on 6
	Aspirating 50.0 uL from A1 of NEST 12 Well Reservoir 15 mL on 9 at 94.0 uL/sec
	Dispensing 50.0 uL into A4 of KingFisher 96 Deep Well Plate on 6 at 94.0 uL/sec
Transferring 50.0 from A1 of NEST 12 Well Reservoir 15 mL on 9 to A5 of KingFisher 96 Deep Well Plate on 6
	Aspirating 50.0 uL from A1 of NEST 12 Well Reservoir 15 mL on 9 at 94.0 uL/sec
	Dispensing 50.0 uL into A5 of KingFisher 96 Deep Well Plate on 6 at 94.0 uL/sec
Transferring 50.0 from A1 of NEST 12 Well Reservoir 15 mL on 9 to A6 of KingFisher 96 Deep Well Plate on 6
	Aspirating 50.0 uL from A1 of NEST 12 Well Reservoir 15 mL on 9 at 94.0 uL/sec
	Dispensing 50.0 uL into A6 of KingFisher 96 Deep Well Plate on 6 at 94.0 uL/sec
Transferring 50.0 from A1 of NEST 12 Well Reservoir 15 mL on 9 to A7 of KingFisher 96 Deep Well Plate on 6
	Aspirating 50.0 uL from A1 of NEST 12 Well Reservoir 15 mL on 9 at 94.0 uL/sec
	Dispensing 50.0 uL into A7 of KingFisher 96 Deep Well Plate on 6 at 94.0 uL/sec
Transferring 50.0 from A1 of NEST 12 Well Reservoir 15 mL on 9 to A8 of KingFisher 96 Deep Well Plate on 6
	Aspirating 50.0 uL from A1 of NEST 12 Well Reservoir 15 mL on 9 at 94.0 uL/sec
	Dispensing 50.0 uL into A8 of KingFisher 96 Deep Well Plate on 6 at 94.0 uL/sec
Transferring 50.0 from A1 of NEST 12 Well Reservoir 15 mL on 9 to A9 of KingFisher 96 Deep Well Plate on 6
	Aspirating 50.0 uL from A1 of NEST 12 Well Reservoir 15 mL on 9 at 94.0 uL/sec
	Dispensing 50.0 uL into A9 of KingFisher 96 Deep Well Plate on 6 at 94.0 uL/sec
Transferring 50.0 from A1 of NEST 12 Well Reservoir 15 mL on 9 to A10 of KingFisher 96 Deep Well Plate on 6
	Aspirating 50.0 uL from A1 of NEST 12 Well Reservoir 15 mL on 9 at 94.0 uL/sec
	Dispensing 50.0 uL into A10 of KingFisher 96 Deep Well Plate on 6 at 94.0 uL/sec
Transferring 50.0 from A1 of NEST 12 Well Reservoir 15 mL on 9 to A11 of KingFisher 96 Deep Well Plate on 6
	Aspirating 50.0 uL from A1 of NEST 12 Well Reservoir 15 mL on 9 at 94.0 uL/sec
	Dispensing 50.0 uL into A11 of KingFisher 96 Deep Well Plate on 6 at 94.0 uL/sec
Transferring 50.0 from A1 of NEST 12 Well Reservoir 15 mL on 9 to A12 of KingFisher 96 Deep Well Plate on 6
	Aspirating 50.0 uL from A1 of NEST 12 Well Reservoir 15 mL on 9 at 94.0 uL/sec
	Dispensing 50.0 uL into A12 of KingFisher 96 Deep Well Plate on 6 at 94.0 uL/sec
Dropping tip into A1 of Opentrons Fixed Trash on 12
Caught exception: {'message': 'Task was destroyed but it is pending!', 'task': <Task pending name='Task-4' coro=<Poller._poll_forever() running at /Users/dp/Desktop/project/github/opentrons/venv/lib/python3.10/site-packages/opentrons/hardware_control/poller.py:80> wait_for=<Future pending cb=[Task.task_wakeup()]>>}
Caught exception: {'message': 'Task was destroyed but it is pending!', 'task': <Task pending name='Task-3' coro=<Poller._poll_forever() running at /Users/dp/Desktop/project/github/opentrons/venv/lib/python3.10/site-packages/opentrons/hardware_control/poller.py:80> wait_for=<Future pending cb=[Task.task_wakeup()]>>}
Caught exception: {'message': 'Task was destroyed but it is pending!', 'task': <Task pending name='Task-2' coro=<Poller._poll_forever() running at /Users/dp/Desktop/project/github/opentrons/venv/lib/python3.10/site-packages/opentrons/hardware_control/poller.py:80> wait_for=<Future pending cb=[Task.task_wakeup()]>>}
