/Users/dp/Desktop/project/github/opentrons/venv/lib/python3.10/site-packages/opentrons/hardware_control/simulator_setup.py:205: UserWarning: Simulator configuration does not name a machine, defaulting to OT-2 Standard
  warn(
/Users/dp/.opentrons/robot_settings.json not found. Loading defaults
Deck calibration not found.
/Users/dp/.opentrons/deck_calibration.json not found. Loading defaults
Setting Temperature Module temperature to 4.0 °C (rounded off to nearest integer)
Picking up tip from A1 of Opentrons OT-2 96 Tip Rack 20 µL on 5
Aspirating 1.5 uL from D2 of Eppendorf 24 Tube Rack with Generic 2.0mL Screwcap on 10 at 7.56 uL/sec
Dispensing 1.5 uL into B1 of Applied Biosystems 384 Well Plate 20 µL on Temperature Module GEN1 on 9 at 7.56 uL/sec
Dropping tip into A1 of Opentrons Fixed Trash on 12
Picking up tip from B1 of Opentrons OT-2 96 Tip Rack 20 µL on 5
Aspirating 1.5 uL from D3 of Eppendorf 24 Tube Rack with Generic 2.0mL Screwcap on 10 at 7.56 uL/sec
Dispensing 1.5 uL into A4 of Applied Biosystems 384 Well Plate 20 µL on Temperature Module GEN1 on 9 at 7.56 uL/sec
Dropping tip into A1 of Opentrons Fixed Trash on 12
Picking up tip from C1 of Opentrons OT-2 96 Tip Rack 20 µL on 5
Aspirating 1.5 uL from D4 of Eppendorf 24 Tube Rack with Generic 2.0mL Screwcap on 10 at 7.56 uL/sec
Dispensing 1.5 uL into D2 of Applied Biosystems 384 Well Plate 20 µL on Temperature Module GEN1 on 9 at 7.56 uL/sec
Dropping tip into A1 of Opentrons Fixed Trash on 12
Picking up tip from D1 of Opentrons OT-2 96 Tip Rack 20 µL on 5
Aspirating 1.5 uL from D5 of Eppendorf 24 Tube Rack with Generic 2.0mL Screwcap on 10 at 7.56 uL/sec
Dispensing 1.5 uL into E2 of Applied Biosystems 384 Well Plate 20 µL on Temperature Module GEN1 on 9 at 7.56 uL/sec
Dropping tip into A1 of Opentrons Fixed Trash on 12
Picking up tip from E1 of Opentrons OT-2 96 Tip Rack 20 µL on 5
Aspirating 1.5 uL from D6 of Eppendorf 24 Tube Rack with Generic 2.0mL Screwcap on 10 at 7.56 uL/sec
Dispensing 1.5 uL into A1 of Applied Biosystems 384 Well Plate 20 µL on Temperature Module GEN1 on 9 at 7.56 uL/sec
Dropping tip into A1 of Opentrons Fixed Trash on 12
Picking up tip from F1 of Opentrons OT-2 96 Tip Rack 20 µL on 5
Aspirating 1.5 uL from A1 of Eppendorf 24 Tube Rack with Generic 2.0mL Screwcap on 7 at 7.56 uL/sec
Dispensing 1.5 uL into A2 of Applied Biosystems 384 Well Plate 20 µL on Temperature Module GEN1 on 9 at 7.56 uL/sec
Dropping tip into A1 of Opentrons Fixed Trash on 12
Picking up tip from G1 of Opentrons OT-2 96 Tip Rack 20 µL on 5
Aspirating 1.5 uL from A2 of Eppendorf 24 Tube Rack with Generic 2.0mL Screwcap on 7 at 7.56 uL/sec
Dispensing 1.5 uL into A3 of Applied Biosystems 384 Well Plate 20 µL on Temperature Module GEN1 on 9 at 7.56 uL/sec
Dropping tip into A1 of Opentrons Fixed Trash on 12
Picking up tip from H1 of Opentrons OT-2 96 Tip Rack 20 µL on 5
Aspirating 1.5 uL from A3 of Eppendorf 24 Tube Rack with Generic 2.0mL Screwcap on 7 at 7.56 uL/sec
Dispensing 1.5 uL into D1 of Applied Biosystems 384 Well Plate 20 µL on Temperature Module GEN1 on 9 at 7.56 uL/sec
Dropping tip into A1 of Opentrons Fixed Trash on 12
Picking up tip from A2 of Opentrons OT-2 96 Tip Rack 20 µL on 5
Aspirating 1.5 uL from A4 of Eppendorf 24 Tube Rack with Generic 2.0mL Screwcap on 7 at 7.56 uL/sec
Dispensing 1.5 uL into E1 of Applied Biosystems 384 Well Plate 20 µL on Temperature Module GEN1 on 9 at 7.56 uL/sec
Dropping tip into A1 of Opentrons Fixed Trash on 12
Picking up tip from B2 of Opentrons OT-2 96 Tip Rack 20 µL on 5
Aspirating 1.5 uL from A5 of Eppendorf 24 Tube Rack with Generic 2.0mL Screwcap on 7 at 7.56 uL/sec
Dispensing 1.5 uL into B2 of Applied Biosystems 384 Well Plate 20 µL on Temperature Module GEN1 on 9 at 7.56 uL/sec
Dropping tip into A1 of Opentrons Fixed Trash on 12
Picking up tip from C2 of Opentrons OT-2 96 Tip Rack 20 µL on 5
Aspirating 1.5 uL from A6 of Eppendorf 24 Tube Rack with Generic 2.0mL Screwcap on 7 at 7.56 uL/sec
Dispensing 1.5 uL into B3 of Applied Biosystems 384 Well Plate 20 µL on Temperature Module GEN1 on 9 at 7.56 uL/sec
Dropping tip into A1 of Opentrons Fixed Trash on 12
Picking up tip from D2 of Opentrons OT-2 96 Tip Rack 20 µL on 5
Aspirating 1.5 uL from B1 of Eppendorf 24 Tube Rack with Generic 2.0mL Screwcap on 7 at 7.56 uL/sec
Dispensing 1.5 uL into B4 of Applied Biosystems 384 Well Plate 20 µL on Temperature Module GEN1 on 9 at 7.56 uL/sec
Dropping tip into A1 of Opentrons Fixed Trash on 12
Picking up tip from E2 of Opentrons OT-2 96 Tip Rack 20 µL on 5
Aspirating 1.5 uL from B2 of Eppendorf 24 Tube Rack with Generic 2.0mL Screwcap on 7 at 7.56 uL/sec
Dispensing 1.5 uL into B4 of Applied Biosystems 384 Well Plate 20 µL on Temperature Module GEN1 on 9 at 7.56 uL/sec
Dropping tip into A1 of Opentrons Fixed Trash on 12
Picking up tip from F2 of Opentrons OT-2 96 Tip Rack 20 µL on 5
Aspirating 1.5 uL from B3 of Eppendorf 24 Tube Rack with Generic 2.0mL Screwcap on 7 at 7.56 uL/sec
Dispensing 1.5 uL into D4 of Applied Biosystems 384 Well Plate 20 µL on Temperature Module GEN1 on 9 at 7.56 uL/sec
Dropping tip into A1 of Opentrons Fixed Trash on 12
Picking up tip from G2 of Opentrons OT-2 96 Tip Rack 20 µL on 5
Aspirating 1.5 uL from B4 of Eppendorf 24 Tube Rack with Generic 2.0mL Screwcap on 7 at 7.56 uL/sec
Dispensing 1.5 uL into D6 of Applied Biosystems 384 Well Plate 20 µL on Temperature Module GEN1 on 9 at 7.56 uL/sec
Dropping tip into A1 of Opentrons Fixed Trash on 12
Picking up tip from H2 of Opentrons OT-2 96 Tip Rack 20 µL on 5
Aspirating 1.5 uL from B5 of Eppendorf 24 Tube Rack with Generic 2.0mL Screwcap on 7 at 7.56 uL/sec
Dispensing 1.5 uL into D7 of Applied Biosystems 384 Well Plate 20 µL on Temperature Module GEN1 on 9 at 7.56 uL/sec
Dropping tip into A1 of Opentrons Fixed Trash on 12
Picking up tip from A3 of Opentrons OT-2 96 Tip Rack 20 µL on 5
Aspirating 1.5 uL from B6 of Eppendorf 24 Tube Rack with Generic 2.0mL Screwcap on 7 at 7.56 uL/sec
Dispensing 1.5 uL into D8 of Applied Biosystems 384 Well Plate 20 µL on Temperature Module GEN1 on 9 at 7.56 uL/sec
Dropping tip into A1 of Opentrons Fixed Trash on 12
Picking up tip from B3 of Opentrons OT-2 96 Tip Rack 20 µL on 5
Aspirating 1.5 uL from C1 of Eppendorf 24 Tube Rack with Generic 2.0mL Screwcap on 7 at 7.56 uL/sec
Dispensing 1.5 uL into E7 of Applied Biosystems 384 Well Plate 20 µL on Temperature Module GEN1 on 9 at 7.56 uL/sec
Dropping tip into A1 of Opentrons Fixed Trash on 12
Picking up tip from C3 of Opentrons OT-2 96 Tip Rack 20 µL on 5
Aspirating 1.5 uL from C2 of Eppendorf 24 Tube Rack with Generic 2.0mL Screwcap on 7 at 7.56 uL/sec
Dispensing 1.5 uL into E6 of Applied Biosystems 384 Well Plate 20 µL on Temperature Module GEN1 on 9 at 7.56 uL/sec
Dropping tip into A1 of Opentrons Fixed Trash on 12
Picking up tip from D3 of Opentrons OT-2 96 Tip Rack 20 µL on 5
Aspirating 1.5 uL from C3 of Eppendorf 24 Tube Rack with Generic 2.0mL Screwcap on 7 at 7.56 uL/sec
Dispensing 1.5 uL into E7 of Applied Biosystems 384 Well Plate 20 µL on Temperature Module GEN1 on 9 at 7.56 uL/sec
Dropping tip into A1 of Opentrons Fixed Trash on 12
Picking up tip from E3 of Opentrons OT-2 96 Tip Rack 20 µL on 5
Aspirating 1.5 uL from C4 of Eppendorf 24 Tube Rack with Generic 2.0mL Screwcap on 7 at 7.56 uL/sec
Dispensing 1.5 uL into E8 of Applied Biosystems 384 Well Plate 20 µL on Temperature Module GEN1 on 9 at 7.56 uL/sec
Dropping tip into A1 of Opentrons Fixed Trash on 12
Waiting for Temperature Module to reach temperature 4.0 °C (rounded off to nearest integer)
Caught exception: {'message': 'Task was destroyed but it is pending!', 'task': <Task pending name='Task-4' coro=<Poller._poll_forever() running at /Users/dp/Desktop/project/github/opentrons/venv/lib/python3.10/site-packages/opentrons/hardware_control/poller.py:80> wait_for=<Future pending cb=[Task.task_wakeup()]>>}
Caught exception: {'message': 'Task was destroyed but it is pending!', 'task': <Task pending name='Task-3' coro=<Poller._poll_forever() running at /Users/dp/Desktop/project/github/opentrons/venv/lib/python3.10/site-packages/opentrons/hardware_control/poller.py:80> wait_for=<Future pending cb=[Task.task_wakeup()]>>}
Caught exception: {'message': 'Task was destroyed but it is pending!', 'task': <Task pending name='Task-2' coro=<Poller._poll_forever() running at /Users/dp/Desktop/project/github/opentrons/venv/lib/python3.10/site-packages/opentrons/hardware_control/poller.py:80> wait_for=<Future pending cb=[Task.task_wakeup()]>>}
