/Users/dp/Desktop/project/github/opentrons/venv/lib/python3.10/site-packages/opentrons/hardware_control/simulator_setup.py:205: UserWarning: Simulator configuration does not name a machine, defaulting to OT-2 Standard
  warn(
/Users/dp/.opentrons/robot_settings.json not found. Loading defaults
Deck calibration not found.
/Users/dp/.opentrons/deck_calibration.json not found. Loading defaults
~~~~~~~~Adding Amp Product from Plate 1 to Plate 2~~~~~~~~~
Picking up tip from A1 of Opentrons OT-2 96 Filter Tip Rack 200 µL on 7
Aspirating 25.0 uL from A1 of NEST 96 Well Plate 100 µL PCR Full Skirt on 1 at 94.0 uL/sec
Dispensing 25.0 uL into A1 of NEST 96 Well Plate 100 µL PCR Full Skirt on 2 at 94.0 uL/sec
Mixing 5 times with a volume of 35.0 ul
	Aspirating 35.0 uL from A1 of NEST 96 Well Plate 100 µL PCR Full Skirt on 2 at 94.0 uL/sec
	Dispensing 35.0 uL into A1 of NEST 96 Well Plate 100 µL PCR Full Skirt on 2 at 94.0 uL/sec
	Aspirating 35.0 uL from A1 of NEST 96 Well Plate 100 µL PCR Full Skirt on 2 at 94.0 uL/sec
	Dispensing 35.0 uL into A1 of NEST 96 Well Plate 100 µL PCR Full Skirt on 2 at 94.0 uL/sec
	Aspirating 35.0 uL from A1 of NEST 96 Well Plate 100 µL PCR Full Skirt on 2 at 94.0 uL/sec
	Dispensing 35.0 uL into A1 of NEST 96 Well Plate 100 µL PCR Full Skirt on 2 at 94.0 uL/sec
	Aspirating 35.0 uL from A1 of NEST 96 Well Plate 100 µL PCR Full Skirt on 2 at 94.0 uL/sec
	Dispensing 35.0 uL into A1 of NEST 96 Well Plate 100 µL PCR Full Skirt on 2 at 94.0 uL/sec
	Aspirating 35.0 uL from A1 of NEST 96 Well Plate 100 µL PCR Full Skirt on 2 at 94.0 uL/sec
	Dispensing 35.0 uL into A1 of NEST 96 Well Plate 100 µL PCR Full Skirt on 2 at 94.0 uL/sec
Touching tip
Dropping tip into A1 of Opentrons Fixed Trash on 12





~~~~~~~~Adding Water to Final Plate~~~~~~~~~
Picking up tip from A2 of Opentrons OT-2 96 Filter Tip Rack 200 µL on 7
Distributing 45.0 from A1 of NEST 12 Well Reservoir 15 mL on 6 to A1 of NEST 96 Well Plate 100 µL PCR Full Skirt on 3
	Transferring 45.0 from A1 of NEST 12 Well Reservoir 15 mL on 6 to A1 of NEST 96 Well Plate 100 µL PCR Full Skirt on 3
		Aspirating 65.0 uL from A1 of NEST 12 Well Reservoir 15 mL on 6 at 94.0 uL/sec
		Dispensing 45.0 uL into A1 of NEST 96 Well Plate 100 µL PCR Full Skirt on 3 at 94.0 uL/sec
		Blowing out at A1 of NEST 12 Well Reservoir 15 mL on 6
Dropping tip into A1 of Opentrons Fixed Trash on 12





~~~~~~~~Adding Amp Product from Plate 2 to Water~~~~~~~~~
Picking up tip from A1 of Opentrons OT-2 96 Filter Tip Rack 20 µL on 9
Aspirating 5.0 uL from A1 of NEST 96 Well Plate 100 µL PCR Full Skirt on 2 at 7.6 uL/sec
Dispensing 5.0 uL into A1 of NEST 96 Well Plate 100 µL PCR Full Skirt on 3 at 7.6 uL/sec
Aspirating 20.0 uL from A1 of NEST 96 Well Plate 100 µL PCR Full Skirt on 3 at 7.6 uL/sec
Dispensing 20.0 uL into A1 of NEST 96 Well Plate 100 µL PCR Full Skirt on 3 at 7.6 uL/sec
Aspirating 20.0 uL from A1 of NEST 96 Well Plate 100 µL PCR Full Skirt on 3 at 7.6 uL/sec
Dispensing 20.0 uL into A1 of NEST 96 Well Plate 100 µL PCR Full Skirt on 3 at 7.6 uL/sec
Aspirating 20.0 uL from A1 of NEST 96 Well Plate 100 µL PCR Full Skirt on 3 at 7.6 uL/sec
Dispensing 20.0 uL into A1 of NEST 96 Well Plate 100 µL PCR Full Skirt on 3 at 7.6 uL/sec
Aspirating 20.0 uL from A1 of NEST 96 Well Plate 100 µL PCR Full Skirt on 3 at 7.6 uL/sec
Dispensing 20.0 uL into A1 of NEST 96 Well Plate 100 µL PCR Full Skirt on 3 at 7.6 uL/sec
Aspirating 20.0 uL from A1 of NEST 96 Well Plate 100 µL PCR Full Skirt on 3 at 7.6 uL/sec
Dispensing 20.0 uL into A1 of NEST 96 Well Plate 100 µL PCR Full Skirt on 3 at 7.6 uL/sec
Aspirating 20.0 uL from A1 of NEST 96 Well Plate 100 µL PCR Full Skirt on 3 at 7.6 uL/sec
Dispensing 20.0 uL into A1 of NEST 96 Well Plate 100 µL PCR Full Skirt on 3 at 7.6 uL/sec
Aspirating 20.0 uL from A1 of NEST 96 Well Plate 100 µL PCR Full Skirt on 3 at 7.6 uL/sec
Dispensing 20.0 uL into A1 of NEST 96 Well Plate 100 µL PCR Full Skirt on 3 at 7.6 uL/sec
Aspirating 20.0 uL from A1 of NEST 96 Well Plate 100 µL PCR Full Skirt on 3 at 7.6 uL/sec
Dispensing 20.0 uL into A1 of NEST 96 Well Plate 100 µL PCR Full Skirt on 3 at 7.6 uL/sec
Aspirating 20.0 uL from A1 of NEST 96 Well Plate 100 µL PCR Full Skirt on 3 at 7.6 uL/sec
Dispensing 20.0 uL into A1 of NEST 96 Well Plate 100 µL PCR Full Skirt on 3 at 7.6 uL/sec
Aspirating 20.0 uL from A1 of NEST 96 Well Plate 100 µL PCR Full Skirt on 3 at 7.6 uL/sec
Dispensing 20.0 uL into A1 of NEST 96 Well Plate 100 µL PCR Full Skirt on 3 at 7.6 uL/sec
Touching tip
Returning tip
	Dropping tip into A1 of Opentrons OT-2 96 Filter Tip Rack 20 µL on 9





~~~~~~~~Adding Mastermix to Temp Plate~~~~~~~~~
Picking up tip from A2 of Opentrons OT-2 96 Filter Tip Rack 20 µL on 9
Aspirating 15.0 uL from A1 of NEST 96 Well Plate 100 µL PCR Full Skirt on 4 at 7.6 uL/sec
Dispensing 6.7 uL into A1 of NEST 96 Well Plate 100 µL PCR Full Skirt on 3 at 7.6 uL/sec
Dispensing 8.3 uL into A1 of NEST 96 Well Plate 100 µL PCR Full Skirt on 4 at 7.6 uL/sec
Dropping tip into A1 of Opentrons Fixed Trash on 12





~~~~~~~~Adding Diluted PCR Product~~~~~~~~~
Picking up tip from A1 of Opentrons OT-2 96 Filter Tip Rack 20 µL on 9
Aspirating 3.3 uL from A1 of NEST 96 Well Plate 100 µL PCR Full Skirt on 3 at 7.6 uL/sec
Dispensing 3.3 uL into A1 of Opentrons 96 Well Aluminum Block with NEST Well Plate 100 µL on Temperature Module GEN1 on 10 at 7.6 uL/sec
Mixing 10 times with a volume of 7.5 ul
	Aspirating 7.5 uL from A1 of Opentrons 96 Well Aluminum Block with NEST Well Plate 100 µL on Temperature Module GEN1 on 10 at 6.46 uL/sec
	Dispensing 7.5 uL into A1 of Opentrons 96 Well Aluminum Block with NEST Well Plate 100 µL on Temperature Module GEN1 on 10 at 6.46 uL/sec
	Aspirating 7.5 uL from A1 of Opentrons 96 Well Aluminum Block with NEST Well Plate 100 µL on Temperature Module GEN1 on 10 at 6.46 uL/sec
	Dispensing 7.5 uL into A1 of Opentrons 96 Well Aluminum Block with NEST Well Plate 100 µL on Temperature Module GEN1 on 10 at 6.46 uL/sec
	Aspirating 7.5 uL from A1 of Opentrons 96 Well Aluminum Block with NEST Well Plate 100 µL on Temperature Module GEN1 on 10 at 6.46 uL/sec
	Dispensing 7.5 uL into A1 of Opentrons 96 Well Aluminum Block with NEST Well Plate 100 µL on Temperature Module GEN1 on 10 at 6.46 uL/sec
	Aspirating 7.5 uL from A1 of Opentrons 96 Well Aluminum Block with NEST Well Plate 100 µL on Temperature Module GEN1 on 10 at 6.46 uL/sec
	Dispensing 7.5 uL into A1 of Opentrons 96 Well Aluminum Block with NEST Well Plate 100 µL on Temperature Module GEN1 on 10 at 6.46 uL/sec
	Aspirating 7.5 uL from A1 of Opentrons 96 Well Aluminum Block with NEST Well Plate 100 µL on Temperature Module GEN1 on 10 at 6.46 uL/sec
	Dispensing 7.5 uL into A1 of Opentrons 96 Well Aluminum Block with NEST Well Plate 100 µL on Temperature Module GEN1 on 10 at 6.46 uL/sec
	Aspirating 7.5 uL from A1 of Opentrons 96 Well Aluminum Block with NEST Well Plate 100 µL on Temperature Module GEN1 on 10 at 6.46 uL/sec
	Dispensing 7.5 uL into A1 of Opentrons 96 Well Aluminum Block with NEST Well Plate 100 µL on Temperature Module GEN1 on 10 at 6.46 uL/sec
	Aspirating 7.5 uL from A1 of Opentrons 96 Well Aluminum Block with NEST Well Plate 100 µL on Temperature Module GEN1 on 10 at 6.46 uL/sec
	Dispensing 7.5 uL into A1 of Opentrons 96 Well Aluminum Block with NEST Well Plate 100 µL on Temperature Module GEN1 on 10 at 6.46 uL/sec
	Aspirating 7.5 uL from A1 of Opentrons 96 Well Aluminum Block with NEST Well Plate 100 µL on Temperature Module GEN1 on 10 at 6.46 uL/sec
	Dispensing 7.5 uL into A1 of Opentrons 96 Well Aluminum Block with NEST Well Plate 100 µL on Temperature Module GEN1 on 10 at 6.46 uL/sec
	Aspirating 7.5 uL from A1 of Opentrons 96 Well Aluminum Block with NEST Well Plate 100 µL on Temperature Module GEN1 on 10 at 6.46 uL/sec
	Dispensing 7.5 uL into A1 of Opentrons 96 Well Aluminum Block with NEST Well Plate 100 µL on Temperature Module GEN1 on 10 at 6.46 uL/sec
	Aspirating 7.5 uL from A1 of Opentrons 96 Well Aluminum Block with NEST Well Plate 100 µL on Temperature Module GEN1 on 10 at 6.46 uL/sec
	Dispensing 7.5 uL into A1 of Opentrons 96 Well Aluminum Block with NEST Well Plate 100 µL on Temperature Module GEN1 on 10 at 6.46 uL/sec
Blowing out at A1 of Opentrons 96 Well Aluminum Block with NEST Well Plate 100 µL on Temperature Module GEN1 on 10
Touching tip
Dropping tip into A1 of Opentrons Fixed Trash on 12





Delaying for 15 minutes and 0.0 seconds. INCUBATING AT ROOM TEMPERATURE
Setting Temperature Module temperature to 65.0 °C (rounded off to nearest integer)
Delaying for 15 minutes and 0.0 seconds. INCUBATING AT 65C
Setting Temperature Module temperature to 25.0 °C (rounded off to nearest integer)
Pausing robot operation: 
    Temperature module is at room temperature.
    Initial incubation steps complete. Put on ice for 1 minute.
    Please take the 96 block off of the temperature
    module and place it in slot 1 by replacing the plate already there.
    Place a new NEST 100ul 96 well plate on the magnetic module,
    and then select "Resume" on the Opentrons App.
    
~~~~~~~~Adding Barcode Mastermix~~~~~~~~~
Picking up tip from A3 of Opentrons OT-2 96 Filter Tip Rack 20 µL on 9
Aspirating 18.0 uL from A2 of NEST 96 Well Plate 100 µL PCR Full Skirt on 4 at 7.6 uL/sec
Dispensing 7.75 uL into A1 of Opentrons 96 Well Aluminum Block with NEST Well Plate 100 µL on Temperature Module GEN1 on 10 at 7.6 uL/sec
Dispensing 2.5 uL into A2 of NEST 96 Well Plate 100 µL PCR Full Skirt on 4 at 7.6 uL/sec
Dropping tip into A1 of Opentrons Fixed Trash on 12





~~~~~~~~Adding Barcode~~~~~~~~~
Picking up tip from A4 of Opentrons OT-2 96 Filter Tip Rack 20 µL on 9
Aspirating 1.25 uL from A1 of NEST 96 Well Plate 100 µL PCR Full Skirt on 5 at 7.6 uL/sec
Dispensing 1.25 uL into A1 of Opentrons 96 Well Aluminum Block with NEST Well Plate 100 µL on Temperature Module GEN1 on 10 at 7.6 uL/sec
Touching tip
Dropping tip into A1 of Opentrons Fixed Trash on 12





~~~~~~~~Adding Endprep Reaction and Mixing~~~~~~~~~
Picking up tip from A5 of Opentrons OT-2 96 Filter Tip Rack 20 µL on 9
Aspirating 1.0 uL from A1 of NEST 96 Well Plate 100 µL PCR Full Skirt on 1 at 3.8 uL/sec
Dispensing 1.0 uL into A1 of Opentrons 96 Well Aluminum Block with NEST Well Plate 100 µL on Temperature Module GEN1 on 10 at 3.8 uL/sec
Mixing 10 times with a volume of 7.5 ul
	Aspirating 7.5 uL from A1 of Opentrons 96 Well Aluminum Block with NEST Well Plate 100 µL on Temperature Module GEN1 on 10 at 7.6 uL/sec
	Dispensing 7.5 uL into A1 of Opentrons 96 Well Aluminum Block with NEST Well Plate 100 µL on Temperature Module GEN1 on 10 at 7.6 uL/sec
	Aspirating 7.5 uL from A1 of Opentrons 96 Well Aluminum Block with NEST Well Plate 100 µL on Temperature Module GEN1 on 10 at 7.6 uL/sec
	Dispensing 7.5 uL into A1 of Opentrons 96 Well Aluminum Block with NEST Well Plate 100 µL on Temperature Module GEN1 on 10 at 7.6 uL/sec
	Aspirating 7.5 uL from A1 of Opentrons 96 Well Aluminum Block with NEST Well Plate 100 µL on Temperature Module GEN1 on 10 at 7.6 uL/sec
	Dispensing 7.5 uL into A1 of Opentrons 96 Well Aluminum Block with NEST Well Plate 100 µL on Temperature Module GEN1 on 10 at 7.6 uL/sec
	Aspirating 7.5 uL from A1 of Opentrons 96 Well Aluminum Block with NEST Well Plate 100 µL on Temperature Module GEN1 on 10 at 7.6 uL/sec
	Dispensing 7.5 uL into A1 of Opentrons 96 Well Aluminum Block with NEST Well Plate 100 µL on Temperature Module GEN1 on 10 at 7.6 uL/sec
	Aspirating 7.5 uL from A1 of Opentrons 96 Well Aluminum Block with NEST Well Plate 100 µL on Temperature Module GEN1 on 10 at 7.6 uL/sec
	Dispensing 7.5 uL into A1 of Opentrons 96 Well Aluminum Block with NEST Well Plate 100 µL on Temperature Module GEN1 on 10 at 7.6 uL/sec
	Aspirating 7.5 uL from A1 of Opentrons 96 Well Aluminum Block with NEST Well Plate 100 µL on Temperature Module GEN1 on 10 at 7.6 uL/sec
	Dispensing 7.5 uL into A1 of Opentrons 96 Well Aluminum Block with NEST Well Plate 100 µL on Temperature Module GEN1 on 10 at 7.6 uL/sec
	Aspirating 7.5 uL from A1 of Opentrons 96 Well Aluminum Block with NEST Well Plate 100 µL on Temperature Module GEN1 on 10 at 7.6 uL/sec
	Dispensing 7.5 uL into A1 of Opentrons 96 Well Aluminum Block with NEST Well Plate 100 µL on Temperature Module GEN1 on 10 at 7.6 uL/sec
	Aspirating 7.5 uL from A1 of Opentrons 96 Well Aluminum Block with NEST Well Plate 100 µL on Temperature Module GEN1 on 10 at 7.6 uL/sec
	Dispensing 7.5 uL into A1 of Opentrons 96 Well Aluminum Block with NEST Well Plate 100 µL on Temperature Module GEN1 on 10 at 7.6 uL/sec
	Aspirating 7.5 uL from A1 of Opentrons 96 Well Aluminum Block with NEST Well Plate 100 µL on Temperature Module GEN1 on 10 at 7.6 uL/sec
	Dispensing 7.5 uL into A1 of Opentrons 96 Well Aluminum Block with NEST Well Plate 100 µL on Temperature Module GEN1 on 10 at 7.6 uL/sec
	Aspirating 7.5 uL from A1 of Opentrons 96 Well Aluminum Block with NEST Well Plate 100 µL on Temperature Module GEN1 on 10 at 7.6 uL/sec
	Dispensing 7.5 uL into A1 of Opentrons 96 Well Aluminum Block with NEST Well Plate 100 µL on Temperature Module GEN1 on 10 at 7.6 uL/sec
Touching tip
Dropping tip into A1 of Opentrons Fixed Trash on 12
Delaying for 30 minutes and 0.0 seconds. INCUBATING AT ROOM TEMPERATURE
Setting Temperature Module temperature to 65.0 °C (rounded off to nearest integer)
Delaying for 10 minutes and 0.0 seconds. INCUBATING AT 65C
Setting Temperature Module temperature to 25.0 °C (rounded off to nearest integer)
Pausing robot operation: Put aluminum block on ice for 1 minute.
~~~~~~~~Pooling Samples~~~~~~~~~
Picking up tip from A6 of Opentrons OT-2 96 Filter Tip Rack 20 µL on 9
Aspirating 2.5 uL from A1 of Opentrons 96 Well Aluminum Block with NEST Well Plate 100 µL on Temperature Module GEN1 on 10 at 7.6 uL/sec
Dispensing 2.5 uL into A3 of NEST 96 Well Plate 100 µL PCR Full Skirt on 4 at 7.6 uL/sec
Blowing out at A3 of NEST 96 Well Plate 100 µL PCR Full Skirt on 4
Dropping tip into A1 of Opentrons Fixed Trash on 12
Caught exception: {'message': 'Task was destroyed but it is pending!', 'task': <Task pending name='Task-4' coro=<Poller._poll_forever() running at /Users/dp/Desktop/project/github/opentrons/venv/lib/python3.10/site-packages/opentrons/hardware_control/poller.py:80> wait_for=<Future pending cb=[Task.task_wakeup()]>>}
Caught exception: {'message': 'Task was destroyed but it is pending!', 'task': <Task pending name='Task-3' coro=<Poller._poll_forever() running at /Users/dp/Desktop/project/github/opentrons/venv/lib/python3.10/site-packages/opentrons/hardware_control/poller.py:80> wait_for=<Future pending cb=[Task.task_wakeup()]>>}
Caught exception: {'message': 'Task was destroyed but it is pending!', 'task': <Task pending name='Task-2' coro=<Poller._poll_forever() running at /Users/dp/Desktop/project/github/opentrons/venv/lib/python3.10/site-packages/opentrons/hardware_control/poller.py:80> wait_for=<Future pending cb=[Task.task_wakeup()]>>}
