/Users/dp/Desktop/project/github/opentrons/venv/lib/python3.10/site-packages/opentrons/hardware_control/simulator_setup.py:205: UserWarning: Simulator configuration does not name a machine, defaulting to OT-2 Standard
  warn(
/Users/dp/.opentrons/robot_settings.json not found. Loading defaults
Deck calibration not found.
/Users/dp/.opentrons/deck_calibration.json not found. Loading defaults
Picking up tip from A1 of Opentrons OT-2 96 Tip Rack 300 µL on 1
Logs from this command:
WARNING (legacy_module_core): The labware definition for Eppendorf DWP 2000ul does not define a default engagement height for use with the Magnetic Module; you must specify a height explicitly when calling engage().
Transferring 90.0 from A1 of USA Scientific 12 Well Reservoir 22 mL on 11 to A1 of Eppendorf DWP 500ul on 9
	Aspirating 90.0 uL from A1 of USA Scientific 12 Well Reservoir 22 mL on 11 at 150.0 uL/sec
	Dispensing 90.0 uL into A1 of Eppendorf DWP 500ul on 9 at 300.0 uL/sec
Mixing 10 times with a volume of 70.0 ul
	Aspirating 70.0 uL from A1 of Eppendorf DWP 500ul on 9 at 150.0 uL/sec
	Dispensing 70.0 uL into A1 of Eppendorf DWP 500ul on 9 at 300.0 uL/sec
	Aspirating 70.0 uL from A1 of Eppendorf DWP 500ul on 9 at 150.0 uL/sec
	Dispensing 70.0 uL into A1 of Eppendorf DWP 500ul on 9 at 300.0 uL/sec
	Aspirating 70.0 uL from A1 of Eppendorf DWP 500ul on 9 at 150.0 uL/sec
	Dispensing 70.0 uL into A1 of Eppendorf DWP 500ul on 9 at 300.0 uL/sec
	Aspirating 70.0 uL from A1 of Eppendorf DWP 500ul on 9 at 150.0 uL/sec
	Dispensing 70.0 uL into A1 of Eppendorf DWP 500ul on 9 at 300.0 uL/sec
	Aspirating 70.0 uL from A1 of Eppendorf DWP 500ul on 9 at 150.0 uL/sec
	Dispensing 70.0 uL into A1 of Eppendorf DWP 500ul on 9 at 300.0 uL/sec
	Aspirating 70.0 uL from A1 of Eppendorf DWP 500ul on 9 at 150.0 uL/sec
	Dispensing 70.0 uL into A1 of Eppendorf DWP 500ul on 9 at 300.0 uL/sec
	Aspirating 70.0 uL from A1 of Eppendorf DWP 500ul on 9 at 150.0 uL/sec
	Dispensing 70.0 uL into A1 of Eppendorf DWP 500ul on 9 at 300.0 uL/sec
	Aspirating 70.0 uL from A1 of Eppendorf DWP 500ul on 9 at 150.0 uL/sec
	Dispensing 70.0 uL into A1 of Eppendorf DWP 500ul on 9 at 300.0 uL/sec
	Aspirating 70.0 uL from A1 of Eppendorf DWP 500ul on 9 at 150.0 uL/sec
	Dispensing 70.0 uL into A1 of Eppendorf DWP 500ul on 9 at 300.0 uL/sec
	Aspirating 70.0 uL from A1 of Eppendorf DWP 500ul on 9 at 150.0 uL/sec
	Dispensing 70.0 uL into A1 of Eppendorf DWP 500ul on 9 at 300.0 uL/sec
Blowing out at A1 of Eppendorf DWP 500ul on 9
Dropping tip into A1 of Opentrons Fixed Trash on 12
Picking up tip from A2 of Opentrons OT-2 96 Tip Rack 300 µL on 1
Transferring 120.0 from A2 of USA Scientific 12 Well Reservoir 22 mL on 11 to A1 of Eppendorf DWP 500ul on 9
	Aspirating 120.0 uL from A2 of USA Scientific 12 Well Reservoir 22 mL on 11 at 150.0 uL/sec
	Dispensing 120.0 uL into A1 of Eppendorf DWP 500ul on 9 at 300.0 uL/sec
Mixing 5 times with a volume of 150.0 ul
	Aspirating 150.0 uL from A1 of Eppendorf DWP 500ul on 9 at 150.0 uL/sec
	Dispensing 150.0 uL into A1 of Eppendorf DWP 500ul on 9 at 300.0 uL/sec
	Aspirating 150.0 uL from A1 of Eppendorf DWP 500ul on 9 at 150.0 uL/sec
	Dispensing 150.0 uL into A1 of Eppendorf DWP 500ul on 9 at 300.0 uL/sec
	Aspirating 150.0 uL from A1 of Eppendorf DWP 500ul on 9 at 150.0 uL/sec
	Dispensing 150.0 uL into A1 of Eppendorf DWP 500ul on 9 at 300.0 uL/sec
	Aspirating 150.0 uL from A1 of Eppendorf DWP 500ul on 9 at 150.0 uL/sec
	Dispensing 150.0 uL into A1 of Eppendorf DWP 500ul on 9 at 300.0 uL/sec
	Aspirating 150.0 uL from A1 of Eppendorf DWP 500ul on 9 at 150.0 uL/sec
	Dispensing 150.0 uL into A1 of Eppendorf DWP 500ul on 9 at 300.0 uL/sec
Blowing out at A1 of Eppendorf DWP 500ul on 9
Dropping tip into A1 of Opentrons Fixed Trash on 12
Pausing operation for 2 minutes.
Delaying for 2 minutes and 0.0 seconds
Picking up tip from A3 of Opentrons OT-2 96 Tip Rack 300 µL on 1
Transferring 120.0 from A3 of USA Scientific 12 Well Reservoir 22 mL on 11 to A1 of Eppendorf DWP 500ul on 9
	Aspirating 120.0 uL from A3 of USA Scientific 12 Well Reservoir 22 mL on 11 at 150.0 uL/sec
	Dispensing 120.0 uL into A1 of Eppendorf DWP 500ul on 9 at 300.0 uL/sec
Mixing 5 times with a volume of 250.0 ul
	Aspirating 250.0 uL from A1 of Eppendorf DWP 500ul on 9 at 150.0 uL/sec
	Dispensing 250.0 uL into A1 of Eppendorf DWP 500ul on 9 at 300.0 uL/sec
	Aspirating 250.0 uL from A1 of Eppendorf DWP 500ul on 9 at 150.0 uL/sec
	Dispensing 250.0 uL into A1 of Eppendorf DWP 500ul on 9 at 300.0 uL/sec
	Aspirating 250.0 uL from A1 of Eppendorf DWP 500ul on 9 at 150.0 uL/sec
	Dispensing 250.0 uL into A1 of Eppendorf DWP 500ul on 9 at 300.0 uL/sec
	Aspirating 250.0 uL from A1 of Eppendorf DWP 500ul on 9 at 150.0 uL/sec
	Dispensing 250.0 uL into A1 of Eppendorf DWP 500ul on 9 at 300.0 uL/sec
	Aspirating 250.0 uL from A1 of Eppendorf DWP 500ul on 9 at 150.0 uL/sec
	Dispensing 250.0 uL into A1 of Eppendorf DWP 500ul on 9 at 300.0 uL/sec
Blowing out at A1 of Eppendorf DWP 500ul on 9
Dropping tip into A1 of Opentrons Fixed Trash on 12
Picking up tip from A4 of Opentrons OT-2 96 Tip Rack 300 µL on 1
Transferring 30.0 from A4 of USA Scientific 12 Well Reservoir 22 mL on 11 to A1 of Eppendorf DWP 500ul on 9
	Aspirating 30.0 uL from A4 of USA Scientific 12 Well Reservoir 22 mL on 11 at 150.0 uL/sec
	Dispensing 30.0 uL into A1 of Eppendorf DWP 500ul on 9 at 300.0 uL/sec
Mixing 5 times with a volume of 50.0 ul
	Aspirating 50.0 uL from A1 of Eppendorf DWP 500ul on 9 at 150.0 uL/sec
	Dispensing 50.0 uL into A1 of Eppendorf DWP 500ul on 9 at 300.0 uL/sec
	Aspirating 50.0 uL from A1 of Eppendorf DWP 500ul on 9 at 150.0 uL/sec
	Dispensing 50.0 uL into A1 of Eppendorf DWP 500ul on 9 at 300.0 uL/sec
	Aspirating 50.0 uL from A1 of Eppendorf DWP 500ul on 9 at 150.0 uL/sec
	Dispensing 50.0 uL into A1 of Eppendorf DWP 500ul on 9 at 300.0 uL/sec
	Aspirating 50.0 uL from A1 of Eppendorf DWP 500ul on 9 at 150.0 uL/sec
	Dispensing 50.0 uL into A1 of Eppendorf DWP 500ul on 9 at 300.0 uL/sec
	Aspirating 50.0 uL from A1 of Eppendorf DWP 500ul on 9 at 150.0 uL/sec
	Dispensing 50.0 uL into A1 of Eppendorf DWP 500ul on 9 at 300.0 uL/sec
Blowing out at A1 of Eppendorf DWP 500ul on 9
Dropping tip into A1 of Opentrons Fixed Trash on 12
Engaging Magnetic Module
Pausing operation for 10 minutes.
Delaying for 10 minutes and 0.0 seconds
Picking up tip from A5 of Opentrons OT-2 96 Tip Rack 300 µL on 1
Transferring 250.0 from A1 of Eppendorf DWP 500ul on 9 to A1 of Eppendorf DWP 2000ul on Magnetic Module GEN1 on 10
	Aspirating 250.0 uL from A1 of Eppendorf DWP 500ul on 9 at 150.0 uL/sec
	Dispensing 250.0 uL into A1 of Eppendorf DWP 2000ul on Magnetic Module GEN1 on 10 at 300.0 uL/sec
Blowing out at A1 of Eppendorf DWP 2000ul on Magnetic Module GEN1 on 10
Dropping tip into A1 of Opentrons Fixed Trash on 12
Picking up tip from A6 of Opentrons OT-2 96 Tip Rack 300 µL on 1
Transferring 50.0 from A5 of USA Scientific 12 Well Reservoir 22 mL on 11 to A1 of Eppendorf DWP 2000ul on Magnetic Module GEN1 on 10
	Aspirating 50.0 uL from A5 of USA Scientific 12 Well Reservoir 22 mL on 11 at 150.0 uL/sec
	Dispensing 50.0 uL into A1 of Eppendorf DWP 2000ul on Magnetic Module GEN1 on 10 at 300.0 uL/sec
Mixing 5 times with a volume of 200.0 ul
	Aspirating 200.0 uL from A1 of Eppendorf DWP 2000ul on Magnetic Module GEN1 on 10 at 150.0 uL/sec
	Dispensing 200.0 uL into A1 of Eppendorf DWP 2000ul on Magnetic Module GEN1 on 10 at 300.0 uL/sec
	Aspirating 200.0 uL from A1 of Eppendorf DWP 2000ul on Magnetic Module GEN1 on 10 at 150.0 uL/sec
	Dispensing 200.0 uL into A1 of Eppendorf DWP 2000ul on Magnetic Module GEN1 on 10 at 300.0 uL/sec
	Aspirating 200.0 uL from A1 of Eppendorf DWP 2000ul on Magnetic Module GEN1 on 10 at 150.0 uL/sec
	Dispensing 200.0 uL into A1 of Eppendorf DWP 2000ul on Magnetic Module GEN1 on 10 at 300.0 uL/sec
	Aspirating 200.0 uL from A1 of Eppendorf DWP 2000ul on Magnetic Module GEN1 on 10 at 150.0 uL/sec
	Dispensing 200.0 uL into A1 of Eppendorf DWP 2000ul on Magnetic Module GEN1 on 10 at 300.0 uL/sec
	Aspirating 200.0 uL from A1 of Eppendorf DWP 2000ul on Magnetic Module GEN1 on 10 at 150.0 uL/sec
	Dispensing 200.0 uL into A1 of Eppendorf DWP 2000ul on Magnetic Module GEN1 on 10 at 300.0 uL/sec
Blowing out at A1 of Eppendorf DWP 2000ul on Magnetic Module GEN1 on 10
Pausing operation for 10 minutes.
Delaying for 10 minutes and 0.0 seconds
Aspirating 250.0 uL from A1 of Eppendorf DWP 2000ul on Magnetic Module GEN1 on 10 at 150.0 uL/sec
Dropping tip into A1 of Opentrons Fixed Trash on 12
Picking up tip from A7 of Opentrons OT-2 96 Tip Rack 300 µL on 1
Transferring 100.0 from A6 of USA Scientific 12 Well Reservoir 22 mL on 11 to A1 of Eppendorf DWP 2000ul on Magnetic Module GEN1 on 10
	Aspirating 100.0 uL from A6 of USA Scientific 12 Well Reservoir 22 mL on 11 at 150.0 uL/sec
	Dispensing 100.0 uL into A1 of Eppendorf DWP 2000ul on Magnetic Module GEN1 on 10 at 300.0 uL/sec
Mixing 5 times with a volume of 75.0 ul
	Aspirating 75.0 uL from A1 of Eppendorf DWP 2000ul on Magnetic Module GEN1 on 10 at 150.0 uL/sec
	Dispensing 75.0 uL into A1 of Eppendorf DWP 2000ul on Magnetic Module GEN1 on 10 at 300.0 uL/sec
	Aspirating 75.0 uL from A1 of Eppendorf DWP 2000ul on Magnetic Module GEN1 on 10 at 150.0 uL/sec
	Dispensing 75.0 uL into A1 of Eppendorf DWP 2000ul on Magnetic Module GEN1 on 10 at 300.0 uL/sec
	Aspirating 75.0 uL from A1 of Eppendorf DWP 2000ul on Magnetic Module GEN1 on 10 at 150.0 uL/sec
	Dispensing 75.0 uL into A1 of Eppendorf DWP 2000ul on Magnetic Module GEN1 on 10 at 300.0 uL/sec
	Aspirating 75.0 uL from A1 of Eppendorf DWP 2000ul on Magnetic Module GEN1 on 10 at 150.0 uL/sec
	Dispensing 75.0 uL into A1 of Eppendorf DWP 2000ul on Magnetic Module GEN1 on 10 at 300.0 uL/sec
	Aspirating 75.0 uL from A1 of Eppendorf DWP 2000ul on Magnetic Module GEN1 on 10 at 150.0 uL/sec
	Dispensing 75.0 uL into A1 of Eppendorf DWP 2000ul on Magnetic Module GEN1 on 10 at 300.0 uL/sec
Blowing out at A1 of Eppendorf DWP 2000ul on Magnetic Module GEN1 on 10
Dropping tip into A1 of Opentrons Fixed Trash on 12
Pausing robot operation: Pausing. Make sure a Corning 360ul plate is in slot 8     before resuming. When ready, click RESUME.
Picking up tip from A8 of Opentrons OT-2 96 Tip Rack 300 µL on 1
Transferring 100.0 from A7 of USA Scientific 12 Well Reservoir 22 mL on 11 to A1 of Eppendorf DWP 2000ul on Magnetic Module GEN1 on 10
	Aspirating 100.0 uL from A7 of USA Scientific 12 Well Reservoir 22 mL on 11 at 150.0 uL/sec
	Dispensing 100.0 uL into A1 of Eppendorf DWP 2000ul on Magnetic Module GEN1 on 10 at 300.0 uL/sec
Mixing 5 times with a volume of 70.0 ul
	Aspirating 70.0 uL from A1 of Eppendorf DWP 2000ul on Magnetic Module GEN1 on 10 at 150.0 uL/sec
	Dispensing 70.0 uL into A1 of Eppendorf DWP 2000ul on Magnetic Module GEN1 on 10 at 300.0 uL/sec
	Aspirating 70.0 uL from A1 of Eppendorf DWP 2000ul on Magnetic Module GEN1 on 10 at 150.0 uL/sec
	Dispensing 70.0 uL into A1 of Eppendorf DWP 2000ul on Magnetic Module GEN1 on 10 at 300.0 uL/sec
	Aspirating 70.0 uL from A1 of Eppendorf DWP 2000ul on Magnetic Module GEN1 on 10 at 150.0 uL/sec
	Dispensing 70.0 uL into A1 of Eppendorf DWP 2000ul on Magnetic Module GEN1 on 10 at 300.0 uL/sec
	Aspirating 70.0 uL from A1 of Eppendorf DWP 2000ul on Magnetic Module GEN1 on 10 at 150.0 uL/sec
	Dispensing 70.0 uL into A1 of Eppendorf DWP 2000ul on Magnetic Module GEN1 on 10 at 300.0 uL/sec
	Aspirating 70.0 uL from A1 of Eppendorf DWP 2000ul on Magnetic Module GEN1 on 10 at 150.0 uL/sec
	Dispensing 70.0 uL into A1 of Eppendorf DWP 2000ul on Magnetic Module GEN1 on 10 at 300.0 uL/sec
Blowing out at A1 of Eppendorf DWP 2000ul on Magnetic Module GEN1 on 10
Dropping tip into A1 of Opentrons Fixed Trash on 12
Pausing operation for 10 minutes.
Delaying for 10 minutes and 0.0 seconds
Picking up tip from A9 of Opentrons OT-2 96 Tip Rack 300 µL on 1
Transferring 100.0 from A1 of Eppendorf DWP 2000ul on Magnetic Module GEN1 on 10 to A1 of Corning 96 Well Plate 360 µL Flat on 8
	Aspirating 100.0 uL from A1 of Eppendorf DWP 2000ul on Magnetic Module GEN1 on 10 at 150.0 uL/sec
	Dispensing 100.0 uL into A1 of Corning 96 Well Plate 360 µL Flat on 8 at 300.0 uL/sec
Blowing out at A1 of Corning 96 Well Plate 360 µL Flat on 8
Dropping tip into A1 of Opentrons Fixed Trash on 12
Caught exception: {'message': 'Task was destroyed but it is pending!', 'task': <Task pending name='Task-4' coro=<Poller._poll_forever() running at /Users/dp/Desktop/project/github/opentrons/venv/lib/python3.10/site-packages/opentrons/hardware_control/poller.py:80> wait_for=<Future pending cb=[Task.task_wakeup()]>>}
Caught exception: {'message': 'Task was destroyed but it is pending!', 'task': <Task pending name='Task-3' coro=<Poller._poll_forever() running at /Users/dp/Desktop/project/github/opentrons/venv/lib/python3.10/site-packages/opentrons/hardware_control/poller.py:80> wait_for=<Future pending cb=[Task.task_wakeup()]>>}
Caught exception: {'message': 'Task was destroyed but it is pending!', 'task': <Task pending name='Task-2' coro=<Poller._poll_forever() running at /Users/dp/Desktop/project/github/opentrons/venv/lib/python3.10/site-packages/opentrons/hardware_control/poller.py:80> wait_for=<Future pending cb=[Task.task_wakeup()]>>}
