/Users/dp/Desktop/project/github/opentrons/venv/lib/python3.10/site-packages/opentrons/hardware_control/simulator_setup.py:205: UserWarning: Simulator configuration does not name a machine, defaulting to OT-2 Standard
  warn(
/Users/dp/.opentrons/robot_settings.json not found. Loading defaults
Deck calibration not found.
/Users/dp/.opentrons/deck_calibration.json not found. Loading defaults
Delaying for 0 minutes and 10.0 seconds
Sample plate Sample on 3, control plate POS_NTC on 6, tube rack PCRMix1 on 2,
     and pcr plate Plate on 1 loaded
Picking up tip from A1 of Opentrons OT-2 96 Tip Rack 300 µL on 5
Aspirating 166.0 uL from A1 of PCRMix1 on 2 at 65.002 uL/sec
Delaying for 0 minutes and 3.0 seconds
Moving to A1 of PCRMix1 on 2
Dispensing 23.0 uL into A1 of Plate on 1 at 65.002 uL/sec
Delaying for 0 minutes and 1.0 seconds
Moving to A1 of Plate on 1
Dispensing 23.0 uL into A2 of Plate on 1 at 65.002 uL/sec
Delaying for 0 minutes and 1.0 seconds
Moving to A2 of Plate on 1
Dispensing 23.0 uL into A3 of Plate on 1 at 65.002 uL/sec
Delaying for 0 minutes and 1.0 seconds
Moving to A3 of Plate on 1
Dispensing 23.0 uL into A4 of Plate on 1 at 65.002 uL/sec
Delaying for 0 minutes and 1.0 seconds
Moving to A4 of Plate on 1
Dispensing 23.0 uL into A5 of Plate on 1 at 65.002 uL/sec
Delaying for 0 minutes and 1.0 seconds
Moving to A5 of Plate on 1
Dispensing 23.0 uL into A6 of Plate on 1 at 65.002 uL/sec
Delaying for 0 minutes and 1.0 seconds
Moving to A6 of Plate on 1
Dispensing 23.0 uL into A7 of Plate on 1 at 65.002 uL/sec
Delaying for 0 minutes and 1.0 seconds
Moving to A7 of Plate on 1
Dropping tip into A1 of Opentrons Fixed Trash on 12
Picking up tip from B1 of Opentrons OT-2 96 Tip Rack 300 µL on 5
Aspirating 143.0 uL from A2 of PCRMix1 on 2 at 65.002 uL/sec
Delaying for 0 minutes and 3.0 seconds
Moving to A2 of PCRMix1 on 2
Dispensing 23.0 uL into A8 of Plate on 1 at 65.002 uL/sec
Delaying for 0 minutes and 1.0 seconds
Moving to A8 of Plate on 1
Dispensing 23.0 uL into A9 of Plate on 1 at 65.002 uL/sec
Delaying for 0 minutes and 1.0 seconds
Moving to A9 of Plate on 1
Dispensing 23.0 uL into A10 of Plate on 1 at 65.002 uL/sec
Delaying for 0 minutes and 1.0 seconds
Moving to A10 of Plate on 1
Dispensing 23.0 uL into A11 of Plate on 1 at 65.002 uL/sec
Delaying for 0 minutes and 1.0 seconds
Moving to A11 of Plate on 1
Dispensing 23.0 uL into A12 of Plate on 1 at 65.002 uL/sec
Delaying for 0 minutes and 1.0 seconds
Moving to A12 of Plate on 1
Dispensing 23.0 uL into B1 of Plate on 1 at 65.002 uL/sec
Delaying for 0 minutes and 1.0 seconds
Moving to B1 of Plate on 1
Dropping tip into A1 of Opentrons Fixed Trash on 12
Picking up tip from C1 of Opentrons OT-2 96 Tip Rack 300 µL on 5
Aspirating 143.0 uL from B2 of PCRMix1 on 2 at 65.002 uL/sec
Delaying for 0 minutes and 3.0 seconds
Moving to B2 of PCRMix1 on 2
Dispensing 23.0 uL into B2 of Plate on 1 at 65.002 uL/sec
Delaying for 0 minutes and 1.0 seconds
Moving to B2 of Plate on 1
Dispensing 23.0 uL into B3 of Plate on 1 at 65.002 uL/sec
Delaying for 0 minutes and 1.0 seconds
Moving to B3 of Plate on 1
Dispensing 23.0 uL into B4 of Plate on 1 at 65.002 uL/sec
Delaying for 0 minutes and 1.0 seconds
Moving to B4 of Plate on 1
Dispensing 23.0 uL into B5 of Plate on 1 at 65.002 uL/sec
Delaying for 0 minutes and 1.0 seconds
Moving to B5 of Plate on 1
Dispensing 23.0 uL into B6 of Plate on 1 at 65.002 uL/sec
Delaying for 0 minutes and 1.0 seconds
Moving to B6 of Plate on 1
Dispensing 23.0 uL into B7 of Plate on 1 at 65.002 uL/sec
Delaying for 0 minutes and 1.0 seconds
Moving to B7 of Plate on 1
Dropping tip into A1 of Opentrons Fixed Trash on 12
Picking up tip from D1 of Opentrons OT-2 96 Tip Rack 300 µL on 5
Aspirating 143.0 uL from A3 of PCRMix1 on 2 at 65.002 uL/sec
Delaying for 0 minutes and 3.0 seconds
Moving to A3 of PCRMix1 on 2
Dispensing 23.0 uL into B8 of Plate on 1 at 65.002 uL/sec
Delaying for 0 minutes and 1.0 seconds
Moving to B8 of Plate on 1
Dispensing 23.0 uL into B9 of Plate on 1 at 65.002 uL/sec
Delaying for 0 minutes and 1.0 seconds
Moving to B9 of Plate on 1
Dispensing 23.0 uL into B10 of Plate on 1 at 65.002 uL/sec
Delaying for 0 minutes and 1.0 seconds
Moving to B10 of Plate on 1
Dispensing 23.0 uL into B11 of Plate on 1 at 65.002 uL/sec
Delaying for 0 minutes and 1.0 seconds
Moving to B11 of Plate on 1
Dispensing 23.0 uL into B12 of Plate on 1 at 65.002 uL/sec
Delaying for 0 minutes and 1.0 seconds
Moving to B12 of Plate on 1
Dispensing 23.0 uL into C1 of Plate on 1 at 65.002 uL/sec
Delaying for 0 minutes and 1.0 seconds
Moving to C1 of Plate on 1
Dropping tip into A1 of Opentrons Fixed Trash on 12
Picking up tip from E1 of Opentrons OT-2 96 Tip Rack 300 µL on 5
Aspirating 120.0 uL from B3 of PCRMix1 on 2 at 65.002 uL/sec
Delaying for 0 minutes and 3.0 seconds
Moving to B3 of PCRMix1 on 2
Dispensing 23.0 uL into C2 of Plate on 1 at 65.002 uL/sec
Delaying for 0 minutes and 1.0 seconds
Moving to C2 of Plate on 1
Dispensing 23.0 uL into C3 of Plate on 1 at 65.002 uL/sec
Delaying for 0 minutes and 1.0 seconds
Moving to C3 of Plate on 1
Dispensing 23.0 uL into C4 of Plate on 1 at 65.002 uL/sec
Delaying for 0 minutes and 1.0 seconds
Moving to C4 of Plate on 1
Dispensing 23.0 uL into C5 of Plate on 1 at 65.002 uL/sec
Delaying for 0 minutes and 1.0 seconds
Moving to C5 of Plate on 1
Dispensing 23.0 uL into C6 of Plate on 1 at 65.002 uL/sec
Delaying for 0 minutes and 1.0 seconds
Moving to C6 of Plate on 1
Dropping tip into A1 of Opentrons Fixed Trash on 12
Picking up tip from F1 of Opentrons OT-2 96 Tip Rack 300 µL on 5
Aspirating 120.0 uL from C3 of PCRMix1 on 2 at 65.002 uL/sec
Delaying for 0 minutes and 3.0 seconds
Moving to C3 of PCRMix1 on 2
Dispensing 23.0 uL into C7 of Plate on 1 at 65.002 uL/sec
Delaying for 0 minutes and 1.0 seconds
Moving to C7 of Plate on 1
Dispensing 23.0 uL into C8 of Plate on 1 at 65.002 uL/sec
Delaying for 0 minutes and 1.0 seconds
Moving to C8 of Plate on 1
Dispensing 23.0 uL into C9 of Plate on 1 at 65.002 uL/sec
Delaying for 0 minutes and 1.0 seconds
Moving to C9 of Plate on 1
Dispensing 23.0 uL into C10 of Plate on 1 at 65.002 uL/sec
Delaying for 0 minutes and 1.0 seconds
Moving to C10 of Plate on 1
Dispensing 23.0 uL into C11 of Plate on 1 at 65.002 uL/sec
Delaying for 0 minutes and 1.0 seconds
Moving to C11 of Plate on 1
Dropping tip into A1 of Opentrons Fixed Trash on 12
Picking up tip from G1 of Opentrons OT-2 96 Tip Rack 300 µL on 5
Aspirating 97.0 uL from A4 of PCRMix1 on 2 at 65.002 uL/sec
Delaying for 0 minutes and 3.0 seconds
Moving to A4 of PCRMix1 on 2
Dispensing 23.0 uL into C12 of Plate on 1 at 65.002 uL/sec
Delaying for 0 minutes and 1.0 seconds
Moving to C12 of Plate on 1
Dispensing 23.0 uL into D1 of Plate on 1 at 65.002 uL/sec
Delaying for 0 minutes and 1.0 seconds
Moving to D1 of Plate on 1
Dispensing 23.0 uL into D2 of Plate on 1 at 65.002 uL/sec
Delaying for 0 minutes and 1.0 seconds
Moving to D2 of Plate on 1
Dispensing 23.0 uL into D3 of Plate on 1 at 65.002 uL/sec
Delaying for 0 minutes and 1.0 seconds
Moving to D3 of Plate on 1
Dropping tip into A1 of Opentrons Fixed Trash on 12
Picking up tip from H1 of Opentrons OT-2 96 Tip Rack 300 µL on 5
Aspirating 97.0 uL from B6 of PCRMix1 on 2 at 65.002 uL/sec
Delaying for 0 minutes and 3.0 seconds
Moving to B6 of PCRMix1 on 2
Dispensing 23.0 uL into D4 of Plate on 1 at 65.002 uL/sec
Delaying for 0 minutes and 1.0 seconds
Moving to D4 of Plate on 1
Dispensing 23.0 uL into D5 of Plate on 1 at 65.002 uL/sec
Delaying for 0 minutes and 1.0 seconds
Moving to D5 of Plate on 1
Dispensing 23.0 uL into D6 of Plate on 1 at 65.002 uL/sec
Delaying for 0 minutes and 1.0 seconds
Moving to D6 of Plate on 1
Dispensing 23.0 uL into D7 of Plate on 1 at 65.002 uL/sec
Delaying for 0 minutes and 1.0 seconds
Moving to D7 of Plate on 1
Dropping tip into A1 of Opentrons Fixed Trash on 12
Picking up tip from A2 of Opentrons OT-2 96 Tip Rack 300 µL on 5
Aspirating 97.0 uL from C4 of PCRMix1 on 2 at 65.002 uL/sec
Delaying for 0 minutes and 3.0 seconds
Moving to C4 of PCRMix1 on 2
Dispensing 23.0 uL into D8 of Plate on 1 at 65.002 uL/sec
Delaying for 0 minutes and 1.0 seconds
Moving to D8 of Plate on 1
Dispensing 23.0 uL into D9 of Plate on 1 at 65.002 uL/sec
Delaying for 0 minutes and 1.0 seconds
Moving to D9 of Plate on 1
Dispensing 23.0 uL into D10 of Plate on 1 at 65.002 uL/sec
Delaying for 0 minutes and 1.0 seconds
Moving to D10 of Plate on 1
Dispensing 23.0 uL into D11 of Plate on 1 at 65.002 uL/sec
Delaying for 0 minutes and 1.0 seconds
Moving to D11 of Plate on 1
Dropping tip into A1 of Opentrons Fixed Trash on 12
Picking up tip from B2 of Opentrons OT-2 96 Tip Rack 300 µL on 5
Aspirating 97.0 uL from A5 of PCRMix1 on 2 at 65.002 uL/sec
Delaying for 0 minutes and 3.0 seconds
Moving to A5 of PCRMix1 on 2
Dispensing 23.0 uL into D12 of Plate on 1 at 65.002 uL/sec
Delaying for 0 minutes and 1.0 seconds
Moving to D12 of Plate on 1
Dispensing 23.0 uL into E1 of Plate on 1 at 65.002 uL/sec
Delaying for 0 minutes and 1.0 seconds
Moving to E1 of Plate on 1
Dispensing 23.0 uL into E2 of Plate on 1 at 65.002 uL/sec
Delaying for 0 minutes and 1.0 seconds
Moving to E2 of Plate on 1
Dispensing 23.0 uL into E3 of Plate on 1 at 65.002 uL/sec
Delaying for 0 minutes and 1.0 seconds
Moving to E3 of Plate on 1
Dropping tip into A1 of Opentrons Fixed Trash on 12
Picking up tip from C2 of Opentrons OT-2 96 Tip Rack 300 µL on 5
Aspirating 97.0 uL from C1 of PCRMix1 on 2 at 65.002 uL/sec
Delaying for 0 minutes and 3.0 seconds
Moving to C1 of PCRMix1 on 2
Dispensing 23.0 uL into E4 of Plate on 1 at 65.002 uL/sec
Delaying for 0 minutes and 1.0 seconds
Moving to E4 of Plate on 1
Dispensing 23.0 uL into E5 of Plate on 1 at 65.002 uL/sec
Delaying for 0 minutes and 1.0 seconds
Moving to E5 of Plate on 1
Dispensing 23.0 uL into E6 of Plate on 1 at 65.002 uL/sec
Delaying for 0 minutes and 1.0 seconds
Moving to E6 of Plate on 1
Dispensing 23.0 uL into E7 of Plate on 1 at 65.002 uL/sec
Delaying for 0 minutes and 1.0 seconds
Moving to E7 of Plate on 1
Dropping tip into A1 of Opentrons Fixed Trash on 12
Picking up tip from D2 of Opentrons OT-2 96 Tip Rack 300 µL on 5
Aspirating 74.0 uL from C5 of PCRMix1 on 2 at 65.002 uL/sec
Delaying for 0 minutes and 3.0 seconds
Moving to C5 of PCRMix1 on 2
Dispensing 23.0 uL into E8 of Plate on 1 at 65.002 uL/sec
Delaying for 0 minutes and 1.0 seconds
Moving to E8 of Plate on 1
Dispensing 23.0 uL into E9 of Plate on 1 at 65.002 uL/sec
Delaying for 0 minutes and 1.0 seconds
Moving to E9 of Plate on 1
Dispensing 23.0 uL into E10 of Plate on 1 at 65.002 uL/sec
Delaying for 0 minutes and 1.0 seconds
Moving to E10 of Plate on 1
Dropping tip into A1 of Opentrons Fixed Trash on 12
Picking up tip from E2 of Opentrons OT-2 96 Tip Rack 300 µL on 5
Aspirating 74.0 uL from A6 of PCRMix1 on 2 at 65.002 uL/sec
Delaying for 0 minutes and 3.0 seconds
Moving to A6 of PCRMix1 on 2
Dispensing 23.0 uL into E11 of Plate on 1 at 65.002 uL/sec
Delaying for 0 minutes and 1.0 seconds
Moving to E11 of Plate on 1
Dispensing 23.0 uL into E12 of Plate on 1 at 65.002 uL/sec
Delaying for 0 minutes and 1.0 seconds
Moving to E12 of Plate on 1
Dispensing 23.0 uL into F1 of Plate on 1 at 65.002 uL/sec
Delaying for 0 minutes and 1.0 seconds
Moving to F1 of Plate on 1
Dropping tip into A1 of Opentrons Fixed Trash on 12
Picking up tip from F2 of Opentrons OT-2 96 Tip Rack 300 µL on 5
Aspirating 74.0 uL from B4 of PCRMix1 on 2 at 65.002 uL/sec
Delaying for 0 minutes and 3.0 seconds
Moving to B4 of PCRMix1 on 2
Dispensing 23.0 uL into F2 of Plate on 1 at 65.002 uL/sec
Delaying for 0 minutes and 1.0 seconds
Moving to F2 of Plate on 1
Dispensing 23.0 uL into F3 of Plate on 1 at 65.002 uL/sec
Delaying for 0 minutes and 1.0 seconds
Moving to F3 of Plate on 1
Dispensing 23.0 uL into F4 of Plate on 1 at 65.002 uL/sec
Delaying for 0 minutes and 1.0 seconds
Moving to F4 of Plate on 1
Dropping tip into A1 of Opentrons Fixed Trash on 12
Picking up tip from G2 of Opentrons OT-2 96 Tip Rack 300 µL on 5
Aspirating 74.0 uL from C2 of PCRMix1 on 2 at 65.002 uL/sec
Delaying for 0 minutes and 3.0 seconds
Moving to C2 of PCRMix1 on 2
Dispensing 23.0 uL into F5 of Plate on 1 at 65.002 uL/sec
Delaying for 0 minutes and 1.0 seconds
Moving to F5 of Plate on 1
Dispensing 23.0 uL into F6 of Plate on 1 at 65.002 uL/sec
Delaying for 0 minutes and 1.0 seconds
Moving to F6 of Plate on 1
Dispensing 23.0 uL into F7 of Plate on 1 at 65.002 uL/sec
Delaying for 0 minutes and 1.0 seconds
Moving to F7 of Plate on 1
Dropping tip into A1 of Opentrons Fixed Trash on 12
Picking up tip from H2 of Opentrons OT-2 96 Tip Rack 300 µL on 5
Aspirating 74.0 uL from C6 of PCRMix1 on 2 at 65.002 uL/sec
Delaying for 0 minutes and 3.0 seconds
Moving to C6 of PCRMix1 on 2
Dispensing 23.0 uL into F8 of Plate on 1 at 65.002 uL/sec
Delaying for 0 minutes and 1.0 seconds
Moving to F8 of Plate on 1
Dispensing 23.0 uL into F9 of Plate on 1 at 65.002 uL/sec
Delaying for 0 minutes and 1.0 seconds
Moving to F9 of Plate on 1
Dispensing 23.0 uL into F10 of Plate on 1 at 65.002 uL/sec
Delaying for 0 minutes and 1.0 seconds
Moving to F10 of Plate on 1
Dropping tip into A1 of Opentrons Fixed Trash on 12
Picking up tip from A3 of Opentrons OT-2 96 Tip Rack 300 µL on 5
Aspirating 74.0 uL from B1 of PCRMix1 on 2 at 65.002 uL/sec
Delaying for 0 minutes and 3.0 seconds
Moving to B1 of PCRMix1 on 2
Dispensing 23.0 uL into F11 of Plate on 1 at 65.002 uL/sec
Delaying for 0 minutes and 1.0 seconds
Moving to F11 of Plate on 1
Dispensing 23.0 uL into F12 of Plate on 1 at 65.002 uL/sec
Delaying for 0 minutes and 1.0 seconds
Moving to F12 of Plate on 1
Dispensing 23.0 uL into G1 of Plate on 1 at 65.002 uL/sec
Delaying for 0 minutes and 1.0 seconds
Moving to G1 of Plate on 1
Dropping tip into A1 of Opentrons Fixed Trash on 12
Picking up tip from B3 of Opentrons OT-2 96 Tip Rack 300 µL on 5
Aspirating 74.0 uL from B5 of PCRMix1 on 2 at 65.002 uL/sec
Delaying for 0 minutes and 3.0 seconds
Moving to B5 of PCRMix1 on 2
Dispensing 23.0 uL into G2 of Plate on 1 at 65.002 uL/sec
Delaying for 0 minutes and 1.0 seconds
Moving to G2 of Plate on 1
Dispensing 23.0 uL into G3 of Plate on 1 at 65.002 uL/sec
Delaying for 0 minutes and 1.0 seconds
Moving to G3 of Plate on 1
Dispensing 23.0 uL into G4 of Plate on 1 at 65.002 uL/sec
Delaying for 0 minutes and 1.0 seconds
Moving to G4 of Plate on 1
Dropping tip into A1 of Opentrons Fixed Trash on 12
Transferring 3.0 from C2 of Sample on 3 to A1 of Plate on 1
	Picking up tip from A1 of Opentrons OT-2 96 Tip Rack 20 µL on 4
	Aspirating 3.0 uL from C2 of Sample on 3 at 7.56 uL/sec
	Dispensing 3.0 uL into A1 of Plate on 1 at 7.56 uL/sec
	Dropping tip into A1 of Opentrons Fixed Trash on 12
Transferring 3.0 from A12 of Sample on 3 to A2 of Plate on 1
	Picking up tip from B1 of Opentrons OT-2 96 Tip Rack 20 µL on 4
	Aspirating 3.0 uL from A12 of Sample on 3 at 7.56 uL/sec
	Dispensing 3.0 uL into A2 of Plate on 1 at 7.56 uL/sec
	Dropping tip into A1 of Opentrons Fixed Trash on 12
Transferring 3.0 from B3 of Sample on 3 to A3 of Plate on 1
	Picking up tip from C1 of Opentrons OT-2 96 Tip Rack 20 µL on 4
	Aspirating 3.0 uL from B3 of Sample on 3 at 7.56 uL/sec
	Dispensing 3.0 uL into A3 of Plate on 1 at 7.56 uL/sec
	Dropping tip into A1 of Opentrons Fixed Trash on 12
Transferring 3.0 from B2 of Sample on 3 to A4 of Plate on 1
	Picking up tip from D1 of Opentrons OT-2 96 Tip Rack 20 µL on 4
	Aspirating 3.0 uL from B2 of Sample on 3 at 7.56 uL/sec
	Dispensing 3.0 uL into A4 of Plate on 1 at 7.56 uL/sec
	Dropping tip into A1 of Opentrons Fixed Trash on 12
Transferring 3.0 from B1 of Sample on 3 to A5 of Plate on 1
	Picking up tip from E1 of Opentrons OT-2 96 Tip Rack 20 µL on 4
	Aspirating 3.0 uL from B1 of Sample on 3 at 7.56 uL/sec
	Dispensing 3.0 uL into A5 of Plate on 1 at 7.56 uL/sec
	Dropping tip into A1 of Opentrons Fixed Trash on 12
Transferring 3.0 from C1 of POS_NTC on 6 to A6 of Plate on 1
	Picking up tip from F1 of Opentrons OT-2 96 Tip Rack 20 µL on 4
	Aspirating 3.0 uL from C1 of POS_NTC on 6 at 7.56 uL/sec
	Dispensing 3.0 uL into A6 of Plate on 1 at 7.56 uL/sec
	Dropping tip into A1 of Opentrons Fixed Trash on 12
Transferring 3.0 from H12 of POS_NTC on 6 to A7 of Plate on 1
	Picking up tip from G1 of Opentrons OT-2 96 Tip Rack 20 µL on 4
	Aspirating 3.0 uL from H12 of POS_NTC on 6 at 7.56 uL/sec
	Dispensing 3.0 uL into A7 of Plate on 1 at 7.56 uL/sec
	Dropping tip into A1 of Opentrons Fixed Trash on 12
Transferring 3.0 from C12 of Sample on 3 to A8 of Plate on 1
	Picking up tip from H1 of Opentrons OT-2 96 Tip Rack 20 µL on 4
	Aspirating 3.0 uL from C12 of Sample on 3 at 7.56 uL/sec
	Dispensing 3.0 uL into A8 of Plate on 1 at 7.56 uL/sec
	Dropping tip into A1 of Opentrons Fixed Trash on 12
Transferring 3.0 from C11 of Sample on 3 to A9 of Plate on 1
	Picking up tip from A2 of Opentrons OT-2 96 Tip Rack 20 µL on 4
	Aspirating 3.0 uL from C11 of Sample on 3 at 7.56 uL/sec
	Dispensing 3.0 uL into A9 of Plate on 1 at 7.56 uL/sec
	Dropping tip into A1 of Opentrons Fixed Trash on 12
Transferring 3.0 from C9 of Sample on 3 to A10 of Plate on 1
	Picking up tip from B2 of Opentrons OT-2 96 Tip Rack 20 µL on 4
	Aspirating 3.0 uL from C9 of Sample on 3 at 7.56 uL/sec
	Dispensing 3.0 uL into A10 of Plate on 1 at 7.56 uL/sec
	Dropping tip into A1 of Opentrons Fixed Trash on 12
Transferring 3.0 from B5 of Sample on 3 to A11 of Plate on 1
	Picking up tip from C2 of Opentrons OT-2 96 Tip Rack 20 µL on 4
	Aspirating 3.0 uL from B5 of Sample on 3 at 7.56 uL/sec
	Dispensing 3.0 uL into A11 of Plate on 1 at 7.56 uL/sec
	Dropping tip into A1 of Opentrons Fixed Trash on 12
Transferring 3.0 from B1 of POS_NTC on 6 to A12 of Plate on 1
	Picking up tip from D2 of Opentrons OT-2 96 Tip Rack 20 µL on 4
	Aspirating 3.0 uL from B1 of POS_NTC on 6 at 7.56 uL/sec
	Dispensing 3.0 uL into A12 of Plate on 1 at 7.56 uL/sec
	Dropping tip into A1 of Opentrons Fixed Trash on 12
Transferring 3.0 from H12 of POS_NTC on 6 to B1 of Plate on 1
	Picking up tip from E2 of Opentrons OT-2 96 Tip Rack 20 µL on 4
	Aspirating 3.0 uL from H12 of POS_NTC on 6 at 7.56 uL/sec
	Dispensing 3.0 uL into B1 of Plate on 1 at 7.56 uL/sec
	Dropping tip into A1 of Opentrons Fixed Trash on 12
Transferring 3.0 from A5 of Sample on 3 to B2 of Plate on 1
	Picking up tip from F2 of Opentrons OT-2 96 Tip Rack 20 µL on 4
	Aspirating 3.0 uL from A5 of Sample on 3 at 7.56 uL/sec
	Dispensing 3.0 uL into B2 of Plate on 1 at 7.56 uL/sec
	Dropping tip into A1 of Opentrons Fixed Trash on 12
Transferring 3.0 from A4 of Sample on 3 to B3 of Plate on 1
	Picking up tip from G2 of Opentrons OT-2 96 Tip Rack 20 µL on 4
	Aspirating 3.0 uL from A4 of Sample on 3 at 7.56 uL/sec
	Dispensing 3.0 uL into B3 of Plate on 1 at 7.56 uL/sec
	Dropping tip into A1 of Opentrons Fixed Trash on 12
Transferring 3.0 from A6 of Sample on 3 to B4 of Plate on 1
	Picking up tip from H2 of Opentrons OT-2 96 Tip Rack 20 µL on 4
	Aspirating 3.0 uL from A6 of Sample on 3 at 7.56 uL/sec
	Dispensing 3.0 uL into B4 of Plate on 1 at 7.56 uL/sec
	Dropping tip into A1 of Opentrons Fixed Trash on 12
Transferring 3.0 from A3 of Sample on 3 to B5 of Plate on 1
	Picking up tip from A3 of Opentrons OT-2 96 Tip Rack 20 µL on 4
	Aspirating 3.0 uL from A3 of Sample on 3 at 7.56 uL/sec
	Dispensing 3.0 uL into B5 of Plate on 1 at 7.56 uL/sec
	Dropping tip into A1 of Opentrons Fixed Trash on 12
Transferring 3.0 from F2 of POS_NTC on 6 to B6 of Plate on 1
	Picking up tip from B3 of Opentrons OT-2 96 Tip Rack 20 µL on 4
	Aspirating 3.0 uL from F2 of POS_NTC on 6 at 7.56 uL/sec
	Dispensing 3.0 uL into B6 of Plate on 1 at 7.56 uL/sec
	Dropping tip into A1 of Opentrons Fixed Trash on 12
Transferring 3.0 from H12 of POS_NTC on 6 to B7 of Plate on 1
	Picking up tip from C3 of Opentrons OT-2 96 Tip Rack 20 µL on 4
	Aspirating 3.0 uL from H12 of POS_NTC on 6 at 7.56 uL/sec
	Dispensing 3.0 uL into B7 of Plate on 1 at 7.56 uL/sec
	Dropping tip into A1 of Opentrons Fixed Trash on 12
Transferring 3.0 from D1 of Sample on 3 to B8 of Plate on 1
	Picking up tip from D3 of Opentrons OT-2 96 Tip Rack 20 µL on 4
	Aspirating 3.0 uL from D1 of Sample on 3 at 7.56 uL/sec
	Dispensing 3.0 uL into B8 of Plate on 1 at 7.56 uL/sec
	Dropping tip into A1 of Opentrons Fixed Trash on 12
Transferring 3.0 from A11 of Sample on 3 to B9 of Plate on 1
	Picking up tip from E3 of Opentrons OT-2 96 Tip Rack 20 µL on 4
	Aspirating 3.0 uL from A11 of Sample on 3 at 7.56 uL/sec
	Dispensing 3.0 uL into B9 of Plate on 1 at 7.56 uL/sec
	Dropping tip into A1 of Opentrons Fixed Trash on 12
Transferring 3.0 from A10 of Sample on 3 to B10 of Plate on 1
	Picking up tip from F3 of Opentrons OT-2 96 Tip Rack 20 µL on 4
	Aspirating 3.0 uL from A10 of Sample on 3 at 7.56 uL/sec
	Dispensing 3.0 uL into B10 of Plate on 1 at 7.56 uL/sec
	Dropping tip into A1 of Opentrons Fixed Trash on 12
Transferring 3.0 from A9 of Sample on 3 to B11 of Plate on 1
	Picking up tip from G3 of Opentrons OT-2 96 Tip Rack 20 µL on 4
	Aspirating 3.0 uL from A9 of Sample on 3 at 7.56 uL/sec
	Dispensing 3.0 uL into B11 of Plate on 1 at 7.56 uL/sec
	Dropping tip into A1 of Opentrons Fixed Trash on 12
Transferring 3.0 from B11 of POS_NTC on 6 to B12 of Plate on 1
	Picking up tip from H3 of Opentrons OT-2 96 Tip Rack 20 µL on 4
	Aspirating 3.0 uL from B11 of POS_NTC on 6 at 7.56 uL/sec
	Dispensing 3.0 uL into B12 of Plate on 1 at 7.56 uL/sec
	Dropping tip into A1 of Opentrons Fixed Trash on 12
Transferring 3.0 from H12 of POS_NTC on 6 to C1 of Plate on 1
	Picking up tip from A4 of Opentrons OT-2 96 Tip Rack 20 µL on 4
	Aspirating 3.0 uL from H12 of POS_NTC on 6 at 7.56 uL/sec
	Dispensing 3.0 uL into C1 of Plate on 1 at 7.56 uL/sec
	Dropping tip into A1 of Opentrons Fixed Trash on 12
Transferring 3.0 from C6 of Sample on 3 to C2 of Plate on 1
	Picking up tip from B4 of Opentrons OT-2 96 Tip Rack 20 µL on 4
	Aspirating 3.0 uL from C6 of Sample on 3 at 7.56 uL/sec
	Dispensing 3.0 uL into C2 of Plate on 1 at 7.56 uL/sec
	Dropping tip into A1 of Opentrons Fixed Trash on 12
Transferring 3.0 from C5 of Sample on 3 to C3 of Plate on 1
	Picking up tip from C4 of Opentrons OT-2 96 Tip Rack 20 µL on 4
	Aspirating 3.0 uL from C5 of Sample on 3 at 7.56 uL/sec
	Dispensing 3.0 uL into C3 of Plate on 1 at 7.56 uL/sec
	Dropping tip into A1 of Opentrons Fixed Trash on 12
Transferring 3.0 from C4 of Sample on 3 to C4 of Plate on 1
	Picking up tip from D4 of Opentrons OT-2 96 Tip Rack 20 µL on 4
	Aspirating 3.0 uL from C4 of Sample on 3 at 7.56 uL/sec
	Dispensing 3.0 uL into C4 of Plate on 1 at 7.56 uL/sec
	Dropping tip into A1 of Opentrons Fixed Trash on 12
Transferring 3.0 from F11 of POS_NTC on 6 to C5 of Plate on 1
	Picking up tip from E4 of Opentrons OT-2 96 Tip Rack 20 µL on 4
	Aspirating 3.0 uL from F11 of POS_NTC on 6 at 7.56 uL/sec
	Dispensing 3.0 uL into C5 of Plate on 1 at 7.56 uL/sec
	Dropping tip into A1 of Opentrons Fixed Trash on 12
Transferring 3.0 from H12 of POS_NTC on 6 to C6 of Plate on 1
	Picking up tip from F4 of Opentrons OT-2 96 Tip Rack 20 µL on 4
	Aspirating 3.0 uL from H12 of POS_NTC on 6 at 7.56 uL/sec
	Dispensing 3.0 uL into C6 of Plate on 1 at 7.56 uL/sec
	Dropping tip into A1 of Opentrons Fixed Trash on 12
Transferring 3.0 from C10 of Sample on 3 to C7 of Plate on 1
	Picking up tip from G4 of Opentrons OT-2 96 Tip Rack 20 µL on 4
	Aspirating 3.0 uL from C10 of Sample on 3 at 7.56 uL/sec
	Dispensing 3.0 uL into C7 of Plate on 1 at 7.56 uL/sec
	Dropping tip into A1 of Opentrons Fixed Trash on 12
Transferring 3.0 from C8 of Sample on 3 to C8 of Plate on 1
	Picking up tip from H4 of Opentrons OT-2 96 Tip Rack 20 µL on 4
	Aspirating 3.0 uL from C8 of Sample on 3 at 7.56 uL/sec
	Dispensing 3.0 uL into C8 of Plate on 1 at 7.56 uL/sec
	Dropping tip into A1 of Opentrons Fixed Trash on 12
Transferring 3.0 from B4 of Sample on 3 to C9 of Plate on 1
	Picking up tip from A5 of Opentrons OT-2 96 Tip Rack 20 µL on 4
	Aspirating 3.0 uL from B4 of Sample on 3 at 7.56 uL/sec
	Dispensing 3.0 uL into C9 of Plate on 1 at 7.56 uL/sec
	Dropping tip into A1 of Opentrons Fixed Trash on 12
Transferring 3.0 from A10 of POS_NTC on 6 to C10 of Plate on 1
	Picking up tip from B5 of Opentrons OT-2 96 Tip Rack 20 µL on 4
	Aspirating 3.0 uL from A10 of POS_NTC on 6 at 7.56 uL/sec
	Dispensing 3.0 uL into C10 of Plate on 1 at 7.56 uL/sec
	Dropping tip into A1 of Opentrons Fixed Trash on 12
Transferring 3.0 from H12 of POS_NTC on 6 to C11 of Plate on 1
	Picking up tip from C5 of Opentrons OT-2 96 Tip Rack 20 µL on 4
	Aspirating 3.0 uL from H12 of POS_NTC on 6 at 7.56 uL/sec
	Dispensing 3.0 uL into C11 of Plate on 1 at 7.56 uL/sec
	Dropping tip into A1 of Opentrons Fixed Trash on 12
Transferring 3.0 from C1 of Sample on 3 to C12 of Plate on 1
	Picking up tip from D5 of Opentrons OT-2 96 Tip Rack 20 µL on 4
	Aspirating 3.0 uL from C1 of Sample on 3 at 7.56 uL/sec
	Dispensing 3.0 uL into C12 of Plate on 1 at 7.56 uL/sec
	Dropping tip into A1 of Opentrons Fixed Trash on 12
Transferring 3.0 from B8 of Sample on 3 to D1 of Plate on 1
	Picking up tip from E5 of Opentrons OT-2 96 Tip Rack 20 µL on 4
	Aspirating 3.0 uL from B8 of Sample on 3 at 7.56 uL/sec
	Dispensing 3.0 uL into D1 of Plate on 1 at 7.56 uL/sec
	Dropping tip into A1 of Opentrons Fixed Trash on 12
Transferring 3.0 from A3 of POS_NTC on 6 to D2 of Plate on 1
	Picking up tip from F5 of Opentrons OT-2 96 Tip Rack 20 µL on 4
	Aspirating 3.0 uL from A3 of POS_NTC on 6 at 7.56 uL/sec
	Dispensing 3.0 uL into D2 of Plate on 1 at 7.56 uL/sec
	Dropping tip into A1 of Opentrons Fixed Trash on 12
Transferring 3.0 from H12 of POS_NTC on 6 to D3 of Plate on 1
	Picking up tip from G5 of Opentrons OT-2 96 Tip Rack 20 µL on 4
	Aspirating 3.0 uL from H12 of POS_NTC on 6 at 7.56 uL/sec
	Dispensing 3.0 uL into D3 of Plate on 1 at 7.56 uL/sec
	Dropping tip into A1 of Opentrons Fixed Trash on 12
Transferring 3.0 from A1 of Sample on 3 to D4 of Plate on 1
	Picking up tip from H5 of Opentrons OT-2 96 Tip Rack 20 µL on 4
	Aspirating 3.0 uL from A1 of Sample on 3 at 7.56 uL/sec
	Dispensing 3.0 uL into D4 of Plate on 1 at 7.56 uL/sec
	Dropping tip into A1 of Opentrons Fixed Trash on 12
Transferring 3.0 from C7 of Sample on 3 to D5 of Plate on 1
	Picking up tip from A6 of Opentrons OT-2 96 Tip Rack 20 µL on 4
	Aspirating 3.0 uL from C7 of Sample on 3 at 7.56 uL/sec
	Dispensing 3.0 uL into D5 of Plate on 1 at 7.56 uL/sec
	Dropping tip into A1 of Opentrons Fixed Trash on 12
Transferring 3.0 from B2 of POS_NTC on 6 to D6 of Plate on 1
	Picking up tip from B6 of Opentrons OT-2 96 Tip Rack 20 µL on 4
	Aspirating 3.0 uL from B2 of POS_NTC on 6 at 7.56 uL/sec
	Dispensing 3.0 uL into D6 of Plate on 1 at 7.56 uL/sec
	Dropping tip into A1 of Opentrons Fixed Trash on 12
Transferring 3.0 from H12 of POS_NTC on 6 to D7 of Plate on 1
	Picking up tip from C6 of Opentrons OT-2 96 Tip Rack 20 µL on 4
	Aspirating 3.0 uL from H12 of POS_NTC on 6 at 7.56 uL/sec
	Dispensing 3.0 uL into D7 of Plate on 1 at 7.56 uL/sec
	Dropping tip into A1 of Opentrons Fixed Trash on 12
Transferring 3.0 from A2 of Sample on 3 to D8 of Plate on 1
	Picking up tip from D6 of Opentrons OT-2 96 Tip Rack 20 µL on 4
	Aspirating 3.0 uL from A2 of Sample on 3 at 7.56 uL/sec
	Dispensing 3.0 uL into D8 of Plate on 1 at 7.56 uL/sec
	Dropping tip into A1 of Opentrons Fixed Trash on 12
Transferring 3.0 from A7 of Sample on 3 to D9 of Plate on 1
	Picking up tip from E6 of Opentrons OT-2 96 Tip Rack 20 µL on 4
	Aspirating 3.0 uL from A7 of Sample on 3 at 7.56 uL/sec
	Dispensing 3.0 uL into D9 of Plate on 1 at 7.56 uL/sec
	Dropping tip into A1 of Opentrons Fixed Trash on 12
Transferring 3.0 from B4 of POS_NTC on 6 to D10 of Plate on 1
	Picking up tip from F6 of Opentrons OT-2 96 Tip Rack 20 µL on 4
	Aspirating 3.0 uL from B4 of POS_NTC on 6 at 7.56 uL/sec
	Dispensing 3.0 uL into D10 of Plate on 1 at 7.56 uL/sec
	Dropping tip into A1 of Opentrons Fixed Trash on 12
Transferring 3.0 from H12 of POS_NTC on 6 to D11 of Plate on 1
	Picking up tip from G6 of Opentrons OT-2 96 Tip Rack 20 µL on 4
	Aspirating 3.0 uL from H12 of POS_NTC on 6 at 7.56 uL/sec
	Dispensing 3.0 uL into D11 of Plate on 1 at 7.56 uL/sec
	Dropping tip into A1 of Opentrons Fixed Trash on 12
Transferring 3.0 from B12 of Sample on 3 to D12 of Plate on 1
	Picking up tip from H6 of Opentrons OT-2 96 Tip Rack 20 µL on 4
	Aspirating 3.0 uL from B12 of Sample on 3 at 7.56 uL/sec
	Dispensing 3.0 uL into D12 of Plate on 1 at 7.56 uL/sec
	Dropping tip into A1 of Opentrons Fixed Trash on 12
Transferring 3.0 from B7 of Sample on 3 to E1 of Plate on 1
	Picking up tip from A7 of Opentrons OT-2 96 Tip Rack 20 µL on 4
	Aspirating 3.0 uL from B7 of Sample on 3 at 7.56 uL/sec
	Dispensing 3.0 uL into E1 of Plate on 1 at 7.56 uL/sec
	Dropping tip into A1 of Opentrons Fixed Trash on 12
Transferring 3.0 from C11 of POS_NTC on 6 to E2 of Plate on 1
	Picking up tip from B7 of Opentrons OT-2 96 Tip Rack 20 µL on 4
	Aspirating 3.0 uL from C11 of POS_NTC on 6 at 7.56 uL/sec
	Dispensing 3.0 uL into E2 of Plate on 1 at 7.56 uL/sec
	Dropping tip into A1 of Opentrons Fixed Trash on 12
Transferring 3.0 from H12 of POS_NTC on 6 to E3 of Plate on 1
	Picking up tip from C7 of Opentrons OT-2 96 Tip Rack 20 µL on 4
	Aspirating 3.0 uL from H12 of POS_NTC on 6 at 7.56 uL/sec
	Dispensing 3.0 uL into E3 of Plate on 1 at 7.56 uL/sec
	Dropping tip into A1 of Opentrons Fixed Trash on 12
Transferring 3.0 from B11 of Sample on 3 to E4 of Plate on 1
	Picking up tip from D7 of Opentrons OT-2 96 Tip Rack 20 µL on 4
	Aspirating 3.0 uL from B11 of Sample on 3 at 7.56 uL/sec
	Dispensing 3.0 uL into E4 of Plate on 1 at 7.56 uL/sec
	Dropping tip into A1 of Opentrons Fixed Trash on 12
Transferring 3.0 from B6 of Sample on 3 to E5 of Plate on 1
	Picking up tip from E7 of Opentrons OT-2 96 Tip Rack 20 µL on 4
	Aspirating 3.0 uL from B6 of Sample on 3 at 7.56 uL/sec
	Dispensing 3.0 uL into E5 of Plate on 1 at 7.56 uL/sec
	Dropping tip into A1 of Opentrons Fixed Trash on 12
Transferring 3.0 from B10 of POS_NTC on 6 to E6 of Plate on 1
	Picking up tip from F7 of Opentrons OT-2 96 Tip Rack 20 µL on 4
	Aspirating 3.0 uL from B10 of POS_NTC on 6 at 7.56 uL/sec
	Dispensing 3.0 uL into E6 of Plate on 1 at 7.56 uL/sec
	Dropping tip into A1 of Opentrons Fixed Trash on 12
Transferring 3.0 from H12 of POS_NTC on 6 to E7 of Plate on 1
	Picking up tip from G7 of Opentrons OT-2 96 Tip Rack 20 µL on 4
	Aspirating 3.0 uL from H12 of POS_NTC on 6 at 7.56 uL/sec
	Dispensing 3.0 uL into E7 of Plate on 1 at 7.56 uL/sec
	Dropping tip into A1 of Opentrons Fixed Trash on 12
Transferring 3.0 from C3 of Sample on 3 to E8 of Plate on 1
	Picking up tip from H7 of Opentrons OT-2 96 Tip Rack 20 µL on 4
	Aspirating 3.0 uL from C3 of Sample on 3 at 7.56 uL/sec
	Dispensing 3.0 uL into E8 of Plate on 1 at 7.56 uL/sec
	Dropping tip into A1 of Opentrons Fixed Trash on 12
Transferring 3.0 from E7 of POS_NTC on 6 to E9 of Plate on 1
	Picking up tip from A8 of Opentrons OT-2 96 Tip Rack 20 µL on 4
	Aspirating 3.0 uL from E7 of POS_NTC on 6 at 7.56 uL/sec
	Dispensing 3.0 uL into E9 of Plate on 1 at 7.56 uL/sec
	Dropping tip into A1 of Opentrons Fixed Trash on 12
Transferring 3.0 from H12 of POS_NTC on 6 to E10 of Plate on 1
	Picking up tip from B8 of Opentrons OT-2 96 Tip Rack 20 µL on 4
	Aspirating 3.0 uL from H12 of POS_NTC on 6 at 7.56 uL/sec
	Dispensing 3.0 uL into E10 of Plate on 1 at 7.56 uL/sec
	Dropping tip into A1 of Opentrons Fixed Trash on 12
Transferring 3.0 from D2 of Sample on 3 to E11 of Plate on 1
	Picking up tip from C8 of Opentrons OT-2 96 Tip Rack 20 µL on 4
	Aspirating 3.0 uL from D2 of Sample on 3 at 7.56 uL/sec
	Dispensing 3.0 uL into E11 of Plate on 1 at 7.56 uL/sec
	Dropping tip into A1 of Opentrons Fixed Trash on 12
Transferring 3.0 from D9 of POS_NTC on 6 to E12 of Plate on 1
	Picking up tip from D8 of Opentrons OT-2 96 Tip Rack 20 µL on 4
	Aspirating 3.0 uL from D9 of POS_NTC on 6 at 7.56 uL/sec
	Dispensing 3.0 uL into E12 of Plate on 1 at 7.56 uL/sec
	Dropping tip into A1 of Opentrons Fixed Trash on 12
Transferring 3.0 from H12 of POS_NTC on 6 to F1 of Plate on 1
	Picking up tip from E8 of Opentrons OT-2 96 Tip Rack 20 µL on 4
	Aspirating 3.0 uL from H12 of POS_NTC on 6 at 7.56 uL/sec
	Dispensing 3.0 uL into F1 of Plate on 1 at 7.56 uL/sec
	Dropping tip into A1 of Opentrons Fixed Trash on 12
Transferring 3.0 from D3 of Sample on 3 to F2 of Plate on 1
	Picking up tip from F8 of Opentrons OT-2 96 Tip Rack 20 µL on 4
	Aspirating 3.0 uL from D3 of Sample on 3 at 7.56 uL/sec
	Dispensing 3.0 uL into F2 of Plate on 1 at 7.56 uL/sec
	Dropping tip into A1 of Opentrons Fixed Trash on 12
Transferring 3.0 from D10 of POS_NTC on 6 to F3 of Plate on 1
	Picking up tip from G8 of Opentrons OT-2 96 Tip Rack 20 µL on 4
	Aspirating 3.0 uL from D10 of POS_NTC on 6 at 7.56 uL/sec
	Dispensing 3.0 uL into F3 of Plate on 1 at 7.56 uL/sec
	Dropping tip into A1 of Opentrons Fixed Trash on 12
Transferring 3.0 from H12 of POS_NTC on 6 to F4 of Plate on 1
	Picking up tip from H8 of Opentrons OT-2 96 Tip Rack 20 µL on 4
	Aspirating 3.0 uL from H12 of POS_NTC on 6 at 7.56 uL/sec
	Dispensing 3.0 uL into F4 of Plate on 1 at 7.56 uL/sec
	Dropping tip into A1 of Opentrons Fixed Trash on 12
Transferring 3.0 from B9 of Sample on 3 to F5 of Plate on 1
	Picking up tip from A9 of Opentrons OT-2 96 Tip Rack 20 µL on 4
	Aspirating 3.0 uL from B9 of Sample on 3 at 7.56 uL/sec
	Dispensing 3.0 uL into F5 of Plate on 1 at 7.56 uL/sec
	Dropping tip into A1 of Opentrons Fixed Trash on 12
Transferring 3.0 from A7 of POS_NTC on 6 to F6 of Plate on 1
	Picking up tip from B9 of Opentrons OT-2 96 Tip Rack 20 µL on 4
	Aspirating 3.0 uL from A7 of POS_NTC on 6 at 7.56 uL/sec
	Dispensing 3.0 uL into F6 of Plate on 1 at 7.56 uL/sec
	Dropping tip into A1 of Opentrons Fixed Trash on 12
Transferring 3.0 from H12 of POS_NTC on 6 to F7 of Plate on 1
	Picking up tip from C9 of Opentrons OT-2 96 Tip Rack 20 µL on 4
	Aspirating 3.0 uL from H12 of POS_NTC on 6 at 7.56 uL/sec
	Dispensing 3.0 uL into F7 of Plate on 1 at 7.56 uL/sec
	Dropping tip into A1 of Opentrons Fixed Trash on 12
Transferring 3.0 from A8 of Sample on 3 to F8 of Plate on 1
	Picking up tip from D9 of Opentrons OT-2 96 Tip Rack 20 µL on 4
	Aspirating 3.0 uL from A8 of Sample on 3 at 7.56 uL/sec
	Dispensing 3.0 uL into F8 of Plate on 1 at 7.56 uL/sec
	Dropping tip into A1 of Opentrons Fixed Trash on 12
Transferring 3.0 from A9 of POS_NTC on 6 to F9 of Plate on 1
	Picking up tip from E9 of Opentrons OT-2 96 Tip Rack 20 µL on 4
	Aspirating 3.0 uL from A9 of POS_NTC on 6 at 7.56 uL/sec
	Dispensing 3.0 uL into F9 of Plate on 1 at 7.56 uL/sec
	Dropping tip into A1 of Opentrons Fixed Trash on 12
Transferring 3.0 from H12 of POS_NTC on 6 to F10 of Plate on 1
	Picking up tip from F9 of Opentrons OT-2 96 Tip Rack 20 µL on 4
	Aspirating 3.0 uL from H12 of POS_NTC on 6 at 7.56 uL/sec
	Dispensing 3.0 uL into F10 of Plate on 1 at 7.56 uL/sec
	Dropping tip into A1 of Opentrons Fixed Trash on 12
Transferring 3.0 from B10 of Sample on 3 to F11 of Plate on 1
	Picking up tip from G9 of Opentrons OT-2 96 Tip Rack 20 µL on 4
	Aspirating 3.0 uL from B10 of Sample on 3 at 7.56 uL/sec
	Dispensing 3.0 uL into F11 of Plate on 1 at 7.56 uL/sec
	Dropping tip into A1 of Opentrons Fixed Trash on 12
Transferring 3.0 from D8 of POS_NTC on 6 to F12 of Plate on 1
	Picking up tip from H9 of Opentrons OT-2 96 Tip Rack 20 µL on 4
	Aspirating 3.0 uL from D8 of POS_NTC on 6 at 7.56 uL/sec
	Dispensing 3.0 uL into F12 of Plate on 1 at 7.56 uL/sec
	Dropping tip into A1 of Opentrons Fixed Trash on 12
Transferring 3.0 from H12 of POS_NTC on 6 to G1 of Plate on 1
	Picking up tip from A10 of Opentrons OT-2 96 Tip Rack 20 µL on 4
	Aspirating 3.0 uL from H12 of POS_NTC on 6 at 7.56 uL/sec
	Dispensing 3.0 uL into G1 of Plate on 1 at 7.56 uL/sec
	Dropping tip into A1 of Opentrons Fixed Trash on 12
Transferring 3.0 from D4 of Sample on 3 to G2 of Plate on 1
	Picking up tip from B10 of Opentrons OT-2 96 Tip Rack 20 µL on 4
	Aspirating 3.0 uL from D4 of Sample on 3 at 7.56 uL/sec
	Dispensing 3.0 uL into G2 of Plate on 1 at 7.56 uL/sec
	Dropping tip into A1 of Opentrons Fixed Trash on 12
Transferring 3.0 from F1 of POS_NTC on 6 to G3 of Plate on 1
	Picking up tip from C10 of Opentrons OT-2 96 Tip Rack 20 µL on 4
	Aspirating 3.0 uL from F1 of POS_NTC on 6 at 7.56 uL/sec
	Dispensing 3.0 uL into G3 of Plate on 1 at 7.56 uL/sec
	Dropping tip into A1 of Opentrons Fixed Trash on 12
Transferring 3.0 from H12 of POS_NTC on 6 to G4 of Plate on 1
	Picking up tip from D10 of Opentrons OT-2 96 Tip Rack 20 µL on 4
	Aspirating 3.0 uL from H12 of POS_NTC on 6 at 7.56 uL/sec
	Dispensing 3.0 uL into G4 of Plate on 1 at 7.56 uL/sec
	Dropping tip into A1 of Opentrons Fixed Trash on 12
Caught exception: {'message': 'Task was destroyed but it is pending!', 'task': <Task pending name='Task-4' coro=<Poller._poll_forever() running at /Users/dp/Desktop/project/github/opentrons/venv/lib/python3.10/site-packages/opentrons/hardware_control/poller.py:80> wait_for=<Future pending cb=[Task.task_wakeup()]>>}
Caught exception: {'message': 'Task was destroyed but it is pending!', 'task': <Task pending name='Task-3' coro=<Poller._poll_forever() running at /Users/dp/Desktop/project/github/opentrons/venv/lib/python3.10/site-packages/opentrons/hardware_control/poller.py:80> wait_for=<Future pending cb=[Task.task_wakeup()]>>}
Caught exception: {'message': 'Task was destroyed but it is pending!', 'task': <Task pending name='Task-2' coro=<Poller._poll_forever() running at /Users/dp/Desktop/project/github/opentrons/venv/lib/python3.10/site-packages/opentrons/hardware_control/poller.py:80> wait_for=<Future pending cb=[Task.task_wakeup()]>>}
