/Users/dp/Desktop/project/github/opentrons/venv/lib/python3.10/site-packages/opentrons/hardware_control/simulator_setup.py:205: UserWarning: Simulator configuration does not name a machine, defaulting to OT-2 Standard
  warn(
/Users/dp/.opentrons/robot_settings.json not found. Loading defaults
Deck calibration not found.
/Users/dp/.opentrons/deck_calibration.json not found. Loading defaults


Executing transfer instruction with step_id 1

Selected the P300 Single-Channel GEN2 on left mount for the transfer
Picking up tip from A1 of Opentrons OT-2 96 Tip Rack 300 µL on 10
Aspirating 250.0 uL from A1 of NEST 96 Deep Well Plate 2mL on Magnetic Module GEN2 on 1 at 92.86 uL/sec
Air gap
	Aspirating 50.0 uL from A1 of NEST 96 Deep Well Plate 2mL on Magnetic Module GEN2 on 1 at 92.86 uL/sec
Dispensing 300.0 uL into A1 of Corning 6 Well Plate 16.8 mL Flat on 3 at 92.86 uL/sec
Aspirating 250.0 uL from A1 of NEST 96 Deep Well Plate 2mL on Magnetic Module GEN2 on 1 at 92.86 uL/sec
Air gap
	Aspirating 50.0 uL from A1 of NEST 96 Deep Well Plate 2mL on Magnetic Module GEN2 on 1 at 92.86 uL/sec
Dispensing 300.0 uL into A1 of Corning 6 Well Plate 16.8 mL Flat on 3 at 92.86 uL/sec
Aspirating 250.0 uL from A1 of NEST 96 Deep Well Plate 2mL on Magnetic Module GEN2 on 1 at 92.86 uL/sec
Air gap
	Aspirating 50.0 uL from A1 of NEST 96 Deep Well Plate 2mL on Magnetic Module GEN2 on 1 at 92.86 uL/sec
Dispensing 300.0 uL into A1 of Corning 6 Well Plate 16.8 mL Flat on 3 at 92.86 uL/sec
Aspirating 250.0 uL from A1 of NEST 96 Deep Well Plate 2mL on Magnetic Module GEN2 on 1 at 92.86 uL/sec
Air gap
	Aspirating 50.0 uL from A1 of NEST 96 Deep Well Plate 2mL on Magnetic Module GEN2 on 1 at 92.86 uL/sec
Dispensing 300.0 uL into A1 of Corning 6 Well Plate 16.8 mL Flat on 3 at 92.86 uL/sec
Dropping tip into A1 of Opentrons Fixed Trash on 12


Executing transfer instruction with step_id 2

Selected the P300 Single-Channel GEN2 on left mount for the transfer
Picking up tip from B1 of Opentrons OT-2 96 Tip Rack 300 µL on 10
Aspirating 100.0 uL from B1 of Corning 384 Well Plate 112 µL Flat on 2 at 92.86 uL/sec
Air gap
	Aspirating 10.0 uL from B1 of Corning 384 Well Plate 112 µL Flat on 2 at 92.86 uL/sec
Dispensing 110.0 uL into A2 of NEST 12 Well Reservoir 15 mL on 4 at 92.86 uL/sec
Touching tip
Blowing out at A2 of NEST 12 Well Reservoir 15 mL on 4
Dropping tip into A1 of Opentrons Fixed Trash on 12


Executing 'aspirate and park tip' instruction with step_id 3

Selected the P300 Single-Channel GEN2 on left mount for the aspiration
Picking up tip from C1 of Opentrons OT-2 96 Tip Rack 300 µL on 10
Aspirating 50.0 uL from C1 of Corning 384 Well Plate 112 µL Flat on 2 at 92.86 uL/sec
Air gap
	Aspirating 10.0 uL from C1 of Corning 384 Well Plate 112 µL Flat on 2 at 92.86 uL/sec
Returning tip
	Dropping tip into C1 of Opentrons OT-2 96 Tip Rack 300 µL on 10


Executing pause instruction with step_id 4
Delaying for 5 minutes and 30.0 seconds


Executing transfer instruction with step_id 5

Selected the P300 Single-Channel GEN2 on left mount for the transfer
Picking up tip from D1 of Opentrons OT-2 96 Tip Rack 300 µL on 10
Aspirating 60.0 uL from D1 of Corning 384 Well Plate 112 µL Flat on 2 at 92.86 uL/sec
Dispensing 60.0 uL into B2 of Corning 6 Well Plate 16.8 mL Flat on 3 at 92.86 uL/sec
Touching tip
Blowing out at B2 of Corning 6 Well Plate 16.8 mL Flat on 3
Dropping tip into A1 of Opentrons Fixed Trash on 12


Executing 'dispense parked tip' instruction with step_id 6

Selected the P300 Single-Channel GEN2 on left mount for the pick up parked tip and dispense
Picking up tip from C1 of Opentrons OT-2 96 Tip Rack 300 µL on 10
Dispensing 60.0 uL into A2 of Corning 6 Well Plate 16.8 mL Flat on 3 at 92.86 uL/sec
Dropping tip into A1 of Opentrons Fixed Trash on 12


Executing transfer instruction with step_id 7

Selected the P300 Single-Channel GEN2 on left mount for the transfer
Picking up tip from E1 of Opentrons OT-2 96 Tip Rack 300 µL on 10
Aspirating 300.0 uL from A1 of Opentrons 24 Well Aluminum Block with NEST 2 mL Screwcap on Temperature Module GEN1 on 6 at 92.86 uL/sec
Dispensing 300.0 uL into B3 of Corning 6 Well Plate 16.8 mL Flat on 3 at 92.86 uL/sec
Touching tip
Blowing out at B3 of Corning 6 Well Plate 16.8 mL Flat on 3
Aspirating 100.0 uL from A1 of Opentrons 24 Well Aluminum Block with NEST 2 mL Screwcap on Temperature Module GEN1 on 6 at 92.86 uL/sec
Dispensing 100.0 uL into B3 of Corning 6 Well Plate 16.8 mL Flat on 3 at 92.86 uL/sec
Touching tip
Blowing out at B3 of Corning 6 Well Plate 16.8 mL Flat on 3
Dropping tip into A1 of Opentrons Fixed Trash on 12


Executing transfer instruction with step_id 8

Selected the P300 Single-Channel GEN2 on left mount for the transfer
Picking up tip from F1 of Opentrons OT-2 96 Tip Rack 300 µL on 10
Aspirating 300.0 uL from A1 of Opentrons 10 Tube Rack with Falcon 4x50 mL, 6x15 mL Conical on 7 at 92.86 uL/sec
Aspirated from tube A1 of Opentrons 10 Tube Rack with Falcon 4x50 mL, 6x15 mL Conical on 7 at a height offset of 75.04 mm
Dispensing 300.0 uL into A3 of Opentrons 10 Tube Rack with Falcon 4x50 mL, 6x15 mL Conical on 7 at 92.86 uL/sec
Dispensed 300.0 uL to tube A3 of Opentrons 10 Tube Rack with Falcon 4x50 mL, 6x15 mL Conical on 7 at a height offset of 61.076980686630385 mm
Touching tip
Blowing out at A3 of Opentrons 10 Tube Rack with Falcon 4x50 mL, 6x15 mL Conical on 7
Aspirating 200.0 uL from A1 of Opentrons 10 Tube Rack with Falcon 4x50 mL, 6x15 mL Conical on 7 at 92.86 uL/sec
Aspirated from tube A1 of Opentrons 10 Tube Rack with Falcon 4x50 mL, 6x15 mL Conical on 7 at a height offset of 75.04 mm
Dispensing 200.0 uL into A3 of Opentrons 10 Tube Rack with Falcon 4x50 mL, 6x15 mL Conical on 7 at 92.86 uL/sec
Dispensed 200.0 uL to tube A3 of Opentrons 10 Tube Rack with Falcon 4x50 mL, 6x15 mL Conical on 7 at a height offset of 61.076980686630385 mm
Touching tip
Blowing out at A3 of Opentrons 10 Tube Rack with Falcon 4x50 mL, 6x15 mL Conical on 7
Dropping tip into A1 of Opentrons Fixed Trash on 12


Executing transfer instruction with step_id 9

Selected the P300 Single-Channel GEN2 on left mount for the transfer
Picking up tip from G1 of Opentrons OT-2 96 Tip Rack 300 µL on 10
Aspirating 300.0 uL from A4 of Opentrons 10 Tube Rack with Falcon 4x50 mL, 6x15 mL Conical on 7 at 92.86 uL/sec
Aspirated from tube A4 of Opentrons 10 Tube Rack with Falcon 4x50 mL, 6x15 mL Conical on 7 at a height offset of 49.2 mm
Dispensing 300.0 uL into A3 of Opentrons 10 Tube Rack with Falcon 4x50 mL, 6x15 mL Conical on 7 at 92.86 uL/sec
Dispensed 300 uL to tube A3 of Opentrons 10 Tube Rack with Falcon 4x50 mL, 6x15 mL Conical on 7 at a height offset of 62.00856558142625 mm
Aspirating 200.0 uL from A4 of Opentrons 10 Tube Rack with Falcon 4x50 mL, 6x15 mL Conical on 7 at 92.86 uL/sec
Aspirated from tube A4 of Opentrons 10 Tube Rack with Falcon 4x50 mL, 6x15 mL Conical on 7 at a height offset of 49.2 mm
Dispensing 200.0 uL into A3 of Opentrons 10 Tube Rack with Falcon 4x50 mL, 6x15 mL Conical on 7 at 92.86 uL/sec
Dispensed 200.0 uL to tube A3 of Opentrons 10 Tube Rack with Falcon 4x50 mL, 6x15 mL Conical on 7 at a height offset of 62.00856558142625 mm
Dropping tip into A1 of Opentrons Fixed Trash on 12


~~~ Protocol finished ~~~

Caught exception: {'message': 'Task was destroyed but it is pending!', 'task': <Task pending name='Task-4' coro=<Poller._poll_forever() running at /Users/dp/Desktop/project/github/opentrons/venv/lib/python3.10/site-packages/opentrons/hardware_control/poller.py:80> wait_for=<Future pending cb=[Task.task_wakeup()]>>}
Caught exception: {'message': 'Task was destroyed but it is pending!', 'task': <Task pending name='Task-3' coro=<Poller._poll_forever() running at /Users/dp/Desktop/project/github/opentrons/venv/lib/python3.10/site-packages/opentrons/hardware_control/poller.py:80> wait_for=<Future pending cb=[Task.task_wakeup()]>>}
Caught exception: {'message': 'Task was destroyed but it is pending!', 'task': <Task pending name='Task-2' coro=<Poller._poll_forever() running at /Users/dp/Desktop/project/github/opentrons/venv/lib/python3.10/site-packages/opentrons/hardware_control/poller.py:80> wait_for=<Future pending cb=[Task.task_wakeup()]>>}
