/Users/dp/Desktop/project/github/opentrons/venv/lib/python3.10/site-packages/opentrons/hardware_control/simulator_setup.py:205: UserWarning: Simulator configuration does not name a machine, defaulting to OT-2 Standard
  warn(
/Users/dp/.opentrons/robot_settings.json not found. Loading defaults
Deck calibration not found.
/Users/dp/.opentrons/deck_calibration.json not found. Loading defaults
Picking up tip from A1 of Opentrons OT-2 96 Filter Tip Rack 20 µL on 10
Distributing 2.0 from A1 of Corning 96 Well Plate 360 µL Flat on 11 to A1 of Plate 1 96 Well Plate 2.5 µL on 1
	Transferring 2.0 from A1 of Corning 96 Well Plate 360 µL Flat on 11 to A1 of Plate 1 96 Well Plate 2.5 µL on 1
		Aspirating 11.0 uL from A1 of Corning 96 Well Plate 360 µL Flat on 11 at 3.8 uL/sec
		Dispensing 2.0 uL into A1 of Plate 1 96 Well Plate 2.5 µL on 1 at 3.8 uL/sec
		Dispensing 2.0 uL into A1 of Plate 2 96 Well Plate 2.5 µL on 2 at 3.8 uL/sec
		Dispensing 2.0 uL into A1 of Plate 3 96 Well Plate 2.5 µL on 3 at 3.8 uL/sec
		Dispensing 2.0 uL into A1 of Plate 4 96 Well Plate 2.5 µL on 4 at 3.8 uL/sec
		Dispensing 2.0 uL into A1 of Plate 5 96 Well Plate 2.5 µL on 5 at 3.8 uL/sec
		Blowing out at A1 of Opentrons Fixed Trash on 12
Dropping tip into A1 of Opentrons Fixed Trash on 12





Picking up tip from A2 of Opentrons OT-2 96 Filter Tip Rack 20 µL on 10
Distributing 2.0 from A2 of Corning 96 Well Plate 360 µL Flat on 11 to A2 of Plate 1 96 Well Plate 2.5 µL on 1
	Transferring 2.0 from A2 of Corning 96 Well Plate 360 µL Flat on 11 to A2 of Plate 1 96 Well Plate 2.5 µL on 1
		Aspirating 11.0 uL from A2 of Corning 96 Well Plate 360 µL Flat on 11 at 3.8 uL/sec
		Dispensing 2.0 uL into A2 of Plate 1 96 Well Plate 2.5 µL on 1 at 3.8 uL/sec
		Dispensing 2.0 uL into A2 of Plate 2 96 Well Plate 2.5 µL on 2 at 3.8 uL/sec
		Dispensing 2.0 uL into A2 of Plate 3 96 Well Plate 2.5 µL on 3 at 3.8 uL/sec
		Dispensing 2.0 uL into A2 of Plate 4 96 Well Plate 2.5 µL on 4 at 3.8 uL/sec
		Dispensing 2.0 uL into A2 of Plate 5 96 Well Plate 2.5 µL on 5 at 3.8 uL/sec
		Blowing out at A1 of Opentrons Fixed Trash on 12
Dropping tip into A1 of Opentrons Fixed Trash on 12





Picking up tip from A3 of Opentrons OT-2 96 Filter Tip Rack 20 µL on 10
Distributing 2.0 from A3 of Corning 96 Well Plate 360 µL Flat on 11 to A3 of Plate 1 96 Well Plate 2.5 µL on 1
	Transferring 2.0 from A3 of Corning 96 Well Plate 360 µL Flat on 11 to A3 of Plate 1 96 Well Plate 2.5 µL on 1
		Aspirating 11.0 uL from A3 of Corning 96 Well Plate 360 µL Flat on 11 at 3.8 uL/sec
		Dispensing 2.0 uL into A3 of Plate 1 96 Well Plate 2.5 µL on 1 at 3.8 uL/sec
		Dispensing 2.0 uL into A3 of Plate 2 96 Well Plate 2.5 µL on 2 at 3.8 uL/sec
		Dispensing 2.0 uL into A3 of Plate 3 96 Well Plate 2.5 µL on 3 at 3.8 uL/sec
		Dispensing 2.0 uL into A3 of Plate 4 96 Well Plate 2.5 µL on 4 at 3.8 uL/sec
		Dispensing 2.0 uL into A3 of Plate 5 96 Well Plate 2.5 µL on 5 at 3.8 uL/sec
		Blowing out at A1 of Opentrons Fixed Trash on 12
Dropping tip into A1 of Opentrons Fixed Trash on 12





Picking up tip from A4 of Opentrons OT-2 96 Filter Tip Rack 20 µL on 10
Distributing 2.0 from A4 of Corning 96 Well Plate 360 µL Flat on 11 to A4 of Plate 1 96 Well Plate 2.5 µL on 1
	Transferring 2.0 from A4 of Corning 96 Well Plate 360 µL Flat on 11 to A4 of Plate 1 96 Well Plate 2.5 µL on 1
		Aspirating 11.0 uL from A4 of Corning 96 Well Plate 360 µL Flat on 11 at 3.8 uL/sec
		Dispensing 2.0 uL into A4 of Plate 1 96 Well Plate 2.5 µL on 1 at 3.8 uL/sec
		Dispensing 2.0 uL into A4 of Plate 2 96 Well Plate 2.5 µL on 2 at 3.8 uL/sec
		Dispensing 2.0 uL into A4 of Plate 3 96 Well Plate 2.5 µL on 3 at 3.8 uL/sec
		Dispensing 2.0 uL into A4 of Plate 4 96 Well Plate 2.5 µL on 4 at 3.8 uL/sec
		Dispensing 2.0 uL into A4 of Plate 5 96 Well Plate 2.5 µL on 5 at 3.8 uL/sec
		Blowing out at A1 of Opentrons Fixed Trash on 12
Dropping tip into A1 of Opentrons Fixed Trash on 12





Picking up tip from A5 of Opentrons OT-2 96 Filter Tip Rack 20 µL on 10
Distributing 2.0 from A5 of Corning 96 Well Plate 360 µL Flat on 11 to A5 of Plate 1 96 Well Plate 2.5 µL on 1
	Transferring 2.0 from A5 of Corning 96 Well Plate 360 µL Flat on 11 to A5 of Plate 1 96 Well Plate 2.5 µL on 1
		Aspirating 11.0 uL from A5 of Corning 96 Well Plate 360 µL Flat on 11 at 3.8 uL/sec
		Dispensing 2.0 uL into A5 of Plate 1 96 Well Plate 2.5 µL on 1 at 3.8 uL/sec
		Dispensing 2.0 uL into A5 of Plate 2 96 Well Plate 2.5 µL on 2 at 3.8 uL/sec
		Dispensing 2.0 uL into A5 of Plate 3 96 Well Plate 2.5 µL on 3 at 3.8 uL/sec
		Dispensing 2.0 uL into A5 of Plate 4 96 Well Plate 2.5 µL on 4 at 3.8 uL/sec
		Dispensing 2.0 uL into A5 of Plate 5 96 Well Plate 2.5 µL on 5 at 3.8 uL/sec
		Blowing out at A1 of Opentrons Fixed Trash on 12
Dropping tip into A1 of Opentrons Fixed Trash on 12





Picking up tip from A6 of Opentrons OT-2 96 Filter Tip Rack 20 µL on 10
Distributing 2.0 from A6 of Corning 96 Well Plate 360 µL Flat on 11 to A6 of Plate 1 96 Well Plate 2.5 µL on 1
	Transferring 2.0 from A6 of Corning 96 Well Plate 360 µL Flat on 11 to A6 of Plate 1 96 Well Plate 2.5 µL on 1
		Aspirating 11.0 uL from A6 of Corning 96 Well Plate 360 µL Flat on 11 at 3.8 uL/sec
		Dispensing 2.0 uL into A6 of Plate 1 96 Well Plate 2.5 µL on 1 at 3.8 uL/sec
		Dispensing 2.0 uL into A6 of Plate 2 96 Well Plate 2.5 µL on 2 at 3.8 uL/sec
		Dispensing 2.0 uL into A6 of Plate 3 96 Well Plate 2.5 µL on 3 at 3.8 uL/sec
		Dispensing 2.0 uL into A6 of Plate 4 96 Well Plate 2.5 µL on 4 at 3.8 uL/sec
		Dispensing 2.0 uL into A6 of Plate 5 96 Well Plate 2.5 µL on 5 at 3.8 uL/sec
		Blowing out at A1 of Opentrons Fixed Trash on 12
Dropping tip into A1 of Opentrons Fixed Trash on 12





Picking up tip from A7 of Opentrons OT-2 96 Filter Tip Rack 20 µL on 10
Distributing 2.0 from A7 of Corning 96 Well Plate 360 µL Flat on 11 to A7 of Plate 1 96 Well Plate 2.5 µL on 1
	Transferring 2.0 from A7 of Corning 96 Well Plate 360 µL Flat on 11 to A7 of Plate 1 96 Well Plate 2.5 µL on 1
		Aspirating 11.0 uL from A7 of Corning 96 Well Plate 360 µL Flat on 11 at 3.8 uL/sec
		Dispensing 2.0 uL into A7 of Plate 1 96 Well Plate 2.5 µL on 1 at 3.8 uL/sec
		Dispensing 2.0 uL into A7 of Plate 2 96 Well Plate 2.5 µL on 2 at 3.8 uL/sec
		Dispensing 2.0 uL into A7 of Plate 3 96 Well Plate 2.5 µL on 3 at 3.8 uL/sec
		Dispensing 2.0 uL into A7 of Plate 4 96 Well Plate 2.5 µL on 4 at 3.8 uL/sec
		Dispensing 2.0 uL into A7 of Plate 5 96 Well Plate 2.5 µL on 5 at 3.8 uL/sec
		Blowing out at A1 of Opentrons Fixed Trash on 12
Dropping tip into A1 of Opentrons Fixed Trash on 12





Picking up tip from A8 of Opentrons OT-2 96 Filter Tip Rack 20 µL on 10
Distributing 2.0 from A8 of Corning 96 Well Plate 360 µL Flat on 11 to A8 of Plate 1 96 Well Plate 2.5 µL on 1
	Transferring 2.0 from A8 of Corning 96 Well Plate 360 µL Flat on 11 to A8 of Plate 1 96 Well Plate 2.5 µL on 1
		Aspirating 11.0 uL from A8 of Corning 96 Well Plate 360 µL Flat on 11 at 3.8 uL/sec
		Dispensing 2.0 uL into A8 of Plate 1 96 Well Plate 2.5 µL on 1 at 3.8 uL/sec
		Dispensing 2.0 uL into A8 of Plate 2 96 Well Plate 2.5 µL on 2 at 3.8 uL/sec
		Dispensing 2.0 uL into A8 of Plate 3 96 Well Plate 2.5 µL on 3 at 3.8 uL/sec
		Dispensing 2.0 uL into A8 of Plate 4 96 Well Plate 2.5 µL on 4 at 3.8 uL/sec
		Dispensing 2.0 uL into A8 of Plate 5 96 Well Plate 2.5 µL on 5 at 3.8 uL/sec
		Blowing out at A1 of Opentrons Fixed Trash on 12
Dropping tip into A1 of Opentrons Fixed Trash on 12





Picking up tip from A9 of Opentrons OT-2 96 Filter Tip Rack 20 µL on 10
Distributing 2.0 from A9 of Corning 96 Well Plate 360 µL Flat on 11 to A9 of Plate 1 96 Well Plate 2.5 µL on 1
	Transferring 2.0 from A9 of Corning 96 Well Plate 360 µL Flat on 11 to A9 of Plate 1 96 Well Plate 2.5 µL on 1
		Aspirating 11.0 uL from A9 of Corning 96 Well Plate 360 µL Flat on 11 at 3.8 uL/sec
		Dispensing 2.0 uL into A9 of Plate 1 96 Well Plate 2.5 µL on 1 at 3.8 uL/sec
		Dispensing 2.0 uL into A9 of Plate 2 96 Well Plate 2.5 µL on 2 at 3.8 uL/sec
		Dispensing 2.0 uL into A9 of Plate 3 96 Well Plate 2.5 µL on 3 at 3.8 uL/sec
		Dispensing 2.0 uL into A9 of Plate 4 96 Well Plate 2.5 µL on 4 at 3.8 uL/sec
		Dispensing 2.0 uL into A9 of Plate 5 96 Well Plate 2.5 µL on 5 at 3.8 uL/sec
		Blowing out at A1 of Opentrons Fixed Trash on 12
Dropping tip into A1 of Opentrons Fixed Trash on 12





Picking up tip from A10 of Opentrons OT-2 96 Filter Tip Rack 20 µL on 10
Distributing 2.0 from A10 of Corning 96 Well Plate 360 µL Flat on 11 to A10 of Plate 1 96 Well Plate 2.5 µL on 1
	Transferring 2.0 from A10 of Corning 96 Well Plate 360 µL Flat on 11 to A10 of Plate 1 96 Well Plate 2.5 µL on 1
		Aspirating 11.0 uL from A10 of Corning 96 Well Plate 360 µL Flat on 11 at 3.8 uL/sec
		Dispensing 2.0 uL into A10 of Plate 1 96 Well Plate 2.5 µL on 1 at 3.8 uL/sec
		Dispensing 2.0 uL into A10 of Plate 2 96 Well Plate 2.5 µL on 2 at 3.8 uL/sec
		Dispensing 2.0 uL into A10 of Plate 3 96 Well Plate 2.5 µL on 3 at 3.8 uL/sec
		Dispensing 2.0 uL into A10 of Plate 4 96 Well Plate 2.5 µL on 4 at 3.8 uL/sec
		Dispensing 2.0 uL into A10 of Plate 5 96 Well Plate 2.5 µL on 5 at 3.8 uL/sec
		Blowing out at A1 of Opentrons Fixed Trash on 12
Dropping tip into A1 of Opentrons Fixed Trash on 12





Picking up tip from A11 of Opentrons OT-2 96 Filter Tip Rack 20 µL on 10
Distributing 2.0 from A11 of Corning 96 Well Plate 360 µL Flat on 11 to A11 of Plate 1 96 Well Plate 2.5 µL on 1
	Transferring 2.0 from A11 of Corning 96 Well Plate 360 µL Flat on 11 to A11 of Plate 1 96 Well Plate 2.5 µL on 1
		Aspirating 11.0 uL from A11 of Corning 96 Well Plate 360 µL Flat on 11 at 3.8 uL/sec
		Dispensing 2.0 uL into A11 of Plate 1 96 Well Plate 2.5 µL on 1 at 3.8 uL/sec
		Dispensing 2.0 uL into A11 of Plate 2 96 Well Plate 2.5 µL on 2 at 3.8 uL/sec
		Dispensing 2.0 uL into A11 of Plate 3 96 Well Plate 2.5 µL on 3 at 3.8 uL/sec
		Dispensing 2.0 uL into A11 of Plate 4 96 Well Plate 2.5 µL on 4 at 3.8 uL/sec
		Dispensing 2.0 uL into A11 of Plate 5 96 Well Plate 2.5 µL on 5 at 3.8 uL/sec
		Blowing out at A1 of Opentrons Fixed Trash on 12
Dropping tip into A1 of Opentrons Fixed Trash on 12





Picking up tip from A12 of Opentrons OT-2 96 Filter Tip Rack 20 µL on 10
Distributing 2.0 from A12 of Corning 96 Well Plate 360 µL Flat on 11 to A12 of Plate 1 96 Well Plate 2.5 µL on 1
	Transferring 2.0 from A12 of Corning 96 Well Plate 360 µL Flat on 11 to A12 of Plate 1 96 Well Plate 2.5 µL on 1
		Aspirating 11.0 uL from A12 of Corning 96 Well Plate 360 µL Flat on 11 at 3.8 uL/sec
		Dispensing 2.0 uL into A12 of Plate 1 96 Well Plate 2.5 µL on 1 at 3.8 uL/sec
		Dispensing 2.0 uL into A12 of Plate 2 96 Well Plate 2.5 µL on 2 at 3.8 uL/sec
		Dispensing 2.0 uL into A12 of Plate 3 96 Well Plate 2.5 µL on 3 at 3.8 uL/sec
		Dispensing 2.0 uL into A12 of Plate 4 96 Well Plate 2.5 µL on 4 at 3.8 uL/sec
		Dispensing 2.0 uL into A12 of Plate 5 96 Well Plate 2.5 µL on 5 at 3.8 uL/sec
		Blowing out at A1 of Opentrons Fixed Trash on 12
Dropping tip into A1 of Opentrons Fixed Trash on 12





Caught exception: {'message': 'Task was destroyed but it is pending!', 'task': <Task pending name='Task-4' coro=<Poller._poll_forever() running at /Users/dp/Desktop/project/github/opentrons/venv/lib/python3.10/site-packages/opentrons/hardware_control/poller.py:80> wait_for=<Future pending cb=[Task.task_wakeup()]>>}
Caught exception: {'message': 'Task was destroyed but it is pending!', 'task': <Task pending name='Task-3' coro=<Poller._poll_forever() running at /Users/dp/Desktop/project/github/opentrons/venv/lib/python3.10/site-packages/opentrons/hardware_control/poller.py:80> wait_for=<Future pending cb=[Task.task_wakeup()]>>}
Caught exception: {'message': 'Task was destroyed but it is pending!', 'task': <Task pending name='Task-2' coro=<Poller._poll_forever() running at /Users/dp/Desktop/project/github/opentrons/venv/lib/python3.10/site-packages/opentrons/hardware_control/poller.py:80> wait_for=<Future pending cb=[Task.task_wakeup()]>>}
