/Users/dp/Desktop/project/github/opentrons/venv/lib/python3.10/site-packages/opentrons/hardware_control/simulator_setup.py:205: UserWarning: Simulator configuration does not name a machine, defaulting to OT-2 Standard
  warn(
/Users/dp/.opentrons/robot_settings.json not found. Loading defaults
Deck calibration not found.
/Users/dp/.opentrons/deck_calibration.json not found. Loading defaults
Picking up tip from A1 of Tip Box 2 on 2
Logs from this command:
WARNING (legacy_module_core): The labware definition for ydp962_2sc_96_wellplate_2200ul does not define a default engagement height for use with the Magnetic Module; you must specify a height explicitly when calling engage().
Aspirating 150.0 uL from A4 of YDP-96-2.2-SC 96_wellplate_2200ul on Magnetic Module GEN2 on 6 at 50.0 uL/sec
Dispensing 150.0 uL into A4 of YDP-96-2.2-SC 96_wellplate_2200ul on Magnetic Module GEN2 on 6 at 200.0 uL/sec
Aspirating 150.0 uL from A4 of YDP-96-2.2-SC 96_wellplate_2200ul on Magnetic Module GEN2 on 6 at 50.0 uL/sec
Dispensing 150.0 uL into A3 of YDP-96-2.2-SC 96_wellplate_2200ul on Magnetic Module GEN2 on 6 at 200.0 uL/sec
Aspirating 150.0 uL from A4 of YDP-96-2.2-SC 96_wellplate_2200ul on Magnetic Module GEN2 on 6 at 50.0 uL/sec
Dispensing 150.0 uL into A3 of YDP-96-2.2-SC 96_wellplate_2200ul on Magnetic Module GEN2 on 6 at 200.0 uL/sec
Mixing 20 times with a volume of 150.0 ul
	Aspirating 150.0 uL from A3 of YDP-96-2.2-SC 96_wellplate_2200ul on Magnetic Module GEN2 on 6 at 150.0 uL/sec
	Dispensing 150.0 uL into A3 of YDP-96-2.2-SC 96_wellplate_2200ul on Magnetic Module GEN2 on 6 at 300.0 uL/sec
	Aspirating 150.0 uL from A3 of YDP-96-2.2-SC 96_wellplate_2200ul on Magnetic Module GEN2 on 6 at 150.0 uL/sec
	Dispensing 150.0 uL into A3 of YDP-96-2.2-SC 96_wellplate_2200ul on Magnetic Module GEN2 on 6 at 300.0 uL/sec
	Aspirating 150.0 uL from A3 of YDP-96-2.2-SC 96_wellplate_2200ul on Magnetic Module GEN2 on 6 at 150.0 uL/sec
	Dispensing 150.0 uL into A3 of YDP-96-2.2-SC 96_wellplate_2200ul on Magnetic Module GEN2 on 6 at 300.0 uL/sec
	Aspirating 150.0 uL from A3 of YDP-96-2.2-SC 96_wellplate_2200ul on Magnetic Module GEN2 on 6 at 150.0 uL/sec
	Dispensing 150.0 uL into A3 of YDP-96-2.2-SC 96_wellplate_2200ul on Magnetic Module GEN2 on 6 at 300.0 uL/sec
	Aspirating 150.0 uL from A3 of YDP-96-2.2-SC 96_wellplate_2200ul on Magnetic Module GEN2 on 6 at 150.0 uL/sec
	Dispensing 150.0 uL into A3 of YDP-96-2.2-SC 96_wellplate_2200ul on Magnetic Module GEN2 on 6 at 300.0 uL/sec
	Aspirating 150.0 uL from A3 of YDP-96-2.2-SC 96_wellplate_2200ul on Magnetic Module GEN2 on 6 at 150.0 uL/sec
	Dispensing 150.0 uL into A3 of YDP-96-2.2-SC 96_wellplate_2200ul on Magnetic Module GEN2 on 6 at 300.0 uL/sec
	Aspirating 150.0 uL from A3 of YDP-96-2.2-SC 96_wellplate_2200ul on Magnetic Module GEN2 on 6 at 150.0 uL/sec
	Dispensing 150.0 uL into A3 of YDP-96-2.2-SC 96_wellplate_2200ul on Magnetic Module GEN2 on 6 at 300.0 uL/sec
	Aspirating 150.0 uL from A3 of YDP-96-2.2-SC 96_wellplate_2200ul on Magnetic Module GEN2 on 6 at 150.0 uL/sec
	Dispensing 150.0 uL into A3 of YDP-96-2.2-SC 96_wellplate_2200ul on Magnetic Module GEN2 on 6 at 300.0 uL/sec
	Aspirating 150.0 uL from A3 of YDP-96-2.2-SC 96_wellplate_2200ul on Magnetic Module GEN2 on 6 at 150.0 uL/sec
	Dispensing 150.0 uL into A3 of YDP-96-2.2-SC 96_wellplate_2200ul on Magnetic Module GEN2 on 6 at 300.0 uL/sec
	Aspirating 150.0 uL from A3 of YDP-96-2.2-SC 96_wellplate_2200ul on Magnetic Module GEN2 on 6 at 150.0 uL/sec
	Dispensing 150.0 uL into A3 of YDP-96-2.2-SC 96_wellplate_2200ul on Magnetic Module GEN2 on 6 at 300.0 uL/sec
	Aspirating 150.0 uL from A3 of YDP-96-2.2-SC 96_wellplate_2200ul on Magnetic Module GEN2 on 6 at 150.0 uL/sec
	Dispensing 150.0 uL into A3 of YDP-96-2.2-SC 96_wellplate_2200ul on Magnetic Module GEN2 on 6 at 300.0 uL/sec
	Aspirating 150.0 uL from A3 of YDP-96-2.2-SC 96_wellplate_2200ul on Magnetic Module GEN2 on 6 at 150.0 uL/sec
	Dispensing 150.0 uL into A3 of YDP-96-2.2-SC 96_wellplate_2200ul on Magnetic Module GEN2 on 6 at 300.0 uL/sec
	Aspirating 150.0 uL from A3 of YDP-96-2.2-SC 96_wellplate_2200ul on Magnetic Module GEN2 on 6 at 150.0 uL/sec
	Dispensing 150.0 uL into A3 of YDP-96-2.2-SC 96_wellplate_2200ul on Magnetic Module GEN2 on 6 at 300.0 uL/sec
	Aspirating 150.0 uL from A3 of YDP-96-2.2-SC 96_wellplate_2200ul on Magnetic Module GEN2 on 6 at 150.0 uL/sec
	Dispensing 150.0 uL into A3 of YDP-96-2.2-SC 96_wellplate_2200ul on Magnetic Module GEN2 on 6 at 300.0 uL/sec
	Aspirating 150.0 uL from A3 of YDP-96-2.2-SC 96_wellplate_2200ul on Magnetic Module GEN2 on 6 at 150.0 uL/sec
	Dispensing 150.0 uL into A3 of YDP-96-2.2-SC 96_wellplate_2200ul on Magnetic Module GEN2 on 6 at 300.0 uL/sec
	Aspirating 150.0 uL from A3 of YDP-96-2.2-SC 96_wellplate_2200ul on Magnetic Module GEN2 on 6 at 150.0 uL/sec
	Dispensing 150.0 uL into A3 of YDP-96-2.2-SC 96_wellplate_2200ul on Magnetic Module GEN2 on 6 at 300.0 uL/sec
	Aspirating 150.0 uL from A3 of YDP-96-2.2-SC 96_wellplate_2200ul on Magnetic Module GEN2 on 6 at 150.0 uL/sec
	Dispensing 150.0 uL into A3 of YDP-96-2.2-SC 96_wellplate_2200ul on Magnetic Module GEN2 on 6 at 300.0 uL/sec
	Aspirating 150.0 uL from A3 of YDP-96-2.2-SC 96_wellplate_2200ul on Magnetic Module GEN2 on 6 at 150.0 uL/sec
	Dispensing 150.0 uL into A3 of YDP-96-2.2-SC 96_wellplate_2200ul on Magnetic Module GEN2 on 6 at 300.0 uL/sec
	Aspirating 150.0 uL from A3 of YDP-96-2.2-SC 96_wellplate_2200ul on Magnetic Module GEN2 on 6 at 150.0 uL/sec
	Dispensing 150.0 uL into A3 of YDP-96-2.2-SC 96_wellplate_2200ul on Magnetic Module GEN2 on 6 at 300.0 uL/sec
	Aspirating 150.0 uL from A3 of YDP-96-2.2-SC 96_wellplate_2200ul on Magnetic Module GEN2 on 6 at 150.0 uL/sec
	Dispensing 150.0 uL into A3 of YDP-96-2.2-SC 96_wellplate_2200ul on Magnetic Module GEN2 on 6 at 300.0 uL/sec
Dropping tip into A1 of Opentrons Fixed Trash on 12
Picking up tip from A2 of Tip Box 2 on 2
Aspirating 150.0 uL from A10 of YDP-96-2.2-SC 96_wellplate_2200ul on Magnetic Module GEN2 on 6 at 50.0 uL/sec
Dispensing 150.0 uL into A10 of YDP-96-2.2-SC 96_wellplate_2200ul on Magnetic Module GEN2 on 6 at 300.0 uL/sec
Aspirating 150.0 uL from A10 of YDP-96-2.2-SC 96_wellplate_2200ul on Magnetic Module GEN2 on 6 at 50.0 uL/sec
Dispensing 150.0 uL into A9 of YDP-96-2.2-SC 96_wellplate_2200ul on Magnetic Module GEN2 on 6 at 300.0 uL/sec
Aspirating 150.0 uL from A10 of YDP-96-2.2-SC 96_wellplate_2200ul on Magnetic Module GEN2 on 6 at 50.0 uL/sec
Dispensing 150.0 uL into A9 of YDP-96-2.2-SC 96_wellplate_2200ul on Magnetic Module GEN2 on 6 at 300.0 uL/sec
Mixing 20 times with a volume of 150.0 ul
	Aspirating 150.0 uL from A9 of YDP-96-2.2-SC 96_wellplate_2200ul on Magnetic Module GEN2 on 6 at 150.0 uL/sec
	Dispensing 150.0 uL into A9 of YDP-96-2.2-SC 96_wellplate_2200ul on Magnetic Module GEN2 on 6 at 300.0 uL/sec
	Aspirating 150.0 uL from A9 of YDP-96-2.2-SC 96_wellplate_2200ul on Magnetic Module GEN2 on 6 at 150.0 uL/sec
	Dispensing 150.0 uL into A9 of YDP-96-2.2-SC 96_wellplate_2200ul on Magnetic Module GEN2 on 6 at 300.0 uL/sec
	Aspirating 150.0 uL from A9 of YDP-96-2.2-SC 96_wellplate_2200ul on Magnetic Module GEN2 on 6 at 150.0 uL/sec
	Dispensing 150.0 uL into A9 of YDP-96-2.2-SC 96_wellplate_2200ul on Magnetic Module GEN2 on 6 at 300.0 uL/sec
	Aspirating 150.0 uL from A9 of YDP-96-2.2-SC 96_wellplate_2200ul on Magnetic Module GEN2 on 6 at 150.0 uL/sec
	Dispensing 150.0 uL into A9 of YDP-96-2.2-SC 96_wellplate_2200ul on Magnetic Module GEN2 on 6 at 300.0 uL/sec
	Aspirating 150.0 uL from A9 of YDP-96-2.2-SC 96_wellplate_2200ul on Magnetic Module GEN2 on 6 at 150.0 uL/sec
	Dispensing 150.0 uL into A9 of YDP-96-2.2-SC 96_wellplate_2200ul on Magnetic Module GEN2 on 6 at 300.0 uL/sec
	Aspirating 150.0 uL from A9 of YDP-96-2.2-SC 96_wellplate_2200ul on Magnetic Module GEN2 on 6 at 150.0 uL/sec
	Dispensing 150.0 uL into A9 of YDP-96-2.2-SC 96_wellplate_2200ul on Magnetic Module GEN2 on 6 at 300.0 uL/sec
	Aspirating 150.0 uL from A9 of YDP-96-2.2-SC 96_wellplate_2200ul on Magnetic Module GEN2 on 6 at 150.0 uL/sec
	Dispensing 150.0 uL into A9 of YDP-96-2.2-SC 96_wellplate_2200ul on Magnetic Module GEN2 on 6 at 300.0 uL/sec
	Aspirating 150.0 uL from A9 of YDP-96-2.2-SC 96_wellplate_2200ul on Magnetic Module GEN2 on 6 at 150.0 uL/sec
	Dispensing 150.0 uL into A9 of YDP-96-2.2-SC 96_wellplate_2200ul on Magnetic Module GEN2 on 6 at 300.0 uL/sec
	Aspirating 150.0 uL from A9 of YDP-96-2.2-SC 96_wellplate_2200ul on Magnetic Module GEN2 on 6 at 150.0 uL/sec
	Dispensing 150.0 uL into A9 of YDP-96-2.2-SC 96_wellplate_2200ul on Magnetic Module GEN2 on 6 at 300.0 uL/sec
	Aspirating 150.0 uL from A9 of YDP-96-2.2-SC 96_wellplate_2200ul on Magnetic Module GEN2 on 6 at 150.0 uL/sec
	Dispensing 150.0 uL into A9 of YDP-96-2.2-SC 96_wellplate_2200ul on Magnetic Module GEN2 on 6 at 300.0 uL/sec
	Aspirating 150.0 uL from A9 of YDP-96-2.2-SC 96_wellplate_2200ul on Magnetic Module GEN2 on 6 at 150.0 uL/sec
	Dispensing 150.0 uL into A9 of YDP-96-2.2-SC 96_wellplate_2200ul on Magnetic Module GEN2 on 6 at 300.0 uL/sec
	Aspirating 150.0 uL from A9 of YDP-96-2.2-SC 96_wellplate_2200ul on Magnetic Module GEN2 on 6 at 150.0 uL/sec
	Dispensing 150.0 uL into A9 of YDP-96-2.2-SC 96_wellplate_2200ul on Magnetic Module GEN2 on 6 at 300.0 uL/sec
	Aspirating 150.0 uL from A9 of YDP-96-2.2-SC 96_wellplate_2200ul on Magnetic Module GEN2 on 6 at 150.0 uL/sec
	Dispensing 150.0 uL into A9 of YDP-96-2.2-SC 96_wellplate_2200ul on Magnetic Module GEN2 on 6 at 300.0 uL/sec
	Aspirating 150.0 uL from A9 of YDP-96-2.2-SC 96_wellplate_2200ul on Magnetic Module GEN2 on 6 at 150.0 uL/sec
	Dispensing 150.0 uL into A9 of YDP-96-2.2-SC 96_wellplate_2200ul on Magnetic Module GEN2 on 6 at 300.0 uL/sec
	Aspirating 150.0 uL from A9 of YDP-96-2.2-SC 96_wellplate_2200ul on Magnetic Module GEN2 on 6 at 150.0 uL/sec
	Dispensing 150.0 uL into A9 of YDP-96-2.2-SC 96_wellplate_2200ul on Magnetic Module GEN2 on 6 at 300.0 uL/sec
	Aspirating 150.0 uL from A9 of YDP-96-2.2-SC 96_wellplate_2200ul on Magnetic Module GEN2 on 6 at 150.0 uL/sec
	Dispensing 150.0 uL into A9 of YDP-96-2.2-SC 96_wellplate_2200ul on Magnetic Module GEN2 on 6 at 300.0 uL/sec
	Aspirating 150.0 uL from A9 of YDP-96-2.2-SC 96_wellplate_2200ul on Magnetic Module GEN2 on 6 at 150.0 uL/sec
	Dispensing 150.0 uL into A9 of YDP-96-2.2-SC 96_wellplate_2200ul on Magnetic Module GEN2 on 6 at 300.0 uL/sec
	Aspirating 150.0 uL from A9 of YDP-96-2.2-SC 96_wellplate_2200ul on Magnetic Module GEN2 on 6 at 150.0 uL/sec
	Dispensing 150.0 uL into A9 of YDP-96-2.2-SC 96_wellplate_2200ul on Magnetic Module GEN2 on 6 at 300.0 uL/sec
	Aspirating 150.0 uL from A9 of YDP-96-2.2-SC 96_wellplate_2200ul on Magnetic Module GEN2 on 6 at 150.0 uL/sec
	Dispensing 150.0 uL into A9 of YDP-96-2.2-SC 96_wellplate_2200ul on Magnetic Module GEN2 on 6 at 300.0 uL/sec
	Aspirating 150.0 uL from A9 of YDP-96-2.2-SC 96_wellplate_2200ul on Magnetic Module GEN2 on 6 at 150.0 uL/sec
	Dispensing 150.0 uL into A9 of YDP-96-2.2-SC 96_wellplate_2200ul on Magnetic Module GEN2 on 6 at 300.0 uL/sec
Dropping tip into A1 of Opentrons Fixed Trash on 12
Delaying for 3 minutes and 0.0 seconds
Picking up tip from A3 of Tip Box 2 on 2
Aspirating 200.0 uL from A3 of YDP-96-2.2-SC 96_wellplate_2200ul on Magnetic Module GEN2 on 6 at 50.0 uL/sec
Dispensing 200.0 uL into A3 of YDP-96-2.2-SC 96_wellplate_2200ul on Magnetic Module GEN2 on 6 at 300.0 uL/sec
Aspirating 200.0 uL from A3 of YDP-96-2.2-SC 96_wellplate_2200ul on Magnetic Module GEN2 on 6 at 50.0 uL/sec
Dispensing 200.0 uL into A1 of YDP-96-2.2-SC 96_wellplate_2200ul on Magnetic Module GEN2 on 6 at 300.0 uL/sec
Aspirating 200.0 uL from A3 of YDP-96-2.2-SC 96_wellplate_2200ul on Magnetic Module GEN2 on 6 at 50.0 uL/sec
Dispensing 200.0 uL into A1 of YDP-96-2.2-SC 96_wellplate_2200ul on Magnetic Module GEN2 on 6 at 300.0 uL/sec
Aspirating 100.0 uL from A3 of YDP-96-2.2-SC 96_wellplate_2200ul on Magnetic Module GEN2 on 6 at 50.0 uL/sec
Dispensing 100.0 uL into A1 of YDP-96-2.2-SC 96_wellplate_2200ul on Magnetic Module GEN2 on 6 at 300.0 uL/sec
Aspirating 200.0 uL from A1 of YDP-96-2.2-SC 96_wellplate_2200ul on Magnetic Module GEN2 on 6 at 50.0 uL/sec
Dispensing 200.0 uL into A1 of YDP-96-2.2-SC 96_wellplate_2200ul on Magnetic Module GEN2 on 6 at 300.0 uL/sec
Aspirating 200.0 uL from A1 of YDP-96-2.2-SC 96_wellplate_2200ul on Magnetic Module GEN2 on 6 at 50.0 uL/sec
Dispensing 200.0 uL into A1 of YDP-96-2.2-SC 96_wellplate_2200ul on Magnetic Module GEN2 on 6 at 300.0 uL/sec
Aspirating 200.0 uL from A1 of YDP-96-2.2-SC 96_wellplate_2200ul on Magnetic Module GEN2 on 6 at 50.0 uL/sec
Dispensing 200.0 uL into A1 of YDP-96-2.2-SC 96_wellplate_2200ul on Magnetic Module GEN2 on 6 at 300.0 uL/sec
Aspirating 200.0 uL from A1 of YDP-96-2.2-SC 96_wellplate_2200ul on Magnetic Module GEN2 on 6 at 50.0 uL/sec
Dispensing 200.0 uL into A1 of YDP-96-2.2-SC 96_wellplate_2200ul on Magnetic Module GEN2 on 6 at 300.0 uL/sec
Aspirating 200.0 uL from A1 of YDP-96-2.2-SC 96_wellplate_2200ul on Magnetic Module GEN2 on 6 at 50.0 uL/sec
Dispensing 200.0 uL into A1 of YDP-96-2.2-SC 96_wellplate_2200ul on Magnetic Module GEN2 on 6 at 300.0 uL/sec
Aspirating 200.0 uL from A1 of YDP-96-2.2-SC 96_wellplate_2200ul on Magnetic Module GEN2 on 6 at 50.0 uL/sec
Dispensing 200.0 uL into A1 of YDP-96-2.2-SC 96_wellplate_2200ul on Magnetic Module GEN2 on 6 at 300.0 uL/sec
Aspirating 200.0 uL from A1 of YDP-96-2.2-SC 96_wellplate_2200ul on Magnetic Module GEN2 on 6 at 50.0 uL/sec
Dispensing 200.0 uL into A1 of YDP-96-2.2-SC 96_wellplate_2200ul on Magnetic Module GEN2 on 6 at 300.0 uL/sec
Aspirating 200.0 uL from A1 of YDP-96-2.2-SC 96_wellplate_2200ul on Magnetic Module GEN2 on 6 at 50.0 uL/sec
Dispensing 200.0 uL into A1 of YDP-96-2.2-SC 96_wellplate_2200ul on Magnetic Module GEN2 on 6 at 300.0 uL/sec
Aspirating 200.0 uL from A1 of YDP-96-2.2-SC 96_wellplate_2200ul on Magnetic Module GEN2 on 6 at 50.0 uL/sec
Dispensing 200.0 uL into A1 of YDP-96-2.2-SC 96_wellplate_2200ul on Magnetic Module GEN2 on 6 at 300.0 uL/sec
Aspirating 200.0 uL from A1 of YDP-96-2.2-SC 96_wellplate_2200ul on Magnetic Module GEN2 on 6 at 50.0 uL/sec
Dispensing 200.0 uL into A1 of YDP-96-2.2-SC 96_wellplate_2200ul on Magnetic Module GEN2 on 6 at 300.0 uL/sec
Aspirating 200.0 uL from A1 of YDP-96-2.2-SC 96_wellplate_2200ul on Magnetic Module GEN2 on 6 at 50.0 uL/sec
Dispensing 200.0 uL into A1 of YDP-96-2.2-SC 96_wellplate_2200ul on Magnetic Module GEN2 on 6 at 300.0 uL/sec
Aspirating 200.0 uL from A1 of YDP-96-2.2-SC 96_wellplate_2200ul on Magnetic Module GEN2 on 6 at 50.0 uL/sec
Dispensing 200.0 uL into A1 of YDP-96-2.2-SC 96_wellplate_2200ul on Magnetic Module GEN2 on 6 at 300.0 uL/sec
Dropping tip into A1 of Opentrons Fixed Trash on 12
Picking up tip from A4 of Tip Box 2 on 2
Aspirating 200.0 uL from A9 of YDP-96-2.2-SC 96_wellplate_2200ul on Magnetic Module GEN2 on 6 at 50.0 uL/sec
Dispensing 200.0 uL into A9 of YDP-96-2.2-SC 96_wellplate_2200ul on Magnetic Module GEN2 on 6 at 300.0 uL/sec
Aspirating 200.0 uL from A9 of YDP-96-2.2-SC 96_wellplate_2200ul on Magnetic Module GEN2 on 6 at 50.0 uL/sec
Dispensing 200.0 uL into A7 of YDP-96-2.2-SC 96_wellplate_2200ul on Magnetic Module GEN2 on 6 at 300.0 uL/sec
Aspirating 200.0 uL from A9 of YDP-96-2.2-SC 96_wellplate_2200ul on Magnetic Module GEN2 on 6 at 50.0 uL/sec
Dispensing 200.0 uL into A7 of YDP-96-2.2-SC 96_wellplate_2200ul on Magnetic Module GEN2 on 6 at 300.0 uL/sec
Aspirating 100.0 uL from A9 of YDP-96-2.2-SC 96_wellplate_2200ul on Magnetic Module GEN2 on 6 at 50.0 uL/sec
Dispensing 100.0 uL into A7 of YDP-96-2.2-SC 96_wellplate_2200ul on Magnetic Module GEN2 on 6 at 300.0 uL/sec
Aspirating 200.0 uL from A7 of YDP-96-2.2-SC 96_wellplate_2200ul on Magnetic Module GEN2 on 6 at 50.0 uL/sec
Dispensing 200.0 uL into A7 of YDP-96-2.2-SC 96_wellplate_2200ul on Magnetic Module GEN2 on 6 at 300.0 uL/sec
Aspirating 200.0 uL from A7 of YDP-96-2.2-SC 96_wellplate_2200ul on Magnetic Module GEN2 on 6 at 50.0 uL/sec
Dispensing 200.0 uL into A7 of YDP-96-2.2-SC 96_wellplate_2200ul on Magnetic Module GEN2 on 6 at 300.0 uL/sec
Aspirating 200.0 uL from A7 of YDP-96-2.2-SC 96_wellplate_2200ul on Magnetic Module GEN2 on 6 at 50.0 uL/sec
Dispensing 200.0 uL into A7 of YDP-96-2.2-SC 96_wellplate_2200ul on Magnetic Module GEN2 on 6 at 300.0 uL/sec
Aspirating 200.0 uL from A7 of YDP-96-2.2-SC 96_wellplate_2200ul on Magnetic Module GEN2 on 6 at 50.0 uL/sec
Dispensing 200.0 uL into A7 of YDP-96-2.2-SC 96_wellplate_2200ul on Magnetic Module GEN2 on 6 at 300.0 uL/sec
Aspirating 200.0 uL from A7 of YDP-96-2.2-SC 96_wellplate_2200ul on Magnetic Module GEN2 on 6 at 50.0 uL/sec
Dispensing 200.0 uL into A7 of YDP-96-2.2-SC 96_wellplate_2200ul on Magnetic Module GEN2 on 6 at 300.0 uL/sec
Aspirating 200.0 uL from A7 of YDP-96-2.2-SC 96_wellplate_2200ul on Magnetic Module GEN2 on 6 at 50.0 uL/sec
Dispensing 200.0 uL into A7 of YDP-96-2.2-SC 96_wellplate_2200ul on Magnetic Module GEN2 on 6 at 300.0 uL/sec
Aspirating 200.0 uL from A7 of YDP-96-2.2-SC 96_wellplate_2200ul on Magnetic Module GEN2 on 6 at 50.0 uL/sec
Dispensing 200.0 uL into A7 of YDP-96-2.2-SC 96_wellplate_2200ul on Magnetic Module GEN2 on 6 at 300.0 uL/sec
Aspirating 200.0 uL from A7 of YDP-96-2.2-SC 96_wellplate_2200ul on Magnetic Module GEN2 on 6 at 50.0 uL/sec
Dispensing 200.0 uL into A7 of YDP-96-2.2-SC 96_wellplate_2200ul on Magnetic Module GEN2 on 6 at 300.0 uL/sec
Aspirating 200.0 uL from A7 of YDP-96-2.2-SC 96_wellplate_2200ul on Magnetic Module GEN2 on 6 at 50.0 uL/sec
Dispensing 200.0 uL into A7 of YDP-96-2.2-SC 96_wellplate_2200ul on Magnetic Module GEN2 on 6 at 300.0 uL/sec
Aspirating 200.0 uL from A7 of YDP-96-2.2-SC 96_wellplate_2200ul on Magnetic Module GEN2 on 6 at 50.0 uL/sec
Dispensing 200.0 uL into A7 of YDP-96-2.2-SC 96_wellplate_2200ul on Magnetic Module GEN2 on 6 at 300.0 uL/sec
Aspirating 200.0 uL from A7 of YDP-96-2.2-SC 96_wellplate_2200ul on Magnetic Module GEN2 on 6 at 50.0 uL/sec
Dispensing 200.0 uL into A7 of YDP-96-2.2-SC 96_wellplate_2200ul on Magnetic Module GEN2 on 6 at 300.0 uL/sec
Aspirating 200.0 uL from A7 of YDP-96-2.2-SC 96_wellplate_2200ul on Magnetic Module GEN2 on 6 at 50.0 uL/sec
Dispensing 200.0 uL into A7 of YDP-96-2.2-SC 96_wellplate_2200ul on Magnetic Module GEN2 on 6 at 300.0 uL/sec
Dropping tip into A1 of Opentrons Fixed Trash on 12
Picking up tip from A5 of Tip Box 2 on 2
Aspirating 200.0 uL from A2 of YDP-96-2.2-SC 96_wellplate_2200ul on Magnetic Module GEN2 on 6 at 50.0 uL/sec
Dispensing 200.0 uL into A2 of YDP-96-2.2-SC 96_wellplate_2200ul on Magnetic Module GEN2 on 6 at 300.0 uL/sec
Aspirating 200.0 uL from A2 of YDP-96-2.2-SC 96_wellplate_2200ul on Magnetic Module GEN2 on 6 at 50.0 uL/sec
Dispensing 200.0 uL into A1 of YDP-96-2.2-SC 96_wellplate_2200ul on Magnetic Module GEN2 on 6 at 300.0 uL/sec
Aspirating 200.0 uL from A2 of YDP-96-2.2-SC 96_wellplate_2200ul on Magnetic Module GEN2 on 6 at 50.0 uL/sec
Dispensing 200.0 uL into A1 of YDP-96-2.2-SC 96_wellplate_2200ul on Magnetic Module GEN2 on 6 at 300.0 uL/sec
Aspirating 200.0 uL from A1 of YDP-96-2.2-SC 96_wellplate_2200ul on Magnetic Module GEN2 on 6 at 50.0 uL/sec
Dispensing 200.0 uL into A1 of YDP-96-2.2-SC 96_wellplate_2200ul on Magnetic Module GEN2 on 6 at 300.0 uL/sec
Aspirating 200.0 uL from A1 of YDP-96-2.2-SC 96_wellplate_2200ul on Magnetic Module GEN2 on 6 at 50.0 uL/sec
Dispensing 200.0 uL into A1 of YDP-96-2.2-SC 96_wellplate_2200ul on Magnetic Module GEN2 on 6 at 300.0 uL/sec
Aspirating 200.0 uL from A1 of YDP-96-2.2-SC 96_wellplate_2200ul on Magnetic Module GEN2 on 6 at 50.0 uL/sec
Dispensing 200.0 uL into A1 of YDP-96-2.2-SC 96_wellplate_2200ul on Magnetic Module GEN2 on 6 at 300.0 uL/sec
Aspirating 200.0 uL from A1 of YDP-96-2.2-SC 96_wellplate_2200ul on Magnetic Module GEN2 on 6 at 50.0 uL/sec
Dispensing 200.0 uL into A1 of YDP-96-2.2-SC 96_wellplate_2200ul on Magnetic Module GEN2 on 6 at 300.0 uL/sec
Aspirating 200.0 uL from A1 of YDP-96-2.2-SC 96_wellplate_2200ul on Magnetic Module GEN2 on 6 at 50.0 uL/sec
Dispensing 200.0 uL into A1 of YDP-96-2.2-SC 96_wellplate_2200ul on Magnetic Module GEN2 on 6 at 300.0 uL/sec
Aspirating 200.0 uL from A1 of YDP-96-2.2-SC 96_wellplate_2200ul on Magnetic Module GEN2 on 6 at 50.0 uL/sec
Dispensing 200.0 uL into A1 of YDP-96-2.2-SC 96_wellplate_2200ul on Magnetic Module GEN2 on 6 at 300.0 uL/sec
Aspirating 200.0 uL from A1 of YDP-96-2.2-SC 96_wellplate_2200ul on Magnetic Module GEN2 on 6 at 50.0 uL/sec
Dispensing 200.0 uL into A1 of YDP-96-2.2-SC 96_wellplate_2200ul on Magnetic Module GEN2 on 6 at 300.0 uL/sec
Aspirating 200.0 uL from A1 of YDP-96-2.2-SC 96_wellplate_2200ul on Magnetic Module GEN2 on 6 at 50.0 uL/sec
Dispensing 200.0 uL into A1 of YDP-96-2.2-SC 96_wellplate_2200ul on Magnetic Module GEN2 on 6 at 300.0 uL/sec
Aspirating 200.0 uL from A1 of YDP-96-2.2-SC 96_wellplate_2200ul on Magnetic Module GEN2 on 6 at 50.0 uL/sec
Dispensing 200.0 uL into A1 of YDP-96-2.2-SC 96_wellplate_2200ul on Magnetic Module GEN2 on 6 at 300.0 uL/sec
Aspirating 200.0 uL from A1 of YDP-96-2.2-SC 96_wellplate_2200ul on Magnetic Module GEN2 on 6 at 50.0 uL/sec
Dispensing 200.0 uL into A1 of YDP-96-2.2-SC 96_wellplate_2200ul on Magnetic Module GEN2 on 6 at 300.0 uL/sec
Aspirating 200.0 uL from A1 of YDP-96-2.2-SC 96_wellplate_2200ul on Magnetic Module GEN2 on 6 at 50.0 uL/sec
Dispensing 200.0 uL into A1 of YDP-96-2.2-SC 96_wellplate_2200ul on Magnetic Module GEN2 on 6 at 300.0 uL/sec
Aspirating 200.0 uL from A1 of YDP-96-2.2-SC 96_wellplate_2200ul on Magnetic Module GEN2 on 6 at 50.0 uL/sec
Dispensing 200.0 uL into A1 of YDP-96-2.2-SC 96_wellplate_2200ul on Magnetic Module GEN2 on 6 at 300.0 uL/sec
Dropping tip into A1 of Opentrons Fixed Trash on 12
Picking up tip from A6 of Tip Box 2 on 2
Aspirating 200.0 uL from A8 of YDP-96-2.2-SC 96_wellplate_2200ul on Magnetic Module GEN2 on 6 at 50.0 uL/sec
Dispensing 200.0 uL into A8 of YDP-96-2.2-SC 96_wellplate_2200ul on Magnetic Module GEN2 on 6 at 300.0 uL/sec
Aspirating 200.0 uL from A8 of YDP-96-2.2-SC 96_wellplate_2200ul on Magnetic Module GEN2 on 6 at 50.0 uL/sec
Dispensing 200.0 uL into A7 of YDP-96-2.2-SC 96_wellplate_2200ul on Magnetic Module GEN2 on 6 at 300.0 uL/sec
Aspirating 200.0 uL from A8 of YDP-96-2.2-SC 96_wellplate_2200ul on Magnetic Module GEN2 on 6 at 50.0 uL/sec
Dispensing 200.0 uL into A7 of YDP-96-2.2-SC 96_wellplate_2200ul on Magnetic Module GEN2 on 6 at 300.0 uL/sec
Aspirating 200.0 uL from A7 of YDP-96-2.2-SC 96_wellplate_2200ul on Magnetic Module GEN2 on 6 at 50.0 uL/sec
Dispensing 200.0 uL into A7 of YDP-96-2.2-SC 96_wellplate_2200ul on Magnetic Module GEN2 on 6 at 300.0 uL/sec
Aspirating 200.0 uL from A7 of YDP-96-2.2-SC 96_wellplate_2200ul on Magnetic Module GEN2 on 6 at 50.0 uL/sec
Dispensing 200.0 uL into A7 of YDP-96-2.2-SC 96_wellplate_2200ul on Magnetic Module GEN2 on 6 at 300.0 uL/sec
Aspirating 200.0 uL from A7 of YDP-96-2.2-SC 96_wellplate_2200ul on Magnetic Module GEN2 on 6 at 50.0 uL/sec
Dispensing 200.0 uL into A7 of YDP-96-2.2-SC 96_wellplate_2200ul on Magnetic Module GEN2 on 6 at 300.0 uL/sec
Aspirating 200.0 uL from A7 of YDP-96-2.2-SC 96_wellplate_2200ul on Magnetic Module GEN2 on 6 at 50.0 uL/sec
Dispensing 200.0 uL into A7 of YDP-96-2.2-SC 96_wellplate_2200ul on Magnetic Module GEN2 on 6 at 300.0 uL/sec
Aspirating 200.0 uL from A7 of YDP-96-2.2-SC 96_wellplate_2200ul on Magnetic Module GEN2 on 6 at 50.0 uL/sec
Dispensing 200.0 uL into A7 of YDP-96-2.2-SC 96_wellplate_2200ul on Magnetic Module GEN2 on 6 at 300.0 uL/sec
Aspirating 200.0 uL from A7 of YDP-96-2.2-SC 96_wellplate_2200ul on Magnetic Module GEN2 on 6 at 50.0 uL/sec
Dispensing 200.0 uL into A7 of YDP-96-2.2-SC 96_wellplate_2200ul on Magnetic Module GEN2 on 6 at 300.0 uL/sec
Aspirating 200.0 uL from A7 of YDP-96-2.2-SC 96_wellplate_2200ul on Magnetic Module GEN2 on 6 at 50.0 uL/sec
Dispensing 200.0 uL into A7 of YDP-96-2.2-SC 96_wellplate_2200ul on Magnetic Module GEN2 on 6 at 300.0 uL/sec
Aspirating 200.0 uL from A7 of YDP-96-2.2-SC 96_wellplate_2200ul on Magnetic Module GEN2 on 6 at 50.0 uL/sec
Dispensing 200.0 uL into A7 of YDP-96-2.2-SC 96_wellplate_2200ul on Magnetic Module GEN2 on 6 at 300.0 uL/sec
Aspirating 200.0 uL from A7 of YDP-96-2.2-SC 96_wellplate_2200ul on Magnetic Module GEN2 on 6 at 50.0 uL/sec
Dispensing 200.0 uL into A7 of YDP-96-2.2-SC 96_wellplate_2200ul on Magnetic Module GEN2 on 6 at 300.0 uL/sec
Aspirating 200.0 uL from A7 of YDP-96-2.2-SC 96_wellplate_2200ul on Magnetic Module GEN2 on 6 at 50.0 uL/sec
Dispensing 200.0 uL into A7 of YDP-96-2.2-SC 96_wellplate_2200ul on Magnetic Module GEN2 on 6 at 300.0 uL/sec
Aspirating 200.0 uL from A7 of YDP-96-2.2-SC 96_wellplate_2200ul on Magnetic Module GEN2 on 6 at 50.0 uL/sec
Dispensing 200.0 uL into A7 of YDP-96-2.2-SC 96_wellplate_2200ul on Magnetic Module GEN2 on 6 at 300.0 uL/sec
Aspirating 200.0 uL from A7 of YDP-96-2.2-SC 96_wellplate_2200ul on Magnetic Module GEN2 on 6 at 50.0 uL/sec
Dispensing 200.0 uL into A7 of YDP-96-2.2-SC 96_wellplate_2200ul on Magnetic Module GEN2 on 6 at 300.0 uL/sec
Dropping tip into A1 of Opentrons Fixed Trash on 12
Delaying for 3 minutes and 0.0 seconds
Engaging Magnetic Module
Delaying for 1 minutes and 30.0 seconds
Picking up tip from A7 of Tip Box 2 on 2
Moving to A1 of YDP-96-2.2-SC 96_wellplate_2200ul on Magnetic Module GEN2 on 6
Transferring [200.0, 200.0, 200.0, 200.0] from A1 of YDP-96-2.2-SC 96_wellplate_2200ul on Magnetic Module GEN2 on 6 to A1 of NEST 1 Well Reservoir 195 mL on 11
	Aspirating 200.0 uL from A1 of YDP-96-2.2-SC 96_wellplate_2200ul on Magnetic Module GEN2 on 6 at 25.0 uL/sec
	Dispensing 200.0 uL into A1 of NEST 1 Well Reservoir 195 mL on 11 at 300.0 uL/sec
	Aspirating 200.0 uL from A1 of YDP-96-2.2-SC 96_wellplate_2200ul on Magnetic Module GEN2 on 6 at 25.0 uL/sec
	Dispensing 200.0 uL into A1 of NEST 1 Well Reservoir 195 mL on 11 at 300.0 uL/sec
	Aspirating 200.0 uL from A1 of YDP-96-2.2-SC 96_wellplate_2200ul on Magnetic Module GEN2 on 6 at 25.0 uL/sec
	Dispensing 200.0 uL into A1 of NEST 1 Well Reservoir 195 mL on 11 at 300.0 uL/sec
	Aspirating 200.0 uL from A1 of YDP-96-2.2-SC 96_wellplate_2200ul on Magnetic Module GEN2 on 6 at 25.0 uL/sec
	Dispensing 200.0 uL into A1 of NEST 1 Well Reservoir 195 mL on 11 at 300.0 uL/sec
Moving to A1 of YDP-96-2.2-SC 96_wellplate_2200ul on Magnetic Module GEN2 on 6
Transferring [130.0, 20.0] from A1 of YDP-96-2.2-SC 96_wellplate_2200ul on Magnetic Module GEN2 on 6 to A1 of NEST 1 Well Reservoir 195 mL on 11
	Aspirating 130.0 uL from A1 of YDP-96-2.2-SC 96_wellplate_2200ul on Magnetic Module GEN2 on 6 at 15.0 uL/sec
	Dispensing 130.0 uL into A1 of NEST 1 Well Reservoir 195 mL on 11 at 94.0 uL/sec
	Aspirating 20.0 uL from A1 of YDP-96-2.2-SC 96_wellplate_2200ul on Magnetic Module GEN2 on 6 at 15.0 uL/sec
	Dispensing 20.0 uL into A1 of NEST 1 Well Reservoir 195 mL on 11 at 94.0 uL/sec
Dropping tip into A1 of Opentrons Fixed Trash on 12
Picking up tip from A8 of Tip Box 2 on 2
Moving to A7 of YDP-96-2.2-SC 96_wellplate_2200ul on Magnetic Module GEN2 on 6
Transferring [200.0] from A7 of YDP-96-2.2-SC 96_wellplate_2200ul on Magnetic Module GEN2 on 6 to A1 of NEST 1 Well Reservoir 195 mL on 11
	Aspirating 200.0 uL from A7 of YDP-96-2.2-SC 96_wellplate_2200ul on Magnetic Module GEN2 on 6 at 25.0 uL/sec
	Dispensing 200.0 uL into A1 of NEST 1 Well Reservoir 195 mL on 11 at 300.0 uL/sec
Moving to A7 of YDP-96-2.2-SC 96_wellplate_2200ul on Magnetic Module GEN2 on 6
Transferring [200.0, 200.0, 200.0] from A7 of YDP-96-2.2-SC 96_wellplate_2200ul on Magnetic Module GEN2 on 6 to A1 of NEST 1 Well Reservoir 195 mL on 11
	Aspirating 200.0 uL from A7 of YDP-96-2.2-SC 96_wellplate_2200ul on Magnetic Module GEN2 on 6 at 25.0 uL/sec
	Dispensing 200.0 uL into A1 of NEST 1 Well Reservoir 195 mL on 11 at 300.0 uL/sec
	Aspirating 200.0 uL from A7 of YDP-96-2.2-SC 96_wellplate_2200ul on Magnetic Module GEN2 on 6 at 25.0 uL/sec
	Dispensing 200.0 uL into A1 of NEST 1 Well Reservoir 195 mL on 11 at 300.0 uL/sec
	Aspirating 200.0 uL from A7 of YDP-96-2.2-SC 96_wellplate_2200ul on Magnetic Module GEN2 on 6 at 25.0 uL/sec
	Dispensing 200.0 uL into A1 of NEST 1 Well Reservoir 195 mL on 11 at 300.0 uL/sec
Moving to A7 of YDP-96-2.2-SC 96_wellplate_2200ul on Magnetic Module GEN2 on 6
Transferring [130.0, 20.0] from A7 of YDP-96-2.2-SC 96_wellplate_2200ul on Magnetic Module GEN2 on 6 to A1 of NEST 1 Well Reservoir 195 mL on 11
	Aspirating 130.0 uL from A7 of YDP-96-2.2-SC 96_wellplate_2200ul on Magnetic Module GEN2 on 6 at 25.0 uL/sec
	Dispensing 130.0 uL into A1 of NEST 1 Well Reservoir 195 mL on 11 at 300.0 uL/sec
	Aspirating 20.0 uL from A7 of YDP-96-2.2-SC 96_wellplate_2200ul on Magnetic Module GEN2 on 6 at 25.0 uL/sec
	Dispensing 20.0 uL into A1 of NEST 1 Well Reservoir 195 mL on 11 at 300.0 uL/sec
Dropping tip into A1 of Opentrons Fixed Trash on 12
Disengaging Magnetic Module
Picking up tip from A9 of Tip Box 2 on 2
Mixing 1 times with a volume of 150.0 ul
	Aspirating 150.0 uL from A5 of YDP-96-2.2-SC 96_wellplate_2200ul on Magnetic Module GEN2 on 6 at 50.0 uL/sec
	Dispensing 150.0 uL into A5 of YDP-96-2.2-SC 96_wellplate_2200ul on Magnetic Module GEN2 on 6 at 300.0 uL/sec
Aspirating 150.0 uL from A5 of YDP-96-2.2-SC 96_wellplate_2200ul on Magnetic Module GEN2 on 6 at 50.0 uL/sec
Dispensing 150.0 uL into A1 of YDP-96-2.2-SC 96_wellplate_2200ul on Magnetic Module GEN2 on 6 at 300.0 uL/sec
Aspirating 150.0 uL from A5 of YDP-96-2.2-SC 96_wellplate_2200ul on Magnetic Module GEN2 on 6 at 50.0 uL/sec
Dispensing 150.0 uL into A1 of YDP-96-2.2-SC 96_wellplate_2200ul on Magnetic Module GEN2 on 6 at 300.0 uL/sec
Aspirating 150.0 uL from A1 of YDP-96-2.2-SC 96_wellplate_2200ul on Magnetic Module GEN2 on 6 at 80.0 uL/sec
Dispensing 150.0 uL into A1 of YDP-96-2.2-SC 96_wellplate_2200ul on Magnetic Module GEN2 on 6 at 300.0 uL/sec
Aspirating 150.0 uL from A1 of YDP-96-2.2-SC 96_wellplate_2200ul on Magnetic Module GEN2 on 6 at 80.0 uL/sec
Dispensing 150.0 uL into A1 of YDP-96-2.2-SC 96_wellplate_2200ul on Magnetic Module GEN2 on 6 at 300.0 uL/sec
Aspirating 150.0 uL from A1 of YDP-96-2.2-SC 96_wellplate_2200ul on Magnetic Module GEN2 on 6 at 80.0 uL/sec
Dispensing 150.0 uL into A1 of YDP-96-2.2-SC 96_wellplate_2200ul on Magnetic Module GEN2 on 6 at 300.0 uL/sec
Aspirating 150.0 uL from A1 of YDP-96-2.2-SC 96_wellplate_2200ul on Magnetic Module GEN2 on 6 at 80.0 uL/sec
Dispensing 150.0 uL into A1 of YDP-96-2.2-SC 96_wellplate_2200ul on Magnetic Module GEN2 on 6 at 300.0 uL/sec
Aspirating 150.0 uL from A1 of YDP-96-2.2-SC 96_wellplate_2200ul on Magnetic Module GEN2 on 6 at 80.0 uL/sec
Dispensing 150.0 uL into A1 of YDP-96-2.2-SC 96_wellplate_2200ul on Magnetic Module GEN2 on 6 at 300.0 uL/sec
Aspirating 150.0 uL from A1 of YDP-96-2.2-SC 96_wellplate_2200ul on Magnetic Module GEN2 on 6 at 80.0 uL/sec
Dispensing 150.0 uL into A1 of YDP-96-2.2-SC 96_wellplate_2200ul on Magnetic Module GEN2 on 6 at 300.0 uL/sec
Aspirating 150.0 uL from A1 of YDP-96-2.2-SC 96_wellplate_2200ul on Magnetic Module GEN2 on 6 at 80.0 uL/sec
Dispensing 150.0 uL into A1 of YDP-96-2.2-SC 96_wellplate_2200ul on Magnetic Module GEN2 on 6 at 300.0 uL/sec
Aspirating 150.0 uL from A1 of YDP-96-2.2-SC 96_wellplate_2200ul on Magnetic Module GEN2 on 6 at 80.0 uL/sec
Dispensing 150.0 uL into A1 of YDP-96-2.2-SC 96_wellplate_2200ul on Magnetic Module GEN2 on 6 at 300.0 uL/sec
Aspirating 150.0 uL from A1 of YDP-96-2.2-SC 96_wellplate_2200ul on Magnetic Module GEN2 on 6 at 80.0 uL/sec
Dispensing 150.0 uL into A1 of YDP-96-2.2-SC 96_wellplate_2200ul on Magnetic Module GEN2 on 6 at 300.0 uL/sec
Aspirating 150.0 uL from A1 of YDP-96-2.2-SC 96_wellplate_2200ul on Magnetic Module GEN2 on 6 at 80.0 uL/sec
Dispensing 150.0 uL into A1 of YDP-96-2.2-SC 96_wellplate_2200ul on Magnetic Module GEN2 on 6 at 300.0 uL/sec
Aspirating 150.0 uL from A1 of YDP-96-2.2-SC 96_wellplate_2200ul on Magnetic Module GEN2 on 6 at 80.0 uL/sec
Dispensing 150.0 uL into A1 of YDP-96-2.2-SC 96_wellplate_2200ul on Magnetic Module GEN2 on 6 at 300.0 uL/sec
Aspirating 150.0 uL from A1 of YDP-96-2.2-SC 96_wellplate_2200ul on Magnetic Module GEN2 on 6 at 80.0 uL/sec
Dispensing 150.0 uL into A1 of YDP-96-2.2-SC 96_wellplate_2200ul on Magnetic Module GEN2 on 6 at 300.0 uL/sec
Aspirating 150.0 uL from A1 of YDP-96-2.2-SC 96_wellplate_2200ul on Magnetic Module GEN2 on 6 at 80.0 uL/sec
Dispensing 150.0 uL into A1 of YDP-96-2.2-SC 96_wellplate_2200ul on Magnetic Module GEN2 on 6 at 300.0 uL/sec
Aspirating 150.0 uL from A1 of YDP-96-2.2-SC 96_wellplate_2200ul on Magnetic Module GEN2 on 6 at 80.0 uL/sec
Dispensing 150.0 uL into A1 of YDP-96-2.2-SC 96_wellplate_2200ul on Magnetic Module GEN2 on 6 at 300.0 uL/sec
Aspirating 150.0 uL from A1 of YDP-96-2.2-SC 96_wellplate_2200ul on Magnetic Module GEN2 on 6 at 80.0 uL/sec
Dispensing 150.0 uL into A1 of YDP-96-2.2-SC 96_wellplate_2200ul on Magnetic Module GEN2 on 6 at 300.0 uL/sec
Aspirating 150.0 uL from A1 of YDP-96-2.2-SC 96_wellplate_2200ul on Magnetic Module GEN2 on 6 at 80.0 uL/sec
Dispensing 150.0 uL into A1 of YDP-96-2.2-SC 96_wellplate_2200ul on Magnetic Module GEN2 on 6 at 300.0 uL/sec
Aspirating 150.0 uL from A1 of YDP-96-2.2-SC 96_wellplate_2200ul on Magnetic Module GEN2 on 6 at 80.0 uL/sec
Dispensing 150.0 uL into A1 of YDP-96-2.2-SC 96_wellplate_2200ul on Magnetic Module GEN2 on 6 at 300.0 uL/sec
Aspirating 150.0 uL from A1 of YDP-96-2.2-SC 96_wellplate_2200ul on Magnetic Module GEN2 on 6 at 80.0 uL/sec
Dispensing 150.0 uL into A1 of YDP-96-2.2-SC 96_wellplate_2200ul on Magnetic Module GEN2 on 6 at 300.0 uL/sec
Aspirating 150.0 uL from A1 of YDP-96-2.2-SC 96_wellplate_2200ul on Magnetic Module GEN2 on 6 at 80.0 uL/sec
Dispensing 150.0 uL into A1 of YDP-96-2.2-SC 96_wellplate_2200ul on Magnetic Module GEN2 on 6 at 300.0 uL/sec
Aspirating 150.0 uL from A1 of YDP-96-2.2-SC 96_wellplate_2200ul on Magnetic Module GEN2 on 6 at 80.0 uL/sec
Dispensing 150.0 uL into A1 of YDP-96-2.2-SC 96_wellplate_2200ul on Magnetic Module GEN2 on 6 at 300.0 uL/sec
Dropping tip into A1 of Opentrons Fixed Trash on 12
Picking up tip from A10 of Tip Box 2 on 2
Aspirating 150.0 uL from A11 of YDP-96-2.2-SC 96_wellplate_2200ul on Magnetic Module GEN2 on 6 at 50.0 uL/sec
Dispensing 150.0 uL into A11 of YDP-96-2.2-SC 96_wellplate_2200ul on Magnetic Module GEN2 on 6 at 94.0 uL/sec
Aspirating 150.0 uL from A11 of YDP-96-2.2-SC 96_wellplate_2200ul on Magnetic Module GEN2 on 6 at 50.0 uL/sec
Dispensing 150.0 uL into A7 of YDP-96-2.2-SC 96_wellplate_2200ul on Magnetic Module GEN2 on 6 at 94.0 uL/sec
Aspirating 150.0 uL from A11 of YDP-96-2.2-SC 96_wellplate_2200ul on Magnetic Module GEN2 on 6 at 50.0 uL/sec
Dispensing 150.0 uL into A7 of YDP-96-2.2-SC 96_wellplate_2200ul on Magnetic Module GEN2 on 6 at 94.0 uL/sec
Aspirating 150.0 uL from A7 of YDP-96-2.2-SC 96_wellplate_2200ul on Magnetic Module GEN2 on 6 at 80.0 uL/sec
Dispensing 150.0 uL into A7 of YDP-96-2.2-SC 96_wellplate_2200ul on Magnetic Module GEN2 on 6 at 300.0 uL/sec
Aspirating 150.0 uL from A7 of YDP-96-2.2-SC 96_wellplate_2200ul on Magnetic Module GEN2 on 6 at 80.0 uL/sec
Dispensing 150.0 uL into A7 of YDP-96-2.2-SC 96_wellplate_2200ul on Magnetic Module GEN2 on 6 at 300.0 uL/sec
Aspirating 150.0 uL from A7 of YDP-96-2.2-SC 96_wellplate_2200ul on Magnetic Module GEN2 on 6 at 80.0 uL/sec
Dispensing 150.0 uL into A7 of YDP-96-2.2-SC 96_wellplate_2200ul on Magnetic Module GEN2 on 6 at 300.0 uL/sec
Aspirating 150.0 uL from A7 of YDP-96-2.2-SC 96_wellplate_2200ul on Magnetic Module GEN2 on 6 at 80.0 uL/sec
Dispensing 150.0 uL into A7 of YDP-96-2.2-SC 96_wellplate_2200ul on Magnetic Module GEN2 on 6 at 300.0 uL/sec
Aspirating 150.0 uL from A7 of YDP-96-2.2-SC 96_wellplate_2200ul on Magnetic Module GEN2 on 6 at 80.0 uL/sec
Dispensing 150.0 uL into A7 of YDP-96-2.2-SC 96_wellplate_2200ul on Magnetic Module GEN2 on 6 at 300.0 uL/sec
Aspirating 150.0 uL from A7 of YDP-96-2.2-SC 96_wellplate_2200ul on Magnetic Module GEN2 on 6 at 80.0 uL/sec
Dispensing 150.0 uL into A7 of YDP-96-2.2-SC 96_wellplate_2200ul on Magnetic Module GEN2 on 6 at 300.0 uL/sec
Aspirating 150.0 uL from A7 of YDP-96-2.2-SC 96_wellplate_2200ul on Magnetic Module GEN2 on 6 at 80.0 uL/sec
Dispensing 150.0 uL into A7 of YDP-96-2.2-SC 96_wellplate_2200ul on Magnetic Module GEN2 on 6 at 300.0 uL/sec
Aspirating 150.0 uL from A7 of YDP-96-2.2-SC 96_wellplate_2200ul on Magnetic Module GEN2 on 6 at 80.0 uL/sec
Dispensing 150.0 uL into A7 of YDP-96-2.2-SC 96_wellplate_2200ul on Magnetic Module GEN2 on 6 at 300.0 uL/sec
Aspirating 150.0 uL from A7 of YDP-96-2.2-SC 96_wellplate_2200ul on Magnetic Module GEN2 on 6 at 80.0 uL/sec
Dispensing 150.0 uL into A7 of YDP-96-2.2-SC 96_wellplate_2200ul on Magnetic Module GEN2 on 6 at 300.0 uL/sec
Aspirating 150.0 uL from A7 of YDP-96-2.2-SC 96_wellplate_2200ul on Magnetic Module GEN2 on 6 at 80.0 uL/sec
Dispensing 150.0 uL into A7 of YDP-96-2.2-SC 96_wellplate_2200ul on Magnetic Module GEN2 on 6 at 300.0 uL/sec
Aspirating 150.0 uL from A7 of YDP-96-2.2-SC 96_wellplate_2200ul on Magnetic Module GEN2 on 6 at 80.0 uL/sec
Dispensing 150.0 uL into A7 of YDP-96-2.2-SC 96_wellplate_2200ul on Magnetic Module GEN2 on 6 at 300.0 uL/sec
Aspirating 150.0 uL from A7 of YDP-96-2.2-SC 96_wellplate_2200ul on Magnetic Module GEN2 on 6 at 80.0 uL/sec
Dispensing 150.0 uL into A7 of YDP-96-2.2-SC 96_wellplate_2200ul on Magnetic Module GEN2 on 6 at 300.0 uL/sec
Aspirating 150.0 uL from A7 of YDP-96-2.2-SC 96_wellplate_2200ul on Magnetic Module GEN2 on 6 at 80.0 uL/sec
Dispensing 150.0 uL into A7 of YDP-96-2.2-SC 96_wellplate_2200ul on Magnetic Module GEN2 on 6 at 300.0 uL/sec
Aspirating 150.0 uL from A7 of YDP-96-2.2-SC 96_wellplate_2200ul on Magnetic Module GEN2 on 6 at 80.0 uL/sec
Dispensing 150.0 uL into A7 of YDP-96-2.2-SC 96_wellplate_2200ul on Magnetic Module GEN2 on 6 at 300.0 uL/sec
Aspirating 150.0 uL from A7 of YDP-96-2.2-SC 96_wellplate_2200ul on Magnetic Module GEN2 on 6 at 80.0 uL/sec
Dispensing 150.0 uL into A7 of YDP-96-2.2-SC 96_wellplate_2200ul on Magnetic Module GEN2 on 6 at 300.0 uL/sec
Aspirating 150.0 uL from A7 of YDP-96-2.2-SC 96_wellplate_2200ul on Magnetic Module GEN2 on 6 at 80.0 uL/sec
Dispensing 150.0 uL into A7 of YDP-96-2.2-SC 96_wellplate_2200ul on Magnetic Module GEN2 on 6 at 300.0 uL/sec
Aspirating 150.0 uL from A7 of YDP-96-2.2-SC 96_wellplate_2200ul on Magnetic Module GEN2 on 6 at 80.0 uL/sec
Dispensing 150.0 uL into A7 of YDP-96-2.2-SC 96_wellplate_2200ul on Magnetic Module GEN2 on 6 at 300.0 uL/sec
Aspirating 150.0 uL from A7 of YDP-96-2.2-SC 96_wellplate_2200ul on Magnetic Module GEN2 on 6 at 80.0 uL/sec
Dispensing 150.0 uL into A7 of YDP-96-2.2-SC 96_wellplate_2200ul on Magnetic Module GEN2 on 6 at 300.0 uL/sec
Aspirating 150.0 uL from A7 of YDP-96-2.2-SC 96_wellplate_2200ul on Magnetic Module GEN2 on 6 at 80.0 uL/sec
Dispensing 150.0 uL into A7 of YDP-96-2.2-SC 96_wellplate_2200ul on Magnetic Module GEN2 on 6 at 300.0 uL/sec
Aspirating 150.0 uL from A7 of YDP-96-2.2-SC 96_wellplate_2200ul on Magnetic Module GEN2 on 6 at 80.0 uL/sec
Dispensing 150.0 uL into A7 of YDP-96-2.2-SC 96_wellplate_2200ul on Magnetic Module GEN2 on 6 at 300.0 uL/sec
Dropping tip into A1 of Opentrons Fixed Trash on 12
Engaging Magnetic Module
Delaying for 1 minutes and 0.0 seconds
Picking up tip from A11 of Tip Box 2 on 2
Moving to A1 of YDP-96-2.2-SC 96_wellplate_2200ul on Magnetic Module GEN2 on 6
Transferring [150.0, 150.0] from A1 of YDP-96-2.2-SC 96_wellplate_2200ul on Magnetic Module GEN2 on 6 to A1 of NEST 1 Well Reservoir 195 mL on 11
	Aspirating 150.0 uL from A1 of YDP-96-2.2-SC 96_wellplate_2200ul on Magnetic Module GEN2 on 6 at 25.0 uL/sec
	Dispensing 150.0 uL into A1 of NEST 1 Well Reservoir 195 mL on 11 at 300.0 uL/sec
	Aspirating 150.0 uL from A1 of YDP-96-2.2-SC 96_wellplate_2200ul on Magnetic Module GEN2 on 6 at 25.0 uL/sec
	Dispensing 150.0 uL into A1 of NEST 1 Well Reservoir 195 mL on 11 at 300.0 uL/sec
Dropping tip into A1 of Opentrons Fixed Trash on 12
Picking up tip from A12 of Tip Box 2 on 2
Moving to A7 of YDP-96-2.2-SC 96_wellplate_2200ul on Magnetic Module GEN2 on 6
Transferring [200.0] from A7 of YDP-96-2.2-SC 96_wellplate_2200ul on Magnetic Module GEN2 on 6 to A1 of NEST 1 Well Reservoir 195 mL on 11
	Aspirating 200.0 uL from A7 of YDP-96-2.2-SC 96_wellplate_2200ul on Magnetic Module GEN2 on 6 at 25.0 uL/sec
	Dispensing 200.0 uL into A1 of NEST 1 Well Reservoir 195 mL on 11 at 94.0 uL/sec
Moving to A7 of YDP-96-2.2-SC 96_wellplate_2200ul on Magnetic Module GEN2 on 6
Transferring [100.0] from A7 of YDP-96-2.2-SC 96_wellplate_2200ul on Magnetic Module GEN2 on 6 to A1 of NEST 1 Well Reservoir 195 mL on 11
	Aspirating 100.0 uL from A7 of YDP-96-2.2-SC 96_wellplate_2200ul on Magnetic Module GEN2 on 6 at 25.0 uL/sec
	Dispensing 100.0 uL into A1 of NEST 1 Well Reservoir 195 mL on 11 at 94.0 uL/sec
Dropping tip into A1 of Opentrons Fixed Trash on 12
Disengaging Magnetic Module
Picking up tip from A1 of Tip Box 3 on 3
Aspirating 150.0 uL from A5 of YDP-96-2.2-SC 96_wellplate_2200ul on Magnetic Module GEN2 on 6 at 50.0 uL/sec
Dispensing 150.0 uL into A5 of YDP-96-2.2-SC 96_wellplate_2200ul on Magnetic Module GEN2 on 6 at 300.0 uL/sec
Aspirating 150.0 uL from A5 of YDP-96-2.2-SC 96_wellplate_2200ul on Magnetic Module GEN2 on 6 at 50.0 uL/sec
Dispensing 150.0 uL into A1 of YDP-96-2.2-SC 96_wellplate_2200ul on Magnetic Module GEN2 on 6 at 300.0 uL/sec
Aspirating 150.0 uL from A5 of YDP-96-2.2-SC 96_wellplate_2200ul on Magnetic Module GEN2 on 6 at 50.0 uL/sec
Dispensing 150.0 uL into A1 of YDP-96-2.2-SC 96_wellplate_2200ul on Magnetic Module GEN2 on 6 at 300.0 uL/sec
Aspirating 150.0 uL from A1 of YDP-96-2.2-SC 96_wellplate_2200ul on Magnetic Module GEN2 on 6 at 80.0 uL/sec
Dispensing 150.0 uL into A1 of YDP-96-2.2-SC 96_wellplate_2200ul on Magnetic Module GEN2 on 6 at 300.0 uL/sec
Aspirating 150.0 uL from A1 of YDP-96-2.2-SC 96_wellplate_2200ul on Magnetic Module GEN2 on 6 at 80.0 uL/sec
Dispensing 150.0 uL into A1 of YDP-96-2.2-SC 96_wellplate_2200ul on Magnetic Module GEN2 on 6 at 300.0 uL/sec
Aspirating 150.0 uL from A1 of YDP-96-2.2-SC 96_wellplate_2200ul on Magnetic Module GEN2 on 6 at 80.0 uL/sec
Dispensing 150.0 uL into A1 of YDP-96-2.2-SC 96_wellplate_2200ul on Magnetic Module GEN2 on 6 at 300.0 uL/sec
Aspirating 150.0 uL from A1 of YDP-96-2.2-SC 96_wellplate_2200ul on Magnetic Module GEN2 on 6 at 80.0 uL/sec
Dispensing 150.0 uL into A1 of YDP-96-2.2-SC 96_wellplate_2200ul on Magnetic Module GEN2 on 6 at 300.0 uL/sec
Aspirating 150.0 uL from A1 of YDP-96-2.2-SC 96_wellplate_2200ul on Magnetic Module GEN2 on 6 at 80.0 uL/sec
Dispensing 150.0 uL into A1 of YDP-96-2.2-SC 96_wellplate_2200ul on Magnetic Module GEN2 on 6 at 300.0 uL/sec
Aspirating 150.0 uL from A1 of YDP-96-2.2-SC 96_wellplate_2200ul on Magnetic Module GEN2 on 6 at 80.0 uL/sec
Dispensing 150.0 uL into A1 of YDP-96-2.2-SC 96_wellplate_2200ul on Magnetic Module GEN2 on 6 at 300.0 uL/sec
Aspirating 150.0 uL from A1 of YDP-96-2.2-SC 96_wellplate_2200ul on Magnetic Module GEN2 on 6 at 80.0 uL/sec
Dispensing 150.0 uL into A1 of YDP-96-2.2-SC 96_wellplate_2200ul on Magnetic Module GEN2 on 6 at 300.0 uL/sec
Aspirating 150.0 uL from A1 of YDP-96-2.2-SC 96_wellplate_2200ul on Magnetic Module GEN2 on 6 at 80.0 uL/sec
Dispensing 150.0 uL into A1 of YDP-96-2.2-SC 96_wellplate_2200ul on Magnetic Module GEN2 on 6 at 300.0 uL/sec
Aspirating 150.0 uL from A1 of YDP-96-2.2-SC 96_wellplate_2200ul on Magnetic Module GEN2 on 6 at 80.0 uL/sec
Dispensing 150.0 uL into A1 of YDP-96-2.2-SC 96_wellplate_2200ul on Magnetic Module GEN2 on 6 at 300.0 uL/sec
Aspirating 150.0 uL from A1 of YDP-96-2.2-SC 96_wellplate_2200ul on Magnetic Module GEN2 on 6 at 80.0 uL/sec
Dispensing 150.0 uL into A1 of YDP-96-2.2-SC 96_wellplate_2200ul on Magnetic Module GEN2 on 6 at 300.0 uL/sec
Aspirating 150.0 uL from A1 of YDP-96-2.2-SC 96_wellplate_2200ul on Magnetic Module GEN2 on 6 at 80.0 uL/sec
Dispensing 150.0 uL into A1 of YDP-96-2.2-SC 96_wellplate_2200ul on Magnetic Module GEN2 on 6 at 300.0 uL/sec
Aspirating 150.0 uL from A1 of YDP-96-2.2-SC 96_wellplate_2200ul on Magnetic Module GEN2 on 6 at 80.0 uL/sec
Dispensing 150.0 uL into A1 of YDP-96-2.2-SC 96_wellplate_2200ul on Magnetic Module GEN2 on 6 at 300.0 uL/sec
Aspirating 150.0 uL from A1 of YDP-96-2.2-SC 96_wellplate_2200ul on Magnetic Module GEN2 on 6 at 80.0 uL/sec
Dispensing 150.0 uL into A1 of YDP-96-2.2-SC 96_wellplate_2200ul on Magnetic Module GEN2 on 6 at 300.0 uL/sec
Aspirating 150.0 uL from A1 of YDP-96-2.2-SC 96_wellplate_2200ul on Magnetic Module GEN2 on 6 at 80.0 uL/sec
Dispensing 150.0 uL into A1 of YDP-96-2.2-SC 96_wellplate_2200ul on Magnetic Module GEN2 on 6 at 300.0 uL/sec
Aspirating 150.0 uL from A1 of YDP-96-2.2-SC 96_wellplate_2200ul on Magnetic Module GEN2 on 6 at 80.0 uL/sec
Dispensing 150.0 uL into A1 of YDP-96-2.2-SC 96_wellplate_2200ul on Magnetic Module GEN2 on 6 at 300.0 uL/sec
Aspirating 150.0 uL from A1 of YDP-96-2.2-SC 96_wellplate_2200ul on Magnetic Module GEN2 on 6 at 80.0 uL/sec
Dispensing 150.0 uL into A1 of YDP-96-2.2-SC 96_wellplate_2200ul on Magnetic Module GEN2 on 6 at 300.0 uL/sec
Aspirating 150.0 uL from A1 of YDP-96-2.2-SC 96_wellplate_2200ul on Magnetic Module GEN2 on 6 at 80.0 uL/sec
Dispensing 150.0 uL into A1 of YDP-96-2.2-SC 96_wellplate_2200ul on Magnetic Module GEN2 on 6 at 300.0 uL/sec
Aspirating 150.0 uL from A1 of YDP-96-2.2-SC 96_wellplate_2200ul on Magnetic Module GEN2 on 6 at 80.0 uL/sec
Dispensing 150.0 uL into A1 of YDP-96-2.2-SC 96_wellplate_2200ul on Magnetic Module GEN2 on 6 at 300.0 uL/sec
Aspirating 150.0 uL from A1 of YDP-96-2.2-SC 96_wellplate_2200ul on Magnetic Module GEN2 on 6 at 80.0 uL/sec
Dispensing 150.0 uL into A1 of YDP-96-2.2-SC 96_wellplate_2200ul on Magnetic Module GEN2 on 6 at 300.0 uL/sec
Aspirating 150.0 uL from A1 of YDP-96-2.2-SC 96_wellplate_2200ul on Magnetic Module GEN2 on 6 at 80.0 uL/sec
Dispensing 150.0 uL into A1 of YDP-96-2.2-SC 96_wellplate_2200ul on Magnetic Module GEN2 on 6 at 300.0 uL/sec
Dropping tip into A1 of Opentrons Fixed Trash on 12
Engaging Magnetic Module
Delaying for 1 minutes and 30.0 seconds
Picking up tip from A2 of Tip Box 3 on 3
Moving to A1 of YDP-96-2.2-SC 96_wellplate_2200ul on Magnetic Module GEN2 on 6
Transferring [200.0, 100.0, 30.0] from A1 of YDP-96-2.2-SC 96_wellplate_2200ul on Magnetic Module GEN2 on 6 to A1 of NEST 1 Well Reservoir 195 mL on 11
	Aspirating 200.0 uL from A1 of YDP-96-2.2-SC 96_wellplate_2200ul on Magnetic Module GEN2 on 6 at 25.0 uL/sec
	Dispensing 200.0 uL into A1 of NEST 1 Well Reservoir 195 mL on 11 at 94.0 uL/sec
	Aspirating 100.0 uL from A1 of YDP-96-2.2-SC 96_wellplate_2200ul on Magnetic Module GEN2 on 6 at 25.0 uL/sec
	Dispensing 100.0 uL into A1 of NEST 1 Well Reservoir 195 mL on 11 at 94.0 uL/sec
	Aspirating 30.0 uL from A1 of YDP-96-2.2-SC 96_wellplate_2200ul on Magnetic Module GEN2 on 6 at 25.0 uL/sec
	Dispensing 30.0 uL into A1 of NEST 1 Well Reservoir 195 mL on 11 at 94.0 uL/sec
Dropping tip into A1 of Opentrons Fixed Trash on 12
Disengaging Magnetic Module
Picking up tip from A3 of Tip Box 3 on 3
Aspirating 150.0 uL from A11 of YDP-96-2.2-SC 96_wellplate_2200ul on Magnetic Module GEN2 on 6 at 50.0 uL/sec
Dispensing 150.0 uL into A11 of YDP-96-2.2-SC 96_wellplate_2200ul on Magnetic Module GEN2 on 6 at 300.0 uL/sec
Aspirating 150.0 uL from A11 of YDP-96-2.2-SC 96_wellplate_2200ul on Magnetic Module GEN2 on 6 at 50.0 uL/sec
Dispensing 150.0 uL into A7 of YDP-96-2.2-SC 96_wellplate_2200ul on Magnetic Module GEN2 on 6 at 300.0 uL/sec
Aspirating 150.0 uL from A11 of YDP-96-2.2-SC 96_wellplate_2200ul on Magnetic Module GEN2 on 6 at 50.0 uL/sec
Dispensing 150.0 uL into A7 of YDP-96-2.2-SC 96_wellplate_2200ul on Magnetic Module GEN2 on 6 at 300.0 uL/sec
Aspirating 150.0 uL from A7 of YDP-96-2.2-SC 96_wellplate_2200ul on Magnetic Module GEN2 on 6 at 80.0 uL/sec
Dispensing 150.0 uL into A7 of YDP-96-2.2-SC 96_wellplate_2200ul on Magnetic Module GEN2 on 6 at 300.0 uL/sec
Aspirating 150.0 uL from A7 of YDP-96-2.2-SC 96_wellplate_2200ul on Magnetic Module GEN2 on 6 at 80.0 uL/sec
Dispensing 150.0 uL into A7 of YDP-96-2.2-SC 96_wellplate_2200ul on Magnetic Module GEN2 on 6 at 300.0 uL/sec
Aspirating 150.0 uL from A7 of YDP-96-2.2-SC 96_wellplate_2200ul on Magnetic Module GEN2 on 6 at 80.0 uL/sec
Dispensing 150.0 uL into A7 of YDP-96-2.2-SC 96_wellplate_2200ul on Magnetic Module GEN2 on 6 at 300.0 uL/sec
Aspirating 150.0 uL from A7 of YDP-96-2.2-SC 96_wellplate_2200ul on Magnetic Module GEN2 on 6 at 80.0 uL/sec
Dispensing 150.0 uL into A7 of YDP-96-2.2-SC 96_wellplate_2200ul on Magnetic Module GEN2 on 6 at 300.0 uL/sec
Aspirating 150.0 uL from A7 of YDP-96-2.2-SC 96_wellplate_2200ul on Magnetic Module GEN2 on 6 at 80.0 uL/sec
Dispensing 150.0 uL into A7 of YDP-96-2.2-SC 96_wellplate_2200ul on Magnetic Module GEN2 on 6 at 300.0 uL/sec
Aspirating 150.0 uL from A7 of YDP-96-2.2-SC 96_wellplate_2200ul on Magnetic Module GEN2 on 6 at 80.0 uL/sec
Dispensing 150.0 uL into A7 of YDP-96-2.2-SC 96_wellplate_2200ul on Magnetic Module GEN2 on 6 at 300.0 uL/sec
Aspirating 150.0 uL from A7 of YDP-96-2.2-SC 96_wellplate_2200ul on Magnetic Module GEN2 on 6 at 80.0 uL/sec
Dispensing 150.0 uL into A7 of YDP-96-2.2-SC 96_wellplate_2200ul on Magnetic Module GEN2 on 6 at 300.0 uL/sec
Aspirating 150.0 uL from A7 of YDP-96-2.2-SC 96_wellplate_2200ul on Magnetic Module GEN2 on 6 at 80.0 uL/sec
Dispensing 150.0 uL into A7 of YDP-96-2.2-SC 96_wellplate_2200ul on Magnetic Module GEN2 on 6 at 300.0 uL/sec
Aspirating 150.0 uL from A7 of YDP-96-2.2-SC 96_wellplate_2200ul on Magnetic Module GEN2 on 6 at 80.0 uL/sec
Dispensing 150.0 uL into A7 of YDP-96-2.2-SC 96_wellplate_2200ul on Magnetic Module GEN2 on 6 at 300.0 uL/sec
Aspirating 150.0 uL from A7 of YDP-96-2.2-SC 96_wellplate_2200ul on Magnetic Module GEN2 on 6 at 80.0 uL/sec
Dispensing 150.0 uL into A7 of YDP-96-2.2-SC 96_wellplate_2200ul on Magnetic Module GEN2 on 6 at 300.0 uL/sec
Aspirating 150.0 uL from A7 of YDP-96-2.2-SC 96_wellplate_2200ul on Magnetic Module GEN2 on 6 at 80.0 uL/sec
Dispensing 150.0 uL into A7 of YDP-96-2.2-SC 96_wellplate_2200ul on Magnetic Module GEN2 on 6 at 300.0 uL/sec
Aspirating 150.0 uL from A7 of YDP-96-2.2-SC 96_wellplate_2200ul on Magnetic Module GEN2 on 6 at 80.0 uL/sec
Dispensing 150.0 uL into A7 of YDP-96-2.2-SC 96_wellplate_2200ul on Magnetic Module GEN2 on 6 at 300.0 uL/sec
Aspirating 150.0 uL from A7 of YDP-96-2.2-SC 96_wellplate_2200ul on Magnetic Module GEN2 on 6 at 80.0 uL/sec
Dispensing 150.0 uL into A7 of YDP-96-2.2-SC 96_wellplate_2200ul on Magnetic Module GEN2 on 6 at 300.0 uL/sec
Aspirating 150.0 uL from A7 of YDP-96-2.2-SC 96_wellplate_2200ul on Magnetic Module GEN2 on 6 at 80.0 uL/sec
Dispensing 150.0 uL into A7 of YDP-96-2.2-SC 96_wellplate_2200ul on Magnetic Module GEN2 on 6 at 300.0 uL/sec
Aspirating 150.0 uL from A7 of YDP-96-2.2-SC 96_wellplate_2200ul on Magnetic Module GEN2 on 6 at 80.0 uL/sec
Dispensing 150.0 uL into A7 of YDP-96-2.2-SC 96_wellplate_2200ul on Magnetic Module GEN2 on 6 at 300.0 uL/sec
Aspirating 150.0 uL from A7 of YDP-96-2.2-SC 96_wellplate_2200ul on Magnetic Module GEN2 on 6 at 80.0 uL/sec
Dispensing 150.0 uL into A7 of YDP-96-2.2-SC 96_wellplate_2200ul on Magnetic Module GEN2 on 6 at 300.0 uL/sec
Aspirating 150.0 uL from A7 of YDP-96-2.2-SC 96_wellplate_2200ul on Magnetic Module GEN2 on 6 at 80.0 uL/sec
Dispensing 150.0 uL into A7 of YDP-96-2.2-SC 96_wellplate_2200ul on Magnetic Module GEN2 on 6 at 300.0 uL/sec
Aspirating 150.0 uL from A7 of YDP-96-2.2-SC 96_wellplate_2200ul on Magnetic Module GEN2 on 6 at 80.0 uL/sec
Dispensing 150.0 uL into A7 of YDP-96-2.2-SC 96_wellplate_2200ul on Magnetic Module GEN2 on 6 at 300.0 uL/sec
Aspirating 150.0 uL from A7 of YDP-96-2.2-SC 96_wellplate_2200ul on Magnetic Module GEN2 on 6 at 80.0 uL/sec
Dispensing 150.0 uL into A7 of YDP-96-2.2-SC 96_wellplate_2200ul on Magnetic Module GEN2 on 6 at 300.0 uL/sec
Aspirating 150.0 uL from A7 of YDP-96-2.2-SC 96_wellplate_2200ul on Magnetic Module GEN2 on 6 at 80.0 uL/sec
Dispensing 150.0 uL into A7 of YDP-96-2.2-SC 96_wellplate_2200ul on Magnetic Module GEN2 on 6 at 300.0 uL/sec
Dropping tip into A1 of Opentrons Fixed Trash on 12
Engaging Magnetic Module
Delaying for 1 minutes and 30.0 seconds
Picking up tip from A4 of Tip Box 3 on 3
Moving to A7 of YDP-96-2.2-SC 96_wellplate_2200ul on Magnetic Module GEN2 on 6
Transferring [200.0] from A7 of YDP-96-2.2-SC 96_wellplate_2200ul on Magnetic Module GEN2 on 6 to A1 of NEST 1 Well Reservoir 195 mL on 11
	Aspirating 200.0 uL from A7 of YDP-96-2.2-SC 96_wellplate_2200ul on Magnetic Module GEN2 on 6 at 25.0 uL/sec
	Dispensing 200.0 uL into A1 of NEST 1 Well Reservoir 195 mL on 11 at 300.0 uL/sec
Moving to A7 of YDP-96-2.2-SC 96_wellplate_2200ul on Magnetic Module GEN2 on 6
Transferring [100.0] from A7 of YDP-96-2.2-SC 96_wellplate_2200ul on Magnetic Module GEN2 on 6 to A1 of NEST 1 Well Reservoir 195 mL on 11
	Aspirating 100.0 uL from A7 of YDP-96-2.2-SC 96_wellplate_2200ul on Magnetic Module GEN2 on 6 at 25.0 uL/sec
	Dispensing 100.0 uL into A1 of NEST 1 Well Reservoir 195 mL on 11 at 300.0 uL/sec
Moving to A7 of YDP-96-2.2-SC 96_wellplate_2200ul on Magnetic Module GEN2 on 6
Transferring [30.0] from A7 of YDP-96-2.2-SC 96_wellplate_2200ul on Magnetic Module GEN2 on 6 to A1 of NEST 1 Well Reservoir 195 mL on 11
	Aspirating 30.0 uL from A7 of YDP-96-2.2-SC 96_wellplate_2200ul on Magnetic Module GEN2 on 6 at 25.0 uL/sec
	Dispensing 30.0 uL into A1 of NEST 1 Well Reservoir 195 mL on 11 at 300.0 uL/sec
Dropping tip into A1 of Opentrons Fixed Trash on 12
Disengaging Magnetic Module
Delaying for 15 minutes and 0.0 seconds
Engaging Magnetic Module
Picking up tip from A5 of Tip Box 3 on 3
Moving to A1 of YDP-96-2.2-SC 96_wellplate_2200ul on Magnetic Module GEN2 on 6
Transferring [20.0] from A1 of YDP-96-2.2-SC 96_wellplate_2200ul on Magnetic Module GEN2 on 6 to A1 of NEST 1 Well Reservoir 195 mL on 11
	Aspirating 20.0 uL from A1 of YDP-96-2.2-SC 96_wellplate_2200ul on Magnetic Module GEN2 on 6 at 25.0 uL/sec
	Dispensing 20.0 uL into A1 of NEST 1 Well Reservoir 195 mL on 11 at 94.0 uL/sec
Dropping tip into A1 of Opentrons Fixed Trash on 12
Picking up tip from A6 of Tip Box 3 on 3
Moving to A7 of YDP-96-2.2-SC 96_wellplate_2200ul on Magnetic Module GEN2 on 6
Transferring [20.0] from A7 of YDP-96-2.2-SC 96_wellplate_2200ul on Magnetic Module GEN2 on 6 to A1 of NEST 1 Well Reservoir 195 mL on 11
	Aspirating 20.0 uL from A7 of YDP-96-2.2-SC 96_wellplate_2200ul on Magnetic Module GEN2 on 6 at 25.0 uL/sec
	Dispensing 20.0 uL into A1 of NEST 1 Well Reservoir 195 mL on 11 at 300.0 uL/sec
Dropping tip into A1 of Opentrons Fixed Trash on 12
Disengaging Magnetic Module
Picking up tip from A7 of Tip Box 3 on 3
Aspirating 50.0 uL from A6 of YDP-96-2.2-SC 96_wellplate_2200ul on Magnetic Module GEN2 on 6 at 24.0 uL/sec
Dispensing 50.0 uL into A6 of YDP-96-2.2-SC 96_wellplate_2200ul on Magnetic Module GEN2 on 6 at 100.0 uL/sec
Aspirating 50.0 uL from A6 of YDP-96-2.2-SC 96_wellplate_2200ul on Magnetic Module GEN2 on 6 at 24.0 uL/sec
Dispensing 50.0 uL into A1 of YDP-96-2.2-SC 96_wellplate_2200ul on Magnetic Module GEN2 on 6 at 100.0 uL/sec
Aspirating 50.0 uL from A1 of YDP-96-2.2-SC 96_wellplate_2200ul on Magnetic Module GEN2 on 6 at 50.0 uL/sec
Dispensing 50.0 uL into A1 of YDP-96-2.2-SC 96_wellplate_2200ul on Magnetic Module GEN2 on 6 at 100.0 uL/sec
Aspirating 25.0 uL from A1 of YDP-96-2.2-SC 96_wellplate_2200ul on Magnetic Module GEN2 on 6 at 50.0 uL/sec
Dispensing 25.0 uL into A1 of YDP-96-2.2-SC 96_wellplate_2200ul on Magnetic Module GEN2 on 6 at 100.0 uL/sec
Aspirating 25.0 uL from A1 of YDP-96-2.2-SC 96_wellplate_2200ul on Magnetic Module GEN2 on 6 at 50.0 uL/sec
Dispensing 25.0 uL into A1 of YDP-96-2.2-SC 96_wellplate_2200ul on Magnetic Module GEN2 on 6 at 100.0 uL/sec
Aspirating 25.0 uL from A1 of YDP-96-2.2-SC 96_wellplate_2200ul on Magnetic Module GEN2 on 6 at 50.0 uL/sec
Dispensing 25.0 uL into A1 of YDP-96-2.2-SC 96_wellplate_2200ul on Magnetic Module GEN2 on 6 at 100.0 uL/sec
Aspirating 25.0 uL from A1 of YDP-96-2.2-SC 96_wellplate_2200ul on Magnetic Module GEN2 on 6 at 50.0 uL/sec
Dispensing 25.0 uL into A1 of YDP-96-2.2-SC 96_wellplate_2200ul on Magnetic Module GEN2 on 6 at 100.0 uL/sec
Aspirating 25.0 uL from A1 of YDP-96-2.2-SC 96_wellplate_2200ul on Magnetic Module GEN2 on 6 at 50.0 uL/sec
Dispensing 25.0 uL into A1 of YDP-96-2.2-SC 96_wellplate_2200ul on Magnetic Module GEN2 on 6 at 100.0 uL/sec
Aspirating 25.0 uL from A1 of YDP-96-2.2-SC 96_wellplate_2200ul on Magnetic Module GEN2 on 6 at 50.0 uL/sec
Dispensing 25.0 uL into A1 of YDP-96-2.2-SC 96_wellplate_2200ul on Magnetic Module GEN2 on 6 at 100.0 uL/sec
Aspirating 25.0 uL from A1 of YDP-96-2.2-SC 96_wellplate_2200ul on Magnetic Module GEN2 on 6 at 50.0 uL/sec
Dispensing 25.0 uL into A1 of YDP-96-2.2-SC 96_wellplate_2200ul on Magnetic Module GEN2 on 6 at 100.0 uL/sec
Aspirating 25.0 uL from A1 of YDP-96-2.2-SC 96_wellplate_2200ul on Magnetic Module GEN2 on 6 at 50.0 uL/sec
Dispensing 25.0 uL into A1 of YDP-96-2.2-SC 96_wellplate_2200ul on Magnetic Module GEN2 on 6 at 100.0 uL/sec
Aspirating 25.0 uL from A1 of YDP-96-2.2-SC 96_wellplate_2200ul on Magnetic Module GEN2 on 6 at 50.0 uL/sec
Dispensing 25.0 uL into A1 of YDP-96-2.2-SC 96_wellplate_2200ul on Magnetic Module GEN2 on 6 at 100.0 uL/sec
Aspirating 25.0 uL from A1 of YDP-96-2.2-SC 96_wellplate_2200ul on Magnetic Module GEN2 on 6 at 50.0 uL/sec
Dispensing 25.0 uL into A1 of YDP-96-2.2-SC 96_wellplate_2200ul on Magnetic Module GEN2 on 6 at 100.0 uL/sec
Aspirating 25.0 uL from A1 of YDP-96-2.2-SC 96_wellplate_2200ul on Magnetic Module GEN2 on 6 at 50.0 uL/sec
Dispensing 25.0 uL into A1 of YDP-96-2.2-SC 96_wellplate_2200ul on Magnetic Module GEN2 on 6 at 100.0 uL/sec
Aspirating 25.0 uL from A1 of YDP-96-2.2-SC 96_wellplate_2200ul on Magnetic Module GEN2 on 6 at 50.0 uL/sec
Dispensing 25.0 uL into A1 of YDP-96-2.2-SC 96_wellplate_2200ul on Magnetic Module GEN2 on 6 at 100.0 uL/sec
Aspirating 25.0 uL from A1 of YDP-96-2.2-SC 96_wellplate_2200ul on Magnetic Module GEN2 on 6 at 50.0 uL/sec
Dispensing 25.0 uL into A1 of YDP-96-2.2-SC 96_wellplate_2200ul on Magnetic Module GEN2 on 6 at 100.0 uL/sec
Aspirating 25.0 uL from A1 of YDP-96-2.2-SC 96_wellplate_2200ul on Magnetic Module GEN2 on 6 at 50.0 uL/sec
Dispensing 25.0 uL into A1 of YDP-96-2.2-SC 96_wellplate_2200ul on Magnetic Module GEN2 on 6 at 100.0 uL/sec
Aspirating 25.0 uL from A1 of YDP-96-2.2-SC 96_wellplate_2200ul on Magnetic Module GEN2 on 6 at 50.0 uL/sec
Dispensing 25.0 uL into A1 of YDP-96-2.2-SC 96_wellplate_2200ul on Magnetic Module GEN2 on 6 at 100.0 uL/sec
Dropping tip into A1 of Opentrons Fixed Trash on 12
Picking up tip from A8 of Tip Box 3 on 3
Aspirating 50.0 uL from A12 of YDP-96-2.2-SC 96_wellplate_2200ul on Magnetic Module GEN2 on 6 at 24.0 uL/sec
Dispensing 50.0 uL into A12 of YDP-96-2.2-SC 96_wellplate_2200ul on Magnetic Module GEN2 on 6 at 100.0 uL/sec
Aspirating 50.0 uL from A12 of YDP-96-2.2-SC 96_wellplate_2200ul on Magnetic Module GEN2 on 6 at 24.0 uL/sec
Dispensing 50.0 uL into A7 of YDP-96-2.2-SC 96_wellplate_2200ul on Magnetic Module GEN2 on 6 at 100.0 uL/sec
Aspirating 50.0 uL from A7 of YDP-96-2.2-SC 96_wellplate_2200ul on Magnetic Module GEN2 on 6 at 50.0 uL/sec
Dispensing 50.0 uL into A7 of YDP-96-2.2-SC 96_wellplate_2200ul on Magnetic Module GEN2 on 6 at 100.0 uL/sec
Aspirating 25.0 uL from A7 of YDP-96-2.2-SC 96_wellplate_2200ul on Magnetic Module GEN2 on 6 at 50.0 uL/sec
Dispensing 25.0 uL into A7 of YDP-96-2.2-SC 96_wellplate_2200ul on Magnetic Module GEN2 on 6 at 100.0 uL/sec
Aspirating 25.0 uL from A7 of YDP-96-2.2-SC 96_wellplate_2200ul on Magnetic Module GEN2 on 6 at 50.0 uL/sec
Dispensing 25.0 uL into A7 of YDP-96-2.2-SC 96_wellplate_2200ul on Magnetic Module GEN2 on 6 at 100.0 uL/sec
Aspirating 25.0 uL from A7 of YDP-96-2.2-SC 96_wellplate_2200ul on Magnetic Module GEN2 on 6 at 50.0 uL/sec
Dispensing 25.0 uL into A7 of YDP-96-2.2-SC 96_wellplate_2200ul on Magnetic Module GEN2 on 6 at 100.0 uL/sec
Aspirating 25.0 uL from A7 of YDP-96-2.2-SC 96_wellplate_2200ul on Magnetic Module GEN2 on 6 at 50.0 uL/sec
Dispensing 25.0 uL into A7 of YDP-96-2.2-SC 96_wellplate_2200ul on Magnetic Module GEN2 on 6 at 100.0 uL/sec
Aspirating 25.0 uL from A7 of YDP-96-2.2-SC 96_wellplate_2200ul on Magnetic Module GEN2 on 6 at 50.0 uL/sec
Dispensing 25.0 uL into A7 of YDP-96-2.2-SC 96_wellplate_2200ul on Magnetic Module GEN2 on 6 at 100.0 uL/sec
Aspirating 25.0 uL from A7 of YDP-96-2.2-SC 96_wellplate_2200ul on Magnetic Module GEN2 on 6 at 50.0 uL/sec
Dispensing 25.0 uL into A7 of YDP-96-2.2-SC 96_wellplate_2200ul on Magnetic Module GEN2 on 6 at 100.0 uL/sec
Aspirating 25.0 uL from A7 of YDP-96-2.2-SC 96_wellplate_2200ul on Magnetic Module GEN2 on 6 at 50.0 uL/sec
Dispensing 25.0 uL into A7 of YDP-96-2.2-SC 96_wellplate_2200ul on Magnetic Module GEN2 on 6 at 100.0 uL/sec
Aspirating 25.0 uL from A7 of YDP-96-2.2-SC 96_wellplate_2200ul on Magnetic Module GEN2 on 6 at 50.0 uL/sec
Dispensing 25.0 uL into A7 of YDP-96-2.2-SC 96_wellplate_2200ul on Magnetic Module GEN2 on 6 at 100.0 uL/sec
Aspirating 25.0 uL from A7 of YDP-96-2.2-SC 96_wellplate_2200ul on Magnetic Module GEN2 on 6 at 50.0 uL/sec
Dispensing 25.0 uL into A7 of YDP-96-2.2-SC 96_wellplate_2200ul on Magnetic Module GEN2 on 6 at 100.0 uL/sec
Aspirating 25.0 uL from A7 of YDP-96-2.2-SC 96_wellplate_2200ul on Magnetic Module GEN2 on 6 at 50.0 uL/sec
Dispensing 25.0 uL into A7 of YDP-96-2.2-SC 96_wellplate_2200ul on Magnetic Module GEN2 on 6 at 100.0 uL/sec
Aspirating 25.0 uL from A7 of YDP-96-2.2-SC 96_wellplate_2200ul on Magnetic Module GEN2 on 6 at 50.0 uL/sec
Dispensing 25.0 uL into A7 of YDP-96-2.2-SC 96_wellplate_2200ul on Magnetic Module GEN2 on 6 at 100.0 uL/sec
Aspirating 25.0 uL from A7 of YDP-96-2.2-SC 96_wellplate_2200ul on Magnetic Module GEN2 on 6 at 50.0 uL/sec
Dispensing 25.0 uL into A7 of YDP-96-2.2-SC 96_wellplate_2200ul on Magnetic Module GEN2 on 6 at 100.0 uL/sec
Aspirating 25.0 uL from A7 of YDP-96-2.2-SC 96_wellplate_2200ul on Magnetic Module GEN2 on 6 at 50.0 uL/sec
Dispensing 25.0 uL into A7 of YDP-96-2.2-SC 96_wellplate_2200ul on Magnetic Module GEN2 on 6 at 100.0 uL/sec
Aspirating 25.0 uL from A7 of YDP-96-2.2-SC 96_wellplate_2200ul on Magnetic Module GEN2 on 6 at 50.0 uL/sec
Dispensing 25.0 uL into A7 of YDP-96-2.2-SC 96_wellplate_2200ul on Magnetic Module GEN2 on 6 at 100.0 uL/sec
Aspirating 25.0 uL from A7 of YDP-96-2.2-SC 96_wellplate_2200ul on Magnetic Module GEN2 on 6 at 50.0 uL/sec
Dispensing 25.0 uL into A7 of YDP-96-2.2-SC 96_wellplate_2200ul on Magnetic Module GEN2 on 6 at 100.0 uL/sec
Dropping tip into A1 of Opentrons Fixed Trash on 12
Engaging Magnetic Module
Delaying for 2 minutes and 0.0 seconds
Picking up tip from A9 of Tip Box 3 on 3
Aspirating 40.0 uL from A1 of YDP-96-2.2-SC 96_wellplate_2200ul on Magnetic Module GEN2 on 6 at 25.0 uL/sec
Dispensing 40.0 uL into A1 of Opentrons 96 Well Aluminum Block with Generic PCR Strip 200 L on 1 at 94.0 uL/sec
Dropping tip into A1 of Opentrons Fixed Trash on 12
Picking up tip from A10 of Tip Box 3 on 3
Aspirating 40.0 uL from A7 of YDP-96-2.2-SC 96_wellplate_2200ul on Magnetic Module GEN2 on 6 at 25.0 uL/sec
Dispensing 40.0 uL into A7 of Opentrons 96 Well Aluminum Block with Generic PCR Strip 200 L on 1 at 94.0 uL/sec
Dropping tip into A1 of Opentrons Fixed Trash on 12
Caught exception: {'message': 'Task was destroyed but it is pending!', 'task': <Task pending name='Task-4' coro=<Poller._poll_forever() running at /Users/dp/Desktop/project/github/opentrons/venv/lib/python3.10/site-packages/opentrons/hardware_control/poller.py:80> wait_for=<Future pending cb=[Task.task_wakeup()]>>}
Caught exception: {'message': 'Task was destroyed but it is pending!', 'task': <Task pending name='Task-2' coro=<Poller._poll_forever() running at /Users/dp/Desktop/project/github/opentrons/venv/lib/python3.10/site-packages/opentrons/hardware_control/poller.py:80> wait_for=<Future pending cb=[Task.task_wakeup()]>>}
Caught exception: {'message': 'Task was destroyed but it is pending!', 'task': <Task pending name='Task-3' coro=<Poller._poll_forever() running at /Users/dp/Desktop/project/github/opentrons/venv/lib/python3.10/site-packages/opentrons/hardware_control/poller.py:80> wait_for=<Future pending cb=[Task.task_wakeup()]>>}
