/Users/dp/Desktop/project/github/opentrons/venv/lib/python3.10/site-packages/opentrons/hardware_control/simulator_setup.py:205: UserWarning: Simulator configuration does not name a machine, defaulting to OT-2 Standard
  warn(
/Users/dp/.opentrons/robot_settings.json not found. Loading defaults
Deck calibration not found.
/Users/dp/.opentrons/deck_calibration.json not found. Loading defaults


Adding Saliva to Buffer


Picking up tip from A1 of Opentrons OT-2 96 Filter Tip Rack 200 µL on 6
Aspirating 80.0 uL from A1 of Opentrons 15 Tube Rack with Falcon 15 mL Conical on 1 at 92.86 uL/sec
Delaying for 0 minutes and 5.0 seconds
Air gap
	Aspirating 10.0 uL from A1 of Opentrons 15 Tube Rack with Falcon 15 mL Conical on 1 at 92.86 uL/sec
Touching tip
Dispensing 90.0 uL into A1 of Nunc 96 Well Plate 450 µL on 2 at 92.86 uL/sec
Mixing 6 times with a volume of 150.0 ul
	Aspirating 150.0 uL from A1 of Nunc 96 Well Plate 450 µL on 2 at 92.86 uL/sec
	Dispensing 150.0 uL into A1 of Nunc 96 Well Plate 450 µL on 2 at 92.86 uL/sec
	Aspirating 150.0 uL from A1 of Nunc 96 Well Plate 450 µL on 2 at 92.86 uL/sec
	Dispensing 150.0 uL into A1 of Nunc 96 Well Plate 450 µL on 2 at 92.86 uL/sec
	Aspirating 150.0 uL from A1 of Nunc 96 Well Plate 450 µL on 2 at 92.86 uL/sec
	Dispensing 150.0 uL into A1 of Nunc 96 Well Plate 450 µL on 2 at 92.86 uL/sec
	Aspirating 150.0 uL from A1 of Nunc 96 Well Plate 450 µL on 2 at 92.86 uL/sec
	Dispensing 150.0 uL into A1 of Nunc 96 Well Plate 450 µL on 2 at 92.86 uL/sec
	Aspirating 150.0 uL from A1 of Nunc 96 Well Plate 450 µL on 2 at 92.86 uL/sec
	Dispensing 150.0 uL into A1 of Nunc 96 Well Plate 450 µL on 2 at 92.86 uL/sec
	Aspirating 150.0 uL from A1 of Nunc 96 Well Plate 450 µL on 2 at 92.86 uL/sec
	Dispensing 150.0 uL into A1 of Nunc 96 Well Plate 450 µL on 2 at 92.86 uL/sec
Blowing out at A1 of Nunc 96 Well Plate 450 µL on 2
Dropping tip into A1 of Opentrons Fixed Trash on 12


Picking up tip from B1 of Opentrons OT-2 96 Filter Tip Rack 200 µL on 6
Aspirating 80.0 uL from B1 of Opentrons 15 Tube Rack with Falcon 15 mL Conical on 1 at 92.86 uL/sec
Delaying for 0 minutes and 5.0 seconds
Air gap
	Aspirating 10.0 uL from B1 of Opentrons 15 Tube Rack with Falcon 15 mL Conical on 1 at 92.86 uL/sec
Touching tip
Dispensing 90.0 uL into B1 of Nunc 96 Well Plate 450 µL on 2 at 92.86 uL/sec
Mixing 6 times with a volume of 150.0 ul
	Aspirating 150.0 uL from B1 of Nunc 96 Well Plate 450 µL on 2 at 92.86 uL/sec
	Dispensing 150.0 uL into B1 of Nunc 96 Well Plate 450 µL on 2 at 92.86 uL/sec
	Aspirating 150.0 uL from B1 of Nunc 96 Well Plate 450 µL on 2 at 92.86 uL/sec
	Dispensing 150.0 uL into B1 of Nunc 96 Well Plate 450 µL on 2 at 92.86 uL/sec
	Aspirating 150.0 uL from B1 of Nunc 96 Well Plate 450 µL on 2 at 92.86 uL/sec
	Dispensing 150.0 uL into B1 of Nunc 96 Well Plate 450 µL on 2 at 92.86 uL/sec
	Aspirating 150.0 uL from B1 of Nunc 96 Well Plate 450 µL on 2 at 92.86 uL/sec
	Dispensing 150.0 uL into B1 of Nunc 96 Well Plate 450 µL on 2 at 92.86 uL/sec
	Aspirating 150.0 uL from B1 of Nunc 96 Well Plate 450 µL on 2 at 92.86 uL/sec
	Dispensing 150.0 uL into B1 of Nunc 96 Well Plate 450 µL on 2 at 92.86 uL/sec
	Aspirating 150.0 uL from B1 of Nunc 96 Well Plate 450 µL on 2 at 92.86 uL/sec
	Dispensing 150.0 uL into B1 of Nunc 96 Well Plate 450 µL on 2 at 92.86 uL/sec
Blowing out at B1 of Nunc 96 Well Plate 450 µL on 2
Dropping tip into A1 of Opentrons Fixed Trash on 12


Picking up tip from C1 of Opentrons OT-2 96 Filter Tip Rack 200 µL on 6
Aspirating 80.0 uL from C1 of Opentrons 15 Tube Rack with Falcon 15 mL Conical on 1 at 92.86 uL/sec
Delaying for 0 minutes and 5.0 seconds
Air gap
	Aspirating 10.0 uL from C1 of Opentrons 15 Tube Rack with Falcon 15 mL Conical on 1 at 92.86 uL/sec
Touching tip
Dispensing 90.0 uL into C1 of Nunc 96 Well Plate 450 µL on 2 at 92.86 uL/sec
Mixing 6 times with a volume of 150.0 ul
	Aspirating 150.0 uL from C1 of Nunc 96 Well Plate 450 µL on 2 at 92.86 uL/sec
	Dispensing 150.0 uL into C1 of Nunc 96 Well Plate 450 µL on 2 at 92.86 uL/sec
	Aspirating 150.0 uL from C1 of Nunc 96 Well Plate 450 µL on 2 at 92.86 uL/sec
	Dispensing 150.0 uL into C1 of Nunc 96 Well Plate 450 µL on 2 at 92.86 uL/sec
	Aspirating 150.0 uL from C1 of Nunc 96 Well Plate 450 µL on 2 at 92.86 uL/sec
	Dispensing 150.0 uL into C1 of Nunc 96 Well Plate 450 µL on 2 at 92.86 uL/sec
	Aspirating 150.0 uL from C1 of Nunc 96 Well Plate 450 µL on 2 at 92.86 uL/sec
	Dispensing 150.0 uL into C1 of Nunc 96 Well Plate 450 µL on 2 at 92.86 uL/sec
	Aspirating 150.0 uL from C1 of Nunc 96 Well Plate 450 µL on 2 at 92.86 uL/sec
	Dispensing 150.0 uL into C1 of Nunc 96 Well Plate 450 µL on 2 at 92.86 uL/sec
	Aspirating 150.0 uL from C1 of Nunc 96 Well Plate 450 µL on 2 at 92.86 uL/sec
	Dispensing 150.0 uL into C1 of Nunc 96 Well Plate 450 µL on 2 at 92.86 uL/sec
Blowing out at C1 of Nunc 96 Well Plate 450 µL on 2
Dropping tip into A1 of Opentrons Fixed Trash on 12


Picking up tip from D1 of Opentrons OT-2 96 Filter Tip Rack 200 µL on 6
Aspirating 80.0 uL from A2 of Opentrons 15 Tube Rack with Falcon 15 mL Conical on 1 at 92.86 uL/sec
Delaying for 0 minutes and 5.0 seconds
Air gap
	Aspirating 10.0 uL from A2 of Opentrons 15 Tube Rack with Falcon 15 mL Conical on 1 at 92.86 uL/sec
Touching tip
Dispensing 90.0 uL into D1 of Nunc 96 Well Plate 450 µL on 2 at 92.86 uL/sec
Mixing 6 times with a volume of 150.0 ul
	Aspirating 150.0 uL from D1 of Nunc 96 Well Plate 450 µL on 2 at 92.86 uL/sec
	Dispensing 150.0 uL into D1 of Nunc 96 Well Plate 450 µL on 2 at 92.86 uL/sec
	Aspirating 150.0 uL from D1 of Nunc 96 Well Plate 450 µL on 2 at 92.86 uL/sec
	Dispensing 150.0 uL into D1 of Nunc 96 Well Plate 450 µL on 2 at 92.86 uL/sec
	Aspirating 150.0 uL from D1 of Nunc 96 Well Plate 450 µL on 2 at 92.86 uL/sec
	Dispensing 150.0 uL into D1 of Nunc 96 Well Plate 450 µL on 2 at 92.86 uL/sec
	Aspirating 150.0 uL from D1 of Nunc 96 Well Plate 450 µL on 2 at 92.86 uL/sec
	Dispensing 150.0 uL into D1 of Nunc 96 Well Plate 450 µL on 2 at 92.86 uL/sec
	Aspirating 150.0 uL from D1 of Nunc 96 Well Plate 450 µL on 2 at 92.86 uL/sec
	Dispensing 150.0 uL into D1 of Nunc 96 Well Plate 450 µL on 2 at 92.86 uL/sec
	Aspirating 150.0 uL from D1 of Nunc 96 Well Plate 450 µL on 2 at 92.86 uL/sec
	Dispensing 150.0 uL into D1 of Nunc 96 Well Plate 450 µL on 2 at 92.86 uL/sec
Blowing out at D1 of Nunc 96 Well Plate 450 µL on 2
Dropping tip into A1 of Opentrons Fixed Trash on 12


Picking up tip from E1 of Opentrons OT-2 96 Filter Tip Rack 200 µL on 6
Aspirating 80.0 uL from B2 of Opentrons 15 Tube Rack with Falcon 15 mL Conical on 1 at 92.86 uL/sec
Delaying for 0 minutes and 5.0 seconds
Air gap
	Aspirating 10.0 uL from B2 of Opentrons 15 Tube Rack with Falcon 15 mL Conical on 1 at 92.86 uL/sec
Touching tip
Dispensing 90.0 uL into E1 of Nunc 96 Well Plate 450 µL on 2 at 92.86 uL/sec
Mixing 6 times with a volume of 150.0 ul
	Aspirating 150.0 uL from E1 of Nunc 96 Well Plate 450 µL on 2 at 92.86 uL/sec
	Dispensing 150.0 uL into E1 of Nunc 96 Well Plate 450 µL on 2 at 92.86 uL/sec
	Aspirating 150.0 uL from E1 of Nunc 96 Well Plate 450 µL on 2 at 92.86 uL/sec
	Dispensing 150.0 uL into E1 of Nunc 96 Well Plate 450 µL on 2 at 92.86 uL/sec
	Aspirating 150.0 uL from E1 of Nunc 96 Well Plate 450 µL on 2 at 92.86 uL/sec
	Dispensing 150.0 uL into E1 of Nunc 96 Well Plate 450 µL on 2 at 92.86 uL/sec
	Aspirating 150.0 uL from E1 of Nunc 96 Well Plate 450 µL on 2 at 92.86 uL/sec
	Dispensing 150.0 uL into E1 of Nunc 96 Well Plate 450 µL on 2 at 92.86 uL/sec
	Aspirating 150.0 uL from E1 of Nunc 96 Well Plate 450 µL on 2 at 92.86 uL/sec
	Dispensing 150.0 uL into E1 of Nunc 96 Well Plate 450 µL on 2 at 92.86 uL/sec
	Aspirating 150.0 uL from E1 of Nunc 96 Well Plate 450 µL on 2 at 92.86 uL/sec
	Dispensing 150.0 uL into E1 of Nunc 96 Well Plate 450 µL on 2 at 92.86 uL/sec
Blowing out at E1 of Nunc 96 Well Plate 450 µL on 2
Dropping tip into A1 of Opentrons Fixed Trash on 12


Picking up tip from F1 of Opentrons OT-2 96 Filter Tip Rack 200 µL on 6
Aspirating 80.0 uL from C2 of Opentrons 15 Tube Rack with Falcon 15 mL Conical on 1 at 92.86 uL/sec
Delaying for 0 minutes and 5.0 seconds
Air gap
	Aspirating 10.0 uL from C2 of Opentrons 15 Tube Rack with Falcon 15 mL Conical on 1 at 92.86 uL/sec
Touching tip
Dispensing 90.0 uL into F1 of Nunc 96 Well Plate 450 µL on 2 at 92.86 uL/sec
Mixing 6 times with a volume of 150.0 ul
	Aspirating 150.0 uL from F1 of Nunc 96 Well Plate 450 µL on 2 at 92.86 uL/sec
	Dispensing 150.0 uL into F1 of Nunc 96 Well Plate 450 µL on 2 at 92.86 uL/sec
	Aspirating 150.0 uL from F1 of Nunc 96 Well Plate 450 µL on 2 at 92.86 uL/sec
	Dispensing 150.0 uL into F1 of Nunc 96 Well Plate 450 µL on 2 at 92.86 uL/sec
	Aspirating 150.0 uL from F1 of Nunc 96 Well Plate 450 µL on 2 at 92.86 uL/sec
	Dispensing 150.0 uL into F1 of Nunc 96 Well Plate 450 µL on 2 at 92.86 uL/sec
	Aspirating 150.0 uL from F1 of Nunc 96 Well Plate 450 µL on 2 at 92.86 uL/sec
	Dispensing 150.0 uL into F1 of Nunc 96 Well Plate 450 µL on 2 at 92.86 uL/sec
	Aspirating 150.0 uL from F1 of Nunc 96 Well Plate 450 µL on 2 at 92.86 uL/sec
	Dispensing 150.0 uL into F1 of Nunc 96 Well Plate 450 µL on 2 at 92.86 uL/sec
	Aspirating 150.0 uL from F1 of Nunc 96 Well Plate 450 µL on 2 at 92.86 uL/sec
	Dispensing 150.0 uL into F1 of Nunc 96 Well Plate 450 µL on 2 at 92.86 uL/sec
Blowing out at F1 of Nunc 96 Well Plate 450 µL on 2
Dropping tip into A1 of Opentrons Fixed Trash on 12


Picking up tip from G1 of Opentrons OT-2 96 Filter Tip Rack 200 µL on 6
Aspirating 80.0 uL from A3 of Opentrons 15 Tube Rack with Falcon 15 mL Conical on 1 at 92.86 uL/sec
Delaying for 0 minutes and 5.0 seconds
Air gap
	Aspirating 10.0 uL from A3 of Opentrons 15 Tube Rack with Falcon 15 mL Conical on 1 at 92.86 uL/sec
Touching tip
Dispensing 90.0 uL into G1 of Nunc 96 Well Plate 450 µL on 2 at 92.86 uL/sec
Mixing 6 times with a volume of 150.0 ul
	Aspirating 150.0 uL from G1 of Nunc 96 Well Plate 450 µL on 2 at 92.86 uL/sec
	Dispensing 150.0 uL into G1 of Nunc 96 Well Plate 450 µL on 2 at 92.86 uL/sec
	Aspirating 150.0 uL from G1 of Nunc 96 Well Plate 450 µL on 2 at 92.86 uL/sec
	Dispensing 150.0 uL into G1 of Nunc 96 Well Plate 450 µL on 2 at 92.86 uL/sec
	Aspirating 150.0 uL from G1 of Nunc 96 Well Plate 450 µL on 2 at 92.86 uL/sec
	Dispensing 150.0 uL into G1 of Nunc 96 Well Plate 450 µL on 2 at 92.86 uL/sec
	Aspirating 150.0 uL from G1 of Nunc 96 Well Plate 450 µL on 2 at 92.86 uL/sec
	Dispensing 150.0 uL into G1 of Nunc 96 Well Plate 450 µL on 2 at 92.86 uL/sec
	Aspirating 150.0 uL from G1 of Nunc 96 Well Plate 450 µL on 2 at 92.86 uL/sec
	Dispensing 150.0 uL into G1 of Nunc 96 Well Plate 450 µL on 2 at 92.86 uL/sec
	Aspirating 150.0 uL from G1 of Nunc 96 Well Plate 450 µL on 2 at 92.86 uL/sec
	Dispensing 150.0 uL into G1 of Nunc 96 Well Plate 450 µL on 2 at 92.86 uL/sec
Blowing out at G1 of Nunc 96 Well Plate 450 µL on 2
Dropping tip into A1 of Opentrons Fixed Trash on 12


Picking up tip from H1 of Opentrons OT-2 96 Filter Tip Rack 200 µL on 6
Aspirating 80.0 uL from B3 of Opentrons 15 Tube Rack with Falcon 15 mL Conical on 1 at 92.86 uL/sec
Delaying for 0 minutes and 5.0 seconds
Air gap
	Aspirating 10.0 uL from B3 of Opentrons 15 Tube Rack with Falcon 15 mL Conical on 1 at 92.86 uL/sec
Touching tip
Dispensing 90.0 uL into H1 of Nunc 96 Well Plate 450 µL on 2 at 92.86 uL/sec
Mixing 6 times with a volume of 150.0 ul
	Aspirating 150.0 uL from H1 of Nunc 96 Well Plate 450 µL on 2 at 92.86 uL/sec
	Dispensing 150.0 uL into H1 of Nunc 96 Well Plate 450 µL on 2 at 92.86 uL/sec
	Aspirating 150.0 uL from H1 of Nunc 96 Well Plate 450 µL on 2 at 92.86 uL/sec
	Dispensing 150.0 uL into H1 of Nunc 96 Well Plate 450 µL on 2 at 92.86 uL/sec
	Aspirating 150.0 uL from H1 of Nunc 96 Well Plate 450 µL on 2 at 92.86 uL/sec
	Dispensing 150.0 uL into H1 of Nunc 96 Well Plate 450 µL on 2 at 92.86 uL/sec
	Aspirating 150.0 uL from H1 of Nunc 96 Well Plate 450 µL on 2 at 92.86 uL/sec
	Dispensing 150.0 uL into H1 of Nunc 96 Well Plate 450 µL on 2 at 92.86 uL/sec
	Aspirating 150.0 uL from H1 of Nunc 96 Well Plate 450 µL on 2 at 92.86 uL/sec
	Dispensing 150.0 uL into H1 of Nunc 96 Well Plate 450 µL on 2 at 92.86 uL/sec
	Aspirating 150.0 uL from H1 of Nunc 96 Well Plate 450 µL on 2 at 92.86 uL/sec
	Dispensing 150.0 uL into H1 of Nunc 96 Well Plate 450 µL on 2 at 92.86 uL/sec
Blowing out at H1 of Nunc 96 Well Plate 450 µL on 2
Dropping tip into A1 of Opentrons Fixed Trash on 12


Picking up tip from A2 of Opentrons OT-2 96 Filter Tip Rack 200 µL on 6
Aspirating 80.0 uL from C3 of Opentrons 15 Tube Rack with Falcon 15 mL Conical on 1 at 92.86 uL/sec
Delaying for 0 minutes and 5.0 seconds
Air gap
	Aspirating 10.0 uL from C3 of Opentrons 15 Tube Rack with Falcon 15 mL Conical on 1 at 92.86 uL/sec
Touching tip
Dispensing 90.0 uL into A2 of Nunc 96 Well Plate 450 µL on 2 at 92.86 uL/sec
Mixing 6 times with a volume of 150.0 ul
	Aspirating 150.0 uL from A2 of Nunc 96 Well Plate 450 µL on 2 at 92.86 uL/sec
	Dispensing 150.0 uL into A2 of Nunc 96 Well Plate 450 µL on 2 at 92.86 uL/sec
	Aspirating 150.0 uL from A2 of Nunc 96 Well Plate 450 µL on 2 at 92.86 uL/sec
	Dispensing 150.0 uL into A2 of Nunc 96 Well Plate 450 µL on 2 at 92.86 uL/sec
	Aspirating 150.0 uL from A2 of Nunc 96 Well Plate 450 µL on 2 at 92.86 uL/sec
	Dispensing 150.0 uL into A2 of Nunc 96 Well Plate 450 µL on 2 at 92.86 uL/sec
	Aspirating 150.0 uL from A2 of Nunc 96 Well Plate 450 µL on 2 at 92.86 uL/sec
	Dispensing 150.0 uL into A2 of Nunc 96 Well Plate 450 µL on 2 at 92.86 uL/sec
	Aspirating 150.0 uL from A2 of Nunc 96 Well Plate 450 µL on 2 at 92.86 uL/sec
	Dispensing 150.0 uL into A2 of Nunc 96 Well Plate 450 µL on 2 at 92.86 uL/sec
	Aspirating 150.0 uL from A2 of Nunc 96 Well Plate 450 µL on 2 at 92.86 uL/sec
	Dispensing 150.0 uL into A2 of Nunc 96 Well Plate 450 µL on 2 at 92.86 uL/sec
Blowing out at A2 of Nunc 96 Well Plate 450 µL on 2
Dropping tip into A1 of Opentrons Fixed Trash on 12


Picking up tip from B2 of Opentrons OT-2 96 Filter Tip Rack 200 µL on 6
Aspirating 80.0 uL from A4 of Opentrons 15 Tube Rack with Falcon 15 mL Conical on 1 at 92.86 uL/sec
Delaying for 0 minutes and 5.0 seconds
Air gap
	Aspirating 10.0 uL from A4 of Opentrons 15 Tube Rack with Falcon 15 mL Conical on 1 at 92.86 uL/sec
Touching tip
Dispensing 90.0 uL into B2 of Nunc 96 Well Plate 450 µL on 2 at 92.86 uL/sec
Mixing 6 times with a volume of 150.0 ul
	Aspirating 150.0 uL from B2 of Nunc 96 Well Plate 450 µL on 2 at 92.86 uL/sec
	Dispensing 150.0 uL into B2 of Nunc 96 Well Plate 450 µL on 2 at 92.86 uL/sec
	Aspirating 150.0 uL from B2 of Nunc 96 Well Plate 450 µL on 2 at 92.86 uL/sec
	Dispensing 150.0 uL into B2 of Nunc 96 Well Plate 450 µL on 2 at 92.86 uL/sec
	Aspirating 150.0 uL from B2 of Nunc 96 Well Plate 450 µL on 2 at 92.86 uL/sec
	Dispensing 150.0 uL into B2 of Nunc 96 Well Plate 450 µL on 2 at 92.86 uL/sec
	Aspirating 150.0 uL from B2 of Nunc 96 Well Plate 450 µL on 2 at 92.86 uL/sec
	Dispensing 150.0 uL into B2 of Nunc 96 Well Plate 450 µL on 2 at 92.86 uL/sec
	Aspirating 150.0 uL from B2 of Nunc 96 Well Plate 450 µL on 2 at 92.86 uL/sec
	Dispensing 150.0 uL into B2 of Nunc 96 Well Plate 450 µL on 2 at 92.86 uL/sec
	Aspirating 150.0 uL from B2 of Nunc 96 Well Plate 450 µL on 2 at 92.86 uL/sec
	Dispensing 150.0 uL into B2 of Nunc 96 Well Plate 450 µL on 2 at 92.86 uL/sec
Blowing out at B2 of Nunc 96 Well Plate 450 µL on 2
Dropping tip into A1 of Opentrons Fixed Trash on 12


Picking up tip from C2 of Opentrons OT-2 96 Filter Tip Rack 200 µL on 6
Aspirating 80.0 uL from B4 of Opentrons 15 Tube Rack with Falcon 15 mL Conical on 1 at 92.86 uL/sec
Delaying for 0 minutes and 5.0 seconds
Air gap
	Aspirating 10.0 uL from B4 of Opentrons 15 Tube Rack with Falcon 15 mL Conical on 1 at 92.86 uL/sec
Touching tip
Dispensing 90.0 uL into C2 of Nunc 96 Well Plate 450 µL on 2 at 92.86 uL/sec
Mixing 6 times with a volume of 150.0 ul
	Aspirating 150.0 uL from C2 of Nunc 96 Well Plate 450 µL on 2 at 92.86 uL/sec
	Dispensing 150.0 uL into C2 of Nunc 96 Well Plate 450 µL on 2 at 92.86 uL/sec
	Aspirating 150.0 uL from C2 of Nunc 96 Well Plate 450 µL on 2 at 92.86 uL/sec
	Dispensing 150.0 uL into C2 of Nunc 96 Well Plate 450 µL on 2 at 92.86 uL/sec
	Aspirating 150.0 uL from C2 of Nunc 96 Well Plate 450 µL on 2 at 92.86 uL/sec
	Dispensing 150.0 uL into C2 of Nunc 96 Well Plate 450 µL on 2 at 92.86 uL/sec
	Aspirating 150.0 uL from C2 of Nunc 96 Well Plate 450 µL on 2 at 92.86 uL/sec
	Dispensing 150.0 uL into C2 of Nunc 96 Well Plate 450 µL on 2 at 92.86 uL/sec
	Aspirating 150.0 uL from C2 of Nunc 96 Well Plate 450 µL on 2 at 92.86 uL/sec
	Dispensing 150.0 uL into C2 of Nunc 96 Well Plate 450 µL on 2 at 92.86 uL/sec
	Aspirating 150.0 uL from C2 of Nunc 96 Well Plate 450 µL on 2 at 92.86 uL/sec
	Dispensing 150.0 uL into C2 of Nunc 96 Well Plate 450 µL on 2 at 92.86 uL/sec
Blowing out at C2 of Nunc 96 Well Plate 450 µL on 2
Dropping tip into A1 of Opentrons Fixed Trash on 12


Picking up tip from D2 of Opentrons OT-2 96 Filter Tip Rack 200 µL on 6
Aspirating 80.0 uL from C4 of Opentrons 15 Tube Rack with Falcon 15 mL Conical on 1 at 92.86 uL/sec
Delaying for 0 minutes and 5.0 seconds
Air gap
	Aspirating 10.0 uL from C4 of Opentrons 15 Tube Rack with Falcon 15 mL Conical on 1 at 92.86 uL/sec
Touching tip
Dispensing 90.0 uL into D2 of Nunc 96 Well Plate 450 µL on 2 at 92.86 uL/sec
Mixing 6 times with a volume of 150.0 ul
	Aspirating 150.0 uL from D2 of Nunc 96 Well Plate 450 µL on 2 at 92.86 uL/sec
	Dispensing 150.0 uL into D2 of Nunc 96 Well Plate 450 µL on 2 at 92.86 uL/sec
	Aspirating 150.0 uL from D2 of Nunc 96 Well Plate 450 µL on 2 at 92.86 uL/sec
	Dispensing 150.0 uL into D2 of Nunc 96 Well Plate 450 µL on 2 at 92.86 uL/sec
	Aspirating 150.0 uL from D2 of Nunc 96 Well Plate 450 µL on 2 at 92.86 uL/sec
	Dispensing 150.0 uL into D2 of Nunc 96 Well Plate 450 µL on 2 at 92.86 uL/sec
	Aspirating 150.0 uL from D2 of Nunc 96 Well Plate 450 µL on 2 at 92.86 uL/sec
	Dispensing 150.0 uL into D2 of Nunc 96 Well Plate 450 µL on 2 at 92.86 uL/sec
	Aspirating 150.0 uL from D2 of Nunc 96 Well Plate 450 µL on 2 at 92.86 uL/sec
	Dispensing 150.0 uL into D2 of Nunc 96 Well Plate 450 µL on 2 at 92.86 uL/sec
	Aspirating 150.0 uL from D2 of Nunc 96 Well Plate 450 µL on 2 at 92.86 uL/sec
	Dispensing 150.0 uL into D2 of Nunc 96 Well Plate 450 µL on 2 at 92.86 uL/sec
Blowing out at D2 of Nunc 96 Well Plate 450 µL on 2
Dropping tip into A1 of Opentrons Fixed Trash on 12


Picking up tip from E2 of Opentrons OT-2 96 Filter Tip Rack 200 µL on 6
Aspirating 80.0 uL from A5 of Opentrons 15 Tube Rack with Falcon 15 mL Conical on 1 at 92.86 uL/sec
Delaying for 0 minutes and 5.0 seconds
Air gap
	Aspirating 10.0 uL from A5 of Opentrons 15 Tube Rack with Falcon 15 mL Conical on 1 at 92.86 uL/sec
Touching tip
Dispensing 90.0 uL into E2 of Nunc 96 Well Plate 450 µL on 2 at 92.86 uL/sec
Mixing 6 times with a volume of 150.0 ul
	Aspirating 150.0 uL from E2 of Nunc 96 Well Plate 450 µL on 2 at 92.86 uL/sec
	Dispensing 150.0 uL into E2 of Nunc 96 Well Plate 450 µL on 2 at 92.86 uL/sec
	Aspirating 150.0 uL from E2 of Nunc 96 Well Plate 450 µL on 2 at 92.86 uL/sec
	Dispensing 150.0 uL into E2 of Nunc 96 Well Plate 450 µL on 2 at 92.86 uL/sec
	Aspirating 150.0 uL from E2 of Nunc 96 Well Plate 450 µL on 2 at 92.86 uL/sec
	Dispensing 150.0 uL into E2 of Nunc 96 Well Plate 450 µL on 2 at 92.86 uL/sec
	Aspirating 150.0 uL from E2 of Nunc 96 Well Plate 450 µL on 2 at 92.86 uL/sec
	Dispensing 150.0 uL into E2 of Nunc 96 Well Plate 450 µL on 2 at 92.86 uL/sec
	Aspirating 150.0 uL from E2 of Nunc 96 Well Plate 450 µL on 2 at 92.86 uL/sec
	Dispensing 150.0 uL into E2 of Nunc 96 Well Plate 450 µL on 2 at 92.86 uL/sec
	Aspirating 150.0 uL from E2 of Nunc 96 Well Plate 450 µL on 2 at 92.86 uL/sec
	Dispensing 150.0 uL into E2 of Nunc 96 Well Plate 450 µL on 2 at 92.86 uL/sec
Blowing out at E2 of Nunc 96 Well Plate 450 µL on 2
Dropping tip into A1 of Opentrons Fixed Trash on 12


Picking up tip from F2 of Opentrons OT-2 96 Filter Tip Rack 200 µL on 6
Aspirating 80.0 uL from B5 of Opentrons 15 Tube Rack with Falcon 15 mL Conical on 1 at 92.86 uL/sec
Delaying for 0 minutes and 5.0 seconds
Air gap
	Aspirating 10.0 uL from B5 of Opentrons 15 Tube Rack with Falcon 15 mL Conical on 1 at 92.86 uL/sec
Touching tip
Dispensing 90.0 uL into F2 of Nunc 96 Well Plate 450 µL on 2 at 92.86 uL/sec
Mixing 6 times with a volume of 150.0 ul
	Aspirating 150.0 uL from F2 of Nunc 96 Well Plate 450 µL on 2 at 92.86 uL/sec
	Dispensing 150.0 uL into F2 of Nunc 96 Well Plate 450 µL on 2 at 92.86 uL/sec
	Aspirating 150.0 uL from F2 of Nunc 96 Well Plate 450 µL on 2 at 92.86 uL/sec
	Dispensing 150.0 uL into F2 of Nunc 96 Well Plate 450 µL on 2 at 92.86 uL/sec
	Aspirating 150.0 uL from F2 of Nunc 96 Well Plate 450 µL on 2 at 92.86 uL/sec
	Dispensing 150.0 uL into F2 of Nunc 96 Well Plate 450 µL on 2 at 92.86 uL/sec
	Aspirating 150.0 uL from F2 of Nunc 96 Well Plate 450 µL on 2 at 92.86 uL/sec
	Dispensing 150.0 uL into F2 of Nunc 96 Well Plate 450 µL on 2 at 92.86 uL/sec
	Aspirating 150.0 uL from F2 of Nunc 96 Well Plate 450 µL on 2 at 92.86 uL/sec
	Dispensing 150.0 uL into F2 of Nunc 96 Well Plate 450 µL on 2 at 92.86 uL/sec
	Aspirating 150.0 uL from F2 of Nunc 96 Well Plate 450 µL on 2 at 92.86 uL/sec
	Dispensing 150.0 uL into F2 of Nunc 96 Well Plate 450 µL on 2 at 92.86 uL/sec
Blowing out at F2 of Nunc 96 Well Plate 450 µL on 2
Dropping tip into A1 of Opentrons Fixed Trash on 12


Picking up tip from G2 of Opentrons OT-2 96 Filter Tip Rack 200 µL on 6
Aspirating 80.0 uL from C5 of Opentrons 15 Tube Rack with Falcon 15 mL Conical on 1 at 92.86 uL/sec
Delaying for 0 minutes and 5.0 seconds
Air gap
	Aspirating 10.0 uL from C5 of Opentrons 15 Tube Rack with Falcon 15 mL Conical on 1 at 92.86 uL/sec
Touching tip
Dispensing 90.0 uL into G2 of Nunc 96 Well Plate 450 µL on 2 at 92.86 uL/sec
Mixing 6 times with a volume of 150.0 ul
	Aspirating 150.0 uL from G2 of Nunc 96 Well Plate 450 µL on 2 at 92.86 uL/sec
	Dispensing 150.0 uL into G2 of Nunc 96 Well Plate 450 µL on 2 at 92.86 uL/sec
	Aspirating 150.0 uL from G2 of Nunc 96 Well Plate 450 µL on 2 at 92.86 uL/sec
	Dispensing 150.0 uL into G2 of Nunc 96 Well Plate 450 µL on 2 at 92.86 uL/sec
	Aspirating 150.0 uL from G2 of Nunc 96 Well Plate 450 µL on 2 at 92.86 uL/sec
	Dispensing 150.0 uL into G2 of Nunc 96 Well Plate 450 µL on 2 at 92.86 uL/sec
	Aspirating 150.0 uL from G2 of Nunc 96 Well Plate 450 µL on 2 at 92.86 uL/sec
	Dispensing 150.0 uL into G2 of Nunc 96 Well Plate 450 µL on 2 at 92.86 uL/sec
	Aspirating 150.0 uL from G2 of Nunc 96 Well Plate 450 µL on 2 at 92.86 uL/sec
	Dispensing 150.0 uL into G2 of Nunc 96 Well Plate 450 µL on 2 at 92.86 uL/sec
	Aspirating 150.0 uL from G2 of Nunc 96 Well Plate 450 µL on 2 at 92.86 uL/sec
	Dispensing 150.0 uL into G2 of Nunc 96 Well Plate 450 µL on 2 at 92.86 uL/sec
Blowing out at G2 of Nunc 96 Well Plate 450 µL on 2
Dropping tip into A1 of Opentrons Fixed Trash on 12




Adding Diluted Saliva to Mastermix Plates


Picking up tip from A1 of Opentrons OT-2 96 Filter Tip Rack 20 µL on 5
Aspirating 2.4 uL from A1 of Nunc 96 Well Plate 450 µL on 2 at 7.56 uL/sec
Delaying for 0 minutes and 5.0 seconds
Air gap
	Aspirating 5.0 uL from A1 of Nunc 96 Well Plate 450 µL on 2 at 7.56 uL/sec
Touching tip
Dispensing 7.4 uL into A1 of Microamp 96 Well Plate 100 µL on 4 at 7.56 uL/sec
Mixing 6 times with a volume of 9.0 ul
	Aspirating 9.0 uL from A1 of Microamp 96 Well Plate 100 µL on 4 at 7.56 uL/sec
	Dispensing 9.0 uL into A1 of Microamp 96 Well Plate 100 µL on 4 at 7.56 uL/sec
	Aspirating 9.0 uL from A1 of Microamp 96 Well Plate 100 µL on 4 at 7.56 uL/sec
	Dispensing 9.0 uL into A1 of Microamp 96 Well Plate 100 µL on 4 at 7.56 uL/sec
	Aspirating 9.0 uL from A1 of Microamp 96 Well Plate 100 µL on 4 at 7.56 uL/sec
	Dispensing 9.0 uL into A1 of Microamp 96 Well Plate 100 µL on 4 at 7.56 uL/sec
	Aspirating 9.0 uL from A1 of Microamp 96 Well Plate 100 µL on 4 at 7.56 uL/sec
	Dispensing 9.0 uL into A1 of Microamp 96 Well Plate 100 µL on 4 at 7.56 uL/sec
	Aspirating 9.0 uL from A1 of Microamp 96 Well Plate 100 µL on 4 at 7.56 uL/sec
	Dispensing 9.0 uL into A1 of Microamp 96 Well Plate 100 µL on 4 at 7.56 uL/sec
	Aspirating 9.0 uL from A1 of Microamp 96 Well Plate 100 µL on 4 at 7.56 uL/sec
	Dispensing 9.0 uL into A1 of Microamp 96 Well Plate 100 µL on 4 at 7.56 uL/sec
Blowing out at A1 of Microamp 96 Well Plate 100 µL on 4
Dropping tip into A1 of Opentrons Fixed Trash on 12


Picking up tip from B1 of Opentrons OT-2 96 Filter Tip Rack 20 µL on 5
Aspirating 2.4 uL from B1 of Nunc 96 Well Plate 450 µL on 2 at 7.56 uL/sec
Delaying for 0 minutes and 5.0 seconds
Air gap
	Aspirating 5.0 uL from B1 of Nunc 96 Well Plate 450 µL on 2 at 7.56 uL/sec
Touching tip
Dispensing 7.4 uL into B1 of Microamp 96 Well Plate 100 µL on 4 at 7.56 uL/sec
Mixing 6 times with a volume of 9.0 ul
	Aspirating 9.0 uL from B1 of Microamp 96 Well Plate 100 µL on 4 at 7.56 uL/sec
	Dispensing 9.0 uL into B1 of Microamp 96 Well Plate 100 µL on 4 at 7.56 uL/sec
	Aspirating 9.0 uL from B1 of Microamp 96 Well Plate 100 µL on 4 at 7.56 uL/sec
	Dispensing 9.0 uL into B1 of Microamp 96 Well Plate 100 µL on 4 at 7.56 uL/sec
	Aspirating 9.0 uL from B1 of Microamp 96 Well Plate 100 µL on 4 at 7.56 uL/sec
	Dispensing 9.0 uL into B1 of Microamp 96 Well Plate 100 µL on 4 at 7.56 uL/sec
	Aspirating 9.0 uL from B1 of Microamp 96 Well Plate 100 µL on 4 at 7.56 uL/sec
	Dispensing 9.0 uL into B1 of Microamp 96 Well Plate 100 µL on 4 at 7.56 uL/sec
	Aspirating 9.0 uL from B1 of Microamp 96 Well Plate 100 µL on 4 at 7.56 uL/sec
	Dispensing 9.0 uL into B1 of Microamp 96 Well Plate 100 µL on 4 at 7.56 uL/sec
	Aspirating 9.0 uL from B1 of Microamp 96 Well Plate 100 µL on 4 at 7.56 uL/sec
	Dispensing 9.0 uL into B1 of Microamp 96 Well Plate 100 µL on 4 at 7.56 uL/sec
Blowing out at B1 of Microamp 96 Well Plate 100 µL on 4
Dropping tip into A1 of Opentrons Fixed Trash on 12


Picking up tip from C1 of Opentrons OT-2 96 Filter Tip Rack 20 µL on 5
Aspirating 2.4 uL from C1 of Nunc 96 Well Plate 450 µL on 2 at 7.56 uL/sec
Delaying for 0 minutes and 5.0 seconds
Air gap
	Aspirating 5.0 uL from C1 of Nunc 96 Well Plate 450 µL on 2 at 7.56 uL/sec
Touching tip
Dispensing 7.4 uL into C1 of Microamp 96 Well Plate 100 µL on 4 at 7.56 uL/sec
Mixing 6 times with a volume of 9.0 ul
	Aspirating 9.0 uL from C1 of Microamp 96 Well Plate 100 µL on 4 at 7.56 uL/sec
	Dispensing 9.0 uL into C1 of Microamp 96 Well Plate 100 µL on 4 at 7.56 uL/sec
	Aspirating 9.0 uL from C1 of Microamp 96 Well Plate 100 µL on 4 at 7.56 uL/sec
	Dispensing 9.0 uL into C1 of Microamp 96 Well Plate 100 µL on 4 at 7.56 uL/sec
	Aspirating 9.0 uL from C1 of Microamp 96 Well Plate 100 µL on 4 at 7.56 uL/sec
	Dispensing 9.0 uL into C1 of Microamp 96 Well Plate 100 µL on 4 at 7.56 uL/sec
	Aspirating 9.0 uL from C1 of Microamp 96 Well Plate 100 µL on 4 at 7.56 uL/sec
	Dispensing 9.0 uL into C1 of Microamp 96 Well Plate 100 µL on 4 at 7.56 uL/sec
	Aspirating 9.0 uL from C1 of Microamp 96 Well Plate 100 µL on 4 at 7.56 uL/sec
	Dispensing 9.0 uL into C1 of Microamp 96 Well Plate 100 µL on 4 at 7.56 uL/sec
	Aspirating 9.0 uL from C1 of Microamp 96 Well Plate 100 µL on 4 at 7.56 uL/sec
	Dispensing 9.0 uL into C1 of Microamp 96 Well Plate 100 µL on 4 at 7.56 uL/sec
Blowing out at C1 of Microamp 96 Well Plate 100 µL on 4
Dropping tip into A1 of Opentrons Fixed Trash on 12


Picking up tip from D1 of Opentrons OT-2 96 Filter Tip Rack 20 µL on 5
Aspirating 2.4 uL from D1 of Nunc 96 Well Plate 450 µL on 2 at 7.56 uL/sec
Delaying for 0 minutes and 5.0 seconds
Air gap
	Aspirating 5.0 uL from D1 of Nunc 96 Well Plate 450 µL on 2 at 7.56 uL/sec
Touching tip
Dispensing 7.4 uL into D1 of Microamp 96 Well Plate 100 µL on 4 at 7.56 uL/sec
Mixing 6 times with a volume of 9.0 ul
	Aspirating 9.0 uL from D1 of Microamp 96 Well Plate 100 µL on 4 at 7.56 uL/sec
	Dispensing 9.0 uL into D1 of Microamp 96 Well Plate 100 µL on 4 at 7.56 uL/sec
	Aspirating 9.0 uL from D1 of Microamp 96 Well Plate 100 µL on 4 at 7.56 uL/sec
	Dispensing 9.0 uL into D1 of Microamp 96 Well Plate 100 µL on 4 at 7.56 uL/sec
	Aspirating 9.0 uL from D1 of Microamp 96 Well Plate 100 µL on 4 at 7.56 uL/sec
	Dispensing 9.0 uL into D1 of Microamp 96 Well Plate 100 µL on 4 at 7.56 uL/sec
	Aspirating 9.0 uL from D1 of Microamp 96 Well Plate 100 µL on 4 at 7.56 uL/sec
	Dispensing 9.0 uL into D1 of Microamp 96 Well Plate 100 µL on 4 at 7.56 uL/sec
	Aspirating 9.0 uL from D1 of Microamp 96 Well Plate 100 µL on 4 at 7.56 uL/sec
	Dispensing 9.0 uL into D1 of Microamp 96 Well Plate 100 µL on 4 at 7.56 uL/sec
	Aspirating 9.0 uL from D1 of Microamp 96 Well Plate 100 µL on 4 at 7.56 uL/sec
	Dispensing 9.0 uL into D1 of Microamp 96 Well Plate 100 µL on 4 at 7.56 uL/sec
Blowing out at D1 of Microamp 96 Well Plate 100 µL on 4
Dropping tip into A1 of Opentrons Fixed Trash on 12


Picking up tip from E1 of Opentrons OT-2 96 Filter Tip Rack 20 µL on 5
Aspirating 2.4 uL from E1 of Nunc 96 Well Plate 450 µL on 2 at 7.56 uL/sec
Delaying for 0 minutes and 5.0 seconds
Air gap
	Aspirating 5.0 uL from E1 of Nunc 96 Well Plate 450 µL on 2 at 7.56 uL/sec
Touching tip
Dispensing 7.4 uL into E1 of Microamp 96 Well Plate 100 µL on 4 at 7.56 uL/sec
Mixing 6 times with a volume of 9.0 ul
	Aspirating 9.0 uL from E1 of Microamp 96 Well Plate 100 µL on 4 at 7.56 uL/sec
	Dispensing 9.0 uL into E1 of Microamp 96 Well Plate 100 µL on 4 at 7.56 uL/sec
	Aspirating 9.0 uL from E1 of Microamp 96 Well Plate 100 µL on 4 at 7.56 uL/sec
	Dispensing 9.0 uL into E1 of Microamp 96 Well Plate 100 µL on 4 at 7.56 uL/sec
	Aspirating 9.0 uL from E1 of Microamp 96 Well Plate 100 µL on 4 at 7.56 uL/sec
	Dispensing 9.0 uL into E1 of Microamp 96 Well Plate 100 µL on 4 at 7.56 uL/sec
	Aspirating 9.0 uL from E1 of Microamp 96 Well Plate 100 µL on 4 at 7.56 uL/sec
	Dispensing 9.0 uL into E1 of Microamp 96 Well Plate 100 µL on 4 at 7.56 uL/sec
	Aspirating 9.0 uL from E1 of Microamp 96 Well Plate 100 µL on 4 at 7.56 uL/sec
	Dispensing 9.0 uL into E1 of Microamp 96 Well Plate 100 µL on 4 at 7.56 uL/sec
	Aspirating 9.0 uL from E1 of Microamp 96 Well Plate 100 µL on 4 at 7.56 uL/sec
	Dispensing 9.0 uL into E1 of Microamp 96 Well Plate 100 µL on 4 at 7.56 uL/sec
Blowing out at E1 of Microamp 96 Well Plate 100 µL on 4
Dropping tip into A1 of Opentrons Fixed Trash on 12


Picking up tip from F1 of Opentrons OT-2 96 Filter Tip Rack 20 µL on 5
Aspirating 2.4 uL from F1 of Nunc 96 Well Plate 450 µL on 2 at 7.56 uL/sec
Delaying for 0 minutes and 5.0 seconds
Air gap
	Aspirating 5.0 uL from F1 of Nunc 96 Well Plate 450 µL on 2 at 7.56 uL/sec
Touching tip
Dispensing 7.4 uL into F1 of Microamp 96 Well Plate 100 µL on 4 at 7.56 uL/sec
Mixing 6 times with a volume of 9.0 ul
	Aspirating 9.0 uL from F1 of Microamp 96 Well Plate 100 µL on 4 at 7.56 uL/sec
	Dispensing 9.0 uL into F1 of Microamp 96 Well Plate 100 µL on 4 at 7.56 uL/sec
	Aspirating 9.0 uL from F1 of Microamp 96 Well Plate 100 µL on 4 at 7.56 uL/sec
	Dispensing 9.0 uL into F1 of Microamp 96 Well Plate 100 µL on 4 at 7.56 uL/sec
	Aspirating 9.0 uL from F1 of Microamp 96 Well Plate 100 µL on 4 at 7.56 uL/sec
	Dispensing 9.0 uL into F1 of Microamp 96 Well Plate 100 µL on 4 at 7.56 uL/sec
	Aspirating 9.0 uL from F1 of Microamp 96 Well Plate 100 µL on 4 at 7.56 uL/sec
	Dispensing 9.0 uL into F1 of Microamp 96 Well Plate 100 µL on 4 at 7.56 uL/sec
	Aspirating 9.0 uL from F1 of Microamp 96 Well Plate 100 µL on 4 at 7.56 uL/sec
	Dispensing 9.0 uL into F1 of Microamp 96 Well Plate 100 µL on 4 at 7.56 uL/sec
	Aspirating 9.0 uL from F1 of Microamp 96 Well Plate 100 µL on 4 at 7.56 uL/sec
	Dispensing 9.0 uL into F1 of Microamp 96 Well Plate 100 µL on 4 at 7.56 uL/sec
Blowing out at F1 of Microamp 96 Well Plate 100 µL on 4
Dropping tip into A1 of Opentrons Fixed Trash on 12


Picking up tip from G1 of Opentrons OT-2 96 Filter Tip Rack 20 µL on 5
Aspirating 2.4 uL from G1 of Nunc 96 Well Plate 450 µL on 2 at 7.56 uL/sec
Delaying for 0 minutes and 5.0 seconds
Air gap
	Aspirating 5.0 uL from G1 of Nunc 96 Well Plate 450 µL on 2 at 7.56 uL/sec
Touching tip
Dispensing 7.4 uL into G1 of Microamp 96 Well Plate 100 µL on 4 at 7.56 uL/sec
Mixing 6 times with a volume of 9.0 ul
	Aspirating 9.0 uL from G1 of Microamp 96 Well Plate 100 µL on 4 at 7.56 uL/sec
	Dispensing 9.0 uL into G1 of Microamp 96 Well Plate 100 µL on 4 at 7.56 uL/sec
	Aspirating 9.0 uL from G1 of Microamp 96 Well Plate 100 µL on 4 at 7.56 uL/sec
	Dispensing 9.0 uL into G1 of Microamp 96 Well Plate 100 µL on 4 at 7.56 uL/sec
	Aspirating 9.0 uL from G1 of Microamp 96 Well Plate 100 µL on 4 at 7.56 uL/sec
	Dispensing 9.0 uL into G1 of Microamp 96 Well Plate 100 µL on 4 at 7.56 uL/sec
	Aspirating 9.0 uL from G1 of Microamp 96 Well Plate 100 µL on 4 at 7.56 uL/sec
	Dispensing 9.0 uL into G1 of Microamp 96 Well Plate 100 µL on 4 at 7.56 uL/sec
	Aspirating 9.0 uL from G1 of Microamp 96 Well Plate 100 µL on 4 at 7.56 uL/sec
	Dispensing 9.0 uL into G1 of Microamp 96 Well Plate 100 µL on 4 at 7.56 uL/sec
	Aspirating 9.0 uL from G1 of Microamp 96 Well Plate 100 µL on 4 at 7.56 uL/sec
	Dispensing 9.0 uL into G1 of Microamp 96 Well Plate 100 µL on 4 at 7.56 uL/sec
Blowing out at G1 of Microamp 96 Well Plate 100 µL on 4
Dropping tip into A1 of Opentrons Fixed Trash on 12


Picking up tip from H1 of Opentrons OT-2 96 Filter Tip Rack 20 µL on 5
Aspirating 2.4 uL from H1 of Nunc 96 Well Plate 450 µL on 2 at 7.56 uL/sec
Delaying for 0 minutes and 5.0 seconds
Air gap
	Aspirating 5.0 uL from H1 of Nunc 96 Well Plate 450 µL on 2 at 7.56 uL/sec
Touching tip
Dispensing 7.4 uL into H1 of Microamp 96 Well Plate 100 µL on 4 at 7.56 uL/sec
Mixing 6 times with a volume of 9.0 ul
	Aspirating 9.0 uL from H1 of Microamp 96 Well Plate 100 µL on 4 at 7.56 uL/sec
	Dispensing 9.0 uL into H1 of Microamp 96 Well Plate 100 µL on 4 at 7.56 uL/sec
	Aspirating 9.0 uL from H1 of Microamp 96 Well Plate 100 µL on 4 at 7.56 uL/sec
	Dispensing 9.0 uL into H1 of Microamp 96 Well Plate 100 µL on 4 at 7.56 uL/sec
	Aspirating 9.0 uL from H1 of Microamp 96 Well Plate 100 µL on 4 at 7.56 uL/sec
	Dispensing 9.0 uL into H1 of Microamp 96 Well Plate 100 µL on 4 at 7.56 uL/sec
	Aspirating 9.0 uL from H1 of Microamp 96 Well Plate 100 µL on 4 at 7.56 uL/sec
	Dispensing 9.0 uL into H1 of Microamp 96 Well Plate 100 µL on 4 at 7.56 uL/sec
	Aspirating 9.0 uL from H1 of Microamp 96 Well Plate 100 µL on 4 at 7.56 uL/sec
	Dispensing 9.0 uL into H1 of Microamp 96 Well Plate 100 µL on 4 at 7.56 uL/sec
	Aspirating 9.0 uL from H1 of Microamp 96 Well Plate 100 µL on 4 at 7.56 uL/sec
	Dispensing 9.0 uL into H1 of Microamp 96 Well Plate 100 µL on 4 at 7.56 uL/sec
Blowing out at H1 of Microamp 96 Well Plate 100 µL on 4
Dropping tip into A1 of Opentrons Fixed Trash on 12


Picking up tip from A2 of Opentrons OT-2 96 Filter Tip Rack 20 µL on 5
Aspirating 2.4 uL from A2 of Nunc 96 Well Plate 450 µL on 2 at 7.56 uL/sec
Delaying for 0 minutes and 5.0 seconds
Air gap
	Aspirating 5.0 uL from A2 of Nunc 96 Well Plate 450 µL on 2 at 7.56 uL/sec
Touching tip
Dispensing 7.4 uL into A2 of Microamp 96 Well Plate 100 µL on 4 at 7.56 uL/sec
Mixing 6 times with a volume of 9.0 ul
	Aspirating 9.0 uL from A2 of Microamp 96 Well Plate 100 µL on 4 at 7.56 uL/sec
	Dispensing 9.0 uL into A2 of Microamp 96 Well Plate 100 µL on 4 at 7.56 uL/sec
	Aspirating 9.0 uL from A2 of Microamp 96 Well Plate 100 µL on 4 at 7.56 uL/sec
	Dispensing 9.0 uL into A2 of Microamp 96 Well Plate 100 µL on 4 at 7.56 uL/sec
	Aspirating 9.0 uL from A2 of Microamp 96 Well Plate 100 µL on 4 at 7.56 uL/sec
	Dispensing 9.0 uL into A2 of Microamp 96 Well Plate 100 µL on 4 at 7.56 uL/sec
	Aspirating 9.0 uL from A2 of Microamp 96 Well Plate 100 µL on 4 at 7.56 uL/sec
	Dispensing 9.0 uL into A2 of Microamp 96 Well Plate 100 µL on 4 at 7.56 uL/sec
	Aspirating 9.0 uL from A2 of Microamp 96 Well Plate 100 µL on 4 at 7.56 uL/sec
	Dispensing 9.0 uL into A2 of Microamp 96 Well Plate 100 µL on 4 at 7.56 uL/sec
	Aspirating 9.0 uL from A2 of Microamp 96 Well Plate 100 µL on 4 at 7.56 uL/sec
	Dispensing 9.0 uL into A2 of Microamp 96 Well Plate 100 µL on 4 at 7.56 uL/sec
Blowing out at A2 of Microamp 96 Well Plate 100 µL on 4
Dropping tip into A1 of Opentrons Fixed Trash on 12


Picking up tip from B2 of Opentrons OT-2 96 Filter Tip Rack 20 µL on 5
Aspirating 2.4 uL from B2 of Nunc 96 Well Plate 450 µL on 2 at 7.56 uL/sec
Delaying for 0 minutes and 5.0 seconds
Air gap
	Aspirating 5.0 uL from B2 of Nunc 96 Well Plate 450 µL on 2 at 7.56 uL/sec
Touching tip
Dispensing 7.4 uL into B2 of Microamp 96 Well Plate 100 µL on 4 at 7.56 uL/sec
Mixing 6 times with a volume of 9.0 ul
	Aspirating 9.0 uL from B2 of Microamp 96 Well Plate 100 µL on 4 at 7.56 uL/sec
	Dispensing 9.0 uL into B2 of Microamp 96 Well Plate 100 µL on 4 at 7.56 uL/sec
	Aspirating 9.0 uL from B2 of Microamp 96 Well Plate 100 µL on 4 at 7.56 uL/sec
	Dispensing 9.0 uL into B2 of Microamp 96 Well Plate 100 µL on 4 at 7.56 uL/sec
	Aspirating 9.0 uL from B2 of Microamp 96 Well Plate 100 µL on 4 at 7.56 uL/sec
	Dispensing 9.0 uL into B2 of Microamp 96 Well Plate 100 µL on 4 at 7.56 uL/sec
	Aspirating 9.0 uL from B2 of Microamp 96 Well Plate 100 µL on 4 at 7.56 uL/sec
	Dispensing 9.0 uL into B2 of Microamp 96 Well Plate 100 µL on 4 at 7.56 uL/sec
	Aspirating 9.0 uL from B2 of Microamp 96 Well Plate 100 µL on 4 at 7.56 uL/sec
	Dispensing 9.0 uL into B2 of Microamp 96 Well Plate 100 µL on 4 at 7.56 uL/sec
	Aspirating 9.0 uL from B2 of Microamp 96 Well Plate 100 µL on 4 at 7.56 uL/sec
	Dispensing 9.0 uL into B2 of Microamp 96 Well Plate 100 µL on 4 at 7.56 uL/sec
Blowing out at B2 of Microamp 96 Well Plate 100 µL on 4
Dropping tip into A1 of Opentrons Fixed Trash on 12


Picking up tip from C2 of Opentrons OT-2 96 Filter Tip Rack 20 µL on 5
Aspirating 2.4 uL from C2 of Nunc 96 Well Plate 450 µL on 2 at 7.56 uL/sec
Delaying for 0 minutes and 5.0 seconds
Air gap
	Aspirating 5.0 uL from C2 of Nunc 96 Well Plate 450 µL on 2 at 7.56 uL/sec
Touching tip
Dispensing 7.4 uL into C2 of Microamp 96 Well Plate 100 µL on 4 at 7.56 uL/sec
Mixing 6 times with a volume of 9.0 ul
	Aspirating 9.0 uL from C2 of Microamp 96 Well Plate 100 µL on 4 at 7.56 uL/sec
	Dispensing 9.0 uL into C2 of Microamp 96 Well Plate 100 µL on 4 at 7.56 uL/sec
	Aspirating 9.0 uL from C2 of Microamp 96 Well Plate 100 µL on 4 at 7.56 uL/sec
	Dispensing 9.0 uL into C2 of Microamp 96 Well Plate 100 µL on 4 at 7.56 uL/sec
	Aspirating 9.0 uL from C2 of Microamp 96 Well Plate 100 µL on 4 at 7.56 uL/sec
	Dispensing 9.0 uL into C2 of Microamp 96 Well Plate 100 µL on 4 at 7.56 uL/sec
	Aspirating 9.0 uL from C2 of Microamp 96 Well Plate 100 µL on 4 at 7.56 uL/sec
	Dispensing 9.0 uL into C2 of Microamp 96 Well Plate 100 µL on 4 at 7.56 uL/sec
	Aspirating 9.0 uL from C2 of Microamp 96 Well Plate 100 µL on 4 at 7.56 uL/sec
	Dispensing 9.0 uL into C2 of Microamp 96 Well Plate 100 µL on 4 at 7.56 uL/sec
	Aspirating 9.0 uL from C2 of Microamp 96 Well Plate 100 µL on 4 at 7.56 uL/sec
	Dispensing 9.0 uL into C2 of Microamp 96 Well Plate 100 µL on 4 at 7.56 uL/sec
Blowing out at C2 of Microamp 96 Well Plate 100 µL on 4
Dropping tip into A1 of Opentrons Fixed Trash on 12


Picking up tip from D2 of Opentrons OT-2 96 Filter Tip Rack 20 µL on 5
Aspirating 2.4 uL from D2 of Nunc 96 Well Plate 450 µL on 2 at 7.56 uL/sec
Delaying for 0 minutes and 5.0 seconds
Air gap
	Aspirating 5.0 uL from D2 of Nunc 96 Well Plate 450 µL on 2 at 7.56 uL/sec
Touching tip
Dispensing 7.4 uL into D2 of Microamp 96 Well Plate 100 µL on 4 at 7.56 uL/sec
Mixing 6 times with a volume of 9.0 ul
	Aspirating 9.0 uL from D2 of Microamp 96 Well Plate 100 µL on 4 at 7.56 uL/sec
	Dispensing 9.0 uL into D2 of Microamp 96 Well Plate 100 µL on 4 at 7.56 uL/sec
	Aspirating 9.0 uL from D2 of Microamp 96 Well Plate 100 µL on 4 at 7.56 uL/sec
	Dispensing 9.0 uL into D2 of Microamp 96 Well Plate 100 µL on 4 at 7.56 uL/sec
	Aspirating 9.0 uL from D2 of Microamp 96 Well Plate 100 µL on 4 at 7.56 uL/sec
	Dispensing 9.0 uL into D2 of Microamp 96 Well Plate 100 µL on 4 at 7.56 uL/sec
	Aspirating 9.0 uL from D2 of Microamp 96 Well Plate 100 µL on 4 at 7.56 uL/sec
	Dispensing 9.0 uL into D2 of Microamp 96 Well Plate 100 µL on 4 at 7.56 uL/sec
	Aspirating 9.0 uL from D2 of Microamp 96 Well Plate 100 µL on 4 at 7.56 uL/sec
	Dispensing 9.0 uL into D2 of Microamp 96 Well Plate 100 µL on 4 at 7.56 uL/sec
	Aspirating 9.0 uL from D2 of Microamp 96 Well Plate 100 µL on 4 at 7.56 uL/sec
	Dispensing 9.0 uL into D2 of Microamp 96 Well Plate 100 µL on 4 at 7.56 uL/sec
Blowing out at D2 of Microamp 96 Well Plate 100 µL on 4
Dropping tip into A1 of Opentrons Fixed Trash on 12


Picking up tip from E2 of Opentrons OT-2 96 Filter Tip Rack 20 µL on 5
Aspirating 2.4 uL from E2 of Nunc 96 Well Plate 450 µL on 2 at 7.56 uL/sec
Delaying for 0 minutes and 5.0 seconds
Air gap
	Aspirating 5.0 uL from E2 of Nunc 96 Well Plate 450 µL on 2 at 7.56 uL/sec
Touching tip
Dispensing 7.4 uL into E2 of Microamp 96 Well Plate 100 µL on 4 at 7.56 uL/sec
Mixing 6 times with a volume of 9.0 ul
	Aspirating 9.0 uL from E2 of Microamp 96 Well Plate 100 µL on 4 at 7.56 uL/sec
	Dispensing 9.0 uL into E2 of Microamp 96 Well Plate 100 µL on 4 at 7.56 uL/sec
	Aspirating 9.0 uL from E2 of Microamp 96 Well Plate 100 µL on 4 at 7.56 uL/sec
	Dispensing 9.0 uL into E2 of Microamp 96 Well Plate 100 µL on 4 at 7.56 uL/sec
	Aspirating 9.0 uL from E2 of Microamp 96 Well Plate 100 µL on 4 at 7.56 uL/sec
	Dispensing 9.0 uL into E2 of Microamp 96 Well Plate 100 µL on 4 at 7.56 uL/sec
	Aspirating 9.0 uL from E2 of Microamp 96 Well Plate 100 µL on 4 at 7.56 uL/sec
	Dispensing 9.0 uL into E2 of Microamp 96 Well Plate 100 µL on 4 at 7.56 uL/sec
	Aspirating 9.0 uL from E2 of Microamp 96 Well Plate 100 µL on 4 at 7.56 uL/sec
	Dispensing 9.0 uL into E2 of Microamp 96 Well Plate 100 µL on 4 at 7.56 uL/sec
	Aspirating 9.0 uL from E2 of Microamp 96 Well Plate 100 µL on 4 at 7.56 uL/sec
	Dispensing 9.0 uL into E2 of Microamp 96 Well Plate 100 µL on 4 at 7.56 uL/sec
Blowing out at E2 of Microamp 96 Well Plate 100 µL on 4
Dropping tip into A1 of Opentrons Fixed Trash on 12


Picking up tip from F2 of Opentrons OT-2 96 Filter Tip Rack 20 µL on 5
Aspirating 2.4 uL from F2 of Nunc 96 Well Plate 450 µL on 2 at 7.56 uL/sec
Delaying for 0 minutes and 5.0 seconds
Air gap
	Aspirating 5.0 uL from F2 of Nunc 96 Well Plate 450 µL on 2 at 7.56 uL/sec
Touching tip
Dispensing 7.4 uL into F2 of Microamp 96 Well Plate 100 µL on 4 at 7.56 uL/sec
Mixing 6 times with a volume of 9.0 ul
	Aspirating 9.0 uL from F2 of Microamp 96 Well Plate 100 µL on 4 at 7.56 uL/sec
	Dispensing 9.0 uL into F2 of Microamp 96 Well Plate 100 µL on 4 at 7.56 uL/sec
	Aspirating 9.0 uL from F2 of Microamp 96 Well Plate 100 µL on 4 at 7.56 uL/sec
	Dispensing 9.0 uL into F2 of Microamp 96 Well Plate 100 µL on 4 at 7.56 uL/sec
	Aspirating 9.0 uL from F2 of Microamp 96 Well Plate 100 µL on 4 at 7.56 uL/sec
	Dispensing 9.0 uL into F2 of Microamp 96 Well Plate 100 µL on 4 at 7.56 uL/sec
	Aspirating 9.0 uL from F2 of Microamp 96 Well Plate 100 µL on 4 at 7.56 uL/sec
	Dispensing 9.0 uL into F2 of Microamp 96 Well Plate 100 µL on 4 at 7.56 uL/sec
	Aspirating 9.0 uL from F2 of Microamp 96 Well Plate 100 µL on 4 at 7.56 uL/sec
	Dispensing 9.0 uL into F2 of Microamp 96 Well Plate 100 µL on 4 at 7.56 uL/sec
	Aspirating 9.0 uL from F2 of Microamp 96 Well Plate 100 µL on 4 at 7.56 uL/sec
	Dispensing 9.0 uL into F2 of Microamp 96 Well Plate 100 µL on 4 at 7.56 uL/sec
Blowing out at F2 of Microamp 96 Well Plate 100 µL on 4
Dropping tip into A1 of Opentrons Fixed Trash on 12


Picking up tip from G2 of Opentrons OT-2 96 Filter Tip Rack 20 µL on 5
Aspirating 2.4 uL from G2 of Nunc 96 Well Plate 450 µL on 2 at 7.56 uL/sec
Delaying for 0 minutes and 5.0 seconds
Air gap
	Aspirating 5.0 uL from G2 of Nunc 96 Well Plate 450 µL on 2 at 7.56 uL/sec
Touching tip
Dispensing 7.4 uL into G2 of Microamp 96 Well Plate 100 µL on 4 at 7.56 uL/sec
Mixing 6 times with a volume of 9.0 ul
	Aspirating 9.0 uL from G2 of Microamp 96 Well Plate 100 µL on 4 at 7.56 uL/sec
	Dispensing 9.0 uL into G2 of Microamp 96 Well Plate 100 µL on 4 at 7.56 uL/sec
	Aspirating 9.0 uL from G2 of Microamp 96 Well Plate 100 µL on 4 at 7.56 uL/sec
	Dispensing 9.0 uL into G2 of Microamp 96 Well Plate 100 µL on 4 at 7.56 uL/sec
	Aspirating 9.0 uL from G2 of Microamp 96 Well Plate 100 µL on 4 at 7.56 uL/sec
	Dispensing 9.0 uL into G2 of Microamp 96 Well Plate 100 µL on 4 at 7.56 uL/sec
	Aspirating 9.0 uL from G2 of Microamp 96 Well Plate 100 µL on 4 at 7.56 uL/sec
	Dispensing 9.0 uL into G2 of Microamp 96 Well Plate 100 µL on 4 at 7.56 uL/sec
	Aspirating 9.0 uL from G2 of Microamp 96 Well Plate 100 µL on 4 at 7.56 uL/sec
	Dispensing 9.0 uL into G2 of Microamp 96 Well Plate 100 µL on 4 at 7.56 uL/sec
	Aspirating 9.0 uL from G2 of Microamp 96 Well Plate 100 µL on 4 at 7.56 uL/sec
	Dispensing 9.0 uL into G2 of Microamp 96 Well Plate 100 µL on 4 at 7.56 uL/sec
Blowing out at G2 of Microamp 96 Well Plate 100 µL on 4
Dropping tip into A1 of Opentrons Fixed Trash on 12


Caught exception: {'message': 'Task was destroyed but it is pending!', 'task': <Task pending name='Task-2' coro=<Poller._poll_forever() running at /Users/dp/Desktop/project/github/opentrons/venv/lib/python3.10/site-packages/opentrons/hardware_control/poller.py:80> wait_for=<Future pending cb=[Task.task_wakeup()]>>}
Caught exception: {'message': 'Task was destroyed but it is pending!', 'task': <Task pending name='Task-4' coro=<Poller._poll_forever() running at /Users/dp/Desktop/project/github/opentrons/venv/lib/python3.10/site-packages/opentrons/hardware_control/poller.py:80> wait_for=<Future pending cb=[Task.task_wakeup()]>>}
Caught exception: {'message': 'Task was destroyed but it is pending!', 'task': <Task pending name='Task-3' coro=<Poller._poll_forever() running at /Users/dp/Desktop/project/github/opentrons/venv/lib/python3.10/site-packages/opentrons/hardware_control/poller.py:80> wait_for=<Future pending cb=[Task.task_wakeup()]>>}
