/Users/dp/Desktop/project/github/opentrons/venv/lib/python3.10/site-packages/opentrons/hardware_control/simulator_setup.py:205: UserWarning: Simulator configuration does not name a machine, defaulting to OT-2 Standard
  warn(
/Users/dp/.opentrons/robot_settings.json not found. Loading defaults
Deck calibration not found.
/Users/dp/.opentrons/deck_calibration.json not found. Loading defaults
Picking up tip from A1 of Opentrons OT-2 96 Filter Tip Rack 200 µL on 2
Aspirating 80.0 uL from A1 of NEST 12 Well Reservoir 15 mL on 1 at 94.0 uL/sec
Dispensing 80.0 uL into A1 of Nunc 96 Well Plate 450 µL on 3 at 94.0 uL/sec
Blowing out at A1 of Nunc 96 Well Plate 450 µL on 3
Touching tip
Aspirating 80.0 uL from A1 of NEST 12 Well Reservoir 15 mL on 1 at 94.0 uL/sec
Dispensing 80.0 uL into A2 of Nunc 96 Well Plate 450 µL on 3 at 94.0 uL/sec
Blowing out at A2 of Nunc 96 Well Plate 450 µL on 3
Touching tip
Aspirating 80.0 uL from A1 of NEST 12 Well Reservoir 15 mL on 1 at 94.0 uL/sec
Dispensing 80.0 uL into A3 of Nunc 96 Well Plate 450 µL on 3 at 94.0 uL/sec
Blowing out at A3 of Nunc 96 Well Plate 450 µL on 3
Touching tip
Aspirating 80.0 uL from A1 of NEST 12 Well Reservoir 15 mL on 1 at 94.0 uL/sec
Dispensing 80.0 uL into A4 of Nunc 96 Well Plate 450 µL on 3 at 94.0 uL/sec
Blowing out at A4 of Nunc 96 Well Plate 450 µL on 3
Touching tip
Aspirating 80.0 uL from A1 of NEST 12 Well Reservoir 15 mL on 1 at 94.0 uL/sec
Dispensing 80.0 uL into A5 of Nunc 96 Well Plate 450 µL on 3 at 94.0 uL/sec
Blowing out at A5 of Nunc 96 Well Plate 450 µL on 3
Touching tip
Aspirating 80.0 uL from A1 of NEST 12 Well Reservoir 15 mL on 1 at 94.0 uL/sec
Dispensing 80.0 uL into A6 of Nunc 96 Well Plate 450 µL on 3 at 94.0 uL/sec
Blowing out at A6 of Nunc 96 Well Plate 450 µL on 3
Touching tip
Aspirating 80.0 uL from A1 of NEST 12 Well Reservoir 15 mL on 1 at 94.0 uL/sec
Dispensing 80.0 uL into A7 of Nunc 96 Well Plate 450 µL on 3 at 94.0 uL/sec
Blowing out at A7 of Nunc 96 Well Plate 450 µL on 3
Touching tip
Aspirating 80.0 uL from A1 of NEST 12 Well Reservoir 15 mL on 1 at 94.0 uL/sec
Dispensing 80.0 uL into A8 of Nunc 96 Well Plate 450 µL on 3 at 94.0 uL/sec
Blowing out at A8 of Nunc 96 Well Plate 450 µL on 3
Touching tip
Aspirating 80.0 uL from A1 of NEST 12 Well Reservoir 15 mL on 1 at 94.0 uL/sec
Dispensing 80.0 uL into A9 of Nunc 96 Well Plate 450 µL on 3 at 94.0 uL/sec
Blowing out at A9 of Nunc 96 Well Plate 450 µL on 3
Touching tip
Aspirating 80.0 uL from A1 of NEST 12 Well Reservoir 15 mL on 1 at 94.0 uL/sec
Dispensing 80.0 uL into A10 of Nunc 96 Well Plate 450 µL on 3 at 94.0 uL/sec
Blowing out at A10 of Nunc 96 Well Plate 450 µL on 3
Touching tip
Aspirating 80.0 uL from A1 of NEST 12 Well Reservoir 15 mL on 1 at 94.0 uL/sec
Dispensing 80.0 uL into A11 of Nunc 96 Well Plate 450 µL on 3 at 94.0 uL/sec
Blowing out at A11 of Nunc 96 Well Plate 450 µL on 3
Touching tip
Aspirating 80.0 uL from A1 of NEST 12 Well Reservoir 15 mL on 1 at 94.0 uL/sec
Dispensing 80.0 uL into A12 of Nunc 96 Well Plate 450 µL on 3 at 94.0 uL/sec
Blowing out at A12 of Nunc 96 Well Plate 450 µL on 3
Touching tip
Aspirating 80.0 uL from A2 of NEST 12 Well Reservoir 15 mL on 1 at 94.0 uL/sec
Dispensing 80.0 uL into A1 of Nunc 96 Well Plate 450 µL on 4 at 94.0 uL/sec
Blowing out at A1 of Nunc 96 Well Plate 450 µL on 4
Touching tip
Aspirating 80.0 uL from A2 of NEST 12 Well Reservoir 15 mL on 1 at 94.0 uL/sec
Dispensing 80.0 uL into A2 of Nunc 96 Well Plate 450 µL on 4 at 94.0 uL/sec
Blowing out at A2 of Nunc 96 Well Plate 450 µL on 4
Touching tip
Aspirating 80.0 uL from A2 of NEST 12 Well Reservoir 15 mL on 1 at 94.0 uL/sec
Dispensing 80.0 uL into A3 of Nunc 96 Well Plate 450 µL on 4 at 94.0 uL/sec
Blowing out at A3 of Nunc 96 Well Plate 450 µL on 4
Touching tip
Aspirating 80.0 uL from A2 of NEST 12 Well Reservoir 15 mL on 1 at 94.0 uL/sec
Dispensing 80.0 uL into A4 of Nunc 96 Well Plate 450 µL on 4 at 94.0 uL/sec
Blowing out at A4 of Nunc 96 Well Plate 450 µL on 4
Touching tip
Aspirating 80.0 uL from A2 of NEST 12 Well Reservoir 15 mL on 1 at 94.0 uL/sec
Dispensing 80.0 uL into A5 of Nunc 96 Well Plate 450 µL on 4 at 94.0 uL/sec
Blowing out at A5 of Nunc 96 Well Plate 450 µL on 4
Touching tip
Aspirating 80.0 uL from A2 of NEST 12 Well Reservoir 15 mL on 1 at 94.0 uL/sec
Dispensing 80.0 uL into A6 of Nunc 96 Well Plate 450 µL on 4 at 94.0 uL/sec
Blowing out at A6 of Nunc 96 Well Plate 450 µL on 4
Touching tip
Aspirating 80.0 uL from A2 of NEST 12 Well Reservoir 15 mL on 1 at 94.0 uL/sec
Dispensing 80.0 uL into A7 of Nunc 96 Well Plate 450 µL on 4 at 94.0 uL/sec
Blowing out at A7 of Nunc 96 Well Plate 450 µL on 4
Touching tip
Aspirating 80.0 uL from A2 of NEST 12 Well Reservoir 15 mL on 1 at 94.0 uL/sec
Dispensing 80.0 uL into A8 of Nunc 96 Well Plate 450 µL on 4 at 94.0 uL/sec
Blowing out at A8 of Nunc 96 Well Plate 450 µL on 4
Touching tip
Aspirating 80.0 uL from A2 of NEST 12 Well Reservoir 15 mL on 1 at 94.0 uL/sec
Dispensing 80.0 uL into A9 of Nunc 96 Well Plate 450 µL on 4 at 94.0 uL/sec
Blowing out at A9 of Nunc 96 Well Plate 450 µL on 4
Touching tip
Aspirating 80.0 uL from A2 of NEST 12 Well Reservoir 15 mL on 1 at 94.0 uL/sec
Dispensing 80.0 uL into A10 of Nunc 96 Well Plate 450 µL on 4 at 94.0 uL/sec
Blowing out at A10 of Nunc 96 Well Plate 450 µL on 4
Touching tip
Aspirating 80.0 uL from A2 of NEST 12 Well Reservoir 15 mL on 1 at 94.0 uL/sec
Dispensing 80.0 uL into A11 of Nunc 96 Well Plate 450 µL on 4 at 94.0 uL/sec
Blowing out at A11 of Nunc 96 Well Plate 450 µL on 4
Touching tip
Aspirating 80.0 uL from A2 of NEST 12 Well Reservoir 15 mL on 1 at 94.0 uL/sec
Dispensing 80.0 uL into A12 of Nunc 96 Well Plate 450 µL on 4 at 94.0 uL/sec
Blowing out at A12 of Nunc 96 Well Plate 450 µL on 4
Touching tip
Aspirating 80.0 uL from A3 of NEST 12 Well Reservoir 15 mL on 1 at 94.0 uL/sec
Dispensing 80.0 uL into A1 of Nunc 96 Well Plate 450 µL on 5 at 94.0 uL/sec
Blowing out at A1 of Nunc 96 Well Plate 450 µL on 5
Touching tip
Aspirating 80.0 uL from A3 of NEST 12 Well Reservoir 15 mL on 1 at 94.0 uL/sec
Dispensing 80.0 uL into A2 of Nunc 96 Well Plate 450 µL on 5 at 94.0 uL/sec
Blowing out at A2 of Nunc 96 Well Plate 450 µL on 5
Touching tip
Aspirating 80.0 uL from A3 of NEST 12 Well Reservoir 15 mL on 1 at 94.0 uL/sec
Dispensing 80.0 uL into A3 of Nunc 96 Well Plate 450 µL on 5 at 94.0 uL/sec
Blowing out at A3 of Nunc 96 Well Plate 450 µL on 5
Touching tip
Aspirating 80.0 uL from A3 of NEST 12 Well Reservoir 15 mL on 1 at 94.0 uL/sec
Dispensing 80.0 uL into A4 of Nunc 96 Well Plate 450 µL on 5 at 94.0 uL/sec
Blowing out at A4 of Nunc 96 Well Plate 450 µL on 5
Touching tip
Aspirating 80.0 uL from A3 of NEST 12 Well Reservoir 15 mL on 1 at 94.0 uL/sec
Dispensing 80.0 uL into A5 of Nunc 96 Well Plate 450 µL on 5 at 94.0 uL/sec
Blowing out at A5 of Nunc 96 Well Plate 450 µL on 5
Touching tip
Aspirating 80.0 uL from A3 of NEST 12 Well Reservoir 15 mL on 1 at 94.0 uL/sec
Dispensing 80.0 uL into A6 of Nunc 96 Well Plate 450 µL on 5 at 94.0 uL/sec
Blowing out at A6 of Nunc 96 Well Plate 450 µL on 5
Touching tip
Aspirating 80.0 uL from A3 of NEST 12 Well Reservoir 15 mL on 1 at 94.0 uL/sec
Dispensing 80.0 uL into A7 of Nunc 96 Well Plate 450 µL on 5 at 94.0 uL/sec
Blowing out at A7 of Nunc 96 Well Plate 450 µL on 5
Touching tip
Aspirating 80.0 uL from A3 of NEST 12 Well Reservoir 15 mL on 1 at 94.0 uL/sec
Dispensing 80.0 uL into A8 of Nunc 96 Well Plate 450 µL on 5 at 94.0 uL/sec
Blowing out at A8 of Nunc 96 Well Plate 450 µL on 5
Touching tip
Aspirating 80.0 uL from A3 of NEST 12 Well Reservoir 15 mL on 1 at 94.0 uL/sec
Dispensing 80.0 uL into A9 of Nunc 96 Well Plate 450 µL on 5 at 94.0 uL/sec
Blowing out at A9 of Nunc 96 Well Plate 450 µL on 5
Touching tip
Aspirating 80.0 uL from A3 of NEST 12 Well Reservoir 15 mL on 1 at 94.0 uL/sec
Dispensing 80.0 uL into A10 of Nunc 96 Well Plate 450 µL on 5 at 94.0 uL/sec
Blowing out at A10 of Nunc 96 Well Plate 450 µL on 5
Touching tip
Aspirating 80.0 uL from A3 of NEST 12 Well Reservoir 15 mL on 1 at 94.0 uL/sec
Dispensing 80.0 uL into A11 of Nunc 96 Well Plate 450 µL on 5 at 94.0 uL/sec
Blowing out at A11 of Nunc 96 Well Plate 450 µL on 5
Touching tip
Aspirating 80.0 uL from A3 of NEST 12 Well Reservoir 15 mL on 1 at 94.0 uL/sec
Dispensing 80.0 uL into A12 of Nunc 96 Well Plate 450 µL on 5 at 94.0 uL/sec
Blowing out at A12 of Nunc 96 Well Plate 450 µL on 5
Touching tip
Aspirating 80.0 uL from A4 of NEST 12 Well Reservoir 15 mL on 1 at 94.0 uL/sec
Dispensing 80.0 uL into A1 of Nunc 96 Well Plate 450 µL on 6 at 94.0 uL/sec
Blowing out at A1 of Nunc 96 Well Plate 450 µL on 6
Touching tip
Aspirating 80.0 uL from A4 of NEST 12 Well Reservoir 15 mL on 1 at 94.0 uL/sec
Dispensing 80.0 uL into A2 of Nunc 96 Well Plate 450 µL on 6 at 94.0 uL/sec
Blowing out at A2 of Nunc 96 Well Plate 450 µL on 6
Touching tip
Aspirating 80.0 uL from A4 of NEST 12 Well Reservoir 15 mL on 1 at 94.0 uL/sec
Dispensing 80.0 uL into A3 of Nunc 96 Well Plate 450 µL on 6 at 94.0 uL/sec
Blowing out at A3 of Nunc 96 Well Plate 450 µL on 6
Touching tip
Aspirating 80.0 uL from A4 of NEST 12 Well Reservoir 15 mL on 1 at 94.0 uL/sec
Dispensing 80.0 uL into A4 of Nunc 96 Well Plate 450 µL on 6 at 94.0 uL/sec
Blowing out at A4 of Nunc 96 Well Plate 450 µL on 6
Touching tip
Aspirating 80.0 uL from A4 of NEST 12 Well Reservoir 15 mL on 1 at 94.0 uL/sec
Dispensing 80.0 uL into A5 of Nunc 96 Well Plate 450 µL on 6 at 94.0 uL/sec
Blowing out at A5 of Nunc 96 Well Plate 450 µL on 6
Touching tip
Aspirating 80.0 uL from A4 of NEST 12 Well Reservoir 15 mL on 1 at 94.0 uL/sec
Dispensing 80.0 uL into A6 of Nunc 96 Well Plate 450 µL on 6 at 94.0 uL/sec
Blowing out at A6 of Nunc 96 Well Plate 450 µL on 6
Touching tip
Aspirating 80.0 uL from A4 of NEST 12 Well Reservoir 15 mL on 1 at 94.0 uL/sec
Dispensing 80.0 uL into A7 of Nunc 96 Well Plate 450 µL on 6 at 94.0 uL/sec
Blowing out at A7 of Nunc 96 Well Plate 450 µL on 6
Touching tip
Aspirating 80.0 uL from A4 of NEST 12 Well Reservoir 15 mL on 1 at 94.0 uL/sec
Dispensing 80.0 uL into A8 of Nunc 96 Well Plate 450 µL on 6 at 94.0 uL/sec
Blowing out at A8 of Nunc 96 Well Plate 450 µL on 6
Touching tip
Aspirating 80.0 uL from A4 of NEST 12 Well Reservoir 15 mL on 1 at 94.0 uL/sec
Dispensing 80.0 uL into A9 of Nunc 96 Well Plate 450 µL on 6 at 94.0 uL/sec
Blowing out at A9 of Nunc 96 Well Plate 450 µL on 6
Touching tip
Aspirating 80.0 uL from A4 of NEST 12 Well Reservoir 15 mL on 1 at 94.0 uL/sec
Dispensing 80.0 uL into A10 of Nunc 96 Well Plate 450 µL on 6 at 94.0 uL/sec
Blowing out at A10 of Nunc 96 Well Plate 450 µL on 6
Touching tip
Aspirating 80.0 uL from A4 of NEST 12 Well Reservoir 15 mL on 1 at 94.0 uL/sec
Dispensing 80.0 uL into A11 of Nunc 96 Well Plate 450 µL on 6 at 94.0 uL/sec
Blowing out at A11 of Nunc 96 Well Plate 450 µL on 6
Touching tip
Aspirating 80.0 uL from A4 of NEST 12 Well Reservoir 15 mL on 1 at 94.0 uL/sec
Dispensing 80.0 uL into A12 of Nunc 96 Well Plate 450 µL on 6 at 94.0 uL/sec
Blowing out at A12 of Nunc 96 Well Plate 450 µL on 6
Touching tip
Aspirating 80.0 uL from A5 of NEST 12 Well Reservoir 15 mL on 1 at 94.0 uL/sec
Dispensing 80.0 uL into A1 of Nunc 96 Well Plate 450 µL on 7 at 94.0 uL/sec
Blowing out at A1 of Nunc 96 Well Plate 450 µL on 7
Touching tip
Aspirating 80.0 uL from A5 of NEST 12 Well Reservoir 15 mL on 1 at 94.0 uL/sec
Dispensing 80.0 uL into A2 of Nunc 96 Well Plate 450 µL on 7 at 94.0 uL/sec
Blowing out at A2 of Nunc 96 Well Plate 450 µL on 7
Touching tip
Aspirating 80.0 uL from A5 of NEST 12 Well Reservoir 15 mL on 1 at 94.0 uL/sec
Dispensing 80.0 uL into A3 of Nunc 96 Well Plate 450 µL on 7 at 94.0 uL/sec
Blowing out at A3 of Nunc 96 Well Plate 450 µL on 7
Touching tip
Aspirating 80.0 uL from A5 of NEST 12 Well Reservoir 15 mL on 1 at 94.0 uL/sec
Dispensing 80.0 uL into A4 of Nunc 96 Well Plate 450 µL on 7 at 94.0 uL/sec
Blowing out at A4 of Nunc 96 Well Plate 450 µL on 7
Touching tip
Aspirating 80.0 uL from A5 of NEST 12 Well Reservoir 15 mL on 1 at 94.0 uL/sec
Dispensing 80.0 uL into A5 of Nunc 96 Well Plate 450 µL on 7 at 94.0 uL/sec
Blowing out at A5 of Nunc 96 Well Plate 450 µL on 7
Touching tip
Aspirating 80.0 uL from A5 of NEST 12 Well Reservoir 15 mL on 1 at 94.0 uL/sec
Dispensing 80.0 uL into A6 of Nunc 96 Well Plate 450 µL on 7 at 94.0 uL/sec
Blowing out at A6 of Nunc 96 Well Plate 450 µL on 7
Touching tip
Aspirating 80.0 uL from A5 of NEST 12 Well Reservoir 15 mL on 1 at 94.0 uL/sec
Dispensing 80.0 uL into A7 of Nunc 96 Well Plate 450 µL on 7 at 94.0 uL/sec
Blowing out at A7 of Nunc 96 Well Plate 450 µL on 7
Touching tip
Aspirating 80.0 uL from A5 of NEST 12 Well Reservoir 15 mL on 1 at 94.0 uL/sec
Dispensing 80.0 uL into A8 of Nunc 96 Well Plate 450 µL on 7 at 94.0 uL/sec
Blowing out at A8 of Nunc 96 Well Plate 450 µL on 7
Touching tip
Aspirating 80.0 uL from A5 of NEST 12 Well Reservoir 15 mL on 1 at 94.0 uL/sec
Dispensing 80.0 uL into A9 of Nunc 96 Well Plate 450 µL on 7 at 94.0 uL/sec
Blowing out at A9 of Nunc 96 Well Plate 450 µL on 7
Touching tip
Aspirating 80.0 uL from A5 of NEST 12 Well Reservoir 15 mL on 1 at 94.0 uL/sec
Dispensing 80.0 uL into A10 of Nunc 96 Well Plate 450 µL on 7 at 94.0 uL/sec
Blowing out at A10 of Nunc 96 Well Plate 450 µL on 7
Touching tip
Aspirating 80.0 uL from A5 of NEST 12 Well Reservoir 15 mL on 1 at 94.0 uL/sec
Dispensing 80.0 uL into A11 of Nunc 96 Well Plate 450 µL on 7 at 94.0 uL/sec
Blowing out at A11 of Nunc 96 Well Plate 450 µL on 7
Touching tip
Aspirating 80.0 uL from A5 of NEST 12 Well Reservoir 15 mL on 1 at 94.0 uL/sec
Dispensing 80.0 uL into A12 of Nunc 96 Well Plate 450 µL on 7 at 94.0 uL/sec
Blowing out at A12 of Nunc 96 Well Plate 450 µL on 7
Touching tip
Aspirating 80.0 uL from A6 of NEST 12 Well Reservoir 15 mL on 1 at 94.0 uL/sec
Dispensing 80.0 uL into A1 of Nunc 96 Well Plate 450 µL on 8 at 94.0 uL/sec
Blowing out at A1 of Nunc 96 Well Plate 450 µL on 8
Touching tip
Aspirating 80.0 uL from A6 of NEST 12 Well Reservoir 15 mL on 1 at 94.0 uL/sec
Dispensing 80.0 uL into A2 of Nunc 96 Well Plate 450 µL on 8 at 94.0 uL/sec
Blowing out at A2 of Nunc 96 Well Plate 450 µL on 8
Touching tip
Aspirating 80.0 uL from A6 of NEST 12 Well Reservoir 15 mL on 1 at 94.0 uL/sec
Dispensing 80.0 uL into A3 of Nunc 96 Well Plate 450 µL on 8 at 94.0 uL/sec
Blowing out at A3 of Nunc 96 Well Plate 450 µL on 8
Touching tip
Aspirating 80.0 uL from A6 of NEST 12 Well Reservoir 15 mL on 1 at 94.0 uL/sec
Dispensing 80.0 uL into A4 of Nunc 96 Well Plate 450 µL on 8 at 94.0 uL/sec
Blowing out at A4 of Nunc 96 Well Plate 450 µL on 8
Touching tip
Aspirating 80.0 uL from A6 of NEST 12 Well Reservoir 15 mL on 1 at 94.0 uL/sec
Dispensing 80.0 uL into A5 of Nunc 96 Well Plate 450 µL on 8 at 94.0 uL/sec
Blowing out at A5 of Nunc 96 Well Plate 450 µL on 8
Touching tip
Aspirating 80.0 uL from A6 of NEST 12 Well Reservoir 15 mL on 1 at 94.0 uL/sec
Dispensing 80.0 uL into A6 of Nunc 96 Well Plate 450 µL on 8 at 94.0 uL/sec
Blowing out at A6 of Nunc 96 Well Plate 450 µL on 8
Touching tip
Aspirating 80.0 uL from A6 of NEST 12 Well Reservoir 15 mL on 1 at 94.0 uL/sec
Dispensing 80.0 uL into A7 of Nunc 96 Well Plate 450 µL on 8 at 94.0 uL/sec
Blowing out at A7 of Nunc 96 Well Plate 450 µL on 8
Touching tip
Aspirating 80.0 uL from A6 of NEST 12 Well Reservoir 15 mL on 1 at 94.0 uL/sec
Dispensing 80.0 uL into A8 of Nunc 96 Well Plate 450 µL on 8 at 94.0 uL/sec
Blowing out at A8 of Nunc 96 Well Plate 450 µL on 8
Touching tip
Aspirating 80.0 uL from A6 of NEST 12 Well Reservoir 15 mL on 1 at 94.0 uL/sec
Dispensing 80.0 uL into A9 of Nunc 96 Well Plate 450 µL on 8 at 94.0 uL/sec
Blowing out at A9 of Nunc 96 Well Plate 450 µL on 8
Touching tip
Aspirating 80.0 uL from A6 of NEST 12 Well Reservoir 15 mL on 1 at 94.0 uL/sec
Dispensing 80.0 uL into A10 of Nunc 96 Well Plate 450 µL on 8 at 94.0 uL/sec
Blowing out at A10 of Nunc 96 Well Plate 450 µL on 8
Touching tip
Aspirating 80.0 uL from A6 of NEST 12 Well Reservoir 15 mL on 1 at 94.0 uL/sec
Dispensing 80.0 uL into A11 of Nunc 96 Well Plate 450 µL on 8 at 94.0 uL/sec
Blowing out at A11 of Nunc 96 Well Plate 450 µL on 8
Touching tip
Aspirating 80.0 uL from A6 of NEST 12 Well Reservoir 15 mL on 1 at 94.0 uL/sec
Dispensing 80.0 uL into A12 of Nunc 96 Well Plate 450 µL on 8 at 94.0 uL/sec
Blowing out at A12 of Nunc 96 Well Plate 450 µL on 8
Touching tip
Aspirating 80.0 uL from A7 of NEST 12 Well Reservoir 15 mL on 1 at 94.0 uL/sec
Dispensing 80.0 uL into A1 of Nunc 96 Well Plate 450 µL on 9 at 94.0 uL/sec
Blowing out at A1 of Nunc 96 Well Plate 450 µL on 9
Touching tip
Aspirating 80.0 uL from A7 of NEST 12 Well Reservoir 15 mL on 1 at 94.0 uL/sec
Dispensing 80.0 uL into A2 of Nunc 96 Well Plate 450 µL on 9 at 94.0 uL/sec
Blowing out at A2 of Nunc 96 Well Plate 450 µL on 9
Touching tip
Aspirating 80.0 uL from A7 of NEST 12 Well Reservoir 15 mL on 1 at 94.0 uL/sec
Dispensing 80.0 uL into A3 of Nunc 96 Well Plate 450 µL on 9 at 94.0 uL/sec
Blowing out at A3 of Nunc 96 Well Plate 450 µL on 9
Touching tip
Aspirating 80.0 uL from A7 of NEST 12 Well Reservoir 15 mL on 1 at 94.0 uL/sec
Dispensing 80.0 uL into A4 of Nunc 96 Well Plate 450 µL on 9 at 94.0 uL/sec
Blowing out at A4 of Nunc 96 Well Plate 450 µL on 9
Touching tip
Aspirating 80.0 uL from A7 of NEST 12 Well Reservoir 15 mL on 1 at 94.0 uL/sec
Dispensing 80.0 uL into A5 of Nunc 96 Well Plate 450 µL on 9 at 94.0 uL/sec
Blowing out at A5 of Nunc 96 Well Plate 450 µL on 9
Touching tip
Aspirating 80.0 uL from A7 of NEST 12 Well Reservoir 15 mL on 1 at 94.0 uL/sec
Dispensing 80.0 uL into A6 of Nunc 96 Well Plate 450 µL on 9 at 94.0 uL/sec
Blowing out at A6 of Nunc 96 Well Plate 450 µL on 9
Touching tip
Aspirating 80.0 uL from A7 of NEST 12 Well Reservoir 15 mL on 1 at 94.0 uL/sec
Dispensing 80.0 uL into A7 of Nunc 96 Well Plate 450 µL on 9 at 94.0 uL/sec
Blowing out at A7 of Nunc 96 Well Plate 450 µL on 9
Touching tip
Aspirating 80.0 uL from A7 of NEST 12 Well Reservoir 15 mL on 1 at 94.0 uL/sec
Dispensing 80.0 uL into A8 of Nunc 96 Well Plate 450 µL on 9 at 94.0 uL/sec
Blowing out at A8 of Nunc 96 Well Plate 450 µL on 9
Touching tip
Aspirating 80.0 uL from A7 of NEST 12 Well Reservoir 15 mL on 1 at 94.0 uL/sec
Dispensing 80.0 uL into A9 of Nunc 96 Well Plate 450 µL on 9 at 94.0 uL/sec
Blowing out at A9 of Nunc 96 Well Plate 450 µL on 9
Touching tip
Aspirating 80.0 uL from A7 of NEST 12 Well Reservoir 15 mL on 1 at 94.0 uL/sec
Dispensing 80.0 uL into A10 of Nunc 96 Well Plate 450 µL on 9 at 94.0 uL/sec
Blowing out at A10 of Nunc 96 Well Plate 450 µL on 9
Touching tip
Aspirating 80.0 uL from A7 of NEST 12 Well Reservoir 15 mL on 1 at 94.0 uL/sec
Dispensing 80.0 uL into A11 of Nunc 96 Well Plate 450 µL on 9 at 94.0 uL/sec
Blowing out at A11 of Nunc 96 Well Plate 450 µL on 9
Touching tip
Aspirating 80.0 uL from A7 of NEST 12 Well Reservoir 15 mL on 1 at 94.0 uL/sec
Dispensing 80.0 uL into A12 of Nunc 96 Well Plate 450 µL on 9 at 94.0 uL/sec
Blowing out at A12 of Nunc 96 Well Plate 450 µL on 9
Touching tip
Aspirating 80.0 uL from A8 of NEST 12 Well Reservoir 15 mL on 1 at 94.0 uL/sec
Dispensing 80.0 uL into A1 of Nunc 96 Well Plate 450 µL on 10 at 94.0 uL/sec
Blowing out at A1 of Nunc 96 Well Plate 450 µL on 10
Touching tip
Aspirating 80.0 uL from A8 of NEST 12 Well Reservoir 15 mL on 1 at 94.0 uL/sec
Dispensing 80.0 uL into A2 of Nunc 96 Well Plate 450 µL on 10 at 94.0 uL/sec
Blowing out at A2 of Nunc 96 Well Plate 450 µL on 10
Touching tip
Aspirating 80.0 uL from A8 of NEST 12 Well Reservoir 15 mL on 1 at 94.0 uL/sec
Dispensing 80.0 uL into A3 of Nunc 96 Well Plate 450 µL on 10 at 94.0 uL/sec
Blowing out at A3 of Nunc 96 Well Plate 450 µL on 10
Touching tip
Aspirating 80.0 uL from A8 of NEST 12 Well Reservoir 15 mL on 1 at 94.0 uL/sec
Dispensing 80.0 uL into A4 of Nunc 96 Well Plate 450 µL on 10 at 94.0 uL/sec
Blowing out at A4 of Nunc 96 Well Plate 450 µL on 10
Touching tip
Aspirating 80.0 uL from A8 of NEST 12 Well Reservoir 15 mL on 1 at 94.0 uL/sec
Dispensing 80.0 uL into A5 of Nunc 96 Well Plate 450 µL on 10 at 94.0 uL/sec
Blowing out at A5 of Nunc 96 Well Plate 450 µL on 10
Touching tip
Aspirating 80.0 uL from A8 of NEST 12 Well Reservoir 15 mL on 1 at 94.0 uL/sec
Dispensing 80.0 uL into A6 of Nunc 96 Well Plate 450 µL on 10 at 94.0 uL/sec
Blowing out at A6 of Nunc 96 Well Plate 450 µL on 10
Touching tip
Aspirating 80.0 uL from A8 of NEST 12 Well Reservoir 15 mL on 1 at 94.0 uL/sec
Dispensing 80.0 uL into A7 of Nunc 96 Well Plate 450 µL on 10 at 94.0 uL/sec
Blowing out at A7 of Nunc 96 Well Plate 450 µL on 10
Touching tip
Aspirating 80.0 uL from A8 of NEST 12 Well Reservoir 15 mL on 1 at 94.0 uL/sec
Dispensing 80.0 uL into A8 of Nunc 96 Well Plate 450 µL on 10 at 94.0 uL/sec
Blowing out at A8 of Nunc 96 Well Plate 450 µL on 10
Touching tip
Aspirating 80.0 uL from A8 of NEST 12 Well Reservoir 15 mL on 1 at 94.0 uL/sec
Dispensing 80.0 uL into A9 of Nunc 96 Well Plate 450 µL on 10 at 94.0 uL/sec
Blowing out at A9 of Nunc 96 Well Plate 450 µL on 10
Touching tip
Aspirating 80.0 uL from A8 of NEST 12 Well Reservoir 15 mL on 1 at 94.0 uL/sec
Dispensing 80.0 uL into A10 of Nunc 96 Well Plate 450 µL on 10 at 94.0 uL/sec
Blowing out at A10 of Nunc 96 Well Plate 450 µL on 10
Touching tip
Aspirating 80.0 uL from A8 of NEST 12 Well Reservoir 15 mL on 1 at 94.0 uL/sec
Dispensing 80.0 uL into A11 of Nunc 96 Well Plate 450 µL on 10 at 94.0 uL/sec
Blowing out at A11 of Nunc 96 Well Plate 450 µL on 10
Touching tip
Aspirating 80.0 uL from A8 of NEST 12 Well Reservoir 15 mL on 1 at 94.0 uL/sec
Dispensing 80.0 uL into A12 of Nunc 96 Well Plate 450 µL on 10 at 94.0 uL/sec
Blowing out at A12 of Nunc 96 Well Plate 450 µL on 10
Touching tip
Aspirating 80.0 uL from A9 of NEST 12 Well Reservoir 15 mL on 1 at 94.0 uL/sec
Dispensing 80.0 uL into A1 of Nunc 96 Well Plate 450 µL on 11 at 94.0 uL/sec
Blowing out at A1 of Nunc 96 Well Plate 450 µL on 11
Touching tip
Aspirating 80.0 uL from A9 of NEST 12 Well Reservoir 15 mL on 1 at 94.0 uL/sec
Dispensing 80.0 uL into A2 of Nunc 96 Well Plate 450 µL on 11 at 94.0 uL/sec
Blowing out at A2 of Nunc 96 Well Plate 450 µL on 11
Touching tip
Aspirating 80.0 uL from A9 of NEST 12 Well Reservoir 15 mL on 1 at 94.0 uL/sec
Dispensing 80.0 uL into A3 of Nunc 96 Well Plate 450 µL on 11 at 94.0 uL/sec
Blowing out at A3 of Nunc 96 Well Plate 450 µL on 11
Touching tip
Aspirating 80.0 uL from A9 of NEST 12 Well Reservoir 15 mL on 1 at 94.0 uL/sec
Dispensing 80.0 uL into A4 of Nunc 96 Well Plate 450 µL on 11 at 94.0 uL/sec
Blowing out at A4 of Nunc 96 Well Plate 450 µL on 11
Touching tip
Aspirating 80.0 uL from A9 of NEST 12 Well Reservoir 15 mL on 1 at 94.0 uL/sec
Dispensing 80.0 uL into A5 of Nunc 96 Well Plate 450 µL on 11 at 94.0 uL/sec
Blowing out at A5 of Nunc 96 Well Plate 450 µL on 11
Touching tip
Aspirating 80.0 uL from A9 of NEST 12 Well Reservoir 15 mL on 1 at 94.0 uL/sec
Dispensing 80.0 uL into A6 of Nunc 96 Well Plate 450 µL on 11 at 94.0 uL/sec
Blowing out at A6 of Nunc 96 Well Plate 450 µL on 11
Touching tip
Aspirating 80.0 uL from A9 of NEST 12 Well Reservoir 15 mL on 1 at 94.0 uL/sec
Dispensing 80.0 uL into A7 of Nunc 96 Well Plate 450 µL on 11 at 94.0 uL/sec
Blowing out at A7 of Nunc 96 Well Plate 450 µL on 11
Touching tip
Aspirating 80.0 uL from A9 of NEST 12 Well Reservoir 15 mL on 1 at 94.0 uL/sec
Dispensing 80.0 uL into A8 of Nunc 96 Well Plate 450 µL on 11 at 94.0 uL/sec
Blowing out at A8 of Nunc 96 Well Plate 450 µL on 11
Touching tip
Aspirating 80.0 uL from A9 of NEST 12 Well Reservoir 15 mL on 1 at 94.0 uL/sec
Dispensing 80.0 uL into A9 of Nunc 96 Well Plate 450 µL on 11 at 94.0 uL/sec
Blowing out at A9 of Nunc 96 Well Plate 450 µL on 11
Touching tip
Aspirating 80.0 uL from A9 of NEST 12 Well Reservoir 15 mL on 1 at 94.0 uL/sec
Dispensing 80.0 uL into A10 of Nunc 96 Well Plate 450 µL on 11 at 94.0 uL/sec
Blowing out at A10 of Nunc 96 Well Plate 450 µL on 11
Touching tip
Aspirating 80.0 uL from A9 of NEST 12 Well Reservoir 15 mL on 1 at 94.0 uL/sec
Dispensing 80.0 uL into A11 of Nunc 96 Well Plate 450 µL on 11 at 94.0 uL/sec
Blowing out at A11 of Nunc 96 Well Plate 450 µL on 11
Touching tip
Aspirating 80.0 uL from A9 of NEST 12 Well Reservoir 15 mL on 1 at 94.0 uL/sec
Dispensing 80.0 uL into A12 of Nunc 96 Well Plate 450 µL on 11 at 94.0 uL/sec
Blowing out at A12 of Nunc 96 Well Plate 450 µL on 11
Touching tip
Dropping tip into A1 of Opentrons Fixed Trash on 12
Caught exception: {'message': 'Task was destroyed but it is pending!', 'task': <Task pending name='Task-4' coro=<Poller._poll_forever() running at /Users/dp/Desktop/project/github/opentrons/venv/lib/python3.10/site-packages/opentrons/hardware_control/poller.py:80> wait_for=<Future pending cb=[Task.task_wakeup()]>>}
Caught exception: {'message': 'Task was destroyed but it is pending!', 'task': <Task pending name='Task-3' coro=<Poller._poll_forever() running at /Users/dp/Desktop/project/github/opentrons/venv/lib/python3.10/site-packages/opentrons/hardware_control/poller.py:80> wait_for=<Future pending cb=[Task.task_wakeup()]>>}
Caught exception: {'message': 'Task was destroyed but it is pending!', 'task': <Task pending name='Task-2' coro=<Poller._poll_forever() running at /Users/dp/Desktop/project/github/opentrons/venv/lib/python3.10/site-packages/opentrons/hardware_control/poller.py:80> wait_for=<Future pending cb=[Task.task_wakeup()]>>}
