/Users/dp/Desktop/project/github/opentrons/venv/lib/python3.10/site-packages/opentrons/hardware_control/simulator_setup.py:205: UserWarning: Simulator configuration does not name a machine, defaulting to OT-2 Standard
  warn(
/Users/dp/.opentrons/robot_settings.json not found. Loading defaults
Deck calibration not found.
/Users/dp/.opentrons/deck_calibration.json not found. Loading defaults
Setting Temperature Module temperature to 4.0 °C (rounded off to nearest integer)
Picking up tip from A1 of Opentrons OT-2 96 Filter Tip Rack 20 µL on 6
Transferring 18.0 from A1 of Opentrons 24 Well Aluminum Block with Generic 2 mL Screwcap on Temperature Module GEN1 on 3 to B1 of Opentrons 24 Well Aluminum Block with Generic 2 mL Screwcap on Temperature Module GEN1 on 3
	Aspirating 18.0 uL from A1 of Opentrons 24 Well Aluminum Block with Generic 2 mL Screwcap on Temperature Module GEN1 on 3 at 7.56 uL/sec
	Dispensing 18.0 uL into B1 of Opentrons 24 Well Aluminum Block with Generic 2 mL Screwcap on Temperature Module GEN1 on 3 at 7.56 uL/sec
Dropping tip into A1 of Opentrons Fixed Trash on 12
Picking up tip from B1 of Opentrons OT-2 96 Filter Tip Rack 20 µL on 6
Transferring 18.0 from A2 of Opentrons 24 Well Aluminum Block with Generic 2 mL Screwcap on Temperature Module GEN1 on 3 to B1 of Opentrons 24 Well Aluminum Block with Generic 2 mL Screwcap on Temperature Module GEN1 on 3
	Aspirating 18.0 uL from A2 of Opentrons 24 Well Aluminum Block with Generic 2 mL Screwcap on Temperature Module GEN1 on 3 at 7.56 uL/sec
	Dispensing 18.0 uL into B1 of Opentrons 24 Well Aluminum Block with Generic 2 mL Screwcap on Temperature Module GEN1 on 3 at 7.56 uL/sec
Dropping tip into A1 of Opentrons Fixed Trash on 12
Picking up tip from C1 of Opentrons OT-2 96 Filter Tip Rack 20 µL on 6
Transferring 11.0 from A3 of Opentrons 24 Well Aluminum Block with Generic 2 mL Screwcap on Temperature Module GEN1 on 3 to B1 of Opentrons 24 Well Aluminum Block with Generic 2 mL Screwcap on Temperature Module GEN1 on 3
	Aspirating 11.0 uL from A3 of Opentrons 24 Well Aluminum Block with Generic 2 mL Screwcap on Temperature Module GEN1 on 3 at 7.56 uL/sec
	Dispensing 11.0 uL into B1 of Opentrons 24 Well Aluminum Block with Generic 2 mL Screwcap on Temperature Module GEN1 on 3 at 7.56 uL/sec
Dropping tip into A1 of Opentrons Fixed Trash on 12
Picking up tip from D1 of Opentrons OT-2 96 Filter Tip Rack 20 µL on 6
Transferring 5.0 from A4 of Opentrons 24 Well Aluminum Block with Generic 2 mL Screwcap on Temperature Module GEN1 on 3 to B1 of Opentrons 24 Well Aluminum Block with Generic 2 mL Screwcap on Temperature Module GEN1 on 3
	Aspirating 5.0 uL from A4 of Opentrons 24 Well Aluminum Block with Generic 2 mL Screwcap on Temperature Module GEN1 on 3 at 7.56 uL/sec
	Dispensing 5.0 uL into B1 of Opentrons 24 Well Aluminum Block with Generic 2 mL Screwcap on Temperature Module GEN1 on 3 at 7.56 uL/sec
Dropping tip into A1 of Opentrons Fixed Trash on 12
Picking up tip from E1 of Opentrons OT-2 96 Filter Tip Rack 20 µL on 6
Transferring 5.0 from A5 of Opentrons 24 Well Aluminum Block with Generic 2 mL Screwcap on Temperature Module GEN1 on 3 to B1 of Opentrons 24 Well Aluminum Block with Generic 2 mL Screwcap on Temperature Module GEN1 on 3
	Aspirating 5.0 uL from A5 of Opentrons 24 Well Aluminum Block with Generic 2 mL Screwcap on Temperature Module GEN1 on 3 at 7.56 uL/sec
	Dispensing 5.0 uL into B1 of Opentrons 24 Well Aluminum Block with Generic 2 mL Screwcap on Temperature Module GEN1 on 3 at 7.56 uL/sec
Dropping tip into A1 of Opentrons Fixed Trash on 12
Picking up tip from F1 of Opentrons OT-2 96 Filter Tip Rack 20 µL on 6
Transferring 37.0 from A6 of Opentrons 24 Well Aluminum Block with Generic 2 mL Screwcap on Temperature Module GEN1 on 3 to B1 of Opentrons 24 Well Aluminum Block with Generic 2 mL Screwcap on Temperature Module GEN1 on 3
	Aspirating 18.5 uL from A6 of Opentrons 24 Well Aluminum Block with Generic 2 mL Screwcap on Temperature Module GEN1 on 3 at 7.56 uL/sec
	Dispensing 18.5 uL into B1 of Opentrons 24 Well Aluminum Block with Generic 2 mL Screwcap on Temperature Module GEN1 on 3 at 7.56 uL/sec
	Aspirating 18.5 uL from A6 of Opentrons 24 Well Aluminum Block with Generic 2 mL Screwcap on Temperature Module GEN1 on 3 at 7.56 uL/sec
	Dispensing 18.5 uL into B1 of Opentrons 24 Well Aluminum Block with Generic 2 mL Screwcap on Temperature Module GEN1 on 3 at 7.56 uL/sec
Dropping tip into A1 of Opentrons Fixed Trash on 12
Pausing robot operation: Vortex mix Adaptase mix tube (tube B1)
                 After placing mix tube back, thermocycler will warm up.
Setting Thermocycler lid temperature to 105.0 °C
Setting Thermocycler well block temperature to 95.0 °C
Pausing robot operation: Thermocycler temperature is at 95C.
                Please add the sample plate to the thermocycler.
                Thermocycler will close lid automatically.
                Be ready to take samples and put on ice
                immediately after the 2 minute cycle has completed. 
Closing Thermocycler lid
Thermocycler starting 1 repetitions of cycle composed of the following steps: [{'temperature': 95, 'hold_time_minutes': 2}]
Opening Thermocycler lid
Pausing robot operation: Immediately remove samples and put on ice for 2 minutes.
    After, put the plate back on the Thermocycler for the Adaptase Mastermix
    to be added.
Picking up tip from G1 of Opentrons OT-2 96 Filter Tip Rack 20 µL on 6
Aspirating 11.2875 uL from B1 of Opentrons 24 Well Aluminum Block with Generic 2 mL Screwcap on Temperature Module GEN1 on 3 at 7.56 uL/sec
Dispensing 11.2875 uL into A5 of NEST 96 Well Plate 100 µL PCR Full Skirt on Thermocycler Module GEN1 on 7 at 7.56 uL/sec
Dropping tip into A1 of Opentrons Fixed Trash on 12
Picking up tip from H1 of Opentrons OT-2 96 Filter Tip Rack 20 µL on 6
Aspirating 11.2875 uL from B1 of Opentrons 24 Well Aluminum Block with Generic 2 mL Screwcap on Temperature Module GEN1 on 3 at 7.56 uL/sec
Dispensing 11.2875 uL into B5 of NEST 96 Well Plate 100 µL PCR Full Skirt on Thermocycler Module GEN1 on 7 at 7.56 uL/sec
Dropping tip into A1 of Opentrons Fixed Trash on 12
Picking up tip from A2 of Opentrons OT-2 96 Filter Tip Rack 20 µL on 6
Aspirating 11.2875 uL from B1 of Opentrons 24 Well Aluminum Block with Generic 2 mL Screwcap on Temperature Module GEN1 on 3 at 7.56 uL/sec
Dispensing 11.2875 uL into C5 of NEST 96 Well Plate 100 µL PCR Full Skirt on Thermocycler Module GEN1 on 7 at 7.56 uL/sec
Dropping tip into A1 of Opentrons Fixed Trash on 12
Picking up tip from B2 of Opentrons OT-2 96 Filter Tip Rack 20 µL on 6
Aspirating 11.2875 uL from B1 of Opentrons 24 Well Aluminum Block with Generic 2 mL Screwcap on Temperature Module GEN1 on 3 at 7.56 uL/sec
Dispensing 11.2875 uL into D5 of NEST 96 Well Plate 100 µL PCR Full Skirt on Thermocycler Module GEN1 on 7 at 7.56 uL/sec
Dropping tip into A1 of Opentrons Fixed Trash on 12
Picking up tip from C2 of Opentrons OT-2 96 Filter Tip Rack 20 µL on 6
Aspirating 11.2875 uL from B1 of Opentrons 24 Well Aluminum Block with Generic 2 mL Screwcap on Temperature Module GEN1 on 3 at 7.56 uL/sec
Dispensing 11.2875 uL into E5 of NEST 96 Well Plate 100 µL PCR Full Skirt on Thermocycler Module GEN1 on 7 at 7.56 uL/sec
Dropping tip into A1 of Opentrons Fixed Trash on 12
Picking up tip from D2 of Opentrons OT-2 96 Filter Tip Rack 20 µL on 6
Aspirating 11.2875 uL from B1 of Opentrons 24 Well Aluminum Block with Generic 2 mL Screwcap on Temperature Module GEN1 on 3 at 7.56 uL/sec
Dispensing 11.2875 uL into F5 of NEST 96 Well Plate 100 µL PCR Full Skirt on Thermocycler Module GEN1 on 7 at 7.56 uL/sec
Dropping tip into A1 of Opentrons Fixed Trash on 12
Picking up tip from E2 of Opentrons OT-2 96 Filter Tip Rack 20 µL on 6
Aspirating 11.2875 uL from B1 of Opentrons 24 Well Aluminum Block with Generic 2 mL Screwcap on Temperature Module GEN1 on 3 at 7.56 uL/sec
Dispensing 11.2875 uL into G5 of NEST 96 Well Plate 100 µL PCR Full Skirt on Thermocycler Module GEN1 on 7 at 7.56 uL/sec
Dropping tip into A1 of Opentrons Fixed Trash on 12
Picking up tip from F2 of Opentrons OT-2 96 Filter Tip Rack 20 µL on 6
Aspirating 11.2875 uL from B1 of Opentrons 24 Well Aluminum Block with Generic 2 mL Screwcap on Temperature Module GEN1 on 3 at 7.56 uL/sec
Dispensing 11.2875 uL into H5 of NEST 96 Well Plate 100 µL PCR Full Skirt on Thermocycler Module GEN1 on 7 at 7.56 uL/sec
Dropping tip into A1 of Opentrons Fixed Trash on 12
Picking up tip from A1 of Opentrons OT-2 96 Filter Tip Rack 200 µL on 4
Mixing 15 times with a volume of 20.0 ul
	Aspirating 20.0 uL from A5 of NEST 96 Well Plate 100 µL PCR Full Skirt on Thermocycler Module GEN1 on 7 at 150.0 uL/sec
	Dispensing 20.0 uL into A5 of NEST 96 Well Plate 100 µL PCR Full Skirt on Thermocycler Module GEN1 on 7 at 300.0 uL/sec
	Aspirating 20.0 uL from A5 of NEST 96 Well Plate 100 µL PCR Full Skirt on Thermocycler Module GEN1 on 7 at 150.0 uL/sec
	Dispensing 20.0 uL into A5 of NEST 96 Well Plate 100 µL PCR Full Skirt on Thermocycler Module GEN1 on 7 at 300.0 uL/sec
	Aspirating 20.0 uL from A5 of NEST 96 Well Plate 100 µL PCR Full Skirt on Thermocycler Module GEN1 on 7 at 150.0 uL/sec
	Dispensing 20.0 uL into A5 of NEST 96 Well Plate 100 µL PCR Full Skirt on Thermocycler Module GEN1 on 7 at 300.0 uL/sec
	Aspirating 20.0 uL from A5 of NEST 96 Well Plate 100 µL PCR Full Skirt on Thermocycler Module GEN1 on 7 at 150.0 uL/sec
	Dispensing 20.0 uL into A5 of NEST 96 Well Plate 100 µL PCR Full Skirt on Thermocycler Module GEN1 on 7 at 300.0 uL/sec
	Aspirating 20.0 uL from A5 of NEST 96 Well Plate 100 µL PCR Full Skirt on Thermocycler Module GEN1 on 7 at 150.0 uL/sec
	Dispensing 20.0 uL into A5 of NEST 96 Well Plate 100 µL PCR Full Skirt on Thermocycler Module GEN1 on 7 at 300.0 uL/sec
	Aspirating 20.0 uL from A5 of NEST 96 Well Plate 100 µL PCR Full Skirt on Thermocycler Module GEN1 on 7 at 150.0 uL/sec
	Dispensing 20.0 uL into A5 of NEST 96 Well Plate 100 µL PCR Full Skirt on Thermocycler Module GEN1 on 7 at 300.0 uL/sec
	Aspirating 20.0 uL from A5 of NEST 96 Well Plate 100 µL PCR Full Skirt on Thermocycler Module GEN1 on 7 at 150.0 uL/sec
	Dispensing 20.0 uL into A5 of NEST 96 Well Plate 100 µL PCR Full Skirt on Thermocycler Module GEN1 on 7 at 300.0 uL/sec
	Aspirating 20.0 uL from A5 of NEST 96 Well Plate 100 µL PCR Full Skirt on Thermocycler Module GEN1 on 7 at 150.0 uL/sec
	Dispensing 20.0 uL into A5 of NEST 96 Well Plate 100 µL PCR Full Skirt on Thermocycler Module GEN1 on 7 at 300.0 uL/sec
	Aspirating 20.0 uL from A5 of NEST 96 Well Plate 100 µL PCR Full Skirt on Thermocycler Module GEN1 on 7 at 150.0 uL/sec
	Dispensing 20.0 uL into A5 of NEST 96 Well Plate 100 µL PCR Full Skirt on Thermocycler Module GEN1 on 7 at 300.0 uL/sec
	Aspirating 20.0 uL from A5 of NEST 96 Well Plate 100 µL PCR Full Skirt on Thermocycler Module GEN1 on 7 at 150.0 uL/sec
	Dispensing 20.0 uL into A5 of NEST 96 Well Plate 100 µL PCR Full Skirt on Thermocycler Module GEN1 on 7 at 300.0 uL/sec
	Aspirating 20.0 uL from A5 of NEST 96 Well Plate 100 µL PCR Full Skirt on Thermocycler Module GEN1 on 7 at 150.0 uL/sec
	Dispensing 20.0 uL into A5 of NEST 96 Well Plate 100 µL PCR Full Skirt on Thermocycler Module GEN1 on 7 at 300.0 uL/sec
	Aspirating 20.0 uL from A5 of NEST 96 Well Plate 100 µL PCR Full Skirt on Thermocycler Module GEN1 on 7 at 150.0 uL/sec
	Dispensing 20.0 uL into A5 of NEST 96 Well Plate 100 µL PCR Full Skirt on Thermocycler Module GEN1 on 7 at 300.0 uL/sec
	Aspirating 20.0 uL from A5 of NEST 96 Well Plate 100 µL PCR Full Skirt on Thermocycler Module GEN1 on 7 at 150.0 uL/sec
	Dispensing 20.0 uL into A5 of NEST 96 Well Plate 100 µL PCR Full Skirt on Thermocycler Module GEN1 on 7 at 300.0 uL/sec
	Aspirating 20.0 uL from A5 of NEST 96 Well Plate 100 µL PCR Full Skirt on Thermocycler Module GEN1 on 7 at 150.0 uL/sec
	Dispensing 20.0 uL into A5 of NEST 96 Well Plate 100 µL PCR Full Skirt on Thermocycler Module GEN1 on 7 at 300.0 uL/sec
	Aspirating 20.0 uL from A5 of NEST 96 Well Plate 100 µL PCR Full Skirt on Thermocycler Module GEN1 on 7 at 150.0 uL/sec
	Dispensing 20.0 uL into A5 of NEST 96 Well Plate 100 µL PCR Full Skirt on Thermocycler Module GEN1 on 7 at 300.0 uL/sec
Blowing out at A5 of NEST 96 Well Plate 100 µL PCR Full Skirt on Thermocycler Module GEN1 on 7
Dropping tip into A1 of Opentrons Fixed Trash on 12
Pausing robot operation: Transfer of Adaptase Mastermix is complete -
    Solutions have been pipette-mixed 15 times.
    Spin samples, seal,  and place back on thermocycler for another
    thermocycler profile.
Closing Thermocycler lid
Thermocycler starting 1 repetitions of cycle composed of the following steps: [{'temperature': 37, 'hold_time_minutes': 15}, {'temperature': 95, 'hold_time_minutes': 2}]
Setting Thermocycler well block temperature to 4.0 °C
Opening Thermocycler lid
Protocol complete. Samples ready for extension
Caught exception: {'message': 'Task was destroyed but it is pending!', 'task': <Task pending name='Task-4' coro=<Poller._poll_forever() running at /Users/dp/Desktop/project/github/opentrons/venv/lib/python3.10/site-packages/opentrons/hardware_control/poller.py:80> wait_for=<Future pending cb=[Task.task_wakeup()]>>}
Caught exception: {'message': 'Task was destroyed but it is pending!', 'task': <Task pending name='Task-3' coro=<Poller._poll_forever() running at /Users/dp/Desktop/project/github/opentrons/venv/lib/python3.10/site-packages/opentrons/hardware_control/poller.py:80> wait_for=<Future pending cb=[Task.task_wakeup()]>>}
Caught exception: {'message': 'Task was destroyed but it is pending!', 'task': <Task pending name='Task-2' coro=<Poller._poll_forever() running at /Users/dp/Desktop/project/github/opentrons/venv/lib/python3.10/site-packages/opentrons/hardware_control/poller.py:80> wait_for=<Future pending cb=[Task.task_wakeup()]>>}
