/Users/dp/Desktop/project/github/opentrons/venv/lib/python3.10/site-packages/opentrons/hardware_control/simulator_setup.py:205: UserWarning: Simulator configuration does not name a machine, defaulting to OT-2 Standard
  warn(
/Users/dp/.opentrons/robot_settings.json not found. Loading defaults
Deck calibration not found.
/Users/dp/.opentrons/deck_calibration.json not found. Loading defaults
Adding OptiMEM to all sample wells...
Picking up tip from A1 of Opentrons OT-2 96 Tip Rack 20 µL on 1
Aspirating 5.3 uL from D6 of Opentrons 24 Tube Rack with Eppendorf 1.5 mL Safe-Lock Snapcap on 7 at 3.78 uL/sec
Dispensing 5.3 uL into A1 of Al Block with PCR strips for Mastermix on 5 at 3.78 uL/sec
Aspirating 5.3 uL from D6 of Opentrons 24 Tube Rack with Eppendorf 1.5 mL Safe-Lock Snapcap on 7 at 3.78 uL/sec
Dispensing 5.3 uL into B1 of Al Block with PCR strips for Mastermix on 5 at 3.78 uL/sec
Aspirating 5.3 uL from D6 of Opentrons 24 Tube Rack with Eppendorf 1.5 mL Safe-Lock Snapcap on 7 at 3.78 uL/sec
Dispensing 5.3 uL into C1 of Al Block with PCR strips for Mastermix on 5 at 3.78 uL/sec
Aspirating 5.3 uL from D6 of Opentrons 24 Tube Rack with Eppendorf 1.5 mL Safe-Lock Snapcap on 7 at 3.78 uL/sec
Dispensing 5.3 uL into D1 of Al Block with PCR strips for Mastermix on 5 at 3.78 uL/sec
Aspirating 5.3 uL from D6 of Opentrons 24 Tube Rack with Eppendorf 1.5 mL Safe-Lock Snapcap on 7 at 3.78 uL/sec
Dispensing 5.3 uL into E1 of Al Block with PCR strips for Mastermix on 5 at 3.78 uL/sec
Aspirating 5.3 uL from D6 of Opentrons 24 Tube Rack with Eppendorf 1.5 mL Safe-Lock Snapcap on 7 at 3.78 uL/sec
Dispensing 5.3 uL into F1 of Al Block with PCR strips for Mastermix on 5 at 3.78 uL/sec
Aspirating 5.3 uL from D6 of Opentrons 24 Tube Rack with Eppendorf 1.5 mL Safe-Lock Snapcap on 7 at 3.78 uL/sec
Dispensing 5.3 uL into G1 of Al Block with PCR strips for Mastermix on 5 at 3.78 uL/sec
Aspirating 16.0 uL from D6 of Opentrons 24 Tube Rack with Eppendorf 1.5 mL Safe-Lock Snapcap on 7 at 3.78 uL/sec
Dispensing 16.0 uL into H1 of Al Block with PCR strips for Mastermix on 5 at 3.78 uL/sec
Aspirating 15.7 uL from D6 of Opentrons 24 Tube Rack with Eppendorf 1.5 mL Safe-Lock Snapcap on 7 at 3.78 uL/sec
Dispensing 15.7 uL into H1 of Al Block with PCR strips for Mastermix on 5 at 3.78 uL/sec
Dropping tip into A1 of Opentrons Fixed Trash on 12
Adding sample to all sample wells...
Adding viafect to all sample wells...
Picking up tip from A2 of Opentrons OT-2 96 Tip Rack 20 µL on 1
Aspirating 1.3 uL from A12 of Al Block with PCR strips for Mastermix on 5 at 7.6 uL/sec
Dispensing 1.3 uL into A1 of Al Block with PCR strips for Mastermix on 5 at 7.6 uL/sec
Mixing 3 times with a volume of 20.0 ul
	Aspirating 20.0 uL from A1 of Al Block with PCR strips for Mastermix on 5 at 7.6 uL/sec
	Dispensing 20.0 uL into A1 of Al Block with PCR strips for Mastermix on 5 at 7.6 uL/sec
	Aspirating 20.0 uL from A1 of Al Block with PCR strips for Mastermix on 5 at 7.6 uL/sec
	Dispensing 20.0 uL into A1 of Al Block with PCR strips for Mastermix on 5 at 7.6 uL/sec
	Aspirating 20.0 uL from A1 of Al Block with PCR strips for Mastermix on 5 at 7.6 uL/sec
	Dispensing 20.0 uL into A1 of Al Block with PCR strips for Mastermix on 5 at 7.6 uL/sec
Blowing out at A1 of Al Block with PCR strips for Mastermix on 5
Dropping tip into A1 of Opentrons Fixed Trash on 12
Pausing robot operation: Please let incubate for 10 minutes.
Transferring mastermix to samples...
Picking up tip from A3 of Opentrons OT-2 96 Tip Rack 20 µL on 1
Mixing 3 times with a volume of 20.0 ul
	Aspirating 20.0 uL from A1 of Al Block with PCR strips for Mastermix on 5 at 7.6 uL/sec
	Dispensing 20.0 uL into A1 of Al Block with PCR strips for Mastermix on 5 at 7.6 uL/sec
	Aspirating 20.0 uL from A1 of Al Block with PCR strips for Mastermix on 5 at 7.6 uL/sec
	Dispensing 20.0 uL into A1 of Al Block with PCR strips for Mastermix on 5 at 7.6 uL/sec
	Aspirating 20.0 uL from A1 of Al Block with PCR strips for Mastermix on 5 at 7.6 uL/sec
	Dispensing 20.0 uL into A1 of Al Block with PCR strips for Mastermix on 5 at 7.6 uL/sec
Transferring 10.0 from A1 of Al Block with PCR strips for Mastermix on 5 to A1 of Corning 96 Well Plate 360 µL Flat on 6
	Aspirating 10.0 uL from A1 of Al Block with PCR strips for Mastermix on 5 at 7.6 uL/sec
	Dispensing 10.0 uL into A1 of Corning 96 Well Plate 360 µL Flat on 6 at 7.6 uL/sec
Transferring 10.0 from A1 of Al Block with PCR strips for Mastermix on 5 to A2 of Corning 96 Well Plate 360 µL Flat on 6
	Aspirating 10.0 uL from A1 of Al Block with PCR strips for Mastermix on 5 at 7.6 uL/sec
	Dispensing 10.0 uL into A2 of Corning 96 Well Plate 360 µL Flat on 6 at 7.6 uL/sec
Transferring 10.0 from A1 of Al Block with PCR strips for Mastermix on 5 to A3 of Corning 96 Well Plate 360 µL Flat on 6
	Aspirating 10.0 uL from A1 of Al Block with PCR strips for Mastermix on 5 at 7.6 uL/sec
	Dispensing 10.0 uL into A3 of Corning 96 Well Plate 360 µL Flat on 6 at 7.6 uL/sec
Dropping tip into A1 of Opentrons Fixed Trash on 12
Caught exception: {'message': 'Task was destroyed but it is pending!', 'task': <Task pending name='Task-4' coro=<Poller._poll_forever() running at /Users/dp/Desktop/project/github/opentrons/venv/lib/python3.10/site-packages/opentrons/hardware_control/poller.py:80> wait_for=<Future pending cb=[Task.task_wakeup()]>>}
Caught exception: {'message': 'Task was destroyed but it is pending!', 'task': <Task pending name='Task-3' coro=<Poller._poll_forever() running at /Users/dp/Desktop/project/github/opentrons/venv/lib/python3.10/site-packages/opentrons/hardware_control/poller.py:80> wait_for=<Future pending cb=[Task.task_wakeup()]>>}
Caught exception: {'message': 'Task was destroyed but it is pending!', 'task': <Task pending name='Task-2' coro=<Poller._poll_forever() running at /Users/dp/Desktop/project/github/opentrons/venv/lib/python3.10/site-packages/opentrons/hardware_control/poller.py:80> wait_for=<Future pending cb=[Task.task_wakeup()]>>}
