/Users/dp/Desktop/project/github/opentrons/venv/lib/python3.10/site-packages/opentrons/hardware_control/simulator_setup.py:205: UserWarning: Simulator configuration does not name a machine, defaulting to OT-2 Standard
  warn(
/Users/dp/.opentrons/robot_settings.json not found. Loading defaults
Deck calibration not found.
/Users/dp/.opentrons/deck_calibration.json not found. Loading defaults
Transferring 0.0 from A1 of Thermo 96 Well Plate 200 ÂµL on 6 to A1 of Thermo 96 Well Plate 200 ÂµL on 6
	Picking up tip from A1 of Opentrons OT-2 96 Tip Rack 20 µL on 4
	Returning tip
		Dropping tip into A1 of Opentrons OT-2 96 Tip Rack 20 µL on 4
Transferring 0.0 from A1 of Thermo 96 Well Plate 200 ÂµL on 6 to A1 of Thermo 96 Well Plate 200 ÂµL on 6
	Picking up tip from A1 of Opentrons OT-2 96 Tip Rack 300 µL on 1
	Returning tip
		Dropping tip into A1 of Opentrons OT-2 96 Tip Rack 300 µL on 1
Picking up tip from A2 of Opentrons OT-2 96 Tip Rack 20 µL on 4
Aspirating 5.0 uL from A1 of Aspir-8 Reservoir on 2 at 7.6 uL/sec
Aspirating 15.0 uL from A1 of Aspir-8 Reservoir on 2 at 7.6 uL/sec
Dispensing 15.0 uL into A1 of USA 96 Well Plate 200 µL on 3 at 7.6 uL/sec
Dispensing 5.0 uL into A1 of Aspir-8 Reservoir on 2 at 7.6 uL/sec
Aspirating 5.0 uL from A1 of Aspir-8 Reservoir on 2 at 7.6 uL/sec
Aspirating 15.0 uL from A1 of Aspir-8 Reservoir on 2 at 7.6 uL/sec
Dispensing 15.0 uL into A2 of USA 96 Well Plate 200 µL on 3 at 7.6 uL/sec
Dispensing 5.0 uL into A1 of Aspir-8 Reservoir on 2 at 7.6 uL/sec
Aspirating 5.0 uL from A1 of Aspir-8 Reservoir on 2 at 7.6 uL/sec
Aspirating 15.0 uL from A1 of Aspir-8 Reservoir on 2 at 7.6 uL/sec
Dispensing 15.0 uL into A3 of USA 96 Well Plate 200 µL on 3 at 7.6 uL/sec
Dispensing 5.0 uL into A1 of Aspir-8 Reservoir on 2 at 7.6 uL/sec
Aspirating 5.0 uL from A1 of Aspir-8 Reservoir on 2 at 7.6 uL/sec
Aspirating 15.0 uL from A1 of Aspir-8 Reservoir on 2 at 7.6 uL/sec
Dispensing 15.0 uL into A4 of USA 96 Well Plate 200 µL on 3 at 7.6 uL/sec
Dispensing 5.0 uL into A1 of Aspir-8 Reservoir on 2 at 7.6 uL/sec
Aspirating 5.0 uL from A1 of Aspir-8 Reservoir on 2 at 7.6 uL/sec
Aspirating 15.0 uL from A1 of Aspir-8 Reservoir on 2 at 7.6 uL/sec
Dispensing 15.0 uL into A5 of USA 96 Well Plate 200 µL on 3 at 7.6 uL/sec
Dispensing 5.0 uL into A1 of Aspir-8 Reservoir on 2 at 7.6 uL/sec
Aspirating 5.0 uL from A1 of Aspir-8 Reservoir on 2 at 7.6 uL/sec
Aspirating 15.0 uL from A1 of Aspir-8 Reservoir on 2 at 7.6 uL/sec
Dispensing 15.0 uL into A6 of USA 96 Well Plate 200 µL on 3 at 7.6 uL/sec
Dispensing 5.0 uL into A1 of Aspir-8 Reservoir on 2 at 7.6 uL/sec
Aspirating 5.0 uL from A1 of Aspir-8 Reservoir on 2 at 7.6 uL/sec
Aspirating 15.0 uL from A1 of Aspir-8 Reservoir on 2 at 7.6 uL/sec
Dispensing 15.0 uL into A7 of USA 96 Well Plate 200 µL on 3 at 7.6 uL/sec
Dispensing 5.0 uL into A1 of Aspir-8 Reservoir on 2 at 7.6 uL/sec
Aspirating 5.0 uL from A1 of Aspir-8 Reservoir on 2 at 7.6 uL/sec
Aspirating 15.0 uL from A1 of Aspir-8 Reservoir on 2 at 7.6 uL/sec
Dispensing 15.0 uL into A8 of USA 96 Well Plate 200 µL on 3 at 7.6 uL/sec
Dispensing 5.0 uL into A1 of Aspir-8 Reservoir on 2 at 7.6 uL/sec
Aspirating 5.0 uL from A1 of Aspir-8 Reservoir on 2 at 7.6 uL/sec
Aspirating 15.0 uL from A1 of Aspir-8 Reservoir on 2 at 7.6 uL/sec
Dispensing 15.0 uL into A9 of USA 96 Well Plate 200 µL on 3 at 7.6 uL/sec
Dispensing 5.0 uL into A1 of Aspir-8 Reservoir on 2 at 7.6 uL/sec
Aspirating 5.0 uL from A1 of Aspir-8 Reservoir on 2 at 7.6 uL/sec
Aspirating 15.0 uL from A1 of Aspir-8 Reservoir on 2 at 7.6 uL/sec
Dispensing 15.0 uL into A10 of USA 96 Well Plate 200 µL on 3 at 7.6 uL/sec
Dispensing 5.0 uL into A1 of Aspir-8 Reservoir on 2 at 7.6 uL/sec
Aspirating 5.0 uL from A1 of Aspir-8 Reservoir on 2 at 7.6 uL/sec
Aspirating 15.0 uL from A1 of Aspir-8 Reservoir on 2 at 7.6 uL/sec
Dispensing 15.0 uL into A11 of USA 96 Well Plate 200 µL on 3 at 7.6 uL/sec
Dispensing 5.0 uL into A1 of Aspir-8 Reservoir on 2 at 7.6 uL/sec
Aspirating 5.0 uL from A1 of Aspir-8 Reservoir on 2 at 7.6 uL/sec
Aspirating 15.0 uL from A1 of Aspir-8 Reservoir on 2 at 7.6 uL/sec
Dispensing 15.0 uL into A12 of USA 96 Well Plate 200 µL on 3 at 7.6 uL/sec
Dispensing 5.0 uL into A1 of Aspir-8 Reservoir on 2 at 7.6 uL/sec
Dropping tip into A1 of Opentrons Fixed Trash on 12
Caught exception: {'message': 'Task was destroyed but it is pending!', 'task': <Task pending name='Task-2' coro=<Poller._poll_forever() running at /Users/dp/Desktop/project/github/opentrons/venv/lib/python3.10/site-packages/opentrons/hardware_control/poller.py:80> wait_for=<Future pending cb=[Task.task_wakeup()]>>}
Caught exception: {'message': 'Task was destroyed but it is pending!', 'task': <Task pending name='Task-4' coro=<Poller._poll_forever() running at /Users/dp/Desktop/project/github/opentrons/venv/lib/python3.10/site-packages/opentrons/hardware_control/poller.py:80> wait_for=<Future pending cb=[Task.task_wakeup()]>>}
Caught exception: {'message': 'Task was destroyed but it is pending!', 'task': <Task pending name='Task-3' coro=<Poller._poll_forever() running at /Users/dp/Desktop/project/github/opentrons/venv/lib/python3.10/site-packages/opentrons/hardware_control/poller.py:80> wait_for=<Future pending cb=[Task.task_wakeup()]>>}
