/Users/dp/Desktop/project/github/opentrons/venv/lib/python3.10/site-packages/opentrons/hardware_control/simulator_setup.py:205: UserWarning: Simulator configuration does not name a machine, defaulting to OT-2 Standard
  warn(
/Users/dp/.opentrons/robot_settings.json not found. Loading defaults
Deck calibration not found.
/Users/dp/.opentrons/deck_calibration.json not found. Loading defaults
Transferring 0.0 from A1 of Aspir-8 Reservoir on 2 to A1 of Aspir-8 Reservoir on 2
	Picking up tip from A1 of Opentrons OT-2 96 Tip Rack 300 µL on 4
	Returning tip
		Dropping tip into A1 of Opentrons OT-2 96 Tip Rack 300 µL on 4
Picking up tip from A1 of Opentrons OT-2 96 Tip Rack 20 µL on 1
Aspirating 5.0 uL from A1 of Thermo 96 Well Plate 200 ÂµL on 6 at 7.6 uL/sec
Moving to A1 of Thermo 96 Well Plate 200 ÂµL on 6
Delaying for 0 minutes and 2.0 seconds
Dispensing 5.0 uL into A1 of PCR plate on 3 at 7.6 uL/sec
Dropping tip into A1 of Opentrons Fixed Trash on 12
Picking up tip from A2 of Opentrons OT-2 96 Tip Rack 20 µL on 1
Aspirating 5.0 uL from A2 of Thermo 96 Well Plate 200 ÂµL on 6 at 7.6 uL/sec
Moving to A2 of Thermo 96 Well Plate 200 ÂµL on 6
Delaying for 0 minutes and 2.0 seconds
Dispensing 5.0 uL into A2 of PCR plate on 3 at 7.6 uL/sec
Dropping tip into A1 of Opentrons Fixed Trash on 12
Picking up tip from A3 of Opentrons OT-2 96 Tip Rack 20 µL on 1
Aspirating 5.0 uL from A3 of Thermo 96 Well Plate 200 ÂµL on 6 at 7.6 uL/sec
Moving to A3 of Thermo 96 Well Plate 200 ÂµL on 6
Delaying for 0 minutes and 2.0 seconds
Dispensing 5.0 uL into A3 of PCR plate on 3 at 7.6 uL/sec
Dropping tip into A1 of Opentrons Fixed Trash on 12
Picking up tip from A4 of Opentrons OT-2 96 Tip Rack 20 µL on 1
Aspirating 5.0 uL from A4 of Thermo 96 Well Plate 200 ÂµL on 6 at 7.6 uL/sec
Moving to A4 of Thermo 96 Well Plate 200 ÂµL on 6
Delaying for 0 minutes and 2.0 seconds
Dispensing 5.0 uL into A4 of PCR plate on 3 at 7.6 uL/sec
Dropping tip into A1 of Opentrons Fixed Trash on 12
Picking up tip from A5 of Opentrons OT-2 96 Tip Rack 20 µL on 1
Aspirating 5.0 uL from A5 of Thermo 96 Well Plate 200 ÂµL on 6 at 7.6 uL/sec
Moving to A5 of Thermo 96 Well Plate 200 ÂµL on 6
Delaying for 0 minutes and 2.0 seconds
Dispensing 5.0 uL into A5 of PCR plate on 3 at 7.6 uL/sec
Dropping tip into A1 of Opentrons Fixed Trash on 12
Picking up tip from A6 of Opentrons OT-2 96 Tip Rack 20 µL on 1
Aspirating 5.0 uL from A6 of Thermo 96 Well Plate 200 ÂµL on 6 at 7.6 uL/sec
Moving to A6 of Thermo 96 Well Plate 200 ÂµL on 6
Delaying for 0 minutes and 2.0 seconds
Dispensing 5.0 uL into A6 of PCR plate on 3 at 7.6 uL/sec
Dropping tip into A1 of Opentrons Fixed Trash on 12
Picking up tip from A7 of Opentrons OT-2 96 Tip Rack 20 µL on 1
Aspirating 5.0 uL from A7 of Thermo 96 Well Plate 200 ÂµL on 6 at 7.6 uL/sec
Moving to A7 of Thermo 96 Well Plate 200 ÂµL on 6
Delaying for 0 minutes and 2.0 seconds
Dispensing 5.0 uL into A7 of PCR plate on 3 at 7.6 uL/sec
Dropping tip into A1 of Opentrons Fixed Trash on 12
Picking up tip from A8 of Opentrons OT-2 96 Tip Rack 20 µL on 1
Aspirating 5.0 uL from A8 of Thermo 96 Well Plate 200 ÂµL on 6 at 7.6 uL/sec
Moving to A8 of Thermo 96 Well Plate 200 ÂµL on 6
Delaying for 0 minutes and 2.0 seconds
Dispensing 5.0 uL into A8 of PCR plate on 3 at 7.6 uL/sec
Dropping tip into A1 of Opentrons Fixed Trash on 12
Picking up tip from A9 of Opentrons OT-2 96 Tip Rack 20 µL on 1
Aspirating 5.0 uL from A9 of Thermo 96 Well Plate 200 ÂµL on 6 at 7.6 uL/sec
Moving to A9 of Thermo 96 Well Plate 200 ÂµL on 6
Delaying for 0 minutes and 2.0 seconds
Dispensing 5.0 uL into A9 of PCR plate on 3 at 7.6 uL/sec
Dropping tip into A1 of Opentrons Fixed Trash on 12
Picking up tip from A10 of Opentrons OT-2 96 Tip Rack 20 µL on 1
Aspirating 5.0 uL from A10 of Thermo 96 Well Plate 200 ÂµL on 6 at 7.6 uL/sec
Moving to A10 of Thermo 96 Well Plate 200 ÂµL on 6
Delaying for 0 minutes and 2.0 seconds
Dispensing 5.0 uL into A10 of PCR plate on 3 at 7.6 uL/sec
Dropping tip into A1 of Opentrons Fixed Trash on 12
Picking up tip from A11 of Opentrons OT-2 96 Tip Rack 20 µL on 1
Aspirating 5.0 uL from A11 of Thermo 96 Well Plate 200 ÂµL on 6 at 7.6 uL/sec
Moving to A11 of Thermo 96 Well Plate 200 ÂµL on 6
Delaying for 0 minutes and 2.0 seconds
Dispensing 5.0 uL into A11 of PCR plate on 3 at 7.6 uL/sec
Dropping tip into A1 of Opentrons Fixed Trash on 12
Picking up tip from A12 of Opentrons OT-2 96 Tip Rack 20 µL on 1
Aspirating 5.0 uL from A12 of Thermo 96 Well Plate 200 ÂµL on 6 at 7.6 uL/sec
Moving to A12 of Thermo 96 Well Plate 200 ÂµL on 6
Delaying for 0 minutes and 2.0 seconds
Dispensing 5.0 uL into A12 of PCR plate on 3 at 7.6 uL/sec
Dropping tip into A1 of Opentrons Fixed Trash on 12
Caught exception: {'message': 'Task was destroyed but it is pending!', 'task': <Task pending name='Task-2' coro=<Poller._poll_forever() running at /Users/dp/Desktop/project/github/opentrons/venv/lib/python3.10/site-packages/opentrons/hardware_control/poller.py:80> wait_for=<Future pending cb=[Task.task_wakeup()]>>}
Caught exception: {'message': 'Task was destroyed but it is pending!', 'task': <Task pending name='Task-4' coro=<Poller._poll_forever() running at /Users/dp/Desktop/project/github/opentrons/venv/lib/python3.10/site-packages/opentrons/hardware_control/poller.py:80> wait_for=<Future pending cb=[Task.task_wakeup()]>>}
Caught exception: {'message': 'Task was destroyed but it is pending!', 'task': <Task pending name='Task-3' coro=<Poller._poll_forever() running at /Users/dp/Desktop/project/github/opentrons/venv/lib/python3.10/site-packages/opentrons/hardware_control/poller.py:80> wait_for=<Future pending cb=[Task.task_wakeup()]>>}
