/Users/dp/Desktop/project/github/opentrons/venv/lib/python3.10/site-packages/opentrons/hardware_control/simulator_setup.py:205: UserWarning: Simulator configuration does not name a machine, defaulting to OT-2 Standard
  warn(
/Users/dp/.opentrons/robot_settings.json not found. Loading defaults
Deck calibration not found.
/Users/dp/.opentrons/deck_calibration.json not found. Loading defaults
Picking up tip from A1 of Opentrons OT-2 96 Tip Rack 300 µL on 4
Transferring 30.0 from A4 of Corning 96 Well Plate 360 µL Flat on 10 to A1 of Corning 96 Well Plate 360 µL Flat on 11
	Aspirating 30.0 uL from A4 of Corning 96 Well Plate 360 µL Flat on 10 at 150.0 uL/sec
	Dispensing 30.0 uL into A1 of Corning 96 Well Plate 360 µL Flat on 11 at 300.0 uL/sec
Mixing 10 times with a volume of 30.0 ul
	Aspirating 30.0 uL from A1 of Corning 96 Well Plate 360 µL Flat on 11 at 150.0 uL/sec
	Dispensing 30.0 uL into A1 of Corning 96 Well Plate 360 µL Flat on 11 at 300.0 uL/sec
	Aspirating 30.0 uL from A1 of Corning 96 Well Plate 360 µL Flat on 11 at 150.0 uL/sec
	Dispensing 30.0 uL into A1 of Corning 96 Well Plate 360 µL Flat on 11 at 300.0 uL/sec
	Aspirating 30.0 uL from A1 of Corning 96 Well Plate 360 µL Flat on 11 at 150.0 uL/sec
	Dispensing 30.0 uL into A1 of Corning 96 Well Plate 360 µL Flat on 11 at 300.0 uL/sec
	Aspirating 30.0 uL from A1 of Corning 96 Well Plate 360 µL Flat on 11 at 150.0 uL/sec
	Dispensing 30.0 uL into A1 of Corning 96 Well Plate 360 µL Flat on 11 at 300.0 uL/sec
	Aspirating 30.0 uL from A1 of Corning 96 Well Plate 360 µL Flat on 11 at 150.0 uL/sec
	Dispensing 30.0 uL into A1 of Corning 96 Well Plate 360 µL Flat on 11 at 300.0 uL/sec
	Aspirating 30.0 uL from A1 of Corning 96 Well Plate 360 µL Flat on 11 at 150.0 uL/sec
	Dispensing 30.0 uL into A1 of Corning 96 Well Plate 360 µL Flat on 11 at 300.0 uL/sec
	Aspirating 30.0 uL from A1 of Corning 96 Well Plate 360 µL Flat on 11 at 150.0 uL/sec
	Dispensing 30.0 uL into A1 of Corning 96 Well Plate 360 µL Flat on 11 at 300.0 uL/sec
	Aspirating 30.0 uL from A1 of Corning 96 Well Plate 360 µL Flat on 11 at 150.0 uL/sec
	Dispensing 30.0 uL into A1 of Corning 96 Well Plate 360 µL Flat on 11 at 300.0 uL/sec
	Aspirating 30.0 uL from A1 of Corning 96 Well Plate 360 µL Flat on 11 at 150.0 uL/sec
	Dispensing 30.0 uL into A1 of Corning 96 Well Plate 360 µL Flat on 11 at 300.0 uL/sec
	Aspirating 30.0 uL from A1 of Corning 96 Well Plate 360 µL Flat on 11 at 150.0 uL/sec
	Dispensing 30.0 uL into A1 of Corning 96 Well Plate 360 µL Flat on 11 at 300.0 uL/sec
Blowing out at A1 of Corning 96 Well Plate 360 µL Flat on 11
Dropping tip into A1 of Opentrons Fixed Trash on 12
Protocol complete!
Caught exception: {'message': 'Task was destroyed but it is pending!', 'task': <Task pending name='Task-4' coro=<Poller._poll_forever() running at /Users/dp/Desktop/project/github/opentrons/venv/lib/python3.10/site-packages/opentrons/hardware_control/poller.py:80> wait_for=<Future pending cb=[Task.task_wakeup()]>>}
Caught exception: {'message': 'Task was destroyed but it is pending!', 'task': <Task pending name='Task-3' coro=<Poller._poll_forever() running at /Users/dp/Desktop/project/github/opentrons/venv/lib/python3.10/site-packages/opentrons/hardware_control/poller.py:80> wait_for=<Future pending cb=[Task.task_wakeup()]>>}
Caught exception: {'message': 'Task was destroyed but it is pending!', 'task': <Task pending name='Task-2' coro=<Poller._poll_forever() running at /Users/dp/Desktop/project/github/opentrons/venv/lib/python3.10/site-packages/opentrons/hardware_control/poller.py:80> wait_for=<Future pending cb=[Task.task_wakeup()]>>}
