/Users/dp/Desktop/project/github/opentrons/venv/lib/python3.10/site-packages/opentrons/hardware_control/simulator_setup.py:205: UserWarning: Simulator configuration does not name a machine, defaulting to OT-2 Standard
  warn(
/Users/dp/.opentrons/robot_settings.json not found. Loading defaults
Deck calibration not found.
/Users/dp/.opentrons/deck_calibration.json not found. Loading defaults
Delaying for 0 minutes and 10.0 seconds
Picking up tip from A1 of Opentrons OT-2 96 Tip Rack 300 µL on 5
Aspirating 60.0 uL from A2 of Rack with Screw Cap Tubes on 4 at 92.86 uL/sec
Dispensing 60.0 uL into B1 of Culture Plate on 1 at 92.86 uL/sec
Touching tip
Dropping tip into A1 of Opentrons Fixed Trash on 12
Picking up tip from B1 of Opentrons OT-2 96 Tip Rack 300 µL on 5
Aspirating 60.0 uL from A2 of Rack with Screw Cap Tubes on 4 at 92.86 uL/sec
Dispensing 60.0 uL into C1 of Culture Plate on 1 at 92.86 uL/sec
Touching tip
Dropping tip into A1 of Opentrons Fixed Trash on 12
Picking up tip from C1 of Opentrons OT-2 96 Tip Rack 300 µL on 5
Aspirating 60.0 uL from A2 of Rack with Screw Cap Tubes on 4 at 92.86 uL/sec
Dispensing 60.0 uL into D1 of Culture Plate on 1 at 92.86 uL/sec
Touching tip
Dropping tip into A1 of Opentrons Fixed Trash on 12
Picking up tip from D1 of Opentrons OT-2 96 Tip Rack 300 µL on 5
Aspirating 60.0 uL from A2 of Rack with Screw Cap Tubes on 4 at 92.86 uL/sec
Dispensing 60.0 uL into E1 of Culture Plate on 1 at 92.86 uL/sec
Touching tip
Dropping tip into A1 of Opentrons Fixed Trash on 12
Picking up tip from E1 of Opentrons OT-2 96 Tip Rack 300 µL on 5
Aspirating 60.0 uL from A2 of Rack with Screw Cap Tubes on 4 at 92.86 uL/sec
Dispensing 60.0 uL into B2 of Culture Plate on 1 at 92.86 uL/sec
Touching tip
Dropping tip into A1 of Opentrons Fixed Trash on 12
Picking up tip from F1 of Opentrons OT-2 96 Tip Rack 300 µL on 5
Aspirating 60.0 uL from A2 of Rack with Screw Cap Tubes on 4 at 92.86 uL/sec
Dispensing 60.0 uL into C2 of Culture Plate on 1 at 92.86 uL/sec
Touching tip
Dropping tip into A1 of Opentrons Fixed Trash on 12
Picking up tip from G1 of Opentrons OT-2 96 Tip Rack 300 µL on 5
Aspirating 60.0 uL from A2 of Rack with Screw Cap Tubes on 4 at 92.86 uL/sec
Dispensing 60.0 uL into D2 of Culture Plate on 1 at 92.86 uL/sec
Touching tip
Dropping tip into A1 of Opentrons Fixed Trash on 12
Picking up tip from H1 of Opentrons OT-2 96 Tip Rack 300 µL on 5
Aspirating 60.0 uL from A2 of Rack with Screw Cap Tubes on 4 at 92.86 uL/sec
Dispensing 60.0 uL into E2 of Culture Plate on 1 at 92.86 uL/sec
Touching tip
Dropping tip into A1 of Opentrons Fixed Trash on 12
Picking up tip from A1 of Opentrons OT-2 96 Tip Rack 20 µL on 2
Aspirating 5.0 uL from A1 of Rack with Screw Cap Tubes on 4 at 7.56 uL/sec
Dispensing 5.0 uL into A1 of Culture Plate on 1 at 7.56 uL/sec
Aspirating 20.0 uL from A1 of Culture Plate on 1 at 15.12 uL/sec
Dispensing 20.0 uL into A1 of Culture Plate on 1 at 15.12 uL/sec
Blowing out at A1 of Culture Plate on 1
Touching tip
Dropping tip into A1 of Opentrons Fixed Trash on 12
Picking up tip from B1 of Opentrons OT-2 96 Tip Rack 20 µL on 2
Aspirating 5.0 uL from A1 of Rack with Screw Cap Tubes on 4 at 7.56 uL/sec
Dispensing 5.0 uL into A2 of Culture Plate on 1 at 7.56 uL/sec
Aspirating 20.0 uL from A2 of Culture Plate on 1 at 15.12 uL/sec
Dispensing 20.0 uL into A2 of Culture Plate on 1 at 15.12 uL/sec
Blowing out at A2 of Culture Plate on 1
Touching tip
Dropping tip into A1 of Opentrons Fixed Trash on 12
Picking up tip from A2 of Opentrons OT-2 96 Tip Rack 300 µL on 5
Aspirating 160.0 uL from A1 of Culture Plate on 1 at 185.72 uL/sec
Dispensing 160.0 uL into A1 of Culture Plate on 1 at 185.72 uL/sec
Aspirating 160.0 uL from A1 of Culture Plate on 1 at 185.72 uL/sec
Dispensing 160.0 uL into A1 of Culture Plate on 1 at 185.72 uL/sec
Aspirating 160.0 uL from A1 of Culture Plate on 1 at 185.72 uL/sec
Dispensing 160.0 uL into A1 of Culture Plate on 1 at 185.72 uL/sec
Aspirating 160.0 uL from A1 of Culture Plate on 1 at 185.72 uL/sec
Dispensing 160.0 uL into A1 of Culture Plate on 1 at 185.72 uL/sec
Aspirating 160.0 uL from A1 of Culture Plate on 1 at 185.72 uL/sec
Dispensing 160.0 uL into A1 of Culture Plate on 1 at 185.72 uL/sec
Aspirating 40.0 uL from A1 of Culture Plate on 1 at 92.86 uL/sec
Dispensing 40.0 uL into B1 of Culture Plate on 1 at 92.86 uL/sec
Touching tip
Aspirating 40.0 uL from A1 of Culture Plate on 1 at 92.86 uL/sec
Dispensing 40.0 uL into C1 of Culture Plate on 1 at 92.86 uL/sec
Touching tip
Aspirating 40.0 uL from A1 of Culture Plate on 1 at 92.86 uL/sec
Dispensing 40.0 uL into D1 of Culture Plate on 1 at 92.86 uL/sec
Touching tip
Aspirating 40.0 uL from A1 of Culture Plate on 1 at 92.86 uL/sec
Dispensing 40.0 uL into E1 of Culture Plate on 1 at 92.86 uL/sec
Touching tip
Dropping tip into A1 of Opentrons Fixed Trash on 12
Picking up tip from B2 of Opentrons OT-2 96 Tip Rack 300 µL on 5
Aspirating 160.0 uL from A2 of Culture Plate on 1 at 185.72 uL/sec
Dispensing 160.0 uL into A2 of Culture Plate on 1 at 185.72 uL/sec
Aspirating 160.0 uL from A2 of Culture Plate on 1 at 185.72 uL/sec
Dispensing 160.0 uL into A2 of Culture Plate on 1 at 185.72 uL/sec
Aspirating 160.0 uL from A2 of Culture Plate on 1 at 185.72 uL/sec
Dispensing 160.0 uL into A2 of Culture Plate on 1 at 185.72 uL/sec
Aspirating 160.0 uL from A2 of Culture Plate on 1 at 185.72 uL/sec
Dispensing 160.0 uL into A2 of Culture Plate on 1 at 185.72 uL/sec
Aspirating 160.0 uL from A2 of Culture Plate on 1 at 185.72 uL/sec
Dispensing 160.0 uL into A2 of Culture Plate on 1 at 185.72 uL/sec
Aspirating 40.0 uL from A2 of Culture Plate on 1 at 92.86 uL/sec
Dispensing 40.0 uL into B2 of Culture Plate on 1 at 92.86 uL/sec
Touching tip
Aspirating 40.0 uL from A2 of Culture Plate on 1 at 92.86 uL/sec
Dispensing 40.0 uL into C2 of Culture Plate on 1 at 92.86 uL/sec
Touching tip
Aspirating 40.0 uL from A2 of Culture Plate on 1 at 92.86 uL/sec
Dispensing 40.0 uL into D2 of Culture Plate on 1 at 92.86 uL/sec
Touching tip
Aspirating 40.0 uL from A2 of Culture Plate on 1 at 92.86 uL/sec
Dispensing 40.0 uL into E2 of Culture Plate on 1 at 92.86 uL/sec
Touching tip
Dropping tip into A1 of Opentrons Fixed Trash on 12
Picking up tip from C1 of Opentrons OT-2 96 Tip Rack 20 µL on 2
Aspirating 5.0 uL from A1 of Rack with Snap Cap Tubes on 3 at 7.56 uL/sec
Dispensing 5.0 uL into B1 of Culture Plate on 1 at 7.56 uL/sec
Aspirating 20.0 uL from B1 of Culture Plate on 1 at 7.56 uL/sec
Dispensing 20.0 uL into B1 of Culture Plate on 1 at 7.56 uL/sec
Dropping tip into A1 of Opentrons Fixed Trash on 12
Picking up tip from D1 of Opentrons OT-2 96 Tip Rack 20 µL on 2
Aspirating 5.0 uL from A1 of Rack with Snap Cap Tubes on 3 at 7.56 uL/sec
Dispensing 5.0 uL into B2 of Culture Plate on 1 at 7.56 uL/sec
Aspirating 20.0 uL from B2 of Culture Plate on 1 at 7.56 uL/sec
Dispensing 20.0 uL into B2 of Culture Plate on 1 at 7.56 uL/sec
Dropping tip into A1 of Opentrons Fixed Trash on 12
Picking up tip from E1 of Opentrons OT-2 96 Tip Rack 20 µL on 2
Aspirating 5.0 uL from A2 of Rack with Snap Cap Tubes on 3 at 7.56 uL/sec
Dispensing 5.0 uL into C1 of Culture Plate on 1 at 7.56 uL/sec
Aspirating 20.0 uL from C1 of Culture Plate on 1 at 7.56 uL/sec
Dispensing 20.0 uL into C1 of Culture Plate on 1 at 7.56 uL/sec
Dropping tip into A1 of Opentrons Fixed Trash on 12
Picking up tip from F1 of Opentrons OT-2 96 Tip Rack 20 µL on 2
Aspirating 5.0 uL from A2 of Rack with Snap Cap Tubes on 3 at 7.56 uL/sec
Dispensing 5.0 uL into C2 of Culture Plate on 1 at 7.56 uL/sec
Aspirating 20.0 uL from C2 of Culture Plate on 1 at 7.56 uL/sec
Dispensing 20.0 uL into C2 of Culture Plate on 1 at 7.56 uL/sec
Dropping tip into A1 of Opentrons Fixed Trash on 12
Picking up tip from G1 of Opentrons OT-2 96 Tip Rack 20 µL on 2
Aspirating 10.0 uL from A3 of Rack with Snap Cap Tubes on 3 at 7.56 uL/sec
Dispensing 10.0 uL into D1 of Culture Plate on 1 at 7.56 uL/sec
Aspirating 20.0 uL from D1 of Culture Plate on 1 at 7.56 uL/sec
Dispensing 20.0 uL into D1 of Culture Plate on 1 at 7.56 uL/sec
Dropping tip into A1 of Opentrons Fixed Trash on 12
Picking up tip from H1 of Opentrons OT-2 96 Tip Rack 20 µL on 2
Aspirating 10.0 uL from A3 of Rack with Snap Cap Tubes on 3 at 7.56 uL/sec
Dispensing 10.0 uL into D2 of Culture Plate on 1 at 7.56 uL/sec
Aspirating 20.0 uL from D2 of Culture Plate on 1 at 7.56 uL/sec
Dispensing 20.0 uL into D2 of Culture Plate on 1 at 7.56 uL/sec
Dropping tip into A1 of Opentrons Fixed Trash on 12
Picking up tip from A2 of Opentrons OT-2 96 Tip Rack 20 µL on 2
Aspirating 12.0 uL from A4 of Rack with Snap Cap Tubes on 3 at 7.56 uL/sec
Dispensing 12.0 uL into E1 of Culture Plate on 1 at 7.56 uL/sec
Aspirating 20.0 uL from E1 of Culture Plate on 1 at 7.56 uL/sec
Dispensing 20.0 uL into E1 of Culture Plate on 1 at 7.56 uL/sec
Dropping tip into A1 of Opentrons Fixed Trash on 12
Picking up tip from B2 of Opentrons OT-2 96 Tip Rack 20 µL on 2
Aspirating 12.0 uL from A4 of Rack with Snap Cap Tubes on 3 at 7.56 uL/sec
Dispensing 12.0 uL into E2 of Culture Plate on 1 at 7.56 uL/sec
Aspirating 20.0 uL from E2 of Culture Plate on 1 at 7.56 uL/sec
Dispensing 20.0 uL into E2 of Culture Plate on 1 at 7.56 uL/sec
Dropping tip into A1 of Opentrons Fixed Trash on 12
Caught exception: {'message': 'Task was destroyed but it is pending!', 'task': <Task pending name='Task-4' coro=<Poller._poll_forever() running at /Users/dp/Desktop/project/github/opentrons/venv/lib/python3.10/site-packages/opentrons/hardware_control/poller.py:80> wait_for=<Future pending cb=[Task.task_wakeup()]>>}
Caught exception: {'message': 'Task was destroyed but it is pending!', 'task': <Task pending name='Task-2' coro=<Poller._poll_forever() running at /Users/dp/Desktop/project/github/opentrons/venv/lib/python3.10/site-packages/opentrons/hardware_control/poller.py:80> wait_for=<Future pending cb=[Task.task_wakeup()]>>}
Caught exception: {'message': 'Task was destroyed but it is pending!', 'task': <Task pending name='Task-3' coro=<Poller._poll_forever() running at /Users/dp/Desktop/project/github/opentrons/venv/lib/python3.10/site-packages/opentrons/hardware_control/poller.py:80> wait_for=<Future pending cb=[Task.task_wakeup()]>>}
