/Users/dp/Desktop/project/github/opentrons/venv/lib/python3.10/site-packages/opentrons/hardware_control/simulator_setup.py:205: UserWarning: Simulator configuration does not name a machine, defaulting to OT-2 Standard
  warn(
/Users/dp/.opentrons/robot_settings.json not found. Loading defaults
Deck calibration not found.
/Users/dp/.opentrons/deck_calibration.json not found. Loading defaults
Picking up tip from A1 of Opentrons OT-2 96 Tip Rack 300 µL on 3
Logs from this command:
WARNING (legacy_module_core): The labware definition for eppendorf_96_wellplate_1000ul does not define a default engagement height for use with the Magnetic Module; you must specify a height explicitly when calling engage().
Transferring 130.0 from A1 of NEST 12 Well Reservoir 15 mL on 2 to A1 of Eppendorf 96 Deep Well Plate 1000µL on Magnetic Module GEN1 on 1
	Aspirating 130.0 uL from A1 of NEST 12 Well Reservoir 15 mL on 2 at 150.0 uL/sec
	Dispensing 130.0 uL into A1 of Eppendorf 96 Deep Well Plate 1000µL on Magnetic Module GEN1 on 1 at 300.0 uL/sec
Blowing out at A1 of Eppendorf 96 Deep Well Plate 1000µL on Magnetic Module GEN1 on 1
Transferring 130.0 from A1 of NEST 12 Well Reservoir 15 mL on 2 to A2 of Eppendorf 96 Deep Well Plate 1000µL on Magnetic Module GEN1 on 1
	Aspirating 130.0 uL from A1 of NEST 12 Well Reservoir 15 mL on 2 at 150.0 uL/sec
	Dispensing 130.0 uL into A2 of Eppendorf 96 Deep Well Plate 1000µL on Magnetic Module GEN1 on 1 at 300.0 uL/sec
Blowing out at A2 of Eppendorf 96 Deep Well Plate 1000µL on Magnetic Module GEN1 on 1
Transferring 130.0 from A1 of NEST 12 Well Reservoir 15 mL on 2 to A3 of Eppendorf 96 Deep Well Plate 1000µL on Magnetic Module GEN1 on 1
	Aspirating 130.0 uL from A1 of NEST 12 Well Reservoir 15 mL on 2 at 150.0 uL/sec
	Dispensing 130.0 uL into A3 of Eppendorf 96 Deep Well Plate 1000µL on Magnetic Module GEN1 on 1 at 300.0 uL/sec
Blowing out at A3 of Eppendorf 96 Deep Well Plate 1000µL on Magnetic Module GEN1 on 1
Dropping tip into A1 of Opentrons Fixed Trash on 12
Picking up tip from A2 of Opentrons OT-2 96 Tip Rack 300 µL on 3
Mixing 5 times with a volume of 200.0 ul
	Aspirating 200.0 uL from A2 of NEST 12 Well Reservoir 15 mL on 2 at 150.0 uL/sec
	Dispensing 200.0 uL into A2 of NEST 12 Well Reservoir 15 mL on 2 at 300.0 uL/sec
	Aspirating 200.0 uL from A2 of NEST 12 Well Reservoir 15 mL on 2 at 150.0 uL/sec
	Dispensing 200.0 uL into A2 of NEST 12 Well Reservoir 15 mL on 2 at 300.0 uL/sec
	Aspirating 200.0 uL from A2 of NEST 12 Well Reservoir 15 mL on 2 at 150.0 uL/sec
	Dispensing 200.0 uL into A2 of NEST 12 Well Reservoir 15 mL on 2 at 300.0 uL/sec
	Aspirating 200.0 uL from A2 of NEST 12 Well Reservoir 15 mL on 2 at 150.0 uL/sec
	Dispensing 200.0 uL into A2 of NEST 12 Well Reservoir 15 mL on 2 at 300.0 uL/sec
	Aspirating 200.0 uL from A2 of NEST 12 Well Reservoir 15 mL on 2 at 150.0 uL/sec
	Dispensing 200.0 uL into A2 of NEST 12 Well Reservoir 15 mL on 2 at 300.0 uL/sec
Transferring 300.0 from A2 of NEST 12 Well Reservoir 15 mL on 2 to A1 of Eppendorf 96 Deep Well Plate 1000µL on Magnetic Module GEN1 on 1
	Aspirating 300.0 uL from A2 of NEST 12 Well Reservoir 15 mL on 2 at 150.0 uL/sec
	Dispensing 300.0 uL into A1 of Eppendorf 96 Deep Well Plate 1000µL on Magnetic Module GEN1 on 1 at 300.0 uL/sec
Transferring 110.0 from A2 of NEST 12 Well Reservoir 15 mL on 2 to A1 of Eppendorf 96 Deep Well Plate 1000µL on Magnetic Module GEN1 on 1
	Aspirating 110.0 uL from A2 of NEST 12 Well Reservoir 15 mL on 2 at 150.0 uL/sec
	Dispensing 110.0 uL into A1 of Eppendorf 96 Deep Well Plate 1000µL on Magnetic Module GEN1 on 1 at 300.0 uL/sec
Mixing 3 times with a volume of 200.0 ul
	Aspirating 200.0 uL from A1 of Eppendorf 96 Deep Well Plate 1000µL on Magnetic Module GEN1 on 1 at 150.0 uL/sec
	Dispensing 200.0 uL into A1 of Eppendorf 96 Deep Well Plate 1000µL on Magnetic Module GEN1 on 1 at 300.0 uL/sec
	Aspirating 200.0 uL from A1 of Eppendorf 96 Deep Well Plate 1000µL on Magnetic Module GEN1 on 1 at 150.0 uL/sec
	Dispensing 200.0 uL into A1 of Eppendorf 96 Deep Well Plate 1000µL on Magnetic Module GEN1 on 1 at 300.0 uL/sec
	Aspirating 200.0 uL from A1 of Eppendorf 96 Deep Well Plate 1000µL on Magnetic Module GEN1 on 1 at 150.0 uL/sec
	Dispensing 200.0 uL into A1 of Eppendorf 96 Deep Well Plate 1000µL on Magnetic Module GEN1 on 1 at 300.0 uL/sec
Blowing out at A1 of Eppendorf 96 Deep Well Plate 1000µL on Magnetic Module GEN1 on 1
Dropping tip into A1 of Opentrons Fixed Trash on 12
Picking up tip from A3 of Opentrons OT-2 96 Tip Rack 300 µL on 3
Mixing 5 times with a volume of 200.0 ul
	Aspirating 200.0 uL from A2 of NEST 12 Well Reservoir 15 mL on 2 at 150.0 uL/sec
	Dispensing 200.0 uL into A2 of NEST 12 Well Reservoir 15 mL on 2 at 300.0 uL/sec
	Aspirating 200.0 uL from A2 of NEST 12 Well Reservoir 15 mL on 2 at 150.0 uL/sec
	Dispensing 200.0 uL into A2 of NEST 12 Well Reservoir 15 mL on 2 at 300.0 uL/sec
	Aspirating 200.0 uL from A2 of NEST 12 Well Reservoir 15 mL on 2 at 150.0 uL/sec
	Dispensing 200.0 uL into A2 of NEST 12 Well Reservoir 15 mL on 2 at 300.0 uL/sec
	Aspirating 200.0 uL from A2 of NEST 12 Well Reservoir 15 mL on 2 at 150.0 uL/sec
	Dispensing 200.0 uL into A2 of NEST 12 Well Reservoir 15 mL on 2 at 300.0 uL/sec
	Aspirating 200.0 uL from A2 of NEST 12 Well Reservoir 15 mL on 2 at 150.0 uL/sec
	Dispensing 200.0 uL into A2 of NEST 12 Well Reservoir 15 mL on 2 at 300.0 uL/sec
Transferring 300.0 from A2 of NEST 12 Well Reservoir 15 mL on 2 to A2 of Eppendorf 96 Deep Well Plate 1000µL on Magnetic Module GEN1 on 1
	Aspirating 300.0 uL from A2 of NEST 12 Well Reservoir 15 mL on 2 at 150.0 uL/sec
	Dispensing 300.0 uL into A2 of Eppendorf 96 Deep Well Plate 1000µL on Magnetic Module GEN1 on 1 at 300.0 uL/sec
Transferring 110.0 from A2 of NEST 12 Well Reservoir 15 mL on 2 to A2 of Eppendorf 96 Deep Well Plate 1000µL on Magnetic Module GEN1 on 1
	Aspirating 110.0 uL from A2 of NEST 12 Well Reservoir 15 mL on 2 at 150.0 uL/sec
	Dispensing 110.0 uL into A2 of Eppendorf 96 Deep Well Plate 1000µL on Magnetic Module GEN1 on 1 at 300.0 uL/sec
Mixing 3 times with a volume of 200.0 ul
	Aspirating 200.0 uL from A2 of Eppendorf 96 Deep Well Plate 1000µL on Magnetic Module GEN1 on 1 at 150.0 uL/sec
	Dispensing 200.0 uL into A2 of Eppendorf 96 Deep Well Plate 1000µL on Magnetic Module GEN1 on 1 at 300.0 uL/sec
	Aspirating 200.0 uL from A2 of Eppendorf 96 Deep Well Plate 1000µL on Magnetic Module GEN1 on 1 at 150.0 uL/sec
	Dispensing 200.0 uL into A2 of Eppendorf 96 Deep Well Plate 1000µL on Magnetic Module GEN1 on 1 at 300.0 uL/sec
	Aspirating 200.0 uL from A2 of Eppendorf 96 Deep Well Plate 1000µL on Magnetic Module GEN1 on 1 at 150.0 uL/sec
	Dispensing 200.0 uL into A2 of Eppendorf 96 Deep Well Plate 1000µL on Magnetic Module GEN1 on 1 at 300.0 uL/sec
Blowing out at A2 of Eppendorf 96 Deep Well Plate 1000µL on Magnetic Module GEN1 on 1
Dropping tip into A1 of Opentrons Fixed Trash on 12
Picking up tip from A4 of Opentrons OT-2 96 Tip Rack 300 µL on 3
Mixing 5 times with a volume of 200.0 ul
	Aspirating 200.0 uL from A2 of NEST 12 Well Reservoir 15 mL on 2 at 150.0 uL/sec
	Dispensing 200.0 uL into A2 of NEST 12 Well Reservoir 15 mL on 2 at 300.0 uL/sec
	Aspirating 200.0 uL from A2 of NEST 12 Well Reservoir 15 mL on 2 at 150.0 uL/sec
	Dispensing 200.0 uL into A2 of NEST 12 Well Reservoir 15 mL on 2 at 300.0 uL/sec
	Aspirating 200.0 uL from A2 of NEST 12 Well Reservoir 15 mL on 2 at 150.0 uL/sec
	Dispensing 200.0 uL into A2 of NEST 12 Well Reservoir 15 mL on 2 at 300.0 uL/sec
	Aspirating 200.0 uL from A2 of NEST 12 Well Reservoir 15 mL on 2 at 150.0 uL/sec
	Dispensing 200.0 uL into A2 of NEST 12 Well Reservoir 15 mL on 2 at 300.0 uL/sec
	Aspirating 200.0 uL from A2 of NEST 12 Well Reservoir 15 mL on 2 at 150.0 uL/sec
	Dispensing 200.0 uL into A2 of NEST 12 Well Reservoir 15 mL on 2 at 300.0 uL/sec
Transferring 300.0 from A2 of NEST 12 Well Reservoir 15 mL on 2 to A3 of Eppendorf 96 Deep Well Plate 1000µL on Magnetic Module GEN1 on 1
	Aspirating 300.0 uL from A2 of NEST 12 Well Reservoir 15 mL on 2 at 150.0 uL/sec
	Dispensing 300.0 uL into A3 of Eppendorf 96 Deep Well Plate 1000µL on Magnetic Module GEN1 on 1 at 300.0 uL/sec
Transferring 110.0 from A2 of NEST 12 Well Reservoir 15 mL on 2 to A3 of Eppendorf 96 Deep Well Plate 1000µL on Magnetic Module GEN1 on 1
	Aspirating 110.0 uL from A2 of NEST 12 Well Reservoir 15 mL on 2 at 150.0 uL/sec
	Dispensing 110.0 uL into A3 of Eppendorf 96 Deep Well Plate 1000µL on Magnetic Module GEN1 on 1 at 300.0 uL/sec
Mixing 3 times with a volume of 200.0 ul
	Aspirating 200.0 uL from A3 of Eppendorf 96 Deep Well Plate 1000µL on Magnetic Module GEN1 on 1 at 150.0 uL/sec
	Dispensing 200.0 uL into A3 of Eppendorf 96 Deep Well Plate 1000µL on Magnetic Module GEN1 on 1 at 300.0 uL/sec
	Aspirating 200.0 uL from A3 of Eppendorf 96 Deep Well Plate 1000µL on Magnetic Module GEN1 on 1 at 150.0 uL/sec
	Dispensing 200.0 uL into A3 of Eppendorf 96 Deep Well Plate 1000µL on Magnetic Module GEN1 on 1 at 300.0 uL/sec
	Aspirating 200.0 uL from A3 of Eppendorf 96 Deep Well Plate 1000µL on Magnetic Module GEN1 on 1 at 150.0 uL/sec
	Dispensing 200.0 uL into A3 of Eppendorf 96 Deep Well Plate 1000µL on Magnetic Module GEN1 on 1 at 300.0 uL/sec
Blowing out at A3 of Eppendorf 96 Deep Well Plate 1000µL on Magnetic Module GEN1 on 1
Dropping tip into A1 of Opentrons Fixed Trash on 12
Beginning incubation... 5 minute incubation without     magnet; 2 minutes with magnet.
Delaying for 5 minutes and 0.0 seconds
Engaging Magnetic Module
Delaying for 2 minutes and 0.0 seconds
Picking up tip from A5 of Opentrons OT-2 96 Tip Rack 300 µL on 3
Transferring 640.0 from A1 of Eppendorf 96 Deep Well Plate 1000µL on Magnetic Module GEN1 on 1 to A1 of NEST 1 Well Reservoir 195 mL on 8
	Aspirating 300.0 uL from A1 of Eppendorf 96 Deep Well Plate 1000µL on Magnetic Module GEN1 on 1 at 150.0 uL/sec
	Dispensing 300.0 uL into A1 of NEST 1 Well Reservoir 195 mL on 8 at 300.0 uL/sec
	Aspirating 170.0 uL from A1 of Eppendorf 96 Deep Well Plate 1000µL on Magnetic Module GEN1 on 1 at 150.0 uL/sec
	Dispensing 170.0 uL into A1 of NEST 1 Well Reservoir 195 mL on 8 at 300.0 uL/sec
	Aspirating 170.0 uL from A1 of Eppendorf 96 Deep Well Plate 1000µL on Magnetic Module GEN1 on 1 at 150.0 uL/sec
	Dispensing 170.0 uL into A1 of NEST 1 Well Reservoir 195 mL on 8 at 300.0 uL/sec
Dropping tip into A1 of Opentrons Fixed Trash on 12
Picking up tip from A6 of Opentrons OT-2 96 Tip Rack 300 µL on 3
Transferring 640.0 from A2 of Eppendorf 96 Deep Well Plate 1000µL on Magnetic Module GEN1 on 1 to A1 of NEST 1 Well Reservoir 195 mL on 8
	Aspirating 300.0 uL from A2 of Eppendorf 96 Deep Well Plate 1000µL on Magnetic Module GEN1 on 1 at 150.0 uL/sec
	Dispensing 300.0 uL into A1 of NEST 1 Well Reservoir 195 mL on 8 at 300.0 uL/sec
	Aspirating 170.0 uL from A2 of Eppendorf 96 Deep Well Plate 1000µL on Magnetic Module GEN1 on 1 at 150.0 uL/sec
	Dispensing 170.0 uL into A1 of NEST 1 Well Reservoir 195 mL on 8 at 300.0 uL/sec
	Aspirating 170.0 uL from A2 of Eppendorf 96 Deep Well Plate 1000µL on Magnetic Module GEN1 on 1 at 150.0 uL/sec
	Dispensing 170.0 uL into A1 of NEST 1 Well Reservoir 195 mL on 8 at 300.0 uL/sec
Dropping tip into A1 of Opentrons Fixed Trash on 12
Picking up tip from A7 of Opentrons OT-2 96 Tip Rack 300 µL on 3
Transferring 640.0 from A3 of Eppendorf 96 Deep Well Plate 1000µL on Magnetic Module GEN1 on 1 to A1 of NEST 1 Well Reservoir 195 mL on 8
	Aspirating 300.0 uL from A3 of Eppendorf 96 Deep Well Plate 1000µL on Magnetic Module GEN1 on 1 at 150.0 uL/sec
	Dispensing 300.0 uL into A1 of NEST 1 Well Reservoir 195 mL on 8 at 300.0 uL/sec
	Aspirating 170.0 uL from A3 of Eppendorf 96 Deep Well Plate 1000µL on Magnetic Module GEN1 on 1 at 150.0 uL/sec
	Dispensing 170.0 uL into A1 of NEST 1 Well Reservoir 195 mL on 8 at 300.0 uL/sec
	Aspirating 170.0 uL from A3 of Eppendorf 96 Deep Well Plate 1000µL on Magnetic Module GEN1 on 1 at 150.0 uL/sec
	Dispensing 170.0 uL into A1 of NEST 1 Well Reservoir 195 mL on 8 at 300.0 uL/sec
Dropping tip into A1 of Opentrons Fixed Trash on 12
Disengaging Magnetic Module
Picking up tip from A8 of Opentrons OT-2 96 Tip Rack 300 µL on 3
Transferring 200.0 from A4 of NEST 12 Well Reservoir 15 mL on 2 to A1 of Eppendorf 96 Deep Well Plate 1000µL on Magnetic Module GEN1 on 1
	Aspirating 200.0 uL from A4 of NEST 12 Well Reservoir 15 mL on 2 at 150.0 uL/sec
	Dispensing 200.0 uL into A1 of Eppendorf 96 Deep Well Plate 1000µL on Magnetic Module GEN1 on 1 at 300.0 uL/sec
Transferring 200.0 from A4 of NEST 12 Well Reservoir 15 mL on 2 to A1 of Eppendorf 96 Deep Well Plate 1000µL on Magnetic Module GEN1 on 1
	Aspirating 200.0 uL from A4 of NEST 12 Well Reservoir 15 mL on 2 at 150.0 uL/sec
	Dispensing 200.0 uL into A1 of Eppendorf 96 Deep Well Plate 1000µL on Magnetic Module GEN1 on 1 at 300.0 uL/sec
Transferring 200.0 from A4 of NEST 12 Well Reservoir 15 mL on 2 to A1 of Eppendorf 96 Deep Well Plate 1000µL on Magnetic Module GEN1 on 1
	Aspirating 200.0 uL from A4 of NEST 12 Well Reservoir 15 mL on 2 at 150.0 uL/sec
	Dispensing 200.0 uL into A1 of Eppendorf 96 Deep Well Plate 1000µL on Magnetic Module GEN1 on 1 at 300.0 uL/sec
Mixing 3 times with a volume of 200.0 ul
	Aspirating 200.0 uL from A1 of Eppendorf 96 Deep Well Plate 1000µL on Magnetic Module GEN1 on 1 at 150.0 uL/sec
	Dispensing 200.0 uL into A1 of Eppendorf 96 Deep Well Plate 1000µL on Magnetic Module GEN1 on 1 at 300.0 uL/sec
	Aspirating 200.0 uL from A1 of Eppendorf 96 Deep Well Plate 1000µL on Magnetic Module GEN1 on 1 at 150.0 uL/sec
	Dispensing 200.0 uL into A1 of Eppendorf 96 Deep Well Plate 1000µL on Magnetic Module GEN1 on 1 at 300.0 uL/sec
	Aspirating 200.0 uL from A1 of Eppendorf 96 Deep Well Plate 1000µL on Magnetic Module GEN1 on 1 at 150.0 uL/sec
	Dispensing 200.0 uL into A1 of Eppendorf 96 Deep Well Plate 1000µL on Magnetic Module GEN1 on 1 at 300.0 uL/sec
Dropping tip into A1 of Opentrons Fixed Trash on 12
Picking up tip from A9 of Opentrons OT-2 96 Tip Rack 300 µL on 3
Transferring 200.0 from A4 of NEST 12 Well Reservoir 15 mL on 2 to A2 of Eppendorf 96 Deep Well Plate 1000µL on Magnetic Module GEN1 on 1
	Aspirating 200.0 uL from A4 of NEST 12 Well Reservoir 15 mL on 2 at 150.0 uL/sec
	Dispensing 200.0 uL into A2 of Eppendorf 96 Deep Well Plate 1000µL on Magnetic Module GEN1 on 1 at 300.0 uL/sec
Transferring 200.0 from A4 of NEST 12 Well Reservoir 15 mL on 2 to A2 of Eppendorf 96 Deep Well Plate 1000µL on Magnetic Module GEN1 on 1
	Aspirating 200.0 uL from A4 of NEST 12 Well Reservoir 15 mL on 2 at 150.0 uL/sec
	Dispensing 200.0 uL into A2 of Eppendorf 96 Deep Well Plate 1000µL on Magnetic Module GEN1 on 1 at 300.0 uL/sec
Transferring 200.0 from A4 of NEST 12 Well Reservoir 15 mL on 2 to A2 of Eppendorf 96 Deep Well Plate 1000µL on Magnetic Module GEN1 on 1
	Aspirating 200.0 uL from A4 of NEST 12 Well Reservoir 15 mL on 2 at 150.0 uL/sec
	Dispensing 200.0 uL into A2 of Eppendorf 96 Deep Well Plate 1000µL on Magnetic Module GEN1 on 1 at 300.0 uL/sec
Mixing 3 times with a volume of 200.0 ul
	Aspirating 200.0 uL from A2 of Eppendorf 96 Deep Well Plate 1000µL on Magnetic Module GEN1 on 1 at 150.0 uL/sec
	Dispensing 200.0 uL into A2 of Eppendorf 96 Deep Well Plate 1000µL on Magnetic Module GEN1 on 1 at 300.0 uL/sec
	Aspirating 200.0 uL from A2 of Eppendorf 96 Deep Well Plate 1000µL on Magnetic Module GEN1 on 1 at 150.0 uL/sec
	Dispensing 200.0 uL into A2 of Eppendorf 96 Deep Well Plate 1000µL on Magnetic Module GEN1 on 1 at 300.0 uL/sec
	Aspirating 200.0 uL from A2 of Eppendorf 96 Deep Well Plate 1000µL on Magnetic Module GEN1 on 1 at 150.0 uL/sec
	Dispensing 200.0 uL into A2 of Eppendorf 96 Deep Well Plate 1000µL on Magnetic Module GEN1 on 1 at 300.0 uL/sec
Dropping tip into A1 of Opentrons Fixed Trash on 12
Picking up tip from A10 of Opentrons OT-2 96 Tip Rack 300 µL on 3
Transferring 200.0 from A4 of NEST 12 Well Reservoir 15 mL on 2 to A3 of Eppendorf 96 Deep Well Plate 1000µL on Magnetic Module GEN1 on 1
	Aspirating 200.0 uL from A4 of NEST 12 Well Reservoir 15 mL on 2 at 150.0 uL/sec
	Dispensing 200.0 uL into A3 of Eppendorf 96 Deep Well Plate 1000µL on Magnetic Module GEN1 on 1 at 300.0 uL/sec
Transferring 200.0 from A4 of NEST 12 Well Reservoir 15 mL on 2 to A3 of Eppendorf 96 Deep Well Plate 1000µL on Magnetic Module GEN1 on 1
	Aspirating 200.0 uL from A4 of NEST 12 Well Reservoir 15 mL on 2 at 150.0 uL/sec
	Dispensing 200.0 uL into A3 of Eppendorf 96 Deep Well Plate 1000µL on Magnetic Module GEN1 on 1 at 300.0 uL/sec
Transferring 200.0 from A4 of NEST 12 Well Reservoir 15 mL on 2 to A3 of Eppendorf 96 Deep Well Plate 1000µL on Magnetic Module GEN1 on 1
	Aspirating 200.0 uL from A4 of NEST 12 Well Reservoir 15 mL on 2 at 150.0 uL/sec
	Dispensing 200.0 uL into A3 of Eppendorf 96 Deep Well Plate 1000µL on Magnetic Module GEN1 on 1 at 300.0 uL/sec
Mixing 3 times with a volume of 200.0 ul
	Aspirating 200.0 uL from A3 of Eppendorf 96 Deep Well Plate 1000µL on Magnetic Module GEN1 on 1 at 150.0 uL/sec
	Dispensing 200.0 uL into A3 of Eppendorf 96 Deep Well Plate 1000µL on Magnetic Module GEN1 on 1 at 300.0 uL/sec
	Aspirating 200.0 uL from A3 of Eppendorf 96 Deep Well Plate 1000µL on Magnetic Module GEN1 on 1 at 150.0 uL/sec
	Dispensing 200.0 uL into A3 of Eppendorf 96 Deep Well Plate 1000µL on Magnetic Module GEN1 on 1 at 300.0 uL/sec
	Aspirating 200.0 uL from A3 of Eppendorf 96 Deep Well Plate 1000µL on Magnetic Module GEN1 on 1 at 150.0 uL/sec
	Dispensing 200.0 uL into A3 of Eppendorf 96 Deep Well Plate 1000µL on Magnetic Module GEN1 on 1 at 300.0 uL/sec
Dropping tip into A1 of Opentrons Fixed Trash on 12
Engaging Magnetic Module
Delaying for 3 minutes and 0.0 seconds
Picking up tip from A11 of Opentrons OT-2 96 Tip Rack 300 µL on 3
Transferring 600.0 from A1 of Eppendorf 96 Deep Well Plate 1000µL on Magnetic Module GEN1 on 1 to A1 of NEST 1 Well Reservoir 195 mL on 8
	Aspirating 300.0 uL from A1 of Eppendorf 96 Deep Well Plate 1000µL on Magnetic Module GEN1 on 1 at 150.0 uL/sec
	Dispensing 300.0 uL into A1 of NEST 1 Well Reservoir 195 mL on 8 at 300.0 uL/sec
	Aspirating 300.0 uL from A1 of Eppendorf 96 Deep Well Plate 1000µL on Magnetic Module GEN1 on 1 at 150.0 uL/sec
	Dispensing 300.0 uL into A1 of NEST 1 Well Reservoir 195 mL on 8 at 300.0 uL/sec
Dropping tip into A1 of Opentrons Fixed Trash on 12
Picking up tip from A12 of Opentrons OT-2 96 Tip Rack 300 µL on 3
Transferring 600.0 from A2 of Eppendorf 96 Deep Well Plate 1000µL on Magnetic Module GEN1 on 1 to A1 of NEST 1 Well Reservoir 195 mL on 8
	Aspirating 300.0 uL from A2 of Eppendorf 96 Deep Well Plate 1000µL on Magnetic Module GEN1 on 1 at 150.0 uL/sec
	Dispensing 300.0 uL into A1 of NEST 1 Well Reservoir 195 mL on 8 at 300.0 uL/sec
	Aspirating 300.0 uL from A2 of Eppendorf 96 Deep Well Plate 1000µL on Magnetic Module GEN1 on 1 at 150.0 uL/sec
	Dispensing 300.0 uL into A1 of NEST 1 Well Reservoir 195 mL on 8 at 300.0 uL/sec
Dropping tip into A1 of Opentrons Fixed Trash on 12
Picking up tip from A1 of Opentrons OT-2 96 Tip Rack 300 µL on 6
Transferring 600.0 from A3 of Eppendorf 96 Deep Well Plate 1000µL on Magnetic Module GEN1 on 1 to A1 of NEST 1 Well Reservoir 195 mL on 8
	Aspirating 300.0 uL from A3 of Eppendorf 96 Deep Well Plate 1000µL on Magnetic Module GEN1 on 1 at 150.0 uL/sec
	Dispensing 300.0 uL into A1 of NEST 1 Well Reservoir 195 mL on 8 at 300.0 uL/sec
	Aspirating 300.0 uL from A3 of Eppendorf 96 Deep Well Plate 1000µL on Magnetic Module GEN1 on 1 at 150.0 uL/sec
	Dispensing 300.0 uL into A1 of NEST 1 Well Reservoir 195 mL on 8 at 300.0 uL/sec
Dropping tip into A1 of Opentrons Fixed Trash on 12
Disengaging Magnetic Module
Picking up tip from A2 of Opentrons OT-2 96 Tip Rack 300 µL on 6
Transferring 200.0 from A6 of NEST 12 Well Reservoir 15 mL on 2 to A1 of Eppendorf 96 Deep Well Plate 1000µL on Magnetic Module GEN1 on 1
	Aspirating 200.0 uL from A6 of NEST 12 Well Reservoir 15 mL on 2 at 150.0 uL/sec
	Dispensing 200.0 uL into A1 of Eppendorf 96 Deep Well Plate 1000µL on Magnetic Module GEN1 on 1 at 300.0 uL/sec
Transferring 200.0 from A6 of NEST 12 Well Reservoir 15 mL on 2 to A1 of Eppendorf 96 Deep Well Plate 1000µL on Magnetic Module GEN1 on 1
	Aspirating 200.0 uL from A6 of NEST 12 Well Reservoir 15 mL on 2 at 150.0 uL/sec
	Dispensing 200.0 uL into A1 of Eppendorf 96 Deep Well Plate 1000µL on Magnetic Module GEN1 on 1 at 300.0 uL/sec
Transferring 200.0 from A6 of NEST 12 Well Reservoir 15 mL on 2 to A1 of Eppendorf 96 Deep Well Plate 1000µL on Magnetic Module GEN1 on 1
	Aspirating 200.0 uL from A6 of NEST 12 Well Reservoir 15 mL on 2 at 150.0 uL/sec
	Dispensing 200.0 uL into A1 of Eppendorf 96 Deep Well Plate 1000µL on Magnetic Module GEN1 on 1 at 300.0 uL/sec
Mixing 3 times with a volume of 200.0 ul
	Aspirating 200.0 uL from A1 of Eppendorf 96 Deep Well Plate 1000µL on Magnetic Module GEN1 on 1 at 150.0 uL/sec
	Dispensing 200.0 uL into A1 of Eppendorf 96 Deep Well Plate 1000µL on Magnetic Module GEN1 on 1 at 300.0 uL/sec
	Aspirating 200.0 uL from A1 of Eppendorf 96 Deep Well Plate 1000µL on Magnetic Module GEN1 on 1 at 150.0 uL/sec
	Dispensing 200.0 uL into A1 of Eppendorf 96 Deep Well Plate 1000µL on Magnetic Module GEN1 on 1 at 300.0 uL/sec
	Aspirating 200.0 uL from A1 of Eppendorf 96 Deep Well Plate 1000µL on Magnetic Module GEN1 on 1 at 150.0 uL/sec
	Dispensing 200.0 uL into A1 of Eppendorf 96 Deep Well Plate 1000µL on Magnetic Module GEN1 on 1 at 300.0 uL/sec
Dropping tip into A1 of Opentrons Fixed Trash on 12
Picking up tip from A3 of Opentrons OT-2 96 Tip Rack 300 µL on 6
Transferring 200.0 from A6 of NEST 12 Well Reservoir 15 mL on 2 to A2 of Eppendorf 96 Deep Well Plate 1000µL on Magnetic Module GEN1 on 1
	Aspirating 200.0 uL from A6 of NEST 12 Well Reservoir 15 mL on 2 at 150.0 uL/sec
	Dispensing 200.0 uL into A2 of Eppendorf 96 Deep Well Plate 1000µL on Magnetic Module GEN1 on 1 at 300.0 uL/sec
Transferring 200.0 from A6 of NEST 12 Well Reservoir 15 mL on 2 to A2 of Eppendorf 96 Deep Well Plate 1000µL on Magnetic Module GEN1 on 1
	Aspirating 200.0 uL from A6 of NEST 12 Well Reservoir 15 mL on 2 at 150.0 uL/sec
	Dispensing 200.0 uL into A2 of Eppendorf 96 Deep Well Plate 1000µL on Magnetic Module GEN1 on 1 at 300.0 uL/sec
Transferring 200.0 from A6 of NEST 12 Well Reservoir 15 mL on 2 to A2 of Eppendorf 96 Deep Well Plate 1000µL on Magnetic Module GEN1 on 1
	Aspirating 200.0 uL from A6 of NEST 12 Well Reservoir 15 mL on 2 at 150.0 uL/sec
	Dispensing 200.0 uL into A2 of Eppendorf 96 Deep Well Plate 1000µL on Magnetic Module GEN1 on 1 at 300.0 uL/sec
Mixing 3 times with a volume of 200.0 ul
	Aspirating 200.0 uL from A2 of Eppendorf 96 Deep Well Plate 1000µL on Magnetic Module GEN1 on 1 at 150.0 uL/sec
	Dispensing 200.0 uL into A2 of Eppendorf 96 Deep Well Plate 1000µL on Magnetic Module GEN1 on 1 at 300.0 uL/sec
	Aspirating 200.0 uL from A2 of Eppendorf 96 Deep Well Plate 1000µL on Magnetic Module GEN1 on 1 at 150.0 uL/sec
	Dispensing 200.0 uL into A2 of Eppendorf 96 Deep Well Plate 1000µL on Magnetic Module GEN1 on 1 at 300.0 uL/sec
	Aspirating 200.0 uL from A2 of Eppendorf 96 Deep Well Plate 1000µL on Magnetic Module GEN1 on 1 at 150.0 uL/sec
	Dispensing 200.0 uL into A2 of Eppendorf 96 Deep Well Plate 1000µL on Magnetic Module GEN1 on 1 at 300.0 uL/sec
Dropping tip into A1 of Opentrons Fixed Trash on 12
Picking up tip from A4 of Opentrons OT-2 96 Tip Rack 300 µL on 6
Transferring 200.0 from A6 of NEST 12 Well Reservoir 15 mL on 2 to A3 of Eppendorf 96 Deep Well Plate 1000µL on Magnetic Module GEN1 on 1
	Aspirating 200.0 uL from A6 of NEST 12 Well Reservoir 15 mL on 2 at 150.0 uL/sec
	Dispensing 200.0 uL into A3 of Eppendorf 96 Deep Well Plate 1000µL on Magnetic Module GEN1 on 1 at 300.0 uL/sec
Transferring 200.0 from A6 of NEST 12 Well Reservoir 15 mL on 2 to A3 of Eppendorf 96 Deep Well Plate 1000µL on Magnetic Module GEN1 on 1
	Aspirating 200.0 uL from A6 of NEST 12 Well Reservoir 15 mL on 2 at 150.0 uL/sec
	Dispensing 200.0 uL into A3 of Eppendorf 96 Deep Well Plate 1000µL on Magnetic Module GEN1 on 1 at 300.0 uL/sec
Transferring 200.0 from A6 of NEST 12 Well Reservoir 15 mL on 2 to A3 of Eppendorf 96 Deep Well Plate 1000µL on Magnetic Module GEN1 on 1
	Aspirating 200.0 uL from A6 of NEST 12 Well Reservoir 15 mL on 2 at 150.0 uL/sec
	Dispensing 200.0 uL into A3 of Eppendorf 96 Deep Well Plate 1000µL on Magnetic Module GEN1 on 1 at 300.0 uL/sec
Mixing 3 times with a volume of 200.0 ul
	Aspirating 200.0 uL from A3 of Eppendorf 96 Deep Well Plate 1000µL on Magnetic Module GEN1 on 1 at 150.0 uL/sec
	Dispensing 200.0 uL into A3 of Eppendorf 96 Deep Well Plate 1000µL on Magnetic Module GEN1 on 1 at 300.0 uL/sec
	Aspirating 200.0 uL from A3 of Eppendorf 96 Deep Well Plate 1000µL on Magnetic Module GEN1 on 1 at 150.0 uL/sec
	Dispensing 200.0 uL into A3 of Eppendorf 96 Deep Well Plate 1000µL on Magnetic Module GEN1 on 1 at 300.0 uL/sec
	Aspirating 200.0 uL from A3 of Eppendorf 96 Deep Well Plate 1000µL on Magnetic Module GEN1 on 1 at 150.0 uL/sec
	Dispensing 200.0 uL into A3 of Eppendorf 96 Deep Well Plate 1000µL on Magnetic Module GEN1 on 1 at 300.0 uL/sec
Dropping tip into A1 of Opentrons Fixed Trash on 12
Engaging Magnetic Module
Delaying for 3 minutes and 0.0 seconds
Picking up tip from A5 of Opentrons OT-2 96 Tip Rack 300 µL on 6
Transferring 600.0 from A1 of Eppendorf 96 Deep Well Plate 1000µL on Magnetic Module GEN1 on 1 to A1 of NEST 1 Well Reservoir 195 mL on 8
	Aspirating 300.0 uL from A1 of Eppendorf 96 Deep Well Plate 1000µL on Magnetic Module GEN1 on 1 at 150.0 uL/sec
	Dispensing 300.0 uL into A1 of NEST 1 Well Reservoir 195 mL on 8 at 300.0 uL/sec
	Aspirating 300.0 uL from A1 of Eppendorf 96 Deep Well Plate 1000µL on Magnetic Module GEN1 on 1 at 150.0 uL/sec
	Dispensing 300.0 uL into A1 of NEST 1 Well Reservoir 195 mL on 8 at 300.0 uL/sec
Dropping tip into A1 of Opentrons Fixed Trash on 12
Picking up tip from A6 of Opentrons OT-2 96 Tip Rack 300 µL on 6
Transferring 600.0 from A2 of Eppendorf 96 Deep Well Plate 1000µL on Magnetic Module GEN1 on 1 to A1 of NEST 1 Well Reservoir 195 mL on 8
	Aspirating 300.0 uL from A2 of Eppendorf 96 Deep Well Plate 1000µL on Magnetic Module GEN1 on 1 at 150.0 uL/sec
	Dispensing 300.0 uL into A1 of NEST 1 Well Reservoir 195 mL on 8 at 300.0 uL/sec
	Aspirating 300.0 uL from A2 of Eppendorf 96 Deep Well Plate 1000µL on Magnetic Module GEN1 on 1 at 150.0 uL/sec
	Dispensing 300.0 uL into A1 of NEST 1 Well Reservoir 195 mL on 8 at 300.0 uL/sec
Dropping tip into A1 of Opentrons Fixed Trash on 12
Picking up tip from A7 of Opentrons OT-2 96 Tip Rack 300 µL on 6
Transferring 600.0 from A3 of Eppendorf 96 Deep Well Plate 1000µL on Magnetic Module GEN1 on 1 to A1 of NEST 1 Well Reservoir 195 mL on 8
	Aspirating 300.0 uL from A3 of Eppendorf 96 Deep Well Plate 1000µL on Magnetic Module GEN1 on 1 at 150.0 uL/sec
	Dispensing 300.0 uL into A1 of NEST 1 Well Reservoir 195 mL on 8 at 300.0 uL/sec
	Aspirating 300.0 uL from A3 of Eppendorf 96 Deep Well Plate 1000µL on Magnetic Module GEN1 on 1 at 150.0 uL/sec
	Dispensing 300.0 uL into A1 of NEST 1 Well Reservoir 195 mL on 8 at 300.0 uL/sec
Dropping tip into A1 of Opentrons Fixed Trash on 12
Disengaging Magnetic Module
Picking up tip from A8 of Opentrons OT-2 96 Tip Rack 300 µL on 6
Transferring 200.0 from A8 of NEST 12 Well Reservoir 15 mL on 2 to A1 of Eppendorf 96 Deep Well Plate 1000µL on Magnetic Module GEN1 on 1
	Aspirating 200.0 uL from A8 of NEST 12 Well Reservoir 15 mL on 2 at 150.0 uL/sec
	Dispensing 200.0 uL into A1 of Eppendorf 96 Deep Well Plate 1000µL on Magnetic Module GEN1 on 1 at 300.0 uL/sec
Transferring 200.0 from A8 of NEST 12 Well Reservoir 15 mL on 2 to A1 of Eppendorf 96 Deep Well Plate 1000µL on Magnetic Module GEN1 on 1
	Aspirating 200.0 uL from A8 of NEST 12 Well Reservoir 15 mL on 2 at 150.0 uL/sec
	Dispensing 200.0 uL into A1 of Eppendorf 96 Deep Well Plate 1000µL on Magnetic Module GEN1 on 1 at 300.0 uL/sec
Transferring 200.0 from A8 of NEST 12 Well Reservoir 15 mL on 2 to A1 of Eppendorf 96 Deep Well Plate 1000µL on Magnetic Module GEN1 on 1
	Aspirating 200.0 uL from A8 of NEST 12 Well Reservoir 15 mL on 2 at 150.0 uL/sec
	Dispensing 200.0 uL into A1 of Eppendorf 96 Deep Well Plate 1000µL on Magnetic Module GEN1 on 1 at 300.0 uL/sec
Mixing 3 times with a volume of 200.0 ul
	Aspirating 200.0 uL from A1 of Eppendorf 96 Deep Well Plate 1000µL on Magnetic Module GEN1 on 1 at 150.0 uL/sec
	Dispensing 200.0 uL into A1 of Eppendorf 96 Deep Well Plate 1000µL on Magnetic Module GEN1 on 1 at 300.0 uL/sec
	Aspirating 200.0 uL from A1 of Eppendorf 96 Deep Well Plate 1000µL on Magnetic Module GEN1 on 1 at 150.0 uL/sec
	Dispensing 200.0 uL into A1 of Eppendorf 96 Deep Well Plate 1000µL on Magnetic Module GEN1 on 1 at 300.0 uL/sec
	Aspirating 200.0 uL from A1 of Eppendorf 96 Deep Well Plate 1000µL on Magnetic Module GEN1 on 1 at 150.0 uL/sec
	Dispensing 200.0 uL into A1 of Eppendorf 96 Deep Well Plate 1000µL on Magnetic Module GEN1 on 1 at 300.0 uL/sec
Dropping tip into A1 of Opentrons Fixed Trash on 12
Picking up tip from A9 of Opentrons OT-2 96 Tip Rack 300 µL on 6
Transferring 200.0 from A8 of NEST 12 Well Reservoir 15 mL on 2 to A2 of Eppendorf 96 Deep Well Plate 1000µL on Magnetic Module GEN1 on 1
	Aspirating 200.0 uL from A8 of NEST 12 Well Reservoir 15 mL on 2 at 150.0 uL/sec
	Dispensing 200.0 uL into A2 of Eppendorf 96 Deep Well Plate 1000µL on Magnetic Module GEN1 on 1 at 300.0 uL/sec
Transferring 200.0 from A8 of NEST 12 Well Reservoir 15 mL on 2 to A2 of Eppendorf 96 Deep Well Plate 1000µL on Magnetic Module GEN1 on 1
	Aspirating 200.0 uL from A8 of NEST 12 Well Reservoir 15 mL on 2 at 150.0 uL/sec
	Dispensing 200.0 uL into A2 of Eppendorf 96 Deep Well Plate 1000µL on Magnetic Module GEN1 on 1 at 300.0 uL/sec
Transferring 200.0 from A8 of NEST 12 Well Reservoir 15 mL on 2 to A2 of Eppendorf 96 Deep Well Plate 1000µL on Magnetic Module GEN1 on 1
	Aspirating 200.0 uL from A8 of NEST 12 Well Reservoir 15 mL on 2 at 150.0 uL/sec
	Dispensing 200.0 uL into A2 of Eppendorf 96 Deep Well Plate 1000µL on Magnetic Module GEN1 on 1 at 300.0 uL/sec
Mixing 3 times with a volume of 200.0 ul
	Aspirating 200.0 uL from A2 of Eppendorf 96 Deep Well Plate 1000µL on Magnetic Module GEN1 on 1 at 150.0 uL/sec
	Dispensing 200.0 uL into A2 of Eppendorf 96 Deep Well Plate 1000µL on Magnetic Module GEN1 on 1 at 300.0 uL/sec
	Aspirating 200.0 uL from A2 of Eppendorf 96 Deep Well Plate 1000µL on Magnetic Module GEN1 on 1 at 150.0 uL/sec
	Dispensing 200.0 uL into A2 of Eppendorf 96 Deep Well Plate 1000µL on Magnetic Module GEN1 on 1 at 300.0 uL/sec
	Aspirating 200.0 uL from A2 of Eppendorf 96 Deep Well Plate 1000µL on Magnetic Module GEN1 on 1 at 150.0 uL/sec
	Dispensing 200.0 uL into A2 of Eppendorf 96 Deep Well Plate 1000µL on Magnetic Module GEN1 on 1 at 300.0 uL/sec
Dropping tip into A1 of Opentrons Fixed Trash on 12
Picking up tip from A10 of Opentrons OT-2 96 Tip Rack 300 µL on 6
Transferring 200.0 from A8 of NEST 12 Well Reservoir 15 mL on 2 to A3 of Eppendorf 96 Deep Well Plate 1000µL on Magnetic Module GEN1 on 1
	Aspirating 200.0 uL from A8 of NEST 12 Well Reservoir 15 mL on 2 at 150.0 uL/sec
	Dispensing 200.0 uL into A3 of Eppendorf 96 Deep Well Plate 1000µL on Magnetic Module GEN1 on 1 at 300.0 uL/sec
Transferring 200.0 from A8 of NEST 12 Well Reservoir 15 mL on 2 to A3 of Eppendorf 96 Deep Well Plate 1000µL on Magnetic Module GEN1 on 1
	Aspirating 200.0 uL from A8 of NEST 12 Well Reservoir 15 mL on 2 at 150.0 uL/sec
	Dispensing 200.0 uL into A3 of Eppendorf 96 Deep Well Plate 1000µL on Magnetic Module GEN1 on 1 at 300.0 uL/sec
Transferring 200.0 from A8 of NEST 12 Well Reservoir 15 mL on 2 to A3 of Eppendorf 96 Deep Well Plate 1000µL on Magnetic Module GEN1 on 1
	Aspirating 200.0 uL from A8 of NEST 12 Well Reservoir 15 mL on 2 at 150.0 uL/sec
	Dispensing 200.0 uL into A3 of Eppendorf 96 Deep Well Plate 1000µL on Magnetic Module GEN1 on 1 at 300.0 uL/sec
Mixing 3 times with a volume of 200.0 ul
	Aspirating 200.0 uL from A3 of Eppendorf 96 Deep Well Plate 1000µL on Magnetic Module GEN1 on 1 at 150.0 uL/sec
	Dispensing 200.0 uL into A3 of Eppendorf 96 Deep Well Plate 1000µL on Magnetic Module GEN1 on 1 at 300.0 uL/sec
	Aspirating 200.0 uL from A3 of Eppendorf 96 Deep Well Plate 1000µL on Magnetic Module GEN1 on 1 at 150.0 uL/sec
	Dispensing 200.0 uL into A3 of Eppendorf 96 Deep Well Plate 1000µL on Magnetic Module GEN1 on 1 at 300.0 uL/sec
	Aspirating 200.0 uL from A3 of Eppendorf 96 Deep Well Plate 1000µL on Magnetic Module GEN1 on 1 at 150.0 uL/sec
	Dispensing 200.0 uL into A3 of Eppendorf 96 Deep Well Plate 1000µL on Magnetic Module GEN1 on 1 at 300.0 uL/sec
Dropping tip into A1 of Opentrons Fixed Trash on 12
Engaging Magnetic Module
Delaying for 3 minutes and 0.0 seconds
Picking up tip from A11 of Opentrons OT-2 96 Tip Rack 300 µL on 6
Transferring 600.0 from A1 of Eppendorf 96 Deep Well Plate 1000µL on Magnetic Module GEN1 on 1 to A1 of NEST 1 Well Reservoir 195 mL on 8
	Aspirating 300.0 uL from A1 of Eppendorf 96 Deep Well Plate 1000µL on Magnetic Module GEN1 on 1 at 150.0 uL/sec
	Dispensing 300.0 uL into A1 of NEST 1 Well Reservoir 195 mL on 8 at 300.0 uL/sec
	Aspirating 300.0 uL from A1 of Eppendorf 96 Deep Well Plate 1000µL on Magnetic Module GEN1 on 1 at 150.0 uL/sec
	Dispensing 300.0 uL into A1 of NEST 1 Well Reservoir 195 mL on 8 at 300.0 uL/sec
Dropping tip into A1 of Opentrons Fixed Trash on 12
Picking up tip from A12 of Opentrons OT-2 96 Tip Rack 300 µL on 6
Transferring 600.0 from A2 of Eppendorf 96 Deep Well Plate 1000µL on Magnetic Module GEN1 on 1 to A1 of NEST 1 Well Reservoir 195 mL on 8
	Aspirating 300.0 uL from A2 of Eppendorf 96 Deep Well Plate 1000µL on Magnetic Module GEN1 on 1 at 150.0 uL/sec
	Dispensing 300.0 uL into A1 of NEST 1 Well Reservoir 195 mL on 8 at 300.0 uL/sec
	Aspirating 300.0 uL from A2 of Eppendorf 96 Deep Well Plate 1000µL on Magnetic Module GEN1 on 1 at 150.0 uL/sec
	Dispensing 300.0 uL into A1 of NEST 1 Well Reservoir 195 mL on 8 at 300.0 uL/sec
Dropping tip into A1 of Opentrons Fixed Trash on 12
Picking up tip from A1 of Opentrons OT-2 96 Tip Rack 300 µL on 9
Transferring 600.0 from A3 of Eppendorf 96 Deep Well Plate 1000µL on Magnetic Module GEN1 on 1 to A1 of NEST 1 Well Reservoir 195 mL on 8
	Aspirating 300.0 uL from A3 of Eppendorf 96 Deep Well Plate 1000µL on Magnetic Module GEN1 on 1 at 150.0 uL/sec
	Dispensing 300.0 uL into A1 of NEST 1 Well Reservoir 195 mL on 8 at 300.0 uL/sec
	Aspirating 300.0 uL from A3 of Eppendorf 96 Deep Well Plate 1000µL on Magnetic Module GEN1 on 1 at 150.0 uL/sec
	Dispensing 300.0 uL into A1 of NEST 1 Well Reservoir 195 mL on 8 at 300.0 uL/sec
Dropping tip into A1 of Opentrons Fixed Trash on 12
Disengaging Magnetic Module
Pausing robot operation: Please move deep well plate from mag deck to temp deck.     When ready to continue, click RESUME.
Setting Temperature Module temperature to 60.0 °C (rounded off to nearest integer)
Incubating for 10 minutes
Delaying for 10 minutes and 0.0 seconds
Picking up tip from A2 of Opentrons OT-2 96 Tip Rack 300 µL on 9
Transferring 50.0 from A11 of NEST 12 Well Reservoir 15 mL on 2 to A1 of Eppendorf 96 Deep Well Plate 1000µL on Temperature Module GEN1 on 4
	Aspirating 50.0 uL from A11 of NEST 12 Well Reservoir 15 mL on 2 at 150.0 uL/sec
	Dispensing 50.0 uL into A1 of Eppendorf 96 Deep Well Plate 1000µL on Temperature Module GEN1 on 4 at 300.0 uL/sec
Blowing out at A1 of Eppendorf 96 Deep Well Plate 1000µL on Temperature Module GEN1 on 4
Transferring 50.0 from A11 of NEST 12 Well Reservoir 15 mL on 2 to A2 of Eppendorf 96 Deep Well Plate 1000µL on Temperature Module GEN1 on 4
	Aspirating 50.0 uL from A11 of NEST 12 Well Reservoir 15 mL on 2 at 150.0 uL/sec
	Dispensing 50.0 uL into A2 of Eppendorf 96 Deep Well Plate 1000µL on Temperature Module GEN1 on 4 at 300.0 uL/sec
Blowing out at A2 of Eppendorf 96 Deep Well Plate 1000µL on Temperature Module GEN1 on 4
Transferring 50.0 from A11 of NEST 12 Well Reservoir 15 mL on 2 to A3 of Eppendorf 96 Deep Well Plate 1000µL on Temperature Module GEN1 on 4
	Aspirating 50.0 uL from A11 of NEST 12 Well Reservoir 15 mL on 2 at 150.0 uL/sec
	Dispensing 50.0 uL into A3 of Eppendorf 96 Deep Well Plate 1000µL on Temperature Module GEN1 on 4 at 300.0 uL/sec
Blowing out at A3 of Eppendorf 96 Deep Well Plate 1000µL on Temperature Module GEN1 on 4
Dropping tip into A1 of Opentrons Fixed Trash on 12
Incubating for 10 minutes
Delaying for 10 minutes and 0.0 seconds
Pausing robot operation: Please move deep well palte from temp deck to mag deck.     When ready to continue, click RESUME.
Engaging Magnetic Module
Delaying for 5 minutes and 0.0 seconds
Picking up tip from A3 of Opentrons OT-2 96 Tip Rack 300 µL on 9
Transferring 50.0 from A1 of Eppendorf 96 Deep Well Plate 1000µL on Magnetic Module GEN1 on 1 to A1 of Bio-Rad 96 Well Plate 200 µL PCR on 5
	Aspirating 50.0 uL from A1 of Eppendorf 96 Deep Well Plate 1000µL on Magnetic Module GEN1 on 1 at 150.0 uL/sec
	Dispensing 50.0 uL into A1 of Bio-Rad 96 Well Plate 200 µL PCR on 5 at 300.0 uL/sec
Blowing out at A1 of Bio-Rad 96 Well Plate 200 µL PCR on 5
Dropping tip into A1 of Opentrons Fixed Trash on 12
Picking up tip from A4 of Opentrons OT-2 96 Tip Rack 300 µL on 9
Transferring 50.0 from A2 of Eppendorf 96 Deep Well Plate 1000µL on Magnetic Module GEN1 on 1 to A2 of Bio-Rad 96 Well Plate 200 µL PCR on 5
	Aspirating 50.0 uL from A2 of Eppendorf 96 Deep Well Plate 1000µL on Magnetic Module GEN1 on 1 at 150.0 uL/sec
	Dispensing 50.0 uL into A2 of Bio-Rad 96 Well Plate 200 µL PCR on 5 at 300.0 uL/sec
Blowing out at A2 of Bio-Rad 96 Well Plate 200 µL PCR on 5
Dropping tip into A1 of Opentrons Fixed Trash on 12
Picking up tip from A5 of Opentrons OT-2 96 Tip Rack 300 µL on 9
Transferring 50.0 from A3 of Eppendorf 96 Deep Well Plate 1000µL on Magnetic Module GEN1 on 1 to A3 of Bio-Rad 96 Well Plate 200 µL PCR on 5
	Aspirating 50.0 uL from A3 of Eppendorf 96 Deep Well Plate 1000µL on Magnetic Module GEN1 on 1 at 150.0 uL/sec
	Dispensing 50.0 uL into A3 of Bio-Rad 96 Well Plate 200 µL PCR on 5 at 300.0 uL/sec
Blowing out at A3 of Bio-Rad 96 Well Plate 200 µL PCR on 5
Dropping tip into A1 of Opentrons Fixed Trash on 12
Caught exception: {'message': 'Task was destroyed but it is pending!', 'task': <Task pending name='Task-2' coro=<Poller._poll_forever() running at /Users/dp/Desktop/project/github/opentrons/venv/lib/python3.10/site-packages/opentrons/hardware_control/poller.py:80> wait_for=<Future pending cb=[Task.task_wakeup()]>>}
Caught exception: {'message': 'Task was destroyed but it is pending!', 'task': <Task pending name='Task-4' coro=<Poller._poll_forever() running at /Users/dp/Desktop/project/github/opentrons/venv/lib/python3.10/site-packages/opentrons/hardware_control/poller.py:80> wait_for=<Future pending cb=[Task.task_wakeup()]>>}
Caught exception: {'message': 'Task was destroyed but it is pending!', 'task': <Task pending name='Task-3' coro=<Poller._poll_forever() running at /Users/dp/Desktop/project/github/opentrons/venv/lib/python3.10/site-packages/opentrons/hardware_control/poller.py:80> wait_for=<Future pending cb=[Task.task_wakeup()]>>}
