/Users/dp/Desktop/project/github/opentrons/venv/lib/python3.10/site-packages/opentrons/hardware_control/simulator_setup.py:205: UserWarning: Simulator configuration does not name a machine, defaulting to OT-2 Standard
  warn(
/Users/dp/.opentrons/robot_settings.json not found. Loading defaults
Deck calibration not found.
/Users/dp/.opentrons/deck_calibration.json not found. Loading defaults
Adding 40 uL samples with a pool size of 5
Transferring 40.0 from A1 of Caplugs 6 Tube Rack 30 mL on 1 to A1 of Thermofisher Nunc 96 Well Plate 2mL on 2
	Picking up tip from A1 of Opentrons OT-2 96 Filter Tip Rack 200 µL on 5
	Aspirating 40.0 uL from A1 of Caplugs 6 Tube Rack 30 mL on 1 at 30.0 uL/sec
	Dispensing 40.0 uL into A1 of Thermofisher Nunc 96 Well Plate 2mL on 2 at 92.86 uL/sec
	Dropping tip into A1 of Opentrons Fixed Trash on 12
	Picking up tip from B1 of Opentrons OT-2 96 Filter Tip Rack 200 µL on 5
	Aspirating 40.0 uL from B1 of Caplugs 6 Tube Rack 30 mL on 1 at 30.0 uL/sec
	Dispensing 40.0 uL into A1 of Thermofisher Nunc 96 Well Plate 2mL on 2 at 92.86 uL/sec
	Dropping tip into A1 of Opentrons Fixed Trash on 12
	Picking up tip from C1 of Opentrons OT-2 96 Filter Tip Rack 200 µL on 5
	Aspirating 40.0 uL from A2 of Caplugs 6 Tube Rack 30 mL on 1 at 30.0 uL/sec
	Dispensing 40.0 uL into A1 of Thermofisher Nunc 96 Well Plate 2mL on 2 at 92.86 uL/sec
	Dropping tip into A1 of Opentrons Fixed Trash on 12
	Picking up tip from D1 of Opentrons OT-2 96 Filter Tip Rack 200 µL on 5
	Aspirating 40.0 uL from B2 of Caplugs 6 Tube Rack 30 mL on 1 at 30.0 uL/sec
	Dispensing 40.0 uL into A1 of Thermofisher Nunc 96 Well Plate 2mL on 2 at 92.86 uL/sec
	Dropping tip into A1 of Opentrons Fixed Trash on 12
	Picking up tip from E1 of Opentrons OT-2 96 Filter Tip Rack 200 µL on 5
	Aspirating 40.0 uL from A3 of Caplugs 6 Tube Rack 30 mL on 1 at 30.0 uL/sec
	Dispensing 40.0 uL into A1 of Thermofisher Nunc 96 Well Plate 2mL on 2 at 92.86 uL/sec
	Dropping tip into A1 of Opentrons Fixed Trash on 12
Transferring 40.0 from B3 of Caplugs 6 Tube Rack 30 mL on 1 to B1 of Thermofisher Nunc 96 Well Plate 2mL on 2
	Picking up tip from F1 of Opentrons OT-2 96 Filter Tip Rack 200 µL on 5
	Aspirating 40.0 uL from B3 of Caplugs 6 Tube Rack 30 mL on 1 at 30.0 uL/sec
	Dispensing 40.0 uL into B1 of Thermofisher Nunc 96 Well Plate 2mL on 2 at 92.86 uL/sec
	Dropping tip into A1 of Opentrons Fixed Trash on 12
	Picking up tip from G1 of Opentrons OT-2 96 Filter Tip Rack 200 µL on 5
	Aspirating 40.0 uL from A1 of Caplugs 6 Tube Rack 30 mL on 4 at 30.0 uL/sec
	Dispensing 40.0 uL into B1 of Thermofisher Nunc 96 Well Plate 2mL on 2 at 92.86 uL/sec
	Dropping tip into A1 of Opentrons Fixed Trash on 12
	Picking up tip from H1 of Opentrons OT-2 96 Filter Tip Rack 200 µL on 5
	Aspirating 40.0 uL from B1 of Caplugs 6 Tube Rack 30 mL on 4 at 30.0 uL/sec
	Dispensing 40.0 uL into B1 of Thermofisher Nunc 96 Well Plate 2mL on 2 at 92.86 uL/sec
	Dropping tip into A1 of Opentrons Fixed Trash on 12
	Picking up tip from A2 of Opentrons OT-2 96 Filter Tip Rack 200 µL on 5
	Aspirating 40.0 uL from A2 of Caplugs 6 Tube Rack 30 mL on 4 at 30.0 uL/sec
	Dispensing 40.0 uL into B1 of Thermofisher Nunc 96 Well Plate 2mL on 2 at 92.86 uL/sec
	Dropping tip into A1 of Opentrons Fixed Trash on 12
	Picking up tip from B2 of Opentrons OT-2 96 Filter Tip Rack 200 µL on 5
	Aspirating 40.0 uL from B2 of Caplugs 6 Tube Rack 30 mL on 4 at 30.0 uL/sec
	Dispensing 40.0 uL into B1 of Thermofisher Nunc 96 Well Plate 2mL on 2 at 92.86 uL/sec
	Dropping tip into A1 of Opentrons Fixed Trash on 12
Transferring 40.0 from A3 of Caplugs 6 Tube Rack 30 mL on 4 to C1 of Thermofisher Nunc 96 Well Plate 2mL on 2
	Picking up tip from C2 of Opentrons OT-2 96 Filter Tip Rack 200 µL on 5
	Aspirating 40.0 uL from A3 of Caplugs 6 Tube Rack 30 mL on 4 at 30.0 uL/sec
	Dispensing 40.0 uL into C1 of Thermofisher Nunc 96 Well Plate 2mL on 2 at 92.86 uL/sec
	Dropping tip into A1 of Opentrons Fixed Trash on 12
	Picking up tip from D2 of Opentrons OT-2 96 Filter Tip Rack 200 µL on 5
	Aspirating 40.0 uL from B3 of Caplugs 6 Tube Rack 30 mL on 4 at 30.0 uL/sec
	Dispensing 40.0 uL into C1 of Thermofisher Nunc 96 Well Plate 2mL on 2 at 92.86 uL/sec
	Dropping tip into A1 of Opentrons Fixed Trash on 12
	Picking up tip from E2 of Opentrons OT-2 96 Filter Tip Rack 200 µL on 5
	Aspirating 40.0 uL from A1 of Caplugs 6 Tube Rack 30 mL on 7 at 30.0 uL/sec
	Dispensing 40.0 uL into C1 of Thermofisher Nunc 96 Well Plate 2mL on 2 at 92.86 uL/sec
	Dropping tip into A1 of Opentrons Fixed Trash on 12
	Picking up tip from F2 of Opentrons OT-2 96 Filter Tip Rack 200 µL on 5
	Aspirating 40.0 uL from B1 of Caplugs 6 Tube Rack 30 mL on 7 at 30.0 uL/sec
	Dispensing 40.0 uL into C1 of Thermofisher Nunc 96 Well Plate 2mL on 2 at 92.86 uL/sec
	Dropping tip into A1 of Opentrons Fixed Trash on 12
	Picking up tip from G2 of Opentrons OT-2 96 Filter Tip Rack 200 µL on 5
	Aspirating 40.0 uL from A2 of Caplugs 6 Tube Rack 30 mL on 7 at 30.0 uL/sec
	Dispensing 40.0 uL into C1 of Thermofisher Nunc 96 Well Plate 2mL on 2 at 92.86 uL/sec
	Dropping tip into A1 of Opentrons Fixed Trash on 12
Transferring 40.0 from B2 of Caplugs 6 Tube Rack 30 mL on 7 to D1 of Thermofisher Nunc 96 Well Plate 2mL on 2
	Picking up tip from H2 of Opentrons OT-2 96 Filter Tip Rack 200 µL on 5
	Aspirating 40.0 uL from B2 of Caplugs 6 Tube Rack 30 mL on 7 at 30.0 uL/sec
	Dispensing 40.0 uL into D1 of Thermofisher Nunc 96 Well Plate 2mL on 2 at 92.86 uL/sec
	Dropping tip into A1 of Opentrons Fixed Trash on 12
	Picking up tip from A3 of Opentrons OT-2 96 Filter Tip Rack 200 µL on 5
	Aspirating 40.0 uL from A3 of Caplugs 6 Tube Rack 30 mL on 7 at 30.0 uL/sec
	Dispensing 40.0 uL into D1 of Thermofisher Nunc 96 Well Plate 2mL on 2 at 92.86 uL/sec
	Dropping tip into A1 of Opentrons Fixed Trash on 12
	Picking up tip from B3 of Opentrons OT-2 96 Filter Tip Rack 200 µL on 5
	Aspirating 40.0 uL from B3 of Caplugs 6 Tube Rack 30 mL on 7 at 30.0 uL/sec
	Dispensing 40.0 uL into D1 of Thermofisher Nunc 96 Well Plate 2mL on 2 at 92.86 uL/sec
	Dropping tip into A1 of Opentrons Fixed Trash on 12
	Picking up tip from C3 of Opentrons OT-2 96 Filter Tip Rack 200 µL on 5
	Aspirating 40.0 uL from A1 of Caplugs 6 Tube Rack 30 mL on 8 at 30.0 uL/sec
	Dispensing 40.0 uL into D1 of Thermofisher Nunc 96 Well Plate 2mL on 2 at 92.86 uL/sec
	Dropping tip into A1 of Opentrons Fixed Trash on 12
	Picking up tip from D3 of Opentrons OT-2 96 Filter Tip Rack 200 µL on 5
	Aspirating 40.0 uL from B1 of Caplugs 6 Tube Rack 30 mL on 8 at 30.0 uL/sec
	Dispensing 40.0 uL into D1 of Thermofisher Nunc 96 Well Plate 2mL on 2 at 92.86 uL/sec
	Dropping tip into A1 of Opentrons Fixed Trash on 12
Transferring 40.0 from A2 of Caplugs 6 Tube Rack 30 mL on 8 to E1 of Thermofisher Nunc 96 Well Plate 2mL on 2
	Picking up tip from E3 of Opentrons OT-2 96 Filter Tip Rack 200 µL on 5
	Aspirating 40.0 uL from A2 of Caplugs 6 Tube Rack 30 mL on 8 at 30.0 uL/sec
	Dispensing 40.0 uL into E1 of Thermofisher Nunc 96 Well Plate 2mL on 2 at 92.86 uL/sec
	Dropping tip into A1 of Opentrons Fixed Trash on 12
	Picking up tip from F3 of Opentrons OT-2 96 Filter Tip Rack 200 µL on 5
	Aspirating 40.0 uL from B2 of Caplugs 6 Tube Rack 30 mL on 8 at 30.0 uL/sec
	Dispensing 40.0 uL into E1 of Thermofisher Nunc 96 Well Plate 2mL on 2 at 92.86 uL/sec
	Dropping tip into A1 of Opentrons Fixed Trash on 12
	Picking up tip from G3 of Opentrons OT-2 96 Filter Tip Rack 200 µL on 5
	Aspirating 40.0 uL from A3 of Caplugs 6 Tube Rack 30 mL on 8 at 30.0 uL/sec
	Dispensing 40.0 uL into E1 of Thermofisher Nunc 96 Well Plate 2mL on 2 at 92.86 uL/sec
	Dropping tip into A1 of Opentrons Fixed Trash on 12
	Picking up tip from H3 of Opentrons OT-2 96 Filter Tip Rack 200 µL on 5
	Aspirating 40.0 uL from B3 of Caplugs 6 Tube Rack 30 mL on 8 at 30.0 uL/sec
	Dispensing 40.0 uL into E1 of Thermofisher Nunc 96 Well Plate 2mL on 2 at 92.86 uL/sec
	Dropping tip into A1 of Opentrons Fixed Trash on 12
	Picking up tip from A4 of Opentrons OT-2 96 Filter Tip Rack 200 µL on 5
	Aspirating 40.0 uL from A1 of Caplugs 6 Tube Rack 30 mL on 9 at 30.0 uL/sec
	Dispensing 40.0 uL into E1 of Thermofisher Nunc 96 Well Plate 2mL on 2 at 92.86 uL/sec
	Dropping tip into A1 of Opentrons Fixed Trash on 12
Transferring 40.0 from B1 of Caplugs 6 Tube Rack 30 mL on 9 to F1 of Thermofisher Nunc 96 Well Plate 2mL on 2
	Picking up tip from B4 of Opentrons OT-2 96 Filter Tip Rack 200 µL on 5
	Aspirating 40.0 uL from B1 of Caplugs 6 Tube Rack 30 mL on 9 at 30.0 uL/sec
	Dispensing 40.0 uL into F1 of Thermofisher Nunc 96 Well Plate 2mL on 2 at 92.86 uL/sec
	Dropping tip into A1 of Opentrons Fixed Trash on 12
	Picking up tip from C4 of Opentrons OT-2 96 Filter Tip Rack 200 µL on 5
	Aspirating 40.0 uL from A2 of Caplugs 6 Tube Rack 30 mL on 9 at 30.0 uL/sec
	Dispensing 40.0 uL into F1 of Thermofisher Nunc 96 Well Plate 2mL on 2 at 92.86 uL/sec
	Dropping tip into A1 of Opentrons Fixed Trash on 12
	Picking up tip from D4 of Opentrons OT-2 96 Filter Tip Rack 200 µL on 5
	Aspirating 40.0 uL from B2 of Caplugs 6 Tube Rack 30 mL on 9 at 30.0 uL/sec
	Dispensing 40.0 uL into F1 of Thermofisher Nunc 96 Well Plate 2mL on 2 at 92.86 uL/sec
	Dropping tip into A1 of Opentrons Fixed Trash on 12
	Picking up tip from E4 of Opentrons OT-2 96 Filter Tip Rack 200 µL on 5
	Aspirating 40.0 uL from A3 of Caplugs 6 Tube Rack 30 mL on 9 at 30.0 uL/sec
	Dispensing 40.0 uL into F1 of Thermofisher Nunc 96 Well Plate 2mL on 2 at 92.86 uL/sec
	Dropping tip into A1 of Opentrons Fixed Trash on 12
	Picking up tip from F4 of Opentrons OT-2 96 Filter Tip Rack 200 µL on 5
	Aspirating 40.0 uL from B3 of Caplugs 6 Tube Rack 30 mL on 9 at 30.0 uL/sec
	Dispensing 40.0 uL into F1 of Thermofisher Nunc 96 Well Plate 2mL on 2 at 92.86 uL/sec
	Dropping tip into A1 of Opentrons Fixed Trash on 12
Transferring 40.0 from A1 of Caplugs 6 Tube Rack 30 mL on 10 to G1 of Thermofisher Nunc 96 Well Plate 2mL on 2
	Picking up tip from G4 of Opentrons OT-2 96 Filter Tip Rack 200 µL on 5
	Aspirating 40.0 uL from A1 of Caplugs 6 Tube Rack 30 mL on 10 at 30.0 uL/sec
	Dispensing 40.0 uL into G1 of Thermofisher Nunc 96 Well Plate 2mL on 2 at 92.86 uL/sec
	Dropping tip into A1 of Opentrons Fixed Trash on 12
	Picking up tip from H4 of Opentrons OT-2 96 Filter Tip Rack 200 µL on 5
	Aspirating 40.0 uL from B1 of Caplugs 6 Tube Rack 30 mL on 10 at 30.0 uL/sec
	Dispensing 40.0 uL into G1 of Thermofisher Nunc 96 Well Plate 2mL on 2 at 92.86 uL/sec
	Dropping tip into A1 of Opentrons Fixed Trash on 12
	Picking up tip from A5 of Opentrons OT-2 96 Filter Tip Rack 200 µL on 5
	Aspirating 40.0 uL from A2 of Caplugs 6 Tube Rack 30 mL on 10 at 30.0 uL/sec
	Dispensing 40.0 uL into G1 of Thermofisher Nunc 96 Well Plate 2mL on 2 at 92.86 uL/sec
	Dropping tip into A1 of Opentrons Fixed Trash on 12
	Picking up tip from B5 of Opentrons OT-2 96 Filter Tip Rack 200 µL on 5
	Aspirating 40.0 uL from B2 of Caplugs 6 Tube Rack 30 mL on 10 at 30.0 uL/sec
	Dispensing 40.0 uL into G1 of Thermofisher Nunc 96 Well Plate 2mL on 2 at 92.86 uL/sec
	Dropping tip into A1 of Opentrons Fixed Trash on 12
	Picking up tip from C5 of Opentrons OT-2 96 Filter Tip Rack 200 µL on 5
	Aspirating 40.0 uL from A3 of Caplugs 6 Tube Rack 30 mL on 10 at 30.0 uL/sec
	Dispensing 40.0 uL into G1 of Thermofisher Nunc 96 Well Plate 2mL on 2 at 92.86 uL/sec
	Dropping tip into A1 of Opentrons Fixed Trash on 12
Transferring 40.0 from B3 of Caplugs 6 Tube Rack 30 mL on 10 to H1 of Thermofisher Nunc 96 Well Plate 2mL on 2
	Picking up tip from D5 of Opentrons OT-2 96 Filter Tip Rack 200 µL on 5
	Aspirating 40.0 uL from B3 of Caplugs 6 Tube Rack 30 mL on 10 at 30.0 uL/sec
	Dispensing 40.0 uL into H1 of Thermofisher Nunc 96 Well Plate 2mL on 2 at 92.86 uL/sec
	Dropping tip into A1 of Opentrons Fixed Trash on 12
	Picking up tip from E5 of Opentrons OT-2 96 Filter Tip Rack 200 µL on 5
	Aspirating 40.0 uL from A1 of Caplugs 6 Tube Rack 30 mL on 11 at 30.0 uL/sec
	Dispensing 40.0 uL into H1 of Thermofisher Nunc 96 Well Plate 2mL on 2 at 92.86 uL/sec
	Dropping tip into A1 of Opentrons Fixed Trash on 12
	Picking up tip from F5 of Opentrons OT-2 96 Filter Tip Rack 200 µL on 5
	Aspirating 40.0 uL from B1 of Caplugs 6 Tube Rack 30 mL on 11 at 30.0 uL/sec
	Dispensing 40.0 uL into H1 of Thermofisher Nunc 96 Well Plate 2mL on 2 at 92.86 uL/sec
	Dropping tip into A1 of Opentrons Fixed Trash on 12
	Picking up tip from G5 of Opentrons OT-2 96 Filter Tip Rack 200 µL on 5
	Aspirating 40.0 uL from A2 of Caplugs 6 Tube Rack 30 mL on 11 at 30.0 uL/sec
	Dispensing 40.0 uL into H1 of Thermofisher Nunc 96 Well Plate 2mL on 2 at 92.86 uL/sec
	Dropping tip into A1 of Opentrons Fixed Trash on 12
	Picking up tip from H5 of Opentrons OT-2 96 Filter Tip Rack 200 µL on 5
	Aspirating 40.0 uL from B2 of Caplugs 6 Tube Rack 30 mL on 11 at 30.0 uL/sec
	Dispensing 40.0 uL into H1 of Thermofisher Nunc 96 Well Plate 2mL on 2 at 92.86 uL/sec
	Dropping tip into A1 of Opentrons Fixed Trash on 12
Transferring 40.0 from A3 of Caplugs 6 Tube Rack 30 mL on 11 to A2 of Thermofisher Nunc 96 Well Plate 2mL on 2
	Picking up tip from A6 of Opentrons OT-2 96 Filter Tip Rack 200 µL on 5
	Aspirating 40.0 uL from A3 of Caplugs 6 Tube Rack 30 mL on 11 at 30.0 uL/sec
	Dispensing 40.0 uL into A2 of Thermofisher Nunc 96 Well Plate 2mL on 2 at 92.86 uL/sec
	Dropping tip into A1 of Opentrons Fixed Trash on 12
	Picking up tip from B6 of Opentrons OT-2 96 Filter Tip Rack 200 µL on 5
	Aspirating 40.0 uL from B3 of Caplugs 6 Tube Rack 30 mL on 11 at 30.0 uL/sec
	Dispensing 40.0 uL into A2 of Thermofisher Nunc 96 Well Plate 2mL on 2 at 92.86 uL/sec
	Dropping tip into A1 of Opentrons Fixed Trash on 12
Transferring 240 uL of Lysis buffer into DWP
Picking up tip from A1 of Opentrons OT-2 96 Tip Rack 300 µL on 6
Transferring 240.0 from A1 of NEST 1 Well Reservoir 195 mL on 3 to A1 of Thermofisher Nunc 96 Well Plate 2mL on 2
	Aspirating 240.0 uL from A1 of NEST 1 Well Reservoir 195 mL on 3 at 94.0 uL/sec
	Dispensing 240.0 uL into A1 of Thermofisher Nunc 96 Well Plate 2mL on 2 at 94.0 uL/sec
Dropping tip into A1 of Opentrons Fixed Trash on 12
Picking up tip from H2 of Opentrons OT-2 96 Tip Rack 300 µL on 6
Transferring 240.0 from A1 of NEST 1 Well Reservoir 195 mL on 3 to A2 of Thermofisher Nunc 96 Well Plate 2mL on 2
	Aspirating 240.0 uL from A1 of NEST 1 Well Reservoir 195 mL on 3 at 94.0 uL/sec
	Dispensing 240.0 uL into A2 of Thermofisher Nunc 96 Well Plate 2mL on 2 at 94.0 uL/sec
Dropping tip into A1 of Opentrons Fixed Trash on 12
Caught exception: {'message': 'Task was destroyed but it is pending!', 'task': <Task pending name='Task-4' coro=<Poller._poll_forever() running at /Users/dp/Desktop/project/github/opentrons/venv/lib/python3.10/site-packages/opentrons/hardware_control/poller.py:80> wait_for=<Future pending cb=[Task.task_wakeup()]>>}
Caught exception: {'message': 'Task was destroyed but it is pending!', 'task': <Task pending name='Task-3' coro=<Poller._poll_forever() running at /Users/dp/Desktop/project/github/opentrons/venv/lib/python3.10/site-packages/opentrons/hardware_control/poller.py:80> wait_for=<Future pending cb=[Task.task_wakeup()]>>}
Caught exception: {'message': 'Task was destroyed but it is pending!', 'task': <Task pending name='Task-2' coro=<Poller._poll_forever() running at /Users/dp/Desktop/project/github/opentrons/venv/lib/python3.10/site-packages/opentrons/hardware_control/poller.py:80> wait_for=<Future pending cb=[Task.task_wakeup()]>>}
