/Users/dp/Desktop/project/github/opentrons/venv/lib/python3.10/site-packages/opentrons/hardware_control/simulator_setup.py:205: UserWarning: Simulator configuration does not name a machine, defaulting to OT-2 Standard
  warn(
/Users/dp/.opentrons/robot_settings.json not found. Loading defaults
Deck calibration not found.
/Users/dp/.opentrons/deck_calibration.json not found. Loading defaults
Transferring 6.0 from A1 of Nunc V96 Microwell Plate on 1 to A1 of Stellar Scientific 96 Cluster Tubes 1200uL on Magnetic Module GEN2 on 4
	Picking up tip from A1 of Opentrons OT-2 96 Tip Rack 20 µL on 6
	Logs from this command:
	WARNING (legacy_module_core): The labware definition for stellarscientific_96_cluster_tubes_1200ul does not define a default engagement height for use with the Magnetic Module; you must specify a height explicitly when calling engage().
	Aspirating 6.0 uL from A1 of Nunc V96 Microwell Plate on 1 at 7.6 uL/sec
	Dispensing 6.0 uL into A1 of Stellar Scientific 96 Cluster Tubes 1200uL on Magnetic Module GEN2 on 4 at 7.6 uL/sec
	Dropping tip into A1 of Opentrons Fixed Trash on 12
Picking up tip from A1 of Opentrons OT-2 96 Tip Rack 300 µL on 5
Mixing 3 times with a volume of 50.0 ul
	Aspirating 50.0 uL from A1 of Stellar Scientific 96 Cluster Tubes 1200uL on Magnetic Module GEN2 on 4 at 94.0 uL/sec
	Dispensing 50.0 uL into A1 of Stellar Scientific 96 Cluster Tubes 1200uL on Magnetic Module GEN2 on 4 at 94.0 uL/sec
	Aspirating 50.0 uL from A1 of Stellar Scientific 96 Cluster Tubes 1200uL on Magnetic Module GEN2 on 4 at 94.0 uL/sec
	Dispensing 50.0 uL into A1 of Stellar Scientific 96 Cluster Tubes 1200uL on Magnetic Module GEN2 on 4 at 94.0 uL/sec
	Aspirating 50.0 uL from A1 of Stellar Scientific 96 Cluster Tubes 1200uL on Magnetic Module GEN2 on 4 at 94.0 uL/sec
	Dispensing 50.0 uL into A1 of Stellar Scientific 96 Cluster Tubes 1200uL on Magnetic Module GEN2 on 4 at 94.0 uL/sec
Dropping tip into A1 of Opentrons Fixed Trash on 12
Disengaging Magnetic Module
Transferring 950.0 from A1 of NEST 12 Well Reservoir 15 mL on 3 to A1 of Stellar Scientific 96 Cluster Tubes 1200uL on Magnetic Module GEN2 on 4
	Picking up tip from A2 of Opentrons OT-2 96 Tip Rack 300 µL on 5
	Aspirating 300.0 uL from A1 of NEST 12 Well Reservoir 15 mL on 3 at 30.0 uL/sec
	Dispensing 300.0 uL into A1 of Stellar Scientific 96 Cluster Tubes 1200uL on Magnetic Module GEN2 on 4 at 94.0 uL/sec
	Aspirating 300.0 uL from A1 of NEST 12 Well Reservoir 15 mL on 3 at 30.0 uL/sec
	Dispensing 300.0 uL into A1 of Stellar Scientific 96 Cluster Tubes 1200uL on Magnetic Module GEN2 on 4 at 94.0 uL/sec
	Aspirating 175.0 uL from A1 of NEST 12 Well Reservoir 15 mL on 3 at 30.0 uL/sec
	Dispensing 175.0 uL into A1 of Stellar Scientific 96 Cluster Tubes 1200uL on Magnetic Module GEN2 on 4 at 94.0 uL/sec
	Aspirating 175.0 uL from A1 of NEST 12 Well Reservoir 15 mL on 3 at 30.0 uL/sec
	Dispensing 175.0 uL into A1 of Stellar Scientific 96 Cluster Tubes 1200uL on Magnetic Module GEN2 on 4 at 94.0 uL/sec
	Dropping tip into A1 of Opentrons Fixed Trash on 12
Picking up tip from A3 of Opentrons OT-2 96 Tip Rack 300 µL on 5
Mixing 3 times with a volume of 300.0 ul
	Aspirating 300.0 uL from A1 of Stellar Scientific 96 Cluster Tubes 1200uL on Magnetic Module GEN2 on 4 at 94.0 uL/sec
	Dispensing 300.0 uL into A1 of Stellar Scientific 96 Cluster Tubes 1200uL on Magnetic Module GEN2 on 4 at 94.0 uL/sec
	Aspirating 300.0 uL from A1 of Stellar Scientific 96 Cluster Tubes 1200uL on Magnetic Module GEN2 on 4 at 94.0 uL/sec
	Dispensing 300.0 uL into A1 of Stellar Scientific 96 Cluster Tubes 1200uL on Magnetic Module GEN2 on 4 at 94.0 uL/sec
	Aspirating 300.0 uL from A1 of Stellar Scientific 96 Cluster Tubes 1200uL on Magnetic Module GEN2 on 4 at 94.0 uL/sec
	Dispensing 300.0 uL into A1 of Stellar Scientific 96 Cluster Tubes 1200uL on Magnetic Module GEN2 on 4 at 94.0 uL/sec
Dropping tip into A1 of Opentrons Fixed Trash on 12
Delaying for 2 minutes and 0.0 seconds. Allowing mixture to settle.
Engaging Magnetic Module
Delaying for 5 minutes and 0.0 seconds. Allowing beads to settle.
Transferring 1000.0 from A1 of Stellar Scientific 96 Cluster Tubes 1200uL on Magnetic Module GEN2 on 4 to A1 of Opentrons Fixed Trash on 12
	Picking up tip from A4 of Opentrons OT-2 96 Tip Rack 300 µL on 5
	Aspirating 300.0 uL from A1 of Stellar Scientific 96 Cluster Tubes 1200uL on Magnetic Module GEN2 on 4 at 30.0 uL/sec
	Dispensing 300.0 uL into A1 of Opentrons Fixed Trash on 12 at 94.0 uL/sec
	Aspirating 300.0 uL from A1 of Stellar Scientific 96 Cluster Tubes 1200uL on Magnetic Module GEN2 on 4 at 30.0 uL/sec
	Dispensing 300.0 uL into A1 of Opentrons Fixed Trash on 12 at 94.0 uL/sec
	Aspirating 200.0 uL from A1 of Stellar Scientific 96 Cluster Tubes 1200uL on Magnetic Module GEN2 on 4 at 30.0 uL/sec
	Dispensing 200.0 uL into A1 of Opentrons Fixed Trash on 12 at 94.0 uL/sec
	Aspirating 200.0 uL from A1 of Stellar Scientific 96 Cluster Tubes 1200uL on Magnetic Module GEN2 on 4 at 30.0 uL/sec
	Dispensing 200.0 uL into A1 of Opentrons Fixed Trash on 12 at 94.0 uL/sec
	Dropping tip into A1 of Opentrons Fixed Trash on 12
Disengaging Magnetic Module
Transferring 1000.0 from A2 of NEST 12 Well Reservoir 15 mL on 3 to A1 of Stellar Scientific 96 Cluster Tubes 1200uL on Magnetic Module GEN2 on 4
	Picking up tip from A5 of Opentrons OT-2 96 Tip Rack 300 µL on 5
	Aspirating 300.0 uL from A2 of NEST 12 Well Reservoir 15 mL on 3 at 30.0 uL/sec
	Dispensing 300.0 uL into A1 of Stellar Scientific 96 Cluster Tubes 1200uL on Magnetic Module GEN2 on 4 at 94.0 uL/sec
	Aspirating 300.0 uL from A2 of NEST 12 Well Reservoir 15 mL on 3 at 30.0 uL/sec
	Dispensing 300.0 uL into A1 of Stellar Scientific 96 Cluster Tubes 1200uL on Magnetic Module GEN2 on 4 at 94.0 uL/sec
	Aspirating 200.0 uL from A2 of NEST 12 Well Reservoir 15 mL on 3 at 30.0 uL/sec
	Dispensing 200.0 uL into A1 of Stellar Scientific 96 Cluster Tubes 1200uL on Magnetic Module GEN2 on 4 at 94.0 uL/sec
	Aspirating 200.0 uL from A2 of NEST 12 Well Reservoir 15 mL on 3 at 30.0 uL/sec
	Dispensing 200.0 uL into A1 of Stellar Scientific 96 Cluster Tubes 1200uL on Magnetic Module GEN2 on 4 at 94.0 uL/sec
	Dropping tip into A1 of Opentrons Fixed Trash on 12
Engaging Magnetic Module
Delaying for 5 minutes and 0.0 seconds. Allowing beads to settle.
Transferring 1000.0 from A1 of Stellar Scientific 96 Cluster Tubes 1200uL on Magnetic Module GEN2 on 4 to A1 of Opentrons Fixed Trash on 12
	Picking up tip from A6 of Opentrons OT-2 96 Tip Rack 300 µL on 5
	Aspirating 300.0 uL from A1 of Stellar Scientific 96 Cluster Tubes 1200uL on Magnetic Module GEN2 on 4 at 30.0 uL/sec
	Dispensing 300.0 uL into A1 of Opentrons Fixed Trash on 12 at 94.0 uL/sec
	Aspirating 300.0 uL from A1 of Stellar Scientific 96 Cluster Tubes 1200uL on Magnetic Module GEN2 on 4 at 30.0 uL/sec
	Dispensing 300.0 uL into A1 of Opentrons Fixed Trash on 12 at 94.0 uL/sec
	Aspirating 200.0 uL from A1 of Stellar Scientific 96 Cluster Tubes 1200uL on Magnetic Module GEN2 on 4 at 30.0 uL/sec
	Dispensing 200.0 uL into A1 of Opentrons Fixed Trash on 12 at 94.0 uL/sec
	Aspirating 200.0 uL from A1 of Stellar Scientific 96 Cluster Tubes 1200uL on Magnetic Module GEN2 on 4 at 30.0 uL/sec
	Dispensing 200.0 uL into A1 of Opentrons Fixed Trash on 12 at 94.0 uL/sec
	Dropping tip into A1 of Opentrons Fixed Trash on 12
Disengaging Magnetic Module
Transferring 500.0 from A2 of NEST 12 Well Reservoir 15 mL on 3 to A1 of Stellar Scientific 96 Cluster Tubes 1200uL on Magnetic Module GEN2 on 4
	Picking up tip from A7 of Opentrons OT-2 96 Tip Rack 300 µL on 5
	Aspirating 250.0 uL from A2 of NEST 12 Well Reservoir 15 mL on 3 at 30.0 uL/sec
	Dispensing 250.0 uL into A1 of Stellar Scientific 96 Cluster Tubes 1200uL on Magnetic Module GEN2 on 4 at 94.0 uL/sec
	Aspirating 250.0 uL from A2 of NEST 12 Well Reservoir 15 mL on 3 at 30.0 uL/sec
	Dispensing 250.0 uL into A1 of Stellar Scientific 96 Cluster Tubes 1200uL on Magnetic Module GEN2 on 4 at 94.0 uL/sec
	Dropping tip into A1 of Opentrons Fixed Trash on 12
Engaging Magnetic Module
Delaying for 5 minutes and 0.0 seconds. Allowing beads to settle.
Transferring 500.0 from A1 of Stellar Scientific 96 Cluster Tubes 1200uL on Magnetic Module GEN2 on 4 to A1 of Opentrons Fixed Trash on 12
	Picking up tip from A8 of Opentrons OT-2 96 Tip Rack 300 µL on 5
	Aspirating 250.0 uL from A1 of Stellar Scientific 96 Cluster Tubes 1200uL on Magnetic Module GEN2 on 4 at 30.0 uL/sec
	Dispensing 250.0 uL into A1 of Opentrons Fixed Trash on 12 at 94.0 uL/sec
	Aspirating 250.0 uL from A1 of Stellar Scientific 96 Cluster Tubes 1200uL on Magnetic Module GEN2 on 4 at 30.0 uL/sec
	Dispensing 250.0 uL into A1 of Opentrons Fixed Trash on 12 at 94.0 uL/sec
	Dropping tip into A1 of Opentrons Fixed Trash on 12
Disengaging Magnetic Module
Transferring 39.0 from A2 of Nunc V96 Microwell Plate on 1 to A1 of Stellar Scientific 96 Cluster Tubes 1200uL on Magnetic Module GEN2 on 4
	Picking up tip from A2 of Opentrons OT-2 96 Tip Rack 20 µL on 6
	Aspirating 19.5 uL from A2 of Nunc V96 Microwell Plate on 1 at 7.6 uL/sec
	Dispensing 19.5 uL into A1 of Stellar Scientific 96 Cluster Tubes 1200uL on Magnetic Module GEN2 on 4 at 7.6 uL/sec
	Aspirating 19.5 uL from A2 of Nunc V96 Microwell Plate on 1 at 7.6 uL/sec
	Dispensing 19.5 uL into A1 of Stellar Scientific 96 Cluster Tubes 1200uL on Magnetic Module GEN2 on 4 at 7.6 uL/sec
	Dropping tip into A1 of Opentrons Fixed Trash on 12
Picking up tip from A3 of Opentrons OT-2 96 Tip Rack 20 µL on 6
Mixing 25 times with a volume of 20.0 ul
	Aspirating 20.0 uL from A1 of Stellar Scientific 96 Cluster Tubes 1200uL on Magnetic Module GEN2 on 4 at 7.6 uL/sec
	Dispensing 20.0 uL into A1 of Stellar Scientific 96 Cluster Tubes 1200uL on Magnetic Module GEN2 on 4 at 7.6 uL/sec
	Aspirating 20.0 uL from A1 of Stellar Scientific 96 Cluster Tubes 1200uL on Magnetic Module GEN2 on 4 at 7.6 uL/sec
	Dispensing 20.0 uL into A1 of Stellar Scientific 96 Cluster Tubes 1200uL on Magnetic Module GEN2 on 4 at 7.6 uL/sec
	Aspirating 20.0 uL from A1 of Stellar Scientific 96 Cluster Tubes 1200uL on Magnetic Module GEN2 on 4 at 7.6 uL/sec
	Dispensing 20.0 uL into A1 of Stellar Scientific 96 Cluster Tubes 1200uL on Magnetic Module GEN2 on 4 at 7.6 uL/sec
	Aspirating 20.0 uL from A1 of Stellar Scientific 96 Cluster Tubes 1200uL on Magnetic Module GEN2 on 4 at 7.6 uL/sec
	Dispensing 20.0 uL into A1 of Stellar Scientific 96 Cluster Tubes 1200uL on Magnetic Module GEN2 on 4 at 7.6 uL/sec
	Aspirating 20.0 uL from A1 of Stellar Scientific 96 Cluster Tubes 1200uL on Magnetic Module GEN2 on 4 at 7.6 uL/sec
	Dispensing 20.0 uL into A1 of Stellar Scientific 96 Cluster Tubes 1200uL on Magnetic Module GEN2 on 4 at 7.6 uL/sec
	Aspirating 20.0 uL from A1 of Stellar Scientific 96 Cluster Tubes 1200uL on Magnetic Module GEN2 on 4 at 7.6 uL/sec
	Dispensing 20.0 uL into A1 of Stellar Scientific 96 Cluster Tubes 1200uL on Magnetic Module GEN2 on 4 at 7.6 uL/sec
	Aspirating 20.0 uL from A1 of Stellar Scientific 96 Cluster Tubes 1200uL on Magnetic Module GEN2 on 4 at 7.6 uL/sec
	Dispensing 20.0 uL into A1 of Stellar Scientific 96 Cluster Tubes 1200uL on Magnetic Module GEN2 on 4 at 7.6 uL/sec
	Aspirating 20.0 uL from A1 of Stellar Scientific 96 Cluster Tubes 1200uL on Magnetic Module GEN2 on 4 at 7.6 uL/sec
	Dispensing 20.0 uL into A1 of Stellar Scientific 96 Cluster Tubes 1200uL on Magnetic Module GEN2 on 4 at 7.6 uL/sec
	Aspirating 20.0 uL from A1 of Stellar Scientific 96 Cluster Tubes 1200uL on Magnetic Module GEN2 on 4 at 7.6 uL/sec
	Dispensing 20.0 uL into A1 of Stellar Scientific 96 Cluster Tubes 1200uL on Magnetic Module GEN2 on 4 at 7.6 uL/sec
	Aspirating 20.0 uL from A1 of Stellar Scientific 96 Cluster Tubes 1200uL on Magnetic Module GEN2 on 4 at 7.6 uL/sec
	Dispensing 20.0 uL into A1 of Stellar Scientific 96 Cluster Tubes 1200uL on Magnetic Module GEN2 on 4 at 7.6 uL/sec
	Aspirating 20.0 uL from A1 of Stellar Scientific 96 Cluster Tubes 1200uL on Magnetic Module GEN2 on 4 at 7.6 uL/sec
	Dispensing 20.0 uL into A1 of Stellar Scientific 96 Cluster Tubes 1200uL on Magnetic Module GEN2 on 4 at 7.6 uL/sec
	Aspirating 20.0 uL from A1 of Stellar Scientific 96 Cluster Tubes 1200uL on Magnetic Module GEN2 on 4 at 7.6 uL/sec
	Dispensing 20.0 uL into A1 of Stellar Scientific 96 Cluster Tubes 1200uL on Magnetic Module GEN2 on 4 at 7.6 uL/sec
	Aspirating 20.0 uL from A1 of Stellar Scientific 96 Cluster Tubes 1200uL on Magnetic Module GEN2 on 4 at 7.6 uL/sec
	Dispensing 20.0 uL into A1 of Stellar Scientific 96 Cluster Tubes 1200uL on Magnetic Module GEN2 on 4 at 7.6 uL/sec
	Aspirating 20.0 uL from A1 of Stellar Scientific 96 Cluster Tubes 1200uL on Magnetic Module GEN2 on 4 at 7.6 uL/sec
	Dispensing 20.0 uL into A1 of Stellar Scientific 96 Cluster Tubes 1200uL on Magnetic Module GEN2 on 4 at 7.6 uL/sec
	Aspirating 20.0 uL from A1 of Stellar Scientific 96 Cluster Tubes 1200uL on Magnetic Module GEN2 on 4 at 7.6 uL/sec
	Dispensing 20.0 uL into A1 of Stellar Scientific 96 Cluster Tubes 1200uL on Magnetic Module GEN2 on 4 at 7.6 uL/sec
	Aspirating 20.0 uL from A1 of Stellar Scientific 96 Cluster Tubes 1200uL on Magnetic Module GEN2 on 4 at 7.6 uL/sec
	Dispensing 20.0 uL into A1 of Stellar Scientific 96 Cluster Tubes 1200uL on Magnetic Module GEN2 on 4 at 7.6 uL/sec
	Aspirating 20.0 uL from A1 of Stellar Scientific 96 Cluster Tubes 1200uL on Magnetic Module GEN2 on 4 at 7.6 uL/sec
	Dispensing 20.0 uL into A1 of Stellar Scientific 96 Cluster Tubes 1200uL on Magnetic Module GEN2 on 4 at 7.6 uL/sec
	Aspirating 20.0 uL from A1 of Stellar Scientific 96 Cluster Tubes 1200uL on Magnetic Module GEN2 on 4 at 7.6 uL/sec
	Dispensing 20.0 uL into A1 of Stellar Scientific 96 Cluster Tubes 1200uL on Magnetic Module GEN2 on 4 at 7.6 uL/sec
	Aspirating 20.0 uL from A1 of Stellar Scientific 96 Cluster Tubes 1200uL on Magnetic Module GEN2 on 4 at 7.6 uL/sec
	Dispensing 20.0 uL into A1 of Stellar Scientific 96 Cluster Tubes 1200uL on Magnetic Module GEN2 on 4 at 7.6 uL/sec
	Aspirating 20.0 uL from A1 of Stellar Scientific 96 Cluster Tubes 1200uL on Magnetic Module GEN2 on 4 at 7.6 uL/sec
	Dispensing 20.0 uL into A1 of Stellar Scientific 96 Cluster Tubes 1200uL on Magnetic Module GEN2 on 4 at 7.6 uL/sec
	Aspirating 20.0 uL from A1 of Stellar Scientific 96 Cluster Tubes 1200uL on Magnetic Module GEN2 on 4 at 7.6 uL/sec
	Dispensing 20.0 uL into A1 of Stellar Scientific 96 Cluster Tubes 1200uL on Magnetic Module GEN2 on 4 at 7.6 uL/sec
	Aspirating 20.0 uL from A1 of Stellar Scientific 96 Cluster Tubes 1200uL on Magnetic Module GEN2 on 4 at 7.6 uL/sec
	Dispensing 20.0 uL into A1 of Stellar Scientific 96 Cluster Tubes 1200uL on Magnetic Module GEN2 on 4 at 7.6 uL/sec
	Aspirating 20.0 uL from A1 of Stellar Scientific 96 Cluster Tubes 1200uL on Magnetic Module GEN2 on 4 at 7.6 uL/sec
	Dispensing 20.0 uL into A1 of Stellar Scientific 96 Cluster Tubes 1200uL on Magnetic Module GEN2 on 4 at 7.6 uL/sec
	Aspirating 20.0 uL from A1 of Stellar Scientific 96 Cluster Tubes 1200uL on Magnetic Module GEN2 on 4 at 7.6 uL/sec
	Dispensing 20.0 uL into A1 of Stellar Scientific 96 Cluster Tubes 1200uL on Magnetic Module GEN2 on 4 at 7.6 uL/sec
	Aspirating 20.0 uL from A1 of Stellar Scientific 96 Cluster Tubes 1200uL on Magnetic Module GEN2 on 4 at 7.6 uL/sec
	Dispensing 20.0 uL into A1 of Stellar Scientific 96 Cluster Tubes 1200uL on Magnetic Module GEN2 on 4 at 7.6 uL/sec
Dropping tip into A1 of Opentrons Fixed Trash on 12
Engaging Magnetic Module
Delaying for 5 minutes and 0.0 seconds. Allowing beads to settle.
Transferring 39.0 from A1 of NEST 96 Well Plate 100 µL PCR Full Skirt on 2 to A1 of Opentrons Fixed Trash on 12
	Picking up tip from A9 of Opentrons OT-2 96 Tip Rack 300 µL on 5
	Aspirating 39.0 uL from A1 of NEST 96 Well Plate 100 µL PCR Full Skirt on 2 at 30.0 uL/sec
	Dispensing 39.0 uL into A1 of Opentrons Fixed Trash on 12 at 94.0 uL/sec
	Dropping tip into A1 of Opentrons Fixed Trash on 12
Pausing robot operation: Move NEST 96-Well PCR Plate to Magnetic Module
Engaging Magnetic Module
Delaying for 5 minutes and 0.0 seconds. Allowing beads to settle.
Transferring 39.0 from A1 of Stellar Scientific 96 Cluster Tubes 1200uL on 2 to A2 of NEST 96 Well Plate 100 µL PCR Full Skirt on Magnetic Module GEN2 on 4
	Picking up tip from A10 of Opentrons OT-2 96 Tip Rack 300 µL on 5
	Aspirating 39.0 uL from A1 of Stellar Scientific 96 Cluster Tubes 1200uL on 2 at 30.0 uL/sec
	Dispensing 39.0 uL into A2 of NEST 96 Well Plate 100 µL PCR Full Skirt on Magnetic Module GEN2 on 4 at 94.0 uL/sec
	Dropping tip into A1 of Opentrons Fixed Trash on 12
Transferring 1.7 from A3 of Nunc V96 Microwell Plate on 1 to A2 of NEST 96 Well Plate 100 µL PCR Full Skirt on Magnetic Module GEN2 on 4
	Picking up tip from A4 of Opentrons OT-2 96 Tip Rack 20 µL on 6
	Aspirating 1.7 uL from A3 of Nunc V96 Microwell Plate on 1 at 7.6 uL/sec
	Dispensing 1.7 uL into A2 of NEST 96 Well Plate 100 µL PCR Full Skirt on Magnetic Module GEN2 on 4 at 7.6 uL/sec
	Dropping tip into A1 of Opentrons Fixed Trash on 12
Transferring 1.8 from A4 of Nunc V96 Microwell Plate on 1 to A2 of NEST 96 Well Plate 100 µL PCR Full Skirt on Magnetic Module GEN2 on 4
	Picking up tip from A5 of Opentrons OT-2 96 Tip Rack 20 µL on 6
	Aspirating 1.8 uL from A4 of Nunc V96 Microwell Plate on 1 at 7.6 uL/sec
	Dispensing 1.8 uL into A2 of NEST 96 Well Plate 100 µL PCR Full Skirt on Magnetic Module GEN2 on 4 at 7.6 uL/sec
	Dropping tip into A1 of Opentrons Fixed Trash on 12
Caught exception: {'message': 'Task was destroyed but it is pending!', 'task': <Task pending name='Task-4' coro=<Poller._poll_forever() running at /Users/dp/Desktop/project/github/opentrons/venv/lib/python3.10/site-packages/opentrons/hardware_control/poller.py:80> wait_for=<Future pending cb=[Task.task_wakeup()]>>}
Caught exception: {'message': 'Task was destroyed but it is pending!', 'task': <Task pending name='Task-3' coro=<Poller._poll_forever() running at /Users/dp/Desktop/project/github/opentrons/venv/lib/python3.10/site-packages/opentrons/hardware_control/poller.py:80> wait_for=<Future pending cb=[Task.task_wakeup()]>>}
Caught exception: {'message': 'Task was destroyed but it is pending!', 'task': <Task pending name='Task-2' coro=<Poller._poll_forever() running at /Users/dp/Desktop/project/github/opentrons/venv/lib/python3.10/site-packages/opentrons/hardware_control/poller.py:80> wait_for=<Future pending cb=[Task.task_wakeup()]>>}
