/Users/dp/Desktop/project/github/opentrons/venv/lib/python3.10/site-packages/opentrons/hardware_control/simulator_setup.py:205: UserWarning: Simulator configuration does not name a machine, defaulting to OT-2 Standard
  warn(
/Users/dp/.opentrons/robot_settings.json not found. Loading defaults
Deck calibration not found.
/Users/dp/.opentrons/deck_calibration.json not found. Loading defaults
Transferring diluent to wells based on Dilutant CSV...
Picking up tip from A1 of Opentrons OT-2 96 Filter Tip Rack 20 µL on 10
Transferring 1.0 from A1 of Agilent 1 Well Reservoir 290 mL on 1 to A11 of NEST 96 Well Plate 100 µL PCR Full Skirt on 4
	Aspirating 1.0 uL from A1 of Agilent 1 Well Reservoir 290 mL on 1 at 7.56 uL/sec
	Dispensing 1.0 uL into A11 of NEST 96 Well Plate 100 µL PCR Full Skirt on 4 at 7.56 uL/sec
Blowing out at A11 of NEST 96 Well Plate 100 µL PCR Full Skirt on 4
Dropping tip into A1 of Opentrons Fixed Trash on 12
Picking up tip from B1 of Opentrons OT-2 96 Filter Tip Rack 20 µL on 10
Transferring 3.0 from A1 of NEST 12 Well Reservoir 15 mL on 2 to A5 of NEST 96 Deep Well Plate 2mL on 5
	Aspirating 3.0 uL from A1 of NEST 12 Well Reservoir 15 mL on 2 at 7.56 uL/sec
	Dispensing 3.0 uL into A5 of NEST 96 Deep Well Plate 2mL on 5 at 7.56 uL/sec
Blowing out at A5 of NEST 96 Deep Well Plate 2mL on 5
Dropping tip into A1 of Opentrons Fixed Trash on 12
Picking up tip from C1 of Opentrons OT-2 96 Filter Tip Rack 20 µL on 10
Transferring 7.0 from A1 of NEST 1 Well Reservoir 195 mL on 7 to H12 of NEST 96 Deep Well Plate 2mL on 5
	Aspirating 7.0 uL from A1 of NEST 1 Well Reservoir 195 mL on 7 at 7.56 uL/sec
	Dispensing 7.0 uL into H12 of NEST 96 Deep Well Plate 2mL on 5 at 7.56 uL/sec
Blowing out at H12 of NEST 96 Deep Well Plate 2mL on 5
Dropping tip into A1 of Opentrons Fixed Trash on 12
Transferring DNA to wells based on Sample CSV...
Picking up tip from D1 of Opentrons OT-2 96 Filter Tip Rack 20 µL on 10
Transferring 5.0 from A1 of Agilent 1 Well Reservoir 290 mL on 1 to A11 of NEST 96 Well Plate 100 µL PCR Full Skirt on 4
	Aspirating 5.0 uL from A1 of Agilent 1 Well Reservoir 290 mL on 1 at 7.56 uL/sec
	Dispensing 5.0 uL into A11 of NEST 96 Well Plate 100 µL PCR Full Skirt on 4 at 7.56 uL/sec
Blowing out at A11 of NEST 96 Well Plate 100 µL PCR Full Skirt on 4
Mixing 3 times with a volume of 5.0 ul
	Aspirating 5.0 uL from A11 of NEST 96 Well Plate 100 µL PCR Full Skirt on 4 at 7.56 uL/sec
	Dispensing 5.0 uL into A11 of NEST 96 Well Plate 100 µL PCR Full Skirt on 4 at 7.56 uL/sec
	Aspirating 5.0 uL from A11 of NEST 96 Well Plate 100 µL PCR Full Skirt on 4 at 7.56 uL/sec
	Dispensing 5.0 uL into A11 of NEST 96 Well Plate 100 µL PCR Full Skirt on 4 at 7.56 uL/sec
	Aspirating 5.0 uL from A11 of NEST 96 Well Plate 100 µL PCR Full Skirt on 4 at 7.56 uL/sec
	Dispensing 5.0 uL into A11 of NEST 96 Well Plate 100 µL PCR Full Skirt on 4 at 7.56 uL/sec
Blowing out at A11 of NEST 96 Well Plate 100 µL PCR Full Skirt on 4
Dropping tip into A1 of Opentrons Fixed Trash on 12
Picking up tip from E1 of Opentrons OT-2 96 Filter Tip Rack 20 µL on 10
Transferring 3.0 from A1 of NEST 12 Well Reservoir 15 mL on 2 to A5 of NEST 96 Deep Well Plate 2mL on 5
	Aspirating 3.0 uL from A1 of NEST 12 Well Reservoir 15 mL on 2 at 7.56 uL/sec
	Dispensing 3.0 uL into A5 of NEST 96 Deep Well Plate 2mL on 5 at 7.56 uL/sec
Blowing out at A5 of NEST 96 Deep Well Plate 2mL on 5
Mixing 3 times with a volume of 3.0 ul
	Aspirating 3.0 uL from A5 of NEST 96 Deep Well Plate 2mL on 5 at 7.56 uL/sec
	Dispensing 3.0 uL into A5 of NEST 96 Deep Well Plate 2mL on 5 at 7.56 uL/sec
	Aspirating 3.0 uL from A5 of NEST 96 Deep Well Plate 2mL on 5 at 7.56 uL/sec
	Dispensing 3.0 uL into A5 of NEST 96 Deep Well Plate 2mL on 5 at 7.56 uL/sec
	Aspirating 3.0 uL from A5 of NEST 96 Deep Well Plate 2mL on 5 at 7.56 uL/sec
	Dispensing 3.0 uL into A5 of NEST 96 Deep Well Plate 2mL on 5 at 7.56 uL/sec
Blowing out at A5 of NEST 96 Deep Well Plate 2mL on 5
Dropping tip into A1 of Opentrons Fixed Trash on 12
Picking up tip from F1 of Opentrons OT-2 96 Filter Tip Rack 20 µL on 10
Transferring 7.0 from A1 of NEST 1 Well Reservoir 195 mL on 3 to H12 of NEST 96 Deep Well Plate 2mL on 5
	Aspirating 7.0 uL from A1 of NEST 1 Well Reservoir 195 mL on 3 at 7.56 uL/sec
	Dispensing 7.0 uL into H12 of NEST 96 Deep Well Plate 2mL on 5 at 7.56 uL/sec
Blowing out at H12 of NEST 96 Deep Well Plate 2mL on 5
Mixing 3 times with a volume of 7.0 ul
	Aspirating 7.0 uL from H12 of NEST 96 Deep Well Plate 2mL on 5 at 7.56 uL/sec
	Dispensing 7.0 uL into H12 of NEST 96 Deep Well Plate 2mL on 5 at 7.56 uL/sec
	Aspirating 7.0 uL from H12 of NEST 96 Deep Well Plate 2mL on 5 at 7.56 uL/sec
	Dispensing 7.0 uL into H12 of NEST 96 Deep Well Plate 2mL on 5 at 7.56 uL/sec
	Aspirating 7.0 uL from H12 of NEST 96 Deep Well Plate 2mL on 5 at 7.56 uL/sec
	Dispensing 7.0 uL into H12 of NEST 96 Deep Well Plate 2mL on 5 at 7.56 uL/sec
Blowing out at H12 of NEST 96 Deep Well Plate 2mL on 5
Dropping tip into A1 of Opentrons Fixed Trash on 12
Protocol is complete.
Caught exception: {'message': 'Task was destroyed but it is pending!', 'task': <Task pending name='Task-3' coro=<Poller._poll_forever() running at /Users/dp/Desktop/project/github/opentrons/venv/lib/python3.10/site-packages/opentrons/hardware_control/poller.py:80> wait_for=<Future pending cb=[Task.task_wakeup()]>>}
Caught exception: {'message': 'Task was destroyed but it is pending!', 'task': <Task pending name='Task-2' coro=<Poller._poll_forever() running at /Users/dp/Desktop/project/github/opentrons/venv/lib/python3.10/site-packages/opentrons/hardware_control/poller.py:80> wait_for=<Future pending cb=[Task.task_wakeup()]>>}
Caught exception: {'message': 'Task was destroyed but it is pending!', 'task': <Task pending name='Task-4' coro=<Poller._poll_forever() running at /Users/dp/Desktop/project/github/opentrons/venv/lib/python3.10/site-packages/opentrons/hardware_control/poller.py:80> wait_for=<Future pending cb=[Task.task_wakeup()]>>}
