/Users/dp/Desktop/project/github/opentrons/venv/lib/python3.10/site-packages/opentrons/hardware_control/simulator_setup.py:205: UserWarning: Simulator configuration does not name a machine, defaulting to OT-2 Standard
  warn(
/Users/dp/.opentrons/robot_settings.json not found. Loading defaults
Deck calibration not found.
/Users/dp/.opentrons/deck_calibration.json not found. Loading defaults
Delaying for 0 minutes and 10.0 seconds
Delaying for 0 minutes and 10.0 seconds
Pausing robot operation: 
    Set up for PCR Enrichment and Bead Clean Up:

    sample plate (from part 3) on deck slot 7
    (15 ul end-prepped, adaptor ligated cDNA with
    up to 24 samples arranged in columns of 8)

    Reagents in strip tubes on 4 degree temp module:
    column 1 - NEBNext Q5 Master Mix

    p20 tips in slot 2.
    

    reagent reservoir in deck slot 1:
    col 1 - beads
    col 2 - freshly prepared 80 percent ethanol
    col 4 - 0.1x TE
    col 10 - waste
    col 11 - waste
    col 12 - waste
    

    mag plate on magnetic module
    
Disengaging Magnetic Module

    reagent block for tube strips on 4 degree temperature module
    

    Sample plate in deck slot 7:
    containing 15 ul double-stranded cDNA
    samples arranged in columns of 8
    up to 24 samples total
    24 samples in this run
    

    elution plate in deck slot 8
    

    PCR enrichment:
    add NEBNext Q5 Master Mix and mix

    liquid handling method for master mix:
    slow flow rate for aspiration and dispense
    wait for liquid to finish moving after aspiration and dispense
    withdraw tip slowly from liquid
    
Picking up tip from A1 of Opentrons OT-2 96 Filter Tip Rack 200 µL on 6
Aspirating 25.0 uL from A1 of 4 Degree Block on Temperature Module GEN1 on 3 at 60.0 uL/sec
Delaying for 0 minutes and 1.0 seconds
Moving to A1 of 4 Degree Block on Temperature Module GEN1 on 3
Dispensing 25.0 uL into A1 of cDNA Sample Plate on 7 at 60.0 uL/sec
Delaying for 0 minutes and 1.0 seconds
Aspirating 20.0 uL from A1 of cDNA Sample Plate on 7 at 60.0 uL/sec
Delaying for 0 minutes and 1.0 seconds
Dispensing 20.0 uL into A1 of cDNA Sample Plate on 7 at 60.0 uL/sec
Delaying for 0 minutes and 1.0 seconds
Aspirating 20.0 uL from A1 of cDNA Sample Plate on 7 at 60.0 uL/sec
Delaying for 0 minutes and 1.0 seconds
Dispensing 20.0 uL into A1 of cDNA Sample Plate on 7 at 60.0 uL/sec
Delaying for 0 minutes and 1.0 seconds
Aspirating 20.0 uL from A1 of cDNA Sample Plate on 7 at 60.0 uL/sec
Delaying for 0 minutes and 1.0 seconds
Dispensing 20.0 uL into A1 of cDNA Sample Plate on 7 at 60.0 uL/sec
Delaying for 0 minutes and 1.0 seconds
Aspirating 20.0 uL from A1 of cDNA Sample Plate on 7 at 60.0 uL/sec
Delaying for 0 minutes and 1.0 seconds
Dispensing 20.0 uL into A1 of cDNA Sample Plate on 7 at 60.0 uL/sec
Delaying for 0 minutes and 1.0 seconds
Aspirating 20.0 uL from A1 of cDNA Sample Plate on 7 at 60.0 uL/sec
Delaying for 0 minutes and 1.0 seconds
Dispensing 20.0 uL into A1 of cDNA Sample Plate on 7 at 60.0 uL/sec
Delaying for 0 minutes and 1.0 seconds
Aspirating 20.0 uL from A1 of cDNA Sample Plate on 7 at 60.0 uL/sec
Delaying for 0 minutes and 1.0 seconds
Dispensing 20.0 uL into A1 of cDNA Sample Plate on 7 at 60.0 uL/sec
Delaying for 0 minutes and 1.0 seconds
Aspirating 20.0 uL from A1 of cDNA Sample Plate on 7 at 60.0 uL/sec
Delaying for 0 minutes and 1.0 seconds
Dispensing 20.0 uL into A1 of cDNA Sample Plate on 7 at 60.0 uL/sec
Delaying for 0 minutes and 1.0 seconds
Aspirating 20.0 uL from A1 of cDNA Sample Plate on 7 at 60.0 uL/sec
Delaying for 0 minutes and 1.0 seconds
Dispensing 20.0 uL into A1 of cDNA Sample Plate on 7 at 60.0 uL/sec
Delaying for 0 minutes and 1.0 seconds
Aspirating 20.0 uL from A1 of cDNA Sample Plate on 7 at 60.0 uL/sec
Delaying for 0 minutes and 1.0 seconds
Dispensing 20.0 uL into A1 of cDNA Sample Plate on 7 at 60.0 uL/sec
Delaying for 0 minutes and 1.0 seconds
Aspirating 20.0 uL from A1 of cDNA Sample Plate on 7 at 60.0 uL/sec
Delaying for 0 minutes and 1.0 seconds
Dispensing 20.0 uL into A1 of cDNA Sample Plate on 7 at 60.0 uL/sec
Delaying for 0 minutes and 1.0 seconds
Moving to A1 of cDNA Sample Plate on 7
Dropping tip into A1 of Opentrons Fixed Trash on 12
Picking up tip from A2 of Opentrons OT-2 96 Filter Tip Rack 200 µL on 6
Aspirating 25.0 uL from A1 of 4 Degree Block on Temperature Module GEN1 on 3 at 60.0 uL/sec
Delaying for 0 minutes and 1.0 seconds
Moving to A1 of 4 Degree Block on Temperature Module GEN1 on 3
Dispensing 25.0 uL into A2 of cDNA Sample Plate on 7 at 60.0 uL/sec
Delaying for 0 minutes and 1.0 seconds
Aspirating 20.0 uL from A2 of cDNA Sample Plate on 7 at 60.0 uL/sec
Delaying for 0 minutes and 1.0 seconds
Dispensing 20.0 uL into A2 of cDNA Sample Plate on 7 at 60.0 uL/sec
Delaying for 0 minutes and 1.0 seconds
Aspirating 20.0 uL from A2 of cDNA Sample Plate on 7 at 60.0 uL/sec
Delaying for 0 minutes and 1.0 seconds
Dispensing 20.0 uL into A2 of cDNA Sample Plate on 7 at 60.0 uL/sec
Delaying for 0 minutes and 1.0 seconds
Aspirating 20.0 uL from A2 of cDNA Sample Plate on 7 at 60.0 uL/sec
Delaying for 0 minutes and 1.0 seconds
Dispensing 20.0 uL into A2 of cDNA Sample Plate on 7 at 60.0 uL/sec
Delaying for 0 minutes and 1.0 seconds
Aspirating 20.0 uL from A2 of cDNA Sample Plate on 7 at 60.0 uL/sec
Delaying for 0 minutes and 1.0 seconds
Dispensing 20.0 uL into A2 of cDNA Sample Plate on 7 at 60.0 uL/sec
Delaying for 0 minutes and 1.0 seconds
Aspirating 20.0 uL from A2 of cDNA Sample Plate on 7 at 60.0 uL/sec
Delaying for 0 minutes and 1.0 seconds
Dispensing 20.0 uL into A2 of cDNA Sample Plate on 7 at 60.0 uL/sec
Delaying for 0 minutes and 1.0 seconds
Aspirating 20.0 uL from A2 of cDNA Sample Plate on 7 at 60.0 uL/sec
Delaying for 0 minutes and 1.0 seconds
Dispensing 20.0 uL into A2 of cDNA Sample Plate on 7 at 60.0 uL/sec
Delaying for 0 minutes and 1.0 seconds
Aspirating 20.0 uL from A2 of cDNA Sample Plate on 7 at 60.0 uL/sec
Delaying for 0 minutes and 1.0 seconds
Dispensing 20.0 uL into A2 of cDNA Sample Plate on 7 at 60.0 uL/sec
Delaying for 0 minutes and 1.0 seconds
Aspirating 20.0 uL from A2 of cDNA Sample Plate on 7 at 60.0 uL/sec
Delaying for 0 minutes and 1.0 seconds
Dispensing 20.0 uL into A2 of cDNA Sample Plate on 7 at 60.0 uL/sec
Delaying for 0 minutes and 1.0 seconds
Aspirating 20.0 uL from A2 of cDNA Sample Plate on 7 at 60.0 uL/sec
Delaying for 0 minutes and 1.0 seconds
Dispensing 20.0 uL into A2 of cDNA Sample Plate on 7 at 60.0 uL/sec
Delaying for 0 minutes and 1.0 seconds
Aspirating 20.0 uL from A2 of cDNA Sample Plate on 7 at 60.0 uL/sec
Delaying for 0 minutes and 1.0 seconds
Dispensing 20.0 uL into A2 of cDNA Sample Plate on 7 at 60.0 uL/sec
Delaying for 0 minutes and 1.0 seconds
Moving to A2 of cDNA Sample Plate on 7
Dropping tip into A1 of Opentrons Fixed Trash on 12
Picking up tip from A3 of Opentrons OT-2 96 Filter Tip Rack 200 µL on 6
Aspirating 25.0 uL from A1 of 4 Degree Block on Temperature Module GEN1 on 3 at 60.0 uL/sec
Delaying for 0 minutes and 1.0 seconds
Moving to A1 of 4 Degree Block on Temperature Module GEN1 on 3
Dispensing 25.0 uL into A3 of cDNA Sample Plate on 7 at 60.0 uL/sec
Delaying for 0 minutes and 1.0 seconds
Aspirating 20.0 uL from A3 of cDNA Sample Plate on 7 at 60.0 uL/sec
Delaying for 0 minutes and 1.0 seconds
Dispensing 20.0 uL into A3 of cDNA Sample Plate on 7 at 60.0 uL/sec
Delaying for 0 minutes and 1.0 seconds
Aspirating 20.0 uL from A3 of cDNA Sample Plate on 7 at 60.0 uL/sec
Delaying for 0 minutes and 1.0 seconds
Dispensing 20.0 uL into A3 of cDNA Sample Plate on 7 at 60.0 uL/sec
Delaying for 0 minutes and 1.0 seconds
Aspirating 20.0 uL from A3 of cDNA Sample Plate on 7 at 60.0 uL/sec
Delaying for 0 minutes and 1.0 seconds
Dispensing 20.0 uL into A3 of cDNA Sample Plate on 7 at 60.0 uL/sec
Delaying for 0 minutes and 1.0 seconds
Aspirating 20.0 uL from A3 of cDNA Sample Plate on 7 at 60.0 uL/sec
Delaying for 0 minutes and 1.0 seconds
Dispensing 20.0 uL into A3 of cDNA Sample Plate on 7 at 60.0 uL/sec
Delaying for 0 minutes and 1.0 seconds
Aspirating 20.0 uL from A3 of cDNA Sample Plate on 7 at 60.0 uL/sec
Delaying for 0 minutes and 1.0 seconds
Dispensing 20.0 uL into A3 of cDNA Sample Plate on 7 at 60.0 uL/sec
Delaying for 0 minutes and 1.0 seconds
Aspirating 20.0 uL from A3 of cDNA Sample Plate on 7 at 60.0 uL/sec
Delaying for 0 minutes and 1.0 seconds
Dispensing 20.0 uL into A3 of cDNA Sample Plate on 7 at 60.0 uL/sec
Delaying for 0 minutes and 1.0 seconds
Aspirating 20.0 uL from A3 of cDNA Sample Plate on 7 at 60.0 uL/sec
Delaying for 0 minutes and 1.0 seconds
Dispensing 20.0 uL into A3 of cDNA Sample Plate on 7 at 60.0 uL/sec
Delaying for 0 minutes and 1.0 seconds
Aspirating 20.0 uL from A3 of cDNA Sample Plate on 7 at 60.0 uL/sec
Delaying for 0 minutes and 1.0 seconds
Dispensing 20.0 uL into A3 of cDNA Sample Plate on 7 at 60.0 uL/sec
Delaying for 0 minutes and 1.0 seconds
Aspirating 20.0 uL from A3 of cDNA Sample Plate on 7 at 60.0 uL/sec
Delaying for 0 minutes and 1.0 seconds
Dispensing 20.0 uL into A3 of cDNA Sample Plate on 7 at 60.0 uL/sec
Delaying for 0 minutes and 1.0 seconds
Aspirating 20.0 uL from A3 of cDNA Sample Plate on 7 at 60.0 uL/sec
Delaying for 0 minutes and 1.0 seconds
Dispensing 20.0 uL into A3 of cDNA Sample Plate on 7 at 60.0 uL/sec
Delaying for 0 minutes and 1.0 seconds
Moving to A3 of cDNA Sample Plate on 7
Dropping tip into A1 of Opentrons Fixed Trash on 12
Delaying for 0 minutes and 10.0 seconds
Pausing robot operation: 
        pausing for off-deck steps

        add 10 uL primer from selected primer plate cols, mix

        spin the plate
        then, on thermocycler-

        30 sec 98 C

        8-16 cycles:
        10 sec 98 C
        75 sec 65 C

        5 min 65 C
        hold 4 C

        return the plate to the magnetic module for bead clean up

        set up for bead clean up:
        replenish the tip boxes
        add reagents to reservoir in deck slot 1:
        col 1 - beads
        col 2 - freshly prepared 80 percent ethanol
        col 4 - 0.1x TE
        place elution plate in deck slot 8
        resume
        

    bead clean up:

    add beads, mix, wait

    liquid handling method for beads:
    slow flow rate for aspiration and dispense
    wait for liquid to finish moving after aspiration and dispense
    withdraw tip slowly from liquid
    
Picking up tip from A1 of Opentrons OT-2 96 Filter Tip Rack 200 µL on 6
Mixing 3 times with a volume of 100.0 ul
	Aspirating 100.0 uL from A1 of Reagent Reservoir on 1 at 120.0 uL/sec
	Dispensing 100.0 uL into A1 of Reagent Reservoir on 1 at 120.0 uL/sec
	Aspirating 100.0 uL from A1 of Reagent Reservoir on 1 at 120.0 uL/sec
	Dispensing 100.0 uL into A1 of Reagent Reservoir on 1 at 120.0 uL/sec
	Aspirating 100.0 uL from A1 of Reagent Reservoir on 1 at 120.0 uL/sec
	Dispensing 100.0 uL into A1 of Reagent Reservoir on 1 at 120.0 uL/sec
Aspirating 45.0 uL from A1 of Reagent Reservoir on 1 at 60.0 uL/sec
Delaying for 0 minutes and 1.0 seconds
Moving to A1 of Reagent Reservoir on 1
Dispensing 45.0 uL into A1 of Mag Plate on Magnetic Module GEN2 on 4 at 60.0 uL/sec
Delaying for 0 minutes and 1.0 seconds
Mixing 6 times with a volume of 50.0 ul
	Aspirating 50.0 uL from A1 of Mag Plate on Magnetic Module GEN2 on 4 at 120.0 uL/sec
	Dispensing 50.0 uL into A1 of Mag Plate on Magnetic Module GEN2 on 4 at 120.0 uL/sec
	Aspirating 50.0 uL from A1 of Mag Plate on Magnetic Module GEN2 on 4 at 120.0 uL/sec
	Dispensing 50.0 uL into A1 of Mag Plate on Magnetic Module GEN2 on 4 at 120.0 uL/sec
	Aspirating 50.0 uL from A1 of Mag Plate on Magnetic Module GEN2 on 4 at 120.0 uL/sec
	Dispensing 50.0 uL into A1 of Mag Plate on Magnetic Module GEN2 on 4 at 120.0 uL/sec
	Aspirating 50.0 uL from A1 of Mag Plate on Magnetic Module GEN2 on 4 at 120.0 uL/sec
	Dispensing 50.0 uL into A1 of Mag Plate on Magnetic Module GEN2 on 4 at 120.0 uL/sec
	Aspirating 50.0 uL from A1 of Mag Plate on Magnetic Module GEN2 on 4 at 120.0 uL/sec
	Dispensing 50.0 uL into A1 of Mag Plate on Magnetic Module GEN2 on 4 at 120.0 uL/sec
	Aspirating 50.0 uL from A1 of Mag Plate on Magnetic Module GEN2 on 4 at 120.0 uL/sec
	Dispensing 50.0 uL into A1 of Mag Plate on Magnetic Module GEN2 on 4 at 120.0 uL/sec
Moving to A1 of Mag Plate on Magnetic Module GEN2 on 4
Dropping tip into A1 of Opentrons Fixed Trash on 12
Picking up tip from A2 of Opentrons OT-2 96 Filter Tip Rack 200 µL on 6
Mixing 3 times with a volume of 100.0 ul
	Aspirating 100.0 uL from A1 of Reagent Reservoir on 1 at 120.0 uL/sec
	Dispensing 100.0 uL into A1 of Reagent Reservoir on 1 at 120.0 uL/sec
	Aspirating 100.0 uL from A1 of Reagent Reservoir on 1 at 120.0 uL/sec
	Dispensing 100.0 uL into A1 of Reagent Reservoir on 1 at 120.0 uL/sec
	Aspirating 100.0 uL from A1 of Reagent Reservoir on 1 at 120.0 uL/sec
	Dispensing 100.0 uL into A1 of Reagent Reservoir on 1 at 120.0 uL/sec
Aspirating 45.0 uL from A1 of Reagent Reservoir on 1 at 60.0 uL/sec
Delaying for 0 minutes and 1.0 seconds
Moving to A1 of Reagent Reservoir on 1
Dispensing 45.0 uL into A2 of Mag Plate on Magnetic Module GEN2 on 4 at 60.0 uL/sec
Delaying for 0 minutes and 1.0 seconds
Mixing 6 times with a volume of 50.0 ul
	Aspirating 50.0 uL from A2 of Mag Plate on Magnetic Module GEN2 on 4 at 120.0 uL/sec
	Dispensing 50.0 uL into A2 of Mag Plate on Magnetic Module GEN2 on 4 at 120.0 uL/sec
	Aspirating 50.0 uL from A2 of Mag Plate on Magnetic Module GEN2 on 4 at 120.0 uL/sec
	Dispensing 50.0 uL into A2 of Mag Plate on Magnetic Module GEN2 on 4 at 120.0 uL/sec
	Aspirating 50.0 uL from A2 of Mag Plate on Magnetic Module GEN2 on 4 at 120.0 uL/sec
	Dispensing 50.0 uL into A2 of Mag Plate on Magnetic Module GEN2 on 4 at 120.0 uL/sec
	Aspirating 50.0 uL from A2 of Mag Plate on Magnetic Module GEN2 on 4 at 120.0 uL/sec
	Dispensing 50.0 uL into A2 of Mag Plate on Magnetic Module GEN2 on 4 at 120.0 uL/sec
	Aspirating 50.0 uL from A2 of Mag Plate on Magnetic Module GEN2 on 4 at 120.0 uL/sec
	Dispensing 50.0 uL into A2 of Mag Plate on Magnetic Module GEN2 on 4 at 120.0 uL/sec
	Aspirating 50.0 uL from A2 of Mag Plate on Magnetic Module GEN2 on 4 at 120.0 uL/sec
	Dispensing 50.0 uL into A2 of Mag Plate on Magnetic Module GEN2 on 4 at 120.0 uL/sec
Moving to A2 of Mag Plate on Magnetic Module GEN2 on 4
Dropping tip into A1 of Opentrons Fixed Trash on 12
Picking up tip from A3 of Opentrons OT-2 96 Filter Tip Rack 200 µL on 6
Mixing 3 times with a volume of 100.0 ul
	Aspirating 100.0 uL from A1 of Reagent Reservoir on 1 at 120.0 uL/sec
	Dispensing 100.0 uL into A1 of Reagent Reservoir on 1 at 120.0 uL/sec
	Aspirating 100.0 uL from A1 of Reagent Reservoir on 1 at 120.0 uL/sec
	Dispensing 100.0 uL into A1 of Reagent Reservoir on 1 at 120.0 uL/sec
	Aspirating 100.0 uL from A1 of Reagent Reservoir on 1 at 120.0 uL/sec
	Dispensing 100.0 uL into A1 of Reagent Reservoir on 1 at 120.0 uL/sec
Aspirating 45.0 uL from A1 of Reagent Reservoir on 1 at 60.0 uL/sec
Delaying for 0 minutes and 1.0 seconds
Moving to A1 of Reagent Reservoir on 1
Dispensing 45.0 uL into A3 of Mag Plate on Magnetic Module GEN2 on 4 at 60.0 uL/sec
Delaying for 0 minutes and 1.0 seconds
Mixing 6 times with a volume of 50.0 ul
	Aspirating 50.0 uL from A3 of Mag Plate on Magnetic Module GEN2 on 4 at 120.0 uL/sec
	Dispensing 50.0 uL into A3 of Mag Plate on Magnetic Module GEN2 on 4 at 120.0 uL/sec
	Aspirating 50.0 uL from A3 of Mag Plate on Magnetic Module GEN2 on 4 at 120.0 uL/sec
	Dispensing 50.0 uL into A3 of Mag Plate on Magnetic Module GEN2 on 4 at 120.0 uL/sec
	Aspirating 50.0 uL from A3 of Mag Plate on Magnetic Module GEN2 on 4 at 120.0 uL/sec
	Dispensing 50.0 uL into A3 of Mag Plate on Magnetic Module GEN2 on 4 at 120.0 uL/sec
	Aspirating 50.0 uL from A3 of Mag Plate on Magnetic Module GEN2 on 4 at 120.0 uL/sec
	Dispensing 50.0 uL into A3 of Mag Plate on Magnetic Module GEN2 on 4 at 120.0 uL/sec
	Aspirating 50.0 uL from A3 of Mag Plate on Magnetic Module GEN2 on 4 at 120.0 uL/sec
	Dispensing 50.0 uL into A3 of Mag Plate on Magnetic Module GEN2 on 4 at 120.0 uL/sec
	Aspirating 50.0 uL from A3 of Mag Plate on Magnetic Module GEN2 on 4 at 120.0 uL/sec
	Dispensing 50.0 uL into A3 of Mag Plate on Magnetic Module GEN2 on 4 at 120.0 uL/sec
Moving to A3 of Mag Plate on Magnetic Module GEN2 on 4
Dropping tip into A1 of Opentrons Fixed Trash on 12
Delaying for 5 minutes and 0.0 seconds
Delaying for 0 minutes and 10.0 seconds
Pausing robot operation: 
    spin and return the plate
    resume
    
Engaging Magnetic Module
Delaying for 5 minutes and 0.0 seconds

    remove sup

    add 80 percent ethanol
    remove sup
    repeat

    liquid handling method for ethanol:
    prewet tips
    15 ul air gap
    dispense from top
    repeated delayed blowout
    increased blow out flow rate
    
Picking up tip from A4 of Opentrons OT-2 96 Filter Tip Rack 200 µL on 6
Moving to A1 of Mag Plate on Magnetic Module GEN2 on 4
Moving to A1 of Mag Plate on Magnetic Module GEN2 on 4
Aspirating 50.0 uL from A1 of Mag Plate on Magnetic Module GEN2 on 4 at 30.643800000000002 uL/sec
Aspirating 50.0 uL from A1 of Mag Plate on Magnetic Module GEN2 on 4 at 30.643800000000002 uL/sec
Moving to A1 of Mag Plate on Magnetic Module GEN2 on 4
Air gap
	Aspirating 20.0 uL from A1 of Mag Plate on Magnetic Module GEN2 on 4 at 92.86 uL/sec
Dispensing 120.0 uL into A10 of Reagent Reservoir on 1 at 92.86 uL/sec
Air gap
	Aspirating 15.0 uL from A10 of Reagent Reservoir on 1 at 92.86 uL/sec
Dropping tip into A1 of Opentrons Fixed Trash on 12
Picking up tip from A5 of Opentrons OT-2 96 Filter Tip Rack 200 µL on 6
Moving to A2 of Mag Plate on Magnetic Module GEN2 on 4
Moving to A2 of Mag Plate on Magnetic Module GEN2 on 4
Aspirating 50.0 uL from A2 of Mag Plate on Magnetic Module GEN2 on 4 at 30.643800000000002 uL/sec
Aspirating 50.0 uL from A2 of Mag Plate on Magnetic Module GEN2 on 4 at 30.643800000000002 uL/sec
Moving to A2 of Mag Plate on Magnetic Module GEN2 on 4
Air gap
	Aspirating 20.0 uL from A2 of Mag Plate on Magnetic Module GEN2 on 4 at 92.86 uL/sec
Dispensing 120.0 uL into A10 of Reagent Reservoir on 1 at 92.86 uL/sec
Air gap
	Aspirating 15.0 uL from A10 of Reagent Reservoir on 1 at 92.86 uL/sec
Dropping tip into A1 of Opentrons Fixed Trash on 12
Picking up tip from A6 of Opentrons OT-2 96 Filter Tip Rack 200 µL on 6
Moving to A3 of Mag Plate on Magnetic Module GEN2 on 4
Moving to A3 of Mag Plate on Magnetic Module GEN2 on 4
Aspirating 50.0 uL from A3 of Mag Plate on Magnetic Module GEN2 on 4 at 30.643800000000002 uL/sec
Aspirating 50.0 uL from A3 of Mag Plate on Magnetic Module GEN2 on 4 at 30.643800000000002 uL/sec
Moving to A3 of Mag Plate on Magnetic Module GEN2 on 4
Air gap
	Aspirating 20.0 uL from A3 of Mag Plate on Magnetic Module GEN2 on 4 at 92.86 uL/sec
Dispensing 120.0 uL into A10 of Reagent Reservoir on 1 at 92.86 uL/sec
Air gap
	Aspirating 15.0 uL from A10 of Reagent Reservoir on 1 at 92.86 uL/sec
Dropping tip into A1 of Opentrons Fixed Trash on 12
Picking up tip from A7 of Opentrons OT-2 96 Filter Tip Rack 200 µL on 6
Aspirating 150.0 uL from A2 of Reagent Reservoir on 1 at 92.86 uL/sec
Dispensing 150.0 uL into A2 of Reagent Reservoir on 1 at 92.86 uL/sec
Aspirating 150.0 uL from A2 of Reagent Reservoir on 1 at 92.86 uL/sec
Dispensing 150.0 uL into A2 of Reagent Reservoir on 1 at 92.86 uL/sec
Aspirating 150.0 uL from A2 of Reagent Reservoir on 1 at 92.86 uL/sec
Air gap
	Aspirating 15.0 uL from A2 of Reagent Reservoir on 1 at 92.86 uL/sec
Dispensing 165.0 uL into A1 of Mag Plate on Magnetic Module GEN2 on 4 at 92.86 uL/sec
Delaying for 0 minutes and 1.0 seconds
Blowing out at A1 of Mag Plate on Magnetic Module GEN2 on 4
Aspirating 150.0 uL from A1 of Mag Plate on Magnetic Module GEN2 on 4 at 92.86 uL/sec
Delaying for 0 minutes and 1.0 seconds
Blowing out at A1 of Mag Plate on Magnetic Module GEN2 on 4
Aspirating 150.0 uL from A1 of Mag Plate on Magnetic Module GEN2 on 4 at 92.86 uL/sec
Delaying for 0 minutes and 1.0 seconds
Blowing out at A1 of Mag Plate on Magnetic Module GEN2 on 4
Aspirating 150.0 uL from A2 of Reagent Reservoir on 1 at 92.86 uL/sec
Dispensing 150.0 uL into A2 of Reagent Reservoir on 1 at 92.86 uL/sec
Aspirating 150.0 uL from A2 of Reagent Reservoir on 1 at 92.86 uL/sec
Dispensing 150.0 uL into A2 of Reagent Reservoir on 1 at 92.86 uL/sec
Aspirating 150.0 uL from A2 of Reagent Reservoir on 1 at 92.86 uL/sec
Air gap
	Aspirating 15.0 uL from A2 of Reagent Reservoir on 1 at 92.86 uL/sec
Dispensing 165.0 uL into A2 of Mag Plate on Magnetic Module GEN2 on 4 at 92.86 uL/sec
Delaying for 0 minutes and 1.0 seconds
Blowing out at A2 of Mag Plate on Magnetic Module GEN2 on 4
Aspirating 150.0 uL from A2 of Mag Plate on Magnetic Module GEN2 on 4 at 92.86 uL/sec
Delaying for 0 minutes and 1.0 seconds
Blowing out at A2 of Mag Plate on Magnetic Module GEN2 on 4
Aspirating 150.0 uL from A2 of Mag Plate on Magnetic Module GEN2 on 4 at 92.86 uL/sec
Delaying for 0 minutes and 1.0 seconds
Blowing out at A2 of Mag Plate on Magnetic Module GEN2 on 4
Aspirating 150.0 uL from A2 of Reagent Reservoir on 1 at 92.86 uL/sec
Dispensing 150.0 uL into A2 of Reagent Reservoir on 1 at 92.86 uL/sec
Aspirating 150.0 uL from A2 of Reagent Reservoir on 1 at 92.86 uL/sec
Dispensing 150.0 uL into A2 of Reagent Reservoir on 1 at 92.86 uL/sec
Aspirating 150.0 uL from A2 of Reagent Reservoir on 1 at 92.86 uL/sec
Air gap
	Aspirating 15.0 uL from A2 of Reagent Reservoir on 1 at 92.86 uL/sec
Dispensing 165.0 uL into A3 of Mag Plate on Magnetic Module GEN2 on 4 at 92.86 uL/sec
Delaying for 0 minutes and 1.0 seconds
Blowing out at A3 of Mag Plate on Magnetic Module GEN2 on 4
Aspirating 150.0 uL from A3 of Mag Plate on Magnetic Module GEN2 on 4 at 92.86 uL/sec
Delaying for 0 minutes and 1.0 seconds
Blowing out at A3 of Mag Plate on Magnetic Module GEN2 on 4
Aspirating 150.0 uL from A3 of Mag Plate on Magnetic Module GEN2 on 4 at 92.86 uL/sec
Delaying for 0 minutes and 1.0 seconds
Blowing out at A3 of Mag Plate on Magnetic Module GEN2 on 4
Dropping tip into A1 of Opentrons Fixed Trash on 12
Delaying for 0 minutes and 10.0 seconds
Pausing robot operation: Please Refill the p300 Tip Boxes
             and Empty the Tip Waste
Picking up tip from A1 of Opentrons OT-2 96 Filter Tip Rack 200 µL on 6
Moving to A1 of Mag Plate on Magnetic Module GEN2 on 4
Moving to A1 of Mag Plate on Magnetic Module GEN2 on 4
Aspirating 100.0 uL from A1 of Mag Plate on Magnetic Module GEN2 on 4 at 30.643800000000002 uL/sec
Aspirating 50.0 uL from A1 of Mag Plate on Magnetic Module GEN2 on 4 at 30.643800000000002 uL/sec
Moving to A1 of Mag Plate on Magnetic Module GEN2 on 4
Air gap
	Aspirating 20.0 uL from A1 of Mag Plate on Magnetic Module GEN2 on 4 at 92.86 uL/sec
Dispensing 170.0 uL into A11 of Reagent Reservoir on 1 at 92.86 uL/sec
Delaying for 0 minutes and 1.0 seconds
Blowing out at A11 of Reagent Reservoir on 1
Aspirating 150.0 uL from A11 of Reagent Reservoir on 1 at 92.86 uL/sec
Delaying for 0 minutes and 1.0 seconds
Blowing out at A11 of Reagent Reservoir on 1
Aspirating 150.0 uL from A11 of Reagent Reservoir on 1 at 92.86 uL/sec
Delaying for 0 minutes and 1.0 seconds
Blowing out at A11 of Reagent Reservoir on 1
Air gap
	Aspirating 15.0 uL from A11 of Reagent Reservoir on 1 at 92.86 uL/sec
Dropping tip into A1 of Opentrons Fixed Trash on 12
Picking up tip from A2 of Opentrons OT-2 96 Filter Tip Rack 200 µL on 6
Moving to A2 of Mag Plate on Magnetic Module GEN2 on 4
Moving to A2 of Mag Plate on Magnetic Module GEN2 on 4
Aspirating 100.0 uL from A2 of Mag Plate on Magnetic Module GEN2 on 4 at 30.643800000000002 uL/sec
Aspirating 50.0 uL from A2 of Mag Plate on Magnetic Module GEN2 on 4 at 30.643800000000002 uL/sec
Moving to A2 of Mag Plate on Magnetic Module GEN2 on 4
Air gap
	Aspirating 20.0 uL from A2 of Mag Plate on Magnetic Module GEN2 on 4 at 92.86 uL/sec
Dispensing 170.0 uL into A11 of Reagent Reservoir on 1 at 92.86 uL/sec
Delaying for 0 minutes and 1.0 seconds
Blowing out at A11 of Reagent Reservoir on 1
Aspirating 150.0 uL from A11 of Reagent Reservoir on 1 at 92.86 uL/sec
Delaying for 0 minutes and 1.0 seconds
Blowing out at A11 of Reagent Reservoir on 1
Aspirating 150.0 uL from A11 of Reagent Reservoir on 1 at 92.86 uL/sec
Delaying for 0 minutes and 1.0 seconds
Blowing out at A11 of Reagent Reservoir on 1
Air gap
	Aspirating 15.0 uL from A11 of Reagent Reservoir on 1 at 92.86 uL/sec
Dropping tip into A1 of Opentrons Fixed Trash on 12
Picking up tip from A3 of Opentrons OT-2 96 Filter Tip Rack 200 µL on 6
Moving to A3 of Mag Plate on Magnetic Module GEN2 on 4
Moving to A3 of Mag Plate on Magnetic Module GEN2 on 4
Aspirating 100.0 uL from A3 of Mag Plate on Magnetic Module GEN2 on 4 at 30.643800000000002 uL/sec
Aspirating 50.0 uL from A3 of Mag Plate on Magnetic Module GEN2 on 4 at 30.643800000000002 uL/sec
Moving to A3 of Mag Plate on Magnetic Module GEN2 on 4
Air gap
	Aspirating 20.0 uL from A3 of Mag Plate on Magnetic Module GEN2 on 4 at 92.86 uL/sec
Dispensing 170.0 uL into A11 of Reagent Reservoir on 1 at 92.86 uL/sec
Delaying for 0 minutes and 1.0 seconds
Blowing out at A11 of Reagent Reservoir on 1
Aspirating 150.0 uL from A11 of Reagent Reservoir on 1 at 92.86 uL/sec
Delaying for 0 minutes and 1.0 seconds
Blowing out at A11 of Reagent Reservoir on 1
Aspirating 150.0 uL from A11 of Reagent Reservoir on 1 at 92.86 uL/sec
Delaying for 0 minutes and 1.0 seconds
Blowing out at A11 of Reagent Reservoir on 1
Air gap
	Aspirating 15.0 uL from A11 of Reagent Reservoir on 1 at 92.86 uL/sec
Dropping tip into A1 of Opentrons Fixed Trash on 12
Picking up tip from A4 of Opentrons OT-2 96 Filter Tip Rack 200 µL on 6
Aspirating 150.0 uL from A2 of Reagent Reservoir on 1 at 92.86 uL/sec
Dispensing 150.0 uL into A2 of Reagent Reservoir on 1 at 92.86 uL/sec
Aspirating 150.0 uL from A2 of Reagent Reservoir on 1 at 92.86 uL/sec
Dispensing 150.0 uL into A2 of Reagent Reservoir on 1 at 92.86 uL/sec
Aspirating 150.0 uL from A2 of Reagent Reservoir on 1 at 92.86 uL/sec
Air gap
	Aspirating 15.0 uL from A2 of Reagent Reservoir on 1 at 92.86 uL/sec
Dispensing 165.0 uL into A1 of Mag Plate on Magnetic Module GEN2 on 4 at 92.86 uL/sec
Delaying for 0 minutes and 1.0 seconds
Blowing out at A1 of Mag Plate on Magnetic Module GEN2 on 4
Aspirating 150.0 uL from A1 of Mag Plate on Magnetic Module GEN2 on 4 at 92.86 uL/sec
Delaying for 0 minutes and 1.0 seconds
Blowing out at A1 of Mag Plate on Magnetic Module GEN2 on 4
Aspirating 150.0 uL from A1 of Mag Plate on Magnetic Module GEN2 on 4 at 92.86 uL/sec
Delaying for 0 minutes and 1.0 seconds
Blowing out at A1 of Mag Plate on Magnetic Module GEN2 on 4
Aspirating 150.0 uL from A2 of Reagent Reservoir on 1 at 92.86 uL/sec
Dispensing 150.0 uL into A2 of Reagent Reservoir on 1 at 92.86 uL/sec
Aspirating 150.0 uL from A2 of Reagent Reservoir on 1 at 92.86 uL/sec
Dispensing 150.0 uL into A2 of Reagent Reservoir on 1 at 92.86 uL/sec
Aspirating 150.0 uL from A2 of Reagent Reservoir on 1 at 92.86 uL/sec
Air gap
	Aspirating 15.0 uL from A2 of Reagent Reservoir on 1 at 92.86 uL/sec
Dispensing 165.0 uL into A2 of Mag Plate on Magnetic Module GEN2 on 4 at 92.86 uL/sec
Delaying for 0 minutes and 1.0 seconds
Blowing out at A2 of Mag Plate on Magnetic Module GEN2 on 4
Aspirating 150.0 uL from A2 of Mag Plate on Magnetic Module GEN2 on 4 at 92.86 uL/sec
Delaying for 0 minutes and 1.0 seconds
Blowing out at A2 of Mag Plate on Magnetic Module GEN2 on 4
Aspirating 150.0 uL from A2 of Mag Plate on Magnetic Module GEN2 on 4 at 92.86 uL/sec
Delaying for 0 minutes and 1.0 seconds
Blowing out at A2 of Mag Plate on Magnetic Module GEN2 on 4
Aspirating 150.0 uL from A2 of Reagent Reservoir on 1 at 92.86 uL/sec
Dispensing 150.0 uL into A2 of Reagent Reservoir on 1 at 92.86 uL/sec
Aspirating 150.0 uL from A2 of Reagent Reservoir on 1 at 92.86 uL/sec
Dispensing 150.0 uL into A2 of Reagent Reservoir on 1 at 92.86 uL/sec
Aspirating 150.0 uL from A2 of Reagent Reservoir on 1 at 92.86 uL/sec
Air gap
	Aspirating 15.0 uL from A2 of Reagent Reservoir on 1 at 92.86 uL/sec
Dispensing 165.0 uL into A3 of Mag Plate on Magnetic Module GEN2 on 4 at 92.86 uL/sec
Delaying for 0 minutes and 1.0 seconds
Blowing out at A3 of Mag Plate on Magnetic Module GEN2 on 4
Aspirating 150.0 uL from A3 of Mag Plate on Magnetic Module GEN2 on 4 at 92.86 uL/sec
Delaying for 0 minutes and 1.0 seconds
Blowing out at A3 of Mag Plate on Magnetic Module GEN2 on 4
Aspirating 150.0 uL from A3 of Mag Plate on Magnetic Module GEN2 on 4 at 92.86 uL/sec
Delaying for 0 minutes and 1.0 seconds
Blowing out at A3 of Mag Plate on Magnetic Module GEN2 on 4
Dropping tip into A1 of Opentrons Fixed Trash on 12
Picking up tip from A5 of Opentrons OT-2 96 Filter Tip Rack 200 µL on 6
Moving to A1 of Mag Plate on Magnetic Module GEN2 on 4
Moving to A1 of Mag Plate on Magnetic Module GEN2 on 4
Aspirating 100.0 uL from A1 of Mag Plate on Magnetic Module GEN2 on 4 at 30.643800000000002 uL/sec
Aspirating 50.0 uL from A1 of Mag Plate on Magnetic Module GEN2 on 4 at 30.643800000000002 uL/sec
Moving to A1 of Mag Plate on Magnetic Module GEN2 on 4
Air gap
	Aspirating 20.0 uL from A1 of Mag Plate on Magnetic Module GEN2 on 4 at 92.86 uL/sec
Dispensing 170.0 uL into A12 of Reagent Reservoir on 1 at 92.86 uL/sec
Delaying for 0 minutes and 1.0 seconds
Blowing out at A12 of Reagent Reservoir on 1
Aspirating 150.0 uL from A12 of Reagent Reservoir on 1 at 92.86 uL/sec
Delaying for 0 minutes and 1.0 seconds
Blowing out at A12 of Reagent Reservoir on 1
Aspirating 150.0 uL from A12 of Reagent Reservoir on 1 at 92.86 uL/sec
Delaying for 0 minutes and 1.0 seconds
Blowing out at A12 of Reagent Reservoir on 1
Air gap
	Aspirating 15.0 uL from A12 of Reagent Reservoir on 1 at 92.86 uL/sec
Dropping tip into A1 of Opentrons Fixed Trash on 12
Picking up tip from A6 of Opentrons OT-2 96 Filter Tip Rack 200 µL on 6
Moving to A2 of Mag Plate on Magnetic Module GEN2 on 4
Moving to A2 of Mag Plate on Magnetic Module GEN2 on 4
Aspirating 100.0 uL from A2 of Mag Plate on Magnetic Module GEN2 on 4 at 30.643800000000002 uL/sec
Aspirating 50.0 uL from A2 of Mag Plate on Magnetic Module GEN2 on 4 at 30.643800000000002 uL/sec
Moving to A2 of Mag Plate on Magnetic Module GEN2 on 4
Air gap
	Aspirating 20.0 uL from A2 of Mag Plate on Magnetic Module GEN2 on 4 at 92.86 uL/sec
Dispensing 170.0 uL into A12 of Reagent Reservoir on 1 at 92.86 uL/sec
Delaying for 0 minutes and 1.0 seconds
Blowing out at A12 of Reagent Reservoir on 1
Aspirating 150.0 uL from A12 of Reagent Reservoir on 1 at 92.86 uL/sec
Delaying for 0 minutes and 1.0 seconds
Blowing out at A12 of Reagent Reservoir on 1
Aspirating 150.0 uL from A12 of Reagent Reservoir on 1 at 92.86 uL/sec
Delaying for 0 minutes and 1.0 seconds
Blowing out at A12 of Reagent Reservoir on 1
Air gap
	Aspirating 15.0 uL from A12 of Reagent Reservoir on 1 at 92.86 uL/sec
Dropping tip into A1 of Opentrons Fixed Trash on 12
Picking up tip from A7 of Opentrons OT-2 96 Filter Tip Rack 200 µL on 6
Moving to A3 of Mag Plate on Magnetic Module GEN2 on 4
Moving to A3 of Mag Plate on Magnetic Module GEN2 on 4
Aspirating 100.0 uL from A3 of Mag Plate on Magnetic Module GEN2 on 4 at 30.643800000000002 uL/sec
Aspirating 50.0 uL from A3 of Mag Plate on Magnetic Module GEN2 on 4 at 30.643800000000002 uL/sec
Moving to A3 of Mag Plate on Magnetic Module GEN2 on 4
Air gap
	Aspirating 20.0 uL from A3 of Mag Plate on Magnetic Module GEN2 on 4 at 92.86 uL/sec
Dispensing 170.0 uL into A12 of Reagent Reservoir on 1 at 92.86 uL/sec
Delaying for 0 minutes and 1.0 seconds
Blowing out at A12 of Reagent Reservoir on 1
Aspirating 150.0 uL from A12 of Reagent Reservoir on 1 at 92.86 uL/sec
Delaying for 0 minutes and 1.0 seconds
Blowing out at A12 of Reagent Reservoir on 1
Aspirating 150.0 uL from A12 of Reagent Reservoir on 1 at 92.86 uL/sec
Delaying for 0 minutes and 1.0 seconds
Blowing out at A12 of Reagent Reservoir on 1
Air gap
	Aspirating 15.0 uL from A12 of Reagent Reservoir on 1 at 92.86 uL/sec
Dropping tip into A1 of Opentrons Fixed Trash on 12
Disengaging Magnetic Module
Delaying for 0 minutes and 10.0 seconds
Pausing robot operation: 
    remove plate, spin, return the plate to the magnetic module
    resume
    
Engaging Magnetic Module
Delaying for 1 minutes and 0.0 seconds
Delaying for 0 minutes and 10.0 seconds
Pausing robot operation: 
    manually remove last traces of ethanol with 10 ul tip
    resume
    

    air dry beads
    
Delaying for 5 minutes and 0.0 seconds
Disengaging Magnetic Module

    add TE and mix
    
Picking up tip from A8 of Opentrons OT-2 96 Filter Tip Rack 200 µL on 6
Transferring 23.0 from A4 of Reagent Reservoir on 1 to A1 of Mag Plate on Magnetic Module GEN2 on 4
	Aspirating 23.0 uL from A4 of Reagent Reservoir on 1 at 92.86 uL/sec
	Dispensing 23.0 uL into A1 of Mag Plate on Magnetic Module GEN2 on 4 at 92.86 uL/sec
	Mixing 10 times with a volume of 15.0 ul
		Aspirating 15.0 uL from A1 of Mag Plate on Magnetic Module GEN2 on 4 at 92.86 uL/sec
		Dispensing 15.0 uL into A1 of Mag Plate on Magnetic Module GEN2 on 4 at 92.86 uL/sec
		Aspirating 15.0 uL from A1 of Mag Plate on Magnetic Module GEN2 on 4 at 92.86 uL/sec
		Dispensing 15.0 uL into A1 of Mag Plate on Magnetic Module GEN2 on 4 at 92.86 uL/sec
		Aspirating 15.0 uL from A1 of Mag Plate on Magnetic Module GEN2 on 4 at 92.86 uL/sec
		Dispensing 15.0 uL into A1 of Mag Plate on Magnetic Module GEN2 on 4 at 92.86 uL/sec
		Aspirating 15.0 uL from A1 of Mag Plate on Magnetic Module GEN2 on 4 at 92.86 uL/sec
		Dispensing 15.0 uL into A1 of Mag Plate on Magnetic Module GEN2 on 4 at 92.86 uL/sec
		Aspirating 15.0 uL from A1 of Mag Plate on Magnetic Module GEN2 on 4 at 92.86 uL/sec
		Dispensing 15.0 uL into A1 of Mag Plate on Magnetic Module GEN2 on 4 at 92.86 uL/sec
		Aspirating 15.0 uL from A1 of Mag Plate on Magnetic Module GEN2 on 4 at 92.86 uL/sec
		Dispensing 15.0 uL into A1 of Mag Plate on Magnetic Module GEN2 on 4 at 92.86 uL/sec
		Aspirating 15.0 uL from A1 of Mag Plate on Magnetic Module GEN2 on 4 at 92.86 uL/sec
		Dispensing 15.0 uL into A1 of Mag Plate on Magnetic Module GEN2 on 4 at 92.86 uL/sec
		Aspirating 15.0 uL from A1 of Mag Plate on Magnetic Module GEN2 on 4 at 92.86 uL/sec
		Dispensing 15.0 uL into A1 of Mag Plate on Magnetic Module GEN2 on 4 at 92.86 uL/sec
		Aspirating 15.0 uL from A1 of Mag Plate on Magnetic Module GEN2 on 4 at 92.86 uL/sec
		Dispensing 15.0 uL into A1 of Mag Plate on Magnetic Module GEN2 on 4 at 92.86 uL/sec
		Aspirating 15.0 uL from A1 of Mag Plate on Magnetic Module GEN2 on 4 at 92.86 uL/sec
		Dispensing 15.0 uL into A1 of Mag Plate on Magnetic Module GEN2 on 4 at 92.86 uL/sec
Moving to A1 of Mag Plate on Magnetic Module GEN2 on 4
Dropping tip into A1 of Opentrons Fixed Trash on 12
Picking up tip from A9 of Opentrons OT-2 96 Filter Tip Rack 200 µL on 6
Transferring 23.0 from A4 of Reagent Reservoir on 1 to A2 of Mag Plate on Magnetic Module GEN2 on 4
	Aspirating 23.0 uL from A4 of Reagent Reservoir on 1 at 92.86 uL/sec
	Dispensing 23.0 uL into A2 of Mag Plate on Magnetic Module GEN2 on 4 at 92.86 uL/sec
	Mixing 10 times with a volume of 15.0 ul
		Aspirating 15.0 uL from A2 of Mag Plate on Magnetic Module GEN2 on 4 at 92.86 uL/sec
		Dispensing 15.0 uL into A2 of Mag Plate on Magnetic Module GEN2 on 4 at 92.86 uL/sec
		Aspirating 15.0 uL from A2 of Mag Plate on Magnetic Module GEN2 on 4 at 92.86 uL/sec
		Dispensing 15.0 uL into A2 of Mag Plate on Magnetic Module GEN2 on 4 at 92.86 uL/sec
		Aspirating 15.0 uL from A2 of Mag Plate on Magnetic Module GEN2 on 4 at 92.86 uL/sec
		Dispensing 15.0 uL into A2 of Mag Plate on Magnetic Module GEN2 on 4 at 92.86 uL/sec
		Aspirating 15.0 uL from A2 of Mag Plate on Magnetic Module GEN2 on 4 at 92.86 uL/sec
		Dispensing 15.0 uL into A2 of Mag Plate on Magnetic Module GEN2 on 4 at 92.86 uL/sec
		Aspirating 15.0 uL from A2 of Mag Plate on Magnetic Module GEN2 on 4 at 92.86 uL/sec
		Dispensing 15.0 uL into A2 of Mag Plate on Magnetic Module GEN2 on 4 at 92.86 uL/sec
		Aspirating 15.0 uL from A2 of Mag Plate on Magnetic Module GEN2 on 4 at 92.86 uL/sec
		Dispensing 15.0 uL into A2 of Mag Plate on Magnetic Module GEN2 on 4 at 92.86 uL/sec
		Aspirating 15.0 uL from A2 of Mag Plate on Magnetic Module GEN2 on 4 at 92.86 uL/sec
		Dispensing 15.0 uL into A2 of Mag Plate on Magnetic Module GEN2 on 4 at 92.86 uL/sec
		Aspirating 15.0 uL from A2 of Mag Plate on Magnetic Module GEN2 on 4 at 92.86 uL/sec
		Dispensing 15.0 uL into A2 of Mag Plate on Magnetic Module GEN2 on 4 at 92.86 uL/sec
		Aspirating 15.0 uL from A2 of Mag Plate on Magnetic Module GEN2 on 4 at 92.86 uL/sec
		Dispensing 15.0 uL into A2 of Mag Plate on Magnetic Module GEN2 on 4 at 92.86 uL/sec
		Aspirating 15.0 uL from A2 of Mag Plate on Magnetic Module GEN2 on 4 at 92.86 uL/sec
		Dispensing 15.0 uL into A2 of Mag Plate on Magnetic Module GEN2 on 4 at 92.86 uL/sec
Moving to A2 of Mag Plate on Magnetic Module GEN2 on 4
Dropping tip into A1 of Opentrons Fixed Trash on 12
Picking up tip from A10 of Opentrons OT-2 96 Filter Tip Rack 200 µL on 6
Transferring 23.0 from A4 of Reagent Reservoir on 1 to A3 of Mag Plate on Magnetic Module GEN2 on 4
	Aspirating 23.0 uL from A4 of Reagent Reservoir on 1 at 92.86 uL/sec
	Dispensing 23.0 uL into A3 of Mag Plate on Magnetic Module GEN2 on 4 at 92.86 uL/sec
	Mixing 10 times with a volume of 15.0 ul
		Aspirating 15.0 uL from A3 of Mag Plate on Magnetic Module GEN2 on 4 at 92.86 uL/sec
		Dispensing 15.0 uL into A3 of Mag Plate on Magnetic Module GEN2 on 4 at 92.86 uL/sec
		Aspirating 15.0 uL from A3 of Mag Plate on Magnetic Module GEN2 on 4 at 92.86 uL/sec
		Dispensing 15.0 uL into A3 of Mag Plate on Magnetic Module GEN2 on 4 at 92.86 uL/sec
		Aspirating 15.0 uL from A3 of Mag Plate on Magnetic Module GEN2 on 4 at 92.86 uL/sec
		Dispensing 15.0 uL into A3 of Mag Plate on Magnetic Module GEN2 on 4 at 92.86 uL/sec
		Aspirating 15.0 uL from A3 of Mag Plate on Magnetic Module GEN2 on 4 at 92.86 uL/sec
		Dispensing 15.0 uL into A3 of Mag Plate on Magnetic Module GEN2 on 4 at 92.86 uL/sec
		Aspirating 15.0 uL from A3 of Mag Plate on Magnetic Module GEN2 on 4 at 92.86 uL/sec
		Dispensing 15.0 uL into A3 of Mag Plate on Magnetic Module GEN2 on 4 at 92.86 uL/sec
		Aspirating 15.0 uL from A3 of Mag Plate on Magnetic Module GEN2 on 4 at 92.86 uL/sec
		Dispensing 15.0 uL into A3 of Mag Plate on Magnetic Module GEN2 on 4 at 92.86 uL/sec
		Aspirating 15.0 uL from A3 of Mag Plate on Magnetic Module GEN2 on 4 at 92.86 uL/sec
		Dispensing 15.0 uL into A3 of Mag Plate on Magnetic Module GEN2 on 4 at 92.86 uL/sec
		Aspirating 15.0 uL from A3 of Mag Plate on Magnetic Module GEN2 on 4 at 92.86 uL/sec
		Dispensing 15.0 uL into A3 of Mag Plate on Magnetic Module GEN2 on 4 at 92.86 uL/sec
		Aspirating 15.0 uL from A3 of Mag Plate on Magnetic Module GEN2 on 4 at 92.86 uL/sec
		Dispensing 15.0 uL into A3 of Mag Plate on Magnetic Module GEN2 on 4 at 92.86 uL/sec
		Aspirating 15.0 uL from A3 of Mag Plate on Magnetic Module GEN2 on 4 at 92.86 uL/sec
		Dispensing 15.0 uL into A3 of Mag Plate on Magnetic Module GEN2 on 4 at 92.86 uL/sec
Moving to A3 of Mag Plate on Magnetic Module GEN2 on 4
Dropping tip into A1 of Opentrons Fixed Trash on 12
Delaying for 0 minutes and 10.0 seconds
Pausing robot operation: 
    spin and return the plate
    resume
    
Delaying for 2 minutes and 0.0 seconds
Engaging Magnetic Module
Delaying for 5 minutes and 0.0 seconds

    transfer to elution plate
    
Picking up tip from A1 of Opentrons OT-2 96 Filter Tip Rack 20 µL on 2
Moving to A1 of Mag Plate on Magnetic Module GEN2 on 4
Moving to A1 of Mag Plate on Magnetic Module GEN2 on 4
Aspirating 20.0 uL from A1 of Mag Plate on Magnetic Module GEN2 on 4 at 2.508 uL/sec
Dispensing 20.0 uL into A1 of Elution Plate on 8 at 7.6 uL/sec
Dropping tip into A1 of Opentrons Fixed Trash on 12
Picking up tip from A2 of Opentrons OT-2 96 Filter Tip Rack 20 µL on 2
Moving to A2 of Mag Plate on Magnetic Module GEN2 on 4
Moving to A2 of Mag Plate on Magnetic Module GEN2 on 4
Aspirating 20.0 uL from A2 of Mag Plate on Magnetic Module GEN2 on 4 at 2.508 uL/sec
Dispensing 20.0 uL into A2 of Elution Plate on 8 at 7.6 uL/sec
Dropping tip into A1 of Opentrons Fixed Trash on 12
Picking up tip from A3 of Opentrons OT-2 96 Filter Tip Rack 20 µL on 2
Moving to A3 of Mag Plate on Magnetic Module GEN2 on 4
Moving to A3 of Mag Plate on Magnetic Module GEN2 on 4
Aspirating 20.0 uL from A3 of Mag Plate on Magnetic Module GEN2 on 4 at 2.508 uL/sec
Dispensing 20.0 uL into A3 of Elution Plate on 8 at 7.6 uL/sec
Dropping tip into A1 of Opentrons Fixed Trash on 12
Caught exception: {'message': 'Task was destroyed but it is pending!', 'task': <Task pending name='Task-4' coro=<Poller._poll_forever() running at /Users/dp/Desktop/project/github/opentrons/venv/lib/python3.10/site-packages/opentrons/hardware_control/poller.py:80> wait_for=<Future pending cb=[Task.task_wakeup()]>>}
Caught exception: {'message': 'Task was destroyed but it is pending!', 'task': <Task pending name='Task-3' coro=<Poller._poll_forever() running at /Users/dp/Desktop/project/github/opentrons/venv/lib/python3.10/site-packages/opentrons/hardware_control/poller.py:80> wait_for=<Future pending cb=[Task.task_wakeup()]>>}
Caught exception: {'message': 'Task was destroyed but it is pending!', 'task': <Task pending name='Task-2' coro=<Poller._poll_forever() running at /Users/dp/Desktop/project/github/opentrons/venv/lib/python3.10/site-packages/opentrons/hardware_control/poller.py:80> wait_for=<Future pending cb=[Task.task_wakeup()]>>}
