/Users/dp/Desktop/project/github/opentrons/venv/lib/python3.10/site-packages/opentrons/hardware_control/simulator_setup.py:205: UserWarning: Simulator configuration does not name a machine, defaulting to OT-2 Standard
  warn(
/Users/dp/.opentrons/robot_settings.json not found. Loading defaults
Deck calibration not found.
/Users/dp/.opentrons/deck_calibration.json not found. Loading defaults
Picking up tip from A1 of Opentrons OT-2 96 Filter Tip Rack 20 µL on 8
Aspirating 7.0 uL from A1 of MMX Plate on 7 at 1.5 uL/sec
Moving to A1 of MMX Plate on 7
Delaying for 0 minutes and 2.0 seconds
Touching tip
Moving to A1 of MMX Plate on 7
Aspirating 2.0 uL from A1 of MMX Plate on 7 at 1.5 uL/sec
Dispensing 2.0 uL into A1 of Reaction Plate on 4 at 1.5 uL/sec
Delaying for 0 minutes and 2.0 seconds
Dispensing 7.0 uL into A1 of Reaction Plate on 4 at 1.5 uL/sec
Blowing out at A1 of Reaction Plate on 4
Touching tip
Moving to A1 of Reaction Plate on 4
Aspirating 7.0 uL from A1 of MMX Plate on 7 at 1.5 uL/sec
Moving to A1 of MMX Plate on 7
Delaying for 0 minutes and 2.0 seconds
Touching tip
Moving to A1 of MMX Plate on 7
Aspirating 2.0 uL from A1 of MMX Plate on 7 at 1.5 uL/sec
Dispensing 2.0 uL into A2 of Reaction Plate on 4 at 1.5 uL/sec
Delaying for 0 minutes and 2.0 seconds
Dispensing 7.0 uL into A2 of Reaction Plate on 4 at 1.5 uL/sec
Blowing out at A2 of Reaction Plate on 4
Touching tip
Moving to A2 of Reaction Plate on 4
Aspirating 7.0 uL from A1 of MMX Plate on 7 at 1.5 uL/sec
Moving to A1 of MMX Plate on 7
Delaying for 0 minutes and 2.0 seconds
Touching tip
Moving to A1 of MMX Plate on 7
Aspirating 2.0 uL from A1 of MMX Plate on 7 at 1.5 uL/sec
Dispensing 2.0 uL into A3 of Reaction Plate on 4 at 1.5 uL/sec
Delaying for 0 minutes and 2.0 seconds
Dispensing 7.0 uL into A3 of Reaction Plate on 4 at 1.5 uL/sec
Blowing out at A3 of Reaction Plate on 4
Touching tip
Moving to A3 of Reaction Plate on 4
Aspirating 7.0 uL from A1 of MMX Plate on 7 at 1.5 uL/sec
Moving to A1 of MMX Plate on 7
Delaying for 0 minutes and 2.0 seconds
Touching tip
Moving to A1 of MMX Plate on 7
Aspirating 2.0 uL from A1 of MMX Plate on 7 at 1.5 uL/sec
Dispensing 2.0 uL into A4 of Reaction Plate on 4 at 1.5 uL/sec
Delaying for 0 minutes and 2.0 seconds
Dispensing 7.0 uL into A4 of Reaction Plate on 4 at 1.5 uL/sec
Blowing out at A4 of Reaction Plate on 4
Touching tip
Moving to A4 of Reaction Plate on 4
Aspirating 7.0 uL from A1 of MMX Plate on 7 at 1.5 uL/sec
Moving to A1 of MMX Plate on 7
Delaying for 0 minutes and 2.0 seconds
Touching tip
Moving to A1 of MMX Plate on 7
Aspirating 2.0 uL from A1 of MMX Plate on 7 at 1.5 uL/sec
Dispensing 2.0 uL into A5 of Reaction Plate on 4 at 1.5 uL/sec
Delaying for 0 minutes and 2.0 seconds
Dispensing 7.0 uL into A5 of Reaction Plate on 4 at 1.5 uL/sec
Blowing out at A5 of Reaction Plate on 4
Touching tip
Moving to A5 of Reaction Plate on 4
Aspirating 7.0 uL from A1 of MMX Plate on 7 at 1.5 uL/sec
Moving to A1 of MMX Plate on 7
Delaying for 0 minutes and 2.0 seconds
Touching tip
Moving to A1 of MMX Plate on 7
Aspirating 2.0 uL from A1 of MMX Plate on 7 at 1.5 uL/sec
Dispensing 2.0 uL into A6 of Reaction Plate on 4 at 1.5 uL/sec
Delaying for 0 minutes and 2.0 seconds
Dispensing 7.0 uL into A6 of Reaction Plate on 4 at 1.5 uL/sec
Blowing out at A6 of Reaction Plate on 4
Touching tip
Moving to A6 of Reaction Plate on 4
Aspirating 7.0 uL from A1 of MMX Plate on 7 at 1.5 uL/sec
Moving to A1 of MMX Plate on 7
Delaying for 0 minutes and 2.0 seconds
Touching tip
Moving to A1 of MMX Plate on 7
Aspirating 2.0 uL from A1 of MMX Plate on 7 at 1.5 uL/sec
Dispensing 2.0 uL into A7 of Reaction Plate on 4 at 1.5 uL/sec
Delaying for 0 minutes and 2.0 seconds
Dispensing 7.0 uL into A7 of Reaction Plate on 4 at 1.5 uL/sec
Blowing out at A7 of Reaction Plate on 4
Touching tip
Moving to A7 of Reaction Plate on 4
Aspirating 7.0 uL from A1 of MMX Plate on 7 at 1.5 uL/sec
Moving to A1 of MMX Plate on 7
Delaying for 0 minutes and 2.0 seconds
Touching tip
Moving to A1 of MMX Plate on 7
Aspirating 2.0 uL from A1 of MMX Plate on 7 at 1.5 uL/sec
Dispensing 2.0 uL into A8 of Reaction Plate on 4 at 1.5 uL/sec
Delaying for 0 minutes and 2.0 seconds
Dispensing 7.0 uL into A8 of Reaction Plate on 4 at 1.5 uL/sec
Blowing out at A8 of Reaction Plate on 4
Touching tip
Moving to A8 of Reaction Plate on 4
Aspirating 7.0 uL from A1 of MMX Plate on 7 at 1.5 uL/sec
Moving to A1 of MMX Plate on 7
Delaying for 0 minutes and 2.0 seconds
Touching tip
Moving to A1 of MMX Plate on 7
Aspirating 2.0 uL from A1 of MMX Plate on 7 at 1.5 uL/sec
Dispensing 2.0 uL into A9 of Reaction Plate on 4 at 1.5 uL/sec
Delaying for 0 minutes and 2.0 seconds
Dispensing 7.0 uL into A9 of Reaction Plate on 4 at 1.5 uL/sec
Blowing out at A9 of Reaction Plate on 4
Touching tip
Moving to A9 of Reaction Plate on 4
Aspirating 7.0 uL from A1 of MMX Plate on 7 at 1.5 uL/sec
Moving to A1 of MMX Plate on 7
Delaying for 0 minutes and 2.0 seconds
Touching tip
Moving to A1 of MMX Plate on 7
Aspirating 2.0 uL from A1 of MMX Plate on 7 at 1.5 uL/sec
Dispensing 2.0 uL into A10 of Reaction Plate on 4 at 1.5 uL/sec
Delaying for 0 minutes and 2.0 seconds
Dispensing 7.0 uL into A10 of Reaction Plate on 4 at 1.5 uL/sec
Blowing out at A10 of Reaction Plate on 4
Touching tip
Moving to A10 of Reaction Plate on 4
Aspirating 7.0 uL from A1 of MMX Plate on 7 at 1.5 uL/sec
Moving to A1 of MMX Plate on 7
Delaying for 0 minutes and 2.0 seconds
Touching tip
Moving to A1 of MMX Plate on 7
Aspirating 2.0 uL from A1 of MMX Plate on 7 at 1.5 uL/sec
Dispensing 2.0 uL into A11 of Reaction Plate on 4 at 1.5 uL/sec
Delaying for 0 minutes and 2.0 seconds
Dispensing 7.0 uL into A11 of Reaction Plate on 4 at 1.5 uL/sec
Blowing out at A11 of Reaction Plate on 4
Touching tip
Moving to A11 of Reaction Plate on 4
Aspirating 7.0 uL from A1 of MMX Plate on 7 at 1.5 uL/sec
Moving to A1 of MMX Plate on 7
Delaying for 0 minutes and 2.0 seconds
Touching tip
Moving to A1 of MMX Plate on 7
Aspirating 2.0 uL from A1 of MMX Plate on 7 at 1.5 uL/sec
Dispensing 2.0 uL into A12 of Reaction Plate on 4 at 1.5 uL/sec
Delaying for 0 minutes and 2.0 seconds
Dispensing 7.0 uL into A12 of Reaction Plate on 4 at 1.5 uL/sec
Blowing out at A12 of Reaction Plate on 4
Touching tip
Moving to A12 of Reaction Plate on 4
Aspirating 7.0 uL from A1 of MMX Plate on 7 at 1.5 uL/sec
Moving to A1 of MMX Plate on 7
Delaying for 0 minutes and 2.0 seconds
Touching tip
Moving to A1 of MMX Plate on 7
Aspirating 2.0 uL from A1 of MMX Plate on 7 at 1.5 uL/sec
Dispensing 2.0 uL into A1 of Reaction Plate on 5 at 1.5 uL/sec
Delaying for 0 minutes and 2.0 seconds
Dispensing 7.0 uL into A1 of Reaction Plate on 5 at 1.5 uL/sec
Blowing out at A1 of Reaction Plate on 5
Touching tip
Moving to A1 of Reaction Plate on 5
Aspirating 7.0 uL from A1 of MMX Plate on 7 at 1.5 uL/sec
Moving to A1 of MMX Plate on 7
Delaying for 0 minutes and 2.0 seconds
Touching tip
Moving to A1 of MMX Plate on 7
Aspirating 2.0 uL from A1 of MMX Plate on 7 at 1.5 uL/sec
Dispensing 2.0 uL into A2 of Reaction Plate on 5 at 1.5 uL/sec
Delaying for 0 minutes and 2.0 seconds
Dispensing 7.0 uL into A2 of Reaction Plate on 5 at 1.5 uL/sec
Blowing out at A2 of Reaction Plate on 5
Touching tip
Moving to A2 of Reaction Plate on 5
Aspirating 7.0 uL from A1 of MMX Plate on 7 at 1.5 uL/sec
Moving to A1 of MMX Plate on 7
Delaying for 0 minutes and 2.0 seconds
Touching tip
Moving to A1 of MMX Plate on 7
Aspirating 2.0 uL from A1 of MMX Plate on 7 at 1.5 uL/sec
Dispensing 2.0 uL into A3 of Reaction Plate on 5 at 1.5 uL/sec
Delaying for 0 minutes and 2.0 seconds
Dispensing 7.0 uL into A3 of Reaction Plate on 5 at 1.5 uL/sec
Blowing out at A3 of Reaction Plate on 5
Touching tip
Moving to A3 of Reaction Plate on 5
Aspirating 7.0 uL from A1 of MMX Plate on 7 at 1.5 uL/sec
Moving to A1 of MMX Plate on 7
Delaying for 0 minutes and 2.0 seconds
Touching tip
Moving to A1 of MMX Plate on 7
Aspirating 2.0 uL from A1 of MMX Plate on 7 at 1.5 uL/sec
Dispensing 2.0 uL into A4 of Reaction Plate on 5 at 1.5 uL/sec
Delaying for 0 minutes and 2.0 seconds
Dispensing 7.0 uL into A4 of Reaction Plate on 5 at 1.5 uL/sec
Blowing out at A4 of Reaction Plate on 5
Touching tip
Moving to A4 of Reaction Plate on 5
Aspirating 7.0 uL from A1 of MMX Plate on 7 at 1.5 uL/sec
Moving to A1 of MMX Plate on 7
Delaying for 0 minutes and 2.0 seconds
Touching tip
Moving to A1 of MMX Plate on 7
Aspirating 2.0 uL from A1 of MMX Plate on 7 at 1.5 uL/sec
Dispensing 2.0 uL into A5 of Reaction Plate on 5 at 1.5 uL/sec
Delaying for 0 minutes and 2.0 seconds
Dispensing 7.0 uL into A5 of Reaction Plate on 5 at 1.5 uL/sec
Blowing out at A5 of Reaction Plate on 5
Touching tip
Moving to A5 of Reaction Plate on 5
Aspirating 7.0 uL from A1 of MMX Plate on 7 at 1.5 uL/sec
Moving to A1 of MMX Plate on 7
Delaying for 0 minutes and 2.0 seconds
Touching tip
Moving to A1 of MMX Plate on 7
Aspirating 2.0 uL from A1 of MMX Plate on 7 at 1.5 uL/sec
Dispensing 2.0 uL into A6 of Reaction Plate on 5 at 1.5 uL/sec
Delaying for 0 minutes and 2.0 seconds
Dispensing 7.0 uL into A6 of Reaction Plate on 5 at 1.5 uL/sec
Blowing out at A6 of Reaction Plate on 5
Touching tip
Moving to A6 of Reaction Plate on 5
Aspirating 7.0 uL from A1 of MMX Plate on 7 at 1.5 uL/sec
Moving to A1 of MMX Plate on 7
Delaying for 0 minutes and 2.0 seconds
Touching tip
Moving to A1 of MMX Plate on 7
Aspirating 2.0 uL from A1 of MMX Plate on 7 at 1.5 uL/sec
Dispensing 2.0 uL into A7 of Reaction Plate on 5 at 1.5 uL/sec
Delaying for 0 minutes and 2.0 seconds
Dispensing 7.0 uL into A7 of Reaction Plate on 5 at 1.5 uL/sec
Blowing out at A7 of Reaction Plate on 5
Touching tip
Moving to A7 of Reaction Plate on 5
Aspirating 7.0 uL from A1 of MMX Plate on 7 at 1.5 uL/sec
Moving to A1 of MMX Plate on 7
Delaying for 0 minutes and 2.0 seconds
Touching tip
Moving to A1 of MMX Plate on 7
Aspirating 2.0 uL from A1 of MMX Plate on 7 at 1.5 uL/sec
Dispensing 2.0 uL into A8 of Reaction Plate on 5 at 1.5 uL/sec
Delaying for 0 minutes and 2.0 seconds
Dispensing 7.0 uL into A8 of Reaction Plate on 5 at 1.5 uL/sec
Blowing out at A8 of Reaction Plate on 5
Touching tip
Moving to A8 of Reaction Plate on 5
Aspirating 7.0 uL from A1 of MMX Plate on 7 at 1.5 uL/sec
Moving to A1 of MMX Plate on 7
Delaying for 0 minutes and 2.0 seconds
Touching tip
Moving to A1 of MMX Plate on 7
Aspirating 2.0 uL from A1 of MMX Plate on 7 at 1.5 uL/sec
Dispensing 2.0 uL into A9 of Reaction Plate on 5 at 1.5 uL/sec
Delaying for 0 minutes and 2.0 seconds
Dispensing 7.0 uL into A9 of Reaction Plate on 5 at 1.5 uL/sec
Blowing out at A9 of Reaction Plate on 5
Touching tip
Moving to A9 of Reaction Plate on 5
Aspirating 7.0 uL from A1 of MMX Plate on 7 at 1.5 uL/sec
Moving to A1 of MMX Plate on 7
Delaying for 0 minutes and 2.0 seconds
Touching tip
Moving to A1 of MMX Plate on 7
Aspirating 2.0 uL from A1 of MMX Plate on 7 at 1.5 uL/sec
Dispensing 2.0 uL into A10 of Reaction Plate on 5 at 1.5 uL/sec
Delaying for 0 minutes and 2.0 seconds
Dispensing 7.0 uL into A10 of Reaction Plate on 5 at 1.5 uL/sec
Blowing out at A10 of Reaction Plate on 5
Touching tip
Moving to A10 of Reaction Plate on 5
Aspirating 7.0 uL from A1 of MMX Plate on 7 at 1.5 uL/sec
Moving to A1 of MMX Plate on 7
Delaying for 0 minutes and 2.0 seconds
Touching tip
Moving to A1 of MMX Plate on 7
Aspirating 2.0 uL from A1 of MMX Plate on 7 at 1.5 uL/sec
Dispensing 2.0 uL into A11 of Reaction Plate on 5 at 1.5 uL/sec
Delaying for 0 minutes and 2.0 seconds
Dispensing 7.0 uL into A11 of Reaction Plate on 5 at 1.5 uL/sec
Blowing out at A11 of Reaction Plate on 5
Touching tip
Moving to A11 of Reaction Plate on 5
Aspirating 7.0 uL from A1 of MMX Plate on 7 at 1.5 uL/sec
Moving to A1 of MMX Plate on 7
Delaying for 0 minutes and 2.0 seconds
Touching tip
Moving to A1 of MMX Plate on 7
Aspirating 2.0 uL from A1 of MMX Plate on 7 at 1.5 uL/sec
Dispensing 2.0 uL into A12 of Reaction Plate on 5 at 1.5 uL/sec
Delaying for 0 minutes and 2.0 seconds
Dispensing 7.0 uL into A12 of Reaction Plate on 5 at 1.5 uL/sec
Blowing out at A12 of Reaction Plate on 5
Touching tip
Moving to A12 of Reaction Plate on 5
Aspirating 7.0 uL from A1 of MMX Plate on 7 at 1.5 uL/sec
Moving to A1 of MMX Plate on 7
Delaying for 0 minutes and 2.0 seconds
Touching tip
Moving to A1 of MMX Plate on 7
Aspirating 2.0 uL from A1 of MMX Plate on 7 at 1.5 uL/sec
Dispensing 2.0 uL into A1 of Reaction Plate on 6 at 1.5 uL/sec
Delaying for 0 minutes and 2.0 seconds
Dispensing 7.0 uL into A1 of Reaction Plate on 6 at 1.5 uL/sec
Blowing out at A1 of Reaction Plate on 6
Touching tip
Moving to A1 of Reaction Plate on 6
Aspirating 7.0 uL from A1 of MMX Plate on 7 at 1.5 uL/sec
Moving to A1 of MMX Plate on 7
Delaying for 0 minutes and 2.0 seconds
Touching tip
Moving to A1 of MMX Plate on 7
Aspirating 2.0 uL from A1 of MMX Plate on 7 at 1.5 uL/sec
Dispensing 2.0 uL into A2 of Reaction Plate on 6 at 1.5 uL/sec
Delaying for 0 minutes and 2.0 seconds
Dispensing 7.0 uL into A2 of Reaction Plate on 6 at 1.5 uL/sec
Blowing out at A2 of Reaction Plate on 6
Touching tip
Moving to A2 of Reaction Plate on 6
Aspirating 7.0 uL from A1 of MMX Plate on 7 at 1.5 uL/sec
Moving to A1 of MMX Plate on 7
Delaying for 0 minutes and 2.0 seconds
Touching tip
Moving to A1 of MMX Plate on 7
Aspirating 2.0 uL from A1 of MMX Plate on 7 at 1.5 uL/sec
Dispensing 2.0 uL into A3 of Reaction Plate on 6 at 1.5 uL/sec
Delaying for 0 minutes and 2.0 seconds
Dispensing 7.0 uL into A3 of Reaction Plate on 6 at 1.5 uL/sec
Blowing out at A3 of Reaction Plate on 6
Touching tip
Moving to A3 of Reaction Plate on 6
Aspirating 7.0 uL from A1 of MMX Plate on 7 at 1.5 uL/sec
Moving to A1 of MMX Plate on 7
Delaying for 0 minutes and 2.0 seconds
Touching tip
Moving to A1 of MMX Plate on 7
Aspirating 2.0 uL from A1 of MMX Plate on 7 at 1.5 uL/sec
Dispensing 2.0 uL into A4 of Reaction Plate on 6 at 1.5 uL/sec
Delaying for 0 minutes and 2.0 seconds
Dispensing 7.0 uL into A4 of Reaction Plate on 6 at 1.5 uL/sec
Blowing out at A4 of Reaction Plate on 6
Touching tip
Moving to A4 of Reaction Plate on 6
Aspirating 7.0 uL from A1 of MMX Plate on 7 at 1.5 uL/sec
Moving to A1 of MMX Plate on 7
Delaying for 0 minutes and 2.0 seconds
Touching tip
Moving to A1 of MMX Plate on 7
Aspirating 2.0 uL from A1 of MMX Plate on 7 at 1.5 uL/sec
Dispensing 2.0 uL into A5 of Reaction Plate on 6 at 1.5 uL/sec
Delaying for 0 minutes and 2.0 seconds
Dispensing 7.0 uL into A5 of Reaction Plate on 6 at 1.5 uL/sec
Blowing out at A5 of Reaction Plate on 6
Touching tip
Moving to A5 of Reaction Plate on 6
Aspirating 7.0 uL from A1 of MMX Plate on 7 at 1.5 uL/sec
Moving to A1 of MMX Plate on 7
Delaying for 0 minutes and 2.0 seconds
Touching tip
Moving to A1 of MMX Plate on 7
Aspirating 2.0 uL from A1 of MMX Plate on 7 at 1.5 uL/sec
Dispensing 2.0 uL into A6 of Reaction Plate on 6 at 1.5 uL/sec
Delaying for 0 minutes and 2.0 seconds
Dispensing 7.0 uL into A6 of Reaction Plate on 6 at 1.5 uL/sec
Blowing out at A6 of Reaction Plate on 6
Touching tip
Moving to A6 of Reaction Plate on 6
Aspirating 7.0 uL from A1 of MMX Plate on 7 at 1.5 uL/sec
Moving to A1 of MMX Plate on 7
Delaying for 0 minutes and 2.0 seconds
Touching tip
Moving to A1 of MMX Plate on 7
Aspirating 2.0 uL from A1 of MMX Plate on 7 at 1.5 uL/sec
Dispensing 2.0 uL into A7 of Reaction Plate on 6 at 1.5 uL/sec
Delaying for 0 minutes and 2.0 seconds
Dispensing 7.0 uL into A7 of Reaction Plate on 6 at 1.5 uL/sec
Blowing out at A7 of Reaction Plate on 6
Touching tip
Moving to A7 of Reaction Plate on 6
Aspirating 7.0 uL from A1 of MMX Plate on 7 at 1.5 uL/sec
Moving to A1 of MMX Plate on 7
Delaying for 0 minutes and 2.0 seconds
Touching tip
Moving to A1 of MMX Plate on 7
Aspirating 2.0 uL from A1 of MMX Plate on 7 at 1.5 uL/sec
Dispensing 2.0 uL into A8 of Reaction Plate on 6 at 1.5 uL/sec
Delaying for 0 minutes and 2.0 seconds
Dispensing 7.0 uL into A8 of Reaction Plate on 6 at 1.5 uL/sec
Blowing out at A8 of Reaction Plate on 6
Touching tip
Moving to A8 of Reaction Plate on 6
Aspirating 7.0 uL from A1 of MMX Plate on 7 at 1.5 uL/sec
Moving to A1 of MMX Plate on 7
Delaying for 0 minutes and 2.0 seconds
Touching tip
Moving to A1 of MMX Plate on 7
Aspirating 2.0 uL from A1 of MMX Plate on 7 at 1.5 uL/sec
Dispensing 2.0 uL into A9 of Reaction Plate on 6 at 1.5 uL/sec
Delaying for 0 minutes and 2.0 seconds
Dispensing 7.0 uL into A9 of Reaction Plate on 6 at 1.5 uL/sec
Blowing out at A9 of Reaction Plate on 6
Touching tip
Moving to A9 of Reaction Plate on 6
Aspirating 7.0 uL from A1 of MMX Plate on 7 at 1.5 uL/sec
Moving to A1 of MMX Plate on 7
Delaying for 0 minutes and 2.0 seconds
Touching tip
Moving to A1 of MMX Plate on 7
Aspirating 2.0 uL from A1 of MMX Plate on 7 at 1.5 uL/sec
Dispensing 2.0 uL into A10 of Reaction Plate on 6 at 1.5 uL/sec
Delaying for 0 minutes and 2.0 seconds
Dispensing 7.0 uL into A10 of Reaction Plate on 6 at 1.5 uL/sec
Blowing out at A10 of Reaction Plate on 6
Touching tip
Moving to A10 of Reaction Plate on 6
Aspirating 7.0 uL from A1 of MMX Plate on 7 at 1.5 uL/sec
Moving to A1 of MMX Plate on 7
Delaying for 0 minutes and 2.0 seconds
Touching tip
Moving to A1 of MMX Plate on 7
Aspirating 2.0 uL from A1 of MMX Plate on 7 at 1.5 uL/sec
Dispensing 2.0 uL into A11 of Reaction Plate on 6 at 1.5 uL/sec
Delaying for 0 minutes and 2.0 seconds
Dispensing 7.0 uL into A11 of Reaction Plate on 6 at 1.5 uL/sec
Blowing out at A11 of Reaction Plate on 6
Touching tip
Moving to A11 of Reaction Plate on 6
Aspirating 7.0 uL from A1 of MMX Plate on 7 at 1.5 uL/sec
Moving to A1 of MMX Plate on 7
Delaying for 0 minutes and 2.0 seconds
Touching tip
Moving to A1 of MMX Plate on 7
Aspirating 2.0 uL from A1 of MMX Plate on 7 at 1.5 uL/sec
Dispensing 2.0 uL into A12 of Reaction Plate on 6 at 1.5 uL/sec
Delaying for 0 minutes and 2.0 seconds
Dispensing 7.0 uL into A12 of Reaction Plate on 6 at 1.5 uL/sec
Blowing out at A12 of Reaction Plate on 6
Touching tip
Moving to A12 of Reaction Plate on 6
Returning tip
	Dropping tip into A1 of Opentrons OT-2 96 Filter Tip Rack 20 µL on 8
Picking up tip from A2 of Opentrons OT-2 96 Filter Tip Rack 20 µL on 8
Aspirating 3.0 uL from A1 of Sample Plate on 1 at 7.6 uL/sec
Aspirating 2.0 uL from A1 of Sample Plate on 1 at 7.6 uL/sec
Moving to A1 of Sample Plate on 1
Moving to A1 of Sample Plate on 1
Dispensing 2.0 uL into A1 of Reaction Plate on 4 at 7.6 uL/sec
Dispensing 3.0 uL into A1 of Reaction Plate on 4 at 7.6 uL/sec
Mixing 2 times with a volume of 5.0 ul
	Aspirating 5.0 uL from A1 of Reaction Plate on 4 at 7.6 uL/sec
	Dispensing 5.0 uL into A1 of Reaction Plate on 4 at 7.6 uL/sec
	Aspirating 5.0 uL from A1 of Reaction Plate on 4 at 7.6 uL/sec
	Dispensing 5.0 uL into A1 of Reaction Plate on 4 at 7.6 uL/sec
Blowing out at A1 of Reaction Plate on 4
Touching tip
Returning tip
	Dropping tip into A2 of Opentrons OT-2 96 Filter Tip Rack 20 µL on 8
Picking up tip from A3 of Opentrons OT-2 96 Filter Tip Rack 20 µL on 8
Aspirating 3.0 uL from A2 of Sample Plate on 1 at 7.6 uL/sec
Aspirating 2.0 uL from A2 of Sample Plate on 1 at 7.6 uL/sec
Moving to A2 of Sample Plate on 1
Moving to A2 of Sample Plate on 1
Dispensing 2.0 uL into A2 of Reaction Plate on 4 at 7.6 uL/sec
Dispensing 3.0 uL into A2 of Reaction Plate on 4 at 7.6 uL/sec
Mixing 2 times with a volume of 5.0 ul
	Aspirating 5.0 uL from A2 of Reaction Plate on 4 at 7.6 uL/sec
	Dispensing 5.0 uL into A2 of Reaction Plate on 4 at 7.6 uL/sec
	Aspirating 5.0 uL from A2 of Reaction Plate on 4 at 7.6 uL/sec
	Dispensing 5.0 uL into A2 of Reaction Plate on 4 at 7.6 uL/sec
Blowing out at A2 of Reaction Plate on 4
Touching tip
Returning tip
	Dropping tip into A3 of Opentrons OT-2 96 Filter Tip Rack 20 µL on 8
Picking up tip from A4 of Opentrons OT-2 96 Filter Tip Rack 20 µL on 8
Aspirating 3.0 uL from A3 of Sample Plate on 1 at 7.6 uL/sec
Aspirating 2.0 uL from A3 of Sample Plate on 1 at 7.6 uL/sec
Moving to A3 of Sample Plate on 1
Moving to A3 of Sample Plate on 1
Dispensing 2.0 uL into A3 of Reaction Plate on 4 at 7.6 uL/sec
Dispensing 3.0 uL into A3 of Reaction Plate on 4 at 7.6 uL/sec
Mixing 2 times with a volume of 5.0 ul
	Aspirating 5.0 uL from A3 of Reaction Plate on 4 at 7.6 uL/sec
	Dispensing 5.0 uL into A3 of Reaction Plate on 4 at 7.6 uL/sec
	Aspirating 5.0 uL from A3 of Reaction Plate on 4 at 7.6 uL/sec
	Dispensing 5.0 uL into A3 of Reaction Plate on 4 at 7.6 uL/sec
Blowing out at A3 of Reaction Plate on 4
Touching tip
Returning tip
	Dropping tip into A4 of Opentrons OT-2 96 Filter Tip Rack 20 µL on 8
Picking up tip from A5 of Opentrons OT-2 96 Filter Tip Rack 20 µL on 8
Aspirating 3.0 uL from A4 of Sample Plate on 1 at 7.6 uL/sec
Aspirating 2.0 uL from A4 of Sample Plate on 1 at 7.6 uL/sec
Moving to A4 of Sample Plate on 1
Moving to A4 of Sample Plate on 1
Dispensing 2.0 uL into A4 of Reaction Plate on 4 at 7.6 uL/sec
Dispensing 3.0 uL into A4 of Reaction Plate on 4 at 7.6 uL/sec
Mixing 2 times with a volume of 5.0 ul
	Aspirating 5.0 uL from A4 of Reaction Plate on 4 at 7.6 uL/sec
	Dispensing 5.0 uL into A4 of Reaction Plate on 4 at 7.6 uL/sec
	Aspirating 5.0 uL from A4 of Reaction Plate on 4 at 7.6 uL/sec
	Dispensing 5.0 uL into A4 of Reaction Plate on 4 at 7.6 uL/sec
Blowing out at A4 of Reaction Plate on 4
Touching tip
Returning tip
	Dropping tip into A5 of Opentrons OT-2 96 Filter Tip Rack 20 µL on 8
Picking up tip from A6 of Opentrons OT-2 96 Filter Tip Rack 20 µL on 8
Aspirating 3.0 uL from A5 of Sample Plate on 1 at 7.6 uL/sec
Aspirating 2.0 uL from A5 of Sample Plate on 1 at 7.6 uL/sec
Moving to A5 of Sample Plate on 1
Moving to A5 of Sample Plate on 1
Dispensing 2.0 uL into A5 of Reaction Plate on 4 at 7.6 uL/sec
Dispensing 3.0 uL into A5 of Reaction Plate on 4 at 7.6 uL/sec
Mixing 2 times with a volume of 5.0 ul
	Aspirating 5.0 uL from A5 of Reaction Plate on 4 at 7.6 uL/sec
	Dispensing 5.0 uL into A5 of Reaction Plate on 4 at 7.6 uL/sec
	Aspirating 5.0 uL from A5 of Reaction Plate on 4 at 7.6 uL/sec
	Dispensing 5.0 uL into A5 of Reaction Plate on 4 at 7.6 uL/sec
Blowing out at A5 of Reaction Plate on 4
Touching tip
Returning tip
	Dropping tip into A6 of Opentrons OT-2 96 Filter Tip Rack 20 µL on 8
Picking up tip from A7 of Opentrons OT-2 96 Filter Tip Rack 20 µL on 8
Aspirating 3.0 uL from A6 of Sample Plate on 1 at 7.6 uL/sec
Aspirating 2.0 uL from A6 of Sample Plate on 1 at 7.6 uL/sec
Moving to A6 of Sample Plate on 1
Moving to A6 of Sample Plate on 1
Dispensing 2.0 uL into A6 of Reaction Plate on 4 at 7.6 uL/sec
Dispensing 3.0 uL into A6 of Reaction Plate on 4 at 7.6 uL/sec
Mixing 2 times with a volume of 5.0 ul
	Aspirating 5.0 uL from A6 of Reaction Plate on 4 at 7.6 uL/sec
	Dispensing 5.0 uL into A6 of Reaction Plate on 4 at 7.6 uL/sec
	Aspirating 5.0 uL from A6 of Reaction Plate on 4 at 7.6 uL/sec
	Dispensing 5.0 uL into A6 of Reaction Plate on 4 at 7.6 uL/sec
Blowing out at A6 of Reaction Plate on 4
Touching tip
Returning tip
	Dropping tip into A7 of Opentrons OT-2 96 Filter Tip Rack 20 µL on 8
Picking up tip from A8 of Opentrons OT-2 96 Filter Tip Rack 20 µL on 8
Aspirating 3.0 uL from A7 of Sample Plate on 1 at 7.6 uL/sec
Aspirating 2.0 uL from A7 of Sample Plate on 1 at 7.6 uL/sec
Moving to A7 of Sample Plate on 1
Moving to A7 of Sample Plate on 1
Dispensing 2.0 uL into A7 of Reaction Plate on 4 at 7.6 uL/sec
Dispensing 3.0 uL into A7 of Reaction Plate on 4 at 7.6 uL/sec
Mixing 2 times with a volume of 5.0 ul
	Aspirating 5.0 uL from A7 of Reaction Plate on 4 at 7.6 uL/sec
	Dispensing 5.0 uL into A7 of Reaction Plate on 4 at 7.6 uL/sec
	Aspirating 5.0 uL from A7 of Reaction Plate on 4 at 7.6 uL/sec
	Dispensing 5.0 uL into A7 of Reaction Plate on 4 at 7.6 uL/sec
Blowing out at A7 of Reaction Plate on 4
Touching tip
Returning tip
	Dropping tip into A8 of Opentrons OT-2 96 Filter Tip Rack 20 µL on 8
Picking up tip from A9 of Opentrons OT-2 96 Filter Tip Rack 20 µL on 8
Aspirating 3.0 uL from A8 of Sample Plate on 1 at 7.6 uL/sec
Aspirating 2.0 uL from A8 of Sample Plate on 1 at 7.6 uL/sec
Moving to A8 of Sample Plate on 1
Moving to A8 of Sample Plate on 1
Dispensing 2.0 uL into A8 of Reaction Plate on 4 at 7.6 uL/sec
Dispensing 3.0 uL into A8 of Reaction Plate on 4 at 7.6 uL/sec
Mixing 2 times with a volume of 5.0 ul
	Aspirating 5.0 uL from A8 of Reaction Plate on 4 at 7.6 uL/sec
	Dispensing 5.0 uL into A8 of Reaction Plate on 4 at 7.6 uL/sec
	Aspirating 5.0 uL from A8 of Reaction Plate on 4 at 7.6 uL/sec
	Dispensing 5.0 uL into A8 of Reaction Plate on 4 at 7.6 uL/sec
Blowing out at A8 of Reaction Plate on 4
Touching tip
Returning tip
	Dropping tip into A9 of Opentrons OT-2 96 Filter Tip Rack 20 µL on 8
Picking up tip from A10 of Opentrons OT-2 96 Filter Tip Rack 20 µL on 8
Aspirating 3.0 uL from A9 of Sample Plate on 1 at 7.6 uL/sec
Aspirating 2.0 uL from A9 of Sample Plate on 1 at 7.6 uL/sec
Moving to A9 of Sample Plate on 1
Moving to A9 of Sample Plate on 1
Dispensing 2.0 uL into A9 of Reaction Plate on 4 at 7.6 uL/sec
Dispensing 3.0 uL into A9 of Reaction Plate on 4 at 7.6 uL/sec
Mixing 2 times with a volume of 5.0 ul
	Aspirating 5.0 uL from A9 of Reaction Plate on 4 at 7.6 uL/sec
	Dispensing 5.0 uL into A9 of Reaction Plate on 4 at 7.6 uL/sec
	Aspirating 5.0 uL from A9 of Reaction Plate on 4 at 7.6 uL/sec
	Dispensing 5.0 uL into A9 of Reaction Plate on 4 at 7.6 uL/sec
Blowing out at A9 of Reaction Plate on 4
Touching tip
Returning tip
	Dropping tip into A10 of Opentrons OT-2 96 Filter Tip Rack 20 µL on 8
Picking up tip from A11 of Opentrons OT-2 96 Filter Tip Rack 20 µL on 8
Aspirating 3.0 uL from A10 of Sample Plate on 1 at 7.6 uL/sec
Aspirating 2.0 uL from A10 of Sample Plate on 1 at 7.6 uL/sec
Moving to A10 of Sample Plate on 1
Moving to A10 of Sample Plate on 1
Dispensing 2.0 uL into A10 of Reaction Plate on 4 at 7.6 uL/sec
Dispensing 3.0 uL into A10 of Reaction Plate on 4 at 7.6 uL/sec
Mixing 2 times with a volume of 5.0 ul
	Aspirating 5.0 uL from A10 of Reaction Plate on 4 at 7.6 uL/sec
	Dispensing 5.0 uL into A10 of Reaction Plate on 4 at 7.6 uL/sec
	Aspirating 5.0 uL from A10 of Reaction Plate on 4 at 7.6 uL/sec
	Dispensing 5.0 uL into A10 of Reaction Plate on 4 at 7.6 uL/sec
Blowing out at A10 of Reaction Plate on 4
Touching tip
Returning tip
	Dropping tip into A11 of Opentrons OT-2 96 Filter Tip Rack 20 µL on 8
Picking up tip from A12 of Opentrons OT-2 96 Filter Tip Rack 20 µL on 8
Aspirating 3.0 uL from A11 of Sample Plate on 1 at 7.6 uL/sec
Aspirating 2.0 uL from A11 of Sample Plate on 1 at 7.6 uL/sec
Moving to A11 of Sample Plate on 1
Moving to A11 of Sample Plate on 1
Dispensing 2.0 uL into A11 of Reaction Plate on 4 at 7.6 uL/sec
Dispensing 3.0 uL into A11 of Reaction Plate on 4 at 7.6 uL/sec
Mixing 2 times with a volume of 5.0 ul
	Aspirating 5.0 uL from A11 of Reaction Plate on 4 at 7.6 uL/sec
	Dispensing 5.0 uL into A11 of Reaction Plate on 4 at 7.6 uL/sec
	Aspirating 5.0 uL from A11 of Reaction Plate on 4 at 7.6 uL/sec
	Dispensing 5.0 uL into A11 of Reaction Plate on 4 at 7.6 uL/sec
Blowing out at A11 of Reaction Plate on 4
Touching tip
Returning tip
	Dropping tip into A12 of Opentrons OT-2 96 Filter Tip Rack 20 µL on 8
Picking up tip from A1 of Opentrons OT-2 96 Filter Tip Rack 20 µL on 9
Aspirating 3.0 uL from A12 of Sample Plate on 1 at 7.6 uL/sec
Aspirating 2.0 uL from A12 of Sample Plate on 1 at 7.6 uL/sec
Moving to A12 of Sample Plate on 1
Moving to A12 of Sample Plate on 1
Dispensing 2.0 uL into A12 of Reaction Plate on 4 at 7.6 uL/sec
Dispensing 3.0 uL into A12 of Reaction Plate on 4 at 7.6 uL/sec
Mixing 2 times with a volume of 5.0 ul
	Aspirating 5.0 uL from A12 of Reaction Plate on 4 at 7.6 uL/sec
	Dispensing 5.0 uL into A12 of Reaction Plate on 4 at 7.6 uL/sec
	Aspirating 5.0 uL from A12 of Reaction Plate on 4 at 7.6 uL/sec
	Dispensing 5.0 uL into A12 of Reaction Plate on 4 at 7.6 uL/sec
Blowing out at A12 of Reaction Plate on 4
Touching tip
Returning tip
	Dropping tip into A1 of Opentrons OT-2 96 Filter Tip Rack 20 µL on 9
Picking up tip from A2 of Opentrons OT-2 96 Filter Tip Rack 20 µL on 9
Aspirating 3.0 uL from A1 of Sample Plate on 2 at 7.6 uL/sec
Aspirating 2.0 uL from A1 of Sample Plate on 2 at 7.6 uL/sec
Moving to A1 of Sample Plate on 2
Moving to A1 of Sample Plate on 2
Dispensing 2.0 uL into A1 of Reaction Plate on 5 at 7.6 uL/sec
Dispensing 3.0 uL into A1 of Reaction Plate on 5 at 7.6 uL/sec
Mixing 2 times with a volume of 5.0 ul
	Aspirating 5.0 uL from A1 of Reaction Plate on 5 at 7.6 uL/sec
	Dispensing 5.0 uL into A1 of Reaction Plate on 5 at 7.6 uL/sec
	Aspirating 5.0 uL from A1 of Reaction Plate on 5 at 7.6 uL/sec
	Dispensing 5.0 uL into A1 of Reaction Plate on 5 at 7.6 uL/sec
Blowing out at A1 of Reaction Plate on 5
Touching tip
Returning tip
	Dropping tip into A2 of Opentrons OT-2 96 Filter Tip Rack 20 µL on 9
Picking up tip from A3 of Opentrons OT-2 96 Filter Tip Rack 20 µL on 9
Aspirating 3.0 uL from A2 of Sample Plate on 2 at 7.6 uL/sec
Aspirating 2.0 uL from A2 of Sample Plate on 2 at 7.6 uL/sec
Moving to A2 of Sample Plate on 2
Moving to A2 of Sample Plate on 2
Dispensing 2.0 uL into A2 of Reaction Plate on 5 at 7.6 uL/sec
Dispensing 3.0 uL into A2 of Reaction Plate on 5 at 7.6 uL/sec
Mixing 2 times with a volume of 5.0 ul
	Aspirating 5.0 uL from A2 of Reaction Plate on 5 at 7.6 uL/sec
	Dispensing 5.0 uL into A2 of Reaction Plate on 5 at 7.6 uL/sec
	Aspirating 5.0 uL from A2 of Reaction Plate on 5 at 7.6 uL/sec
	Dispensing 5.0 uL into A2 of Reaction Plate on 5 at 7.6 uL/sec
Blowing out at A2 of Reaction Plate on 5
Touching tip
Returning tip
	Dropping tip into A3 of Opentrons OT-2 96 Filter Tip Rack 20 µL on 9
Picking up tip from A4 of Opentrons OT-2 96 Filter Tip Rack 20 µL on 9
Aspirating 3.0 uL from A3 of Sample Plate on 2 at 7.6 uL/sec
Aspirating 2.0 uL from A3 of Sample Plate on 2 at 7.6 uL/sec
Moving to A3 of Sample Plate on 2
Moving to A3 of Sample Plate on 2
Dispensing 2.0 uL into A3 of Reaction Plate on 5 at 7.6 uL/sec
Dispensing 3.0 uL into A3 of Reaction Plate on 5 at 7.6 uL/sec
Mixing 2 times with a volume of 5.0 ul
	Aspirating 5.0 uL from A3 of Reaction Plate on 5 at 7.6 uL/sec
	Dispensing 5.0 uL into A3 of Reaction Plate on 5 at 7.6 uL/sec
	Aspirating 5.0 uL from A3 of Reaction Plate on 5 at 7.6 uL/sec
	Dispensing 5.0 uL into A3 of Reaction Plate on 5 at 7.6 uL/sec
Blowing out at A3 of Reaction Plate on 5
Touching tip
Returning tip
	Dropping tip into A4 of Opentrons OT-2 96 Filter Tip Rack 20 µL on 9
Picking up tip from A5 of Opentrons OT-2 96 Filter Tip Rack 20 µL on 9
Aspirating 3.0 uL from A4 of Sample Plate on 2 at 7.6 uL/sec
Aspirating 2.0 uL from A4 of Sample Plate on 2 at 7.6 uL/sec
Moving to A4 of Sample Plate on 2
Moving to A4 of Sample Plate on 2
Dispensing 2.0 uL into A4 of Reaction Plate on 5 at 7.6 uL/sec
Dispensing 3.0 uL into A4 of Reaction Plate on 5 at 7.6 uL/sec
Mixing 2 times with a volume of 5.0 ul
	Aspirating 5.0 uL from A4 of Reaction Plate on 5 at 7.6 uL/sec
	Dispensing 5.0 uL into A4 of Reaction Plate on 5 at 7.6 uL/sec
	Aspirating 5.0 uL from A4 of Reaction Plate on 5 at 7.6 uL/sec
	Dispensing 5.0 uL into A4 of Reaction Plate on 5 at 7.6 uL/sec
Blowing out at A4 of Reaction Plate on 5
Touching tip
Returning tip
	Dropping tip into A5 of Opentrons OT-2 96 Filter Tip Rack 20 µL on 9
Picking up tip from A6 of Opentrons OT-2 96 Filter Tip Rack 20 µL on 9
Aspirating 3.0 uL from A5 of Sample Plate on 2 at 7.6 uL/sec
Aspirating 2.0 uL from A5 of Sample Plate on 2 at 7.6 uL/sec
Moving to A5 of Sample Plate on 2
Moving to A5 of Sample Plate on 2
Dispensing 2.0 uL into A5 of Reaction Plate on 5 at 7.6 uL/sec
Dispensing 3.0 uL into A5 of Reaction Plate on 5 at 7.6 uL/sec
Mixing 2 times with a volume of 5.0 ul
	Aspirating 5.0 uL from A5 of Reaction Plate on 5 at 7.6 uL/sec
	Dispensing 5.0 uL into A5 of Reaction Plate on 5 at 7.6 uL/sec
	Aspirating 5.0 uL from A5 of Reaction Plate on 5 at 7.6 uL/sec
	Dispensing 5.0 uL into A5 of Reaction Plate on 5 at 7.6 uL/sec
Blowing out at A5 of Reaction Plate on 5
Touching tip
Returning tip
	Dropping tip into A6 of Opentrons OT-2 96 Filter Tip Rack 20 µL on 9
Picking up tip from A7 of Opentrons OT-2 96 Filter Tip Rack 20 µL on 9
Aspirating 3.0 uL from A6 of Sample Plate on 2 at 7.6 uL/sec
Aspirating 2.0 uL from A6 of Sample Plate on 2 at 7.6 uL/sec
Moving to A6 of Sample Plate on 2
Moving to A6 of Sample Plate on 2
Dispensing 2.0 uL into A6 of Reaction Plate on 5 at 7.6 uL/sec
Dispensing 3.0 uL into A6 of Reaction Plate on 5 at 7.6 uL/sec
Mixing 2 times with a volume of 5.0 ul
	Aspirating 5.0 uL from A6 of Reaction Plate on 5 at 7.6 uL/sec
	Dispensing 5.0 uL into A6 of Reaction Plate on 5 at 7.6 uL/sec
	Aspirating 5.0 uL from A6 of Reaction Plate on 5 at 7.6 uL/sec
	Dispensing 5.0 uL into A6 of Reaction Plate on 5 at 7.6 uL/sec
Blowing out at A6 of Reaction Plate on 5
Touching tip
Returning tip
	Dropping tip into A7 of Opentrons OT-2 96 Filter Tip Rack 20 µL on 9
Picking up tip from A8 of Opentrons OT-2 96 Filter Tip Rack 20 µL on 9
Aspirating 3.0 uL from A7 of Sample Plate on 2 at 7.6 uL/sec
Aspirating 2.0 uL from A7 of Sample Plate on 2 at 7.6 uL/sec
Moving to A7 of Sample Plate on 2
Moving to A7 of Sample Plate on 2
Dispensing 2.0 uL into A7 of Reaction Plate on 5 at 7.6 uL/sec
Dispensing 3.0 uL into A7 of Reaction Plate on 5 at 7.6 uL/sec
Mixing 2 times with a volume of 5.0 ul
	Aspirating 5.0 uL from A7 of Reaction Plate on 5 at 7.6 uL/sec
	Dispensing 5.0 uL into A7 of Reaction Plate on 5 at 7.6 uL/sec
	Aspirating 5.0 uL from A7 of Reaction Plate on 5 at 7.6 uL/sec
	Dispensing 5.0 uL into A7 of Reaction Plate on 5 at 7.6 uL/sec
Blowing out at A7 of Reaction Plate on 5
Touching tip
Returning tip
	Dropping tip into A8 of Opentrons OT-2 96 Filter Tip Rack 20 µL on 9
Picking up tip from A9 of Opentrons OT-2 96 Filter Tip Rack 20 µL on 9
Aspirating 3.0 uL from A8 of Sample Plate on 2 at 7.6 uL/sec
Aspirating 2.0 uL from A8 of Sample Plate on 2 at 7.6 uL/sec
Moving to A8 of Sample Plate on 2
Moving to A8 of Sample Plate on 2
Dispensing 2.0 uL into A8 of Reaction Plate on 5 at 7.6 uL/sec
Dispensing 3.0 uL into A8 of Reaction Plate on 5 at 7.6 uL/sec
Mixing 2 times with a volume of 5.0 ul
	Aspirating 5.0 uL from A8 of Reaction Plate on 5 at 7.6 uL/sec
	Dispensing 5.0 uL into A8 of Reaction Plate on 5 at 7.6 uL/sec
	Aspirating 5.0 uL from A8 of Reaction Plate on 5 at 7.6 uL/sec
	Dispensing 5.0 uL into A8 of Reaction Plate on 5 at 7.6 uL/sec
Blowing out at A8 of Reaction Plate on 5
Touching tip
Returning tip
	Dropping tip into A9 of Opentrons OT-2 96 Filter Tip Rack 20 µL on 9
Picking up tip from A10 of Opentrons OT-2 96 Filter Tip Rack 20 µL on 9
Aspirating 3.0 uL from A9 of Sample Plate on 2 at 7.6 uL/sec
Aspirating 2.0 uL from A9 of Sample Plate on 2 at 7.6 uL/sec
Moving to A9 of Sample Plate on 2
Moving to A9 of Sample Plate on 2
Dispensing 2.0 uL into A9 of Reaction Plate on 5 at 7.6 uL/sec
Dispensing 3.0 uL into A9 of Reaction Plate on 5 at 7.6 uL/sec
Mixing 2 times with a volume of 5.0 ul
	Aspirating 5.0 uL from A9 of Reaction Plate on 5 at 7.6 uL/sec
	Dispensing 5.0 uL into A9 of Reaction Plate on 5 at 7.6 uL/sec
	Aspirating 5.0 uL from A9 of Reaction Plate on 5 at 7.6 uL/sec
	Dispensing 5.0 uL into A9 of Reaction Plate on 5 at 7.6 uL/sec
Blowing out at A9 of Reaction Plate on 5
Touching tip
Returning tip
	Dropping tip into A10 of Opentrons OT-2 96 Filter Tip Rack 20 µL on 9
Picking up tip from A11 of Opentrons OT-2 96 Filter Tip Rack 20 µL on 9
Aspirating 3.0 uL from A10 of Sample Plate on 2 at 7.6 uL/sec
Aspirating 2.0 uL from A10 of Sample Plate on 2 at 7.6 uL/sec
Moving to A10 of Sample Plate on 2
Moving to A10 of Sample Plate on 2
Dispensing 2.0 uL into A10 of Reaction Plate on 5 at 7.6 uL/sec
Dispensing 3.0 uL into A10 of Reaction Plate on 5 at 7.6 uL/sec
Mixing 2 times with a volume of 5.0 ul
	Aspirating 5.0 uL from A10 of Reaction Plate on 5 at 7.6 uL/sec
	Dispensing 5.0 uL into A10 of Reaction Plate on 5 at 7.6 uL/sec
	Aspirating 5.0 uL from A10 of Reaction Plate on 5 at 7.6 uL/sec
	Dispensing 5.0 uL into A10 of Reaction Plate on 5 at 7.6 uL/sec
Blowing out at A10 of Reaction Plate on 5
Touching tip
Returning tip
	Dropping tip into A11 of Opentrons OT-2 96 Filter Tip Rack 20 µL on 9
Picking up tip from A12 of Opentrons OT-2 96 Filter Tip Rack 20 µL on 9
Aspirating 3.0 uL from A11 of Sample Plate on 2 at 7.6 uL/sec
Aspirating 2.0 uL from A11 of Sample Plate on 2 at 7.6 uL/sec
Moving to A11 of Sample Plate on 2
Moving to A11 of Sample Plate on 2
Dispensing 2.0 uL into A11 of Reaction Plate on 5 at 7.6 uL/sec
Dispensing 3.0 uL into A11 of Reaction Plate on 5 at 7.6 uL/sec
Mixing 2 times with a volume of 5.0 ul
	Aspirating 5.0 uL from A11 of Reaction Plate on 5 at 7.6 uL/sec
	Dispensing 5.0 uL into A11 of Reaction Plate on 5 at 7.6 uL/sec
	Aspirating 5.0 uL from A11 of Reaction Plate on 5 at 7.6 uL/sec
	Dispensing 5.0 uL into A11 of Reaction Plate on 5 at 7.6 uL/sec
Blowing out at A11 of Reaction Plate on 5
Touching tip
Returning tip
	Dropping tip into A12 of Opentrons OT-2 96 Filter Tip Rack 20 µL on 9
Picking up tip from A1 of Opentrons OT-2 96 Filter Tip Rack 20 µL on 10
Aspirating 3.0 uL from A12 of Sample Plate on 2 at 7.6 uL/sec
Aspirating 2.0 uL from A12 of Sample Plate on 2 at 7.6 uL/sec
Moving to A12 of Sample Plate on 2
Moving to A12 of Sample Plate on 2
Dispensing 2.0 uL into A12 of Reaction Plate on 5 at 7.6 uL/sec
Dispensing 3.0 uL into A12 of Reaction Plate on 5 at 7.6 uL/sec
Mixing 2 times with a volume of 5.0 ul
	Aspirating 5.0 uL from A12 of Reaction Plate on 5 at 7.6 uL/sec
	Dispensing 5.0 uL into A12 of Reaction Plate on 5 at 7.6 uL/sec
	Aspirating 5.0 uL from A12 of Reaction Plate on 5 at 7.6 uL/sec
	Dispensing 5.0 uL into A12 of Reaction Plate on 5 at 7.6 uL/sec
Blowing out at A12 of Reaction Plate on 5
Touching tip
Returning tip
	Dropping tip into A1 of Opentrons OT-2 96 Filter Tip Rack 20 µL on 10
Picking up tip from A2 of Opentrons OT-2 96 Filter Tip Rack 20 µL on 10
Aspirating 3.0 uL from A1 of Sample Plate on 3 at 7.6 uL/sec
Aspirating 2.0 uL from A1 of Sample Plate on 3 at 7.6 uL/sec
Moving to A1 of Sample Plate on 3
Moving to A1 of Sample Plate on 3
Dispensing 2.0 uL into A1 of Reaction Plate on 6 at 7.6 uL/sec
Dispensing 3.0 uL into A1 of Reaction Plate on 6 at 7.6 uL/sec
Mixing 2 times with a volume of 5.0 ul
	Aspirating 5.0 uL from A1 of Reaction Plate on 6 at 7.6 uL/sec
	Dispensing 5.0 uL into A1 of Reaction Plate on 6 at 7.6 uL/sec
	Aspirating 5.0 uL from A1 of Reaction Plate on 6 at 7.6 uL/sec
	Dispensing 5.0 uL into A1 of Reaction Plate on 6 at 7.6 uL/sec
Blowing out at A1 of Reaction Plate on 6
Touching tip
Returning tip
	Dropping tip into A2 of Opentrons OT-2 96 Filter Tip Rack 20 µL on 10
Picking up tip from A3 of Opentrons OT-2 96 Filter Tip Rack 20 µL on 10
Aspirating 3.0 uL from A2 of Sample Plate on 3 at 7.6 uL/sec
Aspirating 2.0 uL from A2 of Sample Plate on 3 at 7.6 uL/sec
Moving to A2 of Sample Plate on 3
Moving to A2 of Sample Plate on 3
Dispensing 2.0 uL into A2 of Reaction Plate on 6 at 7.6 uL/sec
Dispensing 3.0 uL into A2 of Reaction Plate on 6 at 7.6 uL/sec
Mixing 2 times with a volume of 5.0 ul
	Aspirating 5.0 uL from A2 of Reaction Plate on 6 at 7.6 uL/sec
	Dispensing 5.0 uL into A2 of Reaction Plate on 6 at 7.6 uL/sec
	Aspirating 5.0 uL from A2 of Reaction Plate on 6 at 7.6 uL/sec
	Dispensing 5.0 uL into A2 of Reaction Plate on 6 at 7.6 uL/sec
Blowing out at A2 of Reaction Plate on 6
Touching tip
Returning tip
	Dropping tip into A3 of Opentrons OT-2 96 Filter Tip Rack 20 µL on 10
Picking up tip from A4 of Opentrons OT-2 96 Filter Tip Rack 20 µL on 10
Aspirating 3.0 uL from A3 of Sample Plate on 3 at 7.6 uL/sec
Aspirating 2.0 uL from A3 of Sample Plate on 3 at 7.6 uL/sec
Moving to A3 of Sample Plate on 3
Moving to A3 of Sample Plate on 3
Dispensing 2.0 uL into A3 of Reaction Plate on 6 at 7.6 uL/sec
Dispensing 3.0 uL into A3 of Reaction Plate on 6 at 7.6 uL/sec
Mixing 2 times with a volume of 5.0 ul
	Aspirating 5.0 uL from A3 of Reaction Plate on 6 at 7.6 uL/sec
	Dispensing 5.0 uL into A3 of Reaction Plate on 6 at 7.6 uL/sec
	Aspirating 5.0 uL from A3 of Reaction Plate on 6 at 7.6 uL/sec
	Dispensing 5.0 uL into A3 of Reaction Plate on 6 at 7.6 uL/sec
Blowing out at A3 of Reaction Plate on 6
Touching tip
Returning tip
	Dropping tip into A4 of Opentrons OT-2 96 Filter Tip Rack 20 µL on 10
Picking up tip from A5 of Opentrons OT-2 96 Filter Tip Rack 20 µL on 10
Aspirating 3.0 uL from A4 of Sample Plate on 3 at 7.6 uL/sec
Aspirating 2.0 uL from A4 of Sample Plate on 3 at 7.6 uL/sec
Moving to A4 of Sample Plate on 3
Moving to A4 of Sample Plate on 3
Dispensing 2.0 uL into A4 of Reaction Plate on 6 at 7.6 uL/sec
Dispensing 3.0 uL into A4 of Reaction Plate on 6 at 7.6 uL/sec
Mixing 2 times with a volume of 5.0 ul
	Aspirating 5.0 uL from A4 of Reaction Plate on 6 at 7.6 uL/sec
	Dispensing 5.0 uL into A4 of Reaction Plate on 6 at 7.6 uL/sec
	Aspirating 5.0 uL from A4 of Reaction Plate on 6 at 7.6 uL/sec
	Dispensing 5.0 uL into A4 of Reaction Plate on 6 at 7.6 uL/sec
Blowing out at A4 of Reaction Plate on 6
Touching tip
Returning tip
	Dropping tip into A5 of Opentrons OT-2 96 Filter Tip Rack 20 µL on 10
Picking up tip from A6 of Opentrons OT-2 96 Filter Tip Rack 20 µL on 10
Aspirating 3.0 uL from A5 of Sample Plate on 3 at 7.6 uL/sec
Aspirating 2.0 uL from A5 of Sample Plate on 3 at 7.6 uL/sec
Moving to A5 of Sample Plate on 3
Moving to A5 of Sample Plate on 3
Dispensing 2.0 uL into A5 of Reaction Plate on 6 at 7.6 uL/sec
Dispensing 3.0 uL into A5 of Reaction Plate on 6 at 7.6 uL/sec
Mixing 2 times with a volume of 5.0 ul
	Aspirating 5.0 uL from A5 of Reaction Plate on 6 at 7.6 uL/sec
	Dispensing 5.0 uL into A5 of Reaction Plate on 6 at 7.6 uL/sec
	Aspirating 5.0 uL from A5 of Reaction Plate on 6 at 7.6 uL/sec
	Dispensing 5.0 uL into A5 of Reaction Plate on 6 at 7.6 uL/sec
Blowing out at A5 of Reaction Plate on 6
Touching tip
Returning tip
	Dropping tip into A6 of Opentrons OT-2 96 Filter Tip Rack 20 µL on 10
Picking up tip from A7 of Opentrons OT-2 96 Filter Tip Rack 20 µL on 10
Aspirating 3.0 uL from A6 of Sample Plate on 3 at 7.6 uL/sec
Aspirating 2.0 uL from A6 of Sample Plate on 3 at 7.6 uL/sec
Moving to A6 of Sample Plate on 3
Moving to A6 of Sample Plate on 3
Dispensing 2.0 uL into A6 of Reaction Plate on 6 at 7.6 uL/sec
Dispensing 3.0 uL into A6 of Reaction Plate on 6 at 7.6 uL/sec
Mixing 2 times with a volume of 5.0 ul
	Aspirating 5.0 uL from A6 of Reaction Plate on 6 at 7.6 uL/sec
	Dispensing 5.0 uL into A6 of Reaction Plate on 6 at 7.6 uL/sec
	Aspirating 5.0 uL from A6 of Reaction Plate on 6 at 7.6 uL/sec
	Dispensing 5.0 uL into A6 of Reaction Plate on 6 at 7.6 uL/sec
Blowing out at A6 of Reaction Plate on 6
Touching tip
Returning tip
	Dropping tip into A7 of Opentrons OT-2 96 Filter Tip Rack 20 µL on 10
Picking up tip from A8 of Opentrons OT-2 96 Filter Tip Rack 20 µL on 10
Aspirating 3.0 uL from A7 of Sample Plate on 3 at 7.6 uL/sec
Aspirating 2.0 uL from A7 of Sample Plate on 3 at 7.6 uL/sec
Moving to A7 of Sample Plate on 3
Moving to A7 of Sample Plate on 3
Dispensing 2.0 uL into A7 of Reaction Plate on 6 at 7.6 uL/sec
Dispensing 3.0 uL into A7 of Reaction Plate on 6 at 7.6 uL/sec
Mixing 2 times with a volume of 5.0 ul
	Aspirating 5.0 uL from A7 of Reaction Plate on 6 at 7.6 uL/sec
	Dispensing 5.0 uL into A7 of Reaction Plate on 6 at 7.6 uL/sec
	Aspirating 5.0 uL from A7 of Reaction Plate on 6 at 7.6 uL/sec
	Dispensing 5.0 uL into A7 of Reaction Plate on 6 at 7.6 uL/sec
Blowing out at A7 of Reaction Plate on 6
Touching tip
Returning tip
	Dropping tip into A8 of Opentrons OT-2 96 Filter Tip Rack 20 µL on 10
Picking up tip from A9 of Opentrons OT-2 96 Filter Tip Rack 20 µL on 10
Aspirating 3.0 uL from A8 of Sample Plate on 3 at 7.6 uL/sec
Aspirating 2.0 uL from A8 of Sample Plate on 3 at 7.6 uL/sec
Moving to A8 of Sample Plate on 3
Moving to A8 of Sample Plate on 3
Dispensing 2.0 uL into A8 of Reaction Plate on 6 at 7.6 uL/sec
Dispensing 3.0 uL into A8 of Reaction Plate on 6 at 7.6 uL/sec
Mixing 2 times with a volume of 5.0 ul
	Aspirating 5.0 uL from A8 of Reaction Plate on 6 at 7.6 uL/sec
	Dispensing 5.0 uL into A8 of Reaction Plate on 6 at 7.6 uL/sec
	Aspirating 5.0 uL from A8 of Reaction Plate on 6 at 7.6 uL/sec
	Dispensing 5.0 uL into A8 of Reaction Plate on 6 at 7.6 uL/sec
Blowing out at A8 of Reaction Plate on 6
Touching tip
Returning tip
	Dropping tip into A9 of Opentrons OT-2 96 Filter Tip Rack 20 µL on 10
Picking up tip from A10 of Opentrons OT-2 96 Filter Tip Rack 20 µL on 10
Aspirating 3.0 uL from A9 of Sample Plate on 3 at 7.6 uL/sec
Aspirating 2.0 uL from A9 of Sample Plate on 3 at 7.6 uL/sec
Moving to A9 of Sample Plate on 3
Moving to A9 of Sample Plate on 3
Dispensing 2.0 uL into A9 of Reaction Plate on 6 at 7.6 uL/sec
Dispensing 3.0 uL into A9 of Reaction Plate on 6 at 7.6 uL/sec
Mixing 2 times with a volume of 5.0 ul
	Aspirating 5.0 uL from A9 of Reaction Plate on 6 at 7.6 uL/sec
	Dispensing 5.0 uL into A9 of Reaction Plate on 6 at 7.6 uL/sec
	Aspirating 5.0 uL from A9 of Reaction Plate on 6 at 7.6 uL/sec
	Dispensing 5.0 uL into A9 of Reaction Plate on 6 at 7.6 uL/sec
Blowing out at A9 of Reaction Plate on 6
Touching tip
Returning tip
	Dropping tip into A10 of Opentrons OT-2 96 Filter Tip Rack 20 µL on 10
Picking up tip from A11 of Opentrons OT-2 96 Filter Tip Rack 20 µL on 10
Aspirating 3.0 uL from A10 of Sample Plate on 3 at 7.6 uL/sec
Aspirating 2.0 uL from A10 of Sample Plate on 3 at 7.6 uL/sec
Moving to A10 of Sample Plate on 3
Moving to A10 of Sample Plate on 3
Dispensing 2.0 uL into A10 of Reaction Plate on 6 at 7.6 uL/sec
Dispensing 3.0 uL into A10 of Reaction Plate on 6 at 7.6 uL/sec
Mixing 2 times with a volume of 5.0 ul
	Aspirating 5.0 uL from A10 of Reaction Plate on 6 at 7.6 uL/sec
	Dispensing 5.0 uL into A10 of Reaction Plate on 6 at 7.6 uL/sec
	Aspirating 5.0 uL from A10 of Reaction Plate on 6 at 7.6 uL/sec
	Dispensing 5.0 uL into A10 of Reaction Plate on 6 at 7.6 uL/sec
Blowing out at A10 of Reaction Plate on 6
Touching tip
Returning tip
	Dropping tip into A11 of Opentrons OT-2 96 Filter Tip Rack 20 µL on 10
Picking up tip from A12 of Opentrons OT-2 96 Filter Tip Rack 20 µL on 10
Aspirating 3.0 uL from A11 of Sample Plate on 3 at 7.6 uL/sec
Aspirating 2.0 uL from A11 of Sample Plate on 3 at 7.6 uL/sec
Moving to A11 of Sample Plate on 3
Moving to A11 of Sample Plate on 3
Dispensing 2.0 uL into A11 of Reaction Plate on 6 at 7.6 uL/sec
Dispensing 3.0 uL into A11 of Reaction Plate on 6 at 7.6 uL/sec
Mixing 2 times with a volume of 5.0 ul
	Aspirating 5.0 uL from A11 of Reaction Plate on 6 at 7.6 uL/sec
	Dispensing 5.0 uL into A11 of Reaction Plate on 6 at 7.6 uL/sec
	Aspirating 5.0 uL from A11 of Reaction Plate on 6 at 7.6 uL/sec
	Dispensing 5.0 uL into A11 of Reaction Plate on 6 at 7.6 uL/sec
Blowing out at A11 of Reaction Plate on 6
Touching tip
Returning tip
	Dropping tip into A12 of Opentrons OT-2 96 Filter Tip Rack 20 µL on 10
Picking up tip from A1 of Opentrons OT-2 96 Filter Tip Rack 20 µL on 11
Aspirating 3.0 uL from A12 of Sample Plate on 3 at 7.6 uL/sec
Aspirating 2.0 uL from A12 of Sample Plate on 3 at 7.6 uL/sec
Moving to A12 of Sample Plate on 3
Moving to A12 of Sample Plate on 3
Dispensing 2.0 uL into A12 of Reaction Plate on 6 at 7.6 uL/sec
Dispensing 3.0 uL into A12 of Reaction Plate on 6 at 7.6 uL/sec
Mixing 2 times with a volume of 5.0 ul
	Aspirating 5.0 uL from A12 of Reaction Plate on 6 at 7.6 uL/sec
	Dispensing 5.0 uL into A12 of Reaction Plate on 6 at 7.6 uL/sec
	Aspirating 5.0 uL from A12 of Reaction Plate on 6 at 7.6 uL/sec
	Dispensing 5.0 uL into A12 of Reaction Plate on 6 at 7.6 uL/sec
Blowing out at A12 of Reaction Plate on 6
Touching tip
Returning tip
	Dropping tip into A1 of Opentrons OT-2 96 Filter Tip Rack 20 µL on 11
Pausing robot operation: Protocol method complete. Please remove reaction plates
                   from deck and proceed with PCR and centrifuge steps.
                   Return reaction plates back to deck and continue to
                   Part 2 - Pre-ligation.
Caught exception: {'message': 'Task was destroyed but it is pending!', 'task': <Task pending name='Task-4' coro=<Poller._poll_forever() running at /Users/dp/Desktop/project/github/opentrons/venv/lib/python3.10/site-packages/opentrons/hardware_control/poller.py:80> wait_for=<Future pending cb=[Task.task_wakeup()]>>}
Caught exception: {'message': 'Task was destroyed but it is pending!', 'task': <Task pending name='Task-3' coro=<Poller._poll_forever() running at /Users/dp/Desktop/project/github/opentrons/venv/lib/python3.10/site-packages/opentrons/hardware_control/poller.py:80> wait_for=<Future pending cb=[Task.task_wakeup()]>>}
Caught exception: {'message': 'Task was destroyed but it is pending!', 'task': <Task pending name='Task-2' coro=<Poller._poll_forever() running at /Users/dp/Desktop/project/github/opentrons/venv/lib/python3.10/site-packages/opentrons/hardware_control/poller.py:80> wait_for=<Future pending cb=[Task.task_wakeup()]>>}
