/Users/dp/Desktop/project/github/opentrons/venv/lib/python3.10/site-packages/opentrons/hardware_control/simulator_setup.py:205: UserWarning: Simulator configuration does not name a machine, defaulting to OT-2 Standard
  warn(
/Users/dp/.opentrons/robot_settings.json not found. Loading defaults
Deck calibration not found.
/Users/dp/.opentrons/deck_calibration.json not found. Loading defaults
This protocol is for 384 samples.         Please prepare reagents accordingly
Picking up tip from A1 of Opentrons OT-2 96 Filter Tip Rack 20 µL on 7
Aspirating 5.0 uL from A1 of Reaction Plate on 5 at 7.6 uL/sec
Moving to A1 of Reaction Plate on 5
Moving to A1 of Reaction Plate on 5
Air gap
	Aspirating 2.0 uL from A1 of Reaction Plate on 5 at 7.6 uL/sec
Dispensing 2.0 uL into A1 of Pool Plate on 1 at 7.6 uL/sec
Dispensing 5.0 uL into A1 of Pool Plate on 1 at 7.6 uL/sec
Blowing out at A1 of Pool Plate on 1
Moving to A1 of Pool Plate on 1
Moving to A1 of Pool Plate on 1
Returning tip
	Dropping tip into A1 of Opentrons OT-2 96 Filter Tip Rack 20 µL on 7


Picking up tip from A2 of Opentrons OT-2 96 Filter Tip Rack 20 µL on 7
Aspirating 5.0 uL from A3 of Reaction Plate on 5 at 7.6 uL/sec
Moving to A3 of Reaction Plate on 5
Moving to A3 of Reaction Plate on 5
Air gap
	Aspirating 2.0 uL from A3 of Reaction Plate on 5 at 7.6 uL/sec
Dispensing 2.0 uL into A1 of Pool Plate on 1 at 7.6 uL/sec
Dispensing 5.0 uL into A1 of Pool Plate on 1 at 7.6 uL/sec
Blowing out at A1 of Pool Plate on 1
Moving to A1 of Pool Plate on 1
Moving to A1 of Pool Plate on 1
Returning tip
	Dropping tip into A2 of Opentrons OT-2 96 Filter Tip Rack 20 µL on 7


Picking up tip from A3 of Opentrons OT-2 96 Filter Tip Rack 20 µL on 7
Aspirating 5.0 uL from A5 of Reaction Plate on 5 at 7.6 uL/sec
Moving to A5 of Reaction Plate on 5
Moving to A5 of Reaction Plate on 5
Air gap
	Aspirating 2.0 uL from A5 of Reaction Plate on 5 at 7.6 uL/sec
Dispensing 2.0 uL into A1 of Pool Plate on 1 at 7.6 uL/sec
Dispensing 5.0 uL into A1 of Pool Plate on 1 at 7.6 uL/sec
Blowing out at A1 of Pool Plate on 1
Moving to A1 of Pool Plate on 1
Moving to A1 of Pool Plate on 1
Returning tip
	Dropping tip into A3 of Opentrons OT-2 96 Filter Tip Rack 20 µL on 7


Picking up tip from A4 of Opentrons OT-2 96 Filter Tip Rack 20 µL on 7
Aspirating 5.0 uL from A7 of Reaction Plate on 5 at 7.6 uL/sec
Moving to A7 of Reaction Plate on 5
Moving to A7 of Reaction Plate on 5
Air gap
	Aspirating 2.0 uL from A7 of Reaction Plate on 5 at 7.6 uL/sec
Dispensing 2.0 uL into A1 of Pool Plate on 1 at 7.6 uL/sec
Dispensing 5.0 uL into A1 of Pool Plate on 1 at 7.6 uL/sec
Blowing out at A1 of Pool Plate on 1
Moving to A1 of Pool Plate on 1
Moving to A1 of Pool Plate on 1
Returning tip
	Dropping tip into A4 of Opentrons OT-2 96 Filter Tip Rack 20 µL on 7


Picking up tip from A5 of Opentrons OT-2 96 Filter Tip Rack 20 µL on 7
Aspirating 5.0 uL from A9 of Reaction Plate on 5 at 7.6 uL/sec
Moving to A9 of Reaction Plate on 5
Moving to A9 of Reaction Plate on 5
Air gap
	Aspirating 2.0 uL from A9 of Reaction Plate on 5 at 7.6 uL/sec
Dispensing 2.0 uL into A1 of Pool Plate on 1 at 7.6 uL/sec
Dispensing 5.0 uL into A1 of Pool Plate on 1 at 7.6 uL/sec
Blowing out at A1 of Pool Plate on 1
Moving to A1 of Pool Plate on 1
Moving to A1 of Pool Plate on 1
Returning tip
	Dropping tip into A5 of Opentrons OT-2 96 Filter Tip Rack 20 µL on 7


Picking up tip from A6 of Opentrons OT-2 96 Filter Tip Rack 20 µL on 7
Aspirating 5.0 uL from A11 of Reaction Plate on 5 at 7.6 uL/sec
Moving to A11 of Reaction Plate on 5
Moving to A11 of Reaction Plate on 5
Air gap
	Aspirating 2.0 uL from A11 of Reaction Plate on 5 at 7.6 uL/sec
Dispensing 2.0 uL into A1 of Pool Plate on 1 at 7.6 uL/sec
Dispensing 5.0 uL into A1 of Pool Plate on 1 at 7.6 uL/sec
Blowing out at A1 of Pool Plate on 1
Moving to A1 of Pool Plate on 1
Moving to A1 of Pool Plate on 1
Returning tip
	Dropping tip into A6 of Opentrons OT-2 96 Filter Tip Rack 20 µL on 7


Picking up tip from A7 of Opentrons OT-2 96 Filter Tip Rack 20 µL on 7
Aspirating 5.0 uL from A13 of Reaction Plate on 5 at 7.6 uL/sec
Moving to A13 of Reaction Plate on 5
Moving to A13 of Reaction Plate on 5
Air gap
	Aspirating 2.0 uL from A13 of Reaction Plate on 5 at 7.6 uL/sec
Dispensing 2.0 uL into A1 of Pool Plate on 1 at 7.6 uL/sec
Dispensing 5.0 uL into A1 of Pool Plate on 1 at 7.6 uL/sec
Blowing out at A1 of Pool Plate on 1
Moving to A1 of Pool Plate on 1
Moving to A1 of Pool Plate on 1
Returning tip
	Dropping tip into A7 of Opentrons OT-2 96 Filter Tip Rack 20 µL on 7


Picking up tip from A8 of Opentrons OT-2 96 Filter Tip Rack 20 µL on 7
Aspirating 5.0 uL from A15 of Reaction Plate on 5 at 7.6 uL/sec
Moving to A15 of Reaction Plate on 5
Moving to A15 of Reaction Plate on 5
Air gap
	Aspirating 2.0 uL from A15 of Reaction Plate on 5 at 7.6 uL/sec
Dispensing 2.0 uL into A1 of Pool Plate on 1 at 7.6 uL/sec
Dispensing 5.0 uL into A1 of Pool Plate on 1 at 7.6 uL/sec
Blowing out at A1 of Pool Plate on 1
Moving to A1 of Pool Plate on 1
Moving to A1 of Pool Plate on 1
Returning tip
	Dropping tip into A8 of Opentrons OT-2 96 Filter Tip Rack 20 µL on 7


Picking up tip from A9 of Opentrons OT-2 96 Filter Tip Rack 20 µL on 7
Aspirating 5.0 uL from A17 of Reaction Plate on 5 at 7.6 uL/sec
Moving to A17 of Reaction Plate on 5
Moving to A17 of Reaction Plate on 5
Air gap
	Aspirating 2.0 uL from A17 of Reaction Plate on 5 at 7.6 uL/sec
Dispensing 2.0 uL into A1 of Pool Plate on 1 at 7.6 uL/sec
Dispensing 5.0 uL into A1 of Pool Plate on 1 at 7.6 uL/sec
Blowing out at A1 of Pool Plate on 1
Moving to A1 of Pool Plate on 1
Moving to A1 of Pool Plate on 1
Returning tip
	Dropping tip into A9 of Opentrons OT-2 96 Filter Tip Rack 20 µL on 7


Picking up tip from A10 of Opentrons OT-2 96 Filter Tip Rack 20 µL on 7
Aspirating 5.0 uL from A19 of Reaction Plate on 5 at 7.6 uL/sec
Moving to A19 of Reaction Plate on 5
Moving to A19 of Reaction Plate on 5
Air gap
	Aspirating 2.0 uL from A19 of Reaction Plate on 5 at 7.6 uL/sec
Dispensing 2.0 uL into A1 of Pool Plate on 1 at 7.6 uL/sec
Dispensing 5.0 uL into A1 of Pool Plate on 1 at 7.6 uL/sec
Blowing out at A1 of Pool Plate on 1
Moving to A1 of Pool Plate on 1
Moving to A1 of Pool Plate on 1
Returning tip
	Dropping tip into A10 of Opentrons OT-2 96 Filter Tip Rack 20 µL on 7


Picking up tip from A11 of Opentrons OT-2 96 Filter Tip Rack 20 µL on 7
Aspirating 5.0 uL from A21 of Reaction Plate on 5 at 7.6 uL/sec
Moving to A21 of Reaction Plate on 5
Moving to A21 of Reaction Plate on 5
Air gap
	Aspirating 2.0 uL from A21 of Reaction Plate on 5 at 7.6 uL/sec
Dispensing 2.0 uL into A1 of Pool Plate on 1 at 7.6 uL/sec
Dispensing 5.0 uL into A1 of Pool Plate on 1 at 7.6 uL/sec
Blowing out at A1 of Pool Plate on 1
Moving to A1 of Pool Plate on 1
Moving to A1 of Pool Plate on 1
Returning tip
	Dropping tip into A11 of Opentrons OT-2 96 Filter Tip Rack 20 µL on 7


Picking up tip from A12 of Opentrons OT-2 96 Filter Tip Rack 20 µL on 7
Aspirating 5.0 uL from A23 of Reaction Plate on 5 at 7.6 uL/sec
Moving to A23 of Reaction Plate on 5
Moving to A23 of Reaction Plate on 5
Air gap
	Aspirating 2.0 uL from A23 of Reaction Plate on 5 at 7.6 uL/sec
Dispensing 2.0 uL into A1 of Pool Plate on 1 at 7.6 uL/sec
Dispensing 5.0 uL into A1 of Pool Plate on 1 at 7.6 uL/sec
Blowing out at A1 of Pool Plate on 1
Moving to A1 of Pool Plate on 1
Moving to A1 of Pool Plate on 1
Returning tip
	Dropping tip into A12 of Opentrons OT-2 96 Filter Tip Rack 20 µL on 7


Picking up tip from A1 of Opentrons OT-2 96 Filter Tip Rack 20 µL on 8
Aspirating 5.0 uL from B1 of Reaction Plate on 5 at 7.6 uL/sec
Moving to B1 of Reaction Plate on 5
Moving to B1 of Reaction Plate on 5
Air gap
	Aspirating 2.0 uL from B1 of Reaction Plate on 5 at 7.6 uL/sec
Dispensing 2.0 uL into A2 of Pool Plate on 1 at 7.6 uL/sec
Dispensing 5.0 uL into A2 of Pool Plate on 1 at 7.6 uL/sec
Blowing out at A2 of Pool Plate on 1
Moving to A2 of Pool Plate on 1
Moving to A2 of Pool Plate on 1
Returning tip
	Dropping tip into A1 of Opentrons OT-2 96 Filter Tip Rack 20 µL on 8


Picking up tip from A2 of Opentrons OT-2 96 Filter Tip Rack 20 µL on 8
Aspirating 5.0 uL from B3 of Reaction Plate on 5 at 7.6 uL/sec
Moving to B3 of Reaction Plate on 5
Moving to B3 of Reaction Plate on 5
Air gap
	Aspirating 2.0 uL from B3 of Reaction Plate on 5 at 7.6 uL/sec
Dispensing 2.0 uL into A2 of Pool Plate on 1 at 7.6 uL/sec
Dispensing 5.0 uL into A2 of Pool Plate on 1 at 7.6 uL/sec
Blowing out at A2 of Pool Plate on 1
Moving to A2 of Pool Plate on 1
Moving to A2 of Pool Plate on 1
Returning tip
	Dropping tip into A2 of Opentrons OT-2 96 Filter Tip Rack 20 µL on 8


Picking up tip from A3 of Opentrons OT-2 96 Filter Tip Rack 20 µL on 8
Aspirating 5.0 uL from B5 of Reaction Plate on 5 at 7.6 uL/sec
Moving to B5 of Reaction Plate on 5
Moving to B5 of Reaction Plate on 5
Air gap
	Aspirating 2.0 uL from B5 of Reaction Plate on 5 at 7.6 uL/sec
Dispensing 2.0 uL into A2 of Pool Plate on 1 at 7.6 uL/sec
Dispensing 5.0 uL into A2 of Pool Plate on 1 at 7.6 uL/sec
Blowing out at A2 of Pool Plate on 1
Moving to A2 of Pool Plate on 1
Moving to A2 of Pool Plate on 1
Returning tip
	Dropping tip into A3 of Opentrons OT-2 96 Filter Tip Rack 20 µL on 8


Picking up tip from A4 of Opentrons OT-2 96 Filter Tip Rack 20 µL on 8
Aspirating 5.0 uL from B7 of Reaction Plate on 5 at 7.6 uL/sec
Moving to B7 of Reaction Plate on 5
Moving to B7 of Reaction Plate on 5
Air gap
	Aspirating 2.0 uL from B7 of Reaction Plate on 5 at 7.6 uL/sec
Dispensing 2.0 uL into A2 of Pool Plate on 1 at 7.6 uL/sec
Dispensing 5.0 uL into A2 of Pool Plate on 1 at 7.6 uL/sec
Blowing out at A2 of Pool Plate on 1
Moving to A2 of Pool Plate on 1
Moving to A2 of Pool Plate on 1
Returning tip
	Dropping tip into A4 of Opentrons OT-2 96 Filter Tip Rack 20 µL on 8


Picking up tip from A5 of Opentrons OT-2 96 Filter Tip Rack 20 µL on 8
Aspirating 5.0 uL from B9 of Reaction Plate on 5 at 7.6 uL/sec
Moving to B9 of Reaction Plate on 5
Moving to B9 of Reaction Plate on 5
Air gap
	Aspirating 2.0 uL from B9 of Reaction Plate on 5 at 7.6 uL/sec
Dispensing 2.0 uL into A2 of Pool Plate on 1 at 7.6 uL/sec
Dispensing 5.0 uL into A2 of Pool Plate on 1 at 7.6 uL/sec
Blowing out at A2 of Pool Plate on 1
Moving to A2 of Pool Plate on 1
Moving to A2 of Pool Plate on 1
Returning tip
	Dropping tip into A5 of Opentrons OT-2 96 Filter Tip Rack 20 µL on 8


Picking up tip from A6 of Opentrons OT-2 96 Filter Tip Rack 20 µL on 8
Aspirating 5.0 uL from B11 of Reaction Plate on 5 at 7.6 uL/sec
Moving to B11 of Reaction Plate on 5
Moving to B11 of Reaction Plate on 5
Air gap
	Aspirating 2.0 uL from B11 of Reaction Plate on 5 at 7.6 uL/sec
Dispensing 2.0 uL into A2 of Pool Plate on 1 at 7.6 uL/sec
Dispensing 5.0 uL into A2 of Pool Plate on 1 at 7.6 uL/sec
Blowing out at A2 of Pool Plate on 1
Moving to A2 of Pool Plate on 1
Moving to A2 of Pool Plate on 1
Returning tip
	Dropping tip into A6 of Opentrons OT-2 96 Filter Tip Rack 20 µL on 8


Picking up tip from A7 of Opentrons OT-2 96 Filter Tip Rack 20 µL on 8
Aspirating 5.0 uL from B13 of Reaction Plate on 5 at 7.6 uL/sec
Moving to B13 of Reaction Plate on 5
Moving to B13 of Reaction Plate on 5
Air gap
	Aspirating 2.0 uL from B13 of Reaction Plate on 5 at 7.6 uL/sec
Dispensing 2.0 uL into A2 of Pool Plate on 1 at 7.6 uL/sec
Dispensing 5.0 uL into A2 of Pool Plate on 1 at 7.6 uL/sec
Blowing out at A2 of Pool Plate on 1
Moving to A2 of Pool Plate on 1
Moving to A2 of Pool Plate on 1
Returning tip
	Dropping tip into A7 of Opentrons OT-2 96 Filter Tip Rack 20 µL on 8


Picking up tip from A8 of Opentrons OT-2 96 Filter Tip Rack 20 µL on 8
Aspirating 5.0 uL from B15 of Reaction Plate on 5 at 7.6 uL/sec
Moving to B15 of Reaction Plate on 5
Moving to B15 of Reaction Plate on 5
Air gap
	Aspirating 2.0 uL from B15 of Reaction Plate on 5 at 7.6 uL/sec
Dispensing 2.0 uL into A2 of Pool Plate on 1 at 7.6 uL/sec
Dispensing 5.0 uL into A2 of Pool Plate on 1 at 7.6 uL/sec
Blowing out at A2 of Pool Plate on 1
Moving to A2 of Pool Plate on 1
Moving to A2 of Pool Plate on 1
Returning tip
	Dropping tip into A8 of Opentrons OT-2 96 Filter Tip Rack 20 µL on 8


Picking up tip from A9 of Opentrons OT-2 96 Filter Tip Rack 20 µL on 8
Aspirating 5.0 uL from B17 of Reaction Plate on 5 at 7.6 uL/sec
Moving to B17 of Reaction Plate on 5
Moving to B17 of Reaction Plate on 5
Air gap
	Aspirating 2.0 uL from B17 of Reaction Plate on 5 at 7.6 uL/sec
Dispensing 2.0 uL into A2 of Pool Plate on 1 at 7.6 uL/sec
Dispensing 5.0 uL into A2 of Pool Plate on 1 at 7.6 uL/sec
Blowing out at A2 of Pool Plate on 1
Moving to A2 of Pool Plate on 1
Moving to A2 of Pool Plate on 1
Returning tip
	Dropping tip into A9 of Opentrons OT-2 96 Filter Tip Rack 20 µL on 8


Picking up tip from A10 of Opentrons OT-2 96 Filter Tip Rack 20 µL on 8
Aspirating 5.0 uL from B19 of Reaction Plate on 5 at 7.6 uL/sec
Moving to B19 of Reaction Plate on 5
Moving to B19 of Reaction Plate on 5
Air gap
	Aspirating 2.0 uL from B19 of Reaction Plate on 5 at 7.6 uL/sec
Dispensing 2.0 uL into A2 of Pool Plate on 1 at 7.6 uL/sec
Dispensing 5.0 uL into A2 of Pool Plate on 1 at 7.6 uL/sec
Blowing out at A2 of Pool Plate on 1
Moving to A2 of Pool Plate on 1
Moving to A2 of Pool Plate on 1
Returning tip
	Dropping tip into A10 of Opentrons OT-2 96 Filter Tip Rack 20 µL on 8


Picking up tip from A11 of Opentrons OT-2 96 Filter Tip Rack 20 µL on 8
Aspirating 5.0 uL from B21 of Reaction Plate on 5 at 7.6 uL/sec
Moving to B21 of Reaction Plate on 5
Moving to B21 of Reaction Plate on 5
Air gap
	Aspirating 2.0 uL from B21 of Reaction Plate on 5 at 7.6 uL/sec
Dispensing 2.0 uL into A2 of Pool Plate on 1 at 7.6 uL/sec
Dispensing 5.0 uL into A2 of Pool Plate on 1 at 7.6 uL/sec
Blowing out at A2 of Pool Plate on 1
Moving to A2 of Pool Plate on 1
Moving to A2 of Pool Plate on 1
Returning tip
	Dropping tip into A11 of Opentrons OT-2 96 Filter Tip Rack 20 µL on 8


Picking up tip from A12 of Opentrons OT-2 96 Filter Tip Rack 20 µL on 8
Aspirating 5.0 uL from B23 of Reaction Plate on 5 at 7.6 uL/sec
Moving to B23 of Reaction Plate on 5
Moving to B23 of Reaction Plate on 5
Air gap
	Aspirating 2.0 uL from B23 of Reaction Plate on 5 at 7.6 uL/sec
Dispensing 2.0 uL into A2 of Pool Plate on 1 at 7.6 uL/sec
Dispensing 5.0 uL into A2 of Pool Plate on 1 at 7.6 uL/sec
Blowing out at A2 of Pool Plate on 1
Moving to A2 of Pool Plate on 1
Moving to A2 of Pool Plate on 1
Returning tip
	Dropping tip into A12 of Opentrons OT-2 96 Filter Tip Rack 20 µL on 8


Picking up tip from A1 of Opentrons OT-2 96 Filter Tip Rack 20 µL on 9
Aspirating 5.0 uL from A2 of Reaction Plate on 5 at 7.6 uL/sec
Moving to A2 of Reaction Plate on 5
Moving to A2 of Reaction Plate on 5
Air gap
	Aspirating 2.0 uL from A2 of Reaction Plate on 5 at 7.6 uL/sec
Dispensing 2.0 uL into A3 of Pool Plate on 1 at 7.6 uL/sec
Dispensing 5.0 uL into A3 of Pool Plate on 1 at 7.6 uL/sec
Blowing out at A3 of Pool Plate on 1
Moving to A3 of Pool Plate on 1
Moving to A3 of Pool Plate on 1
Returning tip
	Dropping tip into A1 of Opentrons OT-2 96 Filter Tip Rack 20 µL on 9


Picking up tip from A2 of Opentrons OT-2 96 Filter Tip Rack 20 µL on 9
Aspirating 5.0 uL from A4 of Reaction Plate on 5 at 7.6 uL/sec
Moving to A4 of Reaction Plate on 5
Moving to A4 of Reaction Plate on 5
Air gap
	Aspirating 2.0 uL from A4 of Reaction Plate on 5 at 7.6 uL/sec
Dispensing 2.0 uL into A3 of Pool Plate on 1 at 7.6 uL/sec
Dispensing 5.0 uL into A3 of Pool Plate on 1 at 7.6 uL/sec
Blowing out at A3 of Pool Plate on 1
Moving to A3 of Pool Plate on 1
Moving to A3 of Pool Plate on 1
Returning tip
	Dropping tip into A2 of Opentrons OT-2 96 Filter Tip Rack 20 µL on 9


Picking up tip from A3 of Opentrons OT-2 96 Filter Tip Rack 20 µL on 9
Aspirating 5.0 uL from A6 of Reaction Plate on 5 at 7.6 uL/sec
Moving to A6 of Reaction Plate on 5
Moving to A6 of Reaction Plate on 5
Air gap
	Aspirating 2.0 uL from A6 of Reaction Plate on 5 at 7.6 uL/sec
Dispensing 2.0 uL into A3 of Pool Plate on 1 at 7.6 uL/sec
Dispensing 5.0 uL into A3 of Pool Plate on 1 at 7.6 uL/sec
Blowing out at A3 of Pool Plate on 1
Moving to A3 of Pool Plate on 1
Moving to A3 of Pool Plate on 1
Returning tip
	Dropping tip into A3 of Opentrons OT-2 96 Filter Tip Rack 20 µL on 9


Picking up tip from A4 of Opentrons OT-2 96 Filter Tip Rack 20 µL on 9
Aspirating 5.0 uL from A8 of Reaction Plate on 5 at 7.6 uL/sec
Moving to A8 of Reaction Plate on 5
Moving to A8 of Reaction Plate on 5
Air gap
	Aspirating 2.0 uL from A8 of Reaction Plate on 5 at 7.6 uL/sec
Dispensing 2.0 uL into A3 of Pool Plate on 1 at 7.6 uL/sec
Dispensing 5.0 uL into A3 of Pool Plate on 1 at 7.6 uL/sec
Blowing out at A3 of Pool Plate on 1
Moving to A3 of Pool Plate on 1
Moving to A3 of Pool Plate on 1
Returning tip
	Dropping tip into A4 of Opentrons OT-2 96 Filter Tip Rack 20 µL on 9


Picking up tip from A5 of Opentrons OT-2 96 Filter Tip Rack 20 µL on 9
Aspirating 5.0 uL from A10 of Reaction Plate on 5 at 7.6 uL/sec
Moving to A10 of Reaction Plate on 5
Moving to A10 of Reaction Plate on 5
Air gap
	Aspirating 2.0 uL from A10 of Reaction Plate on 5 at 7.6 uL/sec
Dispensing 2.0 uL into A3 of Pool Plate on 1 at 7.6 uL/sec
Dispensing 5.0 uL into A3 of Pool Plate on 1 at 7.6 uL/sec
Blowing out at A3 of Pool Plate on 1
Moving to A3 of Pool Plate on 1
Moving to A3 of Pool Plate on 1
Returning tip
	Dropping tip into A5 of Opentrons OT-2 96 Filter Tip Rack 20 µL on 9


Picking up tip from A6 of Opentrons OT-2 96 Filter Tip Rack 20 µL on 9
Aspirating 5.0 uL from A12 of Reaction Plate on 5 at 7.6 uL/sec
Moving to A12 of Reaction Plate on 5
Moving to A12 of Reaction Plate on 5
Air gap
	Aspirating 2.0 uL from A12 of Reaction Plate on 5 at 7.6 uL/sec
Dispensing 2.0 uL into A3 of Pool Plate on 1 at 7.6 uL/sec
Dispensing 5.0 uL into A3 of Pool Plate on 1 at 7.6 uL/sec
Blowing out at A3 of Pool Plate on 1
Moving to A3 of Pool Plate on 1
Moving to A3 of Pool Plate on 1
Returning tip
	Dropping tip into A6 of Opentrons OT-2 96 Filter Tip Rack 20 µL on 9


Picking up tip from A7 of Opentrons OT-2 96 Filter Tip Rack 20 µL on 9
Aspirating 5.0 uL from A14 of Reaction Plate on 5 at 7.6 uL/sec
Moving to A14 of Reaction Plate on 5
Moving to A14 of Reaction Plate on 5
Air gap
	Aspirating 2.0 uL from A14 of Reaction Plate on 5 at 7.6 uL/sec
Dispensing 2.0 uL into A3 of Pool Plate on 1 at 7.6 uL/sec
Dispensing 5.0 uL into A3 of Pool Plate on 1 at 7.6 uL/sec
Blowing out at A3 of Pool Plate on 1
Moving to A3 of Pool Plate on 1
Moving to A3 of Pool Plate on 1
Returning tip
	Dropping tip into A7 of Opentrons OT-2 96 Filter Tip Rack 20 µL on 9


Picking up tip from A8 of Opentrons OT-2 96 Filter Tip Rack 20 µL on 9
Aspirating 5.0 uL from A16 of Reaction Plate on 5 at 7.6 uL/sec
Moving to A16 of Reaction Plate on 5
Moving to A16 of Reaction Plate on 5
Air gap
	Aspirating 2.0 uL from A16 of Reaction Plate on 5 at 7.6 uL/sec
Dispensing 2.0 uL into A3 of Pool Plate on 1 at 7.6 uL/sec
Dispensing 5.0 uL into A3 of Pool Plate on 1 at 7.6 uL/sec
Blowing out at A3 of Pool Plate on 1
Moving to A3 of Pool Plate on 1
Moving to A3 of Pool Plate on 1
Returning tip
	Dropping tip into A8 of Opentrons OT-2 96 Filter Tip Rack 20 µL on 9


Picking up tip from A9 of Opentrons OT-2 96 Filter Tip Rack 20 µL on 9
Aspirating 5.0 uL from A18 of Reaction Plate on 5 at 7.6 uL/sec
Moving to A18 of Reaction Plate on 5
Moving to A18 of Reaction Plate on 5
Air gap
	Aspirating 2.0 uL from A18 of Reaction Plate on 5 at 7.6 uL/sec
Dispensing 2.0 uL into A3 of Pool Plate on 1 at 7.6 uL/sec
Dispensing 5.0 uL into A3 of Pool Plate on 1 at 7.6 uL/sec
Blowing out at A3 of Pool Plate on 1
Moving to A3 of Pool Plate on 1
Moving to A3 of Pool Plate on 1
Returning tip
	Dropping tip into A9 of Opentrons OT-2 96 Filter Tip Rack 20 µL on 9


Picking up tip from A10 of Opentrons OT-2 96 Filter Tip Rack 20 µL on 9
Aspirating 5.0 uL from A20 of Reaction Plate on 5 at 7.6 uL/sec
Moving to A20 of Reaction Plate on 5
Moving to A20 of Reaction Plate on 5
Air gap
	Aspirating 2.0 uL from A20 of Reaction Plate on 5 at 7.6 uL/sec
Dispensing 2.0 uL into A3 of Pool Plate on 1 at 7.6 uL/sec
Dispensing 5.0 uL into A3 of Pool Plate on 1 at 7.6 uL/sec
Blowing out at A3 of Pool Plate on 1
Moving to A3 of Pool Plate on 1
Moving to A3 of Pool Plate on 1
Returning tip
	Dropping tip into A10 of Opentrons OT-2 96 Filter Tip Rack 20 µL on 9


Picking up tip from A11 of Opentrons OT-2 96 Filter Tip Rack 20 µL on 9
Aspirating 5.0 uL from A22 of Reaction Plate on 5 at 7.6 uL/sec
Moving to A22 of Reaction Plate on 5
Moving to A22 of Reaction Plate on 5
Air gap
	Aspirating 2.0 uL from A22 of Reaction Plate on 5 at 7.6 uL/sec
Dispensing 2.0 uL into A3 of Pool Plate on 1 at 7.6 uL/sec
Dispensing 5.0 uL into A3 of Pool Plate on 1 at 7.6 uL/sec
Blowing out at A3 of Pool Plate on 1
Moving to A3 of Pool Plate on 1
Moving to A3 of Pool Plate on 1
Returning tip
	Dropping tip into A11 of Opentrons OT-2 96 Filter Tip Rack 20 µL on 9


Picking up tip from A12 of Opentrons OT-2 96 Filter Tip Rack 20 µL on 9
Aspirating 5.0 uL from A24 of Reaction Plate on 5 at 7.6 uL/sec
Moving to A24 of Reaction Plate on 5
Moving to A24 of Reaction Plate on 5
Air gap
	Aspirating 2.0 uL from A24 of Reaction Plate on 5 at 7.6 uL/sec
Dispensing 2.0 uL into A3 of Pool Plate on 1 at 7.6 uL/sec
Dispensing 5.0 uL into A3 of Pool Plate on 1 at 7.6 uL/sec
Blowing out at A3 of Pool Plate on 1
Moving to A3 of Pool Plate on 1
Moving to A3 of Pool Plate on 1
Returning tip
	Dropping tip into A12 of Opentrons OT-2 96 Filter Tip Rack 20 µL on 9


Picking up tip from A1 of Opentrons OT-2 96 Filter Tip Rack 20 µL on 10
Aspirating 5.0 uL from B2 of Reaction Plate on 5 at 7.6 uL/sec
Moving to B2 of Reaction Plate on 5
Moving to B2 of Reaction Plate on 5
Air gap
	Aspirating 2.0 uL from B2 of Reaction Plate on 5 at 7.6 uL/sec
Dispensing 2.0 uL into A4 of Pool Plate on 1 at 7.6 uL/sec
Dispensing 5.0 uL into A4 of Pool Plate on 1 at 7.6 uL/sec
Blowing out at A4 of Pool Plate on 1
Moving to A4 of Pool Plate on 1
Moving to A4 of Pool Plate on 1
Returning tip
	Dropping tip into A1 of Opentrons OT-2 96 Filter Tip Rack 20 µL on 10


Picking up tip from A2 of Opentrons OT-2 96 Filter Tip Rack 20 µL on 10
Aspirating 5.0 uL from B4 of Reaction Plate on 5 at 7.6 uL/sec
Moving to B4 of Reaction Plate on 5
Moving to B4 of Reaction Plate on 5
Air gap
	Aspirating 2.0 uL from B4 of Reaction Plate on 5 at 7.6 uL/sec
Dispensing 2.0 uL into A4 of Pool Plate on 1 at 7.6 uL/sec
Dispensing 5.0 uL into A4 of Pool Plate on 1 at 7.6 uL/sec
Blowing out at A4 of Pool Plate on 1
Moving to A4 of Pool Plate on 1
Moving to A4 of Pool Plate on 1
Returning tip
	Dropping tip into A2 of Opentrons OT-2 96 Filter Tip Rack 20 µL on 10


Picking up tip from A3 of Opentrons OT-2 96 Filter Tip Rack 20 µL on 10
Aspirating 5.0 uL from B6 of Reaction Plate on 5 at 7.6 uL/sec
Moving to B6 of Reaction Plate on 5
Moving to B6 of Reaction Plate on 5
Air gap
	Aspirating 2.0 uL from B6 of Reaction Plate on 5 at 7.6 uL/sec
Dispensing 2.0 uL into A4 of Pool Plate on 1 at 7.6 uL/sec
Dispensing 5.0 uL into A4 of Pool Plate on 1 at 7.6 uL/sec
Blowing out at A4 of Pool Plate on 1
Moving to A4 of Pool Plate on 1
Moving to A4 of Pool Plate on 1
Returning tip
	Dropping tip into A3 of Opentrons OT-2 96 Filter Tip Rack 20 µL on 10


Picking up tip from A4 of Opentrons OT-2 96 Filter Tip Rack 20 µL on 10
Aspirating 5.0 uL from B8 of Reaction Plate on 5 at 7.6 uL/sec
Moving to B8 of Reaction Plate on 5
Moving to B8 of Reaction Plate on 5
Air gap
	Aspirating 2.0 uL from B8 of Reaction Plate on 5 at 7.6 uL/sec
Dispensing 2.0 uL into A4 of Pool Plate on 1 at 7.6 uL/sec
Dispensing 5.0 uL into A4 of Pool Plate on 1 at 7.6 uL/sec
Blowing out at A4 of Pool Plate on 1
Moving to A4 of Pool Plate on 1
Moving to A4 of Pool Plate on 1
Returning tip
	Dropping tip into A4 of Opentrons OT-2 96 Filter Tip Rack 20 µL on 10


Picking up tip from A5 of Opentrons OT-2 96 Filter Tip Rack 20 µL on 10
Aspirating 5.0 uL from B10 of Reaction Plate on 5 at 7.6 uL/sec
Moving to B10 of Reaction Plate on 5
Moving to B10 of Reaction Plate on 5
Air gap
	Aspirating 2.0 uL from B10 of Reaction Plate on 5 at 7.6 uL/sec
Dispensing 2.0 uL into A4 of Pool Plate on 1 at 7.6 uL/sec
Dispensing 5.0 uL into A4 of Pool Plate on 1 at 7.6 uL/sec
Blowing out at A4 of Pool Plate on 1
Moving to A4 of Pool Plate on 1
Moving to A4 of Pool Plate on 1
Returning tip
	Dropping tip into A5 of Opentrons OT-2 96 Filter Tip Rack 20 µL on 10


Picking up tip from A6 of Opentrons OT-2 96 Filter Tip Rack 20 µL on 10
Aspirating 5.0 uL from B12 of Reaction Plate on 5 at 7.6 uL/sec
Moving to B12 of Reaction Plate on 5
Moving to B12 of Reaction Plate on 5
Air gap
	Aspirating 2.0 uL from B12 of Reaction Plate on 5 at 7.6 uL/sec
Dispensing 2.0 uL into A4 of Pool Plate on 1 at 7.6 uL/sec
Dispensing 5.0 uL into A4 of Pool Plate on 1 at 7.6 uL/sec
Blowing out at A4 of Pool Plate on 1
Moving to A4 of Pool Plate on 1
Moving to A4 of Pool Plate on 1
Returning tip
	Dropping tip into A6 of Opentrons OT-2 96 Filter Tip Rack 20 µL on 10


Picking up tip from A7 of Opentrons OT-2 96 Filter Tip Rack 20 µL on 10
Aspirating 5.0 uL from B14 of Reaction Plate on 5 at 7.6 uL/sec
Moving to B14 of Reaction Plate on 5
Moving to B14 of Reaction Plate on 5
Air gap
	Aspirating 2.0 uL from B14 of Reaction Plate on 5 at 7.6 uL/sec
Dispensing 2.0 uL into A4 of Pool Plate on 1 at 7.6 uL/sec
Dispensing 5.0 uL into A4 of Pool Plate on 1 at 7.6 uL/sec
Blowing out at A4 of Pool Plate on 1
Moving to A4 of Pool Plate on 1
Moving to A4 of Pool Plate on 1
Returning tip
	Dropping tip into A7 of Opentrons OT-2 96 Filter Tip Rack 20 µL on 10


Picking up tip from A8 of Opentrons OT-2 96 Filter Tip Rack 20 µL on 10
Aspirating 5.0 uL from B16 of Reaction Plate on 5 at 7.6 uL/sec
Moving to B16 of Reaction Plate on 5
Moving to B16 of Reaction Plate on 5
Air gap
	Aspirating 2.0 uL from B16 of Reaction Plate on 5 at 7.6 uL/sec
Dispensing 2.0 uL into A4 of Pool Plate on 1 at 7.6 uL/sec
Dispensing 5.0 uL into A4 of Pool Plate on 1 at 7.6 uL/sec
Blowing out at A4 of Pool Plate on 1
Moving to A4 of Pool Plate on 1
Moving to A4 of Pool Plate on 1
Returning tip
	Dropping tip into A8 of Opentrons OT-2 96 Filter Tip Rack 20 µL on 10


Picking up tip from A9 of Opentrons OT-2 96 Filter Tip Rack 20 µL on 10
Aspirating 5.0 uL from B18 of Reaction Plate on 5 at 7.6 uL/sec
Moving to B18 of Reaction Plate on 5
Moving to B18 of Reaction Plate on 5
Air gap
	Aspirating 2.0 uL from B18 of Reaction Plate on 5 at 7.6 uL/sec
Dispensing 2.0 uL into A4 of Pool Plate on 1 at 7.6 uL/sec
Dispensing 5.0 uL into A4 of Pool Plate on 1 at 7.6 uL/sec
Blowing out at A4 of Pool Plate on 1
Moving to A4 of Pool Plate on 1
Moving to A4 of Pool Plate on 1
Returning tip
	Dropping tip into A9 of Opentrons OT-2 96 Filter Tip Rack 20 µL on 10


Picking up tip from A10 of Opentrons OT-2 96 Filter Tip Rack 20 µL on 10
Aspirating 5.0 uL from B20 of Reaction Plate on 5 at 7.6 uL/sec
Moving to B20 of Reaction Plate on 5
Moving to B20 of Reaction Plate on 5
Air gap
	Aspirating 2.0 uL from B20 of Reaction Plate on 5 at 7.6 uL/sec
Dispensing 2.0 uL into A4 of Pool Plate on 1 at 7.6 uL/sec
Dispensing 5.0 uL into A4 of Pool Plate on 1 at 7.6 uL/sec
Blowing out at A4 of Pool Plate on 1
Moving to A4 of Pool Plate on 1
Moving to A4 of Pool Plate on 1
Returning tip
	Dropping tip into A10 of Opentrons OT-2 96 Filter Tip Rack 20 µL on 10


Picking up tip from A11 of Opentrons OT-2 96 Filter Tip Rack 20 µL on 10
Aspirating 5.0 uL from B22 of Reaction Plate on 5 at 7.6 uL/sec
Moving to B22 of Reaction Plate on 5
Moving to B22 of Reaction Plate on 5
Air gap
	Aspirating 2.0 uL from B22 of Reaction Plate on 5 at 7.6 uL/sec
Dispensing 2.0 uL into A4 of Pool Plate on 1 at 7.6 uL/sec
Dispensing 5.0 uL into A4 of Pool Plate on 1 at 7.6 uL/sec
Blowing out at A4 of Pool Plate on 1
Moving to A4 of Pool Plate on 1
Moving to A4 of Pool Plate on 1
Returning tip
	Dropping tip into A11 of Opentrons OT-2 96 Filter Tip Rack 20 µL on 10


Picking up tip from A12 of Opentrons OT-2 96 Filter Tip Rack 20 µL on 10
Aspirating 5.0 uL from B24 of Reaction Plate on 5 at 7.6 uL/sec
Moving to B24 of Reaction Plate on 5
Moving to B24 of Reaction Plate on 5
Air gap
	Aspirating 2.0 uL from B24 of Reaction Plate on 5 at 7.6 uL/sec
Dispensing 2.0 uL into A4 of Pool Plate on 1 at 7.6 uL/sec
Dispensing 5.0 uL into A4 of Pool Plate on 1 at 7.6 uL/sec
Blowing out at A4 of Pool Plate on 1
Moving to A4 of Pool Plate on 1
Moving to A4 of Pool Plate on 1
Returning tip
	Dropping tip into A12 of Opentrons OT-2 96 Filter Tip Rack 20 µL on 10


Picking up tip from A1 of Opentrons OT-2 96 Filter Tip Rack 200 µL on 11
Mixing 3 times with a volume of 50.0 ul
	Aspirating 50.0 uL from A1 of Pool Plate on 1 at 94.0 uL/sec
	Dispensing 50.0 uL into A1 of Pool Plate on 1 at 94.0 uL/sec
	Aspirating 50.0 uL from A1 of Pool Plate on 1 at 94.0 uL/sec
	Dispensing 50.0 uL into A1 of Pool Plate on 1 at 94.0 uL/sec
	Aspirating 50.0 uL from A1 of Pool Plate on 1 at 94.0 uL/sec
	Dispensing 50.0 uL into A1 of Pool Plate on 1 at 94.0 uL/sec
Aspirating 45.0 uL from A1 of Pool Plate on 1 at 94.0 uL/sec
Moving to A1 of Pool Plate on 1
Moving to A1 of Pool Plate on 1
Air gap
	Aspirating 5.0 uL from A1 of Pool Plate on 1 at 94.0 uL/sec
Dispensing 5.0 uL into A12 of Pool Plate on 1 at 94.0 uL/sec
Dispensing 45.0 uL into A12 of Pool Plate on 1 at 94.0 uL/sec
Blowing out at A12 of Pool Plate on 1
Moving to A12 of Pool Plate on 1
Moving to A12 of Pool Plate on 1
Dropping tip into A1 of Opentrons Fixed Trash on 12
Picking up tip from A2 of Opentrons OT-2 96 Filter Tip Rack 200 µL on 11
Mixing 3 times with a volume of 50.0 ul
	Aspirating 50.0 uL from A2 of Pool Plate on 1 at 94.0 uL/sec
	Dispensing 50.0 uL into A2 of Pool Plate on 1 at 94.0 uL/sec
	Aspirating 50.0 uL from A2 of Pool Plate on 1 at 94.0 uL/sec
	Dispensing 50.0 uL into A2 of Pool Plate on 1 at 94.0 uL/sec
	Aspirating 50.0 uL from A2 of Pool Plate on 1 at 94.0 uL/sec
	Dispensing 50.0 uL into A2 of Pool Plate on 1 at 94.0 uL/sec
Aspirating 45.0 uL from A2 of Pool Plate on 1 at 94.0 uL/sec
Moving to A2 of Pool Plate on 1
Moving to A2 of Pool Plate on 1
Air gap
	Aspirating 5.0 uL from A2 of Pool Plate on 1 at 94.0 uL/sec
Dispensing 5.0 uL into A12 of Pool Plate on 1 at 94.0 uL/sec
Dispensing 45.0 uL into A12 of Pool Plate on 1 at 94.0 uL/sec
Mixing 3 times with a volume of 80.0 ul
	Aspirating 80.0 uL from A12 of Pool Plate on 1 at 94.0 uL/sec
	Dispensing 80.0 uL into A12 of Pool Plate on 1 at 94.0 uL/sec
	Aspirating 80.0 uL from A12 of Pool Plate on 1 at 94.0 uL/sec
	Dispensing 80.0 uL into A12 of Pool Plate on 1 at 94.0 uL/sec
	Aspirating 80.0 uL from A12 of Pool Plate on 1 at 94.0 uL/sec
	Dispensing 80.0 uL into A12 of Pool Plate on 1 at 94.0 uL/sec
Blowing out at A12 of Pool Plate on 1
Moving to A12 of Pool Plate on 1
Moving to A12 of Pool Plate on 1
Dropping tip into A1 of Opentrons Fixed Trash on 12
Picking up tip from A3 of Opentrons OT-2 96 Filter Tip Rack 200 µL on 11
Mixing 3 times with a volume of 50.0 ul
	Aspirating 50.0 uL from A3 of Pool Plate on 1 at 94.0 uL/sec
	Dispensing 50.0 uL into A3 of Pool Plate on 1 at 94.0 uL/sec
	Aspirating 50.0 uL from A3 of Pool Plate on 1 at 94.0 uL/sec
	Dispensing 50.0 uL into A3 of Pool Plate on 1 at 94.0 uL/sec
	Aspirating 50.0 uL from A3 of Pool Plate on 1 at 94.0 uL/sec
	Dispensing 50.0 uL into A3 of Pool Plate on 1 at 94.0 uL/sec
Aspirating 45.0 uL from A3 of Pool Plate on 1 at 94.0 uL/sec
Moving to A3 of Pool Plate on 1
Moving to A3 of Pool Plate on 1
Air gap
	Aspirating 5.0 uL from A3 of Pool Plate on 1 at 94.0 uL/sec
Dispensing 5.0 uL into A12 of Pool Plate on 1 at 94.0 uL/sec
Dispensing 45.0 uL into A12 of Pool Plate on 1 at 94.0 uL/sec
Mixing 3 times with a volume of 80.0 ul
	Aspirating 80.0 uL from A12 of Pool Plate on 1 at 94.0 uL/sec
	Dispensing 80.0 uL into A12 of Pool Plate on 1 at 94.0 uL/sec
	Aspirating 80.0 uL from A12 of Pool Plate on 1 at 94.0 uL/sec
	Dispensing 80.0 uL into A12 of Pool Plate on 1 at 94.0 uL/sec
	Aspirating 80.0 uL from A12 of Pool Plate on 1 at 94.0 uL/sec
	Dispensing 80.0 uL into A12 of Pool Plate on 1 at 94.0 uL/sec
Blowing out at A12 of Pool Plate on 1
Moving to A12 of Pool Plate on 1
Moving to A12 of Pool Plate on 1
Dropping tip into A1 of Opentrons Fixed Trash on 12
Picking up tip from A4 of Opentrons OT-2 96 Filter Tip Rack 200 µL on 11
Mixing 3 times with a volume of 50.0 ul
	Aspirating 50.0 uL from A4 of Pool Plate on 1 at 94.0 uL/sec
	Dispensing 50.0 uL into A4 of Pool Plate on 1 at 94.0 uL/sec
	Aspirating 50.0 uL from A4 of Pool Plate on 1 at 94.0 uL/sec
	Dispensing 50.0 uL into A4 of Pool Plate on 1 at 94.0 uL/sec
	Aspirating 50.0 uL from A4 of Pool Plate on 1 at 94.0 uL/sec
	Dispensing 50.0 uL into A4 of Pool Plate on 1 at 94.0 uL/sec
Aspirating 45.0 uL from A4 of Pool Plate on 1 at 94.0 uL/sec
Moving to A4 of Pool Plate on 1
Moving to A4 of Pool Plate on 1
Air gap
	Aspirating 5.0 uL from A4 of Pool Plate on 1 at 94.0 uL/sec
Dispensing 5.0 uL into A12 of Pool Plate on 1 at 94.0 uL/sec
Dispensing 45.0 uL into A12 of Pool Plate on 1 at 94.0 uL/sec
Mixing 3 times with a volume of 80.0 ul
	Aspirating 80.0 uL from A12 of Pool Plate on 1 at 94.0 uL/sec
	Dispensing 80.0 uL into A12 of Pool Plate on 1 at 94.0 uL/sec
	Aspirating 80.0 uL from A12 of Pool Plate on 1 at 94.0 uL/sec
	Dispensing 80.0 uL into A12 of Pool Plate on 1 at 94.0 uL/sec
	Aspirating 80.0 uL from A12 of Pool Plate on 1 at 94.0 uL/sec
	Dispensing 80.0 uL into A12 of Pool Plate on 1 at 94.0 uL/sec
Blowing out at A12 of Pool Plate on 1
Moving to A12 of Pool Plate on 1
Moving to A12 of Pool Plate on 1
Dropping tip into A1 of Opentrons Fixed Trash on 12
Caught exception: {'message': 'Task was destroyed but it is pending!', 'task': <Task pending name='Task-2' coro=<Poller._poll_forever() running at /Users/dp/Desktop/project/github/opentrons/venv/lib/python3.10/site-packages/opentrons/hardware_control/poller.py:80> wait_for=<Future pending cb=[Task.task_wakeup()]>>}
Caught exception: {'message': 'Task was destroyed but it is pending!', 'task': <Task pending name='Task-4' coro=<Poller._poll_forever() running at /Users/dp/Desktop/project/github/opentrons/venv/lib/python3.10/site-packages/opentrons/hardware_control/poller.py:80> wait_for=<Future pending cb=[Task.task_wakeup()]>>}
Caught exception: {'message': 'Task was destroyed but it is pending!', 'task': <Task pending name='Task-3' coro=<Poller._poll_forever() running at /Users/dp/Desktop/project/github/opentrons/venv/lib/python3.10/site-packages/opentrons/hardware_control/poller.py:80> wait_for=<Future pending cb=[Task.task_wakeup()]>>}
