/Users/dp/Desktop/project/github/opentrons/venv/lib/python3.10/site-packages/opentrons/hardware_control/simulator_setup.py:205: UserWarning: Simulator configuration does not name a machine, defaulting to OT-2 Standard
  warn(
/Users/dp/.opentrons/robot_settings.json not found. Loading defaults
Deck calibration not found.
/Users/dp/.opentrons/deck_calibration.json not found. Loading defaults
This protocol is for 384 samples.         Please prepare reagents accordingly
Picking up tip from A1 of Opentrons OT-2 96 Filter Tip Rack 20 µL on 7
Aspirating 2.0 uL from A3 of MMX Plate on 6 at 1.5 uL/sec
Moving to A3 of MMX Plate on 6
Delaying for 0 minutes and 2.0 seconds
Moving to A3 of MMX Plate on 6
Moving to A3 of MMX Plate on 6
Moving to A3 of MMX Plate on 6
Aspirating 2.0 uL from A3 of MMX Plate on 6 at 1.5 uL/sec
Dispensing 2.0 uL into A1 of Reaction Plate on 5 at 1.5 uL/sec
Dispensing 2.0 uL into A1 of Reaction Plate on 5 at 1.5 uL/sec
Mixing 2 times with a volume of 8.0 ul
	Aspirating 8.0 uL from A1 of Reaction Plate on 5 at 3.0 uL/sec
	Dispensing 8.0 uL into A1 of Reaction Plate on 5 at 3.0 uL/sec
	Aspirating 8.0 uL from A1 of Reaction Plate on 5 at 3.0 uL/sec
	Dispensing 8.0 uL into A1 of Reaction Plate on 5 at 3.0 uL/sec
Blowing out at A1 of Reaction Plate on 5
Moving to A1 of Reaction Plate on 5
Moving to A1 of Reaction Plate on 5
Moving to A1 of Reaction Plate on 5
Returning tip
	Dropping tip into A1 of Opentrons OT-2 96 Filter Tip Rack 20 µL on 7


Picking up tip from A2 of Opentrons OT-2 96 Filter Tip Rack 20 µL on 7
Aspirating 2.0 uL from A3 of MMX Plate on 6 at 1.5 uL/sec
Moving to A3 of MMX Plate on 6
Delaying for 0 minutes and 2.0 seconds
Moving to A3 of MMX Plate on 6
Moving to A3 of MMX Plate on 6
Moving to A3 of MMX Plate on 6
Aspirating 2.0 uL from A3 of MMX Plate on 6 at 1.5 uL/sec
Dispensing 2.0 uL into A3 of Reaction Plate on 5 at 1.5 uL/sec
Dispensing 2.0 uL into A3 of Reaction Plate on 5 at 1.5 uL/sec
Mixing 2 times with a volume of 8.0 ul
	Aspirating 8.0 uL from A3 of Reaction Plate on 5 at 3.0 uL/sec
	Dispensing 8.0 uL into A3 of Reaction Plate on 5 at 3.0 uL/sec
	Aspirating 8.0 uL from A3 of Reaction Plate on 5 at 3.0 uL/sec
	Dispensing 8.0 uL into A3 of Reaction Plate on 5 at 3.0 uL/sec
Blowing out at A3 of Reaction Plate on 5
Moving to A3 of Reaction Plate on 5
Moving to A3 of Reaction Plate on 5
Moving to A3 of Reaction Plate on 5
Returning tip
	Dropping tip into A2 of Opentrons OT-2 96 Filter Tip Rack 20 µL on 7


Picking up tip from A3 of Opentrons OT-2 96 Filter Tip Rack 20 µL on 7
Aspirating 2.0 uL from A3 of MMX Plate on 6 at 1.5 uL/sec
Moving to A3 of MMX Plate on 6
Delaying for 0 minutes and 2.0 seconds
Moving to A3 of MMX Plate on 6
Moving to A3 of MMX Plate on 6
Moving to A3 of MMX Plate on 6
Aspirating 2.0 uL from A3 of MMX Plate on 6 at 1.5 uL/sec
Dispensing 2.0 uL into A5 of Reaction Plate on 5 at 1.5 uL/sec
Dispensing 2.0 uL into A5 of Reaction Plate on 5 at 1.5 uL/sec
Mixing 2 times with a volume of 8.0 ul
	Aspirating 8.0 uL from A5 of Reaction Plate on 5 at 3.0 uL/sec
	Dispensing 8.0 uL into A5 of Reaction Plate on 5 at 3.0 uL/sec
	Aspirating 8.0 uL from A5 of Reaction Plate on 5 at 3.0 uL/sec
	Dispensing 8.0 uL into A5 of Reaction Plate on 5 at 3.0 uL/sec
Blowing out at A5 of Reaction Plate on 5
Moving to A5 of Reaction Plate on 5
Moving to A5 of Reaction Plate on 5
Moving to A5 of Reaction Plate on 5
Returning tip
	Dropping tip into A3 of Opentrons OT-2 96 Filter Tip Rack 20 µL on 7


Picking up tip from A4 of Opentrons OT-2 96 Filter Tip Rack 20 µL on 7
Aspirating 2.0 uL from A3 of MMX Plate on 6 at 1.5 uL/sec
Moving to A3 of MMX Plate on 6
Delaying for 0 minutes and 2.0 seconds
Moving to A3 of MMX Plate on 6
Moving to A3 of MMX Plate on 6
Moving to A3 of MMX Plate on 6
Aspirating 2.0 uL from A3 of MMX Plate on 6 at 1.5 uL/sec
Dispensing 2.0 uL into A7 of Reaction Plate on 5 at 1.5 uL/sec
Dispensing 2.0 uL into A7 of Reaction Plate on 5 at 1.5 uL/sec
Mixing 2 times with a volume of 8.0 ul
	Aspirating 8.0 uL from A7 of Reaction Plate on 5 at 3.0 uL/sec
	Dispensing 8.0 uL into A7 of Reaction Plate on 5 at 3.0 uL/sec
	Aspirating 8.0 uL from A7 of Reaction Plate on 5 at 3.0 uL/sec
	Dispensing 8.0 uL into A7 of Reaction Plate on 5 at 3.0 uL/sec
Blowing out at A7 of Reaction Plate on 5
Moving to A7 of Reaction Plate on 5
Moving to A7 of Reaction Plate on 5
Moving to A7 of Reaction Plate on 5
Returning tip
	Dropping tip into A4 of Opentrons OT-2 96 Filter Tip Rack 20 µL on 7


Picking up tip from A5 of Opentrons OT-2 96 Filter Tip Rack 20 µL on 7
Aspirating 2.0 uL from A3 of MMX Plate on 6 at 1.5 uL/sec
Moving to A3 of MMX Plate on 6
Delaying for 0 minutes and 2.0 seconds
Moving to A3 of MMX Plate on 6
Moving to A3 of MMX Plate on 6
Moving to A3 of MMX Plate on 6
Aspirating 2.0 uL from A3 of MMX Plate on 6 at 1.5 uL/sec
Dispensing 2.0 uL into A9 of Reaction Plate on 5 at 1.5 uL/sec
Dispensing 2.0 uL into A9 of Reaction Plate on 5 at 1.5 uL/sec
Mixing 2 times with a volume of 8.0 ul
	Aspirating 8.0 uL from A9 of Reaction Plate on 5 at 3.0 uL/sec
	Dispensing 8.0 uL into A9 of Reaction Plate on 5 at 3.0 uL/sec
	Aspirating 8.0 uL from A9 of Reaction Plate on 5 at 3.0 uL/sec
	Dispensing 8.0 uL into A9 of Reaction Plate on 5 at 3.0 uL/sec
Blowing out at A9 of Reaction Plate on 5
Moving to A9 of Reaction Plate on 5
Moving to A9 of Reaction Plate on 5
Moving to A9 of Reaction Plate on 5
Returning tip
	Dropping tip into A5 of Opentrons OT-2 96 Filter Tip Rack 20 µL on 7


Picking up tip from A6 of Opentrons OT-2 96 Filter Tip Rack 20 µL on 7
Aspirating 2.0 uL from A3 of MMX Plate on 6 at 1.5 uL/sec
Moving to A3 of MMX Plate on 6
Delaying for 0 minutes and 2.0 seconds
Moving to A3 of MMX Plate on 6
Moving to A3 of MMX Plate on 6
Moving to A3 of MMX Plate on 6
Aspirating 2.0 uL from A3 of MMX Plate on 6 at 1.5 uL/sec
Dispensing 2.0 uL into A11 of Reaction Plate on 5 at 1.5 uL/sec
Dispensing 2.0 uL into A11 of Reaction Plate on 5 at 1.5 uL/sec
Mixing 2 times with a volume of 8.0 ul
	Aspirating 8.0 uL from A11 of Reaction Plate on 5 at 3.0 uL/sec
	Dispensing 8.0 uL into A11 of Reaction Plate on 5 at 3.0 uL/sec
	Aspirating 8.0 uL from A11 of Reaction Plate on 5 at 3.0 uL/sec
	Dispensing 8.0 uL into A11 of Reaction Plate on 5 at 3.0 uL/sec
Blowing out at A11 of Reaction Plate on 5
Moving to A11 of Reaction Plate on 5
Moving to A11 of Reaction Plate on 5
Moving to A11 of Reaction Plate on 5
Returning tip
	Dropping tip into A6 of Opentrons OT-2 96 Filter Tip Rack 20 µL on 7


Picking up tip from A7 of Opentrons OT-2 96 Filter Tip Rack 20 µL on 7
Aspirating 2.0 uL from A3 of MMX Plate on 6 at 1.5 uL/sec
Moving to A3 of MMX Plate on 6
Delaying for 0 minutes and 2.0 seconds
Moving to A3 of MMX Plate on 6
Moving to A3 of MMX Plate on 6
Moving to A3 of MMX Plate on 6
Aspirating 2.0 uL from A3 of MMX Plate on 6 at 1.5 uL/sec
Dispensing 2.0 uL into A13 of Reaction Plate on 5 at 1.5 uL/sec
Dispensing 2.0 uL into A13 of Reaction Plate on 5 at 1.5 uL/sec
Mixing 2 times with a volume of 8.0 ul
	Aspirating 8.0 uL from A13 of Reaction Plate on 5 at 3.0 uL/sec
	Dispensing 8.0 uL into A13 of Reaction Plate on 5 at 3.0 uL/sec
	Aspirating 8.0 uL from A13 of Reaction Plate on 5 at 3.0 uL/sec
	Dispensing 8.0 uL into A13 of Reaction Plate on 5 at 3.0 uL/sec
Blowing out at A13 of Reaction Plate on 5
Moving to A13 of Reaction Plate on 5
Moving to A13 of Reaction Plate on 5
Moving to A13 of Reaction Plate on 5
Returning tip
	Dropping tip into A7 of Opentrons OT-2 96 Filter Tip Rack 20 µL on 7


Picking up tip from A8 of Opentrons OT-2 96 Filter Tip Rack 20 µL on 7
Aspirating 2.0 uL from A3 of MMX Plate on 6 at 1.5 uL/sec
Moving to A3 of MMX Plate on 6
Delaying for 0 minutes and 2.0 seconds
Moving to A3 of MMX Plate on 6
Moving to A3 of MMX Plate on 6
Moving to A3 of MMX Plate on 6
Aspirating 2.0 uL from A3 of MMX Plate on 6 at 1.5 uL/sec
Dispensing 2.0 uL into A15 of Reaction Plate on 5 at 1.5 uL/sec
Dispensing 2.0 uL into A15 of Reaction Plate on 5 at 1.5 uL/sec
Mixing 2 times with a volume of 8.0 ul
	Aspirating 8.0 uL from A15 of Reaction Plate on 5 at 3.0 uL/sec
	Dispensing 8.0 uL into A15 of Reaction Plate on 5 at 3.0 uL/sec
	Aspirating 8.0 uL from A15 of Reaction Plate on 5 at 3.0 uL/sec
	Dispensing 8.0 uL into A15 of Reaction Plate on 5 at 3.0 uL/sec
Blowing out at A15 of Reaction Plate on 5
Moving to A15 of Reaction Plate on 5
Moving to A15 of Reaction Plate on 5
Moving to A15 of Reaction Plate on 5
Returning tip
	Dropping tip into A8 of Opentrons OT-2 96 Filter Tip Rack 20 µL on 7


Picking up tip from A9 of Opentrons OT-2 96 Filter Tip Rack 20 µL on 7
Aspirating 2.0 uL from A3 of MMX Plate on 6 at 1.5 uL/sec
Moving to A3 of MMX Plate on 6
Delaying for 0 minutes and 2.0 seconds
Moving to A3 of MMX Plate on 6
Moving to A3 of MMX Plate on 6
Moving to A3 of MMX Plate on 6
Aspirating 2.0 uL from A3 of MMX Plate on 6 at 1.5 uL/sec
Dispensing 2.0 uL into A17 of Reaction Plate on 5 at 1.5 uL/sec
Dispensing 2.0 uL into A17 of Reaction Plate on 5 at 1.5 uL/sec
Mixing 2 times with a volume of 8.0 ul
	Aspirating 8.0 uL from A17 of Reaction Plate on 5 at 3.0 uL/sec
	Dispensing 8.0 uL into A17 of Reaction Plate on 5 at 3.0 uL/sec
	Aspirating 8.0 uL from A17 of Reaction Plate on 5 at 3.0 uL/sec
	Dispensing 8.0 uL into A17 of Reaction Plate on 5 at 3.0 uL/sec
Blowing out at A17 of Reaction Plate on 5
Moving to A17 of Reaction Plate on 5
Moving to A17 of Reaction Plate on 5
Moving to A17 of Reaction Plate on 5
Returning tip
	Dropping tip into A9 of Opentrons OT-2 96 Filter Tip Rack 20 µL on 7


Picking up tip from A10 of Opentrons OT-2 96 Filter Tip Rack 20 µL on 7
Aspirating 2.0 uL from A3 of MMX Plate on 6 at 1.5 uL/sec
Moving to A3 of MMX Plate on 6
Delaying for 0 minutes and 2.0 seconds
Moving to A3 of MMX Plate on 6
Moving to A3 of MMX Plate on 6
Moving to A3 of MMX Plate on 6
Aspirating 2.0 uL from A3 of MMX Plate on 6 at 1.5 uL/sec
Dispensing 2.0 uL into A19 of Reaction Plate on 5 at 1.5 uL/sec
Dispensing 2.0 uL into A19 of Reaction Plate on 5 at 1.5 uL/sec
Mixing 2 times with a volume of 8.0 ul
	Aspirating 8.0 uL from A19 of Reaction Plate on 5 at 3.0 uL/sec
	Dispensing 8.0 uL into A19 of Reaction Plate on 5 at 3.0 uL/sec
	Aspirating 8.0 uL from A19 of Reaction Plate on 5 at 3.0 uL/sec
	Dispensing 8.0 uL into A19 of Reaction Plate on 5 at 3.0 uL/sec
Blowing out at A19 of Reaction Plate on 5
Moving to A19 of Reaction Plate on 5
Moving to A19 of Reaction Plate on 5
Moving to A19 of Reaction Plate on 5
Returning tip
	Dropping tip into A10 of Opentrons OT-2 96 Filter Tip Rack 20 µL on 7


Picking up tip from A11 of Opentrons OT-2 96 Filter Tip Rack 20 µL on 7
Aspirating 2.0 uL from A3 of MMX Plate on 6 at 1.5 uL/sec
Moving to A3 of MMX Plate on 6
Delaying for 0 minutes and 2.0 seconds
Moving to A3 of MMX Plate on 6
Moving to A3 of MMX Plate on 6
Moving to A3 of MMX Plate on 6
Aspirating 2.0 uL from A3 of MMX Plate on 6 at 1.5 uL/sec
Dispensing 2.0 uL into A21 of Reaction Plate on 5 at 1.5 uL/sec
Dispensing 2.0 uL into A21 of Reaction Plate on 5 at 1.5 uL/sec
Mixing 2 times with a volume of 8.0 ul
	Aspirating 8.0 uL from A21 of Reaction Plate on 5 at 3.0 uL/sec
	Dispensing 8.0 uL into A21 of Reaction Plate on 5 at 3.0 uL/sec
	Aspirating 8.0 uL from A21 of Reaction Plate on 5 at 3.0 uL/sec
	Dispensing 8.0 uL into A21 of Reaction Plate on 5 at 3.0 uL/sec
Blowing out at A21 of Reaction Plate on 5
Moving to A21 of Reaction Plate on 5
Moving to A21 of Reaction Plate on 5
Moving to A21 of Reaction Plate on 5
Returning tip
	Dropping tip into A11 of Opentrons OT-2 96 Filter Tip Rack 20 µL on 7


Picking up tip from A12 of Opentrons OT-2 96 Filter Tip Rack 20 µL on 7
Aspirating 2.0 uL from A3 of MMX Plate on 6 at 1.5 uL/sec
Moving to A3 of MMX Plate on 6
Delaying for 0 minutes and 2.0 seconds
Moving to A3 of MMX Plate on 6
Moving to A3 of MMX Plate on 6
Moving to A3 of MMX Plate on 6
Aspirating 2.0 uL from A3 of MMX Plate on 6 at 1.5 uL/sec
Dispensing 2.0 uL into A23 of Reaction Plate on 5 at 1.5 uL/sec
Dispensing 2.0 uL into A23 of Reaction Plate on 5 at 1.5 uL/sec
Mixing 2 times with a volume of 8.0 ul
	Aspirating 8.0 uL from A23 of Reaction Plate on 5 at 3.0 uL/sec
	Dispensing 8.0 uL into A23 of Reaction Plate on 5 at 3.0 uL/sec
	Aspirating 8.0 uL from A23 of Reaction Plate on 5 at 3.0 uL/sec
	Dispensing 8.0 uL into A23 of Reaction Plate on 5 at 3.0 uL/sec
Blowing out at A23 of Reaction Plate on 5
Moving to A23 of Reaction Plate on 5
Moving to A23 of Reaction Plate on 5
Moving to A23 of Reaction Plate on 5
Returning tip
	Dropping tip into A12 of Opentrons OT-2 96 Filter Tip Rack 20 µL on 7


Picking up tip from A1 of Opentrons OT-2 96 Filter Tip Rack 20 µL on 8
Aspirating 2.0 uL from A3 of MMX Plate on 6 at 1.5 uL/sec
Moving to A3 of MMX Plate on 6
Delaying for 0 minutes and 2.0 seconds
Moving to A3 of MMX Plate on 6
Moving to A3 of MMX Plate on 6
Moving to A3 of MMX Plate on 6
Aspirating 2.0 uL from A3 of MMX Plate on 6 at 1.5 uL/sec
Dispensing 2.0 uL into B1 of Reaction Plate on 5 at 1.5 uL/sec
Dispensing 2.0 uL into B1 of Reaction Plate on 5 at 1.5 uL/sec
Mixing 2 times with a volume of 8.0 ul
	Aspirating 8.0 uL from B1 of Reaction Plate on 5 at 3.0 uL/sec
	Dispensing 8.0 uL into B1 of Reaction Plate on 5 at 3.0 uL/sec
	Aspirating 8.0 uL from B1 of Reaction Plate on 5 at 3.0 uL/sec
	Dispensing 8.0 uL into B1 of Reaction Plate on 5 at 3.0 uL/sec
Blowing out at B1 of Reaction Plate on 5
Moving to B1 of Reaction Plate on 5
Moving to B1 of Reaction Plate on 5
Moving to B1 of Reaction Plate on 5
Returning tip
	Dropping tip into A1 of Opentrons OT-2 96 Filter Tip Rack 20 µL on 8


Picking up tip from A2 of Opentrons OT-2 96 Filter Tip Rack 20 µL on 8
Aspirating 2.0 uL from A3 of MMX Plate on 6 at 1.5 uL/sec
Moving to A3 of MMX Plate on 6
Delaying for 0 minutes and 2.0 seconds
Moving to A3 of MMX Plate on 6
Moving to A3 of MMX Plate on 6
Moving to A3 of MMX Plate on 6
Aspirating 2.0 uL from A3 of MMX Plate on 6 at 1.5 uL/sec
Dispensing 2.0 uL into B3 of Reaction Plate on 5 at 1.5 uL/sec
Dispensing 2.0 uL into B3 of Reaction Plate on 5 at 1.5 uL/sec
Mixing 2 times with a volume of 8.0 ul
	Aspirating 8.0 uL from B3 of Reaction Plate on 5 at 3.0 uL/sec
	Dispensing 8.0 uL into B3 of Reaction Plate on 5 at 3.0 uL/sec
	Aspirating 8.0 uL from B3 of Reaction Plate on 5 at 3.0 uL/sec
	Dispensing 8.0 uL into B3 of Reaction Plate on 5 at 3.0 uL/sec
Blowing out at B3 of Reaction Plate on 5
Moving to B3 of Reaction Plate on 5
Moving to B3 of Reaction Plate on 5
Moving to B3 of Reaction Plate on 5
Returning tip
	Dropping tip into A2 of Opentrons OT-2 96 Filter Tip Rack 20 µL on 8


Picking up tip from A3 of Opentrons OT-2 96 Filter Tip Rack 20 µL on 8
Aspirating 2.0 uL from A3 of MMX Plate on 6 at 1.5 uL/sec
Moving to A3 of MMX Plate on 6
Delaying for 0 minutes and 2.0 seconds
Moving to A3 of MMX Plate on 6
Moving to A3 of MMX Plate on 6
Moving to A3 of MMX Plate on 6
Aspirating 2.0 uL from A3 of MMX Plate on 6 at 1.5 uL/sec
Dispensing 2.0 uL into B5 of Reaction Plate on 5 at 1.5 uL/sec
Dispensing 2.0 uL into B5 of Reaction Plate on 5 at 1.5 uL/sec
Mixing 2 times with a volume of 8.0 ul
	Aspirating 8.0 uL from B5 of Reaction Plate on 5 at 3.0 uL/sec
	Dispensing 8.0 uL into B5 of Reaction Plate on 5 at 3.0 uL/sec
	Aspirating 8.0 uL from B5 of Reaction Plate on 5 at 3.0 uL/sec
	Dispensing 8.0 uL into B5 of Reaction Plate on 5 at 3.0 uL/sec
Blowing out at B5 of Reaction Plate on 5
Moving to B5 of Reaction Plate on 5
Moving to B5 of Reaction Plate on 5
Moving to B5 of Reaction Plate on 5
Returning tip
	Dropping tip into A3 of Opentrons OT-2 96 Filter Tip Rack 20 µL on 8


Picking up tip from A4 of Opentrons OT-2 96 Filter Tip Rack 20 µL on 8
Aspirating 2.0 uL from A3 of MMX Plate on 6 at 1.5 uL/sec
Moving to A3 of MMX Plate on 6
Delaying for 0 minutes and 2.0 seconds
Moving to A3 of MMX Plate on 6
Moving to A3 of MMX Plate on 6
Moving to A3 of MMX Plate on 6
Aspirating 2.0 uL from A3 of MMX Plate on 6 at 1.5 uL/sec
Dispensing 2.0 uL into B7 of Reaction Plate on 5 at 1.5 uL/sec
Dispensing 2.0 uL into B7 of Reaction Plate on 5 at 1.5 uL/sec
Mixing 2 times with a volume of 8.0 ul
	Aspirating 8.0 uL from B7 of Reaction Plate on 5 at 3.0 uL/sec
	Dispensing 8.0 uL into B7 of Reaction Plate on 5 at 3.0 uL/sec
	Aspirating 8.0 uL from B7 of Reaction Plate on 5 at 3.0 uL/sec
	Dispensing 8.0 uL into B7 of Reaction Plate on 5 at 3.0 uL/sec
Blowing out at B7 of Reaction Plate on 5
Moving to B7 of Reaction Plate on 5
Moving to B7 of Reaction Plate on 5
Moving to B7 of Reaction Plate on 5
Returning tip
	Dropping tip into A4 of Opentrons OT-2 96 Filter Tip Rack 20 µL on 8


Picking up tip from A5 of Opentrons OT-2 96 Filter Tip Rack 20 µL on 8
Aspirating 2.0 uL from A3 of MMX Plate on 6 at 1.5 uL/sec
Moving to A3 of MMX Plate on 6
Delaying for 0 minutes and 2.0 seconds
Moving to A3 of MMX Plate on 6
Moving to A3 of MMX Plate on 6
Moving to A3 of MMX Plate on 6
Aspirating 2.0 uL from A3 of MMX Plate on 6 at 1.5 uL/sec
Dispensing 2.0 uL into B9 of Reaction Plate on 5 at 1.5 uL/sec
Dispensing 2.0 uL into B9 of Reaction Plate on 5 at 1.5 uL/sec
Mixing 2 times with a volume of 8.0 ul
	Aspirating 8.0 uL from B9 of Reaction Plate on 5 at 3.0 uL/sec
	Dispensing 8.0 uL into B9 of Reaction Plate on 5 at 3.0 uL/sec
	Aspirating 8.0 uL from B9 of Reaction Plate on 5 at 3.0 uL/sec
	Dispensing 8.0 uL into B9 of Reaction Plate on 5 at 3.0 uL/sec
Blowing out at B9 of Reaction Plate on 5
Moving to B9 of Reaction Plate on 5
Moving to B9 of Reaction Plate on 5
Moving to B9 of Reaction Plate on 5
Returning tip
	Dropping tip into A5 of Opentrons OT-2 96 Filter Tip Rack 20 µL on 8


Picking up tip from A6 of Opentrons OT-2 96 Filter Tip Rack 20 µL on 8
Aspirating 2.0 uL from A3 of MMX Plate on 6 at 1.5 uL/sec
Moving to A3 of MMX Plate on 6
Delaying for 0 minutes and 2.0 seconds
Moving to A3 of MMX Plate on 6
Moving to A3 of MMX Plate on 6
Moving to A3 of MMX Plate on 6
Aspirating 2.0 uL from A3 of MMX Plate on 6 at 1.5 uL/sec
Dispensing 2.0 uL into B11 of Reaction Plate on 5 at 1.5 uL/sec
Dispensing 2.0 uL into B11 of Reaction Plate on 5 at 1.5 uL/sec
Mixing 2 times with a volume of 8.0 ul
	Aspirating 8.0 uL from B11 of Reaction Plate on 5 at 3.0 uL/sec
	Dispensing 8.0 uL into B11 of Reaction Plate on 5 at 3.0 uL/sec
	Aspirating 8.0 uL from B11 of Reaction Plate on 5 at 3.0 uL/sec
	Dispensing 8.0 uL into B11 of Reaction Plate on 5 at 3.0 uL/sec
Blowing out at B11 of Reaction Plate on 5
Moving to B11 of Reaction Plate on 5
Moving to B11 of Reaction Plate on 5
Moving to B11 of Reaction Plate on 5
Returning tip
	Dropping tip into A6 of Opentrons OT-2 96 Filter Tip Rack 20 µL on 8


Picking up tip from A7 of Opentrons OT-2 96 Filter Tip Rack 20 µL on 8
Aspirating 2.0 uL from A3 of MMX Plate on 6 at 1.5 uL/sec
Moving to A3 of MMX Plate on 6
Delaying for 0 minutes and 2.0 seconds
Moving to A3 of MMX Plate on 6
Moving to A3 of MMX Plate on 6
Moving to A3 of MMX Plate on 6
Aspirating 2.0 uL from A3 of MMX Plate on 6 at 1.5 uL/sec
Dispensing 2.0 uL into B13 of Reaction Plate on 5 at 1.5 uL/sec
Dispensing 2.0 uL into B13 of Reaction Plate on 5 at 1.5 uL/sec
Mixing 2 times with a volume of 8.0 ul
	Aspirating 8.0 uL from B13 of Reaction Plate on 5 at 3.0 uL/sec
	Dispensing 8.0 uL into B13 of Reaction Plate on 5 at 3.0 uL/sec
	Aspirating 8.0 uL from B13 of Reaction Plate on 5 at 3.0 uL/sec
	Dispensing 8.0 uL into B13 of Reaction Plate on 5 at 3.0 uL/sec
Blowing out at B13 of Reaction Plate on 5
Moving to B13 of Reaction Plate on 5
Moving to B13 of Reaction Plate on 5
Moving to B13 of Reaction Plate on 5
Returning tip
	Dropping tip into A7 of Opentrons OT-2 96 Filter Tip Rack 20 µL on 8


Picking up tip from A8 of Opentrons OT-2 96 Filter Tip Rack 20 µL on 8
Aspirating 2.0 uL from A3 of MMX Plate on 6 at 1.5 uL/sec
Moving to A3 of MMX Plate on 6
Delaying for 0 minutes and 2.0 seconds
Moving to A3 of MMX Plate on 6
Moving to A3 of MMX Plate on 6
Moving to A3 of MMX Plate on 6
Aspirating 2.0 uL from A3 of MMX Plate on 6 at 1.5 uL/sec
Dispensing 2.0 uL into B15 of Reaction Plate on 5 at 1.5 uL/sec
Dispensing 2.0 uL into B15 of Reaction Plate on 5 at 1.5 uL/sec
Mixing 2 times with a volume of 8.0 ul
	Aspirating 8.0 uL from B15 of Reaction Plate on 5 at 3.0 uL/sec
	Dispensing 8.0 uL into B15 of Reaction Plate on 5 at 3.0 uL/sec
	Aspirating 8.0 uL from B15 of Reaction Plate on 5 at 3.0 uL/sec
	Dispensing 8.0 uL into B15 of Reaction Plate on 5 at 3.0 uL/sec
Blowing out at B15 of Reaction Plate on 5
Moving to B15 of Reaction Plate on 5
Moving to B15 of Reaction Plate on 5
Moving to B15 of Reaction Plate on 5
Returning tip
	Dropping tip into A8 of Opentrons OT-2 96 Filter Tip Rack 20 µL on 8


Picking up tip from A9 of Opentrons OT-2 96 Filter Tip Rack 20 µL on 8
Aspirating 2.0 uL from A3 of MMX Plate on 6 at 1.5 uL/sec
Moving to A3 of MMX Plate on 6
Delaying for 0 minutes and 2.0 seconds
Moving to A3 of MMX Plate on 6
Moving to A3 of MMX Plate on 6
Moving to A3 of MMX Plate on 6
Aspirating 2.0 uL from A3 of MMX Plate on 6 at 1.5 uL/sec
Dispensing 2.0 uL into B17 of Reaction Plate on 5 at 1.5 uL/sec
Dispensing 2.0 uL into B17 of Reaction Plate on 5 at 1.5 uL/sec
Mixing 2 times with a volume of 8.0 ul
	Aspirating 8.0 uL from B17 of Reaction Plate on 5 at 3.0 uL/sec
	Dispensing 8.0 uL into B17 of Reaction Plate on 5 at 3.0 uL/sec
	Aspirating 8.0 uL from B17 of Reaction Plate on 5 at 3.0 uL/sec
	Dispensing 8.0 uL into B17 of Reaction Plate on 5 at 3.0 uL/sec
Blowing out at B17 of Reaction Plate on 5
Moving to B17 of Reaction Plate on 5
Moving to B17 of Reaction Plate on 5
Moving to B17 of Reaction Plate on 5
Returning tip
	Dropping tip into A9 of Opentrons OT-2 96 Filter Tip Rack 20 µL on 8


Picking up tip from A10 of Opentrons OT-2 96 Filter Tip Rack 20 µL on 8
Aspirating 2.0 uL from A3 of MMX Plate on 6 at 1.5 uL/sec
Moving to A3 of MMX Plate on 6
Delaying for 0 minutes and 2.0 seconds
Moving to A3 of MMX Plate on 6
Moving to A3 of MMX Plate on 6
Moving to A3 of MMX Plate on 6
Aspirating 2.0 uL from A3 of MMX Plate on 6 at 1.5 uL/sec
Dispensing 2.0 uL into B19 of Reaction Plate on 5 at 1.5 uL/sec
Dispensing 2.0 uL into B19 of Reaction Plate on 5 at 1.5 uL/sec
Mixing 2 times with a volume of 8.0 ul
	Aspirating 8.0 uL from B19 of Reaction Plate on 5 at 3.0 uL/sec
	Dispensing 8.0 uL into B19 of Reaction Plate on 5 at 3.0 uL/sec
	Aspirating 8.0 uL from B19 of Reaction Plate on 5 at 3.0 uL/sec
	Dispensing 8.0 uL into B19 of Reaction Plate on 5 at 3.0 uL/sec
Blowing out at B19 of Reaction Plate on 5
Moving to B19 of Reaction Plate on 5
Moving to B19 of Reaction Plate on 5
Moving to B19 of Reaction Plate on 5
Returning tip
	Dropping tip into A10 of Opentrons OT-2 96 Filter Tip Rack 20 µL on 8


Picking up tip from A11 of Opentrons OT-2 96 Filter Tip Rack 20 µL on 8
Aspirating 2.0 uL from A3 of MMX Plate on 6 at 1.5 uL/sec
Moving to A3 of MMX Plate on 6
Delaying for 0 minutes and 2.0 seconds
Moving to A3 of MMX Plate on 6
Moving to A3 of MMX Plate on 6
Moving to A3 of MMX Plate on 6
Aspirating 2.0 uL from A3 of MMX Plate on 6 at 1.5 uL/sec
Dispensing 2.0 uL into B21 of Reaction Plate on 5 at 1.5 uL/sec
Dispensing 2.0 uL into B21 of Reaction Plate on 5 at 1.5 uL/sec
Mixing 2 times with a volume of 8.0 ul
	Aspirating 8.0 uL from B21 of Reaction Plate on 5 at 3.0 uL/sec
	Dispensing 8.0 uL into B21 of Reaction Plate on 5 at 3.0 uL/sec
	Aspirating 8.0 uL from B21 of Reaction Plate on 5 at 3.0 uL/sec
	Dispensing 8.0 uL into B21 of Reaction Plate on 5 at 3.0 uL/sec
Blowing out at B21 of Reaction Plate on 5
Moving to B21 of Reaction Plate on 5
Moving to B21 of Reaction Plate on 5
Moving to B21 of Reaction Plate on 5
Returning tip
	Dropping tip into A11 of Opentrons OT-2 96 Filter Tip Rack 20 µL on 8


Picking up tip from A12 of Opentrons OT-2 96 Filter Tip Rack 20 µL on 8
Aspirating 2.0 uL from A3 of MMX Plate on 6 at 1.5 uL/sec
Moving to A3 of MMX Plate on 6
Delaying for 0 minutes and 2.0 seconds
Moving to A3 of MMX Plate on 6
Moving to A3 of MMX Plate on 6
Moving to A3 of MMX Plate on 6
Aspirating 2.0 uL from A3 of MMX Plate on 6 at 1.5 uL/sec
Dispensing 2.0 uL into B23 of Reaction Plate on 5 at 1.5 uL/sec
Dispensing 2.0 uL into B23 of Reaction Plate on 5 at 1.5 uL/sec
Mixing 2 times with a volume of 8.0 ul
	Aspirating 8.0 uL from B23 of Reaction Plate on 5 at 3.0 uL/sec
	Dispensing 8.0 uL into B23 of Reaction Plate on 5 at 3.0 uL/sec
	Aspirating 8.0 uL from B23 of Reaction Plate on 5 at 3.0 uL/sec
	Dispensing 8.0 uL into B23 of Reaction Plate on 5 at 3.0 uL/sec
Blowing out at B23 of Reaction Plate on 5
Moving to B23 of Reaction Plate on 5
Moving to B23 of Reaction Plate on 5
Moving to B23 of Reaction Plate on 5
Returning tip
	Dropping tip into A12 of Opentrons OT-2 96 Filter Tip Rack 20 µL on 8


Picking up tip from A1 of Opentrons OT-2 96 Filter Tip Rack 20 µL on 9
Aspirating 2.0 uL from A3 of MMX Plate on 6 at 1.5 uL/sec
Moving to A3 of MMX Plate on 6
Delaying for 0 minutes and 2.0 seconds
Moving to A3 of MMX Plate on 6
Moving to A3 of MMX Plate on 6
Moving to A3 of MMX Plate on 6
Aspirating 2.0 uL from A3 of MMX Plate on 6 at 1.5 uL/sec
Dispensing 2.0 uL into A2 of Reaction Plate on 5 at 1.5 uL/sec
Dispensing 2.0 uL into A2 of Reaction Plate on 5 at 1.5 uL/sec
Mixing 2 times with a volume of 8.0 ul
	Aspirating 8.0 uL from A2 of Reaction Plate on 5 at 3.0 uL/sec
	Dispensing 8.0 uL into A2 of Reaction Plate on 5 at 3.0 uL/sec
	Aspirating 8.0 uL from A2 of Reaction Plate on 5 at 3.0 uL/sec
	Dispensing 8.0 uL into A2 of Reaction Plate on 5 at 3.0 uL/sec
Blowing out at A2 of Reaction Plate on 5
Moving to A2 of Reaction Plate on 5
Moving to A2 of Reaction Plate on 5
Moving to A2 of Reaction Plate on 5
Returning tip
	Dropping tip into A1 of Opentrons OT-2 96 Filter Tip Rack 20 µL on 9


Picking up tip from A2 of Opentrons OT-2 96 Filter Tip Rack 20 µL on 9
Aspirating 2.0 uL from A3 of MMX Plate on 6 at 1.5 uL/sec
Moving to A3 of MMX Plate on 6
Delaying for 0 minutes and 2.0 seconds
Moving to A3 of MMX Plate on 6
Moving to A3 of MMX Plate on 6
Moving to A3 of MMX Plate on 6
Aspirating 2.0 uL from A3 of MMX Plate on 6 at 1.5 uL/sec
Dispensing 2.0 uL into A4 of Reaction Plate on 5 at 1.5 uL/sec
Dispensing 2.0 uL into A4 of Reaction Plate on 5 at 1.5 uL/sec
Mixing 2 times with a volume of 8.0 ul
	Aspirating 8.0 uL from A4 of Reaction Plate on 5 at 3.0 uL/sec
	Dispensing 8.0 uL into A4 of Reaction Plate on 5 at 3.0 uL/sec
	Aspirating 8.0 uL from A4 of Reaction Plate on 5 at 3.0 uL/sec
	Dispensing 8.0 uL into A4 of Reaction Plate on 5 at 3.0 uL/sec
Blowing out at A4 of Reaction Plate on 5
Moving to A4 of Reaction Plate on 5
Moving to A4 of Reaction Plate on 5
Moving to A4 of Reaction Plate on 5
Returning tip
	Dropping tip into A2 of Opentrons OT-2 96 Filter Tip Rack 20 µL on 9


Picking up tip from A3 of Opentrons OT-2 96 Filter Tip Rack 20 µL on 9
Aspirating 2.0 uL from A3 of MMX Plate on 6 at 1.5 uL/sec
Moving to A3 of MMX Plate on 6
Delaying for 0 minutes and 2.0 seconds
Moving to A3 of MMX Plate on 6
Moving to A3 of MMX Plate on 6
Moving to A3 of MMX Plate on 6
Aspirating 2.0 uL from A3 of MMX Plate on 6 at 1.5 uL/sec
Dispensing 2.0 uL into A6 of Reaction Plate on 5 at 1.5 uL/sec
Dispensing 2.0 uL into A6 of Reaction Plate on 5 at 1.5 uL/sec
Mixing 2 times with a volume of 8.0 ul
	Aspirating 8.0 uL from A6 of Reaction Plate on 5 at 3.0 uL/sec
	Dispensing 8.0 uL into A6 of Reaction Plate on 5 at 3.0 uL/sec
	Aspirating 8.0 uL from A6 of Reaction Plate on 5 at 3.0 uL/sec
	Dispensing 8.0 uL into A6 of Reaction Plate on 5 at 3.0 uL/sec
Blowing out at A6 of Reaction Plate on 5
Moving to A6 of Reaction Plate on 5
Moving to A6 of Reaction Plate on 5
Moving to A6 of Reaction Plate on 5
Returning tip
	Dropping tip into A3 of Opentrons OT-2 96 Filter Tip Rack 20 µL on 9


Picking up tip from A4 of Opentrons OT-2 96 Filter Tip Rack 20 µL on 9
Aspirating 2.0 uL from A3 of MMX Plate on 6 at 1.5 uL/sec
Moving to A3 of MMX Plate on 6
Delaying for 0 minutes and 2.0 seconds
Moving to A3 of MMX Plate on 6
Moving to A3 of MMX Plate on 6
Moving to A3 of MMX Plate on 6
Aspirating 2.0 uL from A3 of MMX Plate on 6 at 1.5 uL/sec
Dispensing 2.0 uL into A8 of Reaction Plate on 5 at 1.5 uL/sec
Dispensing 2.0 uL into A8 of Reaction Plate on 5 at 1.5 uL/sec
Mixing 2 times with a volume of 8.0 ul
	Aspirating 8.0 uL from A8 of Reaction Plate on 5 at 3.0 uL/sec
	Dispensing 8.0 uL into A8 of Reaction Plate on 5 at 3.0 uL/sec
	Aspirating 8.0 uL from A8 of Reaction Plate on 5 at 3.0 uL/sec
	Dispensing 8.0 uL into A8 of Reaction Plate on 5 at 3.0 uL/sec
Blowing out at A8 of Reaction Plate on 5
Moving to A8 of Reaction Plate on 5
Moving to A8 of Reaction Plate on 5
Moving to A8 of Reaction Plate on 5
Returning tip
	Dropping tip into A4 of Opentrons OT-2 96 Filter Tip Rack 20 µL on 9


Picking up tip from A5 of Opentrons OT-2 96 Filter Tip Rack 20 µL on 9
Aspirating 2.0 uL from A3 of MMX Plate on 6 at 1.5 uL/sec
Moving to A3 of MMX Plate on 6
Delaying for 0 minutes and 2.0 seconds
Moving to A3 of MMX Plate on 6
Moving to A3 of MMX Plate on 6
Moving to A3 of MMX Plate on 6
Aspirating 2.0 uL from A3 of MMX Plate on 6 at 1.5 uL/sec
Dispensing 2.0 uL into A10 of Reaction Plate on 5 at 1.5 uL/sec
Dispensing 2.0 uL into A10 of Reaction Plate on 5 at 1.5 uL/sec
Mixing 2 times with a volume of 8.0 ul
	Aspirating 8.0 uL from A10 of Reaction Plate on 5 at 3.0 uL/sec
	Dispensing 8.0 uL into A10 of Reaction Plate on 5 at 3.0 uL/sec
	Aspirating 8.0 uL from A10 of Reaction Plate on 5 at 3.0 uL/sec
	Dispensing 8.0 uL into A10 of Reaction Plate on 5 at 3.0 uL/sec
Blowing out at A10 of Reaction Plate on 5
Moving to A10 of Reaction Plate on 5
Moving to A10 of Reaction Plate on 5
Moving to A10 of Reaction Plate on 5
Returning tip
	Dropping tip into A5 of Opentrons OT-2 96 Filter Tip Rack 20 µL on 9


Picking up tip from A6 of Opentrons OT-2 96 Filter Tip Rack 20 µL on 9
Aspirating 2.0 uL from A3 of MMX Plate on 6 at 1.5 uL/sec
Moving to A3 of MMX Plate on 6
Delaying for 0 minutes and 2.0 seconds
Moving to A3 of MMX Plate on 6
Moving to A3 of MMX Plate on 6
Moving to A3 of MMX Plate on 6
Aspirating 2.0 uL from A3 of MMX Plate on 6 at 1.5 uL/sec
Dispensing 2.0 uL into A12 of Reaction Plate on 5 at 1.5 uL/sec
Dispensing 2.0 uL into A12 of Reaction Plate on 5 at 1.5 uL/sec
Mixing 2 times with a volume of 8.0 ul
	Aspirating 8.0 uL from A12 of Reaction Plate on 5 at 3.0 uL/sec
	Dispensing 8.0 uL into A12 of Reaction Plate on 5 at 3.0 uL/sec
	Aspirating 8.0 uL from A12 of Reaction Plate on 5 at 3.0 uL/sec
	Dispensing 8.0 uL into A12 of Reaction Plate on 5 at 3.0 uL/sec
Blowing out at A12 of Reaction Plate on 5
Moving to A12 of Reaction Plate on 5
Moving to A12 of Reaction Plate on 5
Moving to A12 of Reaction Plate on 5
Returning tip
	Dropping tip into A6 of Opentrons OT-2 96 Filter Tip Rack 20 µL on 9


Picking up tip from A7 of Opentrons OT-2 96 Filter Tip Rack 20 µL on 9
Aspirating 2.0 uL from A3 of MMX Plate on 6 at 1.5 uL/sec
Moving to A3 of MMX Plate on 6
Delaying for 0 minutes and 2.0 seconds
Moving to A3 of MMX Plate on 6
Moving to A3 of MMX Plate on 6
Moving to A3 of MMX Plate on 6
Aspirating 2.0 uL from A3 of MMX Plate on 6 at 1.5 uL/sec
Dispensing 2.0 uL into A14 of Reaction Plate on 5 at 1.5 uL/sec
Dispensing 2.0 uL into A14 of Reaction Plate on 5 at 1.5 uL/sec
Mixing 2 times with a volume of 8.0 ul
	Aspirating 8.0 uL from A14 of Reaction Plate on 5 at 3.0 uL/sec
	Dispensing 8.0 uL into A14 of Reaction Plate on 5 at 3.0 uL/sec
	Aspirating 8.0 uL from A14 of Reaction Plate on 5 at 3.0 uL/sec
	Dispensing 8.0 uL into A14 of Reaction Plate on 5 at 3.0 uL/sec
Blowing out at A14 of Reaction Plate on 5
Moving to A14 of Reaction Plate on 5
Moving to A14 of Reaction Plate on 5
Moving to A14 of Reaction Plate on 5
Returning tip
	Dropping tip into A7 of Opentrons OT-2 96 Filter Tip Rack 20 µL on 9


Picking up tip from A8 of Opentrons OT-2 96 Filter Tip Rack 20 µL on 9
Aspirating 2.0 uL from A3 of MMX Plate on 6 at 1.5 uL/sec
Moving to A3 of MMX Plate on 6
Delaying for 0 minutes and 2.0 seconds
Moving to A3 of MMX Plate on 6
Moving to A3 of MMX Plate on 6
Moving to A3 of MMX Plate on 6
Aspirating 2.0 uL from A3 of MMX Plate on 6 at 1.5 uL/sec
Dispensing 2.0 uL into A16 of Reaction Plate on 5 at 1.5 uL/sec
Dispensing 2.0 uL into A16 of Reaction Plate on 5 at 1.5 uL/sec
Mixing 2 times with a volume of 8.0 ul
	Aspirating 8.0 uL from A16 of Reaction Plate on 5 at 3.0 uL/sec
	Dispensing 8.0 uL into A16 of Reaction Plate on 5 at 3.0 uL/sec
	Aspirating 8.0 uL from A16 of Reaction Plate on 5 at 3.0 uL/sec
	Dispensing 8.0 uL into A16 of Reaction Plate on 5 at 3.0 uL/sec
Blowing out at A16 of Reaction Plate on 5
Moving to A16 of Reaction Plate on 5
Moving to A16 of Reaction Plate on 5
Moving to A16 of Reaction Plate on 5
Returning tip
	Dropping tip into A8 of Opentrons OT-2 96 Filter Tip Rack 20 µL on 9


Picking up tip from A9 of Opentrons OT-2 96 Filter Tip Rack 20 µL on 9
Aspirating 2.0 uL from A3 of MMX Plate on 6 at 1.5 uL/sec
Moving to A3 of MMX Plate on 6
Delaying for 0 minutes and 2.0 seconds
Moving to A3 of MMX Plate on 6
Moving to A3 of MMX Plate on 6
Moving to A3 of MMX Plate on 6
Aspirating 2.0 uL from A3 of MMX Plate on 6 at 1.5 uL/sec
Dispensing 2.0 uL into A18 of Reaction Plate on 5 at 1.5 uL/sec
Dispensing 2.0 uL into A18 of Reaction Plate on 5 at 1.5 uL/sec
Mixing 2 times with a volume of 8.0 ul
	Aspirating 8.0 uL from A18 of Reaction Plate on 5 at 3.0 uL/sec
	Dispensing 8.0 uL into A18 of Reaction Plate on 5 at 3.0 uL/sec
	Aspirating 8.0 uL from A18 of Reaction Plate on 5 at 3.0 uL/sec
	Dispensing 8.0 uL into A18 of Reaction Plate on 5 at 3.0 uL/sec
Blowing out at A18 of Reaction Plate on 5
Moving to A18 of Reaction Plate on 5
Moving to A18 of Reaction Plate on 5
Moving to A18 of Reaction Plate on 5
Returning tip
	Dropping tip into A9 of Opentrons OT-2 96 Filter Tip Rack 20 µL on 9


Picking up tip from A10 of Opentrons OT-2 96 Filter Tip Rack 20 µL on 9
Aspirating 2.0 uL from A3 of MMX Plate on 6 at 1.5 uL/sec
Moving to A3 of MMX Plate on 6
Delaying for 0 minutes and 2.0 seconds
Moving to A3 of MMX Plate on 6
Moving to A3 of MMX Plate on 6
Moving to A3 of MMX Plate on 6
Aspirating 2.0 uL from A3 of MMX Plate on 6 at 1.5 uL/sec
Dispensing 2.0 uL into A20 of Reaction Plate on 5 at 1.5 uL/sec
Dispensing 2.0 uL into A20 of Reaction Plate on 5 at 1.5 uL/sec
Mixing 2 times with a volume of 8.0 ul
	Aspirating 8.0 uL from A20 of Reaction Plate on 5 at 3.0 uL/sec
	Dispensing 8.0 uL into A20 of Reaction Plate on 5 at 3.0 uL/sec
	Aspirating 8.0 uL from A20 of Reaction Plate on 5 at 3.0 uL/sec
	Dispensing 8.0 uL into A20 of Reaction Plate on 5 at 3.0 uL/sec
Blowing out at A20 of Reaction Plate on 5
Moving to A20 of Reaction Plate on 5
Moving to A20 of Reaction Plate on 5
Moving to A20 of Reaction Plate on 5
Returning tip
	Dropping tip into A10 of Opentrons OT-2 96 Filter Tip Rack 20 µL on 9


Picking up tip from A11 of Opentrons OT-2 96 Filter Tip Rack 20 µL on 9
Aspirating 2.0 uL from A3 of MMX Plate on 6 at 1.5 uL/sec
Moving to A3 of MMX Plate on 6
Delaying for 0 minutes and 2.0 seconds
Moving to A3 of MMX Plate on 6
Moving to A3 of MMX Plate on 6
Moving to A3 of MMX Plate on 6
Aspirating 2.0 uL from A3 of MMX Plate on 6 at 1.5 uL/sec
Dispensing 2.0 uL into A22 of Reaction Plate on 5 at 1.5 uL/sec
Dispensing 2.0 uL into A22 of Reaction Plate on 5 at 1.5 uL/sec
Mixing 2 times with a volume of 8.0 ul
	Aspirating 8.0 uL from A22 of Reaction Plate on 5 at 3.0 uL/sec
	Dispensing 8.0 uL into A22 of Reaction Plate on 5 at 3.0 uL/sec
	Aspirating 8.0 uL from A22 of Reaction Plate on 5 at 3.0 uL/sec
	Dispensing 8.0 uL into A22 of Reaction Plate on 5 at 3.0 uL/sec
Blowing out at A22 of Reaction Plate on 5
Moving to A22 of Reaction Plate on 5
Moving to A22 of Reaction Plate on 5
Moving to A22 of Reaction Plate on 5
Returning tip
	Dropping tip into A11 of Opentrons OT-2 96 Filter Tip Rack 20 µL on 9


Picking up tip from A12 of Opentrons OT-2 96 Filter Tip Rack 20 µL on 9
Aspirating 2.0 uL from A3 of MMX Plate on 6 at 1.5 uL/sec
Moving to A3 of MMX Plate on 6
Delaying for 0 minutes and 2.0 seconds
Moving to A3 of MMX Plate on 6
Moving to A3 of MMX Plate on 6
Moving to A3 of MMX Plate on 6
Aspirating 2.0 uL from A3 of MMX Plate on 6 at 1.5 uL/sec
Dispensing 2.0 uL into A24 of Reaction Plate on 5 at 1.5 uL/sec
Dispensing 2.0 uL into A24 of Reaction Plate on 5 at 1.5 uL/sec
Mixing 2 times with a volume of 8.0 ul
	Aspirating 8.0 uL from A24 of Reaction Plate on 5 at 3.0 uL/sec
	Dispensing 8.0 uL into A24 of Reaction Plate on 5 at 3.0 uL/sec
	Aspirating 8.0 uL from A24 of Reaction Plate on 5 at 3.0 uL/sec
	Dispensing 8.0 uL into A24 of Reaction Plate on 5 at 3.0 uL/sec
Blowing out at A24 of Reaction Plate on 5
Moving to A24 of Reaction Plate on 5
Moving to A24 of Reaction Plate on 5
Moving to A24 of Reaction Plate on 5
Returning tip
	Dropping tip into A12 of Opentrons OT-2 96 Filter Tip Rack 20 µL on 9


Picking up tip from A1 of Opentrons OT-2 96 Filter Tip Rack 20 µL on 10
Aspirating 2.0 uL from A3 of MMX Plate on 6 at 1.5 uL/sec
Moving to A3 of MMX Plate on 6
Delaying for 0 minutes and 2.0 seconds
Moving to A3 of MMX Plate on 6
Moving to A3 of MMX Plate on 6
Moving to A3 of MMX Plate on 6
Aspirating 2.0 uL from A3 of MMX Plate on 6 at 1.5 uL/sec
Dispensing 2.0 uL into B2 of Reaction Plate on 5 at 1.5 uL/sec
Dispensing 2.0 uL into B2 of Reaction Plate on 5 at 1.5 uL/sec
Mixing 2 times with a volume of 8.0 ul
	Aspirating 8.0 uL from B2 of Reaction Plate on 5 at 3.0 uL/sec
	Dispensing 8.0 uL into B2 of Reaction Plate on 5 at 3.0 uL/sec
	Aspirating 8.0 uL from B2 of Reaction Plate on 5 at 3.0 uL/sec
	Dispensing 8.0 uL into B2 of Reaction Plate on 5 at 3.0 uL/sec
Blowing out at B2 of Reaction Plate on 5
Moving to B2 of Reaction Plate on 5
Moving to B2 of Reaction Plate on 5
Moving to B2 of Reaction Plate on 5
Returning tip
	Dropping tip into A1 of Opentrons OT-2 96 Filter Tip Rack 20 µL on 10


Picking up tip from A2 of Opentrons OT-2 96 Filter Tip Rack 20 µL on 10
Aspirating 2.0 uL from A3 of MMX Plate on 6 at 1.5 uL/sec
Moving to A3 of MMX Plate on 6
Delaying for 0 minutes and 2.0 seconds
Moving to A3 of MMX Plate on 6
Moving to A3 of MMX Plate on 6
Moving to A3 of MMX Plate on 6
Aspirating 2.0 uL from A3 of MMX Plate on 6 at 1.5 uL/sec
Dispensing 2.0 uL into B4 of Reaction Plate on 5 at 1.5 uL/sec
Dispensing 2.0 uL into B4 of Reaction Plate on 5 at 1.5 uL/sec
Mixing 2 times with a volume of 8.0 ul
	Aspirating 8.0 uL from B4 of Reaction Plate on 5 at 3.0 uL/sec
	Dispensing 8.0 uL into B4 of Reaction Plate on 5 at 3.0 uL/sec
	Aspirating 8.0 uL from B4 of Reaction Plate on 5 at 3.0 uL/sec
	Dispensing 8.0 uL into B4 of Reaction Plate on 5 at 3.0 uL/sec
Blowing out at B4 of Reaction Plate on 5
Moving to B4 of Reaction Plate on 5
Moving to B4 of Reaction Plate on 5
Moving to B4 of Reaction Plate on 5
Returning tip
	Dropping tip into A2 of Opentrons OT-2 96 Filter Tip Rack 20 µL on 10


Picking up tip from A3 of Opentrons OT-2 96 Filter Tip Rack 20 µL on 10
Aspirating 2.0 uL from A3 of MMX Plate on 6 at 1.5 uL/sec
Moving to A3 of MMX Plate on 6
Delaying for 0 minutes and 2.0 seconds
Moving to A3 of MMX Plate on 6
Moving to A3 of MMX Plate on 6
Moving to A3 of MMX Plate on 6
Aspirating 2.0 uL from A3 of MMX Plate on 6 at 1.5 uL/sec
Dispensing 2.0 uL into B6 of Reaction Plate on 5 at 1.5 uL/sec
Dispensing 2.0 uL into B6 of Reaction Plate on 5 at 1.5 uL/sec
Mixing 2 times with a volume of 8.0 ul
	Aspirating 8.0 uL from B6 of Reaction Plate on 5 at 3.0 uL/sec
	Dispensing 8.0 uL into B6 of Reaction Plate on 5 at 3.0 uL/sec
	Aspirating 8.0 uL from B6 of Reaction Plate on 5 at 3.0 uL/sec
	Dispensing 8.0 uL into B6 of Reaction Plate on 5 at 3.0 uL/sec
Blowing out at B6 of Reaction Plate on 5
Moving to B6 of Reaction Plate on 5
Moving to B6 of Reaction Plate on 5
Moving to B6 of Reaction Plate on 5
Returning tip
	Dropping tip into A3 of Opentrons OT-2 96 Filter Tip Rack 20 µL on 10


Picking up tip from A4 of Opentrons OT-2 96 Filter Tip Rack 20 µL on 10
Aspirating 2.0 uL from A3 of MMX Plate on 6 at 1.5 uL/sec
Moving to A3 of MMX Plate on 6
Delaying for 0 minutes and 2.0 seconds
Moving to A3 of MMX Plate on 6
Moving to A3 of MMX Plate on 6
Moving to A3 of MMX Plate on 6
Aspirating 2.0 uL from A3 of MMX Plate on 6 at 1.5 uL/sec
Dispensing 2.0 uL into B8 of Reaction Plate on 5 at 1.5 uL/sec
Dispensing 2.0 uL into B8 of Reaction Plate on 5 at 1.5 uL/sec
Mixing 2 times with a volume of 8.0 ul
	Aspirating 8.0 uL from B8 of Reaction Plate on 5 at 3.0 uL/sec
	Dispensing 8.0 uL into B8 of Reaction Plate on 5 at 3.0 uL/sec
	Aspirating 8.0 uL from B8 of Reaction Plate on 5 at 3.0 uL/sec
	Dispensing 8.0 uL into B8 of Reaction Plate on 5 at 3.0 uL/sec
Blowing out at B8 of Reaction Plate on 5
Moving to B8 of Reaction Plate on 5
Moving to B8 of Reaction Plate on 5
Moving to B8 of Reaction Plate on 5
Returning tip
	Dropping tip into A4 of Opentrons OT-2 96 Filter Tip Rack 20 µL on 10


Picking up tip from A5 of Opentrons OT-2 96 Filter Tip Rack 20 µL on 10
Aspirating 2.0 uL from A3 of MMX Plate on 6 at 1.5 uL/sec
Moving to A3 of MMX Plate on 6
Delaying for 0 minutes and 2.0 seconds
Moving to A3 of MMX Plate on 6
Moving to A3 of MMX Plate on 6
Moving to A3 of MMX Plate on 6
Aspirating 2.0 uL from A3 of MMX Plate on 6 at 1.5 uL/sec
Dispensing 2.0 uL into B10 of Reaction Plate on 5 at 1.5 uL/sec
Dispensing 2.0 uL into B10 of Reaction Plate on 5 at 1.5 uL/sec
Mixing 2 times with a volume of 8.0 ul
	Aspirating 8.0 uL from B10 of Reaction Plate on 5 at 3.0 uL/sec
	Dispensing 8.0 uL into B10 of Reaction Plate on 5 at 3.0 uL/sec
	Aspirating 8.0 uL from B10 of Reaction Plate on 5 at 3.0 uL/sec
	Dispensing 8.0 uL into B10 of Reaction Plate on 5 at 3.0 uL/sec
Blowing out at B10 of Reaction Plate on 5
Moving to B10 of Reaction Plate on 5
Moving to B10 of Reaction Plate on 5
Moving to B10 of Reaction Plate on 5
Returning tip
	Dropping tip into A5 of Opentrons OT-2 96 Filter Tip Rack 20 µL on 10


Picking up tip from A6 of Opentrons OT-2 96 Filter Tip Rack 20 µL on 10
Aspirating 2.0 uL from A3 of MMX Plate on 6 at 1.5 uL/sec
Moving to A3 of MMX Plate on 6
Delaying for 0 minutes and 2.0 seconds
Moving to A3 of MMX Plate on 6
Moving to A3 of MMX Plate on 6
Moving to A3 of MMX Plate on 6
Aspirating 2.0 uL from A3 of MMX Plate on 6 at 1.5 uL/sec
Dispensing 2.0 uL into B12 of Reaction Plate on 5 at 1.5 uL/sec
Dispensing 2.0 uL into B12 of Reaction Plate on 5 at 1.5 uL/sec
Mixing 2 times with a volume of 8.0 ul
	Aspirating 8.0 uL from B12 of Reaction Plate on 5 at 3.0 uL/sec
	Dispensing 8.0 uL into B12 of Reaction Plate on 5 at 3.0 uL/sec
	Aspirating 8.0 uL from B12 of Reaction Plate on 5 at 3.0 uL/sec
	Dispensing 8.0 uL into B12 of Reaction Plate on 5 at 3.0 uL/sec
Blowing out at B12 of Reaction Plate on 5
Moving to B12 of Reaction Plate on 5
Moving to B12 of Reaction Plate on 5
Moving to B12 of Reaction Plate on 5
Returning tip
	Dropping tip into A6 of Opentrons OT-2 96 Filter Tip Rack 20 µL on 10


Picking up tip from A7 of Opentrons OT-2 96 Filter Tip Rack 20 µL on 10
Aspirating 2.0 uL from A3 of MMX Plate on 6 at 1.5 uL/sec
Moving to A3 of MMX Plate on 6
Delaying for 0 minutes and 2.0 seconds
Moving to A3 of MMX Plate on 6
Moving to A3 of MMX Plate on 6
Moving to A3 of MMX Plate on 6
Aspirating 2.0 uL from A3 of MMX Plate on 6 at 1.5 uL/sec
Dispensing 2.0 uL into B14 of Reaction Plate on 5 at 1.5 uL/sec
Dispensing 2.0 uL into B14 of Reaction Plate on 5 at 1.5 uL/sec
Mixing 2 times with a volume of 8.0 ul
	Aspirating 8.0 uL from B14 of Reaction Plate on 5 at 3.0 uL/sec
	Dispensing 8.0 uL into B14 of Reaction Plate on 5 at 3.0 uL/sec
	Aspirating 8.0 uL from B14 of Reaction Plate on 5 at 3.0 uL/sec
	Dispensing 8.0 uL into B14 of Reaction Plate on 5 at 3.0 uL/sec
Blowing out at B14 of Reaction Plate on 5
Moving to B14 of Reaction Plate on 5
Moving to B14 of Reaction Plate on 5
Moving to B14 of Reaction Plate on 5
Returning tip
	Dropping tip into A7 of Opentrons OT-2 96 Filter Tip Rack 20 µL on 10


Picking up tip from A8 of Opentrons OT-2 96 Filter Tip Rack 20 µL on 10
Aspirating 2.0 uL from A3 of MMX Plate on 6 at 1.5 uL/sec
Moving to A3 of MMX Plate on 6
Delaying for 0 minutes and 2.0 seconds
Moving to A3 of MMX Plate on 6
Moving to A3 of MMX Plate on 6
Moving to A3 of MMX Plate on 6
Aspirating 2.0 uL from A3 of MMX Plate on 6 at 1.5 uL/sec
Dispensing 2.0 uL into B16 of Reaction Plate on 5 at 1.5 uL/sec
Dispensing 2.0 uL into B16 of Reaction Plate on 5 at 1.5 uL/sec
Mixing 2 times with a volume of 8.0 ul
	Aspirating 8.0 uL from B16 of Reaction Plate on 5 at 3.0 uL/sec
	Dispensing 8.0 uL into B16 of Reaction Plate on 5 at 3.0 uL/sec
	Aspirating 8.0 uL from B16 of Reaction Plate on 5 at 3.0 uL/sec
	Dispensing 8.0 uL into B16 of Reaction Plate on 5 at 3.0 uL/sec
Blowing out at B16 of Reaction Plate on 5
Moving to B16 of Reaction Plate on 5
Moving to B16 of Reaction Plate on 5
Moving to B16 of Reaction Plate on 5
Returning tip
	Dropping tip into A8 of Opentrons OT-2 96 Filter Tip Rack 20 µL on 10


Picking up tip from A9 of Opentrons OT-2 96 Filter Tip Rack 20 µL on 10
Aspirating 2.0 uL from A3 of MMX Plate on 6 at 1.5 uL/sec
Moving to A3 of MMX Plate on 6
Delaying for 0 minutes and 2.0 seconds
Moving to A3 of MMX Plate on 6
Moving to A3 of MMX Plate on 6
Moving to A3 of MMX Plate on 6
Aspirating 2.0 uL from A3 of MMX Plate on 6 at 1.5 uL/sec
Dispensing 2.0 uL into B18 of Reaction Plate on 5 at 1.5 uL/sec
Dispensing 2.0 uL into B18 of Reaction Plate on 5 at 1.5 uL/sec
Mixing 2 times with a volume of 8.0 ul
	Aspirating 8.0 uL from B18 of Reaction Plate on 5 at 3.0 uL/sec
	Dispensing 8.0 uL into B18 of Reaction Plate on 5 at 3.0 uL/sec
	Aspirating 8.0 uL from B18 of Reaction Plate on 5 at 3.0 uL/sec
	Dispensing 8.0 uL into B18 of Reaction Plate on 5 at 3.0 uL/sec
Blowing out at B18 of Reaction Plate on 5
Moving to B18 of Reaction Plate on 5
Moving to B18 of Reaction Plate on 5
Moving to B18 of Reaction Plate on 5
Returning tip
	Dropping tip into A9 of Opentrons OT-2 96 Filter Tip Rack 20 µL on 10


Picking up tip from A10 of Opentrons OT-2 96 Filter Tip Rack 20 µL on 10
Aspirating 2.0 uL from A3 of MMX Plate on 6 at 1.5 uL/sec
Moving to A3 of MMX Plate on 6
Delaying for 0 minutes and 2.0 seconds
Moving to A3 of MMX Plate on 6
Moving to A3 of MMX Plate on 6
Moving to A3 of MMX Plate on 6
Aspirating 2.0 uL from A3 of MMX Plate on 6 at 1.5 uL/sec
Dispensing 2.0 uL into B20 of Reaction Plate on 5 at 1.5 uL/sec
Dispensing 2.0 uL into B20 of Reaction Plate on 5 at 1.5 uL/sec
Mixing 2 times with a volume of 8.0 ul
	Aspirating 8.0 uL from B20 of Reaction Plate on 5 at 3.0 uL/sec
	Dispensing 8.0 uL into B20 of Reaction Plate on 5 at 3.0 uL/sec
	Aspirating 8.0 uL from B20 of Reaction Plate on 5 at 3.0 uL/sec
	Dispensing 8.0 uL into B20 of Reaction Plate on 5 at 3.0 uL/sec
Blowing out at B20 of Reaction Plate on 5
Moving to B20 of Reaction Plate on 5
Moving to B20 of Reaction Plate on 5
Moving to B20 of Reaction Plate on 5
Returning tip
	Dropping tip into A10 of Opentrons OT-2 96 Filter Tip Rack 20 µL on 10


Picking up tip from A11 of Opentrons OT-2 96 Filter Tip Rack 20 µL on 10
Aspirating 2.0 uL from A3 of MMX Plate on 6 at 1.5 uL/sec
Moving to A3 of MMX Plate on 6
Delaying for 0 minutes and 2.0 seconds
Moving to A3 of MMX Plate on 6
Moving to A3 of MMX Plate on 6
Moving to A3 of MMX Plate on 6
Aspirating 2.0 uL from A3 of MMX Plate on 6 at 1.5 uL/sec
Dispensing 2.0 uL into B22 of Reaction Plate on 5 at 1.5 uL/sec
Dispensing 2.0 uL into B22 of Reaction Plate on 5 at 1.5 uL/sec
Mixing 2 times with a volume of 8.0 ul
	Aspirating 8.0 uL from B22 of Reaction Plate on 5 at 3.0 uL/sec
	Dispensing 8.0 uL into B22 of Reaction Plate on 5 at 3.0 uL/sec
	Aspirating 8.0 uL from B22 of Reaction Plate on 5 at 3.0 uL/sec
	Dispensing 8.0 uL into B22 of Reaction Plate on 5 at 3.0 uL/sec
Blowing out at B22 of Reaction Plate on 5
Moving to B22 of Reaction Plate on 5
Moving to B22 of Reaction Plate on 5
Moving to B22 of Reaction Plate on 5
Returning tip
	Dropping tip into A11 of Opentrons OT-2 96 Filter Tip Rack 20 µL on 10


Picking up tip from A12 of Opentrons OT-2 96 Filter Tip Rack 20 µL on 10
Aspirating 2.0 uL from A3 of MMX Plate on 6 at 1.5 uL/sec
Moving to A3 of MMX Plate on 6
Delaying for 0 minutes and 2.0 seconds
Moving to A3 of MMX Plate on 6
Moving to A3 of MMX Plate on 6
Moving to A3 of MMX Plate on 6
Aspirating 2.0 uL from A3 of MMX Plate on 6 at 1.5 uL/sec
Dispensing 2.0 uL into B24 of Reaction Plate on 5 at 1.5 uL/sec
Dispensing 2.0 uL into B24 of Reaction Plate on 5 at 1.5 uL/sec
Mixing 2 times with a volume of 8.0 ul
	Aspirating 8.0 uL from B24 of Reaction Plate on 5 at 3.0 uL/sec
	Dispensing 8.0 uL into B24 of Reaction Plate on 5 at 3.0 uL/sec
	Aspirating 8.0 uL from B24 of Reaction Plate on 5 at 3.0 uL/sec
	Dispensing 8.0 uL into B24 of Reaction Plate on 5 at 3.0 uL/sec
Blowing out at B24 of Reaction Plate on 5
Moving to B24 of Reaction Plate on 5
Moving to B24 of Reaction Plate on 5
Moving to B24 of Reaction Plate on 5
Returning tip
	Dropping tip into A12 of Opentrons OT-2 96 Filter Tip Rack 20 µL on 10


Protocol complete - remove reaction plates from
                   deck and prepare Barcode Reaction Mix for Part 3. 
Caught exception: {'message': 'Task was destroyed but it is pending!', 'task': <Task pending name='Task-4' coro=<Poller._poll_forever() running at /Users/dp/Desktop/project/github/opentrons/venv/lib/python3.10/site-packages/opentrons/hardware_control/poller.py:80> wait_for=<Future pending cb=[Task.task_wakeup()]>>}
Caught exception: {'message': 'Task was destroyed but it is pending!', 'task': <Task pending name='Task-2' coro=<Poller._poll_forever() running at /Users/dp/Desktop/project/github/opentrons/venv/lib/python3.10/site-packages/opentrons/hardware_control/poller.py:80> wait_for=<Future pending cb=[Task.task_wakeup()]>>}
Caught exception: {'message': 'Task was destroyed but it is pending!', 'task': <Task pending name='Task-3' coro=<Poller._poll_forever() running at /Users/dp/Desktop/project/github/opentrons/venv/lib/python3.10/site-packages/opentrons/hardware_control/poller.py:80> wait_for=<Future pending cb=[Task.task_wakeup()]>>}
