/Users/dp/Desktop/project/github/opentrons/venv/lib/python3.10/site-packages/opentrons/hardware_control/simulator_setup.py:205: UserWarning: Simulator configuration does not name a machine, defaulting to OT-2 Standard
  warn(
/Users/dp/.opentrons/robot_settings.json not found. Loading defaults
Deck calibration not found.
/Users/dp/.opentrons/deck_calibration.json not found. Loading defaults
Picking up tip from A1 of 300ul tiprack on 8
Aspirating 30.0 uL from A1 of spot for drying mid-protocol on Temperature Module GEN1 on 7 at 150.0 uL/sec
Dispensing 30.0 uL into A1 of spot for drying mid-protocol on Temperature Module GEN1 on 7 at 300.0 uL/sec
Transferring 200.0 from A1 of original 2ml screwcap tubes in aluminum block on 4 to A1 of deepwell plate (on magdeck) on Magnetic Module GEN1 on 1
	Aspirating 200.0 uL from A1 of original 2ml screwcap tubes in aluminum block on 4 at 150.0 uL/sec
	Dispensing 200.0 uL into A1 of deepwell plate (on magdeck) on Magnetic Module GEN1 on 1 at 300.0 uL/sec
Blowing out at A1 of deepwell plate (on magdeck) on Magnetic Module GEN1 on 1
Dropping tip into A1 of Opentrons Fixed Trash on 12
Picking up tip from B1 of 300ul tiprack on 8
Transferring 200.0 from B1 of original 2ml screwcap tubes in aluminum block on 4 to B1 of deepwell plate (on magdeck) on Magnetic Module GEN1 on 1
	Aspirating 200.0 uL from B1 of original 2ml screwcap tubes in aluminum block on 4 at 150.0 uL/sec
	Dispensing 200.0 uL into B1 of deepwell plate (on magdeck) on Magnetic Module GEN1 on 1 at 300.0 uL/sec
Blowing out at B1 of deepwell plate (on magdeck) on Magnetic Module GEN1 on 1
Dropping tip into A1 of Opentrons Fixed Trash on 12
Picking up tip from C1 of 300ul tiprack on 8
Transferring 600.0 from A1 of Opentrons 6 Tube Rack with Falcon 50 mL Conical on 3 to A1 of deepwell plate (on magdeck) on Magnetic Module GEN1 on 1
	Aspirating 300.0 uL from A1 of Opentrons 6 Tube Rack with Falcon 50 mL Conical on 3 at 150.0 uL/sec
	Dispensing 300.0 uL into A1 of deepwell plate (on magdeck) on Magnetic Module GEN1 on 1 at 300.0 uL/sec
	Aspirating 300.0 uL from A1 of Opentrons 6 Tube Rack with Falcon 50 mL Conical on 3 at 150.0 uL/sec
	Dispensing 300.0 uL into A1 of deepwell plate (on magdeck) on Magnetic Module GEN1 on 1 at 300.0 uL/sec
Blowing out at A1 of deepwell plate (on magdeck) on Magnetic Module GEN1 on 1
Transferring 600.0 from A1 of Opentrons 6 Tube Rack with Falcon 50 mL Conical on 3 to B1 of deepwell plate (on magdeck) on Magnetic Module GEN1 on 1
	Aspirating 300.0 uL from A1 of Opentrons 6 Tube Rack with Falcon 50 mL Conical on 3 at 150.0 uL/sec
	Dispensing 300.0 uL into B1 of deepwell plate (on magdeck) on Magnetic Module GEN1 on 1 at 300.0 uL/sec
	Aspirating 300.0 uL from A1 of Opentrons 6 Tube Rack with Falcon 50 mL Conical on 3 at 150.0 uL/sec
	Dispensing 300.0 uL into B1 of deepwell plate (on magdeck) on Magnetic Module GEN1 on 1 at 300.0 uL/sec
Blowing out at B1 of deepwell plate (on magdeck) on Magnetic Module GEN1 on 1
Dropping tip into A1 of Opentrons Fixed Trash on 12
Picking up tip from A1 of 300ul tiprack on 6
Aspirating 100.0 uL from A1 of reagent reservoir on 5 at 150.0 uL/sec
Dispensing 100.0 uL into A1 of reagent reservoir on 5 at 300.0 uL/sec
Aspirating 100.0 uL from A1 of reagent reservoir on 5 at 150.0 uL/sec
Dispensing 100.0 uL into A1 of reagent reservoir on 5 at 300.0 uL/sec
Aspirating 100.0 uL from A1 of reagent reservoir on 5 at 150.0 uL/sec
Dispensing 100.0 uL into A1 of reagent reservoir on 5 at 300.0 uL/sec
Aspirating 100.0 uL from A1 of reagent reservoir on 5 at 150.0 uL/sec
Dispensing 100.0 uL into A1 of reagent reservoir on 5 at 300.0 uL/sec
Aspirating 100.0 uL from A1 of reagent reservoir on 5 at 150.0 uL/sec
Dispensing 100.0 uL into A1 of reagent reservoir on 5 at 300.0 uL/sec
Aspirating 100.0 uL from A1 of reagent reservoir on 5 at 150.0 uL/sec
Dispensing 100.0 uL into A1 of reagent reservoir on 5 at 300.0 uL/sec
Aspirating 100.0 uL from A1 of reagent reservoir on 5 at 150.0 uL/sec
Dispensing 100.0 uL into A1 of reagent reservoir on 5 at 300.0 uL/sec
Aspirating 100.0 uL from A1 of reagent reservoir on 5 at 150.0 uL/sec
Dispensing 100.0 uL into A1 of reagent reservoir on 5 at 300.0 uL/sec
Aspirating 100.0 uL from A1 of reagent reservoir on 5 at 150.0 uL/sec
Dispensing 100.0 uL into A1 of reagent reservoir on 5 at 300.0 uL/sec
Aspirating 100.0 uL from A1 of reagent reservoir on 5 at 150.0 uL/sec
Dispensing 100.0 uL into A1 of reagent reservoir on 5 at 300.0 uL/sec
Blowing out at A1 of reagent reservoir on 5
Transferring 30.0 from A1 of reagent reservoir on 5 to A1 of deepwell plate (on magdeck) on Magnetic Module GEN1 on 1
	Aspirating 30.0 uL from A1 of reagent reservoir on 5 at 150.0 uL/sec
	Dispensing 30.0 uL into A1 of deepwell plate (on magdeck) on Magnetic Module GEN1 on 1 at 300.0 uL/sec
Mixing 5 times with a volume of 200.0 ul
	Aspirating 200.0 uL from A1 of deepwell plate (on magdeck) on Magnetic Module GEN1 on 1 at 150.0 uL/sec
	Dispensing 200.0 uL into A1 of deepwell plate (on magdeck) on Magnetic Module GEN1 on 1 at 300.0 uL/sec
	Aspirating 200.0 uL from A1 of deepwell plate (on magdeck) on Magnetic Module GEN1 on 1 at 150.0 uL/sec
	Dispensing 200.0 uL into A1 of deepwell plate (on magdeck) on Magnetic Module GEN1 on 1 at 300.0 uL/sec
	Aspirating 200.0 uL from A1 of deepwell plate (on magdeck) on Magnetic Module GEN1 on 1 at 150.0 uL/sec
	Dispensing 200.0 uL into A1 of deepwell plate (on magdeck) on Magnetic Module GEN1 on 1 at 300.0 uL/sec
	Aspirating 200.0 uL from A1 of deepwell plate (on magdeck) on Magnetic Module GEN1 on 1 at 150.0 uL/sec
	Dispensing 200.0 uL into A1 of deepwell plate (on magdeck) on Magnetic Module GEN1 on 1 at 300.0 uL/sec
	Aspirating 200.0 uL from A1 of deepwell plate (on magdeck) on Magnetic Module GEN1 on 1 at 150.0 uL/sec
	Dispensing 200.0 uL into A1 of deepwell plate (on magdeck) on Magnetic Module GEN1 on 1 at 300.0 uL/sec
Blowing out at A1 of deepwell plate (on magdeck) on Magnetic Module GEN1 on 1
Dropping tip into A1 of Opentrons Fixed Trash on 12
Engaging Magnetic Module
Delaying for 2 minutes and 0.0 seconds
Transferring 900.0 from A1 of deepwell plate (on magdeck) on Magnetic Module GEN1 on 1 to A1 of liquid waste on 11
	Picking up tip from A2 of 300ul tiprack on 6
	Aspirating 300.0 uL from A1 of deepwell plate (on magdeck) on Magnetic Module GEN1 on 1 at 150.0 uL/sec
	Dispensing 300.0 uL into A1 of liquid waste on 11 at 300.0 uL/sec
	Aspirating 300.0 uL from A1 of deepwell plate (on magdeck) on Magnetic Module GEN1 on 1 at 150.0 uL/sec
	Dispensing 300.0 uL into A1 of liquid waste on 11 at 300.0 uL/sec
	Aspirating 300.0 uL from A1 of deepwell plate (on magdeck) on Magnetic Module GEN1 on 1 at 150.0 uL/sec
	Dispensing 300.0 uL into A1 of liquid waste on 11 at 300.0 uL/sec
	Dropping tip into A1 of Opentrons Fixed Trash on 12
Disengaging Magnetic Module
Picking up tip from A3 of 300ul tiprack on 6
Transferring 900.0 from A2 of reagent reservoir on 5 to A1 of deepwell plate (on magdeck) on Magnetic Module GEN1 on 1
	Aspirating 300.0 uL from A2 of reagent reservoir on 5 at 150.0 uL/sec
	Dispensing 300.0 uL into A1 of deepwell plate (on magdeck) on Magnetic Module GEN1 on 1 at 300.0 uL/sec
	Aspirating 300.0 uL from A2 of reagent reservoir on 5 at 150.0 uL/sec
	Dispensing 300.0 uL into A1 of deepwell plate (on magdeck) on Magnetic Module GEN1 on 1 at 300.0 uL/sec
	Aspirating 300.0 uL from A2 of reagent reservoir on 5 at 150.0 uL/sec
	Dispensing 300.0 uL into A1 of deepwell plate (on magdeck) on Magnetic Module GEN1 on 1 at 300.0 uL/sec
Moving to A1 of deepwell plate (on magdeck) on Magnetic Module GEN1 on 1
Mixing 10 times with a volume of 250.0 ul
	Aspirating 250.0 uL from A1 of deepwell plate (on magdeck) on Magnetic Module GEN1 on 1 at 150.0 uL/sec
	Dispensing 250.0 uL into A1 of deepwell plate (on magdeck) on Magnetic Module GEN1 on 1 at 300.0 uL/sec
	Aspirating 250.0 uL from A1 of deepwell plate (on magdeck) on Magnetic Module GEN1 on 1 at 150.0 uL/sec
	Dispensing 250.0 uL into A1 of deepwell plate (on magdeck) on Magnetic Module GEN1 on 1 at 300.0 uL/sec
	Aspirating 250.0 uL from A1 of deepwell plate (on magdeck) on Magnetic Module GEN1 on 1 at 150.0 uL/sec
	Dispensing 250.0 uL into A1 of deepwell plate (on magdeck) on Magnetic Module GEN1 on 1 at 300.0 uL/sec
	Aspirating 250.0 uL from A1 of deepwell plate (on magdeck) on Magnetic Module GEN1 on 1 at 150.0 uL/sec
	Dispensing 250.0 uL into A1 of deepwell plate (on magdeck) on Magnetic Module GEN1 on 1 at 300.0 uL/sec
	Aspirating 250.0 uL from A1 of deepwell plate (on magdeck) on Magnetic Module GEN1 on 1 at 150.0 uL/sec
	Dispensing 250.0 uL into A1 of deepwell plate (on magdeck) on Magnetic Module GEN1 on 1 at 300.0 uL/sec
	Aspirating 250.0 uL from A1 of deepwell plate (on magdeck) on Magnetic Module GEN1 on 1 at 150.0 uL/sec
	Dispensing 250.0 uL into A1 of deepwell plate (on magdeck) on Magnetic Module GEN1 on 1 at 300.0 uL/sec
	Aspirating 250.0 uL from A1 of deepwell plate (on magdeck) on Magnetic Module GEN1 on 1 at 150.0 uL/sec
	Dispensing 250.0 uL into A1 of deepwell plate (on magdeck) on Magnetic Module GEN1 on 1 at 300.0 uL/sec
	Aspirating 250.0 uL from A1 of deepwell plate (on magdeck) on Magnetic Module GEN1 on 1 at 150.0 uL/sec
	Dispensing 250.0 uL into A1 of deepwell plate (on magdeck) on Magnetic Module GEN1 on 1 at 300.0 uL/sec
	Aspirating 250.0 uL from A1 of deepwell plate (on magdeck) on Magnetic Module GEN1 on 1 at 150.0 uL/sec
	Dispensing 250.0 uL into A1 of deepwell plate (on magdeck) on Magnetic Module GEN1 on 1 at 300.0 uL/sec
	Aspirating 250.0 uL from A1 of deepwell plate (on magdeck) on Magnetic Module GEN1 on 1 at 150.0 uL/sec
	Dispensing 250.0 uL into A1 of deepwell plate (on magdeck) on Magnetic Module GEN1 on 1 at 300.0 uL/sec
Blowing out at A1 of deepwell plate (on magdeck) on Magnetic Module GEN1 on 1
Engaging Magnetic Module
Delaying for 2 minutes and 0.0 seconds
Transferring 950.0 from A1 of deepwell plate (on magdeck) on Magnetic Module GEN1 on 1 to A1 of liquid waste on 11
	Aspirating 300.0 uL from A1 of deepwell plate (on magdeck) on Magnetic Module GEN1 on 1 at 150.0 uL/sec
	Dispensing 300.0 uL into A1 of liquid waste on 11 at 300.0 uL/sec
	Aspirating 300.0 uL from A1 of deepwell plate (on magdeck) on Magnetic Module GEN1 on 1 at 150.0 uL/sec
	Dispensing 300.0 uL into A1 of liquid waste on 11 at 300.0 uL/sec
	Aspirating 175.0 uL from A1 of deepwell plate (on magdeck) on Magnetic Module GEN1 on 1 at 150.0 uL/sec
	Dispensing 175.0 uL into A1 of liquid waste on 11 at 300.0 uL/sec
	Aspirating 175.0 uL from A1 of deepwell plate (on magdeck) on Magnetic Module GEN1 on 1 at 150.0 uL/sec
	Dispensing 175.0 uL into A1 of liquid waste on 11 at 300.0 uL/sec
Dropping tip into A1 of Opentrons Fixed Trash on 12
Disengaging Magnetic Module
Picking up tip from A4 of 300ul tiprack on 6
Transferring 900.0 from A3 of reagent reservoir on 5 to A1 of deepwell plate (on magdeck) on Magnetic Module GEN1 on 1
	Aspirating 300.0 uL from A3 of reagent reservoir on 5 at 150.0 uL/sec
	Dispensing 300.0 uL into A1 of deepwell plate (on magdeck) on Magnetic Module GEN1 on 1 at 300.0 uL/sec
	Aspirating 300.0 uL from A3 of reagent reservoir on 5 at 150.0 uL/sec
	Dispensing 300.0 uL into A1 of deepwell plate (on magdeck) on Magnetic Module GEN1 on 1 at 300.0 uL/sec
	Aspirating 300.0 uL from A3 of reagent reservoir on 5 at 150.0 uL/sec
	Dispensing 300.0 uL into A1 of deepwell plate (on magdeck) on Magnetic Module GEN1 on 1 at 300.0 uL/sec
Moving to A1 of deepwell plate (on magdeck) on Magnetic Module GEN1 on 1
Mixing 10 times with a volume of 250.0 ul
	Aspirating 250.0 uL from A1 of deepwell plate (on magdeck) on Magnetic Module GEN1 on 1 at 150.0 uL/sec
	Dispensing 250.0 uL into A1 of deepwell plate (on magdeck) on Magnetic Module GEN1 on 1 at 300.0 uL/sec
	Aspirating 250.0 uL from A1 of deepwell plate (on magdeck) on Magnetic Module GEN1 on 1 at 150.0 uL/sec
	Dispensing 250.0 uL into A1 of deepwell plate (on magdeck) on Magnetic Module GEN1 on 1 at 300.0 uL/sec
	Aspirating 250.0 uL from A1 of deepwell plate (on magdeck) on Magnetic Module GEN1 on 1 at 150.0 uL/sec
	Dispensing 250.0 uL into A1 of deepwell plate (on magdeck) on Magnetic Module GEN1 on 1 at 300.0 uL/sec
	Aspirating 250.0 uL from A1 of deepwell plate (on magdeck) on Magnetic Module GEN1 on 1 at 150.0 uL/sec
	Dispensing 250.0 uL into A1 of deepwell plate (on magdeck) on Magnetic Module GEN1 on 1 at 300.0 uL/sec
	Aspirating 250.0 uL from A1 of deepwell plate (on magdeck) on Magnetic Module GEN1 on 1 at 150.0 uL/sec
	Dispensing 250.0 uL into A1 of deepwell plate (on magdeck) on Magnetic Module GEN1 on 1 at 300.0 uL/sec
	Aspirating 250.0 uL from A1 of deepwell plate (on magdeck) on Magnetic Module GEN1 on 1 at 150.0 uL/sec
	Dispensing 250.0 uL into A1 of deepwell plate (on magdeck) on Magnetic Module GEN1 on 1 at 300.0 uL/sec
	Aspirating 250.0 uL from A1 of deepwell plate (on magdeck) on Magnetic Module GEN1 on 1 at 150.0 uL/sec
	Dispensing 250.0 uL into A1 of deepwell plate (on magdeck) on Magnetic Module GEN1 on 1 at 300.0 uL/sec
	Aspirating 250.0 uL from A1 of deepwell plate (on magdeck) on Magnetic Module GEN1 on 1 at 150.0 uL/sec
	Dispensing 250.0 uL into A1 of deepwell plate (on magdeck) on Magnetic Module GEN1 on 1 at 300.0 uL/sec
	Aspirating 250.0 uL from A1 of deepwell plate (on magdeck) on Magnetic Module GEN1 on 1 at 150.0 uL/sec
	Dispensing 250.0 uL into A1 of deepwell plate (on magdeck) on Magnetic Module GEN1 on 1 at 300.0 uL/sec
	Aspirating 250.0 uL from A1 of deepwell plate (on magdeck) on Magnetic Module GEN1 on 1 at 150.0 uL/sec
	Dispensing 250.0 uL into A1 of deepwell plate (on magdeck) on Magnetic Module GEN1 on 1 at 300.0 uL/sec
Blowing out at A1 of deepwell plate (on magdeck) on Magnetic Module GEN1 on 1
Engaging Magnetic Module
Delaying for 2 minutes and 0.0 seconds
Transferring 950.0 from A1 of deepwell plate (on magdeck) on Magnetic Module GEN1 on 1 to A1 of liquid waste on 11
	Aspirating 300.0 uL from A1 of deepwell plate (on magdeck) on Magnetic Module GEN1 on 1 at 150.0 uL/sec
	Dispensing 300.0 uL into A1 of liquid waste on 11 at 300.0 uL/sec
	Aspirating 300.0 uL from A1 of deepwell plate (on magdeck) on Magnetic Module GEN1 on 1 at 150.0 uL/sec
	Dispensing 300.0 uL into A1 of liquid waste on 11 at 300.0 uL/sec
	Aspirating 175.0 uL from A1 of deepwell plate (on magdeck) on Magnetic Module GEN1 on 1 at 150.0 uL/sec
	Dispensing 175.0 uL into A1 of liquid waste on 11 at 300.0 uL/sec
	Aspirating 175.0 uL from A1 of deepwell plate (on magdeck) on Magnetic Module GEN1 on 1 at 150.0 uL/sec
	Dispensing 175.0 uL into A1 of liquid waste on 11 at 300.0 uL/sec
Dropping tip into A1 of Opentrons Fixed Trash on 12
Disengaging Magnetic Module
Picking up tip from A5 of 300ul tiprack on 6
Transferring 900.0 from A4 of reagent reservoir on 5 to A1 of deepwell plate (on magdeck) on Magnetic Module GEN1 on 1
	Aspirating 300.0 uL from A4 of reagent reservoir on 5 at 150.0 uL/sec
	Dispensing 300.0 uL into A1 of deepwell plate (on magdeck) on Magnetic Module GEN1 on 1 at 300.0 uL/sec
	Aspirating 300.0 uL from A4 of reagent reservoir on 5 at 150.0 uL/sec
	Dispensing 300.0 uL into A1 of deepwell plate (on magdeck) on Magnetic Module GEN1 on 1 at 300.0 uL/sec
	Aspirating 300.0 uL from A4 of reagent reservoir on 5 at 150.0 uL/sec
	Dispensing 300.0 uL into A1 of deepwell plate (on magdeck) on Magnetic Module GEN1 on 1 at 300.0 uL/sec
Moving to A1 of deepwell plate (on magdeck) on Magnetic Module GEN1 on 1
Mixing 10 times with a volume of 250.0 ul
	Aspirating 250.0 uL from A1 of deepwell plate (on magdeck) on Magnetic Module GEN1 on 1 at 150.0 uL/sec
	Dispensing 250.0 uL into A1 of deepwell plate (on magdeck) on Magnetic Module GEN1 on 1 at 300.0 uL/sec
	Aspirating 250.0 uL from A1 of deepwell plate (on magdeck) on Magnetic Module GEN1 on 1 at 150.0 uL/sec
	Dispensing 250.0 uL into A1 of deepwell plate (on magdeck) on Magnetic Module GEN1 on 1 at 300.0 uL/sec
	Aspirating 250.0 uL from A1 of deepwell plate (on magdeck) on Magnetic Module GEN1 on 1 at 150.0 uL/sec
	Dispensing 250.0 uL into A1 of deepwell plate (on magdeck) on Magnetic Module GEN1 on 1 at 300.0 uL/sec
	Aspirating 250.0 uL from A1 of deepwell plate (on magdeck) on Magnetic Module GEN1 on 1 at 150.0 uL/sec
	Dispensing 250.0 uL into A1 of deepwell plate (on magdeck) on Magnetic Module GEN1 on 1 at 300.0 uL/sec
	Aspirating 250.0 uL from A1 of deepwell plate (on magdeck) on Magnetic Module GEN1 on 1 at 150.0 uL/sec
	Dispensing 250.0 uL into A1 of deepwell plate (on magdeck) on Magnetic Module GEN1 on 1 at 300.0 uL/sec
	Aspirating 250.0 uL from A1 of deepwell plate (on magdeck) on Magnetic Module GEN1 on 1 at 150.0 uL/sec
	Dispensing 250.0 uL into A1 of deepwell plate (on magdeck) on Magnetic Module GEN1 on 1 at 300.0 uL/sec
	Aspirating 250.0 uL from A1 of deepwell plate (on magdeck) on Magnetic Module GEN1 on 1 at 150.0 uL/sec
	Dispensing 250.0 uL into A1 of deepwell plate (on magdeck) on Magnetic Module GEN1 on 1 at 300.0 uL/sec
	Aspirating 250.0 uL from A1 of deepwell plate (on magdeck) on Magnetic Module GEN1 on 1 at 150.0 uL/sec
	Dispensing 250.0 uL into A1 of deepwell plate (on magdeck) on Magnetic Module GEN1 on 1 at 300.0 uL/sec
	Aspirating 250.0 uL from A1 of deepwell plate (on magdeck) on Magnetic Module GEN1 on 1 at 150.0 uL/sec
	Dispensing 250.0 uL into A1 of deepwell plate (on magdeck) on Magnetic Module GEN1 on 1 at 300.0 uL/sec
	Aspirating 250.0 uL from A1 of deepwell plate (on magdeck) on Magnetic Module GEN1 on 1 at 150.0 uL/sec
	Dispensing 250.0 uL into A1 of deepwell plate (on magdeck) on Magnetic Module GEN1 on 1 at 300.0 uL/sec
Blowing out at A1 of deepwell plate (on magdeck) on Magnetic Module GEN1 on 1
Engaging Magnetic Module
Delaying for 2 minutes and 0.0 seconds
Transferring 950.0 from A1 of deepwell plate (on magdeck) on Magnetic Module GEN1 on 1 to A1 of liquid waste on 11
	Aspirating 300.0 uL from A1 of deepwell plate (on magdeck) on Magnetic Module GEN1 on 1 at 150.0 uL/sec
	Dispensing 300.0 uL into A1 of liquid waste on 11 at 300.0 uL/sec
	Aspirating 300.0 uL from A1 of deepwell plate (on magdeck) on Magnetic Module GEN1 on 1 at 150.0 uL/sec
	Dispensing 300.0 uL into A1 of liquid waste on 11 at 300.0 uL/sec
	Aspirating 175.0 uL from A1 of deepwell plate (on magdeck) on Magnetic Module GEN1 on 1 at 150.0 uL/sec
	Dispensing 175.0 uL into A1 of liquid waste on 11 at 300.0 uL/sec
	Aspirating 175.0 uL from A1 of deepwell plate (on magdeck) on Magnetic Module GEN1 on 1 at 150.0 uL/sec
	Dispensing 175.0 uL into A1 of liquid waste on 11 at 300.0 uL/sec
Dropping tip into A1 of Opentrons Fixed Trash on 12
Temperature module reaching temp (37C)...
Setting Temperature Module temperature to 37.0 °C (rounded off to nearest integer)
Pausing robot operation: Replace tubes A1-C1 in original sample rack (slot 2)         with molecular grade water. Move plate from magnetic module to         temperature module to dry. Replace the plate on the magnetic module         and resume when ready.
Disengaging Magnetic Module
Picking up tip from D1 of 300ul tiprack on 8
Transferring 200.0 from A1 of original 2ml screwcap tubes in aluminum block on 4 to A1 of deepwell plate (on magdeck) on Magnetic Module GEN1 on 1
	Aspirating 200.0 uL from A1 of original 2ml screwcap tubes in aluminum block on 4 at 150.0 uL/sec
	Dispensing 200.0 uL into A1 of deepwell plate (on magdeck) on Magnetic Module GEN1 on 1 at 300.0 uL/sec
Moving to A1 of deepwell plate (on magdeck) on Magnetic Module GEN1 on 1
Mixing 10 times with a volume of 100.0 ul
	Aspirating 100.0 uL from A1 of deepwell plate (on magdeck) on Magnetic Module GEN1 on 1 at 150.0 uL/sec
	Dispensing 100.0 uL into A1 of deepwell plate (on magdeck) on Magnetic Module GEN1 on 1 at 300.0 uL/sec
	Aspirating 100.0 uL from A1 of deepwell plate (on magdeck) on Magnetic Module GEN1 on 1 at 150.0 uL/sec
	Dispensing 100.0 uL into A1 of deepwell plate (on magdeck) on Magnetic Module GEN1 on 1 at 300.0 uL/sec
	Aspirating 100.0 uL from A1 of deepwell plate (on magdeck) on Magnetic Module GEN1 on 1 at 150.0 uL/sec
	Dispensing 100.0 uL into A1 of deepwell plate (on magdeck) on Magnetic Module GEN1 on 1 at 300.0 uL/sec
	Aspirating 100.0 uL from A1 of deepwell plate (on magdeck) on Magnetic Module GEN1 on 1 at 150.0 uL/sec
	Dispensing 100.0 uL into A1 of deepwell plate (on magdeck) on Magnetic Module GEN1 on 1 at 300.0 uL/sec
	Aspirating 100.0 uL from A1 of deepwell plate (on magdeck) on Magnetic Module GEN1 on 1 at 150.0 uL/sec
	Dispensing 100.0 uL into A1 of deepwell plate (on magdeck) on Magnetic Module GEN1 on 1 at 300.0 uL/sec
	Aspirating 100.0 uL from A1 of deepwell plate (on magdeck) on Magnetic Module GEN1 on 1 at 150.0 uL/sec
	Dispensing 100.0 uL into A1 of deepwell plate (on magdeck) on Magnetic Module GEN1 on 1 at 300.0 uL/sec
	Aspirating 100.0 uL from A1 of deepwell plate (on magdeck) on Magnetic Module GEN1 on 1 at 150.0 uL/sec
	Dispensing 100.0 uL into A1 of deepwell plate (on magdeck) on Magnetic Module GEN1 on 1 at 300.0 uL/sec
	Aspirating 100.0 uL from A1 of deepwell plate (on magdeck) on Magnetic Module GEN1 on 1 at 150.0 uL/sec
	Dispensing 100.0 uL into A1 of deepwell plate (on magdeck) on Magnetic Module GEN1 on 1 at 300.0 uL/sec
	Aspirating 100.0 uL from A1 of deepwell plate (on magdeck) on Magnetic Module GEN1 on 1 at 150.0 uL/sec
	Dispensing 100.0 uL into A1 of deepwell plate (on magdeck) on Magnetic Module GEN1 on 1 at 300.0 uL/sec
	Aspirating 100.0 uL from A1 of deepwell plate (on magdeck) on Magnetic Module GEN1 on 1 at 150.0 uL/sec
	Dispensing 100.0 uL into A1 of deepwell plate (on magdeck) on Magnetic Module GEN1 on 1 at 300.0 uL/sec
Blowing out at A1 of deepwell plate (on magdeck) on Magnetic Module GEN1 on 1
Dropping tip into A1 of Opentrons Fixed Trash on 12
Delaying for 1 minutes and 0.0 seconds
Picking up tip from A7 of 300ul tiprack on 6
Moving to A1 of deepwell plate (on magdeck) on Magnetic Module GEN1 on 1
Mixing 10 times with a volume of 100.0 ul
	Aspirating 100.0 uL from A1 of deepwell plate (on magdeck) on Magnetic Module GEN1 on 1 at 150.0 uL/sec
	Dispensing 100.0 uL into A1 of deepwell plate (on magdeck) on Magnetic Module GEN1 on 1 at 300.0 uL/sec
	Aspirating 100.0 uL from A1 of deepwell plate (on magdeck) on Magnetic Module GEN1 on 1 at 150.0 uL/sec
	Dispensing 100.0 uL into A1 of deepwell plate (on magdeck) on Magnetic Module GEN1 on 1 at 300.0 uL/sec
	Aspirating 100.0 uL from A1 of deepwell plate (on magdeck) on Magnetic Module GEN1 on 1 at 150.0 uL/sec
	Dispensing 100.0 uL into A1 of deepwell plate (on magdeck) on Magnetic Module GEN1 on 1 at 300.0 uL/sec
	Aspirating 100.0 uL from A1 of deepwell plate (on magdeck) on Magnetic Module GEN1 on 1 at 150.0 uL/sec
	Dispensing 100.0 uL into A1 of deepwell plate (on magdeck) on Magnetic Module GEN1 on 1 at 300.0 uL/sec
	Aspirating 100.0 uL from A1 of deepwell plate (on magdeck) on Magnetic Module GEN1 on 1 at 150.0 uL/sec
	Dispensing 100.0 uL into A1 of deepwell plate (on magdeck) on Magnetic Module GEN1 on 1 at 300.0 uL/sec
	Aspirating 100.0 uL from A1 of deepwell plate (on magdeck) on Magnetic Module GEN1 on 1 at 150.0 uL/sec
	Dispensing 100.0 uL into A1 of deepwell plate (on magdeck) on Magnetic Module GEN1 on 1 at 300.0 uL/sec
	Aspirating 100.0 uL from A1 of deepwell plate (on magdeck) on Magnetic Module GEN1 on 1 at 150.0 uL/sec
	Dispensing 100.0 uL into A1 of deepwell plate (on magdeck) on Magnetic Module GEN1 on 1 at 300.0 uL/sec
	Aspirating 100.0 uL from A1 of deepwell plate (on magdeck) on Magnetic Module GEN1 on 1 at 150.0 uL/sec
	Dispensing 100.0 uL into A1 of deepwell plate (on magdeck) on Magnetic Module GEN1 on 1 at 300.0 uL/sec
	Aspirating 100.0 uL from A1 of deepwell plate (on magdeck) on Magnetic Module GEN1 on 1 at 150.0 uL/sec
	Dispensing 100.0 uL into A1 of deepwell plate (on magdeck) on Magnetic Module GEN1 on 1 at 300.0 uL/sec
	Aspirating 100.0 uL from A1 of deepwell plate (on magdeck) on Magnetic Module GEN1 on 1 at 150.0 uL/sec
	Dispensing 100.0 uL into A1 of deepwell plate (on magdeck) on Magnetic Module GEN1 on 1 at 300.0 uL/sec
Blowing out at A1 of deepwell plate (on magdeck) on Magnetic Module GEN1 on 1
Returning tip
	Dropping tip into A7 of 300ul tiprack on 6
Delaying for 1 minutes and 0.0 seconds
Picking up tip from A7 of 300ul tiprack on 6
Moving to A1 of deepwell plate (on magdeck) on Magnetic Module GEN1 on 1
Mixing 10 times with a volume of 100.0 ul
	Aspirating 100.0 uL from A1 of deepwell plate (on magdeck) on Magnetic Module GEN1 on 1 at 150.0 uL/sec
	Dispensing 100.0 uL into A1 of deepwell plate (on magdeck) on Magnetic Module GEN1 on 1 at 300.0 uL/sec
	Aspirating 100.0 uL from A1 of deepwell plate (on magdeck) on Magnetic Module GEN1 on 1 at 150.0 uL/sec
	Dispensing 100.0 uL into A1 of deepwell plate (on magdeck) on Magnetic Module GEN1 on 1 at 300.0 uL/sec
	Aspirating 100.0 uL from A1 of deepwell plate (on magdeck) on Magnetic Module GEN1 on 1 at 150.0 uL/sec
	Dispensing 100.0 uL into A1 of deepwell plate (on magdeck) on Magnetic Module GEN1 on 1 at 300.0 uL/sec
	Aspirating 100.0 uL from A1 of deepwell plate (on magdeck) on Magnetic Module GEN1 on 1 at 150.0 uL/sec
	Dispensing 100.0 uL into A1 of deepwell plate (on magdeck) on Magnetic Module GEN1 on 1 at 300.0 uL/sec
	Aspirating 100.0 uL from A1 of deepwell plate (on magdeck) on Magnetic Module GEN1 on 1 at 150.0 uL/sec
	Dispensing 100.0 uL into A1 of deepwell plate (on magdeck) on Magnetic Module GEN1 on 1 at 300.0 uL/sec
	Aspirating 100.0 uL from A1 of deepwell plate (on magdeck) on Magnetic Module GEN1 on 1 at 150.0 uL/sec
	Dispensing 100.0 uL into A1 of deepwell plate (on magdeck) on Magnetic Module GEN1 on 1 at 300.0 uL/sec
	Aspirating 100.0 uL from A1 of deepwell plate (on magdeck) on Magnetic Module GEN1 on 1 at 150.0 uL/sec
	Dispensing 100.0 uL into A1 of deepwell plate (on magdeck) on Magnetic Module GEN1 on 1 at 300.0 uL/sec
	Aspirating 100.0 uL from A1 of deepwell plate (on magdeck) on Magnetic Module GEN1 on 1 at 150.0 uL/sec
	Dispensing 100.0 uL into A1 of deepwell plate (on magdeck) on Magnetic Module GEN1 on 1 at 300.0 uL/sec
	Aspirating 100.0 uL from A1 of deepwell plate (on magdeck) on Magnetic Module GEN1 on 1 at 150.0 uL/sec
	Dispensing 100.0 uL into A1 of deepwell plate (on magdeck) on Magnetic Module GEN1 on 1 at 300.0 uL/sec
	Aspirating 100.0 uL from A1 of deepwell plate (on magdeck) on Magnetic Module GEN1 on 1 at 150.0 uL/sec
	Dispensing 100.0 uL into A1 of deepwell plate (on magdeck) on Magnetic Module GEN1 on 1 at 300.0 uL/sec
Blowing out at A1 of deepwell plate (on magdeck) on Magnetic Module GEN1 on 1
Returning tip
	Dropping tip into A7 of 300ul tiprack on 6
Delaying for 1 minutes and 0.0 seconds
Picking up tip from A7 of 300ul tiprack on 6
Moving to A1 of deepwell plate (on magdeck) on Magnetic Module GEN1 on 1
Mixing 10 times with a volume of 100.0 ul
	Aspirating 100.0 uL from A1 of deepwell plate (on magdeck) on Magnetic Module GEN1 on 1 at 150.0 uL/sec
	Dispensing 100.0 uL into A1 of deepwell plate (on magdeck) on Magnetic Module GEN1 on 1 at 300.0 uL/sec
	Aspirating 100.0 uL from A1 of deepwell plate (on magdeck) on Magnetic Module GEN1 on 1 at 150.0 uL/sec
	Dispensing 100.0 uL into A1 of deepwell plate (on magdeck) on Magnetic Module GEN1 on 1 at 300.0 uL/sec
	Aspirating 100.0 uL from A1 of deepwell plate (on magdeck) on Magnetic Module GEN1 on 1 at 150.0 uL/sec
	Dispensing 100.0 uL into A1 of deepwell plate (on magdeck) on Magnetic Module GEN1 on 1 at 300.0 uL/sec
	Aspirating 100.0 uL from A1 of deepwell plate (on magdeck) on Magnetic Module GEN1 on 1 at 150.0 uL/sec
	Dispensing 100.0 uL into A1 of deepwell plate (on magdeck) on Magnetic Module GEN1 on 1 at 300.0 uL/sec
	Aspirating 100.0 uL from A1 of deepwell plate (on magdeck) on Magnetic Module GEN1 on 1 at 150.0 uL/sec
	Dispensing 100.0 uL into A1 of deepwell plate (on magdeck) on Magnetic Module GEN1 on 1 at 300.0 uL/sec
	Aspirating 100.0 uL from A1 of deepwell plate (on magdeck) on Magnetic Module GEN1 on 1 at 150.0 uL/sec
	Dispensing 100.0 uL into A1 of deepwell plate (on magdeck) on Magnetic Module GEN1 on 1 at 300.0 uL/sec
	Aspirating 100.0 uL from A1 of deepwell plate (on magdeck) on Magnetic Module GEN1 on 1 at 150.0 uL/sec
	Dispensing 100.0 uL into A1 of deepwell plate (on magdeck) on Magnetic Module GEN1 on 1 at 300.0 uL/sec
	Aspirating 100.0 uL from A1 of deepwell plate (on magdeck) on Magnetic Module GEN1 on 1 at 150.0 uL/sec
	Dispensing 100.0 uL into A1 of deepwell plate (on magdeck) on Magnetic Module GEN1 on 1 at 300.0 uL/sec
	Aspirating 100.0 uL from A1 of deepwell plate (on magdeck) on Magnetic Module GEN1 on 1 at 150.0 uL/sec
	Dispensing 100.0 uL into A1 of deepwell plate (on magdeck) on Magnetic Module GEN1 on 1 at 300.0 uL/sec
	Aspirating 100.0 uL from A1 of deepwell plate (on magdeck) on Magnetic Module GEN1 on 1 at 150.0 uL/sec
	Dispensing 100.0 uL into A1 of deepwell plate (on magdeck) on Magnetic Module GEN1 on 1 at 300.0 uL/sec
Blowing out at A1 of deepwell plate (on magdeck) on Magnetic Module GEN1 on 1
Returning tip
	Dropping tip into A7 of 300ul tiprack on 6
Delaying for 1 minutes and 0.0 seconds
Picking up tip from A7 of 300ul tiprack on 6
Moving to A1 of deepwell plate (on magdeck) on Magnetic Module GEN1 on 1
Mixing 10 times with a volume of 100.0 ul
	Aspirating 100.0 uL from A1 of deepwell plate (on magdeck) on Magnetic Module GEN1 on 1 at 150.0 uL/sec
	Dispensing 100.0 uL into A1 of deepwell plate (on magdeck) on Magnetic Module GEN1 on 1 at 300.0 uL/sec
	Aspirating 100.0 uL from A1 of deepwell plate (on magdeck) on Magnetic Module GEN1 on 1 at 150.0 uL/sec
	Dispensing 100.0 uL into A1 of deepwell plate (on magdeck) on Magnetic Module GEN1 on 1 at 300.0 uL/sec
	Aspirating 100.0 uL from A1 of deepwell plate (on magdeck) on Magnetic Module GEN1 on 1 at 150.0 uL/sec
	Dispensing 100.0 uL into A1 of deepwell plate (on magdeck) on Magnetic Module GEN1 on 1 at 300.0 uL/sec
	Aspirating 100.0 uL from A1 of deepwell plate (on magdeck) on Magnetic Module GEN1 on 1 at 150.0 uL/sec
	Dispensing 100.0 uL into A1 of deepwell plate (on magdeck) on Magnetic Module GEN1 on 1 at 300.0 uL/sec
	Aspirating 100.0 uL from A1 of deepwell plate (on magdeck) on Magnetic Module GEN1 on 1 at 150.0 uL/sec
	Dispensing 100.0 uL into A1 of deepwell plate (on magdeck) on Magnetic Module GEN1 on 1 at 300.0 uL/sec
	Aspirating 100.0 uL from A1 of deepwell plate (on magdeck) on Magnetic Module GEN1 on 1 at 150.0 uL/sec
	Dispensing 100.0 uL into A1 of deepwell plate (on magdeck) on Magnetic Module GEN1 on 1 at 300.0 uL/sec
	Aspirating 100.0 uL from A1 of deepwell plate (on magdeck) on Magnetic Module GEN1 on 1 at 150.0 uL/sec
	Dispensing 100.0 uL into A1 of deepwell plate (on magdeck) on Magnetic Module GEN1 on 1 at 300.0 uL/sec
	Aspirating 100.0 uL from A1 of deepwell plate (on magdeck) on Magnetic Module GEN1 on 1 at 150.0 uL/sec
	Dispensing 100.0 uL into A1 of deepwell plate (on magdeck) on Magnetic Module GEN1 on 1 at 300.0 uL/sec
	Aspirating 100.0 uL from A1 of deepwell plate (on magdeck) on Magnetic Module GEN1 on 1 at 150.0 uL/sec
	Dispensing 100.0 uL into A1 of deepwell plate (on magdeck) on Magnetic Module GEN1 on 1 at 300.0 uL/sec
	Aspirating 100.0 uL from A1 of deepwell plate (on magdeck) on Magnetic Module GEN1 on 1 at 150.0 uL/sec
	Dispensing 100.0 uL into A1 of deepwell plate (on magdeck) on Magnetic Module GEN1 on 1 at 300.0 uL/sec
Blowing out at A1 of deepwell plate (on magdeck) on Magnetic Module GEN1 on 1
Dropping tip into A1 of Opentrons Fixed Trash on 12
Engaging Magnetic Module
Delaying for 2 minutes and 0.0 seconds
Transferring 200.0 from A1 of original 2ml screwcap tubes in aluminum block on 4 to A1 of output 1.5ml snapcap tubes on 2
	Picking up tip from E1 of 300ul tiprack on 8
	Aspirating 200.0 uL from A1 of original 2ml screwcap tubes in aluminum block on 4 at 150.0 uL/sec
	Dispensing 200.0 uL into A1 of output 1.5ml snapcap tubes on 2 at 300.0 uL/sec
	Dropping tip into A1 of Opentrons Fixed Trash on 12
Transferring 200.0 from B1 of original 2ml screwcap tubes in aluminum block on 4 to B1 of output 1.5ml snapcap tubes on 2
	Picking up tip from F1 of 300ul tiprack on 8
	Aspirating 200.0 uL from B1 of original 2ml screwcap tubes in aluminum block on 4 at 150.0 uL/sec
	Dispensing 200.0 uL into B1 of output 1.5ml snapcap tubes on 2 at 300.0 uL/sec
	Dropping tip into A1 of Opentrons Fixed Trash on 12
Disengaging Magnetic Module
Caught exception: {'message': 'Task was destroyed but it is pending!', 'task': <Task pending name='Task-4' coro=<Poller._poll_forever() running at /Users/dp/Desktop/project/github/opentrons/venv/lib/python3.10/site-packages/opentrons/hardware_control/poller.py:80> wait_for=<Future pending cb=[Task.task_wakeup()]>>}
Caught exception: {'message': 'Task was destroyed but it is pending!', 'task': <Task pending name='Task-3' coro=<Poller._poll_forever() running at /Users/dp/Desktop/project/github/opentrons/venv/lib/python3.10/site-packages/opentrons/hardware_control/poller.py:80> wait_for=<Future pending cb=[Task.task_wakeup()]>>}
Caught exception: {'message': 'Task was destroyed but it is pending!', 'task': <Task pending name='Task-2' coro=<Poller._poll_forever() running at /Users/dp/Desktop/project/github/opentrons/venv/lib/python3.10/site-packages/opentrons/hardware_control/poller.py:80> wait_for=<Future pending cb=[Task.task_wakeup()]>>}
