/Users/dp/Desktop/project/github/opentrons/venv/lib/python3.10/site-packages/opentrons/hardware_control/simulator_setup.py:205: UserWarning: Simulator configuration does not name a machine, defaulting to OT-2 Standard
  warn(
/Users/dp/.opentrons/robot_settings.json not found. Loading defaults
Deck calibration not found.
/Users/dp/.opentrons/deck_calibration.json not found. Loading defaults
single
[Sample Tuberack on 1, Sample Tuberack on 2, Sample Tuberack on 4, Sample Tuberack on 5] NEST 96 Well Plate 100 µL PCR Full Skirt on Thermocycler Module GEN1 on 7 Optiplate on 3


MOVING SAMPLES TO PLATE

Picking up tip from A1 of Opentrons OT-2 96 Filter Tip Rack 20 µL on 6
PRE-WET
Aspirating 5.0 uL from A1 of Sample Tuberack on 4 at 3.78 uL/sec
Dispensing 5.0 uL into A1 of Sample Tuberack on 4 at 3.78 uL/sec
DONE PRE-WET
Aspirating 5.0 uL from A1 of Sample Tuberack on 4 at 7.56 uL/sec
Dispensing 5.0 uL into A1 of Optiplate on 3 at 7.56 uL/sec
Dropping tip into A1 of Opentrons Fixed Trash on 12
Picking up tip from B1 of Opentrons OT-2 96 Filter Tip Rack 20 µL on 6
PRE-WET
Aspirating 5.0 uL from B1 of Sample Tuberack on 4 at 3.78 uL/sec
Dispensing 5.0 uL into B1 of Sample Tuberack on 4 at 3.78 uL/sec
DONE PRE-WET
Aspirating 5.0 uL from B1 of Sample Tuberack on 4 at 7.56 uL/sec
Dispensing 5.0 uL into B1 of Optiplate on 3 at 7.56 uL/sec
Dropping tip into A1 of Opentrons Fixed Trash on 12
Caught exception: {'message': 'Task was destroyed but it is pending!', 'task': <Task pending name='Task-4' coro=<Poller._poll_forever() running at /Users/dp/Desktop/project/github/opentrons/venv/lib/python3.10/site-packages/opentrons/hardware_control/poller.py:80> wait_for=<Future pending cb=[Task.task_wakeup()]>>}
Caught exception: {'message': 'Task was destroyed but it is pending!', 'task': <Task pending name='Task-3' coro=<Poller._poll_forever() running at /Users/dp/Desktop/project/github/opentrons/venv/lib/python3.10/site-packages/opentrons/hardware_control/poller.py:80> wait_for=<Future pending cb=[Task.task_wakeup()]>>}
Caught exception: {'message': 'Task was destroyed but it is pending!', 'task': <Task pending name='Task-2' coro=<Poller._poll_forever() running at /Users/dp/Desktop/project/github/opentrons/venv/lib/python3.10/site-packages/opentrons/hardware_control/poller.py:80> wait_for=<Future pending cb=[Task.task_wakeup()]>>}
