/Users/dp/Desktop/project/github/opentrons/venv/lib/python3.10/site-packages/opentrons/hardware_control/simulator_setup.py:205: UserWarning: Simulator configuration does not name a machine, defaulting to OT-2 Standard
  warn(
/Users/dp/.opentrons/robot_settings.json not found. Loading defaults
Deck calibration not found.
/Users/dp/.opentrons/deck_calibration.json not found. Loading defaults
Transferring 6.2 from A1 of Opentrons 96 Well Aluminum Block with Bio-Rad Well Plate 200 µL on 4 to A1 of Opentrons 96 Well Aluminum Block with Bio-Rad Well Plate 200 µL on 5
	Picking up tip from A1 of Opentrons OT-2 96 Filter Tip Rack 20 µL on 1
	Aspirating 6.2 uL from A1 of Opentrons 96 Well Aluminum Block with Bio-Rad Well Plate 200 µL on 4 at 7.6 uL/sec
	Dispensing 6.2 uL into A1 of Opentrons 96 Well Aluminum Block with Bio-Rad Well Plate 200 µL on 5 at 7.6 uL/sec
	Dropping tip into A1 of Opentrons Fixed Trash on 12
Transferring 6.2 from A2 of Opentrons 96 Well Aluminum Block with Bio-Rad Well Plate 200 µL on 4 to A2 of Opentrons 96 Well Aluminum Block with Bio-Rad Well Plate 200 µL on 5
	Picking up tip from A2 of Opentrons OT-2 96 Filter Tip Rack 20 µL on 1
	Aspirating 6.2 uL from A2 of Opentrons 96 Well Aluminum Block with Bio-Rad Well Plate 200 µL on 4 at 7.6 uL/sec
	Dispensing 6.2 uL into A2 of Opentrons 96 Well Aluminum Block with Bio-Rad Well Plate 200 µL on 5 at 7.6 uL/sec
	Dropping tip into A1 of Opentrons Fixed Trash on 12
Transferring 6.2 from A3 of Opentrons 96 Well Aluminum Block with Bio-Rad Well Plate 200 µL on 4 to A3 of Opentrons 96 Well Aluminum Block with Bio-Rad Well Plate 200 µL on 5
	Picking up tip from A3 of Opentrons OT-2 96 Filter Tip Rack 20 µL on 1
	Aspirating 6.2 uL from A3 of Opentrons 96 Well Aluminum Block with Bio-Rad Well Plate 200 µL on 4 at 7.6 uL/sec
	Dispensing 6.2 uL into A3 of Opentrons 96 Well Aluminum Block with Bio-Rad Well Plate 200 µL on 5 at 7.6 uL/sec
	Dropping tip into A1 of Opentrons Fixed Trash on 12
Transferring 6.2 from A4 of Opentrons 96 Well Aluminum Block with Bio-Rad Well Plate 200 µL on 4 to A4 of Opentrons 96 Well Aluminum Block with Bio-Rad Well Plate 200 µL on 5
	Picking up tip from A4 of Opentrons OT-2 96 Filter Tip Rack 20 µL on 1
	Aspirating 6.2 uL from A4 of Opentrons 96 Well Aluminum Block with Bio-Rad Well Plate 200 µL on 4 at 7.6 uL/sec
	Dispensing 6.2 uL into A4 of Opentrons 96 Well Aluminum Block with Bio-Rad Well Plate 200 µL on 5 at 7.6 uL/sec
	Dropping tip into A1 of Opentrons Fixed Trash on 12
Transferring 6.2 from A5 of Opentrons 96 Well Aluminum Block with Bio-Rad Well Plate 200 µL on 4 to A5 of Opentrons 96 Well Aluminum Block with Bio-Rad Well Plate 200 µL on 5
	Picking up tip from A5 of Opentrons OT-2 96 Filter Tip Rack 20 µL on 1
	Aspirating 6.2 uL from A5 of Opentrons 96 Well Aluminum Block with Bio-Rad Well Plate 200 µL on 4 at 7.6 uL/sec
	Dispensing 6.2 uL into A5 of Opentrons 96 Well Aluminum Block with Bio-Rad Well Plate 200 µL on 5 at 7.6 uL/sec
	Dropping tip into A1 of Opentrons Fixed Trash on 12
Transferring 6.2 from A6 of Opentrons 96 Well Aluminum Block with Bio-Rad Well Plate 200 µL on 4 to A6 of Opentrons 96 Well Aluminum Block with Bio-Rad Well Plate 200 µL on 5
	Picking up tip from A6 of Opentrons OT-2 96 Filter Tip Rack 20 µL on 1
	Aspirating 6.2 uL from A6 of Opentrons 96 Well Aluminum Block with Bio-Rad Well Plate 200 µL on 4 at 7.6 uL/sec
	Dispensing 6.2 uL into A6 of Opentrons 96 Well Aluminum Block with Bio-Rad Well Plate 200 µL on 5 at 7.6 uL/sec
	Dropping tip into A1 of Opentrons Fixed Trash on 12
Transferring 6.2 from A7 of Opentrons 96 Well Aluminum Block with Bio-Rad Well Plate 200 µL on 4 to A7 of Opentrons 96 Well Aluminum Block with Bio-Rad Well Plate 200 µL on 5
	Picking up tip from A7 of Opentrons OT-2 96 Filter Tip Rack 20 µL on 1
	Aspirating 6.2 uL from A7 of Opentrons 96 Well Aluminum Block with Bio-Rad Well Plate 200 µL on 4 at 7.6 uL/sec
	Dispensing 6.2 uL into A7 of Opentrons 96 Well Aluminum Block with Bio-Rad Well Plate 200 µL on 5 at 7.6 uL/sec
	Dropping tip into A1 of Opentrons Fixed Trash on 12
Transferring 6.2 from A8 of Opentrons 96 Well Aluminum Block with Bio-Rad Well Plate 200 µL on 4 to A8 of Opentrons 96 Well Aluminum Block with Bio-Rad Well Plate 200 µL on 5
	Picking up tip from A8 of Opentrons OT-2 96 Filter Tip Rack 20 µL on 1
	Aspirating 6.2 uL from A8 of Opentrons 96 Well Aluminum Block with Bio-Rad Well Plate 200 µL on 4 at 7.6 uL/sec
	Dispensing 6.2 uL into A8 of Opentrons 96 Well Aluminum Block with Bio-Rad Well Plate 200 µL on 5 at 7.6 uL/sec
	Dropping tip into A1 of Opentrons Fixed Trash on 12
Transferring 6.2 from A9 of Opentrons 96 Well Aluminum Block with Bio-Rad Well Plate 200 µL on 4 to A9 of Opentrons 96 Well Aluminum Block with Bio-Rad Well Plate 200 µL on 5
	Picking up tip from A9 of Opentrons OT-2 96 Filter Tip Rack 20 µL on 1
	Aspirating 6.2 uL from A9 of Opentrons 96 Well Aluminum Block with Bio-Rad Well Plate 200 µL on 4 at 7.6 uL/sec
	Dispensing 6.2 uL into A9 of Opentrons 96 Well Aluminum Block with Bio-Rad Well Plate 200 µL on 5 at 7.6 uL/sec
	Dropping tip into A1 of Opentrons Fixed Trash on 12
Transferring 6.2 from A10 of Opentrons 96 Well Aluminum Block with Bio-Rad Well Plate 200 µL on 4 to A10 of Opentrons 96 Well Aluminum Block with Bio-Rad Well Plate 200 µL on 5
	Picking up tip from A10 of Opentrons OT-2 96 Filter Tip Rack 20 µL on 1
	Aspirating 6.2 uL from A10 of Opentrons 96 Well Aluminum Block with Bio-Rad Well Plate 200 µL on 4 at 7.6 uL/sec
	Dispensing 6.2 uL into A10 of Opentrons 96 Well Aluminum Block with Bio-Rad Well Plate 200 µL on 5 at 7.6 uL/sec
	Dropping tip into A1 of Opentrons Fixed Trash on 12
Transferring 6.2 from A11 of Opentrons 96 Well Aluminum Block with Bio-Rad Well Plate 200 µL on 4 to A11 of Opentrons 96 Well Aluminum Block with Bio-Rad Well Plate 200 µL on 5
	Picking up tip from A11 of Opentrons OT-2 96 Filter Tip Rack 20 µL on 1
	Aspirating 6.2 uL from A11 of Opentrons 96 Well Aluminum Block with Bio-Rad Well Plate 200 µL on 4 at 7.6 uL/sec
	Dispensing 6.2 uL into A11 of Opentrons 96 Well Aluminum Block with Bio-Rad Well Plate 200 µL on 5 at 7.6 uL/sec
	Dropping tip into A1 of Opentrons Fixed Trash on 12
Transferring 6.2 from A12 of Opentrons 96 Well Aluminum Block with Bio-Rad Well Plate 200 µL on 4 to A12 of Opentrons 96 Well Aluminum Block with Bio-Rad Well Plate 200 µL on 5
	Picking up tip from A12 of Opentrons OT-2 96 Filter Tip Rack 20 µL on 1
	Aspirating 6.2 uL from A12 of Opentrons 96 Well Aluminum Block with Bio-Rad Well Plate 200 µL on 4 at 7.6 uL/sec
	Dispensing 6.2 uL into A12 of Opentrons 96 Well Aluminum Block with Bio-Rad Well Plate 200 µL on 5 at 7.6 uL/sec
	Dropping tip into A1 of Opentrons Fixed Trash on 12
Caught exception: {'message': 'Task was destroyed but it is pending!', 'task': <Task pending name='Task-4' coro=<Poller._poll_forever() running at /Users/dp/Desktop/project/github/opentrons/venv/lib/python3.10/site-packages/opentrons/hardware_control/poller.py:80> wait_for=<Future pending cb=[Task.task_wakeup()]>>}
Caught exception: {'message': 'Task was destroyed but it is pending!', 'task': <Task pending name='Task-3' coro=<Poller._poll_forever() running at /Users/dp/Desktop/project/github/opentrons/venv/lib/python3.10/site-packages/opentrons/hardware_control/poller.py:80> wait_for=<Future pending cb=[Task.task_wakeup()]>>}
Caught exception: {'message': 'Task was destroyed but it is pending!', 'task': <Task pending name='Task-2' coro=<Poller._poll_forever() running at /Users/dp/Desktop/project/github/opentrons/venv/lib/python3.10/site-packages/opentrons/hardware_control/poller.py:80> wait_for=<Future pending cb=[Task.task_wakeup()]>>}
