/Users/dp/Desktop/project/github/opentrons/venv/lib/python3.10/site-packages/opentrons/hardware_control/simulator_setup.py:205: UserWarning: Simulator configuration does not name a machine, defaulting to OT-2 Standard
  warn(
/Users/dp/.opentrons/robot_settings.json not found. Loading defaults
Deck calibration not found.
/Users/dp/.opentrons/deck_calibration.json not found. Loading defaults
Transferring 200.0 from A1 of Opentrons 24 Tube Rack with Eppendorf 2 mL Safe-Lock Snapcap on 4 to A1 of Opentrons 96 Well Aluminum Block with Generic PCR Strip 200 µL on 5
	Picking up tip from A1 of Opentrons OT-2 96 Filter Tip Rack 1000 µL on 1
	Aspirating 200.0 uL from A1 of Opentrons 24 Tube Rack with Eppendorf 2 mL Safe-Lock Snapcap on 4 at 137.35 uL/sec
	Dispensing 200.0 uL into A1 of Opentrons 96 Well Aluminum Block with Generic PCR Strip 200 µL on 5 at 137.35 uL/sec
	Aspirating 200.0 uL from A1 of Opentrons 24 Tube Rack with Eppendorf 2 mL Safe-Lock Snapcap on 4 at 137.35 uL/sec
	Dispensing 200.0 uL into B1 of Opentrons 96 Well Aluminum Block with Generic PCR Strip 200 µL on 5 at 137.35 uL/sec
	Aspirating 200.0 uL from A1 of Opentrons 24 Tube Rack with Eppendorf 2 mL Safe-Lock Snapcap on 4 at 137.35 uL/sec
	Dispensing 200.0 uL into C1 of Opentrons 96 Well Aluminum Block with Generic PCR Strip 200 µL on 5 at 137.35 uL/sec
	Aspirating 200.0 uL from A1 of Opentrons 24 Tube Rack with Eppendorf 2 mL Safe-Lock Snapcap on 4 at 137.35 uL/sec
	Dispensing 200.0 uL into D1 of Opentrons 96 Well Aluminum Block with Generic PCR Strip 200 µL on 5 at 137.35 uL/sec
	Aspirating 200.0 uL from A1 of Opentrons 24 Tube Rack with Eppendorf 2 mL Safe-Lock Snapcap on 4 at 137.35 uL/sec
	Dispensing 200.0 uL into E1 of Opentrons 96 Well Aluminum Block with Generic PCR Strip 200 µL on 5 at 137.35 uL/sec
	Aspirating 200.0 uL from A1 of Opentrons 24 Tube Rack with Eppendorf 2 mL Safe-Lock Snapcap on 4 at 137.35 uL/sec
	Dispensing 200.0 uL into F1 of Opentrons 96 Well Aluminum Block with Generic PCR Strip 200 µL on 5 at 137.35 uL/sec
	Aspirating 200.0 uL from A1 of Opentrons 24 Tube Rack with Eppendorf 2 mL Safe-Lock Snapcap on 4 at 137.35 uL/sec
	Dispensing 200.0 uL into G1 of Opentrons 96 Well Aluminum Block with Generic PCR Strip 200 µL on 5 at 137.35 uL/sec
	Aspirating 200.0 uL from A1 of Opentrons 24 Tube Rack with Eppendorf 2 mL Safe-Lock Snapcap on 4 at 137.35 uL/sec
	Dispensing 200.0 uL into H1 of Opentrons 96 Well Aluminum Block with Generic PCR Strip 200 µL on 5 at 137.35 uL/sec
	Dropping tip into A1 of Opentrons Fixed Trash on 12
Transferring 100.8 from B1 of Opentrons 24 Tube Rack with Eppendorf 2 mL Safe-Lock Snapcap on 4 to A2 of Opentrons 96 Well Aluminum Block with Generic PCR Strip 200 µL on 5
	Picking up tip from B1 of Opentrons OT-2 96 Filter Tip Rack 1000 µL on 1
	Aspirating 100.8 uL from B1 of Opentrons 24 Tube Rack with Eppendorf 2 mL Safe-Lock Snapcap on 4 at 137.35 uL/sec
	Dispensing 100.8 uL into A2 of Opentrons 96 Well Aluminum Block with Generic PCR Strip 200 µL on 5 at 137.35 uL/sec
	Aspirating 100.8 uL from B1 of Opentrons 24 Tube Rack with Eppendorf 2 mL Safe-Lock Snapcap on 4 at 137.35 uL/sec
	Dispensing 100.8 uL into B2 of Opentrons 96 Well Aluminum Block with Generic PCR Strip 200 µL on 5 at 137.35 uL/sec
	Aspirating 100.8 uL from B1 of Opentrons 24 Tube Rack with Eppendorf 2 mL Safe-Lock Snapcap on 4 at 137.35 uL/sec
	Dispensing 100.8 uL into C2 of Opentrons 96 Well Aluminum Block with Generic PCR Strip 200 µL on 5 at 137.35 uL/sec
	Aspirating 100.8 uL from B1 of Opentrons 24 Tube Rack with Eppendorf 2 mL Safe-Lock Snapcap on 4 at 137.35 uL/sec
	Dispensing 100.8 uL into D2 of Opentrons 96 Well Aluminum Block with Generic PCR Strip 200 µL on 5 at 137.35 uL/sec
	Aspirating 100.8 uL from B1 of Opentrons 24 Tube Rack with Eppendorf 2 mL Safe-Lock Snapcap on 4 at 137.35 uL/sec
	Dispensing 100.8 uL into E2 of Opentrons 96 Well Aluminum Block with Generic PCR Strip 200 µL on 5 at 137.35 uL/sec
	Aspirating 100.8 uL from B1 of Opentrons 24 Tube Rack with Eppendorf 2 mL Safe-Lock Snapcap on 4 at 137.35 uL/sec
	Dispensing 100.8 uL into F2 of Opentrons 96 Well Aluminum Block with Generic PCR Strip 200 µL on 5 at 137.35 uL/sec
	Aspirating 100.8 uL from B1 of Opentrons 24 Tube Rack with Eppendorf 2 mL Safe-Lock Snapcap on 4 at 137.35 uL/sec
	Dispensing 100.8 uL into G2 of Opentrons 96 Well Aluminum Block with Generic PCR Strip 200 µL on 5 at 137.35 uL/sec
	Aspirating 100.8 uL from B1 of Opentrons 24 Tube Rack with Eppendorf 2 mL Safe-Lock Snapcap on 4 at 137.35 uL/sec
	Dispensing 100.8 uL into H2 of Opentrons 96 Well Aluminum Block with Generic PCR Strip 200 µL on 5 at 137.35 uL/sec
	Dropping tip into A1 of Opentrons Fixed Trash on 12
Picking up tip from A1 of Opentrons OT-2 96 Filter Tip Rack 20 µL on 2
Aspirating 8.0 uL from A1 of Opentrons 96 Well Aluminum Block with Generic PCR Strip 200 µL on 5 at 7.6 uL/sec
Dispensing 8.0 uL into A1 of Applied Biosystems™ MicroAmp™ Optical 384-Well Reaction Plate With Barcode 384 Well Plate 30 µL on 6 at 7.6 uL/sec
Aspirating 8.0 uL from A1 of Opentrons 96 Well Aluminum Block with Generic PCR Strip 200 µL on 5 at 7.6 uL/sec
Dispensing 8.0 uL into A2 of Applied Biosystems™ MicroAmp™ Optical 384-Well Reaction Plate With Barcode 384 Well Plate 30 µL on 6 at 7.6 uL/sec
Aspirating 8.0 uL from A1 of Opentrons 96 Well Aluminum Block with Generic PCR Strip 200 µL on 5 at 7.6 uL/sec
Dispensing 8.0 uL into A4 of Applied Biosystems™ MicroAmp™ Optical 384-Well Reaction Plate With Barcode 384 Well Plate 30 µL on 6 at 7.6 uL/sec
Aspirating 8.0 uL from A1 of Opentrons 96 Well Aluminum Block with Generic PCR Strip 200 µL on 5 at 7.6 uL/sec
Dispensing 8.0 uL into A5 of Applied Biosystems™ MicroAmp™ Optical 384-Well Reaction Plate With Barcode 384 Well Plate 30 µL on 6 at 7.6 uL/sec
Aspirating 8.0 uL from A1 of Opentrons 96 Well Aluminum Block with Generic PCR Strip 200 µL on 5 at 7.6 uL/sec
Dispensing 8.0 uL into A7 of Applied Biosystems™ MicroAmp™ Optical 384-Well Reaction Plate With Barcode 384 Well Plate 30 µL on 6 at 7.6 uL/sec
Aspirating 8.0 uL from A1 of Opentrons 96 Well Aluminum Block with Generic PCR Strip 200 µL on 5 at 7.6 uL/sec
Dispensing 8.0 uL into A8 of Applied Biosystems™ MicroAmp™ Optical 384-Well Reaction Plate With Barcode 384 Well Plate 30 µL on 6 at 7.6 uL/sec
Aspirating 8.0 uL from A1 of Opentrons 96 Well Aluminum Block with Generic PCR Strip 200 µL on 5 at 7.6 uL/sec
Dispensing 8.0 uL into A10 of Applied Biosystems™ MicroAmp™ Optical 384-Well Reaction Plate With Barcode 384 Well Plate 30 µL on 6 at 7.6 uL/sec
Aspirating 8.0 uL from A1 of Opentrons 96 Well Aluminum Block with Generic PCR Strip 200 µL on 5 at 7.6 uL/sec
Dispensing 8.0 uL into A11 of Applied Biosystems™ MicroAmp™ Optical 384-Well Reaction Plate With Barcode 384 Well Plate 30 µL on 6 at 7.6 uL/sec
Aspirating 8.0 uL from A1 of Opentrons 96 Well Aluminum Block with Generic PCR Strip 200 µL on 5 at 7.6 uL/sec
Dispensing 8.0 uL into A13 of Applied Biosystems™ MicroAmp™ Optical 384-Well Reaction Plate With Barcode 384 Well Plate 30 µL on 6 at 7.6 uL/sec
Aspirating 8.0 uL from A1 of Opentrons 96 Well Aluminum Block with Generic PCR Strip 200 µL on 5 at 7.6 uL/sec
Dispensing 8.0 uL into A14 of Applied Biosystems™ MicroAmp™ Optical 384-Well Reaction Plate With Barcode 384 Well Plate 30 µL on 6 at 7.6 uL/sec
Aspirating 8.0 uL from A1 of Opentrons 96 Well Aluminum Block with Generic PCR Strip 200 µL on 5 at 7.6 uL/sec
Dispensing 8.0 uL into A16 of Applied Biosystems™ MicroAmp™ Optical 384-Well Reaction Plate With Barcode 384 Well Plate 30 µL on 6 at 7.6 uL/sec
Aspirating 8.0 uL from A1 of Opentrons 96 Well Aluminum Block with Generic PCR Strip 200 µL on 5 at 7.6 uL/sec
Dispensing 8.0 uL into A17 of Applied Biosystems™ MicroAmp™ Optical 384-Well Reaction Plate With Barcode 384 Well Plate 30 µL on 6 at 7.6 uL/sec
Aspirating 8.0 uL from A1 of Opentrons 96 Well Aluminum Block with Generic PCR Strip 200 µL on 5 at 7.6 uL/sec
Dispensing 8.0 uL into B1 of Applied Biosystems™ MicroAmp™ Optical 384-Well Reaction Plate With Barcode 384 Well Plate 30 µL on 6 at 7.6 uL/sec
Aspirating 8.0 uL from A1 of Opentrons 96 Well Aluminum Block with Generic PCR Strip 200 µL on 5 at 7.6 uL/sec
Dispensing 8.0 uL into B2 of Applied Biosystems™ MicroAmp™ Optical 384-Well Reaction Plate With Barcode 384 Well Plate 30 µL on 6 at 7.6 uL/sec
Aspirating 8.0 uL from A1 of Opentrons 96 Well Aluminum Block with Generic PCR Strip 200 µL on 5 at 7.6 uL/sec
Dispensing 8.0 uL into B4 of Applied Biosystems™ MicroAmp™ Optical 384-Well Reaction Plate With Barcode 384 Well Plate 30 µL on 6 at 7.6 uL/sec
Aspirating 8.0 uL from A1 of Opentrons 96 Well Aluminum Block with Generic PCR Strip 200 µL on 5 at 7.6 uL/sec
Dispensing 8.0 uL into B5 of Applied Biosystems™ MicroAmp™ Optical 384-Well Reaction Plate With Barcode 384 Well Plate 30 µL on 6 at 7.6 uL/sec
Aspirating 8.0 uL from A1 of Opentrons 96 Well Aluminum Block with Generic PCR Strip 200 µL on 5 at 7.6 uL/sec
Dispensing 8.0 uL into B7 of Applied Biosystems™ MicroAmp™ Optical 384-Well Reaction Plate With Barcode 384 Well Plate 30 µL on 6 at 7.6 uL/sec
Aspirating 8.0 uL from A1 of Opentrons 96 Well Aluminum Block with Generic PCR Strip 200 µL on 5 at 7.6 uL/sec
Dispensing 8.0 uL into B8 of Applied Biosystems™ MicroAmp™ Optical 384-Well Reaction Plate With Barcode 384 Well Plate 30 µL on 6 at 7.6 uL/sec
Aspirating 8.0 uL from A1 of Opentrons 96 Well Aluminum Block with Generic PCR Strip 200 µL on 5 at 7.6 uL/sec
Dispensing 8.0 uL into B10 of Applied Biosystems™ MicroAmp™ Optical 384-Well Reaction Plate With Barcode 384 Well Plate 30 µL on 6 at 7.6 uL/sec
Aspirating 8.0 uL from A1 of Opentrons 96 Well Aluminum Block with Generic PCR Strip 200 µL on 5 at 7.6 uL/sec
Dispensing 8.0 uL into B11 of Applied Biosystems™ MicroAmp™ Optical 384-Well Reaction Plate With Barcode 384 Well Plate 30 µL on 6 at 7.6 uL/sec
Aspirating 8.0 uL from A1 of Opentrons 96 Well Aluminum Block with Generic PCR Strip 200 µL on 5 at 7.6 uL/sec
Dispensing 8.0 uL into B13 of Applied Biosystems™ MicroAmp™ Optical 384-Well Reaction Plate With Barcode 384 Well Plate 30 µL on 6 at 7.6 uL/sec
Aspirating 8.0 uL from A1 of Opentrons 96 Well Aluminum Block with Generic PCR Strip 200 µL on 5 at 7.6 uL/sec
Dispensing 8.0 uL into B14 of Applied Biosystems™ MicroAmp™ Optical 384-Well Reaction Plate With Barcode 384 Well Plate 30 µL on 6 at 7.6 uL/sec
Aspirating 8.0 uL from A1 of Opentrons 96 Well Aluminum Block with Generic PCR Strip 200 µL on 5 at 7.6 uL/sec
Dispensing 8.0 uL into B16 of Applied Biosystems™ MicroAmp™ Optical 384-Well Reaction Plate With Barcode 384 Well Plate 30 µL on 6 at 7.6 uL/sec
Aspirating 8.0 uL from A1 of Opentrons 96 Well Aluminum Block with Generic PCR Strip 200 µL on 5 at 7.6 uL/sec
Dispensing 8.0 uL into B17 of Applied Biosystems™ MicroAmp™ Optical 384-Well Reaction Plate With Barcode 384 Well Plate 30 µL on 6 at 7.6 uL/sec
Dropping tip into A1 of Opentrons Fixed Trash on 12
Picking up tip from A2 of Opentrons OT-2 96 Filter Tip Rack 20 µL on 2
Aspirating 8.0 uL from B1 of Opentrons 96 Well Aluminum Block with Generic PCR Strip 200 µL on 5 at 7.6 uL/sec
Dispensing 8.0 uL into A3 of Applied Biosystems™ MicroAmp™ Optical 384-Well Reaction Plate With Barcode 384 Well Plate 30 µL on 6 at 7.6 uL/sec
Aspirating 8.0 uL from B1 of Opentrons 96 Well Aluminum Block with Generic PCR Strip 200 µL on 5 at 7.6 uL/sec
Dispensing 8.0 uL into A6 of Applied Biosystems™ MicroAmp™ Optical 384-Well Reaction Plate With Barcode 384 Well Plate 30 µL on 6 at 7.6 uL/sec
Aspirating 8.0 uL from B1 of Opentrons 96 Well Aluminum Block with Generic PCR Strip 200 µL on 5 at 7.6 uL/sec
Dispensing 8.0 uL into A9 of Applied Biosystems™ MicroAmp™ Optical 384-Well Reaction Plate With Barcode 384 Well Plate 30 µL on 6 at 7.6 uL/sec
Aspirating 8.0 uL from B1 of Opentrons 96 Well Aluminum Block with Generic PCR Strip 200 µL on 5 at 7.6 uL/sec
Dispensing 8.0 uL into A12 of Applied Biosystems™ MicroAmp™ Optical 384-Well Reaction Plate With Barcode 384 Well Plate 30 µL on 6 at 7.6 uL/sec
Aspirating 8.0 uL from B1 of Opentrons 96 Well Aluminum Block with Generic PCR Strip 200 µL on 5 at 7.6 uL/sec
Dispensing 8.0 uL into A15 of Applied Biosystems™ MicroAmp™ Optical 384-Well Reaction Plate With Barcode 384 Well Plate 30 µL on 6 at 7.6 uL/sec
Aspirating 8.0 uL from B1 of Opentrons 96 Well Aluminum Block with Generic PCR Strip 200 µL on 5 at 7.6 uL/sec
Dispensing 8.0 uL into A18 of Applied Biosystems™ MicroAmp™ Optical 384-Well Reaction Plate With Barcode 384 Well Plate 30 µL on 6 at 7.6 uL/sec
Aspirating 8.0 uL from B1 of Opentrons 96 Well Aluminum Block with Generic PCR Strip 200 µL on 5 at 7.6 uL/sec
Dispensing 8.0 uL into B3 of Applied Biosystems™ MicroAmp™ Optical 384-Well Reaction Plate With Barcode 384 Well Plate 30 µL on 6 at 7.6 uL/sec
Aspirating 8.0 uL from B1 of Opentrons 96 Well Aluminum Block with Generic PCR Strip 200 µL on 5 at 7.6 uL/sec
Dispensing 8.0 uL into B6 of Applied Biosystems™ MicroAmp™ Optical 384-Well Reaction Plate With Barcode 384 Well Plate 30 µL on 6 at 7.6 uL/sec
Aspirating 8.0 uL from B1 of Opentrons 96 Well Aluminum Block with Generic PCR Strip 200 µL on 5 at 7.6 uL/sec
Dispensing 8.0 uL into B9 of Applied Biosystems™ MicroAmp™ Optical 384-Well Reaction Plate With Barcode 384 Well Plate 30 µL on 6 at 7.6 uL/sec
Aspirating 8.0 uL from B1 of Opentrons 96 Well Aluminum Block with Generic PCR Strip 200 µL on 5 at 7.6 uL/sec
Dispensing 8.0 uL into B12 of Applied Biosystems™ MicroAmp™ Optical 384-Well Reaction Plate With Barcode 384 Well Plate 30 µL on 6 at 7.6 uL/sec
Aspirating 8.0 uL from B1 of Opentrons 96 Well Aluminum Block with Generic PCR Strip 200 µL on 5 at 7.6 uL/sec
Dispensing 8.0 uL into B15 of Applied Biosystems™ MicroAmp™ Optical 384-Well Reaction Plate With Barcode 384 Well Plate 30 µL on 6 at 7.6 uL/sec
Aspirating 8.0 uL from B1 of Opentrons 96 Well Aluminum Block with Generic PCR Strip 200 µL on 5 at 7.6 uL/sec
Dispensing 8.0 uL into B18 of Applied Biosystems™ MicroAmp™ Optical 384-Well Reaction Plate With Barcode 384 Well Plate 30 µL on 6 at 7.6 uL/sec
Dropping tip into A1 of Opentrons Fixed Trash on 12
Caught exception: {'message': 'Task was destroyed but it is pending!', 'task': <Task pending name='Task-4' coro=<Poller._poll_forever() running at /Users/dp/Desktop/project/github/opentrons/venv/lib/python3.10/site-packages/opentrons/hardware_control/poller.py:80> wait_for=<Future pending cb=[Task.task_wakeup()]>>}
Caught exception: {'message': 'Task was destroyed but it is pending!', 'task': <Task pending name='Task-3' coro=<Poller._poll_forever() running at /Users/dp/Desktop/project/github/opentrons/venv/lib/python3.10/site-packages/opentrons/hardware_control/poller.py:80> wait_for=<Future pending cb=[Task.task_wakeup()]>>}
Caught exception: {'message': 'Task was destroyed but it is pending!', 'task': <Task pending name='Task-2' coro=<Poller._poll_forever() running at /Users/dp/Desktop/project/github/opentrons/venv/lib/python3.10/site-packages/opentrons/hardware_control/poller.py:80> wait_for=<Future pending cb=[Task.task_wakeup()]>>}
