/Users/dp/Desktop/project/github/opentrons/venv/lib/python3.10/site-packages/opentrons/hardware_control/simulator_setup.py:205: UserWarning: Simulator configuration does not name a machine, defaulting to OT-2 Standard
  warn(
/Users/dp/.opentrons/robot_settings.json not found. Loading defaults
Deck calibration not found.
/Users/dp/.opentrons/deck_calibration.json not found. Loading defaults
['A1', 'B1', 'C1']


~~~~~~~~~~~~~~ADDING NFW TO WELLS~~~~~~~~~~~~~~~

Picking up tip from A1 of Opentrons OT-2 96 Filter Tip Rack 20 µL on 3
Picking up tip from A1 of Opentrons OT-2 96 Filter Tip Rack 200 µL on 5
Transferring 6.0 from A1 of Opentrons 6 Tube Rack with Falcon 50 mL Conical on 4 to B1 of NEST 96 Well Plate 100 µL PCR Full Skirt on 2
Aspirating 6.0 uL from A1 of Opentrons 6 Tube Rack with Falcon 50 mL Conical on 4 at 7.56 uL/sec
Dispensing 6.0 uL into B1 of NEST 96 Well Plate 100 µL PCR Full Skirt on 2 at 7.56 uL/sec
Transferring 3.0 from A1 of Opentrons 6 Tube Rack with Falcon 50 mL Conical on 4 to C1 of NEST 96 Well Plate 100 µL PCR Full Skirt on 2
Aspirating 3.0 uL from A1 of Opentrons 6 Tube Rack with Falcon 50 mL Conical on 4 at 7.56 uL/sec
Dispensing 3.0 uL into C1 of NEST 96 Well Plate 100 µL PCR Full Skirt on 2 at 7.56 uL/sec
Dropping tip into A1 of Opentrons Fixed Trash on 12
Dropping tip into A1 of Opentrons Fixed Trash on 12


~~~~~~~~~~~~~TRANSFERRING SAMPLE VOLUMES~~~~~~~~~~~~~~

Picking up tip from B1 of Opentrons OT-2 96 Filter Tip Rack 200 µL on 5
Transferring 24.0 from B1 of NEST 96 Well Plate 100 µL PCR Full Skirt on 1 to B1 of NEST 96 Well Plate 100 µL PCR Full Skirt on 2
Aspirating 24.0 uL from B1 of NEST 96 Well Plate 100 µL PCR Full Skirt on 1 at 92.86 uL/sec
Dispensing 24.0 uL into B1 of NEST 96 Well Plate 100 µL PCR Full Skirt on 2 at 92.86 uL/sec
Mixing 4 times with a volume of 15.0 ul
Aspirating 15.0 uL from B1 of NEST 96 Well Plate 100 µL PCR Full Skirt on 2 at 92.86 uL/sec
Dispensing 15.0 uL into B1 of NEST 96 Well Plate 100 µL PCR Full Skirt on 2 at 92.86 uL/sec
Aspirating 15.0 uL from B1 of NEST 96 Well Plate 100 µL PCR Full Skirt on 2 at 92.86 uL/sec
Dispensing 15.0 uL into B1 of NEST 96 Well Plate 100 µL PCR Full Skirt on 2 at 92.86 uL/sec
Aspirating 15.0 uL from B1 of NEST 96 Well Plate 100 µL PCR Full Skirt on 2 at 92.86 uL/sec
Dispensing 15.0 uL into B1 of NEST 96 Well Plate 100 µL PCR Full Skirt on 2 at 92.86 uL/sec
Aspirating 15.0 uL from B1 of NEST 96 Well Plate 100 µL PCR Full Skirt on 2 at 92.86 uL/sec
Dispensing 15.0 uL into B1 of NEST 96 Well Plate 100 µL PCR Full Skirt on 2 at 92.86 uL/sec
Dropping tip into A1 of Opentrons Fixed Trash on 12
Picking up tip from C1 of Opentrons OT-2 96 Filter Tip Rack 200 µL on 5
Transferring 27.0 from C1 of NEST 96 Well Plate 100 µL PCR Full Skirt on 1 to C1 of NEST 96 Well Plate 100 µL PCR Full Skirt on 2
Aspirating 27.0 uL from C1 of NEST 96 Well Plate 100 µL PCR Full Skirt on 1 at 92.86 uL/sec
Dispensing 27.0 uL into C1 of NEST 96 Well Plate 100 µL PCR Full Skirt on 2 at 92.86 uL/sec
Mixing 4 times with a volume of 15.0 ul
Aspirating 15.0 uL from C1 of NEST 96 Well Plate 100 µL PCR Full Skirt on 2 at 92.86 uL/sec
Dispensing 15.0 uL into C1 of NEST 96 Well Plate 100 µL PCR Full Skirt on 2 at 92.86 uL/sec
Aspirating 15.0 uL from C1 of NEST 96 Well Plate 100 µL PCR Full Skirt on 2 at 92.86 uL/sec
Dispensing 15.0 uL into C1 of NEST 96 Well Plate 100 µL PCR Full Skirt on 2 at 92.86 uL/sec
Aspirating 15.0 uL from C1 of NEST 96 Well Plate 100 µL PCR Full Skirt on 2 at 92.86 uL/sec
Dispensing 15.0 uL into C1 of NEST 96 Well Plate 100 µL PCR Full Skirt on 2 at 92.86 uL/sec
Aspirating 15.0 uL from C1 of NEST 96 Well Plate 100 µL PCR Full Skirt on 2 at 92.86 uL/sec
Dispensing 15.0 uL into C1 of NEST 96 Well Plate 100 µL PCR Full Skirt on 2 at 92.86 uL/sec
Dropping tip into A1 of Opentrons Fixed Trash on 12
The following sample wells failed: 

A1


~~~~~~~~~~~~~~ADDING NFW TO WELLS~~~~~~~~~~~~~~~

Picking up tip from A1 of Opentrons OT-2 96 Filter Tip Rack 20 µL on 3
Picking up tip from A1 of Opentrons OT-2 96 Filter Tip Rack 200 µL on 5
Transferring 6.0 from A1 of Opentrons 6 Tube Rack with Falcon 50 mL Conical on 4 to B1 of NEST 96 Well Plate 100 µL PCR Full Skirt on 2
	Aspirating 6.0 uL from A1 of Opentrons 6 Tube Rack with Falcon 50 mL Conical on 4 at 7.56 uL/sec
	Dispensing 6.0 uL into B1 of NEST 96 Well Plate 100 µL PCR Full Skirt on 2 at 7.56 uL/sec
Transferring 3.0 from A1 of Opentrons 6 Tube Rack with Falcon 50 mL Conical on 4 to C1 of NEST 96 Well Plate 100 µL PCR Full Skirt on 2
	Aspirating 3.0 uL from A1 of Opentrons 6 Tube Rack with Falcon 50 mL Conical on 4 at 7.56 uL/sec
	Dispensing 3.0 uL into C1 of NEST 96 Well Plate 100 µL PCR Full Skirt on 2 at 7.56 uL/sec
Dropping tip into A1 of Opentrons Fixed Trash on 12
Dropping tip into A1 of Opentrons Fixed Trash on 12


~~~~~~~~~~~~~TRANSFERRING SAMPLE VOLUMES~~~~~~~~~~~~~~

Picking up tip from B1 of Opentrons OT-2 96 Filter Tip Rack 200 µL on 5
Transferring 24.0 from B1 of NEST 96 Well Plate 100 µL PCR Full Skirt on 1 to B1 of NEST 96 Well Plate 100 µL PCR Full Skirt on 2
	Aspirating 24.0 uL from B1 of NEST 96 Well Plate 100 µL PCR Full Skirt on 1 at 92.86 uL/sec
	Dispensing 24.0 uL into B1 of NEST 96 Well Plate 100 µL PCR Full Skirt on 2 at 92.86 uL/sec
Mixing 4 times with a volume of 15.0 ul
	Aspirating 15.0 uL from B1 of NEST 96 Well Plate 100 µL PCR Full Skirt on 2 at 92.86 uL/sec
	Dispensing 15.0 uL into B1 of NEST 96 Well Plate 100 µL PCR Full Skirt on 2 at 92.86 uL/sec
	Aspirating 15.0 uL from B1 of NEST 96 Well Plate 100 µL PCR Full Skirt on 2 at 92.86 uL/sec
	Dispensing 15.0 uL into B1 of NEST 96 Well Plate 100 µL PCR Full Skirt on 2 at 92.86 uL/sec
	Aspirating 15.0 uL from B1 of NEST 96 Well Plate 100 µL PCR Full Skirt on 2 at 92.86 uL/sec
	Dispensing 15.0 uL into B1 of NEST 96 Well Plate 100 µL PCR Full Skirt on 2 at 92.86 uL/sec
	Aspirating 15.0 uL from B1 of NEST 96 Well Plate 100 µL PCR Full Skirt on 2 at 92.86 uL/sec
	Dispensing 15.0 uL into B1 of NEST 96 Well Plate 100 µL PCR Full Skirt on 2 at 92.86 uL/sec
Dropping tip into A1 of Opentrons Fixed Trash on 12
Picking up tip from C1 of Opentrons OT-2 96 Filter Tip Rack 200 µL on 5
Transferring 27.0 from C1 of NEST 96 Well Plate 100 µL PCR Full Skirt on 1 to C1 of NEST 96 Well Plate 100 µL PCR Full Skirt on 2
	Aspirating 27.0 uL from C1 of NEST 96 Well Plate 100 µL PCR Full Skirt on 1 at 92.86 uL/sec
	Dispensing 27.0 uL into C1 of NEST 96 Well Plate 100 µL PCR Full Skirt on 2 at 92.86 uL/sec
Mixing 4 times with a volume of 15.0 ul
	Aspirating 15.0 uL from C1 of NEST 96 Well Plate 100 µL PCR Full Skirt on 2 at 92.86 uL/sec
	Dispensing 15.0 uL into C1 of NEST 96 Well Plate 100 µL PCR Full Skirt on 2 at 92.86 uL/sec
	Aspirating 15.0 uL from C1 of NEST 96 Well Plate 100 µL PCR Full Skirt on 2 at 92.86 uL/sec
	Dispensing 15.0 uL into C1 of NEST 96 Well Plate 100 µL PCR Full Skirt on 2 at 92.86 uL/sec
	Aspirating 15.0 uL from C1 of NEST 96 Well Plate 100 µL PCR Full Skirt on 2 at 92.86 uL/sec
	Dispensing 15.0 uL into C1 of NEST 96 Well Plate 100 µL PCR Full Skirt on 2 at 92.86 uL/sec
	Aspirating 15.0 uL from C1 of NEST 96 Well Plate 100 µL PCR Full Skirt on 2 at 92.86 uL/sec
	Dispensing 15.0 uL into C1 of NEST 96 Well Plate 100 µL PCR Full Skirt on 2 at 92.86 uL/sec
Dropping tip into A1 of Opentrons Fixed Trash on 12
The following sample wells failed: 

A1
Caught exception: {'message': 'Task was destroyed but it is pending!', 'task': <Task pending name='Task-4' coro=<Poller._poll_forever() running at /Users/dp/Desktop/project/github/opentrons/venv/lib/python3.10/site-packages/opentrons/hardware_control/poller.py:80> wait_for=<Future pending cb=[Task.task_wakeup()]>>}
Caught exception: {'message': 'Task was destroyed but it is pending!', 'task': <Task pending name='Task-3' coro=<Poller._poll_forever() running at /Users/dp/Desktop/project/github/opentrons/venv/lib/python3.10/site-packages/opentrons/hardware_control/poller.py:80> wait_for=<Future pending cb=[Task.task_wakeup()]>>}
Caught exception: {'message': 'Task was destroyed but it is pending!', 'task': <Task pending name='Task-2' coro=<Poller._poll_forever() running at /Users/dp/Desktop/project/github/opentrons/venv/lib/python3.10/site-packages/opentrons/hardware_control/poller.py:80> wait_for=<Future pending cb=[Task.task_wakeup()]>>}
