/Users/dp/Desktop/project/github/opentrons/venv/lib/python3.10/site-packages/opentrons/hardware_control/simulator_setup.py:205: UserWarning: Simulator configuration does not name a machine, defaulting to OT-2 Standard
  warn(
/Users/dp/.opentrons/robot_settings.json not found. Loading defaults
Deck calibration not found.
/Users/dp/.opentrons/deck_calibration.json not found. Loading defaults
Disengaging Magnetic Module
Picking up tip from A1 of 200µl filtertiprack on 3
Aspirating 8.5 uL from A1 of reagent plate on Temperature Module GEN1 on 4 at 7.6 uL/sec
Moving to A1 of reagent plate on Temperature Module GEN1 on 4
Dispensing 8.5 uL into A1 of cDNA plate on 2 at 7.6 uL/sec
Moving to A1 of cDNA plate on 2
Aspirating 8.5 uL from A1 of reagent plate on Temperature Module GEN1 on 4 at 7.6 uL/sec
Moving to A1 of reagent plate on Temperature Module GEN1 on 4
Dispensing 8.5 uL into A2 of cDNA plate on 2 at 7.6 uL/sec
Moving to A2 of cDNA plate on 2
Aspirating 8.5 uL from A1 of reagent plate on Temperature Module GEN1 on 4 at 7.6 uL/sec
Moving to A1 of reagent plate on Temperature Module GEN1 on 4
Dispensing 8.5 uL into A3 of cDNA plate on 2 at 7.6 uL/sec
Moving to A3 of cDNA plate on 2
Aspirating 8.5 uL from A1 of reagent plate on Temperature Module GEN1 on 4 at 7.6 uL/sec
Moving to A1 of reagent plate on Temperature Module GEN1 on 4
Dispensing 8.5 uL into A4 of cDNA plate on 2 at 7.6 uL/sec
Moving to A4 of cDNA plate on 2
Aspirating 8.5 uL from A1 of reagent plate on Temperature Module GEN1 on 4 at 7.6 uL/sec
Moving to A1 of reagent plate on Temperature Module GEN1 on 4
Dispensing 8.5 uL into A5 of cDNA plate on 2 at 7.6 uL/sec
Moving to A5 of cDNA plate on 2
Aspirating 8.5 uL from A1 of reagent plate on Temperature Module GEN1 on 4 at 7.6 uL/sec
Moving to A1 of reagent plate on Temperature Module GEN1 on 4
Dispensing 8.5 uL into A6 of cDNA plate on 2 at 7.6 uL/sec
Moving to A6 of cDNA plate on 2
Aspirating 8.5 uL from A1 of reagent plate on Temperature Module GEN1 on 4 at 7.6 uL/sec
Moving to A1 of reagent plate on Temperature Module GEN1 on 4
Dispensing 8.5 uL into A7 of cDNA plate on 2 at 7.6 uL/sec
Moving to A7 of cDNA plate on 2
Aspirating 8.5 uL from A1 of reagent plate on Temperature Module GEN1 on 4 at 7.6 uL/sec
Moving to A1 of reagent plate on Temperature Module GEN1 on 4
Dispensing 8.5 uL into A8 of cDNA plate on 2 at 7.6 uL/sec
Moving to A8 of cDNA plate on 2
Aspirating 8.5 uL from A1 of reagent plate on Temperature Module GEN1 on 4 at 7.6 uL/sec
Moving to A1 of reagent plate on Temperature Module GEN1 on 4
Dispensing 8.5 uL into A9 of cDNA plate on 2 at 7.6 uL/sec
Moving to A9 of cDNA plate on 2
Aspirating 8.5 uL from A1 of reagent plate on Temperature Module GEN1 on 4 at 7.6 uL/sec
Moving to A1 of reagent plate on Temperature Module GEN1 on 4
Dispensing 8.5 uL into A10 of cDNA plate on 2 at 7.6 uL/sec
Moving to A10 of cDNA plate on 2
Aspirating 8.5 uL from A1 of reagent plate on Temperature Module GEN1 on 4 at 7.6 uL/sec
Moving to A1 of reagent plate on Temperature Module GEN1 on 4
Dispensing 8.5 uL into A11 of cDNA plate on 2 at 7.6 uL/sec
Moving to A11 of cDNA plate on 2
Aspirating 8.5 uL from A1 of reagent plate on Temperature Module GEN1 on 4 at 7.6 uL/sec
Moving to A1 of reagent plate on Temperature Module GEN1 on 4
Dispensing 8.5 uL into A12 of cDNA plate on 2 at 7.6 uL/sec
Moving to A12 of cDNA plate on 2
Aspirating 8.5 uL from A1 of sample plate on 1 at 7.6 uL/sec
Moving to A1 of sample plate on 1
Dispensing 8.5 uL into A1 of cDNA plate on 2 at 7.6 uL/sec
Moving to A1 of cDNA plate on 2
Returning tip
	Dropping tip into A1 of 200µl filtertiprack on 3
Picking up tip from A2 of 200µl filtertiprack on 3
Aspirating 8.5 uL from A2 of sample plate on 1 at 7.6 uL/sec
Moving to A2 of sample plate on 1
Dispensing 8.5 uL into A2 of cDNA plate on 2 at 7.6 uL/sec
Moving to A2 of cDNA plate on 2
Returning tip
	Dropping tip into A2 of 200µl filtertiprack on 3
Picking up tip from A3 of 200µl filtertiprack on 3
Aspirating 8.5 uL from A3 of sample plate on 1 at 7.6 uL/sec
Moving to A3 of sample plate on 1
Dispensing 8.5 uL into A3 of cDNA plate on 2 at 7.6 uL/sec
Moving to A3 of cDNA plate on 2
Returning tip
	Dropping tip into A3 of 200µl filtertiprack on 3
Picking up tip from A4 of 200µl filtertiprack on 3
Aspirating 8.5 uL from A4 of sample plate on 1 at 7.6 uL/sec
Moving to A4 of sample plate on 1
Dispensing 8.5 uL into A4 of cDNA plate on 2 at 7.6 uL/sec
Moving to A4 of cDNA plate on 2
Returning tip
	Dropping tip into A4 of 200µl filtertiprack on 3
Picking up tip from A5 of 200µl filtertiprack on 3
Aspirating 8.5 uL from A5 of sample plate on 1 at 7.6 uL/sec
Moving to A5 of sample plate on 1
Dispensing 8.5 uL into A5 of cDNA plate on 2 at 7.6 uL/sec
Moving to A5 of cDNA plate on 2
Returning tip
	Dropping tip into A5 of 200µl filtertiprack on 3
Picking up tip from A6 of 200µl filtertiprack on 3
Aspirating 8.5 uL from A6 of sample plate on 1 at 7.6 uL/sec
Moving to A6 of sample plate on 1
Dispensing 8.5 uL into A6 of cDNA plate on 2 at 7.6 uL/sec
Moving to A6 of cDNA plate on 2
Returning tip
	Dropping tip into A6 of 200µl filtertiprack on 3
Picking up tip from A7 of 200µl filtertiprack on 3
Aspirating 8.5 uL from A7 of sample plate on 1 at 7.6 uL/sec
Moving to A7 of sample plate on 1
Dispensing 8.5 uL into A7 of cDNA plate on 2 at 7.6 uL/sec
Moving to A7 of cDNA plate on 2
Returning tip
	Dropping tip into A7 of 200µl filtertiprack on 3
Picking up tip from A8 of 200µl filtertiprack on 3
Aspirating 8.5 uL from A8 of sample plate on 1 at 7.6 uL/sec
Moving to A8 of sample plate on 1
Dispensing 8.5 uL into A8 of cDNA plate on 2 at 7.6 uL/sec
Moving to A8 of cDNA plate on 2
Returning tip
	Dropping tip into A8 of 200µl filtertiprack on 3
Picking up tip from A9 of 200µl filtertiprack on 3
Aspirating 8.5 uL from A9 of sample plate on 1 at 7.6 uL/sec
Moving to A9 of sample plate on 1
Dispensing 8.5 uL into A9 of cDNA plate on 2 at 7.6 uL/sec
Moving to A9 of cDNA plate on 2
Returning tip
	Dropping tip into A9 of 200µl filtertiprack on 3
Picking up tip from A10 of 200µl filtertiprack on 3
Aspirating 8.5 uL from A10 of sample plate on 1 at 7.6 uL/sec
Moving to A10 of sample plate on 1
Dispensing 8.5 uL into A10 of cDNA plate on 2 at 7.6 uL/sec
Moving to A10 of cDNA plate on 2
Returning tip
	Dropping tip into A10 of 200µl filtertiprack on 3
Picking up tip from A11 of 200µl filtertiprack on 3
Aspirating 8.5 uL from A11 of sample plate on 1 at 7.6 uL/sec
Moving to A11 of sample plate on 1
Dispensing 8.5 uL into A11 of cDNA plate on 2 at 7.6 uL/sec
Moving to A11 of cDNA plate on 2
Returning tip
	Dropping tip into A11 of 200µl filtertiprack on 3
Picking up tip from A12 of 200µl filtertiprack on 3
Aspirating 8.5 uL from A12 of sample plate on 1 at 7.6 uL/sec
Moving to A12 of sample plate on 1
Dispensing 8.5 uL into A12 of cDNA plate on 2 at 7.6 uL/sec
Moving to A12 of cDNA plate on 2
Returning tip
	Dropping tip into A12 of 200µl filtertiprack on 3




Protocol complete.
Seal and shake at 1600 rpm for 1 minute.
Centrifuge at 1000 × g for 1 minute.
Place on the preprogrammed thermal cycler and run the COVIDSeq FSS program.




Caught exception: {'message': 'Task was destroyed but it is pending!', 'task': <Task pending name='Task-2' coro=<Poller._poll_forever() running at /Users/dp/Desktop/project/github/opentrons/venv/lib/python3.10/site-packages/opentrons/hardware_control/poller.py:80> wait_for=<Future pending cb=[Task.task_wakeup()]>>}
Caught exception: {'message': 'Task was destroyed but it is pending!', 'task': <Task pending name='Task-4' coro=<Poller._poll_forever() running at /Users/dp/Desktop/project/github/opentrons/venv/lib/python3.10/site-packages/opentrons/hardware_control/poller.py:80> wait_for=<Future pending cb=[Task.task_wakeup()]>>}
Caught exception: {'message': 'Task was destroyed but it is pending!', 'task': <Task pending name='Task-3' coro=<Poller._poll_forever() running at /Users/dp/Desktop/project/github/opentrons/venv/lib/python3.10/site-packages/opentrons/hardware_control/poller.py:80> wait_for=<Future pending cb=[Task.task_wakeup()]>>}
