/Users/dp/Desktop/project/github/opentrons/venv/lib/python3.10/site-packages/opentrons/hardware_control/simulator_setup.py:205: UserWarning: Simulator configuration does not name a machine, defaulting to OT-2 Standard
  warn(
/Users/dp/.opentrons/robot_settings.json not found. Loading defaults
Deck calibration not found.
/Users/dp/.opentrons/deck_calibration.json not found. Loading defaults
Picking up tip from A1 of Opentrons OT-2 96 Filter Tip Rack 200 µL on 11
Aspirating 50.0 uL from A1 of Opentrons 10 Tube Rack with Falcon 4x50 mL, 6x15 mL Conical on 9 at 92.86 uL/sec
Moving to A1 of plate 1 on 1
Dispensing 50.0 uL into A1 of plate 1 on 1 at 92.86 uL/sec
Blowing out at A1 of plate 1 on 1
Aspirating 50.0 uL from A1 of Opentrons 10 Tube Rack with Falcon 4x50 mL, 6x15 mL Conical on 9 at 92.86 uL/sec
Moving to B1 of plate 1 on 1
Dispensing 50.0 uL into B1 of plate 1 on 1 at 92.86 uL/sec
Blowing out at B1 of plate 1 on 1
Aspirating 50.0 uL from A1 of Opentrons 10 Tube Rack with Falcon 4x50 mL, 6x15 mL Conical on 9 at 92.86 uL/sec
Moving to C1 of plate 1 on 1
Dispensing 50.0 uL into C1 of plate 1 on 1 at 92.86 uL/sec
Blowing out at C1 of plate 1 on 1
Aspirating 50.0 uL from A1 of Opentrons 10 Tube Rack with Falcon 4x50 mL, 6x15 mL Conical on 9 at 92.86 uL/sec
Moving to D1 of plate 1 on 1
Dispensing 50.0 uL into D1 of plate 1 on 1 at 92.86 uL/sec
Blowing out at D1 of plate 1 on 1
Aspirating 50.0 uL from A1 of Opentrons 10 Tube Rack with Falcon 4x50 mL, 6x15 mL Conical on 9 at 92.86 uL/sec
Moving to E1 of plate 1 on 1
Dispensing 50.0 uL into E1 of plate 1 on 1 at 92.86 uL/sec
Blowing out at E1 of plate 1 on 1
Aspirating 50.0 uL from A1 of Opentrons 10 Tube Rack with Falcon 4x50 mL, 6x15 mL Conical on 9 at 92.86 uL/sec
Moving to F1 of plate 1 on 1
Dispensing 50.0 uL into F1 of plate 1 on 1 at 92.86 uL/sec
Blowing out at F1 of plate 1 on 1
Aspirating 50.0 uL from A1 of Opentrons 10 Tube Rack with Falcon 4x50 mL, 6x15 mL Conical on 9 at 92.86 uL/sec
Moving to G1 of plate 1 on 1
Dispensing 50.0 uL into G1 of plate 1 on 1 at 92.86 uL/sec
Blowing out at G1 of plate 1 on 1
Aspirating 50.0 uL from A1 of Opentrons 10 Tube Rack with Falcon 4x50 mL, 6x15 mL Conical on 9 at 92.86 uL/sec
Moving to H1 of plate 1 on 1
Dispensing 50.0 uL into H1 of plate 1 on 1 at 92.86 uL/sec
Blowing out at H1 of plate 1 on 1
Picking up tip from A1 of Opentrons OT-2 96 Filter Tip Rack 20 µL on 10
Aspirating 12.5 uL from A1 of Opentrons 10 Tube Rack with Falcon 4x50 mL, 6x15 mL Conical on 9 at 7.56 uL/sec
Moving to A3 of plate 1 on 1
Dispensing 12.5 uL into A3 of plate 1 on 1 at 7.56 uL/sec
Blowing out at A3 of plate 1 on 1
Aspirating 12.5 uL from A1 of Opentrons 10 Tube Rack with Falcon 4x50 mL, 6x15 mL Conical on 9 at 7.56 uL/sec
Moving to B3 of plate 1 on 1
Dispensing 12.5 uL into B3 of plate 1 on 1 at 7.56 uL/sec
Blowing out at B3 of plate 1 on 1
Aspirating 12.5 uL from A1 of Opentrons 10 Tube Rack with Falcon 4x50 mL, 6x15 mL Conical on 9 at 7.56 uL/sec
Moving to C3 of plate 1 on 1
Dispensing 12.5 uL into C3 of plate 1 on 1 at 7.56 uL/sec
Blowing out at C3 of plate 1 on 1
Aspirating 12.5 uL from A1 of Opentrons 10 Tube Rack with Falcon 4x50 mL, 6x15 mL Conical on 9 at 7.56 uL/sec
Moving to D3 of plate 1 on 1
Dispensing 12.5 uL into D3 of plate 1 on 1 at 7.56 uL/sec
Blowing out at D3 of plate 1 on 1
Aspirating 12.5 uL from A1 of Opentrons 10 Tube Rack with Falcon 4x50 mL, 6x15 mL Conical on 9 at 7.56 uL/sec
Moving to E3 of plate 1 on 1
Dispensing 12.5 uL into E3 of plate 1 on 1 at 7.56 uL/sec
Blowing out at E3 of plate 1 on 1
Aspirating 12.5 uL from A1 of Opentrons 10 Tube Rack with Falcon 4x50 mL, 6x15 mL Conical on 9 at 7.56 uL/sec
Moving to F3 of plate 1 on 1
Dispensing 12.5 uL into F3 of plate 1 on 1 at 7.56 uL/sec
Blowing out at F3 of plate 1 on 1
Aspirating 12.5 uL from A1 of Opentrons 10 Tube Rack with Falcon 4x50 mL, 6x15 mL Conical on 9 at 7.56 uL/sec
Moving to G3 of plate 1 on 1
Dispensing 12.5 uL into G3 of plate 1 on 1 at 7.56 uL/sec
Blowing out at G3 of plate 1 on 1
Aspirating 12.5 uL from A1 of Opentrons 10 Tube Rack with Falcon 4x50 mL, 6x15 mL Conical on 9 at 7.56 uL/sec
Moving to H3 of plate 1 on 1
Dispensing 12.5 uL into H3 of plate 1 on 1 at 7.56 uL/sec
Blowing out at H3 of plate 1 on 1
Dropping tip into A1 of Opentrons Fixed Trash on 12
Dropping tip into A1 of Opentrons Fixed Trash on 12
Picking up tip from B1 of Opentrons OT-2 96 Filter Tip Rack 200 µL on 11
Aspirating 50.0 uL from A2 of Opentrons 10 Tube Rack with Falcon 4x50 mL, 6x15 mL Conical on 9 at 92.86 uL/sec
Moving to A1 of plate 1 on 1
Dispensing 50.0 uL into A1 of plate 1 on 1 at 92.86 uL/sec
Aspirating 50.0 uL from A2 of Opentrons 10 Tube Rack with Falcon 4x50 mL, 6x15 mL Conical on 9 at 92.86 uL/sec
Moving to A2 of plate 1 on 1
Dispensing 50.0 uL into A2 of plate 1 on 1 at 92.86 uL/sec
Aspirating 50.0 uL from A2 of Opentrons 10 Tube Rack with Falcon 4x50 mL, 6x15 mL Conical on 9 at 92.86 uL/sec
Moving to A3 of plate 1 on 1
Dispensing 50.0 uL into A3 of plate 1 on 1 at 92.86 uL/sec
Aspirating 50.0 uL from A2 of Opentrons 10 Tube Rack with Falcon 4x50 mL, 6x15 mL Conical on 9 at 92.86 uL/sec
Moving to A4 of plate 1 on 1
Dispensing 50.0 uL into A4 of plate 1 on 1 at 92.86 uL/sec
Aspirating 50.0 uL from A2 of Opentrons 10 Tube Rack with Falcon 4x50 mL, 6x15 mL Conical on 9 at 92.86 uL/sec
Moving to A5 of plate 1 on 1
Dispensing 50.0 uL into A5 of plate 1 on 1 at 92.86 uL/sec
Aspirating 50.0 uL from A2 of Opentrons 10 Tube Rack with Falcon 4x50 mL, 6x15 mL Conical on 9 at 92.86 uL/sec
Moving to A6 of plate 1 on 1
Dispensing 50.0 uL into A6 of plate 1 on 1 at 92.86 uL/sec
Aspirating 50.0 uL from A2 of Opentrons 10 Tube Rack with Falcon 4x50 mL, 6x15 mL Conical on 9 at 92.86 uL/sec
Moving to A7 of plate 1 on 1
Dispensing 50.0 uL into A7 of plate 1 on 1 at 92.86 uL/sec
Aspirating 50.0 uL from A2 of Opentrons 10 Tube Rack with Falcon 4x50 mL, 6x15 mL Conical on 9 at 92.86 uL/sec
Moving to A8 of plate 1 on 1
Dispensing 50.0 uL into A8 of plate 1 on 1 at 92.86 uL/sec
Aspirating 50.0 uL from A2 of Opentrons 10 Tube Rack with Falcon 4x50 mL, 6x15 mL Conical on 9 at 92.86 uL/sec
Moving to A9 of plate 1 on 1
Dispensing 50.0 uL into A9 of plate 1 on 1 at 92.86 uL/sec
Aspirating 50.0 uL from A2 of Opentrons 10 Tube Rack with Falcon 4x50 mL, 6x15 mL Conical on 9 at 92.86 uL/sec
Moving to A10 of plate 1 on 1
Dispensing 50.0 uL into A10 of plate 1 on 1 at 92.86 uL/sec
Aspirating 50.0 uL from A2 of Opentrons 10 Tube Rack with Falcon 4x50 mL, 6x15 mL Conical on 9 at 92.86 uL/sec
Moving to A11 of plate 1 on 1
Dispensing 50.0 uL into A11 of plate 1 on 1 at 92.86 uL/sec
Aspirating 50.0 uL from A2 of Opentrons 10 Tube Rack with Falcon 4x50 mL, 6x15 mL Conical on 9 at 92.86 uL/sec
Moving to A12 of plate 1 on 1
Dispensing 50.0 uL into A12 of plate 1 on 1 at 92.86 uL/sec
Picking up tip from B1 of Opentrons OT-2 96 Filter Tip Rack 20 µL on 10
Aspirating 12.5 uL from A2 of Opentrons 10 Tube Rack with Falcon 4x50 mL, 6x15 mL Conical on 9 at 7.56 uL/sec
Moving to C1 of plate 1 on 1
Dispensing 12.5 uL into C1 of plate 1 on 1 at 7.56 uL/sec
Aspirating 12.5 uL from A2 of Opentrons 10 Tube Rack with Falcon 4x50 mL, 6x15 mL Conical on 9 at 7.56 uL/sec
Moving to C2 of plate 1 on 1
Dispensing 12.5 uL into C2 of plate 1 on 1 at 7.56 uL/sec
Aspirating 12.5 uL from A2 of Opentrons 10 Tube Rack with Falcon 4x50 mL, 6x15 mL Conical on 9 at 7.56 uL/sec
Moving to C3 of plate 1 on 1
Dispensing 12.5 uL into C3 of plate 1 on 1 at 7.56 uL/sec
Aspirating 12.5 uL from A2 of Opentrons 10 Tube Rack with Falcon 4x50 mL, 6x15 mL Conical on 9 at 7.56 uL/sec
Moving to C4 of plate 1 on 1
Dispensing 12.5 uL into C4 of plate 1 on 1 at 7.56 uL/sec
Aspirating 12.5 uL from A2 of Opentrons 10 Tube Rack with Falcon 4x50 mL, 6x15 mL Conical on 9 at 7.56 uL/sec
Moving to C5 of plate 1 on 1
Dispensing 12.5 uL into C5 of plate 1 on 1 at 7.56 uL/sec
Aspirating 12.5 uL from A2 of Opentrons 10 Tube Rack with Falcon 4x50 mL, 6x15 mL Conical on 9 at 7.56 uL/sec
Moving to C6 of plate 1 on 1
Dispensing 12.5 uL into C6 of plate 1 on 1 at 7.56 uL/sec
Aspirating 12.5 uL from A2 of Opentrons 10 Tube Rack with Falcon 4x50 mL, 6x15 mL Conical on 9 at 7.56 uL/sec
Moving to C7 of plate 1 on 1
Dispensing 12.5 uL into C7 of plate 1 on 1 at 7.56 uL/sec
Aspirating 12.5 uL from A2 of Opentrons 10 Tube Rack with Falcon 4x50 mL, 6x15 mL Conical on 9 at 7.56 uL/sec
Moving to C8 of plate 1 on 1
Dispensing 12.5 uL into C8 of plate 1 on 1 at 7.56 uL/sec
Aspirating 12.5 uL from A2 of Opentrons 10 Tube Rack with Falcon 4x50 mL, 6x15 mL Conical on 9 at 7.56 uL/sec
Moving to C9 of plate 1 on 1
Dispensing 12.5 uL into C9 of plate 1 on 1 at 7.56 uL/sec
Aspirating 12.5 uL from A2 of Opentrons 10 Tube Rack with Falcon 4x50 mL, 6x15 mL Conical on 9 at 7.56 uL/sec
Moving to C10 of plate 1 on 1
Dispensing 12.5 uL into C10 of plate 1 on 1 at 7.56 uL/sec
Aspirating 12.5 uL from A2 of Opentrons 10 Tube Rack with Falcon 4x50 mL, 6x15 mL Conical on 9 at 7.56 uL/sec
Moving to C11 of plate 1 on 1
Dispensing 12.5 uL into C11 of plate 1 on 1 at 7.56 uL/sec
Aspirating 12.5 uL from A2 of Opentrons 10 Tube Rack with Falcon 4x50 mL, 6x15 mL Conical on 9 at 7.56 uL/sec
Moving to C12 of plate 1 on 1
Dispensing 12.5 uL into C12 of plate 1 on 1 at 7.56 uL/sec
Dropping tip into A1 of Opentrons Fixed Trash on 12
Dropping tip into A1 of Opentrons Fixed Trash on 12
Picking up tip from C1 of Opentrons OT-2 96 Filter Tip Rack 20 µL on 10
Aspirating 20.0 uL from A3 of Opentrons 10 Tube Rack with Falcon 4x50 mL, 6x15 mL Conical on 9 at 7.56 uL/sec
Moving to A1 of plate 1 on 1
Dispensing 20.0 uL into A1 of plate 1 on 1 at 7.56 uL/sec
Picking up tip from C1 of Opentrons OT-2 96 Filter Tip Rack 200 µL on 11
Aspirating 50.0 uL from A3 of Opentrons 10 Tube Rack with Falcon 4x50 mL, 6x15 mL Conical on 9 at 92.86 uL/sec
Moving to B1 of plate 1 on 1
Dispensing 50.0 uL into B1 of plate 1 on 1 at 92.86 uL/sec
Aspirating 37.5 uL from A3 of Opentrons 10 Tube Rack with Falcon 4x50 mL, 6x15 mL Conical on 9 at 92.86 uL/sec
Moving to C1 of plate 1 on 1
Dispensing 37.5 uL into C1 of plate 1 on 1 at 92.86 uL/sec
Aspirating 50.0 uL from A3 of Opentrons 10 Tube Rack with Falcon 4x50 mL, 6x15 mL Conical on 9 at 92.86 uL/sec
Moving to D1 of plate 1 on 1
Dispensing 50.0 uL into D1 of plate 1 on 1 at 92.86 uL/sec
Aspirating 50.0 uL from A3 of Opentrons 10 Tube Rack with Falcon 4x50 mL, 6x15 mL Conical on 9 at 92.86 uL/sec
Moving to E1 of plate 1 on 1
Dispensing 50.0 uL into E1 of plate 1 on 1 at 92.86 uL/sec
Aspirating 50.0 uL from A3 of Opentrons 10 Tube Rack with Falcon 4x50 mL, 6x15 mL Conical on 9 at 92.86 uL/sec
Moving to F1 of plate 1 on 1
Dispensing 50.0 uL into F1 of plate 1 on 1 at 92.86 uL/sec
Aspirating 50.0 uL from A3 of Opentrons 10 Tube Rack with Falcon 4x50 mL, 6x15 mL Conical on 9 at 92.86 uL/sec
Moving to G1 of plate 1 on 1
Dispensing 50.0 uL into G1 of plate 1 on 1 at 92.86 uL/sec
Aspirating 50.0 uL from A3 of Opentrons 10 Tube Rack with Falcon 4x50 mL, 6x15 mL Conical on 9 at 92.86 uL/sec
Moving to H1 of plate 1 on 1
Dispensing 50.0 uL into H1 of plate 1 on 1 at 92.86 uL/sec
Aspirating 50.0 uL from A3 of Opentrons 10 Tube Rack with Falcon 4x50 mL, 6x15 mL Conical on 9 at 92.86 uL/sec
Moving to A2 of plate 1 on 1
Dispensing 50.0 uL into A2 of plate 1 on 1 at 92.86 uL/sec
Aspirating 100.0 uL from A3 of Opentrons 10 Tube Rack with Falcon 4x50 mL, 6x15 mL Conical on 9 at 92.86 uL/sec
Moving to B2 of plate 1 on 1
Dispensing 100.0 uL into B2 of plate 1 on 1 at 92.86 uL/sec
Aspirating 87.5 uL from A3 of Opentrons 10 Tube Rack with Falcon 4x50 mL, 6x15 mL Conical on 9 at 92.86 uL/sec
Moving to C2 of plate 1 on 1
Dispensing 87.5 uL into C2 of plate 1 on 1 at 92.86 uL/sec
Aspirating 100.0 uL from A3 of Opentrons 10 Tube Rack with Falcon 4x50 mL, 6x15 mL Conical on 9 at 92.86 uL/sec
Moving to D2 of plate 1 on 1
Dispensing 100.0 uL into D2 of plate 1 on 1 at 92.86 uL/sec
Aspirating 100.0 uL from A3 of Opentrons 10 Tube Rack with Falcon 4x50 mL, 6x15 mL Conical on 9 at 92.86 uL/sec
Moving to E2 of plate 1 on 1
Dispensing 100.0 uL into E2 of plate 1 on 1 at 92.86 uL/sec
Aspirating 100.0 uL from A3 of Opentrons 10 Tube Rack with Falcon 4x50 mL, 6x15 mL Conical on 9 at 92.86 uL/sec
Moving to F2 of plate 1 on 1
Dispensing 100.0 uL into F2 of plate 1 on 1 at 92.86 uL/sec
Aspirating 100.0 uL from A3 of Opentrons 10 Tube Rack with Falcon 4x50 mL, 6x15 mL Conical on 9 at 92.86 uL/sec
Moving to G2 of plate 1 on 1
Dispensing 100.0 uL into G2 of plate 1 on 1 at 92.86 uL/sec
Aspirating 100.0 uL from A3 of Opentrons 10 Tube Rack with Falcon 4x50 mL, 6x15 mL Conical on 9 at 92.86 uL/sec
Moving to H2 of plate 1 on 1
Dispensing 100.0 uL into H2 of plate 1 on 1 at 92.86 uL/sec
Aspirating 37.5 uL from A3 of Opentrons 10 Tube Rack with Falcon 4x50 mL, 6x15 mL Conical on 9 at 92.86 uL/sec
Moving to A3 of plate 1 on 1
Dispensing 37.5 uL into A3 of plate 1 on 1 at 92.86 uL/sec
Aspirating 87.5 uL from A3 of Opentrons 10 Tube Rack with Falcon 4x50 mL, 6x15 mL Conical on 9 at 92.86 uL/sec
Moving to B3 of plate 1 on 1
Dispensing 87.5 uL into B3 of plate 1 on 1 at 92.86 uL/sec
Aspirating 75.0 uL from A3 of Opentrons 10 Tube Rack with Falcon 4x50 mL, 6x15 mL Conical on 9 at 92.86 uL/sec
Moving to C3 of plate 1 on 1
Dispensing 75.0 uL into C3 of plate 1 on 1 at 92.86 uL/sec
Aspirating 87.5 uL from A3 of Opentrons 10 Tube Rack with Falcon 4x50 mL, 6x15 mL Conical on 9 at 92.86 uL/sec
Moving to D3 of plate 1 on 1
Dispensing 87.5 uL into D3 of plate 1 on 1 at 92.86 uL/sec
Aspirating 87.5 uL from A3 of Opentrons 10 Tube Rack with Falcon 4x50 mL, 6x15 mL Conical on 9 at 92.86 uL/sec
Moving to E3 of plate 1 on 1
Dispensing 87.5 uL into E3 of plate 1 on 1 at 92.86 uL/sec
Aspirating 87.5 uL from A3 of Opentrons 10 Tube Rack with Falcon 4x50 mL, 6x15 mL Conical on 9 at 92.86 uL/sec
Moving to F3 of plate 1 on 1
Dispensing 87.5 uL into F3 of plate 1 on 1 at 92.86 uL/sec
Aspirating 87.5 uL from A3 of Opentrons 10 Tube Rack with Falcon 4x50 mL, 6x15 mL Conical on 9 at 92.86 uL/sec
Moving to G3 of plate 1 on 1
Dispensing 87.5 uL into G3 of plate 1 on 1 at 92.86 uL/sec
Aspirating 87.5 uL from A3 of Opentrons 10 Tube Rack with Falcon 4x50 mL, 6x15 mL Conical on 9 at 92.86 uL/sec
Moving to H3 of plate 1 on 1
Dispensing 87.5 uL into H3 of plate 1 on 1 at 92.86 uL/sec
Aspirating 50.0 uL from A3 of Opentrons 10 Tube Rack with Falcon 4x50 mL, 6x15 mL Conical on 9 at 92.86 uL/sec
Moving to A4 of plate 1 on 1
Dispensing 50.0 uL into A4 of plate 1 on 1 at 92.86 uL/sec
Aspirating 100.0 uL from A3 of Opentrons 10 Tube Rack with Falcon 4x50 mL, 6x15 mL Conical on 9 at 92.86 uL/sec
Moving to B4 of plate 1 on 1
Dispensing 100.0 uL into B4 of plate 1 on 1 at 92.86 uL/sec
Aspirating 87.5 uL from A3 of Opentrons 10 Tube Rack with Falcon 4x50 mL, 6x15 mL Conical on 9 at 92.86 uL/sec
Moving to C4 of plate 1 on 1
Dispensing 87.5 uL into C4 of plate 1 on 1 at 92.86 uL/sec
Aspirating 100.0 uL from A3 of Opentrons 10 Tube Rack with Falcon 4x50 mL, 6x15 mL Conical on 9 at 92.86 uL/sec
Moving to D4 of plate 1 on 1
Dispensing 100.0 uL into D4 of plate 1 on 1 at 92.86 uL/sec
Aspirating 100.0 uL from A3 of Opentrons 10 Tube Rack with Falcon 4x50 mL, 6x15 mL Conical on 9 at 92.86 uL/sec
Moving to E4 of plate 1 on 1
Dispensing 100.0 uL into E4 of plate 1 on 1 at 92.86 uL/sec
Aspirating 100.0 uL from A3 of Opentrons 10 Tube Rack with Falcon 4x50 mL, 6x15 mL Conical on 9 at 92.86 uL/sec
Moving to F4 of plate 1 on 1
Dispensing 100.0 uL into F4 of plate 1 on 1 at 92.86 uL/sec
Aspirating 100.0 uL from A3 of Opentrons 10 Tube Rack with Falcon 4x50 mL, 6x15 mL Conical on 9 at 92.86 uL/sec
Moving to G4 of plate 1 on 1
Dispensing 100.0 uL into G4 of plate 1 on 1 at 92.86 uL/sec
Aspirating 100.0 uL from A3 of Opentrons 10 Tube Rack with Falcon 4x50 mL, 6x15 mL Conical on 9 at 92.86 uL/sec
Moving to H4 of plate 1 on 1
Dispensing 100.0 uL into H4 of plate 1 on 1 at 92.86 uL/sec
Aspirating 50.0 uL from A3 of Opentrons 10 Tube Rack with Falcon 4x50 mL, 6x15 mL Conical on 9 at 92.86 uL/sec
Moving to A5 of plate 1 on 1
Dispensing 50.0 uL into A5 of plate 1 on 1 at 92.86 uL/sec
Aspirating 100.0 uL from A3 of Opentrons 10 Tube Rack with Falcon 4x50 mL, 6x15 mL Conical on 9 at 92.86 uL/sec
Moving to B5 of plate 1 on 1
Dispensing 100.0 uL into B5 of plate 1 on 1 at 92.86 uL/sec
Aspirating 87.5 uL from A3 of Opentrons 10 Tube Rack with Falcon 4x50 mL, 6x15 mL Conical on 9 at 92.86 uL/sec
Moving to C5 of plate 1 on 1
Dispensing 87.5 uL into C5 of plate 1 on 1 at 92.86 uL/sec
Aspirating 100.0 uL from A3 of Opentrons 10 Tube Rack with Falcon 4x50 mL, 6x15 mL Conical on 9 at 92.86 uL/sec
Moving to D5 of plate 1 on 1
Dispensing 100.0 uL into D5 of plate 1 on 1 at 92.86 uL/sec
Aspirating 100.0 uL from A3 of Opentrons 10 Tube Rack with Falcon 4x50 mL, 6x15 mL Conical on 9 at 92.86 uL/sec
Moving to E5 of plate 1 on 1
Dispensing 100.0 uL into E5 of plate 1 on 1 at 92.86 uL/sec
Aspirating 100.0 uL from A3 of Opentrons 10 Tube Rack with Falcon 4x50 mL, 6x15 mL Conical on 9 at 92.86 uL/sec
Moving to F5 of plate 1 on 1
Dispensing 100.0 uL into F5 of plate 1 on 1 at 92.86 uL/sec
Aspirating 100.0 uL from A3 of Opentrons 10 Tube Rack with Falcon 4x50 mL, 6x15 mL Conical on 9 at 92.86 uL/sec
Moving to G5 of plate 1 on 1
Dispensing 100.0 uL into G5 of plate 1 on 1 at 92.86 uL/sec
Aspirating 100.0 uL from A3 of Opentrons 10 Tube Rack with Falcon 4x50 mL, 6x15 mL Conical on 9 at 92.86 uL/sec
Moving to H5 of plate 1 on 1
Dispensing 100.0 uL into H5 of plate 1 on 1 at 92.86 uL/sec
Aspirating 50.0 uL from A3 of Opentrons 10 Tube Rack with Falcon 4x50 mL, 6x15 mL Conical on 9 at 92.86 uL/sec
Moving to A6 of plate 1 on 1
Dispensing 50.0 uL into A6 of plate 1 on 1 at 92.86 uL/sec
Aspirating 100.0 uL from A3 of Opentrons 10 Tube Rack with Falcon 4x50 mL, 6x15 mL Conical on 9 at 92.86 uL/sec
Moving to B6 of plate 1 on 1
Dispensing 100.0 uL into B6 of plate 1 on 1 at 92.86 uL/sec
Aspirating 87.5 uL from A3 of Opentrons 10 Tube Rack with Falcon 4x50 mL, 6x15 mL Conical on 9 at 92.86 uL/sec
Moving to C6 of plate 1 on 1
Dispensing 87.5 uL into C6 of plate 1 on 1 at 92.86 uL/sec
Aspirating 100.0 uL from A3 of Opentrons 10 Tube Rack with Falcon 4x50 mL, 6x15 mL Conical on 9 at 92.86 uL/sec
Moving to D6 of plate 1 on 1
Dispensing 100.0 uL into D6 of plate 1 on 1 at 92.86 uL/sec
Aspirating 100.0 uL from A3 of Opentrons 10 Tube Rack with Falcon 4x50 mL, 6x15 mL Conical on 9 at 92.86 uL/sec
Moving to E6 of plate 1 on 1
Dispensing 100.0 uL into E6 of plate 1 on 1 at 92.86 uL/sec
Aspirating 100.0 uL from A3 of Opentrons 10 Tube Rack with Falcon 4x50 mL, 6x15 mL Conical on 9 at 92.86 uL/sec
Moving to F6 of plate 1 on 1
Dispensing 100.0 uL into F6 of plate 1 on 1 at 92.86 uL/sec
Aspirating 100.0 uL from A3 of Opentrons 10 Tube Rack with Falcon 4x50 mL, 6x15 mL Conical on 9 at 92.86 uL/sec
Moving to G6 of plate 1 on 1
Dispensing 100.0 uL into G6 of plate 1 on 1 at 92.86 uL/sec
Aspirating 100.0 uL from A3 of Opentrons 10 Tube Rack with Falcon 4x50 mL, 6x15 mL Conical on 9 at 92.86 uL/sec
Moving to H6 of plate 1 on 1
Dispensing 100.0 uL into H6 of plate 1 on 1 at 92.86 uL/sec
Aspirating 50.0 uL from A3 of Opentrons 10 Tube Rack with Falcon 4x50 mL, 6x15 mL Conical on 9 at 92.86 uL/sec
Moving to A7 of plate 1 on 1
Dispensing 50.0 uL into A7 of plate 1 on 1 at 92.86 uL/sec
Aspirating 100.0 uL from A3 of Opentrons 10 Tube Rack with Falcon 4x50 mL, 6x15 mL Conical on 9 at 92.86 uL/sec
Moving to B7 of plate 1 on 1
Dispensing 100.0 uL into B7 of plate 1 on 1 at 92.86 uL/sec
Aspirating 87.5 uL from A3 of Opentrons 10 Tube Rack with Falcon 4x50 mL, 6x15 mL Conical on 9 at 92.86 uL/sec
Moving to C7 of plate 1 on 1
Dispensing 87.5 uL into C7 of plate 1 on 1 at 92.86 uL/sec
Aspirating 100.0 uL from A3 of Opentrons 10 Tube Rack with Falcon 4x50 mL, 6x15 mL Conical on 9 at 92.86 uL/sec
Moving to D7 of plate 1 on 1
Dispensing 100.0 uL into D7 of plate 1 on 1 at 92.86 uL/sec
Aspirating 100.0 uL from A3 of Opentrons 10 Tube Rack with Falcon 4x50 mL, 6x15 mL Conical on 9 at 92.86 uL/sec
Moving to E7 of plate 1 on 1
Dispensing 100.0 uL into E7 of plate 1 on 1 at 92.86 uL/sec
Aspirating 100.0 uL from A3 of Opentrons 10 Tube Rack with Falcon 4x50 mL, 6x15 mL Conical on 9 at 92.86 uL/sec
Moving to F7 of plate 1 on 1
Dispensing 100.0 uL into F7 of plate 1 on 1 at 92.86 uL/sec
Aspirating 100.0 uL from A3 of Opentrons 10 Tube Rack with Falcon 4x50 mL, 6x15 mL Conical on 9 at 92.86 uL/sec
Moving to G7 of plate 1 on 1
Dispensing 100.0 uL into G7 of plate 1 on 1 at 92.86 uL/sec
Aspirating 100.0 uL from A3 of Opentrons 10 Tube Rack with Falcon 4x50 mL, 6x15 mL Conical on 9 at 92.86 uL/sec
Moving to H7 of plate 1 on 1
Dispensing 100.0 uL into H7 of plate 1 on 1 at 92.86 uL/sec
Aspirating 50.0 uL from A3 of Opentrons 10 Tube Rack with Falcon 4x50 mL, 6x15 mL Conical on 9 at 92.86 uL/sec
Moving to A8 of plate 1 on 1
Dispensing 50.0 uL into A8 of plate 1 on 1 at 92.86 uL/sec
Aspirating 100.0 uL from A3 of Opentrons 10 Tube Rack with Falcon 4x50 mL, 6x15 mL Conical on 9 at 92.86 uL/sec
Moving to B8 of plate 1 on 1
Dispensing 100.0 uL into B8 of plate 1 on 1 at 92.86 uL/sec
Aspirating 87.5 uL from A3 of Opentrons 10 Tube Rack with Falcon 4x50 mL, 6x15 mL Conical on 9 at 92.86 uL/sec
Moving to C8 of plate 1 on 1
Dispensing 87.5 uL into C8 of plate 1 on 1 at 92.86 uL/sec
Aspirating 100.0 uL from A3 of Opentrons 10 Tube Rack with Falcon 4x50 mL, 6x15 mL Conical on 9 at 92.86 uL/sec
Moving to D8 of plate 1 on 1
Dispensing 100.0 uL into D8 of plate 1 on 1 at 92.86 uL/sec
Aspirating 100.0 uL from A3 of Opentrons 10 Tube Rack with Falcon 4x50 mL, 6x15 mL Conical on 9 at 92.86 uL/sec
Moving to E8 of plate 1 on 1
Dispensing 100.0 uL into E8 of plate 1 on 1 at 92.86 uL/sec
Aspirating 100.0 uL from A3 of Opentrons 10 Tube Rack with Falcon 4x50 mL, 6x15 mL Conical on 9 at 92.86 uL/sec
Moving to F8 of plate 1 on 1
Dispensing 100.0 uL into F8 of plate 1 on 1 at 92.86 uL/sec
Aspirating 100.0 uL from A3 of Opentrons 10 Tube Rack with Falcon 4x50 mL, 6x15 mL Conical on 9 at 92.86 uL/sec
Moving to G8 of plate 1 on 1
Dispensing 100.0 uL into G8 of plate 1 on 1 at 92.86 uL/sec
Aspirating 100.0 uL from A3 of Opentrons 10 Tube Rack with Falcon 4x50 mL, 6x15 mL Conical on 9 at 92.86 uL/sec
Moving to H8 of plate 1 on 1
Dispensing 100.0 uL into H8 of plate 1 on 1 at 92.86 uL/sec
Aspirating 50.0 uL from A3 of Opentrons 10 Tube Rack with Falcon 4x50 mL, 6x15 mL Conical on 9 at 92.86 uL/sec
Moving to A9 of plate 1 on 1
Dispensing 50.0 uL into A9 of plate 1 on 1 at 92.86 uL/sec
Aspirating 100.0 uL from A3 of Opentrons 10 Tube Rack with Falcon 4x50 mL, 6x15 mL Conical on 9 at 92.86 uL/sec
Moving to B9 of plate 1 on 1
Dispensing 100.0 uL into B9 of plate 1 on 1 at 92.86 uL/sec
Aspirating 87.5 uL from A3 of Opentrons 10 Tube Rack with Falcon 4x50 mL, 6x15 mL Conical on 9 at 92.86 uL/sec
Moving to C9 of plate 1 on 1
Dispensing 87.5 uL into C9 of plate 1 on 1 at 92.86 uL/sec
Aspirating 100.0 uL from A3 of Opentrons 10 Tube Rack with Falcon 4x50 mL, 6x15 mL Conical on 9 at 92.86 uL/sec
Moving to D9 of plate 1 on 1
Dispensing 100.0 uL into D9 of plate 1 on 1 at 92.86 uL/sec
Aspirating 100.0 uL from A3 of Opentrons 10 Tube Rack with Falcon 4x50 mL, 6x15 mL Conical on 9 at 92.86 uL/sec
Moving to E9 of plate 1 on 1
Dispensing 100.0 uL into E9 of plate 1 on 1 at 92.86 uL/sec
Aspirating 100.0 uL from A3 of Opentrons 10 Tube Rack with Falcon 4x50 mL, 6x15 mL Conical on 9 at 92.86 uL/sec
Moving to F9 of plate 1 on 1
Dispensing 100.0 uL into F9 of plate 1 on 1 at 92.86 uL/sec
Aspirating 100.0 uL from A3 of Opentrons 10 Tube Rack with Falcon 4x50 mL, 6x15 mL Conical on 9 at 92.86 uL/sec
Moving to G9 of plate 1 on 1
Dispensing 100.0 uL into G9 of plate 1 on 1 at 92.86 uL/sec
Aspirating 100.0 uL from A3 of Opentrons 10 Tube Rack with Falcon 4x50 mL, 6x15 mL Conical on 9 at 92.86 uL/sec
Moving to H9 of plate 1 on 1
Dispensing 100.0 uL into H9 of plate 1 on 1 at 92.86 uL/sec
Aspirating 50.0 uL from A3 of Opentrons 10 Tube Rack with Falcon 4x50 mL, 6x15 mL Conical on 9 at 92.86 uL/sec
Moving to A10 of plate 1 on 1
Dispensing 50.0 uL into A10 of plate 1 on 1 at 92.86 uL/sec
Aspirating 100.0 uL from A3 of Opentrons 10 Tube Rack with Falcon 4x50 mL, 6x15 mL Conical on 9 at 92.86 uL/sec
Moving to B10 of plate 1 on 1
Dispensing 100.0 uL into B10 of plate 1 on 1 at 92.86 uL/sec
Aspirating 87.5 uL from A3 of Opentrons 10 Tube Rack with Falcon 4x50 mL, 6x15 mL Conical on 9 at 92.86 uL/sec
Moving to C10 of plate 1 on 1
Dispensing 87.5 uL into C10 of plate 1 on 1 at 92.86 uL/sec
Aspirating 100.0 uL from A3 of Opentrons 10 Tube Rack with Falcon 4x50 mL, 6x15 mL Conical on 9 at 92.86 uL/sec
Moving to D10 of plate 1 on 1
Dispensing 100.0 uL into D10 of plate 1 on 1 at 92.86 uL/sec
Aspirating 100.0 uL from A3 of Opentrons 10 Tube Rack with Falcon 4x50 mL, 6x15 mL Conical on 9 at 92.86 uL/sec
Moving to E10 of plate 1 on 1
Dispensing 100.0 uL into E10 of plate 1 on 1 at 92.86 uL/sec
Aspirating 100.0 uL from A3 of Opentrons 10 Tube Rack with Falcon 4x50 mL, 6x15 mL Conical on 9 at 92.86 uL/sec
Moving to F10 of plate 1 on 1
Dispensing 100.0 uL into F10 of plate 1 on 1 at 92.86 uL/sec
Aspirating 100.0 uL from A3 of Opentrons 10 Tube Rack with Falcon 4x50 mL, 6x15 mL Conical on 9 at 92.86 uL/sec
Moving to G10 of plate 1 on 1
Dispensing 100.0 uL into G10 of plate 1 on 1 at 92.86 uL/sec
Aspirating 100.0 uL from A3 of Opentrons 10 Tube Rack with Falcon 4x50 mL, 6x15 mL Conical on 9 at 92.86 uL/sec
Moving to H10 of plate 1 on 1
Dispensing 100.0 uL into H10 of plate 1 on 1 at 92.86 uL/sec
Aspirating 50.0 uL from A3 of Opentrons 10 Tube Rack with Falcon 4x50 mL, 6x15 mL Conical on 9 at 92.86 uL/sec
Moving to A11 of plate 1 on 1
Dispensing 50.0 uL into A11 of plate 1 on 1 at 92.86 uL/sec
Aspirating 100.0 uL from A3 of Opentrons 10 Tube Rack with Falcon 4x50 mL, 6x15 mL Conical on 9 at 92.86 uL/sec
Moving to B11 of plate 1 on 1
Dispensing 100.0 uL into B11 of plate 1 on 1 at 92.86 uL/sec
Aspirating 87.5 uL from A3 of Opentrons 10 Tube Rack with Falcon 4x50 mL, 6x15 mL Conical on 9 at 92.86 uL/sec
Moving to C11 of plate 1 on 1
Dispensing 87.5 uL into C11 of plate 1 on 1 at 92.86 uL/sec
Aspirating 100.0 uL from A3 of Opentrons 10 Tube Rack with Falcon 4x50 mL, 6x15 mL Conical on 9 at 92.86 uL/sec
Moving to D11 of plate 1 on 1
Dispensing 100.0 uL into D11 of plate 1 on 1 at 92.86 uL/sec
Aspirating 100.0 uL from A3 of Opentrons 10 Tube Rack with Falcon 4x50 mL, 6x15 mL Conical on 9 at 92.86 uL/sec
Moving to E11 of plate 1 on 1
Dispensing 100.0 uL into E11 of plate 1 on 1 at 92.86 uL/sec
Aspirating 100.0 uL from A3 of Opentrons 10 Tube Rack with Falcon 4x50 mL, 6x15 mL Conical on 9 at 92.86 uL/sec
Moving to F11 of plate 1 on 1
Dispensing 100.0 uL into F11 of plate 1 on 1 at 92.86 uL/sec
Aspirating 100.0 uL from A3 of Opentrons 10 Tube Rack with Falcon 4x50 mL, 6x15 mL Conical on 9 at 92.86 uL/sec
Moving to G11 of plate 1 on 1
Dispensing 100.0 uL into G11 of plate 1 on 1 at 92.86 uL/sec
Aspirating 100.0 uL from A3 of Opentrons 10 Tube Rack with Falcon 4x50 mL, 6x15 mL Conical on 9 at 92.86 uL/sec
Moving to H11 of plate 1 on 1
Dispensing 100.0 uL into H11 of plate 1 on 1 at 92.86 uL/sec
Aspirating 50.0 uL from A3 of Opentrons 10 Tube Rack with Falcon 4x50 mL, 6x15 mL Conical on 9 at 92.86 uL/sec
Moving to A12 of plate 1 on 1
Dispensing 50.0 uL into A12 of plate 1 on 1 at 92.86 uL/sec
Aspirating 100.0 uL from A3 of Opentrons 10 Tube Rack with Falcon 4x50 mL, 6x15 mL Conical on 9 at 92.86 uL/sec
Moving to B12 of plate 1 on 1
Dispensing 100.0 uL into B12 of plate 1 on 1 at 92.86 uL/sec
Aspirating 87.5 uL from A3 of Opentrons 10 Tube Rack with Falcon 4x50 mL, 6x15 mL Conical on 9 at 92.86 uL/sec
Moving to C12 of plate 1 on 1
Dispensing 87.5 uL into C12 of plate 1 on 1 at 92.86 uL/sec
Aspirating 100.0 uL from A3 of Opentrons 10 Tube Rack with Falcon 4x50 mL, 6x15 mL Conical on 9 at 92.86 uL/sec
Moving to D12 of plate 1 on 1
Dispensing 100.0 uL into D12 of plate 1 on 1 at 92.86 uL/sec
Aspirating 100.0 uL from A3 of Opentrons 10 Tube Rack with Falcon 4x50 mL, 6x15 mL Conical on 9 at 92.86 uL/sec
Moving to E12 of plate 1 on 1
Dispensing 100.0 uL into E12 of plate 1 on 1 at 92.86 uL/sec
Aspirating 100.0 uL from A3 of Opentrons 10 Tube Rack with Falcon 4x50 mL, 6x15 mL Conical on 9 at 92.86 uL/sec
Moving to F12 of plate 1 on 1
Dispensing 100.0 uL into F12 of plate 1 on 1 at 92.86 uL/sec
Aspirating 100.0 uL from A3 of Opentrons 10 Tube Rack with Falcon 4x50 mL, 6x15 mL Conical on 9 at 92.86 uL/sec
Moving to G12 of plate 1 on 1
Dispensing 100.0 uL into G12 of plate 1 on 1 at 92.86 uL/sec
Aspirating 100.0 uL from A3 of Opentrons 10 Tube Rack with Falcon 4x50 mL, 6x15 mL Conical on 9 at 92.86 uL/sec
Moving to H12 of plate 1 on 1
Dispensing 100.0 uL into H12 of plate 1 on 1 at 92.86 uL/sec
Dropping tip into A1 of Opentrons Fixed Trash on 12
Dropping tip into A1 of Opentrons Fixed Trash on 12
Caught exception: {'message': 'Task was destroyed but it is pending!', 'task': <Task pending name='Task-4' coro=<Poller._poll_forever() running at /Users/dp/Desktop/project/github/opentrons/venv/lib/python3.10/site-packages/opentrons/hardware_control/poller.py:80> wait_for=<Future pending cb=[Task.task_wakeup()]>>}
Caught exception: {'message': 'Task was destroyed but it is pending!', 'task': <Task pending name='Task-3' coro=<Poller._poll_forever() running at /Users/dp/Desktop/project/github/opentrons/venv/lib/python3.10/site-packages/opentrons/hardware_control/poller.py:80> wait_for=<Future pending cb=[Task.task_wakeup()]>>}
Caught exception: {'message': 'Task was destroyed but it is pending!', 'task': <Task pending name='Task-2' coro=<Poller._poll_forever() running at /Users/dp/Desktop/project/github/opentrons/venv/lib/python3.10/site-packages/opentrons/hardware_control/poller.py:80> wait_for=<Future pending cb=[Task.task_wakeup()]>>}
