/Users/dp/Desktop/project/github/opentrons/venv/lib/python3.10/site-packages/opentrons/hardware_control/simulator_setup.py:205: UserWarning: Simulator configuration does not name a machine, defaulting to OT-2 Standard
  warn(
/Users/dp/.opentrons/robot_settings.json not found. Loading defaults
Deck calibration not found.
/Users/dp/.opentrons/deck_calibration.json not found. Loading defaults
Picking up tip from A1 of 20µl tiprack on 1
Aspirating 8.5 uL from A1 of plate 1 on 2 at 3.78 uL/sec
Aspirating 3.0 uL from A1 of plate 1 on 2 at 3.78 uL/sec
Aspirating 8.5 uL from A1 of plate 1 on 2 at 3.78 uL/sec
Touching tip
Dispensing 20.0 uL into A1 of pooling tuberack on 9 at 3.78 uL/sec
Blowing out at A1 of pooling tuberack on 9
Dropping tip into A1 of Opentrons Fixed Trash on 12
Picking up tip from B1 of 20µl tiprack on 1
Aspirating 8.0 uL from B1 of plate 1 on 2 at 3.78 uL/sec
Aspirating 4.0 uL from B1 of plate 1 on 2 at 3.78 uL/sec
Aspirating 8.0 uL from B1 of plate 1 on 2 at 3.78 uL/sec
Touching tip
Dispensing 20.0 uL into A1 of pooling tuberack on 9 at 3.78 uL/sec
Blowing out at A1 of pooling tuberack on 9
Dropping tip into A1 of Opentrons Fixed Trash on 12
Picking up tip from C1 of 20µl tiprack on 1
Aspirating 7.5 uL from C1 of plate 1 on 2 at 3.78 uL/sec
Aspirating 5.0 uL from C1 of plate 1 on 2 at 3.78 uL/sec
Aspirating 7.5 uL from C1 of plate 1 on 2 at 3.78 uL/sec
Touching tip
Dispensing 20.0 uL into B1 of pooling tuberack on 9 at 3.78 uL/sec
Blowing out at B1 of pooling tuberack on 9
Dropping tip into A1 of Opentrons Fixed Trash on 12
Picking up tip from D1 of 20µl tiprack on 1
Aspirating 8.5 uL from D1 of plate 1 on 2 at 3.78 uL/sec
Aspirating 3.0 uL from D1 of plate 1 on 2 at 3.78 uL/sec
Aspirating 8.5 uL from D1 of plate 1 on 2 at 3.78 uL/sec
Touching tip
Dispensing 20.0 uL into A1 of pooling tuberack on 9 at 3.78 uL/sec
Blowing out at A1 of pooling tuberack on 9
Dropping tip into A1 of Opentrons Fixed Trash on 12
Caught exception: {'message': 'Task was destroyed but it is pending!', 'task': <Task pending name='Task-4' coro=<Poller._poll_forever() running at /Users/dp/Desktop/project/github/opentrons/venv/lib/python3.10/site-packages/opentrons/hardware_control/poller.py:80> wait_for=<Future pending cb=[Task.task_wakeup()]>>}
Caught exception: {'message': 'Task was destroyed but it is pending!', 'task': <Task pending name='Task-3' coro=<Poller._poll_forever() running at /Users/dp/Desktop/project/github/opentrons/venv/lib/python3.10/site-packages/opentrons/hardware_control/poller.py:80> wait_for=<Future pending cb=[Task.task_wakeup()]>>}
Caught exception: {'message': 'Task was destroyed but it is pending!', 'task': <Task pending name='Task-2' coro=<Poller._poll_forever() running at /Users/dp/Desktop/project/github/opentrons/venv/lib/python3.10/site-packages/opentrons/hardware_control/poller.py:80> wait_for=<Future pending cb=[Task.task_wakeup()]>>}
