/Users/dp/Desktop/project/github/opentrons/venv/lib/python3.10/site-packages/opentrons/hardware_control/simulator_setup.py:205: UserWarning: Simulator configuration does not name a machine, defaulting to OT-2 Standard
  warn(
/Users/dp/.opentrons/robot_settings.json not found. Loading defaults
Deck calibration not found.
/Users/dp/.opentrons/deck_calibration.json not found. Loading defaults
Picking up tip from A1 of Opentrons OT-2 96 Tip Rack 300 µL on 5
Logs from this command:
WARNING (module_contexts): You have specified API 2.0, but you are trying to utilize new load_labware parameters in 2.1
Aspirating 250.0 uL from A1 of reagent reservoir on 3 at 94.0 uL/sec
Dispensing 250.0 uL into A1 of reagent reservoir on 3 at 94.0 uL/sec
Aspirating 250.0 uL from A1 of reagent reservoir on 3 at 94.0 uL/sec
Dispensing 250.0 uL into A1 of reagent reservoir on 3 at 94.0 uL/sec
Aspirating 250.0 uL from A1 of reagent reservoir on 3 at 94.0 uL/sec
Dispensing 250.0 uL into A1 of reagent reservoir on 3 at 94.0 uL/sec
Aspirating 250.0 uL from A1 of reagent reservoir on 3 at 94.0 uL/sec
Dispensing 250.0 uL into A1 of reagent reservoir on 3 at 94.0 uL/sec
Aspirating 250.0 uL from A1 of reagent reservoir on 3 at 94.0 uL/sec
Dispensing 250.0 uL into A1 of reagent reservoir on 3 at 94.0 uL/sec
Aspirating 250.0 uL from A1 of reagent reservoir on 3 at 94.0 uL/sec
Dispensing 250.0 uL into A1 of reagent reservoir on 3 at 94.0 uL/sec
Aspirating 250.0 uL from A1 of reagent reservoir on 3 at 94.0 uL/sec
Dispensing 250.0 uL into A1 of reagent reservoir on 3 at 94.0 uL/sec
Aspirating 250.0 uL from A1 of reagent reservoir on 3 at 94.0 uL/sec
Dispensing 250.0 uL into A1 of reagent reservoir on 3 at 94.0 uL/sec
Aspirating 250.0 uL from A1 of reagent reservoir on 3 at 94.0 uL/sec
Dispensing 250.0 uL into A1 of reagent reservoir on 3 at 94.0 uL/sec
Aspirating 250.0 uL from A1 of reagent reservoir on 3 at 94.0 uL/sec
Dispensing 250.0 uL into A1 of reagent reservoir on 3 at 94.0 uL/sec
Transferring 150.0 from A1 of reagent reservoir on 3 to A1 of NEST 96 Well Plate 100 µL PCR Full Skirt on Magnetic Module GEN2 on 6
	Aspirating 150.0 uL from A1 of reagent reservoir on 3 at 94.0 uL/sec
	Air gap
		Aspirating 20.0 uL from A1 of reagent reservoir on 3 at 94.0 uL/sec
	Dispensing 170.0 uL into A1 of NEST 96 Well Plate 100 µL PCR Full Skirt on Magnetic Module GEN2 on 6 at 94.0 uL/sec
	Mixing 5 times with a volume of 150.0 ul
		Aspirating 150.0 uL from A1 of NEST 96 Well Plate 100 µL PCR Full Skirt on Magnetic Module GEN2 on 6 at 94.0 uL/sec
		Dispensing 150.0 uL into A1 of NEST 96 Well Plate 100 µL PCR Full Skirt on Magnetic Module GEN2 on 6 at 94.0 uL/sec
		Aspirating 150.0 uL from A1 of NEST 96 Well Plate 100 µL PCR Full Skirt on Magnetic Module GEN2 on 6 at 94.0 uL/sec
		Dispensing 150.0 uL into A1 of NEST 96 Well Plate 100 µL PCR Full Skirt on Magnetic Module GEN2 on 6 at 94.0 uL/sec
		Aspirating 150.0 uL from A1 of NEST 96 Well Plate 100 µL PCR Full Skirt on Magnetic Module GEN2 on 6 at 94.0 uL/sec
		Dispensing 150.0 uL into A1 of NEST 96 Well Plate 100 µL PCR Full Skirt on Magnetic Module GEN2 on 6 at 94.0 uL/sec
		Aspirating 150.0 uL from A1 of NEST 96 Well Plate 100 µL PCR Full Skirt on Magnetic Module GEN2 on 6 at 94.0 uL/sec
		Dispensing 150.0 uL into A1 of NEST 96 Well Plate 100 µL PCR Full Skirt on Magnetic Module GEN2 on 6 at 94.0 uL/sec
		Aspirating 150.0 uL from A1 of NEST 96 Well Plate 100 µL PCR Full Skirt on Magnetic Module GEN2 on 6 at 94.0 uL/sec
		Dispensing 150.0 uL into A1 of NEST 96 Well Plate 100 µL PCR Full Skirt on Magnetic Module GEN2 on 6 at 94.0 uL/sec
Dropping tip into A1 of Opentrons Fixed Trash on 12
Picking up tip from A2 of Opentrons OT-2 96 Tip Rack 300 µL on 5
Transferring 150.0 from A1 of reagent reservoir on 3 to A2 of NEST 96 Well Plate 100 µL PCR Full Skirt on Magnetic Module GEN2 on 6
	Aspirating 150.0 uL from A1 of reagent reservoir on 3 at 94.0 uL/sec
	Air gap
		Aspirating 20.0 uL from A1 of reagent reservoir on 3 at 94.0 uL/sec
	Dispensing 170.0 uL into A2 of NEST 96 Well Plate 100 µL PCR Full Skirt on Magnetic Module GEN2 on 6 at 94.0 uL/sec
	Mixing 5 times with a volume of 150.0 ul
		Aspirating 150.0 uL from A2 of NEST 96 Well Plate 100 µL PCR Full Skirt on Magnetic Module GEN2 on 6 at 94.0 uL/sec
		Dispensing 150.0 uL into A2 of NEST 96 Well Plate 100 µL PCR Full Skirt on Magnetic Module GEN2 on 6 at 94.0 uL/sec
		Aspirating 150.0 uL from A2 of NEST 96 Well Plate 100 µL PCR Full Skirt on Magnetic Module GEN2 on 6 at 94.0 uL/sec
		Dispensing 150.0 uL into A2 of NEST 96 Well Plate 100 µL PCR Full Skirt on Magnetic Module GEN2 on 6 at 94.0 uL/sec
		Aspirating 150.0 uL from A2 of NEST 96 Well Plate 100 µL PCR Full Skirt on Magnetic Module GEN2 on 6 at 94.0 uL/sec
		Dispensing 150.0 uL into A2 of NEST 96 Well Plate 100 µL PCR Full Skirt on Magnetic Module GEN2 on 6 at 94.0 uL/sec
		Aspirating 150.0 uL from A2 of NEST 96 Well Plate 100 µL PCR Full Skirt on Magnetic Module GEN2 on 6 at 94.0 uL/sec
		Dispensing 150.0 uL into A2 of NEST 96 Well Plate 100 µL PCR Full Skirt on Magnetic Module GEN2 on 6 at 94.0 uL/sec
		Aspirating 150.0 uL from A2 of NEST 96 Well Plate 100 µL PCR Full Skirt on Magnetic Module GEN2 on 6 at 94.0 uL/sec
		Dispensing 150.0 uL into A2 of NEST 96 Well Plate 100 µL PCR Full Skirt on Magnetic Module GEN2 on 6 at 94.0 uL/sec
Dropping tip into A1 of Opentrons Fixed Trash on 12
Picking up tip from A3 of Opentrons OT-2 96 Tip Rack 300 µL on 5
Transferring 150.0 from A1 of reagent reservoir on 3 to A3 of NEST 96 Well Plate 100 µL PCR Full Skirt on Magnetic Module GEN2 on 6
	Aspirating 150.0 uL from A1 of reagent reservoir on 3 at 94.0 uL/sec
	Air gap
		Aspirating 20.0 uL from A1 of reagent reservoir on 3 at 94.0 uL/sec
	Dispensing 170.0 uL into A3 of NEST 96 Well Plate 100 µL PCR Full Skirt on Magnetic Module GEN2 on 6 at 94.0 uL/sec
	Mixing 5 times with a volume of 150.0 ul
		Aspirating 150.0 uL from A3 of NEST 96 Well Plate 100 µL PCR Full Skirt on Magnetic Module GEN2 on 6 at 94.0 uL/sec
		Dispensing 150.0 uL into A3 of NEST 96 Well Plate 100 µL PCR Full Skirt on Magnetic Module GEN2 on 6 at 94.0 uL/sec
		Aspirating 150.0 uL from A3 of NEST 96 Well Plate 100 µL PCR Full Skirt on Magnetic Module GEN2 on 6 at 94.0 uL/sec
		Dispensing 150.0 uL into A3 of NEST 96 Well Plate 100 µL PCR Full Skirt on Magnetic Module GEN2 on 6 at 94.0 uL/sec
		Aspirating 150.0 uL from A3 of NEST 96 Well Plate 100 µL PCR Full Skirt on Magnetic Module GEN2 on 6 at 94.0 uL/sec
		Dispensing 150.0 uL into A3 of NEST 96 Well Plate 100 µL PCR Full Skirt on Magnetic Module GEN2 on 6 at 94.0 uL/sec
		Aspirating 150.0 uL from A3 of NEST 96 Well Plate 100 µL PCR Full Skirt on Magnetic Module GEN2 on 6 at 94.0 uL/sec
		Dispensing 150.0 uL into A3 of NEST 96 Well Plate 100 µL PCR Full Skirt on Magnetic Module GEN2 on 6 at 94.0 uL/sec
		Aspirating 150.0 uL from A3 of NEST 96 Well Plate 100 µL PCR Full Skirt on Magnetic Module GEN2 on 6 at 94.0 uL/sec
		Dispensing 150.0 uL into A3 of NEST 96 Well Plate 100 µL PCR Full Skirt on Magnetic Module GEN2 on 6 at 94.0 uL/sec
Dropping tip into A1 of Opentrons Fixed Trash on 12
Picking up tip from A4 of Opentrons OT-2 96 Tip Rack 300 µL on 5
Transferring 150.0 from A1 of reagent reservoir on 3 to A4 of NEST 96 Well Plate 100 µL PCR Full Skirt on Magnetic Module GEN2 on 6
	Aspirating 150.0 uL from A1 of reagent reservoir on 3 at 94.0 uL/sec
	Air gap
		Aspirating 20.0 uL from A1 of reagent reservoir on 3 at 94.0 uL/sec
	Dispensing 170.0 uL into A4 of NEST 96 Well Plate 100 µL PCR Full Skirt on Magnetic Module GEN2 on 6 at 94.0 uL/sec
	Mixing 5 times with a volume of 150.0 ul
		Aspirating 150.0 uL from A4 of NEST 96 Well Plate 100 µL PCR Full Skirt on Magnetic Module GEN2 on 6 at 94.0 uL/sec
		Dispensing 150.0 uL into A4 of NEST 96 Well Plate 100 µL PCR Full Skirt on Magnetic Module GEN2 on 6 at 94.0 uL/sec
		Aspirating 150.0 uL from A4 of NEST 96 Well Plate 100 µL PCR Full Skirt on Magnetic Module GEN2 on 6 at 94.0 uL/sec
		Dispensing 150.0 uL into A4 of NEST 96 Well Plate 100 µL PCR Full Skirt on Magnetic Module GEN2 on 6 at 94.0 uL/sec
		Aspirating 150.0 uL from A4 of NEST 96 Well Plate 100 µL PCR Full Skirt on Magnetic Module GEN2 on 6 at 94.0 uL/sec
		Dispensing 150.0 uL into A4 of NEST 96 Well Plate 100 µL PCR Full Skirt on Magnetic Module GEN2 on 6 at 94.0 uL/sec
		Aspirating 150.0 uL from A4 of NEST 96 Well Plate 100 µL PCR Full Skirt on Magnetic Module GEN2 on 6 at 94.0 uL/sec
		Dispensing 150.0 uL into A4 of NEST 96 Well Plate 100 µL PCR Full Skirt on Magnetic Module GEN2 on 6 at 94.0 uL/sec
		Aspirating 150.0 uL from A4 of NEST 96 Well Plate 100 µL PCR Full Skirt on Magnetic Module GEN2 on 6 at 94.0 uL/sec
		Dispensing 150.0 uL into A4 of NEST 96 Well Plate 100 µL PCR Full Skirt on Magnetic Module GEN2 on 6 at 94.0 uL/sec
Dropping tip into A1 of Opentrons Fixed Trash on 12
Picking up tip from A5 of Opentrons OT-2 96 Tip Rack 300 µL on 5
Transferring 150.0 from A1 of reagent reservoir on 3 to A5 of NEST 96 Well Plate 100 µL PCR Full Skirt on Magnetic Module GEN2 on 6
	Aspirating 150.0 uL from A1 of reagent reservoir on 3 at 94.0 uL/sec
	Air gap
		Aspirating 20.0 uL from A1 of reagent reservoir on 3 at 94.0 uL/sec
	Dispensing 170.0 uL into A5 of NEST 96 Well Plate 100 µL PCR Full Skirt on Magnetic Module GEN2 on 6 at 94.0 uL/sec
	Mixing 5 times with a volume of 150.0 ul
		Aspirating 150.0 uL from A5 of NEST 96 Well Plate 100 µL PCR Full Skirt on Magnetic Module GEN2 on 6 at 94.0 uL/sec
		Dispensing 150.0 uL into A5 of NEST 96 Well Plate 100 µL PCR Full Skirt on Magnetic Module GEN2 on 6 at 94.0 uL/sec
		Aspirating 150.0 uL from A5 of NEST 96 Well Plate 100 µL PCR Full Skirt on Magnetic Module GEN2 on 6 at 94.0 uL/sec
		Dispensing 150.0 uL into A5 of NEST 96 Well Plate 100 µL PCR Full Skirt on Magnetic Module GEN2 on 6 at 94.0 uL/sec
		Aspirating 150.0 uL from A5 of NEST 96 Well Plate 100 µL PCR Full Skirt on Magnetic Module GEN2 on 6 at 94.0 uL/sec
		Dispensing 150.0 uL into A5 of NEST 96 Well Plate 100 µL PCR Full Skirt on Magnetic Module GEN2 on 6 at 94.0 uL/sec
		Aspirating 150.0 uL from A5 of NEST 96 Well Plate 100 µL PCR Full Skirt on Magnetic Module GEN2 on 6 at 94.0 uL/sec
		Dispensing 150.0 uL into A5 of NEST 96 Well Plate 100 µL PCR Full Skirt on Magnetic Module GEN2 on 6 at 94.0 uL/sec
		Aspirating 150.0 uL from A5 of NEST 96 Well Plate 100 µL PCR Full Skirt on Magnetic Module GEN2 on 6 at 94.0 uL/sec
		Dispensing 150.0 uL into A5 of NEST 96 Well Plate 100 µL PCR Full Skirt on Magnetic Module GEN2 on 6 at 94.0 uL/sec
Dropping tip into A1 of Opentrons Fixed Trash on 12
Picking up tip from A6 of Opentrons OT-2 96 Tip Rack 300 µL on 5
Transferring 150.0 from A1 of reagent reservoir on 3 to A6 of NEST 96 Well Plate 100 µL PCR Full Skirt on Magnetic Module GEN2 on 6
	Aspirating 150.0 uL from A1 of reagent reservoir on 3 at 94.0 uL/sec
	Air gap
		Aspirating 20.0 uL from A1 of reagent reservoir on 3 at 94.0 uL/sec
	Dispensing 170.0 uL into A6 of NEST 96 Well Plate 100 µL PCR Full Skirt on Magnetic Module GEN2 on 6 at 94.0 uL/sec
	Mixing 5 times with a volume of 150.0 ul
		Aspirating 150.0 uL from A6 of NEST 96 Well Plate 100 µL PCR Full Skirt on Magnetic Module GEN2 on 6 at 94.0 uL/sec
		Dispensing 150.0 uL into A6 of NEST 96 Well Plate 100 µL PCR Full Skirt on Magnetic Module GEN2 on 6 at 94.0 uL/sec
		Aspirating 150.0 uL from A6 of NEST 96 Well Plate 100 µL PCR Full Skirt on Magnetic Module GEN2 on 6 at 94.0 uL/sec
		Dispensing 150.0 uL into A6 of NEST 96 Well Plate 100 µL PCR Full Skirt on Magnetic Module GEN2 on 6 at 94.0 uL/sec
		Aspirating 150.0 uL from A6 of NEST 96 Well Plate 100 µL PCR Full Skirt on Magnetic Module GEN2 on 6 at 94.0 uL/sec
		Dispensing 150.0 uL into A6 of NEST 96 Well Plate 100 µL PCR Full Skirt on Magnetic Module GEN2 on 6 at 94.0 uL/sec
		Aspirating 150.0 uL from A6 of NEST 96 Well Plate 100 µL PCR Full Skirt on Magnetic Module GEN2 on 6 at 94.0 uL/sec
		Dispensing 150.0 uL into A6 of NEST 96 Well Plate 100 µL PCR Full Skirt on Magnetic Module GEN2 on 6 at 94.0 uL/sec
		Aspirating 150.0 uL from A6 of NEST 96 Well Plate 100 µL PCR Full Skirt on Magnetic Module GEN2 on 6 at 94.0 uL/sec
		Dispensing 150.0 uL into A6 of NEST 96 Well Plate 100 µL PCR Full Skirt on Magnetic Module GEN2 on 6 at 94.0 uL/sec
Dropping tip into A1 of Opentrons Fixed Trash on 12
Picking up tip from A7 of Opentrons OT-2 96 Tip Rack 300 µL on 5
Transferring 150.0 from A1 of reagent reservoir on 3 to A7 of NEST 96 Well Plate 100 µL PCR Full Skirt on Magnetic Module GEN2 on 6
	Aspirating 150.0 uL from A1 of reagent reservoir on 3 at 94.0 uL/sec
	Air gap
		Aspirating 20.0 uL from A1 of reagent reservoir on 3 at 94.0 uL/sec
	Dispensing 170.0 uL into A7 of NEST 96 Well Plate 100 µL PCR Full Skirt on Magnetic Module GEN2 on 6 at 94.0 uL/sec
	Mixing 5 times with a volume of 150.0 ul
		Aspirating 150.0 uL from A7 of NEST 96 Well Plate 100 µL PCR Full Skirt on Magnetic Module GEN2 on 6 at 94.0 uL/sec
		Dispensing 150.0 uL into A7 of NEST 96 Well Plate 100 µL PCR Full Skirt on Magnetic Module GEN2 on 6 at 94.0 uL/sec
		Aspirating 150.0 uL from A7 of NEST 96 Well Plate 100 µL PCR Full Skirt on Magnetic Module GEN2 on 6 at 94.0 uL/sec
		Dispensing 150.0 uL into A7 of NEST 96 Well Plate 100 µL PCR Full Skirt on Magnetic Module GEN2 on 6 at 94.0 uL/sec
		Aspirating 150.0 uL from A7 of NEST 96 Well Plate 100 µL PCR Full Skirt on Magnetic Module GEN2 on 6 at 94.0 uL/sec
		Dispensing 150.0 uL into A7 of NEST 96 Well Plate 100 µL PCR Full Skirt on Magnetic Module GEN2 on 6 at 94.0 uL/sec
		Aspirating 150.0 uL from A7 of NEST 96 Well Plate 100 µL PCR Full Skirt on Magnetic Module GEN2 on 6 at 94.0 uL/sec
		Dispensing 150.0 uL into A7 of NEST 96 Well Plate 100 µL PCR Full Skirt on Magnetic Module GEN2 on 6 at 94.0 uL/sec
		Aspirating 150.0 uL from A7 of NEST 96 Well Plate 100 µL PCR Full Skirt on Magnetic Module GEN2 on 6 at 94.0 uL/sec
		Dispensing 150.0 uL into A7 of NEST 96 Well Plate 100 µL PCR Full Skirt on Magnetic Module GEN2 on 6 at 94.0 uL/sec
Dropping tip into A1 of Opentrons Fixed Trash on 12
Picking up tip from A8 of Opentrons OT-2 96 Tip Rack 300 µL on 5
Transferring 150.0 from A1 of reagent reservoir on 3 to A8 of NEST 96 Well Plate 100 µL PCR Full Skirt on Magnetic Module GEN2 on 6
	Aspirating 150.0 uL from A1 of reagent reservoir on 3 at 94.0 uL/sec
	Air gap
		Aspirating 20.0 uL from A1 of reagent reservoir on 3 at 94.0 uL/sec
	Dispensing 170.0 uL into A8 of NEST 96 Well Plate 100 µL PCR Full Skirt on Magnetic Module GEN2 on 6 at 94.0 uL/sec
	Mixing 5 times with a volume of 150.0 ul
		Aspirating 150.0 uL from A8 of NEST 96 Well Plate 100 µL PCR Full Skirt on Magnetic Module GEN2 on 6 at 94.0 uL/sec
		Dispensing 150.0 uL into A8 of NEST 96 Well Plate 100 µL PCR Full Skirt on Magnetic Module GEN2 on 6 at 94.0 uL/sec
		Aspirating 150.0 uL from A8 of NEST 96 Well Plate 100 µL PCR Full Skirt on Magnetic Module GEN2 on 6 at 94.0 uL/sec
		Dispensing 150.0 uL into A8 of NEST 96 Well Plate 100 µL PCR Full Skirt on Magnetic Module GEN2 on 6 at 94.0 uL/sec
		Aspirating 150.0 uL from A8 of NEST 96 Well Plate 100 µL PCR Full Skirt on Magnetic Module GEN2 on 6 at 94.0 uL/sec
		Dispensing 150.0 uL into A8 of NEST 96 Well Plate 100 µL PCR Full Skirt on Magnetic Module GEN2 on 6 at 94.0 uL/sec
		Aspirating 150.0 uL from A8 of NEST 96 Well Plate 100 µL PCR Full Skirt on Magnetic Module GEN2 on 6 at 94.0 uL/sec
		Dispensing 150.0 uL into A8 of NEST 96 Well Plate 100 µL PCR Full Skirt on Magnetic Module GEN2 on 6 at 94.0 uL/sec
		Aspirating 150.0 uL from A8 of NEST 96 Well Plate 100 µL PCR Full Skirt on Magnetic Module GEN2 on 6 at 94.0 uL/sec
		Dispensing 150.0 uL into A8 of NEST 96 Well Plate 100 µL PCR Full Skirt on Magnetic Module GEN2 on 6 at 94.0 uL/sec
Dropping tip into A1 of Opentrons Fixed Trash on 12
Picking up tip from A9 of Opentrons OT-2 96 Tip Rack 300 µL on 5
Transferring 150.0 from A1 of reagent reservoir on 3 to A9 of NEST 96 Well Plate 100 µL PCR Full Skirt on Magnetic Module GEN2 on 6
	Aspirating 150.0 uL from A1 of reagent reservoir on 3 at 94.0 uL/sec
	Air gap
		Aspirating 20.0 uL from A1 of reagent reservoir on 3 at 94.0 uL/sec
	Dispensing 170.0 uL into A9 of NEST 96 Well Plate 100 µL PCR Full Skirt on Magnetic Module GEN2 on 6 at 94.0 uL/sec
	Mixing 5 times with a volume of 150.0 ul
		Aspirating 150.0 uL from A9 of NEST 96 Well Plate 100 µL PCR Full Skirt on Magnetic Module GEN2 on 6 at 94.0 uL/sec
		Dispensing 150.0 uL into A9 of NEST 96 Well Plate 100 µL PCR Full Skirt on Magnetic Module GEN2 on 6 at 94.0 uL/sec
		Aspirating 150.0 uL from A9 of NEST 96 Well Plate 100 µL PCR Full Skirt on Magnetic Module GEN2 on 6 at 94.0 uL/sec
		Dispensing 150.0 uL into A9 of NEST 96 Well Plate 100 µL PCR Full Skirt on Magnetic Module GEN2 on 6 at 94.0 uL/sec
		Aspirating 150.0 uL from A9 of NEST 96 Well Plate 100 µL PCR Full Skirt on Magnetic Module GEN2 on 6 at 94.0 uL/sec
		Dispensing 150.0 uL into A9 of NEST 96 Well Plate 100 µL PCR Full Skirt on Magnetic Module GEN2 on 6 at 94.0 uL/sec
		Aspirating 150.0 uL from A9 of NEST 96 Well Plate 100 µL PCR Full Skirt on Magnetic Module GEN2 on 6 at 94.0 uL/sec
		Dispensing 150.0 uL into A9 of NEST 96 Well Plate 100 µL PCR Full Skirt on Magnetic Module GEN2 on 6 at 94.0 uL/sec
		Aspirating 150.0 uL from A9 of NEST 96 Well Plate 100 µL PCR Full Skirt on Magnetic Module GEN2 on 6 at 94.0 uL/sec
		Dispensing 150.0 uL into A9 of NEST 96 Well Plate 100 µL PCR Full Skirt on Magnetic Module GEN2 on 6 at 94.0 uL/sec
Dropping tip into A1 of Opentrons Fixed Trash on 12
Picking up tip from A10 of Opentrons OT-2 96 Tip Rack 300 µL on 5
Transferring 150.0 from A1 of reagent reservoir on 3 to A10 of NEST 96 Well Plate 100 µL PCR Full Skirt on Magnetic Module GEN2 on 6
	Aspirating 150.0 uL from A1 of reagent reservoir on 3 at 94.0 uL/sec
	Air gap
		Aspirating 20.0 uL from A1 of reagent reservoir on 3 at 94.0 uL/sec
	Dispensing 170.0 uL into A10 of NEST 96 Well Plate 100 µL PCR Full Skirt on Magnetic Module GEN2 on 6 at 94.0 uL/sec
	Mixing 5 times with a volume of 150.0 ul
		Aspirating 150.0 uL from A10 of NEST 96 Well Plate 100 µL PCR Full Skirt on Magnetic Module GEN2 on 6 at 94.0 uL/sec
		Dispensing 150.0 uL into A10 of NEST 96 Well Plate 100 µL PCR Full Skirt on Magnetic Module GEN2 on 6 at 94.0 uL/sec
		Aspirating 150.0 uL from A10 of NEST 96 Well Plate 100 µL PCR Full Skirt on Magnetic Module GEN2 on 6 at 94.0 uL/sec
		Dispensing 150.0 uL into A10 of NEST 96 Well Plate 100 µL PCR Full Skirt on Magnetic Module GEN2 on 6 at 94.0 uL/sec
		Aspirating 150.0 uL from A10 of NEST 96 Well Plate 100 µL PCR Full Skirt on Magnetic Module GEN2 on 6 at 94.0 uL/sec
		Dispensing 150.0 uL into A10 of NEST 96 Well Plate 100 µL PCR Full Skirt on Magnetic Module GEN2 on 6 at 94.0 uL/sec
		Aspirating 150.0 uL from A10 of NEST 96 Well Plate 100 µL PCR Full Skirt on Magnetic Module GEN2 on 6 at 94.0 uL/sec
		Dispensing 150.0 uL into A10 of NEST 96 Well Plate 100 µL PCR Full Skirt on Magnetic Module GEN2 on 6 at 94.0 uL/sec
		Aspirating 150.0 uL from A10 of NEST 96 Well Plate 100 µL PCR Full Skirt on Magnetic Module GEN2 on 6 at 94.0 uL/sec
		Dispensing 150.0 uL into A10 of NEST 96 Well Plate 100 µL PCR Full Skirt on Magnetic Module GEN2 on 6 at 94.0 uL/sec
Dropping tip into A1 of Opentrons Fixed Trash on 12
Picking up tip from A11 of Opentrons OT-2 96 Tip Rack 300 µL on 5
Transferring 150.0 from A1 of reagent reservoir on 3 to A11 of NEST 96 Well Plate 100 µL PCR Full Skirt on Magnetic Module GEN2 on 6
	Aspirating 150.0 uL from A1 of reagent reservoir on 3 at 94.0 uL/sec
	Air gap
		Aspirating 20.0 uL from A1 of reagent reservoir on 3 at 94.0 uL/sec
	Dispensing 170.0 uL into A11 of NEST 96 Well Plate 100 µL PCR Full Skirt on Magnetic Module GEN2 on 6 at 94.0 uL/sec
	Mixing 5 times with a volume of 150.0 ul
		Aspirating 150.0 uL from A11 of NEST 96 Well Plate 100 µL PCR Full Skirt on Magnetic Module GEN2 on 6 at 94.0 uL/sec
		Dispensing 150.0 uL into A11 of NEST 96 Well Plate 100 µL PCR Full Skirt on Magnetic Module GEN2 on 6 at 94.0 uL/sec
		Aspirating 150.0 uL from A11 of NEST 96 Well Plate 100 µL PCR Full Skirt on Magnetic Module GEN2 on 6 at 94.0 uL/sec
		Dispensing 150.0 uL into A11 of NEST 96 Well Plate 100 µL PCR Full Skirt on Magnetic Module GEN2 on 6 at 94.0 uL/sec
		Aspirating 150.0 uL from A11 of NEST 96 Well Plate 100 µL PCR Full Skirt on Magnetic Module GEN2 on 6 at 94.0 uL/sec
		Dispensing 150.0 uL into A11 of NEST 96 Well Plate 100 µL PCR Full Skirt on Magnetic Module GEN2 on 6 at 94.0 uL/sec
		Aspirating 150.0 uL from A11 of NEST 96 Well Plate 100 µL PCR Full Skirt on Magnetic Module GEN2 on 6 at 94.0 uL/sec
		Dispensing 150.0 uL into A11 of NEST 96 Well Plate 100 µL PCR Full Skirt on Magnetic Module GEN2 on 6 at 94.0 uL/sec
		Aspirating 150.0 uL from A11 of NEST 96 Well Plate 100 µL PCR Full Skirt on Magnetic Module GEN2 on 6 at 94.0 uL/sec
		Dispensing 150.0 uL into A11 of NEST 96 Well Plate 100 µL PCR Full Skirt on Magnetic Module GEN2 on 6 at 94.0 uL/sec
Dropping tip into A1 of Opentrons Fixed Trash on 12
Picking up tip from A12 of Opentrons OT-2 96 Tip Rack 300 µL on 5
Transferring 150.0 from A1 of reagent reservoir on 3 to A12 of NEST 96 Well Plate 100 µL PCR Full Skirt on Magnetic Module GEN2 on 6
	Aspirating 150.0 uL from A1 of reagent reservoir on 3 at 94.0 uL/sec
	Air gap
		Aspirating 20.0 uL from A1 of reagent reservoir on 3 at 94.0 uL/sec
	Dispensing 170.0 uL into A12 of NEST 96 Well Plate 100 µL PCR Full Skirt on Magnetic Module GEN2 on 6 at 94.0 uL/sec
	Mixing 5 times with a volume of 150.0 ul
		Aspirating 150.0 uL from A12 of NEST 96 Well Plate 100 µL PCR Full Skirt on Magnetic Module GEN2 on 6 at 94.0 uL/sec
		Dispensing 150.0 uL into A12 of NEST 96 Well Plate 100 µL PCR Full Skirt on Magnetic Module GEN2 on 6 at 94.0 uL/sec
		Aspirating 150.0 uL from A12 of NEST 96 Well Plate 100 µL PCR Full Skirt on Magnetic Module GEN2 on 6 at 94.0 uL/sec
		Dispensing 150.0 uL into A12 of NEST 96 Well Plate 100 µL PCR Full Skirt on Magnetic Module GEN2 on 6 at 94.0 uL/sec
		Aspirating 150.0 uL from A12 of NEST 96 Well Plate 100 µL PCR Full Skirt on Magnetic Module GEN2 on 6 at 94.0 uL/sec
		Dispensing 150.0 uL into A12 of NEST 96 Well Plate 100 µL PCR Full Skirt on Magnetic Module GEN2 on 6 at 94.0 uL/sec
		Aspirating 150.0 uL from A12 of NEST 96 Well Plate 100 µL PCR Full Skirt on Magnetic Module GEN2 on 6 at 94.0 uL/sec
		Dispensing 150.0 uL into A12 of NEST 96 Well Plate 100 µL PCR Full Skirt on Magnetic Module GEN2 on 6 at 94.0 uL/sec
		Aspirating 150.0 uL from A12 of NEST 96 Well Plate 100 µL PCR Full Skirt on Magnetic Module GEN2 on 6 at 94.0 uL/sec
		Dispensing 150.0 uL into A12 of NEST 96 Well Plate 100 µL PCR Full Skirt on Magnetic Module GEN2 on 6 at 94.0 uL/sec
Dropping tip into A1 of Opentrons Fixed Trash on 12
Delaying for 5 minutes and 0.0 seconds. Incubating at room temperature for 5 minutes
Engaging Magnetic Module
Delaying for 3 minutes and 0.0 seconds. Incubating on magnet for 3 minutes.
Picking up tip from A1 of Opentrons OT-2 96 Tip Rack 300 µL on 8
Aspirating 247.50000000000003 uL from A1 of NEST 96 Well Plate 100 µL PCR Full Skirt on Magnetic Module GEN2 on 6 at 94.0 uL/sec
Air gap
	Aspirating 20.0 uL from A1 of NEST 96 Well Plate 100 µL PCR Full Skirt on Magnetic Module GEN2 on 6 at 94.0 uL/sec
Dispensing 277.5 uL into A1 of waste reservoir on 9 at 94.0 uL/sec
Air gap
	Aspirating 20.0 uL from A1 of waste reservoir on 9 at 94.0 uL/sec
Dropping tip into A1 of Opentrons Fixed Trash on 12
Picking up tip from A2 of Opentrons OT-2 96 Tip Rack 300 µL on 8
Aspirating 247.50000000000003 uL from A2 of NEST 96 Well Plate 100 µL PCR Full Skirt on Magnetic Module GEN2 on 6 at 94.0 uL/sec
Air gap
	Aspirating 20.0 uL from A2 of NEST 96 Well Plate 100 µL PCR Full Skirt on Magnetic Module GEN2 on 6 at 94.0 uL/sec
Dispensing 277.5 uL into A1 of waste reservoir on 9 at 94.0 uL/sec
Air gap
	Aspirating 20.0 uL from A1 of waste reservoir on 9 at 94.0 uL/sec
Dropping tip into A1 of Opentrons Fixed Trash on 12
Picking up tip from A3 of Opentrons OT-2 96 Tip Rack 300 µL on 8
Aspirating 247.50000000000003 uL from A3 of NEST 96 Well Plate 100 µL PCR Full Skirt on Magnetic Module GEN2 on 6 at 94.0 uL/sec
Air gap
	Aspirating 20.0 uL from A3 of NEST 96 Well Plate 100 µL PCR Full Skirt on Magnetic Module GEN2 on 6 at 94.0 uL/sec
Dispensing 277.5 uL into A1 of waste reservoir on 9 at 94.0 uL/sec
Air gap
	Aspirating 20.0 uL from A1 of waste reservoir on 9 at 94.0 uL/sec
Dropping tip into A1 of Opentrons Fixed Trash on 12
Picking up tip from A4 of Opentrons OT-2 96 Tip Rack 300 µL on 8
Aspirating 247.50000000000003 uL from A4 of NEST 96 Well Plate 100 µL PCR Full Skirt on Magnetic Module GEN2 on 6 at 94.0 uL/sec
Air gap
	Aspirating 20.0 uL from A4 of NEST 96 Well Plate 100 µL PCR Full Skirt on Magnetic Module GEN2 on 6 at 94.0 uL/sec
Dispensing 277.5 uL into A1 of waste reservoir on 9 at 94.0 uL/sec
Air gap
	Aspirating 20.0 uL from A1 of waste reservoir on 9 at 94.0 uL/sec
Dropping tip into A1 of Opentrons Fixed Trash on 12
Picking up tip from A5 of Opentrons OT-2 96 Tip Rack 300 µL on 8
Aspirating 247.50000000000003 uL from A5 of NEST 96 Well Plate 100 µL PCR Full Skirt on Magnetic Module GEN2 on 6 at 94.0 uL/sec
Air gap
	Aspirating 20.0 uL from A5 of NEST 96 Well Plate 100 µL PCR Full Skirt on Magnetic Module GEN2 on 6 at 94.0 uL/sec
Dispensing 277.5 uL into A1 of waste reservoir on 9 at 94.0 uL/sec
Air gap
	Aspirating 20.0 uL from A1 of waste reservoir on 9 at 94.0 uL/sec
Dropping tip into A1 of Opentrons Fixed Trash on 12
Picking up tip from A6 of Opentrons OT-2 96 Tip Rack 300 µL on 8
Aspirating 247.50000000000003 uL from A6 of NEST 96 Well Plate 100 µL PCR Full Skirt on Magnetic Module GEN2 on 6 at 94.0 uL/sec
Air gap
	Aspirating 20.0 uL from A6 of NEST 96 Well Plate 100 µL PCR Full Skirt on Magnetic Module GEN2 on 6 at 94.0 uL/sec
Dispensing 277.5 uL into A1 of waste reservoir on 9 at 94.0 uL/sec
Air gap
	Aspirating 20.0 uL from A1 of waste reservoir on 9 at 94.0 uL/sec
Dropping tip into A1 of Opentrons Fixed Trash on 12
Picking up tip from A7 of Opentrons OT-2 96 Tip Rack 300 µL on 8
Aspirating 247.50000000000003 uL from A7 of NEST 96 Well Plate 100 µL PCR Full Skirt on Magnetic Module GEN2 on 6 at 94.0 uL/sec
Air gap
	Aspirating 20.0 uL from A7 of NEST 96 Well Plate 100 µL PCR Full Skirt on Magnetic Module GEN2 on 6 at 94.0 uL/sec
Dispensing 277.5 uL into A1 of waste reservoir on 9 at 94.0 uL/sec
Air gap
	Aspirating 20.0 uL from A1 of waste reservoir on 9 at 94.0 uL/sec
Dropping tip into A1 of Opentrons Fixed Trash on 12
Picking up tip from A8 of Opentrons OT-2 96 Tip Rack 300 µL on 8
Aspirating 247.50000000000003 uL from A8 of NEST 96 Well Plate 100 µL PCR Full Skirt on Magnetic Module GEN2 on 6 at 94.0 uL/sec
Air gap
	Aspirating 20.0 uL from A8 of NEST 96 Well Plate 100 µL PCR Full Skirt on Magnetic Module GEN2 on 6 at 94.0 uL/sec
Dispensing 277.5 uL into A1 of waste reservoir on 9 at 94.0 uL/sec
Air gap
	Aspirating 20.0 uL from A1 of waste reservoir on 9 at 94.0 uL/sec
Dropping tip into A1 of Opentrons Fixed Trash on 12
Picking up tip from A9 of Opentrons OT-2 96 Tip Rack 300 µL on 8
Aspirating 247.50000000000003 uL from A9 of NEST 96 Well Plate 100 µL PCR Full Skirt on Magnetic Module GEN2 on 6 at 94.0 uL/sec
Air gap
	Aspirating 20.0 uL from A9 of NEST 96 Well Plate 100 µL PCR Full Skirt on Magnetic Module GEN2 on 6 at 94.0 uL/sec
Dispensing 277.5 uL into A1 of waste reservoir on 9 at 94.0 uL/sec
Air gap
	Aspirating 20.0 uL from A1 of waste reservoir on 9 at 94.0 uL/sec
Dropping tip into A1 of Opentrons Fixed Trash on 12
Picking up tip from A10 of Opentrons OT-2 96 Tip Rack 300 µL on 8
Aspirating 247.50000000000003 uL from A10 of NEST 96 Well Plate 100 µL PCR Full Skirt on Magnetic Module GEN2 on 6 at 94.0 uL/sec
Air gap
	Aspirating 20.0 uL from A10 of NEST 96 Well Plate 100 µL PCR Full Skirt on Magnetic Module GEN2 on 6 at 94.0 uL/sec
Dispensing 277.5 uL into A1 of waste reservoir on 9 at 94.0 uL/sec
Air gap
	Aspirating 20.0 uL from A1 of waste reservoir on 9 at 94.0 uL/sec
Dropping tip into A1 of Opentrons Fixed Trash on 12
Picking up tip from A11 of Opentrons OT-2 96 Tip Rack 300 µL on 8
Aspirating 247.50000000000003 uL from A11 of NEST 96 Well Plate 100 µL PCR Full Skirt on Magnetic Module GEN2 on 6 at 94.0 uL/sec
Air gap
	Aspirating 20.0 uL from A11 of NEST 96 Well Plate 100 µL PCR Full Skirt on Magnetic Module GEN2 on 6 at 94.0 uL/sec
Dispensing 277.5 uL into A1 of waste reservoir on 9 at 94.0 uL/sec
Air gap
	Aspirating 20.0 uL from A1 of waste reservoir on 9 at 94.0 uL/sec
Dropping tip into A1 of Opentrons Fixed Trash on 12
Picking up tip from A12 of Opentrons OT-2 96 Tip Rack 300 µL on 8
Aspirating 247.50000000000003 uL from A12 of NEST 96 Well Plate 100 µL PCR Full Skirt on Magnetic Module GEN2 on 6 at 94.0 uL/sec
Air gap
	Aspirating 20.0 uL from A12 of NEST 96 Well Plate 100 µL PCR Full Skirt on Magnetic Module GEN2 on 6 at 94.0 uL/sec
Dispensing 277.5 uL into A1 of waste reservoir on 9 at 94.0 uL/sec
Air gap
	Aspirating 20.0 uL from A1 of waste reservoir on 9 at 94.0 uL/sec
Dropping tip into A1 of Opentrons Fixed Trash on 12
Picking up tip from A1 of Opentrons OT-2 96 Tip Rack 300 µL on 10
Transferring 200.0 from A2 of reagent reservoir on 3 to A1 of NEST 96 Well Plate 100 µL PCR Full Skirt on Magnetic Module GEN2 on 6
	Aspirating 200.0 uL from A2 of reagent reservoir on 3 at 94.0 uL/sec
	Air gap
		Aspirating 20.0 uL from A2 of reagent reservoir on 3 at 94.0 uL/sec
	Dispensing 220.0 uL into A1 of NEST 96 Well Plate 100 µL PCR Full Skirt on Magnetic Module GEN2 on 6 at 94.0 uL/sec
Transferring 200.0 from A2 of reagent reservoir on 3 to A2 of NEST 96 Well Plate 100 µL PCR Full Skirt on Magnetic Module GEN2 on 6
	Aspirating 200.0 uL from A2 of reagent reservoir on 3 at 94.0 uL/sec
	Air gap
		Aspirating 20.0 uL from A2 of reagent reservoir on 3 at 94.0 uL/sec
	Dispensing 220.0 uL into A2 of NEST 96 Well Plate 100 µL PCR Full Skirt on Magnetic Module GEN2 on 6 at 94.0 uL/sec
Transferring 200.0 from A2 of reagent reservoir on 3 to A3 of NEST 96 Well Plate 100 µL PCR Full Skirt on Magnetic Module GEN2 on 6
	Aspirating 200.0 uL from A2 of reagent reservoir on 3 at 94.0 uL/sec
	Air gap
		Aspirating 20.0 uL from A2 of reagent reservoir on 3 at 94.0 uL/sec
	Dispensing 220.0 uL into A3 of NEST 96 Well Plate 100 µL PCR Full Skirt on Magnetic Module GEN2 on 6 at 94.0 uL/sec
Transferring 200.0 from A2 of reagent reservoir on 3 to A4 of NEST 96 Well Plate 100 µL PCR Full Skirt on Magnetic Module GEN2 on 6
	Aspirating 200.0 uL from A2 of reagent reservoir on 3 at 94.0 uL/sec
	Air gap
		Aspirating 20.0 uL from A2 of reagent reservoir on 3 at 94.0 uL/sec
	Dispensing 220.0 uL into A4 of NEST 96 Well Plate 100 µL PCR Full Skirt on Magnetic Module GEN2 on 6 at 94.0 uL/sec
Transferring 200.0 from A2 of reagent reservoir on 3 to A5 of NEST 96 Well Plate 100 µL PCR Full Skirt on Magnetic Module GEN2 on 6
	Aspirating 200.0 uL from A2 of reagent reservoir on 3 at 94.0 uL/sec
	Air gap
		Aspirating 20.0 uL from A2 of reagent reservoir on 3 at 94.0 uL/sec
	Dispensing 220.0 uL into A5 of NEST 96 Well Plate 100 µL PCR Full Skirt on Magnetic Module GEN2 on 6 at 94.0 uL/sec
Transferring 200.0 from A2 of reagent reservoir on 3 to A6 of NEST 96 Well Plate 100 µL PCR Full Skirt on Magnetic Module GEN2 on 6
	Aspirating 200.0 uL from A2 of reagent reservoir on 3 at 94.0 uL/sec
	Air gap
		Aspirating 20.0 uL from A2 of reagent reservoir on 3 at 94.0 uL/sec
	Dispensing 220.0 uL into A6 of NEST 96 Well Plate 100 µL PCR Full Skirt on Magnetic Module GEN2 on 6 at 94.0 uL/sec
Transferring 200.0 from A2 of reagent reservoir on 3 to A7 of NEST 96 Well Plate 100 µL PCR Full Skirt on Magnetic Module GEN2 on 6
	Aspirating 200.0 uL from A2 of reagent reservoir on 3 at 94.0 uL/sec
	Air gap
		Aspirating 20.0 uL from A2 of reagent reservoir on 3 at 94.0 uL/sec
	Dispensing 220.0 uL into A7 of NEST 96 Well Plate 100 µL PCR Full Skirt on Magnetic Module GEN2 on 6 at 94.0 uL/sec
Transferring 200.0 from A2 of reagent reservoir on 3 to A8 of NEST 96 Well Plate 100 µL PCR Full Skirt on Magnetic Module GEN2 on 6
	Aspirating 200.0 uL from A2 of reagent reservoir on 3 at 94.0 uL/sec
	Air gap
		Aspirating 20.0 uL from A2 of reagent reservoir on 3 at 94.0 uL/sec
	Dispensing 220.0 uL into A8 of NEST 96 Well Plate 100 µL PCR Full Skirt on Magnetic Module GEN2 on 6 at 94.0 uL/sec
Transferring 200.0 from A3 of reagent reservoir on 3 to A9 of NEST 96 Well Plate 100 µL PCR Full Skirt on Magnetic Module GEN2 on 6
	Aspirating 200.0 uL from A3 of reagent reservoir on 3 at 94.0 uL/sec
	Air gap
		Aspirating 20.0 uL from A3 of reagent reservoir on 3 at 94.0 uL/sec
	Dispensing 220.0 uL into A9 of NEST 96 Well Plate 100 µL PCR Full Skirt on Magnetic Module GEN2 on 6 at 94.0 uL/sec
Transferring 200.0 from A3 of reagent reservoir on 3 to A10 of NEST 96 Well Plate 100 µL PCR Full Skirt on Magnetic Module GEN2 on 6
	Aspirating 200.0 uL from A3 of reagent reservoir on 3 at 94.0 uL/sec
	Air gap
		Aspirating 20.0 uL from A3 of reagent reservoir on 3 at 94.0 uL/sec
	Dispensing 220.0 uL into A10 of NEST 96 Well Plate 100 µL PCR Full Skirt on Magnetic Module GEN2 on 6 at 94.0 uL/sec
Transferring 200.0 from A3 of reagent reservoir on 3 to A11 of NEST 96 Well Plate 100 µL PCR Full Skirt on Magnetic Module GEN2 on 6
	Aspirating 200.0 uL from A3 of reagent reservoir on 3 at 94.0 uL/sec
	Air gap
		Aspirating 20.0 uL from A3 of reagent reservoir on 3 at 94.0 uL/sec
	Dispensing 220.0 uL into A11 of NEST 96 Well Plate 100 µL PCR Full Skirt on Magnetic Module GEN2 on 6 at 94.0 uL/sec
Transferring 200.0 from A3 of reagent reservoir on 3 to A12 of NEST 96 Well Plate 100 µL PCR Full Skirt on Magnetic Module GEN2 on 6
	Aspirating 200.0 uL from A3 of reagent reservoir on 3 at 94.0 uL/sec
	Air gap
		Aspirating 20.0 uL from A3 of reagent reservoir on 3 at 94.0 uL/sec
	Dispensing 220.0 uL into A12 of NEST 96 Well Plate 100 µL PCR Full Skirt on Magnetic Module GEN2 on 6 at 94.0 uL/sec
Moving to A1 of NEST 96 Well Plate 100 µL PCR Full Skirt on Magnetic Module GEN2 on 6
Aspirating 247.50000000000003 uL from A1 of NEST 96 Well Plate 100 µL PCR Full Skirt on Magnetic Module GEN2 on 6 at 94.0 uL/sec
Air gap
	Aspirating 20.0 uL from A1 of NEST 96 Well Plate 100 µL PCR Full Skirt on Magnetic Module GEN2 on 6 at 94.0 uL/sec
Dispensing 277.5 uL into A1 of waste reservoir on 9 at 94.0 uL/sec
Air gap
	Aspirating 20.0 uL from A1 of waste reservoir on 9 at 94.0 uL/sec
Dropping tip into A1 of Opentrons Fixed Trash on 12
Picking up tip from A2 of Opentrons OT-2 96 Tip Rack 300 µL on 10
Moving to A2 of NEST 96 Well Plate 100 µL PCR Full Skirt on Magnetic Module GEN2 on 6
Aspirating 247.50000000000003 uL from A2 of NEST 96 Well Plate 100 µL PCR Full Skirt on Magnetic Module GEN2 on 6 at 94.0 uL/sec
Air gap
	Aspirating 20.0 uL from A2 of NEST 96 Well Plate 100 µL PCR Full Skirt on Magnetic Module GEN2 on 6 at 94.0 uL/sec
Dispensing 277.5 uL into A1 of waste reservoir on 9 at 94.0 uL/sec
Air gap
	Aspirating 20.0 uL from A1 of waste reservoir on 9 at 94.0 uL/sec
Dropping tip into A1 of Opentrons Fixed Trash on 12
Picking up tip from A3 of Opentrons OT-2 96 Tip Rack 300 µL on 10
Moving to A3 of NEST 96 Well Plate 100 µL PCR Full Skirt on Magnetic Module GEN2 on 6
Aspirating 247.50000000000003 uL from A3 of NEST 96 Well Plate 100 µL PCR Full Skirt on Magnetic Module GEN2 on 6 at 94.0 uL/sec
Air gap
	Aspirating 20.0 uL from A3 of NEST 96 Well Plate 100 µL PCR Full Skirt on Magnetic Module GEN2 on 6 at 94.0 uL/sec
Dispensing 277.5 uL into A1 of waste reservoir on 9 at 94.0 uL/sec
Air gap
	Aspirating 20.0 uL from A1 of waste reservoir on 9 at 94.0 uL/sec
Dropping tip into A1 of Opentrons Fixed Trash on 12
Picking up tip from A4 of Opentrons OT-2 96 Tip Rack 300 µL on 10
Moving to A4 of NEST 96 Well Plate 100 µL PCR Full Skirt on Magnetic Module GEN2 on 6
Aspirating 247.50000000000003 uL from A4 of NEST 96 Well Plate 100 µL PCR Full Skirt on Magnetic Module GEN2 on 6 at 94.0 uL/sec
Air gap
	Aspirating 20.0 uL from A4 of NEST 96 Well Plate 100 µL PCR Full Skirt on Magnetic Module GEN2 on 6 at 94.0 uL/sec
Dispensing 277.5 uL into A1 of waste reservoir on 9 at 94.0 uL/sec
Air gap
	Aspirating 20.0 uL from A1 of waste reservoir on 9 at 94.0 uL/sec
Dropping tip into A1 of Opentrons Fixed Trash on 12
Picking up tip from A5 of Opentrons OT-2 96 Tip Rack 300 µL on 10
Moving to A5 of NEST 96 Well Plate 100 µL PCR Full Skirt on Magnetic Module GEN2 on 6
Aspirating 247.50000000000003 uL from A5 of NEST 96 Well Plate 100 µL PCR Full Skirt on Magnetic Module GEN2 on 6 at 94.0 uL/sec
Air gap
	Aspirating 20.0 uL from A5 of NEST 96 Well Plate 100 µL PCR Full Skirt on Magnetic Module GEN2 on 6 at 94.0 uL/sec
Dispensing 277.5 uL into A1 of waste reservoir on 9 at 94.0 uL/sec
Air gap
	Aspirating 20.0 uL from A1 of waste reservoir on 9 at 94.0 uL/sec
Dropping tip into A1 of Opentrons Fixed Trash on 12
Picking up tip from A6 of Opentrons OT-2 96 Tip Rack 300 µL on 10
Moving to A6 of NEST 96 Well Plate 100 µL PCR Full Skirt on Magnetic Module GEN2 on 6
Aspirating 247.50000000000003 uL from A6 of NEST 96 Well Plate 100 µL PCR Full Skirt on Magnetic Module GEN2 on 6 at 94.0 uL/sec
Air gap
	Aspirating 20.0 uL from A6 of NEST 96 Well Plate 100 µL PCR Full Skirt on Magnetic Module GEN2 on 6 at 94.0 uL/sec
Dispensing 277.5 uL into A1 of waste reservoir on 9 at 94.0 uL/sec
Air gap
	Aspirating 20.0 uL from A1 of waste reservoir on 9 at 94.0 uL/sec
Dropping tip into A1 of Opentrons Fixed Trash on 12
Picking up tip from A7 of Opentrons OT-2 96 Tip Rack 300 µL on 10
Moving to A7 of NEST 96 Well Plate 100 µL PCR Full Skirt on Magnetic Module GEN2 on 6
Aspirating 247.50000000000003 uL from A7 of NEST 96 Well Plate 100 µL PCR Full Skirt on Magnetic Module GEN2 on 6 at 94.0 uL/sec
Air gap
	Aspirating 20.0 uL from A7 of NEST 96 Well Plate 100 µL PCR Full Skirt on Magnetic Module GEN2 on 6 at 94.0 uL/sec
Dispensing 277.5 uL into A1 of waste reservoir on 9 at 94.0 uL/sec
Air gap
	Aspirating 20.0 uL from A1 of waste reservoir on 9 at 94.0 uL/sec
Dropping tip into A1 of Opentrons Fixed Trash on 12
Picking up tip from A8 of Opentrons OT-2 96 Tip Rack 300 µL on 10
Moving to A8 of NEST 96 Well Plate 100 µL PCR Full Skirt on Magnetic Module GEN2 on 6
Aspirating 247.50000000000003 uL from A8 of NEST 96 Well Plate 100 µL PCR Full Skirt on Magnetic Module GEN2 on 6 at 94.0 uL/sec
Air gap
	Aspirating 20.0 uL from A8 of NEST 96 Well Plate 100 µL PCR Full Skirt on Magnetic Module GEN2 on 6 at 94.0 uL/sec
Dispensing 277.5 uL into A1 of waste reservoir on 9 at 94.0 uL/sec
Air gap
	Aspirating 20.0 uL from A1 of waste reservoir on 9 at 94.0 uL/sec
Dropping tip into A1 of Opentrons Fixed Trash on 12
Picking up tip from A9 of Opentrons OT-2 96 Tip Rack 300 µL on 10
Moving to A9 of NEST 96 Well Plate 100 µL PCR Full Skirt on Magnetic Module GEN2 on 6
Aspirating 247.50000000000003 uL from A9 of NEST 96 Well Plate 100 µL PCR Full Skirt on Magnetic Module GEN2 on 6 at 94.0 uL/sec
Air gap
	Aspirating 20.0 uL from A9 of NEST 96 Well Plate 100 µL PCR Full Skirt on Magnetic Module GEN2 on 6 at 94.0 uL/sec
Dispensing 277.5 uL into A1 of waste reservoir on 9 at 94.0 uL/sec
Air gap
	Aspirating 20.0 uL from A1 of waste reservoir on 9 at 94.0 uL/sec
Dropping tip into A1 of Opentrons Fixed Trash on 12
Picking up tip from A10 of Opentrons OT-2 96 Tip Rack 300 µL on 10
Moving to A10 of NEST 96 Well Plate 100 µL PCR Full Skirt on Magnetic Module GEN2 on 6
Aspirating 247.50000000000003 uL from A10 of NEST 96 Well Plate 100 µL PCR Full Skirt on Magnetic Module GEN2 on 6 at 94.0 uL/sec
Air gap
	Aspirating 20.0 uL from A10 of NEST 96 Well Plate 100 µL PCR Full Skirt on Magnetic Module GEN2 on 6 at 94.0 uL/sec
Dispensing 277.5 uL into A1 of waste reservoir on 9 at 94.0 uL/sec
Air gap
	Aspirating 20.0 uL from A1 of waste reservoir on 9 at 94.0 uL/sec
Dropping tip into A1 of Opentrons Fixed Trash on 12
Picking up tip from A11 of Opentrons OT-2 96 Tip Rack 300 µL on 10
Moving to A11 of NEST 96 Well Plate 100 µL PCR Full Skirt on Magnetic Module GEN2 on 6
Aspirating 247.50000000000003 uL from A11 of NEST 96 Well Plate 100 µL PCR Full Skirt on Magnetic Module GEN2 on 6 at 94.0 uL/sec
Air gap
	Aspirating 20.0 uL from A11 of NEST 96 Well Plate 100 µL PCR Full Skirt on Magnetic Module GEN2 on 6 at 94.0 uL/sec
Dispensing 277.5 uL into A1 of waste reservoir on 9 at 94.0 uL/sec
Air gap
	Aspirating 20.0 uL from A1 of waste reservoir on 9 at 94.0 uL/sec
Dropping tip into A1 of Opentrons Fixed Trash on 12
Picking up tip from A12 of Opentrons OT-2 96 Tip Rack 300 µL on 10
Moving to A12 of NEST 96 Well Plate 100 µL PCR Full Skirt on Magnetic Module GEN2 on 6
Aspirating 247.50000000000003 uL from A12 of NEST 96 Well Plate 100 µL PCR Full Skirt on Magnetic Module GEN2 on 6 at 94.0 uL/sec
Air gap
	Aspirating 20.0 uL from A12 of NEST 96 Well Plate 100 µL PCR Full Skirt on Magnetic Module GEN2 on 6 at 94.0 uL/sec
Dispensing 277.5 uL into A1 of waste reservoir on 9 at 94.0 uL/sec
Air gap
	Aspirating 20.0 uL from A1 of waste reservoir on 9 at 94.0 uL/sec
Dropping tip into A1 of Opentrons Fixed Trash on 12
Picking up tip from A1 of Opentrons OT-2 96 Tip Rack 300 µL on 11
Transferring 200.0 from A3 of reagent reservoir on 3 to A1 of NEST 96 Well Plate 100 µL PCR Full Skirt on Magnetic Module GEN2 on 6
	Aspirating 200.0 uL from A3 of reagent reservoir on 3 at 94.0 uL/sec
	Air gap
		Aspirating 20.0 uL from A3 of reagent reservoir on 3 at 94.0 uL/sec
	Dispensing 220.0 uL into A1 of NEST 96 Well Plate 100 µL PCR Full Skirt on Magnetic Module GEN2 on 6 at 94.0 uL/sec
Transferring 200.0 from A3 of reagent reservoir on 3 to A2 of NEST 96 Well Plate 100 µL PCR Full Skirt on Magnetic Module GEN2 on 6
	Aspirating 200.0 uL from A3 of reagent reservoir on 3 at 94.0 uL/sec
	Air gap
		Aspirating 20.0 uL from A3 of reagent reservoir on 3 at 94.0 uL/sec
	Dispensing 220.0 uL into A2 of NEST 96 Well Plate 100 µL PCR Full Skirt on Magnetic Module GEN2 on 6 at 94.0 uL/sec
Transferring 200.0 from A3 of reagent reservoir on 3 to A3 of NEST 96 Well Plate 100 µL PCR Full Skirt on Magnetic Module GEN2 on 6
	Aspirating 200.0 uL from A3 of reagent reservoir on 3 at 94.0 uL/sec
	Air gap
		Aspirating 20.0 uL from A3 of reagent reservoir on 3 at 94.0 uL/sec
	Dispensing 220.0 uL into A3 of NEST 96 Well Plate 100 µL PCR Full Skirt on Magnetic Module GEN2 on 6 at 94.0 uL/sec
Transferring 200.0 from A3 of reagent reservoir on 3 to A4 of NEST 96 Well Plate 100 µL PCR Full Skirt on Magnetic Module GEN2 on 6
	Aspirating 200.0 uL from A3 of reagent reservoir on 3 at 94.0 uL/sec
	Air gap
		Aspirating 20.0 uL from A3 of reagent reservoir on 3 at 94.0 uL/sec
	Dispensing 220.0 uL into A4 of NEST 96 Well Plate 100 µL PCR Full Skirt on Magnetic Module GEN2 on 6 at 94.0 uL/sec
Transferring 200.0 from A4 of reagent reservoir on 3 to A5 of NEST 96 Well Plate 100 µL PCR Full Skirt on Magnetic Module GEN2 on 6
	Aspirating 200.0 uL from A4 of reagent reservoir on 3 at 94.0 uL/sec
	Air gap
		Aspirating 20.0 uL from A4 of reagent reservoir on 3 at 94.0 uL/sec
	Dispensing 220.0 uL into A5 of NEST 96 Well Plate 100 µL PCR Full Skirt on Magnetic Module GEN2 on 6 at 94.0 uL/sec
Transferring 200.0 from A4 of reagent reservoir on 3 to A6 of NEST 96 Well Plate 100 µL PCR Full Skirt on Magnetic Module GEN2 on 6
	Aspirating 200.0 uL from A4 of reagent reservoir on 3 at 94.0 uL/sec
	Air gap
		Aspirating 20.0 uL from A4 of reagent reservoir on 3 at 94.0 uL/sec
	Dispensing 220.0 uL into A6 of NEST 96 Well Plate 100 µL PCR Full Skirt on Magnetic Module GEN2 on 6 at 94.0 uL/sec
Transferring 200.0 from A4 of reagent reservoir on 3 to A7 of NEST 96 Well Plate 100 µL PCR Full Skirt on Magnetic Module GEN2 on 6
	Aspirating 200.0 uL from A4 of reagent reservoir on 3 at 94.0 uL/sec
	Air gap
		Aspirating 20.0 uL from A4 of reagent reservoir on 3 at 94.0 uL/sec
	Dispensing 220.0 uL into A7 of NEST 96 Well Plate 100 µL PCR Full Skirt on Magnetic Module GEN2 on 6 at 94.0 uL/sec
Transferring 200.0 from A4 of reagent reservoir on 3 to A8 of NEST 96 Well Plate 100 µL PCR Full Skirt on Magnetic Module GEN2 on 6
	Aspirating 200.0 uL from A4 of reagent reservoir on 3 at 94.0 uL/sec
	Air gap
		Aspirating 20.0 uL from A4 of reagent reservoir on 3 at 94.0 uL/sec
	Dispensing 220.0 uL into A8 of NEST 96 Well Plate 100 µL PCR Full Skirt on Magnetic Module GEN2 on 6 at 94.0 uL/sec
Transferring 200.0 from A4 of reagent reservoir on 3 to A9 of NEST 96 Well Plate 100 µL PCR Full Skirt on Magnetic Module GEN2 on 6
	Aspirating 200.0 uL from A4 of reagent reservoir on 3 at 94.0 uL/sec
	Air gap
		Aspirating 20.0 uL from A4 of reagent reservoir on 3 at 94.0 uL/sec
	Dispensing 220.0 uL into A9 of NEST 96 Well Plate 100 µL PCR Full Skirt on Magnetic Module GEN2 on 6 at 94.0 uL/sec
Transferring 200.0 from A4 of reagent reservoir on 3 to A10 of NEST 96 Well Plate 100 µL PCR Full Skirt on Magnetic Module GEN2 on 6
	Aspirating 200.0 uL from A4 of reagent reservoir on 3 at 94.0 uL/sec
	Air gap
		Aspirating 20.0 uL from A4 of reagent reservoir on 3 at 94.0 uL/sec
	Dispensing 220.0 uL into A10 of NEST 96 Well Plate 100 µL PCR Full Skirt on Magnetic Module GEN2 on 6 at 94.0 uL/sec
Transferring 200.0 from A4 of reagent reservoir on 3 to A11 of NEST 96 Well Plate 100 µL PCR Full Skirt on Magnetic Module GEN2 on 6
	Aspirating 200.0 uL from A4 of reagent reservoir on 3 at 94.0 uL/sec
	Air gap
		Aspirating 20.0 uL from A4 of reagent reservoir on 3 at 94.0 uL/sec
	Dispensing 220.0 uL into A11 of NEST 96 Well Plate 100 µL PCR Full Skirt on Magnetic Module GEN2 on 6 at 94.0 uL/sec
Transferring 200.0 from A4 of reagent reservoir on 3 to A12 of NEST 96 Well Plate 100 µL PCR Full Skirt on Magnetic Module GEN2 on 6
	Aspirating 200.0 uL from A4 of reagent reservoir on 3 at 94.0 uL/sec
	Air gap
		Aspirating 20.0 uL from A4 of reagent reservoir on 3 at 94.0 uL/sec
	Dispensing 220.0 uL into A12 of NEST 96 Well Plate 100 µL PCR Full Skirt on Magnetic Module GEN2 on 6 at 94.0 uL/sec
Moving to A1 of NEST 96 Well Plate 100 µL PCR Full Skirt on Magnetic Module GEN2 on 6
Aspirating 247.50000000000003 uL from A1 of NEST 96 Well Plate 100 µL PCR Full Skirt on Magnetic Module GEN2 on 6 at 94.0 uL/sec
Air gap
	Aspirating 20.0 uL from A1 of NEST 96 Well Plate 100 µL PCR Full Skirt on Magnetic Module GEN2 on 6 at 94.0 uL/sec
Dispensing 277.5 uL into A1 of waste reservoir on 9 at 94.0 uL/sec
Air gap
	Aspirating 20.0 uL from A1 of waste reservoir on 9 at 94.0 uL/sec
Dropping tip into A1 of Opentrons Fixed Trash on 12
Picking up tip from A2 of Opentrons OT-2 96 Tip Rack 300 µL on 11
Moving to A2 of NEST 96 Well Plate 100 µL PCR Full Skirt on Magnetic Module GEN2 on 6
Aspirating 247.50000000000003 uL from A2 of NEST 96 Well Plate 100 µL PCR Full Skirt on Magnetic Module GEN2 on 6 at 94.0 uL/sec
Air gap
	Aspirating 20.0 uL from A2 of NEST 96 Well Plate 100 µL PCR Full Skirt on Magnetic Module GEN2 on 6 at 94.0 uL/sec
Dispensing 277.5 uL into A1 of waste reservoir on 9 at 94.0 uL/sec
Air gap
	Aspirating 20.0 uL from A1 of waste reservoir on 9 at 94.0 uL/sec
Dropping tip into A1 of Opentrons Fixed Trash on 12
Picking up tip from A3 of Opentrons OT-2 96 Tip Rack 300 µL on 11
Moving to A3 of NEST 96 Well Plate 100 µL PCR Full Skirt on Magnetic Module GEN2 on 6
Aspirating 247.50000000000003 uL from A3 of NEST 96 Well Plate 100 µL PCR Full Skirt on Magnetic Module GEN2 on 6 at 94.0 uL/sec
Air gap
	Aspirating 20.0 uL from A3 of NEST 96 Well Plate 100 µL PCR Full Skirt on Magnetic Module GEN2 on 6 at 94.0 uL/sec
Dispensing 277.5 uL into A1 of waste reservoir on 9 at 94.0 uL/sec
Air gap
	Aspirating 20.0 uL from A1 of waste reservoir on 9 at 94.0 uL/sec
Dropping tip into A1 of Opentrons Fixed Trash on 12
Picking up tip from A4 of Opentrons OT-2 96 Tip Rack 300 µL on 11
Moving to A4 of NEST 96 Well Plate 100 µL PCR Full Skirt on Magnetic Module GEN2 on 6
Aspirating 247.50000000000003 uL from A4 of NEST 96 Well Plate 100 µL PCR Full Skirt on Magnetic Module GEN2 on 6 at 94.0 uL/sec
Air gap
	Aspirating 20.0 uL from A4 of NEST 96 Well Plate 100 µL PCR Full Skirt on Magnetic Module GEN2 on 6 at 94.0 uL/sec
Dispensing 277.5 uL into A1 of waste reservoir on 9 at 94.0 uL/sec
Air gap
	Aspirating 20.0 uL from A1 of waste reservoir on 9 at 94.0 uL/sec
Dropping tip into A1 of Opentrons Fixed Trash on 12
Picking up tip from A5 of Opentrons OT-2 96 Tip Rack 300 µL on 11
Moving to A5 of NEST 96 Well Plate 100 µL PCR Full Skirt on Magnetic Module GEN2 on 6
Aspirating 247.50000000000003 uL from A5 of NEST 96 Well Plate 100 µL PCR Full Skirt on Magnetic Module GEN2 on 6 at 94.0 uL/sec
Air gap
	Aspirating 20.0 uL from A5 of NEST 96 Well Plate 100 µL PCR Full Skirt on Magnetic Module GEN2 on 6 at 94.0 uL/sec
Dispensing 277.5 uL into A1 of waste reservoir on 9 at 94.0 uL/sec
Air gap
	Aspirating 20.0 uL from A1 of waste reservoir on 9 at 94.0 uL/sec
Dropping tip into A1 of Opentrons Fixed Trash on 12
Picking up tip from A6 of Opentrons OT-2 96 Tip Rack 300 µL on 11
Moving to A6 of NEST 96 Well Plate 100 µL PCR Full Skirt on Magnetic Module GEN2 on 6
Aspirating 247.50000000000003 uL from A6 of NEST 96 Well Plate 100 µL PCR Full Skirt on Magnetic Module GEN2 on 6 at 94.0 uL/sec
Air gap
	Aspirating 20.0 uL from A6 of NEST 96 Well Plate 100 µL PCR Full Skirt on Magnetic Module GEN2 on 6 at 94.0 uL/sec
Dispensing 277.5 uL into A1 of waste reservoir on 9 at 94.0 uL/sec
Air gap
	Aspirating 20.0 uL from A1 of waste reservoir on 9 at 94.0 uL/sec
Dropping tip into A1 of Opentrons Fixed Trash on 12
Picking up tip from A7 of Opentrons OT-2 96 Tip Rack 300 µL on 11
Moving to A7 of NEST 96 Well Plate 100 µL PCR Full Skirt on Magnetic Module GEN2 on 6
Aspirating 247.50000000000003 uL from A7 of NEST 96 Well Plate 100 µL PCR Full Skirt on Magnetic Module GEN2 on 6 at 94.0 uL/sec
Air gap
	Aspirating 20.0 uL from A7 of NEST 96 Well Plate 100 µL PCR Full Skirt on Magnetic Module GEN2 on 6 at 94.0 uL/sec
Dispensing 277.5 uL into A1 of waste reservoir on 9 at 94.0 uL/sec
Air gap
	Aspirating 20.0 uL from A1 of waste reservoir on 9 at 94.0 uL/sec
Dropping tip into A1 of Opentrons Fixed Trash on 12
Picking up tip from A8 of Opentrons OT-2 96 Tip Rack 300 µL on 11
Moving to A8 of NEST 96 Well Plate 100 µL PCR Full Skirt on Magnetic Module GEN2 on 6
Aspirating 247.50000000000003 uL from A8 of NEST 96 Well Plate 100 µL PCR Full Skirt on Magnetic Module GEN2 on 6 at 94.0 uL/sec
Air gap
	Aspirating 20.0 uL from A8 of NEST 96 Well Plate 100 µL PCR Full Skirt on Magnetic Module GEN2 on 6 at 94.0 uL/sec
Dispensing 277.5 uL into A1 of waste reservoir on 9 at 94.0 uL/sec
Air gap
	Aspirating 20.0 uL from A1 of waste reservoir on 9 at 94.0 uL/sec
Dropping tip into A1 of Opentrons Fixed Trash on 12
Picking up tip from A9 of Opentrons OT-2 96 Tip Rack 300 µL on 11
Moving to A9 of NEST 96 Well Plate 100 µL PCR Full Skirt on Magnetic Module GEN2 on 6
Aspirating 247.50000000000003 uL from A9 of NEST 96 Well Plate 100 µL PCR Full Skirt on Magnetic Module GEN2 on 6 at 94.0 uL/sec
Air gap
	Aspirating 20.0 uL from A9 of NEST 96 Well Plate 100 µL PCR Full Skirt on Magnetic Module GEN2 on 6 at 94.0 uL/sec
Dispensing 277.5 uL into A1 of waste reservoir on 9 at 94.0 uL/sec
Air gap
	Aspirating 20.0 uL from A1 of waste reservoir on 9 at 94.0 uL/sec
Dropping tip into A1 of Opentrons Fixed Trash on 12
Picking up tip from A10 of Opentrons OT-2 96 Tip Rack 300 µL on 11
Moving to A10 of NEST 96 Well Plate 100 µL PCR Full Skirt on Magnetic Module GEN2 on 6
Aspirating 247.50000000000003 uL from A10 of NEST 96 Well Plate 100 µL PCR Full Skirt on Magnetic Module GEN2 on 6 at 94.0 uL/sec
Air gap
	Aspirating 20.0 uL from A10 of NEST 96 Well Plate 100 µL PCR Full Skirt on Magnetic Module GEN2 on 6 at 94.0 uL/sec
Dispensing 277.5 uL into A1 of waste reservoir on 9 at 94.0 uL/sec
Air gap
	Aspirating 20.0 uL from A1 of waste reservoir on 9 at 94.0 uL/sec
Dropping tip into A1 of Opentrons Fixed Trash on 12
Picking up tip from A11 of Opentrons OT-2 96 Tip Rack 300 µL on 11
Moving to A11 of NEST 96 Well Plate 100 µL PCR Full Skirt on Magnetic Module GEN2 on 6
Aspirating 247.50000000000003 uL from A11 of NEST 96 Well Plate 100 µL PCR Full Skirt on Magnetic Module GEN2 on 6 at 94.0 uL/sec
Air gap
	Aspirating 20.0 uL from A11 of NEST 96 Well Plate 100 µL PCR Full Skirt on Magnetic Module GEN2 on 6 at 94.0 uL/sec
Dispensing 277.5 uL into A1 of waste reservoir on 9 at 94.0 uL/sec
Air gap
	Aspirating 20.0 uL from A1 of waste reservoir on 9 at 94.0 uL/sec
Dropping tip into A1 of Opentrons Fixed Trash on 12
Picking up tip from A12 of Opentrons OT-2 96 Tip Rack 300 µL on 11
Moving to A12 of NEST 96 Well Plate 100 µL PCR Full Skirt on Magnetic Module GEN2 on 6
Aspirating 247.50000000000003 uL from A12 of NEST 96 Well Plate 100 µL PCR Full Skirt on Magnetic Module GEN2 on 6 at 94.0 uL/sec
Air gap
	Aspirating 20.0 uL from A12 of NEST 96 Well Plate 100 µL PCR Full Skirt on Magnetic Module GEN2 on 6 at 94.0 uL/sec
Dispensing 277.5 uL into A1 of waste reservoir on 9 at 94.0 uL/sec
Air gap
	Aspirating 20.0 uL from A1 of waste reservoir on 9 at 94.0 uL/sec
Dropping tip into A1 of Opentrons Fixed Trash on 12
Disengaging Magnetic Module
Delaying for 3 minutes and 0.0 seconds. Airdrying beads for 3 minutes.
Picking up tip from A1 of Opentrons OT-2 96 Tip Rack 20 µL on 1
Aspirating 10.0 uL from A5 of reagent reservoir on 3 at 7.6 uL/sec
Moving to A1 of NEST 96 Well Plate 100 µL PCR Full Skirt on Magnetic Module GEN2 on 6
Dispensing 10.0 uL into A1 of NEST 96 Well Plate 100 µL PCR Full Skirt on Magnetic Module GEN2 on 6 at 7.6 uL/sec
Mixing 10 times with a volume of 9.0 ul
	Aspirating 9.0 uL from A1 of NEST 96 Well Plate 100 µL PCR Full Skirt on Magnetic Module GEN2 on 6 at 7.6 uL/sec
	Dispensing 9.0 uL into A1 of NEST 96 Well Plate 100 µL PCR Full Skirt on Magnetic Module GEN2 on 6 at 7.6 uL/sec
	Aspirating 9.0 uL from A1 of NEST 96 Well Plate 100 µL PCR Full Skirt on Magnetic Module GEN2 on 6 at 7.6 uL/sec
	Dispensing 9.0 uL into A1 of NEST 96 Well Plate 100 µL PCR Full Skirt on Magnetic Module GEN2 on 6 at 7.6 uL/sec
	Aspirating 9.0 uL from A1 of NEST 96 Well Plate 100 µL PCR Full Skirt on Magnetic Module GEN2 on 6 at 7.6 uL/sec
	Dispensing 9.0 uL into A1 of NEST 96 Well Plate 100 µL PCR Full Skirt on Magnetic Module GEN2 on 6 at 7.6 uL/sec
	Aspirating 9.0 uL from A1 of NEST 96 Well Plate 100 µL PCR Full Skirt on Magnetic Module GEN2 on 6 at 7.6 uL/sec
	Dispensing 9.0 uL into A1 of NEST 96 Well Plate 100 µL PCR Full Skirt on Magnetic Module GEN2 on 6 at 7.6 uL/sec
	Aspirating 9.0 uL from A1 of NEST 96 Well Plate 100 µL PCR Full Skirt on Magnetic Module GEN2 on 6 at 7.6 uL/sec
	Dispensing 9.0 uL into A1 of NEST 96 Well Plate 100 µL PCR Full Skirt on Magnetic Module GEN2 on 6 at 7.6 uL/sec
	Aspirating 9.0 uL from A1 of NEST 96 Well Plate 100 µL PCR Full Skirt on Magnetic Module GEN2 on 6 at 7.6 uL/sec
	Dispensing 9.0 uL into A1 of NEST 96 Well Plate 100 µL PCR Full Skirt on Magnetic Module GEN2 on 6 at 7.6 uL/sec
	Aspirating 9.0 uL from A1 of NEST 96 Well Plate 100 µL PCR Full Skirt on Magnetic Module GEN2 on 6 at 7.6 uL/sec
	Dispensing 9.0 uL into A1 of NEST 96 Well Plate 100 µL PCR Full Skirt on Magnetic Module GEN2 on 6 at 7.6 uL/sec
	Aspirating 9.0 uL from A1 of NEST 96 Well Plate 100 µL PCR Full Skirt on Magnetic Module GEN2 on 6 at 7.6 uL/sec
	Dispensing 9.0 uL into A1 of NEST 96 Well Plate 100 µL PCR Full Skirt on Magnetic Module GEN2 on 6 at 7.6 uL/sec
	Aspirating 9.0 uL from A1 of NEST 96 Well Plate 100 µL PCR Full Skirt on Magnetic Module GEN2 on 6 at 7.6 uL/sec
	Dispensing 9.0 uL into A1 of NEST 96 Well Plate 100 µL PCR Full Skirt on Magnetic Module GEN2 on 6 at 7.6 uL/sec
	Aspirating 9.0 uL from A1 of NEST 96 Well Plate 100 µL PCR Full Skirt on Magnetic Module GEN2 on 6 at 7.6 uL/sec
	Dispensing 9.0 uL into A1 of NEST 96 Well Plate 100 µL PCR Full Skirt on Magnetic Module GEN2 on 6 at 7.6 uL/sec
Blowing out at A1 of NEST 96 Well Plate 100 µL PCR Full Skirt on Magnetic Module GEN2 on 6
Air gap
	Aspirating 5.0 uL from A1 of NEST 96 Well Plate 100 µL PCR Full Skirt on Magnetic Module GEN2 on 6 at 7.6 uL/sec
Dropping tip into A1 of Opentrons Fixed Trash on 12
Picking up tip from A2 of Opentrons OT-2 96 Tip Rack 20 µL on 1
Aspirating 10.0 uL from A5 of reagent reservoir on 3 at 7.6 uL/sec
Moving to A2 of NEST 96 Well Plate 100 µL PCR Full Skirt on Magnetic Module GEN2 on 6
Dispensing 10.0 uL into A2 of NEST 96 Well Plate 100 µL PCR Full Skirt on Magnetic Module GEN2 on 6 at 7.6 uL/sec
Mixing 10 times with a volume of 9.0 ul
	Aspirating 9.0 uL from A2 of NEST 96 Well Plate 100 µL PCR Full Skirt on Magnetic Module GEN2 on 6 at 7.6 uL/sec
	Dispensing 9.0 uL into A2 of NEST 96 Well Plate 100 µL PCR Full Skirt on Magnetic Module GEN2 on 6 at 7.6 uL/sec
	Aspirating 9.0 uL from A2 of NEST 96 Well Plate 100 µL PCR Full Skirt on Magnetic Module GEN2 on 6 at 7.6 uL/sec
	Dispensing 9.0 uL into A2 of NEST 96 Well Plate 100 µL PCR Full Skirt on Magnetic Module GEN2 on 6 at 7.6 uL/sec
	Aspirating 9.0 uL from A2 of NEST 96 Well Plate 100 µL PCR Full Skirt on Magnetic Module GEN2 on 6 at 7.6 uL/sec
	Dispensing 9.0 uL into A2 of NEST 96 Well Plate 100 µL PCR Full Skirt on Magnetic Module GEN2 on 6 at 7.6 uL/sec
	Aspirating 9.0 uL from A2 of NEST 96 Well Plate 100 µL PCR Full Skirt on Magnetic Module GEN2 on 6 at 7.6 uL/sec
	Dispensing 9.0 uL into A2 of NEST 96 Well Plate 100 µL PCR Full Skirt on Magnetic Module GEN2 on 6 at 7.6 uL/sec
	Aspirating 9.0 uL from A2 of NEST 96 Well Plate 100 µL PCR Full Skirt on Magnetic Module GEN2 on 6 at 7.6 uL/sec
	Dispensing 9.0 uL into A2 of NEST 96 Well Plate 100 µL PCR Full Skirt on Magnetic Module GEN2 on 6 at 7.6 uL/sec
	Aspirating 9.0 uL from A2 of NEST 96 Well Plate 100 µL PCR Full Skirt on Magnetic Module GEN2 on 6 at 7.6 uL/sec
	Dispensing 9.0 uL into A2 of NEST 96 Well Plate 100 µL PCR Full Skirt on Magnetic Module GEN2 on 6 at 7.6 uL/sec
	Aspirating 9.0 uL from A2 of NEST 96 Well Plate 100 µL PCR Full Skirt on Magnetic Module GEN2 on 6 at 7.6 uL/sec
	Dispensing 9.0 uL into A2 of NEST 96 Well Plate 100 µL PCR Full Skirt on Magnetic Module GEN2 on 6 at 7.6 uL/sec
	Aspirating 9.0 uL from A2 of NEST 96 Well Plate 100 µL PCR Full Skirt on Magnetic Module GEN2 on 6 at 7.6 uL/sec
	Dispensing 9.0 uL into A2 of NEST 96 Well Plate 100 µL PCR Full Skirt on Magnetic Module GEN2 on 6 at 7.6 uL/sec
	Aspirating 9.0 uL from A2 of NEST 96 Well Plate 100 µL PCR Full Skirt on Magnetic Module GEN2 on 6 at 7.6 uL/sec
	Dispensing 9.0 uL into A2 of NEST 96 Well Plate 100 µL PCR Full Skirt on Magnetic Module GEN2 on 6 at 7.6 uL/sec
	Aspirating 9.0 uL from A2 of NEST 96 Well Plate 100 µL PCR Full Skirt on Magnetic Module GEN2 on 6 at 7.6 uL/sec
	Dispensing 9.0 uL into A2 of NEST 96 Well Plate 100 µL PCR Full Skirt on Magnetic Module GEN2 on 6 at 7.6 uL/sec
Blowing out at A2 of NEST 96 Well Plate 100 µL PCR Full Skirt on Magnetic Module GEN2 on 6
Air gap
	Aspirating 5.0 uL from A2 of NEST 96 Well Plate 100 µL PCR Full Skirt on Magnetic Module GEN2 on 6 at 7.6 uL/sec
Dropping tip into A1 of Opentrons Fixed Trash on 12
Picking up tip from A3 of Opentrons OT-2 96 Tip Rack 20 µL on 1
Aspirating 10.0 uL from A5 of reagent reservoir on 3 at 7.6 uL/sec
Moving to A3 of NEST 96 Well Plate 100 µL PCR Full Skirt on Magnetic Module GEN2 on 6
Dispensing 10.0 uL into A3 of NEST 96 Well Plate 100 µL PCR Full Skirt on Magnetic Module GEN2 on 6 at 7.6 uL/sec
Mixing 10 times with a volume of 9.0 ul
	Aspirating 9.0 uL from A3 of NEST 96 Well Plate 100 µL PCR Full Skirt on Magnetic Module GEN2 on 6 at 7.6 uL/sec
	Dispensing 9.0 uL into A3 of NEST 96 Well Plate 100 µL PCR Full Skirt on Magnetic Module GEN2 on 6 at 7.6 uL/sec
	Aspirating 9.0 uL from A3 of NEST 96 Well Plate 100 µL PCR Full Skirt on Magnetic Module GEN2 on 6 at 7.6 uL/sec
	Dispensing 9.0 uL into A3 of NEST 96 Well Plate 100 µL PCR Full Skirt on Magnetic Module GEN2 on 6 at 7.6 uL/sec
	Aspirating 9.0 uL from A3 of NEST 96 Well Plate 100 µL PCR Full Skirt on Magnetic Module GEN2 on 6 at 7.6 uL/sec
	Dispensing 9.0 uL into A3 of NEST 96 Well Plate 100 µL PCR Full Skirt on Magnetic Module GEN2 on 6 at 7.6 uL/sec
	Aspirating 9.0 uL from A3 of NEST 96 Well Plate 100 µL PCR Full Skirt on Magnetic Module GEN2 on 6 at 7.6 uL/sec
	Dispensing 9.0 uL into A3 of NEST 96 Well Plate 100 µL PCR Full Skirt on Magnetic Module GEN2 on 6 at 7.6 uL/sec
	Aspirating 9.0 uL from A3 of NEST 96 Well Plate 100 µL PCR Full Skirt on Magnetic Module GEN2 on 6 at 7.6 uL/sec
	Dispensing 9.0 uL into A3 of NEST 96 Well Plate 100 µL PCR Full Skirt on Magnetic Module GEN2 on 6 at 7.6 uL/sec
	Aspirating 9.0 uL from A3 of NEST 96 Well Plate 100 µL PCR Full Skirt on Magnetic Module GEN2 on 6 at 7.6 uL/sec
	Dispensing 9.0 uL into A3 of NEST 96 Well Plate 100 µL PCR Full Skirt on Magnetic Module GEN2 on 6 at 7.6 uL/sec
	Aspirating 9.0 uL from A3 of NEST 96 Well Plate 100 µL PCR Full Skirt on Magnetic Module GEN2 on 6 at 7.6 uL/sec
	Dispensing 9.0 uL into A3 of NEST 96 Well Plate 100 µL PCR Full Skirt on Magnetic Module GEN2 on 6 at 7.6 uL/sec
	Aspirating 9.0 uL from A3 of NEST 96 Well Plate 100 µL PCR Full Skirt on Magnetic Module GEN2 on 6 at 7.6 uL/sec
	Dispensing 9.0 uL into A3 of NEST 96 Well Plate 100 µL PCR Full Skirt on Magnetic Module GEN2 on 6 at 7.6 uL/sec
	Aspirating 9.0 uL from A3 of NEST 96 Well Plate 100 µL PCR Full Skirt on Magnetic Module GEN2 on 6 at 7.6 uL/sec
	Dispensing 9.0 uL into A3 of NEST 96 Well Plate 100 µL PCR Full Skirt on Magnetic Module GEN2 on 6 at 7.6 uL/sec
	Aspirating 9.0 uL from A3 of NEST 96 Well Plate 100 µL PCR Full Skirt on Magnetic Module GEN2 on 6 at 7.6 uL/sec
	Dispensing 9.0 uL into A3 of NEST 96 Well Plate 100 µL PCR Full Skirt on Magnetic Module GEN2 on 6 at 7.6 uL/sec
Blowing out at A3 of NEST 96 Well Plate 100 µL PCR Full Skirt on Magnetic Module GEN2 on 6
Air gap
	Aspirating 5.0 uL from A3 of NEST 96 Well Plate 100 µL PCR Full Skirt on Magnetic Module GEN2 on 6 at 7.6 uL/sec
Dropping tip into A1 of Opentrons Fixed Trash on 12
Picking up tip from A4 of Opentrons OT-2 96 Tip Rack 20 µL on 1
Aspirating 10.0 uL from A5 of reagent reservoir on 3 at 7.6 uL/sec
Moving to A4 of NEST 96 Well Plate 100 µL PCR Full Skirt on Magnetic Module GEN2 on 6
Dispensing 10.0 uL into A4 of NEST 96 Well Plate 100 µL PCR Full Skirt on Magnetic Module GEN2 on 6 at 7.6 uL/sec
Mixing 10 times with a volume of 9.0 ul
	Aspirating 9.0 uL from A4 of NEST 96 Well Plate 100 µL PCR Full Skirt on Magnetic Module GEN2 on 6 at 7.6 uL/sec
	Dispensing 9.0 uL into A4 of NEST 96 Well Plate 100 µL PCR Full Skirt on Magnetic Module GEN2 on 6 at 7.6 uL/sec
	Aspirating 9.0 uL from A4 of NEST 96 Well Plate 100 µL PCR Full Skirt on Magnetic Module GEN2 on 6 at 7.6 uL/sec
	Dispensing 9.0 uL into A4 of NEST 96 Well Plate 100 µL PCR Full Skirt on Magnetic Module GEN2 on 6 at 7.6 uL/sec
	Aspirating 9.0 uL from A4 of NEST 96 Well Plate 100 µL PCR Full Skirt on Magnetic Module GEN2 on 6 at 7.6 uL/sec
	Dispensing 9.0 uL into A4 of NEST 96 Well Plate 100 µL PCR Full Skirt on Magnetic Module GEN2 on 6 at 7.6 uL/sec
	Aspirating 9.0 uL from A4 of NEST 96 Well Plate 100 µL PCR Full Skirt on Magnetic Module GEN2 on 6 at 7.6 uL/sec
	Dispensing 9.0 uL into A4 of NEST 96 Well Plate 100 µL PCR Full Skirt on Magnetic Module GEN2 on 6 at 7.6 uL/sec
	Aspirating 9.0 uL from A4 of NEST 96 Well Plate 100 µL PCR Full Skirt on Magnetic Module GEN2 on 6 at 7.6 uL/sec
	Dispensing 9.0 uL into A4 of NEST 96 Well Plate 100 µL PCR Full Skirt on Magnetic Module GEN2 on 6 at 7.6 uL/sec
	Aspirating 9.0 uL from A4 of NEST 96 Well Plate 100 µL PCR Full Skirt on Magnetic Module GEN2 on 6 at 7.6 uL/sec
	Dispensing 9.0 uL into A4 of NEST 96 Well Plate 100 µL PCR Full Skirt on Magnetic Module GEN2 on 6 at 7.6 uL/sec
	Aspirating 9.0 uL from A4 of NEST 96 Well Plate 100 µL PCR Full Skirt on Magnetic Module GEN2 on 6 at 7.6 uL/sec
	Dispensing 9.0 uL into A4 of NEST 96 Well Plate 100 µL PCR Full Skirt on Magnetic Module GEN2 on 6 at 7.6 uL/sec
	Aspirating 9.0 uL from A4 of NEST 96 Well Plate 100 µL PCR Full Skirt on Magnetic Module GEN2 on 6 at 7.6 uL/sec
	Dispensing 9.0 uL into A4 of NEST 96 Well Plate 100 µL PCR Full Skirt on Magnetic Module GEN2 on 6 at 7.6 uL/sec
	Aspirating 9.0 uL from A4 of NEST 96 Well Plate 100 µL PCR Full Skirt on Magnetic Module GEN2 on 6 at 7.6 uL/sec
	Dispensing 9.0 uL into A4 of NEST 96 Well Plate 100 µL PCR Full Skirt on Magnetic Module GEN2 on 6 at 7.6 uL/sec
	Aspirating 9.0 uL from A4 of NEST 96 Well Plate 100 µL PCR Full Skirt on Magnetic Module GEN2 on 6 at 7.6 uL/sec
	Dispensing 9.0 uL into A4 of NEST 96 Well Plate 100 µL PCR Full Skirt on Magnetic Module GEN2 on 6 at 7.6 uL/sec
Blowing out at A4 of NEST 96 Well Plate 100 µL PCR Full Skirt on Magnetic Module GEN2 on 6
Air gap
	Aspirating 5.0 uL from A4 of NEST 96 Well Plate 100 µL PCR Full Skirt on Magnetic Module GEN2 on 6 at 7.6 uL/sec
Dropping tip into A1 of Opentrons Fixed Trash on 12
Picking up tip from A5 of Opentrons OT-2 96 Tip Rack 20 µL on 1
Aspirating 10.0 uL from A5 of reagent reservoir on 3 at 7.6 uL/sec
Moving to A5 of NEST 96 Well Plate 100 µL PCR Full Skirt on Magnetic Module GEN2 on 6
Dispensing 10.0 uL into A5 of NEST 96 Well Plate 100 µL PCR Full Skirt on Magnetic Module GEN2 on 6 at 7.6 uL/sec
Mixing 10 times with a volume of 9.0 ul
	Aspirating 9.0 uL from A5 of NEST 96 Well Plate 100 µL PCR Full Skirt on Magnetic Module GEN2 on 6 at 7.6 uL/sec
	Dispensing 9.0 uL into A5 of NEST 96 Well Plate 100 µL PCR Full Skirt on Magnetic Module GEN2 on 6 at 7.6 uL/sec
	Aspirating 9.0 uL from A5 of NEST 96 Well Plate 100 µL PCR Full Skirt on Magnetic Module GEN2 on 6 at 7.6 uL/sec
	Dispensing 9.0 uL into A5 of NEST 96 Well Plate 100 µL PCR Full Skirt on Magnetic Module GEN2 on 6 at 7.6 uL/sec
	Aspirating 9.0 uL from A5 of NEST 96 Well Plate 100 µL PCR Full Skirt on Magnetic Module GEN2 on 6 at 7.6 uL/sec
	Dispensing 9.0 uL into A5 of NEST 96 Well Plate 100 µL PCR Full Skirt on Magnetic Module GEN2 on 6 at 7.6 uL/sec
	Aspirating 9.0 uL from A5 of NEST 96 Well Plate 100 µL PCR Full Skirt on Magnetic Module GEN2 on 6 at 7.6 uL/sec
	Dispensing 9.0 uL into A5 of NEST 96 Well Plate 100 µL PCR Full Skirt on Magnetic Module GEN2 on 6 at 7.6 uL/sec
	Aspirating 9.0 uL from A5 of NEST 96 Well Plate 100 µL PCR Full Skirt on Magnetic Module GEN2 on 6 at 7.6 uL/sec
	Dispensing 9.0 uL into A5 of NEST 96 Well Plate 100 µL PCR Full Skirt on Magnetic Module GEN2 on 6 at 7.6 uL/sec
	Aspirating 9.0 uL from A5 of NEST 96 Well Plate 100 µL PCR Full Skirt on Magnetic Module GEN2 on 6 at 7.6 uL/sec
	Dispensing 9.0 uL into A5 of NEST 96 Well Plate 100 µL PCR Full Skirt on Magnetic Module GEN2 on 6 at 7.6 uL/sec
	Aspirating 9.0 uL from A5 of NEST 96 Well Plate 100 µL PCR Full Skirt on Magnetic Module GEN2 on 6 at 7.6 uL/sec
	Dispensing 9.0 uL into A5 of NEST 96 Well Plate 100 µL PCR Full Skirt on Magnetic Module GEN2 on 6 at 7.6 uL/sec
	Aspirating 9.0 uL from A5 of NEST 96 Well Plate 100 µL PCR Full Skirt on Magnetic Module GEN2 on 6 at 7.6 uL/sec
	Dispensing 9.0 uL into A5 of NEST 96 Well Plate 100 µL PCR Full Skirt on Magnetic Module GEN2 on 6 at 7.6 uL/sec
	Aspirating 9.0 uL from A5 of NEST 96 Well Plate 100 µL PCR Full Skirt on Magnetic Module GEN2 on 6 at 7.6 uL/sec
	Dispensing 9.0 uL into A5 of NEST 96 Well Plate 100 µL PCR Full Skirt on Magnetic Module GEN2 on 6 at 7.6 uL/sec
	Aspirating 9.0 uL from A5 of NEST 96 Well Plate 100 µL PCR Full Skirt on Magnetic Module GEN2 on 6 at 7.6 uL/sec
	Dispensing 9.0 uL into A5 of NEST 96 Well Plate 100 µL PCR Full Skirt on Magnetic Module GEN2 on 6 at 7.6 uL/sec
Blowing out at A5 of NEST 96 Well Plate 100 µL PCR Full Skirt on Magnetic Module GEN2 on 6
Air gap
	Aspirating 5.0 uL from A5 of NEST 96 Well Plate 100 µL PCR Full Skirt on Magnetic Module GEN2 on 6 at 7.6 uL/sec
Dropping tip into A1 of Opentrons Fixed Trash on 12
Picking up tip from A6 of Opentrons OT-2 96 Tip Rack 20 µL on 1
Aspirating 10.0 uL from A5 of reagent reservoir on 3 at 7.6 uL/sec
Moving to A6 of NEST 96 Well Plate 100 µL PCR Full Skirt on Magnetic Module GEN2 on 6
Dispensing 10.0 uL into A6 of NEST 96 Well Plate 100 µL PCR Full Skirt on Magnetic Module GEN2 on 6 at 7.6 uL/sec
Mixing 10 times with a volume of 9.0 ul
	Aspirating 9.0 uL from A6 of NEST 96 Well Plate 100 µL PCR Full Skirt on Magnetic Module GEN2 on 6 at 7.6 uL/sec
	Dispensing 9.0 uL into A6 of NEST 96 Well Plate 100 µL PCR Full Skirt on Magnetic Module GEN2 on 6 at 7.6 uL/sec
	Aspirating 9.0 uL from A6 of NEST 96 Well Plate 100 µL PCR Full Skirt on Magnetic Module GEN2 on 6 at 7.6 uL/sec
	Dispensing 9.0 uL into A6 of NEST 96 Well Plate 100 µL PCR Full Skirt on Magnetic Module GEN2 on 6 at 7.6 uL/sec
	Aspirating 9.0 uL from A6 of NEST 96 Well Plate 100 µL PCR Full Skirt on Magnetic Module GEN2 on 6 at 7.6 uL/sec
	Dispensing 9.0 uL into A6 of NEST 96 Well Plate 100 µL PCR Full Skirt on Magnetic Module GEN2 on 6 at 7.6 uL/sec
	Aspirating 9.0 uL from A6 of NEST 96 Well Plate 100 µL PCR Full Skirt on Magnetic Module GEN2 on 6 at 7.6 uL/sec
	Dispensing 9.0 uL into A6 of NEST 96 Well Plate 100 µL PCR Full Skirt on Magnetic Module GEN2 on 6 at 7.6 uL/sec
	Aspirating 9.0 uL from A6 of NEST 96 Well Plate 100 µL PCR Full Skirt on Magnetic Module GEN2 on 6 at 7.6 uL/sec
	Dispensing 9.0 uL into A6 of NEST 96 Well Plate 100 µL PCR Full Skirt on Magnetic Module GEN2 on 6 at 7.6 uL/sec
	Aspirating 9.0 uL from A6 of NEST 96 Well Plate 100 µL PCR Full Skirt on Magnetic Module GEN2 on 6 at 7.6 uL/sec
	Dispensing 9.0 uL into A6 of NEST 96 Well Plate 100 µL PCR Full Skirt on Magnetic Module GEN2 on 6 at 7.6 uL/sec
	Aspirating 9.0 uL from A6 of NEST 96 Well Plate 100 µL PCR Full Skirt on Magnetic Module GEN2 on 6 at 7.6 uL/sec
	Dispensing 9.0 uL into A6 of NEST 96 Well Plate 100 µL PCR Full Skirt on Magnetic Module GEN2 on 6 at 7.6 uL/sec
	Aspirating 9.0 uL from A6 of NEST 96 Well Plate 100 µL PCR Full Skirt on Magnetic Module GEN2 on 6 at 7.6 uL/sec
	Dispensing 9.0 uL into A6 of NEST 96 Well Plate 100 µL PCR Full Skirt on Magnetic Module GEN2 on 6 at 7.6 uL/sec
	Aspirating 9.0 uL from A6 of NEST 96 Well Plate 100 µL PCR Full Skirt on Magnetic Module GEN2 on 6 at 7.6 uL/sec
	Dispensing 9.0 uL into A6 of NEST 96 Well Plate 100 µL PCR Full Skirt on Magnetic Module GEN2 on 6 at 7.6 uL/sec
	Aspirating 9.0 uL from A6 of NEST 96 Well Plate 100 µL PCR Full Skirt on Magnetic Module GEN2 on 6 at 7.6 uL/sec
	Dispensing 9.0 uL into A6 of NEST 96 Well Plate 100 µL PCR Full Skirt on Magnetic Module GEN2 on 6 at 7.6 uL/sec
Blowing out at A6 of NEST 96 Well Plate 100 µL PCR Full Skirt on Magnetic Module GEN2 on 6
Air gap
	Aspirating 5.0 uL from A6 of NEST 96 Well Plate 100 µL PCR Full Skirt on Magnetic Module GEN2 on 6 at 7.6 uL/sec
Dropping tip into A1 of Opentrons Fixed Trash on 12
Picking up tip from A7 of Opentrons OT-2 96 Tip Rack 20 µL on 1
Aspirating 10.0 uL from A5 of reagent reservoir on 3 at 7.6 uL/sec
Moving to A7 of NEST 96 Well Plate 100 µL PCR Full Skirt on Magnetic Module GEN2 on 6
Dispensing 10.0 uL into A7 of NEST 96 Well Plate 100 µL PCR Full Skirt on Magnetic Module GEN2 on 6 at 7.6 uL/sec
Mixing 10 times with a volume of 9.0 ul
	Aspirating 9.0 uL from A7 of NEST 96 Well Plate 100 µL PCR Full Skirt on Magnetic Module GEN2 on 6 at 7.6 uL/sec
	Dispensing 9.0 uL into A7 of NEST 96 Well Plate 100 µL PCR Full Skirt on Magnetic Module GEN2 on 6 at 7.6 uL/sec
	Aspirating 9.0 uL from A7 of NEST 96 Well Plate 100 µL PCR Full Skirt on Magnetic Module GEN2 on 6 at 7.6 uL/sec
	Dispensing 9.0 uL into A7 of NEST 96 Well Plate 100 µL PCR Full Skirt on Magnetic Module GEN2 on 6 at 7.6 uL/sec
	Aspirating 9.0 uL from A7 of NEST 96 Well Plate 100 µL PCR Full Skirt on Magnetic Module GEN2 on 6 at 7.6 uL/sec
	Dispensing 9.0 uL into A7 of NEST 96 Well Plate 100 µL PCR Full Skirt on Magnetic Module GEN2 on 6 at 7.6 uL/sec
	Aspirating 9.0 uL from A7 of NEST 96 Well Plate 100 µL PCR Full Skirt on Magnetic Module GEN2 on 6 at 7.6 uL/sec
	Dispensing 9.0 uL into A7 of NEST 96 Well Plate 100 µL PCR Full Skirt on Magnetic Module GEN2 on 6 at 7.6 uL/sec
	Aspirating 9.0 uL from A7 of NEST 96 Well Plate 100 µL PCR Full Skirt on Magnetic Module GEN2 on 6 at 7.6 uL/sec
	Dispensing 9.0 uL into A7 of NEST 96 Well Plate 100 µL PCR Full Skirt on Magnetic Module GEN2 on 6 at 7.6 uL/sec
	Aspirating 9.0 uL from A7 of NEST 96 Well Plate 100 µL PCR Full Skirt on Magnetic Module GEN2 on 6 at 7.6 uL/sec
	Dispensing 9.0 uL into A7 of NEST 96 Well Plate 100 µL PCR Full Skirt on Magnetic Module GEN2 on 6 at 7.6 uL/sec
	Aspirating 9.0 uL from A7 of NEST 96 Well Plate 100 µL PCR Full Skirt on Magnetic Module GEN2 on 6 at 7.6 uL/sec
	Dispensing 9.0 uL into A7 of NEST 96 Well Plate 100 µL PCR Full Skirt on Magnetic Module GEN2 on 6 at 7.6 uL/sec
	Aspirating 9.0 uL from A7 of NEST 96 Well Plate 100 µL PCR Full Skirt on Magnetic Module GEN2 on 6 at 7.6 uL/sec
	Dispensing 9.0 uL into A7 of NEST 96 Well Plate 100 µL PCR Full Skirt on Magnetic Module GEN2 on 6 at 7.6 uL/sec
	Aspirating 9.0 uL from A7 of NEST 96 Well Plate 100 µL PCR Full Skirt on Magnetic Module GEN2 on 6 at 7.6 uL/sec
	Dispensing 9.0 uL into A7 of NEST 96 Well Plate 100 µL PCR Full Skirt on Magnetic Module GEN2 on 6 at 7.6 uL/sec
	Aspirating 9.0 uL from A7 of NEST 96 Well Plate 100 µL PCR Full Skirt on Magnetic Module GEN2 on 6 at 7.6 uL/sec
	Dispensing 9.0 uL into A7 of NEST 96 Well Plate 100 µL PCR Full Skirt on Magnetic Module GEN2 on 6 at 7.6 uL/sec
Blowing out at A7 of NEST 96 Well Plate 100 µL PCR Full Skirt on Magnetic Module GEN2 on 6
Air gap
	Aspirating 5.0 uL from A7 of NEST 96 Well Plate 100 µL PCR Full Skirt on Magnetic Module GEN2 on 6 at 7.6 uL/sec
Dropping tip into A1 of Opentrons Fixed Trash on 12
Picking up tip from A8 of Opentrons OT-2 96 Tip Rack 20 µL on 1
Aspirating 10.0 uL from A5 of reagent reservoir on 3 at 7.6 uL/sec
Moving to A8 of NEST 96 Well Plate 100 µL PCR Full Skirt on Magnetic Module GEN2 on 6
Dispensing 10.0 uL into A8 of NEST 96 Well Plate 100 µL PCR Full Skirt on Magnetic Module GEN2 on 6 at 7.6 uL/sec
Mixing 10 times with a volume of 9.0 ul
	Aspirating 9.0 uL from A8 of NEST 96 Well Plate 100 µL PCR Full Skirt on Magnetic Module GEN2 on 6 at 7.6 uL/sec
	Dispensing 9.0 uL into A8 of NEST 96 Well Plate 100 µL PCR Full Skirt on Magnetic Module GEN2 on 6 at 7.6 uL/sec
	Aspirating 9.0 uL from A8 of NEST 96 Well Plate 100 µL PCR Full Skirt on Magnetic Module GEN2 on 6 at 7.6 uL/sec
	Dispensing 9.0 uL into A8 of NEST 96 Well Plate 100 µL PCR Full Skirt on Magnetic Module GEN2 on 6 at 7.6 uL/sec
	Aspirating 9.0 uL from A8 of NEST 96 Well Plate 100 µL PCR Full Skirt on Magnetic Module GEN2 on 6 at 7.6 uL/sec
	Dispensing 9.0 uL into A8 of NEST 96 Well Plate 100 µL PCR Full Skirt on Magnetic Module GEN2 on 6 at 7.6 uL/sec
	Aspirating 9.0 uL from A8 of NEST 96 Well Plate 100 µL PCR Full Skirt on Magnetic Module GEN2 on 6 at 7.6 uL/sec
	Dispensing 9.0 uL into A8 of NEST 96 Well Plate 100 µL PCR Full Skirt on Magnetic Module GEN2 on 6 at 7.6 uL/sec
	Aspirating 9.0 uL from A8 of NEST 96 Well Plate 100 µL PCR Full Skirt on Magnetic Module GEN2 on 6 at 7.6 uL/sec
	Dispensing 9.0 uL into A8 of NEST 96 Well Plate 100 µL PCR Full Skirt on Magnetic Module GEN2 on 6 at 7.6 uL/sec
	Aspirating 9.0 uL from A8 of NEST 96 Well Plate 100 µL PCR Full Skirt on Magnetic Module GEN2 on 6 at 7.6 uL/sec
	Dispensing 9.0 uL into A8 of NEST 96 Well Plate 100 µL PCR Full Skirt on Magnetic Module GEN2 on 6 at 7.6 uL/sec
	Aspirating 9.0 uL from A8 of NEST 96 Well Plate 100 µL PCR Full Skirt on Magnetic Module GEN2 on 6 at 7.6 uL/sec
	Dispensing 9.0 uL into A8 of NEST 96 Well Plate 100 µL PCR Full Skirt on Magnetic Module GEN2 on 6 at 7.6 uL/sec
	Aspirating 9.0 uL from A8 of NEST 96 Well Plate 100 µL PCR Full Skirt on Magnetic Module GEN2 on 6 at 7.6 uL/sec
	Dispensing 9.0 uL into A8 of NEST 96 Well Plate 100 µL PCR Full Skirt on Magnetic Module GEN2 on 6 at 7.6 uL/sec
	Aspirating 9.0 uL from A8 of NEST 96 Well Plate 100 µL PCR Full Skirt on Magnetic Module GEN2 on 6 at 7.6 uL/sec
	Dispensing 9.0 uL into A8 of NEST 96 Well Plate 100 µL PCR Full Skirt on Magnetic Module GEN2 on 6 at 7.6 uL/sec
	Aspirating 9.0 uL from A8 of NEST 96 Well Plate 100 µL PCR Full Skirt on Magnetic Module GEN2 on 6 at 7.6 uL/sec
	Dispensing 9.0 uL into A8 of NEST 96 Well Plate 100 µL PCR Full Skirt on Magnetic Module GEN2 on 6 at 7.6 uL/sec
Blowing out at A8 of NEST 96 Well Plate 100 µL PCR Full Skirt on Magnetic Module GEN2 on 6
Air gap
	Aspirating 5.0 uL from A8 of NEST 96 Well Plate 100 µL PCR Full Skirt on Magnetic Module GEN2 on 6 at 7.6 uL/sec
Dropping tip into A1 of Opentrons Fixed Trash on 12
Picking up tip from A9 of Opentrons OT-2 96 Tip Rack 20 µL on 1
Aspirating 10.0 uL from A5 of reagent reservoir on 3 at 7.6 uL/sec
Moving to A9 of NEST 96 Well Plate 100 µL PCR Full Skirt on Magnetic Module GEN2 on 6
Dispensing 10.0 uL into A9 of NEST 96 Well Plate 100 µL PCR Full Skirt on Magnetic Module GEN2 on 6 at 7.6 uL/sec
Mixing 10 times with a volume of 9.0 ul
	Aspirating 9.0 uL from A9 of NEST 96 Well Plate 100 µL PCR Full Skirt on Magnetic Module GEN2 on 6 at 7.6 uL/sec
	Dispensing 9.0 uL into A9 of NEST 96 Well Plate 100 µL PCR Full Skirt on Magnetic Module GEN2 on 6 at 7.6 uL/sec
	Aspirating 9.0 uL from A9 of NEST 96 Well Plate 100 µL PCR Full Skirt on Magnetic Module GEN2 on 6 at 7.6 uL/sec
	Dispensing 9.0 uL into A9 of NEST 96 Well Plate 100 µL PCR Full Skirt on Magnetic Module GEN2 on 6 at 7.6 uL/sec
	Aspirating 9.0 uL from A9 of NEST 96 Well Plate 100 µL PCR Full Skirt on Magnetic Module GEN2 on 6 at 7.6 uL/sec
	Dispensing 9.0 uL into A9 of NEST 96 Well Plate 100 µL PCR Full Skirt on Magnetic Module GEN2 on 6 at 7.6 uL/sec
	Aspirating 9.0 uL from A9 of NEST 96 Well Plate 100 µL PCR Full Skirt on Magnetic Module GEN2 on 6 at 7.6 uL/sec
	Dispensing 9.0 uL into A9 of NEST 96 Well Plate 100 µL PCR Full Skirt on Magnetic Module GEN2 on 6 at 7.6 uL/sec
	Aspirating 9.0 uL from A9 of NEST 96 Well Plate 100 µL PCR Full Skirt on Magnetic Module GEN2 on 6 at 7.6 uL/sec
	Dispensing 9.0 uL into A9 of NEST 96 Well Plate 100 µL PCR Full Skirt on Magnetic Module GEN2 on 6 at 7.6 uL/sec
	Aspirating 9.0 uL from A9 of NEST 96 Well Plate 100 µL PCR Full Skirt on Magnetic Module GEN2 on 6 at 7.6 uL/sec
	Dispensing 9.0 uL into A9 of NEST 96 Well Plate 100 µL PCR Full Skirt on Magnetic Module GEN2 on 6 at 7.6 uL/sec
	Aspirating 9.0 uL from A9 of NEST 96 Well Plate 100 µL PCR Full Skirt on Magnetic Module GEN2 on 6 at 7.6 uL/sec
	Dispensing 9.0 uL into A9 of NEST 96 Well Plate 100 µL PCR Full Skirt on Magnetic Module GEN2 on 6 at 7.6 uL/sec
	Aspirating 9.0 uL from A9 of NEST 96 Well Plate 100 µL PCR Full Skirt on Magnetic Module GEN2 on 6 at 7.6 uL/sec
	Dispensing 9.0 uL into A9 of NEST 96 Well Plate 100 µL PCR Full Skirt on Magnetic Module GEN2 on 6 at 7.6 uL/sec
	Aspirating 9.0 uL from A9 of NEST 96 Well Plate 100 µL PCR Full Skirt on Magnetic Module GEN2 on 6 at 7.6 uL/sec
	Dispensing 9.0 uL into A9 of NEST 96 Well Plate 100 µL PCR Full Skirt on Magnetic Module GEN2 on 6 at 7.6 uL/sec
	Aspirating 9.0 uL from A9 of NEST 96 Well Plate 100 µL PCR Full Skirt on Magnetic Module GEN2 on 6 at 7.6 uL/sec
	Dispensing 9.0 uL into A9 of NEST 96 Well Plate 100 µL PCR Full Skirt on Magnetic Module GEN2 on 6 at 7.6 uL/sec
Blowing out at A9 of NEST 96 Well Plate 100 µL PCR Full Skirt on Magnetic Module GEN2 on 6
Air gap
	Aspirating 5.0 uL from A9 of NEST 96 Well Plate 100 µL PCR Full Skirt on Magnetic Module GEN2 on 6 at 7.6 uL/sec
Dropping tip into A1 of Opentrons Fixed Trash on 12
Picking up tip from A10 of Opentrons OT-2 96 Tip Rack 20 µL on 1
Aspirating 10.0 uL from A5 of reagent reservoir on 3 at 7.6 uL/sec
Moving to A10 of NEST 96 Well Plate 100 µL PCR Full Skirt on Magnetic Module GEN2 on 6
Dispensing 10.0 uL into A10 of NEST 96 Well Plate 100 µL PCR Full Skirt on Magnetic Module GEN2 on 6 at 7.6 uL/sec
Mixing 10 times with a volume of 9.0 ul
	Aspirating 9.0 uL from A10 of NEST 96 Well Plate 100 µL PCR Full Skirt on Magnetic Module GEN2 on 6 at 7.6 uL/sec
	Dispensing 9.0 uL into A10 of NEST 96 Well Plate 100 µL PCR Full Skirt on Magnetic Module GEN2 on 6 at 7.6 uL/sec
	Aspirating 9.0 uL from A10 of NEST 96 Well Plate 100 µL PCR Full Skirt on Magnetic Module GEN2 on 6 at 7.6 uL/sec
	Dispensing 9.0 uL into A10 of NEST 96 Well Plate 100 µL PCR Full Skirt on Magnetic Module GEN2 on 6 at 7.6 uL/sec
	Aspirating 9.0 uL from A10 of NEST 96 Well Plate 100 µL PCR Full Skirt on Magnetic Module GEN2 on 6 at 7.6 uL/sec
	Dispensing 9.0 uL into A10 of NEST 96 Well Plate 100 µL PCR Full Skirt on Magnetic Module GEN2 on 6 at 7.6 uL/sec
	Aspirating 9.0 uL from A10 of NEST 96 Well Plate 100 µL PCR Full Skirt on Magnetic Module GEN2 on 6 at 7.6 uL/sec
	Dispensing 9.0 uL into A10 of NEST 96 Well Plate 100 µL PCR Full Skirt on Magnetic Module GEN2 on 6 at 7.6 uL/sec
	Aspirating 9.0 uL from A10 of NEST 96 Well Plate 100 µL PCR Full Skirt on Magnetic Module GEN2 on 6 at 7.6 uL/sec
	Dispensing 9.0 uL into A10 of NEST 96 Well Plate 100 µL PCR Full Skirt on Magnetic Module GEN2 on 6 at 7.6 uL/sec
	Aspirating 9.0 uL from A10 of NEST 96 Well Plate 100 µL PCR Full Skirt on Magnetic Module GEN2 on 6 at 7.6 uL/sec
	Dispensing 9.0 uL into A10 of NEST 96 Well Plate 100 µL PCR Full Skirt on Magnetic Module GEN2 on 6 at 7.6 uL/sec
	Aspirating 9.0 uL from A10 of NEST 96 Well Plate 100 µL PCR Full Skirt on Magnetic Module GEN2 on 6 at 7.6 uL/sec
	Dispensing 9.0 uL into A10 of NEST 96 Well Plate 100 µL PCR Full Skirt on Magnetic Module GEN2 on 6 at 7.6 uL/sec
	Aspirating 9.0 uL from A10 of NEST 96 Well Plate 100 µL PCR Full Skirt on Magnetic Module GEN2 on 6 at 7.6 uL/sec
	Dispensing 9.0 uL into A10 of NEST 96 Well Plate 100 µL PCR Full Skirt on Magnetic Module GEN2 on 6 at 7.6 uL/sec
	Aspirating 9.0 uL from A10 of NEST 96 Well Plate 100 µL PCR Full Skirt on Magnetic Module GEN2 on 6 at 7.6 uL/sec
	Dispensing 9.0 uL into A10 of NEST 96 Well Plate 100 µL PCR Full Skirt on Magnetic Module GEN2 on 6 at 7.6 uL/sec
	Aspirating 9.0 uL from A10 of NEST 96 Well Plate 100 µL PCR Full Skirt on Magnetic Module GEN2 on 6 at 7.6 uL/sec
	Dispensing 9.0 uL into A10 of NEST 96 Well Plate 100 µL PCR Full Skirt on Magnetic Module GEN2 on 6 at 7.6 uL/sec
Blowing out at A10 of NEST 96 Well Plate 100 µL PCR Full Skirt on Magnetic Module GEN2 on 6
Air gap
	Aspirating 5.0 uL from A10 of NEST 96 Well Plate 100 µL PCR Full Skirt on Magnetic Module GEN2 on 6 at 7.6 uL/sec
Dropping tip into A1 of Opentrons Fixed Trash on 12
Picking up tip from A11 of Opentrons OT-2 96 Tip Rack 20 µL on 1
Aspirating 10.0 uL from A5 of reagent reservoir on 3 at 7.6 uL/sec
Moving to A11 of NEST 96 Well Plate 100 µL PCR Full Skirt on Magnetic Module GEN2 on 6
Dispensing 10.0 uL into A11 of NEST 96 Well Plate 100 µL PCR Full Skirt on Magnetic Module GEN2 on 6 at 7.6 uL/sec
Mixing 10 times with a volume of 9.0 ul
	Aspirating 9.0 uL from A11 of NEST 96 Well Plate 100 µL PCR Full Skirt on Magnetic Module GEN2 on 6 at 7.6 uL/sec
	Dispensing 9.0 uL into A11 of NEST 96 Well Plate 100 µL PCR Full Skirt on Magnetic Module GEN2 on 6 at 7.6 uL/sec
	Aspirating 9.0 uL from A11 of NEST 96 Well Plate 100 µL PCR Full Skirt on Magnetic Module GEN2 on 6 at 7.6 uL/sec
	Dispensing 9.0 uL into A11 of NEST 96 Well Plate 100 µL PCR Full Skirt on Magnetic Module GEN2 on 6 at 7.6 uL/sec
	Aspirating 9.0 uL from A11 of NEST 96 Well Plate 100 µL PCR Full Skirt on Magnetic Module GEN2 on 6 at 7.6 uL/sec
	Dispensing 9.0 uL into A11 of NEST 96 Well Plate 100 µL PCR Full Skirt on Magnetic Module GEN2 on 6 at 7.6 uL/sec
	Aspirating 9.0 uL from A11 of NEST 96 Well Plate 100 µL PCR Full Skirt on Magnetic Module GEN2 on 6 at 7.6 uL/sec
	Dispensing 9.0 uL into A11 of NEST 96 Well Plate 100 µL PCR Full Skirt on Magnetic Module GEN2 on 6 at 7.6 uL/sec
	Aspirating 9.0 uL from A11 of NEST 96 Well Plate 100 µL PCR Full Skirt on Magnetic Module GEN2 on 6 at 7.6 uL/sec
	Dispensing 9.0 uL into A11 of NEST 96 Well Plate 100 µL PCR Full Skirt on Magnetic Module GEN2 on 6 at 7.6 uL/sec
	Aspirating 9.0 uL from A11 of NEST 96 Well Plate 100 µL PCR Full Skirt on Magnetic Module GEN2 on 6 at 7.6 uL/sec
	Dispensing 9.0 uL into A11 of NEST 96 Well Plate 100 µL PCR Full Skirt on Magnetic Module GEN2 on 6 at 7.6 uL/sec
	Aspirating 9.0 uL from A11 of NEST 96 Well Plate 100 µL PCR Full Skirt on Magnetic Module GEN2 on 6 at 7.6 uL/sec
	Dispensing 9.0 uL into A11 of NEST 96 Well Plate 100 µL PCR Full Skirt on Magnetic Module GEN2 on 6 at 7.6 uL/sec
	Aspirating 9.0 uL from A11 of NEST 96 Well Plate 100 µL PCR Full Skirt on Magnetic Module GEN2 on 6 at 7.6 uL/sec
	Dispensing 9.0 uL into A11 of NEST 96 Well Plate 100 µL PCR Full Skirt on Magnetic Module GEN2 on 6 at 7.6 uL/sec
	Aspirating 9.0 uL from A11 of NEST 96 Well Plate 100 µL PCR Full Skirt on Magnetic Module GEN2 on 6 at 7.6 uL/sec
	Dispensing 9.0 uL into A11 of NEST 96 Well Plate 100 µL PCR Full Skirt on Magnetic Module GEN2 on 6 at 7.6 uL/sec
	Aspirating 9.0 uL from A11 of NEST 96 Well Plate 100 µL PCR Full Skirt on Magnetic Module GEN2 on 6 at 7.6 uL/sec
	Dispensing 9.0 uL into A11 of NEST 96 Well Plate 100 µL PCR Full Skirt on Magnetic Module GEN2 on 6 at 7.6 uL/sec
Blowing out at A11 of NEST 96 Well Plate 100 µL PCR Full Skirt on Magnetic Module GEN2 on 6
Air gap
	Aspirating 5.0 uL from A11 of NEST 96 Well Plate 100 µL PCR Full Skirt on Magnetic Module GEN2 on 6 at 7.6 uL/sec
Dropping tip into A1 of Opentrons Fixed Trash on 12
Picking up tip from A12 of Opentrons OT-2 96 Tip Rack 20 µL on 1
Aspirating 10.0 uL from A5 of reagent reservoir on 3 at 7.6 uL/sec
Moving to A12 of NEST 96 Well Plate 100 µL PCR Full Skirt on Magnetic Module GEN2 on 6
Dispensing 10.0 uL into A12 of NEST 96 Well Plate 100 µL PCR Full Skirt on Magnetic Module GEN2 on 6 at 7.6 uL/sec
Mixing 10 times with a volume of 9.0 ul
	Aspirating 9.0 uL from A12 of NEST 96 Well Plate 100 µL PCR Full Skirt on Magnetic Module GEN2 on 6 at 7.6 uL/sec
	Dispensing 9.0 uL into A12 of NEST 96 Well Plate 100 µL PCR Full Skirt on Magnetic Module GEN2 on 6 at 7.6 uL/sec
	Aspirating 9.0 uL from A12 of NEST 96 Well Plate 100 µL PCR Full Skirt on Magnetic Module GEN2 on 6 at 7.6 uL/sec
	Dispensing 9.0 uL into A12 of NEST 96 Well Plate 100 µL PCR Full Skirt on Magnetic Module GEN2 on 6 at 7.6 uL/sec
	Aspirating 9.0 uL from A12 of NEST 96 Well Plate 100 µL PCR Full Skirt on Magnetic Module GEN2 on 6 at 7.6 uL/sec
	Dispensing 9.0 uL into A12 of NEST 96 Well Plate 100 µL PCR Full Skirt on Magnetic Module GEN2 on 6 at 7.6 uL/sec
	Aspirating 9.0 uL from A12 of NEST 96 Well Plate 100 µL PCR Full Skirt on Magnetic Module GEN2 on 6 at 7.6 uL/sec
	Dispensing 9.0 uL into A12 of NEST 96 Well Plate 100 µL PCR Full Skirt on Magnetic Module GEN2 on 6 at 7.6 uL/sec
	Aspirating 9.0 uL from A12 of NEST 96 Well Plate 100 µL PCR Full Skirt on Magnetic Module GEN2 on 6 at 7.6 uL/sec
	Dispensing 9.0 uL into A12 of NEST 96 Well Plate 100 µL PCR Full Skirt on Magnetic Module GEN2 on 6 at 7.6 uL/sec
	Aspirating 9.0 uL from A12 of NEST 96 Well Plate 100 µL PCR Full Skirt on Magnetic Module GEN2 on 6 at 7.6 uL/sec
	Dispensing 9.0 uL into A12 of NEST 96 Well Plate 100 µL PCR Full Skirt on Magnetic Module GEN2 on 6 at 7.6 uL/sec
	Aspirating 9.0 uL from A12 of NEST 96 Well Plate 100 µL PCR Full Skirt on Magnetic Module GEN2 on 6 at 7.6 uL/sec
	Dispensing 9.0 uL into A12 of NEST 96 Well Plate 100 µL PCR Full Skirt on Magnetic Module GEN2 on 6 at 7.6 uL/sec
	Aspirating 9.0 uL from A12 of NEST 96 Well Plate 100 µL PCR Full Skirt on Magnetic Module GEN2 on 6 at 7.6 uL/sec
	Dispensing 9.0 uL into A12 of NEST 96 Well Plate 100 µL PCR Full Skirt on Magnetic Module GEN2 on 6 at 7.6 uL/sec
	Aspirating 9.0 uL from A12 of NEST 96 Well Plate 100 µL PCR Full Skirt on Magnetic Module GEN2 on 6 at 7.6 uL/sec
	Dispensing 9.0 uL into A12 of NEST 96 Well Plate 100 µL PCR Full Skirt on Magnetic Module GEN2 on 6 at 7.6 uL/sec
	Aspirating 9.0 uL from A12 of NEST 96 Well Plate 100 µL PCR Full Skirt on Magnetic Module GEN2 on 6 at 7.6 uL/sec
	Dispensing 9.0 uL into A12 of NEST 96 Well Plate 100 µL PCR Full Skirt on Magnetic Module GEN2 on 6 at 7.6 uL/sec
Blowing out at A12 of NEST 96 Well Plate 100 µL PCR Full Skirt on Magnetic Module GEN2 on 6
Air gap
	Aspirating 5.0 uL from A12 of NEST 96 Well Plate 100 µL PCR Full Skirt on Magnetic Module GEN2 on 6 at 7.6 uL/sec
Dropping tip into A1 of Opentrons Fixed Trash on 12
Setting Temperature Module temperature to 95.0 °C (rounded off to nearest integer)
Homing pipette plunger on mount right
Pausing robot operation: Transfer plate from magnetic module to aluminum block on temperature module. Once you resume, the plate will incubate for 95 minutes.
Delaying for 5 minutes and 0.0 seconds
Pausing robot operation: Transfer plate back to magnetic module from aluminum block on temperature module.
Engaging Magnetic Module
Delaying for 3 minutes and 0.0 seconds. Incubating on magnet for 3 minutes.
Picking up tip from A1 of Opentrons OT-2 96 Tip Rack 20 µL on 4
Moving to A1 of NEST 96 Well Plate 100 µL PCR Full Skirt on Magnetic Module GEN2 on 6
Transferring 10.0 from A1 of NEST 96 Well Plate 100 µL PCR Full Skirt on Magnetic Module GEN2 on 6 to A1 of elution PCR plate on 2
	Aspirating 10.0 uL from A1 of NEST 96 Well Plate 100 µL PCR Full Skirt on Magnetic Module GEN2 on 6 at 7.6 uL/sec
	Dispensing 10.0 uL into A1 of elution PCR plate on 2 at 7.6 uL/sec
Blowing out at A1 of elution PCR plate on 2
Air gap
	Aspirating 5.0 uL from A1 of elution PCR plate on 2 at 7.6 uL/sec
Dropping tip into A1 of Opentrons Fixed Trash on 12
Picking up tip from A2 of Opentrons OT-2 96 Tip Rack 20 µL on 4
Moving to A2 of NEST 96 Well Plate 100 µL PCR Full Skirt on Magnetic Module GEN2 on 6
Transferring 10.0 from A2 of NEST 96 Well Plate 100 µL PCR Full Skirt on Magnetic Module GEN2 on 6 to A2 of elution PCR plate on 2
	Aspirating 10.0 uL from A2 of NEST 96 Well Plate 100 µL PCR Full Skirt on Magnetic Module GEN2 on 6 at 7.6 uL/sec
	Dispensing 10.0 uL into A2 of elution PCR plate on 2 at 7.6 uL/sec
Blowing out at A2 of elution PCR plate on 2
Air gap
	Aspirating 5.0 uL from A2 of elution PCR plate on 2 at 7.6 uL/sec
Dropping tip into A1 of Opentrons Fixed Trash on 12
Picking up tip from A3 of Opentrons OT-2 96 Tip Rack 20 µL on 4
Moving to A3 of NEST 96 Well Plate 100 µL PCR Full Skirt on Magnetic Module GEN2 on 6
Transferring 10.0 from A3 of NEST 96 Well Plate 100 µL PCR Full Skirt on Magnetic Module GEN2 on 6 to A3 of elution PCR plate on 2
	Aspirating 10.0 uL from A3 of NEST 96 Well Plate 100 µL PCR Full Skirt on Magnetic Module GEN2 on 6 at 7.6 uL/sec
	Dispensing 10.0 uL into A3 of elution PCR plate on 2 at 7.6 uL/sec
Blowing out at A3 of elution PCR plate on 2
Air gap
	Aspirating 5.0 uL from A3 of elution PCR plate on 2 at 7.6 uL/sec
Dropping tip into A1 of Opentrons Fixed Trash on 12
Picking up tip from A4 of Opentrons OT-2 96 Tip Rack 20 µL on 4
Moving to A4 of NEST 96 Well Plate 100 µL PCR Full Skirt on Magnetic Module GEN2 on 6
Transferring 10.0 from A4 of NEST 96 Well Plate 100 µL PCR Full Skirt on Magnetic Module GEN2 on 6 to A4 of elution PCR plate on 2
	Aspirating 10.0 uL from A4 of NEST 96 Well Plate 100 µL PCR Full Skirt on Magnetic Module GEN2 on 6 at 7.6 uL/sec
	Dispensing 10.0 uL into A4 of elution PCR plate on 2 at 7.6 uL/sec
Blowing out at A4 of elution PCR plate on 2
Air gap
	Aspirating 5.0 uL from A4 of elution PCR plate on 2 at 7.6 uL/sec
Dropping tip into A1 of Opentrons Fixed Trash on 12
Picking up tip from A5 of Opentrons OT-2 96 Tip Rack 20 µL on 4
Moving to A5 of NEST 96 Well Plate 100 µL PCR Full Skirt on Magnetic Module GEN2 on 6
Transferring 10.0 from A5 of NEST 96 Well Plate 100 µL PCR Full Skirt on Magnetic Module GEN2 on 6 to A5 of elution PCR plate on 2
	Aspirating 10.0 uL from A5 of NEST 96 Well Plate 100 µL PCR Full Skirt on Magnetic Module GEN2 on 6 at 7.6 uL/sec
	Dispensing 10.0 uL into A5 of elution PCR plate on 2 at 7.6 uL/sec
Blowing out at A5 of elution PCR plate on 2
Air gap
	Aspirating 5.0 uL from A5 of elution PCR plate on 2 at 7.6 uL/sec
Dropping tip into A1 of Opentrons Fixed Trash on 12
Picking up tip from A6 of Opentrons OT-2 96 Tip Rack 20 µL on 4
Moving to A6 of NEST 96 Well Plate 100 µL PCR Full Skirt on Magnetic Module GEN2 on 6
Transferring 10.0 from A6 of NEST 96 Well Plate 100 µL PCR Full Skirt on Magnetic Module GEN2 on 6 to A6 of elution PCR plate on 2
	Aspirating 10.0 uL from A6 of NEST 96 Well Plate 100 µL PCR Full Skirt on Magnetic Module GEN2 on 6 at 7.6 uL/sec
	Dispensing 10.0 uL into A6 of elution PCR plate on 2 at 7.6 uL/sec
Blowing out at A6 of elution PCR plate on 2
Air gap
	Aspirating 5.0 uL from A6 of elution PCR plate on 2 at 7.6 uL/sec
Dropping tip into A1 of Opentrons Fixed Trash on 12
Picking up tip from A7 of Opentrons OT-2 96 Tip Rack 20 µL on 4
Moving to A7 of NEST 96 Well Plate 100 µL PCR Full Skirt on Magnetic Module GEN2 on 6
Transferring 10.0 from A7 of NEST 96 Well Plate 100 µL PCR Full Skirt on Magnetic Module GEN2 on 6 to A7 of elution PCR plate on 2
	Aspirating 10.0 uL from A7 of NEST 96 Well Plate 100 µL PCR Full Skirt on Magnetic Module GEN2 on 6 at 7.6 uL/sec
	Dispensing 10.0 uL into A7 of elution PCR plate on 2 at 7.6 uL/sec
Blowing out at A7 of elution PCR plate on 2
Air gap
	Aspirating 5.0 uL from A7 of elution PCR plate on 2 at 7.6 uL/sec
Dropping tip into A1 of Opentrons Fixed Trash on 12
Picking up tip from A8 of Opentrons OT-2 96 Tip Rack 20 µL on 4
Moving to A8 of NEST 96 Well Plate 100 µL PCR Full Skirt on Magnetic Module GEN2 on 6
Transferring 10.0 from A8 of NEST 96 Well Plate 100 µL PCR Full Skirt on Magnetic Module GEN2 on 6 to A8 of elution PCR plate on 2
	Aspirating 10.0 uL from A8 of NEST 96 Well Plate 100 µL PCR Full Skirt on Magnetic Module GEN2 on 6 at 7.6 uL/sec
	Dispensing 10.0 uL into A8 of elution PCR plate on 2 at 7.6 uL/sec
Blowing out at A8 of elution PCR plate on 2
Air gap
	Aspirating 5.0 uL from A8 of elution PCR plate on 2 at 7.6 uL/sec
Dropping tip into A1 of Opentrons Fixed Trash on 12
Picking up tip from A9 of Opentrons OT-2 96 Tip Rack 20 µL on 4
Moving to A9 of NEST 96 Well Plate 100 µL PCR Full Skirt on Magnetic Module GEN2 on 6
Transferring 10.0 from A9 of NEST 96 Well Plate 100 µL PCR Full Skirt on Magnetic Module GEN2 on 6 to A9 of elution PCR plate on 2
	Aspirating 10.0 uL from A9 of NEST 96 Well Plate 100 µL PCR Full Skirt on Magnetic Module GEN2 on 6 at 7.6 uL/sec
	Dispensing 10.0 uL into A9 of elution PCR plate on 2 at 7.6 uL/sec
Blowing out at A9 of elution PCR plate on 2
Air gap
	Aspirating 5.0 uL from A9 of elution PCR plate on 2 at 7.6 uL/sec
Dropping tip into A1 of Opentrons Fixed Trash on 12
Picking up tip from A10 of Opentrons OT-2 96 Tip Rack 20 µL on 4
Moving to A10 of NEST 96 Well Plate 100 µL PCR Full Skirt on Magnetic Module GEN2 on 6
Transferring 10.0 from A10 of NEST 96 Well Plate 100 µL PCR Full Skirt on Magnetic Module GEN2 on 6 to A10 of elution PCR plate on 2
	Aspirating 10.0 uL from A10 of NEST 96 Well Plate 100 µL PCR Full Skirt on Magnetic Module GEN2 on 6 at 7.6 uL/sec
	Dispensing 10.0 uL into A10 of elution PCR plate on 2 at 7.6 uL/sec
Blowing out at A10 of elution PCR plate on 2
Air gap
	Aspirating 5.0 uL from A10 of elution PCR plate on 2 at 7.6 uL/sec
Dropping tip into A1 of Opentrons Fixed Trash on 12
Picking up tip from A11 of Opentrons OT-2 96 Tip Rack 20 µL on 4
Moving to A11 of NEST 96 Well Plate 100 µL PCR Full Skirt on Magnetic Module GEN2 on 6
Transferring 10.0 from A11 of NEST 96 Well Plate 100 µL PCR Full Skirt on Magnetic Module GEN2 on 6 to A11 of elution PCR plate on 2
	Aspirating 10.0 uL from A11 of NEST 96 Well Plate 100 µL PCR Full Skirt on Magnetic Module GEN2 on 6 at 7.6 uL/sec
	Dispensing 10.0 uL into A11 of elution PCR plate on 2 at 7.6 uL/sec
Blowing out at A11 of elution PCR plate on 2
Air gap
	Aspirating 5.0 uL from A11 of elution PCR plate on 2 at 7.6 uL/sec
Dropping tip into A1 of Opentrons Fixed Trash on 12
Picking up tip from A12 of Opentrons OT-2 96 Tip Rack 20 µL on 4
Moving to A12 of NEST 96 Well Plate 100 µL PCR Full Skirt on Magnetic Module GEN2 on 6
Transferring 10.0 from A12 of NEST 96 Well Plate 100 µL PCR Full Skirt on Magnetic Module GEN2 on 6 to A12 of elution PCR plate on 2
	Aspirating 10.0 uL from A12 of NEST 96 Well Plate 100 µL PCR Full Skirt on Magnetic Module GEN2 on 6 at 7.6 uL/sec
	Dispensing 10.0 uL into A12 of elution PCR plate on 2 at 7.6 uL/sec
Blowing out at A12 of elution PCR plate on 2
Air gap
	Aspirating 5.0 uL from A12 of elution PCR plate on 2 at 7.6 uL/sec
Dropping tip into A1 of Opentrons Fixed Trash on 12
Disengaging Magnetic Module
Deactivating Temperature Module
This is a safe stopping point. Cleaned-up DNA can be safely stored at ≤ 4°C overnight or ≤ −20°C for up to one week.
Caught exception: {'message': 'Task was destroyed but it is pending!', 'task': <Task pending name='Task-4' coro=<Poller._poll_forever() running at /Users/dp/Desktop/project/github/opentrons/venv/lib/python3.10/site-packages/opentrons/hardware_control/poller.py:80> wait_for=<Future pending cb=[Task.task_wakeup()]>>}
Caught exception: {'message': 'Task was destroyed but it is pending!', 'task': <Task pending name='Task-3' coro=<Poller._poll_forever() running at /Users/dp/Desktop/project/github/opentrons/venv/lib/python3.10/site-packages/opentrons/hardware_control/poller.py:80> wait_for=<Future pending cb=[Task.task_wakeup()]>>}
Caught exception: {'message': 'Task was destroyed but it is pending!', 'task': <Task pending name='Task-2' coro=<Poller._poll_forever() running at /Users/dp/Desktop/project/github/opentrons/venv/lib/python3.10/site-packages/opentrons/hardware_control/poller.py:80> wait_for=<Future pending cb=[Task.task_wakeup()]>>}
