/Users/dp/Desktop/project/github/opentrons/venv/lib/python3.10/site-packages/opentrons/hardware_control/simulator_setup.py:205: UserWarning: Simulator configuration does not name a machine, defaulting to OT-2 Standard
  warn(
/Users/dp/.opentrons/robot_settings.json not found. Loading defaults
Deck calibration not found.
/Users/dp/.opentrons/deck_calibration.json not found. Loading defaults
Picking up tip from A1 of Opentrons OT-2 96 Tip Rack 300 µL on 2
Transferring 50.0 from A5 of source plate on 1 to A1 of Eppendorf tuberack for pools on 4
	Aspirating 50.0 uL from A5 of source plate on 1 at 25.0 uL/sec
	Dispensing 50.0 uL into A1 of Eppendorf tuberack for pools on 4 at 50.0 uL/sec
Blowing out at A1 of Eppendorf tuberack for pools on 4
Dropping tip into A1 of Opentrons Fixed Trash on 12
Picking up tip from B1 of Opentrons OT-2 96 Tip Rack 300 µL on 2
Transferring 50.0 from A6 of source plate on 1 to A1 of Eppendorf tuberack for pools on 4
	Aspirating 50.0 uL from A6 of source plate on 1 at 25.0 uL/sec
	Dispensing 50.0 uL into A1 of Eppendorf tuberack for pools on 4 at 50.0 uL/sec
Blowing out at A1 of Eppendorf tuberack for pools on 4
Dropping tip into A1 of Opentrons Fixed Trash on 12
Picking up tip from C1 of Opentrons OT-2 96 Tip Rack 300 µL on 2
Transferring 50.0 from B1 of source plate on 1 to A1 of Eppendorf tuberack for pools on 4
	Aspirating 50.0 uL from B1 of source plate on 1 at 25.0 uL/sec
	Dispensing 50.0 uL into A1 of Eppendorf tuberack for pools on 4 at 50.0 uL/sec
Blowing out at A1 of Eppendorf tuberack for pools on 4
Dropping tip into A1 of Opentrons Fixed Trash on 12
Picking up tip from D1 of Opentrons OT-2 96 Tip Rack 300 µL on 2
Transferring 50.0 from A2 of source plate on 1 to B1 of Eppendorf tuberack for pools on 4
	Aspirating 50.0 uL from A2 of source plate on 1 at 25.0 uL/sec
	Dispensing 50.0 uL into B1 of Eppendorf tuberack for pools on 4 at 50.0 uL/sec
Blowing out at B1 of Eppendorf tuberack for pools on 4
Dropping tip into A1 of Opentrons Fixed Trash on 12
Picking up tip from E1 of Opentrons OT-2 96 Tip Rack 300 µL on 2
Transferring 50.0 from A3 of source plate on 1 to B1 of Eppendorf tuberack for pools on 4
	Aspirating 50.0 uL from A3 of source plate on 1 at 25.0 uL/sec
	Dispensing 50.0 uL into B1 of Eppendorf tuberack for pools on 4 at 50.0 uL/sec
Blowing out at B1 of Eppendorf tuberack for pools on 4
Dropping tip into A1 of Opentrons Fixed Trash on 12
Picking up tip from F1 of Opentrons OT-2 96 Tip Rack 300 µL on 2
Transferring 50.0 from A4 of source plate on 1 to B1 of Eppendorf tuberack for pools on 4
	Aspirating 50.0 uL from A4 of source plate on 1 at 25.0 uL/sec
	Dispensing 50.0 uL into B1 of Eppendorf tuberack for pools on 4 at 50.0 uL/sec
Blowing out at B1 of Eppendorf tuberack for pools on 4
Dropping tip into A1 of Opentrons Fixed Trash on 12
Picking up tip from G1 of Opentrons OT-2 96 Tip Rack 300 µL on 2
Transferring 50.0 from A7 of source plate on 1 to B1 of Eppendorf tuberack for pools on 4
	Aspirating 50.0 uL from A7 of source plate on 1 at 25.0 uL/sec
	Dispensing 50.0 uL into B1 of Eppendorf tuberack for pools on 4 at 50.0 uL/sec
Blowing out at B1 of Eppendorf tuberack for pools on 4
Dropping tip into A1 of Opentrons Fixed Trash on 12
Picking up tip from H1 of Opentrons OT-2 96 Tip Rack 300 µL on 2
Transferring 50.0 from A8 of source plate on 1 to B1 of Eppendorf tuberack for pools on 4
	Aspirating 50.0 uL from A8 of source plate on 1 at 25.0 uL/sec
	Dispensing 50.0 uL into B1 of Eppendorf tuberack for pools on 4 at 50.0 uL/sec
Blowing out at B1 of Eppendorf tuberack for pools on 4
Dropping tip into A1 of Opentrons Fixed Trash on 12
Picking up tip from A2 of Opentrons OT-2 96 Tip Rack 300 µL on 2
Transferring 50.0 from B3 of source plate on 1 to B1 of Eppendorf tuberack for pools on 4
	Aspirating 50.0 uL from B3 of source plate on 1 at 25.0 uL/sec
	Dispensing 50.0 uL into B1 of Eppendorf tuberack for pools on 4 at 50.0 uL/sec
Blowing out at B1 of Eppendorf tuberack for pools on 4
Dropping tip into A1 of Opentrons Fixed Trash on 12
Picking up tip from B2 of Opentrons OT-2 96 Tip Rack 300 µL on 2
Transferring 50.0 from B5 of source plate on 1 to B1 of Eppendorf tuberack for pools on 4
	Aspirating 50.0 uL from B5 of source plate on 1 at 25.0 uL/sec
	Dispensing 50.0 uL into B1 of Eppendorf tuberack for pools on 4 at 50.0 uL/sec
Blowing out at B1 of Eppendorf tuberack for pools on 4
Dropping tip into A1 of Opentrons Fixed Trash on 12
Picking up tip from C2 of Opentrons OT-2 96 Tip Rack 300 µL on 2
Transferring 50.0 from B4 of source plate on 1 to C1 of Eppendorf tuberack for pools on 4
	Aspirating 50.0 uL from B4 of source plate on 1 at 25.0 uL/sec
	Dispensing 50.0 uL into C1 of Eppendorf tuberack for pools on 4 at 50.0 uL/sec
Blowing out at C1 of Eppendorf tuberack for pools on 4
Dropping tip into A1 of Opentrons Fixed Trash on 12
Picking up tip from D2 of Opentrons OT-2 96 Tip Rack 300 µL on 2
Transferring 50.0 from B6 of source plate on 1 to C1 of Eppendorf tuberack for pools on 4
	Aspirating 50.0 uL from B6 of source plate on 1 at 25.0 uL/sec
	Dispensing 50.0 uL into C1 of Eppendorf tuberack for pools on 4 at 50.0 uL/sec
Blowing out at C1 of Eppendorf tuberack for pools on 4
Dropping tip into A1 of Opentrons Fixed Trash on 12
Picking up tip from E2 of Opentrons OT-2 96 Tip Rack 300 µL on 2
Transferring 50.0 from A1 of source plate on 1 to D1 of Eppendorf tuberack for pools on 4
	Aspirating 50.0 uL from A1 of source plate on 1 at 25.0 uL/sec
	Dispensing 50.0 uL into D1 of Eppendorf tuberack for pools on 4 at 50.0 uL/sec
Blowing out at D1 of Eppendorf tuberack for pools on 4
Dropping tip into A1 of Opentrons Fixed Trash on 12
Picking up tip from F2 of Opentrons OT-2 96 Tip Rack 300 µL on 2
Transferring 50.0 from B2 of source plate on 1 to D1 of Eppendorf tuberack for pools on 4
	Aspirating 50.0 uL from B2 of source plate on 1 at 25.0 uL/sec
	Dispensing 50.0 uL into D1 of Eppendorf tuberack for pools on 4 at 50.0 uL/sec
Blowing out at D1 of Eppendorf tuberack for pools on 4
Dropping tip into A1 of Opentrons Fixed Trash on 12
Caught exception: {'message': 'Task was destroyed but it is pending!', 'task': <Task pending name='Task-4' coro=<Poller._poll_forever() running at /Users/dp/Desktop/project/github/opentrons/venv/lib/python3.10/site-packages/opentrons/hardware_control/poller.py:80> wait_for=<Future pending cb=[Task.task_wakeup()]>>}
Caught exception: {'message': 'Task was destroyed but it is pending!', 'task': <Task pending name='Task-3' coro=<Poller._poll_forever() running at /Users/dp/Desktop/project/github/opentrons/venv/lib/python3.10/site-packages/opentrons/hardware_control/poller.py:80> wait_for=<Future pending cb=[Task.task_wakeup()]>>}
Caught exception: {'message': 'Task was destroyed but it is pending!', 'task': <Task pending name='Task-2' coro=<Poller._poll_forever() running at /Users/dp/Desktop/project/github/opentrons/venv/lib/python3.10/site-packages/opentrons/hardware_control/poller.py:80> wait_for=<Future pending cb=[Task.task_wakeup()]>>}
