/Users/dp/Desktop/project/github/opentrons/venv/lib/python3.10/site-packages/opentrons/hardware_control/simulator_setup.py:205: UserWarning: Simulator configuration does not name a machine, defaulting to OT-2 Standard
  warn(
/Users/dp/.opentrons/robot_settings.json not found. Loading defaults
Deck calibration not found.
/Users/dp/.opentrons/deck_calibration.json not found. Loading defaults



~~~~~~~~TRANSFER ELUTION BUFFER ~~~~~~~~

Picking up tip from A1 of Opentrons OT-2 96 Tip Rack 300 µL on 7
Transferring 360.0 from A5 of reagents - stock on 5 to A12 of reagents on 4
	Aspirating 180.0 uL from A5 of reagents - stock on 5 at 92.86 uL/sec
	Dispensing 180.0 uL into A12 of reagents on 4 at 92.86 uL/sec
	Blowing out at A12 of reagents on 4
	Aspirating 180.0 uL from A5 of reagents - stock on 5 at 92.86 uL/sec
	Dispensing 180.0 uL into A12 of reagents on 4 at 92.86 uL/sec
	Blowing out at A12 of reagents on 4
Transferring 360.0 from A5 of reagents - stock on 5 to B12 of reagents on 4
	Aspirating 180.0 uL from A5 of reagents - stock on 5 at 92.86 uL/sec
	Dispensing 180.0 uL into B12 of reagents on 4 at 92.86 uL/sec
	Blowing out at B12 of reagents on 4
	Aspirating 180.0 uL from A5 of reagents - stock on 5 at 92.86 uL/sec
	Dispensing 180.0 uL into B12 of reagents on 4 at 92.86 uL/sec
	Blowing out at B12 of reagents on 4
Transferring 360.0 from A5 of reagents - stock on 5 to C12 of reagents on 4
	Aspirating 180.0 uL from A5 of reagents - stock on 5 at 92.86 uL/sec
	Dispensing 180.0 uL into C12 of reagents on 4 at 92.86 uL/sec
	Blowing out at C12 of reagents on 4
	Aspirating 180.0 uL from A5 of reagents - stock on 5 at 92.86 uL/sec
	Dispensing 180.0 uL into C12 of reagents on 4 at 92.86 uL/sec
	Blowing out at C12 of reagents on 4
Transferring 360.0 from A5 of reagents - stock on 5 to D12 of reagents on 4
	Aspirating 180.0 uL from A5 of reagents - stock on 5 at 92.86 uL/sec
	Dispensing 180.0 uL into D12 of reagents on 4 at 92.86 uL/sec
	Blowing out at D12 of reagents on 4
	Aspirating 180.0 uL from A5 of reagents - stock on 5 at 92.86 uL/sec
	Dispensing 180.0 uL into D12 of reagents on 4 at 92.86 uL/sec
	Blowing out at D12 of reagents on 4
Transferring 360.0 from A5 of reagents - stock on 5 to E12 of reagents on 4
	Aspirating 180.0 uL from A5 of reagents - stock on 5 at 92.86 uL/sec
	Dispensing 180.0 uL into E12 of reagents on 4 at 92.86 uL/sec
	Blowing out at E12 of reagents on 4
	Aspirating 180.0 uL from A5 of reagents - stock on 5 at 92.86 uL/sec
	Dispensing 180.0 uL into E12 of reagents on 4 at 92.86 uL/sec
	Blowing out at E12 of reagents on 4
Transferring 360.0 from A5 of reagents - stock on 5 to F12 of reagents on 4
	Aspirating 180.0 uL from A5 of reagents - stock on 5 at 92.86 uL/sec
	Dispensing 180.0 uL into F12 of reagents on 4 at 92.86 uL/sec
	Blowing out at F12 of reagents on 4
	Aspirating 180.0 uL from A5 of reagents - stock on 5 at 92.86 uL/sec
	Dispensing 180.0 uL into F12 of reagents on 4 at 92.86 uL/sec
	Blowing out at F12 of reagents on 4
Transferring 360.0 from A5 of reagents - stock on 5 to G12 of reagents on 4
	Aspirating 180.0 uL from A5 of reagents - stock on 5 at 92.86 uL/sec
	Dispensing 180.0 uL into G12 of reagents on 4 at 92.86 uL/sec
	Blowing out at G12 of reagents on 4
	Aspirating 180.0 uL from A5 of reagents - stock on 5 at 92.86 uL/sec
	Dispensing 180.0 uL into G12 of reagents on 4 at 92.86 uL/sec
	Blowing out at G12 of reagents on 4
Transferring 360.0 from A5 of reagents - stock on 5 to H12 of reagents on 4
	Aspirating 180.0 uL from A5 of reagents - stock on 5 at 92.86 uL/sec
	Dispensing 180.0 uL into H12 of reagents on 4 at 92.86 uL/sec
	Blowing out at H12 of reagents on 4
	Aspirating 180.0 uL from A5 of reagents - stock on 5 at 92.86 uL/sec
	Dispensing 180.0 uL into H12 of reagents on 4 at 92.86 uL/sec
	Blowing out at H12 of reagents on 4
Dropping tip into A1 of Opentrons Fixed Trash on 12
Caught exception: {'message': 'Task was destroyed but it is pending!', 'task': <Task pending name='Task-4' coro=<Poller._poll_forever() running at /Users/dp/Desktop/project/github/opentrons/venv/lib/python3.10/site-packages/opentrons/hardware_control/poller.py:80> wait_for=<Future pending cb=[Task.task_wakeup()]>>}
Caught exception: {'message': 'Task was destroyed but it is pending!', 'task': <Task pending name='Task-3' coro=<Poller._poll_forever() running at /Users/dp/Desktop/project/github/opentrons/venv/lib/python3.10/site-packages/opentrons/hardware_control/poller.py:80> wait_for=<Future pending cb=[Task.task_wakeup()]>>}
Caught exception: {'message': 'Task was destroyed but it is pending!', 'task': <Task pending name='Task-2' coro=<Poller._poll_forever() running at /Users/dp/Desktop/project/github/opentrons/venv/lib/python3.10/site-packages/opentrons/hardware_control/poller.py:80> wait_for=<Future pending cb=[Task.task_wakeup()]>>}
