/Users/dp/Desktop/project/github/opentrons/venv/lib/python3.10/site-packages/opentrons/hardware_control/simulator_setup.py:205: UserWarning: Simulator configuration does not name a machine, defaulting to OT-2 Standard
  warn(
/Users/dp/.opentrons/robot_settings.json not found. Loading defaults
Deck calibration not found.
/Users/dp/.opentrons/deck_calibration.json not found. Loading defaults
Picking up tip from H1 of Opentrons OT-2 96 Filter Tip Rack 200 µL on 11
Aspirating 200.0 uL from A1 of reagents on 8 at 94.0 uL/sec
Delaying for 0 minutes and 1.0 seconds
Moving to A1 of reagents on 8
Dispensing 1000.0 uL into A2 of standards plate on 4 at 94.0 uL/sec
Delaying for 0 minutes and 1.0 seconds
Moving to A2 of standards plate on 4
Aspirating 200.0 uL from A1 of reagents on 8 at 94.0 uL/sec
Delaying for 0 minutes and 1.0 seconds
Moving to A1 of reagents on 8
Dispensing 1000.0 uL into A2 of standards plate on 4 at 94.0 uL/sec
Delaying for 0 minutes and 1.0 seconds
Moving to A2 of standards plate on 4
Aspirating 200.0 uL from A1 of reagents on 8 at 94.0 uL/sec
Delaying for 0 minutes and 1.0 seconds
Moving to A1 of reagents on 8
Dispensing 1000.0 uL into A2 of standards plate on 4 at 94.0 uL/sec
Delaying for 0 minutes and 1.0 seconds
Moving to A2 of standards plate on 4
Aspirating 200.0 uL from A1 of reagents on 8 at 94.0 uL/sec
Delaying for 0 minutes and 1.0 seconds
Moving to A1 of reagents on 8
Dispensing 1000.0 uL into A2 of standards plate on 4 at 94.0 uL/sec
Delaying for 0 minutes and 1.0 seconds
Moving to A2 of standards plate on 4
Aspirating 200.0 uL from A1 of reagents on 8 at 94.0 uL/sec
Delaying for 0 minutes and 1.0 seconds
Moving to A1 of reagents on 8
Dispensing 1000.0 uL into A2 of standards plate on 4 at 94.0 uL/sec
Delaying for 0 minutes and 1.0 seconds
Moving to A2 of standards plate on 4
Aspirating 200.0 uL from A1 of reagents on 8 at 94.0 uL/sec
Delaying for 0 minutes and 1.0 seconds
Moving to A1 of reagents on 8
Dispensing 1000.0 uL into A3 of standards plate on 4 at 94.0 uL/sec
Delaying for 0 minutes and 1.0 seconds
Moving to A3 of standards plate on 4
Aspirating 200.0 uL from A1 of reagents on 8 at 94.0 uL/sec
Delaying for 0 minutes and 1.0 seconds
Moving to A1 of reagents on 8
Dispensing 1000.0 uL into A3 of standards plate on 4 at 94.0 uL/sec
Delaying for 0 minutes and 1.0 seconds
Moving to A3 of standards plate on 4
Aspirating 200.0 uL from A1 of reagents on 8 at 94.0 uL/sec
Delaying for 0 minutes and 1.0 seconds
Moving to A1 of reagents on 8
Dispensing 1000.0 uL into A3 of standards plate on 4 at 94.0 uL/sec
Delaying for 0 minutes and 1.0 seconds
Moving to A3 of standards plate on 4
Aspirating 200.0 uL from A1 of reagents on 8 at 94.0 uL/sec
Delaying for 0 minutes and 1.0 seconds
Moving to A1 of reagents on 8
Dispensing 1000.0 uL into A3 of standards plate on 4 at 94.0 uL/sec
Delaying for 0 minutes and 1.0 seconds
Moving to A3 of standards plate on 4
Aspirating 200.0 uL from A1 of reagents on 8 at 94.0 uL/sec
Delaying for 0 minutes and 1.0 seconds
Moving to A1 of reagents on 8
Dispensing 1000.0 uL into A3 of standards plate on 4 at 94.0 uL/sec
Delaying for 0 minutes and 1.0 seconds
Moving to A3 of standards plate on 4
Aspirating 200.0 uL from A1 of reagents on 8 at 94.0 uL/sec
Delaying for 0 minutes and 1.0 seconds
Moving to A1 of reagents on 8
Dispensing 1000.0 uL into A4 of standards plate on 4 at 94.0 uL/sec
Delaying for 0 minutes and 1.0 seconds
Moving to A4 of standards plate on 4
Aspirating 200.0 uL from A1 of reagents on 8 at 94.0 uL/sec
Delaying for 0 minutes and 1.0 seconds
Moving to A1 of reagents on 8
Dispensing 1000.0 uL into A4 of standards plate on 4 at 94.0 uL/sec
Delaying for 0 minutes and 1.0 seconds
Moving to A4 of standards plate on 4
Aspirating 200.0 uL from A1 of reagents on 8 at 94.0 uL/sec
Delaying for 0 minutes and 1.0 seconds
Moving to A1 of reagents on 8
Dispensing 1000.0 uL into A4 of standards plate on 4 at 94.0 uL/sec
Delaying for 0 minutes and 1.0 seconds
Moving to A4 of standards plate on 4
Aspirating 200.0 uL from A1 of reagents on 8 at 94.0 uL/sec
Delaying for 0 minutes and 1.0 seconds
Moving to A1 of reagents on 8
Dispensing 1000.0 uL into A4 of standards plate on 4 at 94.0 uL/sec
Delaying for 0 minutes and 1.0 seconds
Moving to A4 of standards plate on 4
Aspirating 200.0 uL from A1 of reagents on 8 at 94.0 uL/sec
Delaying for 0 minutes and 1.0 seconds
Moving to A1 of reagents on 8
Dispensing 1000.0 uL into A4 of standards plate on 4 at 94.0 uL/sec
Delaying for 0 minutes and 1.0 seconds
Moving to A4 of standards plate on 4
Aspirating 166.7 uL from A1 of reagents on 8 at 94.0 uL/sec
Delaying for 0 minutes and 1.0 seconds
Moving to A1 of reagents on 8
Dispensing 500.0 uL into A5 of standards plate on 4 at 94.0 uL/sec
Delaying for 0 minutes and 1.0 seconds
Moving to A5 of standards plate on 4
Aspirating 166.7 uL from A1 of reagents on 8 at 94.0 uL/sec
Delaying for 0 minutes and 1.0 seconds
Moving to A1 of reagents on 8
Dispensing 500.0 uL into A5 of standards plate on 4 at 94.0 uL/sec
Delaying for 0 minutes and 1.0 seconds
Moving to A5 of standards plate on 4
Aspirating 166.7 uL from A1 of reagents on 8 at 94.0 uL/sec
Delaying for 0 minutes and 1.0 seconds
Moving to A1 of reagents on 8
Dispensing 500.0 uL into A5 of standards plate on 4 at 94.0 uL/sec
Delaying for 0 minutes and 1.0 seconds
Moving to A5 of standards plate on 4
Aspirating 166.7 uL from A1 of reagents on 8 at 94.0 uL/sec
Delaying for 0 minutes and 1.0 seconds
Moving to A1 of reagents on 8
Dispensing 500.0 uL into A6 of standards plate on 4 at 94.0 uL/sec
Delaying for 0 minutes and 1.0 seconds
Moving to A6 of standards plate on 4
Aspirating 166.7 uL from A1 of reagents on 8 at 94.0 uL/sec
Delaying for 0 minutes and 1.0 seconds
Moving to A1 of reagents on 8
Dispensing 500.0 uL into A6 of standards plate on 4 at 94.0 uL/sec
Delaying for 0 minutes and 1.0 seconds
Moving to A6 of standards plate on 4
Aspirating 166.7 uL from A1 of reagents on 8 at 94.0 uL/sec
Delaying for 0 minutes and 1.0 seconds
Moving to A1 of reagents on 8
Dispensing 500.0 uL into A6 of standards plate on 4 at 94.0 uL/sec
Delaying for 0 minutes and 1.0 seconds
Moving to A6 of standards plate on 4
Aspirating 166.7 uL from A1 of reagents on 8 at 94.0 uL/sec
Delaying for 0 minutes and 1.0 seconds
Moving to A1 of reagents on 8
Dispensing 500.0 uL into A7 of standards plate on 4 at 94.0 uL/sec
Delaying for 0 minutes and 1.0 seconds
Moving to A7 of standards plate on 4
Aspirating 166.7 uL from A1 of reagents on 8 at 94.0 uL/sec
Delaying for 0 minutes and 1.0 seconds
Moving to A1 of reagents on 8
Dispensing 500.0 uL into A7 of standards plate on 4 at 94.0 uL/sec
Delaying for 0 minutes and 1.0 seconds
Moving to A7 of standards plate on 4
Aspirating 166.7 uL from A1 of reagents on 8 at 94.0 uL/sec
Delaying for 0 minutes and 1.0 seconds
Moving to A1 of reagents on 8
Dispensing 500.0 uL into A7 of standards plate on 4 at 94.0 uL/sec
Delaying for 0 minutes and 1.0 seconds
Moving to A7 of standards plate on 4
Aspirating 166.7 uL from A1 of reagents on 8 at 94.0 uL/sec
Delaying for 0 minutes and 1.0 seconds
Moving to A1 of reagents on 8
Dispensing 500.0 uL into A8 of standards plate on 4 at 94.0 uL/sec
Delaying for 0 minutes and 1.0 seconds
Moving to A8 of standards plate on 4
Aspirating 166.7 uL from A1 of reagents on 8 at 94.0 uL/sec
Delaying for 0 minutes and 1.0 seconds
Moving to A1 of reagents on 8
Dispensing 500.0 uL into A8 of standards plate on 4 at 94.0 uL/sec
Delaying for 0 minutes and 1.0 seconds
Moving to A8 of standards plate on 4
Aspirating 166.7 uL from A1 of reagents on 8 at 94.0 uL/sec
Delaying for 0 minutes and 1.0 seconds
Moving to A1 of reagents on 8
Dispensing 500.0 uL into A8 of standards plate on 4 at 94.0 uL/sec
Delaying for 0 minutes and 1.0 seconds
Moving to A8 of standards plate on 4
Aspirating 166.7 uL from A1 of reagents on 8 at 94.0 uL/sec
Delaying for 0 minutes and 1.0 seconds
Moving to A1 of reagents on 8
Dispensing 500.0 uL into A9 of standards plate on 4 at 94.0 uL/sec
Delaying for 0 minutes and 1.0 seconds
Moving to A9 of standards plate on 4
Aspirating 166.7 uL from A1 of reagents on 8 at 94.0 uL/sec
Delaying for 0 minutes and 1.0 seconds
Moving to A1 of reagents on 8
Dispensing 500.0 uL into A9 of standards plate on 4 at 94.0 uL/sec
Delaying for 0 minutes and 1.0 seconds
Moving to A9 of standards plate on 4
Aspirating 166.7 uL from A1 of reagents on 8 at 94.0 uL/sec
Delaying for 0 minutes and 1.0 seconds
Moving to A1 of reagents on 8
Dispensing 500.0 uL into A9 of standards plate on 4 at 94.0 uL/sec
Delaying for 0 minutes and 1.0 seconds
Moving to A9 of standards plate on 4
Aspirating 166.7 uL from A1 of reagents on 8 at 94.0 uL/sec
Delaying for 0 minutes and 1.0 seconds
Moving to A1 of reagents on 8
Dispensing 500.0 uL into A10 of standards plate on 4 at 94.0 uL/sec
Delaying for 0 minutes and 1.0 seconds
Moving to A10 of standards plate on 4
Aspirating 166.7 uL from A1 of reagents on 8 at 94.0 uL/sec
Delaying for 0 minutes and 1.0 seconds
Moving to A1 of reagents on 8
Dispensing 500.0 uL into A10 of standards plate on 4 at 94.0 uL/sec
Delaying for 0 minutes and 1.0 seconds
Moving to A10 of standards plate on 4
Aspirating 166.7 uL from A1 of reagents on 8 at 94.0 uL/sec
Delaying for 0 minutes and 1.0 seconds
Moving to A1 of reagents on 8
Dispensing 500.0 uL into A10 of standards plate on 4 at 94.0 uL/sec
Delaying for 0 minutes and 1.0 seconds
Moving to A10 of standards plate on 4
Aspirating 166.7 uL from A1 of reagents on 8 at 94.0 uL/sec
Delaying for 0 minutes and 1.0 seconds
Moving to A1 of reagents on 8
Dispensing 500.0 uL into A11 of standards plate on 4 at 94.0 uL/sec
Delaying for 0 minutes and 1.0 seconds
Moving to A11 of standards plate on 4
Aspirating 166.7 uL from A1 of reagents on 8 at 94.0 uL/sec
Delaying for 0 minutes and 1.0 seconds
Moving to A1 of reagents on 8
Dispensing 500.0 uL into A11 of standards plate on 4 at 94.0 uL/sec
Delaying for 0 minutes and 1.0 seconds
Moving to A11 of standards plate on 4
Aspirating 166.7 uL from A1 of reagents on 8 at 94.0 uL/sec
Delaying for 0 minutes and 1.0 seconds
Moving to A1 of reagents on 8
Dispensing 500.0 uL into A11 of standards plate on 4 at 94.0 uL/sec
Delaying for 0 minutes and 1.0 seconds
Moving to A11 of standards plate on 4
Aspirating 166.7 uL from A1 of reagents on 8 at 94.0 uL/sec
Delaying for 0 minutes and 1.0 seconds
Moving to A1 of reagents on 8
Dispensing 500.0 uL into A12 of standards plate on 4 at 94.0 uL/sec
Delaying for 0 minutes and 1.0 seconds
Moving to A12 of standards plate on 4
Aspirating 166.7 uL from A1 of reagents on 8 at 94.0 uL/sec
Delaying for 0 minutes and 1.0 seconds
Moving to A1 of reagents on 8
Dispensing 500.0 uL into A12 of standards plate on 4 at 94.0 uL/sec
Delaying for 0 minutes and 1.0 seconds
Moving to A12 of standards plate on 4
Aspirating 166.7 uL from A1 of reagents on 8 at 94.0 uL/sec
Delaying for 0 minutes and 1.0 seconds
Moving to A1 of reagents on 8
Dispensing 500.0 uL into A12 of standards plate on 4 at 94.0 uL/sec
Delaying for 0 minutes and 1.0 seconds
Moving to A12 of standards plate on 4
Aspirating 166.7 uL from A1 of standards plate on 4 at 94.0 uL/sec
Delaying for 0 minutes and 1.0 seconds
Moving to A1 of standards plate on 4
Dispensing 166.7 uL into A2 of standards plate on 4 at 94.0 uL/sec
Aspirating 166.7 uL from A1 of standards plate on 4 at 94.0 uL/sec
Delaying for 0 minutes and 1.0 seconds
Moving to A1 of standards plate on 4
Dispensing 166.7 uL into A2 of standards plate on 4 at 94.0 uL/sec
Aspirating 166.7 uL from A1 of standards plate on 4 at 94.0 uL/sec
Delaying for 0 minutes and 1.0 seconds
Moving to A1 of standards plate on 4
Dispensing 166.7 uL into A2 of standards plate on 4 at 94.0 uL/sec
Mixing 5 times with a volume of 100.0 ul
	Aspirating 100.0 uL from A2 of standards plate on 4 at 94.0 uL/sec
	Dispensing 100.0 uL into A2 of standards plate on 4 at 94.0 uL/sec
	Aspirating 100.0 uL from A2 of standards plate on 4 at 94.0 uL/sec
	Dispensing 100.0 uL into A2 of standards plate on 4 at 94.0 uL/sec
	Aspirating 100.0 uL from A2 of standards plate on 4 at 94.0 uL/sec
	Dispensing 100.0 uL into A2 of standards plate on 4 at 94.0 uL/sec
	Aspirating 100.0 uL from A2 of standards plate on 4 at 94.0 uL/sec
	Dispensing 100.0 uL into A2 of standards plate on 4 at 94.0 uL/sec
	Aspirating 100.0 uL from A2 of standards plate on 4 at 94.0 uL/sec
	Dispensing 100.0 uL into A2 of standards plate on 4 at 94.0 uL/sec
Delaying for 0 minutes and 1.0 seconds
Moving to A2 of standards plate on 4
Dropping tip into A1 of Opentrons Fixed Trash on 12
Picking up tip from H2 of Opentrons OT-2 96 Filter Tip Rack 200 µL on 11
Aspirating 166.7 uL from A2 of standards plate on 4 at 94.0 uL/sec
Delaying for 0 minutes and 1.0 seconds
Moving to A2 of standards plate on 4
Dispensing 166.7 uL into A3 of standards plate on 4 at 94.0 uL/sec
Aspirating 166.7 uL from A2 of standards plate on 4 at 94.0 uL/sec
Delaying for 0 minutes and 1.0 seconds
Moving to A2 of standards plate on 4
Dispensing 166.7 uL into A3 of standards plate on 4 at 94.0 uL/sec
Aspirating 166.7 uL from A2 of standards plate on 4 at 94.0 uL/sec
Delaying for 0 minutes and 1.0 seconds
Moving to A2 of standards plate on 4
Dispensing 166.7 uL into A3 of standards plate on 4 at 94.0 uL/sec
Mixing 5 times with a volume of 100.0 ul
	Aspirating 100.0 uL from A3 of standards plate on 4 at 94.0 uL/sec
	Dispensing 100.0 uL into A3 of standards plate on 4 at 94.0 uL/sec
	Aspirating 100.0 uL from A3 of standards plate on 4 at 94.0 uL/sec
	Dispensing 100.0 uL into A3 of standards plate on 4 at 94.0 uL/sec
	Aspirating 100.0 uL from A3 of standards plate on 4 at 94.0 uL/sec
	Dispensing 100.0 uL into A3 of standards plate on 4 at 94.0 uL/sec
	Aspirating 100.0 uL from A3 of standards plate on 4 at 94.0 uL/sec
	Dispensing 100.0 uL into A3 of standards plate on 4 at 94.0 uL/sec
	Aspirating 100.0 uL from A3 of standards plate on 4 at 94.0 uL/sec
	Dispensing 100.0 uL into A3 of standards plate on 4 at 94.0 uL/sec
Delaying for 0 minutes and 1.0 seconds
Moving to A3 of standards plate on 4
Dropping tip into A1 of Opentrons Fixed Trash on 12
Picking up tip from H3 of Opentrons OT-2 96 Filter Tip Rack 200 µL on 11
Aspirating 166.7 uL from A3 of standards plate on 4 at 94.0 uL/sec
Delaying for 0 minutes and 1.0 seconds
Moving to A3 of standards plate on 4
Dispensing 166.7 uL into A4 of standards plate on 4 at 94.0 uL/sec
Aspirating 166.7 uL from A3 of standards plate on 4 at 94.0 uL/sec
Delaying for 0 minutes and 1.0 seconds
Moving to A3 of standards plate on 4
Dispensing 166.7 uL into A4 of standards plate on 4 at 94.0 uL/sec
Aspirating 166.7 uL from A3 of standards plate on 4 at 94.0 uL/sec
Delaying for 0 minutes and 1.0 seconds
Moving to A3 of standards plate on 4
Dispensing 166.7 uL into A4 of standards plate on 4 at 94.0 uL/sec
Mixing 5 times with a volume of 100.0 ul
	Aspirating 100.0 uL from A4 of standards plate on 4 at 94.0 uL/sec
	Dispensing 100.0 uL into A4 of standards plate on 4 at 94.0 uL/sec
	Aspirating 100.0 uL from A4 of standards plate on 4 at 94.0 uL/sec
	Dispensing 100.0 uL into A4 of standards plate on 4 at 94.0 uL/sec
	Aspirating 100.0 uL from A4 of standards plate on 4 at 94.0 uL/sec
	Dispensing 100.0 uL into A4 of standards plate on 4 at 94.0 uL/sec
	Aspirating 100.0 uL from A4 of standards plate on 4 at 94.0 uL/sec
	Dispensing 100.0 uL into A4 of standards plate on 4 at 94.0 uL/sec
	Aspirating 100.0 uL from A4 of standards plate on 4 at 94.0 uL/sec
	Dispensing 100.0 uL into A4 of standards plate on 4 at 94.0 uL/sec
Delaying for 0 minutes and 1.0 seconds
Moving to A4 of standards plate on 4
Dropping tip into A1 of Opentrons Fixed Trash on 12
Picking up tip from H4 of Opentrons OT-2 96 Filter Tip Rack 200 µL on 11
Aspirating 166.7 uL from A4 of standards plate on 4 at 94.0 uL/sec
Delaying for 0 minutes and 1.0 seconds
Moving to A4 of standards plate on 4
Dispensing 166.7 uL into A5 of standards plate on 4 at 94.0 uL/sec
Aspirating 166.7 uL from A4 of standards plate on 4 at 94.0 uL/sec
Delaying for 0 minutes and 1.0 seconds
Moving to A4 of standards plate on 4
Dispensing 166.7 uL into A5 of standards plate on 4 at 94.0 uL/sec
Aspirating 166.7 uL from A4 of standards plate on 4 at 94.0 uL/sec
Delaying for 0 minutes and 1.0 seconds
Moving to A4 of standards plate on 4
Dispensing 166.7 uL into A5 of standards plate on 4 at 94.0 uL/sec
Mixing 5 times with a volume of 100.0 ul
	Aspirating 100.0 uL from A5 of standards plate on 4 at 94.0 uL/sec
	Dispensing 100.0 uL into A5 of standards plate on 4 at 94.0 uL/sec
	Aspirating 100.0 uL from A5 of standards plate on 4 at 94.0 uL/sec
	Dispensing 100.0 uL into A5 of standards plate on 4 at 94.0 uL/sec
	Aspirating 100.0 uL from A5 of standards plate on 4 at 94.0 uL/sec
	Dispensing 100.0 uL into A5 of standards plate on 4 at 94.0 uL/sec
	Aspirating 100.0 uL from A5 of standards plate on 4 at 94.0 uL/sec
	Dispensing 100.0 uL into A5 of standards plate on 4 at 94.0 uL/sec
	Aspirating 100.0 uL from A5 of standards plate on 4 at 94.0 uL/sec
	Dispensing 100.0 uL into A5 of standards plate on 4 at 94.0 uL/sec
Delaying for 0 minutes and 1.0 seconds
Moving to A5 of standards plate on 4
Dropping tip into A1 of Opentrons Fixed Trash on 12
Picking up tip from H5 of Opentrons OT-2 96 Filter Tip Rack 200 µL on 11
Aspirating 166.7 uL from A5 of standards plate on 4 at 94.0 uL/sec
Delaying for 0 minutes and 1.0 seconds
Moving to A5 of standards plate on 4
Dispensing 166.7 uL into A6 of standards plate on 4 at 94.0 uL/sec
Aspirating 166.7 uL from A5 of standards plate on 4 at 94.0 uL/sec
Delaying for 0 minutes and 1.0 seconds
Moving to A5 of standards plate on 4
Dispensing 166.7 uL into A6 of standards plate on 4 at 94.0 uL/sec
Aspirating 166.7 uL from A5 of standards plate on 4 at 94.0 uL/sec
Delaying for 0 minutes and 1.0 seconds
Moving to A5 of standards plate on 4
Dispensing 166.7 uL into A6 of standards plate on 4 at 94.0 uL/sec
Mixing 5 times with a volume of 100.0 ul
	Aspirating 100.0 uL from A6 of standards plate on 4 at 94.0 uL/sec
	Dispensing 100.0 uL into A6 of standards plate on 4 at 94.0 uL/sec
	Aspirating 100.0 uL from A6 of standards plate on 4 at 94.0 uL/sec
	Dispensing 100.0 uL into A6 of standards plate on 4 at 94.0 uL/sec
	Aspirating 100.0 uL from A6 of standards plate on 4 at 94.0 uL/sec
	Dispensing 100.0 uL into A6 of standards plate on 4 at 94.0 uL/sec
	Aspirating 100.0 uL from A6 of standards plate on 4 at 94.0 uL/sec
	Dispensing 100.0 uL into A6 of standards plate on 4 at 94.0 uL/sec
	Aspirating 100.0 uL from A6 of standards plate on 4 at 94.0 uL/sec
	Dispensing 100.0 uL into A6 of standards plate on 4 at 94.0 uL/sec
Delaying for 0 minutes and 1.0 seconds
Moving to A6 of standards plate on 4
Dropping tip into A1 of Opentrons Fixed Trash on 12
Picking up tip from H6 of Opentrons OT-2 96 Filter Tip Rack 200 µL on 11
Aspirating 166.7 uL from A6 of standards plate on 4 at 94.0 uL/sec
Delaying for 0 minutes and 1.0 seconds
Moving to A6 of standards plate on 4
Dispensing 166.7 uL into A7 of standards plate on 4 at 94.0 uL/sec
Aspirating 166.7 uL from A6 of standards plate on 4 at 94.0 uL/sec
Delaying for 0 minutes and 1.0 seconds
Moving to A6 of standards plate on 4
Dispensing 166.7 uL into A7 of standards plate on 4 at 94.0 uL/sec
Aspirating 166.7 uL from A6 of standards plate on 4 at 94.0 uL/sec
Delaying for 0 minutes and 1.0 seconds
Moving to A6 of standards plate on 4
Dispensing 166.7 uL into A7 of standards plate on 4 at 94.0 uL/sec
Mixing 5 times with a volume of 100.0 ul
	Aspirating 100.0 uL from A7 of standards plate on 4 at 94.0 uL/sec
	Dispensing 100.0 uL into A7 of standards plate on 4 at 94.0 uL/sec
	Aspirating 100.0 uL from A7 of standards plate on 4 at 94.0 uL/sec
	Dispensing 100.0 uL into A7 of standards plate on 4 at 94.0 uL/sec
	Aspirating 100.0 uL from A7 of standards plate on 4 at 94.0 uL/sec
	Dispensing 100.0 uL into A7 of standards plate on 4 at 94.0 uL/sec
	Aspirating 100.0 uL from A7 of standards plate on 4 at 94.0 uL/sec
	Dispensing 100.0 uL into A7 of standards plate on 4 at 94.0 uL/sec
	Aspirating 100.0 uL from A7 of standards plate on 4 at 94.0 uL/sec
	Dispensing 100.0 uL into A7 of standards plate on 4 at 94.0 uL/sec
Delaying for 0 minutes and 1.0 seconds
Moving to A7 of standards plate on 4
Dropping tip into A1 of Opentrons Fixed Trash on 12
Picking up tip from H7 of Opentrons OT-2 96 Filter Tip Rack 200 µL on 11
Aspirating 166.7 uL from A7 of standards plate on 4 at 94.0 uL/sec
Delaying for 0 minutes and 1.0 seconds
Moving to A7 of standards plate on 4
Dispensing 166.7 uL into A8 of standards plate on 4 at 94.0 uL/sec
Aspirating 166.7 uL from A7 of standards plate on 4 at 94.0 uL/sec
Delaying for 0 minutes and 1.0 seconds
Moving to A7 of standards plate on 4
Dispensing 166.7 uL into A8 of standards plate on 4 at 94.0 uL/sec
Aspirating 166.7 uL from A7 of standards plate on 4 at 94.0 uL/sec
Delaying for 0 minutes and 1.0 seconds
Moving to A7 of standards plate on 4
Dispensing 166.7 uL into A8 of standards plate on 4 at 94.0 uL/sec
Mixing 5 times with a volume of 100.0 ul
	Aspirating 100.0 uL from A8 of standards plate on 4 at 94.0 uL/sec
	Dispensing 100.0 uL into A8 of standards plate on 4 at 94.0 uL/sec
	Aspirating 100.0 uL from A8 of standards plate on 4 at 94.0 uL/sec
	Dispensing 100.0 uL into A8 of standards plate on 4 at 94.0 uL/sec
	Aspirating 100.0 uL from A8 of standards plate on 4 at 94.0 uL/sec
	Dispensing 100.0 uL into A8 of standards plate on 4 at 94.0 uL/sec
	Aspirating 100.0 uL from A8 of standards plate on 4 at 94.0 uL/sec
	Dispensing 100.0 uL into A8 of standards plate on 4 at 94.0 uL/sec
	Aspirating 100.0 uL from A8 of standards plate on 4 at 94.0 uL/sec
	Dispensing 100.0 uL into A8 of standards plate on 4 at 94.0 uL/sec
Delaying for 0 minutes and 1.0 seconds
Moving to A8 of standards plate on 4
Dropping tip into A1 of Opentrons Fixed Trash on 12
Picking up tip from H8 of Opentrons OT-2 96 Filter Tip Rack 200 µL on 11
Aspirating 166.7 uL from A8 of standards plate on 4 at 94.0 uL/sec
Delaying for 0 minutes and 1.0 seconds
Moving to A8 of standards plate on 4
Dispensing 166.7 uL into A9 of standards plate on 4 at 94.0 uL/sec
Aspirating 166.7 uL from A8 of standards plate on 4 at 94.0 uL/sec
Delaying for 0 minutes and 1.0 seconds
Moving to A8 of standards plate on 4
Dispensing 166.7 uL into A9 of standards plate on 4 at 94.0 uL/sec
Aspirating 166.7 uL from A8 of standards plate on 4 at 94.0 uL/sec
Delaying for 0 minutes and 1.0 seconds
Moving to A8 of standards plate on 4
Dispensing 166.7 uL into A9 of standards plate on 4 at 94.0 uL/sec
Mixing 5 times with a volume of 100.0 ul
	Aspirating 100.0 uL from A9 of standards plate on 4 at 94.0 uL/sec
	Dispensing 100.0 uL into A9 of standards plate on 4 at 94.0 uL/sec
	Aspirating 100.0 uL from A9 of standards plate on 4 at 94.0 uL/sec
	Dispensing 100.0 uL into A9 of standards plate on 4 at 94.0 uL/sec
	Aspirating 100.0 uL from A9 of standards plate on 4 at 94.0 uL/sec
	Dispensing 100.0 uL into A9 of standards plate on 4 at 94.0 uL/sec
	Aspirating 100.0 uL from A9 of standards plate on 4 at 94.0 uL/sec
	Dispensing 100.0 uL into A9 of standards plate on 4 at 94.0 uL/sec
	Aspirating 100.0 uL from A9 of standards plate on 4 at 94.0 uL/sec
	Dispensing 100.0 uL into A9 of standards plate on 4 at 94.0 uL/sec
Delaying for 0 minutes and 1.0 seconds
Moving to A9 of standards plate on 4
Dropping tip into A1 of Opentrons Fixed Trash on 12
Picking up tip from H9 of Opentrons OT-2 96 Filter Tip Rack 200 µL on 11
Aspirating 166.7 uL from A9 of standards plate on 4 at 94.0 uL/sec
Delaying for 0 minutes and 1.0 seconds
Moving to A9 of standards plate on 4
Dispensing 166.7 uL into A10 of standards plate on 4 at 94.0 uL/sec
Aspirating 166.7 uL from A9 of standards plate on 4 at 94.0 uL/sec
Delaying for 0 minutes and 1.0 seconds
Moving to A9 of standards plate on 4
Dispensing 166.7 uL into A10 of standards plate on 4 at 94.0 uL/sec
Aspirating 166.7 uL from A9 of standards plate on 4 at 94.0 uL/sec
Delaying for 0 minutes and 1.0 seconds
Moving to A9 of standards plate on 4
Dispensing 166.7 uL into A10 of standards plate on 4 at 94.0 uL/sec
Mixing 5 times with a volume of 100.0 ul
	Aspirating 100.0 uL from A10 of standards plate on 4 at 94.0 uL/sec
	Dispensing 100.0 uL into A10 of standards plate on 4 at 94.0 uL/sec
	Aspirating 100.0 uL from A10 of standards plate on 4 at 94.0 uL/sec
	Dispensing 100.0 uL into A10 of standards plate on 4 at 94.0 uL/sec
	Aspirating 100.0 uL from A10 of standards plate on 4 at 94.0 uL/sec
	Dispensing 100.0 uL into A10 of standards plate on 4 at 94.0 uL/sec
	Aspirating 100.0 uL from A10 of standards plate on 4 at 94.0 uL/sec
	Dispensing 100.0 uL into A10 of standards plate on 4 at 94.0 uL/sec
	Aspirating 100.0 uL from A10 of standards plate on 4 at 94.0 uL/sec
	Dispensing 100.0 uL into A10 of standards plate on 4 at 94.0 uL/sec
Delaying for 0 minutes and 1.0 seconds
Moving to A10 of standards plate on 4
Dropping tip into A1 of Opentrons Fixed Trash on 12
Picking up tip from H10 of Opentrons OT-2 96 Filter Tip Rack 200 µL on 11
Aspirating 166.7 uL from A10 of standards plate on 4 at 94.0 uL/sec
Delaying for 0 minutes and 1.0 seconds
Moving to A10 of standards plate on 4
Dispensing 166.7 uL into A11 of standards plate on 4 at 94.0 uL/sec
Aspirating 166.7 uL from A10 of standards plate on 4 at 94.0 uL/sec
Delaying for 0 minutes and 1.0 seconds
Moving to A10 of standards plate on 4
Dispensing 166.7 uL into A11 of standards plate on 4 at 94.0 uL/sec
Aspirating 166.7 uL from A10 of standards plate on 4 at 94.0 uL/sec
Delaying for 0 minutes and 1.0 seconds
Moving to A10 of standards plate on 4
Dispensing 166.7 uL into A11 of standards plate on 4 at 94.0 uL/sec
Mixing 5 times with a volume of 100.0 ul
	Aspirating 100.0 uL from A11 of standards plate on 4 at 94.0 uL/sec
	Dispensing 100.0 uL into A11 of standards plate on 4 at 94.0 uL/sec
	Aspirating 100.0 uL from A11 of standards plate on 4 at 94.0 uL/sec
	Dispensing 100.0 uL into A11 of standards plate on 4 at 94.0 uL/sec
	Aspirating 100.0 uL from A11 of standards plate on 4 at 94.0 uL/sec
	Dispensing 100.0 uL into A11 of standards plate on 4 at 94.0 uL/sec
	Aspirating 100.0 uL from A11 of standards plate on 4 at 94.0 uL/sec
	Dispensing 100.0 uL into A11 of standards plate on 4 at 94.0 uL/sec
	Aspirating 100.0 uL from A11 of standards plate on 4 at 94.0 uL/sec
	Dispensing 100.0 uL into A11 of standards plate on 4 at 94.0 uL/sec
Delaying for 0 minutes and 1.0 seconds
Moving to A11 of standards plate on 4
Dropping tip into A1 of Opentrons Fixed Trash on 12
Picking up tip from G1 of Opentrons OT-2 96 Filter Tip Rack 200 µL on 11
Aspirating 200.0 uL from A1 of standards plate on 4 at 94.0 uL/sec
Dispensing 100.0 uL into A1 of assay plate on 5 at 94.0 uL/sec
Delaying for 0 minutes and 1.0 seconds
Moving to A1 of assay plate on 5
Dispensing 100.0 uL into B1 of assay plate on 5 at 94.0 uL/sec
Delaying for 0 minutes and 1.0 seconds
Moving to B1 of assay plate on 5
Aspirating 100.0 uL from A1 of standards plate on 4 at 94.0 uL/sec
Dispensing 100.0 uL into C1 of assay plate on 5 at 94.0 uL/sec
Delaying for 0 minutes and 1.0 seconds
Moving to C1 of assay plate on 5
Dropping tip into A1 of Opentrons Fixed Trash on 12
Picking up tip from G2 of Opentrons OT-2 96 Filter Tip Rack 200 µL on 11
Aspirating 200.0 uL from A2 of standards plate on 4 at 94.0 uL/sec
Dispensing 100.0 uL into A2 of assay plate on 5 at 94.0 uL/sec
Delaying for 0 minutes and 1.0 seconds
Moving to A2 of assay plate on 5
Dispensing 100.0 uL into B2 of assay plate on 5 at 94.0 uL/sec
Delaying for 0 minutes and 1.0 seconds
Moving to B2 of assay plate on 5
Aspirating 100.0 uL from A2 of standards plate on 4 at 94.0 uL/sec
Dispensing 100.0 uL into C2 of assay plate on 5 at 94.0 uL/sec
Delaying for 0 minutes and 1.0 seconds
Moving to C2 of assay plate on 5
Dropping tip into A1 of Opentrons Fixed Trash on 12
Picking up tip from G3 of Opentrons OT-2 96 Filter Tip Rack 200 µL on 11
Aspirating 200.0 uL from A3 of standards plate on 4 at 94.0 uL/sec
Dispensing 100.0 uL into A3 of assay plate on 5 at 94.0 uL/sec
Delaying for 0 minutes and 1.0 seconds
Moving to A3 of assay plate on 5
Dispensing 100.0 uL into B3 of assay plate on 5 at 94.0 uL/sec
Delaying for 0 minutes and 1.0 seconds
Moving to B3 of assay plate on 5
Aspirating 100.0 uL from A3 of standards plate on 4 at 94.0 uL/sec
Dispensing 100.0 uL into C3 of assay plate on 5 at 94.0 uL/sec
Delaying for 0 minutes and 1.0 seconds
Moving to C3 of assay plate on 5
Dropping tip into A1 of Opentrons Fixed Trash on 12
Picking up tip from G4 of Opentrons OT-2 96 Filter Tip Rack 200 µL on 11
Aspirating 200.0 uL from A4 of standards plate on 4 at 94.0 uL/sec
Dispensing 100.0 uL into A4 of assay plate on 5 at 94.0 uL/sec
Delaying for 0 minutes and 1.0 seconds
Moving to A4 of assay plate on 5
Dispensing 100.0 uL into B4 of assay plate on 5 at 94.0 uL/sec
Delaying for 0 minutes and 1.0 seconds
Moving to B4 of assay plate on 5
Aspirating 100.0 uL from A4 of standards plate on 4 at 94.0 uL/sec
Dispensing 100.0 uL into C4 of assay plate on 5 at 94.0 uL/sec
Delaying for 0 minutes and 1.0 seconds
Moving to C4 of assay plate on 5
Dropping tip into A1 of Opentrons Fixed Trash on 12
Picking up tip from G5 of Opentrons OT-2 96 Filter Tip Rack 200 µL on 11
Aspirating 200.0 uL from A5 of standards plate on 4 at 94.0 uL/sec
Dispensing 100.0 uL into A5 of assay plate on 5 at 94.0 uL/sec
Delaying for 0 minutes and 1.0 seconds
Moving to A5 of assay plate on 5
Dispensing 100.0 uL into B5 of assay plate on 5 at 94.0 uL/sec
Delaying for 0 minutes and 1.0 seconds
Moving to B5 of assay plate on 5
Aspirating 100.0 uL from A5 of standards plate on 4 at 94.0 uL/sec
Dispensing 100.0 uL into C5 of assay plate on 5 at 94.0 uL/sec
Delaying for 0 minutes and 1.0 seconds
Moving to C5 of assay plate on 5
Dropping tip into A1 of Opentrons Fixed Trash on 12
Picking up tip from G6 of Opentrons OT-2 96 Filter Tip Rack 200 µL on 11
Aspirating 200.0 uL from A6 of standards plate on 4 at 94.0 uL/sec
Dispensing 100.0 uL into A6 of assay plate on 5 at 94.0 uL/sec
Delaying for 0 minutes and 1.0 seconds
Moving to A6 of assay plate on 5
Dispensing 100.0 uL into B6 of assay plate on 5 at 94.0 uL/sec
Delaying for 0 minutes and 1.0 seconds
Moving to B6 of assay plate on 5
Aspirating 100.0 uL from A6 of standards plate on 4 at 94.0 uL/sec
Dispensing 100.0 uL into C6 of assay plate on 5 at 94.0 uL/sec
Delaying for 0 minutes and 1.0 seconds
Moving to C6 of assay plate on 5
Dropping tip into A1 of Opentrons Fixed Trash on 12
Picking up tip from G7 of Opentrons OT-2 96 Filter Tip Rack 200 µL on 11
Aspirating 200.0 uL from A7 of standards plate on 4 at 94.0 uL/sec
Dispensing 100.0 uL into A7 of assay plate on 5 at 94.0 uL/sec
Delaying for 0 minutes and 1.0 seconds
Moving to A7 of assay plate on 5
Dispensing 100.0 uL into B7 of assay plate on 5 at 94.0 uL/sec
Delaying for 0 minutes and 1.0 seconds
Moving to B7 of assay plate on 5
Aspirating 100.0 uL from A7 of standards plate on 4 at 94.0 uL/sec
Dispensing 100.0 uL into C7 of assay plate on 5 at 94.0 uL/sec
Delaying for 0 minutes and 1.0 seconds
Moving to C7 of assay plate on 5
Dropping tip into A1 of Opentrons Fixed Trash on 12
Picking up tip from G8 of Opentrons OT-2 96 Filter Tip Rack 200 µL on 11
Aspirating 200.0 uL from A8 of standards plate on 4 at 94.0 uL/sec
Dispensing 100.0 uL into A8 of assay plate on 5 at 94.0 uL/sec
Delaying for 0 minutes and 1.0 seconds
Moving to A8 of assay plate on 5
Dispensing 100.0 uL into B8 of assay plate on 5 at 94.0 uL/sec
Delaying for 0 minutes and 1.0 seconds
Moving to B8 of assay plate on 5
Aspirating 100.0 uL from A8 of standards plate on 4 at 94.0 uL/sec
Dispensing 100.0 uL into C8 of assay plate on 5 at 94.0 uL/sec
Delaying for 0 minutes and 1.0 seconds
Moving to C8 of assay plate on 5
Dropping tip into A1 of Opentrons Fixed Trash on 12
Picking up tip from G9 of Opentrons OT-2 96 Filter Tip Rack 200 µL on 11
Aspirating 200.0 uL from A9 of standards plate on 4 at 94.0 uL/sec
Dispensing 100.0 uL into A9 of assay plate on 5 at 94.0 uL/sec
Delaying for 0 minutes and 1.0 seconds
Moving to A9 of assay plate on 5
Dispensing 100.0 uL into B9 of assay plate on 5 at 94.0 uL/sec
Delaying for 0 minutes and 1.0 seconds
Moving to B9 of assay plate on 5
Aspirating 100.0 uL from A9 of standards plate on 4 at 94.0 uL/sec
Dispensing 100.0 uL into C9 of assay plate on 5 at 94.0 uL/sec
Delaying for 0 minutes and 1.0 seconds
Moving to C9 of assay plate on 5
Dropping tip into A1 of Opentrons Fixed Trash on 12
Picking up tip from G10 of Opentrons OT-2 96 Filter Tip Rack 200 µL on 11
Aspirating 200.0 uL from A10 of standards plate on 4 at 94.0 uL/sec
Dispensing 100.0 uL into A10 of assay plate on 5 at 94.0 uL/sec
Delaying for 0 minutes and 1.0 seconds
Moving to A10 of assay plate on 5
Dispensing 100.0 uL into B10 of assay plate on 5 at 94.0 uL/sec
Delaying for 0 minutes and 1.0 seconds
Moving to B10 of assay plate on 5
Aspirating 100.0 uL from A10 of standards plate on 4 at 94.0 uL/sec
Dispensing 100.0 uL into C10 of assay plate on 5 at 94.0 uL/sec
Delaying for 0 minutes and 1.0 seconds
Moving to C10 of assay plate on 5
Dropping tip into A1 of Opentrons Fixed Trash on 12
Picking up tip from G11 of Opentrons OT-2 96 Filter Tip Rack 200 µL on 11
Aspirating 200.0 uL from A11 of standards plate on 4 at 94.0 uL/sec
Dispensing 100.0 uL into A11 of assay plate on 5 at 94.0 uL/sec
Delaying for 0 minutes and 1.0 seconds
Moving to A11 of assay plate on 5
Dispensing 100.0 uL into B11 of assay plate on 5 at 94.0 uL/sec
Delaying for 0 minutes and 1.0 seconds
Moving to B11 of assay plate on 5
Aspirating 100.0 uL from A11 of standards plate on 4 at 94.0 uL/sec
Dispensing 100.0 uL into C11 of assay plate on 5 at 94.0 uL/sec
Delaying for 0 minutes and 1.0 seconds
Moving to C11 of assay plate on 5
Dropping tip into A1 of Opentrons Fixed Trash on 12
Picking up tip from G12 of Opentrons OT-2 96 Filter Tip Rack 200 µL on 11
Aspirating 200.0 uL from A12 of standards plate on 4 at 94.0 uL/sec
Dispensing 100.0 uL into A12 of assay plate on 5 at 94.0 uL/sec
Delaying for 0 minutes and 1.0 seconds
Moving to A12 of assay plate on 5
Dispensing 100.0 uL into B12 of assay plate on 5 at 94.0 uL/sec
Delaying for 0 minutes and 1.0 seconds
Moving to B12 of assay plate on 5
Aspirating 100.0 uL from A12 of standards plate on 4 at 94.0 uL/sec
Dispensing 100.0 uL into C12 of assay plate on 5 at 94.0 uL/sec
Delaying for 0 minutes and 1.0 seconds
Moving to C12 of assay plate on 5
Dropping tip into A1 of Opentrons Fixed Trash on 12
Picking up tip from B1 of Opentrons OT-2 96 Filter Tip Rack 200 µL on 11
Aspirating 100.0 uL from A2 of reagents on 8 at 94.0 uL/sec
Delaying for 0 minutes and 1.0 seconds
Moving to A2 of reagents on 8
Dispensing 100.0 uL into A1 of sample preparation plate on 2 at 94.0 uL/sec
Mixing 5 times with a volume of 100.0 ul
	Aspirating 100.0 uL from A1 of sample preparation plate on 2 at 94.0 uL/sec
	Dispensing 100.0 uL into A1 of sample preparation plate on 2 at 94.0 uL/sec
	Aspirating 100.0 uL from A1 of sample preparation plate on 2 at 94.0 uL/sec
	Dispensing 100.0 uL into A1 of sample preparation plate on 2 at 94.0 uL/sec
	Aspirating 100.0 uL from A1 of sample preparation plate on 2 at 94.0 uL/sec
	Dispensing 100.0 uL into A1 of sample preparation plate on 2 at 94.0 uL/sec
	Aspirating 100.0 uL from A1 of sample preparation plate on 2 at 94.0 uL/sec
	Dispensing 100.0 uL into A1 of sample preparation plate on 2 at 94.0 uL/sec
	Aspirating 100.0 uL from A1 of sample preparation plate on 2 at 94.0 uL/sec
	Dispensing 100.0 uL into A1 of sample preparation plate on 2 at 94.0 uL/sec
Aspirating 100.0 uL from A1 of sample preparation plate on 2 at 94.0 uL/sec
Delaying for 0 minutes and 1.0 seconds
Moving to A1 of sample preparation plate on 2
Dispensing 100.0 uL into D1 of assay plate on 5 at 94.0 uL/sec
Delaying for 0 minutes and 1.0 seconds
Moving to D1 of assay plate on 5
Dropping tip into A1 of Opentrons Fixed Trash on 12
Picking up tip from B2 of Opentrons OT-2 96 Filter Tip Rack 200 µL on 11
Aspirating 100.0 uL from A2 of reagents on 8 at 94.0 uL/sec
Delaying for 0 minutes and 1.0 seconds
Moving to A2 of reagents on 8
Dispensing 100.0 uL into A2 of sample preparation plate on 2 at 94.0 uL/sec
Mixing 5 times with a volume of 100.0 ul
	Aspirating 100.0 uL from A2 of sample preparation plate on 2 at 94.0 uL/sec
	Dispensing 100.0 uL into A2 of sample preparation plate on 2 at 94.0 uL/sec
	Aspirating 100.0 uL from A2 of sample preparation plate on 2 at 94.0 uL/sec
	Dispensing 100.0 uL into A2 of sample preparation plate on 2 at 94.0 uL/sec
	Aspirating 100.0 uL from A2 of sample preparation plate on 2 at 94.0 uL/sec
	Dispensing 100.0 uL into A2 of sample preparation plate on 2 at 94.0 uL/sec
	Aspirating 100.0 uL from A2 of sample preparation plate on 2 at 94.0 uL/sec
	Dispensing 100.0 uL into A2 of sample preparation plate on 2 at 94.0 uL/sec
	Aspirating 100.0 uL from A2 of sample preparation plate on 2 at 94.0 uL/sec
	Dispensing 100.0 uL into A2 of sample preparation plate on 2 at 94.0 uL/sec
Aspirating 100.0 uL from A2 of sample preparation plate on 2 at 94.0 uL/sec
Delaying for 0 minutes and 1.0 seconds
Moving to A2 of sample preparation plate on 2
Dispensing 100.0 uL into D2 of assay plate on 5 at 94.0 uL/sec
Delaying for 0 minutes and 1.0 seconds
Moving to D2 of assay plate on 5
Dropping tip into A1 of Opentrons Fixed Trash on 12
Picking up tip from B3 of Opentrons OT-2 96 Filter Tip Rack 200 µL on 11
Aspirating 100.0 uL from A2 of reagents on 8 at 94.0 uL/sec
Delaying for 0 minutes and 1.0 seconds
Moving to A2 of reagents on 8
Dispensing 100.0 uL into A3 of sample preparation plate on 2 at 94.0 uL/sec
Mixing 5 times with a volume of 100.0 ul
	Aspirating 100.0 uL from A3 of sample preparation plate on 2 at 94.0 uL/sec
	Dispensing 100.0 uL into A3 of sample preparation plate on 2 at 94.0 uL/sec
	Aspirating 100.0 uL from A3 of sample preparation plate on 2 at 94.0 uL/sec
	Dispensing 100.0 uL into A3 of sample preparation plate on 2 at 94.0 uL/sec
	Aspirating 100.0 uL from A3 of sample preparation plate on 2 at 94.0 uL/sec
	Dispensing 100.0 uL into A3 of sample preparation plate on 2 at 94.0 uL/sec
	Aspirating 100.0 uL from A3 of sample preparation plate on 2 at 94.0 uL/sec
	Dispensing 100.0 uL into A3 of sample preparation plate on 2 at 94.0 uL/sec
	Aspirating 100.0 uL from A3 of sample preparation plate on 2 at 94.0 uL/sec
	Dispensing 100.0 uL into A3 of sample preparation plate on 2 at 94.0 uL/sec
Aspirating 100.0 uL from A3 of sample preparation plate on 2 at 94.0 uL/sec
Delaying for 0 minutes and 1.0 seconds
Moving to A3 of sample preparation plate on 2
Dispensing 100.0 uL into D3 of assay plate on 5 at 94.0 uL/sec
Delaying for 0 minutes and 1.0 seconds
Moving to D3 of assay plate on 5
Dropping tip into A1 of Opentrons Fixed Trash on 12
Picking up tip from B4 of Opentrons OT-2 96 Filter Tip Rack 200 µL on 11
Aspirating 100.0 uL from A2 of reagents on 8 at 94.0 uL/sec
Delaying for 0 minutes and 1.0 seconds
Moving to A2 of reagents on 8
Dispensing 100.0 uL into A4 of sample preparation plate on 2 at 94.0 uL/sec
Mixing 5 times with a volume of 100.0 ul
	Aspirating 100.0 uL from A4 of sample preparation plate on 2 at 94.0 uL/sec
	Dispensing 100.0 uL into A4 of sample preparation plate on 2 at 94.0 uL/sec
	Aspirating 100.0 uL from A4 of sample preparation plate on 2 at 94.0 uL/sec
	Dispensing 100.0 uL into A4 of sample preparation plate on 2 at 94.0 uL/sec
	Aspirating 100.0 uL from A4 of sample preparation plate on 2 at 94.0 uL/sec
	Dispensing 100.0 uL into A4 of sample preparation plate on 2 at 94.0 uL/sec
	Aspirating 100.0 uL from A4 of sample preparation plate on 2 at 94.0 uL/sec
	Dispensing 100.0 uL into A4 of sample preparation plate on 2 at 94.0 uL/sec
	Aspirating 100.0 uL from A4 of sample preparation plate on 2 at 94.0 uL/sec
	Dispensing 100.0 uL into A4 of sample preparation plate on 2 at 94.0 uL/sec
Aspirating 100.0 uL from A4 of sample preparation plate on 2 at 94.0 uL/sec
Delaying for 0 minutes and 1.0 seconds
Moving to A4 of sample preparation plate on 2
Dispensing 100.0 uL into D4 of assay plate on 5 at 94.0 uL/sec
Delaying for 0 minutes and 1.0 seconds
Moving to D4 of assay plate on 5
Dropping tip into A1 of Opentrons Fixed Trash on 12
Picking up tip from B5 of Opentrons OT-2 96 Filter Tip Rack 200 µL on 11
Aspirating 100.0 uL from A2 of reagents on 8 at 94.0 uL/sec
Delaying for 0 minutes and 1.0 seconds
Moving to A2 of reagents on 8
Dispensing 100.0 uL into A5 of sample preparation plate on 2 at 94.0 uL/sec
Mixing 5 times with a volume of 100.0 ul
	Aspirating 100.0 uL from A5 of sample preparation plate on 2 at 94.0 uL/sec
	Dispensing 100.0 uL into A5 of sample preparation plate on 2 at 94.0 uL/sec
	Aspirating 100.0 uL from A5 of sample preparation plate on 2 at 94.0 uL/sec
	Dispensing 100.0 uL into A5 of sample preparation plate on 2 at 94.0 uL/sec
	Aspirating 100.0 uL from A5 of sample preparation plate on 2 at 94.0 uL/sec
	Dispensing 100.0 uL into A5 of sample preparation plate on 2 at 94.0 uL/sec
	Aspirating 100.0 uL from A5 of sample preparation plate on 2 at 94.0 uL/sec
	Dispensing 100.0 uL into A5 of sample preparation plate on 2 at 94.0 uL/sec
	Aspirating 100.0 uL from A5 of sample preparation plate on 2 at 94.0 uL/sec
	Dispensing 100.0 uL into A5 of sample preparation plate on 2 at 94.0 uL/sec
Aspirating 100.0 uL from A5 of sample preparation plate on 2 at 94.0 uL/sec
Delaying for 0 minutes and 1.0 seconds
Moving to A5 of sample preparation plate on 2
Dispensing 100.0 uL into D5 of assay plate on 5 at 94.0 uL/sec
Delaying for 0 minutes and 1.0 seconds
Moving to D5 of assay plate on 5
Dropping tip into A1 of Opentrons Fixed Trash on 12
Picking up tip from B6 of Opentrons OT-2 96 Filter Tip Rack 200 µL on 11
Aspirating 100.0 uL from A2 of reagents on 8 at 94.0 uL/sec
Delaying for 0 minutes and 1.0 seconds
Moving to A2 of reagents on 8
Dispensing 100.0 uL into A6 of sample preparation plate on 2 at 94.0 uL/sec
Mixing 5 times with a volume of 100.0 ul
	Aspirating 100.0 uL from A6 of sample preparation plate on 2 at 94.0 uL/sec
	Dispensing 100.0 uL into A6 of sample preparation plate on 2 at 94.0 uL/sec
	Aspirating 100.0 uL from A6 of sample preparation plate on 2 at 94.0 uL/sec
	Dispensing 100.0 uL into A6 of sample preparation plate on 2 at 94.0 uL/sec
	Aspirating 100.0 uL from A6 of sample preparation plate on 2 at 94.0 uL/sec
	Dispensing 100.0 uL into A6 of sample preparation plate on 2 at 94.0 uL/sec
	Aspirating 100.0 uL from A6 of sample preparation plate on 2 at 94.0 uL/sec
	Dispensing 100.0 uL into A6 of sample preparation plate on 2 at 94.0 uL/sec
	Aspirating 100.0 uL from A6 of sample preparation plate on 2 at 94.0 uL/sec
	Dispensing 100.0 uL into A6 of sample preparation plate on 2 at 94.0 uL/sec
Aspirating 100.0 uL from A6 of sample preparation plate on 2 at 94.0 uL/sec
Delaying for 0 minutes and 1.0 seconds
Moving to A6 of sample preparation plate on 2
Dispensing 100.0 uL into D6 of assay plate on 5 at 94.0 uL/sec
Delaying for 0 minutes and 1.0 seconds
Moving to D6 of assay plate on 5
Dropping tip into A1 of Opentrons Fixed Trash on 12
Picking up tip from B7 of Opentrons OT-2 96 Filter Tip Rack 200 µL on 11
Aspirating 100.0 uL from A2 of reagents on 8 at 94.0 uL/sec
Delaying for 0 minutes and 1.0 seconds
Moving to A2 of reagents on 8
Dispensing 100.0 uL into A7 of sample preparation plate on 2 at 94.0 uL/sec
Mixing 5 times with a volume of 100.0 ul
	Aspirating 100.0 uL from A7 of sample preparation plate on 2 at 94.0 uL/sec
	Dispensing 100.0 uL into A7 of sample preparation plate on 2 at 94.0 uL/sec
	Aspirating 100.0 uL from A7 of sample preparation plate on 2 at 94.0 uL/sec
	Dispensing 100.0 uL into A7 of sample preparation plate on 2 at 94.0 uL/sec
	Aspirating 100.0 uL from A7 of sample preparation plate on 2 at 94.0 uL/sec
	Dispensing 100.0 uL into A7 of sample preparation plate on 2 at 94.0 uL/sec
	Aspirating 100.0 uL from A7 of sample preparation plate on 2 at 94.0 uL/sec
	Dispensing 100.0 uL into A7 of sample preparation plate on 2 at 94.0 uL/sec
	Aspirating 100.0 uL from A7 of sample preparation plate on 2 at 94.0 uL/sec
	Dispensing 100.0 uL into A7 of sample preparation plate on 2 at 94.0 uL/sec
Aspirating 100.0 uL from A7 of sample preparation plate on 2 at 94.0 uL/sec
Delaying for 0 minutes and 1.0 seconds
Moving to A7 of sample preparation plate on 2
Dispensing 100.0 uL into D7 of assay plate on 5 at 94.0 uL/sec
Delaying for 0 minutes and 1.0 seconds
Moving to D7 of assay plate on 5
Dropping tip into A1 of Opentrons Fixed Trash on 12
Picking up tip from B8 of Opentrons OT-2 96 Filter Tip Rack 200 µL on 11
Aspirating 100.0 uL from A2 of reagents on 8 at 94.0 uL/sec
Delaying for 0 minutes and 1.0 seconds
Moving to A2 of reagents on 8
Dispensing 100.0 uL into A8 of sample preparation plate on 2 at 94.0 uL/sec
Mixing 5 times with a volume of 100.0 ul
	Aspirating 100.0 uL from A8 of sample preparation plate on 2 at 94.0 uL/sec
	Dispensing 100.0 uL into A8 of sample preparation plate on 2 at 94.0 uL/sec
	Aspirating 100.0 uL from A8 of sample preparation plate on 2 at 94.0 uL/sec
	Dispensing 100.0 uL into A8 of sample preparation plate on 2 at 94.0 uL/sec
	Aspirating 100.0 uL from A8 of sample preparation plate on 2 at 94.0 uL/sec
	Dispensing 100.0 uL into A8 of sample preparation plate on 2 at 94.0 uL/sec
	Aspirating 100.0 uL from A8 of sample preparation plate on 2 at 94.0 uL/sec
	Dispensing 100.0 uL into A8 of sample preparation plate on 2 at 94.0 uL/sec
	Aspirating 100.0 uL from A8 of sample preparation plate on 2 at 94.0 uL/sec
	Dispensing 100.0 uL into A8 of sample preparation plate on 2 at 94.0 uL/sec
Aspirating 100.0 uL from A8 of sample preparation plate on 2 at 94.0 uL/sec
Delaying for 0 minutes and 1.0 seconds
Moving to A8 of sample preparation plate on 2
Dispensing 100.0 uL into D8 of assay plate on 5 at 94.0 uL/sec
Delaying for 0 minutes and 1.0 seconds
Moving to D8 of assay plate on 5
Dropping tip into A1 of Opentrons Fixed Trash on 12
Picking up tip from B9 of Opentrons OT-2 96 Filter Tip Rack 200 µL on 11
Aspirating 100.0 uL from A2 of reagents on 8 at 94.0 uL/sec
Delaying for 0 minutes and 1.0 seconds
Moving to A2 of reagents on 8
Dispensing 100.0 uL into A9 of sample preparation plate on 2 at 94.0 uL/sec
Mixing 5 times with a volume of 100.0 ul
	Aspirating 100.0 uL from A9 of sample preparation plate on 2 at 94.0 uL/sec
	Dispensing 100.0 uL into A9 of sample preparation plate on 2 at 94.0 uL/sec
	Aspirating 100.0 uL from A9 of sample preparation plate on 2 at 94.0 uL/sec
	Dispensing 100.0 uL into A9 of sample preparation plate on 2 at 94.0 uL/sec
	Aspirating 100.0 uL from A9 of sample preparation plate on 2 at 94.0 uL/sec
	Dispensing 100.0 uL into A9 of sample preparation plate on 2 at 94.0 uL/sec
	Aspirating 100.0 uL from A9 of sample preparation plate on 2 at 94.0 uL/sec
	Dispensing 100.0 uL into A9 of sample preparation plate on 2 at 94.0 uL/sec
	Aspirating 100.0 uL from A9 of sample preparation plate on 2 at 94.0 uL/sec
	Dispensing 100.0 uL into A9 of sample preparation plate on 2 at 94.0 uL/sec
Aspirating 100.0 uL from A9 of sample preparation plate on 2 at 94.0 uL/sec
Delaying for 0 minutes and 1.0 seconds
Moving to A9 of sample preparation plate on 2
Dispensing 100.0 uL into D9 of assay plate on 5 at 94.0 uL/sec
Delaying for 0 minutes and 1.0 seconds
Moving to D9 of assay plate on 5
Dropping tip into A1 of Opentrons Fixed Trash on 12
Picking up tip from B10 of Opentrons OT-2 96 Filter Tip Rack 200 µL on 11
Aspirating 100.0 uL from A2 of reagents on 8 at 94.0 uL/sec
Delaying for 0 minutes and 1.0 seconds
Moving to A2 of reagents on 8
Dispensing 100.0 uL into A10 of sample preparation plate on 2 at 94.0 uL/sec
Mixing 5 times with a volume of 100.0 ul
	Aspirating 100.0 uL from A10 of sample preparation plate on 2 at 94.0 uL/sec
	Dispensing 100.0 uL into A10 of sample preparation plate on 2 at 94.0 uL/sec
	Aspirating 100.0 uL from A10 of sample preparation plate on 2 at 94.0 uL/sec
	Dispensing 100.0 uL into A10 of sample preparation plate on 2 at 94.0 uL/sec
	Aspirating 100.0 uL from A10 of sample preparation plate on 2 at 94.0 uL/sec
	Dispensing 100.0 uL into A10 of sample preparation plate on 2 at 94.0 uL/sec
	Aspirating 100.0 uL from A10 of sample preparation plate on 2 at 94.0 uL/sec
	Dispensing 100.0 uL into A10 of sample preparation plate on 2 at 94.0 uL/sec
	Aspirating 100.0 uL from A10 of sample preparation plate on 2 at 94.0 uL/sec
	Dispensing 100.0 uL into A10 of sample preparation plate on 2 at 94.0 uL/sec
Aspirating 100.0 uL from A10 of sample preparation plate on 2 at 94.0 uL/sec
Delaying for 0 minutes and 1.0 seconds
Moving to A10 of sample preparation plate on 2
Dispensing 100.0 uL into D10 of assay plate on 5 at 94.0 uL/sec
Delaying for 0 minutes and 1.0 seconds
Moving to D10 of assay plate on 5
Dropping tip into A1 of Opentrons Fixed Trash on 12
Picking up tip from B11 of Opentrons OT-2 96 Filter Tip Rack 200 µL on 11
Aspirating 100.0 uL from A2 of reagents on 8 at 94.0 uL/sec
Delaying for 0 minutes and 1.0 seconds
Moving to A2 of reagents on 8
Dispensing 100.0 uL into A11 of sample preparation plate on 2 at 94.0 uL/sec
Mixing 5 times with a volume of 100.0 ul
	Aspirating 100.0 uL from A11 of sample preparation plate on 2 at 94.0 uL/sec
	Dispensing 100.0 uL into A11 of sample preparation plate on 2 at 94.0 uL/sec
	Aspirating 100.0 uL from A11 of sample preparation plate on 2 at 94.0 uL/sec
	Dispensing 100.0 uL into A11 of sample preparation plate on 2 at 94.0 uL/sec
	Aspirating 100.0 uL from A11 of sample preparation plate on 2 at 94.0 uL/sec
	Dispensing 100.0 uL into A11 of sample preparation plate on 2 at 94.0 uL/sec
	Aspirating 100.0 uL from A11 of sample preparation plate on 2 at 94.0 uL/sec
	Dispensing 100.0 uL into A11 of sample preparation plate on 2 at 94.0 uL/sec
	Aspirating 100.0 uL from A11 of sample preparation plate on 2 at 94.0 uL/sec
	Dispensing 100.0 uL into A11 of sample preparation plate on 2 at 94.0 uL/sec
Aspirating 100.0 uL from A11 of sample preparation plate on 2 at 94.0 uL/sec
Delaying for 0 minutes and 1.0 seconds
Moving to A11 of sample preparation plate on 2
Dispensing 100.0 uL into D11 of assay plate on 5 at 94.0 uL/sec
Delaying for 0 minutes and 1.0 seconds
Moving to D11 of assay plate on 5
Dropping tip into A1 of Opentrons Fixed Trash on 12
Picking up tip from B12 of Opentrons OT-2 96 Filter Tip Rack 200 µL on 11
Aspirating 100.0 uL from A2 of reagents on 8 at 94.0 uL/sec
Delaying for 0 minutes and 1.0 seconds
Moving to A2 of reagents on 8
Dispensing 100.0 uL into A12 of sample preparation plate on 2 at 94.0 uL/sec
Mixing 5 times with a volume of 100.0 ul
	Aspirating 100.0 uL from A12 of sample preparation plate on 2 at 94.0 uL/sec
	Dispensing 100.0 uL into A12 of sample preparation plate on 2 at 94.0 uL/sec
	Aspirating 100.0 uL from A12 of sample preparation plate on 2 at 94.0 uL/sec
	Dispensing 100.0 uL into A12 of sample preparation plate on 2 at 94.0 uL/sec
	Aspirating 100.0 uL from A12 of sample preparation plate on 2 at 94.0 uL/sec
	Dispensing 100.0 uL into A12 of sample preparation plate on 2 at 94.0 uL/sec
	Aspirating 100.0 uL from A12 of sample preparation plate on 2 at 94.0 uL/sec
	Dispensing 100.0 uL into A12 of sample preparation plate on 2 at 94.0 uL/sec
	Aspirating 100.0 uL from A12 of sample preparation plate on 2 at 94.0 uL/sec
	Dispensing 100.0 uL into A12 of sample preparation plate on 2 at 94.0 uL/sec
Aspirating 100.0 uL from A12 of sample preparation plate on 2 at 94.0 uL/sec
Delaying for 0 minutes and 1.0 seconds
Moving to A12 of sample preparation plate on 2
Dispensing 100.0 uL into D12 of assay plate on 5 at 94.0 uL/sec
Delaying for 0 minutes and 1.0 seconds
Moving to D12 of assay plate on 5
Dropping tip into A1 of Opentrons Fixed Trash on 12
Pausing robot operation: Add coated beads to reservoir channel 3.
Picking up tip from A1 of Opentrons OT-2 96 Filter Tip Rack 200 µL on 10
Aspirating 40.0 uL from A3 of reagents on 8 at 94.0 uL/sec
Aspirating 100.0 uL from A3 of reagents on 8 at 94.0 uL/sec
Dispensing 100.0 uL into A3 of reagents on 8 at 94.0 uL/sec
Delaying for 0 minutes and 1.0 seconds
Aspirating 100.0 uL from A3 of reagents on 8 at 94.0 uL/sec
Dispensing 100.0 uL into A3 of reagents on 8 at 94.0 uL/sec
Delaying for 0 minutes and 1.0 seconds
Aspirating 100.0 uL from A3 of reagents on 8 at 94.0 uL/sec
Dispensing 100.0 uL into A3 of reagents on 8 at 94.0 uL/sec
Delaying for 0 minutes and 1.0 seconds
Aspirating 100.0 uL from A3 of reagents on 8 at 94.0 uL/sec
Dispensing 100.0 uL into A3 of reagents on 8 at 94.0 uL/sec
Delaying for 0 minutes and 1.0 seconds
Aspirating 100.0 uL from A3 of reagents on 8 at 94.0 uL/sec
Dispensing 100.0 uL into A3 of reagents on 8 at 94.0 uL/sec
Delaying for 0 minutes and 1.0 seconds
Aspirating 100.0 uL from A3 of reagents on 8 at 94.0 uL/sec
Delaying for 0 minutes and 1.0 seconds
Moving to A3 of reagents on 8
Dispensing 140.0 uL into A1 of assay plate on 5 at 188.0 uL/sec
Moving to A1 of assay plate on 5
Delaying for 0 minutes and 1.0 seconds
Aspirating 40.0 uL from A3 of reagents on 8 at 94.0 uL/sec
Aspirating 100.0 uL from A3 of reagents on 8 at 94.0 uL/sec
Delaying for 0 minutes and 1.0 seconds
Moving to A3 of reagents on 8
Dispensing 140.0 uL into A2 of assay plate on 5 at 188.0 uL/sec
Moving to A2 of assay plate on 5
Delaying for 0 minutes and 1.0 seconds
Aspirating 40.0 uL from A3 of reagents on 8 at 94.0 uL/sec
Aspirating 100.0 uL from A3 of reagents on 8 at 94.0 uL/sec
Delaying for 0 minutes and 1.0 seconds
Moving to A3 of reagents on 8
Dispensing 140.0 uL into A3 of assay plate on 5 at 188.0 uL/sec
Moving to A3 of assay plate on 5
Delaying for 0 minutes and 1.0 seconds
Aspirating 40.0 uL from A3 of reagents on 8 at 94.0 uL/sec
Aspirating 100.0 uL from A3 of reagents on 8 at 94.0 uL/sec
Delaying for 0 minutes and 1.0 seconds
Moving to A3 of reagents on 8
Dispensing 140.0 uL into A4 of assay plate on 5 at 188.0 uL/sec
Moving to A4 of assay plate on 5
Delaying for 0 minutes and 1.0 seconds
Aspirating 40.0 uL from A3 of reagents on 8 at 94.0 uL/sec
Aspirating 100.0 uL from A3 of reagents on 8 at 94.0 uL/sec
Delaying for 0 minutes and 1.0 seconds
Moving to A3 of reagents on 8
Dispensing 140.0 uL into A5 of assay plate on 5 at 188.0 uL/sec
Moving to A5 of assay plate on 5
Delaying for 0 minutes and 1.0 seconds
Aspirating 40.0 uL from A3 of reagents on 8 at 94.0 uL/sec
Aspirating 100.0 uL from A3 of reagents on 8 at 94.0 uL/sec
Delaying for 0 minutes and 1.0 seconds
Moving to A3 of reagents on 8
Dispensing 140.0 uL into A6 of assay plate on 5 at 188.0 uL/sec
Moving to A6 of assay plate on 5
Delaying for 0 minutes and 1.0 seconds
Aspirating 40.0 uL from A3 of reagents on 8 at 94.0 uL/sec
Aspirating 100.0 uL from A3 of reagents on 8 at 94.0 uL/sec
Delaying for 0 minutes and 1.0 seconds
Moving to A3 of reagents on 8
Dispensing 140.0 uL into A7 of assay plate on 5 at 188.0 uL/sec
Moving to A7 of assay plate on 5
Delaying for 0 minutes and 1.0 seconds
Aspirating 40.0 uL from A3 of reagents on 8 at 94.0 uL/sec
Aspirating 100.0 uL from A3 of reagents on 8 at 94.0 uL/sec
Delaying for 0 minutes and 1.0 seconds
Moving to A3 of reagents on 8
Dispensing 140.0 uL into A8 of assay plate on 5 at 188.0 uL/sec
Moving to A8 of assay plate on 5
Delaying for 0 minutes and 1.0 seconds
Aspirating 40.0 uL from A3 of reagents on 8 at 94.0 uL/sec
Aspirating 100.0 uL from A3 of reagents on 8 at 94.0 uL/sec
Delaying for 0 minutes and 1.0 seconds
Moving to A3 of reagents on 8
Dispensing 140.0 uL into A9 of assay plate on 5 at 188.0 uL/sec
Moving to A9 of assay plate on 5
Delaying for 0 minutes and 1.0 seconds
Aspirating 40.0 uL from A3 of reagents on 8 at 94.0 uL/sec
Aspirating 100.0 uL from A3 of reagents on 8 at 94.0 uL/sec
Delaying for 0 minutes and 1.0 seconds
Moving to A3 of reagents on 8
Dispensing 140.0 uL into A10 of assay plate on 5 at 188.0 uL/sec
Moving to A10 of assay plate on 5
Delaying for 0 minutes and 1.0 seconds
Aspirating 40.0 uL from A3 of reagents on 8 at 94.0 uL/sec
Aspirating 100.0 uL from A3 of reagents on 8 at 94.0 uL/sec
Delaying for 0 minutes and 1.0 seconds
Moving to A3 of reagents on 8
Dispensing 140.0 uL into A11 of assay plate on 5 at 188.0 uL/sec
Moving to A11 of assay plate on 5
Delaying for 0 minutes and 1.0 seconds
Aspirating 40.0 uL from A3 of reagents on 8 at 94.0 uL/sec
Aspirating 100.0 uL from A3 of reagents on 8 at 94.0 uL/sec
Delaying for 0 minutes and 1.0 seconds
Moving to A3 of reagents on 8
Dispensing 140.0 uL into A12 of assay plate on 5 at 188.0 uL/sec
Moving to A12 of assay plate on 5
Delaying for 0 minutes and 1.0 seconds
Dropping tip into A1 of Opentrons Fixed Trash on 12
Pausing robot operation: Proceed with Target Capture incubation and Post-Capture Wash.
Picking up tip from A2 of Opentrons OT-2 96 Filter Tip Rack 200 µL on 10
Aspirating 140.0 uL from A4 of reagents on 8 at 94.0 uL/sec
Delaying for 0 minutes and 1.0 seconds
Moving to A4 of reagents on 8
Dispensing 20.0 uL into A1 of sphere mag plate on 7 at 94.0 uL/sec
Delaying for 0 minutes and 2.0 seconds
Dispensing 20.0 uL into A2 of sphere mag plate on 7 at 94.0 uL/sec
Delaying for 0 minutes and 2.0 seconds
Dispensing 20.0 uL into A3 of sphere mag plate on 7 at 94.0 uL/sec
Delaying for 0 minutes and 2.0 seconds
Dispensing 20.0 uL into A4 of sphere mag plate on 7 at 94.0 uL/sec
Delaying for 0 minutes and 2.0 seconds
Dispensing 20.0 uL into A5 of sphere mag plate on 7 at 94.0 uL/sec
Delaying for 0 minutes and 2.0 seconds
Dispensing 20.0 uL into A6 of sphere mag plate on 7 at 94.0 uL/sec
Delaying for 0 minutes and 2.0 seconds
Dispensing 20.0 uL into A4 of reagents on 8 at 94.0 uL/sec
Aspirating 140.0 uL from A4 of reagents on 8 at 94.0 uL/sec
Delaying for 0 minutes and 1.0 seconds
Moving to A4 of reagents on 8
Dispensing 20.0 uL into A7 of sphere mag plate on 7 at 94.0 uL/sec
Delaying for 0 minutes and 2.0 seconds
Dispensing 20.0 uL into A8 of sphere mag plate on 7 at 94.0 uL/sec
Delaying for 0 minutes and 2.0 seconds
Dispensing 20.0 uL into A9 of sphere mag plate on 7 at 94.0 uL/sec
Delaying for 0 minutes and 2.0 seconds
Dispensing 20.0 uL into A10 of sphere mag plate on 7 at 94.0 uL/sec
Delaying for 0 minutes and 2.0 seconds
Dispensing 20.0 uL into A11 of sphere mag plate on 7 at 94.0 uL/sec
Delaying for 0 minutes and 2.0 seconds
Dispensing 20.0 uL into A12 of sphere mag plate on 7 at 94.0 uL/sec
Delaying for 0 minutes and 2.0 seconds
Dropping tip into A1 of Opentrons Fixed Trash on 12
Pausing robot operation: Proceed with Detection incubation and Post-Detection Wash and Shake.
Pausing robot operation: Proceed with Elution incubation. Place clean assay plate in slot 5
Picking up tip from A1 of Opentrons OT-2 96 Filter Tip Rack 20 µL on 3
Aspirating 10.0 uL from A6 of reagents on 8 at 7.6 uL/sec
Delaying for 0 minutes and 1.0 seconds
Moving to A6 of reagents on 8
Dispensing 10.0 uL into A1 of sphere mag plate on 7 at 7.6 uL/sec
Mixing 5 times with a volume of 10.0 ul
	Aspirating 10.0 uL from A1 of sphere mag plate on 7 at 7.6 uL/sec
	Dispensing 10.0 uL into A1 of sphere mag plate on 7 at 7.6 uL/sec
	Aspirating 10.0 uL from A1 of sphere mag plate on 7 at 7.6 uL/sec
	Dispensing 10.0 uL into A1 of sphere mag plate on 7 at 7.6 uL/sec
	Aspirating 10.0 uL from A1 of sphere mag plate on 7 at 7.6 uL/sec
	Dispensing 10.0 uL into A1 of sphere mag plate on 7 at 7.6 uL/sec
	Aspirating 10.0 uL from A1 of sphere mag plate on 7 at 7.6 uL/sec
	Dispensing 10.0 uL into A1 of sphere mag plate on 7 at 7.6 uL/sec
	Aspirating 10.0 uL from A1 of sphere mag plate on 7 at 7.6 uL/sec
	Dispensing 10.0 uL into A1 of sphere mag plate on 7 at 7.6 uL/sec
Aspirating 20.0 uL from A1 of sphere mag plate on 7 at 1.52 uL/sec
Delaying for 0 minutes and 1.0 seconds
Moving to A1 of sphere mag plate on 7
Dispensing 20.0 uL into A1 of elution plate on 1 at 7.6 uL/sec
Delaying for 0 minutes and 1.0 seconds
Moving to A1 of elution plate on 1
Dropping tip into A1 of Opentrons Fixed Trash on 12
Picking up tip from A2 of Opentrons OT-2 96 Filter Tip Rack 20 µL on 3
Aspirating 10.0 uL from A6 of reagents on 8 at 7.6 uL/sec
Delaying for 0 minutes and 1.0 seconds
Moving to A6 of reagents on 8
Dispensing 10.0 uL into A2 of sphere mag plate on 7 at 7.6 uL/sec
Mixing 5 times with a volume of 10.0 ul
	Aspirating 10.0 uL from A2 of sphere mag plate on 7 at 7.6 uL/sec
	Dispensing 10.0 uL into A2 of sphere mag plate on 7 at 7.6 uL/sec
	Aspirating 10.0 uL from A2 of sphere mag plate on 7 at 7.6 uL/sec
	Dispensing 10.0 uL into A2 of sphere mag plate on 7 at 7.6 uL/sec
	Aspirating 10.0 uL from A2 of sphere mag plate on 7 at 7.6 uL/sec
	Dispensing 10.0 uL into A2 of sphere mag plate on 7 at 7.6 uL/sec
	Aspirating 10.0 uL from A2 of sphere mag plate on 7 at 7.6 uL/sec
	Dispensing 10.0 uL into A2 of sphere mag plate on 7 at 7.6 uL/sec
	Aspirating 10.0 uL from A2 of sphere mag plate on 7 at 7.6 uL/sec
	Dispensing 10.0 uL into A2 of sphere mag plate on 7 at 7.6 uL/sec
Aspirating 20.0 uL from A2 of sphere mag plate on 7 at 1.52 uL/sec
Delaying for 0 minutes and 1.0 seconds
Moving to A2 of sphere mag plate on 7
Dispensing 20.0 uL into A3 of elution plate on 1 at 7.6 uL/sec
Delaying for 0 minutes and 1.0 seconds
Moving to A3 of elution plate on 1
Dropping tip into A1 of Opentrons Fixed Trash on 12
Picking up tip from A3 of Opentrons OT-2 96 Filter Tip Rack 20 µL on 3
Aspirating 10.0 uL from A6 of reagents on 8 at 7.6 uL/sec
Delaying for 0 minutes and 1.0 seconds
Moving to A6 of reagents on 8
Dispensing 10.0 uL into A3 of sphere mag plate on 7 at 7.6 uL/sec
Mixing 5 times with a volume of 10.0 ul
	Aspirating 10.0 uL from A3 of sphere mag plate on 7 at 7.6 uL/sec
	Dispensing 10.0 uL into A3 of sphere mag plate on 7 at 7.6 uL/sec
	Aspirating 10.0 uL from A3 of sphere mag plate on 7 at 7.6 uL/sec
	Dispensing 10.0 uL into A3 of sphere mag plate on 7 at 7.6 uL/sec
	Aspirating 10.0 uL from A3 of sphere mag plate on 7 at 7.6 uL/sec
	Dispensing 10.0 uL into A3 of sphere mag plate on 7 at 7.6 uL/sec
	Aspirating 10.0 uL from A3 of sphere mag plate on 7 at 7.6 uL/sec
	Dispensing 10.0 uL into A3 of sphere mag plate on 7 at 7.6 uL/sec
	Aspirating 10.0 uL from A3 of sphere mag plate on 7 at 7.6 uL/sec
	Dispensing 10.0 uL into A3 of sphere mag plate on 7 at 7.6 uL/sec
Aspirating 20.0 uL from A3 of sphere mag plate on 7 at 1.52 uL/sec
Delaying for 0 minutes and 1.0 seconds
Moving to A3 of sphere mag plate on 7
Dispensing 20.0 uL into A5 of elution plate on 1 at 7.6 uL/sec
Delaying for 0 minutes and 1.0 seconds
Moving to A5 of elution plate on 1
Dropping tip into A1 of Opentrons Fixed Trash on 12
Picking up tip from A4 of Opentrons OT-2 96 Filter Tip Rack 20 µL on 3
Aspirating 10.0 uL from A6 of reagents on 8 at 7.6 uL/sec
Delaying for 0 minutes and 1.0 seconds
Moving to A6 of reagents on 8
Dispensing 10.0 uL into A4 of sphere mag plate on 7 at 7.6 uL/sec
Mixing 5 times with a volume of 10.0 ul
	Aspirating 10.0 uL from A4 of sphere mag plate on 7 at 7.6 uL/sec
	Dispensing 10.0 uL into A4 of sphere mag plate on 7 at 7.6 uL/sec
	Aspirating 10.0 uL from A4 of sphere mag plate on 7 at 7.6 uL/sec
	Dispensing 10.0 uL into A4 of sphere mag plate on 7 at 7.6 uL/sec
	Aspirating 10.0 uL from A4 of sphere mag plate on 7 at 7.6 uL/sec
	Dispensing 10.0 uL into A4 of sphere mag plate on 7 at 7.6 uL/sec
	Aspirating 10.0 uL from A4 of sphere mag plate on 7 at 7.6 uL/sec
	Dispensing 10.0 uL into A4 of sphere mag plate on 7 at 7.6 uL/sec
	Aspirating 10.0 uL from A4 of sphere mag plate on 7 at 7.6 uL/sec
	Dispensing 10.0 uL into A4 of sphere mag plate on 7 at 7.6 uL/sec
Aspirating 20.0 uL from A4 of sphere mag plate on 7 at 1.52 uL/sec
Delaying for 0 minutes and 1.0 seconds
Moving to A4 of sphere mag plate on 7
Dispensing 20.0 uL into A7 of elution plate on 1 at 7.6 uL/sec
Delaying for 0 minutes and 1.0 seconds
Moving to A7 of elution plate on 1
Dropping tip into A1 of Opentrons Fixed Trash on 12
Picking up tip from A5 of Opentrons OT-2 96 Filter Tip Rack 20 µL on 3
Aspirating 10.0 uL from A6 of reagents on 8 at 7.6 uL/sec
Delaying for 0 minutes and 1.0 seconds
Moving to A6 of reagents on 8
Dispensing 10.0 uL into A5 of sphere mag plate on 7 at 7.6 uL/sec
Mixing 5 times with a volume of 10.0 ul
	Aspirating 10.0 uL from A5 of sphere mag plate on 7 at 7.6 uL/sec
	Dispensing 10.0 uL into A5 of sphere mag plate on 7 at 7.6 uL/sec
	Aspirating 10.0 uL from A5 of sphere mag plate on 7 at 7.6 uL/sec
	Dispensing 10.0 uL into A5 of sphere mag plate on 7 at 7.6 uL/sec
	Aspirating 10.0 uL from A5 of sphere mag plate on 7 at 7.6 uL/sec
	Dispensing 10.0 uL into A5 of sphere mag plate on 7 at 7.6 uL/sec
	Aspirating 10.0 uL from A5 of sphere mag plate on 7 at 7.6 uL/sec
	Dispensing 10.0 uL into A5 of sphere mag plate on 7 at 7.6 uL/sec
	Aspirating 10.0 uL from A5 of sphere mag plate on 7 at 7.6 uL/sec
	Dispensing 10.0 uL into A5 of sphere mag plate on 7 at 7.6 uL/sec
Aspirating 20.0 uL from A5 of sphere mag plate on 7 at 1.52 uL/sec
Delaying for 0 minutes and 1.0 seconds
Moving to A5 of sphere mag plate on 7
Dispensing 20.0 uL into A9 of elution plate on 1 at 7.6 uL/sec
Delaying for 0 minutes and 1.0 seconds
Moving to A9 of elution plate on 1
Dropping tip into A1 of Opentrons Fixed Trash on 12
Picking up tip from A6 of Opentrons OT-2 96 Filter Tip Rack 20 µL on 3
Aspirating 10.0 uL from A6 of reagents on 8 at 7.6 uL/sec
Delaying for 0 minutes and 1.0 seconds
Moving to A6 of reagents on 8
Dispensing 10.0 uL into A6 of sphere mag plate on 7 at 7.6 uL/sec
Mixing 5 times with a volume of 10.0 ul
	Aspirating 10.0 uL from A6 of sphere mag plate on 7 at 7.6 uL/sec
	Dispensing 10.0 uL into A6 of sphere mag plate on 7 at 7.6 uL/sec
	Aspirating 10.0 uL from A6 of sphere mag plate on 7 at 7.6 uL/sec
	Dispensing 10.0 uL into A6 of sphere mag plate on 7 at 7.6 uL/sec
	Aspirating 10.0 uL from A6 of sphere mag plate on 7 at 7.6 uL/sec
	Dispensing 10.0 uL into A6 of sphere mag plate on 7 at 7.6 uL/sec
	Aspirating 10.0 uL from A6 of sphere mag plate on 7 at 7.6 uL/sec
	Dispensing 10.0 uL into A6 of sphere mag plate on 7 at 7.6 uL/sec
	Aspirating 10.0 uL from A6 of sphere mag plate on 7 at 7.6 uL/sec
	Dispensing 10.0 uL into A6 of sphere mag plate on 7 at 7.6 uL/sec
Aspirating 20.0 uL from A6 of sphere mag plate on 7 at 1.52 uL/sec
Delaying for 0 minutes and 1.0 seconds
Moving to A6 of sphere mag plate on 7
Dispensing 20.0 uL into A11 of elution plate on 1 at 7.6 uL/sec
Delaying for 0 minutes and 1.0 seconds
Moving to A11 of elution plate on 1
Dropping tip into A1 of Opentrons Fixed Trash on 12
Picking up tip from A7 of Opentrons OT-2 96 Filter Tip Rack 20 µL on 3
Aspirating 10.0 uL from A6 of reagents on 8 at 7.6 uL/sec
Delaying for 0 minutes and 1.0 seconds
Moving to A6 of reagents on 8
Dispensing 10.0 uL into A7 of sphere mag plate on 7 at 7.6 uL/sec
Mixing 5 times with a volume of 10.0 ul
	Aspirating 10.0 uL from A7 of sphere mag plate on 7 at 7.6 uL/sec
	Dispensing 10.0 uL into A7 of sphere mag plate on 7 at 7.6 uL/sec
	Aspirating 10.0 uL from A7 of sphere mag plate on 7 at 7.6 uL/sec
	Dispensing 10.0 uL into A7 of sphere mag plate on 7 at 7.6 uL/sec
	Aspirating 10.0 uL from A7 of sphere mag plate on 7 at 7.6 uL/sec
	Dispensing 10.0 uL into A7 of sphere mag plate on 7 at 7.6 uL/sec
	Aspirating 10.0 uL from A7 of sphere mag plate on 7 at 7.6 uL/sec
	Dispensing 10.0 uL into A7 of sphere mag plate on 7 at 7.6 uL/sec
	Aspirating 10.0 uL from A7 of sphere mag plate on 7 at 7.6 uL/sec
	Dispensing 10.0 uL into A7 of sphere mag plate on 7 at 7.6 uL/sec
Aspirating 20.0 uL from A7 of sphere mag plate on 7 at 1.52 uL/sec
Delaying for 0 minutes and 1.0 seconds
Moving to A7 of sphere mag plate on 7
Dispensing 20.0 uL into A13 of elution plate on 1 at 7.6 uL/sec
Delaying for 0 minutes and 1.0 seconds
Moving to A13 of elution plate on 1
Dropping tip into A1 of Opentrons Fixed Trash on 12
Picking up tip from A8 of Opentrons OT-2 96 Filter Tip Rack 20 µL on 3
Aspirating 10.0 uL from A6 of reagents on 8 at 7.6 uL/sec
Delaying for 0 minutes and 1.0 seconds
Moving to A6 of reagents on 8
Dispensing 10.0 uL into A8 of sphere mag plate on 7 at 7.6 uL/sec
Mixing 5 times with a volume of 10.0 ul
	Aspirating 10.0 uL from A8 of sphere mag plate on 7 at 7.6 uL/sec
	Dispensing 10.0 uL into A8 of sphere mag plate on 7 at 7.6 uL/sec
	Aspirating 10.0 uL from A8 of sphere mag plate on 7 at 7.6 uL/sec
	Dispensing 10.0 uL into A8 of sphere mag plate on 7 at 7.6 uL/sec
	Aspirating 10.0 uL from A8 of sphere mag plate on 7 at 7.6 uL/sec
	Dispensing 10.0 uL into A8 of sphere mag plate on 7 at 7.6 uL/sec
	Aspirating 10.0 uL from A8 of sphere mag plate on 7 at 7.6 uL/sec
	Dispensing 10.0 uL into A8 of sphere mag plate on 7 at 7.6 uL/sec
	Aspirating 10.0 uL from A8 of sphere mag plate on 7 at 7.6 uL/sec
	Dispensing 10.0 uL into A8 of sphere mag plate on 7 at 7.6 uL/sec
Aspirating 20.0 uL from A8 of sphere mag plate on 7 at 1.52 uL/sec
Delaying for 0 minutes and 1.0 seconds
Moving to A8 of sphere mag plate on 7
Dispensing 20.0 uL into A15 of elution plate on 1 at 7.6 uL/sec
Delaying for 0 minutes and 1.0 seconds
Moving to A15 of elution plate on 1
Dropping tip into A1 of Opentrons Fixed Trash on 12
Picking up tip from A9 of Opentrons OT-2 96 Filter Tip Rack 20 µL on 3
Aspirating 10.0 uL from A6 of reagents on 8 at 7.6 uL/sec
Delaying for 0 minutes and 1.0 seconds
Moving to A6 of reagents on 8
Dispensing 10.0 uL into A9 of sphere mag plate on 7 at 7.6 uL/sec
Mixing 5 times with a volume of 10.0 ul
	Aspirating 10.0 uL from A9 of sphere mag plate on 7 at 7.6 uL/sec
	Dispensing 10.0 uL into A9 of sphere mag plate on 7 at 7.6 uL/sec
	Aspirating 10.0 uL from A9 of sphere mag plate on 7 at 7.6 uL/sec
	Dispensing 10.0 uL into A9 of sphere mag plate on 7 at 7.6 uL/sec
	Aspirating 10.0 uL from A9 of sphere mag plate on 7 at 7.6 uL/sec
	Dispensing 10.0 uL into A9 of sphere mag plate on 7 at 7.6 uL/sec
	Aspirating 10.0 uL from A9 of sphere mag plate on 7 at 7.6 uL/sec
	Dispensing 10.0 uL into A9 of sphere mag plate on 7 at 7.6 uL/sec
	Aspirating 10.0 uL from A9 of sphere mag plate on 7 at 7.6 uL/sec
	Dispensing 10.0 uL into A9 of sphere mag plate on 7 at 7.6 uL/sec
Aspirating 20.0 uL from A9 of sphere mag plate on 7 at 1.52 uL/sec
Delaying for 0 minutes and 1.0 seconds
Moving to A9 of sphere mag plate on 7
Dispensing 20.0 uL into A17 of elution plate on 1 at 7.6 uL/sec
Delaying for 0 minutes and 1.0 seconds
Moving to A17 of elution plate on 1
Dropping tip into A1 of Opentrons Fixed Trash on 12
Picking up tip from A10 of Opentrons OT-2 96 Filter Tip Rack 20 µL on 3
Aspirating 10.0 uL from A6 of reagents on 8 at 7.6 uL/sec
Delaying for 0 minutes and 1.0 seconds
Moving to A6 of reagents on 8
Dispensing 10.0 uL into A10 of sphere mag plate on 7 at 7.6 uL/sec
Mixing 5 times with a volume of 10.0 ul
	Aspirating 10.0 uL from A10 of sphere mag plate on 7 at 7.6 uL/sec
	Dispensing 10.0 uL into A10 of sphere mag plate on 7 at 7.6 uL/sec
	Aspirating 10.0 uL from A10 of sphere mag plate on 7 at 7.6 uL/sec
	Dispensing 10.0 uL into A10 of sphere mag plate on 7 at 7.6 uL/sec
	Aspirating 10.0 uL from A10 of sphere mag plate on 7 at 7.6 uL/sec
	Dispensing 10.0 uL into A10 of sphere mag plate on 7 at 7.6 uL/sec
	Aspirating 10.0 uL from A10 of sphere mag plate on 7 at 7.6 uL/sec
	Dispensing 10.0 uL into A10 of sphere mag plate on 7 at 7.6 uL/sec
	Aspirating 10.0 uL from A10 of sphere mag plate on 7 at 7.6 uL/sec
	Dispensing 10.0 uL into A10 of sphere mag plate on 7 at 7.6 uL/sec
Aspirating 20.0 uL from A10 of sphere mag plate on 7 at 1.52 uL/sec
Delaying for 0 minutes and 1.0 seconds
Moving to A10 of sphere mag plate on 7
Dispensing 20.0 uL into A19 of elution plate on 1 at 7.6 uL/sec
Delaying for 0 minutes and 1.0 seconds
Moving to A19 of elution plate on 1
Dropping tip into A1 of Opentrons Fixed Trash on 12
Picking up tip from A11 of Opentrons OT-2 96 Filter Tip Rack 20 µL on 3
Aspirating 10.0 uL from A6 of reagents on 8 at 7.6 uL/sec
Delaying for 0 minutes and 1.0 seconds
Moving to A6 of reagents on 8
Dispensing 10.0 uL into A11 of sphere mag plate on 7 at 7.6 uL/sec
Mixing 5 times with a volume of 10.0 ul
	Aspirating 10.0 uL from A11 of sphere mag plate on 7 at 7.6 uL/sec
	Dispensing 10.0 uL into A11 of sphere mag plate on 7 at 7.6 uL/sec
	Aspirating 10.0 uL from A11 of sphere mag plate on 7 at 7.6 uL/sec
	Dispensing 10.0 uL into A11 of sphere mag plate on 7 at 7.6 uL/sec
	Aspirating 10.0 uL from A11 of sphere mag plate on 7 at 7.6 uL/sec
	Dispensing 10.0 uL into A11 of sphere mag plate on 7 at 7.6 uL/sec
	Aspirating 10.0 uL from A11 of sphere mag plate on 7 at 7.6 uL/sec
	Dispensing 10.0 uL into A11 of sphere mag plate on 7 at 7.6 uL/sec
	Aspirating 10.0 uL from A11 of sphere mag plate on 7 at 7.6 uL/sec
	Dispensing 10.0 uL into A11 of sphere mag plate on 7 at 7.6 uL/sec
Aspirating 20.0 uL from A11 of sphere mag plate on 7 at 1.52 uL/sec
Delaying for 0 minutes and 1.0 seconds
Moving to A11 of sphere mag plate on 7
Dispensing 20.0 uL into A21 of elution plate on 1 at 7.6 uL/sec
Delaying for 0 minutes and 1.0 seconds
Moving to A21 of elution plate on 1
Dropping tip into A1 of Opentrons Fixed Trash on 12
Picking up tip from A12 of Opentrons OT-2 96 Filter Tip Rack 20 µL on 3
Aspirating 10.0 uL from A6 of reagents on 8 at 7.6 uL/sec
Delaying for 0 minutes and 1.0 seconds
Moving to A6 of reagents on 8
Dispensing 10.0 uL into A12 of sphere mag plate on 7 at 7.6 uL/sec
Mixing 5 times with a volume of 10.0 ul
	Aspirating 10.0 uL from A12 of sphere mag plate on 7 at 7.6 uL/sec
	Dispensing 10.0 uL into A12 of sphere mag plate on 7 at 7.6 uL/sec
	Aspirating 10.0 uL from A12 of sphere mag plate on 7 at 7.6 uL/sec
	Dispensing 10.0 uL into A12 of sphere mag plate on 7 at 7.6 uL/sec
	Aspirating 10.0 uL from A12 of sphere mag plate on 7 at 7.6 uL/sec
	Dispensing 10.0 uL into A12 of sphere mag plate on 7 at 7.6 uL/sec
	Aspirating 10.0 uL from A12 of sphere mag plate on 7 at 7.6 uL/sec
	Dispensing 10.0 uL into A12 of sphere mag plate on 7 at 7.6 uL/sec
	Aspirating 10.0 uL from A12 of sphere mag plate on 7 at 7.6 uL/sec
	Dispensing 10.0 uL into A12 of sphere mag plate on 7 at 7.6 uL/sec
Aspirating 20.0 uL from A12 of sphere mag plate on 7 at 1.52 uL/sec
Delaying for 0 minutes and 1.0 seconds
Moving to A12 of sphere mag plate on 7
Dispensing 20.0 uL into A23 of elution plate on 1 at 7.6 uL/sec
Delaying for 0 minutes and 1.0 seconds
Moving to A23 of elution plate on 1
Dropping tip into A1 of Opentrons Fixed Trash on 12
Proceed with plate reading.
Caught exception: {'message': 'Task was destroyed but it is pending!', 'task': <Task pending name='Task-4' coro=<Poller._poll_forever() running at /Users/dp/Desktop/project/github/opentrons/venv/lib/python3.10/site-packages/opentrons/hardware_control/poller.py:80> wait_for=<Future pending cb=[Task.task_wakeup()]>>}
Caught exception: {'message': 'Task was destroyed but it is pending!', 'task': <Task pending name='Task-3' coro=<Poller._poll_forever() running at /Users/dp/Desktop/project/github/opentrons/venv/lib/python3.10/site-packages/opentrons/hardware_control/poller.py:80> wait_for=<Future pending cb=[Task.task_wakeup()]>>}
Caught exception: {'message': 'Task was destroyed but it is pending!', 'task': <Task pending name='Task-2' coro=<Poller._poll_forever() running at /Users/dp/Desktop/project/github/opentrons/venv/lib/python3.10/site-packages/opentrons/hardware_control/poller.py:80> wait_for=<Future pending cb=[Task.task_wakeup()]>>}
