/Users/dp/Desktop/project/github/opentrons/venv/lib/python3.10/site-packages/opentrons/hardware_control/simulator_setup.py:205: UserWarning: Simulator configuration does not name a machine, defaulting to OT-2 Standard
  warn(
/Users/dp/.opentrons/robot_settings.json not found. Loading defaults
Deck calibration not found.
/Users/dp/.opentrons/deck_calibration.json not found. Loading defaults
Setting Temperature Module temperature to 4.0 °C (rounded off to nearest integer)
Setting Temperature Module temperature to 70.0 °C (rounded off to nearest integer)
Picking up tip from A1 of Opentrons OT-2 96 Filter Tip Rack 200 µL on 4
Transferring 93.62651370299554 from A1 of reagent reservoir on 9 to A1 of dilution plate 1 on 2
	Aspirating 93.62651370299554 uL from A1 of reagent reservoir on 9 at 92.86 uL/sec
	Dispensing 93.62651370299554 uL into A1 of dilution plate 1 on 2 at 92.86 uL/sec
Transferring 89.83739837398375 from A1 of reagent reservoir on 9 to B1 of dilution plate 1 on 2
	Aspirating 89.83739837398375 uL from A1 of reagent reservoir on 9 at 92.86 uL/sec
	Dispensing 89.83739837398375 uL into B1 of dilution plate 1 on 2 at 92.86 uL/sec
Transferring 95.30075187969925 from A1 of reagent reservoir on 9 to C1 of dilution plate 1 on 2
	Aspirating 95.30075187969925 uL from A1 of reagent reservoir on 9 at 92.86 uL/sec
	Dispensing 95.30075187969925 uL into C1 of dilution plate 1 on 2 at 92.86 uL/sec
Transferring 95.85578118524658 from A1 of reagent reservoir on 9 to D1 of dilution plate 1 on 2
	Aspirating 95.85578118524658 uL from A1 of reagent reservoir on 9 at 92.86 uL/sec
	Dispensing 95.85578118524658 uL into D1 of dilution plate 1 on 2 at 92.86 uL/sec
Transferring 96.0 from A1 of reagent reservoir on 9 to A7 of dilution plate 1 on 2
	Aspirating 96.0 uL from A1 of reagent reservoir on 9 at 92.86 uL/sec
	Dispensing 96.0 uL into A7 of dilution plate 1 on 2 at 92.86 uL/sec
Transferring 96.0 from A1 of reagent reservoir on 9 to B7 of dilution plate 1 on 2
	Aspirating 96.0 uL from A1 of reagent reservoir on 9 at 92.86 uL/sec
	Dispensing 96.0 uL into B7 of dilution plate 1 on 2 at 92.86 uL/sec
Transferring 96.0 from A1 of reagent reservoir on 9 to C7 of dilution plate 1 on 2
	Aspirating 96.0 uL from A1 of reagent reservoir on 9 at 92.86 uL/sec
	Dispensing 96.0 uL into C7 of dilution plate 1 on 2 at 92.86 uL/sec
Transferring 96.0 from A1 of reagent reservoir on 9 to D7 of dilution plate 1 on 2
	Aspirating 96.0 uL from A1 of reagent reservoir on 9 at 92.86 uL/sec
	Dispensing 96.0 uL into D7 of dilution plate 1 on 2 at 92.86 uL/sec
Dropping tip into A1 of Opentrons Fixed Trash on 12
Picking up tip from A1 of Opentrons OT-2 96 Filter Tip Rack 20 µL on 8
Transferring 6.373486297004462 from A1 of sample tuberack 1 on 5 to A1 of dilution plate 1 on 2
	Mixing 1 times with a volume of 20.0 ul
		Aspirating 20.0 uL from A1 of sample tuberack 1 on 5 at 7.56 uL/sec
		Dispensing 20.0 uL into A1 of sample tuberack 1 on 5 at 7.56 uL/sec
	Aspirating 6.373486297004462 uL from A1 of sample tuberack 1 on 5 at 7.56 uL/sec
	Dispensing 6.373486297004462 uL into A1 of dilution plate 1 on 2 at 7.56 uL/sec
Dropping tip into A1 of Opentrons Fixed Trash on 12
Picking up tip from B1 of Opentrons OT-2 96 Filter Tip Rack 20 µL on 8
Transferring 10.16260162601626 from B1 of sample tuberack 1 on 5 to B1 of dilution plate 1 on 2
	Mixing 1 times with a volume of 20.0 ul
		Aspirating 20.0 uL from B1 of sample tuberack 1 on 5 at 7.56 uL/sec
		Dispensing 20.0 uL into B1 of sample tuberack 1 on 5 at 7.56 uL/sec
	Aspirating 10.16260162601626 uL from B1 of sample tuberack 1 on 5 at 7.56 uL/sec
	Dispensing 10.16260162601626 uL into B1 of dilution plate 1 on 2 at 7.56 uL/sec
Dropping tip into A1 of Opentrons Fixed Trash on 12
Picking up tip from C1 of Opentrons OT-2 96 Filter Tip Rack 20 µL on 8
Transferring 4.6992481203007515 from C1 of sample tuberack 1 on 5 to C1 of dilution plate 1 on 2
	Mixing 1 times with a volume of 20.0 ul
		Aspirating 20.0 uL from C1 of sample tuberack 1 on 5 at 7.56 uL/sec
		Dispensing 20.0 uL into C1 of sample tuberack 1 on 5 at 7.56 uL/sec
	Aspirating 4.6992481203007515 uL from C1 of sample tuberack 1 on 5 at 7.56 uL/sec
	Dispensing 4.6992481203007515 uL into C1 of dilution plate 1 on 2 at 7.56 uL/sec
Dropping tip into A1 of Opentrons Fixed Trash on 12
Picking up tip from D1 of Opentrons OT-2 96 Filter Tip Rack 20 µL on 8
Transferring 4.144218814753419 from D1 of sample tuberack 1 on 5 to D1 of dilution plate 1 on 2
	Mixing 1 times with a volume of 20.0 ul
		Aspirating 20.0 uL from D1 of sample tuberack 1 on 5 at 7.56 uL/sec
		Dispensing 20.0 uL into D1 of sample tuberack 1 on 5 at 7.56 uL/sec
	Aspirating 4.144218814753419 uL from D1 of sample tuberack 1 on 5 at 7.56 uL/sec
	Dispensing 4.144218814753419 uL into D1 of dilution plate 1 on 2 at 7.56 uL/sec
Dropping tip into A1 of Opentrons Fixed Trash on 12
Picking up tip from B1 of Opentrons OT-2 96 Filter Tip Rack 200 µL on 4
Mixing 1 times with a volume of 80.0 ul
	Aspirating 80.0 uL from A1 of dilution plate 1 on 2 at 92.86 uL/sec
	Dispensing 80.0 uL into A1 of dilution plate 1 on 2 at 92.86 uL/sec
Dropping tip into A1 of Opentrons Fixed Trash on 12
Picking up tip from C1 of Opentrons OT-2 96 Filter Tip Rack 200 µL on 4
Mixing 1 times with a volume of 80.0 ul
	Aspirating 80.0 uL from B1 of dilution plate 1 on 2 at 92.86 uL/sec
	Dispensing 80.0 uL into B1 of dilution plate 1 on 2 at 92.86 uL/sec
Dropping tip into A1 of Opentrons Fixed Trash on 12
Picking up tip from D1 of Opentrons OT-2 96 Filter Tip Rack 200 µL on 4
Mixing 1 times with a volume of 80.0 ul
	Aspirating 80.0 uL from C1 of dilution plate 1 on 2 at 92.86 uL/sec
	Dispensing 80.0 uL into C1 of dilution plate 1 on 2 at 92.86 uL/sec
Dropping tip into A1 of Opentrons Fixed Trash on 12
Picking up tip from E1 of Opentrons OT-2 96 Filter Tip Rack 200 µL on 4
Mixing 1 times with a volume of 80.0 ul
	Aspirating 80.0 uL from D1 of dilution plate 1 on 2 at 92.86 uL/sec
	Dispensing 80.0 uL into D1 of dilution plate 1 on 2 at 92.86 uL/sec
Dropping tip into A1 of Opentrons Fixed Trash on 12
Picking up tip from E1 of Opentrons OT-2 96 Filter Tip Rack 20 µL on 8
Transferring 4.0 from A1 of dilution plate 1 on 2 to A7 of dilution plate 1 on 2
	Aspirating 4.0 uL from A1 of dilution plate 1 on 2 at 7.56 uL/sec
	Dispensing 4.0 uL into A7 of dilution plate 1 on 2 at 7.56 uL/sec
Dropping tip into A1 of Opentrons Fixed Trash on 12
Picking up tip from F1 of Opentrons OT-2 96 Filter Tip Rack 20 µL on 8
Transferring 4.0 from B1 of dilution plate 1 on 2 to B7 of dilution plate 1 on 2
	Aspirating 4.0 uL from B1 of dilution plate 1 on 2 at 7.56 uL/sec
	Dispensing 4.0 uL into B7 of dilution plate 1 on 2 at 7.56 uL/sec
Dropping tip into A1 of Opentrons Fixed Trash on 12
Picking up tip from G1 of Opentrons OT-2 96 Filter Tip Rack 20 µL on 8
Transferring 4.0 from C1 of dilution plate 1 on 2 to C7 of dilution plate 1 on 2
	Aspirating 4.0 uL from C1 of dilution plate 1 on 2 at 7.56 uL/sec
	Dispensing 4.0 uL into C7 of dilution plate 1 on 2 at 7.56 uL/sec
Dropping tip into A1 of Opentrons Fixed Trash on 12
Picking up tip from H1 of Opentrons OT-2 96 Filter Tip Rack 20 µL on 8
Transferring 4.0 from D1 of dilution plate 1 on 2 to D7 of dilution plate 1 on 2
	Aspirating 4.0 uL from D1 of dilution plate 1 on 2 at 7.56 uL/sec
	Dispensing 4.0 uL into D7 of dilution plate 1 on 2 at 7.56 uL/sec
Dropping tip into A1 of Opentrons Fixed Trash on 12
Picking up tip from F1 of Opentrons OT-2 96 Filter Tip Rack 200 µL on 4
Mixing 1 times with a volume of 80.0 ul
	Aspirating 80.0 uL from A7 of dilution plate 1 on 2 at 92.86 uL/sec
	Dispensing 80.0 uL into A7 of dilution plate 1 on 2 at 92.86 uL/sec
Dropping tip into A1 of Opentrons Fixed Trash on 12
Picking up tip from G1 of Opentrons OT-2 96 Filter Tip Rack 200 µL on 4
Mixing 1 times with a volume of 80.0 ul
	Aspirating 80.0 uL from B7 of dilution plate 1 on 2 at 92.86 uL/sec
	Dispensing 80.0 uL into B7 of dilution plate 1 on 2 at 92.86 uL/sec
Dropping tip into A1 of Opentrons Fixed Trash on 12
Picking up tip from H1 of Opentrons OT-2 96 Filter Tip Rack 200 µL on 4
Mixing 1 times with a volume of 80.0 ul
	Aspirating 80.0 uL from C7 of dilution plate 1 on 2 at 92.86 uL/sec
	Dispensing 80.0 uL into C7 of dilution plate 1 on 2 at 92.86 uL/sec
Dropping tip into A1 of Opentrons Fixed Trash on 12
Picking up tip from A2 of Opentrons OT-2 96 Filter Tip Rack 200 µL on 4
Mixing 1 times with a volume of 80.0 ul
	Aspirating 80.0 uL from D7 of dilution plate 1 on 2 at 92.86 uL/sec
	Dispensing 80.0 uL into D7 of dilution plate 1 on 2 at 92.86 uL/sec
Dropping tip into A1 of Opentrons Fixed Trash on 12
Picking up tip from B2 of Opentrons OT-2 96 Filter Tip Rack 200 µL on 4
Transferring 135.0 from B6 of sample tuberack 2 on 6 to A1 of dilution plate 2 on 3
	Aspirating 135.0 uL from B6 of sample tuberack 2 on 6 at 92.86 uL/sec
	Dispensing 135.0 uL into A1 of dilution plate 2 on 3 at 92.86 uL/sec
Transferring 135.0 from B6 of sample tuberack 2 on 6 to A2 of dilution plate 2 on 3
	Aspirating 135.0 uL from B6 of sample tuberack 2 on 6 at 92.86 uL/sec
	Dispensing 135.0 uL into A2 of dilution plate 2 on 3 at 92.86 uL/sec
Transferring 135.0 from B6 of sample tuberack 2 on 6 to A3 of dilution plate 2 on 3
	Aspirating 135.0 uL from B6 of sample tuberack 2 on 6 at 92.86 uL/sec
	Dispensing 135.0 uL into A3 of dilution plate 2 on 3 at 92.86 uL/sec
Transferring 135.0 from B6 of sample tuberack 2 on 6 to A4 of dilution plate 2 on 3
	Aspirating 135.0 uL from B6 of sample tuberack 2 on 6 at 92.86 uL/sec
	Dispensing 135.0 uL into A4 of dilution plate 2 on 3 at 92.86 uL/sec
Transferring 27.0 from B6 of sample tuberack 2 on 6 to D12 of dilution plate 2 on 3
	Aspirating 27.0 uL from B6 of sample tuberack 2 on 6 at 92.86 uL/sec
	Dispensing 27.0 uL into D12 of dilution plate 2 on 3 at 92.86 uL/sec
Dropping tip into A1 of Opentrons Fixed Trash on 12
Transferring 15.0 from A7 of dilution plate 1 on 2 to A1 of dilution plate 2 on 3
	Picking up tip from A2 of Opentrons OT-2 96 Filter Tip Rack 20 µL on 8
	Aspirating 15.0 uL from A7 of dilution plate 1 on 2 at 7.56 uL/sec
	Dispensing 15.0 uL into A1 of dilution plate 2 on 3 at 7.56 uL/sec
	Dropping tip into A1 of Opentrons Fixed Trash on 12
Transferring 15.0 from B7 of dilution plate 1 on 2 to A2 of dilution plate 2 on 3
	Picking up tip from B2 of Opentrons OT-2 96 Filter Tip Rack 20 µL on 8
	Aspirating 15.0 uL from B7 of dilution plate 1 on 2 at 7.56 uL/sec
	Dispensing 15.0 uL into A2 of dilution plate 2 on 3 at 7.56 uL/sec
	Dropping tip into A1 of Opentrons Fixed Trash on 12
Transferring 15.0 from C7 of dilution plate 1 on 2 to A3 of dilution plate 2 on 3
	Picking up tip from C2 of Opentrons OT-2 96 Filter Tip Rack 20 µL on 8
	Aspirating 15.0 uL from C7 of dilution plate 1 on 2 at 7.56 uL/sec
	Dispensing 15.0 uL into A3 of dilution plate 2 on 3 at 7.56 uL/sec
	Dropping tip into A1 of Opentrons Fixed Trash on 12
Transferring 15.0 from D7 of dilution plate 1 on 2 to A4 of dilution plate 2 on 3
	Picking up tip from D2 of Opentrons OT-2 96 Filter Tip Rack 20 µL on 8
	Aspirating 15.0 uL from D7 of dilution plate 1 on 2 at 7.56 uL/sec
	Dispensing 15.0 uL into A4 of dilution plate 2 on 3 at 7.56 uL/sec
	Dropping tip into A1 of Opentrons Fixed Trash on 12
Pausing robot operation: Add 3ul RNA ladder to well D12
Picking up tip from C2 of Opentrons OT-2 96 Filter Tip Rack 200 µL on 4
Mixing 1 times with a volume of 120.0 ul
	Aspirating 120.0 uL from A1 of dilution plate 2 on 3 at 92.86 uL/sec
	Dispensing 120.0 uL into A1 of dilution plate 2 on 3 at 92.86 uL/sec
Transferring 50.0 from A1 of dilution plate 2 on 3 to B1 of dilution plate 2 on 3
	Aspirating 50.0 uL from A1 of dilution plate 2 on 3 at 92.86 uL/sec
	Dispensing 50.0 uL into B1 of dilution plate 2 on 3 at 92.86 uL/sec
	Aspirating 50.0 uL from A1 of dilution plate 2 on 3 at 92.86 uL/sec
	Dispensing 50.0 uL into C1 of dilution plate 2 on 3 at 92.86 uL/sec
Dropping tip into A1 of Opentrons Fixed Trash on 12
Picking up tip from D2 of Opentrons OT-2 96 Filter Tip Rack 200 µL on 4
Mixing 1 times with a volume of 120.0 ul
	Aspirating 120.0 uL from A2 of dilution plate 2 on 3 at 92.86 uL/sec
	Dispensing 120.0 uL into A2 of dilution plate 2 on 3 at 92.86 uL/sec
Transferring 50.0 from A2 of dilution plate 2 on 3 to B2 of dilution plate 2 on 3
	Aspirating 50.0 uL from A2 of dilution plate 2 on 3 at 92.86 uL/sec
	Dispensing 50.0 uL into B2 of dilution plate 2 on 3 at 92.86 uL/sec
	Aspirating 50.0 uL from A2 of dilution plate 2 on 3 at 92.86 uL/sec
	Dispensing 50.0 uL into C2 of dilution plate 2 on 3 at 92.86 uL/sec
Dropping tip into A1 of Opentrons Fixed Trash on 12
Picking up tip from E2 of Opentrons OT-2 96 Filter Tip Rack 200 µL on 4
Mixing 1 times with a volume of 120.0 ul
	Aspirating 120.0 uL from A3 of dilution plate 2 on 3 at 92.86 uL/sec
	Dispensing 120.0 uL into A3 of dilution plate 2 on 3 at 92.86 uL/sec
Transferring 50.0 from A3 of dilution plate 2 on 3 to B3 of dilution plate 2 on 3
	Aspirating 50.0 uL from A3 of dilution plate 2 on 3 at 92.86 uL/sec
	Dispensing 50.0 uL into B3 of dilution plate 2 on 3 at 92.86 uL/sec
	Aspirating 50.0 uL from A3 of dilution plate 2 on 3 at 92.86 uL/sec
	Dispensing 50.0 uL into C3 of dilution plate 2 on 3 at 92.86 uL/sec
Dropping tip into A1 of Opentrons Fixed Trash on 12
Picking up tip from F2 of Opentrons OT-2 96 Filter Tip Rack 200 µL on 4
Mixing 1 times with a volume of 120.0 ul
	Aspirating 120.0 uL from A4 of dilution plate 2 on 3 at 92.86 uL/sec
	Dispensing 120.0 uL into A4 of dilution plate 2 on 3 at 92.86 uL/sec
Transferring 50.0 from A4 of dilution plate 2 on 3 to B4 of dilution plate 2 on 3
	Aspirating 50.0 uL from A4 of dilution plate 2 on 3 at 92.86 uL/sec
	Dispensing 50.0 uL into B4 of dilution plate 2 on 3 at 92.86 uL/sec
	Aspirating 50.0 uL from A4 of dilution plate 2 on 3 at 92.86 uL/sec
	Dispensing 50.0 uL into C4 of dilution plate 2 on 3 at 92.86 uL/sec
Dropping tip into A1 of Opentrons Fixed Trash on 12
Picking up tip from G2 of Opentrons OT-2 96 Filter Tip Rack 200 µL on 4
Mixing 1 times with a volume of 20.0 ul
	Aspirating 20.0 uL from D12 of dilution plate 2 on 3 at 92.86 uL/sec
	Dispensing 20.0 uL into D12 of dilution plate 2 on 3 at 92.86 uL/sec
Dropping tip into A1 of Opentrons Fixed Trash on 12
Pausing robot operation: Seal the plate in slot 3 and place on the temperature module on slot 10. Resume when finished.
Pausing robot operation: Move the plate from temperature module on slot 10 to temperature module on slot 1.
Deactivating Temperature Module
Deactivating Temperature Module
Pausing robot operation: Centrifuge the plate on temperature module on slot 1. Replace on temperature module on slot 3 when complete.
Transferring 50.0 from A2 of reagent reservoir on 9 to D1 of dilution plate 2 on 3
	Picking up tip from H2 of Opentrons OT-2 96 Filter Tip Rack 200 µL on 4
	Aspirating 50.0 uL from A2 of reagent reservoir on 9 at 92.86 uL/sec
	Dispensing 50.0 uL into D1 of dilution plate 2 on 3 at 92.86 uL/sec
	Aspirating 50.0 uL from A2 of reagent reservoir on 9 at 92.86 uL/sec
	Dispensing 50.0 uL into E1 of dilution plate 2 on 3 at 92.86 uL/sec
	Aspirating 50.0 uL from A2 of reagent reservoir on 9 at 92.86 uL/sec
	Dispensing 50.0 uL into F1 of dilution plate 2 on 3 at 92.86 uL/sec
	Aspirating 50.0 uL from A2 of reagent reservoir on 9 at 92.86 uL/sec
	Dispensing 50.0 uL into G1 of dilution plate 2 on 3 at 92.86 uL/sec
	Aspirating 50.0 uL from A2 of reagent reservoir on 9 at 92.86 uL/sec
	Dispensing 50.0 uL into H1 of dilution plate 2 on 3 at 92.86 uL/sec
	Aspirating 50.0 uL from A2 of reagent reservoir on 9 at 92.86 uL/sec
	Dispensing 50.0 uL into D2 of dilution plate 2 on 3 at 92.86 uL/sec
	Aspirating 50.0 uL from A2 of reagent reservoir on 9 at 92.86 uL/sec
	Dispensing 50.0 uL into E2 of dilution plate 2 on 3 at 92.86 uL/sec
	Aspirating 50.0 uL from A2 of reagent reservoir on 9 at 92.86 uL/sec
	Dispensing 50.0 uL into F2 of dilution plate 2 on 3 at 92.86 uL/sec
	Aspirating 50.0 uL from A2 of reagent reservoir on 9 at 92.86 uL/sec
	Dispensing 50.0 uL into G2 of dilution plate 2 on 3 at 92.86 uL/sec
	Aspirating 50.0 uL from A2 of reagent reservoir on 9 at 92.86 uL/sec
	Dispensing 50.0 uL into H2 of dilution plate 2 on 3 at 92.86 uL/sec
	Aspirating 50.0 uL from A2 of reagent reservoir on 9 at 92.86 uL/sec
	Dispensing 50.0 uL into D3 of dilution plate 2 on 3 at 92.86 uL/sec
	Aspirating 50.0 uL from A2 of reagent reservoir on 9 at 92.86 uL/sec
	Dispensing 50.0 uL into E3 of dilution plate 2 on 3 at 92.86 uL/sec
	Aspirating 50.0 uL from A2 of reagent reservoir on 9 at 92.86 uL/sec
	Dispensing 50.0 uL into F3 of dilution plate 2 on 3 at 92.86 uL/sec
	Aspirating 50.0 uL from A2 of reagent reservoir on 9 at 92.86 uL/sec
	Dispensing 50.0 uL into G3 of dilution plate 2 on 3 at 92.86 uL/sec
	Aspirating 50.0 uL from A2 of reagent reservoir on 9 at 92.86 uL/sec
	Dispensing 50.0 uL into H3 of dilution plate 2 on 3 at 92.86 uL/sec
	Aspirating 50.0 uL from A2 of reagent reservoir on 9 at 92.86 uL/sec
	Dispensing 50.0 uL into D4 of dilution plate 2 on 3 at 92.86 uL/sec
	Aspirating 50.0 uL from A2 of reagent reservoir on 9 at 92.86 uL/sec
	Dispensing 50.0 uL into E4 of dilution plate 2 on 3 at 92.86 uL/sec
	Aspirating 50.0 uL from A2 of reagent reservoir on 9 at 92.86 uL/sec
	Dispensing 50.0 uL into F4 of dilution plate 2 on 3 at 92.86 uL/sec
	Aspirating 50.0 uL from A2 of reagent reservoir on 9 at 92.86 uL/sec
	Dispensing 50.0 uL into G4 of dilution plate 2 on 3 at 92.86 uL/sec
	Aspirating 50.0 uL from A2 of reagent reservoir on 9 at 92.86 uL/sec
	Dispensing 50.0 uL into H4 of dilution plate 2 on 3 at 92.86 uL/sec
	Aspirating 50.0 uL from A2 of reagent reservoir on 9 at 92.86 uL/sec
	Dispensing 50.0 uL into A5 of dilution plate 2 on 3 at 92.86 uL/sec
	Aspirating 50.0 uL from A2 of reagent reservoir on 9 at 92.86 uL/sec
	Dispensing 50.0 uL into B5 of dilution plate 2 on 3 at 92.86 uL/sec
	Aspirating 50.0 uL from A2 of reagent reservoir on 9 at 92.86 uL/sec
	Dispensing 50.0 uL into C5 of dilution plate 2 on 3 at 92.86 uL/sec
	Aspirating 50.0 uL from A2 of reagent reservoir on 9 at 92.86 uL/sec
	Dispensing 50.0 uL into D5 of dilution plate 2 on 3 at 92.86 uL/sec
	Aspirating 50.0 uL from A2 of reagent reservoir on 9 at 92.86 uL/sec
	Dispensing 50.0 uL into E5 of dilution plate 2 on 3 at 92.86 uL/sec
	Aspirating 50.0 uL from A2 of reagent reservoir on 9 at 92.86 uL/sec
	Dispensing 50.0 uL into F5 of dilution plate 2 on 3 at 92.86 uL/sec
	Aspirating 50.0 uL from A2 of reagent reservoir on 9 at 92.86 uL/sec
	Dispensing 50.0 uL into G5 of dilution plate 2 on 3 at 92.86 uL/sec
	Aspirating 50.0 uL from A2 of reagent reservoir on 9 at 92.86 uL/sec
	Dispensing 50.0 uL into H5 of dilution plate 2 on 3 at 92.86 uL/sec
	Aspirating 50.0 uL from A2 of reagent reservoir on 9 at 92.86 uL/sec
	Dispensing 50.0 uL into A6 of dilution plate 2 on 3 at 92.86 uL/sec
	Aspirating 50.0 uL from A2 of reagent reservoir on 9 at 92.86 uL/sec
	Dispensing 50.0 uL into B6 of dilution plate 2 on 3 at 92.86 uL/sec
	Aspirating 50.0 uL from A2 of reagent reservoir on 9 at 92.86 uL/sec
	Dispensing 50.0 uL into C6 of dilution plate 2 on 3 at 92.86 uL/sec
	Aspirating 50.0 uL from A2 of reagent reservoir on 9 at 92.86 uL/sec
	Dispensing 50.0 uL into D6 of dilution plate 2 on 3 at 92.86 uL/sec
	Aspirating 50.0 uL from A2 of reagent reservoir on 9 at 92.86 uL/sec
	Dispensing 50.0 uL into E6 of dilution plate 2 on 3 at 92.86 uL/sec
	Aspirating 50.0 uL from A2 of reagent reservoir on 9 at 92.86 uL/sec
	Dispensing 50.0 uL into F6 of dilution plate 2 on 3 at 92.86 uL/sec
	Aspirating 50.0 uL from A2 of reagent reservoir on 9 at 92.86 uL/sec
	Dispensing 50.0 uL into G6 of dilution plate 2 on 3 at 92.86 uL/sec
	Aspirating 50.0 uL from A2 of reagent reservoir on 9 at 92.86 uL/sec
	Dispensing 50.0 uL into H6 of dilution plate 2 on 3 at 92.86 uL/sec
	Aspirating 50.0 uL from A2 of reagent reservoir on 9 at 92.86 uL/sec
	Dispensing 50.0 uL into A7 of dilution plate 2 on 3 at 92.86 uL/sec
	Aspirating 50.0 uL from A2 of reagent reservoir on 9 at 92.86 uL/sec
	Dispensing 50.0 uL into B7 of dilution plate 2 on 3 at 92.86 uL/sec
	Aspirating 50.0 uL from A2 of reagent reservoir on 9 at 92.86 uL/sec
	Dispensing 50.0 uL into C7 of dilution plate 2 on 3 at 92.86 uL/sec
	Aspirating 50.0 uL from A2 of reagent reservoir on 9 at 92.86 uL/sec
	Dispensing 50.0 uL into D7 of dilution plate 2 on 3 at 92.86 uL/sec
	Aspirating 50.0 uL from A2 of reagent reservoir on 9 at 92.86 uL/sec
	Dispensing 50.0 uL into E7 of dilution plate 2 on 3 at 92.86 uL/sec
	Aspirating 50.0 uL from A2 of reagent reservoir on 9 at 92.86 uL/sec
	Dispensing 50.0 uL into F7 of dilution plate 2 on 3 at 92.86 uL/sec
	Aspirating 50.0 uL from A2 of reagent reservoir on 9 at 92.86 uL/sec
	Dispensing 50.0 uL into G7 of dilution plate 2 on 3 at 92.86 uL/sec
	Aspirating 50.0 uL from A2 of reagent reservoir on 9 at 92.86 uL/sec
	Dispensing 50.0 uL into H7 of dilution plate 2 on 3 at 92.86 uL/sec
	Aspirating 50.0 uL from A2 of reagent reservoir on 9 at 92.86 uL/sec
	Dispensing 50.0 uL into A8 of dilution plate 2 on 3 at 92.86 uL/sec
	Aspirating 50.0 uL from A2 of reagent reservoir on 9 at 92.86 uL/sec
	Dispensing 50.0 uL into B8 of dilution plate 2 on 3 at 92.86 uL/sec
	Aspirating 50.0 uL from A2 of reagent reservoir on 9 at 92.86 uL/sec
	Dispensing 50.0 uL into C8 of dilution plate 2 on 3 at 92.86 uL/sec
	Aspirating 50.0 uL from A2 of reagent reservoir on 9 at 92.86 uL/sec
	Dispensing 50.0 uL into D8 of dilution plate 2 on 3 at 92.86 uL/sec
	Aspirating 50.0 uL from A2 of reagent reservoir on 9 at 92.86 uL/sec
	Dispensing 50.0 uL into E8 of dilution plate 2 on 3 at 92.86 uL/sec
	Aspirating 50.0 uL from A2 of reagent reservoir on 9 at 92.86 uL/sec
	Dispensing 50.0 uL into F8 of dilution plate 2 on 3 at 92.86 uL/sec
	Aspirating 50.0 uL from A2 of reagent reservoir on 9 at 92.86 uL/sec
	Dispensing 50.0 uL into G8 of dilution plate 2 on 3 at 92.86 uL/sec
	Aspirating 50.0 uL from A2 of reagent reservoir on 9 at 92.86 uL/sec
	Dispensing 50.0 uL into H8 of dilution plate 2 on 3 at 92.86 uL/sec
	Aspirating 50.0 uL from A2 of reagent reservoir on 9 at 92.86 uL/sec
	Dispensing 50.0 uL into A9 of dilution plate 2 on 3 at 92.86 uL/sec
	Aspirating 50.0 uL from A2 of reagent reservoir on 9 at 92.86 uL/sec
	Dispensing 50.0 uL into B9 of dilution plate 2 on 3 at 92.86 uL/sec
	Aspirating 50.0 uL from A2 of reagent reservoir on 9 at 92.86 uL/sec
	Dispensing 50.0 uL into C9 of dilution plate 2 on 3 at 92.86 uL/sec
	Aspirating 50.0 uL from A2 of reagent reservoir on 9 at 92.86 uL/sec
	Dispensing 50.0 uL into D9 of dilution plate 2 on 3 at 92.86 uL/sec
	Aspirating 50.0 uL from A2 of reagent reservoir on 9 at 92.86 uL/sec
	Dispensing 50.0 uL into E9 of dilution plate 2 on 3 at 92.86 uL/sec
	Aspirating 50.0 uL from A2 of reagent reservoir on 9 at 92.86 uL/sec
	Dispensing 50.0 uL into F9 of dilution plate 2 on 3 at 92.86 uL/sec
	Aspirating 50.0 uL from A2 of reagent reservoir on 9 at 92.86 uL/sec
	Dispensing 50.0 uL into G9 of dilution plate 2 on 3 at 92.86 uL/sec
	Aspirating 50.0 uL from A2 of reagent reservoir on 9 at 92.86 uL/sec
	Dispensing 50.0 uL into H9 of dilution plate 2 on 3 at 92.86 uL/sec
	Aspirating 50.0 uL from A2 of reagent reservoir on 9 at 92.86 uL/sec
	Dispensing 50.0 uL into A10 of dilution plate 2 on 3 at 92.86 uL/sec
	Aspirating 50.0 uL from A2 of reagent reservoir on 9 at 92.86 uL/sec
	Dispensing 50.0 uL into B10 of dilution plate 2 on 3 at 92.86 uL/sec
	Aspirating 50.0 uL from A2 of reagent reservoir on 9 at 92.86 uL/sec
	Dispensing 50.0 uL into C10 of dilution plate 2 on 3 at 92.86 uL/sec
	Aspirating 50.0 uL from A2 of reagent reservoir on 9 at 92.86 uL/sec
	Dispensing 50.0 uL into D10 of dilution plate 2 on 3 at 92.86 uL/sec
	Aspirating 50.0 uL from A2 of reagent reservoir on 9 at 92.86 uL/sec
	Dispensing 50.0 uL into E10 of dilution plate 2 on 3 at 92.86 uL/sec
	Aspirating 50.0 uL from A2 of reagent reservoir on 9 at 92.86 uL/sec
	Dispensing 50.0 uL into F10 of dilution plate 2 on 3 at 92.86 uL/sec
	Aspirating 50.0 uL from A2 of reagent reservoir on 9 at 92.86 uL/sec
	Dispensing 50.0 uL into G10 of dilution plate 2 on 3 at 92.86 uL/sec
	Aspirating 50.0 uL from A2 of reagent reservoir on 9 at 92.86 uL/sec
	Dispensing 50.0 uL into H10 of dilution plate 2 on 3 at 92.86 uL/sec
	Aspirating 50.0 uL from A2 of reagent reservoir on 9 at 92.86 uL/sec
	Dispensing 50.0 uL into A11 of dilution plate 2 on 3 at 92.86 uL/sec
	Aspirating 50.0 uL from A2 of reagent reservoir on 9 at 92.86 uL/sec
	Dispensing 50.0 uL into B11 of dilution plate 2 on 3 at 92.86 uL/sec
	Aspirating 50.0 uL from A2 of reagent reservoir on 9 at 92.86 uL/sec
	Dispensing 50.0 uL into C11 of dilution plate 2 on 3 at 92.86 uL/sec
	Aspirating 50.0 uL from A2 of reagent reservoir on 9 at 92.86 uL/sec
	Dispensing 50.0 uL into D11 of dilution plate 2 on 3 at 92.86 uL/sec
	Aspirating 50.0 uL from A2 of reagent reservoir on 9 at 92.86 uL/sec
	Dispensing 50.0 uL into E11 of dilution plate 2 on 3 at 92.86 uL/sec
	Aspirating 50.0 uL from A2 of reagent reservoir on 9 at 92.86 uL/sec
	Dispensing 50.0 uL into F11 of dilution plate 2 on 3 at 92.86 uL/sec
	Aspirating 50.0 uL from A2 of reagent reservoir on 9 at 92.86 uL/sec
	Dispensing 50.0 uL into G11 of dilution plate 2 on 3 at 92.86 uL/sec
	Aspirating 50.0 uL from A2 of reagent reservoir on 9 at 92.86 uL/sec
	Dispensing 50.0 uL into H11 of dilution plate 2 on 3 at 92.86 uL/sec
	Aspirating 50.0 uL from A2 of reagent reservoir on 9 at 92.86 uL/sec
	Dispensing 50.0 uL into A12 of dilution plate 2 on 3 at 92.86 uL/sec
	Aspirating 50.0 uL from A2 of reagent reservoir on 9 at 92.86 uL/sec
	Dispensing 50.0 uL into B12 of dilution plate 2 on 3 at 92.86 uL/sec
	Aspirating 50.0 uL from A2 of reagent reservoir on 9 at 92.86 uL/sec
	Dispensing 50.0 uL into C12 of dilution plate 2 on 3 at 92.86 uL/sec
	Aspirating 50.0 uL from A2 of reagent reservoir on 9 at 92.86 uL/sec
	Dispensing 50.0 uL into E12 of dilution plate 2 on 3 at 92.86 uL/sec
	Aspirating 50.0 uL from A2 of reagent reservoir on 9 at 92.86 uL/sec
	Dispensing 50.0 uL into F12 of dilution plate 2 on 3 at 92.86 uL/sec
	Aspirating 50.0 uL from A2 of reagent reservoir on 9 at 92.86 uL/sec
	Dispensing 50.0 uL into G12 of dilution plate 2 on 3 at 92.86 uL/sec
	Aspirating 50.0 uL from A2 of reagent reservoir on 9 at 92.86 uL/sec
	Dispensing 50.0 uL into H12 of dilution plate 2 on 3 at 92.86 uL/sec
	Dropping tip into A1 of Opentrons Fixed Trash on 12
Caught exception: {'message': 'Task was destroyed but it is pending!', 'task': <Task pending name='Task-4' coro=<Poller._poll_forever() running at /Users/dp/Desktop/project/github/opentrons/venv/lib/python3.10/site-packages/opentrons/hardware_control/poller.py:80> wait_for=<Future pending cb=[Task.task_wakeup()]>>}
Caught exception: {'message': 'Task was destroyed but it is pending!', 'task': <Task pending name='Task-3' coro=<Poller._poll_forever() running at /Users/dp/Desktop/project/github/opentrons/venv/lib/python3.10/site-packages/opentrons/hardware_control/poller.py:80> wait_for=<Future pending cb=[Task.task_wakeup()]>>}
Caught exception: {'message': 'Task was destroyed but it is pending!', 'task': <Task pending name='Task-2' coro=<Poller._poll_forever() running at /Users/dp/Desktop/project/github/opentrons/venv/lib/python3.10/site-packages/opentrons/hardware_control/poller.py:80> wait_for=<Future pending cb=[Task.task_wakeup()]>>}
Caught exception: {'message': 'Task was destroyed but it is pending!', 'task': <Task pending name='Task-11' coro=<Poller._poll_forever() running at /Users/dp/Desktop/project/github/opentrons/venv/lib/python3.10/site-packages/opentrons/hardware_control/poller.py:80> wait_for=<Future pending cb=[Task.task_wakeup()]>>}
