/Users/dp/Desktop/project/github/opentrons/venv/lib/python3.10/site-packages/opentrons/hardware_control/simulator_setup.py:205: UserWarning: Simulator configuration does not name a machine, defaulting to OT-2 Standard
  warn(
/Users/dp/.opentrons/robot_settings.json not found. Loading defaults
Deck calibration not found.
/Users/dp/.opentrons/deck_calibration.json not found. Loading defaults


~~~~~~~~~~~~~~~DISCARDING SUPERNATANT~~~~~~~~~~~~~~~~

Engaging Magnetic Module
Delaying for 3 minutes and 0.0 seconds
Picking up tip from A1 of Opentrons OT-2 96 Filter Tip Rack 200 µL on 7
Moving to A1 of NEST 96 Deep Well Plate 2mL on Magnetic Module GEN2 on 4
Aspirating 110.0 uL from A1 of NEST 96 Deep Well Plate 2mL on Magnetic Module GEN2 on 4 at 18.8 uL/sec
Moving to A1 of NEST 96 Deep Well Plate 2mL on Magnetic Module GEN2 on 4
Dispensing 110.0 uL into A1 of NEST 1 Well Reservoir 195 mL on 6 at 94.0 uL/sec
Dropping tip into A1 of Opentrons Fixed Trash on 12
Picking up tip from A2 of Opentrons OT-2 96 Filter Tip Rack 200 µL on 7
Moving to A2 of NEST 96 Deep Well Plate 2mL on Magnetic Module GEN2 on 4
Aspirating 110.0 uL from A2 of NEST 96 Deep Well Plate 2mL on Magnetic Module GEN2 on 4 at 18.8 uL/sec
Moving to A2 of NEST 96 Deep Well Plate 2mL on Magnetic Module GEN2 on 4
Dispensing 110.0 uL into A1 of NEST 1 Well Reservoir 195 mL on 6 at 94.0 uL/sec
Dropping tip into A1 of Opentrons Fixed Trash on 12
Picking up tip from A3 of Opentrons OT-2 96 Filter Tip Rack 200 µL on 7
Moving to A3 of NEST 96 Deep Well Plate 2mL on Magnetic Module GEN2 on 4
Aspirating 110.0 uL from A3 of NEST 96 Deep Well Plate 2mL on Magnetic Module GEN2 on 4 at 18.8 uL/sec
Moving to A3 of NEST 96 Deep Well Plate 2mL on Magnetic Module GEN2 on 4
Dispensing 110.0 uL into A1 of NEST 1 Well Reservoir 195 mL on 6 at 94.0 uL/sec
Dropping tip into A1 of Opentrons Fixed Trash on 12
Picking up tip from A4 of Opentrons OT-2 96 Filter Tip Rack 200 µL on 7
Moving to A4 of NEST 96 Deep Well Plate 2mL on Magnetic Module GEN2 on 4
Aspirating 110.0 uL from A4 of NEST 96 Deep Well Plate 2mL on Magnetic Module GEN2 on 4 at 18.8 uL/sec
Moving to A4 of NEST 96 Deep Well Plate 2mL on Magnetic Module GEN2 on 4
Dispensing 110.0 uL into A1 of NEST 1 Well Reservoir 195 mL on 6 at 94.0 uL/sec
Dropping tip into A1 of Opentrons Fixed Trash on 12
Picking up tip from A5 of Opentrons OT-2 96 Filter Tip Rack 200 µL on 7
Moving to A5 of NEST 96 Deep Well Plate 2mL on Magnetic Module GEN2 on 4
Aspirating 110.0 uL from A5 of NEST 96 Deep Well Plate 2mL on Magnetic Module GEN2 on 4 at 18.8 uL/sec
Moving to A5 of NEST 96 Deep Well Plate 2mL on Magnetic Module GEN2 on 4
Dispensing 110.0 uL into A1 of NEST 1 Well Reservoir 195 mL on 6 at 94.0 uL/sec
Dropping tip into A1 of Opentrons Fixed Trash on 12
Picking up tip from A6 of Opentrons OT-2 96 Filter Tip Rack 200 µL on 7
Moving to A6 of NEST 96 Deep Well Plate 2mL on Magnetic Module GEN2 on 4
Aspirating 110.0 uL from A6 of NEST 96 Deep Well Plate 2mL on Magnetic Module GEN2 on 4 at 18.8 uL/sec
Moving to A6 of NEST 96 Deep Well Plate 2mL on Magnetic Module GEN2 on 4
Dispensing 110.0 uL into A1 of NEST 1 Well Reservoir 195 mL on 6 at 94.0 uL/sec
Dropping tip into A1 of Opentrons Fixed Trash on 12
Disengaging Magnetic Module


~~~~~~~~~~~~~~~ADDING MASTER MIX~~~~~~~~~~~~~~~~

Picking up tip from A7 of Opentrons OT-2 96 Filter Tip Rack 200 µL on 7
Mixing 5 times with a volume of 30.0 ul
	Aspirating 30.0 uL from A1 of Opentrons 96 Well Aluminum Block with Generic PCR Strip 200 µL on Temperature Module GEN1 on 1 at 18.8 uL/sec
	Dispensing 30.0 uL into A1 of Opentrons 96 Well Aluminum Block with Generic PCR Strip 200 µL on Temperature Module GEN1 on 1 at 18.8 uL/sec
	Aspirating 30.0 uL from A1 of Opentrons 96 Well Aluminum Block with Generic PCR Strip 200 µL on Temperature Module GEN1 on 1 at 18.8 uL/sec
	Dispensing 30.0 uL into A1 of Opentrons 96 Well Aluminum Block with Generic PCR Strip 200 µL on Temperature Module GEN1 on 1 at 18.8 uL/sec
	Aspirating 30.0 uL from A1 of Opentrons 96 Well Aluminum Block with Generic PCR Strip 200 µL on Temperature Module GEN1 on 1 at 18.8 uL/sec
	Dispensing 30.0 uL into A1 of Opentrons 96 Well Aluminum Block with Generic PCR Strip 200 µL on Temperature Module GEN1 on 1 at 18.8 uL/sec
	Aspirating 30.0 uL from A1 of Opentrons 96 Well Aluminum Block with Generic PCR Strip 200 µL on Temperature Module GEN1 on 1 at 18.8 uL/sec
	Dispensing 30.0 uL into A1 of Opentrons 96 Well Aluminum Block with Generic PCR Strip 200 µL on Temperature Module GEN1 on 1 at 18.8 uL/sec
	Aspirating 30.0 uL from A1 of Opentrons 96 Well Aluminum Block with Generic PCR Strip 200 µL on Temperature Module GEN1 on 1 at 18.8 uL/sec
	Dispensing 30.0 uL into A1 of Opentrons 96 Well Aluminum Block with Generic PCR Strip 200 µL on Temperature Module GEN1 on 1 at 18.8 uL/sec
Aspirating 40.0 uL from A1 of Opentrons 96 Well Aluminum Block with Generic PCR Strip 200 µL on Temperature Module GEN1 on 1 at 18.8 uL/sec
Moving to A1 of Opentrons 96 Well Aluminum Block with Generic PCR Strip 200 µL on Temperature Module GEN1 on 1
Aspirating 10.0 uL from A1 of Opentrons 96 Well Aluminum Block with Generic PCR Strip 200 µL on Temperature Module GEN1 on 1 at 18.8 uL/sec
Dispensing 10.0 uL into A1 of NEST 96 Deep Well Plate 2mL on Magnetic Module GEN2 on 4 at 18.8 uL/sec
Dispensing 40.0 uL into A1 of NEST 96 Deep Well Plate 2mL on Magnetic Module GEN2 on 4 at 18.8 uL/sec
Mixing 10 times with a volume of 40.0 ul
	Aspirating 40.0 uL from A1 of NEST 96 Deep Well Plate 2mL on Magnetic Module GEN2 on 4 at 94.0 uL/sec
	Dispensing 40.0 uL into A1 of NEST 96 Deep Well Plate 2mL on Magnetic Module GEN2 on 4 at 94.0 uL/sec
	Aspirating 40.0 uL from A1 of NEST 96 Deep Well Plate 2mL on Magnetic Module GEN2 on 4 at 94.0 uL/sec
	Dispensing 40.0 uL into A1 of NEST 96 Deep Well Plate 2mL on Magnetic Module GEN2 on 4 at 94.0 uL/sec
	Aspirating 40.0 uL from A1 of NEST 96 Deep Well Plate 2mL on Magnetic Module GEN2 on 4 at 94.0 uL/sec
	Dispensing 40.0 uL into A1 of NEST 96 Deep Well Plate 2mL on Magnetic Module GEN2 on 4 at 94.0 uL/sec
	Aspirating 40.0 uL from A1 of NEST 96 Deep Well Plate 2mL on Magnetic Module GEN2 on 4 at 94.0 uL/sec
	Dispensing 40.0 uL into A1 of NEST 96 Deep Well Plate 2mL on Magnetic Module GEN2 on 4 at 94.0 uL/sec
	Aspirating 40.0 uL from A1 of NEST 96 Deep Well Plate 2mL on Magnetic Module GEN2 on 4 at 94.0 uL/sec
	Dispensing 40.0 uL into A1 of NEST 96 Deep Well Plate 2mL on Magnetic Module GEN2 on 4 at 94.0 uL/sec
	Aspirating 40.0 uL from A1 of NEST 96 Deep Well Plate 2mL on Magnetic Module GEN2 on 4 at 94.0 uL/sec
	Dispensing 40.0 uL into A1 of NEST 96 Deep Well Plate 2mL on Magnetic Module GEN2 on 4 at 94.0 uL/sec
	Aspirating 40.0 uL from A1 of NEST 96 Deep Well Plate 2mL on Magnetic Module GEN2 on 4 at 94.0 uL/sec
	Dispensing 40.0 uL into A1 of NEST 96 Deep Well Plate 2mL on Magnetic Module GEN2 on 4 at 94.0 uL/sec
	Aspirating 40.0 uL from A1 of NEST 96 Deep Well Plate 2mL on Magnetic Module GEN2 on 4 at 94.0 uL/sec
	Dispensing 40.0 uL into A1 of NEST 96 Deep Well Plate 2mL on Magnetic Module GEN2 on 4 at 94.0 uL/sec
	Aspirating 40.0 uL from A1 of NEST 96 Deep Well Plate 2mL on Magnetic Module GEN2 on 4 at 94.0 uL/sec
	Dispensing 40.0 uL into A1 of NEST 96 Deep Well Plate 2mL on Magnetic Module GEN2 on 4 at 94.0 uL/sec
	Aspirating 40.0 uL from A1 of NEST 96 Deep Well Plate 2mL on Magnetic Module GEN2 on 4 at 94.0 uL/sec
	Dispensing 40.0 uL into A1 of NEST 96 Deep Well Plate 2mL on Magnetic Module GEN2 on 4 at 94.0 uL/sec
Dropping tip into A1 of Opentrons Fixed Trash on 12
Picking up tip from A8 of Opentrons OT-2 96 Filter Tip Rack 200 µL on 7
Mixing 5 times with a volume of 30.0 ul
	Aspirating 30.0 uL from A1 of Opentrons 96 Well Aluminum Block with Generic PCR Strip 200 µL on Temperature Module GEN1 on 1 at 18.8 uL/sec
	Dispensing 30.0 uL into A1 of Opentrons 96 Well Aluminum Block with Generic PCR Strip 200 µL on Temperature Module GEN1 on 1 at 18.8 uL/sec
	Aspirating 30.0 uL from A1 of Opentrons 96 Well Aluminum Block with Generic PCR Strip 200 µL on Temperature Module GEN1 on 1 at 18.8 uL/sec
	Dispensing 30.0 uL into A1 of Opentrons 96 Well Aluminum Block with Generic PCR Strip 200 µL on Temperature Module GEN1 on 1 at 18.8 uL/sec
	Aspirating 30.0 uL from A1 of Opentrons 96 Well Aluminum Block with Generic PCR Strip 200 µL on Temperature Module GEN1 on 1 at 18.8 uL/sec
	Dispensing 30.0 uL into A1 of Opentrons 96 Well Aluminum Block with Generic PCR Strip 200 µL on Temperature Module GEN1 on 1 at 18.8 uL/sec
	Aspirating 30.0 uL from A1 of Opentrons 96 Well Aluminum Block with Generic PCR Strip 200 µL on Temperature Module GEN1 on 1 at 18.8 uL/sec
	Dispensing 30.0 uL into A1 of Opentrons 96 Well Aluminum Block with Generic PCR Strip 200 µL on Temperature Module GEN1 on 1 at 18.8 uL/sec
	Aspirating 30.0 uL from A1 of Opentrons 96 Well Aluminum Block with Generic PCR Strip 200 µL on Temperature Module GEN1 on 1 at 18.8 uL/sec
	Dispensing 30.0 uL into A1 of Opentrons 96 Well Aluminum Block with Generic PCR Strip 200 µL on Temperature Module GEN1 on 1 at 18.8 uL/sec
Aspirating 40.0 uL from A1 of Opentrons 96 Well Aluminum Block with Generic PCR Strip 200 µL on Temperature Module GEN1 on 1 at 18.8 uL/sec
Moving to A1 of Opentrons 96 Well Aluminum Block with Generic PCR Strip 200 µL on Temperature Module GEN1 on 1
Aspirating 10.0 uL from A1 of Opentrons 96 Well Aluminum Block with Generic PCR Strip 200 µL on Temperature Module GEN1 on 1 at 18.8 uL/sec
Dispensing 10.0 uL into A2 of NEST 96 Deep Well Plate 2mL on Magnetic Module GEN2 on 4 at 18.8 uL/sec
Dispensing 40.0 uL into A2 of NEST 96 Deep Well Plate 2mL on Magnetic Module GEN2 on 4 at 18.8 uL/sec
Mixing 10 times with a volume of 40.0 ul
	Aspirating 40.0 uL from A2 of NEST 96 Deep Well Plate 2mL on Magnetic Module GEN2 on 4 at 94.0 uL/sec
	Dispensing 40.0 uL into A2 of NEST 96 Deep Well Plate 2mL on Magnetic Module GEN2 on 4 at 94.0 uL/sec
	Aspirating 40.0 uL from A2 of NEST 96 Deep Well Plate 2mL on Magnetic Module GEN2 on 4 at 94.0 uL/sec
	Dispensing 40.0 uL into A2 of NEST 96 Deep Well Plate 2mL on Magnetic Module GEN2 on 4 at 94.0 uL/sec
	Aspirating 40.0 uL from A2 of NEST 96 Deep Well Plate 2mL on Magnetic Module GEN2 on 4 at 94.0 uL/sec
	Dispensing 40.0 uL into A2 of NEST 96 Deep Well Plate 2mL on Magnetic Module GEN2 on 4 at 94.0 uL/sec
	Aspirating 40.0 uL from A2 of NEST 96 Deep Well Plate 2mL on Magnetic Module GEN2 on 4 at 94.0 uL/sec
	Dispensing 40.0 uL into A2 of NEST 96 Deep Well Plate 2mL on Magnetic Module GEN2 on 4 at 94.0 uL/sec
	Aspirating 40.0 uL from A2 of NEST 96 Deep Well Plate 2mL on Magnetic Module GEN2 on 4 at 94.0 uL/sec
	Dispensing 40.0 uL into A2 of NEST 96 Deep Well Plate 2mL on Magnetic Module GEN2 on 4 at 94.0 uL/sec
	Aspirating 40.0 uL from A2 of NEST 96 Deep Well Plate 2mL on Magnetic Module GEN2 on 4 at 94.0 uL/sec
	Dispensing 40.0 uL into A2 of NEST 96 Deep Well Plate 2mL on Magnetic Module GEN2 on 4 at 94.0 uL/sec
	Aspirating 40.0 uL from A2 of NEST 96 Deep Well Plate 2mL on Magnetic Module GEN2 on 4 at 94.0 uL/sec
	Dispensing 40.0 uL into A2 of NEST 96 Deep Well Plate 2mL on Magnetic Module GEN2 on 4 at 94.0 uL/sec
	Aspirating 40.0 uL from A2 of NEST 96 Deep Well Plate 2mL on Magnetic Module GEN2 on 4 at 94.0 uL/sec
	Dispensing 40.0 uL into A2 of NEST 96 Deep Well Plate 2mL on Magnetic Module GEN2 on 4 at 94.0 uL/sec
	Aspirating 40.0 uL from A2 of NEST 96 Deep Well Plate 2mL on Magnetic Module GEN2 on 4 at 94.0 uL/sec
	Dispensing 40.0 uL into A2 of NEST 96 Deep Well Plate 2mL on Magnetic Module GEN2 on 4 at 94.0 uL/sec
	Aspirating 40.0 uL from A2 of NEST 96 Deep Well Plate 2mL on Magnetic Module GEN2 on 4 at 94.0 uL/sec
	Dispensing 40.0 uL into A2 of NEST 96 Deep Well Plate 2mL on Magnetic Module GEN2 on 4 at 94.0 uL/sec
Dropping tip into A1 of Opentrons Fixed Trash on 12
Picking up tip from A9 of Opentrons OT-2 96 Filter Tip Rack 200 µL on 7
Mixing 5 times with a volume of 30.0 ul
	Aspirating 30.0 uL from A1 of Opentrons 96 Well Aluminum Block with Generic PCR Strip 200 µL on Temperature Module GEN1 on 1 at 18.8 uL/sec
	Dispensing 30.0 uL into A1 of Opentrons 96 Well Aluminum Block with Generic PCR Strip 200 µL on Temperature Module GEN1 on 1 at 18.8 uL/sec
	Aspirating 30.0 uL from A1 of Opentrons 96 Well Aluminum Block with Generic PCR Strip 200 µL on Temperature Module GEN1 on 1 at 18.8 uL/sec
	Dispensing 30.0 uL into A1 of Opentrons 96 Well Aluminum Block with Generic PCR Strip 200 µL on Temperature Module GEN1 on 1 at 18.8 uL/sec
	Aspirating 30.0 uL from A1 of Opentrons 96 Well Aluminum Block with Generic PCR Strip 200 µL on Temperature Module GEN1 on 1 at 18.8 uL/sec
	Dispensing 30.0 uL into A1 of Opentrons 96 Well Aluminum Block with Generic PCR Strip 200 µL on Temperature Module GEN1 on 1 at 18.8 uL/sec
	Aspirating 30.0 uL from A1 of Opentrons 96 Well Aluminum Block with Generic PCR Strip 200 µL on Temperature Module GEN1 on 1 at 18.8 uL/sec
	Dispensing 30.0 uL into A1 of Opentrons 96 Well Aluminum Block with Generic PCR Strip 200 µL on Temperature Module GEN1 on 1 at 18.8 uL/sec
	Aspirating 30.0 uL from A1 of Opentrons 96 Well Aluminum Block with Generic PCR Strip 200 µL on Temperature Module GEN1 on 1 at 18.8 uL/sec
	Dispensing 30.0 uL into A1 of Opentrons 96 Well Aluminum Block with Generic PCR Strip 200 µL on Temperature Module GEN1 on 1 at 18.8 uL/sec
Aspirating 40.0 uL from A1 of Opentrons 96 Well Aluminum Block with Generic PCR Strip 200 µL on Temperature Module GEN1 on 1 at 18.8 uL/sec
Moving to A1 of Opentrons 96 Well Aluminum Block with Generic PCR Strip 200 µL on Temperature Module GEN1 on 1
Aspirating 10.0 uL from A1 of Opentrons 96 Well Aluminum Block with Generic PCR Strip 200 µL on Temperature Module GEN1 on 1 at 18.8 uL/sec
Dispensing 10.0 uL into A3 of NEST 96 Deep Well Plate 2mL on Magnetic Module GEN2 on 4 at 18.8 uL/sec
Dispensing 40.0 uL into A3 of NEST 96 Deep Well Plate 2mL on Magnetic Module GEN2 on 4 at 18.8 uL/sec
Mixing 10 times with a volume of 40.0 ul
	Aspirating 40.0 uL from A3 of NEST 96 Deep Well Plate 2mL on Magnetic Module GEN2 on 4 at 94.0 uL/sec
	Dispensing 40.0 uL into A3 of NEST 96 Deep Well Plate 2mL on Magnetic Module GEN2 on 4 at 94.0 uL/sec
	Aspirating 40.0 uL from A3 of NEST 96 Deep Well Plate 2mL on Magnetic Module GEN2 on 4 at 94.0 uL/sec
	Dispensing 40.0 uL into A3 of NEST 96 Deep Well Plate 2mL on Magnetic Module GEN2 on 4 at 94.0 uL/sec
	Aspirating 40.0 uL from A3 of NEST 96 Deep Well Plate 2mL on Magnetic Module GEN2 on 4 at 94.0 uL/sec
	Dispensing 40.0 uL into A3 of NEST 96 Deep Well Plate 2mL on Magnetic Module GEN2 on 4 at 94.0 uL/sec
	Aspirating 40.0 uL from A3 of NEST 96 Deep Well Plate 2mL on Magnetic Module GEN2 on 4 at 94.0 uL/sec
	Dispensing 40.0 uL into A3 of NEST 96 Deep Well Plate 2mL on Magnetic Module GEN2 on 4 at 94.0 uL/sec
	Aspirating 40.0 uL from A3 of NEST 96 Deep Well Plate 2mL on Magnetic Module GEN2 on 4 at 94.0 uL/sec
	Dispensing 40.0 uL into A3 of NEST 96 Deep Well Plate 2mL on Magnetic Module GEN2 on 4 at 94.0 uL/sec
	Aspirating 40.0 uL from A3 of NEST 96 Deep Well Plate 2mL on Magnetic Module GEN2 on 4 at 94.0 uL/sec
	Dispensing 40.0 uL into A3 of NEST 96 Deep Well Plate 2mL on Magnetic Module GEN2 on 4 at 94.0 uL/sec
	Aspirating 40.0 uL from A3 of NEST 96 Deep Well Plate 2mL on Magnetic Module GEN2 on 4 at 94.0 uL/sec
	Dispensing 40.0 uL into A3 of NEST 96 Deep Well Plate 2mL on Magnetic Module GEN2 on 4 at 94.0 uL/sec
	Aspirating 40.0 uL from A3 of NEST 96 Deep Well Plate 2mL on Magnetic Module GEN2 on 4 at 94.0 uL/sec
	Dispensing 40.0 uL into A3 of NEST 96 Deep Well Plate 2mL on Magnetic Module GEN2 on 4 at 94.0 uL/sec
	Aspirating 40.0 uL from A3 of NEST 96 Deep Well Plate 2mL on Magnetic Module GEN2 on 4 at 94.0 uL/sec
	Dispensing 40.0 uL into A3 of NEST 96 Deep Well Plate 2mL on Magnetic Module GEN2 on 4 at 94.0 uL/sec
	Aspirating 40.0 uL from A3 of NEST 96 Deep Well Plate 2mL on Magnetic Module GEN2 on 4 at 94.0 uL/sec
	Dispensing 40.0 uL into A3 of NEST 96 Deep Well Plate 2mL on Magnetic Module GEN2 on 4 at 94.0 uL/sec
Dropping tip into A1 of Opentrons Fixed Trash on 12
Picking up tip from A10 of Opentrons OT-2 96 Filter Tip Rack 200 µL on 7
Mixing 5 times with a volume of 30.0 ul
	Aspirating 30.0 uL from A3 of Opentrons 96 Well Aluminum Block with Generic PCR Strip 200 µL on Temperature Module GEN1 on 1 at 18.8 uL/sec
	Dispensing 30.0 uL into A3 of Opentrons 96 Well Aluminum Block with Generic PCR Strip 200 µL on Temperature Module GEN1 on 1 at 18.8 uL/sec
	Aspirating 30.0 uL from A3 of Opentrons 96 Well Aluminum Block with Generic PCR Strip 200 µL on Temperature Module GEN1 on 1 at 18.8 uL/sec
	Dispensing 30.0 uL into A3 of Opentrons 96 Well Aluminum Block with Generic PCR Strip 200 µL on Temperature Module GEN1 on 1 at 18.8 uL/sec
	Aspirating 30.0 uL from A3 of Opentrons 96 Well Aluminum Block with Generic PCR Strip 200 µL on Temperature Module GEN1 on 1 at 18.8 uL/sec
	Dispensing 30.0 uL into A3 of Opentrons 96 Well Aluminum Block with Generic PCR Strip 200 µL on Temperature Module GEN1 on 1 at 18.8 uL/sec
	Aspirating 30.0 uL from A3 of Opentrons 96 Well Aluminum Block with Generic PCR Strip 200 µL on Temperature Module GEN1 on 1 at 18.8 uL/sec
	Dispensing 30.0 uL into A3 of Opentrons 96 Well Aluminum Block with Generic PCR Strip 200 µL on Temperature Module GEN1 on 1 at 18.8 uL/sec
	Aspirating 30.0 uL from A3 of Opentrons 96 Well Aluminum Block with Generic PCR Strip 200 µL on Temperature Module GEN1 on 1 at 18.8 uL/sec
	Dispensing 30.0 uL into A3 of Opentrons 96 Well Aluminum Block with Generic PCR Strip 200 µL on Temperature Module GEN1 on 1 at 18.8 uL/sec
Aspirating 40.0 uL from A3 of Opentrons 96 Well Aluminum Block with Generic PCR Strip 200 µL on Temperature Module GEN1 on 1 at 18.8 uL/sec
Moving to A3 of Opentrons 96 Well Aluminum Block with Generic PCR Strip 200 µL on Temperature Module GEN1 on 1
Aspirating 10.0 uL from A3 of Opentrons 96 Well Aluminum Block with Generic PCR Strip 200 µL on Temperature Module GEN1 on 1 at 18.8 uL/sec
Dispensing 10.0 uL into A4 of NEST 96 Deep Well Plate 2mL on Magnetic Module GEN2 on 4 at 18.8 uL/sec
Dispensing 40.0 uL into A4 of NEST 96 Deep Well Plate 2mL on Magnetic Module GEN2 on 4 at 18.8 uL/sec
Mixing 10 times with a volume of 40.0 ul
	Aspirating 40.0 uL from A4 of NEST 96 Deep Well Plate 2mL on Magnetic Module GEN2 on 4 at 94.0 uL/sec
	Dispensing 40.0 uL into A4 of NEST 96 Deep Well Plate 2mL on Magnetic Module GEN2 on 4 at 94.0 uL/sec
	Aspirating 40.0 uL from A4 of NEST 96 Deep Well Plate 2mL on Magnetic Module GEN2 on 4 at 94.0 uL/sec
	Dispensing 40.0 uL into A4 of NEST 96 Deep Well Plate 2mL on Magnetic Module GEN2 on 4 at 94.0 uL/sec
	Aspirating 40.0 uL from A4 of NEST 96 Deep Well Plate 2mL on Magnetic Module GEN2 on 4 at 94.0 uL/sec
	Dispensing 40.0 uL into A4 of NEST 96 Deep Well Plate 2mL on Magnetic Module GEN2 on 4 at 94.0 uL/sec
	Aspirating 40.0 uL from A4 of NEST 96 Deep Well Plate 2mL on Magnetic Module GEN2 on 4 at 94.0 uL/sec
	Dispensing 40.0 uL into A4 of NEST 96 Deep Well Plate 2mL on Magnetic Module GEN2 on 4 at 94.0 uL/sec
	Aspirating 40.0 uL from A4 of NEST 96 Deep Well Plate 2mL on Magnetic Module GEN2 on 4 at 94.0 uL/sec
	Dispensing 40.0 uL into A4 of NEST 96 Deep Well Plate 2mL on Magnetic Module GEN2 on 4 at 94.0 uL/sec
	Aspirating 40.0 uL from A4 of NEST 96 Deep Well Plate 2mL on Magnetic Module GEN2 on 4 at 94.0 uL/sec
	Dispensing 40.0 uL into A4 of NEST 96 Deep Well Plate 2mL on Magnetic Module GEN2 on 4 at 94.0 uL/sec
	Aspirating 40.0 uL from A4 of NEST 96 Deep Well Plate 2mL on Magnetic Module GEN2 on 4 at 94.0 uL/sec
	Dispensing 40.0 uL into A4 of NEST 96 Deep Well Plate 2mL on Magnetic Module GEN2 on 4 at 94.0 uL/sec
	Aspirating 40.0 uL from A4 of NEST 96 Deep Well Plate 2mL on Magnetic Module GEN2 on 4 at 94.0 uL/sec
	Dispensing 40.0 uL into A4 of NEST 96 Deep Well Plate 2mL on Magnetic Module GEN2 on 4 at 94.0 uL/sec
	Aspirating 40.0 uL from A4 of NEST 96 Deep Well Plate 2mL on Magnetic Module GEN2 on 4 at 94.0 uL/sec
	Dispensing 40.0 uL into A4 of NEST 96 Deep Well Plate 2mL on Magnetic Module GEN2 on 4 at 94.0 uL/sec
	Aspirating 40.0 uL from A4 of NEST 96 Deep Well Plate 2mL on Magnetic Module GEN2 on 4 at 94.0 uL/sec
	Dispensing 40.0 uL into A4 of NEST 96 Deep Well Plate 2mL on Magnetic Module GEN2 on 4 at 94.0 uL/sec
Dropping tip into A1 of Opentrons Fixed Trash on 12
Picking up tip from A11 of Opentrons OT-2 96 Filter Tip Rack 200 µL on 7
Mixing 5 times with a volume of 30.0 ul
	Aspirating 30.0 uL from A3 of Opentrons 96 Well Aluminum Block with Generic PCR Strip 200 µL on Temperature Module GEN1 on 1 at 18.8 uL/sec
	Dispensing 30.0 uL into A3 of Opentrons 96 Well Aluminum Block with Generic PCR Strip 200 µL on Temperature Module GEN1 on 1 at 18.8 uL/sec
	Aspirating 30.0 uL from A3 of Opentrons 96 Well Aluminum Block with Generic PCR Strip 200 µL on Temperature Module GEN1 on 1 at 18.8 uL/sec
	Dispensing 30.0 uL into A3 of Opentrons 96 Well Aluminum Block with Generic PCR Strip 200 µL on Temperature Module GEN1 on 1 at 18.8 uL/sec
	Aspirating 30.0 uL from A3 of Opentrons 96 Well Aluminum Block with Generic PCR Strip 200 µL on Temperature Module GEN1 on 1 at 18.8 uL/sec
	Dispensing 30.0 uL into A3 of Opentrons 96 Well Aluminum Block with Generic PCR Strip 200 µL on Temperature Module GEN1 on 1 at 18.8 uL/sec
	Aspirating 30.0 uL from A3 of Opentrons 96 Well Aluminum Block with Generic PCR Strip 200 µL on Temperature Module GEN1 on 1 at 18.8 uL/sec
	Dispensing 30.0 uL into A3 of Opentrons 96 Well Aluminum Block with Generic PCR Strip 200 µL on Temperature Module GEN1 on 1 at 18.8 uL/sec
	Aspirating 30.0 uL from A3 of Opentrons 96 Well Aluminum Block with Generic PCR Strip 200 µL on Temperature Module GEN1 on 1 at 18.8 uL/sec
	Dispensing 30.0 uL into A3 of Opentrons 96 Well Aluminum Block with Generic PCR Strip 200 µL on Temperature Module GEN1 on 1 at 18.8 uL/sec
Aspirating 40.0 uL from A3 of Opentrons 96 Well Aluminum Block with Generic PCR Strip 200 µL on Temperature Module GEN1 on 1 at 18.8 uL/sec
Moving to A3 of Opentrons 96 Well Aluminum Block with Generic PCR Strip 200 µL on Temperature Module GEN1 on 1
Aspirating 10.0 uL from A3 of Opentrons 96 Well Aluminum Block with Generic PCR Strip 200 µL on Temperature Module GEN1 on 1 at 18.8 uL/sec
Dispensing 10.0 uL into A5 of NEST 96 Deep Well Plate 2mL on Magnetic Module GEN2 on 4 at 18.8 uL/sec
Dispensing 40.0 uL into A5 of NEST 96 Deep Well Plate 2mL on Magnetic Module GEN2 on 4 at 18.8 uL/sec
Mixing 10 times with a volume of 40.0 ul
	Aspirating 40.0 uL from A5 of NEST 96 Deep Well Plate 2mL on Magnetic Module GEN2 on 4 at 94.0 uL/sec
	Dispensing 40.0 uL into A5 of NEST 96 Deep Well Plate 2mL on Magnetic Module GEN2 on 4 at 94.0 uL/sec
	Aspirating 40.0 uL from A5 of NEST 96 Deep Well Plate 2mL on Magnetic Module GEN2 on 4 at 94.0 uL/sec
	Dispensing 40.0 uL into A5 of NEST 96 Deep Well Plate 2mL on Magnetic Module GEN2 on 4 at 94.0 uL/sec
	Aspirating 40.0 uL from A5 of NEST 96 Deep Well Plate 2mL on Magnetic Module GEN2 on 4 at 94.0 uL/sec
	Dispensing 40.0 uL into A5 of NEST 96 Deep Well Plate 2mL on Magnetic Module GEN2 on 4 at 94.0 uL/sec
	Aspirating 40.0 uL from A5 of NEST 96 Deep Well Plate 2mL on Magnetic Module GEN2 on 4 at 94.0 uL/sec
	Dispensing 40.0 uL into A5 of NEST 96 Deep Well Plate 2mL on Magnetic Module GEN2 on 4 at 94.0 uL/sec
	Aspirating 40.0 uL from A5 of NEST 96 Deep Well Plate 2mL on Magnetic Module GEN2 on 4 at 94.0 uL/sec
	Dispensing 40.0 uL into A5 of NEST 96 Deep Well Plate 2mL on Magnetic Module GEN2 on 4 at 94.0 uL/sec
	Aspirating 40.0 uL from A5 of NEST 96 Deep Well Plate 2mL on Magnetic Module GEN2 on 4 at 94.0 uL/sec
	Dispensing 40.0 uL into A5 of NEST 96 Deep Well Plate 2mL on Magnetic Module GEN2 on 4 at 94.0 uL/sec
	Aspirating 40.0 uL from A5 of NEST 96 Deep Well Plate 2mL on Magnetic Module GEN2 on 4 at 94.0 uL/sec
	Dispensing 40.0 uL into A5 of NEST 96 Deep Well Plate 2mL on Magnetic Module GEN2 on 4 at 94.0 uL/sec
	Aspirating 40.0 uL from A5 of NEST 96 Deep Well Plate 2mL on Magnetic Module GEN2 on 4 at 94.0 uL/sec
	Dispensing 40.0 uL into A5 of NEST 96 Deep Well Plate 2mL on Magnetic Module GEN2 on 4 at 94.0 uL/sec
	Aspirating 40.0 uL from A5 of NEST 96 Deep Well Plate 2mL on Magnetic Module GEN2 on 4 at 94.0 uL/sec
	Dispensing 40.0 uL into A5 of NEST 96 Deep Well Plate 2mL on Magnetic Module GEN2 on 4 at 94.0 uL/sec
	Aspirating 40.0 uL from A5 of NEST 96 Deep Well Plate 2mL on Magnetic Module GEN2 on 4 at 94.0 uL/sec
	Dispensing 40.0 uL into A5 of NEST 96 Deep Well Plate 2mL on Magnetic Module GEN2 on 4 at 94.0 uL/sec
Dropping tip into A1 of Opentrons Fixed Trash on 12
Picking up tip from A12 of Opentrons OT-2 96 Filter Tip Rack 200 µL on 7
Mixing 5 times with a volume of 30.0 ul
	Aspirating 30.0 uL from A3 of Opentrons 96 Well Aluminum Block with Generic PCR Strip 200 µL on Temperature Module GEN1 on 1 at 18.8 uL/sec
	Dispensing 30.0 uL into A3 of Opentrons 96 Well Aluminum Block with Generic PCR Strip 200 µL on Temperature Module GEN1 on 1 at 18.8 uL/sec
	Aspirating 30.0 uL from A3 of Opentrons 96 Well Aluminum Block with Generic PCR Strip 200 µL on Temperature Module GEN1 on 1 at 18.8 uL/sec
	Dispensing 30.0 uL into A3 of Opentrons 96 Well Aluminum Block with Generic PCR Strip 200 µL on Temperature Module GEN1 on 1 at 18.8 uL/sec
	Aspirating 30.0 uL from A3 of Opentrons 96 Well Aluminum Block with Generic PCR Strip 200 µL on Temperature Module GEN1 on 1 at 18.8 uL/sec
	Dispensing 30.0 uL into A3 of Opentrons 96 Well Aluminum Block with Generic PCR Strip 200 µL on Temperature Module GEN1 on 1 at 18.8 uL/sec
	Aspirating 30.0 uL from A3 of Opentrons 96 Well Aluminum Block with Generic PCR Strip 200 µL on Temperature Module GEN1 on 1 at 18.8 uL/sec
	Dispensing 30.0 uL into A3 of Opentrons 96 Well Aluminum Block with Generic PCR Strip 200 µL on Temperature Module GEN1 on 1 at 18.8 uL/sec
	Aspirating 30.0 uL from A3 of Opentrons 96 Well Aluminum Block with Generic PCR Strip 200 µL on Temperature Module GEN1 on 1 at 18.8 uL/sec
	Dispensing 30.0 uL into A3 of Opentrons 96 Well Aluminum Block with Generic PCR Strip 200 µL on Temperature Module GEN1 on 1 at 18.8 uL/sec
Aspirating 40.0 uL from A3 of Opentrons 96 Well Aluminum Block with Generic PCR Strip 200 µL on Temperature Module GEN1 on 1 at 18.8 uL/sec
Moving to A3 of Opentrons 96 Well Aluminum Block with Generic PCR Strip 200 µL on Temperature Module GEN1 on 1
Aspirating 10.0 uL from A3 of Opentrons 96 Well Aluminum Block with Generic PCR Strip 200 µL on Temperature Module GEN1 on 1 at 18.8 uL/sec
Dispensing 10.0 uL into A6 of NEST 96 Deep Well Plate 2mL on Magnetic Module GEN2 on 4 at 18.8 uL/sec
Dispensing 40.0 uL into A6 of NEST 96 Deep Well Plate 2mL on Magnetic Module GEN2 on 4 at 18.8 uL/sec
Mixing 10 times with a volume of 40.0 ul
	Aspirating 40.0 uL from A6 of NEST 96 Deep Well Plate 2mL on Magnetic Module GEN2 on 4 at 94.0 uL/sec
	Dispensing 40.0 uL into A6 of NEST 96 Deep Well Plate 2mL on Magnetic Module GEN2 on 4 at 94.0 uL/sec
	Aspirating 40.0 uL from A6 of NEST 96 Deep Well Plate 2mL on Magnetic Module GEN2 on 4 at 94.0 uL/sec
	Dispensing 40.0 uL into A6 of NEST 96 Deep Well Plate 2mL on Magnetic Module GEN2 on 4 at 94.0 uL/sec
	Aspirating 40.0 uL from A6 of NEST 96 Deep Well Plate 2mL on Magnetic Module GEN2 on 4 at 94.0 uL/sec
	Dispensing 40.0 uL into A6 of NEST 96 Deep Well Plate 2mL on Magnetic Module GEN2 on 4 at 94.0 uL/sec
	Aspirating 40.0 uL from A6 of NEST 96 Deep Well Plate 2mL on Magnetic Module GEN2 on 4 at 94.0 uL/sec
	Dispensing 40.0 uL into A6 of NEST 96 Deep Well Plate 2mL on Magnetic Module GEN2 on 4 at 94.0 uL/sec
	Aspirating 40.0 uL from A6 of NEST 96 Deep Well Plate 2mL on Magnetic Module GEN2 on 4 at 94.0 uL/sec
	Dispensing 40.0 uL into A6 of NEST 96 Deep Well Plate 2mL on Magnetic Module GEN2 on 4 at 94.0 uL/sec
	Aspirating 40.0 uL from A6 of NEST 96 Deep Well Plate 2mL on Magnetic Module GEN2 on 4 at 94.0 uL/sec
	Dispensing 40.0 uL into A6 of NEST 96 Deep Well Plate 2mL on Magnetic Module GEN2 on 4 at 94.0 uL/sec
	Aspirating 40.0 uL from A6 of NEST 96 Deep Well Plate 2mL on Magnetic Module GEN2 on 4 at 94.0 uL/sec
	Dispensing 40.0 uL into A6 of NEST 96 Deep Well Plate 2mL on Magnetic Module GEN2 on 4 at 94.0 uL/sec
	Aspirating 40.0 uL from A6 of NEST 96 Deep Well Plate 2mL on Magnetic Module GEN2 on 4 at 94.0 uL/sec
	Dispensing 40.0 uL into A6 of NEST 96 Deep Well Plate 2mL on Magnetic Module GEN2 on 4 at 94.0 uL/sec
	Aspirating 40.0 uL from A6 of NEST 96 Deep Well Plate 2mL on Magnetic Module GEN2 on 4 at 94.0 uL/sec
	Dispensing 40.0 uL into A6 of NEST 96 Deep Well Plate 2mL on Magnetic Module GEN2 on 4 at 94.0 uL/sec
	Aspirating 40.0 uL from A6 of NEST 96 Deep Well Plate 2mL on Magnetic Module GEN2 on 4 at 94.0 uL/sec
	Dispensing 40.0 uL into A6 of NEST 96 Deep Well Plate 2mL on Magnetic Module GEN2 on 4 at 94.0 uL/sec
Dropping tip into A1 of Opentrons Fixed Trash on 12


~~~~~~~~~~~~~~~MOVING TO 96 WELL PLATE~~~~~~~~~~~~~~~~

Picking up tip from A1 of Opentrons OT-2 96 Filter Tip Rack 200 µL on 10
Aspirating 60.0 uL from A1 of NEST 96 Deep Well Plate 2mL on Magnetic Module GEN2 on 4 at 18.8 uL/sec
Moving to A1 of NEST 96 Deep Well Plate 2mL on Magnetic Module GEN2 on 4
Aspirating 10.0 uL from A1 of NEST 96 Deep Well Plate 2mL on Magnetic Module GEN2 on 4 at 18.8 uL/sec
Moving to A7 of Custom AB NEST 96 Well Plate 200 µL on 2
Dispensing 10.0 uL into A7 of Custom AB NEST 96 Well Plate 200 µL on 2 at 18.8 uL/sec
Dispensing 60.0 uL into A7 of Custom AB NEST 96 Well Plate 200 µL on 2 at 18.8 uL/sec
Dropping tip into A1 of Opentrons Fixed Trash on 12
Picking up tip from A2 of Opentrons OT-2 96 Filter Tip Rack 200 µL on 10
Aspirating 60.0 uL from A2 of NEST 96 Deep Well Plate 2mL on Magnetic Module GEN2 on 4 at 18.8 uL/sec
Moving to A2 of NEST 96 Deep Well Plate 2mL on Magnetic Module GEN2 on 4
Aspirating 10.0 uL from A2 of NEST 96 Deep Well Plate 2mL on Magnetic Module GEN2 on 4 at 18.8 uL/sec
Moving to A8 of Custom AB NEST 96 Well Plate 200 µL on 2
Dispensing 10.0 uL into A8 of Custom AB NEST 96 Well Plate 200 µL on 2 at 18.8 uL/sec
Dispensing 60.0 uL into A8 of Custom AB NEST 96 Well Plate 200 µL on 2 at 18.8 uL/sec
Dropping tip into A1 of Opentrons Fixed Trash on 12
Picking up tip from A3 of Opentrons OT-2 96 Filter Tip Rack 200 µL on 10
Aspirating 60.0 uL from A3 of NEST 96 Deep Well Plate 2mL on Magnetic Module GEN2 on 4 at 18.8 uL/sec
Moving to A3 of NEST 96 Deep Well Plate 2mL on Magnetic Module GEN2 on 4
Aspirating 10.0 uL from A3 of NEST 96 Deep Well Plate 2mL on Magnetic Module GEN2 on 4 at 18.8 uL/sec
Moving to A9 of Custom AB NEST 96 Well Plate 200 µL on 2
Dispensing 10.0 uL into A9 of Custom AB NEST 96 Well Plate 200 µL on 2 at 18.8 uL/sec
Dispensing 60.0 uL into A9 of Custom AB NEST 96 Well Plate 200 µL on 2 at 18.8 uL/sec
Dropping tip into A1 of Opentrons Fixed Trash on 12
Picking up tip from A4 of Opentrons OT-2 96 Filter Tip Rack 200 µL on 10
Aspirating 60.0 uL from A4 of NEST 96 Deep Well Plate 2mL on Magnetic Module GEN2 on 4 at 18.8 uL/sec
Moving to A4 of NEST 96 Deep Well Plate 2mL on Magnetic Module GEN2 on 4
Aspirating 10.0 uL from A4 of NEST 96 Deep Well Plate 2mL on Magnetic Module GEN2 on 4 at 18.8 uL/sec
Moving to A10 of Custom AB NEST 96 Well Plate 200 µL on 2
Dispensing 10.0 uL into A10 of Custom AB NEST 96 Well Plate 200 µL on 2 at 18.8 uL/sec
Dispensing 60.0 uL into A10 of Custom AB NEST 96 Well Plate 200 µL on 2 at 18.8 uL/sec
Dropping tip into A1 of Opentrons Fixed Trash on 12
Picking up tip from A5 of Opentrons OT-2 96 Filter Tip Rack 200 µL on 10
Aspirating 60.0 uL from A5 of NEST 96 Deep Well Plate 2mL on Magnetic Module GEN2 on 4 at 18.8 uL/sec
Moving to A5 of NEST 96 Deep Well Plate 2mL on Magnetic Module GEN2 on 4
Aspirating 10.0 uL from A5 of NEST 96 Deep Well Plate 2mL on Magnetic Module GEN2 on 4 at 18.8 uL/sec
Moving to A11 of Custom AB NEST 96 Well Plate 200 µL on 2
Dispensing 10.0 uL into A11 of Custom AB NEST 96 Well Plate 200 µL on 2 at 18.8 uL/sec
Dispensing 60.0 uL into A11 of Custom AB NEST 96 Well Plate 200 µL on 2 at 18.8 uL/sec
Dropping tip into A1 of Opentrons Fixed Trash on 12
Picking up tip from A6 of Opentrons OT-2 96 Filter Tip Rack 200 µL on 10
Aspirating 60.0 uL from A6 of NEST 96 Deep Well Plate 2mL on Magnetic Module GEN2 on 4 at 18.8 uL/sec
Moving to A6 of NEST 96 Deep Well Plate 2mL on Magnetic Module GEN2 on 4
Aspirating 10.0 uL from A6 of NEST 96 Deep Well Plate 2mL on Magnetic Module GEN2 on 4 at 18.8 uL/sec
Moving to A12 of Custom AB NEST 96 Well Plate 200 µL on 2
Dispensing 10.0 uL into A12 of Custom AB NEST 96 Well Plate 200 µL on 2 at 18.8 uL/sec
Dispensing 60.0 uL into A12 of Custom AB NEST 96 Well Plate 200 µL on 2 at 18.8 uL/sec
Dropping tip into A1 of Opentrons Fixed Trash on 12


Pausing robot operation: Please centrifuge plate in slot 2 at 280 x g for 3 seconds, return to slot 2 when done




~~~~~~~~~~~~~~~ADDING ADAPTERS~~~~~~~~~~~~~~~~

Picking up tip from A1 of Opentrons OT-2 96 Filter Tip Rack 20 µL on 8
Aspirating 10.0 uL from A1 of NEST 96 Well Plate 100 µL PCR Full Skirt on 3 at 1.9 uL/sec
Moving to A1 of NEST 96 Well Plate 100 µL PCR Full Skirt on 3
Aspirating 5.0 uL from A1 of NEST 96 Well Plate 100 µL PCR Full Skirt on 3 at 1.9 uL/sec
Moving to A1 of NEST 96 Well Plate 100 µL PCR Full Skirt on 3
Dispensing 5.0 uL into A7 of Custom AB NEST 96 Well Plate 200 µL on 2 at 1.9 uL/sec
Dispensing 10.0 uL into A7 of Custom AB NEST 96 Well Plate 200 µL on 2 at 1.9 uL/sec
Dropping tip into A1 of Opentrons Fixed Trash on 12
Picking up tip from A2 of Opentrons OT-2 96 Filter Tip Rack 20 µL on 8
Aspirating 10.0 uL from A2 of NEST 96 Well Plate 100 µL PCR Full Skirt on 3 at 1.9 uL/sec
Moving to A2 of NEST 96 Well Plate 100 µL PCR Full Skirt on 3
Aspirating 5.0 uL from A2 of NEST 96 Well Plate 100 µL PCR Full Skirt on 3 at 1.9 uL/sec
Moving to A2 of NEST 96 Well Plate 100 µL PCR Full Skirt on 3
Dispensing 5.0 uL into A8 of Custom AB NEST 96 Well Plate 200 µL on 2 at 1.9 uL/sec
Dispensing 10.0 uL into A8 of Custom AB NEST 96 Well Plate 200 µL on 2 at 1.9 uL/sec
Dropping tip into A1 of Opentrons Fixed Trash on 12
Picking up tip from A3 of Opentrons OT-2 96 Filter Tip Rack 20 µL on 8
Aspirating 10.0 uL from A3 of NEST 96 Well Plate 100 µL PCR Full Skirt on 3 at 1.9 uL/sec
Moving to A3 of NEST 96 Well Plate 100 µL PCR Full Skirt on 3
Aspirating 5.0 uL from A3 of NEST 96 Well Plate 100 µL PCR Full Skirt on 3 at 1.9 uL/sec
Moving to A3 of NEST 96 Well Plate 100 µL PCR Full Skirt on 3
Dispensing 5.0 uL into A9 of Custom AB NEST 96 Well Plate 200 µL on 2 at 1.9 uL/sec
Dispensing 10.0 uL into A9 of Custom AB NEST 96 Well Plate 200 µL on 2 at 1.9 uL/sec
Dropping tip into A1 of Opentrons Fixed Trash on 12
Picking up tip from A4 of Opentrons OT-2 96 Filter Tip Rack 20 µL on 8
Aspirating 10.0 uL from A4 of NEST 96 Well Plate 100 µL PCR Full Skirt on 3 at 1.9 uL/sec
Moving to A4 of NEST 96 Well Plate 100 µL PCR Full Skirt on 3
Aspirating 5.0 uL from A4 of NEST 96 Well Plate 100 µL PCR Full Skirt on 3 at 1.9 uL/sec
Moving to A4 of NEST 96 Well Plate 100 µL PCR Full Skirt on 3
Dispensing 5.0 uL into A10 of Custom AB NEST 96 Well Plate 200 µL on 2 at 1.9 uL/sec
Dispensing 10.0 uL into A10 of Custom AB NEST 96 Well Plate 200 µL on 2 at 1.9 uL/sec
Dropping tip into A1 of Opentrons Fixed Trash on 12
Picking up tip from A5 of Opentrons OT-2 96 Filter Tip Rack 20 µL on 8
Aspirating 10.0 uL from A5 of NEST 96 Well Plate 100 µL PCR Full Skirt on 3 at 1.9 uL/sec
Moving to A5 of NEST 96 Well Plate 100 µL PCR Full Skirt on 3
Aspirating 5.0 uL from A5 of NEST 96 Well Plate 100 µL PCR Full Skirt on 3 at 1.9 uL/sec
Moving to A5 of NEST 96 Well Plate 100 µL PCR Full Skirt on 3
Dispensing 5.0 uL into A11 of Custom AB NEST 96 Well Plate 200 µL on 2 at 1.9 uL/sec
Dispensing 10.0 uL into A11 of Custom AB NEST 96 Well Plate 200 µL on 2 at 1.9 uL/sec
Dropping tip into A1 of Opentrons Fixed Trash on 12
Picking up tip from A6 of Opentrons OT-2 96 Filter Tip Rack 20 µL on 8
Aspirating 10.0 uL from A6 of NEST 96 Well Plate 100 µL PCR Full Skirt on 3 at 1.9 uL/sec
Moving to A6 of NEST 96 Well Plate 100 µL PCR Full Skirt on 3
Aspirating 5.0 uL from A6 of NEST 96 Well Plate 100 µL PCR Full Skirt on 3 at 1.9 uL/sec
Moving to A6 of NEST 96 Well Plate 100 µL PCR Full Skirt on 3
Dispensing 5.0 uL into A12 of Custom AB NEST 96 Well Plate 200 µL on 2 at 1.9 uL/sec
Dispensing 10.0 uL into A12 of Custom AB NEST 96 Well Plate 200 µL on 2 at 1.9 uL/sec
Dropping tip into A1 of Opentrons Fixed Trash on 12




~~~~~~~~~~~~~~~MIXING~~~~~~~~~~~~~~~~

Picking up tip from A7 of Opentrons OT-2 96 Filter Tip Rack 200 µL on 10
Mixing 10 times with a volume of 40.0 ul
	Aspirating 40.0 uL from A7 of Custom AB NEST 96 Well Plate 200 µL on 2 at 31.333333333333332 uL/sec
	Dispensing 40.0 uL into A7 of Custom AB NEST 96 Well Plate 200 µL on 2 at 31.333333333333332 uL/sec
	Aspirating 40.0 uL from A7 of Custom AB NEST 96 Well Plate 200 µL on 2 at 31.333333333333332 uL/sec
	Dispensing 40.0 uL into A7 of Custom AB NEST 96 Well Plate 200 µL on 2 at 31.333333333333332 uL/sec
	Aspirating 40.0 uL from A7 of Custom AB NEST 96 Well Plate 200 µL on 2 at 31.333333333333332 uL/sec
	Dispensing 40.0 uL into A7 of Custom AB NEST 96 Well Plate 200 µL on 2 at 31.333333333333332 uL/sec
	Aspirating 40.0 uL from A7 of Custom AB NEST 96 Well Plate 200 µL on 2 at 31.333333333333332 uL/sec
	Dispensing 40.0 uL into A7 of Custom AB NEST 96 Well Plate 200 µL on 2 at 31.333333333333332 uL/sec
	Aspirating 40.0 uL from A7 of Custom AB NEST 96 Well Plate 200 µL on 2 at 31.333333333333332 uL/sec
	Dispensing 40.0 uL into A7 of Custom AB NEST 96 Well Plate 200 µL on 2 at 31.333333333333332 uL/sec
	Aspirating 40.0 uL from A7 of Custom AB NEST 96 Well Plate 200 µL on 2 at 31.333333333333332 uL/sec
	Dispensing 40.0 uL into A7 of Custom AB NEST 96 Well Plate 200 µL on 2 at 31.333333333333332 uL/sec
	Aspirating 40.0 uL from A7 of Custom AB NEST 96 Well Plate 200 µL on 2 at 31.333333333333332 uL/sec
	Dispensing 40.0 uL into A7 of Custom AB NEST 96 Well Plate 200 µL on 2 at 31.333333333333332 uL/sec
	Aspirating 40.0 uL from A7 of Custom AB NEST 96 Well Plate 200 µL on 2 at 31.333333333333332 uL/sec
	Dispensing 40.0 uL into A7 of Custom AB NEST 96 Well Plate 200 µL on 2 at 31.333333333333332 uL/sec
	Aspirating 40.0 uL from A7 of Custom AB NEST 96 Well Plate 200 µL on 2 at 31.333333333333332 uL/sec
	Dispensing 40.0 uL into A7 of Custom AB NEST 96 Well Plate 200 µL on 2 at 31.333333333333332 uL/sec
	Aspirating 40.0 uL from A7 of Custom AB NEST 96 Well Plate 200 µL on 2 at 31.333333333333332 uL/sec
	Dispensing 40.0 uL into A7 of Custom AB NEST 96 Well Plate 200 µL on 2 at 31.333333333333332 uL/sec
Dropping tip into A1 of Opentrons Fixed Trash on 12
Picking up tip from A8 of Opentrons OT-2 96 Filter Tip Rack 200 µL on 10
Mixing 10 times with a volume of 40.0 ul
	Aspirating 40.0 uL from A8 of Custom AB NEST 96 Well Plate 200 µL on 2 at 31.333333333333332 uL/sec
	Dispensing 40.0 uL into A8 of Custom AB NEST 96 Well Plate 200 µL on 2 at 31.333333333333332 uL/sec
	Aspirating 40.0 uL from A8 of Custom AB NEST 96 Well Plate 200 µL on 2 at 31.333333333333332 uL/sec
	Dispensing 40.0 uL into A8 of Custom AB NEST 96 Well Plate 200 µL on 2 at 31.333333333333332 uL/sec
	Aspirating 40.0 uL from A8 of Custom AB NEST 96 Well Plate 200 µL on 2 at 31.333333333333332 uL/sec
	Dispensing 40.0 uL into A8 of Custom AB NEST 96 Well Plate 200 µL on 2 at 31.333333333333332 uL/sec
	Aspirating 40.0 uL from A8 of Custom AB NEST 96 Well Plate 200 µL on 2 at 31.333333333333332 uL/sec
	Dispensing 40.0 uL into A8 of Custom AB NEST 96 Well Plate 200 µL on 2 at 31.333333333333332 uL/sec
	Aspirating 40.0 uL from A8 of Custom AB NEST 96 Well Plate 200 µL on 2 at 31.333333333333332 uL/sec
	Dispensing 40.0 uL into A8 of Custom AB NEST 96 Well Plate 200 µL on 2 at 31.333333333333332 uL/sec
	Aspirating 40.0 uL from A8 of Custom AB NEST 96 Well Plate 200 µL on 2 at 31.333333333333332 uL/sec
	Dispensing 40.0 uL into A8 of Custom AB NEST 96 Well Plate 200 µL on 2 at 31.333333333333332 uL/sec
	Aspirating 40.0 uL from A8 of Custom AB NEST 96 Well Plate 200 µL on 2 at 31.333333333333332 uL/sec
	Dispensing 40.0 uL into A8 of Custom AB NEST 96 Well Plate 200 µL on 2 at 31.333333333333332 uL/sec
	Aspirating 40.0 uL from A8 of Custom AB NEST 96 Well Plate 200 µL on 2 at 31.333333333333332 uL/sec
	Dispensing 40.0 uL into A8 of Custom AB NEST 96 Well Plate 200 µL on 2 at 31.333333333333332 uL/sec
	Aspirating 40.0 uL from A8 of Custom AB NEST 96 Well Plate 200 µL on 2 at 31.333333333333332 uL/sec
	Dispensing 40.0 uL into A8 of Custom AB NEST 96 Well Plate 200 µL on 2 at 31.333333333333332 uL/sec
	Aspirating 40.0 uL from A8 of Custom AB NEST 96 Well Plate 200 µL on 2 at 31.333333333333332 uL/sec
	Dispensing 40.0 uL into A8 of Custom AB NEST 96 Well Plate 200 µL on 2 at 31.333333333333332 uL/sec
Dropping tip into A1 of Opentrons Fixed Trash on 12
Picking up tip from A9 of Opentrons OT-2 96 Filter Tip Rack 200 µL on 10
Mixing 10 times with a volume of 40.0 ul
	Aspirating 40.0 uL from A9 of Custom AB NEST 96 Well Plate 200 µL on 2 at 31.333333333333332 uL/sec
	Dispensing 40.0 uL into A9 of Custom AB NEST 96 Well Plate 200 µL on 2 at 31.333333333333332 uL/sec
	Aspirating 40.0 uL from A9 of Custom AB NEST 96 Well Plate 200 µL on 2 at 31.333333333333332 uL/sec
	Dispensing 40.0 uL into A9 of Custom AB NEST 96 Well Plate 200 µL on 2 at 31.333333333333332 uL/sec
	Aspirating 40.0 uL from A9 of Custom AB NEST 96 Well Plate 200 µL on 2 at 31.333333333333332 uL/sec
	Dispensing 40.0 uL into A9 of Custom AB NEST 96 Well Plate 200 µL on 2 at 31.333333333333332 uL/sec
	Aspirating 40.0 uL from A9 of Custom AB NEST 96 Well Plate 200 µL on 2 at 31.333333333333332 uL/sec
	Dispensing 40.0 uL into A9 of Custom AB NEST 96 Well Plate 200 µL on 2 at 31.333333333333332 uL/sec
	Aspirating 40.0 uL from A9 of Custom AB NEST 96 Well Plate 200 µL on 2 at 31.333333333333332 uL/sec
	Dispensing 40.0 uL into A9 of Custom AB NEST 96 Well Plate 200 µL on 2 at 31.333333333333332 uL/sec
	Aspirating 40.0 uL from A9 of Custom AB NEST 96 Well Plate 200 µL on 2 at 31.333333333333332 uL/sec
	Dispensing 40.0 uL into A9 of Custom AB NEST 96 Well Plate 200 µL on 2 at 31.333333333333332 uL/sec
	Aspirating 40.0 uL from A9 of Custom AB NEST 96 Well Plate 200 µL on 2 at 31.333333333333332 uL/sec
	Dispensing 40.0 uL into A9 of Custom AB NEST 96 Well Plate 200 µL on 2 at 31.333333333333332 uL/sec
	Aspirating 40.0 uL from A9 of Custom AB NEST 96 Well Plate 200 µL on 2 at 31.333333333333332 uL/sec
	Dispensing 40.0 uL into A9 of Custom AB NEST 96 Well Plate 200 µL on 2 at 31.333333333333332 uL/sec
	Aspirating 40.0 uL from A9 of Custom AB NEST 96 Well Plate 200 µL on 2 at 31.333333333333332 uL/sec
	Dispensing 40.0 uL into A9 of Custom AB NEST 96 Well Plate 200 µL on 2 at 31.333333333333332 uL/sec
	Aspirating 40.0 uL from A9 of Custom AB NEST 96 Well Plate 200 µL on 2 at 31.333333333333332 uL/sec
	Dispensing 40.0 uL into A9 of Custom AB NEST 96 Well Plate 200 µL on 2 at 31.333333333333332 uL/sec
Dropping tip into A1 of Opentrons Fixed Trash on 12
Picking up tip from A10 of Opentrons OT-2 96 Filter Tip Rack 200 µL on 10
Mixing 10 times with a volume of 40.0 ul
	Aspirating 40.0 uL from A10 of Custom AB NEST 96 Well Plate 200 µL on 2 at 31.333333333333332 uL/sec
	Dispensing 40.0 uL into A10 of Custom AB NEST 96 Well Plate 200 µL on 2 at 31.333333333333332 uL/sec
	Aspirating 40.0 uL from A10 of Custom AB NEST 96 Well Plate 200 µL on 2 at 31.333333333333332 uL/sec
	Dispensing 40.0 uL into A10 of Custom AB NEST 96 Well Plate 200 µL on 2 at 31.333333333333332 uL/sec
	Aspirating 40.0 uL from A10 of Custom AB NEST 96 Well Plate 200 µL on 2 at 31.333333333333332 uL/sec
	Dispensing 40.0 uL into A10 of Custom AB NEST 96 Well Plate 200 µL on 2 at 31.333333333333332 uL/sec
	Aspirating 40.0 uL from A10 of Custom AB NEST 96 Well Plate 200 µL on 2 at 31.333333333333332 uL/sec
	Dispensing 40.0 uL into A10 of Custom AB NEST 96 Well Plate 200 µL on 2 at 31.333333333333332 uL/sec
	Aspirating 40.0 uL from A10 of Custom AB NEST 96 Well Plate 200 µL on 2 at 31.333333333333332 uL/sec
	Dispensing 40.0 uL into A10 of Custom AB NEST 96 Well Plate 200 µL on 2 at 31.333333333333332 uL/sec
	Aspirating 40.0 uL from A10 of Custom AB NEST 96 Well Plate 200 µL on 2 at 31.333333333333332 uL/sec
	Dispensing 40.0 uL into A10 of Custom AB NEST 96 Well Plate 200 µL on 2 at 31.333333333333332 uL/sec
	Aspirating 40.0 uL from A10 of Custom AB NEST 96 Well Plate 200 µL on 2 at 31.333333333333332 uL/sec
	Dispensing 40.0 uL into A10 of Custom AB NEST 96 Well Plate 200 µL on 2 at 31.333333333333332 uL/sec
	Aspirating 40.0 uL from A10 of Custom AB NEST 96 Well Plate 200 µL on 2 at 31.333333333333332 uL/sec
	Dispensing 40.0 uL into A10 of Custom AB NEST 96 Well Plate 200 µL on 2 at 31.333333333333332 uL/sec
	Aspirating 40.0 uL from A10 of Custom AB NEST 96 Well Plate 200 µL on 2 at 31.333333333333332 uL/sec
	Dispensing 40.0 uL into A10 of Custom AB NEST 96 Well Plate 200 µL on 2 at 31.333333333333332 uL/sec
	Aspirating 40.0 uL from A10 of Custom AB NEST 96 Well Plate 200 µL on 2 at 31.333333333333332 uL/sec
	Dispensing 40.0 uL into A10 of Custom AB NEST 96 Well Plate 200 µL on 2 at 31.333333333333332 uL/sec
Dropping tip into A1 of Opentrons Fixed Trash on 12
Picking up tip from A11 of Opentrons OT-2 96 Filter Tip Rack 200 µL on 10
Mixing 10 times with a volume of 40.0 ul
	Aspirating 40.0 uL from A11 of Custom AB NEST 96 Well Plate 200 µL on 2 at 31.333333333333332 uL/sec
	Dispensing 40.0 uL into A11 of Custom AB NEST 96 Well Plate 200 µL on 2 at 31.333333333333332 uL/sec
	Aspirating 40.0 uL from A11 of Custom AB NEST 96 Well Plate 200 µL on 2 at 31.333333333333332 uL/sec
	Dispensing 40.0 uL into A11 of Custom AB NEST 96 Well Plate 200 µL on 2 at 31.333333333333332 uL/sec
	Aspirating 40.0 uL from A11 of Custom AB NEST 96 Well Plate 200 µL on 2 at 31.333333333333332 uL/sec
	Dispensing 40.0 uL into A11 of Custom AB NEST 96 Well Plate 200 µL on 2 at 31.333333333333332 uL/sec
	Aspirating 40.0 uL from A11 of Custom AB NEST 96 Well Plate 200 µL on 2 at 31.333333333333332 uL/sec
	Dispensing 40.0 uL into A11 of Custom AB NEST 96 Well Plate 200 µL on 2 at 31.333333333333332 uL/sec
	Aspirating 40.0 uL from A11 of Custom AB NEST 96 Well Plate 200 µL on 2 at 31.333333333333332 uL/sec
	Dispensing 40.0 uL into A11 of Custom AB NEST 96 Well Plate 200 µL on 2 at 31.333333333333332 uL/sec
	Aspirating 40.0 uL from A11 of Custom AB NEST 96 Well Plate 200 µL on 2 at 31.333333333333332 uL/sec
	Dispensing 40.0 uL into A11 of Custom AB NEST 96 Well Plate 200 µL on 2 at 31.333333333333332 uL/sec
	Aspirating 40.0 uL from A11 of Custom AB NEST 96 Well Plate 200 µL on 2 at 31.333333333333332 uL/sec
	Dispensing 40.0 uL into A11 of Custom AB NEST 96 Well Plate 200 µL on 2 at 31.333333333333332 uL/sec
	Aspirating 40.0 uL from A11 of Custom AB NEST 96 Well Plate 200 µL on 2 at 31.333333333333332 uL/sec
	Dispensing 40.0 uL into A11 of Custom AB NEST 96 Well Plate 200 µL on 2 at 31.333333333333332 uL/sec
	Aspirating 40.0 uL from A11 of Custom AB NEST 96 Well Plate 200 µL on 2 at 31.333333333333332 uL/sec
	Dispensing 40.0 uL into A11 of Custom AB NEST 96 Well Plate 200 µL on 2 at 31.333333333333332 uL/sec
	Aspirating 40.0 uL from A11 of Custom AB NEST 96 Well Plate 200 µL on 2 at 31.333333333333332 uL/sec
	Dispensing 40.0 uL into A11 of Custom AB NEST 96 Well Plate 200 µL on 2 at 31.333333333333332 uL/sec
Dropping tip into A1 of Opentrons Fixed Trash on 12
Picking up tip from A12 of Opentrons OT-2 96 Filter Tip Rack 200 µL on 10
Mixing 10 times with a volume of 40.0 ul
	Aspirating 40.0 uL from A12 of Custom AB NEST 96 Well Plate 200 µL on 2 at 31.333333333333332 uL/sec
	Dispensing 40.0 uL into A12 of Custom AB NEST 96 Well Plate 200 µL on 2 at 31.333333333333332 uL/sec
	Aspirating 40.0 uL from A12 of Custom AB NEST 96 Well Plate 200 µL on 2 at 31.333333333333332 uL/sec
	Dispensing 40.0 uL into A12 of Custom AB NEST 96 Well Plate 200 µL on 2 at 31.333333333333332 uL/sec
	Aspirating 40.0 uL from A12 of Custom AB NEST 96 Well Plate 200 µL on 2 at 31.333333333333332 uL/sec
	Dispensing 40.0 uL into A12 of Custom AB NEST 96 Well Plate 200 µL on 2 at 31.333333333333332 uL/sec
	Aspirating 40.0 uL from A12 of Custom AB NEST 96 Well Plate 200 µL on 2 at 31.333333333333332 uL/sec
	Dispensing 40.0 uL into A12 of Custom AB NEST 96 Well Plate 200 µL on 2 at 31.333333333333332 uL/sec
	Aspirating 40.0 uL from A12 of Custom AB NEST 96 Well Plate 200 µL on 2 at 31.333333333333332 uL/sec
	Dispensing 40.0 uL into A12 of Custom AB NEST 96 Well Plate 200 µL on 2 at 31.333333333333332 uL/sec
	Aspirating 40.0 uL from A12 of Custom AB NEST 96 Well Plate 200 µL on 2 at 31.333333333333332 uL/sec
	Dispensing 40.0 uL into A12 of Custom AB NEST 96 Well Plate 200 µL on 2 at 31.333333333333332 uL/sec
	Aspirating 40.0 uL from A12 of Custom AB NEST 96 Well Plate 200 µL on 2 at 31.333333333333332 uL/sec
	Dispensing 40.0 uL into A12 of Custom AB NEST 96 Well Plate 200 µL on 2 at 31.333333333333332 uL/sec
	Aspirating 40.0 uL from A12 of Custom AB NEST 96 Well Plate 200 µL on 2 at 31.333333333333332 uL/sec
	Dispensing 40.0 uL into A12 of Custom AB NEST 96 Well Plate 200 µL on 2 at 31.333333333333332 uL/sec
	Aspirating 40.0 uL from A12 of Custom AB NEST 96 Well Plate 200 µL on 2 at 31.333333333333332 uL/sec
	Dispensing 40.0 uL into A12 of Custom AB NEST 96 Well Plate 200 µL on 2 at 31.333333333333332 uL/sec
	Aspirating 40.0 uL from A12 of Custom AB NEST 96 Well Plate 200 µL on 2 at 31.333333333333332 uL/sec
	Dispensing 40.0 uL into A12 of Custom AB NEST 96 Well Plate 200 µL on 2 at 31.333333333333332 uL/sec
Dropping tip into A1 of Opentrons Fixed Trash on 12


Moving to A1 of NEST 12 Well Reservoir 15 mL on 5
Logs from this command:
WARNING (util): Out of bounds move: Z_L=(-1.1199999999999974 motor controller, -1.1199999999999974 deck) too low for limit 0
Pausing robot operation: Run complete, please move sample plate to off-deck thermocycler
Caught exception: {'message': 'Task was destroyed but it is pending!', 'task': <Task pending name='Task-4' coro=<Poller._poll_forever() running at /Users/dp/Desktop/project/github/opentrons/venv/lib/python3.10/site-packages/opentrons/hardware_control/poller.py:80> wait_for=<Future pending cb=[Task.task_wakeup()]>>}
Caught exception: {'message': 'Task was destroyed but it is pending!', 'task': <Task pending name='Task-3' coro=<Poller._poll_forever() running at /Users/dp/Desktop/project/github/opentrons/venv/lib/python3.10/site-packages/opentrons/hardware_control/poller.py:80> wait_for=<Future pending cb=[Task.task_wakeup()]>>}
Caught exception: {'message': 'Task was destroyed but it is pending!', 'task': <Task pending name='Task-2' coro=<Poller._poll_forever() running at /Users/dp/Desktop/project/github/opentrons/venv/lib/python3.10/site-packages/opentrons/hardware_control/poller.py:80> wait_for=<Future pending cb=[Task.task_wakeup()]>>}
