/Users/dp/Desktop/project/github/opentrons/venv/lib/python3.10/site-packages/opentrons/hardware_control/simulator_setup.py:205: UserWarning: Simulator configuration does not name a machine, defaulting to OT-2 Standard
  warn(
/Users/dp/.opentrons/robot_settings.json not found. Loading defaults
Deck calibration not found.
/Users/dp/.opentrons/deck_calibration.json not found. Loading defaults
Picking up tip from A1 of Opentrons OT-2 96 Filter Tip Rack 200 µL on 8
Aspirating 20.0 uL from A1 of Opentrons 96 Well Aluminum Block with Generic PCR Strip 200 µL on Temperature Module GEN1 on 1 at 23.5 uL/sec
Moving to A1 of Opentrons 96 Well Aluminum Block with Generic PCR Strip 200 µL on Temperature Module GEN1 on 1
Delaying for 0 minutes and 2.0 seconds
Touching tip
Aspirating 20.0 uL from A1 of Opentrons 96 Well Aluminum Block with Generic PCR Strip 200 µL on Temperature Module GEN1 on 1 at 23.5 uL/sec
Dispensing 20.0 uL into A1 of Custom AB NEST 96 Well Plate 200 µL on 2 at 23.5 uL/sec
Dispensing 20.0 uL into A1 of Custom AB NEST 96 Well Plate 200 µL on 2 at 23.5 uL/sec
Mixing 10 times with a volume of 45.0 ul
	Aspirating 45.0 uL from A1 of Custom AB NEST 96 Well Plate 200 µL on 2 at 47.0 uL/sec
	Dispensing 45.0 uL into A1 of Custom AB NEST 96 Well Plate 200 µL on 2 at 47.0 uL/sec
	Aspirating 45.0 uL from A1 of Custom AB NEST 96 Well Plate 200 µL on 2 at 47.0 uL/sec
	Dispensing 45.0 uL into A1 of Custom AB NEST 96 Well Plate 200 µL on 2 at 47.0 uL/sec
	Aspirating 45.0 uL from A1 of Custom AB NEST 96 Well Plate 200 µL on 2 at 47.0 uL/sec
	Dispensing 45.0 uL into A1 of Custom AB NEST 96 Well Plate 200 µL on 2 at 47.0 uL/sec
	Aspirating 45.0 uL from A1 of Custom AB NEST 96 Well Plate 200 µL on 2 at 47.0 uL/sec
	Dispensing 45.0 uL into A1 of Custom AB NEST 96 Well Plate 200 µL on 2 at 47.0 uL/sec
	Aspirating 45.0 uL from A1 of Custom AB NEST 96 Well Plate 200 µL on 2 at 47.0 uL/sec
	Dispensing 45.0 uL into A1 of Custom AB NEST 96 Well Plate 200 µL on 2 at 47.0 uL/sec
	Aspirating 45.0 uL from A1 of Custom AB NEST 96 Well Plate 200 µL on 2 at 47.0 uL/sec
	Dispensing 45.0 uL into A1 of Custom AB NEST 96 Well Plate 200 µL on 2 at 47.0 uL/sec
	Aspirating 45.0 uL from A1 of Custom AB NEST 96 Well Plate 200 µL on 2 at 47.0 uL/sec
	Dispensing 45.0 uL into A1 of Custom AB NEST 96 Well Plate 200 µL on 2 at 47.0 uL/sec
	Aspirating 45.0 uL from A1 of Custom AB NEST 96 Well Plate 200 µL on 2 at 47.0 uL/sec
	Dispensing 45.0 uL into A1 of Custom AB NEST 96 Well Plate 200 µL on 2 at 47.0 uL/sec
	Aspirating 45.0 uL from A1 of Custom AB NEST 96 Well Plate 200 µL on 2 at 47.0 uL/sec
	Dispensing 45.0 uL into A1 of Custom AB NEST 96 Well Plate 200 µL on 2 at 47.0 uL/sec
	Aspirating 45.0 uL from A1 of Custom AB NEST 96 Well Plate 200 µL on 2 at 47.0 uL/sec
	Dispensing 45.0 uL into A1 of Custom AB NEST 96 Well Plate 200 µL on 2 at 47.0 uL/sec
Dropping tip into A1 of Opentrons Fixed Trash on 12
Picking up tip from A2 of Opentrons OT-2 96 Filter Tip Rack 200 µL on 8
Aspirating 20.0 uL from A1 of Opentrons 96 Well Aluminum Block with Generic PCR Strip 200 µL on Temperature Module GEN1 on 1 at 23.5 uL/sec
Moving to A1 of Opentrons 96 Well Aluminum Block with Generic PCR Strip 200 µL on Temperature Module GEN1 on 1
Delaying for 0 minutes and 2.0 seconds
Touching tip
Aspirating 20.0 uL from A1 of Opentrons 96 Well Aluminum Block with Generic PCR Strip 200 µL on Temperature Module GEN1 on 1 at 23.5 uL/sec
Dispensing 20.0 uL into A2 of Custom AB NEST 96 Well Plate 200 µL on 2 at 23.5 uL/sec
Dispensing 20.0 uL into A2 of Custom AB NEST 96 Well Plate 200 µL on 2 at 23.5 uL/sec
Mixing 10 times with a volume of 45.0 ul
	Aspirating 45.0 uL from A2 of Custom AB NEST 96 Well Plate 200 µL on 2 at 47.0 uL/sec
	Dispensing 45.0 uL into A2 of Custom AB NEST 96 Well Plate 200 µL on 2 at 47.0 uL/sec
	Aspirating 45.0 uL from A2 of Custom AB NEST 96 Well Plate 200 µL on 2 at 47.0 uL/sec
	Dispensing 45.0 uL into A2 of Custom AB NEST 96 Well Plate 200 µL on 2 at 47.0 uL/sec
	Aspirating 45.0 uL from A2 of Custom AB NEST 96 Well Plate 200 µL on 2 at 47.0 uL/sec
	Dispensing 45.0 uL into A2 of Custom AB NEST 96 Well Plate 200 µL on 2 at 47.0 uL/sec
	Aspirating 45.0 uL from A2 of Custom AB NEST 96 Well Plate 200 µL on 2 at 47.0 uL/sec
	Dispensing 45.0 uL into A2 of Custom AB NEST 96 Well Plate 200 µL on 2 at 47.0 uL/sec
	Aspirating 45.0 uL from A2 of Custom AB NEST 96 Well Plate 200 µL on 2 at 47.0 uL/sec
	Dispensing 45.0 uL into A2 of Custom AB NEST 96 Well Plate 200 µL on 2 at 47.0 uL/sec
	Aspirating 45.0 uL from A2 of Custom AB NEST 96 Well Plate 200 µL on 2 at 47.0 uL/sec
	Dispensing 45.0 uL into A2 of Custom AB NEST 96 Well Plate 200 µL on 2 at 47.0 uL/sec
	Aspirating 45.0 uL from A2 of Custom AB NEST 96 Well Plate 200 µL on 2 at 47.0 uL/sec
	Dispensing 45.0 uL into A2 of Custom AB NEST 96 Well Plate 200 µL on 2 at 47.0 uL/sec
	Aspirating 45.0 uL from A2 of Custom AB NEST 96 Well Plate 200 µL on 2 at 47.0 uL/sec
	Dispensing 45.0 uL into A2 of Custom AB NEST 96 Well Plate 200 µL on 2 at 47.0 uL/sec
	Aspirating 45.0 uL from A2 of Custom AB NEST 96 Well Plate 200 µL on 2 at 47.0 uL/sec
	Dispensing 45.0 uL into A2 of Custom AB NEST 96 Well Plate 200 µL on 2 at 47.0 uL/sec
	Aspirating 45.0 uL from A2 of Custom AB NEST 96 Well Plate 200 µL on 2 at 47.0 uL/sec
	Dispensing 45.0 uL into A2 of Custom AB NEST 96 Well Plate 200 µL on 2 at 47.0 uL/sec
Dropping tip into A1 of Opentrons Fixed Trash on 12
Picking up tip from A3 of Opentrons OT-2 96 Filter Tip Rack 200 µL on 8
Aspirating 20.0 uL from A1 of Opentrons 96 Well Aluminum Block with Generic PCR Strip 200 µL on Temperature Module GEN1 on 1 at 23.5 uL/sec
Moving to A1 of Opentrons 96 Well Aluminum Block with Generic PCR Strip 200 µL on Temperature Module GEN1 on 1
Delaying for 0 minutes and 2.0 seconds
Touching tip
Aspirating 20.0 uL from A1 of Opentrons 96 Well Aluminum Block with Generic PCR Strip 200 µL on Temperature Module GEN1 on 1 at 23.5 uL/sec
Dispensing 20.0 uL into A3 of Custom AB NEST 96 Well Plate 200 µL on 2 at 23.5 uL/sec
Dispensing 20.0 uL into A3 of Custom AB NEST 96 Well Plate 200 µL on 2 at 23.5 uL/sec
Mixing 10 times with a volume of 45.0 ul
	Aspirating 45.0 uL from A3 of Custom AB NEST 96 Well Plate 200 µL on 2 at 47.0 uL/sec
	Dispensing 45.0 uL into A3 of Custom AB NEST 96 Well Plate 200 µL on 2 at 47.0 uL/sec
	Aspirating 45.0 uL from A3 of Custom AB NEST 96 Well Plate 200 µL on 2 at 47.0 uL/sec
	Dispensing 45.0 uL into A3 of Custom AB NEST 96 Well Plate 200 µL on 2 at 47.0 uL/sec
	Aspirating 45.0 uL from A3 of Custom AB NEST 96 Well Plate 200 µL on 2 at 47.0 uL/sec
	Dispensing 45.0 uL into A3 of Custom AB NEST 96 Well Plate 200 µL on 2 at 47.0 uL/sec
	Aspirating 45.0 uL from A3 of Custom AB NEST 96 Well Plate 200 µL on 2 at 47.0 uL/sec
	Dispensing 45.0 uL into A3 of Custom AB NEST 96 Well Plate 200 µL on 2 at 47.0 uL/sec
	Aspirating 45.0 uL from A3 of Custom AB NEST 96 Well Plate 200 µL on 2 at 47.0 uL/sec
	Dispensing 45.0 uL into A3 of Custom AB NEST 96 Well Plate 200 µL on 2 at 47.0 uL/sec
	Aspirating 45.0 uL from A3 of Custom AB NEST 96 Well Plate 200 µL on 2 at 47.0 uL/sec
	Dispensing 45.0 uL into A3 of Custom AB NEST 96 Well Plate 200 µL on 2 at 47.0 uL/sec
	Aspirating 45.0 uL from A3 of Custom AB NEST 96 Well Plate 200 µL on 2 at 47.0 uL/sec
	Dispensing 45.0 uL into A3 of Custom AB NEST 96 Well Plate 200 µL on 2 at 47.0 uL/sec
	Aspirating 45.0 uL from A3 of Custom AB NEST 96 Well Plate 200 µL on 2 at 47.0 uL/sec
	Dispensing 45.0 uL into A3 of Custom AB NEST 96 Well Plate 200 µL on 2 at 47.0 uL/sec
	Aspirating 45.0 uL from A3 of Custom AB NEST 96 Well Plate 200 µL on 2 at 47.0 uL/sec
	Dispensing 45.0 uL into A3 of Custom AB NEST 96 Well Plate 200 µL on 2 at 47.0 uL/sec
	Aspirating 45.0 uL from A3 of Custom AB NEST 96 Well Plate 200 µL on 2 at 47.0 uL/sec
	Dispensing 45.0 uL into A3 of Custom AB NEST 96 Well Plate 200 µL on 2 at 47.0 uL/sec
Dropping tip into A1 of Opentrons Fixed Trash on 12
Picking up tip from A4 of Opentrons OT-2 96 Filter Tip Rack 200 µL on 8
Aspirating 20.0 uL from A1 of Opentrons 96 Well Aluminum Block with Generic PCR Strip 200 µL on Temperature Module GEN1 on 1 at 23.5 uL/sec
Moving to A1 of Opentrons 96 Well Aluminum Block with Generic PCR Strip 200 µL on Temperature Module GEN1 on 1
Delaying for 0 minutes and 2.0 seconds
Touching tip
Aspirating 20.0 uL from A1 of Opentrons 96 Well Aluminum Block with Generic PCR Strip 200 µL on Temperature Module GEN1 on 1 at 23.5 uL/sec
Dispensing 20.0 uL into A4 of Custom AB NEST 96 Well Plate 200 µL on 2 at 23.5 uL/sec
Dispensing 20.0 uL into A4 of Custom AB NEST 96 Well Plate 200 µL on 2 at 23.5 uL/sec
Mixing 10 times with a volume of 45.0 ul
	Aspirating 45.0 uL from A4 of Custom AB NEST 96 Well Plate 200 µL on 2 at 47.0 uL/sec
	Dispensing 45.0 uL into A4 of Custom AB NEST 96 Well Plate 200 µL on 2 at 47.0 uL/sec
	Aspirating 45.0 uL from A4 of Custom AB NEST 96 Well Plate 200 µL on 2 at 47.0 uL/sec
	Dispensing 45.0 uL into A4 of Custom AB NEST 96 Well Plate 200 µL on 2 at 47.0 uL/sec
	Aspirating 45.0 uL from A4 of Custom AB NEST 96 Well Plate 200 µL on 2 at 47.0 uL/sec
	Dispensing 45.0 uL into A4 of Custom AB NEST 96 Well Plate 200 µL on 2 at 47.0 uL/sec
	Aspirating 45.0 uL from A4 of Custom AB NEST 96 Well Plate 200 µL on 2 at 47.0 uL/sec
	Dispensing 45.0 uL into A4 of Custom AB NEST 96 Well Plate 200 µL on 2 at 47.0 uL/sec
	Aspirating 45.0 uL from A4 of Custom AB NEST 96 Well Plate 200 µL on 2 at 47.0 uL/sec
	Dispensing 45.0 uL into A4 of Custom AB NEST 96 Well Plate 200 µL on 2 at 47.0 uL/sec
	Aspirating 45.0 uL from A4 of Custom AB NEST 96 Well Plate 200 µL on 2 at 47.0 uL/sec
	Dispensing 45.0 uL into A4 of Custom AB NEST 96 Well Plate 200 µL on 2 at 47.0 uL/sec
	Aspirating 45.0 uL from A4 of Custom AB NEST 96 Well Plate 200 µL on 2 at 47.0 uL/sec
	Dispensing 45.0 uL into A4 of Custom AB NEST 96 Well Plate 200 µL on 2 at 47.0 uL/sec
	Aspirating 45.0 uL from A4 of Custom AB NEST 96 Well Plate 200 µL on 2 at 47.0 uL/sec
	Dispensing 45.0 uL into A4 of Custom AB NEST 96 Well Plate 200 µL on 2 at 47.0 uL/sec
	Aspirating 45.0 uL from A4 of Custom AB NEST 96 Well Plate 200 µL on 2 at 47.0 uL/sec
	Dispensing 45.0 uL into A4 of Custom AB NEST 96 Well Plate 200 µL on 2 at 47.0 uL/sec
	Aspirating 45.0 uL from A4 of Custom AB NEST 96 Well Plate 200 µL on 2 at 47.0 uL/sec
	Dispensing 45.0 uL into A4 of Custom AB NEST 96 Well Plate 200 µL on 2 at 47.0 uL/sec
Dropping tip into A1 of Opentrons Fixed Trash on 12
Picking up tip from A5 of Opentrons OT-2 96 Filter Tip Rack 200 µL on 8
Aspirating 20.0 uL from A1 of Opentrons 96 Well Aluminum Block with Generic PCR Strip 200 µL on Temperature Module GEN1 on 1 at 23.5 uL/sec
Moving to A1 of Opentrons 96 Well Aluminum Block with Generic PCR Strip 200 µL on Temperature Module GEN1 on 1
Delaying for 0 minutes and 2.0 seconds
Touching tip
Aspirating 20.0 uL from A1 of Opentrons 96 Well Aluminum Block with Generic PCR Strip 200 µL on Temperature Module GEN1 on 1 at 23.5 uL/sec
Dispensing 20.0 uL into A5 of Custom AB NEST 96 Well Plate 200 µL on 2 at 23.5 uL/sec
Dispensing 20.0 uL into A5 of Custom AB NEST 96 Well Plate 200 µL on 2 at 23.5 uL/sec
Mixing 10 times with a volume of 45.0 ul
	Aspirating 45.0 uL from A5 of Custom AB NEST 96 Well Plate 200 µL on 2 at 47.0 uL/sec
	Dispensing 45.0 uL into A5 of Custom AB NEST 96 Well Plate 200 µL on 2 at 47.0 uL/sec
	Aspirating 45.0 uL from A5 of Custom AB NEST 96 Well Plate 200 µL on 2 at 47.0 uL/sec
	Dispensing 45.0 uL into A5 of Custom AB NEST 96 Well Plate 200 µL on 2 at 47.0 uL/sec
	Aspirating 45.0 uL from A5 of Custom AB NEST 96 Well Plate 200 µL on 2 at 47.0 uL/sec
	Dispensing 45.0 uL into A5 of Custom AB NEST 96 Well Plate 200 µL on 2 at 47.0 uL/sec
	Aspirating 45.0 uL from A5 of Custom AB NEST 96 Well Plate 200 µL on 2 at 47.0 uL/sec
	Dispensing 45.0 uL into A5 of Custom AB NEST 96 Well Plate 200 µL on 2 at 47.0 uL/sec
	Aspirating 45.0 uL from A5 of Custom AB NEST 96 Well Plate 200 µL on 2 at 47.0 uL/sec
	Dispensing 45.0 uL into A5 of Custom AB NEST 96 Well Plate 200 µL on 2 at 47.0 uL/sec
	Aspirating 45.0 uL from A5 of Custom AB NEST 96 Well Plate 200 µL on 2 at 47.0 uL/sec
	Dispensing 45.0 uL into A5 of Custom AB NEST 96 Well Plate 200 µL on 2 at 47.0 uL/sec
	Aspirating 45.0 uL from A5 of Custom AB NEST 96 Well Plate 200 µL on 2 at 47.0 uL/sec
	Dispensing 45.0 uL into A5 of Custom AB NEST 96 Well Plate 200 µL on 2 at 47.0 uL/sec
	Aspirating 45.0 uL from A5 of Custom AB NEST 96 Well Plate 200 µL on 2 at 47.0 uL/sec
	Dispensing 45.0 uL into A5 of Custom AB NEST 96 Well Plate 200 µL on 2 at 47.0 uL/sec
	Aspirating 45.0 uL from A5 of Custom AB NEST 96 Well Plate 200 µL on 2 at 47.0 uL/sec
	Dispensing 45.0 uL into A5 of Custom AB NEST 96 Well Plate 200 µL on 2 at 47.0 uL/sec
	Aspirating 45.0 uL from A5 of Custom AB NEST 96 Well Plate 200 µL on 2 at 47.0 uL/sec
	Dispensing 45.0 uL into A5 of Custom AB NEST 96 Well Plate 200 µL on 2 at 47.0 uL/sec
Dropping tip into A1 of Opentrons Fixed Trash on 12
Picking up tip from A6 of Opentrons OT-2 96 Filter Tip Rack 200 µL on 8
Aspirating 20.0 uL from A1 of Opentrons 96 Well Aluminum Block with Generic PCR Strip 200 µL on Temperature Module GEN1 on 1 at 23.5 uL/sec
Moving to A1 of Opentrons 96 Well Aluminum Block with Generic PCR Strip 200 µL on Temperature Module GEN1 on 1
Delaying for 0 minutes and 2.0 seconds
Touching tip
Aspirating 20.0 uL from A1 of Opentrons 96 Well Aluminum Block with Generic PCR Strip 200 µL on Temperature Module GEN1 on 1 at 23.5 uL/sec
Dispensing 20.0 uL into A6 of Custom AB NEST 96 Well Plate 200 µL on 2 at 23.5 uL/sec
Dispensing 20.0 uL into A6 of Custom AB NEST 96 Well Plate 200 µL on 2 at 23.5 uL/sec
Mixing 10 times with a volume of 45.0 ul
	Aspirating 45.0 uL from A6 of Custom AB NEST 96 Well Plate 200 µL on 2 at 47.0 uL/sec
	Dispensing 45.0 uL into A6 of Custom AB NEST 96 Well Plate 200 µL on 2 at 47.0 uL/sec
	Aspirating 45.0 uL from A6 of Custom AB NEST 96 Well Plate 200 µL on 2 at 47.0 uL/sec
	Dispensing 45.0 uL into A6 of Custom AB NEST 96 Well Plate 200 µL on 2 at 47.0 uL/sec
	Aspirating 45.0 uL from A6 of Custom AB NEST 96 Well Plate 200 µL on 2 at 47.0 uL/sec
	Dispensing 45.0 uL into A6 of Custom AB NEST 96 Well Plate 200 µL on 2 at 47.0 uL/sec
	Aspirating 45.0 uL from A6 of Custom AB NEST 96 Well Plate 200 µL on 2 at 47.0 uL/sec
	Dispensing 45.0 uL into A6 of Custom AB NEST 96 Well Plate 200 µL on 2 at 47.0 uL/sec
	Aspirating 45.0 uL from A6 of Custom AB NEST 96 Well Plate 200 µL on 2 at 47.0 uL/sec
	Dispensing 45.0 uL into A6 of Custom AB NEST 96 Well Plate 200 µL on 2 at 47.0 uL/sec
	Aspirating 45.0 uL from A6 of Custom AB NEST 96 Well Plate 200 µL on 2 at 47.0 uL/sec
	Dispensing 45.0 uL into A6 of Custom AB NEST 96 Well Plate 200 µL on 2 at 47.0 uL/sec
	Aspirating 45.0 uL from A6 of Custom AB NEST 96 Well Plate 200 µL on 2 at 47.0 uL/sec
	Dispensing 45.0 uL into A6 of Custom AB NEST 96 Well Plate 200 µL on 2 at 47.0 uL/sec
	Aspirating 45.0 uL from A6 of Custom AB NEST 96 Well Plate 200 µL on 2 at 47.0 uL/sec
	Dispensing 45.0 uL into A6 of Custom AB NEST 96 Well Plate 200 µL on 2 at 47.0 uL/sec
	Aspirating 45.0 uL from A6 of Custom AB NEST 96 Well Plate 200 µL on 2 at 47.0 uL/sec
	Dispensing 45.0 uL into A6 of Custom AB NEST 96 Well Plate 200 µL on 2 at 47.0 uL/sec
	Aspirating 45.0 uL from A6 of Custom AB NEST 96 Well Plate 200 µL on 2 at 47.0 uL/sec
	Dispensing 45.0 uL into A6 of Custom AB NEST 96 Well Plate 200 µL on 2 at 47.0 uL/sec
Dropping tip into A1 of Opentrons Fixed Trash on 12
Tagmentation Prep Complete. Please transfer samples to
    thermocycler to complete tagmentation
Caught exception: {'message': 'Task was destroyed but it is pending!', 'task': <Task pending name='Task-4' coro=<Poller._poll_forever() running at /Users/dp/Desktop/project/github/opentrons/venv/lib/python3.10/site-packages/opentrons/hardware_control/poller.py:80> wait_for=<Future pending cb=[Task.task_wakeup()]>>}
Caught exception: {'message': 'Task was destroyed but it is pending!', 'task': <Task pending name='Task-3' coro=<Poller._poll_forever() running at /Users/dp/Desktop/project/github/opentrons/venv/lib/python3.10/site-packages/opentrons/hardware_control/poller.py:80> wait_for=<Future pending cb=[Task.task_wakeup()]>>}
Caught exception: {'message': 'Task was destroyed but it is pending!', 'task': <Task pending name='Task-2' coro=<Poller._poll_forever() running at /Users/dp/Desktop/project/github/opentrons/venv/lib/python3.10/site-packages/opentrons/hardware_control/poller.py:80> wait_for=<Future pending cb=[Task.task_wakeup()]>>}
