/Users/dp/Desktop/project/github/opentrons/venv/lib/python3.10/site-packages/opentrons/hardware_control/simulator_setup.py:205: UserWarning: Simulator configuration does not name a machine, defaulting to OT-2 Standard
  warn(
/Users/dp/.opentrons/robot_settings.json not found. Loading defaults
Deck calibration not found.
/Users/dp/.opentrons/deck_calibration.json not found. Loading defaults


~~~~~~~~~~~~~~~ADDING TSB~~~~~~~~~~~~~~~~

Picking up tip from A1 of Opentrons OT-2 96 Filter Tip Rack 20 µL on 7
Aspirating 10.0 uL from A1 of Opentrons 96 Well Aluminum Block with Generic PCR Strip 200 µL on Temperature Module GEN1 on 1 at 2.533333333333333 uL/sec
Moving to A1 of Opentrons 96 Well Aluminum Block with Generic PCR Strip 200 µL on Temperature Module GEN1 on 1
Delaying for 0 minutes and 2.0 seconds
Touching tip
Moving to A1 of Opentrons 96 Well Aluminum Block with Generic PCR Strip 200 µL on Temperature Module GEN1 on 1
Aspirating 5.0 uL from A1 of Opentrons 96 Well Aluminum Block with Generic PCR Strip 200 µL on Temperature Module GEN1 on 1 at 2.533333333333333 uL/sec
Dispensing 5.0 uL into A1 of Custom AB NEST 96 Well Plate 200 µL on 2 at 2.533333333333333 uL/sec
Dispensing 10.0 uL into A1 of Custom AB NEST 96 Well Plate 200 µL on 2 at 2.533333333333333 uL/sec
Dropping tip into A1 of Opentrons Fixed Trash on 12
Picking up tip from A2 of Opentrons OT-2 96 Filter Tip Rack 20 µL on 7
Aspirating 10.0 uL from A1 of Opentrons 96 Well Aluminum Block with Generic PCR Strip 200 µL on Temperature Module GEN1 on 1 at 2.533333333333333 uL/sec
Moving to A1 of Opentrons 96 Well Aluminum Block with Generic PCR Strip 200 µL on Temperature Module GEN1 on 1
Delaying for 0 minutes and 2.0 seconds
Touching tip
Moving to A1 of Opentrons 96 Well Aluminum Block with Generic PCR Strip 200 µL on Temperature Module GEN1 on 1
Aspirating 5.0 uL from A1 of Opentrons 96 Well Aluminum Block with Generic PCR Strip 200 µL on Temperature Module GEN1 on 1 at 2.533333333333333 uL/sec
Dispensing 5.0 uL into A2 of Custom AB NEST 96 Well Plate 200 µL on 2 at 2.533333333333333 uL/sec
Dispensing 10.0 uL into A2 of Custom AB NEST 96 Well Plate 200 µL on 2 at 2.533333333333333 uL/sec
Dropping tip into A1 of Opentrons Fixed Trash on 12
Picking up tip from A3 of Opentrons OT-2 96 Filter Tip Rack 20 µL on 7
Aspirating 10.0 uL from A1 of Opentrons 96 Well Aluminum Block with Generic PCR Strip 200 µL on Temperature Module GEN1 on 1 at 2.533333333333333 uL/sec
Moving to A1 of Opentrons 96 Well Aluminum Block with Generic PCR Strip 200 µL on Temperature Module GEN1 on 1
Delaying for 0 minutes and 2.0 seconds
Touching tip
Moving to A1 of Opentrons 96 Well Aluminum Block with Generic PCR Strip 200 µL on Temperature Module GEN1 on 1
Aspirating 5.0 uL from A1 of Opentrons 96 Well Aluminum Block with Generic PCR Strip 200 µL on Temperature Module GEN1 on 1 at 2.533333333333333 uL/sec
Dispensing 5.0 uL into A3 of Custom AB NEST 96 Well Plate 200 µL on 2 at 2.533333333333333 uL/sec
Dispensing 10.0 uL into A3 of Custom AB NEST 96 Well Plate 200 µL on 2 at 2.533333333333333 uL/sec
Dropping tip into A1 of Opentrons Fixed Trash on 12
Picking up tip from A4 of Opentrons OT-2 96 Filter Tip Rack 20 µL on 7
Aspirating 10.0 uL from A1 of Opentrons 96 Well Aluminum Block with Generic PCR Strip 200 µL on Temperature Module GEN1 on 1 at 2.533333333333333 uL/sec
Moving to A1 of Opentrons 96 Well Aluminum Block with Generic PCR Strip 200 µL on Temperature Module GEN1 on 1
Delaying for 0 minutes and 2.0 seconds
Touching tip
Moving to A1 of Opentrons 96 Well Aluminum Block with Generic PCR Strip 200 µL on Temperature Module GEN1 on 1
Aspirating 5.0 uL from A1 of Opentrons 96 Well Aluminum Block with Generic PCR Strip 200 µL on Temperature Module GEN1 on 1 at 2.533333333333333 uL/sec
Dispensing 5.0 uL into A4 of Custom AB NEST 96 Well Plate 200 µL on 2 at 2.533333333333333 uL/sec
Dispensing 10.0 uL into A4 of Custom AB NEST 96 Well Plate 200 µL on 2 at 2.533333333333333 uL/sec
Dropping tip into A1 of Opentrons Fixed Trash on 12
Picking up tip from A5 of Opentrons OT-2 96 Filter Tip Rack 20 µL on 7
Aspirating 10.0 uL from A1 of Opentrons 96 Well Aluminum Block with Generic PCR Strip 200 µL on Temperature Module GEN1 on 1 at 2.533333333333333 uL/sec
Moving to A1 of Opentrons 96 Well Aluminum Block with Generic PCR Strip 200 µL on Temperature Module GEN1 on 1
Delaying for 0 minutes and 2.0 seconds
Touching tip
Moving to A1 of Opentrons 96 Well Aluminum Block with Generic PCR Strip 200 µL on Temperature Module GEN1 on 1
Aspirating 5.0 uL from A1 of Opentrons 96 Well Aluminum Block with Generic PCR Strip 200 µL on Temperature Module GEN1 on 1 at 2.533333333333333 uL/sec
Dispensing 5.0 uL into A5 of Custom AB NEST 96 Well Plate 200 µL on 2 at 2.533333333333333 uL/sec
Dispensing 10.0 uL into A5 of Custom AB NEST 96 Well Plate 200 µL on 2 at 2.533333333333333 uL/sec
Dropping tip into A1 of Opentrons Fixed Trash on 12
Picking up tip from A6 of Opentrons OT-2 96 Filter Tip Rack 20 µL on 7
Aspirating 10.0 uL from A1 of Opentrons 96 Well Aluminum Block with Generic PCR Strip 200 µL on Temperature Module GEN1 on 1 at 2.533333333333333 uL/sec
Moving to A1 of Opentrons 96 Well Aluminum Block with Generic PCR Strip 200 µL on Temperature Module GEN1 on 1
Delaying for 0 minutes and 2.0 seconds
Touching tip
Moving to A1 of Opentrons 96 Well Aluminum Block with Generic PCR Strip 200 µL on Temperature Module GEN1 on 1
Aspirating 5.0 uL from A1 of Opentrons 96 Well Aluminum Block with Generic PCR Strip 200 µL on Temperature Module GEN1 on 1 at 2.533333333333333 uL/sec
Dispensing 5.0 uL into A6 of Custom AB NEST 96 Well Plate 200 µL on 2 at 2.533333333333333 uL/sec
Dispensing 10.0 uL into A6 of Custom AB NEST 96 Well Plate 200 µL on 2 at 2.533333333333333 uL/sec
Dropping tip into A1 of Opentrons Fixed Trash on 12


~~~~~~~~~~~~~~~MIXING~~~~~~~~~~~~~~~~

Picking up tip from A1 of Opentrons OT-2 96 Filter Tip Rack 200 µL on 8
Mixing 10 times with a volume of 55.0 ul
	Aspirating 55.0 uL from A1 of Custom AB NEST 96 Well Plate 200 µL on 2 at 23.5 uL/sec
	Dispensing 55.0 uL into A1 of Custom AB NEST 96 Well Plate 200 µL on 2 at 23.5 uL/sec
	Aspirating 55.0 uL from A1 of Custom AB NEST 96 Well Plate 200 µL on 2 at 23.5 uL/sec
	Dispensing 55.0 uL into A1 of Custom AB NEST 96 Well Plate 200 µL on 2 at 23.5 uL/sec
	Aspirating 55.0 uL from A1 of Custom AB NEST 96 Well Plate 200 µL on 2 at 23.5 uL/sec
	Dispensing 55.0 uL into A1 of Custom AB NEST 96 Well Plate 200 µL on 2 at 23.5 uL/sec
	Aspirating 55.0 uL from A1 of Custom AB NEST 96 Well Plate 200 µL on 2 at 23.5 uL/sec
	Dispensing 55.0 uL into A1 of Custom AB NEST 96 Well Plate 200 µL on 2 at 23.5 uL/sec
	Aspirating 55.0 uL from A1 of Custom AB NEST 96 Well Plate 200 µL on 2 at 23.5 uL/sec
	Dispensing 55.0 uL into A1 of Custom AB NEST 96 Well Plate 200 µL on 2 at 23.5 uL/sec
	Aspirating 55.0 uL from A1 of Custom AB NEST 96 Well Plate 200 µL on 2 at 23.5 uL/sec
	Dispensing 55.0 uL into A1 of Custom AB NEST 96 Well Plate 200 µL on 2 at 23.5 uL/sec
	Aspirating 55.0 uL from A1 of Custom AB NEST 96 Well Plate 200 µL on 2 at 23.5 uL/sec
	Dispensing 55.0 uL into A1 of Custom AB NEST 96 Well Plate 200 µL on 2 at 23.5 uL/sec
	Aspirating 55.0 uL from A1 of Custom AB NEST 96 Well Plate 200 µL on 2 at 23.5 uL/sec
	Dispensing 55.0 uL into A1 of Custom AB NEST 96 Well Plate 200 µL on 2 at 23.5 uL/sec
	Aspirating 55.0 uL from A1 of Custom AB NEST 96 Well Plate 200 µL on 2 at 23.5 uL/sec
	Dispensing 55.0 uL into A1 of Custom AB NEST 96 Well Plate 200 µL on 2 at 23.5 uL/sec
	Aspirating 55.0 uL from A1 of Custom AB NEST 96 Well Plate 200 µL on 2 at 23.5 uL/sec
	Dispensing 55.0 uL into A1 of Custom AB NEST 96 Well Plate 200 µL on 2 at 23.5 uL/sec
Dropping tip into A1 of Opentrons Fixed Trash on 12
Picking up tip from A2 of Opentrons OT-2 96 Filter Tip Rack 200 µL on 8
Mixing 10 times with a volume of 55.0 ul
	Aspirating 55.0 uL from A2 of Custom AB NEST 96 Well Plate 200 µL on 2 at 23.5 uL/sec
	Dispensing 55.0 uL into A2 of Custom AB NEST 96 Well Plate 200 µL on 2 at 23.5 uL/sec
	Aspirating 55.0 uL from A2 of Custom AB NEST 96 Well Plate 200 µL on 2 at 23.5 uL/sec
	Dispensing 55.0 uL into A2 of Custom AB NEST 96 Well Plate 200 µL on 2 at 23.5 uL/sec
	Aspirating 55.0 uL from A2 of Custom AB NEST 96 Well Plate 200 µL on 2 at 23.5 uL/sec
	Dispensing 55.0 uL into A2 of Custom AB NEST 96 Well Plate 200 µL on 2 at 23.5 uL/sec
	Aspirating 55.0 uL from A2 of Custom AB NEST 96 Well Plate 200 µL on 2 at 23.5 uL/sec
	Dispensing 55.0 uL into A2 of Custom AB NEST 96 Well Plate 200 µL on 2 at 23.5 uL/sec
	Aspirating 55.0 uL from A2 of Custom AB NEST 96 Well Plate 200 µL on 2 at 23.5 uL/sec
	Dispensing 55.0 uL into A2 of Custom AB NEST 96 Well Plate 200 µL on 2 at 23.5 uL/sec
	Aspirating 55.0 uL from A2 of Custom AB NEST 96 Well Plate 200 µL on 2 at 23.5 uL/sec
	Dispensing 55.0 uL into A2 of Custom AB NEST 96 Well Plate 200 µL on 2 at 23.5 uL/sec
	Aspirating 55.0 uL from A2 of Custom AB NEST 96 Well Plate 200 µL on 2 at 23.5 uL/sec
	Dispensing 55.0 uL into A2 of Custom AB NEST 96 Well Plate 200 µL on 2 at 23.5 uL/sec
	Aspirating 55.0 uL from A2 of Custom AB NEST 96 Well Plate 200 µL on 2 at 23.5 uL/sec
	Dispensing 55.0 uL into A2 of Custom AB NEST 96 Well Plate 200 µL on 2 at 23.5 uL/sec
	Aspirating 55.0 uL from A2 of Custom AB NEST 96 Well Plate 200 µL on 2 at 23.5 uL/sec
	Dispensing 55.0 uL into A2 of Custom AB NEST 96 Well Plate 200 µL on 2 at 23.5 uL/sec
	Aspirating 55.0 uL from A2 of Custom AB NEST 96 Well Plate 200 µL on 2 at 23.5 uL/sec
	Dispensing 55.0 uL into A2 of Custom AB NEST 96 Well Plate 200 µL on 2 at 23.5 uL/sec
Dropping tip into A1 of Opentrons Fixed Trash on 12
Picking up tip from A3 of Opentrons OT-2 96 Filter Tip Rack 200 µL on 8
Mixing 10 times with a volume of 55.0 ul
	Aspirating 55.0 uL from A3 of Custom AB NEST 96 Well Plate 200 µL on 2 at 23.5 uL/sec
	Dispensing 55.0 uL into A3 of Custom AB NEST 96 Well Plate 200 µL on 2 at 23.5 uL/sec
	Aspirating 55.0 uL from A3 of Custom AB NEST 96 Well Plate 200 µL on 2 at 23.5 uL/sec
	Dispensing 55.0 uL into A3 of Custom AB NEST 96 Well Plate 200 µL on 2 at 23.5 uL/sec
	Aspirating 55.0 uL from A3 of Custom AB NEST 96 Well Plate 200 µL on 2 at 23.5 uL/sec
	Dispensing 55.0 uL into A3 of Custom AB NEST 96 Well Plate 200 µL on 2 at 23.5 uL/sec
	Aspirating 55.0 uL from A3 of Custom AB NEST 96 Well Plate 200 µL on 2 at 23.5 uL/sec
	Dispensing 55.0 uL into A3 of Custom AB NEST 96 Well Plate 200 µL on 2 at 23.5 uL/sec
	Aspirating 55.0 uL from A3 of Custom AB NEST 96 Well Plate 200 µL on 2 at 23.5 uL/sec
	Dispensing 55.0 uL into A3 of Custom AB NEST 96 Well Plate 200 µL on 2 at 23.5 uL/sec
	Aspirating 55.0 uL from A3 of Custom AB NEST 96 Well Plate 200 µL on 2 at 23.5 uL/sec
	Dispensing 55.0 uL into A3 of Custom AB NEST 96 Well Plate 200 µL on 2 at 23.5 uL/sec
	Aspirating 55.0 uL from A3 of Custom AB NEST 96 Well Plate 200 µL on 2 at 23.5 uL/sec
	Dispensing 55.0 uL into A3 of Custom AB NEST 96 Well Plate 200 µL on 2 at 23.5 uL/sec
	Aspirating 55.0 uL from A3 of Custom AB NEST 96 Well Plate 200 µL on 2 at 23.5 uL/sec
	Dispensing 55.0 uL into A3 of Custom AB NEST 96 Well Plate 200 µL on 2 at 23.5 uL/sec
	Aspirating 55.0 uL from A3 of Custom AB NEST 96 Well Plate 200 µL on 2 at 23.5 uL/sec
	Dispensing 55.0 uL into A3 of Custom AB NEST 96 Well Plate 200 µL on 2 at 23.5 uL/sec
	Aspirating 55.0 uL from A3 of Custom AB NEST 96 Well Plate 200 µL on 2 at 23.5 uL/sec
	Dispensing 55.0 uL into A3 of Custom AB NEST 96 Well Plate 200 µL on 2 at 23.5 uL/sec
Dropping tip into A1 of Opentrons Fixed Trash on 12
Picking up tip from A4 of Opentrons OT-2 96 Filter Tip Rack 200 µL on 8
Mixing 10 times with a volume of 55.0 ul
	Aspirating 55.0 uL from A4 of Custom AB NEST 96 Well Plate 200 µL on 2 at 23.5 uL/sec
	Dispensing 55.0 uL into A4 of Custom AB NEST 96 Well Plate 200 µL on 2 at 23.5 uL/sec
	Aspirating 55.0 uL from A4 of Custom AB NEST 96 Well Plate 200 µL on 2 at 23.5 uL/sec
	Dispensing 55.0 uL into A4 of Custom AB NEST 96 Well Plate 200 µL on 2 at 23.5 uL/sec
	Aspirating 55.0 uL from A4 of Custom AB NEST 96 Well Plate 200 µL on 2 at 23.5 uL/sec
	Dispensing 55.0 uL into A4 of Custom AB NEST 96 Well Plate 200 µL on 2 at 23.5 uL/sec
	Aspirating 55.0 uL from A4 of Custom AB NEST 96 Well Plate 200 µL on 2 at 23.5 uL/sec
	Dispensing 55.0 uL into A4 of Custom AB NEST 96 Well Plate 200 µL on 2 at 23.5 uL/sec
	Aspirating 55.0 uL from A4 of Custom AB NEST 96 Well Plate 200 µL on 2 at 23.5 uL/sec
	Dispensing 55.0 uL into A4 of Custom AB NEST 96 Well Plate 200 µL on 2 at 23.5 uL/sec
	Aspirating 55.0 uL from A4 of Custom AB NEST 96 Well Plate 200 µL on 2 at 23.5 uL/sec
	Dispensing 55.0 uL into A4 of Custom AB NEST 96 Well Plate 200 µL on 2 at 23.5 uL/sec
	Aspirating 55.0 uL from A4 of Custom AB NEST 96 Well Plate 200 µL on 2 at 23.5 uL/sec
	Dispensing 55.0 uL into A4 of Custom AB NEST 96 Well Plate 200 µL on 2 at 23.5 uL/sec
	Aspirating 55.0 uL from A4 of Custom AB NEST 96 Well Plate 200 µL on 2 at 23.5 uL/sec
	Dispensing 55.0 uL into A4 of Custom AB NEST 96 Well Plate 200 µL on 2 at 23.5 uL/sec
	Aspirating 55.0 uL from A4 of Custom AB NEST 96 Well Plate 200 µL on 2 at 23.5 uL/sec
	Dispensing 55.0 uL into A4 of Custom AB NEST 96 Well Plate 200 µL on 2 at 23.5 uL/sec
	Aspirating 55.0 uL from A4 of Custom AB NEST 96 Well Plate 200 µL on 2 at 23.5 uL/sec
	Dispensing 55.0 uL into A4 of Custom AB NEST 96 Well Plate 200 µL on 2 at 23.5 uL/sec
Dropping tip into A1 of Opentrons Fixed Trash on 12
Picking up tip from A5 of Opentrons OT-2 96 Filter Tip Rack 200 µL on 8
Mixing 10 times with a volume of 55.0 ul
	Aspirating 55.0 uL from A5 of Custom AB NEST 96 Well Plate 200 µL on 2 at 23.5 uL/sec
	Dispensing 55.0 uL into A5 of Custom AB NEST 96 Well Plate 200 µL on 2 at 23.5 uL/sec
	Aspirating 55.0 uL from A5 of Custom AB NEST 96 Well Plate 200 µL on 2 at 23.5 uL/sec
	Dispensing 55.0 uL into A5 of Custom AB NEST 96 Well Plate 200 µL on 2 at 23.5 uL/sec
	Aspirating 55.0 uL from A5 of Custom AB NEST 96 Well Plate 200 µL on 2 at 23.5 uL/sec
	Dispensing 55.0 uL into A5 of Custom AB NEST 96 Well Plate 200 µL on 2 at 23.5 uL/sec
	Aspirating 55.0 uL from A5 of Custom AB NEST 96 Well Plate 200 µL on 2 at 23.5 uL/sec
	Dispensing 55.0 uL into A5 of Custom AB NEST 96 Well Plate 200 µL on 2 at 23.5 uL/sec
	Aspirating 55.0 uL from A5 of Custom AB NEST 96 Well Plate 200 µL on 2 at 23.5 uL/sec
	Dispensing 55.0 uL into A5 of Custom AB NEST 96 Well Plate 200 µL on 2 at 23.5 uL/sec
	Aspirating 55.0 uL from A5 of Custom AB NEST 96 Well Plate 200 µL on 2 at 23.5 uL/sec
	Dispensing 55.0 uL into A5 of Custom AB NEST 96 Well Plate 200 µL on 2 at 23.5 uL/sec
	Aspirating 55.0 uL from A5 of Custom AB NEST 96 Well Plate 200 µL on 2 at 23.5 uL/sec
	Dispensing 55.0 uL into A5 of Custom AB NEST 96 Well Plate 200 µL on 2 at 23.5 uL/sec
	Aspirating 55.0 uL from A5 of Custom AB NEST 96 Well Plate 200 µL on 2 at 23.5 uL/sec
	Dispensing 55.0 uL into A5 of Custom AB NEST 96 Well Plate 200 µL on 2 at 23.5 uL/sec
	Aspirating 55.0 uL from A5 of Custom AB NEST 96 Well Plate 200 µL on 2 at 23.5 uL/sec
	Dispensing 55.0 uL into A5 of Custom AB NEST 96 Well Plate 200 µL on 2 at 23.5 uL/sec
	Aspirating 55.0 uL from A5 of Custom AB NEST 96 Well Plate 200 µL on 2 at 23.5 uL/sec
	Dispensing 55.0 uL into A5 of Custom AB NEST 96 Well Plate 200 µL on 2 at 23.5 uL/sec
Dropping tip into A1 of Opentrons Fixed Trash on 12
Picking up tip from A6 of Opentrons OT-2 96 Filter Tip Rack 200 µL on 8
Mixing 10 times with a volume of 55.0 ul
	Aspirating 55.0 uL from A6 of Custom AB NEST 96 Well Plate 200 µL on 2 at 23.5 uL/sec
	Dispensing 55.0 uL into A6 of Custom AB NEST 96 Well Plate 200 µL on 2 at 23.5 uL/sec
	Aspirating 55.0 uL from A6 of Custom AB NEST 96 Well Plate 200 µL on 2 at 23.5 uL/sec
	Dispensing 55.0 uL into A6 of Custom AB NEST 96 Well Plate 200 µL on 2 at 23.5 uL/sec
	Aspirating 55.0 uL from A6 of Custom AB NEST 96 Well Plate 200 µL on 2 at 23.5 uL/sec
	Dispensing 55.0 uL into A6 of Custom AB NEST 96 Well Plate 200 µL on 2 at 23.5 uL/sec
	Aspirating 55.0 uL from A6 of Custom AB NEST 96 Well Plate 200 µL on 2 at 23.5 uL/sec
	Dispensing 55.0 uL into A6 of Custom AB NEST 96 Well Plate 200 µL on 2 at 23.5 uL/sec
	Aspirating 55.0 uL from A6 of Custom AB NEST 96 Well Plate 200 µL on 2 at 23.5 uL/sec
	Dispensing 55.0 uL into A6 of Custom AB NEST 96 Well Plate 200 µL on 2 at 23.5 uL/sec
	Aspirating 55.0 uL from A6 of Custom AB NEST 96 Well Plate 200 µL on 2 at 23.5 uL/sec
	Dispensing 55.0 uL into A6 of Custom AB NEST 96 Well Plate 200 µL on 2 at 23.5 uL/sec
	Aspirating 55.0 uL from A6 of Custom AB NEST 96 Well Plate 200 µL on 2 at 23.5 uL/sec
	Dispensing 55.0 uL into A6 of Custom AB NEST 96 Well Plate 200 µL on 2 at 23.5 uL/sec
	Aspirating 55.0 uL from A6 of Custom AB NEST 96 Well Plate 200 µL on 2 at 23.5 uL/sec
	Dispensing 55.0 uL into A6 of Custom AB NEST 96 Well Plate 200 µL on 2 at 23.5 uL/sec
	Aspirating 55.0 uL from A6 of Custom AB NEST 96 Well Plate 200 µL on 2 at 23.5 uL/sec
	Dispensing 55.0 uL into A6 of Custom AB NEST 96 Well Plate 200 µL on 2 at 23.5 uL/sec
	Aspirating 55.0 uL from A6 of Custom AB NEST 96 Well Plate 200 µL on 2 at 23.5 uL/sec
	Dispensing 55.0 uL into A6 of Custom AB NEST 96 Well Plate 200 µL on 2 at 23.5 uL/sec
Dropping tip into A1 of Opentrons Fixed Trash on 12



Pausing robot operation: Please move sample plate from slot 2 to off-deck thermocycler then return to slot 2.Click 'Resume' when set





~~~~~~~~~~~~~MOVING SAMPLES FROM 2 TO 4~~~~~~~~~~~~~~~

Picking up tip from A7 of Opentrons OT-2 96 Filter Tip Rack 200 µL on 8
Aspirating 50.0 uL from A1 of Custom AB NEST 96 Well Plate 200 µL on 2 at 31.333333333333332 uL/sec
Moving to A1 of Custom AB NEST 96 Well Plate 200 µL on 2
Delaying for 0 minutes and 2.0 seconds
Aspirating 20.0 uL from A1 of Custom AB NEST 96 Well Plate 200 µL on 2 at 31.333333333333332 uL/sec
Moving to A1 of NEST 96 Deep Well Plate 2mL on Magnetic Module GEN2 on 4
Moving to A1 of NEST 96 Deep Well Plate 2mL on Magnetic Module GEN2 on 4
Dispensing 20.0 uL into A1 of NEST 96 Deep Well Plate 2mL on Magnetic Module GEN2 on 4 at 31.333333333333332 uL/sec
Dispensing 50.0 uL into A1 of NEST 96 Deep Well Plate 2mL on Magnetic Module GEN2 on 4 at 31.333333333333332 uL/sec
Blowing out at A1 of NEST 96 Deep Well Plate 2mL on Magnetic Module GEN2 on 4
Dropping tip into A1 of Opentrons Fixed Trash on 12
Picking up tip from A8 of Opentrons OT-2 96 Filter Tip Rack 200 µL on 8
Aspirating 50.0 uL from A2 of Custom AB NEST 96 Well Plate 200 µL on 2 at 31.333333333333332 uL/sec
Moving to A2 of Custom AB NEST 96 Well Plate 200 µL on 2
Delaying for 0 minutes and 2.0 seconds
Aspirating 20.0 uL from A2 of Custom AB NEST 96 Well Plate 200 µL on 2 at 31.333333333333332 uL/sec
Moving to A2 of NEST 96 Deep Well Plate 2mL on Magnetic Module GEN2 on 4
Moving to A2 of NEST 96 Deep Well Plate 2mL on Magnetic Module GEN2 on 4
Dispensing 20.0 uL into A2 of NEST 96 Deep Well Plate 2mL on Magnetic Module GEN2 on 4 at 31.333333333333332 uL/sec
Dispensing 50.0 uL into A2 of NEST 96 Deep Well Plate 2mL on Magnetic Module GEN2 on 4 at 31.333333333333332 uL/sec
Blowing out at A2 of NEST 96 Deep Well Plate 2mL on Magnetic Module GEN2 on 4
Dropping tip into A1 of Opentrons Fixed Trash on 12
Picking up tip from A9 of Opentrons OT-2 96 Filter Tip Rack 200 µL on 8
Aspirating 50.0 uL from A3 of Custom AB NEST 96 Well Plate 200 µL on 2 at 31.333333333333332 uL/sec
Moving to A3 of Custom AB NEST 96 Well Plate 200 µL on 2
Delaying for 0 minutes and 2.0 seconds
Aspirating 20.0 uL from A3 of Custom AB NEST 96 Well Plate 200 µL on 2 at 31.333333333333332 uL/sec
Moving to A3 of NEST 96 Deep Well Plate 2mL on Magnetic Module GEN2 on 4
Moving to A3 of NEST 96 Deep Well Plate 2mL on Magnetic Module GEN2 on 4
Dispensing 20.0 uL into A3 of NEST 96 Deep Well Plate 2mL on Magnetic Module GEN2 on 4 at 31.333333333333332 uL/sec
Dispensing 50.0 uL into A3 of NEST 96 Deep Well Plate 2mL on Magnetic Module GEN2 on 4 at 31.333333333333332 uL/sec
Blowing out at A3 of NEST 96 Deep Well Plate 2mL on Magnetic Module GEN2 on 4
Dropping tip into A1 of Opentrons Fixed Trash on 12
Picking up tip from A10 of Opentrons OT-2 96 Filter Tip Rack 200 µL on 8
Aspirating 50.0 uL from A4 of Custom AB NEST 96 Well Plate 200 µL on 2 at 31.333333333333332 uL/sec
Moving to A4 of Custom AB NEST 96 Well Plate 200 µL on 2
Delaying for 0 minutes and 2.0 seconds
Aspirating 20.0 uL from A4 of Custom AB NEST 96 Well Plate 200 µL on 2 at 31.333333333333332 uL/sec
Moving to A4 of NEST 96 Deep Well Plate 2mL on Magnetic Module GEN2 on 4
Moving to A4 of NEST 96 Deep Well Plate 2mL on Magnetic Module GEN2 on 4
Dispensing 20.0 uL into A4 of NEST 96 Deep Well Plate 2mL on Magnetic Module GEN2 on 4 at 31.333333333333332 uL/sec
Dispensing 50.0 uL into A4 of NEST 96 Deep Well Plate 2mL on Magnetic Module GEN2 on 4 at 31.333333333333332 uL/sec
Blowing out at A4 of NEST 96 Deep Well Plate 2mL on Magnetic Module GEN2 on 4
Dropping tip into A1 of Opentrons Fixed Trash on 12
Picking up tip from A11 of Opentrons OT-2 96 Filter Tip Rack 200 µL on 8
Aspirating 50.0 uL from A5 of Custom AB NEST 96 Well Plate 200 µL on 2 at 31.333333333333332 uL/sec
Moving to A5 of Custom AB NEST 96 Well Plate 200 µL on 2
Delaying for 0 minutes and 2.0 seconds
Aspirating 20.0 uL from A5 of Custom AB NEST 96 Well Plate 200 µL on 2 at 31.333333333333332 uL/sec
Moving to A5 of NEST 96 Deep Well Plate 2mL on Magnetic Module GEN2 on 4
Moving to A5 of NEST 96 Deep Well Plate 2mL on Magnetic Module GEN2 on 4
Dispensing 20.0 uL into A5 of NEST 96 Deep Well Plate 2mL on Magnetic Module GEN2 on 4 at 31.333333333333332 uL/sec
Dispensing 50.0 uL into A5 of NEST 96 Deep Well Plate 2mL on Magnetic Module GEN2 on 4 at 31.333333333333332 uL/sec
Blowing out at A5 of NEST 96 Deep Well Plate 2mL on Magnetic Module GEN2 on 4
Dropping tip into A1 of Opentrons Fixed Trash on 12
Picking up tip from A12 of Opentrons OT-2 96 Filter Tip Rack 200 µL on 8
Aspirating 50.0 uL from A6 of Custom AB NEST 96 Well Plate 200 µL on 2 at 31.333333333333332 uL/sec
Moving to A6 of Custom AB NEST 96 Well Plate 200 µL on 2
Delaying for 0 minutes and 2.0 seconds
Aspirating 20.0 uL from A6 of Custom AB NEST 96 Well Plate 200 µL on 2 at 31.333333333333332 uL/sec
Moving to A6 of NEST 96 Deep Well Plate 2mL on Magnetic Module GEN2 on 4
Moving to A6 of NEST 96 Deep Well Plate 2mL on Magnetic Module GEN2 on 4
Dispensing 20.0 uL into A6 of NEST 96 Deep Well Plate 2mL on Magnetic Module GEN2 on 4 at 31.333333333333332 uL/sec
Dispensing 50.0 uL into A6 of NEST 96 Deep Well Plate 2mL on Magnetic Module GEN2 on 4 at 31.333333333333332 uL/sec
Blowing out at A6 of NEST 96 Deep Well Plate 2mL on Magnetic Module GEN2 on 4
Dropping tip into A1 of Opentrons Fixed Trash on 12



incubate 3 minutes



Engaging Magnetic Module
Delaying for 3 minutes and 0.0 seconds


~~~~~~~~~~~~~~~DISCARDING SUPERNATANT~~~~~~~~~~~~~~~~

Picking up tip from A1 of Opentrons OT-2 96 Filter Tip Rack 200 µL on 9
Moving to A1 of NEST 96 Deep Well Plate 2mL on Magnetic Module GEN2 on 4
Aspirating 65.0 uL from A1 of NEST 96 Deep Well Plate 2mL on Magnetic Module GEN2 on 4 at 18.8 uL/sec
Moving to A1 of NEST 96 Deep Well Plate 2mL on Magnetic Module GEN2 on 4
Aspirating 20.0 uL from A1 of NEST 96 Deep Well Plate 2mL on Magnetic Module GEN2 on 4 at 18.8 uL/sec
Dispensing 85.0 uL into A1 of NEST 1 Well Reservoir 195 mL on 6 at 94.0 uL/sec
Dropping tip into A1 of Opentrons Fixed Trash on 12
Picking up tip from A2 of Opentrons OT-2 96 Filter Tip Rack 200 µL on 9
Moving to A2 of NEST 96 Deep Well Plate 2mL on Magnetic Module GEN2 on 4
Aspirating 65.0 uL from A2 of NEST 96 Deep Well Plate 2mL on Magnetic Module GEN2 on 4 at 18.8 uL/sec
Moving to A2 of NEST 96 Deep Well Plate 2mL on Magnetic Module GEN2 on 4
Aspirating 20.0 uL from A2 of NEST 96 Deep Well Plate 2mL on Magnetic Module GEN2 on 4 at 18.8 uL/sec
Dispensing 85.0 uL into A1 of NEST 1 Well Reservoir 195 mL on 6 at 94.0 uL/sec
Dropping tip into A1 of Opentrons Fixed Trash on 12
Picking up tip from A3 of Opentrons OT-2 96 Filter Tip Rack 200 µL on 9
Moving to A3 of NEST 96 Deep Well Plate 2mL on Magnetic Module GEN2 on 4
Aspirating 65.0 uL from A3 of NEST 96 Deep Well Plate 2mL on Magnetic Module GEN2 on 4 at 18.8 uL/sec
Moving to A3 of NEST 96 Deep Well Plate 2mL on Magnetic Module GEN2 on 4
Aspirating 20.0 uL from A3 of NEST 96 Deep Well Plate 2mL on Magnetic Module GEN2 on 4 at 18.8 uL/sec
Dispensing 85.0 uL into A1 of NEST 1 Well Reservoir 195 mL on 6 at 94.0 uL/sec
Dropping tip into A1 of Opentrons Fixed Trash on 12
Picking up tip from A4 of Opentrons OT-2 96 Filter Tip Rack 200 µL on 9
Moving to A4 of NEST 96 Deep Well Plate 2mL on Magnetic Module GEN2 on 4
Aspirating 65.0 uL from A4 of NEST 96 Deep Well Plate 2mL on Magnetic Module GEN2 on 4 at 18.8 uL/sec
Moving to A4 of NEST 96 Deep Well Plate 2mL on Magnetic Module GEN2 on 4
Aspirating 20.0 uL from A4 of NEST 96 Deep Well Plate 2mL on Magnetic Module GEN2 on 4 at 18.8 uL/sec
Dispensing 85.0 uL into A1 of NEST 1 Well Reservoir 195 mL on 6 at 94.0 uL/sec
Dropping tip into A1 of Opentrons Fixed Trash on 12
Picking up tip from A5 of Opentrons OT-2 96 Filter Tip Rack 200 µL on 9
Moving to A5 of NEST 96 Deep Well Plate 2mL on Magnetic Module GEN2 on 4
Aspirating 65.0 uL from A5 of NEST 96 Deep Well Plate 2mL on Magnetic Module GEN2 on 4 at 18.8 uL/sec
Moving to A5 of NEST 96 Deep Well Plate 2mL on Magnetic Module GEN2 on 4
Aspirating 20.0 uL from A5 of NEST 96 Deep Well Plate 2mL on Magnetic Module GEN2 on 4 at 18.8 uL/sec
Dispensing 85.0 uL into A1 of NEST 1 Well Reservoir 195 mL on 6 at 94.0 uL/sec
Dropping tip into A1 of Opentrons Fixed Trash on 12
Picking up tip from A6 of Opentrons OT-2 96 Filter Tip Rack 200 µL on 9
Moving to A6 of NEST 96 Deep Well Plate 2mL on Magnetic Module GEN2 on 4
Aspirating 65.0 uL from A6 of NEST 96 Deep Well Plate 2mL on Magnetic Module GEN2 on 4 at 18.8 uL/sec
Moving to A6 of NEST 96 Deep Well Plate 2mL on Magnetic Module GEN2 on 4
Aspirating 20.0 uL from A6 of NEST 96 Deep Well Plate 2mL on Magnetic Module GEN2 on 4 at 18.8 uL/sec
Dispensing 85.0 uL into A1 of NEST 1 Well Reservoir 195 mL on 6 at 94.0 uL/sec
Dropping tip into A1 of Opentrons Fixed Trash on 12
Disengaging Magnetic Module


~~~~~~~~~~~~~TWB WASH AND SUPER REMOVAL~~~~~~~~~~~~~~

Picking up tip from A7 of Opentrons OT-2 96 Filter Tip Rack 200 µL on 9
Aspirating 100.0 uL from A1 of NEST 12 Well Reservoir 15 mL on 5 at 18.8 uL/sec
Moving to A1 of NEST 12 Well Reservoir 15 mL on 5
Aspirating 20.0 uL from A1 of NEST 12 Well Reservoir 15 mL on 5 at 18.8 uL/sec
Delaying for 0 minutes and 2.0 seconds
Dispensing 20.0 uL into A1 of NEST 96 Deep Well Plate 2mL on Magnetic Module GEN2 on 4 at 18.8 uL/sec
Dispensing 100.0 uL into A1 of NEST 96 Deep Well Plate 2mL on Magnetic Module GEN2 on 4 at 18.8 uL/sec
Mixing 3 times with a volume of 120.0 ul
	Aspirating 120.0 uL from A1 of NEST 96 Deep Well Plate 2mL on Magnetic Module GEN2 on 4 at 18.8 uL/sec
	Dispensing 120.0 uL into A1 of NEST 96 Deep Well Plate 2mL on Magnetic Module GEN2 on 4 at 18.8 uL/sec
	Aspirating 120.0 uL from A1 of NEST 96 Deep Well Plate 2mL on Magnetic Module GEN2 on 4 at 18.8 uL/sec
	Dispensing 120.0 uL into A1 of NEST 96 Deep Well Plate 2mL on Magnetic Module GEN2 on 4 at 18.8 uL/sec
	Aspirating 120.0 uL from A1 of NEST 96 Deep Well Plate 2mL on Magnetic Module GEN2 on 4 at 18.8 uL/sec
	Dispensing 120.0 uL into A1 of NEST 96 Deep Well Plate 2mL on Magnetic Module GEN2 on 4 at 18.8 uL/sec
Dropping tip into A1 of Opentrons Fixed Trash on 12
Picking up tip from A8 of Opentrons OT-2 96 Filter Tip Rack 200 µL on 9
Aspirating 100.0 uL from A1 of NEST 12 Well Reservoir 15 mL on 5 at 18.8 uL/sec
Moving to A1 of NEST 12 Well Reservoir 15 mL on 5
Aspirating 20.0 uL from A1 of NEST 12 Well Reservoir 15 mL on 5 at 18.8 uL/sec
Delaying for 0 minutes and 2.0 seconds
Dispensing 20.0 uL into A2 of NEST 96 Deep Well Plate 2mL on Magnetic Module GEN2 on 4 at 18.8 uL/sec
Dispensing 100.0 uL into A2 of NEST 96 Deep Well Plate 2mL on Magnetic Module GEN2 on 4 at 18.8 uL/sec
Mixing 3 times with a volume of 120.0 ul
	Aspirating 120.0 uL from A2 of NEST 96 Deep Well Plate 2mL on Magnetic Module GEN2 on 4 at 18.8 uL/sec
	Dispensing 120.0 uL into A2 of NEST 96 Deep Well Plate 2mL on Magnetic Module GEN2 on 4 at 18.8 uL/sec
	Aspirating 120.0 uL from A2 of NEST 96 Deep Well Plate 2mL on Magnetic Module GEN2 on 4 at 18.8 uL/sec
	Dispensing 120.0 uL into A2 of NEST 96 Deep Well Plate 2mL on Magnetic Module GEN2 on 4 at 18.8 uL/sec
	Aspirating 120.0 uL from A2 of NEST 96 Deep Well Plate 2mL on Magnetic Module GEN2 on 4 at 18.8 uL/sec
	Dispensing 120.0 uL into A2 of NEST 96 Deep Well Plate 2mL on Magnetic Module GEN2 on 4 at 18.8 uL/sec
Dropping tip into A1 of Opentrons Fixed Trash on 12
Picking up tip from A9 of Opentrons OT-2 96 Filter Tip Rack 200 µL on 9
Aspirating 100.0 uL from A1 of NEST 12 Well Reservoir 15 mL on 5 at 18.8 uL/sec
Moving to A1 of NEST 12 Well Reservoir 15 mL on 5
Aspirating 20.0 uL from A1 of NEST 12 Well Reservoir 15 mL on 5 at 18.8 uL/sec
Delaying for 0 minutes and 2.0 seconds
Dispensing 20.0 uL into A3 of NEST 96 Deep Well Plate 2mL on Magnetic Module GEN2 on 4 at 18.8 uL/sec
Dispensing 100.0 uL into A3 of NEST 96 Deep Well Plate 2mL on Magnetic Module GEN2 on 4 at 18.8 uL/sec
Mixing 3 times with a volume of 120.0 ul
	Aspirating 120.0 uL from A3 of NEST 96 Deep Well Plate 2mL on Magnetic Module GEN2 on 4 at 18.8 uL/sec
	Dispensing 120.0 uL into A3 of NEST 96 Deep Well Plate 2mL on Magnetic Module GEN2 on 4 at 18.8 uL/sec
	Aspirating 120.0 uL from A3 of NEST 96 Deep Well Plate 2mL on Magnetic Module GEN2 on 4 at 18.8 uL/sec
	Dispensing 120.0 uL into A3 of NEST 96 Deep Well Plate 2mL on Magnetic Module GEN2 on 4 at 18.8 uL/sec
	Aspirating 120.0 uL from A3 of NEST 96 Deep Well Plate 2mL on Magnetic Module GEN2 on 4 at 18.8 uL/sec
	Dispensing 120.0 uL into A3 of NEST 96 Deep Well Plate 2mL on Magnetic Module GEN2 on 4 at 18.8 uL/sec
Dropping tip into A1 of Opentrons Fixed Trash on 12
Picking up tip from A10 of Opentrons OT-2 96 Filter Tip Rack 200 µL on 9
Aspirating 100.0 uL from A1 of NEST 12 Well Reservoir 15 mL on 5 at 18.8 uL/sec
Moving to A1 of NEST 12 Well Reservoir 15 mL on 5
Aspirating 20.0 uL from A1 of NEST 12 Well Reservoir 15 mL on 5 at 18.8 uL/sec
Delaying for 0 minutes and 2.0 seconds
Dispensing 20.0 uL into A4 of NEST 96 Deep Well Plate 2mL on Magnetic Module GEN2 on 4 at 18.8 uL/sec
Dispensing 100.0 uL into A4 of NEST 96 Deep Well Plate 2mL on Magnetic Module GEN2 on 4 at 18.8 uL/sec
Mixing 3 times with a volume of 120.0 ul
	Aspirating 120.0 uL from A4 of NEST 96 Deep Well Plate 2mL on Magnetic Module GEN2 on 4 at 18.8 uL/sec
	Dispensing 120.0 uL into A4 of NEST 96 Deep Well Plate 2mL on Magnetic Module GEN2 on 4 at 18.8 uL/sec
	Aspirating 120.0 uL from A4 of NEST 96 Deep Well Plate 2mL on Magnetic Module GEN2 on 4 at 18.8 uL/sec
	Dispensing 120.0 uL into A4 of NEST 96 Deep Well Plate 2mL on Magnetic Module GEN2 on 4 at 18.8 uL/sec
	Aspirating 120.0 uL from A4 of NEST 96 Deep Well Plate 2mL on Magnetic Module GEN2 on 4 at 18.8 uL/sec
	Dispensing 120.0 uL into A4 of NEST 96 Deep Well Plate 2mL on Magnetic Module GEN2 on 4 at 18.8 uL/sec
Dropping tip into A1 of Opentrons Fixed Trash on 12
Picking up tip from A11 of Opentrons OT-2 96 Filter Tip Rack 200 µL on 9
Aspirating 100.0 uL from A1 of NEST 12 Well Reservoir 15 mL on 5 at 18.8 uL/sec
Moving to A1 of NEST 12 Well Reservoir 15 mL on 5
Aspirating 20.0 uL from A1 of NEST 12 Well Reservoir 15 mL on 5 at 18.8 uL/sec
Delaying for 0 minutes and 2.0 seconds
Dispensing 20.0 uL into A5 of NEST 96 Deep Well Plate 2mL on Magnetic Module GEN2 on 4 at 18.8 uL/sec
Dispensing 100.0 uL into A5 of NEST 96 Deep Well Plate 2mL on Magnetic Module GEN2 on 4 at 18.8 uL/sec
Mixing 3 times with a volume of 120.0 ul
	Aspirating 120.0 uL from A5 of NEST 96 Deep Well Plate 2mL on Magnetic Module GEN2 on 4 at 18.8 uL/sec
	Dispensing 120.0 uL into A5 of NEST 96 Deep Well Plate 2mL on Magnetic Module GEN2 on 4 at 18.8 uL/sec
	Aspirating 120.0 uL from A5 of NEST 96 Deep Well Plate 2mL on Magnetic Module GEN2 on 4 at 18.8 uL/sec
	Dispensing 120.0 uL into A5 of NEST 96 Deep Well Plate 2mL on Magnetic Module GEN2 on 4 at 18.8 uL/sec
	Aspirating 120.0 uL from A5 of NEST 96 Deep Well Plate 2mL on Magnetic Module GEN2 on 4 at 18.8 uL/sec
	Dispensing 120.0 uL into A5 of NEST 96 Deep Well Plate 2mL on Magnetic Module GEN2 on 4 at 18.8 uL/sec
Dropping tip into A1 of Opentrons Fixed Trash on 12
Picking up tip from A12 of Opentrons OT-2 96 Filter Tip Rack 200 µL on 9
Aspirating 100.0 uL from A1 of NEST 12 Well Reservoir 15 mL on 5 at 18.8 uL/sec
Moving to A1 of NEST 12 Well Reservoir 15 mL on 5
Aspirating 20.0 uL from A1 of NEST 12 Well Reservoir 15 mL on 5 at 18.8 uL/sec
Delaying for 0 minutes and 2.0 seconds
Dispensing 20.0 uL into A6 of NEST 96 Deep Well Plate 2mL on Magnetic Module GEN2 on 4 at 18.8 uL/sec
Dispensing 100.0 uL into A6 of NEST 96 Deep Well Plate 2mL on Magnetic Module GEN2 on 4 at 18.8 uL/sec
Mixing 3 times with a volume of 120.0 ul
	Aspirating 120.0 uL from A6 of NEST 96 Deep Well Plate 2mL on Magnetic Module GEN2 on 4 at 18.8 uL/sec
	Dispensing 120.0 uL into A6 of NEST 96 Deep Well Plate 2mL on Magnetic Module GEN2 on 4 at 18.8 uL/sec
	Aspirating 120.0 uL from A6 of NEST 96 Deep Well Plate 2mL on Magnetic Module GEN2 on 4 at 18.8 uL/sec
	Dispensing 120.0 uL into A6 of NEST 96 Deep Well Plate 2mL on Magnetic Module GEN2 on 4 at 18.8 uL/sec
	Aspirating 120.0 uL from A6 of NEST 96 Deep Well Plate 2mL on Magnetic Module GEN2 on 4 at 18.8 uL/sec
	Dispensing 120.0 uL into A6 of NEST 96 Deep Well Plate 2mL on Magnetic Module GEN2 on 4 at 18.8 uL/sec
Dropping tip into A1 of Opentrons Fixed Trash on 12
Engaging Magnetic Module
Delaying for 3 minutes and 0.0 seconds
Picking up tip from A1 of Opentrons OT-2 96 Filter Tip Rack 200 µL on 10
Moving to A1 of NEST 96 Deep Well Plate 2mL on Magnetic Module GEN2 on 4
Aspirating 105.0 uL from A1 of NEST 96 Deep Well Plate 2mL on Magnetic Module GEN2 on 4 at 18.8 uL/sec
Moving to A1 of NEST 96 Deep Well Plate 2mL on Magnetic Module GEN2 on 4
Aspirating 20.0 uL from A1 of NEST 96 Deep Well Plate 2mL on Magnetic Module GEN2 on 4 at 18.8 uL/sec
Dispensing 125.0 uL into A1 of NEST 1 Well Reservoir 195 mL on 6 at 94.0 uL/sec
Dropping tip into A1 of Opentrons Fixed Trash on 12
Picking up tip from A2 of Opentrons OT-2 96 Filter Tip Rack 200 µL on 10
Moving to A2 of NEST 96 Deep Well Plate 2mL on Magnetic Module GEN2 on 4
Aspirating 105.0 uL from A2 of NEST 96 Deep Well Plate 2mL on Magnetic Module GEN2 on 4 at 18.8 uL/sec
Moving to A2 of NEST 96 Deep Well Plate 2mL on Magnetic Module GEN2 on 4
Aspirating 20.0 uL from A2 of NEST 96 Deep Well Plate 2mL on Magnetic Module GEN2 on 4 at 18.8 uL/sec
Dispensing 125.0 uL into A1 of NEST 1 Well Reservoir 195 mL on 6 at 94.0 uL/sec
Dropping tip into A1 of Opentrons Fixed Trash on 12
Picking up tip from A3 of Opentrons OT-2 96 Filter Tip Rack 200 µL on 10
Moving to A3 of NEST 96 Deep Well Plate 2mL on Magnetic Module GEN2 on 4
Aspirating 105.0 uL from A3 of NEST 96 Deep Well Plate 2mL on Magnetic Module GEN2 on 4 at 18.8 uL/sec
Moving to A3 of NEST 96 Deep Well Plate 2mL on Magnetic Module GEN2 on 4
Aspirating 20.0 uL from A3 of NEST 96 Deep Well Plate 2mL on Magnetic Module GEN2 on 4 at 18.8 uL/sec
Dispensing 125.0 uL into A1 of NEST 1 Well Reservoir 195 mL on 6 at 94.0 uL/sec
Dropping tip into A1 of Opentrons Fixed Trash on 12
Picking up tip from A4 of Opentrons OT-2 96 Filter Tip Rack 200 µL on 10
Moving to A4 of NEST 96 Deep Well Plate 2mL on Magnetic Module GEN2 on 4
Aspirating 105.0 uL from A4 of NEST 96 Deep Well Plate 2mL on Magnetic Module GEN2 on 4 at 18.8 uL/sec
Moving to A4 of NEST 96 Deep Well Plate 2mL on Magnetic Module GEN2 on 4
Aspirating 20.0 uL from A4 of NEST 96 Deep Well Plate 2mL on Magnetic Module GEN2 on 4 at 18.8 uL/sec
Dispensing 125.0 uL into A1 of NEST 1 Well Reservoir 195 mL on 6 at 94.0 uL/sec
Dropping tip into A1 of Opentrons Fixed Trash on 12
Picking up tip from A5 of Opentrons OT-2 96 Filter Tip Rack 200 µL on 10
Moving to A5 of NEST 96 Deep Well Plate 2mL on Magnetic Module GEN2 on 4
Aspirating 105.0 uL from A5 of NEST 96 Deep Well Plate 2mL on Magnetic Module GEN2 on 4 at 18.8 uL/sec
Moving to A5 of NEST 96 Deep Well Plate 2mL on Magnetic Module GEN2 on 4
Aspirating 20.0 uL from A5 of NEST 96 Deep Well Plate 2mL on Magnetic Module GEN2 on 4 at 18.8 uL/sec
Dispensing 125.0 uL into A1 of NEST 1 Well Reservoir 195 mL on 6 at 94.0 uL/sec
Dropping tip into A1 of Opentrons Fixed Trash on 12
Picking up tip from A6 of Opentrons OT-2 96 Filter Tip Rack 200 µL on 10
Moving to A6 of NEST 96 Deep Well Plate 2mL on Magnetic Module GEN2 on 4
Aspirating 105.0 uL from A6 of NEST 96 Deep Well Plate 2mL on Magnetic Module GEN2 on 4 at 18.8 uL/sec
Moving to A6 of NEST 96 Deep Well Plate 2mL on Magnetic Module GEN2 on 4
Aspirating 20.0 uL from A6 of NEST 96 Deep Well Plate 2mL on Magnetic Module GEN2 on 4 at 18.8 uL/sec
Dispensing 125.0 uL into A1 of NEST 1 Well Reservoir 195 mL on 6 at 94.0 uL/sec
Dropping tip into A1 of Opentrons Fixed Trash on 12
Disengaging Magnetic Module
Picking up tip from A7 of Opentrons OT-2 96 Filter Tip Rack 200 µL on 10
Aspirating 100.0 uL from A1 of NEST 12 Well Reservoir 15 mL on 5 at 18.8 uL/sec
Moving to A1 of NEST 12 Well Reservoir 15 mL on 5
Aspirating 20.0 uL from A1 of NEST 12 Well Reservoir 15 mL on 5 at 18.8 uL/sec
Delaying for 0 minutes and 2.0 seconds
Dispensing 20.0 uL into A1 of NEST 96 Deep Well Plate 2mL on Magnetic Module GEN2 on 4 at 18.8 uL/sec
Dispensing 100.0 uL into A1 of NEST 96 Deep Well Plate 2mL on Magnetic Module GEN2 on 4 at 18.8 uL/sec
Mixing 3 times with a volume of 120.0 ul
	Aspirating 120.0 uL from A1 of NEST 96 Deep Well Plate 2mL on Magnetic Module GEN2 on 4 at 18.8 uL/sec
	Dispensing 120.0 uL into A1 of NEST 96 Deep Well Plate 2mL on Magnetic Module GEN2 on 4 at 18.8 uL/sec
	Aspirating 120.0 uL from A1 of NEST 96 Deep Well Plate 2mL on Magnetic Module GEN2 on 4 at 18.8 uL/sec
	Dispensing 120.0 uL into A1 of NEST 96 Deep Well Plate 2mL on Magnetic Module GEN2 on 4 at 18.8 uL/sec
	Aspirating 120.0 uL from A1 of NEST 96 Deep Well Plate 2mL on Magnetic Module GEN2 on 4 at 18.8 uL/sec
	Dispensing 120.0 uL into A1 of NEST 96 Deep Well Plate 2mL on Magnetic Module GEN2 on 4 at 18.8 uL/sec
Dropping tip into A1 of Opentrons Fixed Trash on 12
Picking up tip from A8 of Opentrons OT-2 96 Filter Tip Rack 200 µL on 10
Aspirating 100.0 uL from A1 of NEST 12 Well Reservoir 15 mL on 5 at 18.8 uL/sec
Moving to A1 of NEST 12 Well Reservoir 15 mL on 5
Aspirating 20.0 uL from A1 of NEST 12 Well Reservoir 15 mL on 5 at 18.8 uL/sec
Delaying for 0 minutes and 2.0 seconds
Dispensing 20.0 uL into A2 of NEST 96 Deep Well Plate 2mL on Magnetic Module GEN2 on 4 at 18.8 uL/sec
Dispensing 100.0 uL into A2 of NEST 96 Deep Well Plate 2mL on Magnetic Module GEN2 on 4 at 18.8 uL/sec
Mixing 3 times with a volume of 120.0 ul
	Aspirating 120.0 uL from A2 of NEST 96 Deep Well Plate 2mL on Magnetic Module GEN2 on 4 at 18.8 uL/sec
	Dispensing 120.0 uL into A2 of NEST 96 Deep Well Plate 2mL on Magnetic Module GEN2 on 4 at 18.8 uL/sec
	Aspirating 120.0 uL from A2 of NEST 96 Deep Well Plate 2mL on Magnetic Module GEN2 on 4 at 18.8 uL/sec
	Dispensing 120.0 uL into A2 of NEST 96 Deep Well Plate 2mL on Magnetic Module GEN2 on 4 at 18.8 uL/sec
	Aspirating 120.0 uL from A2 of NEST 96 Deep Well Plate 2mL on Magnetic Module GEN2 on 4 at 18.8 uL/sec
	Dispensing 120.0 uL into A2 of NEST 96 Deep Well Plate 2mL on Magnetic Module GEN2 on 4 at 18.8 uL/sec
Dropping tip into A1 of Opentrons Fixed Trash on 12
Picking up tip from A9 of Opentrons OT-2 96 Filter Tip Rack 200 µL on 10
Aspirating 100.0 uL from A1 of NEST 12 Well Reservoir 15 mL on 5 at 18.8 uL/sec
Moving to A1 of NEST 12 Well Reservoir 15 mL on 5
Aspirating 20.0 uL from A1 of NEST 12 Well Reservoir 15 mL on 5 at 18.8 uL/sec
Delaying for 0 minutes and 2.0 seconds
Dispensing 20.0 uL into A3 of NEST 96 Deep Well Plate 2mL on Magnetic Module GEN2 on 4 at 18.8 uL/sec
Dispensing 100.0 uL into A3 of NEST 96 Deep Well Plate 2mL on Magnetic Module GEN2 on 4 at 18.8 uL/sec
Mixing 3 times with a volume of 120.0 ul
	Aspirating 120.0 uL from A3 of NEST 96 Deep Well Plate 2mL on Magnetic Module GEN2 on 4 at 18.8 uL/sec
	Dispensing 120.0 uL into A3 of NEST 96 Deep Well Plate 2mL on Magnetic Module GEN2 on 4 at 18.8 uL/sec
	Aspirating 120.0 uL from A3 of NEST 96 Deep Well Plate 2mL on Magnetic Module GEN2 on 4 at 18.8 uL/sec
	Dispensing 120.0 uL into A3 of NEST 96 Deep Well Plate 2mL on Magnetic Module GEN2 on 4 at 18.8 uL/sec
	Aspirating 120.0 uL from A3 of NEST 96 Deep Well Plate 2mL on Magnetic Module GEN2 on 4 at 18.8 uL/sec
	Dispensing 120.0 uL into A3 of NEST 96 Deep Well Plate 2mL on Magnetic Module GEN2 on 4 at 18.8 uL/sec
Dropping tip into A1 of Opentrons Fixed Trash on 12
Picking up tip from A10 of Opentrons OT-2 96 Filter Tip Rack 200 µL on 10
Aspirating 100.0 uL from A1 of NEST 12 Well Reservoir 15 mL on 5 at 18.8 uL/sec
Moving to A1 of NEST 12 Well Reservoir 15 mL on 5
Aspirating 20.0 uL from A1 of NEST 12 Well Reservoir 15 mL on 5 at 18.8 uL/sec
Delaying for 0 minutes and 2.0 seconds
Dispensing 20.0 uL into A4 of NEST 96 Deep Well Plate 2mL on Magnetic Module GEN2 on 4 at 18.8 uL/sec
Dispensing 100.0 uL into A4 of NEST 96 Deep Well Plate 2mL on Magnetic Module GEN2 on 4 at 18.8 uL/sec
Mixing 3 times with a volume of 120.0 ul
	Aspirating 120.0 uL from A4 of NEST 96 Deep Well Plate 2mL on Magnetic Module GEN2 on 4 at 18.8 uL/sec
	Dispensing 120.0 uL into A4 of NEST 96 Deep Well Plate 2mL on Magnetic Module GEN2 on 4 at 18.8 uL/sec
	Aspirating 120.0 uL from A4 of NEST 96 Deep Well Plate 2mL on Magnetic Module GEN2 on 4 at 18.8 uL/sec
	Dispensing 120.0 uL into A4 of NEST 96 Deep Well Plate 2mL on Magnetic Module GEN2 on 4 at 18.8 uL/sec
	Aspirating 120.0 uL from A4 of NEST 96 Deep Well Plate 2mL on Magnetic Module GEN2 on 4 at 18.8 uL/sec
	Dispensing 120.0 uL into A4 of NEST 96 Deep Well Plate 2mL on Magnetic Module GEN2 on 4 at 18.8 uL/sec
Dropping tip into A1 of Opentrons Fixed Trash on 12
Picking up tip from A11 of Opentrons OT-2 96 Filter Tip Rack 200 µL on 10
Aspirating 100.0 uL from A1 of NEST 12 Well Reservoir 15 mL on 5 at 18.8 uL/sec
Moving to A1 of NEST 12 Well Reservoir 15 mL on 5
Aspirating 20.0 uL from A1 of NEST 12 Well Reservoir 15 mL on 5 at 18.8 uL/sec
Delaying for 0 minutes and 2.0 seconds
Dispensing 20.0 uL into A5 of NEST 96 Deep Well Plate 2mL on Magnetic Module GEN2 on 4 at 18.8 uL/sec
Dispensing 100.0 uL into A5 of NEST 96 Deep Well Plate 2mL on Magnetic Module GEN2 on 4 at 18.8 uL/sec
Mixing 3 times with a volume of 120.0 ul
	Aspirating 120.0 uL from A5 of NEST 96 Deep Well Plate 2mL on Magnetic Module GEN2 on 4 at 18.8 uL/sec
	Dispensing 120.0 uL into A5 of NEST 96 Deep Well Plate 2mL on Magnetic Module GEN2 on 4 at 18.8 uL/sec
	Aspirating 120.0 uL from A5 of NEST 96 Deep Well Plate 2mL on Magnetic Module GEN2 on 4 at 18.8 uL/sec
	Dispensing 120.0 uL into A5 of NEST 96 Deep Well Plate 2mL on Magnetic Module GEN2 on 4 at 18.8 uL/sec
	Aspirating 120.0 uL from A5 of NEST 96 Deep Well Plate 2mL on Magnetic Module GEN2 on 4 at 18.8 uL/sec
	Dispensing 120.0 uL into A5 of NEST 96 Deep Well Plate 2mL on Magnetic Module GEN2 on 4 at 18.8 uL/sec
Dropping tip into A1 of Opentrons Fixed Trash on 12
Picking up tip from A12 of Opentrons OT-2 96 Filter Tip Rack 200 µL on 10
Aspirating 100.0 uL from A1 of NEST 12 Well Reservoir 15 mL on 5 at 18.8 uL/sec
Moving to A1 of NEST 12 Well Reservoir 15 mL on 5
Aspirating 20.0 uL from A1 of NEST 12 Well Reservoir 15 mL on 5 at 18.8 uL/sec
Delaying for 0 minutes and 2.0 seconds
Dispensing 20.0 uL into A6 of NEST 96 Deep Well Plate 2mL on Magnetic Module GEN2 on 4 at 18.8 uL/sec
Dispensing 100.0 uL into A6 of NEST 96 Deep Well Plate 2mL on Magnetic Module GEN2 on 4 at 18.8 uL/sec
Mixing 3 times with a volume of 120.0 ul
	Aspirating 120.0 uL from A6 of NEST 96 Deep Well Plate 2mL on Magnetic Module GEN2 on 4 at 18.8 uL/sec
	Dispensing 120.0 uL into A6 of NEST 96 Deep Well Plate 2mL on Magnetic Module GEN2 on 4 at 18.8 uL/sec
	Aspirating 120.0 uL from A6 of NEST 96 Deep Well Plate 2mL on Magnetic Module GEN2 on 4 at 18.8 uL/sec
	Dispensing 120.0 uL into A6 of NEST 96 Deep Well Plate 2mL on Magnetic Module GEN2 on 4 at 18.8 uL/sec
	Aspirating 120.0 uL from A6 of NEST 96 Deep Well Plate 2mL on Magnetic Module GEN2 on 4 at 18.8 uL/sec
	Dispensing 120.0 uL into A6 of NEST 96 Deep Well Plate 2mL on Magnetic Module GEN2 on 4 at 18.8 uL/sec
Dropping tip into A1 of Opentrons Fixed Trash on 12
Engaging Magnetic Module
Delaying for 3 minutes and 0.0 seconds
Picking up tip from A1 of Opentrons OT-2 96 Filter Tip Rack 200 µL on 11
Moving to A1 of NEST 96 Deep Well Plate 2mL on Magnetic Module GEN2 on 4
Aspirating 105.0 uL from A1 of NEST 96 Deep Well Plate 2mL on Magnetic Module GEN2 on 4 at 18.8 uL/sec
Moving to A1 of NEST 96 Deep Well Plate 2mL on Magnetic Module GEN2 on 4
Aspirating 20.0 uL from A1 of NEST 96 Deep Well Plate 2mL on Magnetic Module GEN2 on 4 at 18.8 uL/sec
Dispensing 125.0 uL into A1 of NEST 1 Well Reservoir 195 mL on 6 at 94.0 uL/sec
Dropping tip into A1 of Opentrons Fixed Trash on 12
Picking up tip from A2 of Opentrons OT-2 96 Filter Tip Rack 200 µL on 11
Moving to A2 of NEST 96 Deep Well Plate 2mL on Magnetic Module GEN2 on 4
Aspirating 105.0 uL from A2 of NEST 96 Deep Well Plate 2mL on Magnetic Module GEN2 on 4 at 18.8 uL/sec
Moving to A2 of NEST 96 Deep Well Plate 2mL on Magnetic Module GEN2 on 4
Aspirating 20.0 uL from A2 of NEST 96 Deep Well Plate 2mL on Magnetic Module GEN2 on 4 at 18.8 uL/sec
Dispensing 125.0 uL into A1 of NEST 1 Well Reservoir 195 mL on 6 at 94.0 uL/sec
Dropping tip into A1 of Opentrons Fixed Trash on 12
Picking up tip from A3 of Opentrons OT-2 96 Filter Tip Rack 200 µL on 11
Moving to A3 of NEST 96 Deep Well Plate 2mL on Magnetic Module GEN2 on 4
Aspirating 105.0 uL from A3 of NEST 96 Deep Well Plate 2mL on Magnetic Module GEN2 on 4 at 18.8 uL/sec
Moving to A3 of NEST 96 Deep Well Plate 2mL on Magnetic Module GEN2 on 4
Aspirating 20.0 uL from A3 of NEST 96 Deep Well Plate 2mL on Magnetic Module GEN2 on 4 at 18.8 uL/sec
Dispensing 125.0 uL into A1 of NEST 1 Well Reservoir 195 mL on 6 at 94.0 uL/sec
Dropping tip into A1 of Opentrons Fixed Trash on 12
Picking up tip from A4 of Opentrons OT-2 96 Filter Tip Rack 200 µL on 11
Moving to A4 of NEST 96 Deep Well Plate 2mL on Magnetic Module GEN2 on 4
Aspirating 105.0 uL from A4 of NEST 96 Deep Well Plate 2mL on Magnetic Module GEN2 on 4 at 18.8 uL/sec
Moving to A4 of NEST 96 Deep Well Plate 2mL on Magnetic Module GEN2 on 4
Aspirating 20.0 uL from A4 of NEST 96 Deep Well Plate 2mL on Magnetic Module GEN2 on 4 at 18.8 uL/sec
Dispensing 125.0 uL into A1 of NEST 1 Well Reservoir 195 mL on 6 at 94.0 uL/sec
Dropping tip into A1 of Opentrons Fixed Trash on 12
Picking up tip from A5 of Opentrons OT-2 96 Filter Tip Rack 200 µL on 11
Moving to A5 of NEST 96 Deep Well Plate 2mL on Magnetic Module GEN2 on 4
Aspirating 105.0 uL from A5 of NEST 96 Deep Well Plate 2mL on Magnetic Module GEN2 on 4 at 18.8 uL/sec
Moving to A5 of NEST 96 Deep Well Plate 2mL on Magnetic Module GEN2 on 4
Aspirating 20.0 uL from A5 of NEST 96 Deep Well Plate 2mL on Magnetic Module GEN2 on 4 at 18.8 uL/sec
Dispensing 125.0 uL into A1 of NEST 1 Well Reservoir 195 mL on 6 at 94.0 uL/sec
Dropping tip into A1 of Opentrons Fixed Trash on 12
Picking up tip from A6 of Opentrons OT-2 96 Filter Tip Rack 200 µL on 11
Moving to A6 of NEST 96 Deep Well Plate 2mL on Magnetic Module GEN2 on 4
Aspirating 105.0 uL from A6 of NEST 96 Deep Well Plate 2mL on Magnetic Module GEN2 on 4 at 18.8 uL/sec
Moving to A6 of NEST 96 Deep Well Plate 2mL on Magnetic Module GEN2 on 4
Aspirating 20.0 uL from A6 of NEST 96 Deep Well Plate 2mL on Magnetic Module GEN2 on 4 at 18.8 uL/sec
Dispensing 125.0 uL into A1 of NEST 1 Well Reservoir 195 mL on 6 at 94.0 uL/sec
Dropping tip into A1 of Opentrons Fixed Trash on 12
Disengaging Magnetic Module


~~~~~~~~~~~~~~~ADDING TWB AND MIXING~~~~~~~~~~~~~~~~

Picking up tip from A7 of Opentrons OT-2 96 Filter Tip Rack 200 µL on 11
Aspirating 100.0 uL from A1 of NEST 12 Well Reservoir 15 mL on 5 at 18.8 uL/sec
Moving to A1 of NEST 12 Well Reservoir 15 mL on 5
Aspirating 20.0 uL from A1 of NEST 12 Well Reservoir 15 mL on 5 at 18.8 uL/sec
Delaying for 0 minutes and 2.0 seconds
Dispensing 20.0 uL into A1 of NEST 96 Deep Well Plate 2mL on Magnetic Module GEN2 on 4 at 18.8 uL/sec
Dispensing 100.0 uL into A1 of NEST 96 Deep Well Plate 2mL on Magnetic Module GEN2 on 4 at 18.8 uL/sec
Mixing 3 times with a volume of 120.0 ul
	Aspirating 120.0 uL from A1 of NEST 96 Deep Well Plate 2mL on Magnetic Module GEN2 on 4 at 18.8 uL/sec
	Dispensing 120.0 uL into A1 of NEST 96 Deep Well Plate 2mL on Magnetic Module GEN2 on 4 at 18.8 uL/sec
	Aspirating 120.0 uL from A1 of NEST 96 Deep Well Plate 2mL on Magnetic Module GEN2 on 4 at 18.8 uL/sec
	Dispensing 120.0 uL into A1 of NEST 96 Deep Well Plate 2mL on Magnetic Module GEN2 on 4 at 18.8 uL/sec
	Aspirating 120.0 uL from A1 of NEST 96 Deep Well Plate 2mL on Magnetic Module GEN2 on 4 at 18.8 uL/sec
	Dispensing 120.0 uL into A1 of NEST 96 Deep Well Plate 2mL on Magnetic Module GEN2 on 4 at 18.8 uL/sec
Dropping tip into A1 of Opentrons Fixed Trash on 12
Picking up tip from A8 of Opentrons OT-2 96 Filter Tip Rack 200 µL on 11
Aspirating 100.0 uL from A1 of NEST 12 Well Reservoir 15 mL on 5 at 18.8 uL/sec
Moving to A1 of NEST 12 Well Reservoir 15 mL on 5
Aspirating 20.0 uL from A1 of NEST 12 Well Reservoir 15 mL on 5 at 18.8 uL/sec
Delaying for 0 minutes and 2.0 seconds
Dispensing 20.0 uL into A2 of NEST 96 Deep Well Plate 2mL on Magnetic Module GEN2 on 4 at 18.8 uL/sec
Dispensing 100.0 uL into A2 of NEST 96 Deep Well Plate 2mL on Magnetic Module GEN2 on 4 at 18.8 uL/sec
Mixing 3 times with a volume of 120.0 ul
	Aspirating 120.0 uL from A2 of NEST 96 Deep Well Plate 2mL on Magnetic Module GEN2 on 4 at 18.8 uL/sec
	Dispensing 120.0 uL into A2 of NEST 96 Deep Well Plate 2mL on Magnetic Module GEN2 on 4 at 18.8 uL/sec
	Aspirating 120.0 uL from A2 of NEST 96 Deep Well Plate 2mL on Magnetic Module GEN2 on 4 at 18.8 uL/sec
	Dispensing 120.0 uL into A2 of NEST 96 Deep Well Plate 2mL on Magnetic Module GEN2 on 4 at 18.8 uL/sec
	Aspirating 120.0 uL from A2 of NEST 96 Deep Well Plate 2mL on Magnetic Module GEN2 on 4 at 18.8 uL/sec
	Dispensing 120.0 uL into A2 of NEST 96 Deep Well Plate 2mL on Magnetic Module GEN2 on 4 at 18.8 uL/sec
Dropping tip into A1 of Opentrons Fixed Trash on 12
Picking up tip from A9 of Opentrons OT-2 96 Filter Tip Rack 200 µL on 11
Aspirating 100.0 uL from A1 of NEST 12 Well Reservoir 15 mL on 5 at 18.8 uL/sec
Moving to A1 of NEST 12 Well Reservoir 15 mL on 5
Aspirating 20.0 uL from A1 of NEST 12 Well Reservoir 15 mL on 5 at 18.8 uL/sec
Delaying for 0 minutes and 2.0 seconds
Dispensing 20.0 uL into A3 of NEST 96 Deep Well Plate 2mL on Magnetic Module GEN2 on 4 at 18.8 uL/sec
Dispensing 100.0 uL into A3 of NEST 96 Deep Well Plate 2mL on Magnetic Module GEN2 on 4 at 18.8 uL/sec
Mixing 3 times with a volume of 120.0 ul
	Aspirating 120.0 uL from A3 of NEST 96 Deep Well Plate 2mL on Magnetic Module GEN2 on 4 at 18.8 uL/sec
	Dispensing 120.0 uL into A3 of NEST 96 Deep Well Plate 2mL on Magnetic Module GEN2 on 4 at 18.8 uL/sec
	Aspirating 120.0 uL from A3 of NEST 96 Deep Well Plate 2mL on Magnetic Module GEN2 on 4 at 18.8 uL/sec
	Dispensing 120.0 uL into A3 of NEST 96 Deep Well Plate 2mL on Magnetic Module GEN2 on 4 at 18.8 uL/sec
	Aspirating 120.0 uL from A3 of NEST 96 Deep Well Plate 2mL on Magnetic Module GEN2 on 4 at 18.8 uL/sec
	Dispensing 120.0 uL into A3 of NEST 96 Deep Well Plate 2mL on Magnetic Module GEN2 on 4 at 18.8 uL/sec
Dropping tip into A1 of Opentrons Fixed Trash on 12
Picking up tip from A10 of Opentrons OT-2 96 Filter Tip Rack 200 µL on 11
Aspirating 100.0 uL from A1 of NEST 12 Well Reservoir 15 mL on 5 at 18.8 uL/sec
Moving to A1 of NEST 12 Well Reservoir 15 mL on 5
Aspirating 20.0 uL from A1 of NEST 12 Well Reservoir 15 mL on 5 at 18.8 uL/sec
Delaying for 0 minutes and 2.0 seconds
Dispensing 20.0 uL into A4 of NEST 96 Deep Well Plate 2mL on Magnetic Module GEN2 on 4 at 18.8 uL/sec
Dispensing 100.0 uL into A4 of NEST 96 Deep Well Plate 2mL on Magnetic Module GEN2 on 4 at 18.8 uL/sec
Mixing 3 times with a volume of 120.0 ul
	Aspirating 120.0 uL from A4 of NEST 96 Deep Well Plate 2mL on Magnetic Module GEN2 on 4 at 18.8 uL/sec
	Dispensing 120.0 uL into A4 of NEST 96 Deep Well Plate 2mL on Magnetic Module GEN2 on 4 at 18.8 uL/sec
	Aspirating 120.0 uL from A4 of NEST 96 Deep Well Plate 2mL on Magnetic Module GEN2 on 4 at 18.8 uL/sec
	Dispensing 120.0 uL into A4 of NEST 96 Deep Well Plate 2mL on Magnetic Module GEN2 on 4 at 18.8 uL/sec
	Aspirating 120.0 uL from A4 of NEST 96 Deep Well Plate 2mL on Magnetic Module GEN2 on 4 at 18.8 uL/sec
	Dispensing 120.0 uL into A4 of NEST 96 Deep Well Plate 2mL on Magnetic Module GEN2 on 4 at 18.8 uL/sec
Dropping tip into A1 of Opentrons Fixed Trash on 12
Picking up tip from A11 of Opentrons OT-2 96 Filter Tip Rack 200 µL on 11
Aspirating 100.0 uL from A1 of NEST 12 Well Reservoir 15 mL on 5 at 18.8 uL/sec
Moving to A1 of NEST 12 Well Reservoir 15 mL on 5
Aspirating 20.0 uL from A1 of NEST 12 Well Reservoir 15 mL on 5 at 18.8 uL/sec
Delaying for 0 minutes and 2.0 seconds
Dispensing 20.0 uL into A5 of NEST 96 Deep Well Plate 2mL on Magnetic Module GEN2 on 4 at 18.8 uL/sec
Dispensing 100.0 uL into A5 of NEST 96 Deep Well Plate 2mL on Magnetic Module GEN2 on 4 at 18.8 uL/sec
Mixing 3 times with a volume of 120.0 ul
	Aspirating 120.0 uL from A5 of NEST 96 Deep Well Plate 2mL on Magnetic Module GEN2 on 4 at 18.8 uL/sec
	Dispensing 120.0 uL into A5 of NEST 96 Deep Well Plate 2mL on Magnetic Module GEN2 on 4 at 18.8 uL/sec
	Aspirating 120.0 uL from A5 of NEST 96 Deep Well Plate 2mL on Magnetic Module GEN2 on 4 at 18.8 uL/sec
	Dispensing 120.0 uL into A5 of NEST 96 Deep Well Plate 2mL on Magnetic Module GEN2 on 4 at 18.8 uL/sec
	Aspirating 120.0 uL from A5 of NEST 96 Deep Well Plate 2mL on Magnetic Module GEN2 on 4 at 18.8 uL/sec
	Dispensing 120.0 uL into A5 of NEST 96 Deep Well Plate 2mL on Magnetic Module GEN2 on 4 at 18.8 uL/sec
Dropping tip into A1 of Opentrons Fixed Trash on 12
Picking up tip from A12 of Opentrons OT-2 96 Filter Tip Rack 200 µL on 11
Aspirating 100.0 uL from A1 of NEST 12 Well Reservoir 15 mL on 5 at 18.8 uL/sec
Moving to A1 of NEST 12 Well Reservoir 15 mL on 5
Aspirating 20.0 uL from A1 of NEST 12 Well Reservoir 15 mL on 5 at 18.8 uL/sec
Delaying for 0 minutes and 2.0 seconds
Dispensing 20.0 uL into A6 of NEST 96 Deep Well Plate 2mL on Magnetic Module GEN2 on 4 at 18.8 uL/sec
Dispensing 100.0 uL into A6 of NEST 96 Deep Well Plate 2mL on Magnetic Module GEN2 on 4 at 18.8 uL/sec
Mixing 3 times with a volume of 120.0 ul
	Aspirating 120.0 uL from A6 of NEST 96 Deep Well Plate 2mL on Magnetic Module GEN2 on 4 at 18.8 uL/sec
	Dispensing 120.0 uL into A6 of NEST 96 Deep Well Plate 2mL on Magnetic Module GEN2 on 4 at 18.8 uL/sec
	Aspirating 120.0 uL from A6 of NEST 96 Deep Well Plate 2mL on Magnetic Module GEN2 on 4 at 18.8 uL/sec
	Dispensing 120.0 uL into A6 of NEST 96 Deep Well Plate 2mL on Magnetic Module GEN2 on 4 at 18.8 uL/sec
	Aspirating 120.0 uL from A6 of NEST 96 Deep Well Plate 2mL on Magnetic Module GEN2 on 4 at 18.8 uL/sec
	Dispensing 120.0 uL into A6 of NEST 96 Deep Well Plate 2mL on Magnetic Module GEN2 on 4 at 18.8 uL/sec
Dropping tip into A1 of Opentrons Fixed Trash on 12
Engaging Magnetic Module



Clean up complete, please move on to part 3 of the protocol, leaving the plate engaged on the magnetic module
Caught exception: {'message': 'Task was destroyed but it is pending!', 'task': <Task pending name='Task-4' coro=<Poller._poll_forever() running at /Users/dp/Desktop/project/github/opentrons/venv/lib/python3.10/site-packages/opentrons/hardware_control/poller.py:80> wait_for=<Future pending cb=[Task.task_wakeup()]>>}
Caught exception: {'message': 'Task was destroyed but it is pending!', 'task': <Task pending name='Task-3' coro=<Poller._poll_forever() running at /Users/dp/Desktop/project/github/opentrons/venv/lib/python3.10/site-packages/opentrons/hardware_control/poller.py:80> wait_for=<Future pending cb=[Task.task_wakeup()]>>}
Caught exception: {'message': 'Task was destroyed but it is pending!', 'task': <Task pending name='Task-2' coro=<Poller._poll_forever() running at /Users/dp/Desktop/project/github/opentrons/venv/lib/python3.10/site-packages/opentrons/hardware_control/poller.py:80> wait_for=<Future pending cb=[Task.task_wakeup()]>>}
