/Users/dp/Desktop/project/github/opentrons/venv/lib/python3.10/site-packages/opentrons/hardware_control/simulator_setup.py:205: UserWarning: Simulator configuration does not name a machine, defaulting to OT-2 Standard
  warn(
/Users/dp/.opentrons/robot_settings.json not found. Loading defaults
Deck calibration not found.
/Users/dp/.opentrons/deck_calibration.json not found. Loading defaults
Picking up tip from A1 of Opentrons OT-2 96 Tip Rack 1000 µL on 11
Blowing out at A1 of NEST 1 Well Reservoir 195 mL on 10
Aspirating 900.0 uL from A1 of NEST 1 Well Reservoir 195 mL on 10 at 274.7 uL/sec
Delaying for 0 minutes and 1.0 seconds
Moving to A1 of NEST 1 Well Reservoir 195 mL on 10
Dispensing 150.0 uL into A1 of bulb rack 1 on 1 at 274.7 uL/sec
Moving to A1 of bulb rack 1 on 1
Dispensing 150.0 uL into B1 of bulb rack 1 on 1 at 274.7 uL/sec
Moving to B1 of bulb rack 1 on 1
Dispensing 150.0 uL into C1 of bulb rack 1 on 1 at 274.7 uL/sec
Moving to C1 of bulb rack 1 on 1
Dispensing 150.0 uL into D1 of bulb rack 1 on 1 at 274.7 uL/sec
Moving to D1 of bulb rack 1 on 1
Dispensing 150.0 uL into E1 of bulb rack 1 on 1 at 274.7 uL/sec
Moving to E1 of bulb rack 1 on 1
Dispensing 150.0 uL into F1 of bulb rack 1 on 1 at 274.7 uL/sec
Moving to F1 of bulb rack 1 on 1
Blowing out at A1 of NEST 1 Well Reservoir 195 mL on 10
Aspirating 900.0 uL from A1 of NEST 1 Well Reservoir 195 mL on 10 at 274.7 uL/sec
Delaying for 0 minutes and 1.0 seconds
Moving to A1 of NEST 1 Well Reservoir 195 mL on 10
Dispensing 150.0 uL into A2 of bulb rack 1 on 1 at 274.7 uL/sec
Moving to A2 of bulb rack 1 on 1
Dispensing 150.0 uL into B2 of bulb rack 1 on 1 at 274.7 uL/sec
Moving to B2 of bulb rack 1 on 1
Dispensing 150.0 uL into C2 of bulb rack 1 on 1 at 274.7 uL/sec
Moving to C2 of bulb rack 1 on 1
Dispensing 150.0 uL into D2 of bulb rack 1 on 1 at 274.7 uL/sec
Moving to D2 of bulb rack 1 on 1
Dispensing 150.0 uL into E2 of bulb rack 1 on 1 at 274.7 uL/sec
Moving to E2 of bulb rack 1 on 1
Dispensing 150.0 uL into F2 of bulb rack 1 on 1 at 274.7 uL/sec
Moving to F2 of bulb rack 1 on 1
Blowing out at A1 of NEST 1 Well Reservoir 195 mL on 10
Aspirating 900.0 uL from A1 of NEST 1 Well Reservoir 195 mL on 10 at 274.7 uL/sec
Delaying for 0 minutes and 1.0 seconds
Moving to A1 of NEST 1 Well Reservoir 195 mL on 10
Dispensing 150.0 uL into A3 of bulb rack 1 on 1 at 274.7 uL/sec
Moving to A3 of bulb rack 1 on 1
Dispensing 150.0 uL into B3 of bulb rack 1 on 1 at 274.7 uL/sec
Moving to B3 of bulb rack 1 on 1
Dispensing 150.0 uL into C3 of bulb rack 1 on 1 at 274.7 uL/sec
Moving to C3 of bulb rack 1 on 1
Dispensing 150.0 uL into D3 of bulb rack 1 on 1 at 274.7 uL/sec
Moving to D3 of bulb rack 1 on 1
Dispensing 150.0 uL into E3 of bulb rack 1 on 1 at 274.7 uL/sec
Moving to E3 of bulb rack 1 on 1
Dispensing 150.0 uL into F3 of bulb rack 1 on 1 at 274.7 uL/sec
Moving to F3 of bulb rack 1 on 1
Blowing out at A1 of NEST 1 Well Reservoir 195 mL on 10
Aspirating 900.0 uL from A1 of NEST 1 Well Reservoir 195 mL on 10 at 274.7 uL/sec
Delaying for 0 minutes and 1.0 seconds
Moving to A1 of NEST 1 Well Reservoir 195 mL on 10
Dispensing 150.0 uL into A4 of bulb rack 1 on 1 at 274.7 uL/sec
Moving to A4 of bulb rack 1 on 1
Dispensing 150.0 uL into B4 of bulb rack 1 on 1 at 274.7 uL/sec
Moving to B4 of bulb rack 1 on 1
Dispensing 150.0 uL into C4 of bulb rack 1 on 1 at 274.7 uL/sec
Moving to C4 of bulb rack 1 on 1
Dispensing 150.0 uL into D4 of bulb rack 1 on 1 at 274.7 uL/sec
Moving to D4 of bulb rack 1 on 1
Dispensing 150.0 uL into E4 of bulb rack 1 on 1 at 274.7 uL/sec
Moving to E4 of bulb rack 1 on 1
Dispensing 150.0 uL into F4 of bulb rack 1 on 1 at 274.7 uL/sec
Moving to F4 of bulb rack 1 on 1
Blowing out at A1 of NEST 1 Well Reservoir 195 mL on 10
Aspirating 900.0 uL from A1 of NEST 1 Well Reservoir 195 mL on 10 at 274.7 uL/sec
Delaying for 0 minutes and 1.0 seconds
Moving to A1 of NEST 1 Well Reservoir 195 mL on 10
Dispensing 150.0 uL into A5 of bulb rack 1 on 1 at 274.7 uL/sec
Moving to A5 of bulb rack 1 on 1
Dispensing 150.0 uL into B5 of bulb rack 1 on 1 at 274.7 uL/sec
Moving to B5 of bulb rack 1 on 1
Dispensing 150.0 uL into C5 of bulb rack 1 on 1 at 274.7 uL/sec
Moving to C5 of bulb rack 1 on 1
Dispensing 150.0 uL into D5 of bulb rack 1 on 1 at 274.7 uL/sec
Moving to D5 of bulb rack 1 on 1
Dispensing 150.0 uL into E5 of bulb rack 1 on 1 at 274.7 uL/sec
Moving to E5 of bulb rack 1 on 1
Dispensing 150.0 uL into F5 of bulb rack 1 on 1 at 274.7 uL/sec
Moving to F5 of bulb rack 1 on 1
Blowing out at A1 of NEST 1 Well Reservoir 195 mL on 10
Aspirating 900.0 uL from A1 of NEST 1 Well Reservoir 195 mL on 10 at 274.7 uL/sec
Delaying for 0 minutes and 1.0 seconds
Moving to A1 of NEST 1 Well Reservoir 195 mL on 10
Dispensing 150.0 uL into A6 of bulb rack 1 on 1 at 274.7 uL/sec
Moving to A6 of bulb rack 1 on 1
Dispensing 150.0 uL into B6 of bulb rack 1 on 1 at 274.7 uL/sec
Moving to B6 of bulb rack 1 on 1
Dispensing 150.0 uL into C6 of bulb rack 1 on 1 at 274.7 uL/sec
Moving to C6 of bulb rack 1 on 1
Dispensing 150.0 uL into D6 of bulb rack 1 on 1 at 274.7 uL/sec
Moving to D6 of bulb rack 1 on 1
Dispensing 150.0 uL into E6 of bulb rack 1 on 1 at 274.7 uL/sec
Moving to E6 of bulb rack 1 on 1
Dispensing 150.0 uL into F6 of bulb rack 1 on 1 at 274.7 uL/sec
Moving to F6 of bulb rack 1 on 1
Blowing out at A1 of NEST 1 Well Reservoir 195 mL on 10
Aspirating 900.0 uL from A1 of NEST 1 Well Reservoir 195 mL on 10 at 274.7 uL/sec
Delaying for 0 minutes and 1.0 seconds
Moving to A1 of NEST 1 Well Reservoir 195 mL on 10
Dispensing 150.0 uL into A7 of bulb rack 1 on 1 at 274.7 uL/sec
Moving to A7 of bulb rack 1 on 1
Dispensing 150.0 uL into B7 of bulb rack 1 on 1 at 274.7 uL/sec
Moving to B7 of bulb rack 1 on 1
Dispensing 150.0 uL into C7 of bulb rack 1 on 1 at 274.7 uL/sec
Moving to C7 of bulb rack 1 on 1
Dispensing 150.0 uL into D7 of bulb rack 1 on 1 at 274.7 uL/sec
Moving to D7 of bulb rack 1 on 1
Dispensing 150.0 uL into E7 of bulb rack 1 on 1 at 274.7 uL/sec
Moving to E7 of bulb rack 1 on 1
Dispensing 150.0 uL into F7 of bulb rack 1 on 1 at 274.7 uL/sec
Moving to F7 of bulb rack 1 on 1
Blowing out at A1 of NEST 1 Well Reservoir 195 mL on 10
Aspirating 900.0 uL from A1 of NEST 1 Well Reservoir 195 mL on 10 at 274.7 uL/sec
Delaying for 0 minutes and 1.0 seconds
Moving to A1 of NEST 1 Well Reservoir 195 mL on 10
Dispensing 150.0 uL into A8 of bulb rack 1 on 1 at 274.7 uL/sec
Moving to A8 of bulb rack 1 on 1
Dispensing 150.0 uL into B8 of bulb rack 1 on 1 at 274.7 uL/sec
Moving to B8 of bulb rack 1 on 1
Dispensing 150.0 uL into C8 of bulb rack 1 on 1 at 274.7 uL/sec
Moving to C8 of bulb rack 1 on 1
Dispensing 150.0 uL into D8 of bulb rack 1 on 1 at 274.7 uL/sec
Moving to D8 of bulb rack 1 on 1
Dispensing 150.0 uL into E8 of bulb rack 1 on 1 at 274.7 uL/sec
Moving to E8 of bulb rack 1 on 1
Dispensing 150.0 uL into F8 of bulb rack 1 on 1 at 274.7 uL/sec
Moving to F8 of bulb rack 1 on 1
Blowing out at A1 of NEST 1 Well Reservoir 195 mL on 10
Aspirating 900.0 uL from A1 of NEST 1 Well Reservoir 195 mL on 10 at 274.7 uL/sec
Delaying for 0 minutes and 1.0 seconds
Moving to A1 of NEST 1 Well Reservoir 195 mL on 10
Dispensing 150.0 uL into A1 of bulb rack 2 on 2 at 274.7 uL/sec
Moving to A1 of bulb rack 2 on 2
Dispensing 150.0 uL into B1 of bulb rack 2 on 2 at 274.7 uL/sec
Moving to B1 of bulb rack 2 on 2
Dispensing 150.0 uL into C1 of bulb rack 2 on 2 at 274.7 uL/sec
Moving to C1 of bulb rack 2 on 2
Dispensing 150.0 uL into D1 of bulb rack 2 on 2 at 274.7 uL/sec
Moving to D1 of bulb rack 2 on 2
Dispensing 150.0 uL into E1 of bulb rack 2 on 2 at 274.7 uL/sec
Moving to E1 of bulb rack 2 on 2
Dispensing 150.0 uL into F1 of bulb rack 2 on 2 at 274.7 uL/sec
Moving to F1 of bulb rack 2 on 2
Blowing out at A1 of NEST 1 Well Reservoir 195 mL on 10
Aspirating 900.0 uL from A1 of NEST 1 Well Reservoir 195 mL on 10 at 274.7 uL/sec
Delaying for 0 minutes and 1.0 seconds
Moving to A1 of NEST 1 Well Reservoir 195 mL on 10
Dispensing 150.0 uL into A2 of bulb rack 2 on 2 at 274.7 uL/sec
Moving to A2 of bulb rack 2 on 2
Dispensing 150.0 uL into B2 of bulb rack 2 on 2 at 274.7 uL/sec
Moving to B2 of bulb rack 2 on 2
Dispensing 150.0 uL into C2 of bulb rack 2 on 2 at 274.7 uL/sec
Moving to C2 of bulb rack 2 on 2
Dispensing 150.0 uL into D2 of bulb rack 2 on 2 at 274.7 uL/sec
Moving to D2 of bulb rack 2 on 2
Dispensing 150.0 uL into E2 of bulb rack 2 on 2 at 274.7 uL/sec
Moving to E2 of bulb rack 2 on 2
Dispensing 150.0 uL into F2 of bulb rack 2 on 2 at 274.7 uL/sec
Moving to F2 of bulb rack 2 on 2
Blowing out at A1 of NEST 1 Well Reservoir 195 mL on 10
Aspirating 900.0 uL from A1 of NEST 1 Well Reservoir 195 mL on 10 at 274.7 uL/sec
Delaying for 0 minutes and 1.0 seconds
Moving to A1 of NEST 1 Well Reservoir 195 mL on 10
Dispensing 150.0 uL into A3 of bulb rack 2 on 2 at 274.7 uL/sec
Moving to A3 of bulb rack 2 on 2
Dispensing 150.0 uL into B3 of bulb rack 2 on 2 at 274.7 uL/sec
Moving to B3 of bulb rack 2 on 2
Dispensing 150.0 uL into C3 of bulb rack 2 on 2 at 274.7 uL/sec
Moving to C3 of bulb rack 2 on 2
Dispensing 150.0 uL into D3 of bulb rack 2 on 2 at 274.7 uL/sec
Moving to D3 of bulb rack 2 on 2
Dispensing 150.0 uL into E3 of bulb rack 2 on 2 at 274.7 uL/sec
Moving to E3 of bulb rack 2 on 2
Dispensing 150.0 uL into F3 of bulb rack 2 on 2 at 274.7 uL/sec
Moving to F3 of bulb rack 2 on 2
Blowing out at A1 of NEST 1 Well Reservoir 195 mL on 10
Aspirating 900.0 uL from A1 of NEST 1 Well Reservoir 195 mL on 10 at 274.7 uL/sec
Delaying for 0 minutes and 1.0 seconds
Moving to A1 of NEST 1 Well Reservoir 195 mL on 10
Dispensing 150.0 uL into A4 of bulb rack 2 on 2 at 274.7 uL/sec
Moving to A4 of bulb rack 2 on 2
Dispensing 150.0 uL into B4 of bulb rack 2 on 2 at 274.7 uL/sec
Moving to B4 of bulb rack 2 on 2
Dispensing 150.0 uL into C4 of bulb rack 2 on 2 at 274.7 uL/sec
Moving to C4 of bulb rack 2 on 2
Dispensing 150.0 uL into D4 of bulb rack 2 on 2 at 274.7 uL/sec
Moving to D4 of bulb rack 2 on 2
Dispensing 150.0 uL into E4 of bulb rack 2 on 2 at 274.7 uL/sec
Moving to E4 of bulb rack 2 on 2
Dispensing 150.0 uL into F4 of bulb rack 2 on 2 at 274.7 uL/sec
Moving to F4 of bulb rack 2 on 2
Blowing out at A1 of NEST 1 Well Reservoir 195 mL on 10
Aspirating 900.0 uL from A1 of NEST 1 Well Reservoir 195 mL on 10 at 274.7 uL/sec
Delaying for 0 minutes and 1.0 seconds
Moving to A1 of NEST 1 Well Reservoir 195 mL on 10
Dispensing 150.0 uL into A5 of bulb rack 2 on 2 at 274.7 uL/sec
Moving to A5 of bulb rack 2 on 2
Dispensing 150.0 uL into B5 of bulb rack 2 on 2 at 274.7 uL/sec
Moving to B5 of bulb rack 2 on 2
Dispensing 150.0 uL into C5 of bulb rack 2 on 2 at 274.7 uL/sec
Moving to C5 of bulb rack 2 on 2
Dispensing 150.0 uL into D5 of bulb rack 2 on 2 at 274.7 uL/sec
Moving to D5 of bulb rack 2 on 2
Dispensing 150.0 uL into E5 of bulb rack 2 on 2 at 274.7 uL/sec
Moving to E5 of bulb rack 2 on 2
Dispensing 150.0 uL into F5 of bulb rack 2 on 2 at 274.7 uL/sec
Moving to F5 of bulb rack 2 on 2
Blowing out at A1 of NEST 1 Well Reservoir 195 mL on 10
Aspirating 900.0 uL from A1 of NEST 1 Well Reservoir 195 mL on 10 at 274.7 uL/sec
Delaying for 0 minutes and 1.0 seconds
Moving to A1 of NEST 1 Well Reservoir 195 mL on 10
Dispensing 150.0 uL into A6 of bulb rack 2 on 2 at 274.7 uL/sec
Moving to A6 of bulb rack 2 on 2
Dispensing 150.0 uL into B6 of bulb rack 2 on 2 at 274.7 uL/sec
Moving to B6 of bulb rack 2 on 2
Dispensing 150.0 uL into C6 of bulb rack 2 on 2 at 274.7 uL/sec
Moving to C6 of bulb rack 2 on 2
Dispensing 150.0 uL into D6 of bulb rack 2 on 2 at 274.7 uL/sec
Moving to D6 of bulb rack 2 on 2
Dispensing 150.0 uL into E6 of bulb rack 2 on 2 at 274.7 uL/sec
Moving to E6 of bulb rack 2 on 2
Dispensing 150.0 uL into F6 of bulb rack 2 on 2 at 274.7 uL/sec
Moving to F6 of bulb rack 2 on 2
Blowing out at A1 of NEST 1 Well Reservoir 195 mL on 10
Aspirating 900.0 uL from A1 of NEST 1 Well Reservoir 195 mL on 10 at 274.7 uL/sec
Delaying for 0 minutes and 1.0 seconds
Moving to A1 of NEST 1 Well Reservoir 195 mL on 10
Dispensing 150.0 uL into A7 of bulb rack 2 on 2 at 274.7 uL/sec
Moving to A7 of bulb rack 2 on 2
Dispensing 150.0 uL into B7 of bulb rack 2 on 2 at 274.7 uL/sec
Moving to B7 of bulb rack 2 on 2
Dispensing 150.0 uL into C7 of bulb rack 2 on 2 at 274.7 uL/sec
Moving to C7 of bulb rack 2 on 2
Dispensing 150.0 uL into D7 of bulb rack 2 on 2 at 274.7 uL/sec
Moving to D7 of bulb rack 2 on 2
Dispensing 150.0 uL into E7 of bulb rack 2 on 2 at 274.7 uL/sec
Moving to E7 of bulb rack 2 on 2
Dispensing 150.0 uL into F7 of bulb rack 2 on 2 at 274.7 uL/sec
Moving to F7 of bulb rack 2 on 2
Blowing out at A1 of NEST 1 Well Reservoir 195 mL on 10
Aspirating 900.0 uL from A1 of NEST 1 Well Reservoir 195 mL on 10 at 274.7 uL/sec
Delaying for 0 minutes and 1.0 seconds
Moving to A1 of NEST 1 Well Reservoir 195 mL on 10
Dispensing 150.0 uL into A8 of bulb rack 2 on 2 at 274.7 uL/sec
Moving to A8 of bulb rack 2 on 2
Dispensing 150.0 uL into B8 of bulb rack 2 on 2 at 274.7 uL/sec
Moving to B8 of bulb rack 2 on 2
Dispensing 150.0 uL into C8 of bulb rack 2 on 2 at 274.7 uL/sec
Moving to C8 of bulb rack 2 on 2
Dispensing 150.0 uL into D8 of bulb rack 2 on 2 at 274.7 uL/sec
Moving to D8 of bulb rack 2 on 2
Dispensing 150.0 uL into E8 of bulb rack 2 on 2 at 274.7 uL/sec
Moving to E8 of bulb rack 2 on 2
Dispensing 150.0 uL into F8 of bulb rack 2 on 2 at 274.7 uL/sec
Moving to F8 of bulb rack 2 on 2
Blowing out at A1 of NEST 1 Well Reservoir 195 mL on 10
Aspirating 900.0 uL from A1 of NEST 1 Well Reservoir 195 mL on 10 at 274.7 uL/sec
Delaying for 0 minutes and 1.0 seconds
Moving to A1 of NEST 1 Well Reservoir 195 mL on 10
Dispensing 150.0 uL into A1 of bulb rack 3 on 3 at 274.7 uL/sec
Moving to A1 of bulb rack 3 on 3
Dispensing 150.0 uL into B1 of bulb rack 3 on 3 at 274.7 uL/sec
Moving to B1 of bulb rack 3 on 3
Dispensing 150.0 uL into C1 of bulb rack 3 on 3 at 274.7 uL/sec
Moving to C1 of bulb rack 3 on 3
Dispensing 150.0 uL into D1 of bulb rack 3 on 3 at 274.7 uL/sec
Moving to D1 of bulb rack 3 on 3
Dispensing 150.0 uL into E1 of bulb rack 3 on 3 at 274.7 uL/sec
Moving to E1 of bulb rack 3 on 3
Dispensing 150.0 uL into F1 of bulb rack 3 on 3 at 274.7 uL/sec
Moving to F1 of bulb rack 3 on 3
Blowing out at A1 of NEST 1 Well Reservoir 195 mL on 10
Aspirating 900.0 uL from A1 of NEST 1 Well Reservoir 195 mL on 10 at 274.7 uL/sec
Delaying for 0 minutes and 1.0 seconds
Moving to A1 of NEST 1 Well Reservoir 195 mL on 10
Dispensing 150.0 uL into A2 of bulb rack 3 on 3 at 274.7 uL/sec
Moving to A2 of bulb rack 3 on 3
Dispensing 150.0 uL into B2 of bulb rack 3 on 3 at 274.7 uL/sec
Moving to B2 of bulb rack 3 on 3
Dispensing 150.0 uL into C2 of bulb rack 3 on 3 at 274.7 uL/sec
Moving to C2 of bulb rack 3 on 3
Dispensing 150.0 uL into D2 of bulb rack 3 on 3 at 274.7 uL/sec
Moving to D2 of bulb rack 3 on 3
Dispensing 150.0 uL into E2 of bulb rack 3 on 3 at 274.7 uL/sec
Moving to E2 of bulb rack 3 on 3
Dispensing 150.0 uL into F2 of bulb rack 3 on 3 at 274.7 uL/sec
Moving to F2 of bulb rack 3 on 3
Blowing out at A1 of NEST 1 Well Reservoir 195 mL on 10
Aspirating 900.0 uL from A1 of NEST 1 Well Reservoir 195 mL on 10 at 274.7 uL/sec
Delaying for 0 minutes and 1.0 seconds
Moving to A1 of NEST 1 Well Reservoir 195 mL on 10
Dispensing 150.0 uL into A3 of bulb rack 3 on 3 at 274.7 uL/sec
Moving to A3 of bulb rack 3 on 3
Dispensing 150.0 uL into B3 of bulb rack 3 on 3 at 274.7 uL/sec
Moving to B3 of bulb rack 3 on 3
Dispensing 150.0 uL into C3 of bulb rack 3 on 3 at 274.7 uL/sec
Moving to C3 of bulb rack 3 on 3
Dispensing 150.0 uL into D3 of bulb rack 3 on 3 at 274.7 uL/sec
Moving to D3 of bulb rack 3 on 3
Dispensing 150.0 uL into E3 of bulb rack 3 on 3 at 274.7 uL/sec
Moving to E3 of bulb rack 3 on 3
Dispensing 150.0 uL into F3 of bulb rack 3 on 3 at 274.7 uL/sec
Moving to F3 of bulb rack 3 on 3
Blowing out at A1 of NEST 1 Well Reservoir 195 mL on 10
Aspirating 900.0 uL from A1 of NEST 1 Well Reservoir 195 mL on 10 at 274.7 uL/sec
Delaying for 0 minutes and 1.0 seconds
Moving to A1 of NEST 1 Well Reservoir 195 mL on 10
Dispensing 150.0 uL into A4 of bulb rack 3 on 3 at 274.7 uL/sec
Moving to A4 of bulb rack 3 on 3
Dispensing 150.0 uL into B4 of bulb rack 3 on 3 at 274.7 uL/sec
Moving to B4 of bulb rack 3 on 3
Dispensing 150.0 uL into C4 of bulb rack 3 on 3 at 274.7 uL/sec
Moving to C4 of bulb rack 3 on 3
Dispensing 150.0 uL into D4 of bulb rack 3 on 3 at 274.7 uL/sec
Moving to D4 of bulb rack 3 on 3
Dispensing 150.0 uL into E4 of bulb rack 3 on 3 at 274.7 uL/sec
Moving to E4 of bulb rack 3 on 3
Dispensing 150.0 uL into F4 of bulb rack 3 on 3 at 274.7 uL/sec
Moving to F4 of bulb rack 3 on 3
Blowing out at A1 of NEST 1 Well Reservoir 195 mL on 10
Aspirating 900.0 uL from A1 of NEST 1 Well Reservoir 195 mL on 10 at 274.7 uL/sec
Delaying for 0 minutes and 1.0 seconds
Moving to A1 of NEST 1 Well Reservoir 195 mL on 10
Dispensing 150.0 uL into A5 of bulb rack 3 on 3 at 274.7 uL/sec
Moving to A5 of bulb rack 3 on 3
Dispensing 150.0 uL into B5 of bulb rack 3 on 3 at 274.7 uL/sec
Moving to B5 of bulb rack 3 on 3
Dispensing 150.0 uL into C5 of bulb rack 3 on 3 at 274.7 uL/sec
Moving to C5 of bulb rack 3 on 3
Dispensing 150.0 uL into D5 of bulb rack 3 on 3 at 274.7 uL/sec
Moving to D5 of bulb rack 3 on 3
Dispensing 150.0 uL into E5 of bulb rack 3 on 3 at 274.7 uL/sec
Moving to E5 of bulb rack 3 on 3
Dispensing 150.0 uL into F5 of bulb rack 3 on 3 at 274.7 uL/sec
Moving to F5 of bulb rack 3 on 3
Blowing out at A1 of NEST 1 Well Reservoir 195 mL on 10
Aspirating 900.0 uL from A1 of NEST 1 Well Reservoir 195 mL on 10 at 274.7 uL/sec
Delaying for 0 minutes and 1.0 seconds
Moving to A1 of NEST 1 Well Reservoir 195 mL on 10
Dispensing 150.0 uL into A6 of bulb rack 3 on 3 at 274.7 uL/sec
Moving to A6 of bulb rack 3 on 3
Dispensing 150.0 uL into B6 of bulb rack 3 on 3 at 274.7 uL/sec
Moving to B6 of bulb rack 3 on 3
Dispensing 150.0 uL into C6 of bulb rack 3 on 3 at 274.7 uL/sec
Moving to C6 of bulb rack 3 on 3
Dispensing 150.0 uL into D6 of bulb rack 3 on 3 at 274.7 uL/sec
Moving to D6 of bulb rack 3 on 3
Dispensing 150.0 uL into E6 of bulb rack 3 on 3 at 274.7 uL/sec
Moving to E6 of bulb rack 3 on 3
Dispensing 150.0 uL into F6 of bulb rack 3 on 3 at 274.7 uL/sec
Moving to F6 of bulb rack 3 on 3
Blowing out at A1 of NEST 1 Well Reservoir 195 mL on 10
Aspirating 900.0 uL from A1 of NEST 1 Well Reservoir 195 mL on 10 at 274.7 uL/sec
Delaying for 0 minutes and 1.0 seconds
Moving to A1 of NEST 1 Well Reservoir 195 mL on 10
Dispensing 150.0 uL into A7 of bulb rack 3 on 3 at 274.7 uL/sec
Moving to A7 of bulb rack 3 on 3
Dispensing 150.0 uL into B7 of bulb rack 3 on 3 at 274.7 uL/sec
Moving to B7 of bulb rack 3 on 3
Dispensing 150.0 uL into C7 of bulb rack 3 on 3 at 274.7 uL/sec
Moving to C7 of bulb rack 3 on 3
Dispensing 150.0 uL into D7 of bulb rack 3 on 3 at 274.7 uL/sec
Moving to D7 of bulb rack 3 on 3
Dispensing 150.0 uL into E7 of bulb rack 3 on 3 at 274.7 uL/sec
Moving to E7 of bulb rack 3 on 3
Dispensing 150.0 uL into F7 of bulb rack 3 on 3 at 274.7 uL/sec
Moving to F7 of bulb rack 3 on 3
Blowing out at A1 of NEST 1 Well Reservoir 195 mL on 10
Aspirating 900.0 uL from A1 of NEST 1 Well Reservoir 195 mL on 10 at 274.7 uL/sec
Delaying for 0 minutes and 1.0 seconds
Moving to A1 of NEST 1 Well Reservoir 195 mL on 10
Dispensing 150.0 uL into A8 of bulb rack 3 on 3 at 274.7 uL/sec
Moving to A8 of bulb rack 3 on 3
Dispensing 150.0 uL into B8 of bulb rack 3 on 3 at 274.7 uL/sec
Moving to B8 of bulb rack 3 on 3
Dispensing 150.0 uL into C8 of bulb rack 3 on 3 at 274.7 uL/sec
Moving to C8 of bulb rack 3 on 3
Dispensing 150.0 uL into D8 of bulb rack 3 on 3 at 274.7 uL/sec
Moving to D8 of bulb rack 3 on 3
Dispensing 150.0 uL into E8 of bulb rack 3 on 3 at 274.7 uL/sec
Moving to E8 of bulb rack 3 on 3
Dispensing 150.0 uL into F8 of bulb rack 3 on 3 at 274.7 uL/sec
Moving to F8 of bulb rack 3 on 3
Blowing out at A1 of NEST 1 Well Reservoir 195 mL on 10
Aspirating 900.0 uL from A1 of NEST 1 Well Reservoir 195 mL on 10 at 274.7 uL/sec
Delaying for 0 minutes and 1.0 seconds
Moving to A1 of NEST 1 Well Reservoir 195 mL on 10
Dispensing 150.0 uL into A1 of bulb rack 4 on 4 at 274.7 uL/sec
Moving to A1 of bulb rack 4 on 4
Dispensing 150.0 uL into B1 of bulb rack 4 on 4 at 274.7 uL/sec
Moving to B1 of bulb rack 4 on 4
Dispensing 150.0 uL into C1 of bulb rack 4 on 4 at 274.7 uL/sec
Moving to C1 of bulb rack 4 on 4
Dispensing 150.0 uL into D1 of bulb rack 4 on 4 at 274.7 uL/sec
Moving to D1 of bulb rack 4 on 4
Dispensing 150.0 uL into E1 of bulb rack 4 on 4 at 274.7 uL/sec
Moving to E1 of bulb rack 4 on 4
Dispensing 150.0 uL into F1 of bulb rack 4 on 4 at 274.7 uL/sec
Moving to F1 of bulb rack 4 on 4
Blowing out at A1 of NEST 1 Well Reservoir 195 mL on 10
Aspirating 900.0 uL from A1 of NEST 1 Well Reservoir 195 mL on 10 at 274.7 uL/sec
Delaying for 0 minutes and 1.0 seconds
Moving to A1 of NEST 1 Well Reservoir 195 mL on 10
Dispensing 150.0 uL into A2 of bulb rack 4 on 4 at 274.7 uL/sec
Moving to A2 of bulb rack 4 on 4
Dispensing 150.0 uL into B2 of bulb rack 4 on 4 at 274.7 uL/sec
Moving to B2 of bulb rack 4 on 4
Dispensing 150.0 uL into C2 of bulb rack 4 on 4 at 274.7 uL/sec
Moving to C2 of bulb rack 4 on 4
Dispensing 150.0 uL into D2 of bulb rack 4 on 4 at 274.7 uL/sec
Moving to D2 of bulb rack 4 on 4
Dispensing 150.0 uL into E2 of bulb rack 4 on 4 at 274.7 uL/sec
Moving to E2 of bulb rack 4 on 4
Dispensing 150.0 uL into F2 of bulb rack 4 on 4 at 274.7 uL/sec
Moving to F2 of bulb rack 4 on 4
Blowing out at A1 of NEST 1 Well Reservoir 195 mL on 10
Aspirating 900.0 uL from A1 of NEST 1 Well Reservoir 195 mL on 10 at 274.7 uL/sec
Delaying for 0 minutes and 1.0 seconds
Moving to A1 of NEST 1 Well Reservoir 195 mL on 10
Dispensing 150.0 uL into A3 of bulb rack 4 on 4 at 274.7 uL/sec
Moving to A3 of bulb rack 4 on 4
Dispensing 150.0 uL into B3 of bulb rack 4 on 4 at 274.7 uL/sec
Moving to B3 of bulb rack 4 on 4
Dispensing 150.0 uL into C3 of bulb rack 4 on 4 at 274.7 uL/sec
Moving to C3 of bulb rack 4 on 4
Dispensing 150.0 uL into D3 of bulb rack 4 on 4 at 274.7 uL/sec
Moving to D3 of bulb rack 4 on 4
Dispensing 150.0 uL into E3 of bulb rack 4 on 4 at 274.7 uL/sec
Moving to E3 of bulb rack 4 on 4
Dispensing 150.0 uL into F3 of bulb rack 4 on 4 at 274.7 uL/sec
Moving to F3 of bulb rack 4 on 4
Blowing out at A1 of NEST 1 Well Reservoir 195 mL on 10
Aspirating 900.0 uL from A1 of NEST 1 Well Reservoir 195 mL on 10 at 274.7 uL/sec
Delaying for 0 minutes and 1.0 seconds
Moving to A1 of NEST 1 Well Reservoir 195 mL on 10
Dispensing 150.0 uL into A4 of bulb rack 4 on 4 at 274.7 uL/sec
Moving to A4 of bulb rack 4 on 4
Dispensing 150.0 uL into B4 of bulb rack 4 on 4 at 274.7 uL/sec
Moving to B4 of bulb rack 4 on 4
Dispensing 150.0 uL into C4 of bulb rack 4 on 4 at 274.7 uL/sec
Moving to C4 of bulb rack 4 on 4
Dispensing 150.0 uL into D4 of bulb rack 4 on 4 at 274.7 uL/sec
Moving to D4 of bulb rack 4 on 4
Dispensing 150.0 uL into E4 of bulb rack 4 on 4 at 274.7 uL/sec
Moving to E4 of bulb rack 4 on 4
Dispensing 150.0 uL into F4 of bulb rack 4 on 4 at 274.7 uL/sec
Moving to F4 of bulb rack 4 on 4
Blowing out at A1 of NEST 1 Well Reservoir 195 mL on 10
Aspirating 900.0 uL from A1 of NEST 1 Well Reservoir 195 mL on 10 at 274.7 uL/sec
Delaying for 0 minutes and 1.0 seconds
Moving to A1 of NEST 1 Well Reservoir 195 mL on 10
Dispensing 150.0 uL into A5 of bulb rack 4 on 4 at 274.7 uL/sec
Moving to A5 of bulb rack 4 on 4
Dispensing 150.0 uL into B5 of bulb rack 4 on 4 at 274.7 uL/sec
Moving to B5 of bulb rack 4 on 4
Dispensing 150.0 uL into C5 of bulb rack 4 on 4 at 274.7 uL/sec
Moving to C5 of bulb rack 4 on 4
Dispensing 150.0 uL into D5 of bulb rack 4 on 4 at 274.7 uL/sec
Moving to D5 of bulb rack 4 on 4
Dispensing 150.0 uL into E5 of bulb rack 4 on 4 at 274.7 uL/sec
Moving to E5 of bulb rack 4 on 4
Dispensing 150.0 uL into F5 of bulb rack 4 on 4 at 274.7 uL/sec
Moving to F5 of bulb rack 4 on 4
Blowing out at A1 of NEST 1 Well Reservoir 195 mL on 10
Aspirating 900.0 uL from A1 of NEST 1 Well Reservoir 195 mL on 10 at 274.7 uL/sec
Delaying for 0 minutes and 1.0 seconds
Moving to A1 of NEST 1 Well Reservoir 195 mL on 10
Dispensing 150.0 uL into A6 of bulb rack 4 on 4 at 274.7 uL/sec
Moving to A6 of bulb rack 4 on 4
Dispensing 150.0 uL into B6 of bulb rack 4 on 4 at 274.7 uL/sec
Moving to B6 of bulb rack 4 on 4
Dispensing 150.0 uL into C6 of bulb rack 4 on 4 at 274.7 uL/sec
Moving to C6 of bulb rack 4 on 4
Dispensing 150.0 uL into D6 of bulb rack 4 on 4 at 274.7 uL/sec
Moving to D6 of bulb rack 4 on 4
Dispensing 150.0 uL into E6 of bulb rack 4 on 4 at 274.7 uL/sec
Moving to E6 of bulb rack 4 on 4
Dispensing 150.0 uL into F6 of bulb rack 4 on 4 at 274.7 uL/sec
Moving to F6 of bulb rack 4 on 4
Blowing out at A1 of NEST 1 Well Reservoir 195 mL on 10
Aspirating 900.0 uL from A1 of NEST 1 Well Reservoir 195 mL on 10 at 274.7 uL/sec
Delaying for 0 minutes and 1.0 seconds
Moving to A1 of NEST 1 Well Reservoir 195 mL on 10
Dispensing 150.0 uL into A7 of bulb rack 4 on 4 at 274.7 uL/sec
Moving to A7 of bulb rack 4 on 4
Dispensing 150.0 uL into B7 of bulb rack 4 on 4 at 274.7 uL/sec
Moving to B7 of bulb rack 4 on 4
Dispensing 150.0 uL into C7 of bulb rack 4 on 4 at 274.7 uL/sec
Moving to C7 of bulb rack 4 on 4
Dispensing 150.0 uL into D7 of bulb rack 4 on 4 at 274.7 uL/sec
Moving to D7 of bulb rack 4 on 4
Dispensing 150.0 uL into E7 of bulb rack 4 on 4 at 274.7 uL/sec
Moving to E7 of bulb rack 4 on 4
Dispensing 150.0 uL into F7 of bulb rack 4 on 4 at 274.7 uL/sec
Moving to F7 of bulb rack 4 on 4
Blowing out at A1 of NEST 1 Well Reservoir 195 mL on 10
Aspirating 900.0 uL from A1 of NEST 1 Well Reservoir 195 mL on 10 at 274.7 uL/sec
Delaying for 0 minutes and 1.0 seconds
Moving to A1 of NEST 1 Well Reservoir 195 mL on 10
Dispensing 150.0 uL into A8 of bulb rack 4 on 4 at 274.7 uL/sec
Moving to A8 of bulb rack 4 on 4
Dispensing 150.0 uL into B8 of bulb rack 4 on 4 at 274.7 uL/sec
Moving to B8 of bulb rack 4 on 4
Dispensing 150.0 uL into C8 of bulb rack 4 on 4 at 274.7 uL/sec
Moving to C8 of bulb rack 4 on 4
Dispensing 150.0 uL into D8 of bulb rack 4 on 4 at 274.7 uL/sec
Moving to D8 of bulb rack 4 on 4
Dispensing 150.0 uL into E8 of bulb rack 4 on 4 at 274.7 uL/sec
Moving to E8 of bulb rack 4 on 4
Dispensing 150.0 uL into F8 of bulb rack 4 on 4 at 274.7 uL/sec
Moving to F8 of bulb rack 4 on 4
Blowing out at A1 of NEST 1 Well Reservoir 195 mL on 10
Aspirating 900.0 uL from A1 of NEST 1 Well Reservoir 195 mL on 10 at 274.7 uL/sec
Delaying for 0 minutes and 1.0 seconds
Moving to A1 of NEST 1 Well Reservoir 195 mL on 10
Dispensing 150.0 uL into A1 of bulb rack 5 on 5 at 274.7 uL/sec
Moving to A1 of bulb rack 5 on 5
Dispensing 150.0 uL into B1 of bulb rack 5 on 5 at 274.7 uL/sec
Moving to B1 of bulb rack 5 on 5
Dispensing 150.0 uL into C1 of bulb rack 5 on 5 at 274.7 uL/sec
Moving to C1 of bulb rack 5 on 5
Dispensing 150.0 uL into D1 of bulb rack 5 on 5 at 274.7 uL/sec
Moving to D1 of bulb rack 5 on 5
Dispensing 150.0 uL into E1 of bulb rack 5 on 5 at 274.7 uL/sec
Moving to E1 of bulb rack 5 on 5
Dispensing 150.0 uL into F1 of bulb rack 5 on 5 at 274.7 uL/sec
Moving to F1 of bulb rack 5 on 5
Blowing out at A1 of NEST 1 Well Reservoir 195 mL on 10
Aspirating 900.0 uL from A1 of NEST 1 Well Reservoir 195 mL on 10 at 274.7 uL/sec
Delaying for 0 minutes and 1.0 seconds
Moving to A1 of NEST 1 Well Reservoir 195 mL on 10
Dispensing 150.0 uL into A2 of bulb rack 5 on 5 at 274.7 uL/sec
Moving to A2 of bulb rack 5 on 5
Dispensing 150.0 uL into B2 of bulb rack 5 on 5 at 274.7 uL/sec
Moving to B2 of bulb rack 5 on 5
Dispensing 150.0 uL into C2 of bulb rack 5 on 5 at 274.7 uL/sec
Moving to C2 of bulb rack 5 on 5
Dispensing 150.0 uL into D2 of bulb rack 5 on 5 at 274.7 uL/sec
Moving to D2 of bulb rack 5 on 5
Dispensing 150.0 uL into E2 of bulb rack 5 on 5 at 274.7 uL/sec
Moving to E2 of bulb rack 5 on 5
Dispensing 150.0 uL into F2 of bulb rack 5 on 5 at 274.7 uL/sec
Moving to F2 of bulb rack 5 on 5
Blowing out at A1 of NEST 1 Well Reservoir 195 mL on 10
Aspirating 900.0 uL from A1 of NEST 1 Well Reservoir 195 mL on 10 at 274.7 uL/sec
Delaying for 0 minutes and 1.0 seconds
Moving to A1 of NEST 1 Well Reservoir 195 mL on 10
Dispensing 150.0 uL into A3 of bulb rack 5 on 5 at 274.7 uL/sec
Moving to A3 of bulb rack 5 on 5
Dispensing 150.0 uL into B3 of bulb rack 5 on 5 at 274.7 uL/sec
Moving to B3 of bulb rack 5 on 5
Dispensing 150.0 uL into C3 of bulb rack 5 on 5 at 274.7 uL/sec
Moving to C3 of bulb rack 5 on 5
Dispensing 150.0 uL into D3 of bulb rack 5 on 5 at 274.7 uL/sec
Moving to D3 of bulb rack 5 on 5
Dispensing 150.0 uL into E3 of bulb rack 5 on 5 at 274.7 uL/sec
Moving to E3 of bulb rack 5 on 5
Dispensing 150.0 uL into F3 of bulb rack 5 on 5 at 274.7 uL/sec
Moving to F3 of bulb rack 5 on 5
Blowing out at A1 of NEST 1 Well Reservoir 195 mL on 10
Aspirating 900.0 uL from A1 of NEST 1 Well Reservoir 195 mL on 10 at 274.7 uL/sec
Delaying for 0 minutes and 1.0 seconds
Moving to A1 of NEST 1 Well Reservoir 195 mL on 10
Dispensing 150.0 uL into A4 of bulb rack 5 on 5 at 274.7 uL/sec
Moving to A4 of bulb rack 5 on 5
Dispensing 150.0 uL into B4 of bulb rack 5 on 5 at 274.7 uL/sec
Moving to B4 of bulb rack 5 on 5
Dispensing 150.0 uL into C4 of bulb rack 5 on 5 at 274.7 uL/sec
Moving to C4 of bulb rack 5 on 5
Dispensing 150.0 uL into D4 of bulb rack 5 on 5 at 274.7 uL/sec
Moving to D4 of bulb rack 5 on 5
Dispensing 150.0 uL into E4 of bulb rack 5 on 5 at 274.7 uL/sec
Moving to E4 of bulb rack 5 on 5
Dispensing 150.0 uL into F4 of bulb rack 5 on 5 at 274.7 uL/sec
Moving to F4 of bulb rack 5 on 5
Blowing out at A1 of NEST 1 Well Reservoir 195 mL on 10
Aspirating 900.0 uL from A1 of NEST 1 Well Reservoir 195 mL on 10 at 274.7 uL/sec
Delaying for 0 minutes and 1.0 seconds
Moving to A1 of NEST 1 Well Reservoir 195 mL on 10
Dispensing 150.0 uL into A5 of bulb rack 5 on 5 at 274.7 uL/sec
Moving to A5 of bulb rack 5 on 5
Dispensing 150.0 uL into B5 of bulb rack 5 on 5 at 274.7 uL/sec
Moving to B5 of bulb rack 5 on 5
Dispensing 150.0 uL into C5 of bulb rack 5 on 5 at 274.7 uL/sec
Moving to C5 of bulb rack 5 on 5
Dispensing 150.0 uL into D5 of bulb rack 5 on 5 at 274.7 uL/sec
Moving to D5 of bulb rack 5 on 5
Dispensing 150.0 uL into E5 of bulb rack 5 on 5 at 274.7 uL/sec
Moving to E5 of bulb rack 5 on 5
Dispensing 150.0 uL into F5 of bulb rack 5 on 5 at 274.7 uL/sec
Moving to F5 of bulb rack 5 on 5
Blowing out at A1 of NEST 1 Well Reservoir 195 mL on 10
Aspirating 900.0 uL from A1 of NEST 1 Well Reservoir 195 mL on 10 at 274.7 uL/sec
Delaying for 0 minutes and 1.0 seconds
Moving to A1 of NEST 1 Well Reservoir 195 mL on 10
Dispensing 150.0 uL into A6 of bulb rack 5 on 5 at 274.7 uL/sec
Moving to A6 of bulb rack 5 on 5
Dispensing 150.0 uL into B6 of bulb rack 5 on 5 at 274.7 uL/sec
Moving to B6 of bulb rack 5 on 5
Dispensing 150.0 uL into C6 of bulb rack 5 on 5 at 274.7 uL/sec
Moving to C6 of bulb rack 5 on 5
Dispensing 150.0 uL into D6 of bulb rack 5 on 5 at 274.7 uL/sec
Moving to D6 of bulb rack 5 on 5
Dispensing 150.0 uL into E6 of bulb rack 5 on 5 at 274.7 uL/sec
Moving to E6 of bulb rack 5 on 5
Dispensing 150.0 uL into F6 of bulb rack 5 on 5 at 274.7 uL/sec
Moving to F6 of bulb rack 5 on 5
Blowing out at A1 of NEST 1 Well Reservoir 195 mL on 10
Aspirating 900.0 uL from A1 of NEST 1 Well Reservoir 195 mL on 10 at 274.7 uL/sec
Delaying for 0 minutes and 1.0 seconds
Moving to A1 of NEST 1 Well Reservoir 195 mL on 10
Dispensing 150.0 uL into A7 of bulb rack 5 on 5 at 274.7 uL/sec
Moving to A7 of bulb rack 5 on 5
Dispensing 150.0 uL into B7 of bulb rack 5 on 5 at 274.7 uL/sec
Moving to B7 of bulb rack 5 on 5
Dispensing 150.0 uL into C7 of bulb rack 5 on 5 at 274.7 uL/sec
Moving to C7 of bulb rack 5 on 5
Dispensing 150.0 uL into D7 of bulb rack 5 on 5 at 274.7 uL/sec
Moving to D7 of bulb rack 5 on 5
Dispensing 150.0 uL into E7 of bulb rack 5 on 5 at 274.7 uL/sec
Moving to E7 of bulb rack 5 on 5
Dispensing 150.0 uL into F7 of bulb rack 5 on 5 at 274.7 uL/sec
Moving to F7 of bulb rack 5 on 5
Blowing out at A1 of NEST 1 Well Reservoir 195 mL on 10
Aspirating 900.0 uL from A1 of NEST 1 Well Reservoir 195 mL on 10 at 274.7 uL/sec
Delaying for 0 minutes and 1.0 seconds
Moving to A1 of NEST 1 Well Reservoir 195 mL on 10
Dispensing 150.0 uL into A8 of bulb rack 5 on 5 at 274.7 uL/sec
Moving to A8 of bulb rack 5 on 5
Dispensing 150.0 uL into B8 of bulb rack 5 on 5 at 274.7 uL/sec
Moving to B8 of bulb rack 5 on 5
Dispensing 150.0 uL into C8 of bulb rack 5 on 5 at 274.7 uL/sec
Moving to C8 of bulb rack 5 on 5
Dispensing 150.0 uL into D8 of bulb rack 5 on 5 at 274.7 uL/sec
Moving to D8 of bulb rack 5 on 5
Dispensing 150.0 uL into E8 of bulb rack 5 on 5 at 274.7 uL/sec
Moving to E8 of bulb rack 5 on 5
Dispensing 150.0 uL into F8 of bulb rack 5 on 5 at 274.7 uL/sec
Moving to F8 of bulb rack 5 on 5
Blowing out at A1 of NEST 1 Well Reservoir 195 mL on 10
Aspirating 900.0 uL from A1 of NEST 1 Well Reservoir 195 mL on 10 at 274.7 uL/sec
Delaying for 0 minutes and 1.0 seconds
Moving to A1 of NEST 1 Well Reservoir 195 mL on 10
Dispensing 150.0 uL into A1 of bulb rack 6 on 6 at 274.7 uL/sec
Moving to A1 of bulb rack 6 on 6
Dispensing 150.0 uL into B1 of bulb rack 6 on 6 at 274.7 uL/sec
Moving to B1 of bulb rack 6 on 6
Dispensing 150.0 uL into C1 of bulb rack 6 on 6 at 274.7 uL/sec
Moving to C1 of bulb rack 6 on 6
Dispensing 150.0 uL into D1 of bulb rack 6 on 6 at 274.7 uL/sec
Moving to D1 of bulb rack 6 on 6
Dispensing 150.0 uL into E1 of bulb rack 6 on 6 at 274.7 uL/sec
Moving to E1 of bulb rack 6 on 6
Dispensing 150.0 uL into F1 of bulb rack 6 on 6 at 274.7 uL/sec
Moving to F1 of bulb rack 6 on 6
Blowing out at A1 of NEST 1 Well Reservoir 195 mL on 10
Aspirating 900.0 uL from A1 of NEST 1 Well Reservoir 195 mL on 10 at 274.7 uL/sec
Delaying for 0 minutes and 1.0 seconds
Moving to A1 of NEST 1 Well Reservoir 195 mL on 10
Dispensing 150.0 uL into A2 of bulb rack 6 on 6 at 274.7 uL/sec
Moving to A2 of bulb rack 6 on 6
Dispensing 150.0 uL into B2 of bulb rack 6 on 6 at 274.7 uL/sec
Moving to B2 of bulb rack 6 on 6
Dispensing 150.0 uL into C2 of bulb rack 6 on 6 at 274.7 uL/sec
Moving to C2 of bulb rack 6 on 6
Dispensing 150.0 uL into D2 of bulb rack 6 on 6 at 274.7 uL/sec
Moving to D2 of bulb rack 6 on 6
Dispensing 150.0 uL into E2 of bulb rack 6 on 6 at 274.7 uL/sec
Moving to E2 of bulb rack 6 on 6
Dispensing 150.0 uL into F2 of bulb rack 6 on 6 at 274.7 uL/sec
Moving to F2 of bulb rack 6 on 6
Blowing out at A1 of NEST 1 Well Reservoir 195 mL on 10
Aspirating 900.0 uL from A1 of NEST 1 Well Reservoir 195 mL on 10 at 274.7 uL/sec
Delaying for 0 minutes and 1.0 seconds
Moving to A1 of NEST 1 Well Reservoir 195 mL on 10
Dispensing 150.0 uL into A3 of bulb rack 6 on 6 at 274.7 uL/sec
Moving to A3 of bulb rack 6 on 6
Dispensing 150.0 uL into B3 of bulb rack 6 on 6 at 274.7 uL/sec
Moving to B3 of bulb rack 6 on 6
Dispensing 150.0 uL into C3 of bulb rack 6 on 6 at 274.7 uL/sec
Moving to C3 of bulb rack 6 on 6
Dispensing 150.0 uL into D3 of bulb rack 6 on 6 at 274.7 uL/sec
Moving to D3 of bulb rack 6 on 6
Dispensing 150.0 uL into E3 of bulb rack 6 on 6 at 274.7 uL/sec
Moving to E3 of bulb rack 6 on 6
Dispensing 150.0 uL into F3 of bulb rack 6 on 6 at 274.7 uL/sec
Moving to F3 of bulb rack 6 on 6
Blowing out at A1 of NEST 1 Well Reservoir 195 mL on 10
Aspirating 900.0 uL from A1 of NEST 1 Well Reservoir 195 mL on 10 at 274.7 uL/sec
Delaying for 0 minutes and 1.0 seconds
Moving to A1 of NEST 1 Well Reservoir 195 mL on 10
Dispensing 150.0 uL into A4 of bulb rack 6 on 6 at 274.7 uL/sec
Moving to A4 of bulb rack 6 on 6
Dispensing 150.0 uL into B4 of bulb rack 6 on 6 at 274.7 uL/sec
Moving to B4 of bulb rack 6 on 6
Dispensing 150.0 uL into C4 of bulb rack 6 on 6 at 274.7 uL/sec
Moving to C4 of bulb rack 6 on 6
Dispensing 150.0 uL into D4 of bulb rack 6 on 6 at 274.7 uL/sec
Moving to D4 of bulb rack 6 on 6
Dispensing 150.0 uL into E4 of bulb rack 6 on 6 at 274.7 uL/sec
Moving to E4 of bulb rack 6 on 6
Dispensing 150.0 uL into F4 of bulb rack 6 on 6 at 274.7 uL/sec
Moving to F4 of bulb rack 6 on 6
Blowing out at A1 of NEST 1 Well Reservoir 195 mL on 10
Aspirating 900.0 uL from A1 of NEST 1 Well Reservoir 195 mL on 10 at 274.7 uL/sec
Delaying for 0 minutes and 1.0 seconds
Moving to A1 of NEST 1 Well Reservoir 195 mL on 10
Dispensing 150.0 uL into A5 of bulb rack 6 on 6 at 274.7 uL/sec
Moving to A5 of bulb rack 6 on 6
Dispensing 150.0 uL into B5 of bulb rack 6 on 6 at 274.7 uL/sec
Moving to B5 of bulb rack 6 on 6
Dispensing 150.0 uL into C5 of bulb rack 6 on 6 at 274.7 uL/sec
Moving to C5 of bulb rack 6 on 6
Dispensing 150.0 uL into D5 of bulb rack 6 on 6 at 274.7 uL/sec
Moving to D5 of bulb rack 6 on 6
Dispensing 150.0 uL into E5 of bulb rack 6 on 6 at 274.7 uL/sec
Moving to E5 of bulb rack 6 on 6
Dispensing 150.0 uL into F5 of bulb rack 6 on 6 at 274.7 uL/sec
Moving to F5 of bulb rack 6 on 6
Blowing out at A1 of NEST 1 Well Reservoir 195 mL on 10
Aspirating 900.0 uL from A1 of NEST 1 Well Reservoir 195 mL on 10 at 274.7 uL/sec
Delaying for 0 minutes and 1.0 seconds
Moving to A1 of NEST 1 Well Reservoir 195 mL on 10
Dispensing 150.0 uL into A6 of bulb rack 6 on 6 at 274.7 uL/sec
Moving to A6 of bulb rack 6 on 6
Dispensing 150.0 uL into B6 of bulb rack 6 on 6 at 274.7 uL/sec
Moving to B6 of bulb rack 6 on 6
Dispensing 150.0 uL into C6 of bulb rack 6 on 6 at 274.7 uL/sec
Moving to C6 of bulb rack 6 on 6
Dispensing 150.0 uL into D6 of bulb rack 6 on 6 at 274.7 uL/sec
Moving to D6 of bulb rack 6 on 6
Dispensing 150.0 uL into E6 of bulb rack 6 on 6 at 274.7 uL/sec
Moving to E6 of bulb rack 6 on 6
Dispensing 150.0 uL into F6 of bulb rack 6 on 6 at 274.7 uL/sec
Moving to F6 of bulb rack 6 on 6
Blowing out at A1 of NEST 1 Well Reservoir 195 mL on 10
Aspirating 900.0 uL from A1 of NEST 1 Well Reservoir 195 mL on 10 at 274.7 uL/sec
Delaying for 0 minutes and 1.0 seconds
Moving to A1 of NEST 1 Well Reservoir 195 mL on 10
Dispensing 150.0 uL into A7 of bulb rack 6 on 6 at 274.7 uL/sec
Moving to A7 of bulb rack 6 on 6
Dispensing 150.0 uL into B7 of bulb rack 6 on 6 at 274.7 uL/sec
Moving to B7 of bulb rack 6 on 6
Dispensing 150.0 uL into C7 of bulb rack 6 on 6 at 274.7 uL/sec
Moving to C7 of bulb rack 6 on 6
Dispensing 150.0 uL into D7 of bulb rack 6 on 6 at 274.7 uL/sec
Moving to D7 of bulb rack 6 on 6
Dispensing 150.0 uL into E7 of bulb rack 6 on 6 at 274.7 uL/sec
Moving to E7 of bulb rack 6 on 6
Dispensing 150.0 uL into F7 of bulb rack 6 on 6 at 274.7 uL/sec
Moving to F7 of bulb rack 6 on 6
Blowing out at A1 of NEST 1 Well Reservoir 195 mL on 10
Aspirating 900.0 uL from A1 of NEST 1 Well Reservoir 195 mL on 10 at 274.7 uL/sec
Delaying for 0 minutes and 1.0 seconds
Moving to A1 of NEST 1 Well Reservoir 195 mL on 10
Dispensing 150.0 uL into A8 of bulb rack 6 on 6 at 274.7 uL/sec
Moving to A8 of bulb rack 6 on 6
Dispensing 150.0 uL into B8 of bulb rack 6 on 6 at 274.7 uL/sec
Moving to B8 of bulb rack 6 on 6
Dispensing 150.0 uL into C8 of bulb rack 6 on 6 at 274.7 uL/sec
Moving to C8 of bulb rack 6 on 6
Dispensing 150.0 uL into D8 of bulb rack 6 on 6 at 274.7 uL/sec
Moving to D8 of bulb rack 6 on 6
Dispensing 150.0 uL into E8 of bulb rack 6 on 6 at 274.7 uL/sec
Moving to E8 of bulb rack 6 on 6
Dispensing 150.0 uL into F8 of bulb rack 6 on 6 at 274.7 uL/sec
Moving to F8 of bulb rack 6 on 6
Blowing out at A1 of NEST 1 Well Reservoir 195 mL on 10
Aspirating 900.0 uL from A1 of NEST 1 Well Reservoir 195 mL on 10 at 274.7 uL/sec
Delaying for 0 minutes and 1.0 seconds
Moving to A1 of NEST 1 Well Reservoir 195 mL on 10
Dispensing 150.0 uL into A1 of bulb rack 7 on 7 at 274.7 uL/sec
Moving to A1 of bulb rack 7 on 7
Dispensing 150.0 uL into B1 of bulb rack 7 on 7 at 274.7 uL/sec
Moving to B1 of bulb rack 7 on 7
Dispensing 150.0 uL into C1 of bulb rack 7 on 7 at 274.7 uL/sec
Moving to C1 of bulb rack 7 on 7
Dispensing 150.0 uL into D1 of bulb rack 7 on 7 at 274.7 uL/sec
Moving to D1 of bulb rack 7 on 7
Dispensing 150.0 uL into E1 of bulb rack 7 on 7 at 274.7 uL/sec
Moving to E1 of bulb rack 7 on 7
Dispensing 150.0 uL into F1 of bulb rack 7 on 7 at 274.7 uL/sec
Moving to F1 of bulb rack 7 on 7
Blowing out at A1 of NEST 1 Well Reservoir 195 mL on 10
Aspirating 900.0 uL from A1 of NEST 1 Well Reservoir 195 mL on 10 at 274.7 uL/sec
Delaying for 0 minutes and 1.0 seconds
Moving to A1 of NEST 1 Well Reservoir 195 mL on 10
Dispensing 150.0 uL into A2 of bulb rack 7 on 7 at 274.7 uL/sec
Moving to A2 of bulb rack 7 on 7
Dispensing 150.0 uL into B2 of bulb rack 7 on 7 at 274.7 uL/sec
Moving to B2 of bulb rack 7 on 7
Dispensing 150.0 uL into C2 of bulb rack 7 on 7 at 274.7 uL/sec
Moving to C2 of bulb rack 7 on 7
Dispensing 150.0 uL into D2 of bulb rack 7 on 7 at 274.7 uL/sec
Moving to D2 of bulb rack 7 on 7
Dispensing 150.0 uL into E2 of bulb rack 7 on 7 at 274.7 uL/sec
Moving to E2 of bulb rack 7 on 7
Dispensing 150.0 uL into F2 of bulb rack 7 on 7 at 274.7 uL/sec
Moving to F2 of bulb rack 7 on 7
Blowing out at A1 of NEST 1 Well Reservoir 195 mL on 10
Aspirating 900.0 uL from A1 of NEST 1 Well Reservoir 195 mL on 10 at 274.7 uL/sec
Delaying for 0 minutes and 1.0 seconds
Moving to A1 of NEST 1 Well Reservoir 195 mL on 10
Dispensing 150.0 uL into A3 of bulb rack 7 on 7 at 274.7 uL/sec
Moving to A3 of bulb rack 7 on 7
Dispensing 150.0 uL into B3 of bulb rack 7 on 7 at 274.7 uL/sec
Moving to B3 of bulb rack 7 on 7
Dispensing 150.0 uL into C3 of bulb rack 7 on 7 at 274.7 uL/sec
Moving to C3 of bulb rack 7 on 7
Dispensing 150.0 uL into D3 of bulb rack 7 on 7 at 274.7 uL/sec
Moving to D3 of bulb rack 7 on 7
Dispensing 150.0 uL into E3 of bulb rack 7 on 7 at 274.7 uL/sec
Moving to E3 of bulb rack 7 on 7
Dispensing 150.0 uL into F3 of bulb rack 7 on 7 at 274.7 uL/sec
Moving to F3 of bulb rack 7 on 7
Blowing out at A1 of NEST 1 Well Reservoir 195 mL on 10
Aspirating 900.0 uL from A1 of NEST 1 Well Reservoir 195 mL on 10 at 274.7 uL/sec
Delaying for 0 minutes and 1.0 seconds
Moving to A1 of NEST 1 Well Reservoir 195 mL on 10
Dispensing 150.0 uL into A4 of bulb rack 7 on 7 at 274.7 uL/sec
Moving to A4 of bulb rack 7 on 7
Dispensing 150.0 uL into B4 of bulb rack 7 on 7 at 274.7 uL/sec
Moving to B4 of bulb rack 7 on 7
Dispensing 150.0 uL into C4 of bulb rack 7 on 7 at 274.7 uL/sec
Moving to C4 of bulb rack 7 on 7
Dispensing 150.0 uL into D4 of bulb rack 7 on 7 at 274.7 uL/sec
Moving to D4 of bulb rack 7 on 7
Dispensing 150.0 uL into E4 of bulb rack 7 on 7 at 274.7 uL/sec
Moving to E4 of bulb rack 7 on 7
Dispensing 150.0 uL into F4 of bulb rack 7 on 7 at 274.7 uL/sec
Moving to F4 of bulb rack 7 on 7
Blowing out at A1 of NEST 1 Well Reservoir 195 mL on 10
Aspirating 900.0 uL from A1 of NEST 1 Well Reservoir 195 mL on 10 at 274.7 uL/sec
Delaying for 0 minutes and 1.0 seconds
Moving to A1 of NEST 1 Well Reservoir 195 mL on 10
Dispensing 150.0 uL into A5 of bulb rack 7 on 7 at 274.7 uL/sec
Moving to A5 of bulb rack 7 on 7
Dispensing 150.0 uL into B5 of bulb rack 7 on 7 at 274.7 uL/sec
Moving to B5 of bulb rack 7 on 7
Dispensing 150.0 uL into C5 of bulb rack 7 on 7 at 274.7 uL/sec
Moving to C5 of bulb rack 7 on 7
Dispensing 150.0 uL into D5 of bulb rack 7 on 7 at 274.7 uL/sec
Moving to D5 of bulb rack 7 on 7
Dispensing 150.0 uL into E5 of bulb rack 7 on 7 at 274.7 uL/sec
Moving to E5 of bulb rack 7 on 7
Dispensing 150.0 uL into F5 of bulb rack 7 on 7 at 274.7 uL/sec
Moving to F5 of bulb rack 7 on 7
Blowing out at A1 of NEST 1 Well Reservoir 195 mL on 10
Aspirating 900.0 uL from A1 of NEST 1 Well Reservoir 195 mL on 10 at 274.7 uL/sec
Delaying for 0 minutes and 1.0 seconds
Moving to A1 of NEST 1 Well Reservoir 195 mL on 10
Dispensing 150.0 uL into A6 of bulb rack 7 on 7 at 274.7 uL/sec
Moving to A6 of bulb rack 7 on 7
Dispensing 150.0 uL into B6 of bulb rack 7 on 7 at 274.7 uL/sec
Moving to B6 of bulb rack 7 on 7
Dispensing 150.0 uL into C6 of bulb rack 7 on 7 at 274.7 uL/sec
Moving to C6 of bulb rack 7 on 7
Dispensing 150.0 uL into D6 of bulb rack 7 on 7 at 274.7 uL/sec
Moving to D6 of bulb rack 7 on 7
Dispensing 150.0 uL into E6 of bulb rack 7 on 7 at 274.7 uL/sec
Moving to E6 of bulb rack 7 on 7
Dispensing 150.0 uL into F6 of bulb rack 7 on 7 at 274.7 uL/sec
Moving to F6 of bulb rack 7 on 7
Blowing out at A1 of NEST 1 Well Reservoir 195 mL on 10
Aspirating 900.0 uL from A1 of NEST 1 Well Reservoir 195 mL on 10 at 274.7 uL/sec
Delaying for 0 minutes and 1.0 seconds
Moving to A1 of NEST 1 Well Reservoir 195 mL on 10
Dispensing 150.0 uL into A7 of bulb rack 7 on 7 at 274.7 uL/sec
Moving to A7 of bulb rack 7 on 7
Dispensing 150.0 uL into B7 of bulb rack 7 on 7 at 274.7 uL/sec
Moving to B7 of bulb rack 7 on 7
Dispensing 150.0 uL into C7 of bulb rack 7 on 7 at 274.7 uL/sec
Moving to C7 of bulb rack 7 on 7
Dispensing 150.0 uL into D7 of bulb rack 7 on 7 at 274.7 uL/sec
Moving to D7 of bulb rack 7 on 7
Dispensing 150.0 uL into E7 of bulb rack 7 on 7 at 274.7 uL/sec
Moving to E7 of bulb rack 7 on 7
Dispensing 150.0 uL into F7 of bulb rack 7 on 7 at 274.7 uL/sec
Moving to F7 of bulb rack 7 on 7
Blowing out at A1 of NEST 1 Well Reservoir 195 mL on 10
Aspirating 900.0 uL from A1 of NEST 1 Well Reservoir 195 mL on 10 at 274.7 uL/sec
Delaying for 0 minutes and 1.0 seconds
Moving to A1 of NEST 1 Well Reservoir 195 mL on 10
Dispensing 150.0 uL into A8 of bulb rack 7 on 7 at 274.7 uL/sec
Moving to A8 of bulb rack 7 on 7
Dispensing 150.0 uL into B8 of bulb rack 7 on 7 at 274.7 uL/sec
Moving to B8 of bulb rack 7 on 7
Dispensing 150.0 uL into C8 of bulb rack 7 on 7 at 274.7 uL/sec
Moving to C8 of bulb rack 7 on 7
Dispensing 150.0 uL into D8 of bulb rack 7 on 7 at 274.7 uL/sec
Moving to D8 of bulb rack 7 on 7
Dispensing 150.0 uL into E8 of bulb rack 7 on 7 at 274.7 uL/sec
Moving to E8 of bulb rack 7 on 7
Dispensing 150.0 uL into F8 of bulb rack 7 on 7 at 274.7 uL/sec
Moving to F8 of bulb rack 7 on 7
Blowing out at A1 of NEST 1 Well Reservoir 195 mL on 10
Aspirating 900.0 uL from A1 of NEST 1 Well Reservoir 195 mL on 10 at 274.7 uL/sec
Delaying for 0 minutes and 1.0 seconds
Moving to A1 of NEST 1 Well Reservoir 195 mL on 10
Dispensing 150.0 uL into A1 of bulb rack 8 on 8 at 274.7 uL/sec
Moving to A1 of bulb rack 8 on 8
Dispensing 150.0 uL into B1 of bulb rack 8 on 8 at 274.7 uL/sec
Moving to B1 of bulb rack 8 on 8
Dispensing 150.0 uL into C1 of bulb rack 8 on 8 at 274.7 uL/sec
Moving to C1 of bulb rack 8 on 8
Dispensing 150.0 uL into D1 of bulb rack 8 on 8 at 274.7 uL/sec
Moving to D1 of bulb rack 8 on 8
Dispensing 150.0 uL into E1 of bulb rack 8 on 8 at 274.7 uL/sec
Moving to E1 of bulb rack 8 on 8
Dispensing 150.0 uL into F1 of bulb rack 8 on 8 at 274.7 uL/sec
Moving to F1 of bulb rack 8 on 8
Blowing out at A1 of NEST 1 Well Reservoir 195 mL on 10
Aspirating 900.0 uL from A1 of NEST 1 Well Reservoir 195 mL on 10 at 274.7 uL/sec
Delaying for 0 minutes and 1.0 seconds
Moving to A1 of NEST 1 Well Reservoir 195 mL on 10
Dispensing 150.0 uL into A2 of bulb rack 8 on 8 at 274.7 uL/sec
Moving to A2 of bulb rack 8 on 8
Dispensing 150.0 uL into B2 of bulb rack 8 on 8 at 274.7 uL/sec
Moving to B2 of bulb rack 8 on 8
Dispensing 150.0 uL into C2 of bulb rack 8 on 8 at 274.7 uL/sec
Moving to C2 of bulb rack 8 on 8
Dispensing 150.0 uL into D2 of bulb rack 8 on 8 at 274.7 uL/sec
Moving to D2 of bulb rack 8 on 8
Dispensing 150.0 uL into E2 of bulb rack 8 on 8 at 274.7 uL/sec
Moving to E2 of bulb rack 8 on 8
Dispensing 150.0 uL into F2 of bulb rack 8 on 8 at 274.7 uL/sec
Moving to F2 of bulb rack 8 on 8
Blowing out at A1 of NEST 1 Well Reservoir 195 mL on 10
Aspirating 900.0 uL from A1 of NEST 1 Well Reservoir 195 mL on 10 at 274.7 uL/sec
Delaying for 0 minutes and 1.0 seconds
Moving to A1 of NEST 1 Well Reservoir 195 mL on 10
Dispensing 150.0 uL into A3 of bulb rack 8 on 8 at 274.7 uL/sec
Moving to A3 of bulb rack 8 on 8
Dispensing 150.0 uL into B3 of bulb rack 8 on 8 at 274.7 uL/sec
Moving to B3 of bulb rack 8 on 8
Dispensing 150.0 uL into C3 of bulb rack 8 on 8 at 274.7 uL/sec
Moving to C3 of bulb rack 8 on 8
Dispensing 150.0 uL into D3 of bulb rack 8 on 8 at 274.7 uL/sec
Moving to D3 of bulb rack 8 on 8
Dispensing 150.0 uL into E3 of bulb rack 8 on 8 at 274.7 uL/sec
Moving to E3 of bulb rack 8 on 8
Dispensing 150.0 uL into F3 of bulb rack 8 on 8 at 274.7 uL/sec
Moving to F3 of bulb rack 8 on 8
Blowing out at A1 of NEST 1 Well Reservoir 195 mL on 10
Aspirating 900.0 uL from A1 of NEST 1 Well Reservoir 195 mL on 10 at 274.7 uL/sec
Delaying for 0 minutes and 1.0 seconds
Moving to A1 of NEST 1 Well Reservoir 195 mL on 10
Dispensing 150.0 uL into A4 of bulb rack 8 on 8 at 274.7 uL/sec
Moving to A4 of bulb rack 8 on 8
Dispensing 150.0 uL into B4 of bulb rack 8 on 8 at 274.7 uL/sec
Moving to B4 of bulb rack 8 on 8
Dispensing 150.0 uL into C4 of bulb rack 8 on 8 at 274.7 uL/sec
Moving to C4 of bulb rack 8 on 8
Dispensing 150.0 uL into D4 of bulb rack 8 on 8 at 274.7 uL/sec
Moving to D4 of bulb rack 8 on 8
Dispensing 150.0 uL into E4 of bulb rack 8 on 8 at 274.7 uL/sec
Moving to E4 of bulb rack 8 on 8
Dispensing 150.0 uL into F4 of bulb rack 8 on 8 at 274.7 uL/sec
Moving to F4 of bulb rack 8 on 8
Blowing out at A1 of NEST 1 Well Reservoir 195 mL on 10
Aspirating 900.0 uL from A1 of NEST 1 Well Reservoir 195 mL on 10 at 274.7 uL/sec
Delaying for 0 minutes and 1.0 seconds
Moving to A1 of NEST 1 Well Reservoir 195 mL on 10
Dispensing 150.0 uL into A5 of bulb rack 8 on 8 at 274.7 uL/sec
Moving to A5 of bulb rack 8 on 8
Dispensing 150.0 uL into B5 of bulb rack 8 on 8 at 274.7 uL/sec
Moving to B5 of bulb rack 8 on 8
Dispensing 150.0 uL into C5 of bulb rack 8 on 8 at 274.7 uL/sec
Moving to C5 of bulb rack 8 on 8
Dispensing 150.0 uL into D5 of bulb rack 8 on 8 at 274.7 uL/sec
Moving to D5 of bulb rack 8 on 8
Dispensing 150.0 uL into E5 of bulb rack 8 on 8 at 274.7 uL/sec
Moving to E5 of bulb rack 8 on 8
Dispensing 150.0 uL into F5 of bulb rack 8 on 8 at 274.7 uL/sec
Moving to F5 of bulb rack 8 on 8
Blowing out at A1 of NEST 1 Well Reservoir 195 mL on 10
Aspirating 900.0 uL from A1 of NEST 1 Well Reservoir 195 mL on 10 at 274.7 uL/sec
Delaying for 0 minutes and 1.0 seconds
Moving to A1 of NEST 1 Well Reservoir 195 mL on 10
Dispensing 150.0 uL into A6 of bulb rack 8 on 8 at 274.7 uL/sec
Moving to A6 of bulb rack 8 on 8
Dispensing 150.0 uL into B6 of bulb rack 8 on 8 at 274.7 uL/sec
Moving to B6 of bulb rack 8 on 8
Dispensing 150.0 uL into C6 of bulb rack 8 on 8 at 274.7 uL/sec
Moving to C6 of bulb rack 8 on 8
Dispensing 150.0 uL into D6 of bulb rack 8 on 8 at 274.7 uL/sec
Moving to D6 of bulb rack 8 on 8
Dispensing 150.0 uL into E6 of bulb rack 8 on 8 at 274.7 uL/sec
Moving to E6 of bulb rack 8 on 8
Dispensing 150.0 uL into F6 of bulb rack 8 on 8 at 274.7 uL/sec
Moving to F6 of bulb rack 8 on 8
Blowing out at A1 of NEST 1 Well Reservoir 195 mL on 10
Aspirating 900.0 uL from A1 of NEST 1 Well Reservoir 195 mL on 10 at 274.7 uL/sec
Delaying for 0 minutes and 1.0 seconds
Moving to A1 of NEST 1 Well Reservoir 195 mL on 10
Dispensing 150.0 uL into A7 of bulb rack 8 on 8 at 274.7 uL/sec
Moving to A7 of bulb rack 8 on 8
Dispensing 150.0 uL into B7 of bulb rack 8 on 8 at 274.7 uL/sec
Moving to B7 of bulb rack 8 on 8
Dispensing 150.0 uL into C7 of bulb rack 8 on 8 at 274.7 uL/sec
Moving to C7 of bulb rack 8 on 8
Dispensing 150.0 uL into D7 of bulb rack 8 on 8 at 274.7 uL/sec
Moving to D7 of bulb rack 8 on 8
Dispensing 150.0 uL into E7 of bulb rack 8 on 8 at 274.7 uL/sec
Moving to E7 of bulb rack 8 on 8
Dispensing 150.0 uL into F7 of bulb rack 8 on 8 at 274.7 uL/sec
Moving to F7 of bulb rack 8 on 8
Blowing out at A1 of NEST 1 Well Reservoir 195 mL on 10
Aspirating 900.0 uL from A1 of NEST 1 Well Reservoir 195 mL on 10 at 274.7 uL/sec
Delaying for 0 minutes and 1.0 seconds
Moving to A1 of NEST 1 Well Reservoir 195 mL on 10
Dispensing 150.0 uL into A8 of bulb rack 8 on 8 at 274.7 uL/sec
Moving to A8 of bulb rack 8 on 8
Dispensing 150.0 uL into B8 of bulb rack 8 on 8 at 274.7 uL/sec
Moving to B8 of bulb rack 8 on 8
Dispensing 150.0 uL into C8 of bulb rack 8 on 8 at 274.7 uL/sec
Moving to C8 of bulb rack 8 on 8
Dispensing 150.0 uL into D8 of bulb rack 8 on 8 at 274.7 uL/sec
Moving to D8 of bulb rack 8 on 8
Dispensing 150.0 uL into E8 of bulb rack 8 on 8 at 274.7 uL/sec
Moving to E8 of bulb rack 8 on 8
Dispensing 150.0 uL into F8 of bulb rack 8 on 8 at 274.7 uL/sec
Moving to F8 of bulb rack 8 on 8
Blowing out at A1 of NEST 1 Well Reservoir 195 mL on 10
Aspirating 900.0 uL from A1 of NEST 1 Well Reservoir 195 mL on 10 at 274.7 uL/sec
Delaying for 0 minutes and 1.0 seconds
Moving to A1 of NEST 1 Well Reservoir 195 mL on 10
Dispensing 150.0 uL into A1 of bulb rack 9 on 9 at 274.7 uL/sec
Moving to A1 of bulb rack 9 on 9
Dispensing 150.0 uL into B1 of bulb rack 9 on 9 at 274.7 uL/sec
Moving to B1 of bulb rack 9 on 9
Dispensing 150.0 uL into C1 of bulb rack 9 on 9 at 274.7 uL/sec
Moving to C1 of bulb rack 9 on 9
Dispensing 150.0 uL into D1 of bulb rack 9 on 9 at 274.7 uL/sec
Moving to D1 of bulb rack 9 on 9
Dispensing 150.0 uL into E1 of bulb rack 9 on 9 at 274.7 uL/sec
Moving to E1 of bulb rack 9 on 9
Dispensing 150.0 uL into F1 of bulb rack 9 on 9 at 274.7 uL/sec
Moving to F1 of bulb rack 9 on 9
Blowing out at A1 of NEST 1 Well Reservoir 195 mL on 10
Aspirating 900.0 uL from A1 of NEST 1 Well Reservoir 195 mL on 10 at 274.7 uL/sec
Delaying for 0 minutes and 1.0 seconds
Moving to A1 of NEST 1 Well Reservoir 195 mL on 10
Dispensing 150.0 uL into A2 of bulb rack 9 on 9 at 274.7 uL/sec
Moving to A2 of bulb rack 9 on 9
Dispensing 150.0 uL into B2 of bulb rack 9 on 9 at 274.7 uL/sec
Moving to B2 of bulb rack 9 on 9
Dispensing 150.0 uL into C2 of bulb rack 9 on 9 at 274.7 uL/sec
Moving to C2 of bulb rack 9 on 9
Dispensing 150.0 uL into D2 of bulb rack 9 on 9 at 274.7 uL/sec
Moving to D2 of bulb rack 9 on 9
Dispensing 150.0 uL into E2 of bulb rack 9 on 9 at 274.7 uL/sec
Moving to E2 of bulb rack 9 on 9
Dispensing 150.0 uL into F2 of bulb rack 9 on 9 at 274.7 uL/sec
Moving to F2 of bulb rack 9 on 9
Blowing out at A1 of NEST 1 Well Reservoir 195 mL on 10
Aspirating 900.0 uL from A1 of NEST 1 Well Reservoir 195 mL on 10 at 274.7 uL/sec
Delaying for 0 minutes and 1.0 seconds
Moving to A1 of NEST 1 Well Reservoir 195 mL on 10
Dispensing 150.0 uL into A3 of bulb rack 9 on 9 at 274.7 uL/sec
Moving to A3 of bulb rack 9 on 9
Dispensing 150.0 uL into B3 of bulb rack 9 on 9 at 274.7 uL/sec
Moving to B3 of bulb rack 9 on 9
Dispensing 150.0 uL into C3 of bulb rack 9 on 9 at 274.7 uL/sec
Moving to C3 of bulb rack 9 on 9
Dispensing 150.0 uL into D3 of bulb rack 9 on 9 at 274.7 uL/sec
Moving to D3 of bulb rack 9 on 9
Dispensing 150.0 uL into E3 of bulb rack 9 on 9 at 274.7 uL/sec
Moving to E3 of bulb rack 9 on 9
Dispensing 150.0 uL into F3 of bulb rack 9 on 9 at 274.7 uL/sec
Moving to F3 of bulb rack 9 on 9
Blowing out at A1 of NEST 1 Well Reservoir 195 mL on 10
Aspirating 900.0 uL from A1 of NEST 1 Well Reservoir 195 mL on 10 at 274.7 uL/sec
Delaying for 0 minutes and 1.0 seconds
Moving to A1 of NEST 1 Well Reservoir 195 mL on 10
Dispensing 150.0 uL into A4 of bulb rack 9 on 9 at 274.7 uL/sec
Moving to A4 of bulb rack 9 on 9
Dispensing 150.0 uL into B4 of bulb rack 9 on 9 at 274.7 uL/sec
Moving to B4 of bulb rack 9 on 9
Dispensing 150.0 uL into C4 of bulb rack 9 on 9 at 274.7 uL/sec
Moving to C4 of bulb rack 9 on 9
Dispensing 150.0 uL into D4 of bulb rack 9 on 9 at 274.7 uL/sec
Moving to D4 of bulb rack 9 on 9
Dispensing 150.0 uL into E4 of bulb rack 9 on 9 at 274.7 uL/sec
Moving to E4 of bulb rack 9 on 9
Dispensing 150.0 uL into F4 of bulb rack 9 on 9 at 274.7 uL/sec
Moving to F4 of bulb rack 9 on 9
Blowing out at A1 of NEST 1 Well Reservoir 195 mL on 10
Aspirating 900.0 uL from A1 of NEST 1 Well Reservoir 195 mL on 10 at 274.7 uL/sec
Delaying for 0 minutes and 1.0 seconds
Moving to A1 of NEST 1 Well Reservoir 195 mL on 10
Dispensing 150.0 uL into A5 of bulb rack 9 on 9 at 274.7 uL/sec
Moving to A5 of bulb rack 9 on 9
Dispensing 150.0 uL into B5 of bulb rack 9 on 9 at 274.7 uL/sec
Moving to B5 of bulb rack 9 on 9
Dispensing 150.0 uL into C5 of bulb rack 9 on 9 at 274.7 uL/sec
Moving to C5 of bulb rack 9 on 9
Dispensing 150.0 uL into D5 of bulb rack 9 on 9 at 274.7 uL/sec
Moving to D5 of bulb rack 9 on 9
Dispensing 150.0 uL into E5 of bulb rack 9 on 9 at 274.7 uL/sec
Moving to E5 of bulb rack 9 on 9
Dispensing 150.0 uL into F5 of bulb rack 9 on 9 at 274.7 uL/sec
Moving to F5 of bulb rack 9 on 9
Blowing out at A1 of NEST 1 Well Reservoir 195 mL on 10
Aspirating 900.0 uL from A1 of NEST 1 Well Reservoir 195 mL on 10 at 274.7 uL/sec
Delaying for 0 minutes and 1.0 seconds
Moving to A1 of NEST 1 Well Reservoir 195 mL on 10
Dispensing 150.0 uL into A6 of bulb rack 9 on 9 at 274.7 uL/sec
Moving to A6 of bulb rack 9 on 9
Dispensing 150.0 uL into B6 of bulb rack 9 on 9 at 274.7 uL/sec
Moving to B6 of bulb rack 9 on 9
Dispensing 150.0 uL into C6 of bulb rack 9 on 9 at 274.7 uL/sec
Moving to C6 of bulb rack 9 on 9
Dispensing 150.0 uL into D6 of bulb rack 9 on 9 at 274.7 uL/sec
Moving to D6 of bulb rack 9 on 9
Dispensing 150.0 uL into E6 of bulb rack 9 on 9 at 274.7 uL/sec
Moving to E6 of bulb rack 9 on 9
Dispensing 150.0 uL into F6 of bulb rack 9 on 9 at 274.7 uL/sec
Moving to F6 of bulb rack 9 on 9
Blowing out at A1 of NEST 1 Well Reservoir 195 mL on 10
Aspirating 900.0 uL from A1 of NEST 1 Well Reservoir 195 mL on 10 at 274.7 uL/sec
Delaying for 0 minutes and 1.0 seconds
Moving to A1 of NEST 1 Well Reservoir 195 mL on 10
Dispensing 150.0 uL into A7 of bulb rack 9 on 9 at 274.7 uL/sec
Moving to A7 of bulb rack 9 on 9
Dispensing 150.0 uL into B7 of bulb rack 9 on 9 at 274.7 uL/sec
Moving to B7 of bulb rack 9 on 9
Dispensing 150.0 uL into C7 of bulb rack 9 on 9 at 274.7 uL/sec
Moving to C7 of bulb rack 9 on 9
Dispensing 150.0 uL into D7 of bulb rack 9 on 9 at 274.7 uL/sec
Moving to D7 of bulb rack 9 on 9
Dispensing 150.0 uL into E7 of bulb rack 9 on 9 at 274.7 uL/sec
Moving to E7 of bulb rack 9 on 9
Dispensing 150.0 uL into F7 of bulb rack 9 on 9 at 274.7 uL/sec
Moving to F7 of bulb rack 9 on 9
Blowing out at A1 of NEST 1 Well Reservoir 195 mL on 10
Aspirating 900.0 uL from A1 of NEST 1 Well Reservoir 195 mL on 10 at 274.7 uL/sec
Delaying for 0 minutes and 1.0 seconds
Moving to A1 of NEST 1 Well Reservoir 195 mL on 10
Dispensing 150.0 uL into A8 of bulb rack 9 on 9 at 274.7 uL/sec
Moving to A8 of bulb rack 9 on 9
Dispensing 150.0 uL into B8 of bulb rack 9 on 9 at 274.7 uL/sec
Moving to B8 of bulb rack 9 on 9
Dispensing 150.0 uL into C8 of bulb rack 9 on 9 at 274.7 uL/sec
Moving to C8 of bulb rack 9 on 9
Dispensing 150.0 uL into D8 of bulb rack 9 on 9 at 274.7 uL/sec
Moving to D8 of bulb rack 9 on 9
Dispensing 150.0 uL into E8 of bulb rack 9 on 9 at 274.7 uL/sec
Moving to E8 of bulb rack 9 on 9
Dispensing 150.0 uL into F8 of bulb rack 9 on 9 at 274.7 uL/sec
Moving to F8 of bulb rack 9 on 9
Dropping tip into A1 of Opentrons Fixed Trash on 12
Caught exception: {'message': 'Task was destroyed but it is pending!', 'task': <Task pending name='Task-4' coro=<Poller._poll_forever() running at /Users/dp/Desktop/project/github/opentrons/venv/lib/python3.10/site-packages/opentrons/hardware_control/poller.py:80> wait_for=<Future pending cb=[Task.task_wakeup()]>>}
Caught exception: {'message': 'Task was destroyed but it is pending!', 'task': <Task pending name='Task-3' coro=<Poller._poll_forever() running at /Users/dp/Desktop/project/github/opentrons/venv/lib/python3.10/site-packages/opentrons/hardware_control/poller.py:80> wait_for=<Future pending cb=[Task.task_wakeup()]>>}
Caught exception: {'message': 'Task was destroyed but it is pending!', 'task': <Task pending name='Task-2' coro=<Poller._poll_forever() running at /Users/dp/Desktop/project/github/opentrons/venv/lib/python3.10/site-packages/opentrons/hardware_control/poller.py:80> wait_for=<Future pending cb=[Task.task_wakeup()]>>}
