/Users/dp/Desktop/project/github/opentrons/venv/lib/python3.10/site-packages/opentrons/hardware_control/simulator_setup.py:205: UserWarning: Simulator configuration does not name a machine, defaulting to OT-2 Standard
  warn(
/Users/dp/.opentrons/robot_settings.json not found. Loading defaults
Deck calibration not found.
/Users/dp/.opentrons/deck_calibration.json not found. Loading defaults
Setting Temperature Module temperature to 90.0 °C (rounded off to nearest integer)
Engaging Magnetic Module
Picking up tip from A1 of Opentrons OT-2 96 Filter Tip Rack 200 µL on 10
Transferring 360.0 from A3 of NEST 12 Well Reservoir 15 mL on 7 to D11 of NEST 96 Deep Well Plate 2mL on 8
	Aspirating 180.0 uL from A3 of NEST 12 Well Reservoir 15 mL on 7 at 92.86 uL/sec
	Dispensing 180.0 uL into D11 of NEST 96 Deep Well Plate 2mL on 8 at 92.86 uL/sec
	Aspirating 180.0 uL from A3 of NEST 12 Well Reservoir 15 mL on 7 at 92.86 uL/sec
	Dispensing 180.0 uL into D11 of NEST 96 Deep Well Plate 2mL on 8 at 92.86 uL/sec
Mixing 5 times with a volume of 180.0 ul
	Aspirating 180.0 uL from D11 of NEST 96 Deep Well Plate 2mL on 8 at 92.86 uL/sec
	Dispensing 180.0 uL into D11 of NEST 96 Deep Well Plate 2mL on 8 at 92.86 uL/sec
	Aspirating 180.0 uL from D11 of NEST 96 Deep Well Plate 2mL on 8 at 92.86 uL/sec
	Dispensing 180.0 uL into D11 of NEST 96 Deep Well Plate 2mL on 8 at 92.86 uL/sec
	Aspirating 180.0 uL from D11 of NEST 96 Deep Well Plate 2mL on 8 at 92.86 uL/sec
	Dispensing 180.0 uL into D11 of NEST 96 Deep Well Plate 2mL on 8 at 92.86 uL/sec
	Aspirating 180.0 uL from D11 of NEST 96 Deep Well Plate 2mL on 8 at 92.86 uL/sec
	Dispensing 180.0 uL into D11 of NEST 96 Deep Well Plate 2mL on 8 at 92.86 uL/sec
	Aspirating 180.0 uL from D11 of NEST 96 Deep Well Plate 2mL on 8 at 92.86 uL/sec
	Dispensing 180.0 uL into D11 of NEST 96 Deep Well Plate 2mL on 8 at 92.86 uL/sec
Dispensing 0.0 uL into D11 of NEST 96 Deep Well Plate 2mL on 8 at 92.86 uL/sec
Aspirating 180.0 uL from D11 of NEST 96 Deep Well Plate 2mL on 8 at 92.86 uL/sec
Dispensing 40.0 uL into A2 of NEST 96 Deep Well Plate 2mL on 8 at 92.86 uL/sec
Dispensing 40.0 uL into B2 of NEST 96 Deep Well Plate 2mL on 8 at 92.86 uL/sec
Dispensing 40.0 uL into C2 of NEST 96 Deep Well Plate 2mL on 8 at 92.86 uL/sec
Dispensing 40.0 uL into D2 of NEST 96 Deep Well Plate 2mL on 8 at 92.86 uL/sec
Dispensing 20.0 uL into D11 of NEST 96 Deep Well Plate 2mL on 8 at 92.86 uL/sec
Aspirating 180.0 uL from D11 of NEST 96 Deep Well Plate 2mL on 8 at 92.86 uL/sec
Dispensing 40.0 uL into E2 of NEST 96 Deep Well Plate 2mL on 8 at 92.86 uL/sec
Dispensing 40.0 uL into F2 of NEST 96 Deep Well Plate 2mL on 8 at 92.86 uL/sec
Dispensing 40.0 uL into G2 of NEST 96 Deep Well Plate 2mL on 8 at 92.86 uL/sec
Dispensing 40.0 uL into H2 of NEST 96 Deep Well Plate 2mL on 8 at 92.86 uL/sec
Dispensing 20.0 uL into D11 of NEST 96 Deep Well Plate 2mL on 8 at 92.86 uL/sec
Dropping tip into A1 of Opentrons Fixed Trash on 12
Picking up tip from A2 of Opentrons OT-2 96 Filter Tip Rack 200 µL on 10
Transferring 360.0 from A3 of NEST 12 Well Reservoir 15 mL on 7 to A2 of NEST 96 Deep Well Plate 2mL on 8
	Aspirating 180.0 uL from A3 of NEST 12 Well Reservoir 15 mL on 7 at 94.0 uL/sec
	Dispensing 180.0 uL into A2 of NEST 96 Deep Well Plate 2mL on 8 at 94.0 uL/sec
	Aspirating 180.0 uL from A3 of NEST 12 Well Reservoir 15 mL on 7 at 94.0 uL/sec
	Dispensing 180.0 uL into A2 of NEST 96 Deep Well Plate 2mL on 8 at 94.0 uL/sec
Mixing 5 times with a volume of 180.0 ul
	Aspirating 180.0 uL from A2 of NEST 96 Deep Well Plate 2mL on 8 at 94.0 uL/sec
	Dispensing 180.0 uL into A2 of NEST 96 Deep Well Plate 2mL on 8 at 94.0 uL/sec
	Aspirating 180.0 uL from A2 of NEST 96 Deep Well Plate 2mL on 8 at 94.0 uL/sec
	Dispensing 180.0 uL into A2 of NEST 96 Deep Well Plate 2mL on 8 at 94.0 uL/sec
	Aspirating 180.0 uL from A2 of NEST 96 Deep Well Plate 2mL on 8 at 94.0 uL/sec
	Dispensing 180.0 uL into A2 of NEST 96 Deep Well Plate 2mL on 8 at 94.0 uL/sec
	Aspirating 180.0 uL from A2 of NEST 96 Deep Well Plate 2mL on 8 at 94.0 uL/sec
	Dispensing 180.0 uL into A2 of NEST 96 Deep Well Plate 2mL on 8 at 94.0 uL/sec
	Aspirating 180.0 uL from A2 of NEST 96 Deep Well Plate 2mL on 8 at 94.0 uL/sec
	Dispensing 180.0 uL into A2 of NEST 96 Deep Well Plate 2mL on 8 at 94.0 uL/sec
Dropping tip into A1 of Opentrons Fixed Trash on 12
Picking up tip from A3 of Opentrons OT-2 96 Filter Tip Rack 200 µL on 10
Transferring 300.0 from A3 of NEST 12 Well Reservoir 15 mL on 7 to A1 of NEST 96 Deep Well Plate 2mL on 8
	Aspirating 200.0 uL from A3 of NEST 12 Well Reservoir 15 mL on 7 at 94.0 uL/sec
	Dispensing 200.0 uL into A1 of NEST 96 Deep Well Plate 2mL on 8 at 94.0 uL/sec
	Aspirating 100.0 uL from A3 of NEST 12 Well Reservoir 15 mL on 7 at 94.0 uL/sec
	Dispensing 100.0 uL into A1 of NEST 96 Deep Well Plate 2mL on 8 at 94.0 uL/sec
Aspirating 20.0 uL from A1 of NEST 96 Deep Well Plate 2mL on 8 at 94.0 uL/sec
Aspirating 160.0 uL from A1 of NEST 96 Deep Well Plate 2mL on 8 at 94.0 uL/sec
Dispensing 160.0 uL into A1 of NEST 96 Deep Well Plate 2mL on 8 at 94.0 uL/sec
Aspirating 160.0 uL from A1 of NEST 96 Deep Well Plate 2mL on 8 at 94.0 uL/sec
Dispensing 160.0 uL into A1 of NEST 96 Deep Well Plate 2mL on 8 at 94.0 uL/sec
Aspirating 160.0 uL from A1 of NEST 96 Deep Well Plate 2mL on 8 at 94.0 uL/sec
Dispensing 160.0 uL into A1 of NEST 96 Deep Well Plate 2mL on 8 at 94.0 uL/sec
Aspirating 160.0 uL from A1 of NEST 96 Deep Well Plate 2mL on 8 at 94.0 uL/sec
Dispensing 160.0 uL into A1 of NEST 96 Deep Well Plate 2mL on 8 at 94.0 uL/sec
Aspirating 160.0 uL from A1 of NEST 96 Deep Well Plate 2mL on 8 at 94.0 uL/sec
Dispensing 160.0 uL into A1 of NEST 96 Deep Well Plate 2mL on 8 at 94.0 uL/sec
Aspirating 160.0 uL from A1 of NEST 96 Deep Well Plate 2mL on 8 at 94.0 uL/sec
Dispensing 160.0 uL into A1 of NEST 96 Deep Well Plate 2mL on 8 at 94.0 uL/sec
Dispensing 20.0 uL into A1 of NEST 96 Deep Well Plate 2mL on 8 at 94.0 uL/sec
Transferring 150.0 from A2 of NEST 96 Deep Well Plate 2mL on 8 to A1 of NEST 96 Deep Well Plate 2mL on 8
	Aspirating 150.0 uL from A2 of NEST 96 Deep Well Plate 2mL on 8 at 94.0 uL/sec
	Air gap
		Aspirating 20.0 uL from A2 of NEST 96 Deep Well Plate 2mL on 8 at 94.0 uL/sec
	Dispensing 170.0 uL into A1 of NEST 96 Deep Well Plate 2mL on 8 at 94.0 uL/sec
Transferring 150.0 from A2 of NEST 96 Deep Well Plate 2mL on 8 to A1 of NEST 96 Deep Well Plate 2mL on 8
	Aspirating 150.0 uL from A2 of NEST 96 Deep Well Plate 2mL on 8 at 94.0 uL/sec
	Air gap
		Aspirating 20.0 uL from A2 of NEST 96 Deep Well Plate 2mL on 8 at 94.0 uL/sec
	Dispensing 170.0 uL into A1 of NEST 96 Deep Well Plate 2mL on 8 at 94.0 uL/sec
Transferring 100.0 from A2 of NEST 96 Deep Well Plate 2mL on 8 to A1 of NEST 96 Deep Well Plate 2mL on 8
	Aspirating 100.0 uL from A2 of NEST 96 Deep Well Plate 2mL on 8 at 94.0 uL/sec
	Air gap
		Aspirating 20.0 uL from A2 of NEST 96 Deep Well Plate 2mL on 8 at 94.0 uL/sec
	Dispensing 120.0 uL into A1 of NEST 96 Deep Well Plate 2mL on 8 at 94.0 uL/sec
Aspirating 20.0 uL from A1 of NEST 96 Deep Well Plate 2mL on 8 at 94.0 uL/sec
Aspirating 160.0 uL from A1 of NEST 96 Deep Well Plate 2mL on 8 at 94.0 uL/sec
Dispensing 160.0 uL into A1 of NEST 96 Deep Well Plate 2mL on 8 at 94.0 uL/sec
Aspirating 160.0 uL from A1 of NEST 96 Deep Well Plate 2mL on 8 at 94.0 uL/sec
Dispensing 160.0 uL into A1 of NEST 96 Deep Well Plate 2mL on 8 at 94.0 uL/sec
Aspirating 160.0 uL from A1 of NEST 96 Deep Well Plate 2mL on 8 at 94.0 uL/sec
Dispensing 160.0 uL into A1 of NEST 96 Deep Well Plate 2mL on 8 at 94.0 uL/sec
Aspirating 160.0 uL from A1 of NEST 96 Deep Well Plate 2mL on 8 at 94.0 uL/sec
Dispensing 160.0 uL into A1 of NEST 96 Deep Well Plate 2mL on 8 at 94.0 uL/sec
Aspirating 160.0 uL from A1 of NEST 96 Deep Well Plate 2mL on 8 at 94.0 uL/sec
Dispensing 160.0 uL into A1 of NEST 96 Deep Well Plate 2mL on 8 at 94.0 uL/sec
Aspirating 160.0 uL from A1 of NEST 96 Deep Well Plate 2mL on 8 at 94.0 uL/sec
Dispensing 160.0 uL into A1 of NEST 96 Deep Well Plate 2mL on 8 at 94.0 uL/sec
Dispensing 20.0 uL into A1 of NEST 96 Deep Well Plate 2mL on 8 at 94.0 uL/sec
Dropping tip into A1 of Opentrons Fixed Trash on 12
Waiting for Temperature Module to reach temperature 90.0 °C (rounded off to nearest integer)
Picking up tip from A4 of Opentrons OT-2 96 Filter Tip Rack 200 µL on 10
Transferring 160.0 from A1 of NEST 96 Deep Well Plate 2mL on 8 to A1 of Opentrons 96 Well Aluminum Block with Bio-Rad Well Plate 200 µL on Temperature Module GEN1 on 6
	Aspirating 160.0 uL from A1 of NEST 96 Deep Well Plate 2mL on 8 at 94.0 uL/sec
	Air gap
		Aspirating 20.0 uL from A1 of NEST 96 Deep Well Plate 2mL on 8 at 94.0 uL/sec
	Dispensing 180.0 uL into A1 of Opentrons 96 Well Aluminum Block with Bio-Rad Well Plate 200 µL on Temperature Module GEN1 on 6 at 94.0 uL/sec
	Aspirating 160.0 uL from A1 of NEST 96 Deep Well Plate 2mL on 8 at 94.0 uL/sec
	Air gap
		Aspirating 20.0 uL from A1 of NEST 96 Deep Well Plate 2mL on 8 at 94.0 uL/sec
	Dispensing 180.0 uL into A2 of Opentrons 96 Well Aluminum Block with Bio-Rad Well Plate 200 µL on Temperature Module GEN1 on 6 at 94.0 uL/sec
	Aspirating 160.0 uL from A1 of NEST 96 Deep Well Plate 2mL on 8 at 94.0 uL/sec
	Air gap
		Aspirating 20.0 uL from A1 of NEST 96 Deep Well Plate 2mL on 8 at 94.0 uL/sec
	Dispensing 180.0 uL into A3 of Opentrons 96 Well Aluminum Block with Bio-Rad Well Plate 200 µL on Temperature Module GEN1 on 6 at 94.0 uL/sec
	Aspirating 160.0 uL from A1 of NEST 96 Deep Well Plate 2mL on 8 at 94.0 uL/sec
	Air gap
		Aspirating 20.0 uL from A1 of NEST 96 Deep Well Plate 2mL on 8 at 94.0 uL/sec
	Dispensing 180.0 uL into A4 of Opentrons 96 Well Aluminum Block with Bio-Rad Well Plate 200 µL on Temperature Module GEN1 on 6 at 94.0 uL/sec
	Aspirating 160.0 uL from A1 of NEST 96 Deep Well Plate 2mL on 8 at 94.0 uL/sec
	Air gap
		Aspirating 20.0 uL from A1 of NEST 96 Deep Well Plate 2mL on 8 at 94.0 uL/sec
	Dispensing 180.0 uL into A5 of Opentrons 96 Well Aluminum Block with Bio-Rad Well Plate 200 µL on Temperature Module GEN1 on 6 at 94.0 uL/sec
Aspirating 90.0 uL from A1 of Opentrons 96 Well Aluminum Block with Bio-Rad Well Plate 200 µL on Temperature Module GEN1 on 6 at 300.0 uL/sec
Dispensing 90.0 uL into A1 of Opentrons 96 Well Aluminum Block with Bio-Rad Well Plate 200 µL on Temperature Module GEN1 on 6 at 300.0 uL/sec
Aspirating 90.0 uL from A1 of Opentrons 96 Well Aluminum Block with Bio-Rad Well Plate 200 µL on Temperature Module GEN1 on 6 at 300.0 uL/sec
Dispensing 90.0 uL into A1 of Opentrons 96 Well Aluminum Block with Bio-Rad Well Plate 200 µL on Temperature Module GEN1 on 6 at 300.0 uL/sec
Aspirating 90.0 uL from A1 of Opentrons 96 Well Aluminum Block with Bio-Rad Well Plate 200 µL on Temperature Module GEN1 on 6 at 300.0 uL/sec
Dispensing 90.0 uL into A1 of Opentrons 96 Well Aluminum Block with Bio-Rad Well Plate 200 µL on Temperature Module GEN1 on 6 at 300.0 uL/sec
Aspirating 90.0 uL from A1 of Opentrons 96 Well Aluminum Block with Bio-Rad Well Plate 200 µL on Temperature Module GEN1 on 6 at 300.0 uL/sec
Dispensing 90.0 uL into A1 of Opentrons 96 Well Aluminum Block with Bio-Rad Well Plate 200 µL on Temperature Module GEN1 on 6 at 300.0 uL/sec
Aspirating 90.0 uL from A1 of Opentrons 96 Well Aluminum Block with Bio-Rad Well Plate 200 µL on Temperature Module GEN1 on 6 at 300.0 uL/sec
Dispensing 90.0 uL into A1 of Opentrons 96 Well Aluminum Block with Bio-Rad Well Plate 200 µL on Temperature Module GEN1 on 6 at 300.0 uL/sec
Aspirating 90.0 uL from A2 of Opentrons 96 Well Aluminum Block with Bio-Rad Well Plate 200 µL on Temperature Module GEN1 on 6 at 300.0 uL/sec
Dispensing 90.0 uL into A2 of Opentrons 96 Well Aluminum Block with Bio-Rad Well Plate 200 µL on Temperature Module GEN1 on 6 at 300.0 uL/sec
Aspirating 90.0 uL from A2 of Opentrons 96 Well Aluminum Block with Bio-Rad Well Plate 200 µL on Temperature Module GEN1 on 6 at 300.0 uL/sec
Dispensing 90.0 uL into A2 of Opentrons 96 Well Aluminum Block with Bio-Rad Well Plate 200 µL on Temperature Module GEN1 on 6 at 300.0 uL/sec
Aspirating 90.0 uL from A2 of Opentrons 96 Well Aluminum Block with Bio-Rad Well Plate 200 µL on Temperature Module GEN1 on 6 at 300.0 uL/sec
Dispensing 90.0 uL into A2 of Opentrons 96 Well Aluminum Block with Bio-Rad Well Plate 200 µL on Temperature Module GEN1 on 6 at 300.0 uL/sec
Aspirating 90.0 uL from A2 of Opentrons 96 Well Aluminum Block with Bio-Rad Well Plate 200 µL on Temperature Module GEN1 on 6 at 300.0 uL/sec
Dispensing 90.0 uL into A2 of Opentrons 96 Well Aluminum Block with Bio-Rad Well Plate 200 µL on Temperature Module GEN1 on 6 at 300.0 uL/sec
Aspirating 90.0 uL from A2 of Opentrons 96 Well Aluminum Block with Bio-Rad Well Plate 200 µL on Temperature Module GEN1 on 6 at 300.0 uL/sec
Dispensing 90.0 uL into A2 of Opentrons 96 Well Aluminum Block with Bio-Rad Well Plate 200 µL on Temperature Module GEN1 on 6 at 300.0 uL/sec
Aspirating 90.0 uL from A3 of Opentrons 96 Well Aluminum Block with Bio-Rad Well Plate 200 µL on Temperature Module GEN1 on 6 at 300.0 uL/sec
Dispensing 90.0 uL into A3 of Opentrons 96 Well Aluminum Block with Bio-Rad Well Plate 200 µL on Temperature Module GEN1 on 6 at 300.0 uL/sec
Aspirating 90.0 uL from A3 of Opentrons 96 Well Aluminum Block with Bio-Rad Well Plate 200 µL on Temperature Module GEN1 on 6 at 300.0 uL/sec
Dispensing 90.0 uL into A3 of Opentrons 96 Well Aluminum Block with Bio-Rad Well Plate 200 µL on Temperature Module GEN1 on 6 at 300.0 uL/sec
Aspirating 90.0 uL from A3 of Opentrons 96 Well Aluminum Block with Bio-Rad Well Plate 200 µL on Temperature Module GEN1 on 6 at 300.0 uL/sec
Dispensing 90.0 uL into A3 of Opentrons 96 Well Aluminum Block with Bio-Rad Well Plate 200 µL on Temperature Module GEN1 on 6 at 300.0 uL/sec
Aspirating 90.0 uL from A3 of Opentrons 96 Well Aluminum Block with Bio-Rad Well Plate 200 µL on Temperature Module GEN1 on 6 at 300.0 uL/sec
Dispensing 90.0 uL into A3 of Opentrons 96 Well Aluminum Block with Bio-Rad Well Plate 200 µL on Temperature Module GEN1 on 6 at 300.0 uL/sec
Aspirating 90.0 uL from A3 of Opentrons 96 Well Aluminum Block with Bio-Rad Well Plate 200 µL on Temperature Module GEN1 on 6 at 300.0 uL/sec
Dispensing 90.0 uL into A3 of Opentrons 96 Well Aluminum Block with Bio-Rad Well Plate 200 µL on Temperature Module GEN1 on 6 at 300.0 uL/sec
Aspirating 90.0 uL from A4 of Opentrons 96 Well Aluminum Block with Bio-Rad Well Plate 200 µL on Temperature Module GEN1 on 6 at 300.0 uL/sec
Dispensing 90.0 uL into A4 of Opentrons 96 Well Aluminum Block with Bio-Rad Well Plate 200 µL on Temperature Module GEN1 on 6 at 300.0 uL/sec
Aspirating 90.0 uL from A4 of Opentrons 96 Well Aluminum Block with Bio-Rad Well Plate 200 µL on Temperature Module GEN1 on 6 at 300.0 uL/sec
Dispensing 90.0 uL into A4 of Opentrons 96 Well Aluminum Block with Bio-Rad Well Plate 200 µL on Temperature Module GEN1 on 6 at 300.0 uL/sec
Aspirating 90.0 uL from A4 of Opentrons 96 Well Aluminum Block with Bio-Rad Well Plate 200 µL on Temperature Module GEN1 on 6 at 300.0 uL/sec
Dispensing 90.0 uL into A4 of Opentrons 96 Well Aluminum Block with Bio-Rad Well Plate 200 µL on Temperature Module GEN1 on 6 at 300.0 uL/sec
Aspirating 90.0 uL from A4 of Opentrons 96 Well Aluminum Block with Bio-Rad Well Plate 200 µL on Temperature Module GEN1 on 6 at 300.0 uL/sec
Dispensing 90.0 uL into A4 of Opentrons 96 Well Aluminum Block with Bio-Rad Well Plate 200 µL on Temperature Module GEN1 on 6 at 300.0 uL/sec
Aspirating 90.0 uL from A4 of Opentrons 96 Well Aluminum Block with Bio-Rad Well Plate 200 µL on Temperature Module GEN1 on 6 at 300.0 uL/sec
Dispensing 90.0 uL into A4 of Opentrons 96 Well Aluminum Block with Bio-Rad Well Plate 200 µL on Temperature Module GEN1 on 6 at 300.0 uL/sec
Aspirating 90.0 uL from A5 of Opentrons 96 Well Aluminum Block with Bio-Rad Well Plate 200 µL on Temperature Module GEN1 on 6 at 300.0 uL/sec
Dispensing 90.0 uL into A5 of Opentrons 96 Well Aluminum Block with Bio-Rad Well Plate 200 µL on Temperature Module GEN1 on 6 at 300.0 uL/sec
Aspirating 90.0 uL from A5 of Opentrons 96 Well Aluminum Block with Bio-Rad Well Plate 200 µL on Temperature Module GEN1 on 6 at 300.0 uL/sec
Dispensing 90.0 uL into A5 of Opentrons 96 Well Aluminum Block with Bio-Rad Well Plate 200 µL on Temperature Module GEN1 on 6 at 300.0 uL/sec
Aspirating 90.0 uL from A5 of Opentrons 96 Well Aluminum Block with Bio-Rad Well Plate 200 µL on Temperature Module GEN1 on 6 at 300.0 uL/sec
Dispensing 90.0 uL into A5 of Opentrons 96 Well Aluminum Block with Bio-Rad Well Plate 200 µL on Temperature Module GEN1 on 6 at 300.0 uL/sec
Aspirating 90.0 uL from A5 of Opentrons 96 Well Aluminum Block with Bio-Rad Well Plate 200 µL on Temperature Module GEN1 on 6 at 300.0 uL/sec
Dispensing 90.0 uL into A5 of Opentrons 96 Well Aluminum Block with Bio-Rad Well Plate 200 µL on Temperature Module GEN1 on 6 at 300.0 uL/sec
Aspirating 90.0 uL from A5 of Opentrons 96 Well Aluminum Block with Bio-Rad Well Plate 200 µL on Temperature Module GEN1 on 6 at 300.0 uL/sec
Dispensing 90.0 uL into A5 of Opentrons 96 Well Aluminum Block with Bio-Rad Well Plate 200 µL on Temperature Module GEN1 on 6 at 300.0 uL/sec
Moving to A5 of Opentrons 96 Well Aluminum Block with Bio-Rad Well Plate 200 µL on Temperature Module GEN1 on 6
Setting Temperature Module temperature to 80.0 °C (rounded off to nearest integer)
Delaying for 2 minutes and 0.0 seconds
Setting Temperature Module temperature to 56.0 °C (rounded off to nearest integer)
Aspirating 90.0 uL from A1 of Opentrons 96 Well Aluminum Block with Bio-Rad Well Plate 200 µL on Temperature Module GEN1 on 6 at 300.0 uL/sec
Dispensing 90.0 uL into A1 of Opentrons 96 Well Aluminum Block with Bio-Rad Well Plate 200 µL on Temperature Module GEN1 on 6 at 300.0 uL/sec
Aspirating 90.0 uL from A1 of Opentrons 96 Well Aluminum Block with Bio-Rad Well Plate 200 µL on Temperature Module GEN1 on 6 at 300.0 uL/sec
Dispensing 90.0 uL into A1 of Opentrons 96 Well Aluminum Block with Bio-Rad Well Plate 200 µL on Temperature Module GEN1 on 6 at 300.0 uL/sec
Aspirating 90.0 uL from A1 of Opentrons 96 Well Aluminum Block with Bio-Rad Well Plate 200 µL on Temperature Module GEN1 on 6 at 300.0 uL/sec
Dispensing 90.0 uL into A1 of Opentrons 96 Well Aluminum Block with Bio-Rad Well Plate 200 µL on Temperature Module GEN1 on 6 at 300.0 uL/sec
Aspirating 90.0 uL from A1 of Opentrons 96 Well Aluminum Block with Bio-Rad Well Plate 200 µL on Temperature Module GEN1 on 6 at 300.0 uL/sec
Dispensing 90.0 uL into A1 of Opentrons 96 Well Aluminum Block with Bio-Rad Well Plate 200 µL on Temperature Module GEN1 on 6 at 300.0 uL/sec
Aspirating 90.0 uL from A1 of Opentrons 96 Well Aluminum Block with Bio-Rad Well Plate 200 µL on Temperature Module GEN1 on 6 at 300.0 uL/sec
Dispensing 90.0 uL into A1 of Opentrons 96 Well Aluminum Block with Bio-Rad Well Plate 200 µL on Temperature Module GEN1 on 6 at 300.0 uL/sec
Aspirating 90.0 uL from A2 of Opentrons 96 Well Aluminum Block with Bio-Rad Well Plate 200 µL on Temperature Module GEN1 on 6 at 300.0 uL/sec
Dispensing 90.0 uL into A2 of Opentrons 96 Well Aluminum Block with Bio-Rad Well Plate 200 µL on Temperature Module GEN1 on 6 at 300.0 uL/sec
Aspirating 90.0 uL from A2 of Opentrons 96 Well Aluminum Block with Bio-Rad Well Plate 200 µL on Temperature Module GEN1 on 6 at 300.0 uL/sec
Dispensing 90.0 uL into A2 of Opentrons 96 Well Aluminum Block with Bio-Rad Well Plate 200 µL on Temperature Module GEN1 on 6 at 300.0 uL/sec
Aspirating 90.0 uL from A2 of Opentrons 96 Well Aluminum Block with Bio-Rad Well Plate 200 µL on Temperature Module GEN1 on 6 at 300.0 uL/sec
Dispensing 90.0 uL into A2 of Opentrons 96 Well Aluminum Block with Bio-Rad Well Plate 200 µL on Temperature Module GEN1 on 6 at 300.0 uL/sec
Aspirating 90.0 uL from A2 of Opentrons 96 Well Aluminum Block with Bio-Rad Well Plate 200 µL on Temperature Module GEN1 on 6 at 300.0 uL/sec
Dispensing 90.0 uL into A2 of Opentrons 96 Well Aluminum Block with Bio-Rad Well Plate 200 µL on Temperature Module GEN1 on 6 at 300.0 uL/sec
Aspirating 90.0 uL from A2 of Opentrons 96 Well Aluminum Block with Bio-Rad Well Plate 200 µL on Temperature Module GEN1 on 6 at 300.0 uL/sec
Dispensing 90.0 uL into A2 of Opentrons 96 Well Aluminum Block with Bio-Rad Well Plate 200 µL on Temperature Module GEN1 on 6 at 300.0 uL/sec
Aspirating 90.0 uL from A3 of Opentrons 96 Well Aluminum Block with Bio-Rad Well Plate 200 µL on Temperature Module GEN1 on 6 at 300.0 uL/sec
Dispensing 90.0 uL into A3 of Opentrons 96 Well Aluminum Block with Bio-Rad Well Plate 200 µL on Temperature Module GEN1 on 6 at 300.0 uL/sec
Aspirating 90.0 uL from A3 of Opentrons 96 Well Aluminum Block with Bio-Rad Well Plate 200 µL on Temperature Module GEN1 on 6 at 300.0 uL/sec
Dispensing 90.0 uL into A3 of Opentrons 96 Well Aluminum Block with Bio-Rad Well Plate 200 µL on Temperature Module GEN1 on 6 at 300.0 uL/sec
Aspirating 90.0 uL from A3 of Opentrons 96 Well Aluminum Block with Bio-Rad Well Plate 200 µL on Temperature Module GEN1 on 6 at 300.0 uL/sec
Dispensing 90.0 uL into A3 of Opentrons 96 Well Aluminum Block with Bio-Rad Well Plate 200 µL on Temperature Module GEN1 on 6 at 300.0 uL/sec
Aspirating 90.0 uL from A3 of Opentrons 96 Well Aluminum Block with Bio-Rad Well Plate 200 µL on Temperature Module GEN1 on 6 at 300.0 uL/sec
Dispensing 90.0 uL into A3 of Opentrons 96 Well Aluminum Block with Bio-Rad Well Plate 200 µL on Temperature Module GEN1 on 6 at 300.0 uL/sec
Aspirating 90.0 uL from A3 of Opentrons 96 Well Aluminum Block with Bio-Rad Well Plate 200 µL on Temperature Module GEN1 on 6 at 300.0 uL/sec
Dispensing 90.0 uL into A3 of Opentrons 96 Well Aluminum Block with Bio-Rad Well Plate 200 µL on Temperature Module GEN1 on 6 at 300.0 uL/sec
Aspirating 90.0 uL from A4 of Opentrons 96 Well Aluminum Block with Bio-Rad Well Plate 200 µL on Temperature Module GEN1 on 6 at 300.0 uL/sec
Dispensing 90.0 uL into A4 of Opentrons 96 Well Aluminum Block with Bio-Rad Well Plate 200 µL on Temperature Module GEN1 on 6 at 300.0 uL/sec
Aspirating 90.0 uL from A4 of Opentrons 96 Well Aluminum Block with Bio-Rad Well Plate 200 µL on Temperature Module GEN1 on 6 at 300.0 uL/sec
Dispensing 90.0 uL into A4 of Opentrons 96 Well Aluminum Block with Bio-Rad Well Plate 200 µL on Temperature Module GEN1 on 6 at 300.0 uL/sec
Aspirating 90.0 uL from A4 of Opentrons 96 Well Aluminum Block with Bio-Rad Well Plate 200 µL on Temperature Module GEN1 on 6 at 300.0 uL/sec
Dispensing 90.0 uL into A4 of Opentrons 96 Well Aluminum Block with Bio-Rad Well Plate 200 µL on Temperature Module GEN1 on 6 at 300.0 uL/sec
Aspirating 90.0 uL from A4 of Opentrons 96 Well Aluminum Block with Bio-Rad Well Plate 200 µL on Temperature Module GEN1 on 6 at 300.0 uL/sec
Dispensing 90.0 uL into A4 of Opentrons 96 Well Aluminum Block with Bio-Rad Well Plate 200 µL on Temperature Module GEN1 on 6 at 300.0 uL/sec
Aspirating 90.0 uL from A4 of Opentrons 96 Well Aluminum Block with Bio-Rad Well Plate 200 µL on Temperature Module GEN1 on 6 at 300.0 uL/sec
Dispensing 90.0 uL into A4 of Opentrons 96 Well Aluminum Block with Bio-Rad Well Plate 200 µL on Temperature Module GEN1 on 6 at 300.0 uL/sec
Aspirating 90.0 uL from A5 of Opentrons 96 Well Aluminum Block with Bio-Rad Well Plate 200 µL on Temperature Module GEN1 on 6 at 300.0 uL/sec
Dispensing 90.0 uL into A5 of Opentrons 96 Well Aluminum Block with Bio-Rad Well Plate 200 µL on Temperature Module GEN1 on 6 at 300.0 uL/sec
Aspirating 90.0 uL from A5 of Opentrons 96 Well Aluminum Block with Bio-Rad Well Plate 200 µL on Temperature Module GEN1 on 6 at 300.0 uL/sec
Dispensing 90.0 uL into A5 of Opentrons 96 Well Aluminum Block with Bio-Rad Well Plate 200 µL on Temperature Module GEN1 on 6 at 300.0 uL/sec
Aspirating 90.0 uL from A5 of Opentrons 96 Well Aluminum Block with Bio-Rad Well Plate 200 µL on Temperature Module GEN1 on 6 at 300.0 uL/sec
Dispensing 90.0 uL into A5 of Opentrons 96 Well Aluminum Block with Bio-Rad Well Plate 200 µL on Temperature Module GEN1 on 6 at 300.0 uL/sec
Aspirating 90.0 uL from A5 of Opentrons 96 Well Aluminum Block with Bio-Rad Well Plate 200 µL on Temperature Module GEN1 on 6 at 300.0 uL/sec
Dispensing 90.0 uL into A5 of Opentrons 96 Well Aluminum Block with Bio-Rad Well Plate 200 µL on Temperature Module GEN1 on 6 at 300.0 uL/sec
Aspirating 90.0 uL from A5 of Opentrons 96 Well Aluminum Block with Bio-Rad Well Plate 200 µL on Temperature Module GEN1 on 6 at 300.0 uL/sec
Dispensing 90.0 uL into A5 of Opentrons 96 Well Aluminum Block with Bio-Rad Well Plate 200 µL on Temperature Module GEN1 on 6 at 300.0 uL/sec
Moving to A5 of Opentrons 96 Well Aluminum Block with Bio-Rad Well Plate 200 µL on Temperature Module GEN1 on 6
Delaying for 3 minutes and 0.0 seconds
Deactivating Temperature Module
Aspirating 90.0 uL from A1 of Opentrons 96 Well Aluminum Block with Bio-Rad Well Plate 200 µL on Temperature Module GEN1 on 6 at 300.0 uL/sec
Dispensing 90.0 uL into A1 of Opentrons 96 Well Aluminum Block with Bio-Rad Well Plate 200 µL on Temperature Module GEN1 on 6 at 300.0 uL/sec
Aspirating 90.0 uL from A1 of Opentrons 96 Well Aluminum Block with Bio-Rad Well Plate 200 µL on Temperature Module GEN1 on 6 at 300.0 uL/sec
Dispensing 90.0 uL into A1 of Opentrons 96 Well Aluminum Block with Bio-Rad Well Plate 200 µL on Temperature Module GEN1 on 6 at 300.0 uL/sec
Aspirating 90.0 uL from A1 of Opentrons 96 Well Aluminum Block with Bio-Rad Well Plate 200 µL on Temperature Module GEN1 on 6 at 300.0 uL/sec
Dispensing 90.0 uL into A1 of Opentrons 96 Well Aluminum Block with Bio-Rad Well Plate 200 µL on Temperature Module GEN1 on 6 at 300.0 uL/sec
Aspirating 90.0 uL from A1 of Opentrons 96 Well Aluminum Block with Bio-Rad Well Plate 200 µL on Temperature Module GEN1 on 6 at 300.0 uL/sec
Dispensing 90.0 uL into A1 of Opentrons 96 Well Aluminum Block with Bio-Rad Well Plate 200 µL on Temperature Module GEN1 on 6 at 300.0 uL/sec
Aspirating 90.0 uL from A1 of Opentrons 96 Well Aluminum Block with Bio-Rad Well Plate 200 µL on Temperature Module GEN1 on 6 at 300.0 uL/sec
Dispensing 90.0 uL into A1 of Opentrons 96 Well Aluminum Block with Bio-Rad Well Plate 200 µL on Temperature Module GEN1 on 6 at 300.0 uL/sec
Aspirating 90.0 uL from A2 of Opentrons 96 Well Aluminum Block with Bio-Rad Well Plate 200 µL on Temperature Module GEN1 on 6 at 300.0 uL/sec
Dispensing 90.0 uL into A2 of Opentrons 96 Well Aluminum Block with Bio-Rad Well Plate 200 µL on Temperature Module GEN1 on 6 at 300.0 uL/sec
Aspirating 90.0 uL from A2 of Opentrons 96 Well Aluminum Block with Bio-Rad Well Plate 200 µL on Temperature Module GEN1 on 6 at 300.0 uL/sec
Dispensing 90.0 uL into A2 of Opentrons 96 Well Aluminum Block with Bio-Rad Well Plate 200 µL on Temperature Module GEN1 on 6 at 300.0 uL/sec
Aspirating 90.0 uL from A2 of Opentrons 96 Well Aluminum Block with Bio-Rad Well Plate 200 µL on Temperature Module GEN1 on 6 at 300.0 uL/sec
Dispensing 90.0 uL into A2 of Opentrons 96 Well Aluminum Block with Bio-Rad Well Plate 200 µL on Temperature Module GEN1 on 6 at 300.0 uL/sec
Aspirating 90.0 uL from A2 of Opentrons 96 Well Aluminum Block with Bio-Rad Well Plate 200 µL on Temperature Module GEN1 on 6 at 300.0 uL/sec
Dispensing 90.0 uL into A2 of Opentrons 96 Well Aluminum Block with Bio-Rad Well Plate 200 µL on Temperature Module GEN1 on 6 at 300.0 uL/sec
Aspirating 90.0 uL from A2 of Opentrons 96 Well Aluminum Block with Bio-Rad Well Plate 200 µL on Temperature Module GEN1 on 6 at 300.0 uL/sec
Dispensing 90.0 uL into A2 of Opentrons 96 Well Aluminum Block with Bio-Rad Well Plate 200 µL on Temperature Module GEN1 on 6 at 300.0 uL/sec
Aspirating 90.0 uL from A3 of Opentrons 96 Well Aluminum Block with Bio-Rad Well Plate 200 µL on Temperature Module GEN1 on 6 at 300.0 uL/sec
Dispensing 90.0 uL into A3 of Opentrons 96 Well Aluminum Block with Bio-Rad Well Plate 200 µL on Temperature Module GEN1 on 6 at 300.0 uL/sec
Aspirating 90.0 uL from A3 of Opentrons 96 Well Aluminum Block with Bio-Rad Well Plate 200 µL on Temperature Module GEN1 on 6 at 300.0 uL/sec
Dispensing 90.0 uL into A3 of Opentrons 96 Well Aluminum Block with Bio-Rad Well Plate 200 µL on Temperature Module GEN1 on 6 at 300.0 uL/sec
Aspirating 90.0 uL from A3 of Opentrons 96 Well Aluminum Block with Bio-Rad Well Plate 200 µL on Temperature Module GEN1 on 6 at 300.0 uL/sec
Dispensing 90.0 uL into A3 of Opentrons 96 Well Aluminum Block with Bio-Rad Well Plate 200 µL on Temperature Module GEN1 on 6 at 300.0 uL/sec
Aspirating 90.0 uL from A3 of Opentrons 96 Well Aluminum Block with Bio-Rad Well Plate 200 µL on Temperature Module GEN1 on 6 at 300.0 uL/sec
Dispensing 90.0 uL into A3 of Opentrons 96 Well Aluminum Block with Bio-Rad Well Plate 200 µL on Temperature Module GEN1 on 6 at 300.0 uL/sec
Aspirating 90.0 uL from A3 of Opentrons 96 Well Aluminum Block with Bio-Rad Well Plate 200 µL on Temperature Module GEN1 on 6 at 300.0 uL/sec
Dispensing 90.0 uL into A3 of Opentrons 96 Well Aluminum Block with Bio-Rad Well Plate 200 µL on Temperature Module GEN1 on 6 at 300.0 uL/sec
Aspirating 90.0 uL from A4 of Opentrons 96 Well Aluminum Block with Bio-Rad Well Plate 200 µL on Temperature Module GEN1 on 6 at 300.0 uL/sec
Dispensing 90.0 uL into A4 of Opentrons 96 Well Aluminum Block with Bio-Rad Well Plate 200 µL on Temperature Module GEN1 on 6 at 300.0 uL/sec
Aspirating 90.0 uL from A4 of Opentrons 96 Well Aluminum Block with Bio-Rad Well Plate 200 µL on Temperature Module GEN1 on 6 at 300.0 uL/sec
Dispensing 90.0 uL into A4 of Opentrons 96 Well Aluminum Block with Bio-Rad Well Plate 200 µL on Temperature Module GEN1 on 6 at 300.0 uL/sec
Aspirating 90.0 uL from A4 of Opentrons 96 Well Aluminum Block with Bio-Rad Well Plate 200 µL on Temperature Module GEN1 on 6 at 300.0 uL/sec
Dispensing 90.0 uL into A4 of Opentrons 96 Well Aluminum Block with Bio-Rad Well Plate 200 µL on Temperature Module GEN1 on 6 at 300.0 uL/sec
Aspirating 90.0 uL from A4 of Opentrons 96 Well Aluminum Block with Bio-Rad Well Plate 200 µL on Temperature Module GEN1 on 6 at 300.0 uL/sec
Dispensing 90.0 uL into A4 of Opentrons 96 Well Aluminum Block with Bio-Rad Well Plate 200 µL on Temperature Module GEN1 on 6 at 300.0 uL/sec
Aspirating 90.0 uL from A4 of Opentrons 96 Well Aluminum Block with Bio-Rad Well Plate 200 µL on Temperature Module GEN1 on 6 at 300.0 uL/sec
Dispensing 90.0 uL into A4 of Opentrons 96 Well Aluminum Block with Bio-Rad Well Plate 200 µL on Temperature Module GEN1 on 6 at 300.0 uL/sec
Aspirating 90.0 uL from A5 of Opentrons 96 Well Aluminum Block with Bio-Rad Well Plate 200 µL on Temperature Module GEN1 on 6 at 300.0 uL/sec
Dispensing 90.0 uL into A5 of Opentrons 96 Well Aluminum Block with Bio-Rad Well Plate 200 µL on Temperature Module GEN1 on 6 at 300.0 uL/sec
Aspirating 90.0 uL from A5 of Opentrons 96 Well Aluminum Block with Bio-Rad Well Plate 200 µL on Temperature Module GEN1 on 6 at 300.0 uL/sec
Dispensing 90.0 uL into A5 of Opentrons 96 Well Aluminum Block with Bio-Rad Well Plate 200 µL on Temperature Module GEN1 on 6 at 300.0 uL/sec
Aspirating 90.0 uL from A5 of Opentrons 96 Well Aluminum Block with Bio-Rad Well Plate 200 µL on Temperature Module GEN1 on 6 at 300.0 uL/sec
Dispensing 90.0 uL into A5 of Opentrons 96 Well Aluminum Block with Bio-Rad Well Plate 200 µL on Temperature Module GEN1 on 6 at 300.0 uL/sec
Aspirating 90.0 uL from A5 of Opentrons 96 Well Aluminum Block with Bio-Rad Well Plate 200 µL on Temperature Module GEN1 on 6 at 300.0 uL/sec
Dispensing 90.0 uL into A5 of Opentrons 96 Well Aluminum Block with Bio-Rad Well Plate 200 µL on Temperature Module GEN1 on 6 at 300.0 uL/sec
Aspirating 90.0 uL from A5 of Opentrons 96 Well Aluminum Block with Bio-Rad Well Plate 200 µL on Temperature Module GEN1 on 6 at 300.0 uL/sec
Dispensing 90.0 uL into A5 of Opentrons 96 Well Aluminum Block with Bio-Rad Well Plate 200 µL on Temperature Module GEN1 on 6 at 300.0 uL/sec
Transferring 160.0 from A1 of Opentrons 96 Well Aluminum Block with Bio-Rad Well Plate 200 µL on Temperature Module GEN1 on 6 to A1 of Bio-Rad 96 Well Plate 200 µL PCR on Magnetic Module GEN2 on 4
	Aspirating 160.0 uL from A1 of Opentrons 96 Well Aluminum Block with Bio-Rad Well Plate 200 µL on Temperature Module GEN1 on 6 at 92.86 uL/sec
	Air gap
		Aspirating 20.0 uL from A1 of Opentrons 96 Well Aluminum Block with Bio-Rad Well Plate 200 µL on Temperature Module GEN1 on 6 at 92.86 uL/sec
	Dispensing 180.0 uL into A1 of Bio-Rad 96 Well Plate 200 µL PCR on Magnetic Module GEN2 on 4 at 92.86 uL/sec
Transferring 160.0 from A2 of Opentrons 96 Well Aluminum Block with Bio-Rad Well Plate 200 µL on Temperature Module GEN1 on 6 to A2 of Bio-Rad 96 Well Plate 200 µL PCR on Magnetic Module GEN2 on 4
	Aspirating 160.0 uL from A2 of Opentrons 96 Well Aluminum Block with Bio-Rad Well Plate 200 µL on Temperature Module GEN1 on 6 at 92.86 uL/sec
	Air gap
		Aspirating 20.0 uL from A2 of Opentrons 96 Well Aluminum Block with Bio-Rad Well Plate 200 µL on Temperature Module GEN1 on 6 at 92.86 uL/sec
	Dispensing 180.0 uL into A2 of Bio-Rad 96 Well Plate 200 µL PCR on Magnetic Module GEN2 on 4 at 92.86 uL/sec
Transferring 160.0 from A3 of Opentrons 96 Well Aluminum Block with Bio-Rad Well Plate 200 µL on Temperature Module GEN1 on 6 to A3 of Bio-Rad 96 Well Plate 200 µL PCR on Magnetic Module GEN2 on 4
	Aspirating 160.0 uL from A3 of Opentrons 96 Well Aluminum Block with Bio-Rad Well Plate 200 µL on Temperature Module GEN1 on 6 at 92.86 uL/sec
	Air gap
		Aspirating 20.0 uL from A3 of Opentrons 96 Well Aluminum Block with Bio-Rad Well Plate 200 µL on Temperature Module GEN1 on 6 at 92.86 uL/sec
	Dispensing 180.0 uL into A3 of Bio-Rad 96 Well Plate 200 µL PCR on Magnetic Module GEN2 on 4 at 92.86 uL/sec
Transferring 160.0 from A4 of Opentrons 96 Well Aluminum Block with Bio-Rad Well Plate 200 µL on Temperature Module GEN1 on 6 to A4 of Bio-Rad 96 Well Plate 200 µL PCR on Magnetic Module GEN2 on 4
	Aspirating 160.0 uL from A4 of Opentrons 96 Well Aluminum Block with Bio-Rad Well Plate 200 µL on Temperature Module GEN1 on 6 at 92.86 uL/sec
	Air gap
		Aspirating 20.0 uL from A4 of Opentrons 96 Well Aluminum Block with Bio-Rad Well Plate 200 µL on Temperature Module GEN1 on 6 at 92.86 uL/sec
	Dispensing 180.0 uL into A4 of Bio-Rad 96 Well Plate 200 µL PCR on Magnetic Module GEN2 on 4 at 92.86 uL/sec
Transferring 160.0 from A5 of Opentrons 96 Well Aluminum Block with Bio-Rad Well Plate 200 µL on Temperature Module GEN1 on 6 to A5 of Bio-Rad 96 Well Plate 200 µL PCR on Magnetic Module GEN2 on 4
	Aspirating 160.0 uL from A5 of Opentrons 96 Well Aluminum Block with Bio-Rad Well Plate 200 µL on Temperature Module GEN1 on 6 at 92.86 uL/sec
	Air gap
		Aspirating 20.0 uL from A5 of Opentrons 96 Well Aluminum Block with Bio-Rad Well Plate 200 µL on Temperature Module GEN1 on 6 at 92.86 uL/sec
	Dispensing 180.0 uL into A5 of Bio-Rad 96 Well Plate 200 µL PCR on Magnetic Module GEN2 on 4 at 92.86 uL/sec
Dropping tip into A1 of Opentrons Fixed Trash on 12
Delaying for 3 minutes and 0.0 seconds
Picking up tip from A5 of Opentrons OT-2 96 Filter Tip Rack 200 µL on 10
Transferring 160.0 from A1 of Bio-Rad 96 Well Plate 200 µL PCR on Magnetic Module GEN2 on 4 to A12 of NEST 12 Well Reservoir 15 mL on 7
	Aspirating 160.0 uL from A1 of Bio-Rad 96 Well Plate 200 µL PCR on Magnetic Module GEN2 on 4 at 20.0 uL/sec
	Air gap
		Aspirating 20.0 uL from A1 of Bio-Rad 96 Well Plate 200 µL PCR on Magnetic Module GEN2 on 4 at 20.0 uL/sec
	Dispensing 180.0 uL into A12 of NEST 12 Well Reservoir 15 mL on 7 at 92.86 uL/sec
Transferring 160.0 from A2 of Bio-Rad 96 Well Plate 200 µL PCR on Magnetic Module GEN2 on 4 to A12 of NEST 12 Well Reservoir 15 mL on 7
	Aspirating 160.0 uL from A2 of Bio-Rad 96 Well Plate 200 µL PCR on Magnetic Module GEN2 on 4 at 20.0 uL/sec
	Air gap
		Aspirating 20.0 uL from A2 of Bio-Rad 96 Well Plate 200 µL PCR on Magnetic Module GEN2 on 4 at 20.0 uL/sec
	Dispensing 180.0 uL into A12 of NEST 12 Well Reservoir 15 mL on 7 at 92.86 uL/sec
Transferring 160.0 from A3 of Bio-Rad 96 Well Plate 200 µL PCR on Magnetic Module GEN2 on 4 to A12 of NEST 12 Well Reservoir 15 mL on 7
	Aspirating 160.0 uL from A3 of Bio-Rad 96 Well Plate 200 µL PCR on Magnetic Module GEN2 on 4 at 20.0 uL/sec
	Air gap
		Aspirating 20.0 uL from A3 of Bio-Rad 96 Well Plate 200 µL PCR on Magnetic Module GEN2 on 4 at 20.0 uL/sec
	Dispensing 180.0 uL into A12 of NEST 12 Well Reservoir 15 mL on 7 at 92.86 uL/sec
Transferring 160.0 from A4 of Bio-Rad 96 Well Plate 200 µL PCR on Magnetic Module GEN2 on 4 to A12 of NEST 12 Well Reservoir 15 mL on 7
	Aspirating 160.0 uL from A4 of Bio-Rad 96 Well Plate 200 µL PCR on Magnetic Module GEN2 on 4 at 20.0 uL/sec
	Air gap
		Aspirating 20.0 uL from A4 of Bio-Rad 96 Well Plate 200 µL PCR on Magnetic Module GEN2 on 4 at 20.0 uL/sec
	Dispensing 180.0 uL into A12 of NEST 12 Well Reservoir 15 mL on 7 at 92.86 uL/sec
Transferring 160.0 from A5 of Bio-Rad 96 Well Plate 200 µL PCR on Magnetic Module GEN2 on 4 to A12 of NEST 12 Well Reservoir 15 mL on 7
	Aspirating 160.0 uL from A5 of Bio-Rad 96 Well Plate 200 µL PCR on Magnetic Module GEN2 on 4 at 20.0 uL/sec
	Air gap
		Aspirating 20.0 uL from A5 of Bio-Rad 96 Well Plate 200 µL PCR on Magnetic Module GEN2 on 4 at 20.0 uL/sec
	Dispensing 180.0 uL into A12 of NEST 12 Well Reservoir 15 mL on 7 at 92.86 uL/sec
Disengaging Magnetic Module
Dropping tip into A1 of Opentrons Fixed Trash on 12
Picking up tip from A6 of Opentrons OT-2 96 Filter Tip Rack 200 µL on 10
Dispensing 0.0 uL into A1 of NEST 12 Well Reservoir 15 mL on 7 at 92.86 uL/sec
Aspirating 180.0 uL from A1 of NEST 12 Well Reservoir 15 mL on 7 at 92.86 uL/sec
Dispensing 40.0 uL into A1 of Bio-Rad 96 Well Plate 200 µL PCR on Magnetic Module GEN2 on 4 at 92.86 uL/sec
Dispensing 40.0 uL into A2 of Bio-Rad 96 Well Plate 200 µL PCR on Magnetic Module GEN2 on 4 at 92.86 uL/sec
Dispensing 40.0 uL into A3 of Bio-Rad 96 Well Plate 200 µL PCR on Magnetic Module GEN2 on 4 at 92.86 uL/sec
Dispensing 40.0 uL into A4 of Bio-Rad 96 Well Plate 200 µL PCR on Magnetic Module GEN2 on 4 at 92.86 uL/sec
Dispensing 20.0 uL into A1 of NEST 12 Well Reservoir 15 mL on 7 at 92.86 uL/sec
Aspirating 180.0 uL from A1 of NEST 12 Well Reservoir 15 mL on 7 at 92.86 uL/sec
Dispensing 40.0 uL into A5 of Bio-Rad 96 Well Plate 200 µL PCR on Magnetic Module GEN2 on 4 at 92.86 uL/sec
Dispensing 140.0 uL into A1 of NEST 12 Well Reservoir 15 mL on 7 at 92.86 uL/sec
Transferring 40.0 from A1 of Bio-Rad 96 Well Plate 200 µL PCR on Magnetic Module GEN2 on 4 to A5 of Bio-Rad 96 Well Plate 200 µL PCR on Magnetic Module GEN2 on 4
	Mixing 5 times with a volume of 30.0 ul
		Aspirating 30.0 uL from A1 of Bio-Rad 96 Well Plate 200 µL PCR on Magnetic Module GEN2 on 4 at 92.86 uL/sec
		Dispensing 30.0 uL into A1 of Bio-Rad 96 Well Plate 200 µL PCR on Magnetic Module GEN2 on 4 at 92.86 uL/sec
		Aspirating 30.0 uL from A1 of Bio-Rad 96 Well Plate 200 µL PCR on Magnetic Module GEN2 on 4 at 92.86 uL/sec
		Dispensing 30.0 uL into A1 of Bio-Rad 96 Well Plate 200 µL PCR on Magnetic Module GEN2 on 4 at 92.86 uL/sec
		Aspirating 30.0 uL from A1 of Bio-Rad 96 Well Plate 200 µL PCR on Magnetic Module GEN2 on 4 at 92.86 uL/sec
		Dispensing 30.0 uL into A1 of Bio-Rad 96 Well Plate 200 µL PCR on Magnetic Module GEN2 on 4 at 92.86 uL/sec
		Aspirating 30.0 uL from A1 of Bio-Rad 96 Well Plate 200 µL PCR on Magnetic Module GEN2 on 4 at 92.86 uL/sec
		Dispensing 30.0 uL into A1 of Bio-Rad 96 Well Plate 200 µL PCR on Magnetic Module GEN2 on 4 at 92.86 uL/sec
		Aspirating 30.0 uL from A1 of Bio-Rad 96 Well Plate 200 µL PCR on Magnetic Module GEN2 on 4 at 92.86 uL/sec
		Dispensing 30.0 uL into A1 of Bio-Rad 96 Well Plate 200 µL PCR on Magnetic Module GEN2 on 4 at 92.86 uL/sec
	Aspirating 40.0 uL from A1 of Bio-Rad 96 Well Plate 200 µL PCR on Magnetic Module GEN2 on 4 at 92.86 uL/sec
	Air gap
		Aspirating 20.0 uL from A1 of Bio-Rad 96 Well Plate 200 µL PCR on Magnetic Module GEN2 on 4 at 92.86 uL/sec
	Dispensing 60.0 uL into A5 of Bio-Rad 96 Well Plate 200 µL PCR on Magnetic Module GEN2 on 4 at 92.86 uL/sec
Transferring 40.0 from A2 of Bio-Rad 96 Well Plate 200 µL PCR on Magnetic Module GEN2 on 4 to A5 of Bio-Rad 96 Well Plate 200 µL PCR on Magnetic Module GEN2 on 4
	Mixing 5 times with a volume of 30.0 ul
		Aspirating 30.0 uL from A2 of Bio-Rad 96 Well Plate 200 µL PCR on Magnetic Module GEN2 on 4 at 92.86 uL/sec
		Dispensing 30.0 uL into A2 of Bio-Rad 96 Well Plate 200 µL PCR on Magnetic Module GEN2 on 4 at 92.86 uL/sec
		Aspirating 30.0 uL from A2 of Bio-Rad 96 Well Plate 200 µL PCR on Magnetic Module GEN2 on 4 at 92.86 uL/sec
		Dispensing 30.0 uL into A2 of Bio-Rad 96 Well Plate 200 µL PCR on Magnetic Module GEN2 on 4 at 92.86 uL/sec
		Aspirating 30.0 uL from A2 of Bio-Rad 96 Well Plate 200 µL PCR on Magnetic Module GEN2 on 4 at 92.86 uL/sec
		Dispensing 30.0 uL into A2 of Bio-Rad 96 Well Plate 200 µL PCR on Magnetic Module GEN2 on 4 at 92.86 uL/sec
		Aspirating 30.0 uL from A2 of Bio-Rad 96 Well Plate 200 µL PCR on Magnetic Module GEN2 on 4 at 92.86 uL/sec
		Dispensing 30.0 uL into A2 of Bio-Rad 96 Well Plate 200 µL PCR on Magnetic Module GEN2 on 4 at 92.86 uL/sec
		Aspirating 30.0 uL from A2 of Bio-Rad 96 Well Plate 200 µL PCR on Magnetic Module GEN2 on 4 at 92.86 uL/sec
		Dispensing 30.0 uL into A2 of Bio-Rad 96 Well Plate 200 µL PCR on Magnetic Module GEN2 on 4 at 92.86 uL/sec
	Aspirating 40.0 uL from A2 of Bio-Rad 96 Well Plate 200 µL PCR on Magnetic Module GEN2 on 4 at 92.86 uL/sec
	Air gap
		Aspirating 20.0 uL from A2 of Bio-Rad 96 Well Plate 200 µL PCR on Magnetic Module GEN2 on 4 at 92.86 uL/sec
	Dispensing 60.0 uL into A5 of Bio-Rad 96 Well Plate 200 µL PCR on Magnetic Module GEN2 on 4 at 92.86 uL/sec
Transferring 40.0 from A3 of Bio-Rad 96 Well Plate 200 µL PCR on Magnetic Module GEN2 on 4 to A5 of Bio-Rad 96 Well Plate 200 µL PCR on Magnetic Module GEN2 on 4
	Mixing 5 times with a volume of 30.0 ul
		Aspirating 30.0 uL from A3 of Bio-Rad 96 Well Plate 200 µL PCR on Magnetic Module GEN2 on 4 at 92.86 uL/sec
		Dispensing 30.0 uL into A3 of Bio-Rad 96 Well Plate 200 µL PCR on Magnetic Module GEN2 on 4 at 92.86 uL/sec
		Aspirating 30.0 uL from A3 of Bio-Rad 96 Well Plate 200 µL PCR on Magnetic Module GEN2 on 4 at 92.86 uL/sec
		Dispensing 30.0 uL into A3 of Bio-Rad 96 Well Plate 200 µL PCR on Magnetic Module GEN2 on 4 at 92.86 uL/sec
		Aspirating 30.0 uL from A3 of Bio-Rad 96 Well Plate 200 µL PCR on Magnetic Module GEN2 on 4 at 92.86 uL/sec
		Dispensing 30.0 uL into A3 of Bio-Rad 96 Well Plate 200 µL PCR on Magnetic Module GEN2 on 4 at 92.86 uL/sec
		Aspirating 30.0 uL from A3 of Bio-Rad 96 Well Plate 200 µL PCR on Magnetic Module GEN2 on 4 at 92.86 uL/sec
		Dispensing 30.0 uL into A3 of Bio-Rad 96 Well Plate 200 µL PCR on Magnetic Module GEN2 on 4 at 92.86 uL/sec
		Aspirating 30.0 uL from A3 of Bio-Rad 96 Well Plate 200 µL PCR on Magnetic Module GEN2 on 4 at 92.86 uL/sec
		Dispensing 30.0 uL into A3 of Bio-Rad 96 Well Plate 200 µL PCR on Magnetic Module GEN2 on 4 at 92.86 uL/sec
	Aspirating 40.0 uL from A3 of Bio-Rad 96 Well Plate 200 µL PCR on Magnetic Module GEN2 on 4 at 92.86 uL/sec
	Air gap
		Aspirating 20.0 uL from A3 of Bio-Rad 96 Well Plate 200 µL PCR on Magnetic Module GEN2 on 4 at 92.86 uL/sec
	Dispensing 60.0 uL into A5 of Bio-Rad 96 Well Plate 200 µL PCR on Magnetic Module GEN2 on 4 at 92.86 uL/sec
Transferring 40.0 from A4 of Bio-Rad 96 Well Plate 200 µL PCR on Magnetic Module GEN2 on 4 to A5 of Bio-Rad 96 Well Plate 200 µL PCR on Magnetic Module GEN2 on 4
	Mixing 5 times with a volume of 30.0 ul
		Aspirating 30.0 uL from A4 of Bio-Rad 96 Well Plate 200 µL PCR on Magnetic Module GEN2 on 4 at 92.86 uL/sec
		Dispensing 30.0 uL into A4 of Bio-Rad 96 Well Plate 200 µL PCR on Magnetic Module GEN2 on 4 at 92.86 uL/sec
		Aspirating 30.0 uL from A4 of Bio-Rad 96 Well Plate 200 µL PCR on Magnetic Module GEN2 on 4 at 92.86 uL/sec
		Dispensing 30.0 uL into A4 of Bio-Rad 96 Well Plate 200 µL PCR on Magnetic Module GEN2 on 4 at 92.86 uL/sec
		Aspirating 30.0 uL from A4 of Bio-Rad 96 Well Plate 200 µL PCR on Magnetic Module GEN2 on 4 at 92.86 uL/sec
		Dispensing 30.0 uL into A4 of Bio-Rad 96 Well Plate 200 µL PCR on Magnetic Module GEN2 on 4 at 92.86 uL/sec
		Aspirating 30.0 uL from A4 of Bio-Rad 96 Well Plate 200 µL PCR on Magnetic Module GEN2 on 4 at 92.86 uL/sec
		Dispensing 30.0 uL into A4 of Bio-Rad 96 Well Plate 200 µL PCR on Magnetic Module GEN2 on 4 at 92.86 uL/sec
		Aspirating 30.0 uL from A4 of Bio-Rad 96 Well Plate 200 µL PCR on Magnetic Module GEN2 on 4 at 92.86 uL/sec
		Dispensing 30.0 uL into A4 of Bio-Rad 96 Well Plate 200 µL PCR on Magnetic Module GEN2 on 4 at 92.86 uL/sec
	Aspirating 40.0 uL from A4 of Bio-Rad 96 Well Plate 200 µL PCR on Magnetic Module GEN2 on 4 at 92.86 uL/sec
	Air gap
		Aspirating 20.0 uL from A4 of Bio-Rad 96 Well Plate 200 µL PCR on Magnetic Module GEN2 on 4 at 92.86 uL/sec
	Dispensing 60.0 uL into A5 of Bio-Rad 96 Well Plate 200 µL PCR on Magnetic Module GEN2 on 4 at 92.86 uL/sec
Mixing 5 times with a volume of 160.0 ul
	Aspirating 160.0 uL from A5 of Bio-Rad 96 Well Plate 200 µL PCR on Magnetic Module GEN2 on 4 at 92.86 uL/sec
	Dispensing 160.0 uL into A5 of Bio-Rad 96 Well Plate 200 µL PCR on Magnetic Module GEN2 on 4 at 92.86 uL/sec
	Aspirating 160.0 uL from A5 of Bio-Rad 96 Well Plate 200 µL PCR on Magnetic Module GEN2 on 4 at 92.86 uL/sec
	Dispensing 160.0 uL into A5 of Bio-Rad 96 Well Plate 200 µL PCR on Magnetic Module GEN2 on 4 at 92.86 uL/sec
	Aspirating 160.0 uL from A5 of Bio-Rad 96 Well Plate 200 µL PCR on Magnetic Module GEN2 on 4 at 92.86 uL/sec
	Dispensing 160.0 uL into A5 of Bio-Rad 96 Well Plate 200 µL PCR on Magnetic Module GEN2 on 4 at 92.86 uL/sec
	Aspirating 160.0 uL from A5 of Bio-Rad 96 Well Plate 200 µL PCR on Magnetic Module GEN2 on 4 at 92.86 uL/sec
	Dispensing 160.0 uL into A5 of Bio-Rad 96 Well Plate 200 µL PCR on Magnetic Module GEN2 on 4 at 92.86 uL/sec
	Aspirating 160.0 uL from A5 of Bio-Rad 96 Well Plate 200 µL PCR on Magnetic Module GEN2 on 4 at 92.86 uL/sec
	Dispensing 160.0 uL into A5 of Bio-Rad 96 Well Plate 200 µL PCR on Magnetic Module GEN2 on 4 at 92.86 uL/sec
Moving to A5 of Bio-Rad 96 Well Plate 200 µL PCR on Magnetic Module GEN2 on 4
Engaging Magnetic Module
Delaying for 3 minutes and 0.0 seconds
Transferring 100.0 from A5 of Bio-Rad 96 Well Plate 200 µL PCR on Magnetic Module GEN2 on 4 to A12 of NEST 12 Well Reservoir 15 mL on 7
	Aspirating 100.0 uL from A5 of Bio-Rad 96 Well Plate 200 µL PCR on Magnetic Module GEN2 on 4 at 20.0 uL/sec
	Air gap
		Aspirating 20.0 uL from A5 of Bio-Rad 96 Well Plate 200 µL PCR on Magnetic Module GEN2 on 4 at 20.0 uL/sec
	Dispensing 120.0 uL into A12 of NEST 12 Well Reservoir 15 mL on 7 at 92.86 uL/sec
Transferring 100.0 from A5 of Bio-Rad 96 Well Plate 200 µL PCR on Magnetic Module GEN2 on 4 to A12 of NEST 12 Well Reservoir 15 mL on 7
	Aspirating 100.0 uL from A5 of Bio-Rad 96 Well Plate 200 µL PCR on Magnetic Module GEN2 on 4 at 20.0 uL/sec
	Air gap
		Aspirating 20.0 uL from A5 of Bio-Rad 96 Well Plate 200 µL PCR on Magnetic Module GEN2 on 4 at 20.0 uL/sec
	Dispensing 120.0 uL into A12 of NEST 12 Well Reservoir 15 mL on 7 at 92.86 uL/sec
Disengaging Magnetic Module
Dropping tip into A1 of Opentrons Fixed Trash on 12
Picking up tip from B1 of Opentrons OT-2 96 Filter Tip Rack 200 µL on 10
Transferring 175.0 from A12 of NEST 96 Deep Well Plate 2mL on 8 to D12 of NEST 96 Deep Well Plate 2mL on 8
	Aspirating 175.0 uL from A12 of NEST 96 Deep Well Plate 2mL on 8 at 92.86 uL/sec
	Dispensing 175.0 uL into D12 of NEST 96 Deep Well Plate 2mL on 8 at 92.86 uL/sec
Transferring 175.0 from A12 of NEST 96 Deep Well Plate 2mL on 8 to D12 of NEST 96 Deep Well Plate 2mL on 8
	Aspirating 175.0 uL from A12 of NEST 96 Deep Well Plate 2mL on 8 at 92.86 uL/sec
	Dispensing 175.0 uL into D12 of NEST 96 Deep Well Plate 2mL on 8 at 92.86 uL/sec
Mixing 5 times with a volume of 175.0 ul
	Aspirating 175.0 uL from D12 of NEST 96 Deep Well Plate 2mL on 8 at 92.86 uL/sec
	Dispensing 175.0 uL into D12 of NEST 96 Deep Well Plate 2mL on 8 at 92.86 uL/sec
	Aspirating 175.0 uL from D12 of NEST 96 Deep Well Plate 2mL on 8 at 92.86 uL/sec
	Dispensing 175.0 uL into D12 of NEST 96 Deep Well Plate 2mL on 8 at 92.86 uL/sec
	Aspirating 175.0 uL from D12 of NEST 96 Deep Well Plate 2mL on 8 at 92.86 uL/sec
	Dispensing 175.0 uL into D12 of NEST 96 Deep Well Plate 2mL on 8 at 92.86 uL/sec
	Aspirating 175.0 uL from D12 of NEST 96 Deep Well Plate 2mL on 8 at 92.86 uL/sec
	Dispensing 175.0 uL into D12 of NEST 96 Deep Well Plate 2mL on 8 at 92.86 uL/sec
	Aspirating 175.0 uL from D12 of NEST 96 Deep Well Plate 2mL on 8 at 92.86 uL/sec
	Dispensing 175.0 uL into D12 of NEST 96 Deep Well Plate 2mL on 8 at 92.86 uL/sec
Transferring 40.0 from D12 of NEST 96 Deep Well Plate 2mL on 8 to A5 of Bio-Rad 96 Well Plate 200 µL PCR on Magnetic Module GEN2 on 4
	Aspirating 40.0 uL from D12 of NEST 96 Deep Well Plate 2mL on 8 at 92.86 uL/sec
	Dispensing 40.0 uL into A5 of Bio-Rad 96 Well Plate 200 µL PCR on Magnetic Module GEN2 on 4 at 92.86 uL/sec
	Aspirating 40.0 uL from D12 of NEST 96 Deep Well Plate 2mL on 8 at 92.86 uL/sec
	Dispensing 40.0 uL into B5 of Bio-Rad 96 Well Plate 200 µL PCR on Magnetic Module GEN2 on 4 at 92.86 uL/sec
	Aspirating 40.0 uL from D12 of NEST 96 Deep Well Plate 2mL on 8 at 92.86 uL/sec
	Dispensing 40.0 uL into C5 of Bio-Rad 96 Well Plate 200 µL PCR on Magnetic Module GEN2 on 4 at 92.86 uL/sec
	Aspirating 40.0 uL from D12 of NEST 96 Deep Well Plate 2mL on 8 at 92.86 uL/sec
	Dispensing 40.0 uL into D5 of Bio-Rad 96 Well Plate 200 µL PCR on Magnetic Module GEN2 on 4 at 92.86 uL/sec
	Aspirating 40.0 uL from D12 of NEST 96 Deep Well Plate 2mL on 8 at 92.86 uL/sec
	Dispensing 40.0 uL into E5 of Bio-Rad 96 Well Plate 200 µL PCR on Magnetic Module GEN2 on 4 at 92.86 uL/sec
	Aspirating 40.0 uL from D12 of NEST 96 Deep Well Plate 2mL on 8 at 92.86 uL/sec
	Dispensing 40.0 uL into F5 of Bio-Rad 96 Well Plate 200 µL PCR on Magnetic Module GEN2 on 4 at 92.86 uL/sec
	Aspirating 40.0 uL from D12 of NEST 96 Deep Well Plate 2mL on 8 at 92.86 uL/sec
	Dispensing 40.0 uL into G5 of Bio-Rad 96 Well Plate 200 µL PCR on Magnetic Module GEN2 on 4 at 92.86 uL/sec
	Aspirating 40.0 uL from D12 of NEST 96 Deep Well Plate 2mL on 8 at 92.86 uL/sec
	Dispensing 40.0 uL into H5 of Bio-Rad 96 Well Plate 200 µL PCR on Magnetic Module GEN2 on 4 at 92.86 uL/sec
Dispensing 0.0 uL into D12 of NEST 96 Deep Well Plate 2mL on 8 at 92.86 uL/sec
Aspirating 180.0 uL from D12 of NEST 96 Deep Well Plate 2mL on 8 at 92.86 uL/sec
Dispensing 40.0 uL into A5 of Bio-Rad 96 Well Plate 200 µL PCR on Magnetic Module GEN2 on 4 at 92.86 uL/sec
Dispensing 40.0 uL into B5 of Bio-Rad 96 Well Plate 200 µL PCR on Magnetic Module GEN2 on 4 at 92.86 uL/sec
Dispensing 40.0 uL into C5 of Bio-Rad 96 Well Plate 200 µL PCR on Magnetic Module GEN2 on 4 at 92.86 uL/sec
Dispensing 40.0 uL into D5 of Bio-Rad 96 Well Plate 200 µL PCR on Magnetic Module GEN2 on 4 at 92.86 uL/sec
Dispensing 20.0 uL into D12 of NEST 96 Deep Well Plate 2mL on 8 at 92.86 uL/sec
Aspirating 180.0 uL from D12 of NEST 96 Deep Well Plate 2mL on 8 at 92.86 uL/sec
Dispensing 40.0 uL into E5 of Bio-Rad 96 Well Plate 200 µL PCR on Magnetic Module GEN2 on 4 at 92.86 uL/sec
Dispensing 40.0 uL into F5 of Bio-Rad 96 Well Plate 200 µL PCR on Magnetic Module GEN2 on 4 at 92.86 uL/sec
Dispensing 40.0 uL into G5 of Bio-Rad 96 Well Plate 200 µL PCR on Magnetic Module GEN2 on 4 at 92.86 uL/sec
Dispensing 40.0 uL into H5 of Bio-Rad 96 Well Plate 200 µL PCR on Magnetic Module GEN2 on 4 at 92.86 uL/sec
Dispensing 20.0 uL into D12 of NEST 96 Deep Well Plate 2mL on 8 at 92.86 uL/sec
Dropping tip into A1 of Opentrons Fixed Trash on 12
Picking up tip from A7 of Opentrons OT-2 96 Filter Tip Rack 200 µL on 10
Mixing 7 times with a volume of 30.0 ul
	Aspirating 30.0 uL from A5 of Bio-Rad 96 Well Plate 200 µL PCR on Magnetic Module GEN2 on 4 at 92.86 uL/sec
	Dispensing 30.0 uL into A5 of Bio-Rad 96 Well Plate 200 µL PCR on Magnetic Module GEN2 on 4 at 92.86 uL/sec
	Aspirating 30.0 uL from A5 of Bio-Rad 96 Well Plate 200 µL PCR on Magnetic Module GEN2 on 4 at 92.86 uL/sec
	Dispensing 30.0 uL into A5 of Bio-Rad 96 Well Plate 200 µL PCR on Magnetic Module GEN2 on 4 at 92.86 uL/sec
	Aspirating 30.0 uL from A5 of Bio-Rad 96 Well Plate 200 µL PCR on Magnetic Module GEN2 on 4 at 92.86 uL/sec
	Dispensing 30.0 uL into A5 of Bio-Rad 96 Well Plate 200 µL PCR on Magnetic Module GEN2 on 4 at 92.86 uL/sec
	Aspirating 30.0 uL from A5 of Bio-Rad 96 Well Plate 200 µL PCR on Magnetic Module GEN2 on 4 at 92.86 uL/sec
	Dispensing 30.0 uL into A5 of Bio-Rad 96 Well Plate 200 µL PCR on Magnetic Module GEN2 on 4 at 92.86 uL/sec
	Aspirating 30.0 uL from A5 of Bio-Rad 96 Well Plate 200 µL PCR on Magnetic Module GEN2 on 4 at 92.86 uL/sec
	Dispensing 30.0 uL into A5 of Bio-Rad 96 Well Plate 200 µL PCR on Magnetic Module GEN2 on 4 at 92.86 uL/sec
	Aspirating 30.0 uL from A5 of Bio-Rad 96 Well Plate 200 µL PCR on Magnetic Module GEN2 on 4 at 92.86 uL/sec
	Dispensing 30.0 uL into A5 of Bio-Rad 96 Well Plate 200 µL PCR on Magnetic Module GEN2 on 4 at 92.86 uL/sec
	Aspirating 30.0 uL from A5 of Bio-Rad 96 Well Plate 200 µL PCR on Magnetic Module GEN2 on 4 at 92.86 uL/sec
	Dispensing 30.0 uL into A5 of Bio-Rad 96 Well Plate 200 µL PCR on Magnetic Module GEN2 on 4 at 92.86 uL/sec
Dropping tip into A1 of Opentrons Fixed Trash on 12
Picking up tip from C1 of Opentrons OT-2 96 Filter Tip Rack 200 µL on 10
Aspirating 40.0 uL from A5 of Bio-Rad 96 Well Plate 200 µL PCR on Magnetic Module GEN2 on 4 at 92.86 uL/sec
Dispensing 20.0 uL into H5 of Bio-Rad 96 Well Plate 200 µL PCR on Magnetic Module GEN2 on 4 at 92.86 uL/sec
Dispensing 20.0 uL into H5 of Bio-Rad 96 Well Plate 200 µL PCR on Magnetic Module GEN2 on 4 at 92.86 uL/sec
Dropping tip into A1 of Opentrons Fixed Trash on 12
Picking up tip from D1 of Opentrons OT-2 96 Filter Tip Rack 200 µL on 10
Aspirating 40.0 uL from B5 of Bio-Rad 96 Well Plate 200 µL PCR on Magnetic Module GEN2 on 4 at 92.86 uL/sec
Dispensing 20.0 uL into H5 of Bio-Rad 96 Well Plate 200 µL PCR on Magnetic Module GEN2 on 4 at 92.86 uL/sec
Dispensing 20.0 uL into H5 of Bio-Rad 96 Well Plate 200 µL PCR on Magnetic Module GEN2 on 4 at 92.86 uL/sec
Dropping tip into A1 of Opentrons Fixed Trash on 12
Picking up tip from E1 of Opentrons OT-2 96 Filter Tip Rack 200 µL on 10
Aspirating 40.0 uL from C5 of Bio-Rad 96 Well Plate 200 µL PCR on Magnetic Module GEN2 on 4 at 92.86 uL/sec
Dispensing 20.0 uL into H5 of Bio-Rad 96 Well Plate 200 µL PCR on Magnetic Module GEN2 on 4 at 92.86 uL/sec
Dispensing 20.0 uL into H5 of Bio-Rad 96 Well Plate 200 µL PCR on Magnetic Module GEN2 on 4 at 92.86 uL/sec
Dropping tip into A1 of Opentrons Fixed Trash on 12
Picking up tip from F1 of Opentrons OT-2 96 Filter Tip Rack 200 µL on 10
Aspirating 40.0 uL from D5 of Bio-Rad 96 Well Plate 200 µL PCR on Magnetic Module GEN2 on 4 at 92.86 uL/sec
Dispensing 20.0 uL into H5 of Bio-Rad 96 Well Plate 200 µL PCR on Magnetic Module GEN2 on 4 at 92.86 uL/sec
Dispensing 20.0 uL into H5 of Bio-Rad 96 Well Plate 200 µL PCR on Magnetic Module GEN2 on 4 at 92.86 uL/sec
Dropping tip into A1 of Opentrons Fixed Trash on 12
Picking up tip from G1 of Opentrons OT-2 96 Filter Tip Rack 200 µL on 10
Aspirating 40.0 uL from E5 of Bio-Rad 96 Well Plate 200 µL PCR on Magnetic Module GEN2 on 4 at 92.86 uL/sec
Dispensing 20.0 uL into H5 of Bio-Rad 96 Well Plate 200 µL PCR on Magnetic Module GEN2 on 4 at 92.86 uL/sec
Dispensing 20.0 uL into H5 of Bio-Rad 96 Well Plate 200 µL PCR on Magnetic Module GEN2 on 4 at 92.86 uL/sec
Dropping tip into A1 of Opentrons Fixed Trash on 12
Picking up tip from H1 of Opentrons OT-2 96 Filter Tip Rack 200 µL on 10
Aspirating 40.0 uL from F5 of Bio-Rad 96 Well Plate 200 µL PCR on Magnetic Module GEN2 on 4 at 92.86 uL/sec
Dispensing 20.0 uL into H5 of Bio-Rad 96 Well Plate 200 µL PCR on Magnetic Module GEN2 on 4 at 92.86 uL/sec
Dispensing 20.0 uL into H5 of Bio-Rad 96 Well Plate 200 µL PCR on Magnetic Module GEN2 on 4 at 92.86 uL/sec
Dropping tip into A1 of Opentrons Fixed Trash on 12
Picking up tip from A8 of Opentrons OT-2 96 Filter Tip Rack 200 µL on 10
Aspirating 40.0 uL from G5 of Bio-Rad 96 Well Plate 200 µL PCR on Magnetic Module GEN2 on 4 at 92.86 uL/sec
Dispensing 20.0 uL into H5 of Bio-Rad 96 Well Plate 200 µL PCR on Magnetic Module GEN2 on 4 at 92.86 uL/sec
Dispensing 20.0 uL into H5 of Bio-Rad 96 Well Plate 200 µL PCR on Magnetic Module GEN2 on 4 at 92.86 uL/sec
Dropping tip into A1 of Opentrons Fixed Trash on 12
Picking up tip from B8 of Opentrons OT-2 96 Filter Tip Rack 200 µL on 10
Aspirating 40.0 uL from H5 of Bio-Rad 96 Well Plate 200 µL PCR on Magnetic Module GEN2 on 4 at 92.86 uL/sec
Dispensing 20.0 uL into H5 of Bio-Rad 96 Well Plate 200 µL PCR on Magnetic Module GEN2 on 4 at 92.86 uL/sec
Dispensing 20.0 uL into H5 of Bio-Rad 96 Well Plate 200 µL PCR on Magnetic Module GEN2 on 4 at 92.86 uL/sec
Dropping tip into A1 of Opentrons Fixed Trash on 12
Caught exception: {'message': 'Task was destroyed but it is pending!', 'task': <Task pending name='Task-4' coro=<Poller._poll_forever() running at /Users/dp/Desktop/project/github/opentrons/venv/lib/python3.10/site-packages/opentrons/hardware_control/poller.py:80> wait_for=<Future pending cb=[Task.task_wakeup()]>>}
Caught exception: {'message': 'Task was destroyed but it is pending!', 'task': <Task pending name='Task-3' coro=<Poller._poll_forever() running at /Users/dp/Desktop/project/github/opentrons/venv/lib/python3.10/site-packages/opentrons/hardware_control/poller.py:80> wait_for=<Future pending cb=[Task.task_wakeup()]>>}
Caught exception: {'message': 'Task was destroyed but it is pending!', 'task': <Task pending name='Task-2' coro=<Poller._poll_forever() running at /Users/dp/Desktop/project/github/opentrons/venv/lib/python3.10/site-packages/opentrons/hardware_control/poller.py:80> wait_for=<Future pending cb=[Task.task_wakeup()]>>}
