/Users/dp/Desktop/project/github/opentrons/venv/lib/python3.10/site-packages/opentrons/hardware_control/simulator_setup.py:205: UserWarning: Simulator configuration does not name a machine, defaulting to OT-2 Standard
  warn(
/Users/dp/.opentrons/robot_settings.json not found. Loading defaults
Deck calibration not found.
/Users/dp/.opentrons/deck_calibration.json not found. Loading defaults
Unlatching labware on Heater-Shaker
 latch status idle_open
Latching labware on Heater-Shaker
 latch status idle_closed
Setting Target Temperature of Heater-Shaker to 42 °C
Heater Shaker current temperature 42
Selected source wells [A1 of source on 3]
Selected heater shaker wells [A1 of Heater Shaker Plate on Heater-Shaker Module GEN1 on 1, A7 of Heater Shaker Plate on Heater-Shaker Module GEN1 on 1]
Selected destination wells [A1 of destination on 6, A2 of destination on 6]
Heater Shaker current temperature 42
Transferring 100.0 from A1 of source on 3 to A1 of Heater Shaker Plate on Heater-Shaker Module GEN1 on 1
	Picking up tip from A1 of Opentrons OT-2 96 Tip Rack 300 µL on 11
	Aspirating 100.0 uL from A1 of source on 3 at 94.0 uL/sec
	Touching tip
	Dispensing 100.0 uL into A1 of Heater Shaker Plate on Heater-Shaker Module GEN1 on 1 at 94.0 uL/sec
	Touching tip
	Aspirating 100.0 uL from A1 of source on 3 at 94.0 uL/sec
	Touching tip
	Dispensing 100.0 uL into A7 of Heater Shaker Plate on Heater-Shaker Module GEN1 on 1 at 94.0 uL/sec
	Touching tip
	Dropping tip into A1 of Opentrons Fixed Trash on 12
Heater Shaker current temperature 42
Waiting for Heater-Shaker to reach target temperature
Heater Shaker current temperature 42
 current speed 0 
Setting Heater-Shaker to Shake at 1500 RPM and waiting until reached
Delaying for 0 minutes and 1.0 seconds
 current speed 1500 
Picking up tip from A2 of Opentrons OT-2 96 Tip Rack 300 µL on 11
Mixing 10 times with a volume of 10.0 ul
	Aspirating 10.0 uL from A1 of destination on 6 at 94.0 uL/sec
	Dispensing 10.0 uL into A1 of destination on 6 at 94.0 uL/sec
	Aspirating 10.0 uL from A1 of destination on 6 at 94.0 uL/sec
	Dispensing 10.0 uL into A1 of destination on 6 at 94.0 uL/sec
	Aspirating 10.0 uL from A1 of destination on 6 at 94.0 uL/sec
	Dispensing 10.0 uL into A1 of destination on 6 at 94.0 uL/sec
	Aspirating 10.0 uL from A1 of destination on 6 at 94.0 uL/sec
	Dispensing 10.0 uL into A1 of destination on 6 at 94.0 uL/sec
	Aspirating 10.0 uL from A1 of destination on 6 at 94.0 uL/sec
	Dispensing 10.0 uL into A1 of destination on 6 at 94.0 uL/sec
	Aspirating 10.0 uL from A1 of destination on 6 at 94.0 uL/sec
	Dispensing 10.0 uL into A1 of destination on 6 at 94.0 uL/sec
	Aspirating 10.0 uL from A1 of destination on 6 at 94.0 uL/sec
	Dispensing 10.0 uL into A1 of destination on 6 at 94.0 uL/sec
	Aspirating 10.0 uL from A1 of destination on 6 at 94.0 uL/sec
	Dispensing 10.0 uL into A1 of destination on 6 at 94.0 uL/sec
	Aspirating 10.0 uL from A1 of destination on 6 at 94.0 uL/sec
	Dispensing 10.0 uL into A1 of destination on 6 at 94.0 uL/sec
	Aspirating 10.0 uL from A1 of destination on 6 at 94.0 uL/sec
	Dispensing 10.0 uL into A1 of destination on 6 at 94.0 uL/sec
Dropping tip into A1 of Opentrons Fixed Trash on 12
Deactivating Shaker
 current speed 0 
Transferring 80.0 from A1 of Heater Shaker Plate on Heater-Shaker Module GEN1 on 1 to A1 of destination on 6
	Picking up tip from A3 of Opentrons OT-2 96 Tip Rack 300 µL on 11
	Aspirating 80.0 uL from A1 of Heater Shaker Plate on Heater-Shaker Module GEN1 on 1 at 94.0 uL/sec
	Touching tip
	Dispensing 80.0 uL into A1 of destination on 6 at 94.0 uL/sec
	Touching tip
	Aspirating 80.0 uL from A7 of Heater Shaker Plate on Heater-Shaker Module GEN1 on 1 at 94.0 uL/sec
	Touching tip
	Dispensing 80.0 uL into A2 of destination on 6 at 94.0 uL/sec
	Touching tip
	Dropping tip into A1 of Opentrons Fixed Trash on 12
Deactivating Heater
Unlatching labware on Heater-Shaker
 latch status idle_open
Process Complete.
Caught exception: {'message': 'Task was destroyed but it is pending!', 'task': <Task pending name='Task-2' coro=<Poller._poll_forever() running at /Users/dp/Desktop/project/github/opentrons/venv/lib/python3.10/site-packages/opentrons/hardware_control/poller.py:80> wait_for=<Future pending cb=[Task.task_wakeup()]>>}
Caught exception: {'message': 'Task was destroyed but it is pending!', 'task': <Task pending name='Task-3' coro=<Poller._poll_forever() running at /Users/dp/Desktop/project/github/opentrons/venv/lib/python3.10/site-packages/opentrons/hardware_control/poller.py:80> wait_for=<Future pending cb=[Task.task_wakeup()]>>}
Caught exception: {'message': 'Task was destroyed but it is pending!', 'task': <Task pending name='Task-4' coro=<Poller._poll_forever() running at /Users/dp/Desktop/project/github/opentrons/venv/lib/python3.10/site-packages/opentrons/hardware_control/poller.py:80> wait_for=<Future pending cb=[Task.task_wakeup()]>>}
