/Users/dp/Desktop/project/github/opentrons/venv/lib/python3.10/site-packages/opentrons/hardware_control/simulator_setup.py:205: UserWarning: Simulator configuration does not name a machine, defaulting to OT-2 Standard
  warn(
/Users/dp/.opentrons/robot_settings.json not found. Loading defaults
Deck calibration not found.
/Users/dp/.opentrons/deck_calibration.json not found. Loading defaults
Picking up tip from A1 of Opentrons OT-2 96 Tip Rack 300 µL on 11
Moving to A1 of plate 1 on 10
Air gap
	Aspirating 20.0 uL from A1 of plate 1 on 10 at 92.86 uL/sec
Aspirating 150.0 uL from A1 of plate 1 on 10 at 92.86 uL/sec
Dispensing 170.0 uL into A1 of tuberack on 2 at 185.72 uL/sec
Delaying for 0 minutes and 1.0 seconds
Blowing out at A1 of tuberack on 2
Moving to A1 of plate 1 on 10
Air gap
	Aspirating 20.0 uL from A1 of plate 1 on 10 at 92.86 uL/sec
Aspirating 150.0 uL from A1 of plate 1 on 10 at 92.86 uL/sec
Dispensing 170.0 uL into A1 of tuberack on 2 at 185.72 uL/sec
Delaying for 0 minutes and 1.0 seconds
Blowing out at A1 of tuberack on 2
Moving to A2 of plate 1 on 10
Air gap
	Aspirating 20.0 uL from A2 of plate 1 on 10 at 92.86 uL/sec
Aspirating 150.0 uL from A2 of plate 1 on 10 at 92.86 uL/sec
Dispensing 170.0 uL into A1 of tuberack on 2 at 185.72 uL/sec
Delaying for 0 minutes and 1.0 seconds
Blowing out at A1 of tuberack on 2
Moving to A2 of plate 1 on 10
Air gap
	Aspirating 20.0 uL from A2 of plate 1 on 10 at 92.86 uL/sec
Aspirating 150.0 uL from A2 of plate 1 on 10 at 92.86 uL/sec
Dispensing 170.0 uL into A1 of tuberack on 2 at 185.72 uL/sec
Delaying for 0 minutes and 1.0 seconds
Blowing out at A1 of tuberack on 2
Moving to A3 of plate 1 on 10
Air gap
	Aspirating 20.0 uL from A3 of plate 1 on 10 at 92.86 uL/sec
Aspirating 150.0 uL from A3 of plate 1 on 10 at 92.86 uL/sec
Dispensing 170.0 uL into A1 of tuberack on 2 at 185.72 uL/sec
Delaying for 0 minutes and 1.0 seconds
Blowing out at A1 of tuberack on 2
Moving to A3 of plate 1 on 10
Air gap
	Aspirating 20.0 uL from A3 of plate 1 on 10 at 92.86 uL/sec
Aspirating 150.0 uL from A3 of plate 1 on 10 at 92.86 uL/sec
Dispensing 170.0 uL into A1 of tuberack on 2 at 185.72 uL/sec
Delaying for 0 minutes and 1.0 seconds
Blowing out at A1 of tuberack on 2
Moving to A4 of plate 1 on 10
Air gap
	Aspirating 20.0 uL from A4 of plate 1 on 10 at 92.86 uL/sec
Aspirating 150.0 uL from A4 of plate 1 on 10 at 92.86 uL/sec
Dispensing 170.0 uL into A1 of tuberack on 2 at 185.72 uL/sec
Delaying for 0 minutes and 1.0 seconds
Blowing out at A1 of tuberack on 2
Moving to A4 of plate 1 on 10
Air gap
	Aspirating 20.0 uL from A4 of plate 1 on 10 at 92.86 uL/sec
Aspirating 150.0 uL from A4 of plate 1 on 10 at 92.86 uL/sec
Dispensing 170.0 uL into A1 of tuberack on 2 at 185.72 uL/sec
Delaying for 0 minutes and 1.0 seconds
Blowing out at A1 of tuberack on 2
Dropping tip into A1 of Opentrons Fixed Trash on 12
Picking up tip from B1 of Opentrons OT-2 96 Tip Rack 300 µL on 11
Moving to A10 of plate 1 on 10
Air gap
	Aspirating 20.0 uL from A10 of plate 1 on 10 at 92.86 uL/sec
Aspirating 150.0 uL from A10 of plate 1 on 10 at 92.86 uL/sec
Dispensing 170.0 uL into B1 of tuberack on 2 at 185.72 uL/sec
Delaying for 0 minutes and 1.0 seconds
Blowing out at B1 of tuberack on 2
Moving to A10 of plate 1 on 10
Air gap
	Aspirating 20.0 uL from A10 of plate 1 on 10 at 92.86 uL/sec
Aspirating 150.0 uL from A10 of plate 1 on 10 at 92.86 uL/sec
Dispensing 170.0 uL into B1 of tuberack on 2 at 185.72 uL/sec
Delaying for 0 minutes and 1.0 seconds
Blowing out at B1 of tuberack on 2
Moving to A12 of plate 1 on 10
Air gap
	Aspirating 20.0 uL from A12 of plate 1 on 10 at 92.86 uL/sec
Aspirating 150.0 uL from A12 of plate 1 on 10 at 92.86 uL/sec
Dispensing 170.0 uL into B1 of tuberack on 2 at 185.72 uL/sec
Delaying for 0 minutes and 1.0 seconds
Blowing out at B1 of tuberack on 2
Moving to A12 of plate 1 on 10
Air gap
	Aspirating 20.0 uL from A12 of plate 1 on 10 at 92.86 uL/sec
Aspirating 150.0 uL from A12 of plate 1 on 10 at 92.86 uL/sec
Dispensing 170.0 uL into B1 of tuberack on 2 at 185.72 uL/sec
Delaying for 0 minutes and 1.0 seconds
Blowing out at B1 of tuberack on 2
Moving to B1 of plate 1 on 10
Air gap
	Aspirating 20.0 uL from B1 of plate 1 on 10 at 92.86 uL/sec
Aspirating 150.0 uL from B1 of plate 1 on 10 at 92.86 uL/sec
Dispensing 170.0 uL into B1 of tuberack on 2 at 185.72 uL/sec
Delaying for 0 minutes and 1.0 seconds
Blowing out at B1 of tuberack on 2
Moving to B1 of plate 1 on 10
Air gap
	Aspirating 20.0 uL from B1 of plate 1 on 10 at 92.86 uL/sec
Aspirating 150.0 uL from B1 of plate 1 on 10 at 92.86 uL/sec
Dispensing 170.0 uL into B1 of tuberack on 2 at 185.72 uL/sec
Delaying for 0 minutes and 1.0 seconds
Blowing out at B1 of tuberack on 2
Moving to B2 of plate 1 on 10
Air gap
	Aspirating 20.0 uL from B2 of plate 1 on 10 at 92.86 uL/sec
Aspirating 150.0 uL from B2 of plate 1 on 10 at 92.86 uL/sec
Dispensing 170.0 uL into B1 of tuberack on 2 at 185.72 uL/sec
Delaying for 0 minutes and 1.0 seconds
Blowing out at B1 of tuberack on 2
Moving to B2 of plate 1 on 10
Air gap
	Aspirating 20.0 uL from B2 of plate 1 on 10 at 92.86 uL/sec
Aspirating 150.0 uL from B2 of plate 1 on 10 at 92.86 uL/sec
Dispensing 170.0 uL into B1 of tuberack on 2 at 185.72 uL/sec
Delaying for 0 minutes and 1.0 seconds
Blowing out at B1 of tuberack on 2
Dropping tip into A1 of Opentrons Fixed Trash on 12
Pausing robot operation: Replace plate 4 in slot 1 with water reservoir. Resume once finished.
Picking up tip from C1 of Opentrons OT-2 96 Tip Rack 300 µL on 11
Moving to D4 of plate 4 on 1
Air gap
	Aspirating 20.0 uL from D4 of plate 4 on 1 at 92.86 uL/sec
Aspirating 150.0 uL from D4 of plate 4 on 1 at 92.86 uL/sec
Dispensing 170.0 uL into A1 of tuberack on 2 at 185.72 uL/sec
Delaying for 0 minutes and 1.0 seconds
Blowing out at A1 of tuberack on 2
Moving to D4 of plate 4 on 1
Air gap
	Aspirating 20.0 uL from D4 of plate 4 on 1 at 92.86 uL/sec
Aspirating 150.0 uL from D4 of plate 4 on 1 at 92.86 uL/sec
Dispensing 170.0 uL into A1 of tuberack on 2 at 185.72 uL/sec
Delaying for 0 minutes and 1.0 seconds
Blowing out at A1 of tuberack on 2
Moving to D4 of plate 4 on 1
Air gap
	Aspirating 20.0 uL from D4 of plate 4 on 1 at 92.86 uL/sec
Aspirating 150.0 uL from D4 of plate 4 on 1 at 92.86 uL/sec
Dispensing 170.0 uL into B1 of tuberack on 2 at 185.72 uL/sec
Delaying for 0 minutes and 1.0 seconds
Blowing out at B1 of tuberack on 2
Moving to D4 of plate 4 on 1
Air gap
	Aspirating 20.0 uL from D4 of plate 4 on 1 at 92.86 uL/sec
Aspirating 150.0 uL from D4 of plate 4 on 1 at 92.86 uL/sec
Dispensing 170.0 uL into B1 of tuberack on 2 at 185.72 uL/sec
Delaying for 0 minutes and 1.0 seconds
Blowing out at B1 of tuberack on 2
Dropping tip into A1 of Opentrons Fixed Trash on 12
Caught exception: {'message': 'Task was destroyed but it is pending!', 'task': <Task pending name='Task-4' coro=<Poller._poll_forever() running at /Users/dp/Desktop/project/github/opentrons/venv/lib/python3.10/site-packages/opentrons/hardware_control/poller.py:80> wait_for=<Future pending cb=[Task.task_wakeup()]>>}
Caught exception: {'message': 'Task was destroyed but it is pending!', 'task': <Task pending name='Task-3' coro=<Poller._poll_forever() running at /Users/dp/Desktop/project/github/opentrons/venv/lib/python3.10/site-packages/opentrons/hardware_control/poller.py:80> wait_for=<Future pending cb=[Task.task_wakeup()]>>}
Caught exception: {'message': 'Task was destroyed but it is pending!', 'task': <Task pending name='Task-2' coro=<Poller._poll_forever() running at /Users/dp/Desktop/project/github/opentrons/venv/lib/python3.10/site-packages/opentrons/hardware_control/poller.py:80> wait_for=<Future pending cb=[Task.task_wakeup()]>>}
