/Users/dp/Desktop/project/github/opentrons/venv/lib/python3.10/site-packages/opentrons/hardware_control/simulator_setup.py:205: UserWarning: Simulator configuration does not name a machine, defaulting to OT-2 Standard
  warn(
/Users/dp/.opentrons/robot_settings.json not found. Loading defaults
Deck calibration not found.
/Users/dp/.opentrons/deck_calibration.json not found. Loading defaults
Pausing robot operation: Ensure tips are placed in column 1 of tiprack on slot 11 before resuming.
Picking up tip from A1 of Opentrons OT-2 96 Filter Tip Rack 200 µL on 11
Aspirating 20.0 uL from A1 of NEST 1 Well Reservoir 195 mL on 10 at 300.0 uL/sec
Aspirating 100.0 uL from A1 of NEST 1 Well Reservoir 195 mL on 10 at 300.0 uL/sec
Dispensing 120.0 uL into A1 of plate 1 on 1 at 300.0 uL/sec
Aspirating 20.0 uL from A1 of NEST 1 Well Reservoir 195 mL on 10 at 300.0 uL/sec
Aspirating 100.0 uL from A1 of NEST 1 Well Reservoir 195 mL on 10 at 300.0 uL/sec
Dispensing 120.0 uL into A2 of plate 1 on 1 at 300.0 uL/sec
Aspirating 20.0 uL from A1 of NEST 1 Well Reservoir 195 mL on 10 at 300.0 uL/sec
Aspirating 100.0 uL from A1 of NEST 1 Well Reservoir 195 mL on 10 at 300.0 uL/sec
Dispensing 120.0 uL into A3 of plate 1 on 1 at 300.0 uL/sec
Aspirating 20.0 uL from A1 of NEST 1 Well Reservoir 195 mL on 10 at 300.0 uL/sec
Aspirating 100.0 uL from A1 of NEST 1 Well Reservoir 195 mL on 10 at 300.0 uL/sec
Dispensing 120.0 uL into A4 of plate 1 on 1 at 300.0 uL/sec
Aspirating 20.0 uL from A1 of NEST 1 Well Reservoir 195 mL on 10 at 300.0 uL/sec
Aspirating 100.0 uL from A1 of NEST 1 Well Reservoir 195 mL on 10 at 300.0 uL/sec
Dispensing 120.0 uL into A5 of plate 1 on 1 at 300.0 uL/sec
Aspirating 20.0 uL from A1 of NEST 1 Well Reservoir 195 mL on 10 at 300.0 uL/sec
Aspirating 100.0 uL from A1 of NEST 1 Well Reservoir 195 mL on 10 at 300.0 uL/sec
Dispensing 120.0 uL into A6 of plate 1 on 1 at 300.0 uL/sec
Aspirating 20.0 uL from A1 of NEST 1 Well Reservoir 195 mL on 10 at 300.0 uL/sec
Aspirating 100.0 uL from A1 of NEST 1 Well Reservoir 195 mL on 10 at 300.0 uL/sec
Dispensing 120.0 uL into A7 of plate 1 on 1 at 300.0 uL/sec
Aspirating 20.0 uL from A1 of NEST 1 Well Reservoir 195 mL on 10 at 300.0 uL/sec
Aspirating 100.0 uL from A1 of NEST 1 Well Reservoir 195 mL on 10 at 300.0 uL/sec
Dispensing 120.0 uL into A8 of plate 1 on 1 at 300.0 uL/sec
Aspirating 20.0 uL from A1 of NEST 1 Well Reservoir 195 mL on 10 at 300.0 uL/sec
Aspirating 100.0 uL from A1 of NEST 1 Well Reservoir 195 mL on 10 at 300.0 uL/sec
Dispensing 120.0 uL into A9 of plate 1 on 1 at 300.0 uL/sec
Aspirating 20.0 uL from A1 of NEST 1 Well Reservoir 195 mL on 10 at 300.0 uL/sec
Aspirating 100.0 uL from A1 of NEST 1 Well Reservoir 195 mL on 10 at 300.0 uL/sec
Dispensing 120.0 uL into A10 of plate 1 on 1 at 300.0 uL/sec
Aspirating 20.0 uL from A1 of NEST 1 Well Reservoir 195 mL on 10 at 300.0 uL/sec
Aspirating 100.0 uL from A1 of NEST 1 Well Reservoir 195 mL on 10 at 300.0 uL/sec
Dispensing 120.0 uL into A11 of plate 1 on 1 at 300.0 uL/sec
Aspirating 20.0 uL from A1 of NEST 1 Well Reservoir 195 mL on 10 at 300.0 uL/sec
Aspirating 100.0 uL from A1 of NEST 1 Well Reservoir 195 mL on 10 at 300.0 uL/sec
Dispensing 120.0 uL into A12 of plate 1 on 1 at 300.0 uL/sec
Aspirating 20.0 uL from A1 of NEST 1 Well Reservoir 195 mL on 10 at 300.0 uL/sec
Aspirating 100.0 uL from A1 of NEST 1 Well Reservoir 195 mL on 10 at 300.0 uL/sec
Dispensing 120.0 uL into A1 of plate 2 on 2 at 300.0 uL/sec
Aspirating 20.0 uL from A1 of NEST 1 Well Reservoir 195 mL on 10 at 300.0 uL/sec
Aspirating 100.0 uL from A1 of NEST 1 Well Reservoir 195 mL on 10 at 300.0 uL/sec
Dispensing 120.0 uL into A2 of plate 2 on 2 at 300.0 uL/sec
Aspirating 20.0 uL from A1 of NEST 1 Well Reservoir 195 mL on 10 at 300.0 uL/sec
Aspirating 100.0 uL from A1 of NEST 1 Well Reservoir 195 mL on 10 at 300.0 uL/sec
Dispensing 120.0 uL into A3 of plate 2 on 2 at 300.0 uL/sec
Aspirating 20.0 uL from A1 of NEST 1 Well Reservoir 195 mL on 10 at 300.0 uL/sec
Aspirating 100.0 uL from A1 of NEST 1 Well Reservoir 195 mL on 10 at 300.0 uL/sec
Dispensing 120.0 uL into A4 of plate 2 on 2 at 300.0 uL/sec
Aspirating 20.0 uL from A1 of NEST 1 Well Reservoir 195 mL on 10 at 300.0 uL/sec
Aspirating 100.0 uL from A1 of NEST 1 Well Reservoir 195 mL on 10 at 300.0 uL/sec
Dispensing 120.0 uL into A5 of plate 2 on 2 at 300.0 uL/sec
Aspirating 20.0 uL from A1 of NEST 1 Well Reservoir 195 mL on 10 at 300.0 uL/sec
Aspirating 100.0 uL from A1 of NEST 1 Well Reservoir 195 mL on 10 at 300.0 uL/sec
Dispensing 120.0 uL into A6 of plate 2 on 2 at 300.0 uL/sec
Aspirating 20.0 uL from A1 of NEST 1 Well Reservoir 195 mL on 10 at 300.0 uL/sec
Aspirating 100.0 uL from A1 of NEST 1 Well Reservoir 195 mL on 10 at 300.0 uL/sec
Dispensing 120.0 uL into A7 of plate 2 on 2 at 300.0 uL/sec
Aspirating 20.0 uL from A1 of NEST 1 Well Reservoir 195 mL on 10 at 300.0 uL/sec
Aspirating 100.0 uL from A1 of NEST 1 Well Reservoir 195 mL on 10 at 300.0 uL/sec
Dispensing 120.0 uL into A8 of plate 2 on 2 at 300.0 uL/sec
Aspirating 20.0 uL from A1 of NEST 1 Well Reservoir 195 mL on 10 at 300.0 uL/sec
Aspirating 100.0 uL from A1 of NEST 1 Well Reservoir 195 mL on 10 at 300.0 uL/sec
Dispensing 120.0 uL into A9 of plate 2 on 2 at 300.0 uL/sec
Aspirating 20.0 uL from A1 of NEST 1 Well Reservoir 195 mL on 10 at 300.0 uL/sec
Aspirating 100.0 uL from A1 of NEST 1 Well Reservoir 195 mL on 10 at 300.0 uL/sec
Dispensing 120.0 uL into A10 of plate 2 on 2 at 300.0 uL/sec
Aspirating 20.0 uL from A1 of NEST 1 Well Reservoir 195 mL on 10 at 300.0 uL/sec
Aspirating 100.0 uL from A1 of NEST 1 Well Reservoir 195 mL on 10 at 300.0 uL/sec
Dispensing 120.0 uL into A11 of plate 2 on 2 at 300.0 uL/sec
Aspirating 20.0 uL from A1 of NEST 1 Well Reservoir 195 mL on 10 at 300.0 uL/sec
Aspirating 100.0 uL from A1 of NEST 1 Well Reservoir 195 mL on 10 at 300.0 uL/sec
Dispensing 120.0 uL into A12 of plate 2 on 2 at 300.0 uL/sec
Aspirating 20.0 uL from A1 of NEST 1 Well Reservoir 195 mL on 10 at 300.0 uL/sec
Aspirating 100.0 uL from A1 of NEST 1 Well Reservoir 195 mL on 10 at 300.0 uL/sec
Dispensing 120.0 uL into A1 of plate 3 on 3 at 300.0 uL/sec
Aspirating 20.0 uL from A1 of NEST 1 Well Reservoir 195 mL on 10 at 300.0 uL/sec
Aspirating 100.0 uL from A1 of NEST 1 Well Reservoir 195 mL on 10 at 300.0 uL/sec
Dispensing 120.0 uL into A2 of plate 3 on 3 at 300.0 uL/sec
Aspirating 20.0 uL from A1 of NEST 1 Well Reservoir 195 mL on 10 at 300.0 uL/sec
Aspirating 100.0 uL from A1 of NEST 1 Well Reservoir 195 mL on 10 at 300.0 uL/sec
Dispensing 120.0 uL into A3 of plate 3 on 3 at 300.0 uL/sec
Aspirating 20.0 uL from A1 of NEST 1 Well Reservoir 195 mL on 10 at 300.0 uL/sec
Aspirating 100.0 uL from A1 of NEST 1 Well Reservoir 195 mL on 10 at 300.0 uL/sec
Dispensing 120.0 uL into A4 of plate 3 on 3 at 300.0 uL/sec
Aspirating 20.0 uL from A1 of NEST 1 Well Reservoir 195 mL on 10 at 300.0 uL/sec
Aspirating 100.0 uL from A1 of NEST 1 Well Reservoir 195 mL on 10 at 300.0 uL/sec
Dispensing 120.0 uL into A5 of plate 3 on 3 at 300.0 uL/sec
Aspirating 20.0 uL from A1 of NEST 1 Well Reservoir 195 mL on 10 at 300.0 uL/sec
Aspirating 100.0 uL from A1 of NEST 1 Well Reservoir 195 mL on 10 at 300.0 uL/sec
Dispensing 120.0 uL into A6 of plate 3 on 3 at 300.0 uL/sec
Aspirating 20.0 uL from A1 of NEST 1 Well Reservoir 195 mL on 10 at 300.0 uL/sec
Aspirating 100.0 uL from A1 of NEST 1 Well Reservoir 195 mL on 10 at 300.0 uL/sec
Dispensing 120.0 uL into A7 of plate 3 on 3 at 300.0 uL/sec
Aspirating 20.0 uL from A1 of NEST 1 Well Reservoir 195 mL on 10 at 300.0 uL/sec
Aspirating 100.0 uL from A1 of NEST 1 Well Reservoir 195 mL on 10 at 300.0 uL/sec
Dispensing 120.0 uL into A8 of plate 3 on 3 at 300.0 uL/sec
Aspirating 20.0 uL from A1 of NEST 1 Well Reservoir 195 mL on 10 at 300.0 uL/sec
Aspirating 100.0 uL from A1 of NEST 1 Well Reservoir 195 mL on 10 at 300.0 uL/sec
Dispensing 120.0 uL into A9 of plate 3 on 3 at 300.0 uL/sec
Aspirating 20.0 uL from A1 of NEST 1 Well Reservoir 195 mL on 10 at 300.0 uL/sec
Aspirating 100.0 uL from A1 of NEST 1 Well Reservoir 195 mL on 10 at 300.0 uL/sec
Dispensing 120.0 uL into A10 of plate 3 on 3 at 300.0 uL/sec
Aspirating 20.0 uL from A1 of NEST 1 Well Reservoir 195 mL on 10 at 300.0 uL/sec
Aspirating 100.0 uL from A1 of NEST 1 Well Reservoir 195 mL on 10 at 300.0 uL/sec
Dispensing 120.0 uL into A11 of plate 3 on 3 at 300.0 uL/sec
Aspirating 20.0 uL from A1 of NEST 1 Well Reservoir 195 mL on 10 at 300.0 uL/sec
Aspirating 100.0 uL from A1 of NEST 1 Well Reservoir 195 mL on 10 at 300.0 uL/sec
Dispensing 120.0 uL into A12 of plate 3 on 3 at 300.0 uL/sec
Aspirating 20.0 uL from A1 of NEST 1 Well Reservoir 195 mL on 10 at 300.0 uL/sec
Aspirating 100.0 uL from A1 of NEST 1 Well Reservoir 195 mL on 10 at 300.0 uL/sec
Dispensing 120.0 uL into A1 of plate 4 on 4 at 300.0 uL/sec
Aspirating 20.0 uL from A1 of NEST 1 Well Reservoir 195 mL on 10 at 300.0 uL/sec
Aspirating 100.0 uL from A1 of NEST 1 Well Reservoir 195 mL on 10 at 300.0 uL/sec
Dispensing 120.0 uL into A2 of plate 4 on 4 at 300.0 uL/sec
Aspirating 20.0 uL from A1 of NEST 1 Well Reservoir 195 mL on 10 at 300.0 uL/sec
Aspirating 100.0 uL from A1 of NEST 1 Well Reservoir 195 mL on 10 at 300.0 uL/sec
Dispensing 120.0 uL into A3 of plate 4 on 4 at 300.0 uL/sec
Aspirating 20.0 uL from A1 of NEST 1 Well Reservoir 195 mL on 10 at 300.0 uL/sec
Aspirating 100.0 uL from A1 of NEST 1 Well Reservoir 195 mL on 10 at 300.0 uL/sec
Dispensing 120.0 uL into A4 of plate 4 on 4 at 300.0 uL/sec
Aspirating 20.0 uL from A1 of NEST 1 Well Reservoir 195 mL on 10 at 300.0 uL/sec
Aspirating 100.0 uL from A1 of NEST 1 Well Reservoir 195 mL on 10 at 300.0 uL/sec
Dispensing 120.0 uL into A5 of plate 4 on 4 at 300.0 uL/sec
Aspirating 20.0 uL from A1 of NEST 1 Well Reservoir 195 mL on 10 at 300.0 uL/sec
Aspirating 100.0 uL from A1 of NEST 1 Well Reservoir 195 mL on 10 at 300.0 uL/sec
Dispensing 120.0 uL into A6 of plate 4 on 4 at 300.0 uL/sec
Aspirating 20.0 uL from A1 of NEST 1 Well Reservoir 195 mL on 10 at 300.0 uL/sec
Aspirating 100.0 uL from A1 of NEST 1 Well Reservoir 195 mL on 10 at 300.0 uL/sec
Dispensing 120.0 uL into A7 of plate 4 on 4 at 300.0 uL/sec
Aspirating 20.0 uL from A1 of NEST 1 Well Reservoir 195 mL on 10 at 300.0 uL/sec
Aspirating 100.0 uL from A1 of NEST 1 Well Reservoir 195 mL on 10 at 300.0 uL/sec
Dispensing 120.0 uL into A8 of plate 4 on 4 at 300.0 uL/sec
Aspirating 20.0 uL from A1 of NEST 1 Well Reservoir 195 mL on 10 at 300.0 uL/sec
Aspirating 100.0 uL from A1 of NEST 1 Well Reservoir 195 mL on 10 at 300.0 uL/sec
Dispensing 120.0 uL into A9 of plate 4 on 4 at 300.0 uL/sec
Aspirating 20.0 uL from A1 of NEST 1 Well Reservoir 195 mL on 10 at 300.0 uL/sec
Aspirating 100.0 uL from A1 of NEST 1 Well Reservoir 195 mL on 10 at 300.0 uL/sec
Dispensing 120.0 uL into A10 of plate 4 on 4 at 300.0 uL/sec
Aspirating 20.0 uL from A1 of NEST 1 Well Reservoir 195 mL on 10 at 300.0 uL/sec
Aspirating 100.0 uL from A1 of NEST 1 Well Reservoir 195 mL on 10 at 300.0 uL/sec
Dispensing 120.0 uL into A11 of plate 4 on 4 at 300.0 uL/sec
Aspirating 20.0 uL from A1 of NEST 1 Well Reservoir 195 mL on 10 at 300.0 uL/sec
Aspirating 100.0 uL from A1 of NEST 1 Well Reservoir 195 mL on 10 at 300.0 uL/sec
Dispensing 120.0 uL into A12 of plate 4 on 4 at 300.0 uL/sec
Aspirating 20.0 uL from A1 of NEST 1 Well Reservoir 195 mL on 10 at 300.0 uL/sec
Aspirating 100.0 uL from A1 of NEST 1 Well Reservoir 195 mL on 10 at 300.0 uL/sec
Dispensing 120.0 uL into A1 of plate 5 on 5 at 300.0 uL/sec
Aspirating 20.0 uL from A1 of NEST 1 Well Reservoir 195 mL on 10 at 300.0 uL/sec
Aspirating 100.0 uL from A1 of NEST 1 Well Reservoir 195 mL on 10 at 300.0 uL/sec
Dispensing 120.0 uL into A2 of plate 5 on 5 at 300.0 uL/sec
Aspirating 20.0 uL from A1 of NEST 1 Well Reservoir 195 mL on 10 at 300.0 uL/sec
Aspirating 100.0 uL from A1 of NEST 1 Well Reservoir 195 mL on 10 at 300.0 uL/sec
Dispensing 120.0 uL into A3 of plate 5 on 5 at 300.0 uL/sec
Aspirating 20.0 uL from A1 of NEST 1 Well Reservoir 195 mL on 10 at 300.0 uL/sec
Aspirating 100.0 uL from A1 of NEST 1 Well Reservoir 195 mL on 10 at 300.0 uL/sec
Dispensing 120.0 uL into A4 of plate 5 on 5 at 300.0 uL/sec
Aspirating 20.0 uL from A1 of NEST 1 Well Reservoir 195 mL on 10 at 300.0 uL/sec
Aspirating 100.0 uL from A1 of NEST 1 Well Reservoir 195 mL on 10 at 300.0 uL/sec
Dispensing 120.0 uL into A5 of plate 5 on 5 at 300.0 uL/sec
Aspirating 20.0 uL from A1 of NEST 1 Well Reservoir 195 mL on 10 at 300.0 uL/sec
Aspirating 100.0 uL from A1 of NEST 1 Well Reservoir 195 mL on 10 at 300.0 uL/sec
Dispensing 120.0 uL into A6 of plate 5 on 5 at 300.0 uL/sec
Aspirating 20.0 uL from A1 of NEST 1 Well Reservoir 195 mL on 10 at 300.0 uL/sec
Aspirating 100.0 uL from A1 of NEST 1 Well Reservoir 195 mL on 10 at 300.0 uL/sec
Dispensing 120.0 uL into A7 of plate 5 on 5 at 300.0 uL/sec
Aspirating 20.0 uL from A1 of NEST 1 Well Reservoir 195 mL on 10 at 300.0 uL/sec
Aspirating 100.0 uL from A1 of NEST 1 Well Reservoir 195 mL on 10 at 300.0 uL/sec
Dispensing 120.0 uL into A8 of plate 5 on 5 at 300.0 uL/sec
Aspirating 20.0 uL from A1 of NEST 1 Well Reservoir 195 mL on 10 at 300.0 uL/sec
Aspirating 100.0 uL from A1 of NEST 1 Well Reservoir 195 mL on 10 at 300.0 uL/sec
Dispensing 120.0 uL into A9 of plate 5 on 5 at 300.0 uL/sec
Aspirating 20.0 uL from A1 of NEST 1 Well Reservoir 195 mL on 10 at 300.0 uL/sec
Aspirating 100.0 uL from A1 of NEST 1 Well Reservoir 195 mL on 10 at 300.0 uL/sec
Dispensing 120.0 uL into A10 of plate 5 on 5 at 300.0 uL/sec
Aspirating 20.0 uL from A1 of NEST 1 Well Reservoir 195 mL on 10 at 300.0 uL/sec
Aspirating 100.0 uL from A1 of NEST 1 Well Reservoir 195 mL on 10 at 300.0 uL/sec
Dispensing 120.0 uL into A11 of plate 5 on 5 at 300.0 uL/sec
Aspirating 20.0 uL from A1 of NEST 1 Well Reservoir 195 mL on 10 at 300.0 uL/sec
Aspirating 100.0 uL from A1 of NEST 1 Well Reservoir 195 mL on 10 at 300.0 uL/sec
Dispensing 120.0 uL into A12 of plate 5 on 5 at 300.0 uL/sec
Aspirating 20.0 uL from A1 of NEST 1 Well Reservoir 195 mL on 10 at 300.0 uL/sec
Aspirating 100.0 uL from A1 of NEST 1 Well Reservoir 195 mL on 10 at 300.0 uL/sec
Dispensing 120.0 uL into A1 of plate 6 on 6 at 300.0 uL/sec
Aspirating 20.0 uL from A1 of NEST 1 Well Reservoir 195 mL on 10 at 300.0 uL/sec
Aspirating 100.0 uL from A1 of NEST 1 Well Reservoir 195 mL on 10 at 300.0 uL/sec
Dispensing 120.0 uL into A2 of plate 6 on 6 at 300.0 uL/sec
Aspirating 20.0 uL from A1 of NEST 1 Well Reservoir 195 mL on 10 at 300.0 uL/sec
Aspirating 100.0 uL from A1 of NEST 1 Well Reservoir 195 mL on 10 at 300.0 uL/sec
Dispensing 120.0 uL into A3 of plate 6 on 6 at 300.0 uL/sec
Aspirating 20.0 uL from A1 of NEST 1 Well Reservoir 195 mL on 10 at 300.0 uL/sec
Aspirating 100.0 uL from A1 of NEST 1 Well Reservoir 195 mL on 10 at 300.0 uL/sec
Dispensing 120.0 uL into A4 of plate 6 on 6 at 300.0 uL/sec
Aspirating 20.0 uL from A1 of NEST 1 Well Reservoir 195 mL on 10 at 300.0 uL/sec
Aspirating 100.0 uL from A1 of NEST 1 Well Reservoir 195 mL on 10 at 300.0 uL/sec
Dispensing 120.0 uL into A5 of plate 6 on 6 at 300.0 uL/sec
Aspirating 20.0 uL from A1 of NEST 1 Well Reservoir 195 mL on 10 at 300.0 uL/sec
Aspirating 100.0 uL from A1 of NEST 1 Well Reservoir 195 mL on 10 at 300.0 uL/sec
Dispensing 120.0 uL into A6 of plate 6 on 6 at 300.0 uL/sec
Aspirating 20.0 uL from A1 of NEST 1 Well Reservoir 195 mL on 10 at 300.0 uL/sec
Aspirating 100.0 uL from A1 of NEST 1 Well Reservoir 195 mL on 10 at 300.0 uL/sec
Dispensing 120.0 uL into A7 of plate 6 on 6 at 300.0 uL/sec
Aspirating 20.0 uL from A1 of NEST 1 Well Reservoir 195 mL on 10 at 300.0 uL/sec
Aspirating 100.0 uL from A1 of NEST 1 Well Reservoir 195 mL on 10 at 300.0 uL/sec
Dispensing 120.0 uL into A8 of plate 6 on 6 at 300.0 uL/sec
Aspirating 20.0 uL from A1 of NEST 1 Well Reservoir 195 mL on 10 at 300.0 uL/sec
Aspirating 100.0 uL from A1 of NEST 1 Well Reservoir 195 mL on 10 at 300.0 uL/sec
Dispensing 120.0 uL into A9 of plate 6 on 6 at 300.0 uL/sec
Aspirating 20.0 uL from A1 of NEST 1 Well Reservoir 195 mL on 10 at 300.0 uL/sec
Aspirating 100.0 uL from A1 of NEST 1 Well Reservoir 195 mL on 10 at 300.0 uL/sec
Dispensing 120.0 uL into A10 of plate 6 on 6 at 300.0 uL/sec
Aspirating 20.0 uL from A1 of NEST 1 Well Reservoir 195 mL on 10 at 300.0 uL/sec
Aspirating 100.0 uL from A1 of NEST 1 Well Reservoir 195 mL on 10 at 300.0 uL/sec
Dispensing 120.0 uL into A11 of plate 6 on 6 at 300.0 uL/sec
Aspirating 20.0 uL from A1 of NEST 1 Well Reservoir 195 mL on 10 at 300.0 uL/sec
Aspirating 100.0 uL from A1 of NEST 1 Well Reservoir 195 mL on 10 at 300.0 uL/sec
Dispensing 120.0 uL into A12 of plate 6 on 6 at 300.0 uL/sec
Aspirating 20.0 uL from A1 of NEST 1 Well Reservoir 195 mL on 10 at 300.0 uL/sec
Aspirating 100.0 uL from A1 of NEST 1 Well Reservoir 195 mL on 10 at 300.0 uL/sec
Dispensing 120.0 uL into A1 of plate 7 on 7 at 300.0 uL/sec
Aspirating 20.0 uL from A1 of NEST 1 Well Reservoir 195 mL on 10 at 300.0 uL/sec
Aspirating 100.0 uL from A1 of NEST 1 Well Reservoir 195 mL on 10 at 300.0 uL/sec
Dispensing 120.0 uL into A2 of plate 7 on 7 at 300.0 uL/sec
Aspirating 20.0 uL from A1 of NEST 1 Well Reservoir 195 mL on 10 at 300.0 uL/sec
Aspirating 100.0 uL from A1 of NEST 1 Well Reservoir 195 mL on 10 at 300.0 uL/sec
Dispensing 120.0 uL into A3 of plate 7 on 7 at 300.0 uL/sec
Aspirating 20.0 uL from A1 of NEST 1 Well Reservoir 195 mL on 10 at 300.0 uL/sec
Aspirating 100.0 uL from A1 of NEST 1 Well Reservoir 195 mL on 10 at 300.0 uL/sec
Dispensing 120.0 uL into A4 of plate 7 on 7 at 300.0 uL/sec
Aspirating 20.0 uL from A1 of NEST 1 Well Reservoir 195 mL on 10 at 300.0 uL/sec
Aspirating 100.0 uL from A1 of NEST 1 Well Reservoir 195 mL on 10 at 300.0 uL/sec
Dispensing 120.0 uL into A5 of plate 7 on 7 at 300.0 uL/sec
Aspirating 20.0 uL from A1 of NEST 1 Well Reservoir 195 mL on 10 at 300.0 uL/sec
Aspirating 100.0 uL from A1 of NEST 1 Well Reservoir 195 mL on 10 at 300.0 uL/sec
Dispensing 120.0 uL into A6 of plate 7 on 7 at 300.0 uL/sec
Aspirating 20.0 uL from A1 of NEST 1 Well Reservoir 195 mL on 10 at 300.0 uL/sec
Aspirating 100.0 uL from A1 of NEST 1 Well Reservoir 195 mL on 10 at 300.0 uL/sec
Dispensing 120.0 uL into A7 of plate 7 on 7 at 300.0 uL/sec
Aspirating 20.0 uL from A1 of NEST 1 Well Reservoir 195 mL on 10 at 300.0 uL/sec
Aspirating 100.0 uL from A1 of NEST 1 Well Reservoir 195 mL on 10 at 300.0 uL/sec
Dispensing 120.0 uL into A8 of plate 7 on 7 at 300.0 uL/sec
Aspirating 20.0 uL from A1 of NEST 1 Well Reservoir 195 mL on 10 at 300.0 uL/sec
Aspirating 100.0 uL from A1 of NEST 1 Well Reservoir 195 mL on 10 at 300.0 uL/sec
Dispensing 120.0 uL into A9 of plate 7 on 7 at 300.0 uL/sec
Aspirating 20.0 uL from A1 of NEST 1 Well Reservoir 195 mL on 10 at 300.0 uL/sec
Aspirating 100.0 uL from A1 of NEST 1 Well Reservoir 195 mL on 10 at 300.0 uL/sec
Dispensing 120.0 uL into A10 of plate 7 on 7 at 300.0 uL/sec
Aspirating 20.0 uL from A1 of NEST 1 Well Reservoir 195 mL on 10 at 300.0 uL/sec
Aspirating 100.0 uL from A1 of NEST 1 Well Reservoir 195 mL on 10 at 300.0 uL/sec
Dispensing 120.0 uL into A11 of plate 7 on 7 at 300.0 uL/sec
Aspirating 20.0 uL from A1 of NEST 1 Well Reservoir 195 mL on 10 at 300.0 uL/sec
Aspirating 100.0 uL from A1 of NEST 1 Well Reservoir 195 mL on 10 at 300.0 uL/sec
Dispensing 120.0 uL into A12 of plate 7 on 7 at 300.0 uL/sec
Aspirating 20.0 uL from A1 of NEST 1 Well Reservoir 195 mL on 10 at 300.0 uL/sec
Aspirating 100.0 uL from A1 of NEST 1 Well Reservoir 195 mL on 10 at 300.0 uL/sec
Dispensing 120.0 uL into A1 of plate 8 on 8 at 300.0 uL/sec
Aspirating 20.0 uL from A1 of NEST 1 Well Reservoir 195 mL on 10 at 300.0 uL/sec
Aspirating 100.0 uL from A1 of NEST 1 Well Reservoir 195 mL on 10 at 300.0 uL/sec
Dispensing 120.0 uL into A2 of plate 8 on 8 at 300.0 uL/sec
Aspirating 20.0 uL from A1 of NEST 1 Well Reservoir 195 mL on 10 at 300.0 uL/sec
Aspirating 100.0 uL from A1 of NEST 1 Well Reservoir 195 mL on 10 at 300.0 uL/sec
Dispensing 120.0 uL into A3 of plate 8 on 8 at 300.0 uL/sec
Aspirating 20.0 uL from A1 of NEST 1 Well Reservoir 195 mL on 10 at 300.0 uL/sec
Aspirating 100.0 uL from A1 of NEST 1 Well Reservoir 195 mL on 10 at 300.0 uL/sec
Dispensing 120.0 uL into A4 of plate 8 on 8 at 300.0 uL/sec
Aspirating 20.0 uL from A1 of NEST 1 Well Reservoir 195 mL on 10 at 300.0 uL/sec
Aspirating 100.0 uL from A1 of NEST 1 Well Reservoir 195 mL on 10 at 300.0 uL/sec
Dispensing 120.0 uL into A5 of plate 8 on 8 at 300.0 uL/sec
Aspirating 20.0 uL from A1 of NEST 1 Well Reservoir 195 mL on 10 at 300.0 uL/sec
Aspirating 100.0 uL from A1 of NEST 1 Well Reservoir 195 mL on 10 at 300.0 uL/sec
Dispensing 120.0 uL into A6 of plate 8 on 8 at 300.0 uL/sec
Aspirating 20.0 uL from A1 of NEST 1 Well Reservoir 195 mL on 10 at 300.0 uL/sec
Aspirating 100.0 uL from A1 of NEST 1 Well Reservoir 195 mL on 10 at 300.0 uL/sec
Dispensing 120.0 uL into A7 of plate 8 on 8 at 300.0 uL/sec
Aspirating 20.0 uL from A1 of NEST 1 Well Reservoir 195 mL on 10 at 300.0 uL/sec
Aspirating 100.0 uL from A1 of NEST 1 Well Reservoir 195 mL on 10 at 300.0 uL/sec
Dispensing 120.0 uL into A8 of plate 8 on 8 at 300.0 uL/sec
Aspirating 20.0 uL from A1 of NEST 1 Well Reservoir 195 mL on 10 at 300.0 uL/sec
Aspirating 100.0 uL from A1 of NEST 1 Well Reservoir 195 mL on 10 at 300.0 uL/sec
Dispensing 120.0 uL into A9 of plate 8 on 8 at 300.0 uL/sec
Aspirating 20.0 uL from A1 of NEST 1 Well Reservoir 195 mL on 10 at 300.0 uL/sec
Aspirating 100.0 uL from A1 of NEST 1 Well Reservoir 195 mL on 10 at 300.0 uL/sec
Dispensing 120.0 uL into A10 of plate 8 on 8 at 300.0 uL/sec
Aspirating 20.0 uL from A1 of NEST 1 Well Reservoir 195 mL on 10 at 300.0 uL/sec
Aspirating 100.0 uL from A1 of NEST 1 Well Reservoir 195 mL on 10 at 300.0 uL/sec
Dispensing 120.0 uL into A11 of plate 8 on 8 at 300.0 uL/sec
Aspirating 20.0 uL from A1 of NEST 1 Well Reservoir 195 mL on 10 at 300.0 uL/sec
Aspirating 100.0 uL from A1 of NEST 1 Well Reservoir 195 mL on 10 at 300.0 uL/sec
Dispensing 120.0 uL into A12 of plate 8 on 8 at 300.0 uL/sec
Aspirating 20.0 uL from A1 of NEST 1 Well Reservoir 195 mL on 10 at 300.0 uL/sec
Aspirating 100.0 uL from A1 of NEST 1 Well Reservoir 195 mL on 10 at 300.0 uL/sec
Dispensing 120.0 uL into A1 of plate 9 on 9 at 300.0 uL/sec
Aspirating 20.0 uL from A1 of NEST 1 Well Reservoir 195 mL on 10 at 300.0 uL/sec
Aspirating 100.0 uL from A1 of NEST 1 Well Reservoir 195 mL on 10 at 300.0 uL/sec
Dispensing 120.0 uL into A2 of plate 9 on 9 at 300.0 uL/sec
Aspirating 20.0 uL from A1 of NEST 1 Well Reservoir 195 mL on 10 at 300.0 uL/sec
Aspirating 100.0 uL from A1 of NEST 1 Well Reservoir 195 mL on 10 at 300.0 uL/sec
Dispensing 120.0 uL into A3 of plate 9 on 9 at 300.0 uL/sec
Aspirating 20.0 uL from A1 of NEST 1 Well Reservoir 195 mL on 10 at 300.0 uL/sec
Aspirating 100.0 uL from A1 of NEST 1 Well Reservoir 195 mL on 10 at 300.0 uL/sec
Dispensing 120.0 uL into A4 of plate 9 on 9 at 300.0 uL/sec
Aspirating 20.0 uL from A1 of NEST 1 Well Reservoir 195 mL on 10 at 300.0 uL/sec
Aspirating 100.0 uL from A1 of NEST 1 Well Reservoir 195 mL on 10 at 300.0 uL/sec
Dispensing 120.0 uL into A5 of plate 9 on 9 at 300.0 uL/sec
Aspirating 20.0 uL from A1 of NEST 1 Well Reservoir 195 mL on 10 at 300.0 uL/sec
Aspirating 100.0 uL from A1 of NEST 1 Well Reservoir 195 mL on 10 at 300.0 uL/sec
Dispensing 120.0 uL into A6 of plate 9 on 9 at 300.0 uL/sec
Aspirating 20.0 uL from A1 of NEST 1 Well Reservoir 195 mL on 10 at 300.0 uL/sec
Aspirating 100.0 uL from A1 of NEST 1 Well Reservoir 195 mL on 10 at 300.0 uL/sec
Dispensing 120.0 uL into A7 of plate 9 on 9 at 300.0 uL/sec
Aspirating 20.0 uL from A1 of NEST 1 Well Reservoir 195 mL on 10 at 300.0 uL/sec
Aspirating 100.0 uL from A1 of NEST 1 Well Reservoir 195 mL on 10 at 300.0 uL/sec
Dispensing 120.0 uL into A8 of plate 9 on 9 at 300.0 uL/sec
Aspirating 20.0 uL from A1 of NEST 1 Well Reservoir 195 mL on 10 at 300.0 uL/sec
Aspirating 100.0 uL from A1 of NEST 1 Well Reservoir 195 mL on 10 at 300.0 uL/sec
Dispensing 120.0 uL into A9 of plate 9 on 9 at 300.0 uL/sec
Aspirating 20.0 uL from A1 of NEST 1 Well Reservoir 195 mL on 10 at 300.0 uL/sec
Aspirating 100.0 uL from A1 of NEST 1 Well Reservoir 195 mL on 10 at 300.0 uL/sec
Dispensing 120.0 uL into A10 of plate 9 on 9 at 300.0 uL/sec
Aspirating 20.0 uL from A1 of NEST 1 Well Reservoir 195 mL on 10 at 300.0 uL/sec
Aspirating 100.0 uL from A1 of NEST 1 Well Reservoir 195 mL on 10 at 300.0 uL/sec
Dispensing 120.0 uL into A11 of plate 9 on 9 at 300.0 uL/sec
Aspirating 20.0 uL from A1 of NEST 1 Well Reservoir 195 mL on 10 at 300.0 uL/sec
Aspirating 100.0 uL from A1 of NEST 1 Well Reservoir 195 mL on 10 at 300.0 uL/sec
Dispensing 120.0 uL into A12 of plate 9 on 9 at 300.0 uL/sec
Dropping tip into A1 of Opentrons Fixed Trash on 12
Caught exception: {'message': 'Task was destroyed but it is pending!', 'task': <Task pending name='Task-4' coro=<Poller._poll_forever() running at /Users/dp/Desktop/project/github/opentrons/venv/lib/python3.10/site-packages/opentrons/hardware_control/poller.py:80> wait_for=<Future pending cb=[Task.task_wakeup()]>>}
Caught exception: {'message': 'Task was destroyed but it is pending!', 'task': <Task pending name='Task-3' coro=<Poller._poll_forever() running at /Users/dp/Desktop/project/github/opentrons/venv/lib/python3.10/site-packages/opentrons/hardware_control/poller.py:80> wait_for=<Future pending cb=[Task.task_wakeup()]>>}
Caught exception: {'message': 'Task was destroyed but it is pending!', 'task': <Task pending name='Task-2' coro=<Poller._poll_forever() running at /Users/dp/Desktop/project/github/opentrons/venv/lib/python3.10/site-packages/opentrons/hardware_control/poller.py:80> wait_for=<Future pending cb=[Task.task_wakeup()]>>}
