/Users/dp/Desktop/project/github/opentrons/venv/lib/python3.10/site-packages/opentrons/hardware_control/simulator_setup.py:205: UserWarning: Simulator configuration does not name a machine, defaulting to OT-2 Standard
  warn(
/Users/dp/.opentrons/robot_settings.json not found. Loading defaults
Deck calibration not found.
/Users/dp/.opentrons/deck_calibration.json not found. Loading defaults
Picking up tip from A1 of 300ul tiprack on 5
Logs from this command:
WARNING (module_contexts): You have specified API 2.0, but you are trying to utilize new load_labware parameters in 2.1
Transferring 50.0 from A1 of sample tubes on 2 to A1 of Opentrons 96 Well Aluminum Block with NEST Well Plate 100 µL on Temperature Module GEN1 on 1
	Aspirating 50.0 uL from A1 of sample tubes on 2 at 46.43 uL/sec
	Air gap
		Aspirating 10.0 uL from A1 of sample tubes on 2 at 46.43 uL/sec
	Dispensing 60.0 uL into A1 of Opentrons 96 Well Aluminum Block with NEST Well Plate 100 µL on Temperature Module GEN1 on 1 at 46.43 uL/sec
Blowing out at A1 of Opentrons 96 Well Aluminum Block with NEST Well Plate 100 µL on Temperature Module GEN1 on 1
Dropping tip into A1 of Opentrons Fixed Trash on 12
Picking up tip from B1 of 300ul tiprack on 5
Transferring 50.0 from B1 of sample tubes on 2 to B1 of Opentrons 96 Well Aluminum Block with NEST Well Plate 100 µL on Temperature Module GEN1 on 1
	Aspirating 50.0 uL from B1 of sample tubes on 2 at 46.43 uL/sec
	Air gap
		Aspirating 10.0 uL from B1 of sample tubes on 2 at 46.43 uL/sec
	Dispensing 60.0 uL into B1 of Opentrons 96 Well Aluminum Block with NEST Well Plate 100 µL on Temperature Module GEN1 on 1 at 46.43 uL/sec
Blowing out at B1 of Opentrons 96 Well Aluminum Block with NEST Well Plate 100 µL on Temperature Module GEN1 on 1
Dropping tip into A1 of Opentrons Fixed Trash on 12
Picking up tip from C1 of 300ul tiprack on 5
Transferring 50.0 from C1 of sample tubes on 2 to C1 of Opentrons 96 Well Aluminum Block with NEST Well Plate 100 µL on Temperature Module GEN1 on 1
	Aspirating 50.0 uL from C1 of sample tubes on 2 at 46.43 uL/sec
	Air gap
		Aspirating 10.0 uL from C1 of sample tubes on 2 at 46.43 uL/sec
	Dispensing 60.0 uL into C1 of Opentrons 96 Well Aluminum Block with NEST Well Plate 100 µL on Temperature Module GEN1 on 1 at 46.43 uL/sec
Blowing out at C1 of Opentrons 96 Well Aluminum Block with NEST Well Plate 100 µL on Temperature Module GEN1 on 1
Dropping tip into A1 of Opentrons Fixed Trash on 12
Picking up tip from D1 of 300ul tiprack on 5
Transferring 50.0 from A2 of sample tubes on 2 to A2 of Opentrons 96 Well Aluminum Block with NEST Well Plate 100 µL on Temperature Module GEN1 on 1
	Aspirating 50.0 uL from A2 of sample tubes on 2 at 46.43 uL/sec
	Air gap
		Aspirating 10.0 uL from A2 of sample tubes on 2 at 46.43 uL/sec
	Dispensing 60.0 uL into A2 of Opentrons 96 Well Aluminum Block with NEST Well Plate 100 µL on Temperature Module GEN1 on 1 at 46.43 uL/sec
Blowing out at A2 of Opentrons 96 Well Aluminum Block with NEST Well Plate 100 µL on Temperature Module GEN1 on 1
Dropping tip into A1 of Opentrons Fixed Trash on 12
Picking up tip from E1 of 300ul tiprack on 5
Transferring 50.0 from B2 of sample tubes on 2 to B2 of Opentrons 96 Well Aluminum Block with NEST Well Plate 100 µL on Temperature Module GEN1 on 1
	Aspirating 50.0 uL from B2 of sample tubes on 2 at 46.43 uL/sec
	Air gap
		Aspirating 10.0 uL from B2 of sample tubes on 2 at 46.43 uL/sec
	Dispensing 60.0 uL into B2 of Opentrons 96 Well Aluminum Block with NEST Well Plate 100 µL on Temperature Module GEN1 on 1 at 46.43 uL/sec
Blowing out at B2 of Opentrons 96 Well Aluminum Block with NEST Well Plate 100 µL on Temperature Module GEN1 on 1
Dropping tip into A1 of Opentrons Fixed Trash on 12
Picking up tip from F1 of 300ul tiprack on 5
Transferring 50.0 from C2 of sample tubes on 2 to C2 of Opentrons 96 Well Aluminum Block with NEST Well Plate 100 µL on Temperature Module GEN1 on 1
	Aspirating 50.0 uL from C2 of sample tubes on 2 at 46.43 uL/sec
	Air gap
		Aspirating 10.0 uL from C2 of sample tubes on 2 at 46.43 uL/sec
	Dispensing 60.0 uL into C2 of Opentrons 96 Well Aluminum Block with NEST Well Plate 100 µL on Temperature Module GEN1 on 1 at 46.43 uL/sec
Blowing out at C2 of Opentrons 96 Well Aluminum Block with NEST Well Plate 100 µL on Temperature Module GEN1 on 1
Dropping tip into A1 of Opentrons Fixed Trash on 12
Picking up tip from G1 of 300ul tiprack on 5
Transferring 50.0 from A3 of sample tubes on 2 to A3 of Opentrons 96 Well Aluminum Block with NEST Well Plate 100 µL on Temperature Module GEN1 on 1
	Aspirating 50.0 uL from A3 of sample tubes on 2 at 46.43 uL/sec
	Air gap
		Aspirating 10.0 uL from A3 of sample tubes on 2 at 46.43 uL/sec
	Dispensing 60.0 uL into A3 of Opentrons 96 Well Aluminum Block with NEST Well Plate 100 µL on Temperature Module GEN1 on 1 at 46.43 uL/sec
Blowing out at A3 of Opentrons 96 Well Aluminum Block with NEST Well Plate 100 µL on Temperature Module GEN1 on 1
Dropping tip into A1 of Opentrons Fixed Trash on 12
Picking up tip from H1 of 300ul tiprack on 5
Transferring 50.0 from B3 of sample tubes on 2 to B3 of Opentrons 96 Well Aluminum Block with NEST Well Plate 100 µL on Temperature Module GEN1 on 1
	Aspirating 50.0 uL from B3 of sample tubes on 2 at 46.43 uL/sec
	Air gap
		Aspirating 10.0 uL from B3 of sample tubes on 2 at 46.43 uL/sec
	Dispensing 60.0 uL into B3 of Opentrons 96 Well Aluminum Block with NEST Well Plate 100 µL on Temperature Module GEN1 on 1 at 46.43 uL/sec
Blowing out at B3 of Opentrons 96 Well Aluminum Block with NEST Well Plate 100 µL on Temperature Module GEN1 on 1
Dropping tip into A1 of Opentrons Fixed Trash on 12
Picking up tip from A2 of 300ul tiprack on 5
Transferring 50.0 from C3 of sample tubes on 2 to C3 of Opentrons 96 Well Aluminum Block with NEST Well Plate 100 µL on Temperature Module GEN1 on 1
	Aspirating 50.0 uL from C3 of sample tubes on 2 at 46.43 uL/sec
	Air gap
		Aspirating 10.0 uL from C3 of sample tubes on 2 at 46.43 uL/sec
	Dispensing 60.0 uL into C3 of Opentrons 96 Well Aluminum Block with NEST Well Plate 100 µL on Temperature Module GEN1 on 1 at 46.43 uL/sec
Blowing out at C3 of Opentrons 96 Well Aluminum Block with NEST Well Plate 100 µL on Temperature Module GEN1 on 1
Dropping tip into A1 of Opentrons Fixed Trash on 12
Picking up tip from B2 of 300ul tiprack on 5
Transferring 50.0 from D3 of sample tubes on 2 to D3 of Opentrons 96 Well Aluminum Block with NEST Well Plate 100 µL on Temperature Module GEN1 on 1
	Aspirating 50.0 uL from D3 of sample tubes on 2 at 46.43 uL/sec
	Air gap
		Aspirating 10.0 uL from D3 of sample tubes on 2 at 46.43 uL/sec
	Dispensing 60.0 uL into D3 of Opentrons 96 Well Aluminum Block with NEST Well Plate 100 µL on Temperature Module GEN1 on 1 at 46.43 uL/sec
Blowing out at D3 of Opentrons 96 Well Aluminum Block with NEST Well Plate 100 µL on Temperature Module GEN1 on 1
Dropping tip into A1 of Opentrons Fixed Trash on 12
Picking up tip from C2 of 300ul tiprack on 5
Transferring 50.0 from A4 of sample tubes on 2 to A4 of Opentrons 96 Well Aluminum Block with NEST Well Plate 100 µL on Temperature Module GEN1 on 1
	Aspirating 50.0 uL from A4 of sample tubes on 2 at 46.43 uL/sec
	Air gap
		Aspirating 10.0 uL from A4 of sample tubes on 2 at 46.43 uL/sec
	Dispensing 60.0 uL into A4 of Opentrons 96 Well Aluminum Block with NEST Well Plate 100 µL on Temperature Module GEN1 on 1 at 46.43 uL/sec
Blowing out at A4 of Opentrons 96 Well Aluminum Block with NEST Well Plate 100 µL on Temperature Module GEN1 on 1
Dropping tip into A1 of Opentrons Fixed Trash on 12
Picking up tip from D2 of 300ul tiprack on 5
Transferring 50.0 from B4 of sample tubes on 2 to B4 of Opentrons 96 Well Aluminum Block with NEST Well Plate 100 µL on Temperature Module GEN1 on 1
	Aspirating 50.0 uL from B4 of sample tubes on 2 at 46.43 uL/sec
	Air gap
		Aspirating 10.0 uL from B4 of sample tubes on 2 at 46.43 uL/sec
	Dispensing 60.0 uL into B4 of Opentrons 96 Well Aluminum Block with NEST Well Plate 100 µL on Temperature Module GEN1 on 1 at 46.43 uL/sec
Blowing out at B4 of Opentrons 96 Well Aluminum Block with NEST Well Plate 100 µL on Temperature Module GEN1 on 1
Dropping tip into A1 of Opentrons Fixed Trash on 12
Picking up tip from E2 of 300ul tiprack on 5
Transferring 50.0 from C4 of sample tubes on 2 to C4 of Opentrons 96 Well Aluminum Block with NEST Well Plate 100 µL on Temperature Module GEN1 on 1
	Aspirating 50.0 uL from C4 of sample tubes on 2 at 46.43 uL/sec
	Air gap
		Aspirating 10.0 uL from C4 of sample tubes on 2 at 46.43 uL/sec
	Dispensing 60.0 uL into C4 of Opentrons 96 Well Aluminum Block with NEST Well Plate 100 µL on Temperature Module GEN1 on 1 at 46.43 uL/sec
Blowing out at C4 of Opentrons 96 Well Aluminum Block with NEST Well Plate 100 µL on Temperature Module GEN1 on 1
Dropping tip into A1 of Opentrons Fixed Trash on 12
Picking up tip from F2 of 300ul tiprack on 5
Transferring 50.0 from D4 of sample tubes on 2 to D4 of Opentrons 96 Well Aluminum Block with NEST Well Plate 100 µL on Temperature Module GEN1 on 1
	Aspirating 50.0 uL from D4 of sample tubes on 2 at 46.43 uL/sec
	Air gap
		Aspirating 10.0 uL from D4 of sample tubes on 2 at 46.43 uL/sec
	Dispensing 60.0 uL into D4 of Opentrons 96 Well Aluminum Block with NEST Well Plate 100 µL on Temperature Module GEN1 on 1 at 46.43 uL/sec
Blowing out at D4 of Opentrons 96 Well Aluminum Block with NEST Well Plate 100 µL on Temperature Module GEN1 on 1
Dropping tip into A1 of Opentrons Fixed Trash on 12
Picking up tip from G2 of 300ul tiprack on 5
Transferring 50.0 from A5 of sample tubes on 2 to A5 of Opentrons 96 Well Aluminum Block with NEST Well Plate 100 µL on Temperature Module GEN1 on 1
	Aspirating 50.0 uL from A5 of sample tubes on 2 at 46.43 uL/sec
	Air gap
		Aspirating 10.0 uL from A5 of sample tubes on 2 at 46.43 uL/sec
	Dispensing 60.0 uL into A5 of Opentrons 96 Well Aluminum Block with NEST Well Plate 100 µL on Temperature Module GEN1 on 1 at 46.43 uL/sec
Blowing out at A5 of Opentrons 96 Well Aluminum Block with NEST Well Plate 100 µL on Temperature Module GEN1 on 1
Dropping tip into A1 of Opentrons Fixed Trash on 12
Picking up tip from H2 of 300ul tiprack on 5
Transferring 50.0 from B5 of sample tubes on 2 to B5 of Opentrons 96 Well Aluminum Block with NEST Well Plate 100 µL on Temperature Module GEN1 on 1
	Aspirating 50.0 uL from B5 of sample tubes on 2 at 46.43 uL/sec
	Air gap
		Aspirating 10.0 uL from B5 of sample tubes on 2 at 46.43 uL/sec
	Dispensing 60.0 uL into B5 of Opentrons 96 Well Aluminum Block with NEST Well Plate 100 µL on Temperature Module GEN1 on 1 at 46.43 uL/sec
Blowing out at B5 of Opentrons 96 Well Aluminum Block with NEST Well Plate 100 µL on Temperature Module GEN1 on 1
Dropping tip into A1 of Opentrons Fixed Trash on 12
Picking up tip from A3 of 300ul tiprack on 5
Transferring 50.0 from C5 of sample tubes on 2 to C5 of Opentrons 96 Well Aluminum Block with NEST Well Plate 100 µL on Temperature Module GEN1 on 1
	Aspirating 50.0 uL from C5 of sample tubes on 2 at 46.43 uL/sec
	Air gap
		Aspirating 10.0 uL from C5 of sample tubes on 2 at 46.43 uL/sec
	Dispensing 60.0 uL into C5 of Opentrons 96 Well Aluminum Block with NEST Well Plate 100 µL on Temperature Module GEN1 on 1 at 46.43 uL/sec
Blowing out at C5 of Opentrons 96 Well Aluminum Block with NEST Well Plate 100 µL on Temperature Module GEN1 on 1
Dropping tip into A1 of Opentrons Fixed Trash on 12
Picking up tip from B3 of 300ul tiprack on 5
Transferring 50.0 from D5 of sample tubes on 2 to D5 of Opentrons 96 Well Aluminum Block with NEST Well Plate 100 µL on Temperature Module GEN1 on 1
	Aspirating 50.0 uL from D5 of sample tubes on 2 at 46.43 uL/sec
	Air gap
		Aspirating 10.0 uL from D5 of sample tubes on 2 at 46.43 uL/sec
	Dispensing 60.0 uL into D5 of Opentrons 96 Well Aluminum Block with NEST Well Plate 100 µL on Temperature Module GEN1 on 1 at 46.43 uL/sec
Blowing out at D5 of Opentrons 96 Well Aluminum Block with NEST Well Plate 100 µL on Temperature Module GEN1 on 1
Dropping tip into A1 of Opentrons Fixed Trash on 12
Picking up tip from C3 of 300ul tiprack on 5
Transferring 50.0 from A6 of sample tubes on 2 to A6 of Opentrons 96 Well Aluminum Block with NEST Well Plate 100 µL on Temperature Module GEN1 on 1
	Aspirating 50.0 uL from A6 of sample tubes on 2 at 46.43 uL/sec
	Air gap
		Aspirating 10.0 uL from A6 of sample tubes on 2 at 46.43 uL/sec
	Dispensing 60.0 uL into A6 of Opentrons 96 Well Aluminum Block with NEST Well Plate 100 µL on Temperature Module GEN1 on 1 at 46.43 uL/sec
Blowing out at A6 of Opentrons 96 Well Aluminum Block with NEST Well Plate 100 µL on Temperature Module GEN1 on 1
Dropping tip into A1 of Opentrons Fixed Trash on 12
Picking up tip from D3 of 300ul tiprack on 5
Transferring 50.0 from B6 of sample tubes on 2 to B6 of Opentrons 96 Well Aluminum Block with NEST Well Plate 100 µL on Temperature Module GEN1 on 1
	Aspirating 50.0 uL from B6 of sample tubes on 2 at 46.43 uL/sec
	Air gap
		Aspirating 10.0 uL from B6 of sample tubes on 2 at 46.43 uL/sec
	Dispensing 60.0 uL into B6 of Opentrons 96 Well Aluminum Block with NEST Well Plate 100 µL on Temperature Module GEN1 on 1 at 46.43 uL/sec
Blowing out at B6 of Opentrons 96 Well Aluminum Block with NEST Well Plate 100 µL on Temperature Module GEN1 on 1
Dropping tip into A1 of Opentrons Fixed Trash on 12
Picking up tip from E3 of 300ul tiprack on 5
Transferring 50.0 from D1 of sample tubes on 2 to A1 of Opentrons 96 Well Aluminum Block with NEST Well Plate 100 µL on Temperature Module GEN1 on 1
	Aspirating 50.0 uL from D1 of sample tubes on 2 at 46.43 uL/sec
	Dispensing 50.0 uL into A1 of Opentrons 96 Well Aluminum Block with NEST Well Plate 100 µL on Temperature Module GEN1 on 1 at 46.43 uL/sec
	Mixing 5 times with a volume of 50.0 ul
		Aspirating 50.0 uL from A1 of Opentrons 96 Well Aluminum Block with NEST Well Plate 100 µL on Temperature Module GEN1 on 1 at 46.43 uL/sec
		Dispensing 50.0 uL into A1 of Opentrons 96 Well Aluminum Block with NEST Well Plate 100 µL on Temperature Module GEN1 on 1 at 46.43 uL/sec
		Aspirating 50.0 uL from A1 of Opentrons 96 Well Aluminum Block with NEST Well Plate 100 µL on Temperature Module GEN1 on 1 at 46.43 uL/sec
		Dispensing 50.0 uL into A1 of Opentrons 96 Well Aluminum Block with NEST Well Plate 100 µL on Temperature Module GEN1 on 1 at 46.43 uL/sec
		Aspirating 50.0 uL from A1 of Opentrons 96 Well Aluminum Block with NEST Well Plate 100 µL on Temperature Module GEN1 on 1 at 46.43 uL/sec
		Dispensing 50.0 uL into A1 of Opentrons 96 Well Aluminum Block with NEST Well Plate 100 µL on Temperature Module GEN1 on 1 at 46.43 uL/sec
		Aspirating 50.0 uL from A1 of Opentrons 96 Well Aluminum Block with NEST Well Plate 100 µL on Temperature Module GEN1 on 1 at 46.43 uL/sec
		Dispensing 50.0 uL into A1 of Opentrons 96 Well Aluminum Block with NEST Well Plate 100 µL on Temperature Module GEN1 on 1 at 46.43 uL/sec
		Aspirating 50.0 uL from A1 of Opentrons 96 Well Aluminum Block with NEST Well Plate 100 µL on Temperature Module GEN1 on 1 at 46.43 uL/sec
		Dispensing 50.0 uL into A1 of Opentrons 96 Well Aluminum Block with NEST Well Plate 100 µL on Temperature Module GEN1 on 1 at 46.43 uL/sec
Blowing out at A1 of Opentrons 96 Well Aluminum Block with NEST Well Plate 100 µL on Temperature Module GEN1 on 1
Dropping tip into A1 of Opentrons Fixed Trash on 12
Picking up tip from F3 of 300ul tiprack on 5
Transferring 50.0 from D1 of sample tubes on 2 to B1 of Opentrons 96 Well Aluminum Block with NEST Well Plate 100 µL on Temperature Module GEN1 on 1
	Aspirating 50.0 uL from D1 of sample tubes on 2 at 46.43 uL/sec
	Dispensing 50.0 uL into B1 of Opentrons 96 Well Aluminum Block with NEST Well Plate 100 µL on Temperature Module GEN1 on 1 at 46.43 uL/sec
	Mixing 5 times with a volume of 50.0 ul
		Aspirating 50.0 uL from B1 of Opentrons 96 Well Aluminum Block with NEST Well Plate 100 µL on Temperature Module GEN1 on 1 at 46.43 uL/sec
		Dispensing 50.0 uL into B1 of Opentrons 96 Well Aluminum Block with NEST Well Plate 100 µL on Temperature Module GEN1 on 1 at 46.43 uL/sec
		Aspirating 50.0 uL from B1 of Opentrons 96 Well Aluminum Block with NEST Well Plate 100 µL on Temperature Module GEN1 on 1 at 46.43 uL/sec
		Dispensing 50.0 uL into B1 of Opentrons 96 Well Aluminum Block with NEST Well Plate 100 µL on Temperature Module GEN1 on 1 at 46.43 uL/sec
		Aspirating 50.0 uL from B1 of Opentrons 96 Well Aluminum Block with NEST Well Plate 100 µL on Temperature Module GEN1 on 1 at 46.43 uL/sec
		Dispensing 50.0 uL into B1 of Opentrons 96 Well Aluminum Block with NEST Well Plate 100 µL on Temperature Module GEN1 on 1 at 46.43 uL/sec
		Aspirating 50.0 uL from B1 of Opentrons 96 Well Aluminum Block with NEST Well Plate 100 µL on Temperature Module GEN1 on 1 at 46.43 uL/sec
		Dispensing 50.0 uL into B1 of Opentrons 96 Well Aluminum Block with NEST Well Plate 100 µL on Temperature Module GEN1 on 1 at 46.43 uL/sec
		Aspirating 50.0 uL from B1 of Opentrons 96 Well Aluminum Block with NEST Well Plate 100 µL on Temperature Module GEN1 on 1 at 46.43 uL/sec
		Dispensing 50.0 uL into B1 of Opentrons 96 Well Aluminum Block with NEST Well Plate 100 µL on Temperature Module GEN1 on 1 at 46.43 uL/sec
Blowing out at B1 of Opentrons 96 Well Aluminum Block with NEST Well Plate 100 µL on Temperature Module GEN1 on 1
Dropping tip into A1 of Opentrons Fixed Trash on 12
Picking up tip from G3 of 300ul tiprack on 5
Transferring 50.0 from D1 of sample tubes on 2 to C1 of Opentrons 96 Well Aluminum Block with NEST Well Plate 100 µL on Temperature Module GEN1 on 1
	Aspirating 50.0 uL from D1 of sample tubes on 2 at 46.43 uL/sec
	Dispensing 50.0 uL into C1 of Opentrons 96 Well Aluminum Block with NEST Well Plate 100 µL on Temperature Module GEN1 on 1 at 46.43 uL/sec
	Mixing 5 times with a volume of 50.0 ul
		Aspirating 50.0 uL from C1 of Opentrons 96 Well Aluminum Block with NEST Well Plate 100 µL on Temperature Module GEN1 on 1 at 46.43 uL/sec
		Dispensing 50.0 uL into C1 of Opentrons 96 Well Aluminum Block with NEST Well Plate 100 µL on Temperature Module GEN1 on 1 at 46.43 uL/sec
		Aspirating 50.0 uL from C1 of Opentrons 96 Well Aluminum Block with NEST Well Plate 100 µL on Temperature Module GEN1 on 1 at 46.43 uL/sec
		Dispensing 50.0 uL into C1 of Opentrons 96 Well Aluminum Block with NEST Well Plate 100 µL on Temperature Module GEN1 on 1 at 46.43 uL/sec
		Aspirating 50.0 uL from C1 of Opentrons 96 Well Aluminum Block with NEST Well Plate 100 µL on Temperature Module GEN1 on 1 at 46.43 uL/sec
		Dispensing 50.0 uL into C1 of Opentrons 96 Well Aluminum Block with NEST Well Plate 100 µL on Temperature Module GEN1 on 1 at 46.43 uL/sec
		Aspirating 50.0 uL from C1 of Opentrons 96 Well Aluminum Block with NEST Well Plate 100 µL on Temperature Module GEN1 on 1 at 46.43 uL/sec
		Dispensing 50.0 uL into C1 of Opentrons 96 Well Aluminum Block with NEST Well Plate 100 µL on Temperature Module GEN1 on 1 at 46.43 uL/sec
		Aspirating 50.0 uL from C1 of Opentrons 96 Well Aluminum Block with NEST Well Plate 100 µL on Temperature Module GEN1 on 1 at 46.43 uL/sec
		Dispensing 50.0 uL into C1 of Opentrons 96 Well Aluminum Block with NEST Well Plate 100 µL on Temperature Module GEN1 on 1 at 46.43 uL/sec
Blowing out at C1 of Opentrons 96 Well Aluminum Block with NEST Well Plate 100 µL on Temperature Module GEN1 on 1
Dropping tip into A1 of Opentrons Fixed Trash on 12
Picking up tip from H3 of 300ul tiprack on 5
Transferring 50.0 from D1 of sample tubes on 2 to A2 of Opentrons 96 Well Aluminum Block with NEST Well Plate 100 µL on Temperature Module GEN1 on 1
	Aspirating 50.0 uL from D1 of sample tubes on 2 at 46.43 uL/sec
	Dispensing 50.0 uL into A2 of Opentrons 96 Well Aluminum Block with NEST Well Plate 100 µL on Temperature Module GEN1 on 1 at 46.43 uL/sec
	Mixing 5 times with a volume of 50.0 ul
		Aspirating 50.0 uL from A2 of Opentrons 96 Well Aluminum Block with NEST Well Plate 100 µL on Temperature Module GEN1 on 1 at 46.43 uL/sec
		Dispensing 50.0 uL into A2 of Opentrons 96 Well Aluminum Block with NEST Well Plate 100 µL on Temperature Module GEN1 on 1 at 46.43 uL/sec
		Aspirating 50.0 uL from A2 of Opentrons 96 Well Aluminum Block with NEST Well Plate 100 µL on Temperature Module GEN1 on 1 at 46.43 uL/sec
		Dispensing 50.0 uL into A2 of Opentrons 96 Well Aluminum Block with NEST Well Plate 100 µL on Temperature Module GEN1 on 1 at 46.43 uL/sec
		Aspirating 50.0 uL from A2 of Opentrons 96 Well Aluminum Block with NEST Well Plate 100 µL on Temperature Module GEN1 on 1 at 46.43 uL/sec
		Dispensing 50.0 uL into A2 of Opentrons 96 Well Aluminum Block with NEST Well Plate 100 µL on Temperature Module GEN1 on 1 at 46.43 uL/sec
		Aspirating 50.0 uL from A2 of Opentrons 96 Well Aluminum Block with NEST Well Plate 100 µL on Temperature Module GEN1 on 1 at 46.43 uL/sec
		Dispensing 50.0 uL into A2 of Opentrons 96 Well Aluminum Block with NEST Well Plate 100 µL on Temperature Module GEN1 on 1 at 46.43 uL/sec
		Aspirating 50.0 uL from A2 of Opentrons 96 Well Aluminum Block with NEST Well Plate 100 µL on Temperature Module GEN1 on 1 at 46.43 uL/sec
		Dispensing 50.0 uL into A2 of Opentrons 96 Well Aluminum Block with NEST Well Plate 100 µL on Temperature Module GEN1 on 1 at 46.43 uL/sec
Blowing out at A2 of Opentrons 96 Well Aluminum Block with NEST Well Plate 100 µL on Temperature Module GEN1 on 1
Dropping tip into A1 of Opentrons Fixed Trash on 12
Picking up tip from A4 of 300ul tiprack on 5
Transferring 50.0 from D1 of sample tubes on 2 to B2 of Opentrons 96 Well Aluminum Block with NEST Well Plate 100 µL on Temperature Module GEN1 on 1
	Aspirating 50.0 uL from D1 of sample tubes on 2 at 46.43 uL/sec
	Dispensing 50.0 uL into B2 of Opentrons 96 Well Aluminum Block with NEST Well Plate 100 µL on Temperature Module GEN1 on 1 at 46.43 uL/sec
	Mixing 5 times with a volume of 50.0 ul
		Aspirating 50.0 uL from B2 of Opentrons 96 Well Aluminum Block with NEST Well Plate 100 µL on Temperature Module GEN1 on 1 at 46.43 uL/sec
		Dispensing 50.0 uL into B2 of Opentrons 96 Well Aluminum Block with NEST Well Plate 100 µL on Temperature Module GEN1 on 1 at 46.43 uL/sec
		Aspirating 50.0 uL from B2 of Opentrons 96 Well Aluminum Block with NEST Well Plate 100 µL on Temperature Module GEN1 on 1 at 46.43 uL/sec
		Dispensing 50.0 uL into B2 of Opentrons 96 Well Aluminum Block with NEST Well Plate 100 µL on Temperature Module GEN1 on 1 at 46.43 uL/sec
		Aspirating 50.0 uL from B2 of Opentrons 96 Well Aluminum Block with NEST Well Plate 100 µL on Temperature Module GEN1 on 1 at 46.43 uL/sec
		Dispensing 50.0 uL into B2 of Opentrons 96 Well Aluminum Block with NEST Well Plate 100 µL on Temperature Module GEN1 on 1 at 46.43 uL/sec
		Aspirating 50.0 uL from B2 of Opentrons 96 Well Aluminum Block with NEST Well Plate 100 µL on Temperature Module GEN1 on 1 at 46.43 uL/sec
		Dispensing 50.0 uL into B2 of Opentrons 96 Well Aluminum Block with NEST Well Plate 100 µL on Temperature Module GEN1 on 1 at 46.43 uL/sec
		Aspirating 50.0 uL from B2 of Opentrons 96 Well Aluminum Block with NEST Well Plate 100 µL on Temperature Module GEN1 on 1 at 46.43 uL/sec
		Dispensing 50.0 uL into B2 of Opentrons 96 Well Aluminum Block with NEST Well Plate 100 µL on Temperature Module GEN1 on 1 at 46.43 uL/sec
Blowing out at B2 of Opentrons 96 Well Aluminum Block with NEST Well Plate 100 µL on Temperature Module GEN1 on 1
Dropping tip into A1 of Opentrons Fixed Trash on 12
Picking up tip from B4 of 300ul tiprack on 5
Transferring 50.0 from D1 of sample tubes on 2 to C2 of Opentrons 96 Well Aluminum Block with NEST Well Plate 100 µL on Temperature Module GEN1 on 1
	Aspirating 50.0 uL from D1 of sample tubes on 2 at 46.43 uL/sec
	Dispensing 50.0 uL into C2 of Opentrons 96 Well Aluminum Block with NEST Well Plate 100 µL on Temperature Module GEN1 on 1 at 46.43 uL/sec
	Mixing 5 times with a volume of 50.0 ul
		Aspirating 50.0 uL from C2 of Opentrons 96 Well Aluminum Block with NEST Well Plate 100 µL on Temperature Module GEN1 on 1 at 46.43 uL/sec
		Dispensing 50.0 uL into C2 of Opentrons 96 Well Aluminum Block with NEST Well Plate 100 µL on Temperature Module GEN1 on 1 at 46.43 uL/sec
		Aspirating 50.0 uL from C2 of Opentrons 96 Well Aluminum Block with NEST Well Plate 100 µL on Temperature Module GEN1 on 1 at 46.43 uL/sec
		Dispensing 50.0 uL into C2 of Opentrons 96 Well Aluminum Block with NEST Well Plate 100 µL on Temperature Module GEN1 on 1 at 46.43 uL/sec
		Aspirating 50.0 uL from C2 of Opentrons 96 Well Aluminum Block with NEST Well Plate 100 µL on Temperature Module GEN1 on 1 at 46.43 uL/sec
		Dispensing 50.0 uL into C2 of Opentrons 96 Well Aluminum Block with NEST Well Plate 100 µL on Temperature Module GEN1 on 1 at 46.43 uL/sec
		Aspirating 50.0 uL from C2 of Opentrons 96 Well Aluminum Block with NEST Well Plate 100 µL on Temperature Module GEN1 on 1 at 46.43 uL/sec
		Dispensing 50.0 uL into C2 of Opentrons 96 Well Aluminum Block with NEST Well Plate 100 µL on Temperature Module GEN1 on 1 at 46.43 uL/sec
		Aspirating 50.0 uL from C2 of Opentrons 96 Well Aluminum Block with NEST Well Plate 100 µL on Temperature Module GEN1 on 1 at 46.43 uL/sec
		Dispensing 50.0 uL into C2 of Opentrons 96 Well Aluminum Block with NEST Well Plate 100 µL on Temperature Module GEN1 on 1 at 46.43 uL/sec
Blowing out at C2 of Opentrons 96 Well Aluminum Block with NEST Well Plate 100 µL on Temperature Module GEN1 on 1
Dropping tip into A1 of Opentrons Fixed Trash on 12
Picking up tip from C4 of 300ul tiprack on 5
Transferring 50.0 from D1 of sample tubes on 2 to A3 of Opentrons 96 Well Aluminum Block with NEST Well Plate 100 µL on Temperature Module GEN1 on 1
	Aspirating 50.0 uL from D1 of sample tubes on 2 at 46.43 uL/sec
	Dispensing 50.0 uL into A3 of Opentrons 96 Well Aluminum Block with NEST Well Plate 100 µL on Temperature Module GEN1 on 1 at 46.43 uL/sec
	Mixing 5 times with a volume of 50.0 ul
		Aspirating 50.0 uL from A3 of Opentrons 96 Well Aluminum Block with NEST Well Plate 100 µL on Temperature Module GEN1 on 1 at 46.43 uL/sec
		Dispensing 50.0 uL into A3 of Opentrons 96 Well Aluminum Block with NEST Well Plate 100 µL on Temperature Module GEN1 on 1 at 46.43 uL/sec
		Aspirating 50.0 uL from A3 of Opentrons 96 Well Aluminum Block with NEST Well Plate 100 µL on Temperature Module GEN1 on 1 at 46.43 uL/sec
		Dispensing 50.0 uL into A3 of Opentrons 96 Well Aluminum Block with NEST Well Plate 100 µL on Temperature Module GEN1 on 1 at 46.43 uL/sec
		Aspirating 50.0 uL from A3 of Opentrons 96 Well Aluminum Block with NEST Well Plate 100 µL on Temperature Module GEN1 on 1 at 46.43 uL/sec
		Dispensing 50.0 uL into A3 of Opentrons 96 Well Aluminum Block with NEST Well Plate 100 µL on Temperature Module GEN1 on 1 at 46.43 uL/sec
		Aspirating 50.0 uL from A3 of Opentrons 96 Well Aluminum Block with NEST Well Plate 100 µL on Temperature Module GEN1 on 1 at 46.43 uL/sec
		Dispensing 50.0 uL into A3 of Opentrons 96 Well Aluminum Block with NEST Well Plate 100 µL on Temperature Module GEN1 on 1 at 46.43 uL/sec
		Aspirating 50.0 uL from A3 of Opentrons 96 Well Aluminum Block with NEST Well Plate 100 µL on Temperature Module GEN1 on 1 at 46.43 uL/sec
		Dispensing 50.0 uL into A3 of Opentrons 96 Well Aluminum Block with NEST Well Plate 100 µL on Temperature Module GEN1 on 1 at 46.43 uL/sec
Blowing out at A3 of Opentrons 96 Well Aluminum Block with NEST Well Plate 100 µL on Temperature Module GEN1 on 1
Dropping tip into A1 of Opentrons Fixed Trash on 12
Picking up tip from D4 of 300ul tiprack on 5
Transferring 50.0 from D1 of sample tubes on 2 to B3 of Opentrons 96 Well Aluminum Block with NEST Well Plate 100 µL on Temperature Module GEN1 on 1
	Aspirating 50.0 uL from D1 of sample tubes on 2 at 46.43 uL/sec
	Dispensing 50.0 uL into B3 of Opentrons 96 Well Aluminum Block with NEST Well Plate 100 µL on Temperature Module GEN1 on 1 at 46.43 uL/sec
	Mixing 5 times with a volume of 50.0 ul
		Aspirating 50.0 uL from B3 of Opentrons 96 Well Aluminum Block with NEST Well Plate 100 µL on Temperature Module GEN1 on 1 at 46.43 uL/sec
		Dispensing 50.0 uL into B3 of Opentrons 96 Well Aluminum Block with NEST Well Plate 100 µL on Temperature Module GEN1 on 1 at 46.43 uL/sec
		Aspirating 50.0 uL from B3 of Opentrons 96 Well Aluminum Block with NEST Well Plate 100 µL on Temperature Module GEN1 on 1 at 46.43 uL/sec
		Dispensing 50.0 uL into B3 of Opentrons 96 Well Aluminum Block with NEST Well Plate 100 µL on Temperature Module GEN1 on 1 at 46.43 uL/sec
		Aspirating 50.0 uL from B3 of Opentrons 96 Well Aluminum Block with NEST Well Plate 100 µL on Temperature Module GEN1 on 1 at 46.43 uL/sec
		Dispensing 50.0 uL into B3 of Opentrons 96 Well Aluminum Block with NEST Well Plate 100 µL on Temperature Module GEN1 on 1 at 46.43 uL/sec
		Aspirating 50.0 uL from B3 of Opentrons 96 Well Aluminum Block with NEST Well Plate 100 µL on Temperature Module GEN1 on 1 at 46.43 uL/sec
		Dispensing 50.0 uL into B3 of Opentrons 96 Well Aluminum Block with NEST Well Plate 100 µL on Temperature Module GEN1 on 1 at 46.43 uL/sec
		Aspirating 50.0 uL from B3 of Opentrons 96 Well Aluminum Block with NEST Well Plate 100 µL on Temperature Module GEN1 on 1 at 46.43 uL/sec
		Dispensing 50.0 uL into B3 of Opentrons 96 Well Aluminum Block with NEST Well Plate 100 µL on Temperature Module GEN1 on 1 at 46.43 uL/sec
Blowing out at B3 of Opentrons 96 Well Aluminum Block with NEST Well Plate 100 µL on Temperature Module GEN1 on 1
Dropping tip into A1 of Opentrons Fixed Trash on 12
Picking up tip from E4 of 300ul tiprack on 5
Transferring 50.0 from D1 of sample tubes on 2 to C3 of Opentrons 96 Well Aluminum Block with NEST Well Plate 100 µL on Temperature Module GEN1 on 1
	Aspirating 50.0 uL from D1 of sample tubes on 2 at 46.43 uL/sec
	Dispensing 50.0 uL into C3 of Opentrons 96 Well Aluminum Block with NEST Well Plate 100 µL on Temperature Module GEN1 on 1 at 46.43 uL/sec
	Mixing 5 times with a volume of 50.0 ul
		Aspirating 50.0 uL from C3 of Opentrons 96 Well Aluminum Block with NEST Well Plate 100 µL on Temperature Module GEN1 on 1 at 46.43 uL/sec
		Dispensing 50.0 uL into C3 of Opentrons 96 Well Aluminum Block with NEST Well Plate 100 µL on Temperature Module GEN1 on 1 at 46.43 uL/sec
		Aspirating 50.0 uL from C3 of Opentrons 96 Well Aluminum Block with NEST Well Plate 100 µL on Temperature Module GEN1 on 1 at 46.43 uL/sec
		Dispensing 50.0 uL into C3 of Opentrons 96 Well Aluminum Block with NEST Well Plate 100 µL on Temperature Module GEN1 on 1 at 46.43 uL/sec
		Aspirating 50.0 uL from C3 of Opentrons 96 Well Aluminum Block with NEST Well Plate 100 µL on Temperature Module GEN1 on 1 at 46.43 uL/sec
		Dispensing 50.0 uL into C3 of Opentrons 96 Well Aluminum Block with NEST Well Plate 100 µL on Temperature Module GEN1 on 1 at 46.43 uL/sec
		Aspirating 50.0 uL from C3 of Opentrons 96 Well Aluminum Block with NEST Well Plate 100 µL on Temperature Module GEN1 on 1 at 46.43 uL/sec
		Dispensing 50.0 uL into C3 of Opentrons 96 Well Aluminum Block with NEST Well Plate 100 µL on Temperature Module GEN1 on 1 at 46.43 uL/sec
		Aspirating 50.0 uL from C3 of Opentrons 96 Well Aluminum Block with NEST Well Plate 100 µL on Temperature Module GEN1 on 1 at 46.43 uL/sec
		Dispensing 50.0 uL into C3 of Opentrons 96 Well Aluminum Block with NEST Well Plate 100 µL on Temperature Module GEN1 on 1 at 46.43 uL/sec
Blowing out at C3 of Opentrons 96 Well Aluminum Block with NEST Well Plate 100 µL on Temperature Module GEN1 on 1
Dropping tip into A1 of Opentrons Fixed Trash on 12
Picking up tip from F4 of 300ul tiprack on 5
Transferring 50.0 from D1 of sample tubes on 2 to D3 of Opentrons 96 Well Aluminum Block with NEST Well Plate 100 µL on Temperature Module GEN1 on 1
	Aspirating 50.0 uL from D1 of sample tubes on 2 at 46.43 uL/sec
	Dispensing 50.0 uL into D3 of Opentrons 96 Well Aluminum Block with NEST Well Plate 100 µL on Temperature Module GEN1 on 1 at 46.43 uL/sec
	Mixing 5 times with a volume of 50.0 ul
		Aspirating 50.0 uL from D3 of Opentrons 96 Well Aluminum Block with NEST Well Plate 100 µL on Temperature Module GEN1 on 1 at 46.43 uL/sec
		Dispensing 50.0 uL into D3 of Opentrons 96 Well Aluminum Block with NEST Well Plate 100 µL on Temperature Module GEN1 on 1 at 46.43 uL/sec
		Aspirating 50.0 uL from D3 of Opentrons 96 Well Aluminum Block with NEST Well Plate 100 µL on Temperature Module GEN1 on 1 at 46.43 uL/sec
		Dispensing 50.0 uL into D3 of Opentrons 96 Well Aluminum Block with NEST Well Plate 100 µL on Temperature Module GEN1 on 1 at 46.43 uL/sec
		Aspirating 50.0 uL from D3 of Opentrons 96 Well Aluminum Block with NEST Well Plate 100 µL on Temperature Module GEN1 on 1 at 46.43 uL/sec
		Dispensing 50.0 uL into D3 of Opentrons 96 Well Aluminum Block with NEST Well Plate 100 µL on Temperature Module GEN1 on 1 at 46.43 uL/sec
		Aspirating 50.0 uL from D3 of Opentrons 96 Well Aluminum Block with NEST Well Plate 100 µL on Temperature Module GEN1 on 1 at 46.43 uL/sec
		Dispensing 50.0 uL into D3 of Opentrons 96 Well Aluminum Block with NEST Well Plate 100 µL on Temperature Module GEN1 on 1 at 46.43 uL/sec
		Aspirating 50.0 uL from D3 of Opentrons 96 Well Aluminum Block with NEST Well Plate 100 µL on Temperature Module GEN1 on 1 at 46.43 uL/sec
		Dispensing 50.0 uL into D3 of Opentrons 96 Well Aluminum Block with NEST Well Plate 100 µL on Temperature Module GEN1 on 1 at 46.43 uL/sec
Blowing out at D3 of Opentrons 96 Well Aluminum Block with NEST Well Plate 100 µL on Temperature Module GEN1 on 1
Dropping tip into A1 of Opentrons Fixed Trash on 12
Picking up tip from G4 of 300ul tiprack on 5
Transferring 50.0 from D1 of sample tubes on 2 to A4 of Opentrons 96 Well Aluminum Block with NEST Well Plate 100 µL on Temperature Module GEN1 on 1
	Aspirating 50.0 uL from D1 of sample tubes on 2 at 46.43 uL/sec
	Dispensing 50.0 uL into A4 of Opentrons 96 Well Aluminum Block with NEST Well Plate 100 µL on Temperature Module GEN1 on 1 at 46.43 uL/sec
	Mixing 5 times with a volume of 50.0 ul
		Aspirating 50.0 uL from A4 of Opentrons 96 Well Aluminum Block with NEST Well Plate 100 µL on Temperature Module GEN1 on 1 at 46.43 uL/sec
		Dispensing 50.0 uL into A4 of Opentrons 96 Well Aluminum Block with NEST Well Plate 100 µL on Temperature Module GEN1 on 1 at 46.43 uL/sec
		Aspirating 50.0 uL from A4 of Opentrons 96 Well Aluminum Block with NEST Well Plate 100 µL on Temperature Module GEN1 on 1 at 46.43 uL/sec
		Dispensing 50.0 uL into A4 of Opentrons 96 Well Aluminum Block with NEST Well Plate 100 µL on Temperature Module GEN1 on 1 at 46.43 uL/sec
		Aspirating 50.0 uL from A4 of Opentrons 96 Well Aluminum Block with NEST Well Plate 100 µL on Temperature Module GEN1 on 1 at 46.43 uL/sec
		Dispensing 50.0 uL into A4 of Opentrons 96 Well Aluminum Block with NEST Well Plate 100 µL on Temperature Module GEN1 on 1 at 46.43 uL/sec
		Aspirating 50.0 uL from A4 of Opentrons 96 Well Aluminum Block with NEST Well Plate 100 µL on Temperature Module GEN1 on 1 at 46.43 uL/sec
		Dispensing 50.0 uL into A4 of Opentrons 96 Well Aluminum Block with NEST Well Plate 100 µL on Temperature Module GEN1 on 1 at 46.43 uL/sec
		Aspirating 50.0 uL from A4 of Opentrons 96 Well Aluminum Block with NEST Well Plate 100 µL on Temperature Module GEN1 on 1 at 46.43 uL/sec
		Dispensing 50.0 uL into A4 of Opentrons 96 Well Aluminum Block with NEST Well Plate 100 µL on Temperature Module GEN1 on 1 at 46.43 uL/sec
Blowing out at A4 of Opentrons 96 Well Aluminum Block with NEST Well Plate 100 µL on Temperature Module GEN1 on 1
Dropping tip into A1 of Opentrons Fixed Trash on 12
Picking up tip from H4 of 300ul tiprack on 5
Transferring 50.0 from D1 of sample tubes on 2 to B4 of Opentrons 96 Well Aluminum Block with NEST Well Plate 100 µL on Temperature Module GEN1 on 1
	Aspirating 50.0 uL from D1 of sample tubes on 2 at 46.43 uL/sec
	Dispensing 50.0 uL into B4 of Opentrons 96 Well Aluminum Block with NEST Well Plate 100 µL on Temperature Module GEN1 on 1 at 46.43 uL/sec
	Mixing 5 times with a volume of 50.0 ul
		Aspirating 50.0 uL from B4 of Opentrons 96 Well Aluminum Block with NEST Well Plate 100 µL on Temperature Module GEN1 on 1 at 46.43 uL/sec
		Dispensing 50.0 uL into B4 of Opentrons 96 Well Aluminum Block with NEST Well Plate 100 µL on Temperature Module GEN1 on 1 at 46.43 uL/sec
		Aspirating 50.0 uL from B4 of Opentrons 96 Well Aluminum Block with NEST Well Plate 100 µL on Temperature Module GEN1 on 1 at 46.43 uL/sec
		Dispensing 50.0 uL into B4 of Opentrons 96 Well Aluminum Block with NEST Well Plate 100 µL on Temperature Module GEN1 on 1 at 46.43 uL/sec
		Aspirating 50.0 uL from B4 of Opentrons 96 Well Aluminum Block with NEST Well Plate 100 µL on Temperature Module GEN1 on 1 at 46.43 uL/sec
		Dispensing 50.0 uL into B4 of Opentrons 96 Well Aluminum Block with NEST Well Plate 100 µL on Temperature Module GEN1 on 1 at 46.43 uL/sec
		Aspirating 50.0 uL from B4 of Opentrons 96 Well Aluminum Block with NEST Well Plate 100 µL on Temperature Module GEN1 on 1 at 46.43 uL/sec
		Dispensing 50.0 uL into B4 of Opentrons 96 Well Aluminum Block with NEST Well Plate 100 µL on Temperature Module GEN1 on 1 at 46.43 uL/sec
		Aspirating 50.0 uL from B4 of Opentrons 96 Well Aluminum Block with NEST Well Plate 100 µL on Temperature Module GEN1 on 1 at 46.43 uL/sec
		Dispensing 50.0 uL into B4 of Opentrons 96 Well Aluminum Block with NEST Well Plate 100 µL on Temperature Module GEN1 on 1 at 46.43 uL/sec
Blowing out at B4 of Opentrons 96 Well Aluminum Block with NEST Well Plate 100 µL on Temperature Module GEN1 on 1
Dropping tip into A1 of Opentrons Fixed Trash on 12
Picking up tip from A5 of 300ul tiprack on 5
Transferring 50.0 from D1 of sample tubes on 2 to C4 of Opentrons 96 Well Aluminum Block with NEST Well Plate 100 µL on Temperature Module GEN1 on 1
	Aspirating 50.0 uL from D1 of sample tubes on 2 at 46.43 uL/sec
	Dispensing 50.0 uL into C4 of Opentrons 96 Well Aluminum Block with NEST Well Plate 100 µL on Temperature Module GEN1 on 1 at 46.43 uL/sec
	Mixing 5 times with a volume of 50.0 ul
		Aspirating 50.0 uL from C4 of Opentrons 96 Well Aluminum Block with NEST Well Plate 100 µL on Temperature Module GEN1 on 1 at 46.43 uL/sec
		Dispensing 50.0 uL into C4 of Opentrons 96 Well Aluminum Block with NEST Well Plate 100 µL on Temperature Module GEN1 on 1 at 46.43 uL/sec
		Aspirating 50.0 uL from C4 of Opentrons 96 Well Aluminum Block with NEST Well Plate 100 µL on Temperature Module GEN1 on 1 at 46.43 uL/sec
		Dispensing 50.0 uL into C4 of Opentrons 96 Well Aluminum Block with NEST Well Plate 100 µL on Temperature Module GEN1 on 1 at 46.43 uL/sec
		Aspirating 50.0 uL from C4 of Opentrons 96 Well Aluminum Block with NEST Well Plate 100 µL on Temperature Module GEN1 on 1 at 46.43 uL/sec
		Dispensing 50.0 uL into C4 of Opentrons 96 Well Aluminum Block with NEST Well Plate 100 µL on Temperature Module GEN1 on 1 at 46.43 uL/sec
		Aspirating 50.0 uL from C4 of Opentrons 96 Well Aluminum Block with NEST Well Plate 100 µL on Temperature Module GEN1 on 1 at 46.43 uL/sec
		Dispensing 50.0 uL into C4 of Opentrons 96 Well Aluminum Block with NEST Well Plate 100 µL on Temperature Module GEN1 on 1 at 46.43 uL/sec
		Aspirating 50.0 uL from C4 of Opentrons 96 Well Aluminum Block with NEST Well Plate 100 µL on Temperature Module GEN1 on 1 at 46.43 uL/sec
		Dispensing 50.0 uL into C4 of Opentrons 96 Well Aluminum Block with NEST Well Plate 100 µL on Temperature Module GEN1 on 1 at 46.43 uL/sec
Blowing out at C4 of Opentrons 96 Well Aluminum Block with NEST Well Plate 100 µL on Temperature Module GEN1 on 1
Dropping tip into A1 of Opentrons Fixed Trash on 12
Picking up tip from B5 of 300ul tiprack on 5
Transferring 50.0 from D1 of sample tubes on 2 to D4 of Opentrons 96 Well Aluminum Block with NEST Well Plate 100 µL on Temperature Module GEN1 on 1
	Aspirating 50.0 uL from D1 of sample tubes on 2 at 46.43 uL/sec
	Dispensing 50.0 uL into D4 of Opentrons 96 Well Aluminum Block with NEST Well Plate 100 µL on Temperature Module GEN1 on 1 at 46.43 uL/sec
	Mixing 5 times with a volume of 50.0 ul
		Aspirating 50.0 uL from D4 of Opentrons 96 Well Aluminum Block with NEST Well Plate 100 µL on Temperature Module GEN1 on 1 at 46.43 uL/sec
		Dispensing 50.0 uL into D4 of Opentrons 96 Well Aluminum Block with NEST Well Plate 100 µL on Temperature Module GEN1 on 1 at 46.43 uL/sec
		Aspirating 50.0 uL from D4 of Opentrons 96 Well Aluminum Block with NEST Well Plate 100 µL on Temperature Module GEN1 on 1 at 46.43 uL/sec
		Dispensing 50.0 uL into D4 of Opentrons 96 Well Aluminum Block with NEST Well Plate 100 µL on Temperature Module GEN1 on 1 at 46.43 uL/sec
		Aspirating 50.0 uL from D4 of Opentrons 96 Well Aluminum Block with NEST Well Plate 100 µL on Temperature Module GEN1 on 1 at 46.43 uL/sec
		Dispensing 50.0 uL into D4 of Opentrons 96 Well Aluminum Block with NEST Well Plate 100 µL on Temperature Module GEN1 on 1 at 46.43 uL/sec
		Aspirating 50.0 uL from D4 of Opentrons 96 Well Aluminum Block with NEST Well Plate 100 µL on Temperature Module GEN1 on 1 at 46.43 uL/sec
		Dispensing 50.0 uL into D4 of Opentrons 96 Well Aluminum Block with NEST Well Plate 100 µL on Temperature Module GEN1 on 1 at 46.43 uL/sec
		Aspirating 50.0 uL from D4 of Opentrons 96 Well Aluminum Block with NEST Well Plate 100 µL on Temperature Module GEN1 on 1 at 46.43 uL/sec
		Dispensing 50.0 uL into D4 of Opentrons 96 Well Aluminum Block with NEST Well Plate 100 µL on Temperature Module GEN1 on 1 at 46.43 uL/sec
Blowing out at D4 of Opentrons 96 Well Aluminum Block with NEST Well Plate 100 µL on Temperature Module GEN1 on 1
Dropping tip into A1 of Opentrons Fixed Trash on 12
Picking up tip from C5 of 300ul tiprack on 5
Transferring 50.0 from D1 of sample tubes on 2 to A5 of Opentrons 96 Well Aluminum Block with NEST Well Plate 100 µL on Temperature Module GEN1 on 1
	Aspirating 50.0 uL from D1 of sample tubes on 2 at 46.43 uL/sec
	Dispensing 50.0 uL into A5 of Opentrons 96 Well Aluminum Block with NEST Well Plate 100 µL on Temperature Module GEN1 on 1 at 46.43 uL/sec
	Mixing 5 times with a volume of 50.0 ul
		Aspirating 50.0 uL from A5 of Opentrons 96 Well Aluminum Block with NEST Well Plate 100 µL on Temperature Module GEN1 on 1 at 46.43 uL/sec
		Dispensing 50.0 uL into A5 of Opentrons 96 Well Aluminum Block with NEST Well Plate 100 µL on Temperature Module GEN1 on 1 at 46.43 uL/sec
		Aspirating 50.0 uL from A5 of Opentrons 96 Well Aluminum Block with NEST Well Plate 100 µL on Temperature Module GEN1 on 1 at 46.43 uL/sec
		Dispensing 50.0 uL into A5 of Opentrons 96 Well Aluminum Block with NEST Well Plate 100 µL on Temperature Module GEN1 on 1 at 46.43 uL/sec
		Aspirating 50.0 uL from A5 of Opentrons 96 Well Aluminum Block with NEST Well Plate 100 µL on Temperature Module GEN1 on 1 at 46.43 uL/sec
		Dispensing 50.0 uL into A5 of Opentrons 96 Well Aluminum Block with NEST Well Plate 100 µL on Temperature Module GEN1 on 1 at 46.43 uL/sec
		Aspirating 50.0 uL from A5 of Opentrons 96 Well Aluminum Block with NEST Well Plate 100 µL on Temperature Module GEN1 on 1 at 46.43 uL/sec
		Dispensing 50.0 uL into A5 of Opentrons 96 Well Aluminum Block with NEST Well Plate 100 µL on Temperature Module GEN1 on 1 at 46.43 uL/sec
		Aspirating 50.0 uL from A5 of Opentrons 96 Well Aluminum Block with NEST Well Plate 100 µL on Temperature Module GEN1 on 1 at 46.43 uL/sec
		Dispensing 50.0 uL into A5 of Opentrons 96 Well Aluminum Block with NEST Well Plate 100 µL on Temperature Module GEN1 on 1 at 46.43 uL/sec
Blowing out at A5 of Opentrons 96 Well Aluminum Block with NEST Well Plate 100 µL on Temperature Module GEN1 on 1
Dropping tip into A1 of Opentrons Fixed Trash on 12
Picking up tip from D5 of 300ul tiprack on 5
Transferring 50.0 from D1 of sample tubes on 2 to B5 of Opentrons 96 Well Aluminum Block with NEST Well Plate 100 µL on Temperature Module GEN1 on 1
	Aspirating 50.0 uL from D1 of sample tubes on 2 at 46.43 uL/sec
	Dispensing 50.0 uL into B5 of Opentrons 96 Well Aluminum Block with NEST Well Plate 100 µL on Temperature Module GEN1 on 1 at 46.43 uL/sec
	Mixing 5 times with a volume of 50.0 ul
		Aspirating 50.0 uL from B5 of Opentrons 96 Well Aluminum Block with NEST Well Plate 100 µL on Temperature Module GEN1 on 1 at 46.43 uL/sec
		Dispensing 50.0 uL into B5 of Opentrons 96 Well Aluminum Block with NEST Well Plate 100 µL on Temperature Module GEN1 on 1 at 46.43 uL/sec
		Aspirating 50.0 uL from B5 of Opentrons 96 Well Aluminum Block with NEST Well Plate 100 µL on Temperature Module GEN1 on 1 at 46.43 uL/sec
		Dispensing 50.0 uL into B5 of Opentrons 96 Well Aluminum Block with NEST Well Plate 100 µL on Temperature Module GEN1 on 1 at 46.43 uL/sec
		Aspirating 50.0 uL from B5 of Opentrons 96 Well Aluminum Block with NEST Well Plate 100 µL on Temperature Module GEN1 on 1 at 46.43 uL/sec
		Dispensing 50.0 uL into B5 of Opentrons 96 Well Aluminum Block with NEST Well Plate 100 µL on Temperature Module GEN1 on 1 at 46.43 uL/sec
		Aspirating 50.0 uL from B5 of Opentrons 96 Well Aluminum Block with NEST Well Plate 100 µL on Temperature Module GEN1 on 1 at 46.43 uL/sec
		Dispensing 50.0 uL into B5 of Opentrons 96 Well Aluminum Block with NEST Well Plate 100 µL on Temperature Module GEN1 on 1 at 46.43 uL/sec
		Aspirating 50.0 uL from B5 of Opentrons 96 Well Aluminum Block with NEST Well Plate 100 µL on Temperature Module GEN1 on 1 at 46.43 uL/sec
		Dispensing 50.0 uL into B5 of Opentrons 96 Well Aluminum Block with NEST Well Plate 100 µL on Temperature Module GEN1 on 1 at 46.43 uL/sec
Blowing out at B5 of Opentrons 96 Well Aluminum Block with NEST Well Plate 100 µL on Temperature Module GEN1 on 1
Dropping tip into A1 of Opentrons Fixed Trash on 12
Picking up tip from E5 of 300ul tiprack on 5
Transferring 50.0 from D1 of sample tubes on 2 to C5 of Opentrons 96 Well Aluminum Block with NEST Well Plate 100 µL on Temperature Module GEN1 on 1
	Aspirating 50.0 uL from D1 of sample tubes on 2 at 46.43 uL/sec
	Dispensing 50.0 uL into C5 of Opentrons 96 Well Aluminum Block with NEST Well Plate 100 µL on Temperature Module GEN1 on 1 at 46.43 uL/sec
	Mixing 5 times with a volume of 50.0 ul
		Aspirating 50.0 uL from C5 of Opentrons 96 Well Aluminum Block with NEST Well Plate 100 µL on Temperature Module GEN1 on 1 at 46.43 uL/sec
		Dispensing 50.0 uL into C5 of Opentrons 96 Well Aluminum Block with NEST Well Plate 100 µL on Temperature Module GEN1 on 1 at 46.43 uL/sec
		Aspirating 50.0 uL from C5 of Opentrons 96 Well Aluminum Block with NEST Well Plate 100 µL on Temperature Module GEN1 on 1 at 46.43 uL/sec
		Dispensing 50.0 uL into C5 of Opentrons 96 Well Aluminum Block with NEST Well Plate 100 µL on Temperature Module GEN1 on 1 at 46.43 uL/sec
		Aspirating 50.0 uL from C5 of Opentrons 96 Well Aluminum Block with NEST Well Plate 100 µL on Temperature Module GEN1 on 1 at 46.43 uL/sec
		Dispensing 50.0 uL into C5 of Opentrons 96 Well Aluminum Block with NEST Well Plate 100 µL on Temperature Module GEN1 on 1 at 46.43 uL/sec
		Aspirating 50.0 uL from C5 of Opentrons 96 Well Aluminum Block with NEST Well Plate 100 µL on Temperature Module GEN1 on 1 at 46.43 uL/sec
		Dispensing 50.0 uL into C5 of Opentrons 96 Well Aluminum Block with NEST Well Plate 100 µL on Temperature Module GEN1 on 1 at 46.43 uL/sec
		Aspirating 50.0 uL from C5 of Opentrons 96 Well Aluminum Block with NEST Well Plate 100 µL on Temperature Module GEN1 on 1 at 46.43 uL/sec
		Dispensing 50.0 uL into C5 of Opentrons 96 Well Aluminum Block with NEST Well Plate 100 µL on Temperature Module GEN1 on 1 at 46.43 uL/sec
Blowing out at C5 of Opentrons 96 Well Aluminum Block with NEST Well Plate 100 µL on Temperature Module GEN1 on 1
Dropping tip into A1 of Opentrons Fixed Trash on 12
Picking up tip from F5 of 300ul tiprack on 5
Transferring 50.0 from D1 of sample tubes on 2 to D5 of Opentrons 96 Well Aluminum Block with NEST Well Plate 100 µL on Temperature Module GEN1 on 1
	Aspirating 50.0 uL from D1 of sample tubes on 2 at 46.43 uL/sec
	Dispensing 50.0 uL into D5 of Opentrons 96 Well Aluminum Block with NEST Well Plate 100 µL on Temperature Module GEN1 on 1 at 46.43 uL/sec
	Mixing 5 times with a volume of 50.0 ul
		Aspirating 50.0 uL from D5 of Opentrons 96 Well Aluminum Block with NEST Well Plate 100 µL on Temperature Module GEN1 on 1 at 46.43 uL/sec
		Dispensing 50.0 uL into D5 of Opentrons 96 Well Aluminum Block with NEST Well Plate 100 µL on Temperature Module GEN1 on 1 at 46.43 uL/sec
		Aspirating 50.0 uL from D5 of Opentrons 96 Well Aluminum Block with NEST Well Plate 100 µL on Temperature Module GEN1 on 1 at 46.43 uL/sec
		Dispensing 50.0 uL into D5 of Opentrons 96 Well Aluminum Block with NEST Well Plate 100 µL on Temperature Module GEN1 on 1 at 46.43 uL/sec
		Aspirating 50.0 uL from D5 of Opentrons 96 Well Aluminum Block with NEST Well Plate 100 µL on Temperature Module GEN1 on 1 at 46.43 uL/sec
		Dispensing 50.0 uL into D5 of Opentrons 96 Well Aluminum Block with NEST Well Plate 100 µL on Temperature Module GEN1 on 1 at 46.43 uL/sec
		Aspirating 50.0 uL from D5 of Opentrons 96 Well Aluminum Block with NEST Well Plate 100 µL on Temperature Module GEN1 on 1 at 46.43 uL/sec
		Dispensing 50.0 uL into D5 of Opentrons 96 Well Aluminum Block with NEST Well Plate 100 µL on Temperature Module GEN1 on 1 at 46.43 uL/sec
		Aspirating 50.0 uL from D5 of Opentrons 96 Well Aluminum Block with NEST Well Plate 100 µL on Temperature Module GEN1 on 1 at 46.43 uL/sec
		Dispensing 50.0 uL into D5 of Opentrons 96 Well Aluminum Block with NEST Well Plate 100 µL on Temperature Module GEN1 on 1 at 46.43 uL/sec
Blowing out at D5 of Opentrons 96 Well Aluminum Block with NEST Well Plate 100 µL on Temperature Module GEN1 on 1
Dropping tip into A1 of Opentrons Fixed Trash on 12
Picking up tip from G5 of 300ul tiprack on 5
Transferring 50.0 from D1 of sample tubes on 2 to A6 of Opentrons 96 Well Aluminum Block with NEST Well Plate 100 µL on Temperature Module GEN1 on 1
	Aspirating 50.0 uL from D1 of sample tubes on 2 at 46.43 uL/sec
	Dispensing 50.0 uL into A6 of Opentrons 96 Well Aluminum Block with NEST Well Plate 100 µL on Temperature Module GEN1 on 1 at 46.43 uL/sec
	Mixing 5 times with a volume of 50.0 ul
		Aspirating 50.0 uL from A6 of Opentrons 96 Well Aluminum Block with NEST Well Plate 100 µL on Temperature Module GEN1 on 1 at 46.43 uL/sec
		Dispensing 50.0 uL into A6 of Opentrons 96 Well Aluminum Block with NEST Well Plate 100 µL on Temperature Module GEN1 on 1 at 46.43 uL/sec
		Aspirating 50.0 uL from A6 of Opentrons 96 Well Aluminum Block with NEST Well Plate 100 µL on Temperature Module GEN1 on 1 at 46.43 uL/sec
		Dispensing 50.0 uL into A6 of Opentrons 96 Well Aluminum Block with NEST Well Plate 100 µL on Temperature Module GEN1 on 1 at 46.43 uL/sec
		Aspirating 50.0 uL from A6 of Opentrons 96 Well Aluminum Block with NEST Well Plate 100 µL on Temperature Module GEN1 on 1 at 46.43 uL/sec
		Dispensing 50.0 uL into A6 of Opentrons 96 Well Aluminum Block with NEST Well Plate 100 µL on Temperature Module GEN1 on 1 at 46.43 uL/sec
		Aspirating 50.0 uL from A6 of Opentrons 96 Well Aluminum Block with NEST Well Plate 100 µL on Temperature Module GEN1 on 1 at 46.43 uL/sec
		Dispensing 50.0 uL into A6 of Opentrons 96 Well Aluminum Block with NEST Well Plate 100 µL on Temperature Module GEN1 on 1 at 46.43 uL/sec
		Aspirating 50.0 uL from A6 of Opentrons 96 Well Aluminum Block with NEST Well Plate 100 µL on Temperature Module GEN1 on 1 at 46.43 uL/sec
		Dispensing 50.0 uL into A6 of Opentrons 96 Well Aluminum Block with NEST Well Plate 100 µL on Temperature Module GEN1 on 1 at 46.43 uL/sec
Blowing out at A6 of Opentrons 96 Well Aluminum Block with NEST Well Plate 100 µL on Temperature Module GEN1 on 1
Dropping tip into A1 of Opentrons Fixed Trash on 12
Picking up tip from H5 of 300ul tiprack on 5
Transferring 50.0 from D1 of sample tubes on 2 to B6 of Opentrons 96 Well Aluminum Block with NEST Well Plate 100 µL on Temperature Module GEN1 on 1
	Aspirating 50.0 uL from D1 of sample tubes on 2 at 46.43 uL/sec
	Dispensing 50.0 uL into B6 of Opentrons 96 Well Aluminum Block with NEST Well Plate 100 µL on Temperature Module GEN1 on 1 at 46.43 uL/sec
	Mixing 5 times with a volume of 50.0 ul
		Aspirating 50.0 uL from B6 of Opentrons 96 Well Aluminum Block with NEST Well Plate 100 µL on Temperature Module GEN1 on 1 at 46.43 uL/sec
		Dispensing 50.0 uL into B6 of Opentrons 96 Well Aluminum Block with NEST Well Plate 100 µL on Temperature Module GEN1 on 1 at 46.43 uL/sec
		Aspirating 50.0 uL from B6 of Opentrons 96 Well Aluminum Block with NEST Well Plate 100 µL on Temperature Module GEN1 on 1 at 46.43 uL/sec
		Dispensing 50.0 uL into B6 of Opentrons 96 Well Aluminum Block with NEST Well Plate 100 µL on Temperature Module GEN1 on 1 at 46.43 uL/sec
		Aspirating 50.0 uL from B6 of Opentrons 96 Well Aluminum Block with NEST Well Plate 100 µL on Temperature Module GEN1 on 1 at 46.43 uL/sec
		Dispensing 50.0 uL into B6 of Opentrons 96 Well Aluminum Block with NEST Well Plate 100 µL on Temperature Module GEN1 on 1 at 46.43 uL/sec
		Aspirating 50.0 uL from B6 of Opentrons 96 Well Aluminum Block with NEST Well Plate 100 µL on Temperature Module GEN1 on 1 at 46.43 uL/sec
		Dispensing 50.0 uL into B6 of Opentrons 96 Well Aluminum Block with NEST Well Plate 100 µL on Temperature Module GEN1 on 1 at 46.43 uL/sec
		Aspirating 50.0 uL from B6 of Opentrons 96 Well Aluminum Block with NEST Well Plate 100 µL on Temperature Module GEN1 on 1 at 46.43 uL/sec
		Dispensing 50.0 uL into B6 of Opentrons 96 Well Aluminum Block with NEST Well Plate 100 µL on Temperature Module GEN1 on 1 at 46.43 uL/sec
Blowing out at B6 of Opentrons 96 Well Aluminum Block with NEST Well Plate 100 µL on Temperature Module GEN1 on 1
Dropping tip into A1 of Opentrons Fixed Trash on 12
Picking up tip from A1 of 20ul tiprack on 6
Transferring 10.0 from D2 of sample tubes on 2 to A1 of Opentrons 96 Well Aluminum Block with NEST Well Plate 100 µL on Temperature Module GEN1 on 1
	Aspirating 10.0 uL from D2 of sample tubes on 2 at 3.78 uL/sec
	Dispensing 10.0 uL into A1 of Opentrons 96 Well Aluminum Block with NEST Well Plate 100 µL on Temperature Module GEN1 on 1 at 3.78 uL/sec
Blowing out at A1 of Opentrons 96 Well Aluminum Block with NEST Well Plate 100 µL on Temperature Module GEN1 on 1
Dropping tip into A1 of Opentrons Fixed Trash on 12
Picking up tip from B1 of 20ul tiprack on 6
Transferring 10.0 from D2 of sample tubes on 2 to B1 of Opentrons 96 Well Aluminum Block with NEST Well Plate 100 µL on Temperature Module GEN1 on 1
	Aspirating 10.0 uL from D2 of sample tubes on 2 at 3.78 uL/sec
	Dispensing 10.0 uL into B1 of Opentrons 96 Well Aluminum Block with NEST Well Plate 100 µL on Temperature Module GEN1 on 1 at 3.78 uL/sec
Blowing out at B1 of Opentrons 96 Well Aluminum Block with NEST Well Plate 100 µL on Temperature Module GEN1 on 1
Dropping tip into A1 of Opentrons Fixed Trash on 12
Picking up tip from C1 of 20ul tiprack on 6
Transferring 10.0 from D2 of sample tubes on 2 to C1 of Opentrons 96 Well Aluminum Block with NEST Well Plate 100 µL on Temperature Module GEN1 on 1
	Aspirating 10.0 uL from D2 of sample tubes on 2 at 3.78 uL/sec
	Dispensing 10.0 uL into C1 of Opentrons 96 Well Aluminum Block with NEST Well Plate 100 µL on Temperature Module GEN1 on 1 at 3.78 uL/sec
Blowing out at C1 of Opentrons 96 Well Aluminum Block with NEST Well Plate 100 µL on Temperature Module GEN1 on 1
Dropping tip into A1 of Opentrons Fixed Trash on 12
Picking up tip from D1 of 20ul tiprack on 6
Transferring 10.0 from D2 of sample tubes on 2 to A2 of Opentrons 96 Well Aluminum Block with NEST Well Plate 100 µL on Temperature Module GEN1 on 1
	Aspirating 10.0 uL from D2 of sample tubes on 2 at 3.78 uL/sec
	Dispensing 10.0 uL into A2 of Opentrons 96 Well Aluminum Block with NEST Well Plate 100 µL on Temperature Module GEN1 on 1 at 3.78 uL/sec
Blowing out at A2 of Opentrons 96 Well Aluminum Block with NEST Well Plate 100 µL on Temperature Module GEN1 on 1
Dropping tip into A1 of Opentrons Fixed Trash on 12
Picking up tip from E1 of 20ul tiprack on 6
Transferring 10.0 from D2 of sample tubes on 2 to B2 of Opentrons 96 Well Aluminum Block with NEST Well Plate 100 µL on Temperature Module GEN1 on 1
	Aspirating 10.0 uL from D2 of sample tubes on 2 at 3.78 uL/sec
	Dispensing 10.0 uL into B2 of Opentrons 96 Well Aluminum Block with NEST Well Plate 100 µL on Temperature Module GEN1 on 1 at 3.78 uL/sec
Blowing out at B2 of Opentrons 96 Well Aluminum Block with NEST Well Plate 100 µL on Temperature Module GEN1 on 1
Dropping tip into A1 of Opentrons Fixed Trash on 12
Picking up tip from F1 of 20ul tiprack on 6
Transferring 10.0 from D2 of sample tubes on 2 to C2 of Opentrons 96 Well Aluminum Block with NEST Well Plate 100 µL on Temperature Module GEN1 on 1
	Aspirating 10.0 uL from D2 of sample tubes on 2 at 3.78 uL/sec
	Dispensing 10.0 uL into C2 of Opentrons 96 Well Aluminum Block with NEST Well Plate 100 µL on Temperature Module GEN1 on 1 at 3.78 uL/sec
Blowing out at C2 of Opentrons 96 Well Aluminum Block with NEST Well Plate 100 µL on Temperature Module GEN1 on 1
Dropping tip into A1 of Opentrons Fixed Trash on 12
Picking up tip from G1 of 20ul tiprack on 6
Transferring 10.0 from D2 of sample tubes on 2 to A3 of Opentrons 96 Well Aluminum Block with NEST Well Plate 100 µL on Temperature Module GEN1 on 1
	Aspirating 10.0 uL from D2 of sample tubes on 2 at 3.78 uL/sec
	Dispensing 10.0 uL into A3 of Opentrons 96 Well Aluminum Block with NEST Well Plate 100 µL on Temperature Module GEN1 on 1 at 3.78 uL/sec
Blowing out at A3 of Opentrons 96 Well Aluminum Block with NEST Well Plate 100 µL on Temperature Module GEN1 on 1
Dropping tip into A1 of Opentrons Fixed Trash on 12
Picking up tip from H1 of 20ul tiprack on 6
Transferring 10.0 from D2 of sample tubes on 2 to B3 of Opentrons 96 Well Aluminum Block with NEST Well Plate 100 µL on Temperature Module GEN1 on 1
	Aspirating 10.0 uL from D2 of sample tubes on 2 at 3.78 uL/sec
	Dispensing 10.0 uL into B3 of Opentrons 96 Well Aluminum Block with NEST Well Plate 100 µL on Temperature Module GEN1 on 1 at 3.78 uL/sec
Blowing out at B3 of Opentrons 96 Well Aluminum Block with NEST Well Plate 100 µL on Temperature Module GEN1 on 1
Dropping tip into A1 of Opentrons Fixed Trash on 12
Picking up tip from A2 of 20ul tiprack on 6
Transferring 10.0 from D2 of sample tubes on 2 to C3 of Opentrons 96 Well Aluminum Block with NEST Well Plate 100 µL on Temperature Module GEN1 on 1
	Aspirating 10.0 uL from D2 of sample tubes on 2 at 3.78 uL/sec
	Dispensing 10.0 uL into C3 of Opentrons 96 Well Aluminum Block with NEST Well Plate 100 µL on Temperature Module GEN1 on 1 at 3.78 uL/sec
Blowing out at C3 of Opentrons 96 Well Aluminum Block with NEST Well Plate 100 µL on Temperature Module GEN1 on 1
Dropping tip into A1 of Opentrons Fixed Trash on 12
Picking up tip from B2 of 20ul tiprack on 6
Transferring 10.0 from D2 of sample tubes on 2 to D3 of Opentrons 96 Well Aluminum Block with NEST Well Plate 100 µL on Temperature Module GEN1 on 1
	Aspirating 10.0 uL from D2 of sample tubes on 2 at 3.78 uL/sec
	Dispensing 10.0 uL into D3 of Opentrons 96 Well Aluminum Block with NEST Well Plate 100 µL on Temperature Module GEN1 on 1 at 3.78 uL/sec
Blowing out at D3 of Opentrons 96 Well Aluminum Block with NEST Well Plate 100 µL on Temperature Module GEN1 on 1
Dropping tip into A1 of Opentrons Fixed Trash on 12
Picking up tip from C2 of 20ul tiprack on 6
Transferring 10.0 from D2 of sample tubes on 2 to A4 of Opentrons 96 Well Aluminum Block with NEST Well Plate 100 µL on Temperature Module GEN1 on 1
	Aspirating 10.0 uL from D2 of sample tubes on 2 at 3.78 uL/sec
	Dispensing 10.0 uL into A4 of Opentrons 96 Well Aluminum Block with NEST Well Plate 100 µL on Temperature Module GEN1 on 1 at 3.78 uL/sec
Blowing out at A4 of Opentrons 96 Well Aluminum Block with NEST Well Plate 100 µL on Temperature Module GEN1 on 1
Dropping tip into A1 of Opentrons Fixed Trash on 12
Picking up tip from D2 of 20ul tiprack on 6
Transferring 10.0 from D2 of sample tubes on 2 to B4 of Opentrons 96 Well Aluminum Block with NEST Well Plate 100 µL on Temperature Module GEN1 on 1
	Aspirating 10.0 uL from D2 of sample tubes on 2 at 3.78 uL/sec
	Dispensing 10.0 uL into B4 of Opentrons 96 Well Aluminum Block with NEST Well Plate 100 µL on Temperature Module GEN1 on 1 at 3.78 uL/sec
Blowing out at B4 of Opentrons 96 Well Aluminum Block with NEST Well Plate 100 µL on Temperature Module GEN1 on 1
Dropping tip into A1 of Opentrons Fixed Trash on 12
Picking up tip from E2 of 20ul tiprack on 6
Transferring 10.0 from D2 of sample tubes on 2 to C4 of Opentrons 96 Well Aluminum Block with NEST Well Plate 100 µL on Temperature Module GEN1 on 1
	Aspirating 10.0 uL from D2 of sample tubes on 2 at 3.78 uL/sec
	Dispensing 10.0 uL into C4 of Opentrons 96 Well Aluminum Block with NEST Well Plate 100 µL on Temperature Module GEN1 on 1 at 3.78 uL/sec
Blowing out at C4 of Opentrons 96 Well Aluminum Block with NEST Well Plate 100 µL on Temperature Module GEN1 on 1
Dropping tip into A1 of Opentrons Fixed Trash on 12
Picking up tip from F2 of 20ul tiprack on 6
Transferring 10.0 from D2 of sample tubes on 2 to D4 of Opentrons 96 Well Aluminum Block with NEST Well Plate 100 µL on Temperature Module GEN1 on 1
	Aspirating 10.0 uL from D2 of sample tubes on 2 at 3.78 uL/sec
	Dispensing 10.0 uL into D4 of Opentrons 96 Well Aluminum Block with NEST Well Plate 100 µL on Temperature Module GEN1 on 1 at 3.78 uL/sec
Blowing out at D4 of Opentrons 96 Well Aluminum Block with NEST Well Plate 100 µL on Temperature Module GEN1 on 1
Dropping tip into A1 of Opentrons Fixed Trash on 12
Picking up tip from G2 of 20ul tiprack on 6
Transferring 10.0 from D2 of sample tubes on 2 to A5 of Opentrons 96 Well Aluminum Block with NEST Well Plate 100 µL on Temperature Module GEN1 on 1
	Aspirating 10.0 uL from D2 of sample tubes on 2 at 3.78 uL/sec
	Dispensing 10.0 uL into A5 of Opentrons 96 Well Aluminum Block with NEST Well Plate 100 µL on Temperature Module GEN1 on 1 at 3.78 uL/sec
Blowing out at A5 of Opentrons 96 Well Aluminum Block with NEST Well Plate 100 µL on Temperature Module GEN1 on 1
Dropping tip into A1 of Opentrons Fixed Trash on 12
Picking up tip from H2 of 20ul tiprack on 6
Transferring 10.0 from D2 of sample tubes on 2 to B5 of Opentrons 96 Well Aluminum Block with NEST Well Plate 100 µL on Temperature Module GEN1 on 1
	Aspirating 10.0 uL from D2 of sample tubes on 2 at 3.78 uL/sec
	Dispensing 10.0 uL into B5 of Opentrons 96 Well Aluminum Block with NEST Well Plate 100 µL on Temperature Module GEN1 on 1 at 3.78 uL/sec
Blowing out at B5 of Opentrons 96 Well Aluminum Block with NEST Well Plate 100 µL on Temperature Module GEN1 on 1
Dropping tip into A1 of Opentrons Fixed Trash on 12
Picking up tip from A3 of 20ul tiprack on 6
Transferring 10.0 from D2 of sample tubes on 2 to C5 of Opentrons 96 Well Aluminum Block with NEST Well Plate 100 µL on Temperature Module GEN1 on 1
	Aspirating 10.0 uL from D2 of sample tubes on 2 at 3.78 uL/sec
	Dispensing 10.0 uL into C5 of Opentrons 96 Well Aluminum Block with NEST Well Plate 100 µL on Temperature Module GEN1 on 1 at 3.78 uL/sec
Blowing out at C5 of Opentrons 96 Well Aluminum Block with NEST Well Plate 100 µL on Temperature Module GEN1 on 1
Dropping tip into A1 of Opentrons Fixed Trash on 12
Picking up tip from B3 of 20ul tiprack on 6
Transferring 10.0 from D2 of sample tubes on 2 to D5 of Opentrons 96 Well Aluminum Block with NEST Well Plate 100 µL on Temperature Module GEN1 on 1
	Aspirating 10.0 uL from D2 of sample tubes on 2 at 3.78 uL/sec
	Dispensing 10.0 uL into D5 of Opentrons 96 Well Aluminum Block with NEST Well Plate 100 µL on Temperature Module GEN1 on 1 at 3.78 uL/sec
Blowing out at D5 of Opentrons 96 Well Aluminum Block with NEST Well Plate 100 µL on Temperature Module GEN1 on 1
Dropping tip into A1 of Opentrons Fixed Trash on 12
Picking up tip from C3 of 20ul tiprack on 6
Transferring 10.0 from D2 of sample tubes on 2 to A6 of Opentrons 96 Well Aluminum Block with NEST Well Plate 100 µL on Temperature Module GEN1 on 1
	Aspirating 10.0 uL from D2 of sample tubes on 2 at 3.78 uL/sec
	Dispensing 10.0 uL into A6 of Opentrons 96 Well Aluminum Block with NEST Well Plate 100 µL on Temperature Module GEN1 on 1 at 3.78 uL/sec
Blowing out at A6 of Opentrons 96 Well Aluminum Block with NEST Well Plate 100 µL on Temperature Module GEN1 on 1
Dropping tip into A1 of Opentrons Fixed Trash on 12
Picking up tip from D3 of 20ul tiprack on 6
Transferring 10.0 from D2 of sample tubes on 2 to B6 of Opentrons 96 Well Aluminum Block with NEST Well Plate 100 µL on Temperature Module GEN1 on 1
	Aspirating 10.0 uL from D2 of sample tubes on 2 at 3.78 uL/sec
	Dispensing 10.0 uL into B6 of Opentrons 96 Well Aluminum Block with NEST Well Plate 100 µL on Temperature Module GEN1 on 1 at 3.78 uL/sec
Blowing out at B6 of Opentrons 96 Well Aluminum Block with NEST Well Plate 100 µL on Temperature Module GEN1 on 1
Dropping tip into A1 of Opentrons Fixed Trash on 12
Setting Temperature Module temperature to 50.0 °C (rounded off to nearest integer)
Delaying for 60 minutes and 0.0 seconds
Setting Temperature Module temperature to 4.0 °C (rounded off to nearest integer)
Protocol finished. Remove plate from 4˚C temperature module when ready.
Caught exception: {'message': 'Task was destroyed but it is pending!', 'task': <Task pending name='Task-4' coro=<Poller._poll_forever() running at /Users/dp/Desktop/project/github/opentrons/venv/lib/python3.10/site-packages/opentrons/hardware_control/poller.py:80> wait_for=<Future pending cb=[Task.task_wakeup()]>>}
Caught exception: {'message': 'Task was destroyed but it is pending!', 'task': <Task pending name='Task-3' coro=<Poller._poll_forever() running at /Users/dp/Desktop/project/github/opentrons/venv/lib/python3.10/site-packages/opentrons/hardware_control/poller.py:80> wait_for=<Future pending cb=[Task.task_wakeup()]>>}
Caught exception: {'message': 'Task was destroyed but it is pending!', 'task': <Task pending name='Task-2' coro=<Poller._poll_forever() running at /Users/dp/Desktop/project/github/opentrons/venv/lib/python3.10/site-packages/opentrons/hardware_control/poller.py:80> wait_for=<Future pending cb=[Task.task_wakeup()]>>}
