/Users/dp/Desktop/project/github/opentrons/venv/lib/python3.10/site-packages/opentrons/hardware_control/simulator_setup.py:205: UserWarning: Simulator configuration does not name a machine, defaulting to OT-2 Standard
  warn(
/Users/dp/.opentrons/robot_settings.json not found. Loading defaults
Deck calibration not found.
/Users/dp/.opentrons/deck_calibration.json not found. Loading defaults
Picking up tip from A1 of Opentrons OT-2 96 Tip Rack 10 µL on 11
Transferring 30.0 from A1 of source plate 1 on 1 to A1 of destination_plate on 10
	Aspirating 10.0 uL from A1 of source plate 1 on 1 at 5.0 uL/sec
	Dispensing 10.0 uL into A1 of destination_plate on 10 at 10.0 uL/sec
	Aspirating 10.0 uL from A1 of source plate 1 on 1 at 5.0 uL/sec
	Dispensing 10.0 uL into A1 of destination_plate on 10 at 10.0 uL/sec
	Aspirating 10.0 uL from A1 of source plate 1 on 1 at 5.0 uL/sec
	Dispensing 10.0 uL into A1 of destination_plate on 10 at 10.0 uL/sec
Blowing out at A1 of destination_plate on 10
Dropping tip into A1 of Opentrons Fixed Trash on 12
Picking up tip from B1 of Opentrons OT-2 96 Tip Rack 10 µL on 11
Transferring 30.0 from H2 of source plate 2 on 2 to B1 of destination_plate on 10
	Aspirating 10.0 uL from H2 of source plate 2 on 2 at 5.0 uL/sec
	Dispensing 10.0 uL into B1 of destination_plate on 10 at 10.0 uL/sec
	Aspirating 10.0 uL from H2 of source plate 2 on 2 at 5.0 uL/sec
	Dispensing 10.0 uL into B1 of destination_plate on 10 at 10.0 uL/sec
	Aspirating 10.0 uL from H2 of source plate 2 on 2 at 5.0 uL/sec
	Dispensing 10.0 uL into B1 of destination_plate on 10 at 10.0 uL/sec
Blowing out at B1 of destination_plate on 10
Dropping tip into A1 of Opentrons Fixed Trash on 12
Picking up tip from C1 of Opentrons OT-2 96 Tip Rack 10 µL on 11
Transferring 30.0 from B3 of source plate 3 on 3 to C3 of destination_plate on 10
	Aspirating 10.0 uL from B3 of source plate 3 on 3 at 5.0 uL/sec
	Dispensing 10.0 uL into C3 of destination_plate on 10 at 10.0 uL/sec
	Aspirating 10.0 uL from B3 of source plate 3 on 3 at 5.0 uL/sec
	Dispensing 10.0 uL into C3 of destination_plate on 10 at 10.0 uL/sec
	Aspirating 10.0 uL from B3 of source plate 3 on 3 at 5.0 uL/sec
	Dispensing 10.0 uL into C3 of destination_plate on 10 at 10.0 uL/sec
Blowing out at C3 of destination_plate on 10
Dropping tip into A1 of Opentrons Fixed Trash on 12
Picking up tip from D1 of Opentrons OT-2 96 Tip Rack 10 µL on 11
Transferring 30.0 from C7 of source plate 4 on 4 to D2 of destination_plate on 10
	Aspirating 10.0 uL from C7 of source plate 4 on 4 at 5.0 uL/sec
	Dispensing 10.0 uL into D2 of destination_plate on 10 at 10.0 uL/sec
	Aspirating 10.0 uL from C7 of source plate 4 on 4 at 5.0 uL/sec
	Dispensing 10.0 uL into D2 of destination_plate on 10 at 10.0 uL/sec
	Aspirating 10.0 uL from C7 of source plate 4 on 4 at 5.0 uL/sec
	Dispensing 10.0 uL into D2 of destination_plate on 10 at 10.0 uL/sec
Blowing out at D2 of destination_plate on 10
Dropping tip into A1 of Opentrons Fixed Trash on 12
Picking up tip from E1 of Opentrons OT-2 96 Tip Rack 10 µL on 11
Transferring 30.0 from A3 of source plate 5 on 5 to C1 of destination_plate on 10
	Aspirating 10.0 uL from A3 of source plate 5 on 5 at 5.0 uL/sec
	Dispensing 10.0 uL into C1 of destination_plate on 10 at 10.0 uL/sec
	Aspirating 10.0 uL from A3 of source plate 5 on 5 at 5.0 uL/sec
	Dispensing 10.0 uL into C1 of destination_plate on 10 at 10.0 uL/sec
	Aspirating 10.0 uL from A3 of source plate 5 on 5 at 5.0 uL/sec
	Dispensing 10.0 uL into C1 of destination_plate on 10 at 10.0 uL/sec
Blowing out at C1 of destination_plate on 10
Dropping tip into A1 of Opentrons Fixed Trash on 12
Picking up tip from F1 of Opentrons OT-2 96 Tip Rack 10 µL on 11
Transferring 30.0 from G1 of source plate 6 on 6 to D1 of destination_plate on 10
	Aspirating 10.0 uL from G1 of source plate 6 on 6 at 5.0 uL/sec
	Dispensing 10.0 uL into D1 of destination_plate on 10 at 10.0 uL/sec
	Aspirating 10.0 uL from G1 of source plate 6 on 6 at 5.0 uL/sec
	Dispensing 10.0 uL into D1 of destination_plate on 10 at 10.0 uL/sec
	Aspirating 10.0 uL from G1 of source plate 6 on 6 at 5.0 uL/sec
	Dispensing 10.0 uL into D1 of destination_plate on 10 at 10.0 uL/sec
Blowing out at D1 of destination_plate on 10
Dropping tip into A1 of Opentrons Fixed Trash on 12
Picking up tip from G1 of Opentrons OT-2 96 Tip Rack 10 µL on 11
Transferring 30.0 from H1 of source plate 7 on 7 to D8 of destination_plate on 10
	Aspirating 10.0 uL from H1 of source plate 7 on 7 at 5.0 uL/sec
	Dispensing 10.0 uL into D8 of destination_plate on 10 at 10.0 uL/sec
	Aspirating 10.0 uL from H1 of source plate 7 on 7 at 5.0 uL/sec
	Dispensing 10.0 uL into D8 of destination_plate on 10 at 10.0 uL/sec
	Aspirating 10.0 uL from H1 of source plate 7 on 7 at 5.0 uL/sec
	Dispensing 10.0 uL into D8 of destination_plate on 10 at 10.0 uL/sec
Blowing out at D8 of destination_plate on 10
Dropping tip into A1 of Opentrons Fixed Trash on 12
Picking up tip from H1 of Opentrons OT-2 96 Tip Rack 10 µL on 11
Transferring 30.0 from A12 of source plate 8 on 8 to C12 of destination_plate on 10
	Aspirating 10.0 uL from A12 of source plate 8 on 8 at 5.0 uL/sec
	Dispensing 10.0 uL into C12 of destination_plate on 10 at 10.0 uL/sec
	Aspirating 10.0 uL from A12 of source plate 8 on 8 at 5.0 uL/sec
	Dispensing 10.0 uL into C12 of destination_plate on 10 at 10.0 uL/sec
	Aspirating 10.0 uL from A12 of source plate 8 on 8 at 5.0 uL/sec
	Dispensing 10.0 uL into C12 of destination_plate on 10 at 10.0 uL/sec
Blowing out at C12 of destination_plate on 10
Dropping tip into A1 of Opentrons Fixed Trash on 12
Picking up tip from A2 of Opentrons OT-2 96 Tip Rack 10 µL on 11
Transferring 30.0 from B11 of source plate 9 on 9 to E11 of destination_plate on 10
	Aspirating 10.0 uL from B11 of source plate 9 on 9 at 5.0 uL/sec
	Dispensing 10.0 uL into E11 of destination_plate on 10 at 10.0 uL/sec
	Aspirating 10.0 uL from B11 of source plate 9 on 9 at 5.0 uL/sec
	Dispensing 10.0 uL into E11 of destination_plate on 10 at 10.0 uL/sec
	Aspirating 10.0 uL from B11 of source plate 9 on 9 at 5.0 uL/sec
	Dispensing 10.0 uL into E11 of destination_plate on 10 at 10.0 uL/sec
Blowing out at E11 of destination_plate on 10
Dropping tip into A1 of Opentrons Fixed Trash on 12
Caught exception: {'message': 'Task was destroyed but it is pending!', 'task': <Task pending name='Task-4' coro=<Poller._poll_forever() running at /Users/dp/Desktop/project/github/opentrons/venv/lib/python3.10/site-packages/opentrons/hardware_control/poller.py:80> wait_for=<Future pending cb=[Task.task_wakeup()]>>}
Caught exception: {'message': 'Task was destroyed but it is pending!', 'task': <Task pending name='Task-3' coro=<Poller._poll_forever() running at /Users/dp/Desktop/project/github/opentrons/venv/lib/python3.10/site-packages/opentrons/hardware_control/poller.py:80> wait_for=<Future pending cb=[Task.task_wakeup()]>>}
Caught exception: {'message': 'Task was destroyed but it is pending!', 'task': <Task pending name='Task-2' coro=<Poller._poll_forever() running at /Users/dp/Desktop/project/github/opentrons/venv/lib/python3.10/site-packages/opentrons/hardware_control/poller.py:80> wait_for=<Future pending cb=[Task.task_wakeup()]>>}
