/Users/dp/Desktop/project/github/opentrons/venv/lib/python3.10/site-packages/opentrons/hardware_control/simulator_setup.py:205: UserWarning: Simulator configuration does not name a machine, defaulting to OT-2 Standard
  warn(
/Users/dp/.opentrons/robot_settings.json not found. Loading defaults
Deck calibration not found.
/Users/dp/.opentrons/deck_calibration.json not found. Loading defaults

------------ADDING WATER TO FINAL PLATE-------------


Picking up tip from A1 of Opentrons OT-2 96 Filter Tip Rack 20 µL on 10
Transferring 5.0 from A1 of NEST 12 Well Reservoir 15 mL on 1 to A1 of NEST 96 Well Plate 100 µL PCR Full Skirt on 3
	Aspirating 5.0 uL from A1 of NEST 12 Well Reservoir 15 mL on 1 at 7.56 uL/sec
	Dispensing 5.0 uL into A1 of NEST 96 Well Plate 100 µL PCR Full Skirt on 3 at 7.56 uL/sec
Blowing out at A1 of NEST 96 Well Plate 100 µL PCR Full Skirt on 3
Transferring 5.0 from A1 of NEST 12 Well Reservoir 15 mL on 1 to A1 of NEST 96 Well Plate 100 µL PCR Full Skirt on 3
	Aspirating 5.0 uL from A1 of NEST 12 Well Reservoir 15 mL on 1 at 7.56 uL/sec
	Dispensing 5.0 uL into A1 of NEST 96 Well Plate 100 µL PCR Full Skirt on 3 at 7.56 uL/sec
Blowing out at A1 of NEST 96 Well Plate 100 µL PCR Full Skirt on 3
Transferring 5.0 from A1 of NEST 12 Well Reservoir 15 mL on 1 to A1 of NEST 96 Well Plate 100 µL PCR Full Skirt on 3
	Aspirating 5.0 uL from A1 of NEST 12 Well Reservoir 15 mL on 1 at 7.56 uL/sec
	Dispensing 5.0 uL into A1 of NEST 96 Well Plate 100 µL PCR Full Skirt on 3 at 7.56 uL/sec
Blowing out at A1 of NEST 96 Well Plate 100 µL PCR Full Skirt on 3
Dropping tip into A1 of Opentrons Fixed Trash on 12

------------ADDING DNA TO FINAL PLATE-------------


Picking up tip from B1 of Opentrons OT-2 96 Filter Tip Rack 20 µL on 10
Transferring 1.0 from A1 of NEST 96 Well Plate 100 µL PCR Full Skirt on 2 to A1 of NEST 96 Well Plate 100 µL PCR Full Skirt on 3
	Aspirating 1.0 uL from A1 of NEST 96 Well Plate 100 µL PCR Full Skirt on 2 at 7.56 uL/sec
	Dispensing 1.0 uL into A1 of NEST 96 Well Plate 100 µL PCR Full Skirt on 3 at 7.56 uL/sec
Blowing out at A1 of NEST 96 Well Plate 100 µL PCR Full Skirt on 3
Dropping tip into A1 of Opentrons Fixed Trash on 12
Picking up tip from C1 of Opentrons OT-2 96 Filter Tip Rack 20 µL on 10
Transferring 1.0 from A1 of NEST 96 Well Plate 100 µL PCR Full Skirt on 2 to A1 of NEST 96 Well Plate 100 µL PCR Full Skirt on 3
	Aspirating 1.0 uL from A1 of NEST 96 Well Plate 100 µL PCR Full Skirt on 2 at 7.56 uL/sec
	Dispensing 1.0 uL into A1 of NEST 96 Well Plate 100 µL PCR Full Skirt on 3 at 7.56 uL/sec
Blowing out at A1 of NEST 96 Well Plate 100 µL PCR Full Skirt on 3
Dropping tip into A1 of Opentrons Fixed Trash on 12
Picking up tip from D1 of Opentrons OT-2 96 Filter Tip Rack 20 µL on 10
Transferring 1.0 from A1 of NEST 96 Well Plate 100 µL PCR Full Skirt on 2 to A1 of NEST 96 Well Plate 100 µL PCR Full Skirt on 3
	Aspirating 1.0 uL from A1 of NEST 96 Well Plate 100 µL PCR Full Skirt on 2 at 7.56 uL/sec
	Dispensing 1.0 uL into A1 of NEST 96 Well Plate 100 µL PCR Full Skirt on 3 at 7.56 uL/sec
Blowing out at A1 of NEST 96 Well Plate 100 µL PCR Full Skirt on 3
Dropping tip into A1 of Opentrons Fixed Trash on 12
Pausing robot operation

----------ADDING SAMPLE TO BARCODE PLATE-----------


Picking up tip from A2 of Opentrons OT-2 96 Filter Tip Rack 20 µL on 10
Aspirating 6.0 uL from A1 of NEST 96 Well Plate 100 µL PCR Full Skirt on 3 at 7.6 uL/sec
Dispensing 6.0 uL into A1 of Bio-Rad 96 Well Plate 200 µL PCR on 5 at 7.6 uL/sec
Mixing 10 times with a volume of 8.0 ul
	Aspirating 8.0 uL from A1 of Bio-Rad 96 Well Plate 200 µL PCR on 5 at 7.6 uL/sec
	Dispensing 8.0 uL into A1 of Bio-Rad 96 Well Plate 200 µL PCR on 5 at 7.6 uL/sec
	Aspirating 8.0 uL from A1 of Bio-Rad 96 Well Plate 200 µL PCR on 5 at 7.6 uL/sec
	Dispensing 8.0 uL into A1 of Bio-Rad 96 Well Plate 200 µL PCR on 5 at 7.6 uL/sec
	Aspirating 8.0 uL from A1 of Bio-Rad 96 Well Plate 200 µL PCR on 5 at 7.6 uL/sec
	Dispensing 8.0 uL into A1 of Bio-Rad 96 Well Plate 200 µL PCR on 5 at 7.6 uL/sec
	Aspirating 8.0 uL from A1 of Bio-Rad 96 Well Plate 200 µL PCR on 5 at 7.6 uL/sec
	Dispensing 8.0 uL into A1 of Bio-Rad 96 Well Plate 200 µL PCR on 5 at 7.6 uL/sec
	Aspirating 8.0 uL from A1 of Bio-Rad 96 Well Plate 200 µL PCR on 5 at 7.6 uL/sec
	Dispensing 8.0 uL into A1 of Bio-Rad 96 Well Plate 200 µL PCR on 5 at 7.6 uL/sec
	Aspirating 8.0 uL from A1 of Bio-Rad 96 Well Plate 200 µL PCR on 5 at 7.6 uL/sec
	Dispensing 8.0 uL into A1 of Bio-Rad 96 Well Plate 200 µL PCR on 5 at 7.6 uL/sec
	Aspirating 8.0 uL from A1 of Bio-Rad 96 Well Plate 200 µL PCR on 5 at 7.6 uL/sec
	Dispensing 8.0 uL into A1 of Bio-Rad 96 Well Plate 200 µL PCR on 5 at 7.6 uL/sec
	Aspirating 8.0 uL from A1 of Bio-Rad 96 Well Plate 200 µL PCR on 5 at 7.6 uL/sec
	Dispensing 8.0 uL into A1 of Bio-Rad 96 Well Plate 200 µL PCR on 5 at 7.6 uL/sec
	Aspirating 8.0 uL from A1 of Bio-Rad 96 Well Plate 200 µL PCR on 5 at 7.6 uL/sec
	Dispensing 8.0 uL into A1 of Bio-Rad 96 Well Plate 200 µL PCR on 5 at 7.6 uL/sec
	Aspirating 8.0 uL from A1 of Bio-Rad 96 Well Plate 200 µL PCR on 5 at 7.6 uL/sec
	Dispensing 8.0 uL into A1 of Bio-Rad 96 Well Plate 200 µL PCR on 5 at 7.6 uL/sec
Blowing out at A1 of Bio-Rad 96 Well Plate 200 µL PCR on 5
Dropping tip into A1 of Opentrons Fixed Trash on 12
Picking up tip from A3 of Opentrons OT-2 96 Filter Tip Rack 20 µL on 10
Aspirating 6.0 uL from A2 of NEST 96 Well Plate 100 µL PCR Full Skirt on 3 at 7.6 uL/sec
Dispensing 6.0 uL into A2 of Bio-Rad 96 Well Plate 200 µL PCR on 5 at 7.6 uL/sec
Mixing 10 times with a volume of 8.0 ul
	Aspirating 8.0 uL from A2 of Bio-Rad 96 Well Plate 200 µL PCR on 5 at 7.6 uL/sec
	Dispensing 8.0 uL into A2 of Bio-Rad 96 Well Plate 200 µL PCR on 5 at 7.6 uL/sec
	Aspirating 8.0 uL from A2 of Bio-Rad 96 Well Plate 200 µL PCR on 5 at 7.6 uL/sec
	Dispensing 8.0 uL into A2 of Bio-Rad 96 Well Plate 200 µL PCR on 5 at 7.6 uL/sec
	Aspirating 8.0 uL from A2 of Bio-Rad 96 Well Plate 200 µL PCR on 5 at 7.6 uL/sec
	Dispensing 8.0 uL into A2 of Bio-Rad 96 Well Plate 200 µL PCR on 5 at 7.6 uL/sec
	Aspirating 8.0 uL from A2 of Bio-Rad 96 Well Plate 200 µL PCR on 5 at 7.6 uL/sec
	Dispensing 8.0 uL into A2 of Bio-Rad 96 Well Plate 200 µL PCR on 5 at 7.6 uL/sec
	Aspirating 8.0 uL from A2 of Bio-Rad 96 Well Plate 200 µL PCR on 5 at 7.6 uL/sec
	Dispensing 8.0 uL into A2 of Bio-Rad 96 Well Plate 200 µL PCR on 5 at 7.6 uL/sec
	Aspirating 8.0 uL from A2 of Bio-Rad 96 Well Plate 200 µL PCR on 5 at 7.6 uL/sec
	Dispensing 8.0 uL into A2 of Bio-Rad 96 Well Plate 200 µL PCR on 5 at 7.6 uL/sec
	Aspirating 8.0 uL from A2 of Bio-Rad 96 Well Plate 200 µL PCR on 5 at 7.6 uL/sec
	Dispensing 8.0 uL into A2 of Bio-Rad 96 Well Plate 200 µL PCR on 5 at 7.6 uL/sec
	Aspirating 8.0 uL from A2 of Bio-Rad 96 Well Plate 200 µL PCR on 5 at 7.6 uL/sec
	Dispensing 8.0 uL into A2 of Bio-Rad 96 Well Plate 200 µL PCR on 5 at 7.6 uL/sec
	Aspirating 8.0 uL from A2 of Bio-Rad 96 Well Plate 200 µL PCR on 5 at 7.6 uL/sec
	Dispensing 8.0 uL into A2 of Bio-Rad 96 Well Plate 200 µL PCR on 5 at 7.6 uL/sec
	Aspirating 8.0 uL from A2 of Bio-Rad 96 Well Plate 200 µL PCR on 5 at 7.6 uL/sec
	Dispensing 8.0 uL into A2 of Bio-Rad 96 Well Plate 200 µL PCR on 5 at 7.6 uL/sec
Blowing out at A2 of Bio-Rad 96 Well Plate 200 µL PCR on 5
Dropping tip into A1 of Opentrons Fixed Trash on 12
Picking up tip from A4 of Opentrons OT-2 96 Filter Tip Rack 20 µL on 10
Aspirating 6.0 uL from A3 of NEST 96 Well Plate 100 µL PCR Full Skirt on 3 at 7.6 uL/sec
Dispensing 6.0 uL into A3 of Bio-Rad 96 Well Plate 200 µL PCR on 5 at 7.6 uL/sec
Mixing 10 times with a volume of 8.0 ul
	Aspirating 8.0 uL from A3 of Bio-Rad 96 Well Plate 200 µL PCR on 5 at 7.6 uL/sec
	Dispensing 8.0 uL into A3 of Bio-Rad 96 Well Plate 200 µL PCR on 5 at 7.6 uL/sec
	Aspirating 8.0 uL from A3 of Bio-Rad 96 Well Plate 200 µL PCR on 5 at 7.6 uL/sec
	Dispensing 8.0 uL into A3 of Bio-Rad 96 Well Plate 200 µL PCR on 5 at 7.6 uL/sec
	Aspirating 8.0 uL from A3 of Bio-Rad 96 Well Plate 200 µL PCR on 5 at 7.6 uL/sec
	Dispensing 8.0 uL into A3 of Bio-Rad 96 Well Plate 200 µL PCR on 5 at 7.6 uL/sec
	Aspirating 8.0 uL from A3 of Bio-Rad 96 Well Plate 200 µL PCR on 5 at 7.6 uL/sec
	Dispensing 8.0 uL into A3 of Bio-Rad 96 Well Plate 200 µL PCR on 5 at 7.6 uL/sec
	Aspirating 8.0 uL from A3 of Bio-Rad 96 Well Plate 200 µL PCR on 5 at 7.6 uL/sec
	Dispensing 8.0 uL into A3 of Bio-Rad 96 Well Plate 200 µL PCR on 5 at 7.6 uL/sec
	Aspirating 8.0 uL from A3 of Bio-Rad 96 Well Plate 200 µL PCR on 5 at 7.6 uL/sec
	Dispensing 8.0 uL into A3 of Bio-Rad 96 Well Plate 200 µL PCR on 5 at 7.6 uL/sec
	Aspirating 8.0 uL from A3 of Bio-Rad 96 Well Plate 200 µL PCR on 5 at 7.6 uL/sec
	Dispensing 8.0 uL into A3 of Bio-Rad 96 Well Plate 200 µL PCR on 5 at 7.6 uL/sec
	Aspirating 8.0 uL from A3 of Bio-Rad 96 Well Plate 200 µL PCR on 5 at 7.6 uL/sec
	Dispensing 8.0 uL into A3 of Bio-Rad 96 Well Plate 200 µL PCR on 5 at 7.6 uL/sec
	Aspirating 8.0 uL from A3 of Bio-Rad 96 Well Plate 200 µL PCR on 5 at 7.6 uL/sec
	Dispensing 8.0 uL into A3 of Bio-Rad 96 Well Plate 200 µL PCR on 5 at 7.6 uL/sec
	Aspirating 8.0 uL from A3 of Bio-Rad 96 Well Plate 200 µL PCR on 5 at 7.6 uL/sec
	Dispensing 8.0 uL into A3 of Bio-Rad 96 Well Plate 200 µL PCR on 5 at 7.6 uL/sec
Blowing out at A3 of Bio-Rad 96 Well Plate 200 µL PCR on 5
Dropping tip into A1 of Opentrons Fixed Trash on 12
Picking up tip from A5 of Opentrons OT-2 96 Filter Tip Rack 20 µL on 10
Aspirating 6.0 uL from A4 of NEST 96 Well Plate 100 µL PCR Full Skirt on 3 at 7.6 uL/sec
Dispensing 6.0 uL into A4 of Bio-Rad 96 Well Plate 200 µL PCR on 5 at 7.6 uL/sec
Mixing 10 times with a volume of 8.0 ul
	Aspirating 8.0 uL from A4 of Bio-Rad 96 Well Plate 200 µL PCR on 5 at 7.6 uL/sec
	Dispensing 8.0 uL into A4 of Bio-Rad 96 Well Plate 200 µL PCR on 5 at 7.6 uL/sec
	Aspirating 8.0 uL from A4 of Bio-Rad 96 Well Plate 200 µL PCR on 5 at 7.6 uL/sec
	Dispensing 8.0 uL into A4 of Bio-Rad 96 Well Plate 200 µL PCR on 5 at 7.6 uL/sec
	Aspirating 8.0 uL from A4 of Bio-Rad 96 Well Plate 200 µL PCR on 5 at 7.6 uL/sec
	Dispensing 8.0 uL into A4 of Bio-Rad 96 Well Plate 200 µL PCR on 5 at 7.6 uL/sec
	Aspirating 8.0 uL from A4 of Bio-Rad 96 Well Plate 200 µL PCR on 5 at 7.6 uL/sec
	Dispensing 8.0 uL into A4 of Bio-Rad 96 Well Plate 200 µL PCR on 5 at 7.6 uL/sec
	Aspirating 8.0 uL from A4 of Bio-Rad 96 Well Plate 200 µL PCR on 5 at 7.6 uL/sec
	Dispensing 8.0 uL into A4 of Bio-Rad 96 Well Plate 200 µL PCR on 5 at 7.6 uL/sec
	Aspirating 8.0 uL from A4 of Bio-Rad 96 Well Plate 200 µL PCR on 5 at 7.6 uL/sec
	Dispensing 8.0 uL into A4 of Bio-Rad 96 Well Plate 200 µL PCR on 5 at 7.6 uL/sec
	Aspirating 8.0 uL from A4 of Bio-Rad 96 Well Plate 200 µL PCR on 5 at 7.6 uL/sec
	Dispensing 8.0 uL into A4 of Bio-Rad 96 Well Plate 200 µL PCR on 5 at 7.6 uL/sec
	Aspirating 8.0 uL from A4 of Bio-Rad 96 Well Plate 200 µL PCR on 5 at 7.6 uL/sec
	Dispensing 8.0 uL into A4 of Bio-Rad 96 Well Plate 200 µL PCR on 5 at 7.6 uL/sec
	Aspirating 8.0 uL from A4 of Bio-Rad 96 Well Plate 200 µL PCR on 5 at 7.6 uL/sec
	Dispensing 8.0 uL into A4 of Bio-Rad 96 Well Plate 200 µL PCR on 5 at 7.6 uL/sec
	Aspirating 8.0 uL from A4 of Bio-Rad 96 Well Plate 200 µL PCR on 5 at 7.6 uL/sec
	Dispensing 8.0 uL into A4 of Bio-Rad 96 Well Plate 200 µL PCR on 5 at 7.6 uL/sec
Blowing out at A4 of Bio-Rad 96 Well Plate 200 µL PCR on 5
Dropping tip into A1 of Opentrons Fixed Trash on 12
Picking up tip from A6 of Opentrons OT-2 96 Filter Tip Rack 20 µL on 10
Aspirating 6.0 uL from A5 of NEST 96 Well Plate 100 µL PCR Full Skirt on 3 at 7.6 uL/sec
Dispensing 6.0 uL into A5 of Bio-Rad 96 Well Plate 200 µL PCR on 5 at 7.6 uL/sec
Mixing 10 times with a volume of 8.0 ul
	Aspirating 8.0 uL from A5 of Bio-Rad 96 Well Plate 200 µL PCR on 5 at 7.6 uL/sec
	Dispensing 8.0 uL into A5 of Bio-Rad 96 Well Plate 200 µL PCR on 5 at 7.6 uL/sec
	Aspirating 8.0 uL from A5 of Bio-Rad 96 Well Plate 200 µL PCR on 5 at 7.6 uL/sec
	Dispensing 8.0 uL into A5 of Bio-Rad 96 Well Plate 200 µL PCR on 5 at 7.6 uL/sec
	Aspirating 8.0 uL from A5 of Bio-Rad 96 Well Plate 200 µL PCR on 5 at 7.6 uL/sec
	Dispensing 8.0 uL into A5 of Bio-Rad 96 Well Plate 200 µL PCR on 5 at 7.6 uL/sec
	Aspirating 8.0 uL from A5 of Bio-Rad 96 Well Plate 200 µL PCR on 5 at 7.6 uL/sec
	Dispensing 8.0 uL into A5 of Bio-Rad 96 Well Plate 200 µL PCR on 5 at 7.6 uL/sec
	Aspirating 8.0 uL from A5 of Bio-Rad 96 Well Plate 200 µL PCR on 5 at 7.6 uL/sec
	Dispensing 8.0 uL into A5 of Bio-Rad 96 Well Plate 200 µL PCR on 5 at 7.6 uL/sec
	Aspirating 8.0 uL from A5 of Bio-Rad 96 Well Plate 200 µL PCR on 5 at 7.6 uL/sec
	Dispensing 8.0 uL into A5 of Bio-Rad 96 Well Plate 200 µL PCR on 5 at 7.6 uL/sec
	Aspirating 8.0 uL from A5 of Bio-Rad 96 Well Plate 200 µL PCR on 5 at 7.6 uL/sec
	Dispensing 8.0 uL into A5 of Bio-Rad 96 Well Plate 200 µL PCR on 5 at 7.6 uL/sec
	Aspirating 8.0 uL from A5 of Bio-Rad 96 Well Plate 200 µL PCR on 5 at 7.6 uL/sec
	Dispensing 8.0 uL into A5 of Bio-Rad 96 Well Plate 200 µL PCR on 5 at 7.6 uL/sec
	Aspirating 8.0 uL from A5 of Bio-Rad 96 Well Plate 200 µL PCR on 5 at 7.6 uL/sec
	Dispensing 8.0 uL into A5 of Bio-Rad 96 Well Plate 200 µL PCR on 5 at 7.6 uL/sec
	Aspirating 8.0 uL from A5 of Bio-Rad 96 Well Plate 200 µL PCR on 5 at 7.6 uL/sec
	Dispensing 8.0 uL into A5 of Bio-Rad 96 Well Plate 200 µL PCR on 5 at 7.6 uL/sec
Blowing out at A5 of Bio-Rad 96 Well Plate 200 µL PCR on 5
Dropping tip into A1 of Opentrons Fixed Trash on 12
Picking up tip from A7 of Opentrons OT-2 96 Filter Tip Rack 20 µL on 10
Aspirating 6.0 uL from A6 of NEST 96 Well Plate 100 µL PCR Full Skirt on 3 at 7.6 uL/sec
Dispensing 6.0 uL into A6 of Bio-Rad 96 Well Plate 200 µL PCR on 5 at 7.6 uL/sec
Mixing 10 times with a volume of 8.0 ul
	Aspirating 8.0 uL from A6 of Bio-Rad 96 Well Plate 200 µL PCR on 5 at 7.6 uL/sec
	Dispensing 8.0 uL into A6 of Bio-Rad 96 Well Plate 200 µL PCR on 5 at 7.6 uL/sec
	Aspirating 8.0 uL from A6 of Bio-Rad 96 Well Plate 200 µL PCR on 5 at 7.6 uL/sec
	Dispensing 8.0 uL into A6 of Bio-Rad 96 Well Plate 200 µL PCR on 5 at 7.6 uL/sec
	Aspirating 8.0 uL from A6 of Bio-Rad 96 Well Plate 200 µL PCR on 5 at 7.6 uL/sec
	Dispensing 8.0 uL into A6 of Bio-Rad 96 Well Plate 200 µL PCR on 5 at 7.6 uL/sec
	Aspirating 8.0 uL from A6 of Bio-Rad 96 Well Plate 200 µL PCR on 5 at 7.6 uL/sec
	Dispensing 8.0 uL into A6 of Bio-Rad 96 Well Plate 200 µL PCR on 5 at 7.6 uL/sec
	Aspirating 8.0 uL from A6 of Bio-Rad 96 Well Plate 200 µL PCR on 5 at 7.6 uL/sec
	Dispensing 8.0 uL into A6 of Bio-Rad 96 Well Plate 200 µL PCR on 5 at 7.6 uL/sec
	Aspirating 8.0 uL from A6 of Bio-Rad 96 Well Plate 200 µL PCR on 5 at 7.6 uL/sec
	Dispensing 8.0 uL into A6 of Bio-Rad 96 Well Plate 200 µL PCR on 5 at 7.6 uL/sec
	Aspirating 8.0 uL from A6 of Bio-Rad 96 Well Plate 200 µL PCR on 5 at 7.6 uL/sec
	Dispensing 8.0 uL into A6 of Bio-Rad 96 Well Plate 200 µL PCR on 5 at 7.6 uL/sec
	Aspirating 8.0 uL from A6 of Bio-Rad 96 Well Plate 200 µL PCR on 5 at 7.6 uL/sec
	Dispensing 8.0 uL into A6 of Bio-Rad 96 Well Plate 200 µL PCR on 5 at 7.6 uL/sec
	Aspirating 8.0 uL from A6 of Bio-Rad 96 Well Plate 200 µL PCR on 5 at 7.6 uL/sec
	Dispensing 8.0 uL into A6 of Bio-Rad 96 Well Plate 200 µL PCR on 5 at 7.6 uL/sec
	Aspirating 8.0 uL from A6 of Bio-Rad 96 Well Plate 200 µL PCR on 5 at 7.6 uL/sec
	Dispensing 8.0 uL into A6 of Bio-Rad 96 Well Plate 200 µL PCR on 5 at 7.6 uL/sec
Blowing out at A6 of Bio-Rad 96 Well Plate 200 µL PCR on 5
Dropping tip into A1 of Opentrons Fixed Trash on 12
Picking up tip from A8 of Opentrons OT-2 96 Filter Tip Rack 20 µL on 10
Aspirating 6.0 uL from A7 of NEST 96 Well Plate 100 µL PCR Full Skirt on 3 at 7.6 uL/sec
Dispensing 6.0 uL into A7 of Bio-Rad 96 Well Plate 200 µL PCR on 5 at 7.6 uL/sec
Mixing 10 times with a volume of 8.0 ul
	Aspirating 8.0 uL from A7 of Bio-Rad 96 Well Plate 200 µL PCR on 5 at 7.6 uL/sec
	Dispensing 8.0 uL into A7 of Bio-Rad 96 Well Plate 200 µL PCR on 5 at 7.6 uL/sec
	Aspirating 8.0 uL from A7 of Bio-Rad 96 Well Plate 200 µL PCR on 5 at 7.6 uL/sec
	Dispensing 8.0 uL into A7 of Bio-Rad 96 Well Plate 200 µL PCR on 5 at 7.6 uL/sec
	Aspirating 8.0 uL from A7 of Bio-Rad 96 Well Plate 200 µL PCR on 5 at 7.6 uL/sec
	Dispensing 8.0 uL into A7 of Bio-Rad 96 Well Plate 200 µL PCR on 5 at 7.6 uL/sec
	Aspirating 8.0 uL from A7 of Bio-Rad 96 Well Plate 200 µL PCR on 5 at 7.6 uL/sec
	Dispensing 8.0 uL into A7 of Bio-Rad 96 Well Plate 200 µL PCR on 5 at 7.6 uL/sec
	Aspirating 8.0 uL from A7 of Bio-Rad 96 Well Plate 200 µL PCR on 5 at 7.6 uL/sec
	Dispensing 8.0 uL into A7 of Bio-Rad 96 Well Plate 200 µL PCR on 5 at 7.6 uL/sec
	Aspirating 8.0 uL from A7 of Bio-Rad 96 Well Plate 200 µL PCR on 5 at 7.6 uL/sec
	Dispensing 8.0 uL into A7 of Bio-Rad 96 Well Plate 200 µL PCR on 5 at 7.6 uL/sec
	Aspirating 8.0 uL from A7 of Bio-Rad 96 Well Plate 200 µL PCR on 5 at 7.6 uL/sec
	Dispensing 8.0 uL into A7 of Bio-Rad 96 Well Plate 200 µL PCR on 5 at 7.6 uL/sec
	Aspirating 8.0 uL from A7 of Bio-Rad 96 Well Plate 200 µL PCR on 5 at 7.6 uL/sec
	Dispensing 8.0 uL into A7 of Bio-Rad 96 Well Plate 200 µL PCR on 5 at 7.6 uL/sec
	Aspirating 8.0 uL from A7 of Bio-Rad 96 Well Plate 200 µL PCR on 5 at 7.6 uL/sec
	Dispensing 8.0 uL into A7 of Bio-Rad 96 Well Plate 200 µL PCR on 5 at 7.6 uL/sec
	Aspirating 8.0 uL from A7 of Bio-Rad 96 Well Plate 200 µL PCR on 5 at 7.6 uL/sec
	Dispensing 8.0 uL into A7 of Bio-Rad 96 Well Plate 200 µL PCR on 5 at 7.6 uL/sec
Blowing out at A7 of Bio-Rad 96 Well Plate 200 µL PCR on 5
Dropping tip into A1 of Opentrons Fixed Trash on 12
Picking up tip from A9 of Opentrons OT-2 96 Filter Tip Rack 20 µL on 10
Aspirating 6.0 uL from A8 of NEST 96 Well Plate 100 µL PCR Full Skirt on 3 at 7.6 uL/sec
Dispensing 6.0 uL into A8 of Bio-Rad 96 Well Plate 200 µL PCR on 5 at 7.6 uL/sec
Mixing 10 times with a volume of 8.0 ul
	Aspirating 8.0 uL from A8 of Bio-Rad 96 Well Plate 200 µL PCR on 5 at 7.6 uL/sec
	Dispensing 8.0 uL into A8 of Bio-Rad 96 Well Plate 200 µL PCR on 5 at 7.6 uL/sec
	Aspirating 8.0 uL from A8 of Bio-Rad 96 Well Plate 200 µL PCR on 5 at 7.6 uL/sec
	Dispensing 8.0 uL into A8 of Bio-Rad 96 Well Plate 200 µL PCR on 5 at 7.6 uL/sec
	Aspirating 8.0 uL from A8 of Bio-Rad 96 Well Plate 200 µL PCR on 5 at 7.6 uL/sec
	Dispensing 8.0 uL into A8 of Bio-Rad 96 Well Plate 200 µL PCR on 5 at 7.6 uL/sec
	Aspirating 8.0 uL from A8 of Bio-Rad 96 Well Plate 200 µL PCR on 5 at 7.6 uL/sec
	Dispensing 8.0 uL into A8 of Bio-Rad 96 Well Plate 200 µL PCR on 5 at 7.6 uL/sec
	Aspirating 8.0 uL from A8 of Bio-Rad 96 Well Plate 200 µL PCR on 5 at 7.6 uL/sec
	Dispensing 8.0 uL into A8 of Bio-Rad 96 Well Plate 200 µL PCR on 5 at 7.6 uL/sec
	Aspirating 8.0 uL from A8 of Bio-Rad 96 Well Plate 200 µL PCR on 5 at 7.6 uL/sec
	Dispensing 8.0 uL into A8 of Bio-Rad 96 Well Plate 200 µL PCR on 5 at 7.6 uL/sec
	Aspirating 8.0 uL from A8 of Bio-Rad 96 Well Plate 200 µL PCR on 5 at 7.6 uL/sec
	Dispensing 8.0 uL into A8 of Bio-Rad 96 Well Plate 200 µL PCR on 5 at 7.6 uL/sec
	Aspirating 8.0 uL from A8 of Bio-Rad 96 Well Plate 200 µL PCR on 5 at 7.6 uL/sec
	Dispensing 8.0 uL into A8 of Bio-Rad 96 Well Plate 200 µL PCR on 5 at 7.6 uL/sec
	Aspirating 8.0 uL from A8 of Bio-Rad 96 Well Plate 200 µL PCR on 5 at 7.6 uL/sec
	Dispensing 8.0 uL into A8 of Bio-Rad 96 Well Plate 200 µL PCR on 5 at 7.6 uL/sec
	Aspirating 8.0 uL from A8 of Bio-Rad 96 Well Plate 200 µL PCR on 5 at 7.6 uL/sec
	Dispensing 8.0 uL into A8 of Bio-Rad 96 Well Plate 200 µL PCR on 5 at 7.6 uL/sec
Blowing out at A8 of Bio-Rad 96 Well Plate 200 µL PCR on 5
Dropping tip into A1 of Opentrons Fixed Trash on 12
Picking up tip from A10 of Opentrons OT-2 96 Filter Tip Rack 20 µL on 10
Aspirating 6.0 uL from A9 of NEST 96 Well Plate 100 µL PCR Full Skirt on 3 at 7.6 uL/sec
Dispensing 6.0 uL into A9 of Bio-Rad 96 Well Plate 200 µL PCR on 5 at 7.6 uL/sec
Mixing 10 times with a volume of 8.0 ul
	Aspirating 8.0 uL from A9 of Bio-Rad 96 Well Plate 200 µL PCR on 5 at 7.6 uL/sec
	Dispensing 8.0 uL into A9 of Bio-Rad 96 Well Plate 200 µL PCR on 5 at 7.6 uL/sec
	Aspirating 8.0 uL from A9 of Bio-Rad 96 Well Plate 200 µL PCR on 5 at 7.6 uL/sec
	Dispensing 8.0 uL into A9 of Bio-Rad 96 Well Plate 200 µL PCR on 5 at 7.6 uL/sec
	Aspirating 8.0 uL from A9 of Bio-Rad 96 Well Plate 200 µL PCR on 5 at 7.6 uL/sec
	Dispensing 8.0 uL into A9 of Bio-Rad 96 Well Plate 200 µL PCR on 5 at 7.6 uL/sec
	Aspirating 8.0 uL from A9 of Bio-Rad 96 Well Plate 200 µL PCR on 5 at 7.6 uL/sec
	Dispensing 8.0 uL into A9 of Bio-Rad 96 Well Plate 200 µL PCR on 5 at 7.6 uL/sec
	Aspirating 8.0 uL from A9 of Bio-Rad 96 Well Plate 200 µL PCR on 5 at 7.6 uL/sec
	Dispensing 8.0 uL into A9 of Bio-Rad 96 Well Plate 200 µL PCR on 5 at 7.6 uL/sec
	Aspirating 8.0 uL from A9 of Bio-Rad 96 Well Plate 200 µL PCR on 5 at 7.6 uL/sec
	Dispensing 8.0 uL into A9 of Bio-Rad 96 Well Plate 200 µL PCR on 5 at 7.6 uL/sec
	Aspirating 8.0 uL from A9 of Bio-Rad 96 Well Plate 200 µL PCR on 5 at 7.6 uL/sec
	Dispensing 8.0 uL into A9 of Bio-Rad 96 Well Plate 200 µL PCR on 5 at 7.6 uL/sec
	Aspirating 8.0 uL from A9 of Bio-Rad 96 Well Plate 200 µL PCR on 5 at 7.6 uL/sec
	Dispensing 8.0 uL into A9 of Bio-Rad 96 Well Plate 200 µL PCR on 5 at 7.6 uL/sec
	Aspirating 8.0 uL from A9 of Bio-Rad 96 Well Plate 200 µL PCR on 5 at 7.6 uL/sec
	Dispensing 8.0 uL into A9 of Bio-Rad 96 Well Plate 200 µL PCR on 5 at 7.6 uL/sec
	Aspirating 8.0 uL from A9 of Bio-Rad 96 Well Plate 200 µL PCR on 5 at 7.6 uL/sec
	Dispensing 8.0 uL into A9 of Bio-Rad 96 Well Plate 200 µL PCR on 5 at 7.6 uL/sec
Blowing out at A9 of Bio-Rad 96 Well Plate 200 µL PCR on 5
Dropping tip into A1 of Opentrons Fixed Trash on 12
Picking up tip from A11 of Opentrons OT-2 96 Filter Tip Rack 20 µL on 10
Aspirating 6.0 uL from A10 of NEST 96 Well Plate 100 µL PCR Full Skirt on 3 at 7.6 uL/sec
Dispensing 6.0 uL into A10 of Bio-Rad 96 Well Plate 200 µL PCR on 5 at 7.6 uL/sec
Mixing 10 times with a volume of 8.0 ul
	Aspirating 8.0 uL from A10 of Bio-Rad 96 Well Plate 200 µL PCR on 5 at 7.6 uL/sec
	Dispensing 8.0 uL into A10 of Bio-Rad 96 Well Plate 200 µL PCR on 5 at 7.6 uL/sec
	Aspirating 8.0 uL from A10 of Bio-Rad 96 Well Plate 200 µL PCR on 5 at 7.6 uL/sec
	Dispensing 8.0 uL into A10 of Bio-Rad 96 Well Plate 200 µL PCR on 5 at 7.6 uL/sec
	Aspirating 8.0 uL from A10 of Bio-Rad 96 Well Plate 200 µL PCR on 5 at 7.6 uL/sec
	Dispensing 8.0 uL into A10 of Bio-Rad 96 Well Plate 200 µL PCR on 5 at 7.6 uL/sec
	Aspirating 8.0 uL from A10 of Bio-Rad 96 Well Plate 200 µL PCR on 5 at 7.6 uL/sec
	Dispensing 8.0 uL into A10 of Bio-Rad 96 Well Plate 200 µL PCR on 5 at 7.6 uL/sec
	Aspirating 8.0 uL from A10 of Bio-Rad 96 Well Plate 200 µL PCR on 5 at 7.6 uL/sec
	Dispensing 8.0 uL into A10 of Bio-Rad 96 Well Plate 200 µL PCR on 5 at 7.6 uL/sec
	Aspirating 8.0 uL from A10 of Bio-Rad 96 Well Plate 200 µL PCR on 5 at 7.6 uL/sec
	Dispensing 8.0 uL into A10 of Bio-Rad 96 Well Plate 200 µL PCR on 5 at 7.6 uL/sec
	Aspirating 8.0 uL from A10 of Bio-Rad 96 Well Plate 200 µL PCR on 5 at 7.6 uL/sec
	Dispensing 8.0 uL into A10 of Bio-Rad 96 Well Plate 200 µL PCR on 5 at 7.6 uL/sec
	Aspirating 8.0 uL from A10 of Bio-Rad 96 Well Plate 200 µL PCR on 5 at 7.6 uL/sec
	Dispensing 8.0 uL into A10 of Bio-Rad 96 Well Plate 200 µL PCR on 5 at 7.6 uL/sec
	Aspirating 8.0 uL from A10 of Bio-Rad 96 Well Plate 200 µL PCR on 5 at 7.6 uL/sec
	Dispensing 8.0 uL into A10 of Bio-Rad 96 Well Plate 200 µL PCR on 5 at 7.6 uL/sec
	Aspirating 8.0 uL from A10 of Bio-Rad 96 Well Plate 200 µL PCR on 5 at 7.6 uL/sec
	Dispensing 8.0 uL into A10 of Bio-Rad 96 Well Plate 200 µL PCR on 5 at 7.6 uL/sec
Blowing out at A10 of Bio-Rad 96 Well Plate 200 µL PCR on 5
Dropping tip into A1 of Opentrons Fixed Trash on 12
Picking up tip from A12 of Opentrons OT-2 96 Filter Tip Rack 20 µL on 10
Aspirating 6.0 uL from A11 of NEST 96 Well Plate 100 µL PCR Full Skirt on 3 at 7.6 uL/sec
Dispensing 6.0 uL into A11 of Bio-Rad 96 Well Plate 200 µL PCR on 5 at 7.6 uL/sec
Mixing 10 times with a volume of 8.0 ul
	Aspirating 8.0 uL from A11 of Bio-Rad 96 Well Plate 200 µL PCR on 5 at 7.6 uL/sec
	Dispensing 8.0 uL into A11 of Bio-Rad 96 Well Plate 200 µL PCR on 5 at 7.6 uL/sec
	Aspirating 8.0 uL from A11 of Bio-Rad 96 Well Plate 200 µL PCR on 5 at 7.6 uL/sec
	Dispensing 8.0 uL into A11 of Bio-Rad 96 Well Plate 200 µL PCR on 5 at 7.6 uL/sec
	Aspirating 8.0 uL from A11 of Bio-Rad 96 Well Plate 200 µL PCR on 5 at 7.6 uL/sec
	Dispensing 8.0 uL into A11 of Bio-Rad 96 Well Plate 200 µL PCR on 5 at 7.6 uL/sec
	Aspirating 8.0 uL from A11 of Bio-Rad 96 Well Plate 200 µL PCR on 5 at 7.6 uL/sec
	Dispensing 8.0 uL into A11 of Bio-Rad 96 Well Plate 200 µL PCR on 5 at 7.6 uL/sec
	Aspirating 8.0 uL from A11 of Bio-Rad 96 Well Plate 200 µL PCR on 5 at 7.6 uL/sec
	Dispensing 8.0 uL into A11 of Bio-Rad 96 Well Plate 200 µL PCR on 5 at 7.6 uL/sec
	Aspirating 8.0 uL from A11 of Bio-Rad 96 Well Plate 200 µL PCR on 5 at 7.6 uL/sec
	Dispensing 8.0 uL into A11 of Bio-Rad 96 Well Plate 200 µL PCR on 5 at 7.6 uL/sec
	Aspirating 8.0 uL from A11 of Bio-Rad 96 Well Plate 200 µL PCR on 5 at 7.6 uL/sec
	Dispensing 8.0 uL into A11 of Bio-Rad 96 Well Plate 200 µL PCR on 5 at 7.6 uL/sec
	Aspirating 8.0 uL from A11 of Bio-Rad 96 Well Plate 200 µL PCR on 5 at 7.6 uL/sec
	Dispensing 8.0 uL into A11 of Bio-Rad 96 Well Plate 200 µL PCR on 5 at 7.6 uL/sec
	Aspirating 8.0 uL from A11 of Bio-Rad 96 Well Plate 200 µL PCR on 5 at 7.6 uL/sec
	Dispensing 8.0 uL into A11 of Bio-Rad 96 Well Plate 200 µL PCR on 5 at 7.6 uL/sec
	Aspirating 8.0 uL from A11 of Bio-Rad 96 Well Plate 200 µL PCR on 5 at 7.6 uL/sec
	Dispensing 8.0 uL into A11 of Bio-Rad 96 Well Plate 200 µL PCR on 5 at 7.6 uL/sec
Blowing out at A11 of Bio-Rad 96 Well Plate 200 µL PCR on 5
Dropping tip into A1 of Opentrons Fixed Trash on 12
Picking up tip from A1 of Opentrons OT-2 96 Filter Tip Rack 20 µL on 11
Aspirating 6.0 uL from A12 of NEST 96 Well Plate 100 µL PCR Full Skirt on 3 at 7.6 uL/sec
Dispensing 6.0 uL into A12 of Bio-Rad 96 Well Plate 200 µL PCR on 5 at 7.6 uL/sec
Mixing 10 times with a volume of 8.0 ul
	Aspirating 8.0 uL from A12 of Bio-Rad 96 Well Plate 200 µL PCR on 5 at 7.6 uL/sec
	Dispensing 8.0 uL into A12 of Bio-Rad 96 Well Plate 200 µL PCR on 5 at 7.6 uL/sec
	Aspirating 8.0 uL from A12 of Bio-Rad 96 Well Plate 200 µL PCR on 5 at 7.6 uL/sec
	Dispensing 8.0 uL into A12 of Bio-Rad 96 Well Plate 200 µL PCR on 5 at 7.6 uL/sec
	Aspirating 8.0 uL from A12 of Bio-Rad 96 Well Plate 200 µL PCR on 5 at 7.6 uL/sec
	Dispensing 8.0 uL into A12 of Bio-Rad 96 Well Plate 200 µL PCR on 5 at 7.6 uL/sec
	Aspirating 8.0 uL from A12 of Bio-Rad 96 Well Plate 200 µL PCR on 5 at 7.6 uL/sec
	Dispensing 8.0 uL into A12 of Bio-Rad 96 Well Plate 200 µL PCR on 5 at 7.6 uL/sec
	Aspirating 8.0 uL from A12 of Bio-Rad 96 Well Plate 200 µL PCR on 5 at 7.6 uL/sec
	Dispensing 8.0 uL into A12 of Bio-Rad 96 Well Plate 200 µL PCR on 5 at 7.6 uL/sec
	Aspirating 8.0 uL from A12 of Bio-Rad 96 Well Plate 200 µL PCR on 5 at 7.6 uL/sec
	Dispensing 8.0 uL into A12 of Bio-Rad 96 Well Plate 200 µL PCR on 5 at 7.6 uL/sec
	Aspirating 8.0 uL from A12 of Bio-Rad 96 Well Plate 200 µL PCR on 5 at 7.6 uL/sec
	Dispensing 8.0 uL into A12 of Bio-Rad 96 Well Plate 200 µL PCR on 5 at 7.6 uL/sec
	Aspirating 8.0 uL from A12 of Bio-Rad 96 Well Plate 200 µL PCR on 5 at 7.6 uL/sec
	Dispensing 8.0 uL into A12 of Bio-Rad 96 Well Plate 200 µL PCR on 5 at 7.6 uL/sec
	Aspirating 8.0 uL from A12 of Bio-Rad 96 Well Plate 200 µL PCR on 5 at 7.6 uL/sec
	Dispensing 8.0 uL into A12 of Bio-Rad 96 Well Plate 200 µL PCR on 5 at 7.6 uL/sec
	Aspirating 8.0 uL from A12 of Bio-Rad 96 Well Plate 200 µL PCR on 5 at 7.6 uL/sec
	Dispensing 8.0 uL into A12 of Bio-Rad 96 Well Plate 200 µL PCR on 5 at 7.6 uL/sec
Blowing out at A12 of Bio-Rad 96 Well Plate 200 µL PCR on 5
Dropping tip into A1 of Opentrons Fixed Trash on 12

----------ADDING BUFFER A TO BARCODE PLATE-----------


Picking up tip from A2 of Opentrons OT-2 96 Filter Tip Rack 20 µL on 11
Aspirating 5.0 uL from A1 of NEST 96 Well Plate 100 µL PCR Full Skirt on 6 at 7.6 uL/sec
Dispensing 5.0 uL into A1 of Bio-Rad 96 Well Plate 200 µL PCR on 5 at 7.6 uL/sec
Mixing 10 times with a volume of 8.0 ul
	Aspirating 8.0 uL from A1 of Bio-Rad 96 Well Plate 200 µL PCR on 5 at 7.6 uL/sec
	Dispensing 8.0 uL into A1 of Bio-Rad 96 Well Plate 200 µL PCR on 5 at 7.6 uL/sec
	Aspirating 8.0 uL from A1 of Bio-Rad 96 Well Plate 200 µL PCR on 5 at 7.6 uL/sec
	Dispensing 8.0 uL into A1 of Bio-Rad 96 Well Plate 200 µL PCR on 5 at 7.6 uL/sec
	Aspirating 8.0 uL from A1 of Bio-Rad 96 Well Plate 200 µL PCR on 5 at 7.6 uL/sec
	Dispensing 8.0 uL into A1 of Bio-Rad 96 Well Plate 200 µL PCR on 5 at 7.6 uL/sec
	Aspirating 8.0 uL from A1 of Bio-Rad 96 Well Plate 200 µL PCR on 5 at 7.6 uL/sec
	Dispensing 8.0 uL into A1 of Bio-Rad 96 Well Plate 200 µL PCR on 5 at 7.6 uL/sec
	Aspirating 8.0 uL from A1 of Bio-Rad 96 Well Plate 200 µL PCR on 5 at 7.6 uL/sec
	Dispensing 8.0 uL into A1 of Bio-Rad 96 Well Plate 200 µL PCR on 5 at 7.6 uL/sec
	Aspirating 8.0 uL from A1 of Bio-Rad 96 Well Plate 200 µL PCR on 5 at 7.6 uL/sec
	Dispensing 8.0 uL into A1 of Bio-Rad 96 Well Plate 200 µL PCR on 5 at 7.6 uL/sec
	Aspirating 8.0 uL from A1 of Bio-Rad 96 Well Plate 200 µL PCR on 5 at 7.6 uL/sec
	Dispensing 8.0 uL into A1 of Bio-Rad 96 Well Plate 200 µL PCR on 5 at 7.6 uL/sec
	Aspirating 8.0 uL from A1 of Bio-Rad 96 Well Plate 200 µL PCR on 5 at 7.6 uL/sec
	Dispensing 8.0 uL into A1 of Bio-Rad 96 Well Plate 200 µL PCR on 5 at 7.6 uL/sec
	Aspirating 8.0 uL from A1 of Bio-Rad 96 Well Plate 200 µL PCR on 5 at 7.6 uL/sec
	Dispensing 8.0 uL into A1 of Bio-Rad 96 Well Plate 200 µL PCR on 5 at 7.6 uL/sec
	Aspirating 8.0 uL from A1 of Bio-Rad 96 Well Plate 200 µL PCR on 5 at 7.6 uL/sec
	Dispensing 8.0 uL into A1 of Bio-Rad 96 Well Plate 200 µL PCR on 5 at 7.6 uL/sec
Blowing out at A1 of Bio-Rad 96 Well Plate 200 µL PCR on 5
Dropping tip into A1 of Opentrons Fixed Trash on 12
Picking up tip from A3 of Opentrons OT-2 96 Filter Tip Rack 20 µL on 11
Aspirating 5.0 uL from A1 of NEST 96 Well Plate 100 µL PCR Full Skirt on 6 at 7.6 uL/sec
Dispensing 5.0 uL into A2 of Bio-Rad 96 Well Plate 200 µL PCR on 5 at 7.6 uL/sec
Mixing 10 times with a volume of 8.0 ul
	Aspirating 8.0 uL from A2 of Bio-Rad 96 Well Plate 200 µL PCR on 5 at 7.6 uL/sec
	Dispensing 8.0 uL into A2 of Bio-Rad 96 Well Plate 200 µL PCR on 5 at 7.6 uL/sec
	Aspirating 8.0 uL from A2 of Bio-Rad 96 Well Plate 200 µL PCR on 5 at 7.6 uL/sec
	Dispensing 8.0 uL into A2 of Bio-Rad 96 Well Plate 200 µL PCR on 5 at 7.6 uL/sec
	Aspirating 8.0 uL from A2 of Bio-Rad 96 Well Plate 200 µL PCR on 5 at 7.6 uL/sec
	Dispensing 8.0 uL into A2 of Bio-Rad 96 Well Plate 200 µL PCR on 5 at 7.6 uL/sec
	Aspirating 8.0 uL from A2 of Bio-Rad 96 Well Plate 200 µL PCR on 5 at 7.6 uL/sec
	Dispensing 8.0 uL into A2 of Bio-Rad 96 Well Plate 200 µL PCR on 5 at 7.6 uL/sec
	Aspirating 8.0 uL from A2 of Bio-Rad 96 Well Plate 200 µL PCR on 5 at 7.6 uL/sec
	Dispensing 8.0 uL into A2 of Bio-Rad 96 Well Plate 200 µL PCR on 5 at 7.6 uL/sec
	Aspirating 8.0 uL from A2 of Bio-Rad 96 Well Plate 200 µL PCR on 5 at 7.6 uL/sec
	Dispensing 8.0 uL into A2 of Bio-Rad 96 Well Plate 200 µL PCR on 5 at 7.6 uL/sec
	Aspirating 8.0 uL from A2 of Bio-Rad 96 Well Plate 200 µL PCR on 5 at 7.6 uL/sec
	Dispensing 8.0 uL into A2 of Bio-Rad 96 Well Plate 200 µL PCR on 5 at 7.6 uL/sec
	Aspirating 8.0 uL from A2 of Bio-Rad 96 Well Plate 200 µL PCR on 5 at 7.6 uL/sec
	Dispensing 8.0 uL into A2 of Bio-Rad 96 Well Plate 200 µL PCR on 5 at 7.6 uL/sec
	Aspirating 8.0 uL from A2 of Bio-Rad 96 Well Plate 200 µL PCR on 5 at 7.6 uL/sec
	Dispensing 8.0 uL into A2 of Bio-Rad 96 Well Plate 200 µL PCR on 5 at 7.6 uL/sec
	Aspirating 8.0 uL from A2 of Bio-Rad 96 Well Plate 200 µL PCR on 5 at 7.6 uL/sec
	Dispensing 8.0 uL into A2 of Bio-Rad 96 Well Plate 200 µL PCR on 5 at 7.6 uL/sec
Blowing out at A2 of Bio-Rad 96 Well Plate 200 µL PCR on 5
Dropping tip into A1 of Opentrons Fixed Trash on 12
Picking up tip from A4 of Opentrons OT-2 96 Filter Tip Rack 20 µL on 11
Aspirating 5.0 uL from A1 of NEST 96 Well Plate 100 µL PCR Full Skirt on 6 at 7.6 uL/sec
Dispensing 5.0 uL into A3 of Bio-Rad 96 Well Plate 200 µL PCR on 5 at 7.6 uL/sec
Mixing 10 times with a volume of 8.0 ul
	Aspirating 8.0 uL from A3 of Bio-Rad 96 Well Plate 200 µL PCR on 5 at 7.6 uL/sec
	Dispensing 8.0 uL into A3 of Bio-Rad 96 Well Plate 200 µL PCR on 5 at 7.6 uL/sec
	Aspirating 8.0 uL from A3 of Bio-Rad 96 Well Plate 200 µL PCR on 5 at 7.6 uL/sec
	Dispensing 8.0 uL into A3 of Bio-Rad 96 Well Plate 200 µL PCR on 5 at 7.6 uL/sec
	Aspirating 8.0 uL from A3 of Bio-Rad 96 Well Plate 200 µL PCR on 5 at 7.6 uL/sec
	Dispensing 8.0 uL into A3 of Bio-Rad 96 Well Plate 200 µL PCR on 5 at 7.6 uL/sec
	Aspirating 8.0 uL from A3 of Bio-Rad 96 Well Plate 200 µL PCR on 5 at 7.6 uL/sec
	Dispensing 8.0 uL into A3 of Bio-Rad 96 Well Plate 200 µL PCR on 5 at 7.6 uL/sec
	Aspirating 8.0 uL from A3 of Bio-Rad 96 Well Plate 200 µL PCR on 5 at 7.6 uL/sec
	Dispensing 8.0 uL into A3 of Bio-Rad 96 Well Plate 200 µL PCR on 5 at 7.6 uL/sec
	Aspirating 8.0 uL from A3 of Bio-Rad 96 Well Plate 200 µL PCR on 5 at 7.6 uL/sec
	Dispensing 8.0 uL into A3 of Bio-Rad 96 Well Plate 200 µL PCR on 5 at 7.6 uL/sec
	Aspirating 8.0 uL from A3 of Bio-Rad 96 Well Plate 200 µL PCR on 5 at 7.6 uL/sec
	Dispensing 8.0 uL into A3 of Bio-Rad 96 Well Plate 200 µL PCR on 5 at 7.6 uL/sec
	Aspirating 8.0 uL from A3 of Bio-Rad 96 Well Plate 200 µL PCR on 5 at 7.6 uL/sec
	Dispensing 8.0 uL into A3 of Bio-Rad 96 Well Plate 200 µL PCR on 5 at 7.6 uL/sec
	Aspirating 8.0 uL from A3 of Bio-Rad 96 Well Plate 200 µL PCR on 5 at 7.6 uL/sec
	Dispensing 8.0 uL into A3 of Bio-Rad 96 Well Plate 200 µL PCR on 5 at 7.6 uL/sec
	Aspirating 8.0 uL from A3 of Bio-Rad 96 Well Plate 200 µL PCR on 5 at 7.6 uL/sec
	Dispensing 8.0 uL into A3 of Bio-Rad 96 Well Plate 200 µL PCR on 5 at 7.6 uL/sec
Blowing out at A3 of Bio-Rad 96 Well Plate 200 µL PCR on 5
Dropping tip into A1 of Opentrons Fixed Trash on 12
Picking up tip from A5 of Opentrons OT-2 96 Filter Tip Rack 20 µL on 11
Aspirating 5.0 uL from A1 of NEST 96 Well Plate 100 µL PCR Full Skirt on 6 at 7.6 uL/sec
Dispensing 5.0 uL into A4 of Bio-Rad 96 Well Plate 200 µL PCR on 5 at 7.6 uL/sec
Mixing 10 times with a volume of 8.0 ul
	Aspirating 8.0 uL from A4 of Bio-Rad 96 Well Plate 200 µL PCR on 5 at 7.6 uL/sec
	Dispensing 8.0 uL into A4 of Bio-Rad 96 Well Plate 200 µL PCR on 5 at 7.6 uL/sec
	Aspirating 8.0 uL from A4 of Bio-Rad 96 Well Plate 200 µL PCR on 5 at 7.6 uL/sec
	Dispensing 8.0 uL into A4 of Bio-Rad 96 Well Plate 200 µL PCR on 5 at 7.6 uL/sec
	Aspirating 8.0 uL from A4 of Bio-Rad 96 Well Plate 200 µL PCR on 5 at 7.6 uL/sec
	Dispensing 8.0 uL into A4 of Bio-Rad 96 Well Plate 200 µL PCR on 5 at 7.6 uL/sec
	Aspirating 8.0 uL from A4 of Bio-Rad 96 Well Plate 200 µL PCR on 5 at 7.6 uL/sec
	Dispensing 8.0 uL into A4 of Bio-Rad 96 Well Plate 200 µL PCR on 5 at 7.6 uL/sec
	Aspirating 8.0 uL from A4 of Bio-Rad 96 Well Plate 200 µL PCR on 5 at 7.6 uL/sec
	Dispensing 8.0 uL into A4 of Bio-Rad 96 Well Plate 200 µL PCR on 5 at 7.6 uL/sec
	Aspirating 8.0 uL from A4 of Bio-Rad 96 Well Plate 200 µL PCR on 5 at 7.6 uL/sec
	Dispensing 8.0 uL into A4 of Bio-Rad 96 Well Plate 200 µL PCR on 5 at 7.6 uL/sec
	Aspirating 8.0 uL from A4 of Bio-Rad 96 Well Plate 200 µL PCR on 5 at 7.6 uL/sec
	Dispensing 8.0 uL into A4 of Bio-Rad 96 Well Plate 200 µL PCR on 5 at 7.6 uL/sec
	Aspirating 8.0 uL from A4 of Bio-Rad 96 Well Plate 200 µL PCR on 5 at 7.6 uL/sec
	Dispensing 8.0 uL into A4 of Bio-Rad 96 Well Plate 200 µL PCR on 5 at 7.6 uL/sec
	Aspirating 8.0 uL from A4 of Bio-Rad 96 Well Plate 200 µL PCR on 5 at 7.6 uL/sec
	Dispensing 8.0 uL into A4 of Bio-Rad 96 Well Plate 200 µL PCR on 5 at 7.6 uL/sec
	Aspirating 8.0 uL from A4 of Bio-Rad 96 Well Plate 200 µL PCR on 5 at 7.6 uL/sec
	Dispensing 8.0 uL into A4 of Bio-Rad 96 Well Plate 200 µL PCR on 5 at 7.6 uL/sec
Blowing out at A4 of Bio-Rad 96 Well Plate 200 µL PCR on 5
Dropping tip into A1 of Opentrons Fixed Trash on 12
Picking up tip from A6 of Opentrons OT-2 96 Filter Tip Rack 20 µL on 11
Aspirating 5.0 uL from A1 of NEST 96 Well Plate 100 µL PCR Full Skirt on 6 at 7.6 uL/sec
Dispensing 5.0 uL into A5 of Bio-Rad 96 Well Plate 200 µL PCR on 5 at 7.6 uL/sec
Mixing 10 times with a volume of 8.0 ul
	Aspirating 8.0 uL from A5 of Bio-Rad 96 Well Plate 200 µL PCR on 5 at 7.6 uL/sec
	Dispensing 8.0 uL into A5 of Bio-Rad 96 Well Plate 200 µL PCR on 5 at 7.6 uL/sec
	Aspirating 8.0 uL from A5 of Bio-Rad 96 Well Plate 200 µL PCR on 5 at 7.6 uL/sec
	Dispensing 8.0 uL into A5 of Bio-Rad 96 Well Plate 200 µL PCR on 5 at 7.6 uL/sec
	Aspirating 8.0 uL from A5 of Bio-Rad 96 Well Plate 200 µL PCR on 5 at 7.6 uL/sec
	Dispensing 8.0 uL into A5 of Bio-Rad 96 Well Plate 200 µL PCR on 5 at 7.6 uL/sec
	Aspirating 8.0 uL from A5 of Bio-Rad 96 Well Plate 200 µL PCR on 5 at 7.6 uL/sec
	Dispensing 8.0 uL into A5 of Bio-Rad 96 Well Plate 200 µL PCR on 5 at 7.6 uL/sec
	Aspirating 8.0 uL from A5 of Bio-Rad 96 Well Plate 200 µL PCR on 5 at 7.6 uL/sec
	Dispensing 8.0 uL into A5 of Bio-Rad 96 Well Plate 200 µL PCR on 5 at 7.6 uL/sec
	Aspirating 8.0 uL from A5 of Bio-Rad 96 Well Plate 200 µL PCR on 5 at 7.6 uL/sec
	Dispensing 8.0 uL into A5 of Bio-Rad 96 Well Plate 200 µL PCR on 5 at 7.6 uL/sec
	Aspirating 8.0 uL from A5 of Bio-Rad 96 Well Plate 200 µL PCR on 5 at 7.6 uL/sec
	Dispensing 8.0 uL into A5 of Bio-Rad 96 Well Plate 200 µL PCR on 5 at 7.6 uL/sec
	Aspirating 8.0 uL from A5 of Bio-Rad 96 Well Plate 200 µL PCR on 5 at 7.6 uL/sec
	Dispensing 8.0 uL into A5 of Bio-Rad 96 Well Plate 200 µL PCR on 5 at 7.6 uL/sec
	Aspirating 8.0 uL from A5 of Bio-Rad 96 Well Plate 200 µL PCR on 5 at 7.6 uL/sec
	Dispensing 8.0 uL into A5 of Bio-Rad 96 Well Plate 200 µL PCR on 5 at 7.6 uL/sec
	Aspirating 8.0 uL from A5 of Bio-Rad 96 Well Plate 200 µL PCR on 5 at 7.6 uL/sec
	Dispensing 8.0 uL into A5 of Bio-Rad 96 Well Plate 200 µL PCR on 5 at 7.6 uL/sec
Blowing out at A5 of Bio-Rad 96 Well Plate 200 µL PCR on 5
Dropping tip into A1 of Opentrons Fixed Trash on 12
Picking up tip from A7 of Opentrons OT-2 96 Filter Tip Rack 20 µL on 11
Aspirating 5.0 uL from A1 of NEST 96 Well Plate 100 µL PCR Full Skirt on 6 at 7.6 uL/sec
Dispensing 5.0 uL into A6 of Bio-Rad 96 Well Plate 200 µL PCR on 5 at 7.6 uL/sec
Mixing 10 times with a volume of 8.0 ul
	Aspirating 8.0 uL from A6 of Bio-Rad 96 Well Plate 200 µL PCR on 5 at 7.6 uL/sec
	Dispensing 8.0 uL into A6 of Bio-Rad 96 Well Plate 200 µL PCR on 5 at 7.6 uL/sec
	Aspirating 8.0 uL from A6 of Bio-Rad 96 Well Plate 200 µL PCR on 5 at 7.6 uL/sec
	Dispensing 8.0 uL into A6 of Bio-Rad 96 Well Plate 200 µL PCR on 5 at 7.6 uL/sec
	Aspirating 8.0 uL from A6 of Bio-Rad 96 Well Plate 200 µL PCR on 5 at 7.6 uL/sec
	Dispensing 8.0 uL into A6 of Bio-Rad 96 Well Plate 200 µL PCR on 5 at 7.6 uL/sec
	Aspirating 8.0 uL from A6 of Bio-Rad 96 Well Plate 200 µL PCR on 5 at 7.6 uL/sec
	Dispensing 8.0 uL into A6 of Bio-Rad 96 Well Plate 200 µL PCR on 5 at 7.6 uL/sec
	Aspirating 8.0 uL from A6 of Bio-Rad 96 Well Plate 200 µL PCR on 5 at 7.6 uL/sec
	Dispensing 8.0 uL into A6 of Bio-Rad 96 Well Plate 200 µL PCR on 5 at 7.6 uL/sec
	Aspirating 8.0 uL from A6 of Bio-Rad 96 Well Plate 200 µL PCR on 5 at 7.6 uL/sec
	Dispensing 8.0 uL into A6 of Bio-Rad 96 Well Plate 200 µL PCR on 5 at 7.6 uL/sec
	Aspirating 8.0 uL from A6 of Bio-Rad 96 Well Plate 200 µL PCR on 5 at 7.6 uL/sec
	Dispensing 8.0 uL into A6 of Bio-Rad 96 Well Plate 200 µL PCR on 5 at 7.6 uL/sec
	Aspirating 8.0 uL from A6 of Bio-Rad 96 Well Plate 200 µL PCR on 5 at 7.6 uL/sec
	Dispensing 8.0 uL into A6 of Bio-Rad 96 Well Plate 200 µL PCR on 5 at 7.6 uL/sec
	Aspirating 8.0 uL from A6 of Bio-Rad 96 Well Plate 200 µL PCR on 5 at 7.6 uL/sec
	Dispensing 8.0 uL into A6 of Bio-Rad 96 Well Plate 200 µL PCR on 5 at 7.6 uL/sec
	Aspirating 8.0 uL from A6 of Bio-Rad 96 Well Plate 200 µL PCR on 5 at 7.6 uL/sec
	Dispensing 8.0 uL into A6 of Bio-Rad 96 Well Plate 200 µL PCR on 5 at 7.6 uL/sec
Blowing out at A6 of Bio-Rad 96 Well Plate 200 µL PCR on 5
Dropping tip into A1 of Opentrons Fixed Trash on 12
Picking up tip from A8 of Opentrons OT-2 96 Filter Tip Rack 20 µL on 11
Aspirating 5.0 uL from A1 of NEST 96 Well Plate 100 µL PCR Full Skirt on 6 at 7.6 uL/sec
Dispensing 5.0 uL into A7 of Bio-Rad 96 Well Plate 200 µL PCR on 5 at 7.6 uL/sec
Mixing 10 times with a volume of 8.0 ul
	Aspirating 8.0 uL from A7 of Bio-Rad 96 Well Plate 200 µL PCR on 5 at 7.6 uL/sec
	Dispensing 8.0 uL into A7 of Bio-Rad 96 Well Plate 200 µL PCR on 5 at 7.6 uL/sec
	Aspirating 8.0 uL from A7 of Bio-Rad 96 Well Plate 200 µL PCR on 5 at 7.6 uL/sec
	Dispensing 8.0 uL into A7 of Bio-Rad 96 Well Plate 200 µL PCR on 5 at 7.6 uL/sec
	Aspirating 8.0 uL from A7 of Bio-Rad 96 Well Plate 200 µL PCR on 5 at 7.6 uL/sec
	Dispensing 8.0 uL into A7 of Bio-Rad 96 Well Plate 200 µL PCR on 5 at 7.6 uL/sec
	Aspirating 8.0 uL from A7 of Bio-Rad 96 Well Plate 200 µL PCR on 5 at 7.6 uL/sec
	Dispensing 8.0 uL into A7 of Bio-Rad 96 Well Plate 200 µL PCR on 5 at 7.6 uL/sec
	Aspirating 8.0 uL from A7 of Bio-Rad 96 Well Plate 200 µL PCR on 5 at 7.6 uL/sec
	Dispensing 8.0 uL into A7 of Bio-Rad 96 Well Plate 200 µL PCR on 5 at 7.6 uL/sec
	Aspirating 8.0 uL from A7 of Bio-Rad 96 Well Plate 200 µL PCR on 5 at 7.6 uL/sec
	Dispensing 8.0 uL into A7 of Bio-Rad 96 Well Plate 200 µL PCR on 5 at 7.6 uL/sec
	Aspirating 8.0 uL from A7 of Bio-Rad 96 Well Plate 200 µL PCR on 5 at 7.6 uL/sec
	Dispensing 8.0 uL into A7 of Bio-Rad 96 Well Plate 200 µL PCR on 5 at 7.6 uL/sec
	Aspirating 8.0 uL from A7 of Bio-Rad 96 Well Plate 200 µL PCR on 5 at 7.6 uL/sec
	Dispensing 8.0 uL into A7 of Bio-Rad 96 Well Plate 200 µL PCR on 5 at 7.6 uL/sec
	Aspirating 8.0 uL from A7 of Bio-Rad 96 Well Plate 200 µL PCR on 5 at 7.6 uL/sec
	Dispensing 8.0 uL into A7 of Bio-Rad 96 Well Plate 200 µL PCR on 5 at 7.6 uL/sec
	Aspirating 8.0 uL from A7 of Bio-Rad 96 Well Plate 200 µL PCR on 5 at 7.6 uL/sec
	Dispensing 8.0 uL into A7 of Bio-Rad 96 Well Plate 200 µL PCR on 5 at 7.6 uL/sec
Blowing out at A7 of Bio-Rad 96 Well Plate 200 µL PCR on 5
Dropping tip into A1 of Opentrons Fixed Trash on 12
Picking up tip from A9 of Opentrons OT-2 96 Filter Tip Rack 20 µL on 11
Aspirating 5.0 uL from A1 of NEST 96 Well Plate 100 µL PCR Full Skirt on 6 at 7.6 uL/sec
Dispensing 5.0 uL into A8 of Bio-Rad 96 Well Plate 200 µL PCR on 5 at 7.6 uL/sec
Mixing 10 times with a volume of 8.0 ul
	Aspirating 8.0 uL from A8 of Bio-Rad 96 Well Plate 200 µL PCR on 5 at 7.6 uL/sec
	Dispensing 8.0 uL into A8 of Bio-Rad 96 Well Plate 200 µL PCR on 5 at 7.6 uL/sec
	Aspirating 8.0 uL from A8 of Bio-Rad 96 Well Plate 200 µL PCR on 5 at 7.6 uL/sec
	Dispensing 8.0 uL into A8 of Bio-Rad 96 Well Plate 200 µL PCR on 5 at 7.6 uL/sec
	Aspirating 8.0 uL from A8 of Bio-Rad 96 Well Plate 200 µL PCR on 5 at 7.6 uL/sec
	Dispensing 8.0 uL into A8 of Bio-Rad 96 Well Plate 200 µL PCR on 5 at 7.6 uL/sec
	Aspirating 8.0 uL from A8 of Bio-Rad 96 Well Plate 200 µL PCR on 5 at 7.6 uL/sec
	Dispensing 8.0 uL into A8 of Bio-Rad 96 Well Plate 200 µL PCR on 5 at 7.6 uL/sec
	Aspirating 8.0 uL from A8 of Bio-Rad 96 Well Plate 200 µL PCR on 5 at 7.6 uL/sec
	Dispensing 8.0 uL into A8 of Bio-Rad 96 Well Plate 200 µL PCR on 5 at 7.6 uL/sec
	Aspirating 8.0 uL from A8 of Bio-Rad 96 Well Plate 200 µL PCR on 5 at 7.6 uL/sec
	Dispensing 8.0 uL into A8 of Bio-Rad 96 Well Plate 200 µL PCR on 5 at 7.6 uL/sec
	Aspirating 8.0 uL from A8 of Bio-Rad 96 Well Plate 200 µL PCR on 5 at 7.6 uL/sec
	Dispensing 8.0 uL into A8 of Bio-Rad 96 Well Plate 200 µL PCR on 5 at 7.6 uL/sec
	Aspirating 8.0 uL from A8 of Bio-Rad 96 Well Plate 200 µL PCR on 5 at 7.6 uL/sec
	Dispensing 8.0 uL into A8 of Bio-Rad 96 Well Plate 200 µL PCR on 5 at 7.6 uL/sec
	Aspirating 8.0 uL from A8 of Bio-Rad 96 Well Plate 200 µL PCR on 5 at 7.6 uL/sec
	Dispensing 8.0 uL into A8 of Bio-Rad 96 Well Plate 200 µL PCR on 5 at 7.6 uL/sec
	Aspirating 8.0 uL from A8 of Bio-Rad 96 Well Plate 200 µL PCR on 5 at 7.6 uL/sec
	Dispensing 8.0 uL into A8 of Bio-Rad 96 Well Plate 200 µL PCR on 5 at 7.6 uL/sec
Blowing out at A8 of Bio-Rad 96 Well Plate 200 µL PCR on 5
Dropping tip into A1 of Opentrons Fixed Trash on 12
Picking up tip from A10 of Opentrons OT-2 96 Filter Tip Rack 20 µL on 11
Aspirating 5.0 uL from A1 of NEST 96 Well Plate 100 µL PCR Full Skirt on 6 at 7.6 uL/sec
Dispensing 5.0 uL into A9 of Bio-Rad 96 Well Plate 200 µL PCR on 5 at 7.6 uL/sec
Mixing 10 times with a volume of 8.0 ul
	Aspirating 8.0 uL from A9 of Bio-Rad 96 Well Plate 200 µL PCR on 5 at 7.6 uL/sec
	Dispensing 8.0 uL into A9 of Bio-Rad 96 Well Plate 200 µL PCR on 5 at 7.6 uL/sec
	Aspirating 8.0 uL from A9 of Bio-Rad 96 Well Plate 200 µL PCR on 5 at 7.6 uL/sec
	Dispensing 8.0 uL into A9 of Bio-Rad 96 Well Plate 200 µL PCR on 5 at 7.6 uL/sec
	Aspirating 8.0 uL from A9 of Bio-Rad 96 Well Plate 200 µL PCR on 5 at 7.6 uL/sec
	Dispensing 8.0 uL into A9 of Bio-Rad 96 Well Plate 200 µL PCR on 5 at 7.6 uL/sec
	Aspirating 8.0 uL from A9 of Bio-Rad 96 Well Plate 200 µL PCR on 5 at 7.6 uL/sec
	Dispensing 8.0 uL into A9 of Bio-Rad 96 Well Plate 200 µL PCR on 5 at 7.6 uL/sec
	Aspirating 8.0 uL from A9 of Bio-Rad 96 Well Plate 200 µL PCR on 5 at 7.6 uL/sec
	Dispensing 8.0 uL into A9 of Bio-Rad 96 Well Plate 200 µL PCR on 5 at 7.6 uL/sec
	Aspirating 8.0 uL from A9 of Bio-Rad 96 Well Plate 200 µL PCR on 5 at 7.6 uL/sec
	Dispensing 8.0 uL into A9 of Bio-Rad 96 Well Plate 200 µL PCR on 5 at 7.6 uL/sec
	Aspirating 8.0 uL from A9 of Bio-Rad 96 Well Plate 200 µL PCR on 5 at 7.6 uL/sec
	Dispensing 8.0 uL into A9 of Bio-Rad 96 Well Plate 200 µL PCR on 5 at 7.6 uL/sec
	Aspirating 8.0 uL from A9 of Bio-Rad 96 Well Plate 200 µL PCR on 5 at 7.6 uL/sec
	Dispensing 8.0 uL into A9 of Bio-Rad 96 Well Plate 200 µL PCR on 5 at 7.6 uL/sec
	Aspirating 8.0 uL from A9 of Bio-Rad 96 Well Plate 200 µL PCR on 5 at 7.6 uL/sec
	Dispensing 8.0 uL into A9 of Bio-Rad 96 Well Plate 200 µL PCR on 5 at 7.6 uL/sec
	Aspirating 8.0 uL from A9 of Bio-Rad 96 Well Plate 200 µL PCR on 5 at 7.6 uL/sec
	Dispensing 8.0 uL into A9 of Bio-Rad 96 Well Plate 200 µL PCR on 5 at 7.6 uL/sec
Blowing out at A9 of Bio-Rad 96 Well Plate 200 µL PCR on 5
Dropping tip into A1 of Opentrons Fixed Trash on 12
Picking up tip from A11 of Opentrons OT-2 96 Filter Tip Rack 20 µL on 11
Aspirating 5.0 uL from A1 of NEST 96 Well Plate 100 µL PCR Full Skirt on 6 at 7.6 uL/sec
Dispensing 5.0 uL into A10 of Bio-Rad 96 Well Plate 200 µL PCR on 5 at 7.6 uL/sec
Mixing 10 times with a volume of 8.0 ul
	Aspirating 8.0 uL from A10 of Bio-Rad 96 Well Plate 200 µL PCR on 5 at 7.6 uL/sec
	Dispensing 8.0 uL into A10 of Bio-Rad 96 Well Plate 200 µL PCR on 5 at 7.6 uL/sec
	Aspirating 8.0 uL from A10 of Bio-Rad 96 Well Plate 200 µL PCR on 5 at 7.6 uL/sec
	Dispensing 8.0 uL into A10 of Bio-Rad 96 Well Plate 200 µL PCR on 5 at 7.6 uL/sec
	Aspirating 8.0 uL from A10 of Bio-Rad 96 Well Plate 200 µL PCR on 5 at 7.6 uL/sec
	Dispensing 8.0 uL into A10 of Bio-Rad 96 Well Plate 200 µL PCR on 5 at 7.6 uL/sec
	Aspirating 8.0 uL from A10 of Bio-Rad 96 Well Plate 200 µL PCR on 5 at 7.6 uL/sec
	Dispensing 8.0 uL into A10 of Bio-Rad 96 Well Plate 200 µL PCR on 5 at 7.6 uL/sec
	Aspirating 8.0 uL from A10 of Bio-Rad 96 Well Plate 200 µL PCR on 5 at 7.6 uL/sec
	Dispensing 8.0 uL into A10 of Bio-Rad 96 Well Plate 200 µL PCR on 5 at 7.6 uL/sec
	Aspirating 8.0 uL from A10 of Bio-Rad 96 Well Plate 200 µL PCR on 5 at 7.6 uL/sec
	Dispensing 8.0 uL into A10 of Bio-Rad 96 Well Plate 200 µL PCR on 5 at 7.6 uL/sec
	Aspirating 8.0 uL from A10 of Bio-Rad 96 Well Plate 200 µL PCR on 5 at 7.6 uL/sec
	Dispensing 8.0 uL into A10 of Bio-Rad 96 Well Plate 200 µL PCR on 5 at 7.6 uL/sec
	Aspirating 8.0 uL from A10 of Bio-Rad 96 Well Plate 200 µL PCR on 5 at 7.6 uL/sec
	Dispensing 8.0 uL into A10 of Bio-Rad 96 Well Plate 200 µL PCR on 5 at 7.6 uL/sec
	Aspirating 8.0 uL from A10 of Bio-Rad 96 Well Plate 200 µL PCR on 5 at 7.6 uL/sec
	Dispensing 8.0 uL into A10 of Bio-Rad 96 Well Plate 200 µL PCR on 5 at 7.6 uL/sec
	Aspirating 8.0 uL from A10 of Bio-Rad 96 Well Plate 200 µL PCR on 5 at 7.6 uL/sec
	Dispensing 8.0 uL into A10 of Bio-Rad 96 Well Plate 200 µL PCR on 5 at 7.6 uL/sec
Blowing out at A10 of Bio-Rad 96 Well Plate 200 µL PCR on 5
Dropping tip into A1 of Opentrons Fixed Trash on 12
Picking up tip from A12 of Opentrons OT-2 96 Filter Tip Rack 20 µL on 11
Aspirating 5.0 uL from A1 of NEST 96 Well Plate 100 µL PCR Full Skirt on 6 at 7.6 uL/sec
Dispensing 5.0 uL into A11 of Bio-Rad 96 Well Plate 200 µL PCR on 5 at 7.6 uL/sec
Mixing 10 times with a volume of 8.0 ul
	Aspirating 8.0 uL from A11 of Bio-Rad 96 Well Plate 200 µL PCR on 5 at 7.6 uL/sec
	Dispensing 8.0 uL into A11 of Bio-Rad 96 Well Plate 200 µL PCR on 5 at 7.6 uL/sec
	Aspirating 8.0 uL from A11 of Bio-Rad 96 Well Plate 200 µL PCR on 5 at 7.6 uL/sec
	Dispensing 8.0 uL into A11 of Bio-Rad 96 Well Plate 200 µL PCR on 5 at 7.6 uL/sec
	Aspirating 8.0 uL from A11 of Bio-Rad 96 Well Plate 200 µL PCR on 5 at 7.6 uL/sec
	Dispensing 8.0 uL into A11 of Bio-Rad 96 Well Plate 200 µL PCR on 5 at 7.6 uL/sec
	Aspirating 8.0 uL from A11 of Bio-Rad 96 Well Plate 200 µL PCR on 5 at 7.6 uL/sec
	Dispensing 8.0 uL into A11 of Bio-Rad 96 Well Plate 200 µL PCR on 5 at 7.6 uL/sec
	Aspirating 8.0 uL from A11 of Bio-Rad 96 Well Plate 200 µL PCR on 5 at 7.6 uL/sec
	Dispensing 8.0 uL into A11 of Bio-Rad 96 Well Plate 200 µL PCR on 5 at 7.6 uL/sec
	Aspirating 8.0 uL from A11 of Bio-Rad 96 Well Plate 200 µL PCR on 5 at 7.6 uL/sec
	Dispensing 8.0 uL into A11 of Bio-Rad 96 Well Plate 200 µL PCR on 5 at 7.6 uL/sec
	Aspirating 8.0 uL from A11 of Bio-Rad 96 Well Plate 200 µL PCR on 5 at 7.6 uL/sec
	Dispensing 8.0 uL into A11 of Bio-Rad 96 Well Plate 200 µL PCR on 5 at 7.6 uL/sec
	Aspirating 8.0 uL from A11 of Bio-Rad 96 Well Plate 200 µL PCR on 5 at 7.6 uL/sec
	Dispensing 8.0 uL into A11 of Bio-Rad 96 Well Plate 200 µL PCR on 5 at 7.6 uL/sec
	Aspirating 8.0 uL from A11 of Bio-Rad 96 Well Plate 200 µL PCR on 5 at 7.6 uL/sec
	Dispensing 8.0 uL into A11 of Bio-Rad 96 Well Plate 200 µL PCR on 5 at 7.6 uL/sec
	Aspirating 8.0 uL from A11 of Bio-Rad 96 Well Plate 200 µL PCR on 5 at 7.6 uL/sec
	Dispensing 8.0 uL into A11 of Bio-Rad 96 Well Plate 200 µL PCR on 5 at 7.6 uL/sec
Blowing out at A11 of Bio-Rad 96 Well Plate 200 µL PCR on 5
Dropping tip into A1 of Opentrons Fixed Trash on 12
Homing pipette plunger on mount right
Logs from this command:
WARNING (protocol_context): This function will be deprecated in later versions.Please use with caution.
WARNING (protocol_context): This function will be deprecated in later versions.Please use with caution.
Pausing robot operation: 

~~~~~~~~~~PLEASE REPLACE TIPRACKS~~~~~~~~~~~

Picking up tip from A1 of Opentrons OT-2 96 Filter Tip Rack 20 µL on 10
Aspirating 5.0 uL from A1 of NEST 96 Well Plate 100 µL PCR Full Skirt on 6 at 7.6 uL/sec
Dispensing 5.0 uL into A12 of Bio-Rad 96 Well Plate 200 µL PCR on 5 at 7.6 uL/sec
Mixing 10 times with a volume of 8.0 ul
	Aspirating 8.0 uL from A12 of Bio-Rad 96 Well Plate 200 µL PCR on 5 at 7.6 uL/sec
	Dispensing 8.0 uL into A12 of Bio-Rad 96 Well Plate 200 µL PCR on 5 at 7.6 uL/sec
	Aspirating 8.0 uL from A12 of Bio-Rad 96 Well Plate 200 µL PCR on 5 at 7.6 uL/sec
	Dispensing 8.0 uL into A12 of Bio-Rad 96 Well Plate 200 µL PCR on 5 at 7.6 uL/sec
	Aspirating 8.0 uL from A12 of Bio-Rad 96 Well Plate 200 µL PCR on 5 at 7.6 uL/sec
	Dispensing 8.0 uL into A12 of Bio-Rad 96 Well Plate 200 µL PCR on 5 at 7.6 uL/sec
	Aspirating 8.0 uL from A12 of Bio-Rad 96 Well Plate 200 µL PCR on 5 at 7.6 uL/sec
	Dispensing 8.0 uL into A12 of Bio-Rad 96 Well Plate 200 µL PCR on 5 at 7.6 uL/sec
	Aspirating 8.0 uL from A12 of Bio-Rad 96 Well Plate 200 µL PCR on 5 at 7.6 uL/sec
	Dispensing 8.0 uL into A12 of Bio-Rad 96 Well Plate 200 µL PCR on 5 at 7.6 uL/sec
	Aspirating 8.0 uL from A12 of Bio-Rad 96 Well Plate 200 µL PCR on 5 at 7.6 uL/sec
	Dispensing 8.0 uL into A12 of Bio-Rad 96 Well Plate 200 µL PCR on 5 at 7.6 uL/sec
	Aspirating 8.0 uL from A12 of Bio-Rad 96 Well Plate 200 µL PCR on 5 at 7.6 uL/sec
	Dispensing 8.0 uL into A12 of Bio-Rad 96 Well Plate 200 µL PCR on 5 at 7.6 uL/sec
	Aspirating 8.0 uL from A12 of Bio-Rad 96 Well Plate 200 µL PCR on 5 at 7.6 uL/sec
	Dispensing 8.0 uL into A12 of Bio-Rad 96 Well Plate 200 µL PCR on 5 at 7.6 uL/sec
	Aspirating 8.0 uL from A12 of Bio-Rad 96 Well Plate 200 µL PCR on 5 at 7.6 uL/sec
	Dispensing 8.0 uL into A12 of Bio-Rad 96 Well Plate 200 µL PCR on 5 at 7.6 uL/sec
	Aspirating 8.0 uL from A12 of Bio-Rad 96 Well Plate 200 µL PCR on 5 at 7.6 uL/sec
	Dispensing 8.0 uL into A12 of Bio-Rad 96 Well Plate 200 µL PCR on 5 at 7.6 uL/sec
Blowing out at A12 of Bio-Rad 96 Well Plate 200 µL PCR on 5
Dropping tip into A1 of Opentrons Fixed Trash on 12
Pausing robot operation

----------ADDING BUFFER B TO BARCODE PLATE-----------


Picking up tip from A2 of Opentrons OT-2 96 Filter Tip Rack 20 µL on 10
Aspirating 7.5 uL from A2 of NEST 96 Well Plate 100 µL PCR Full Skirt on 6 at 1.52 uL/sec
Delaying for 0 minutes and 1.5 seconds
Dispensing 7.5 uL into A1 of Bio-Rad 96 Well Plate 200 µL PCR on 5 at 7.6 uL/sec
Mixing 10 times with a volume of 14.0 ul
	Aspirating 14.0 uL from A1 of Bio-Rad 96 Well Plate 200 µL PCR on 5 at 3.8 uL/sec
	Dispensing 14.0 uL into A1 of Bio-Rad 96 Well Plate 200 µL PCR on 5 at 3.8 uL/sec
	Aspirating 14.0 uL from A1 of Bio-Rad 96 Well Plate 200 µL PCR on 5 at 3.8 uL/sec
	Dispensing 14.0 uL into A1 of Bio-Rad 96 Well Plate 200 µL PCR on 5 at 3.8 uL/sec
	Aspirating 14.0 uL from A1 of Bio-Rad 96 Well Plate 200 µL PCR on 5 at 3.8 uL/sec
	Dispensing 14.0 uL into A1 of Bio-Rad 96 Well Plate 200 µL PCR on 5 at 3.8 uL/sec
	Aspirating 14.0 uL from A1 of Bio-Rad 96 Well Plate 200 µL PCR on 5 at 3.8 uL/sec
	Dispensing 14.0 uL into A1 of Bio-Rad 96 Well Plate 200 µL PCR on 5 at 3.8 uL/sec
	Aspirating 14.0 uL from A1 of Bio-Rad 96 Well Plate 200 µL PCR on 5 at 3.8 uL/sec
	Dispensing 14.0 uL into A1 of Bio-Rad 96 Well Plate 200 µL PCR on 5 at 3.8 uL/sec
	Aspirating 14.0 uL from A1 of Bio-Rad 96 Well Plate 200 µL PCR on 5 at 3.8 uL/sec
	Dispensing 14.0 uL into A1 of Bio-Rad 96 Well Plate 200 µL PCR on 5 at 3.8 uL/sec
	Aspirating 14.0 uL from A1 of Bio-Rad 96 Well Plate 200 µL PCR on 5 at 3.8 uL/sec
	Dispensing 14.0 uL into A1 of Bio-Rad 96 Well Plate 200 µL PCR on 5 at 3.8 uL/sec
	Aspirating 14.0 uL from A1 of Bio-Rad 96 Well Plate 200 µL PCR on 5 at 3.8 uL/sec
	Dispensing 14.0 uL into A1 of Bio-Rad 96 Well Plate 200 µL PCR on 5 at 3.8 uL/sec
	Aspirating 14.0 uL from A1 of Bio-Rad 96 Well Plate 200 µL PCR on 5 at 3.8 uL/sec
	Dispensing 14.0 uL into A1 of Bio-Rad 96 Well Plate 200 µL PCR on 5 at 3.8 uL/sec
	Aspirating 14.0 uL from A1 of Bio-Rad 96 Well Plate 200 µL PCR on 5 at 3.8 uL/sec
	Dispensing 14.0 uL into A1 of Bio-Rad 96 Well Plate 200 µL PCR on 5 at 3.8 uL/sec
Blowing out at A1 of Bio-Rad 96 Well Plate 200 µL PCR on 5
Dropping tip into A1 of Opentrons Fixed Trash on 12
Picking up tip from A3 of Opentrons OT-2 96 Filter Tip Rack 20 µL on 10
Aspirating 7.5 uL from A2 of NEST 96 Well Plate 100 µL PCR Full Skirt on 6 at 1.52 uL/sec
Delaying for 0 minutes and 1.5 seconds
Dispensing 7.5 uL into A2 of Bio-Rad 96 Well Plate 200 µL PCR on 5 at 7.6 uL/sec
Mixing 10 times with a volume of 14.0 ul
	Aspirating 14.0 uL from A2 of Bio-Rad 96 Well Plate 200 µL PCR on 5 at 3.8 uL/sec
	Dispensing 14.0 uL into A2 of Bio-Rad 96 Well Plate 200 µL PCR on 5 at 3.8 uL/sec
	Aspirating 14.0 uL from A2 of Bio-Rad 96 Well Plate 200 µL PCR on 5 at 3.8 uL/sec
	Dispensing 14.0 uL into A2 of Bio-Rad 96 Well Plate 200 µL PCR on 5 at 3.8 uL/sec
	Aspirating 14.0 uL from A2 of Bio-Rad 96 Well Plate 200 µL PCR on 5 at 3.8 uL/sec
	Dispensing 14.0 uL into A2 of Bio-Rad 96 Well Plate 200 µL PCR on 5 at 3.8 uL/sec
	Aspirating 14.0 uL from A2 of Bio-Rad 96 Well Plate 200 µL PCR on 5 at 3.8 uL/sec
	Dispensing 14.0 uL into A2 of Bio-Rad 96 Well Plate 200 µL PCR on 5 at 3.8 uL/sec
	Aspirating 14.0 uL from A2 of Bio-Rad 96 Well Plate 200 µL PCR on 5 at 3.8 uL/sec
	Dispensing 14.0 uL into A2 of Bio-Rad 96 Well Plate 200 µL PCR on 5 at 3.8 uL/sec
	Aspirating 14.0 uL from A2 of Bio-Rad 96 Well Plate 200 µL PCR on 5 at 3.8 uL/sec
	Dispensing 14.0 uL into A2 of Bio-Rad 96 Well Plate 200 µL PCR on 5 at 3.8 uL/sec
	Aspirating 14.0 uL from A2 of Bio-Rad 96 Well Plate 200 µL PCR on 5 at 3.8 uL/sec
	Dispensing 14.0 uL into A2 of Bio-Rad 96 Well Plate 200 µL PCR on 5 at 3.8 uL/sec
	Aspirating 14.0 uL from A2 of Bio-Rad 96 Well Plate 200 µL PCR on 5 at 3.8 uL/sec
	Dispensing 14.0 uL into A2 of Bio-Rad 96 Well Plate 200 µL PCR on 5 at 3.8 uL/sec
	Aspirating 14.0 uL from A2 of Bio-Rad 96 Well Plate 200 µL PCR on 5 at 3.8 uL/sec
	Dispensing 14.0 uL into A2 of Bio-Rad 96 Well Plate 200 µL PCR on 5 at 3.8 uL/sec
	Aspirating 14.0 uL from A2 of Bio-Rad 96 Well Plate 200 µL PCR on 5 at 3.8 uL/sec
	Dispensing 14.0 uL into A2 of Bio-Rad 96 Well Plate 200 µL PCR on 5 at 3.8 uL/sec
Blowing out at A2 of Bio-Rad 96 Well Plate 200 µL PCR on 5
Dropping tip into A1 of Opentrons Fixed Trash on 12
Picking up tip from A4 of Opentrons OT-2 96 Filter Tip Rack 20 µL on 10
Aspirating 7.5 uL from A2 of NEST 96 Well Plate 100 µL PCR Full Skirt on 6 at 1.52 uL/sec
Delaying for 0 minutes and 1.5 seconds
Dispensing 7.5 uL into A3 of Bio-Rad 96 Well Plate 200 µL PCR on 5 at 7.6 uL/sec
Mixing 10 times with a volume of 14.0 ul
	Aspirating 14.0 uL from A3 of Bio-Rad 96 Well Plate 200 µL PCR on 5 at 3.8 uL/sec
	Dispensing 14.0 uL into A3 of Bio-Rad 96 Well Plate 200 µL PCR on 5 at 3.8 uL/sec
	Aspirating 14.0 uL from A3 of Bio-Rad 96 Well Plate 200 µL PCR on 5 at 3.8 uL/sec
	Dispensing 14.0 uL into A3 of Bio-Rad 96 Well Plate 200 µL PCR on 5 at 3.8 uL/sec
	Aspirating 14.0 uL from A3 of Bio-Rad 96 Well Plate 200 µL PCR on 5 at 3.8 uL/sec
	Dispensing 14.0 uL into A3 of Bio-Rad 96 Well Plate 200 µL PCR on 5 at 3.8 uL/sec
	Aspirating 14.0 uL from A3 of Bio-Rad 96 Well Plate 200 µL PCR on 5 at 3.8 uL/sec
	Dispensing 14.0 uL into A3 of Bio-Rad 96 Well Plate 200 µL PCR on 5 at 3.8 uL/sec
	Aspirating 14.0 uL from A3 of Bio-Rad 96 Well Plate 200 µL PCR on 5 at 3.8 uL/sec
	Dispensing 14.0 uL into A3 of Bio-Rad 96 Well Plate 200 µL PCR on 5 at 3.8 uL/sec
	Aspirating 14.0 uL from A3 of Bio-Rad 96 Well Plate 200 µL PCR on 5 at 3.8 uL/sec
	Dispensing 14.0 uL into A3 of Bio-Rad 96 Well Plate 200 µL PCR on 5 at 3.8 uL/sec
	Aspirating 14.0 uL from A3 of Bio-Rad 96 Well Plate 200 µL PCR on 5 at 3.8 uL/sec
	Dispensing 14.0 uL into A3 of Bio-Rad 96 Well Plate 200 µL PCR on 5 at 3.8 uL/sec
	Aspirating 14.0 uL from A3 of Bio-Rad 96 Well Plate 200 µL PCR on 5 at 3.8 uL/sec
	Dispensing 14.0 uL into A3 of Bio-Rad 96 Well Plate 200 µL PCR on 5 at 3.8 uL/sec
	Aspirating 14.0 uL from A3 of Bio-Rad 96 Well Plate 200 µL PCR on 5 at 3.8 uL/sec
	Dispensing 14.0 uL into A3 of Bio-Rad 96 Well Plate 200 µL PCR on 5 at 3.8 uL/sec
	Aspirating 14.0 uL from A3 of Bio-Rad 96 Well Plate 200 µL PCR on 5 at 3.8 uL/sec
	Dispensing 14.0 uL into A3 of Bio-Rad 96 Well Plate 200 µL PCR on 5 at 3.8 uL/sec
Blowing out at A3 of Bio-Rad 96 Well Plate 200 µL PCR on 5
Dropping tip into A1 of Opentrons Fixed Trash on 12
Picking up tip from A5 of Opentrons OT-2 96 Filter Tip Rack 20 µL on 10
Aspirating 7.5 uL from A2 of NEST 96 Well Plate 100 µL PCR Full Skirt on 6 at 1.52 uL/sec
Delaying for 0 minutes and 1.5 seconds
Dispensing 7.5 uL into A4 of Bio-Rad 96 Well Plate 200 µL PCR on 5 at 7.6 uL/sec
Mixing 10 times with a volume of 14.0 ul
	Aspirating 14.0 uL from A4 of Bio-Rad 96 Well Plate 200 µL PCR on 5 at 3.8 uL/sec
	Dispensing 14.0 uL into A4 of Bio-Rad 96 Well Plate 200 µL PCR on 5 at 3.8 uL/sec
	Aspirating 14.0 uL from A4 of Bio-Rad 96 Well Plate 200 µL PCR on 5 at 3.8 uL/sec
	Dispensing 14.0 uL into A4 of Bio-Rad 96 Well Plate 200 µL PCR on 5 at 3.8 uL/sec
	Aspirating 14.0 uL from A4 of Bio-Rad 96 Well Plate 200 µL PCR on 5 at 3.8 uL/sec
	Dispensing 14.0 uL into A4 of Bio-Rad 96 Well Plate 200 µL PCR on 5 at 3.8 uL/sec
	Aspirating 14.0 uL from A4 of Bio-Rad 96 Well Plate 200 µL PCR on 5 at 3.8 uL/sec
	Dispensing 14.0 uL into A4 of Bio-Rad 96 Well Plate 200 µL PCR on 5 at 3.8 uL/sec
	Aspirating 14.0 uL from A4 of Bio-Rad 96 Well Plate 200 µL PCR on 5 at 3.8 uL/sec
	Dispensing 14.0 uL into A4 of Bio-Rad 96 Well Plate 200 µL PCR on 5 at 3.8 uL/sec
	Aspirating 14.0 uL from A4 of Bio-Rad 96 Well Plate 200 µL PCR on 5 at 3.8 uL/sec
	Dispensing 14.0 uL into A4 of Bio-Rad 96 Well Plate 200 µL PCR on 5 at 3.8 uL/sec
	Aspirating 14.0 uL from A4 of Bio-Rad 96 Well Plate 200 µL PCR on 5 at 3.8 uL/sec
	Dispensing 14.0 uL into A4 of Bio-Rad 96 Well Plate 200 µL PCR on 5 at 3.8 uL/sec
	Aspirating 14.0 uL from A4 of Bio-Rad 96 Well Plate 200 µL PCR on 5 at 3.8 uL/sec
	Dispensing 14.0 uL into A4 of Bio-Rad 96 Well Plate 200 µL PCR on 5 at 3.8 uL/sec
	Aspirating 14.0 uL from A4 of Bio-Rad 96 Well Plate 200 µL PCR on 5 at 3.8 uL/sec
	Dispensing 14.0 uL into A4 of Bio-Rad 96 Well Plate 200 µL PCR on 5 at 3.8 uL/sec
	Aspirating 14.0 uL from A4 of Bio-Rad 96 Well Plate 200 µL PCR on 5 at 3.8 uL/sec
	Dispensing 14.0 uL into A4 of Bio-Rad 96 Well Plate 200 µL PCR on 5 at 3.8 uL/sec
Blowing out at A4 of Bio-Rad 96 Well Plate 200 µL PCR on 5
Dropping tip into A1 of Opentrons Fixed Trash on 12
Picking up tip from A6 of Opentrons OT-2 96 Filter Tip Rack 20 µL on 10
Aspirating 7.5 uL from A2 of NEST 96 Well Plate 100 µL PCR Full Skirt on 6 at 1.52 uL/sec
Delaying for 0 minutes and 1.5 seconds
Dispensing 7.5 uL into A5 of Bio-Rad 96 Well Plate 200 µL PCR on 5 at 7.6 uL/sec
Mixing 10 times with a volume of 14.0 ul
	Aspirating 14.0 uL from A5 of Bio-Rad 96 Well Plate 200 µL PCR on 5 at 3.8 uL/sec
	Dispensing 14.0 uL into A5 of Bio-Rad 96 Well Plate 200 µL PCR on 5 at 3.8 uL/sec
	Aspirating 14.0 uL from A5 of Bio-Rad 96 Well Plate 200 µL PCR on 5 at 3.8 uL/sec
	Dispensing 14.0 uL into A5 of Bio-Rad 96 Well Plate 200 µL PCR on 5 at 3.8 uL/sec
	Aspirating 14.0 uL from A5 of Bio-Rad 96 Well Plate 200 µL PCR on 5 at 3.8 uL/sec
	Dispensing 14.0 uL into A5 of Bio-Rad 96 Well Plate 200 µL PCR on 5 at 3.8 uL/sec
	Aspirating 14.0 uL from A5 of Bio-Rad 96 Well Plate 200 µL PCR on 5 at 3.8 uL/sec
	Dispensing 14.0 uL into A5 of Bio-Rad 96 Well Plate 200 µL PCR on 5 at 3.8 uL/sec
	Aspirating 14.0 uL from A5 of Bio-Rad 96 Well Plate 200 µL PCR on 5 at 3.8 uL/sec
	Dispensing 14.0 uL into A5 of Bio-Rad 96 Well Plate 200 µL PCR on 5 at 3.8 uL/sec
	Aspirating 14.0 uL from A5 of Bio-Rad 96 Well Plate 200 µL PCR on 5 at 3.8 uL/sec
	Dispensing 14.0 uL into A5 of Bio-Rad 96 Well Plate 200 µL PCR on 5 at 3.8 uL/sec
	Aspirating 14.0 uL from A5 of Bio-Rad 96 Well Plate 200 µL PCR on 5 at 3.8 uL/sec
	Dispensing 14.0 uL into A5 of Bio-Rad 96 Well Plate 200 µL PCR on 5 at 3.8 uL/sec
	Aspirating 14.0 uL from A5 of Bio-Rad 96 Well Plate 200 µL PCR on 5 at 3.8 uL/sec
	Dispensing 14.0 uL into A5 of Bio-Rad 96 Well Plate 200 µL PCR on 5 at 3.8 uL/sec
	Aspirating 14.0 uL from A5 of Bio-Rad 96 Well Plate 200 µL PCR on 5 at 3.8 uL/sec
	Dispensing 14.0 uL into A5 of Bio-Rad 96 Well Plate 200 µL PCR on 5 at 3.8 uL/sec
	Aspirating 14.0 uL from A5 of Bio-Rad 96 Well Plate 200 µL PCR on 5 at 3.8 uL/sec
	Dispensing 14.0 uL into A5 of Bio-Rad 96 Well Plate 200 µL PCR on 5 at 3.8 uL/sec
Blowing out at A5 of Bio-Rad 96 Well Plate 200 µL PCR on 5
Dropping tip into A1 of Opentrons Fixed Trash on 12
Picking up tip from A7 of Opentrons OT-2 96 Filter Tip Rack 20 µL on 10
Aspirating 7.5 uL from A2 of NEST 96 Well Plate 100 µL PCR Full Skirt on 6 at 1.52 uL/sec
Delaying for 0 minutes and 1.5 seconds
Dispensing 7.5 uL into A6 of Bio-Rad 96 Well Plate 200 µL PCR on 5 at 7.6 uL/sec
Mixing 10 times with a volume of 14.0 ul
	Aspirating 14.0 uL from A6 of Bio-Rad 96 Well Plate 200 µL PCR on 5 at 3.8 uL/sec
	Dispensing 14.0 uL into A6 of Bio-Rad 96 Well Plate 200 µL PCR on 5 at 3.8 uL/sec
	Aspirating 14.0 uL from A6 of Bio-Rad 96 Well Plate 200 µL PCR on 5 at 3.8 uL/sec
	Dispensing 14.0 uL into A6 of Bio-Rad 96 Well Plate 200 µL PCR on 5 at 3.8 uL/sec
	Aspirating 14.0 uL from A6 of Bio-Rad 96 Well Plate 200 µL PCR on 5 at 3.8 uL/sec
	Dispensing 14.0 uL into A6 of Bio-Rad 96 Well Plate 200 µL PCR on 5 at 3.8 uL/sec
	Aspirating 14.0 uL from A6 of Bio-Rad 96 Well Plate 200 µL PCR on 5 at 3.8 uL/sec
	Dispensing 14.0 uL into A6 of Bio-Rad 96 Well Plate 200 µL PCR on 5 at 3.8 uL/sec
	Aspirating 14.0 uL from A6 of Bio-Rad 96 Well Plate 200 µL PCR on 5 at 3.8 uL/sec
	Dispensing 14.0 uL into A6 of Bio-Rad 96 Well Plate 200 µL PCR on 5 at 3.8 uL/sec
	Aspirating 14.0 uL from A6 of Bio-Rad 96 Well Plate 200 µL PCR on 5 at 3.8 uL/sec
	Dispensing 14.0 uL into A6 of Bio-Rad 96 Well Plate 200 µL PCR on 5 at 3.8 uL/sec
	Aspirating 14.0 uL from A6 of Bio-Rad 96 Well Plate 200 µL PCR on 5 at 3.8 uL/sec
	Dispensing 14.0 uL into A6 of Bio-Rad 96 Well Plate 200 µL PCR on 5 at 3.8 uL/sec
	Aspirating 14.0 uL from A6 of Bio-Rad 96 Well Plate 200 µL PCR on 5 at 3.8 uL/sec
	Dispensing 14.0 uL into A6 of Bio-Rad 96 Well Plate 200 µL PCR on 5 at 3.8 uL/sec
	Aspirating 14.0 uL from A6 of Bio-Rad 96 Well Plate 200 µL PCR on 5 at 3.8 uL/sec
	Dispensing 14.0 uL into A6 of Bio-Rad 96 Well Plate 200 µL PCR on 5 at 3.8 uL/sec
	Aspirating 14.0 uL from A6 of Bio-Rad 96 Well Plate 200 µL PCR on 5 at 3.8 uL/sec
	Dispensing 14.0 uL into A6 of Bio-Rad 96 Well Plate 200 µL PCR on 5 at 3.8 uL/sec
Blowing out at A6 of Bio-Rad 96 Well Plate 200 µL PCR on 5
Dropping tip into A1 of Opentrons Fixed Trash on 12
Picking up tip from A8 of Opentrons OT-2 96 Filter Tip Rack 20 µL on 10
Aspirating 7.5 uL from A2 of NEST 96 Well Plate 100 µL PCR Full Skirt on 6 at 1.52 uL/sec
Delaying for 0 minutes and 1.5 seconds
Dispensing 7.5 uL into A7 of Bio-Rad 96 Well Plate 200 µL PCR on 5 at 7.6 uL/sec
Mixing 10 times with a volume of 14.0 ul
	Aspirating 14.0 uL from A7 of Bio-Rad 96 Well Plate 200 µL PCR on 5 at 3.8 uL/sec
	Dispensing 14.0 uL into A7 of Bio-Rad 96 Well Plate 200 µL PCR on 5 at 3.8 uL/sec
	Aspirating 14.0 uL from A7 of Bio-Rad 96 Well Plate 200 µL PCR on 5 at 3.8 uL/sec
	Dispensing 14.0 uL into A7 of Bio-Rad 96 Well Plate 200 µL PCR on 5 at 3.8 uL/sec
	Aspirating 14.0 uL from A7 of Bio-Rad 96 Well Plate 200 µL PCR on 5 at 3.8 uL/sec
	Dispensing 14.0 uL into A7 of Bio-Rad 96 Well Plate 200 µL PCR on 5 at 3.8 uL/sec
	Aspirating 14.0 uL from A7 of Bio-Rad 96 Well Plate 200 µL PCR on 5 at 3.8 uL/sec
	Dispensing 14.0 uL into A7 of Bio-Rad 96 Well Plate 200 µL PCR on 5 at 3.8 uL/sec
	Aspirating 14.0 uL from A7 of Bio-Rad 96 Well Plate 200 µL PCR on 5 at 3.8 uL/sec
	Dispensing 14.0 uL into A7 of Bio-Rad 96 Well Plate 200 µL PCR on 5 at 3.8 uL/sec
	Aspirating 14.0 uL from A7 of Bio-Rad 96 Well Plate 200 µL PCR on 5 at 3.8 uL/sec
	Dispensing 14.0 uL into A7 of Bio-Rad 96 Well Plate 200 µL PCR on 5 at 3.8 uL/sec
	Aspirating 14.0 uL from A7 of Bio-Rad 96 Well Plate 200 µL PCR on 5 at 3.8 uL/sec
	Dispensing 14.0 uL into A7 of Bio-Rad 96 Well Plate 200 µL PCR on 5 at 3.8 uL/sec
	Aspirating 14.0 uL from A7 of Bio-Rad 96 Well Plate 200 µL PCR on 5 at 3.8 uL/sec
	Dispensing 14.0 uL into A7 of Bio-Rad 96 Well Plate 200 µL PCR on 5 at 3.8 uL/sec
	Aspirating 14.0 uL from A7 of Bio-Rad 96 Well Plate 200 µL PCR on 5 at 3.8 uL/sec
	Dispensing 14.0 uL into A7 of Bio-Rad 96 Well Plate 200 µL PCR on 5 at 3.8 uL/sec
	Aspirating 14.0 uL from A7 of Bio-Rad 96 Well Plate 200 µL PCR on 5 at 3.8 uL/sec
	Dispensing 14.0 uL into A7 of Bio-Rad 96 Well Plate 200 µL PCR on 5 at 3.8 uL/sec
Blowing out at A7 of Bio-Rad 96 Well Plate 200 µL PCR on 5
Dropping tip into A1 of Opentrons Fixed Trash on 12
Picking up tip from A9 of Opentrons OT-2 96 Filter Tip Rack 20 µL on 10
Aspirating 7.5 uL from A2 of NEST 96 Well Plate 100 µL PCR Full Skirt on 6 at 1.52 uL/sec
Delaying for 0 minutes and 1.5 seconds
Dispensing 7.5 uL into A8 of Bio-Rad 96 Well Plate 200 µL PCR on 5 at 7.6 uL/sec
Mixing 10 times with a volume of 14.0 ul
	Aspirating 14.0 uL from A8 of Bio-Rad 96 Well Plate 200 µL PCR on 5 at 3.8 uL/sec
	Dispensing 14.0 uL into A8 of Bio-Rad 96 Well Plate 200 µL PCR on 5 at 3.8 uL/sec
	Aspirating 14.0 uL from A8 of Bio-Rad 96 Well Plate 200 µL PCR on 5 at 3.8 uL/sec
	Dispensing 14.0 uL into A8 of Bio-Rad 96 Well Plate 200 µL PCR on 5 at 3.8 uL/sec
	Aspirating 14.0 uL from A8 of Bio-Rad 96 Well Plate 200 µL PCR on 5 at 3.8 uL/sec
	Dispensing 14.0 uL into A8 of Bio-Rad 96 Well Plate 200 µL PCR on 5 at 3.8 uL/sec
	Aspirating 14.0 uL from A8 of Bio-Rad 96 Well Plate 200 µL PCR on 5 at 3.8 uL/sec
	Dispensing 14.0 uL into A8 of Bio-Rad 96 Well Plate 200 µL PCR on 5 at 3.8 uL/sec
	Aspirating 14.0 uL from A8 of Bio-Rad 96 Well Plate 200 µL PCR on 5 at 3.8 uL/sec
	Dispensing 14.0 uL into A8 of Bio-Rad 96 Well Plate 200 µL PCR on 5 at 3.8 uL/sec
	Aspirating 14.0 uL from A8 of Bio-Rad 96 Well Plate 200 µL PCR on 5 at 3.8 uL/sec
	Dispensing 14.0 uL into A8 of Bio-Rad 96 Well Plate 200 µL PCR on 5 at 3.8 uL/sec
	Aspirating 14.0 uL from A8 of Bio-Rad 96 Well Plate 200 µL PCR on 5 at 3.8 uL/sec
	Dispensing 14.0 uL into A8 of Bio-Rad 96 Well Plate 200 µL PCR on 5 at 3.8 uL/sec
	Aspirating 14.0 uL from A8 of Bio-Rad 96 Well Plate 200 µL PCR on 5 at 3.8 uL/sec
	Dispensing 14.0 uL into A8 of Bio-Rad 96 Well Plate 200 µL PCR on 5 at 3.8 uL/sec
	Aspirating 14.0 uL from A8 of Bio-Rad 96 Well Plate 200 µL PCR on 5 at 3.8 uL/sec
	Dispensing 14.0 uL into A8 of Bio-Rad 96 Well Plate 200 µL PCR on 5 at 3.8 uL/sec
	Aspirating 14.0 uL from A8 of Bio-Rad 96 Well Plate 200 µL PCR on 5 at 3.8 uL/sec
	Dispensing 14.0 uL into A8 of Bio-Rad 96 Well Plate 200 µL PCR on 5 at 3.8 uL/sec
Blowing out at A8 of Bio-Rad 96 Well Plate 200 µL PCR on 5
Dropping tip into A1 of Opentrons Fixed Trash on 12
Picking up tip from A10 of Opentrons OT-2 96 Filter Tip Rack 20 µL on 10
Aspirating 7.5 uL from A2 of NEST 96 Well Plate 100 µL PCR Full Skirt on 6 at 1.52 uL/sec
Delaying for 0 minutes and 1.5 seconds
Dispensing 7.5 uL into A9 of Bio-Rad 96 Well Plate 200 µL PCR on 5 at 7.6 uL/sec
Mixing 10 times with a volume of 14.0 ul
	Aspirating 14.0 uL from A9 of Bio-Rad 96 Well Plate 200 µL PCR on 5 at 3.8 uL/sec
	Dispensing 14.0 uL into A9 of Bio-Rad 96 Well Plate 200 µL PCR on 5 at 3.8 uL/sec
	Aspirating 14.0 uL from A9 of Bio-Rad 96 Well Plate 200 µL PCR on 5 at 3.8 uL/sec
	Dispensing 14.0 uL into A9 of Bio-Rad 96 Well Plate 200 µL PCR on 5 at 3.8 uL/sec
	Aspirating 14.0 uL from A9 of Bio-Rad 96 Well Plate 200 µL PCR on 5 at 3.8 uL/sec
	Dispensing 14.0 uL into A9 of Bio-Rad 96 Well Plate 200 µL PCR on 5 at 3.8 uL/sec
	Aspirating 14.0 uL from A9 of Bio-Rad 96 Well Plate 200 µL PCR on 5 at 3.8 uL/sec
	Dispensing 14.0 uL into A9 of Bio-Rad 96 Well Plate 200 µL PCR on 5 at 3.8 uL/sec
	Aspirating 14.0 uL from A9 of Bio-Rad 96 Well Plate 200 µL PCR on 5 at 3.8 uL/sec
	Dispensing 14.0 uL into A9 of Bio-Rad 96 Well Plate 200 µL PCR on 5 at 3.8 uL/sec
	Aspirating 14.0 uL from A9 of Bio-Rad 96 Well Plate 200 µL PCR on 5 at 3.8 uL/sec
	Dispensing 14.0 uL into A9 of Bio-Rad 96 Well Plate 200 µL PCR on 5 at 3.8 uL/sec
	Aspirating 14.0 uL from A9 of Bio-Rad 96 Well Plate 200 µL PCR on 5 at 3.8 uL/sec
	Dispensing 14.0 uL into A9 of Bio-Rad 96 Well Plate 200 µL PCR on 5 at 3.8 uL/sec
	Aspirating 14.0 uL from A9 of Bio-Rad 96 Well Plate 200 µL PCR on 5 at 3.8 uL/sec
	Dispensing 14.0 uL into A9 of Bio-Rad 96 Well Plate 200 µL PCR on 5 at 3.8 uL/sec
	Aspirating 14.0 uL from A9 of Bio-Rad 96 Well Plate 200 µL PCR on 5 at 3.8 uL/sec
	Dispensing 14.0 uL into A9 of Bio-Rad 96 Well Plate 200 µL PCR on 5 at 3.8 uL/sec
	Aspirating 14.0 uL from A9 of Bio-Rad 96 Well Plate 200 µL PCR on 5 at 3.8 uL/sec
	Dispensing 14.0 uL into A9 of Bio-Rad 96 Well Plate 200 µL PCR on 5 at 3.8 uL/sec
Blowing out at A9 of Bio-Rad 96 Well Plate 200 µL PCR on 5
Dropping tip into A1 of Opentrons Fixed Trash on 12
Picking up tip from A11 of Opentrons OT-2 96 Filter Tip Rack 20 µL on 10
Aspirating 7.5 uL from A2 of NEST 96 Well Plate 100 µL PCR Full Skirt on 6 at 1.52 uL/sec
Delaying for 0 minutes and 1.5 seconds
Dispensing 7.5 uL into A10 of Bio-Rad 96 Well Plate 200 µL PCR on 5 at 7.6 uL/sec
Mixing 10 times with a volume of 14.0 ul
	Aspirating 14.0 uL from A10 of Bio-Rad 96 Well Plate 200 µL PCR on 5 at 3.8 uL/sec
	Dispensing 14.0 uL into A10 of Bio-Rad 96 Well Plate 200 µL PCR on 5 at 3.8 uL/sec
	Aspirating 14.0 uL from A10 of Bio-Rad 96 Well Plate 200 µL PCR on 5 at 3.8 uL/sec
	Dispensing 14.0 uL into A10 of Bio-Rad 96 Well Plate 200 µL PCR on 5 at 3.8 uL/sec
	Aspirating 14.0 uL from A10 of Bio-Rad 96 Well Plate 200 µL PCR on 5 at 3.8 uL/sec
	Dispensing 14.0 uL into A10 of Bio-Rad 96 Well Plate 200 µL PCR on 5 at 3.8 uL/sec
	Aspirating 14.0 uL from A10 of Bio-Rad 96 Well Plate 200 µL PCR on 5 at 3.8 uL/sec
	Dispensing 14.0 uL into A10 of Bio-Rad 96 Well Plate 200 µL PCR on 5 at 3.8 uL/sec
	Aspirating 14.0 uL from A10 of Bio-Rad 96 Well Plate 200 µL PCR on 5 at 3.8 uL/sec
	Dispensing 14.0 uL into A10 of Bio-Rad 96 Well Plate 200 µL PCR on 5 at 3.8 uL/sec
	Aspirating 14.0 uL from A10 of Bio-Rad 96 Well Plate 200 µL PCR on 5 at 3.8 uL/sec
	Dispensing 14.0 uL into A10 of Bio-Rad 96 Well Plate 200 µL PCR on 5 at 3.8 uL/sec
	Aspirating 14.0 uL from A10 of Bio-Rad 96 Well Plate 200 µL PCR on 5 at 3.8 uL/sec
	Dispensing 14.0 uL into A10 of Bio-Rad 96 Well Plate 200 µL PCR on 5 at 3.8 uL/sec
	Aspirating 14.0 uL from A10 of Bio-Rad 96 Well Plate 200 µL PCR on 5 at 3.8 uL/sec
	Dispensing 14.0 uL into A10 of Bio-Rad 96 Well Plate 200 µL PCR on 5 at 3.8 uL/sec
	Aspirating 14.0 uL from A10 of Bio-Rad 96 Well Plate 200 µL PCR on 5 at 3.8 uL/sec
	Dispensing 14.0 uL into A10 of Bio-Rad 96 Well Plate 200 µL PCR on 5 at 3.8 uL/sec
	Aspirating 14.0 uL from A10 of Bio-Rad 96 Well Plate 200 µL PCR on 5 at 3.8 uL/sec
	Dispensing 14.0 uL into A10 of Bio-Rad 96 Well Plate 200 µL PCR on 5 at 3.8 uL/sec
Blowing out at A10 of Bio-Rad 96 Well Plate 200 µL PCR on 5
Dropping tip into A1 of Opentrons Fixed Trash on 12
Picking up tip from A12 of Opentrons OT-2 96 Filter Tip Rack 20 µL on 10
Aspirating 7.5 uL from A2 of NEST 96 Well Plate 100 µL PCR Full Skirt on 6 at 1.52 uL/sec
Delaying for 0 minutes and 1.5 seconds
Dispensing 7.5 uL into A11 of Bio-Rad 96 Well Plate 200 µL PCR on 5 at 7.6 uL/sec
Mixing 10 times with a volume of 14.0 ul
	Aspirating 14.0 uL from A11 of Bio-Rad 96 Well Plate 200 µL PCR on 5 at 3.8 uL/sec
	Dispensing 14.0 uL into A11 of Bio-Rad 96 Well Plate 200 µL PCR on 5 at 3.8 uL/sec
	Aspirating 14.0 uL from A11 of Bio-Rad 96 Well Plate 200 µL PCR on 5 at 3.8 uL/sec
	Dispensing 14.0 uL into A11 of Bio-Rad 96 Well Plate 200 µL PCR on 5 at 3.8 uL/sec
	Aspirating 14.0 uL from A11 of Bio-Rad 96 Well Plate 200 µL PCR on 5 at 3.8 uL/sec
	Dispensing 14.0 uL into A11 of Bio-Rad 96 Well Plate 200 µL PCR on 5 at 3.8 uL/sec
	Aspirating 14.0 uL from A11 of Bio-Rad 96 Well Plate 200 µL PCR on 5 at 3.8 uL/sec
	Dispensing 14.0 uL into A11 of Bio-Rad 96 Well Plate 200 µL PCR on 5 at 3.8 uL/sec
	Aspirating 14.0 uL from A11 of Bio-Rad 96 Well Plate 200 µL PCR on 5 at 3.8 uL/sec
	Dispensing 14.0 uL into A11 of Bio-Rad 96 Well Plate 200 µL PCR on 5 at 3.8 uL/sec
	Aspirating 14.0 uL from A11 of Bio-Rad 96 Well Plate 200 µL PCR on 5 at 3.8 uL/sec
	Dispensing 14.0 uL into A11 of Bio-Rad 96 Well Plate 200 µL PCR on 5 at 3.8 uL/sec
	Aspirating 14.0 uL from A11 of Bio-Rad 96 Well Plate 200 µL PCR on 5 at 3.8 uL/sec
	Dispensing 14.0 uL into A11 of Bio-Rad 96 Well Plate 200 µL PCR on 5 at 3.8 uL/sec
	Aspirating 14.0 uL from A11 of Bio-Rad 96 Well Plate 200 µL PCR on 5 at 3.8 uL/sec
	Dispensing 14.0 uL into A11 of Bio-Rad 96 Well Plate 200 µL PCR on 5 at 3.8 uL/sec
	Aspirating 14.0 uL from A11 of Bio-Rad 96 Well Plate 200 µL PCR on 5 at 3.8 uL/sec
	Dispensing 14.0 uL into A11 of Bio-Rad 96 Well Plate 200 µL PCR on 5 at 3.8 uL/sec
	Aspirating 14.0 uL from A11 of Bio-Rad 96 Well Plate 200 µL PCR on 5 at 3.8 uL/sec
	Dispensing 14.0 uL into A11 of Bio-Rad 96 Well Plate 200 µL PCR on 5 at 3.8 uL/sec
Blowing out at A11 of Bio-Rad 96 Well Plate 200 µL PCR on 5
Dropping tip into A1 of Opentrons Fixed Trash on 12
Picking up tip from A1 of Opentrons OT-2 96 Filter Tip Rack 20 µL on 11
Aspirating 7.5 uL from A2 of NEST 96 Well Plate 100 µL PCR Full Skirt on 6 at 1.52 uL/sec
Delaying for 0 minutes and 1.5 seconds
Dispensing 7.5 uL into A12 of Bio-Rad 96 Well Plate 200 µL PCR on 5 at 7.6 uL/sec
Mixing 10 times with a volume of 14.0 ul
	Aspirating 14.0 uL from A12 of Bio-Rad 96 Well Plate 200 µL PCR on 5 at 3.8 uL/sec
	Dispensing 14.0 uL into A12 of Bio-Rad 96 Well Plate 200 µL PCR on 5 at 3.8 uL/sec
	Aspirating 14.0 uL from A12 of Bio-Rad 96 Well Plate 200 µL PCR on 5 at 3.8 uL/sec
	Dispensing 14.0 uL into A12 of Bio-Rad 96 Well Plate 200 µL PCR on 5 at 3.8 uL/sec
	Aspirating 14.0 uL from A12 of Bio-Rad 96 Well Plate 200 µL PCR on 5 at 3.8 uL/sec
	Dispensing 14.0 uL into A12 of Bio-Rad 96 Well Plate 200 µL PCR on 5 at 3.8 uL/sec
	Aspirating 14.0 uL from A12 of Bio-Rad 96 Well Plate 200 µL PCR on 5 at 3.8 uL/sec
	Dispensing 14.0 uL into A12 of Bio-Rad 96 Well Plate 200 µL PCR on 5 at 3.8 uL/sec
	Aspirating 14.0 uL from A12 of Bio-Rad 96 Well Plate 200 µL PCR on 5 at 3.8 uL/sec
	Dispensing 14.0 uL into A12 of Bio-Rad 96 Well Plate 200 µL PCR on 5 at 3.8 uL/sec
	Aspirating 14.0 uL from A12 of Bio-Rad 96 Well Plate 200 µL PCR on 5 at 3.8 uL/sec
	Dispensing 14.0 uL into A12 of Bio-Rad 96 Well Plate 200 µL PCR on 5 at 3.8 uL/sec
	Aspirating 14.0 uL from A12 of Bio-Rad 96 Well Plate 200 µL PCR on 5 at 3.8 uL/sec
	Dispensing 14.0 uL into A12 of Bio-Rad 96 Well Plate 200 µL PCR on 5 at 3.8 uL/sec
	Aspirating 14.0 uL from A12 of Bio-Rad 96 Well Plate 200 µL PCR on 5 at 3.8 uL/sec
	Dispensing 14.0 uL into A12 of Bio-Rad 96 Well Plate 200 µL PCR on 5 at 3.8 uL/sec
	Aspirating 14.0 uL from A12 of Bio-Rad 96 Well Plate 200 µL PCR on 5 at 3.8 uL/sec
	Dispensing 14.0 uL into A12 of Bio-Rad 96 Well Plate 200 µL PCR on 5 at 3.8 uL/sec
	Aspirating 14.0 uL from A12 of Bio-Rad 96 Well Plate 200 µL PCR on 5 at 3.8 uL/sec
	Dispensing 14.0 uL into A12 of Bio-Rad 96 Well Plate 200 µL PCR on 5 at 3.8 uL/sec
Blowing out at A12 of Bio-Rad 96 Well Plate 200 µL PCR on 5
Dropping tip into A1 of Opentrons Fixed Trash on 12
Pausing robot operation: Second buffer just added to plate. Resume for pooling.

----------POOLING-----------


Picking up tip from A2 of Opentrons OT-2 96 Filter Tip Rack 20 µL on 11
Aspirating 12.0 uL from A2 of Bio-Rad 96 Well Plate 200 µL PCR on 5 at 7.6 uL/sec
Dispensing 12.0 uL into A1 of Bio-Rad 96 Well Plate 200 µL PCR on 5 at 7.6 uL/sec
Blowing out at A1 of Bio-Rad 96 Well Plate 200 µL PCR on 5
Aspirating 12.0 uL from A2 of Bio-Rad 96 Well Plate 200 µL PCR on 5 at 7.6 uL/sec
Dispensing 12.0 uL into A1 of Bio-Rad 96 Well Plate 200 µL PCR on 5 at 7.6 uL/sec
Blowing out at A1 of Bio-Rad 96 Well Plate 200 µL PCR on 5
Aspirating 12.0 uL from A3 of Bio-Rad 96 Well Plate 200 µL PCR on 5 at 7.6 uL/sec
Dispensing 12.0 uL into A1 of Bio-Rad 96 Well Plate 200 µL PCR on 5 at 7.6 uL/sec
Blowing out at A1 of Bio-Rad 96 Well Plate 200 µL PCR on 5
Aspirating 12.0 uL from A3 of Bio-Rad 96 Well Plate 200 µL PCR on 5 at 7.6 uL/sec
Dispensing 12.0 uL into A1 of Bio-Rad 96 Well Plate 200 µL PCR on 5 at 7.6 uL/sec
Blowing out at A1 of Bio-Rad 96 Well Plate 200 µL PCR on 5
Aspirating 12.0 uL from A4 of Bio-Rad 96 Well Plate 200 µL PCR on 5 at 7.6 uL/sec
Dispensing 12.0 uL into A1 of Bio-Rad 96 Well Plate 200 µL PCR on 5 at 7.6 uL/sec
Blowing out at A1 of Bio-Rad 96 Well Plate 200 µL PCR on 5
Aspirating 12.0 uL from A4 of Bio-Rad 96 Well Plate 200 µL PCR on 5 at 7.6 uL/sec
Dispensing 12.0 uL into A1 of Bio-Rad 96 Well Plate 200 µL PCR on 5 at 7.6 uL/sec
Blowing out at A1 of Bio-Rad 96 Well Plate 200 µL PCR on 5
Aspirating 12.0 uL from A5 of Bio-Rad 96 Well Plate 200 µL PCR on 5 at 7.6 uL/sec
Dispensing 12.0 uL into A1 of Bio-Rad 96 Well Plate 200 µL PCR on 5 at 7.6 uL/sec
Blowing out at A1 of Bio-Rad 96 Well Plate 200 µL PCR on 5
Aspirating 12.0 uL from A5 of Bio-Rad 96 Well Plate 200 µL PCR on 5 at 7.6 uL/sec
Dispensing 12.0 uL into A1 of Bio-Rad 96 Well Plate 200 µL PCR on 5 at 7.6 uL/sec
Blowing out at A1 of Bio-Rad 96 Well Plate 200 µL PCR on 5
Aspirating 12.0 uL from A6 of Bio-Rad 96 Well Plate 200 µL PCR on 5 at 7.6 uL/sec
Dispensing 12.0 uL into A1 of Bio-Rad 96 Well Plate 200 µL PCR on 5 at 7.6 uL/sec
Blowing out at A1 of Bio-Rad 96 Well Plate 200 µL PCR on 5
Aspirating 12.0 uL from A6 of Bio-Rad 96 Well Plate 200 µL PCR on 5 at 7.6 uL/sec
Dispensing 12.0 uL into A1 of Bio-Rad 96 Well Plate 200 µL PCR on 5 at 7.6 uL/sec
Blowing out at A1 of Bio-Rad 96 Well Plate 200 µL PCR on 5
Dropping tip into A1 of Opentrons Fixed Trash on 12
Picking up tip from A3 of Opentrons OT-2 96 Filter Tip Rack 20 µL on 11
Aspirating 12.0 uL from A7 of Bio-Rad 96 Well Plate 200 µL PCR on 5 at 7.6 uL/sec
Dispensing 12.0 uL into A12 of Bio-Rad 96 Well Plate 200 µL PCR on 5 at 7.6 uL/sec
Blowing out at A12 of Bio-Rad 96 Well Plate 200 µL PCR on 5
Aspirating 12.0 uL from A7 of Bio-Rad 96 Well Plate 200 µL PCR on 5 at 7.6 uL/sec
Dispensing 12.0 uL into A12 of Bio-Rad 96 Well Plate 200 µL PCR on 5 at 7.6 uL/sec
Blowing out at A12 of Bio-Rad 96 Well Plate 200 µL PCR on 5
Aspirating 12.0 uL from A8 of Bio-Rad 96 Well Plate 200 µL PCR on 5 at 7.6 uL/sec
Dispensing 12.0 uL into A12 of Bio-Rad 96 Well Plate 200 µL PCR on 5 at 7.6 uL/sec
Blowing out at A12 of Bio-Rad 96 Well Plate 200 µL PCR on 5
Aspirating 12.0 uL from A8 of Bio-Rad 96 Well Plate 200 µL PCR on 5 at 7.6 uL/sec
Dispensing 12.0 uL into A12 of Bio-Rad 96 Well Plate 200 µL PCR on 5 at 7.6 uL/sec
Blowing out at A12 of Bio-Rad 96 Well Plate 200 µL PCR on 5
Aspirating 12.0 uL from A9 of Bio-Rad 96 Well Plate 200 µL PCR on 5 at 7.6 uL/sec
Dispensing 12.0 uL into A12 of Bio-Rad 96 Well Plate 200 µL PCR on 5 at 7.6 uL/sec
Blowing out at A12 of Bio-Rad 96 Well Plate 200 µL PCR on 5
Aspirating 12.0 uL from A9 of Bio-Rad 96 Well Plate 200 µL PCR on 5 at 7.6 uL/sec
Dispensing 12.0 uL into A12 of Bio-Rad 96 Well Plate 200 µL PCR on 5 at 7.6 uL/sec
Blowing out at A12 of Bio-Rad 96 Well Plate 200 µL PCR on 5
Aspirating 12.0 uL from A10 of Bio-Rad 96 Well Plate 200 µL PCR on 5 at 7.6 uL/sec
Dispensing 12.0 uL into A12 of Bio-Rad 96 Well Plate 200 µL PCR on 5 at 7.6 uL/sec
Blowing out at A12 of Bio-Rad 96 Well Plate 200 µL PCR on 5
Aspirating 12.0 uL from A10 of Bio-Rad 96 Well Plate 200 µL PCR on 5 at 7.6 uL/sec
Dispensing 12.0 uL into A12 of Bio-Rad 96 Well Plate 200 µL PCR on 5 at 7.6 uL/sec
Blowing out at A12 of Bio-Rad 96 Well Plate 200 µL PCR on 5
Aspirating 12.0 uL from A11 of Bio-Rad 96 Well Plate 200 µL PCR on 5 at 7.6 uL/sec
Dispensing 12.0 uL into A12 of Bio-Rad 96 Well Plate 200 µL PCR on 5 at 7.6 uL/sec
Blowing out at A12 of Bio-Rad 96 Well Plate 200 µL PCR on 5
Aspirating 12.0 uL from A11 of Bio-Rad 96 Well Plate 200 µL PCR on 5 at 7.6 uL/sec
Dispensing 12.0 uL into A12 of Bio-Rad 96 Well Plate 200 µL PCR on 5 at 7.6 uL/sec
Blowing out at A12 of Bio-Rad 96 Well Plate 200 µL PCR on 5
Dropping tip into A1 of Opentrons Fixed Trash on 12
Caught exception: {'message': 'Task was destroyed but it is pending!', 'task': <Task pending name='Task-2' coro=<Poller._poll_forever() running at /Users/dp/Desktop/project/github/opentrons/venv/lib/python3.10/site-packages/opentrons/hardware_control/poller.py:80> wait_for=<Future pending cb=[Task.task_wakeup()]>>}
Caught exception: {'message': 'Task was destroyed but it is pending!', 'task': <Task pending name='Task-4' coro=<Poller._poll_forever() running at /Users/dp/Desktop/project/github/opentrons/venv/lib/python3.10/site-packages/opentrons/hardware_control/poller.py:80> wait_for=<Future pending cb=[Task.task_wakeup()]>>}
Caught exception: {'message': 'Task was destroyed but it is pending!', 'task': <Task pending name='Task-3' coro=<Poller._poll_forever() running at /Users/dp/Desktop/project/github/opentrons/venv/lib/python3.10/site-packages/opentrons/hardware_control/poller.py:80> wait_for=<Future pending cb=[Task.task_wakeup()]>>}
