/Users/dp/Desktop/project/github/opentrons/venv/lib/python3.10/site-packages/opentrons/hardware_control/simulator_setup.py:205: UserWarning: Simulator configuration does not name a machine, defaulting to OT-2 Standard
  warn(
/Users/dp/.opentrons/robot_settings.json not found. Loading defaults
Deck calibration not found.
/Users/dp/.opentrons/deck_calibration.json not found. Loading defaults
Picking up tip from A1 of Opentrons Tips on 1
Transferring 50.0 from A1 of Dye Source on 2 to A5 of Destination Plate on 3
	Aspirating 50.0 uL from A1 of Dye Source on 2 at 92.86 uL/sec
	Dispensing 50.0 uL into A5 of Destination Plate on 3 at 92.86 uL/sec
Transferring 50.0 from A1 of Dye Source on 2 to A6 of Destination Plate on 3
	Aspirating 50.0 uL from A1 of Dye Source on 2 at 92.86 uL/sec
	Dispensing 50.0 uL into A6 of Destination Plate on 3 at 92.86 uL/sec
Transferring 50.0 from A1 of Dye Source on 2 to A8 of Destination Plate on 3
	Aspirating 50.0 uL from A1 of Dye Source on 2 at 92.86 uL/sec
	Dispensing 50.0 uL into A8 of Destination Plate on 3 at 92.86 uL/sec
Transferring 50.0 from A1 of Dye Source on 2 to A9 of Destination Plate on 3
	Aspirating 50.0 uL from A1 of Dye Source on 2 at 92.86 uL/sec
	Dispensing 50.0 uL into A9 of Destination Plate on 3 at 92.86 uL/sec
Transferring 50.0 from A1 of Dye Source on 2 to B4 of Destination Plate on 3
	Aspirating 50.0 uL from A1 of Dye Source on 2 at 92.86 uL/sec
	Dispensing 50.0 uL into B4 of Destination Plate on 3 at 92.86 uL/sec
Transferring 50.0 from A1 of Dye Source on 2 to B10 of Destination Plate on 3
	Aspirating 50.0 uL from A1 of Dye Source on 2 at 92.86 uL/sec
	Dispensing 50.0 uL into B10 of Destination Plate on 3 at 92.86 uL/sec
Transferring 50.0 from A1 of Dye Source on 2 to C3 of Destination Plate on 3
	Aspirating 50.0 uL from A1 of Dye Source on 2 at 92.86 uL/sec
	Dispensing 50.0 uL into C3 of Destination Plate on 3 at 92.86 uL/sec
Transferring 50.0 from A1 of Dye Source on 2 to C11 of Destination Plate on 3
	Aspirating 50.0 uL from A1 of Dye Source on 2 at 92.86 uL/sec
	Dispensing 50.0 uL into C11 of Destination Plate on 3 at 92.86 uL/sec
Transferring 50.0 from A1 of Dye Source on 2 to D3 of Destination Plate on 3
	Aspirating 50.0 uL from A1 of Dye Source on 2 at 92.86 uL/sec
	Dispensing 50.0 uL into D3 of Destination Plate on 3 at 92.86 uL/sec
Transferring 50.0 from A1 of Dye Source on 2 to D11 of Destination Plate on 3
	Aspirating 50.0 uL from A1 of Dye Source on 2 at 92.86 uL/sec
	Dispensing 50.0 uL into D11 of Destination Plate on 3 at 92.86 uL/sec
Transferring 50.0 from A1 of Dye Source on 2 to E3 of Destination Plate on 3
	Aspirating 50.0 uL from A1 of Dye Source on 2 at 92.86 uL/sec
	Dispensing 50.0 uL into E3 of Destination Plate on 3 at 92.86 uL/sec
Transferring 50.0 from A1 of Dye Source on 2 to E11 of Destination Plate on 3
	Aspirating 50.0 uL from A1 of Dye Source on 2 at 92.86 uL/sec
	Dispensing 50.0 uL into E11 of Destination Plate on 3 at 92.86 uL/sec
Transferring 50.0 from A1 of Dye Source on 2 to F3 of Destination Plate on 3
	Aspirating 50.0 uL from A1 of Dye Source on 2 at 92.86 uL/sec
	Dispensing 50.0 uL into F3 of Destination Plate on 3 at 92.86 uL/sec
Transferring 50.0 from A1 of Dye Source on 2 to F11 of Destination Plate on 3
	Aspirating 50.0 uL from A1 of Dye Source on 2 at 92.86 uL/sec
	Dispensing 50.0 uL into F11 of Destination Plate on 3 at 92.86 uL/sec
Transferring 50.0 from A1 of Dye Source on 2 to G4 of Destination Plate on 3
	Aspirating 50.0 uL from A1 of Dye Source on 2 at 92.86 uL/sec
	Dispensing 50.0 uL into G4 of Destination Plate on 3 at 92.86 uL/sec
Transferring 50.0 from A1 of Dye Source on 2 to G10 of Destination Plate on 3
	Aspirating 50.0 uL from A1 of Dye Source on 2 at 92.86 uL/sec
	Dispensing 50.0 uL into G10 of Destination Plate on 3 at 92.86 uL/sec
Transferring 50.0 from A1 of Dye Source on 2 to H5 of Destination Plate on 3
	Aspirating 50.0 uL from A1 of Dye Source on 2 at 92.86 uL/sec
	Dispensing 50.0 uL into H5 of Destination Plate on 3 at 92.86 uL/sec
Transferring 50.0 from A1 of Dye Source on 2 to H6 of Destination Plate on 3
	Aspirating 50.0 uL from A1 of Dye Source on 2 at 92.86 uL/sec
	Dispensing 50.0 uL into H6 of Destination Plate on 3 at 92.86 uL/sec
Transferring 50.0 from A1 of Dye Source on 2 to H7 of Destination Plate on 3
	Aspirating 50.0 uL from A1 of Dye Source on 2 at 92.86 uL/sec
	Dispensing 50.0 uL into H7 of Destination Plate on 3 at 92.86 uL/sec
Transferring 50.0 from A1 of Dye Source on 2 to H8 of Destination Plate on 3
	Aspirating 50.0 uL from A1 of Dye Source on 2 at 92.86 uL/sec
	Dispensing 50.0 uL into H8 of Destination Plate on 3 at 92.86 uL/sec
Transferring 50.0 from A1 of Dye Source on 2 to H9 of Destination Plate on 3
	Aspirating 50.0 uL from A1 of Dye Source on 2 at 92.86 uL/sec
	Dispensing 50.0 uL into H9 of Destination Plate on 3 at 92.86 uL/sec
Dropping tip into A1 of Opentrons Fixed Trash on 12
Picking up tip from B1 of Opentrons Tips on 1
Transferring 50.0 from A2 of Dye Source on 2 to C7 of Destination Plate on 3
	Aspirating 50.0 uL from A2 of Dye Source on 2 at 92.86 uL/sec
	Dispensing 50.0 uL into C7 of Destination Plate on 3 at 92.86 uL/sec
Transferring 50.0 from A2 of Dye Source on 2 to D6 of Destination Plate on 3
	Aspirating 50.0 uL from A2 of Dye Source on 2 at 92.86 uL/sec
	Dispensing 50.0 uL into D6 of Destination Plate on 3 at 92.86 uL/sec
Transferring 50.0 from A2 of Dye Source on 2 to D7 of Destination Plate on 3
	Aspirating 50.0 uL from A2 of Dye Source on 2 at 92.86 uL/sec
	Dispensing 50.0 uL into D7 of Destination Plate on 3 at 92.86 uL/sec
Transferring 50.0 from A2 of Dye Source on 2 to D8 of Destination Plate on 3
	Aspirating 50.0 uL from A2 of Dye Source on 2 at 92.86 uL/sec
	Dispensing 50.0 uL into D8 of Destination Plate on 3 at 92.86 uL/sec
Transferring 50.0 from A2 of Dye Source on 2 to E5 of Destination Plate on 3
	Aspirating 50.0 uL from A2 of Dye Source on 2 at 92.86 uL/sec
	Dispensing 50.0 uL into E5 of Destination Plate on 3 at 92.86 uL/sec
Transferring 50.0 from A2 of Dye Source on 2 to E6 of Destination Plate on 3
	Aspirating 50.0 uL from A2 of Dye Source on 2 at 92.86 uL/sec
	Dispensing 50.0 uL into E6 of Destination Plate on 3 at 92.86 uL/sec
Transferring 50.0 from A2 of Dye Source on 2 to E7 of Destination Plate on 3
	Aspirating 50.0 uL from A2 of Dye Source on 2 at 92.86 uL/sec
	Dispensing 50.0 uL into E7 of Destination Plate on 3 at 92.86 uL/sec
Transferring 50.0 from A2 of Dye Source on 2 to E8 of Destination Plate on 3
	Aspirating 50.0 uL from A2 of Dye Source on 2 at 92.86 uL/sec
	Dispensing 50.0 uL into E8 of Destination Plate on 3 at 92.86 uL/sec
Transferring 50.0 from A2 of Dye Source on 2 to E9 of Destination Plate on 3
	Aspirating 50.0 uL from A2 of Dye Source on 2 at 92.86 uL/sec
	Dispensing 50.0 uL into E9 of Destination Plate on 3 at 92.86 uL/sec
Transferring 50.0 from A2 of Dye Source on 2 to F5 of Destination Plate on 3
	Aspirating 50.0 uL from A2 of Dye Source on 2 at 92.86 uL/sec
	Dispensing 50.0 uL into F5 of Destination Plate on 3 at 92.86 uL/sec
Transferring 50.0 from A2 of Dye Source on 2 to F6 of Destination Plate on 3
	Aspirating 50.0 uL from A2 of Dye Source on 2 at 92.86 uL/sec
	Dispensing 50.0 uL into F6 of Destination Plate on 3 at 92.86 uL/sec
Transferring 50.0 from A2 of Dye Source on 2 to F7 of Destination Plate on 3
	Aspirating 50.0 uL from A2 of Dye Source on 2 at 92.86 uL/sec
	Dispensing 50.0 uL into F7 of Destination Plate on 3 at 92.86 uL/sec
Transferring 50.0 from A2 of Dye Source on 2 to F8 of Destination Plate on 3
	Aspirating 50.0 uL from A2 of Dye Source on 2 at 92.86 uL/sec
	Dispensing 50.0 uL into F8 of Destination Plate on 3 at 92.86 uL/sec
Transferring 50.0 from A2 of Dye Source on 2 to F9 of Destination Plate on 3
	Aspirating 50.0 uL from A2 of Dye Source on 2 at 92.86 uL/sec
	Dispensing 50.0 uL into F9 of Destination Plate on 3 at 92.86 uL/sec
Transferring 50.0 from A2 of Dye Source on 2 to G6 of Destination Plate on 3
	Aspirating 50.0 uL from A2 of Dye Source on 2 at 92.86 uL/sec
	Dispensing 50.0 uL into G6 of Destination Plate on 3 at 92.86 uL/sec
Transferring 50.0 from A2 of Dye Source on 2 to G7 of Destination Plate on 3
	Aspirating 50.0 uL from A2 of Dye Source on 2 at 92.86 uL/sec
	Dispensing 50.0 uL into G7 of Destination Plate on 3 at 92.86 uL/sec
Transferring 50.0 from A2 of Dye Source on 2 to G8 of Destination Plate on 3
	Aspirating 50.0 uL from A2 of Dye Source on 2 at 92.86 uL/sec
	Dispensing 50.0 uL into G8 of Destination Plate on 3 at 92.86 uL/sec
Dropping tip into A1 of Opentrons Fixed Trash on 12
Caught exception: {'message': 'Task was destroyed but it is pending!', 'task': <Task pending name='Task-4' coro=<Poller._poll_forever() running at /Users/dp/Desktop/project/github/opentrons/venv/lib/python3.10/site-packages/opentrons/hardware_control/poller.py:80> wait_for=<Future pending cb=[Task.task_wakeup()]>>}
Caught exception: {'message': 'Task was destroyed but it is pending!', 'task': <Task pending name='Task-3' coro=<Poller._poll_forever() running at /Users/dp/Desktop/project/github/opentrons/venv/lib/python3.10/site-packages/opentrons/hardware_control/poller.py:80> wait_for=<Future pending cb=[Task.task_wakeup()]>>}
Caught exception: {'message': 'Task was destroyed but it is pending!', 'task': <Task pending name='Task-2' coro=<Poller._poll_forever() running at /Users/dp/Desktop/project/github/opentrons/venv/lib/python3.10/site-packages/opentrons/hardware_control/poller.py:80> wait_for=<Future pending cb=[Task.task_wakeup()]>>}
