/Users/dp/Desktop/project/github/opentrons/venv/lib/python3.10/site-packages/opentrons/hardware_control/simulator_setup.py:205: UserWarning: Simulator configuration does not name a machine, defaulting to OT-2 Standard
  warn(
/Users/dp/.opentrons/robot_settings.json not found. Loading defaults
Deck calibration not found.
/Users/dp/.opentrons/deck_calibration.json not found. Loading defaults
Picking up tip from A1 of custom pin adapter on 5
Aspirating 1.0 uL from A1 of plate 1 on 1 at 150.0 uL/sec
Dispensing 1.0 uL into A1 of plate 1 on 1 at 300.0 uL/sec
Aspirating 1.0 uL from A1 of plate 2 on 2 at 150.0 uL/sec
Dispensing 1.0 uL into A1 of plate 2 on 2 at 300.0 uL/sec
Moving to A1 of plate 1 on 1
Moving to A1 of plate 1 on 1
Moving to A1 of plate 1 on 1
Moving to A1 of plate 1 on 1
Moving to A1 of plate 1 on 1
Moving to A1 of plate 1 on 1
Moving to A1 of plate 2 on 2
Moving to A1 of plate 2 on 2
Delaying for 0 minutes and 3.0 seconds
Moving to A2 of plate 1 on 1
Moving to A2 of plate 1 on 1
Moving to A2 of plate 1 on 1
Moving to A2 of plate 1 on 1
Moving to A2 of plate 1 on 1
Moving to A2 of plate 1 on 1
Moving to A2 of plate 2 on 2
Moving to A2 of plate 2 on 2
Delaying for 0 minutes and 3.0 seconds
Moving to A3 of plate 1 on 1
Moving to A3 of plate 1 on 1
Moving to A3 of plate 1 on 1
Moving to A3 of plate 1 on 1
Moving to A3 of plate 1 on 1
Moving to A3 of plate 1 on 1
Moving to A3 of plate 2 on 2
Moving to A3 of plate 2 on 2
Delaying for 0 minutes and 3.0 seconds
Moving to A4 of plate 1 on 1
Moving to A4 of plate 1 on 1
Moving to A4 of plate 1 on 1
Moving to A4 of plate 1 on 1
Moving to A4 of plate 1 on 1
Moving to A4 of plate 1 on 1
Moving to A4 of plate 2 on 2
Moving to A4 of plate 2 on 2
Delaying for 0 minutes and 3.0 seconds
Moving to A5 of plate 1 on 1
Moving to A5 of plate 1 on 1
Moving to A5 of plate 1 on 1
Moving to A5 of plate 1 on 1
Moving to A5 of plate 1 on 1
Moving to A5 of plate 1 on 1
Moving to A5 of plate 2 on 2
Moving to A5 of plate 2 on 2
Delaying for 0 minutes and 3.0 seconds
Moving to A6 of plate 1 on 1
Moving to A6 of plate 1 on 1
Moving to A6 of plate 1 on 1
Moving to A6 of plate 1 on 1
Moving to A6 of plate 1 on 1
Moving to A6 of plate 1 on 1
Moving to A6 of plate 2 on 2
Moving to A6 of plate 2 on 2
Delaying for 0 minutes and 3.0 seconds
Moving to A7 of plate 1 on 1
Moving to A7 of plate 1 on 1
Moving to A7 of plate 1 on 1
Moving to A7 of plate 1 on 1
Moving to A7 of plate 1 on 1
Moving to A7 of plate 1 on 1
Moving to A7 of plate 2 on 2
Moving to A7 of plate 2 on 2
Delaying for 0 minutes and 3.0 seconds
Moving to A8 of plate 1 on 1
Moving to A8 of plate 1 on 1
Moving to A8 of plate 1 on 1
Moving to A8 of plate 1 on 1
Moving to A8 of plate 1 on 1
Moving to A8 of plate 1 on 1
Moving to A8 of plate 2 on 2
Moving to A8 of plate 2 on 2
Delaying for 0 minutes and 3.0 seconds
Moving to A9 of plate 1 on 1
Moving to A9 of plate 1 on 1
Moving to A9 of plate 1 on 1
Moving to A9 of plate 1 on 1
Moving to A9 of plate 1 on 1
Moving to A9 of plate 1 on 1
Moving to A9 of plate 2 on 2
Moving to A9 of plate 2 on 2
Delaying for 0 minutes and 3.0 seconds
Moving to A10 of plate 1 on 1
Moving to A10 of plate 1 on 1
Moving to A10 of plate 1 on 1
Moving to A10 of plate 1 on 1
Moving to A10 of plate 1 on 1
Moving to A10 of plate 1 on 1
Moving to A10 of plate 2 on 2
Moving to A10 of plate 2 on 2
Delaying for 0 minutes and 3.0 seconds
Moving to A11 of plate 1 on 1
Moving to A11 of plate 1 on 1
Moving to A11 of plate 1 on 1
Moving to A11 of plate 1 on 1
Moving to A11 of plate 1 on 1
Moving to A11 of plate 1 on 1
Moving to A11 of plate 2 on 2
Moving to A11 of plate 2 on 2
Delaying for 0 minutes and 3.0 seconds
Moving to A12 of plate 1 on 1
Moving to A12 of plate 1 on 1
Moving to A12 of plate 1 on 1
Moving to A12 of plate 1 on 1
Moving to A12 of plate 1 on 1
Moving to A12 of plate 1 on 1
Moving to A12 of plate 2 on 2
Moving to A12 of plate 2 on 2
Delaying for 0 minutes and 3.0 seconds
Returning tip
	Dropping tip into A1 of custom pin adapter on 5
Caught exception: {'message': 'Task was destroyed but it is pending!', 'task': <Task pending name='Task-4' coro=<Poller._poll_forever() running at /Users/dp/Desktop/project/github/opentrons/venv/lib/python3.10/site-packages/opentrons/hardware_control/poller.py:80> wait_for=<Future pending cb=[Task.task_wakeup()]>>}
Caught exception: {'message': 'Task was destroyed but it is pending!', 'task': <Task pending name='Task-3' coro=<Poller._poll_forever() running at /Users/dp/Desktop/project/github/opentrons/venv/lib/python3.10/site-packages/opentrons/hardware_control/poller.py:80> wait_for=<Future pending cb=[Task.task_wakeup()]>>}
Caught exception: {'message': 'Task was destroyed but it is pending!', 'task': <Task pending name='Task-2' coro=<Poller._poll_forever() running at /Users/dp/Desktop/project/github/opentrons/venv/lib/python3.10/site-packages/opentrons/hardware_control/poller.py:80> wait_for=<Future pending cb=[Task.task_wakeup()]>>}
