/Users/dp/Desktop/project/github/opentrons/venv/lib/python3.10/site-packages/opentrons/hardware_control/simulator_setup.py:205: UserWarning: Simulator configuration does not name a machine, defaulting to OT-2 Standard
  warn(
/Users/dp/.opentrons/robot_settings.json not found. Loading defaults
Deck calibration not found.
/Users/dp/.opentrons/deck_calibration.json not found. Loading defaults





V141 PLASMID TRANSFERS





Picking up tip from A1 of Opentrons OT-2 96 Filter Tip Rack 20 µL on 7
Aspirating 19.0 uL from A1 of NEST 12 Well Reservoir 15 mL on 4 at 7.6 uL/sec
Touching tip
Air gap
	Aspirating 1.0 uL from A1 of NEST 12 Well Reservoir 15 mL on 4 at 7.6 uL/sec
Dispensing 1.0 uL into A1 of Corning 384 Well Plate 112 µL Flat on 1 at 7.6 uL/sec
Dispensing 4.0 uL into A1 of Corning 384 Well Plate 112 µL Flat on 1 at 7.6 uL/sec
Dispensing 4.0 uL into B1 of Corning 384 Well Plate 112 µL Flat on 1 at 7.6 uL/sec
Dispensing 4.0 uL into A2 of Corning 384 Well Plate 112 µL Flat on 1 at 7.6 uL/sec
Dispensing 4.0 uL into B2 of Corning 384 Well Plate 112 µL Flat on 1 at 7.6 uL/sec
Dispensing 3.0 uL into A1 of NEST 12 Well Reservoir 15 mL on 4 at 7.6 uL/sec
Aspirating 19.0 uL from A1 of NEST 12 Well Reservoir 15 mL on 4 at 7.6 uL/sec
Touching tip
Air gap
	Aspirating 1.0 uL from A1 of NEST 12 Well Reservoir 15 mL on 4 at 7.6 uL/sec
Dispensing 1.0 uL into A3 of Corning 384 Well Plate 112 µL Flat on 1 at 7.6 uL/sec
Dispensing 4.0 uL into A3 of Corning 384 Well Plate 112 µL Flat on 1 at 7.6 uL/sec
Dispensing 4.0 uL into B3 of Corning 384 Well Plate 112 µL Flat on 1 at 7.6 uL/sec
Dispensing 4.0 uL into A4 of Corning 384 Well Plate 112 µL Flat on 1 at 7.6 uL/sec
Dispensing 4.0 uL into B4 of Corning 384 Well Plate 112 µL Flat on 1 at 7.6 uL/sec
Dispensing 3.0 uL into A1 of NEST 12 Well Reservoir 15 mL on 4 at 7.6 uL/sec
Aspirating 19.0 uL from A1 of NEST 12 Well Reservoir 15 mL on 4 at 7.6 uL/sec
Touching tip
Air gap
	Aspirating 1.0 uL from A1 of NEST 12 Well Reservoir 15 mL on 4 at 7.6 uL/sec
Dispensing 1.0 uL into A5 of Corning 384 Well Plate 112 µL Flat on 1 at 7.6 uL/sec
Dispensing 4.0 uL into A5 of Corning 384 Well Plate 112 µL Flat on 1 at 7.6 uL/sec
Dispensing 4.0 uL into B5 of Corning 384 Well Plate 112 µL Flat on 1 at 7.6 uL/sec
Dispensing 4.0 uL into A6 of Corning 384 Well Plate 112 µL Flat on 1 at 7.6 uL/sec
Dispensing 4.0 uL into B6 of Corning 384 Well Plate 112 µL Flat on 1 at 7.6 uL/sec
Dispensing 3.0 uL into A1 of NEST 12 Well Reservoir 15 mL on 4 at 7.6 uL/sec
Aspirating 19.0 uL from A1 of NEST 12 Well Reservoir 15 mL on 4 at 7.6 uL/sec
Touching tip
Air gap
	Aspirating 1.0 uL from A1 of NEST 12 Well Reservoir 15 mL on 4 at 7.6 uL/sec
Dispensing 1.0 uL into A7 of Corning 384 Well Plate 112 µL Flat on 1 at 7.6 uL/sec
Dispensing 4.0 uL into A7 of Corning 384 Well Plate 112 µL Flat on 1 at 7.6 uL/sec
Dispensing 4.0 uL into B7 of Corning 384 Well Plate 112 µL Flat on 1 at 7.6 uL/sec
Dispensing 4.0 uL into A8 of Corning 384 Well Plate 112 µL Flat on 1 at 7.6 uL/sec
Dispensing 4.0 uL into B8 of Corning 384 Well Plate 112 µL Flat on 1 at 7.6 uL/sec
Dispensing 3.0 uL into A1 of NEST 12 Well Reservoir 15 mL on 4 at 7.6 uL/sec
Aspirating 19.0 uL from A1 of NEST 12 Well Reservoir 15 mL on 4 at 7.6 uL/sec
Touching tip
Air gap
	Aspirating 1.0 uL from A1 of NEST 12 Well Reservoir 15 mL on 4 at 7.6 uL/sec
Dispensing 1.0 uL into A9 of Corning 384 Well Plate 112 µL Flat on 1 at 7.6 uL/sec
Dispensing 4.0 uL into A9 of Corning 384 Well Plate 112 µL Flat on 1 at 7.6 uL/sec
Dispensing 4.0 uL into B9 of Corning 384 Well Plate 112 µL Flat on 1 at 7.6 uL/sec
Dispensing 4.0 uL into A10 of Corning 384 Well Plate 112 µL Flat on 1 at 7.6 uL/sec
Dispensing 4.0 uL into B10 of Corning 384 Well Plate 112 µL Flat on 1 at 7.6 uL/sec
Dispensing 3.0 uL into A1 of NEST 12 Well Reservoir 15 mL on 4 at 7.6 uL/sec
Aspirating 19.0 uL from A1 of NEST 12 Well Reservoir 15 mL on 4 at 7.6 uL/sec
Touching tip
Air gap
	Aspirating 1.0 uL from A1 of NEST 12 Well Reservoir 15 mL on 4 at 7.6 uL/sec
Dispensing 1.0 uL into A11 of Corning 384 Well Plate 112 µL Flat on 1 at 7.6 uL/sec
Dispensing 4.0 uL into A11 of Corning 384 Well Plate 112 µL Flat on 1 at 7.6 uL/sec
Dispensing 4.0 uL into B11 of Corning 384 Well Plate 112 µL Flat on 1 at 7.6 uL/sec
Dispensing 4.0 uL into A12 of Corning 384 Well Plate 112 µL Flat on 1 at 7.6 uL/sec
Dispensing 4.0 uL into B12 of Corning 384 Well Plate 112 µL Flat on 1 at 7.6 uL/sec
Dispensing 3.0 uL into A1 of NEST 12 Well Reservoir 15 mL on 4 at 7.6 uL/sec
Aspirating 19.0 uL from A1 of NEST 12 Well Reservoir 15 mL on 4 at 7.6 uL/sec
Touching tip
Air gap
	Aspirating 1.0 uL from A1 of NEST 12 Well Reservoir 15 mL on 4 at 7.6 uL/sec
Dispensing 1.0 uL into A13 of Corning 384 Well Plate 112 µL Flat on 1 at 7.6 uL/sec
Dispensing 4.0 uL into A13 of Corning 384 Well Plate 112 µL Flat on 1 at 7.6 uL/sec
Dispensing 4.0 uL into B13 of Corning 384 Well Plate 112 µL Flat on 1 at 7.6 uL/sec
Dispensing 4.0 uL into A14 of Corning 384 Well Plate 112 µL Flat on 1 at 7.6 uL/sec
Dispensing 4.0 uL into B14 of Corning 384 Well Plate 112 µL Flat on 1 at 7.6 uL/sec
Dispensing 3.0 uL into A1 of NEST 12 Well Reservoir 15 mL on 4 at 7.6 uL/sec
Aspirating 19.0 uL from A1 of NEST 12 Well Reservoir 15 mL on 4 at 7.6 uL/sec
Touching tip
Air gap
	Aspirating 1.0 uL from A1 of NEST 12 Well Reservoir 15 mL on 4 at 7.6 uL/sec
Dispensing 1.0 uL into A15 of Corning 384 Well Plate 112 µL Flat on 1 at 7.6 uL/sec
Dispensing 4.0 uL into A15 of Corning 384 Well Plate 112 µL Flat on 1 at 7.6 uL/sec
Dispensing 4.0 uL into B15 of Corning 384 Well Plate 112 µL Flat on 1 at 7.6 uL/sec
Dispensing 4.0 uL into A16 of Corning 384 Well Plate 112 µL Flat on 1 at 7.6 uL/sec
Dispensing 4.0 uL into B16 of Corning 384 Well Plate 112 µL Flat on 1 at 7.6 uL/sec
Dispensing 3.0 uL into A1 of NEST 12 Well Reservoir 15 mL on 4 at 7.6 uL/sec
Aspirating 19.0 uL from A1 of NEST 12 Well Reservoir 15 mL on 4 at 7.6 uL/sec
Touching tip
Air gap
	Aspirating 1.0 uL from A1 of NEST 12 Well Reservoir 15 mL on 4 at 7.6 uL/sec
Dispensing 1.0 uL into A17 of Corning 384 Well Plate 112 µL Flat on 1 at 7.6 uL/sec
Dispensing 4.0 uL into A17 of Corning 384 Well Plate 112 µL Flat on 1 at 7.6 uL/sec
Dispensing 4.0 uL into B17 of Corning 384 Well Plate 112 µL Flat on 1 at 7.6 uL/sec
Dispensing 4.0 uL into A18 of Corning 384 Well Plate 112 µL Flat on 1 at 7.6 uL/sec
Dispensing 4.0 uL into B18 of Corning 384 Well Plate 112 µL Flat on 1 at 7.6 uL/sec
Dispensing 3.0 uL into A1 of NEST 12 Well Reservoir 15 mL on 4 at 7.6 uL/sec
Aspirating 19.0 uL from A1 of NEST 12 Well Reservoir 15 mL on 4 at 7.6 uL/sec
Touching tip
Air gap
	Aspirating 1.0 uL from A1 of NEST 12 Well Reservoir 15 mL on 4 at 7.6 uL/sec
Dispensing 1.0 uL into A19 of Corning 384 Well Plate 112 µL Flat on 1 at 7.6 uL/sec
Dispensing 4.0 uL into A19 of Corning 384 Well Plate 112 µL Flat on 1 at 7.6 uL/sec
Dispensing 4.0 uL into B19 of Corning 384 Well Plate 112 µL Flat on 1 at 7.6 uL/sec
Dispensing 4.0 uL into A20 of Corning 384 Well Plate 112 µL Flat on 1 at 7.6 uL/sec
Dispensing 4.0 uL into B20 of Corning 384 Well Plate 112 µL Flat on 1 at 7.6 uL/sec
Dispensing 3.0 uL into A1 of NEST 12 Well Reservoir 15 mL on 4 at 7.6 uL/sec
Aspirating 19.0 uL from A1 of NEST 12 Well Reservoir 15 mL on 4 at 7.6 uL/sec
Touching tip
Air gap
	Aspirating 1.0 uL from A1 of NEST 12 Well Reservoir 15 mL on 4 at 7.6 uL/sec
Dispensing 1.0 uL into A21 of Corning 384 Well Plate 112 µL Flat on 1 at 7.6 uL/sec
Dispensing 4.0 uL into A21 of Corning 384 Well Plate 112 µL Flat on 1 at 7.6 uL/sec
Dispensing 4.0 uL into B21 of Corning 384 Well Plate 112 µL Flat on 1 at 7.6 uL/sec
Dispensing 4.0 uL into A22 of Corning 384 Well Plate 112 µL Flat on 1 at 7.6 uL/sec
Dispensing 4.0 uL into B22 of Corning 384 Well Plate 112 µL Flat on 1 at 7.6 uL/sec
Dispensing 3.0 uL into A1 of NEST 12 Well Reservoir 15 mL on 4 at 7.6 uL/sec
Aspirating 19.0 uL from A1 of NEST 12 Well Reservoir 15 mL on 4 at 7.6 uL/sec
Touching tip
Air gap
	Aspirating 1.0 uL from A1 of NEST 12 Well Reservoir 15 mL on 4 at 7.6 uL/sec
Dispensing 1.0 uL into A23 of Corning 384 Well Plate 112 µL Flat on 1 at 7.6 uL/sec
Dispensing 4.0 uL into A23 of Corning 384 Well Plate 112 µL Flat on 1 at 7.6 uL/sec
Dispensing 4.0 uL into B23 of Corning 384 Well Plate 112 µL Flat on 1 at 7.6 uL/sec
Dispensing 4.0 uL into A24 of Corning 384 Well Plate 112 µL Flat on 1 at 7.6 uL/sec
Dispensing 4.0 uL into B24 of Corning 384 Well Plate 112 µL Flat on 1 at 7.6 uL/sec
Dispensing 3.0 uL into A1 of NEST 12 Well Reservoir 15 mL on 4 at 7.6 uL/sec
Dropping tip into A1 of Opentrons Fixed Trash on 12





SiRNA TRANSFERS





Picking up tip from A2 of Opentrons OT-2 96 Filter Tip Rack 20 µL on 7
Aspirating 19.0 uL from A1 of Corning 96 Well Plate 360 µL Flat on 5 at 7.6 uL/sec
Air gap
	Aspirating 1.0 uL from A1 of Corning 96 Well Plate 360 µL Flat on 5 at 7.6 uL/sec
Dispensing 1.0 uL into A1 of Corning 384 Well Plate 112 µL Flat on 1 at 7.6 uL/sec
Dispensing 4.0 uL into A1 of Corning 384 Well Plate 112 µL Flat on 1 at 7.6 uL/sec
Dispensing 4.0 uL into B1 of Corning 384 Well Plate 112 µL Flat on 1 at 7.6 uL/sec
Dispensing 4.0 uL into A2 of Corning 384 Well Plate 112 µL Flat on 1 at 7.6 uL/sec
Dispensing 4.0 uL into B2 of Corning 384 Well Plate 112 µL Flat on 1 at 7.6 uL/sec
Dropping tip into A1 of Opentrons Fixed Trash on 12
Picking up tip from A3 of Opentrons OT-2 96 Filter Tip Rack 20 µL on 7
Aspirating 19.0 uL from A2 of Corning 96 Well Plate 360 µL Flat on 5 at 7.6 uL/sec
Air gap
	Aspirating 1.0 uL from A2 of Corning 96 Well Plate 360 µL Flat on 5 at 7.6 uL/sec
Dispensing 1.0 uL into A3 of Corning 384 Well Plate 112 µL Flat on 1 at 7.6 uL/sec
Dispensing 4.0 uL into A3 of Corning 384 Well Plate 112 µL Flat on 1 at 7.6 uL/sec
Dispensing 4.0 uL into B3 of Corning 384 Well Plate 112 µL Flat on 1 at 7.6 uL/sec
Dispensing 4.0 uL into A4 of Corning 384 Well Plate 112 µL Flat on 1 at 7.6 uL/sec
Dispensing 4.0 uL into B4 of Corning 384 Well Plate 112 µL Flat on 1 at 7.6 uL/sec
Dropping tip into A1 of Opentrons Fixed Trash on 12
Picking up tip from A4 of Opentrons OT-2 96 Filter Tip Rack 20 µL on 7
Aspirating 19.0 uL from A3 of Corning 96 Well Plate 360 µL Flat on 5 at 7.6 uL/sec
Air gap
	Aspirating 1.0 uL from A3 of Corning 96 Well Plate 360 µL Flat on 5 at 7.6 uL/sec
Dispensing 1.0 uL into A5 of Corning 384 Well Plate 112 µL Flat on 1 at 7.6 uL/sec
Dispensing 4.0 uL into A5 of Corning 384 Well Plate 112 µL Flat on 1 at 7.6 uL/sec
Dispensing 4.0 uL into B5 of Corning 384 Well Plate 112 µL Flat on 1 at 7.6 uL/sec
Dispensing 4.0 uL into A6 of Corning 384 Well Plate 112 µL Flat on 1 at 7.6 uL/sec
Dispensing 4.0 uL into B6 of Corning 384 Well Plate 112 µL Flat on 1 at 7.6 uL/sec
Dropping tip into A1 of Opentrons Fixed Trash on 12
Picking up tip from A5 of Opentrons OT-2 96 Filter Tip Rack 20 µL on 7
Aspirating 19.0 uL from A4 of Corning 96 Well Plate 360 µL Flat on 5 at 7.6 uL/sec
Air gap
	Aspirating 1.0 uL from A4 of Corning 96 Well Plate 360 µL Flat on 5 at 7.6 uL/sec
Dispensing 1.0 uL into A7 of Corning 384 Well Plate 112 µL Flat on 1 at 7.6 uL/sec
Dispensing 4.0 uL into A7 of Corning 384 Well Plate 112 µL Flat on 1 at 7.6 uL/sec
Dispensing 4.0 uL into B7 of Corning 384 Well Plate 112 µL Flat on 1 at 7.6 uL/sec
Dispensing 4.0 uL into A8 of Corning 384 Well Plate 112 µL Flat on 1 at 7.6 uL/sec
Dispensing 4.0 uL into B8 of Corning 384 Well Plate 112 µL Flat on 1 at 7.6 uL/sec
Dropping tip into A1 of Opentrons Fixed Trash on 12
Picking up tip from A6 of Opentrons OT-2 96 Filter Tip Rack 20 µL on 7
Aspirating 19.0 uL from A5 of Corning 96 Well Plate 360 µL Flat on 5 at 7.6 uL/sec
Air gap
	Aspirating 1.0 uL from A5 of Corning 96 Well Plate 360 µL Flat on 5 at 7.6 uL/sec
Dispensing 1.0 uL into A9 of Corning 384 Well Plate 112 µL Flat on 1 at 7.6 uL/sec
Dispensing 4.0 uL into A9 of Corning 384 Well Plate 112 µL Flat on 1 at 7.6 uL/sec
Dispensing 4.0 uL into B9 of Corning 384 Well Plate 112 µL Flat on 1 at 7.6 uL/sec
Dispensing 4.0 uL into A10 of Corning 384 Well Plate 112 µL Flat on 1 at 7.6 uL/sec
Dispensing 4.0 uL into B10 of Corning 384 Well Plate 112 µL Flat on 1 at 7.6 uL/sec
Dropping tip into A1 of Opentrons Fixed Trash on 12
Picking up tip from A7 of Opentrons OT-2 96 Filter Tip Rack 20 µL on 7
Aspirating 19.0 uL from A6 of Corning 96 Well Plate 360 µL Flat on 5 at 7.6 uL/sec
Air gap
	Aspirating 1.0 uL from A6 of Corning 96 Well Plate 360 µL Flat on 5 at 7.6 uL/sec
Dispensing 1.0 uL into A11 of Corning 384 Well Plate 112 µL Flat on 1 at 7.6 uL/sec
Dispensing 4.0 uL into A11 of Corning 384 Well Plate 112 µL Flat on 1 at 7.6 uL/sec
Dispensing 4.0 uL into B11 of Corning 384 Well Plate 112 µL Flat on 1 at 7.6 uL/sec
Dispensing 4.0 uL into A12 of Corning 384 Well Plate 112 µL Flat on 1 at 7.6 uL/sec
Dispensing 4.0 uL into B12 of Corning 384 Well Plate 112 µL Flat on 1 at 7.6 uL/sec
Dropping tip into A1 of Opentrons Fixed Trash on 12
Picking up tip from A8 of Opentrons OT-2 96 Filter Tip Rack 20 µL on 7
Aspirating 19.0 uL from A7 of Corning 96 Well Plate 360 µL Flat on 5 at 7.6 uL/sec
Air gap
	Aspirating 1.0 uL from A7 of Corning 96 Well Plate 360 µL Flat on 5 at 7.6 uL/sec
Dispensing 1.0 uL into A13 of Corning 384 Well Plate 112 µL Flat on 1 at 7.6 uL/sec
Dispensing 4.0 uL into A13 of Corning 384 Well Plate 112 µL Flat on 1 at 7.6 uL/sec
Dispensing 4.0 uL into B13 of Corning 384 Well Plate 112 µL Flat on 1 at 7.6 uL/sec
Dispensing 4.0 uL into A14 of Corning 384 Well Plate 112 µL Flat on 1 at 7.6 uL/sec
Dispensing 4.0 uL into B14 of Corning 384 Well Plate 112 µL Flat on 1 at 7.6 uL/sec
Dropping tip into A1 of Opentrons Fixed Trash on 12
Picking up tip from A9 of Opentrons OT-2 96 Filter Tip Rack 20 µL on 7
Aspirating 19.0 uL from A8 of Corning 96 Well Plate 360 µL Flat on 5 at 7.6 uL/sec
Air gap
	Aspirating 1.0 uL from A8 of Corning 96 Well Plate 360 µL Flat on 5 at 7.6 uL/sec
Dispensing 1.0 uL into A15 of Corning 384 Well Plate 112 µL Flat on 1 at 7.6 uL/sec
Dispensing 4.0 uL into A15 of Corning 384 Well Plate 112 µL Flat on 1 at 7.6 uL/sec
Dispensing 4.0 uL into B15 of Corning 384 Well Plate 112 µL Flat on 1 at 7.6 uL/sec
Dispensing 4.0 uL into A16 of Corning 384 Well Plate 112 µL Flat on 1 at 7.6 uL/sec
Dispensing 4.0 uL into B16 of Corning 384 Well Plate 112 µL Flat on 1 at 7.6 uL/sec
Dropping tip into A1 of Opentrons Fixed Trash on 12
Picking up tip from A10 of Opentrons OT-2 96 Filter Tip Rack 20 µL on 7
Aspirating 19.0 uL from A9 of Corning 96 Well Plate 360 µL Flat on 5 at 7.6 uL/sec
Air gap
	Aspirating 1.0 uL from A9 of Corning 96 Well Plate 360 µL Flat on 5 at 7.6 uL/sec
Dispensing 1.0 uL into A17 of Corning 384 Well Plate 112 µL Flat on 1 at 7.6 uL/sec
Dispensing 4.0 uL into A17 of Corning 384 Well Plate 112 µL Flat on 1 at 7.6 uL/sec
Dispensing 4.0 uL into B17 of Corning 384 Well Plate 112 µL Flat on 1 at 7.6 uL/sec
Dispensing 4.0 uL into A18 of Corning 384 Well Plate 112 µL Flat on 1 at 7.6 uL/sec
Dispensing 4.0 uL into B18 of Corning 384 Well Plate 112 µL Flat on 1 at 7.6 uL/sec
Dropping tip into A1 of Opentrons Fixed Trash on 12
Picking up tip from A11 of Opentrons OT-2 96 Filter Tip Rack 20 µL on 7
Aspirating 19.0 uL from A10 of Corning 96 Well Plate 360 µL Flat on 5 at 7.6 uL/sec
Air gap
	Aspirating 1.0 uL from A10 of Corning 96 Well Plate 360 µL Flat on 5 at 7.6 uL/sec
Dispensing 1.0 uL into A19 of Corning 384 Well Plate 112 µL Flat on 1 at 7.6 uL/sec
Dispensing 4.0 uL into A19 of Corning 384 Well Plate 112 µL Flat on 1 at 7.6 uL/sec
Dispensing 4.0 uL into B19 of Corning 384 Well Plate 112 µL Flat on 1 at 7.6 uL/sec
Dispensing 4.0 uL into A20 of Corning 384 Well Plate 112 µL Flat on 1 at 7.6 uL/sec
Dispensing 4.0 uL into B20 of Corning 384 Well Plate 112 µL Flat on 1 at 7.6 uL/sec
Dropping tip into A1 of Opentrons Fixed Trash on 12
Picking up tip from A12 of Opentrons OT-2 96 Filter Tip Rack 20 µL on 7
Aspirating 19.0 uL from A11 of Corning 96 Well Plate 360 µL Flat on 5 at 7.6 uL/sec
Air gap
	Aspirating 1.0 uL from A11 of Corning 96 Well Plate 360 µL Flat on 5 at 7.6 uL/sec
Dispensing 1.0 uL into A21 of Corning 384 Well Plate 112 µL Flat on 1 at 7.6 uL/sec
Dispensing 4.0 uL into A21 of Corning 384 Well Plate 112 µL Flat on 1 at 7.6 uL/sec
Dispensing 4.0 uL into B21 of Corning 384 Well Plate 112 µL Flat on 1 at 7.6 uL/sec
Dispensing 4.0 uL into A22 of Corning 384 Well Plate 112 µL Flat on 1 at 7.6 uL/sec
Dispensing 4.0 uL into B22 of Corning 384 Well Plate 112 µL Flat on 1 at 7.6 uL/sec
Dropping tip into A1 of Opentrons Fixed Trash on 12
Picking up tip from A1 of Opentrons OT-2 96 Filter Tip Rack 20 µL on 8
Aspirating 19.0 uL from A12 of Corning 96 Well Plate 360 µL Flat on 5 at 7.6 uL/sec
Air gap
	Aspirating 1.0 uL from A12 of Corning 96 Well Plate 360 µL Flat on 5 at 7.6 uL/sec
Dispensing 1.0 uL into A23 of Corning 384 Well Plate 112 µL Flat on 1 at 7.6 uL/sec
Dispensing 4.0 uL into A23 of Corning 384 Well Plate 112 µL Flat on 1 at 7.6 uL/sec
Dispensing 4.0 uL into B23 of Corning 384 Well Plate 112 µL Flat on 1 at 7.6 uL/sec
Dispensing 4.0 uL into A24 of Corning 384 Well Plate 112 µL Flat on 1 at 7.6 uL/sec
Dispensing 4.0 uL into B24 of Corning 384 Well Plate 112 µL Flat on 1 at 7.6 uL/sec
Dropping tip into A1 of Opentrons Fixed Trash on 12





LIPOFECTAMINE 2000 TRANSFERS





Picking up tip from A2 of Opentrons OT-2 96 Filter Tip Rack 20 µL on 8
Aspirating 19.0 uL from A2 of NEST 12 Well Reservoir 15 mL on 4 at 7.6 uL/sec
Touching tip
Air gap
	Aspirating 1.0 uL from A2 of NEST 12 Well Reservoir 15 mL on 4 at 7.6 uL/sec
Dispensing 1.0 uL into A1 of Corning 384 Well Plate 112 µL Flat on 1 at 7.6 uL/sec
Dispensing 4.0 uL into A1 of Corning 384 Well Plate 112 µL Flat on 1 at 7.6 uL/sec
Dispensing 4.0 uL into B1 of Corning 384 Well Plate 112 µL Flat on 1 at 7.6 uL/sec
Dispensing 4.0 uL into A2 of Corning 384 Well Plate 112 µL Flat on 1 at 7.6 uL/sec
Dispensing 4.0 uL into B2 of Corning 384 Well Plate 112 µL Flat on 1 at 7.6 uL/sec
Aspirating 5.0 uL from B2 of Corning 384 Well Plate 112 µL Flat on 1 at 7.6 uL/sec
Dropping tip into A1 of Opentrons Fixed Trash on 12
Picking up tip from A3 of Opentrons OT-2 96 Filter Tip Rack 20 µL on 8
Aspirating 19.0 uL from A2 of NEST 12 Well Reservoir 15 mL on 4 at 7.6 uL/sec
Touching tip
Air gap
	Aspirating 1.0 uL from A2 of NEST 12 Well Reservoir 15 mL on 4 at 7.6 uL/sec
Dispensing 1.0 uL into A3 of Corning 384 Well Plate 112 µL Flat on 1 at 7.6 uL/sec
Dispensing 4.0 uL into A3 of Corning 384 Well Plate 112 µL Flat on 1 at 7.6 uL/sec
Dispensing 4.0 uL into B3 of Corning 384 Well Plate 112 µL Flat on 1 at 7.6 uL/sec
Dispensing 4.0 uL into A4 of Corning 384 Well Plate 112 µL Flat on 1 at 7.6 uL/sec
Dispensing 4.0 uL into B4 of Corning 384 Well Plate 112 µL Flat on 1 at 7.6 uL/sec
Aspirating 5.0 uL from B4 of Corning 384 Well Plate 112 µL Flat on 1 at 7.6 uL/sec
Dropping tip into A1 of Opentrons Fixed Trash on 12
Picking up tip from A4 of Opentrons OT-2 96 Filter Tip Rack 20 µL on 8
Aspirating 19.0 uL from A2 of NEST 12 Well Reservoir 15 mL on 4 at 7.6 uL/sec
Touching tip
Air gap
	Aspirating 1.0 uL from A2 of NEST 12 Well Reservoir 15 mL on 4 at 7.6 uL/sec
Dispensing 1.0 uL into A5 of Corning 384 Well Plate 112 µL Flat on 1 at 7.6 uL/sec
Dispensing 4.0 uL into A5 of Corning 384 Well Plate 112 µL Flat on 1 at 7.6 uL/sec
Dispensing 4.0 uL into B5 of Corning 384 Well Plate 112 µL Flat on 1 at 7.6 uL/sec
Dispensing 4.0 uL into A6 of Corning 384 Well Plate 112 µL Flat on 1 at 7.6 uL/sec
Dispensing 4.0 uL into B6 of Corning 384 Well Plate 112 µL Flat on 1 at 7.6 uL/sec
Aspirating 5.0 uL from B6 of Corning 384 Well Plate 112 µL Flat on 1 at 7.6 uL/sec
Dropping tip into A1 of Opentrons Fixed Trash on 12
Picking up tip from A5 of Opentrons OT-2 96 Filter Tip Rack 20 µL on 8
Aspirating 19.0 uL from A2 of NEST 12 Well Reservoir 15 mL on 4 at 7.6 uL/sec
Touching tip
Air gap
	Aspirating 1.0 uL from A2 of NEST 12 Well Reservoir 15 mL on 4 at 7.6 uL/sec
Dispensing 1.0 uL into A7 of Corning 384 Well Plate 112 µL Flat on 1 at 7.6 uL/sec
Dispensing 4.0 uL into A7 of Corning 384 Well Plate 112 µL Flat on 1 at 7.6 uL/sec
Dispensing 4.0 uL into B7 of Corning 384 Well Plate 112 µL Flat on 1 at 7.6 uL/sec
Dispensing 4.0 uL into A8 of Corning 384 Well Plate 112 µL Flat on 1 at 7.6 uL/sec
Dispensing 4.0 uL into B8 of Corning 384 Well Plate 112 µL Flat on 1 at 7.6 uL/sec
Aspirating 5.0 uL from B8 of Corning 384 Well Plate 112 µL Flat on 1 at 7.6 uL/sec
Dropping tip into A1 of Opentrons Fixed Trash on 12
Picking up tip from A6 of Opentrons OT-2 96 Filter Tip Rack 20 µL on 8
Aspirating 19.0 uL from A2 of NEST 12 Well Reservoir 15 mL on 4 at 7.6 uL/sec
Touching tip
Air gap
	Aspirating 1.0 uL from A2 of NEST 12 Well Reservoir 15 mL on 4 at 7.6 uL/sec
Dispensing 1.0 uL into A9 of Corning 384 Well Plate 112 µL Flat on 1 at 7.6 uL/sec
Dispensing 4.0 uL into A9 of Corning 384 Well Plate 112 µL Flat on 1 at 7.6 uL/sec
Dispensing 4.0 uL into B9 of Corning 384 Well Plate 112 µL Flat on 1 at 7.6 uL/sec
Dispensing 4.0 uL into A10 of Corning 384 Well Plate 112 µL Flat on 1 at 7.6 uL/sec
Dispensing 4.0 uL into B10 of Corning 384 Well Plate 112 µL Flat on 1 at 7.6 uL/sec
Aspirating 5.0 uL from B10 of Corning 384 Well Plate 112 µL Flat on 1 at 7.6 uL/sec
Dropping tip into A1 of Opentrons Fixed Trash on 12
Picking up tip from A7 of Opentrons OT-2 96 Filter Tip Rack 20 µL on 8
Aspirating 19.0 uL from A2 of NEST 12 Well Reservoir 15 mL on 4 at 7.6 uL/sec
Touching tip
Air gap
	Aspirating 1.0 uL from A2 of NEST 12 Well Reservoir 15 mL on 4 at 7.6 uL/sec
Dispensing 1.0 uL into A11 of Corning 384 Well Plate 112 µL Flat on 1 at 7.6 uL/sec
Dispensing 4.0 uL into A11 of Corning 384 Well Plate 112 µL Flat on 1 at 7.6 uL/sec
Dispensing 4.0 uL into B11 of Corning 384 Well Plate 112 µL Flat on 1 at 7.6 uL/sec
Dispensing 4.0 uL into A12 of Corning 384 Well Plate 112 µL Flat on 1 at 7.6 uL/sec
Dispensing 4.0 uL into B12 of Corning 384 Well Plate 112 µL Flat on 1 at 7.6 uL/sec
Aspirating 5.0 uL from B12 of Corning 384 Well Plate 112 µL Flat on 1 at 7.6 uL/sec
Dropping tip into A1 of Opentrons Fixed Trash on 12
Picking up tip from A8 of Opentrons OT-2 96 Filter Tip Rack 20 µL on 8
Aspirating 19.0 uL from A2 of NEST 12 Well Reservoir 15 mL on 4 at 7.6 uL/sec
Touching tip
Air gap
	Aspirating 1.0 uL from A2 of NEST 12 Well Reservoir 15 mL on 4 at 7.6 uL/sec
Dispensing 1.0 uL into A13 of Corning 384 Well Plate 112 µL Flat on 1 at 7.6 uL/sec
Dispensing 4.0 uL into A13 of Corning 384 Well Plate 112 µL Flat on 1 at 7.6 uL/sec
Dispensing 4.0 uL into B13 of Corning 384 Well Plate 112 µL Flat on 1 at 7.6 uL/sec
Dispensing 4.0 uL into A14 of Corning 384 Well Plate 112 µL Flat on 1 at 7.6 uL/sec
Dispensing 4.0 uL into B14 of Corning 384 Well Plate 112 µL Flat on 1 at 7.6 uL/sec
Aspirating 5.0 uL from B14 of Corning 384 Well Plate 112 µL Flat on 1 at 7.6 uL/sec
Dropping tip into A1 of Opentrons Fixed Trash on 12
Picking up tip from A9 of Opentrons OT-2 96 Filter Tip Rack 20 µL on 8
Aspirating 19.0 uL from A2 of NEST 12 Well Reservoir 15 mL on 4 at 7.6 uL/sec
Touching tip
Air gap
	Aspirating 1.0 uL from A2 of NEST 12 Well Reservoir 15 mL on 4 at 7.6 uL/sec
Dispensing 1.0 uL into A15 of Corning 384 Well Plate 112 µL Flat on 1 at 7.6 uL/sec
Dispensing 4.0 uL into A15 of Corning 384 Well Plate 112 µL Flat on 1 at 7.6 uL/sec
Dispensing 4.0 uL into B15 of Corning 384 Well Plate 112 µL Flat on 1 at 7.6 uL/sec
Dispensing 4.0 uL into A16 of Corning 384 Well Plate 112 µL Flat on 1 at 7.6 uL/sec
Dispensing 4.0 uL into B16 of Corning 384 Well Plate 112 µL Flat on 1 at 7.6 uL/sec
Aspirating 5.0 uL from B16 of Corning 384 Well Plate 112 µL Flat on 1 at 7.6 uL/sec
Dropping tip into A1 of Opentrons Fixed Trash on 12
Picking up tip from A10 of Opentrons OT-2 96 Filter Tip Rack 20 µL on 8
Aspirating 19.0 uL from A2 of NEST 12 Well Reservoir 15 mL on 4 at 7.6 uL/sec
Touching tip
Air gap
	Aspirating 1.0 uL from A2 of NEST 12 Well Reservoir 15 mL on 4 at 7.6 uL/sec
Dispensing 1.0 uL into A17 of Corning 384 Well Plate 112 µL Flat on 1 at 7.6 uL/sec
Dispensing 4.0 uL into A17 of Corning 384 Well Plate 112 µL Flat on 1 at 7.6 uL/sec
Dispensing 4.0 uL into B17 of Corning 384 Well Plate 112 µL Flat on 1 at 7.6 uL/sec
Dispensing 4.0 uL into A18 of Corning 384 Well Plate 112 µL Flat on 1 at 7.6 uL/sec
Dispensing 4.0 uL into B18 of Corning 384 Well Plate 112 µL Flat on 1 at 7.6 uL/sec
Aspirating 5.0 uL from B18 of Corning 384 Well Plate 112 µL Flat on 1 at 7.6 uL/sec
Dropping tip into A1 of Opentrons Fixed Trash on 12
Picking up tip from A11 of Opentrons OT-2 96 Filter Tip Rack 20 µL on 8
Aspirating 19.0 uL from A2 of NEST 12 Well Reservoir 15 mL on 4 at 7.6 uL/sec
Touching tip
Air gap
	Aspirating 1.0 uL from A2 of NEST 12 Well Reservoir 15 mL on 4 at 7.6 uL/sec
Dispensing 1.0 uL into A19 of Corning 384 Well Plate 112 µL Flat on 1 at 7.6 uL/sec
Dispensing 4.0 uL into A19 of Corning 384 Well Plate 112 µL Flat on 1 at 7.6 uL/sec
Dispensing 4.0 uL into B19 of Corning 384 Well Plate 112 µL Flat on 1 at 7.6 uL/sec
Dispensing 4.0 uL into A20 of Corning 384 Well Plate 112 µL Flat on 1 at 7.6 uL/sec
Dispensing 4.0 uL into B20 of Corning 384 Well Plate 112 µL Flat on 1 at 7.6 uL/sec
Aspirating 5.0 uL from B20 of Corning 384 Well Plate 112 µL Flat on 1 at 7.6 uL/sec
Dropping tip into A1 of Opentrons Fixed Trash on 12
Picking up tip from A12 of Opentrons OT-2 96 Filter Tip Rack 20 µL on 8
Aspirating 19.0 uL from A2 of NEST 12 Well Reservoir 15 mL on 4 at 7.6 uL/sec
Touching tip
Air gap
	Aspirating 1.0 uL from A2 of NEST 12 Well Reservoir 15 mL on 4 at 7.6 uL/sec
Dispensing 1.0 uL into A21 of Corning 384 Well Plate 112 µL Flat on 1 at 7.6 uL/sec
Dispensing 4.0 uL into A21 of Corning 384 Well Plate 112 µL Flat on 1 at 7.6 uL/sec
Dispensing 4.0 uL into B21 of Corning 384 Well Plate 112 µL Flat on 1 at 7.6 uL/sec
Dispensing 4.0 uL into A22 of Corning 384 Well Plate 112 µL Flat on 1 at 7.6 uL/sec
Dispensing 4.0 uL into B22 of Corning 384 Well Plate 112 µL Flat on 1 at 7.6 uL/sec
Aspirating 5.0 uL from B22 of Corning 384 Well Plate 112 µL Flat on 1 at 7.6 uL/sec
Dropping tip into A1 of Opentrons Fixed Trash on 12
Picking up tip from A1 of Opentrons OT-2 96 Filter Tip Rack 20 µL on 9
Aspirating 19.0 uL from A2 of NEST 12 Well Reservoir 15 mL on 4 at 7.6 uL/sec
Touching tip
Air gap
	Aspirating 1.0 uL from A2 of NEST 12 Well Reservoir 15 mL on 4 at 7.6 uL/sec
Dispensing 1.0 uL into A23 of Corning 384 Well Plate 112 µL Flat on 1 at 7.6 uL/sec
Dispensing 4.0 uL into A23 of Corning 384 Well Plate 112 µL Flat on 1 at 7.6 uL/sec
Dispensing 4.0 uL into B23 of Corning 384 Well Plate 112 µL Flat on 1 at 7.6 uL/sec
Dispensing 4.0 uL into A24 of Corning 384 Well Plate 112 µL Flat on 1 at 7.6 uL/sec
Dispensing 4.0 uL into B24 of Corning 384 Well Plate 112 µL Flat on 1 at 7.6 uL/sec
Aspirating 5.0 uL from B24 of Corning 384 Well Plate 112 µL Flat on 1 at 7.6 uL/sec
Dropping tip into A1 of Opentrons Fixed Trash on 12
Caught exception: {'message': 'Task was destroyed but it is pending!', 'task': <Task pending name='Task-4' coro=<Poller._poll_forever() running at /Users/dp/Desktop/project/github/opentrons/venv/lib/python3.10/site-packages/opentrons/hardware_control/poller.py:80> wait_for=<Future pending cb=[Task.task_wakeup()]>>}
Caught exception: {'message': 'Task was destroyed but it is pending!', 'task': <Task pending name='Task-3' coro=<Poller._poll_forever() running at /Users/dp/Desktop/project/github/opentrons/venv/lib/python3.10/site-packages/opentrons/hardware_control/poller.py:80> wait_for=<Future pending cb=[Task.task_wakeup()]>>}
Caught exception: {'message': 'Task was destroyed but it is pending!', 'task': <Task pending name='Task-2' coro=<Poller._poll_forever() running at /Users/dp/Desktop/project/github/opentrons/venv/lib/python3.10/site-packages/opentrons/hardware_control/poller.py:80> wait_for=<Future pending cb=[Task.task_wakeup()]>>}
