/Users/dp/Desktop/project/github/opentrons/venv/lib/python3.10/site-packages/opentrons/hardware_control/simulator_setup.py:205: UserWarning: Simulator configuration does not name a machine, defaulting to OT-2 Standard
  warn(
/Users/dp/.opentrons/robot_settings.json not found. Loading defaults
Deck calibration not found.
/Users/dp/.opentrons/deck_calibration.json not found. Loading defaults
Picking up tip from A1 of Opentrons OT-2 96 Filter Tip Rack 1000 µL on 5
Aspirating 100.0 uL from A1 of source plate on 1 at 50.0 uL/sec
Touching tip
Dispensing 100.0 uL into A1 of destination plate 2 on 3 at 274.7 uL/sec
Blowing out at A1 of destination plate 2 on 3
Moving to A1 of destination plate 2 on 3
Dropping tip into A1 of Opentrons Fixed Trash on 12
Picking up tip from B1 of Opentrons OT-2 96 Filter Tip Rack 1000 µL on 5
Aspirating 100.0 uL from B1 of source plate on 1 at 50.0 uL/sec
Touching tip
Dispensing 100.0 uL into B1 of destination plate 2 on 3 at 274.7 uL/sec
Blowing out at B1 of destination plate 2 on 3
Moving to B1 of destination plate 2 on 3
Dropping tip into A1 of Opentrons Fixed Trash on 12
Picking up tip from C1 of Opentrons OT-2 96 Filter Tip Rack 1000 µL on 5
Aspirating 100.0 uL from C1 of source plate on 1 at 50.0 uL/sec
Touching tip
Dispensing 100.0 uL into C1 of destination plate 2 on 3 at 274.7 uL/sec
Blowing out at C1 of destination plate 2 on 3
Moving to C1 of destination plate 2 on 3
Dropping tip into A1 of Opentrons Fixed Trash on 12
Picking up tip from D1 of Opentrons OT-2 96 Filter Tip Rack 1000 µL on 5
Aspirating 100.0 uL from D1 of source plate on 1 at 50.0 uL/sec
Touching tip
Dispensing 100.0 uL into D1 of destination plate 2 on 3 at 274.7 uL/sec
Blowing out at D1 of destination plate 2 on 3
Moving to D1 of destination plate 2 on 3
Dropping tip into A1 of Opentrons Fixed Trash on 12
Picking up tip from E1 of Opentrons OT-2 96 Filter Tip Rack 1000 µL on 5
Aspirating 100.0 uL from A2 of source plate on 1 at 50.0 uL/sec
Touching tip
Dispensing 100.0 uL into A2 of destination plate 2 on 3 at 274.7 uL/sec
Blowing out at A2 of destination plate 2 on 3
Moving to A2 of destination plate 2 on 3
Dropping tip into A1 of Opentrons Fixed Trash on 12
Picking up tip from F1 of Opentrons OT-2 96 Filter Tip Rack 1000 µL on 5
Aspirating 100.0 uL from B2 of source plate on 1 at 50.0 uL/sec
Touching tip
Dispensing 100.0 uL into B2 of destination plate 2 on 3 at 274.7 uL/sec
Blowing out at B2 of destination plate 2 on 3
Moving to B2 of destination plate 2 on 3
Dropping tip into A1 of Opentrons Fixed Trash on 12
Picking up tip from G1 of Opentrons OT-2 96 Filter Tip Rack 1000 µL on 5
Aspirating 100.0 uL from C2 of source plate on 1 at 50.0 uL/sec
Touching tip
Dispensing 100.0 uL into C2 of destination plate 2 on 3 at 274.7 uL/sec
Blowing out at C2 of destination plate 2 on 3
Moving to C2 of destination plate 2 on 3
Dropping tip into A1 of Opentrons Fixed Trash on 12
Picking up tip from H1 of Opentrons OT-2 96 Filter Tip Rack 1000 µL on 5
Aspirating 100.0 uL from D2 of source plate on 1 at 50.0 uL/sec
Touching tip
Dispensing 100.0 uL into D2 of destination plate 2 on 3 at 274.7 uL/sec
Blowing out at D2 of destination plate 2 on 3
Moving to D2 of destination plate 2 on 3
Dropping tip into A1 of Opentrons Fixed Trash on 12
Picking up tip from A2 of Opentrons OT-2 96 Filter Tip Rack 1000 µL on 5
Aspirating 100.0 uL from A3 of source plate on 1 at 50.0 uL/sec
Touching tip
Dispensing 100.0 uL into A3 of destination plate 2 on 3 at 274.7 uL/sec
Blowing out at A3 of destination plate 2 on 3
Moving to A3 of destination plate 2 on 3
Dropping tip into A1 of Opentrons Fixed Trash on 12
Picking up tip from B2 of Opentrons OT-2 96 Filter Tip Rack 1000 µL on 5
Aspirating 100.0 uL from B3 of source plate on 1 at 50.0 uL/sec
Touching tip
Dispensing 100.0 uL into B3 of destination plate 2 on 3 at 274.7 uL/sec
Blowing out at B3 of destination plate 2 on 3
Moving to B3 of destination plate 2 on 3
Dropping tip into A1 of Opentrons Fixed Trash on 12
Picking up tip from C2 of Opentrons OT-2 96 Filter Tip Rack 1000 µL on 5
Aspirating 100.0 uL from C3 of source plate on 1 at 50.0 uL/sec
Touching tip
Dispensing 100.0 uL into C3 of destination plate 2 on 3 at 274.7 uL/sec
Blowing out at C3 of destination plate 2 on 3
Moving to C3 of destination plate 2 on 3
Dropping tip into A1 of Opentrons Fixed Trash on 12
Picking up tip from D2 of Opentrons OT-2 96 Filter Tip Rack 1000 µL on 5
Aspirating 100.0 uL from D3 of source plate on 1 at 50.0 uL/sec
Touching tip
Dispensing 100.0 uL into D3 of destination plate 2 on 3 at 274.7 uL/sec
Blowing out at D3 of destination plate 2 on 3
Moving to D3 of destination plate 2 on 3
Dropping tip into A1 of Opentrons Fixed Trash on 12
Picking up tip from E2 of Opentrons OT-2 96 Filter Tip Rack 1000 µL on 5
Aspirating 100.0 uL from A4 of source plate on 1 at 50.0 uL/sec
Touching tip
Dispensing 100.0 uL into A4 of destination plate 2 on 3 at 274.7 uL/sec
Blowing out at A4 of destination plate 2 on 3
Moving to A4 of destination plate 2 on 3
Dropping tip into A1 of Opentrons Fixed Trash on 12
Picking up tip from F2 of Opentrons OT-2 96 Filter Tip Rack 1000 µL on 5
Aspirating 100.0 uL from B4 of source plate on 1 at 50.0 uL/sec
Touching tip
Dispensing 100.0 uL into B4 of destination plate 2 on 3 at 274.7 uL/sec
Blowing out at B4 of destination plate 2 on 3
Moving to B4 of destination plate 2 on 3
Dropping tip into A1 of Opentrons Fixed Trash on 12
Picking up tip from G2 of Opentrons OT-2 96 Filter Tip Rack 1000 µL on 5
Aspirating 100.0 uL from C4 of source plate on 1 at 50.0 uL/sec
Touching tip
Dispensing 100.0 uL into C4 of destination plate 2 on 3 at 274.7 uL/sec
Blowing out at C4 of destination plate 2 on 3
Moving to C4 of destination plate 2 on 3
Dropping tip into A1 of Opentrons Fixed Trash on 12
Picking up tip from H2 of Opentrons OT-2 96 Filter Tip Rack 1000 µL on 5
Aspirating 100.0 uL from D4 of source plate on 1 at 50.0 uL/sec
Touching tip
Dispensing 100.0 uL into D4 of destination plate 2 on 3 at 274.7 uL/sec
Blowing out at D4 of destination plate 2 on 3
Moving to D4 of destination plate 2 on 3
Dropping tip into A1 of Opentrons Fixed Trash on 12
Picking up tip from A3 of Opentrons OT-2 96 Filter Tip Rack 1000 µL on 5
Aspirating 100.0 uL from A5 of source plate on 1 at 50.0 uL/sec
Touching tip
Dispensing 100.0 uL into A5 of destination plate 2 on 3 at 274.7 uL/sec
Blowing out at A5 of destination plate 2 on 3
Moving to A5 of destination plate 2 on 3
Dropping tip into A1 of Opentrons Fixed Trash on 12
Picking up tip from B3 of Opentrons OT-2 96 Filter Tip Rack 1000 µL on 5
Aspirating 100.0 uL from B5 of source plate on 1 at 50.0 uL/sec
Touching tip
Dispensing 100.0 uL into B5 of destination plate 2 on 3 at 274.7 uL/sec
Blowing out at B5 of destination plate 2 on 3
Moving to B5 of destination plate 2 on 3
Dropping tip into A1 of Opentrons Fixed Trash on 12
Picking up tip from C3 of Opentrons OT-2 96 Filter Tip Rack 1000 µL on 5
Aspirating 100.0 uL from C5 of source plate on 1 at 50.0 uL/sec
Touching tip
Dispensing 100.0 uL into C5 of destination plate 2 on 3 at 274.7 uL/sec
Blowing out at C5 of destination plate 2 on 3
Moving to C5 of destination plate 2 on 3
Dropping tip into A1 of Opentrons Fixed Trash on 12
Picking up tip from D3 of Opentrons OT-2 96 Filter Tip Rack 1000 µL on 5
Aspirating 100.0 uL from D5 of source plate on 1 at 50.0 uL/sec
Touching tip
Dispensing 100.0 uL into D5 of destination plate 2 on 3 at 274.7 uL/sec
Blowing out at D5 of destination plate 2 on 3
Moving to D5 of destination plate 2 on 3
Dropping tip into A1 of Opentrons Fixed Trash on 12
Picking up tip from E3 of Opentrons OT-2 96 Filter Tip Rack 1000 µL on 5
Aspirating 100.0 uL from A6 of source plate on 1 at 50.0 uL/sec
Touching tip
Dispensing 100.0 uL into A6 of destination plate 2 on 3 at 274.7 uL/sec
Blowing out at A6 of destination plate 2 on 3
Moving to A6 of destination plate 2 on 3
Dropping tip into A1 of Opentrons Fixed Trash on 12
Picking up tip from F3 of Opentrons OT-2 96 Filter Tip Rack 1000 µL on 5
Aspirating 100.0 uL from B6 of source plate on 1 at 50.0 uL/sec
Touching tip
Dispensing 100.0 uL into B6 of destination plate 2 on 3 at 274.7 uL/sec
Blowing out at B6 of destination plate 2 on 3
Moving to B6 of destination plate 2 on 3
Dropping tip into A1 of Opentrons Fixed Trash on 12
Picking up tip from G3 of Opentrons OT-2 96 Filter Tip Rack 1000 µL on 5
Aspirating 100.0 uL from C6 of source plate on 1 at 50.0 uL/sec
Touching tip
Dispensing 100.0 uL into C6 of destination plate 2 on 3 at 274.7 uL/sec
Blowing out at C6 of destination plate 2 on 3
Moving to C6 of destination plate 2 on 3
Dropping tip into A1 of Opentrons Fixed Trash on 12
Picking up tip from H3 of Opentrons OT-2 96 Filter Tip Rack 1000 µL on 5
Aspirating 100.0 uL from D6 of source plate on 1 at 50.0 uL/sec
Touching tip
Dispensing 100.0 uL into D6 of destination plate 2 on 3 at 274.7 uL/sec
Blowing out at D6 of destination plate 2 on 3
Moving to D6 of destination plate 2 on 3
Dropping tip into A1 of Opentrons Fixed Trash on 12
Picking up tip from A4 of Opentrons OT-2 96 Filter Tip Rack 1000 µL on 5
Aspirating 1000.0 uL from A1 of Agilent 1 Well Reservoir 290 mL on 4 at 274.7 uL/sec
Moving to A1 of Agilent 1 Well Reservoir 290 mL on 4
Dispensing 100.0 uL into A1 of source plate on 1 at 274.7 uL/sec
Dispensing 100.0 uL into B1 of source plate on 1 at 274.7 uL/sec
Dispensing 100.0 uL into C1 of source plate on 1 at 274.7 uL/sec
Dispensing 100.0 uL into D1 of source plate on 1 at 274.7 uL/sec
Dispensing 100.0 uL into A2 of source plate on 1 at 274.7 uL/sec
Dispensing 100.0 uL into B2 of source plate on 1 at 274.7 uL/sec
Dispensing 100.0 uL into C2 of source plate on 1 at 274.7 uL/sec
Dispensing 100.0 uL into D2 of source plate on 1 at 274.7 uL/sec
Dispensing 100.0 uL into A3 of source plate on 1 at 274.7 uL/sec
Dispensing 100.0 uL into B3 of source plate on 1 at 274.7 uL/sec
Blowing out at B3 of source plate on 1
Aspirating 1000.0 uL from A1 of Agilent 1 Well Reservoir 290 mL on 4 at 274.7 uL/sec
Moving to A1 of Agilent 1 Well Reservoir 290 mL on 4
Dispensing 100.0 uL into C3 of source plate on 1 at 274.7 uL/sec
Dispensing 100.0 uL into D3 of source plate on 1 at 274.7 uL/sec
Dispensing 100.0 uL into A4 of source plate on 1 at 274.7 uL/sec
Dispensing 100.0 uL into B4 of source plate on 1 at 274.7 uL/sec
Dispensing 100.0 uL into C4 of source plate on 1 at 274.7 uL/sec
Dispensing 100.0 uL into D4 of source plate on 1 at 274.7 uL/sec
Dispensing 100.0 uL into A5 of source plate on 1 at 274.7 uL/sec
Dispensing 100.0 uL into B5 of source plate on 1 at 274.7 uL/sec
Dispensing 100.0 uL into C5 of source plate on 1 at 274.7 uL/sec
Dispensing 100.0 uL into D5 of source plate on 1 at 274.7 uL/sec
Blowing out at D5 of source plate on 1
Aspirating 400.0 uL from A1 of Agilent 1 Well Reservoir 290 mL on 4 at 274.7 uL/sec
Moving to A1 of Agilent 1 Well Reservoir 290 mL on 4
Dispensing 100.0 uL into A6 of source plate on 1 at 274.7 uL/sec
Dispensing 100.0 uL into B6 of source plate on 1 at 274.7 uL/sec
Dispensing 100.0 uL into C6 of source plate on 1 at 274.7 uL/sec
Dispensing 100.0 uL into D6 of source plate on 1 at 274.7 uL/sec
Blowing out at D6 of source plate on 1
Returning tip
	Dropping tip into A4 of Opentrons OT-2 96 Filter Tip Rack 1000 µL on 5
Caught exception: {'message': 'Task was destroyed but it is pending!', 'task': <Task pending name='Task-4' coro=<Poller._poll_forever() running at /Users/dp/Desktop/project/github/opentrons/venv/lib/python3.10/site-packages/opentrons/hardware_control/poller.py:80> wait_for=<Future pending cb=[Task.task_wakeup()]>>}
Caught exception: {'message': 'Task was destroyed but it is pending!', 'task': <Task pending name='Task-3' coro=<Poller._poll_forever() running at /Users/dp/Desktop/project/github/opentrons/venv/lib/python3.10/site-packages/opentrons/hardware_control/poller.py:80> wait_for=<Future pending cb=[Task.task_wakeup()]>>}
Caught exception: {'message': 'Task was destroyed but it is pending!', 'task': <Task pending name='Task-2' coro=<Poller._poll_forever() running at /Users/dp/Desktop/project/github/opentrons/venv/lib/python3.10/site-packages/opentrons/hardware_control/poller.py:80> wait_for=<Future pending cb=[Task.task_wakeup()]>>}
