/Users/dp/Desktop/project/github/opentrons/venv/lib/python3.10/site-packages/opentrons/hardware_control/simulator_setup.py:205: UserWarning: Simulator configuration does not name a machine, defaulting to OT-2 Standard
  warn(
/Users/dp/.opentrons/robot_settings.json not found. Loading defaults
Deck calibration not found.
/Users/dp/.opentrons/deck_calibration.json not found. Loading defaults
Pausing robot operation: 
    Ensure that there is a Opentrons OT-2 96 Tip Rack 20 µL on 10.
    Select "Resume" on the Opentrons app.
        
Picking up tip from A1 of Opentrons OT-2 96 Tip Rack 20 µL on 10
Aspirating 14.0 uL from A1 of NEST 96 Deep Well Plate 2mL on 11 at 7.6 uL/sec
Dispensing 14.0 uL into A1 of Quintara Combo Pcr 96 Well Plate 300 µL on Nest Pcr on 7 at 7.6 uL/sec


Aspirating 14.0 uL from A2 of NEST 96 Deep Well Plate 2mL on 11 at 7.6 uL/sec
Dispensing 14.0 uL into A2 of Quintara Combo Pcr 96 Well Plate 300 µL on Nest Pcr on 7 at 7.6 uL/sec


Aspirating 14.0 uL from A1 of NEST 96 Deep Well Plate 2mL on 11 at 7.6 uL/sec
Dispensing 14.0 uL into A3 of Quintara Combo Pcr 96 Well Plate 300 µL on Nest Pcr on 7 at 7.6 uL/sec


Aspirating 14.0 uL from A2 of NEST 96 Deep Well Plate 2mL on 11 at 7.6 uL/sec
Dispensing 14.0 uL into A4 of Quintara Combo Pcr 96 Well Plate 300 µL on Nest Pcr on 7 at 7.6 uL/sec


Aspirating 14.0 uL from A1 of NEST 96 Deep Well Plate 2mL on 11 at 7.6 uL/sec
Dispensing 14.0 uL into A5 of Quintara Combo Pcr 96 Well Plate 300 µL on Nest Pcr on 7 at 7.6 uL/sec


Aspirating 14.0 uL from A2 of NEST 96 Deep Well Plate 2mL on 11 at 7.6 uL/sec
Dispensing 14.0 uL into A6 of Quintara Combo Pcr 96 Well Plate 300 µL on Nest Pcr on 7 at 7.6 uL/sec


Aspirating 14.0 uL from A1 of NEST 96 Deep Well Plate 2mL on 11 at 7.6 uL/sec
Dispensing 14.0 uL into A7 of Quintara Combo Pcr 96 Well Plate 300 µL on Nest Pcr on 7 at 7.6 uL/sec


Aspirating 14.0 uL from A2 of NEST 96 Deep Well Plate 2mL on 11 at 7.6 uL/sec
Dispensing 14.0 uL into A8 of Quintara Combo Pcr 96 Well Plate 300 µL on Nest Pcr on 7 at 7.6 uL/sec


Aspirating 14.0 uL from A1 of NEST 96 Deep Well Plate 2mL on 11 at 7.6 uL/sec
Dispensing 14.0 uL into A9 of Quintara Combo Pcr 96 Well Plate 300 µL on Nest Pcr on 7 at 7.6 uL/sec


Aspirating 14.0 uL from A2 of NEST 96 Deep Well Plate 2mL on 11 at 7.6 uL/sec
Dispensing 14.0 uL into A10 of Quintara Combo Pcr 96 Well Plate 300 µL on Nest Pcr on 7 at 7.6 uL/sec


Aspirating 14.0 uL from A1 of NEST 96 Deep Well Plate 2mL on 11 at 7.6 uL/sec
Dispensing 14.0 uL into A11 of Quintara Combo Pcr 96 Well Plate 300 µL on Nest Pcr on 7 at 7.6 uL/sec


Aspirating 14.0 uL from A2 of NEST 96 Deep Well Plate 2mL on 11 at 7.6 uL/sec
Dispensing 14.0 uL into A12 of Quintara Combo Pcr 96 Well Plate 300 µL on Nest Pcr on 7 at 7.6 uL/sec


Aspirating 14.0 uL from A1 of NEST 96 Deep Well Plate 2mL on 11 at 7.6 uL/sec
Dispensing 14.0 uL into A1 of Quintara Combo Pcr 96 Well Plate 300 µL on Nest Pcr on 8 at 7.6 uL/sec


Aspirating 14.0 uL from A2 of NEST 96 Deep Well Plate 2mL on 11 at 7.6 uL/sec
Dispensing 14.0 uL into A2 of Quintara Combo Pcr 96 Well Plate 300 µL on Nest Pcr on 8 at 7.6 uL/sec


Aspirating 14.0 uL from A1 of NEST 96 Deep Well Plate 2mL on 11 at 7.6 uL/sec
Dispensing 14.0 uL into A3 of Quintara Combo Pcr 96 Well Plate 300 µL on Nest Pcr on 8 at 7.6 uL/sec


Aspirating 14.0 uL from A2 of NEST 96 Deep Well Plate 2mL on 11 at 7.6 uL/sec
Dispensing 14.0 uL into A4 of Quintara Combo Pcr 96 Well Plate 300 µL on Nest Pcr on 8 at 7.6 uL/sec


Aspirating 14.0 uL from A1 of NEST 96 Deep Well Plate 2mL on 11 at 7.6 uL/sec
Dispensing 14.0 uL into A5 of Quintara Combo Pcr 96 Well Plate 300 µL on Nest Pcr on 8 at 7.6 uL/sec


Aspirating 14.0 uL from A2 of NEST 96 Deep Well Plate 2mL on 11 at 7.6 uL/sec
Dispensing 14.0 uL into A6 of Quintara Combo Pcr 96 Well Plate 300 µL on Nest Pcr on 8 at 7.6 uL/sec


Aspirating 14.0 uL from A1 of NEST 96 Deep Well Plate 2mL on 11 at 7.6 uL/sec
Dispensing 14.0 uL into A7 of Quintara Combo Pcr 96 Well Plate 300 µL on Nest Pcr on 8 at 7.6 uL/sec


Aspirating 14.0 uL from A2 of NEST 96 Deep Well Plate 2mL on 11 at 7.6 uL/sec
Dispensing 14.0 uL into A8 of Quintara Combo Pcr 96 Well Plate 300 µL on Nest Pcr on 8 at 7.6 uL/sec


Aspirating 14.0 uL from A1 of NEST 96 Deep Well Plate 2mL on 11 at 7.6 uL/sec
Dispensing 14.0 uL into A9 of Quintara Combo Pcr 96 Well Plate 300 µL on Nest Pcr on 8 at 7.6 uL/sec


Aspirating 14.0 uL from A2 of NEST 96 Deep Well Plate 2mL on 11 at 7.6 uL/sec
Dispensing 14.0 uL into A10 of Quintara Combo Pcr 96 Well Plate 300 µL on Nest Pcr on 8 at 7.6 uL/sec


Aspirating 14.0 uL from A1 of NEST 96 Deep Well Plate 2mL on 11 at 7.6 uL/sec
Dispensing 14.0 uL into A11 of Quintara Combo Pcr 96 Well Plate 300 µL on Nest Pcr on 8 at 7.6 uL/sec


Aspirating 14.0 uL from A2 of NEST 96 Deep Well Plate 2mL on 11 at 7.6 uL/sec
Dispensing 14.0 uL into A12 of Quintara Combo Pcr 96 Well Plate 300 µL on Nest Pcr on 8 at 7.6 uL/sec


Aspirating 14.0 uL from A1 of NEST 96 Deep Well Plate 2mL on 11 at 7.6 uL/sec
Dispensing 14.0 uL into A1 of Quintara Combo Pcr 96 Well Plate 300 µL on Nest Pcr on 9 at 7.6 uL/sec


Aspirating 14.0 uL from A2 of NEST 96 Deep Well Plate 2mL on 11 at 7.6 uL/sec
Dispensing 14.0 uL into A2 of Quintara Combo Pcr 96 Well Plate 300 µL on Nest Pcr on 9 at 7.6 uL/sec


Aspirating 14.0 uL from A1 of NEST 96 Deep Well Plate 2mL on 11 at 7.6 uL/sec
Dispensing 14.0 uL into A3 of Quintara Combo Pcr 96 Well Plate 300 µL on Nest Pcr on 9 at 7.6 uL/sec


Aspirating 14.0 uL from A2 of NEST 96 Deep Well Plate 2mL on 11 at 7.6 uL/sec
Dispensing 14.0 uL into A4 of Quintara Combo Pcr 96 Well Plate 300 µL on Nest Pcr on 9 at 7.6 uL/sec


Aspirating 14.0 uL from A1 of NEST 96 Deep Well Plate 2mL on 11 at 7.6 uL/sec
Dispensing 14.0 uL into A5 of Quintara Combo Pcr 96 Well Plate 300 µL on Nest Pcr on 9 at 7.6 uL/sec


Aspirating 14.0 uL from A2 of NEST 96 Deep Well Plate 2mL on 11 at 7.6 uL/sec
Dispensing 14.0 uL into A6 of Quintara Combo Pcr 96 Well Plate 300 µL on Nest Pcr on 9 at 7.6 uL/sec


Aspirating 14.0 uL from A1 of NEST 96 Deep Well Plate 2mL on 11 at 7.6 uL/sec
Dispensing 14.0 uL into A7 of Quintara Combo Pcr 96 Well Plate 300 µL on Nest Pcr on 9 at 7.6 uL/sec


Aspirating 14.0 uL from A2 of NEST 96 Deep Well Plate 2mL on 11 at 7.6 uL/sec
Dispensing 14.0 uL into A8 of Quintara Combo Pcr 96 Well Plate 300 µL on Nest Pcr on 9 at 7.6 uL/sec


Aspirating 14.0 uL from A1 of NEST 96 Deep Well Plate 2mL on 11 at 7.6 uL/sec
Dispensing 14.0 uL into A9 of Quintara Combo Pcr 96 Well Plate 300 µL on Nest Pcr on 9 at 7.6 uL/sec


Aspirating 14.0 uL from A2 of NEST 96 Deep Well Plate 2mL on 11 at 7.6 uL/sec
Dispensing 14.0 uL into A10 of Quintara Combo Pcr 96 Well Plate 300 µL on Nest Pcr on 9 at 7.6 uL/sec


Aspirating 14.0 uL from A1 of NEST 96 Deep Well Plate 2mL on 11 at 7.6 uL/sec
Dispensing 14.0 uL into A11 of Quintara Combo Pcr 96 Well Plate 300 µL on Nest Pcr on 9 at 7.6 uL/sec


Aspirating 14.0 uL from A2 of NEST 96 Deep Well Plate 2mL on 11 at 7.6 uL/sec
Dispensing 14.0 uL into A12 of Quintara Combo Pcr 96 Well Plate 300 µL on Nest Pcr on 9 at 7.6 uL/sec


Aspirating 14.0 uL from A1 of NEST 96 Deep Well Plate 2mL on 11 at 7.6 uL/sec
Dispensing 14.0 uL into A1 of Quintara Combo Pcr 96 Well Plate 300 µL on Nest Pcr on 4 at 7.6 uL/sec


Aspirating 14.0 uL from A2 of NEST 96 Deep Well Plate 2mL on 11 at 7.6 uL/sec
Dispensing 14.0 uL into A2 of Quintara Combo Pcr 96 Well Plate 300 µL on Nest Pcr on 4 at 7.6 uL/sec


Aspirating 14.0 uL from A1 of NEST 96 Deep Well Plate 2mL on 11 at 7.6 uL/sec
Dispensing 14.0 uL into A3 of Quintara Combo Pcr 96 Well Plate 300 µL on Nest Pcr on 4 at 7.6 uL/sec


Aspirating 14.0 uL from A2 of NEST 96 Deep Well Plate 2mL on 11 at 7.6 uL/sec
Dispensing 14.0 uL into A4 of Quintara Combo Pcr 96 Well Plate 300 µL on Nest Pcr on 4 at 7.6 uL/sec


Aspirating 14.0 uL from A1 of NEST 96 Deep Well Plate 2mL on 11 at 7.6 uL/sec
Dispensing 14.0 uL into A5 of Quintara Combo Pcr 96 Well Plate 300 µL on Nest Pcr on 4 at 7.6 uL/sec


Aspirating 14.0 uL from A2 of NEST 96 Deep Well Plate 2mL on 11 at 7.6 uL/sec
Dispensing 14.0 uL into A6 of Quintara Combo Pcr 96 Well Plate 300 µL on Nest Pcr on 4 at 7.6 uL/sec


Aspirating 14.0 uL from A1 of NEST 96 Deep Well Plate 2mL on 11 at 7.6 uL/sec
Dispensing 14.0 uL into A7 of Quintara Combo Pcr 96 Well Plate 300 µL on Nest Pcr on 4 at 7.6 uL/sec


Aspirating 14.0 uL from A2 of NEST 96 Deep Well Plate 2mL on 11 at 7.6 uL/sec
Dispensing 14.0 uL into A8 of Quintara Combo Pcr 96 Well Plate 300 µL on Nest Pcr on 4 at 7.6 uL/sec


Aspirating 14.0 uL from A1 of NEST 96 Deep Well Plate 2mL on 11 at 7.6 uL/sec
Dispensing 14.0 uL into A9 of Quintara Combo Pcr 96 Well Plate 300 µL on Nest Pcr on 4 at 7.6 uL/sec


Aspirating 14.0 uL from A2 of NEST 96 Deep Well Plate 2mL on 11 at 7.6 uL/sec
Dispensing 14.0 uL into A10 of Quintara Combo Pcr 96 Well Plate 300 µL on Nest Pcr on 4 at 7.6 uL/sec


Aspirating 14.0 uL from A1 of NEST 96 Deep Well Plate 2mL on 11 at 7.6 uL/sec
Dispensing 14.0 uL into A11 of Quintara Combo Pcr 96 Well Plate 300 µL on Nest Pcr on 4 at 7.6 uL/sec


Aspirating 14.0 uL from A2 of NEST 96 Deep Well Plate 2mL on 11 at 7.6 uL/sec
Dispensing 14.0 uL into A12 of Quintara Combo Pcr 96 Well Plate 300 µL on Nest Pcr on 4 at 7.6 uL/sec


Aspirating 14.0 uL from A1 of NEST 96 Deep Well Plate 2mL on 11 at 7.6 uL/sec
Dispensing 14.0 uL into A1 of Quintara Combo Pcr 96 Well Plate 300 µL on Nest Pcr on 5 at 7.6 uL/sec


Aspirating 14.0 uL from A2 of NEST 96 Deep Well Plate 2mL on 11 at 7.6 uL/sec
Dispensing 14.0 uL into A2 of Quintara Combo Pcr 96 Well Plate 300 µL on Nest Pcr on 5 at 7.6 uL/sec


Aspirating 14.0 uL from A1 of NEST 96 Deep Well Plate 2mL on 11 at 7.6 uL/sec
Dispensing 14.0 uL into A3 of Quintara Combo Pcr 96 Well Plate 300 µL on Nest Pcr on 5 at 7.6 uL/sec


Aspirating 14.0 uL from A2 of NEST 96 Deep Well Plate 2mL on 11 at 7.6 uL/sec
Dispensing 14.0 uL into A4 of Quintara Combo Pcr 96 Well Plate 300 µL on Nest Pcr on 5 at 7.6 uL/sec


Aspirating 14.0 uL from A1 of NEST 96 Deep Well Plate 2mL on 11 at 7.6 uL/sec
Dispensing 14.0 uL into A5 of Quintara Combo Pcr 96 Well Plate 300 µL on Nest Pcr on 5 at 7.6 uL/sec


Aspirating 14.0 uL from A2 of NEST 96 Deep Well Plate 2mL on 11 at 7.6 uL/sec
Dispensing 14.0 uL into A6 of Quintara Combo Pcr 96 Well Plate 300 µL on Nest Pcr on 5 at 7.6 uL/sec


Aspirating 14.0 uL from A1 of NEST 96 Deep Well Plate 2mL on 11 at 7.6 uL/sec
Dispensing 14.0 uL into A7 of Quintara Combo Pcr 96 Well Plate 300 µL on Nest Pcr on 5 at 7.6 uL/sec


Aspirating 14.0 uL from A2 of NEST 96 Deep Well Plate 2mL on 11 at 7.6 uL/sec
Dispensing 14.0 uL into A8 of Quintara Combo Pcr 96 Well Plate 300 µL on Nest Pcr on 5 at 7.6 uL/sec


Aspirating 14.0 uL from A1 of NEST 96 Deep Well Plate 2mL on 11 at 7.6 uL/sec
Dispensing 14.0 uL into A9 of Quintara Combo Pcr 96 Well Plate 300 µL on Nest Pcr on 5 at 7.6 uL/sec


Aspirating 14.0 uL from A2 of NEST 96 Deep Well Plate 2mL on 11 at 7.6 uL/sec
Dispensing 14.0 uL into A10 of Quintara Combo Pcr 96 Well Plate 300 µL on Nest Pcr on 5 at 7.6 uL/sec


Aspirating 14.0 uL from A1 of NEST 96 Deep Well Plate 2mL on 11 at 7.6 uL/sec
Dispensing 14.0 uL into A11 of Quintara Combo Pcr 96 Well Plate 300 µL on Nest Pcr on 5 at 7.6 uL/sec


Aspirating 14.0 uL from A2 of NEST 96 Deep Well Plate 2mL on 11 at 7.6 uL/sec
Dispensing 14.0 uL into A12 of Quintara Combo Pcr 96 Well Plate 300 µL on Nest Pcr on 5 at 7.6 uL/sec


Aspirating 14.0 uL from A1 of NEST 96 Deep Well Plate 2mL on 11 at 7.6 uL/sec
Dispensing 14.0 uL into A1 of Quintara Combo Pcr 96 Well Plate 300 µL on Nest Pcr on 6 at 7.6 uL/sec


Aspirating 14.0 uL from A2 of NEST 96 Deep Well Plate 2mL on 11 at 7.6 uL/sec
Dispensing 14.0 uL into A2 of Quintara Combo Pcr 96 Well Plate 300 µL on Nest Pcr on 6 at 7.6 uL/sec


Aspirating 14.0 uL from A1 of NEST 96 Deep Well Plate 2mL on 11 at 7.6 uL/sec
Dispensing 14.0 uL into A3 of Quintara Combo Pcr 96 Well Plate 300 µL on Nest Pcr on 6 at 7.6 uL/sec


Aspirating 14.0 uL from A2 of NEST 96 Deep Well Plate 2mL on 11 at 7.6 uL/sec
Dispensing 14.0 uL into A4 of Quintara Combo Pcr 96 Well Plate 300 µL on Nest Pcr on 6 at 7.6 uL/sec


Aspirating 14.0 uL from A1 of NEST 96 Deep Well Plate 2mL on 11 at 7.6 uL/sec
Dispensing 14.0 uL into A5 of Quintara Combo Pcr 96 Well Plate 300 µL on Nest Pcr on 6 at 7.6 uL/sec


Aspirating 14.0 uL from A2 of NEST 96 Deep Well Plate 2mL on 11 at 7.6 uL/sec
Dispensing 14.0 uL into A6 of Quintara Combo Pcr 96 Well Plate 300 µL on Nest Pcr on 6 at 7.6 uL/sec


Aspirating 14.0 uL from A1 of NEST 96 Deep Well Plate 2mL on 11 at 7.6 uL/sec
Dispensing 14.0 uL into A7 of Quintara Combo Pcr 96 Well Plate 300 µL on Nest Pcr on 6 at 7.6 uL/sec


Aspirating 14.0 uL from A2 of NEST 96 Deep Well Plate 2mL on 11 at 7.6 uL/sec
Dispensing 14.0 uL into A8 of Quintara Combo Pcr 96 Well Plate 300 µL on Nest Pcr on 6 at 7.6 uL/sec


Aspirating 14.0 uL from A1 of NEST 96 Deep Well Plate 2mL on 11 at 7.6 uL/sec
Dispensing 14.0 uL into A9 of Quintara Combo Pcr 96 Well Plate 300 µL on Nest Pcr on 6 at 7.6 uL/sec


Aspirating 14.0 uL from A2 of NEST 96 Deep Well Plate 2mL on 11 at 7.6 uL/sec
Dispensing 14.0 uL into A10 of Quintara Combo Pcr 96 Well Plate 300 µL on Nest Pcr on 6 at 7.6 uL/sec


Aspirating 14.0 uL from A1 of NEST 96 Deep Well Plate 2mL on 11 at 7.6 uL/sec
Dispensing 14.0 uL into A11 of Quintara Combo Pcr 96 Well Plate 300 µL on Nest Pcr on 6 at 7.6 uL/sec


Aspirating 14.0 uL from A2 of NEST 96 Deep Well Plate 2mL on 11 at 7.6 uL/sec
Dispensing 14.0 uL into A12 of Quintara Combo Pcr 96 Well Plate 300 µL on Nest Pcr on 6 at 7.6 uL/sec


Aspirating 14.0 uL from A1 of NEST 96 Deep Well Plate 2mL on 11 at 7.6 uL/sec
Dispensing 14.0 uL into A1 of Quintara Combo Pcr 96 Well Plate 300 µL on Nest Pcr on 1 at 7.6 uL/sec


Aspirating 14.0 uL from A2 of NEST 96 Deep Well Plate 2mL on 11 at 7.6 uL/sec
Dispensing 14.0 uL into A2 of Quintara Combo Pcr 96 Well Plate 300 µL on Nest Pcr on 1 at 7.6 uL/sec


Aspirating 14.0 uL from A1 of NEST 96 Deep Well Plate 2mL on 11 at 7.6 uL/sec
Dispensing 14.0 uL into A3 of Quintara Combo Pcr 96 Well Plate 300 µL on Nest Pcr on 1 at 7.6 uL/sec


Aspirating 14.0 uL from A2 of NEST 96 Deep Well Plate 2mL on 11 at 7.6 uL/sec
Dispensing 14.0 uL into A4 of Quintara Combo Pcr 96 Well Plate 300 µL on Nest Pcr on 1 at 7.6 uL/sec


Aspirating 14.0 uL from A1 of NEST 96 Deep Well Plate 2mL on 11 at 7.6 uL/sec
Dispensing 14.0 uL into A5 of Quintara Combo Pcr 96 Well Plate 300 µL on Nest Pcr on 1 at 7.6 uL/sec


Aspirating 14.0 uL from A2 of NEST 96 Deep Well Plate 2mL on 11 at 7.6 uL/sec
Dispensing 14.0 uL into A6 of Quintara Combo Pcr 96 Well Plate 300 µL on Nest Pcr on 1 at 7.6 uL/sec


Aspirating 14.0 uL from A1 of NEST 96 Deep Well Plate 2mL on 11 at 7.6 uL/sec
Dispensing 14.0 uL into A7 of Quintara Combo Pcr 96 Well Plate 300 µL on Nest Pcr on 1 at 7.6 uL/sec


Aspirating 14.0 uL from A2 of NEST 96 Deep Well Plate 2mL on 11 at 7.6 uL/sec
Dispensing 14.0 uL into A8 of Quintara Combo Pcr 96 Well Plate 300 µL on Nest Pcr on 1 at 7.6 uL/sec


Aspirating 14.0 uL from A1 of NEST 96 Deep Well Plate 2mL on 11 at 7.6 uL/sec
Dispensing 14.0 uL into A9 of Quintara Combo Pcr 96 Well Plate 300 µL on Nest Pcr on 1 at 7.6 uL/sec


Aspirating 14.0 uL from A2 of NEST 96 Deep Well Plate 2mL on 11 at 7.6 uL/sec
Dispensing 14.0 uL into A10 of Quintara Combo Pcr 96 Well Plate 300 µL on Nest Pcr on 1 at 7.6 uL/sec


Aspirating 14.0 uL from A1 of NEST 96 Deep Well Plate 2mL on 11 at 7.6 uL/sec
Dispensing 14.0 uL into A11 of Quintara Combo Pcr 96 Well Plate 300 µL on Nest Pcr on 1 at 7.6 uL/sec


Aspirating 14.0 uL from A2 of NEST 96 Deep Well Plate 2mL on 11 at 7.6 uL/sec
Dispensing 14.0 uL into A12 of Quintara Combo Pcr 96 Well Plate 300 µL on Nest Pcr on 1 at 7.6 uL/sec


Aspirating 14.0 uL from A1 of NEST 96 Deep Well Plate 2mL on 11 at 7.6 uL/sec
Dispensing 14.0 uL into A1 of Quintara Combo Pcr 96 Well Plate 300 µL on Nest Pcr on 2 at 7.6 uL/sec


Aspirating 14.0 uL from A2 of NEST 96 Deep Well Plate 2mL on 11 at 7.6 uL/sec
Dispensing 14.0 uL into A2 of Quintara Combo Pcr 96 Well Plate 300 µL on Nest Pcr on 2 at 7.6 uL/sec


Aspirating 14.0 uL from A1 of NEST 96 Deep Well Plate 2mL on 11 at 7.6 uL/sec
Dispensing 14.0 uL into A3 of Quintara Combo Pcr 96 Well Plate 300 µL on Nest Pcr on 2 at 7.6 uL/sec


Aspirating 14.0 uL from A2 of NEST 96 Deep Well Plate 2mL on 11 at 7.6 uL/sec
Dispensing 14.0 uL into A4 of Quintara Combo Pcr 96 Well Plate 300 µL on Nest Pcr on 2 at 7.6 uL/sec


Aspirating 14.0 uL from A1 of NEST 96 Deep Well Plate 2mL on 11 at 7.6 uL/sec
Dispensing 14.0 uL into A5 of Quintara Combo Pcr 96 Well Plate 300 µL on Nest Pcr on 2 at 7.6 uL/sec


Aspirating 14.0 uL from A2 of NEST 96 Deep Well Plate 2mL on 11 at 7.6 uL/sec
Dispensing 14.0 uL into A6 of Quintara Combo Pcr 96 Well Plate 300 µL on Nest Pcr on 2 at 7.6 uL/sec


Aspirating 14.0 uL from A1 of NEST 96 Deep Well Plate 2mL on 11 at 7.6 uL/sec
Dispensing 14.0 uL into A7 of Quintara Combo Pcr 96 Well Plate 300 µL on Nest Pcr on 2 at 7.6 uL/sec


Aspirating 14.0 uL from A2 of NEST 96 Deep Well Plate 2mL on 11 at 7.6 uL/sec
Dispensing 14.0 uL into A8 of Quintara Combo Pcr 96 Well Plate 300 µL on Nest Pcr on 2 at 7.6 uL/sec


Aspirating 14.0 uL from A1 of NEST 96 Deep Well Plate 2mL on 11 at 7.6 uL/sec
Dispensing 14.0 uL into A9 of Quintara Combo Pcr 96 Well Plate 300 µL on Nest Pcr on 2 at 7.6 uL/sec


Aspirating 14.0 uL from A2 of NEST 96 Deep Well Plate 2mL on 11 at 7.6 uL/sec
Dispensing 14.0 uL into A10 of Quintara Combo Pcr 96 Well Plate 300 µL on Nest Pcr on 2 at 7.6 uL/sec


Aspirating 14.0 uL from A1 of NEST 96 Deep Well Plate 2mL on 11 at 7.6 uL/sec
Dispensing 14.0 uL into A11 of Quintara Combo Pcr 96 Well Plate 300 µL on Nest Pcr on 2 at 7.6 uL/sec


Aspirating 14.0 uL from A2 of NEST 96 Deep Well Plate 2mL on 11 at 7.6 uL/sec
Dispensing 14.0 uL into A12 of Quintara Combo Pcr 96 Well Plate 300 µL on Nest Pcr on 2 at 7.6 uL/sec


Aspirating 14.0 uL from A1 of NEST 96 Deep Well Plate 2mL on 11 at 7.6 uL/sec
Dispensing 14.0 uL into A1 of Quintara Combo Pcr 96 Well Plate 300 µL on Nest Pcr on 3 at 7.6 uL/sec


Aspirating 14.0 uL from A2 of NEST 96 Deep Well Plate 2mL on 11 at 7.6 uL/sec
Dispensing 14.0 uL into A2 of Quintara Combo Pcr 96 Well Plate 300 µL on Nest Pcr on 3 at 7.6 uL/sec


Aspirating 14.0 uL from A1 of NEST 96 Deep Well Plate 2mL on 11 at 7.6 uL/sec
Dispensing 14.0 uL into A3 of Quintara Combo Pcr 96 Well Plate 300 µL on Nest Pcr on 3 at 7.6 uL/sec


Aspirating 14.0 uL from A2 of NEST 96 Deep Well Plate 2mL on 11 at 7.6 uL/sec
Dispensing 14.0 uL into A4 of Quintara Combo Pcr 96 Well Plate 300 µL on Nest Pcr on 3 at 7.6 uL/sec


Aspirating 14.0 uL from A1 of NEST 96 Deep Well Plate 2mL on 11 at 7.6 uL/sec
Dispensing 14.0 uL into A5 of Quintara Combo Pcr 96 Well Plate 300 µL on Nest Pcr on 3 at 7.6 uL/sec


Aspirating 14.0 uL from A2 of NEST 96 Deep Well Plate 2mL on 11 at 7.6 uL/sec
Dispensing 14.0 uL into A6 of Quintara Combo Pcr 96 Well Plate 300 µL on Nest Pcr on 3 at 7.6 uL/sec


Aspirating 14.0 uL from A1 of NEST 96 Deep Well Plate 2mL on 11 at 7.6 uL/sec
Dispensing 14.0 uL into A7 of Quintara Combo Pcr 96 Well Plate 300 µL on Nest Pcr on 3 at 7.6 uL/sec


Aspirating 14.0 uL from A2 of NEST 96 Deep Well Plate 2mL on 11 at 7.6 uL/sec
Dispensing 14.0 uL into A8 of Quintara Combo Pcr 96 Well Plate 300 µL on Nest Pcr on 3 at 7.6 uL/sec


Aspirating 14.0 uL from A1 of NEST 96 Deep Well Plate 2mL on 11 at 7.6 uL/sec
Dispensing 14.0 uL into A9 of Quintara Combo Pcr 96 Well Plate 300 µL on Nest Pcr on 3 at 7.6 uL/sec


Aspirating 14.0 uL from A2 of NEST 96 Deep Well Plate 2mL on 11 at 7.6 uL/sec
Dispensing 14.0 uL into A10 of Quintara Combo Pcr 96 Well Plate 300 µL on Nest Pcr on 3 at 7.6 uL/sec


Aspirating 14.0 uL from A1 of NEST 96 Deep Well Plate 2mL on 11 at 7.6 uL/sec
Dispensing 14.0 uL into A11 of Quintara Combo Pcr 96 Well Plate 300 µL on Nest Pcr on 3 at 7.6 uL/sec


Aspirating 14.0 uL from A2 of NEST 96 Deep Well Plate 2mL on 11 at 7.6 uL/sec
Dispensing 14.0 uL into A12 of Quintara Combo Pcr 96 Well Plate 300 µL on Nest Pcr on 3 at 7.6 uL/sec


Pausing robot operation: Select Resume for another round
Caught exception: {'message': 'Task was destroyed but it is pending!', 'task': <Task pending name='Task-4' coro=<Poller._poll_forever() running at /Users/dp/Desktop/project/github/opentrons/venv/lib/python3.10/site-packages/opentrons/hardware_control/poller.py:80> wait_for=<Future pending cb=[Task.task_wakeup()]>>}
Caught exception: {'message': 'Task was destroyed but it is pending!', 'task': <Task pending name='Task-3' coro=<Poller._poll_forever() running at /Users/dp/Desktop/project/github/opentrons/venv/lib/python3.10/site-packages/opentrons/hardware_control/poller.py:80> wait_for=<Future pending cb=[Task.task_wakeup()]>>}
Caught exception: {'message': 'Task was destroyed but it is pending!', 'task': <Task pending name='Task-2' coro=<Poller._poll_forever() running at /Users/dp/Desktop/project/github/opentrons/venv/lib/python3.10/site-packages/opentrons/hardware_control/poller.py:80> wait_for=<Future pending cb=[Task.task_wakeup()]>>}
