/Users/dp/Desktop/project/github/opentrons/venv/lib/python3.10/site-packages/opentrons/hardware_control/simulator_setup.py:205: UserWarning: Simulator configuration does not name a machine, defaulting to OT-2 Standard
  warn(
/Users/dp/.opentrons/robot_settings.json not found. Loading defaults
Deck calibration not found.
/Users/dp/.opentrons/deck_calibration.json not found. Loading defaults
Disengaging Magnetic Module



~~~~~~~~MIXING BEADS~~~~~~~~

Picking up tip from A1 of Opentrons OT-2 96 Tip Rack 300 µL on 7
Mixing 10 times with a volume of 250.0 ul
	Aspirating 250.0 uL from A1 of reagents on 4 at 470.0 uL/sec
	Dispensing 250.0 uL into A1 of reagents on 4 at 470.0 uL/sec
	Aspirating 250.0 uL from A1 of reagents on 4 at 470.0 uL/sec
	Dispensing 250.0 uL into A1 of reagents on 4 at 470.0 uL/sec
	Aspirating 250.0 uL from A1 of reagents on 4 at 470.0 uL/sec
	Dispensing 250.0 uL into A1 of reagents on 4 at 470.0 uL/sec
	Aspirating 250.0 uL from A1 of reagents on 4 at 470.0 uL/sec
	Dispensing 250.0 uL into A1 of reagents on 4 at 470.0 uL/sec
	Aspirating 250.0 uL from A1 of reagents on 4 at 470.0 uL/sec
	Dispensing 250.0 uL into A1 of reagents on 4 at 470.0 uL/sec
	Aspirating 250.0 uL from A1 of reagents on 4 at 470.0 uL/sec
	Dispensing 250.0 uL into A1 of reagents on 4 at 470.0 uL/sec
	Aspirating 250.0 uL from A1 of reagents on 4 at 470.0 uL/sec
	Dispensing 250.0 uL into A1 of reagents on 4 at 470.0 uL/sec
	Aspirating 250.0 uL from A1 of reagents on 4 at 470.0 uL/sec
	Dispensing 250.0 uL into A1 of reagents on 4 at 470.0 uL/sec
	Aspirating 250.0 uL from A1 of reagents on 4 at 470.0 uL/sec
	Dispensing 250.0 uL into A1 of reagents on 4 at 470.0 uL/sec
	Aspirating 250.0 uL from A1 of reagents on 4 at 470.0 uL/sec
	Dispensing 250.0 uL into A1 of reagents on 4 at 470.0 uL/sec



~~~~~~~~ADDING BEADS TO PLATE~~~~~~~~

Mixing 5 times with a volume of 50.0 ul
	Aspirating 50.0 uL from A1 of reagents on 4 at 94.0 uL/sec
	Dispensing 50.0 uL into A1 of reagents on 4 at 94.0 uL/sec
	Aspirating 50.0 uL from A1 of reagents on 4 at 94.0 uL/sec
	Dispensing 50.0 uL into A1 of reagents on 4 at 94.0 uL/sec
	Aspirating 50.0 uL from A1 of reagents on 4 at 94.0 uL/sec
	Dispensing 50.0 uL into A1 of reagents on 4 at 94.0 uL/sec
	Aspirating 50.0 uL from A1 of reagents on 4 at 94.0 uL/sec
	Dispensing 50.0 uL into A1 of reagents on 4 at 94.0 uL/sec
	Aspirating 50.0 uL from A1 of reagents on 4 at 94.0 uL/sec
	Dispensing 50.0 uL into A1 of reagents on 4 at 94.0 uL/sec
Aspirating 50.0 uL from A1 of reagents on 4 at 94.0 uL/sec
Dispensing 50.0 uL into A1 of NEST 96 Deep Well Plate 2mL on Magnetic Module GEN2 on 1 at 94.0 uL/sec
Blowing out at A1 of NEST 96 Deep Well Plate 2mL on Magnetic Module GEN2 on 1
Touching tip
Mixing 5 times with a volume of 50.0 ul
	Aspirating 50.0 uL from A1 of reagents on 4 at 94.0 uL/sec
	Dispensing 50.0 uL into A1 of reagents on 4 at 94.0 uL/sec
	Aspirating 50.0 uL from A1 of reagents on 4 at 94.0 uL/sec
	Dispensing 50.0 uL into A1 of reagents on 4 at 94.0 uL/sec
	Aspirating 50.0 uL from A1 of reagents on 4 at 94.0 uL/sec
	Dispensing 50.0 uL into A1 of reagents on 4 at 94.0 uL/sec
	Aspirating 50.0 uL from A1 of reagents on 4 at 94.0 uL/sec
	Dispensing 50.0 uL into A1 of reagents on 4 at 94.0 uL/sec
	Aspirating 50.0 uL from A1 of reagents on 4 at 94.0 uL/sec
	Dispensing 50.0 uL into A1 of reagents on 4 at 94.0 uL/sec
Aspirating 50.0 uL from A1 of reagents on 4 at 94.0 uL/sec
Dispensing 50.0 uL into A2 of NEST 96 Deep Well Plate 2mL on Magnetic Module GEN2 on 1 at 94.0 uL/sec
Blowing out at A2 of NEST 96 Deep Well Plate 2mL on Magnetic Module GEN2 on 1
Touching tip
Mixing 5 times with a volume of 50.0 ul
	Aspirating 50.0 uL from A1 of reagents on 4 at 94.0 uL/sec
	Dispensing 50.0 uL into A1 of reagents on 4 at 94.0 uL/sec
	Aspirating 50.0 uL from A1 of reagents on 4 at 94.0 uL/sec
	Dispensing 50.0 uL into A1 of reagents on 4 at 94.0 uL/sec
	Aspirating 50.0 uL from A1 of reagents on 4 at 94.0 uL/sec
	Dispensing 50.0 uL into A1 of reagents on 4 at 94.0 uL/sec
	Aspirating 50.0 uL from A1 of reagents on 4 at 94.0 uL/sec
	Dispensing 50.0 uL into A1 of reagents on 4 at 94.0 uL/sec
	Aspirating 50.0 uL from A1 of reagents on 4 at 94.0 uL/sec
	Dispensing 50.0 uL into A1 of reagents on 4 at 94.0 uL/sec
Aspirating 50.0 uL from A1 of reagents on 4 at 94.0 uL/sec
Dispensing 50.0 uL into A3 of NEST 96 Deep Well Plate 2mL on Magnetic Module GEN2 on 1 at 94.0 uL/sec
Blowing out at A3 of NEST 96 Deep Well Plate 2mL on Magnetic Module GEN2 on 1
Touching tip
Mixing 5 times with a volume of 50.0 ul
	Aspirating 50.0 uL from A1 of reagents on 4 at 94.0 uL/sec
	Dispensing 50.0 uL into A1 of reagents on 4 at 94.0 uL/sec
	Aspirating 50.0 uL from A1 of reagents on 4 at 94.0 uL/sec
	Dispensing 50.0 uL into A1 of reagents on 4 at 94.0 uL/sec
	Aspirating 50.0 uL from A1 of reagents on 4 at 94.0 uL/sec
	Dispensing 50.0 uL into A1 of reagents on 4 at 94.0 uL/sec
	Aspirating 50.0 uL from A1 of reagents on 4 at 94.0 uL/sec
	Dispensing 50.0 uL into A1 of reagents on 4 at 94.0 uL/sec
	Aspirating 50.0 uL from A1 of reagents on 4 at 94.0 uL/sec
	Dispensing 50.0 uL into A1 of reagents on 4 at 94.0 uL/sec
Aspirating 50.0 uL from A1 of reagents on 4 at 94.0 uL/sec
Dispensing 50.0 uL into A4 of NEST 96 Deep Well Plate 2mL on Magnetic Module GEN2 on 1 at 94.0 uL/sec
Blowing out at A4 of NEST 96 Deep Well Plate 2mL on Magnetic Module GEN2 on 1
Touching tip
Mixing 5 times with a volume of 50.0 ul
	Aspirating 50.0 uL from A1 of reagents on 4 at 94.0 uL/sec
	Dispensing 50.0 uL into A1 of reagents on 4 at 94.0 uL/sec
	Aspirating 50.0 uL from A1 of reagents on 4 at 94.0 uL/sec
	Dispensing 50.0 uL into A1 of reagents on 4 at 94.0 uL/sec
	Aspirating 50.0 uL from A1 of reagents on 4 at 94.0 uL/sec
	Dispensing 50.0 uL into A1 of reagents on 4 at 94.0 uL/sec
	Aspirating 50.0 uL from A1 of reagents on 4 at 94.0 uL/sec
	Dispensing 50.0 uL into A1 of reagents on 4 at 94.0 uL/sec
	Aspirating 50.0 uL from A1 of reagents on 4 at 94.0 uL/sec
	Dispensing 50.0 uL into A1 of reagents on 4 at 94.0 uL/sec
Aspirating 50.0 uL from A1 of reagents on 4 at 94.0 uL/sec
Dispensing 50.0 uL into A5 of NEST 96 Deep Well Plate 2mL on Magnetic Module GEN2 on 1 at 94.0 uL/sec
Blowing out at A5 of NEST 96 Deep Well Plate 2mL on Magnetic Module GEN2 on 1
Touching tip
Mixing 5 times with a volume of 50.0 ul
	Aspirating 50.0 uL from A1 of reagents on 4 at 94.0 uL/sec
	Dispensing 50.0 uL into A1 of reagents on 4 at 94.0 uL/sec
	Aspirating 50.0 uL from A1 of reagents on 4 at 94.0 uL/sec
	Dispensing 50.0 uL into A1 of reagents on 4 at 94.0 uL/sec
	Aspirating 50.0 uL from A1 of reagents on 4 at 94.0 uL/sec
	Dispensing 50.0 uL into A1 of reagents on 4 at 94.0 uL/sec
	Aspirating 50.0 uL from A1 of reagents on 4 at 94.0 uL/sec
	Dispensing 50.0 uL into A1 of reagents on 4 at 94.0 uL/sec
	Aspirating 50.0 uL from A1 of reagents on 4 at 94.0 uL/sec
	Dispensing 50.0 uL into A1 of reagents on 4 at 94.0 uL/sec
Aspirating 50.0 uL from A1 of reagents on 4 at 94.0 uL/sec
Dispensing 50.0 uL into A6 of NEST 96 Deep Well Plate 2mL on Magnetic Module GEN2 on 1 at 94.0 uL/sec
Blowing out at A6 of NEST 96 Deep Well Plate 2mL on Magnetic Module GEN2 on 1
Touching tip
Mixing 5 times with a volume of 50.0 ul
	Aspirating 50.0 uL from A1 of reagents on 4 at 94.0 uL/sec
	Dispensing 50.0 uL into A1 of reagents on 4 at 94.0 uL/sec
	Aspirating 50.0 uL from A1 of reagents on 4 at 94.0 uL/sec
	Dispensing 50.0 uL into A1 of reagents on 4 at 94.0 uL/sec
	Aspirating 50.0 uL from A1 of reagents on 4 at 94.0 uL/sec
	Dispensing 50.0 uL into A1 of reagents on 4 at 94.0 uL/sec
	Aspirating 50.0 uL from A1 of reagents on 4 at 94.0 uL/sec
	Dispensing 50.0 uL into A1 of reagents on 4 at 94.0 uL/sec
	Aspirating 50.0 uL from A1 of reagents on 4 at 94.0 uL/sec
	Dispensing 50.0 uL into A1 of reagents on 4 at 94.0 uL/sec
Aspirating 50.0 uL from A1 of reagents on 4 at 94.0 uL/sec
Dispensing 50.0 uL into A7 of NEST 96 Deep Well Plate 2mL on Magnetic Module GEN2 on 1 at 94.0 uL/sec
Blowing out at A7 of NEST 96 Deep Well Plate 2mL on Magnetic Module GEN2 on 1
Touching tip
Mixing 5 times with a volume of 50.0 ul
	Aspirating 50.0 uL from A1 of reagents on 4 at 94.0 uL/sec
	Dispensing 50.0 uL into A1 of reagents on 4 at 94.0 uL/sec
	Aspirating 50.0 uL from A1 of reagents on 4 at 94.0 uL/sec
	Dispensing 50.0 uL into A1 of reagents on 4 at 94.0 uL/sec
	Aspirating 50.0 uL from A1 of reagents on 4 at 94.0 uL/sec
	Dispensing 50.0 uL into A1 of reagents on 4 at 94.0 uL/sec
	Aspirating 50.0 uL from A1 of reagents on 4 at 94.0 uL/sec
	Dispensing 50.0 uL into A1 of reagents on 4 at 94.0 uL/sec
	Aspirating 50.0 uL from A1 of reagents on 4 at 94.0 uL/sec
	Dispensing 50.0 uL into A1 of reagents on 4 at 94.0 uL/sec
Aspirating 50.0 uL from A1 of reagents on 4 at 94.0 uL/sec
Dispensing 50.0 uL into A8 of NEST 96 Deep Well Plate 2mL on Magnetic Module GEN2 on 1 at 94.0 uL/sec
Blowing out at A8 of NEST 96 Deep Well Plate 2mL on Magnetic Module GEN2 on 1
Touching tip
Mixing 5 times with a volume of 50.0 ul
	Aspirating 50.0 uL from A1 of reagents on 4 at 94.0 uL/sec
	Dispensing 50.0 uL into A1 of reagents on 4 at 94.0 uL/sec
	Aspirating 50.0 uL from A1 of reagents on 4 at 94.0 uL/sec
	Dispensing 50.0 uL into A1 of reagents on 4 at 94.0 uL/sec
	Aspirating 50.0 uL from A1 of reagents on 4 at 94.0 uL/sec
	Dispensing 50.0 uL into A1 of reagents on 4 at 94.0 uL/sec
	Aspirating 50.0 uL from A1 of reagents on 4 at 94.0 uL/sec
	Dispensing 50.0 uL into A1 of reagents on 4 at 94.0 uL/sec
	Aspirating 50.0 uL from A1 of reagents on 4 at 94.0 uL/sec
	Dispensing 50.0 uL into A1 of reagents on 4 at 94.0 uL/sec
Aspirating 50.0 uL from A1 of reagents on 4 at 94.0 uL/sec
Dispensing 50.0 uL into A9 of NEST 96 Deep Well Plate 2mL on Magnetic Module GEN2 on 1 at 94.0 uL/sec
Blowing out at A9 of NEST 96 Deep Well Plate 2mL on Magnetic Module GEN2 on 1
Touching tip
Mixing 5 times with a volume of 50.0 ul
	Aspirating 50.0 uL from A1 of reagents on 4 at 94.0 uL/sec
	Dispensing 50.0 uL into A1 of reagents on 4 at 94.0 uL/sec
	Aspirating 50.0 uL from A1 of reagents on 4 at 94.0 uL/sec
	Dispensing 50.0 uL into A1 of reagents on 4 at 94.0 uL/sec
	Aspirating 50.0 uL from A1 of reagents on 4 at 94.0 uL/sec
	Dispensing 50.0 uL into A1 of reagents on 4 at 94.0 uL/sec
	Aspirating 50.0 uL from A1 of reagents on 4 at 94.0 uL/sec
	Dispensing 50.0 uL into A1 of reagents on 4 at 94.0 uL/sec
	Aspirating 50.0 uL from A1 of reagents on 4 at 94.0 uL/sec
	Dispensing 50.0 uL into A1 of reagents on 4 at 94.0 uL/sec
Aspirating 50.0 uL from A1 of reagents on 4 at 94.0 uL/sec
Dispensing 50.0 uL into A10 of NEST 96 Deep Well Plate 2mL on Magnetic Module GEN2 on 1 at 94.0 uL/sec
Blowing out at A10 of NEST 96 Deep Well Plate 2mL on Magnetic Module GEN2 on 1
Touching tip
Mixing 5 times with a volume of 50.0 ul
	Aspirating 50.0 uL from A1 of reagents on 4 at 94.0 uL/sec
	Dispensing 50.0 uL into A1 of reagents on 4 at 94.0 uL/sec
	Aspirating 50.0 uL from A1 of reagents on 4 at 94.0 uL/sec
	Dispensing 50.0 uL into A1 of reagents on 4 at 94.0 uL/sec
	Aspirating 50.0 uL from A1 of reagents on 4 at 94.0 uL/sec
	Dispensing 50.0 uL into A1 of reagents on 4 at 94.0 uL/sec
	Aspirating 50.0 uL from A1 of reagents on 4 at 94.0 uL/sec
	Dispensing 50.0 uL into A1 of reagents on 4 at 94.0 uL/sec
	Aspirating 50.0 uL from A1 of reagents on 4 at 94.0 uL/sec
	Dispensing 50.0 uL into A1 of reagents on 4 at 94.0 uL/sec
Aspirating 50.0 uL from A1 of reagents on 4 at 94.0 uL/sec
Dispensing 50.0 uL into A11 of NEST 96 Deep Well Plate 2mL on Magnetic Module GEN2 on 1 at 94.0 uL/sec
Blowing out at A11 of NEST 96 Deep Well Plate 2mL on Magnetic Module GEN2 on 1
Touching tip
Mixing 5 times with a volume of 50.0 ul
	Aspirating 50.0 uL from A1 of reagents on 4 at 94.0 uL/sec
	Dispensing 50.0 uL into A1 of reagents on 4 at 94.0 uL/sec
	Aspirating 50.0 uL from A1 of reagents on 4 at 94.0 uL/sec
	Dispensing 50.0 uL into A1 of reagents on 4 at 94.0 uL/sec
	Aspirating 50.0 uL from A1 of reagents on 4 at 94.0 uL/sec
	Dispensing 50.0 uL into A1 of reagents on 4 at 94.0 uL/sec
	Aspirating 50.0 uL from A1 of reagents on 4 at 94.0 uL/sec
	Dispensing 50.0 uL into A1 of reagents on 4 at 94.0 uL/sec
	Aspirating 50.0 uL from A1 of reagents on 4 at 94.0 uL/sec
	Dispensing 50.0 uL into A1 of reagents on 4 at 94.0 uL/sec
Aspirating 50.0 uL from A1 of reagents on 4 at 94.0 uL/sec
Dispensing 50.0 uL into A12 of NEST 96 Deep Well Plate 2mL on Magnetic Module GEN2 on 1 at 94.0 uL/sec
Blowing out at A12 of NEST 96 Deep Well Plate 2mL on Magnetic Module GEN2 on 1
Touching tip
Dropping tip into A1 of Opentrons Fixed Trash on 12
Engaging Magnetic Module
Delaying for 1 minutes and 0.0 seconds



~~~~~~~~REMOVING SUPERNATANT~~~~~~~~

Picking up tip from A2 of Opentrons OT-2 96 Tip Rack 300 µL on 7
Transferring 60.0 from A1 of NEST 96 Deep Well Plate 2mL on Magnetic Module GEN2 on 1 to A1 of waste on 9
	Aspirating 60.0 uL from A1 of NEST 96 Deep Well Plate 2mL on Magnetic Module GEN2 on 1 at 45.0 uL/sec
	Dispensing 60.0 uL into A1 of waste on 9 at 94.0 uL/sec
Transferring 60.0 from A2 of NEST 96 Deep Well Plate 2mL on Magnetic Module GEN2 on 1 to A1 of waste on 9
	Aspirating 60.0 uL from A2 of NEST 96 Deep Well Plate 2mL on Magnetic Module GEN2 on 1 at 45.0 uL/sec
	Dispensing 60.0 uL into A1 of waste on 9 at 94.0 uL/sec
Transferring 60.0 from A3 of NEST 96 Deep Well Plate 2mL on Magnetic Module GEN2 on 1 to A1 of waste on 9
	Aspirating 60.0 uL from A3 of NEST 96 Deep Well Plate 2mL on Magnetic Module GEN2 on 1 at 45.0 uL/sec
	Dispensing 60.0 uL into A1 of waste on 9 at 94.0 uL/sec
Transferring 60.0 from A4 of NEST 96 Deep Well Plate 2mL on Magnetic Module GEN2 on 1 to A1 of waste on 9
	Aspirating 60.0 uL from A4 of NEST 96 Deep Well Plate 2mL on Magnetic Module GEN2 on 1 at 45.0 uL/sec
	Dispensing 60.0 uL into A1 of waste on 9 at 94.0 uL/sec
Transferring 60.0 from A5 of NEST 96 Deep Well Plate 2mL on Magnetic Module GEN2 on 1 to A1 of waste on 9
	Aspirating 60.0 uL from A5 of NEST 96 Deep Well Plate 2mL on Magnetic Module GEN2 on 1 at 45.0 uL/sec
	Dispensing 60.0 uL into A1 of waste on 9 at 94.0 uL/sec
Transferring 60.0 from A6 of NEST 96 Deep Well Plate 2mL on Magnetic Module GEN2 on 1 to A1 of waste on 9
	Aspirating 60.0 uL from A6 of NEST 96 Deep Well Plate 2mL on Magnetic Module GEN2 on 1 at 45.0 uL/sec
	Dispensing 60.0 uL into A1 of waste on 9 at 94.0 uL/sec
Transferring 60.0 from A7 of NEST 96 Deep Well Plate 2mL on Magnetic Module GEN2 on 1 to A1 of waste on 9
	Aspirating 60.0 uL from A7 of NEST 96 Deep Well Plate 2mL on Magnetic Module GEN2 on 1 at 45.0 uL/sec
	Dispensing 60.0 uL into A1 of waste on 9 at 94.0 uL/sec
Transferring 60.0 from A8 of NEST 96 Deep Well Plate 2mL on Magnetic Module GEN2 on 1 to A1 of waste on 9
	Aspirating 60.0 uL from A8 of NEST 96 Deep Well Plate 2mL on Magnetic Module GEN2 on 1 at 45.0 uL/sec
	Dispensing 60.0 uL into A1 of waste on 9 at 94.0 uL/sec
Transferring 60.0 from A9 of NEST 96 Deep Well Plate 2mL on Magnetic Module GEN2 on 1 to A1 of waste on 9
	Aspirating 60.0 uL from A9 of NEST 96 Deep Well Plate 2mL on Magnetic Module GEN2 on 1 at 45.0 uL/sec
	Dispensing 60.0 uL into A1 of waste on 9 at 94.0 uL/sec
Transferring 60.0 from A10 of NEST 96 Deep Well Plate 2mL on Magnetic Module GEN2 on 1 to A1 of waste on 9
	Aspirating 60.0 uL from A10 of NEST 96 Deep Well Plate 2mL on Magnetic Module GEN2 on 1 at 45.0 uL/sec
	Dispensing 60.0 uL into A1 of waste on 9 at 94.0 uL/sec
Transferring 60.0 from A11 of NEST 96 Deep Well Plate 2mL on Magnetic Module GEN2 on 1 to A1 of waste on 9
	Aspirating 60.0 uL from A11 of NEST 96 Deep Well Plate 2mL on Magnetic Module GEN2 on 1 at 45.0 uL/sec
	Dispensing 60.0 uL into A1 of waste on 9 at 94.0 uL/sec
Transferring 60.0 from A12 of NEST 96 Deep Well Plate 2mL on Magnetic Module GEN2 on 1 to A1 of waste on 9
	Aspirating 60.0 uL from A12 of NEST 96 Deep Well Plate 2mL on Magnetic Module GEN2 on 1 at 45.0 uL/sec
	Dispensing 60.0 uL into A1 of waste on 9 at 94.0 uL/sec
Dropping tip into A1 of Opentrons Fixed Trash on 12
Disengaging Magnetic Module



~~~~~~~~ADDING Ab~~~~~~~~

Picking up tip from A3 of Opentrons OT-2 96 Tip Rack 300 µL on 7
Mixing 5 times with a volume of 50.0 ul
	Aspirating 50.0 uL from A2 of reagents on 4 at 276.0 uL/sec
	Dispensing 50.0 uL into A2 of reagents on 4 at 282.0 uL/sec
	Aspirating 50.0 uL from A2 of reagents on 4 at 276.0 uL/sec
	Dispensing 50.0 uL into A2 of reagents on 4 at 282.0 uL/sec
	Aspirating 50.0 uL from A2 of reagents on 4 at 276.0 uL/sec
	Dispensing 50.0 uL into A2 of reagents on 4 at 282.0 uL/sec
	Aspirating 50.0 uL from A2 of reagents on 4 at 276.0 uL/sec
	Dispensing 50.0 uL into A2 of reagents on 4 at 282.0 uL/sec
	Aspirating 50.0 uL from A2 of reagents on 4 at 276.0 uL/sec
	Dispensing 50.0 uL into A2 of reagents on 4 at 282.0 uL/sec
Aspirating 50.0 uL from A2 of reagents on 4 at 92.0 uL/sec
Dispensing 50.0 uL into A1 of NEST 96 Deep Well Plate 2mL on Magnetic Module GEN2 on 1 at 94.0 uL/sec
Touching tip
Mixing 5 times with a volume of 50.0 ul
	Aspirating 50.0 uL from A2 of reagents on 4 at 276.0 uL/sec
	Dispensing 50.0 uL into A2 of reagents on 4 at 282.0 uL/sec
	Aspirating 50.0 uL from A2 of reagents on 4 at 276.0 uL/sec
	Dispensing 50.0 uL into A2 of reagents on 4 at 282.0 uL/sec
	Aspirating 50.0 uL from A2 of reagents on 4 at 276.0 uL/sec
	Dispensing 50.0 uL into A2 of reagents on 4 at 282.0 uL/sec
	Aspirating 50.0 uL from A2 of reagents on 4 at 276.0 uL/sec
	Dispensing 50.0 uL into A2 of reagents on 4 at 282.0 uL/sec
	Aspirating 50.0 uL from A2 of reagents on 4 at 276.0 uL/sec
	Dispensing 50.0 uL into A2 of reagents on 4 at 282.0 uL/sec
Aspirating 50.0 uL from A2 of reagents on 4 at 92.0 uL/sec
Dispensing 50.0 uL into A2 of NEST 96 Deep Well Plate 2mL on Magnetic Module GEN2 on 1 at 94.0 uL/sec
Touching tip
Mixing 5 times with a volume of 50.0 ul
	Aspirating 50.0 uL from A2 of reagents on 4 at 276.0 uL/sec
	Dispensing 50.0 uL into A2 of reagents on 4 at 282.0 uL/sec
	Aspirating 50.0 uL from A2 of reagents on 4 at 276.0 uL/sec
	Dispensing 50.0 uL into A2 of reagents on 4 at 282.0 uL/sec
	Aspirating 50.0 uL from A2 of reagents on 4 at 276.0 uL/sec
	Dispensing 50.0 uL into A2 of reagents on 4 at 282.0 uL/sec
	Aspirating 50.0 uL from A2 of reagents on 4 at 276.0 uL/sec
	Dispensing 50.0 uL into A2 of reagents on 4 at 282.0 uL/sec
	Aspirating 50.0 uL from A2 of reagents on 4 at 276.0 uL/sec
	Dispensing 50.0 uL into A2 of reagents on 4 at 282.0 uL/sec
Aspirating 50.0 uL from A2 of reagents on 4 at 92.0 uL/sec
Dispensing 50.0 uL into A3 of NEST 96 Deep Well Plate 2mL on Magnetic Module GEN2 on 1 at 94.0 uL/sec
Touching tip
Mixing 5 times with a volume of 50.0 ul
	Aspirating 50.0 uL from A2 of reagents on 4 at 276.0 uL/sec
	Dispensing 50.0 uL into A2 of reagents on 4 at 282.0 uL/sec
	Aspirating 50.0 uL from A2 of reagents on 4 at 276.0 uL/sec
	Dispensing 50.0 uL into A2 of reagents on 4 at 282.0 uL/sec
	Aspirating 50.0 uL from A2 of reagents on 4 at 276.0 uL/sec
	Dispensing 50.0 uL into A2 of reagents on 4 at 282.0 uL/sec
	Aspirating 50.0 uL from A2 of reagents on 4 at 276.0 uL/sec
	Dispensing 50.0 uL into A2 of reagents on 4 at 282.0 uL/sec
	Aspirating 50.0 uL from A2 of reagents on 4 at 276.0 uL/sec
	Dispensing 50.0 uL into A2 of reagents on 4 at 282.0 uL/sec
Aspirating 50.0 uL from A2 of reagents on 4 at 92.0 uL/sec
Dispensing 50.0 uL into A4 of NEST 96 Deep Well Plate 2mL on Magnetic Module GEN2 on 1 at 94.0 uL/sec
Touching tip
Mixing 5 times with a volume of 50.0 ul
	Aspirating 50.0 uL from A2 of reagents on 4 at 276.0 uL/sec
	Dispensing 50.0 uL into A2 of reagents on 4 at 282.0 uL/sec
	Aspirating 50.0 uL from A2 of reagents on 4 at 276.0 uL/sec
	Dispensing 50.0 uL into A2 of reagents on 4 at 282.0 uL/sec
	Aspirating 50.0 uL from A2 of reagents on 4 at 276.0 uL/sec
	Dispensing 50.0 uL into A2 of reagents on 4 at 282.0 uL/sec
	Aspirating 50.0 uL from A2 of reagents on 4 at 276.0 uL/sec
	Dispensing 50.0 uL into A2 of reagents on 4 at 282.0 uL/sec
	Aspirating 50.0 uL from A2 of reagents on 4 at 276.0 uL/sec
	Dispensing 50.0 uL into A2 of reagents on 4 at 282.0 uL/sec
Aspirating 50.0 uL from A2 of reagents on 4 at 92.0 uL/sec
Dispensing 50.0 uL into A5 of NEST 96 Deep Well Plate 2mL on Magnetic Module GEN2 on 1 at 94.0 uL/sec
Touching tip
Mixing 5 times with a volume of 50.0 ul
	Aspirating 50.0 uL from A2 of reagents on 4 at 276.0 uL/sec
	Dispensing 50.0 uL into A2 of reagents on 4 at 282.0 uL/sec
	Aspirating 50.0 uL from A2 of reagents on 4 at 276.0 uL/sec
	Dispensing 50.0 uL into A2 of reagents on 4 at 282.0 uL/sec
	Aspirating 50.0 uL from A2 of reagents on 4 at 276.0 uL/sec
	Dispensing 50.0 uL into A2 of reagents on 4 at 282.0 uL/sec
	Aspirating 50.0 uL from A2 of reagents on 4 at 276.0 uL/sec
	Dispensing 50.0 uL into A2 of reagents on 4 at 282.0 uL/sec
	Aspirating 50.0 uL from A2 of reagents on 4 at 276.0 uL/sec
	Dispensing 50.0 uL into A2 of reagents on 4 at 282.0 uL/sec
Aspirating 50.0 uL from A2 of reagents on 4 at 92.0 uL/sec
Dispensing 50.0 uL into A6 of NEST 96 Deep Well Plate 2mL on Magnetic Module GEN2 on 1 at 94.0 uL/sec
Touching tip
Mixing 5 times with a volume of 50.0 ul
	Aspirating 50.0 uL from A2 of reagents on 4 at 276.0 uL/sec
	Dispensing 50.0 uL into A2 of reagents on 4 at 282.0 uL/sec
	Aspirating 50.0 uL from A2 of reagents on 4 at 276.0 uL/sec
	Dispensing 50.0 uL into A2 of reagents on 4 at 282.0 uL/sec
	Aspirating 50.0 uL from A2 of reagents on 4 at 276.0 uL/sec
	Dispensing 50.0 uL into A2 of reagents on 4 at 282.0 uL/sec
	Aspirating 50.0 uL from A2 of reagents on 4 at 276.0 uL/sec
	Dispensing 50.0 uL into A2 of reagents on 4 at 282.0 uL/sec
	Aspirating 50.0 uL from A2 of reagents on 4 at 276.0 uL/sec
	Dispensing 50.0 uL into A2 of reagents on 4 at 282.0 uL/sec
Aspirating 50.0 uL from A2 of reagents on 4 at 92.0 uL/sec
Dispensing 50.0 uL into A7 of NEST 96 Deep Well Plate 2mL on Magnetic Module GEN2 on 1 at 94.0 uL/sec
Touching tip
Mixing 5 times with a volume of 50.0 ul
	Aspirating 50.0 uL from A2 of reagents on 4 at 276.0 uL/sec
	Dispensing 50.0 uL into A2 of reagents on 4 at 282.0 uL/sec
	Aspirating 50.0 uL from A2 of reagents on 4 at 276.0 uL/sec
	Dispensing 50.0 uL into A2 of reagents on 4 at 282.0 uL/sec
	Aspirating 50.0 uL from A2 of reagents on 4 at 276.0 uL/sec
	Dispensing 50.0 uL into A2 of reagents on 4 at 282.0 uL/sec
	Aspirating 50.0 uL from A2 of reagents on 4 at 276.0 uL/sec
	Dispensing 50.0 uL into A2 of reagents on 4 at 282.0 uL/sec
	Aspirating 50.0 uL from A2 of reagents on 4 at 276.0 uL/sec
	Dispensing 50.0 uL into A2 of reagents on 4 at 282.0 uL/sec
Aspirating 50.0 uL from A2 of reagents on 4 at 92.0 uL/sec
Dispensing 50.0 uL into A8 of NEST 96 Deep Well Plate 2mL on Magnetic Module GEN2 on 1 at 94.0 uL/sec
Touching tip
Mixing 5 times with a volume of 50.0 ul
	Aspirating 50.0 uL from A2 of reagents on 4 at 276.0 uL/sec
	Dispensing 50.0 uL into A2 of reagents on 4 at 282.0 uL/sec
	Aspirating 50.0 uL from A2 of reagents on 4 at 276.0 uL/sec
	Dispensing 50.0 uL into A2 of reagents on 4 at 282.0 uL/sec
	Aspirating 50.0 uL from A2 of reagents on 4 at 276.0 uL/sec
	Dispensing 50.0 uL into A2 of reagents on 4 at 282.0 uL/sec
	Aspirating 50.0 uL from A2 of reagents on 4 at 276.0 uL/sec
	Dispensing 50.0 uL into A2 of reagents on 4 at 282.0 uL/sec
	Aspirating 50.0 uL from A2 of reagents on 4 at 276.0 uL/sec
	Dispensing 50.0 uL into A2 of reagents on 4 at 282.0 uL/sec
Aspirating 50.0 uL from A2 of reagents on 4 at 92.0 uL/sec
Dispensing 50.0 uL into A9 of NEST 96 Deep Well Plate 2mL on Magnetic Module GEN2 on 1 at 94.0 uL/sec
Touching tip
Mixing 5 times with a volume of 50.0 ul
	Aspirating 50.0 uL from A2 of reagents on 4 at 276.0 uL/sec
	Dispensing 50.0 uL into A2 of reagents on 4 at 282.0 uL/sec
	Aspirating 50.0 uL from A2 of reagents on 4 at 276.0 uL/sec
	Dispensing 50.0 uL into A2 of reagents on 4 at 282.0 uL/sec
	Aspirating 50.0 uL from A2 of reagents on 4 at 276.0 uL/sec
	Dispensing 50.0 uL into A2 of reagents on 4 at 282.0 uL/sec
	Aspirating 50.0 uL from A2 of reagents on 4 at 276.0 uL/sec
	Dispensing 50.0 uL into A2 of reagents on 4 at 282.0 uL/sec
	Aspirating 50.0 uL from A2 of reagents on 4 at 276.0 uL/sec
	Dispensing 50.0 uL into A2 of reagents on 4 at 282.0 uL/sec
Aspirating 50.0 uL from A2 of reagents on 4 at 92.0 uL/sec
Dispensing 50.0 uL into A10 of NEST 96 Deep Well Plate 2mL on Magnetic Module GEN2 on 1 at 94.0 uL/sec
Touching tip
Mixing 5 times with a volume of 50.0 ul
	Aspirating 50.0 uL from A2 of reagents on 4 at 276.0 uL/sec
	Dispensing 50.0 uL into A2 of reagents on 4 at 282.0 uL/sec
	Aspirating 50.0 uL from A2 of reagents on 4 at 276.0 uL/sec
	Dispensing 50.0 uL into A2 of reagents on 4 at 282.0 uL/sec
	Aspirating 50.0 uL from A2 of reagents on 4 at 276.0 uL/sec
	Dispensing 50.0 uL into A2 of reagents on 4 at 282.0 uL/sec
	Aspirating 50.0 uL from A2 of reagents on 4 at 276.0 uL/sec
	Dispensing 50.0 uL into A2 of reagents on 4 at 282.0 uL/sec
	Aspirating 50.0 uL from A2 of reagents on 4 at 276.0 uL/sec
	Dispensing 50.0 uL into A2 of reagents on 4 at 282.0 uL/sec
Aspirating 50.0 uL from A2 of reagents on 4 at 92.0 uL/sec
Dispensing 50.0 uL into A11 of NEST 96 Deep Well Plate 2mL on Magnetic Module GEN2 on 1 at 94.0 uL/sec
Touching tip
Mixing 5 times with a volume of 50.0 ul
	Aspirating 50.0 uL from A2 of reagents on 4 at 276.0 uL/sec
	Dispensing 50.0 uL into A2 of reagents on 4 at 282.0 uL/sec
	Aspirating 50.0 uL from A2 of reagents on 4 at 276.0 uL/sec
	Dispensing 50.0 uL into A2 of reagents on 4 at 282.0 uL/sec
	Aspirating 50.0 uL from A2 of reagents on 4 at 276.0 uL/sec
	Dispensing 50.0 uL into A2 of reagents on 4 at 282.0 uL/sec
	Aspirating 50.0 uL from A2 of reagents on 4 at 276.0 uL/sec
	Dispensing 50.0 uL into A2 of reagents on 4 at 282.0 uL/sec
	Aspirating 50.0 uL from A2 of reagents on 4 at 276.0 uL/sec
	Dispensing 50.0 uL into A2 of reagents on 4 at 282.0 uL/sec
Aspirating 50.0 uL from A2 of reagents on 4 at 92.0 uL/sec
Dispensing 50.0 uL into A12 of NEST 96 Deep Well Plate 2mL on Magnetic Module GEN2 on 1 at 94.0 uL/sec
Touching tip
Dropping tip into A1 of Opentrons Fixed Trash on 12



~~~~~~~~ADDING SAMPLE~~~~~~~~

Picking up tip from A4 of Opentrons OT-2 96 Tip Rack 300 µL on 7
Aspirating 200.0 uL from A1 of samples on 5 at 92.0 uL/sec
Dispensing 200.0 uL into A1 of NEST 96 Deep Well Plate 2mL on Magnetic Module GEN2 on 1 at 94.0 uL/sec
Mixing 10 times with a volume of 180.0 ul
	Aspirating 180.0 uL from A1 of NEST 96 Deep Well Plate 2mL on Magnetic Module GEN2 on 1 at 276.0 uL/sec
	Dispensing 180.0 uL into A1 of NEST 96 Deep Well Plate 2mL on Magnetic Module GEN2 on 1 at 282.0 uL/sec
	Aspirating 180.0 uL from A1 of NEST 96 Deep Well Plate 2mL on Magnetic Module GEN2 on 1 at 276.0 uL/sec
	Dispensing 180.0 uL into A1 of NEST 96 Deep Well Plate 2mL on Magnetic Module GEN2 on 1 at 282.0 uL/sec
	Aspirating 180.0 uL from A1 of NEST 96 Deep Well Plate 2mL on Magnetic Module GEN2 on 1 at 276.0 uL/sec
	Dispensing 180.0 uL into A1 of NEST 96 Deep Well Plate 2mL on Magnetic Module GEN2 on 1 at 282.0 uL/sec
	Aspirating 180.0 uL from A1 of NEST 96 Deep Well Plate 2mL on Magnetic Module GEN2 on 1 at 276.0 uL/sec
	Dispensing 180.0 uL into A1 of NEST 96 Deep Well Plate 2mL on Magnetic Module GEN2 on 1 at 282.0 uL/sec
	Aspirating 180.0 uL from A1 of NEST 96 Deep Well Plate 2mL on Magnetic Module GEN2 on 1 at 276.0 uL/sec
	Dispensing 180.0 uL into A1 of NEST 96 Deep Well Plate 2mL on Magnetic Module GEN2 on 1 at 282.0 uL/sec
	Aspirating 180.0 uL from A1 of NEST 96 Deep Well Plate 2mL on Magnetic Module GEN2 on 1 at 276.0 uL/sec
	Dispensing 180.0 uL into A1 of NEST 96 Deep Well Plate 2mL on Magnetic Module GEN2 on 1 at 282.0 uL/sec
	Aspirating 180.0 uL from A1 of NEST 96 Deep Well Plate 2mL on Magnetic Module GEN2 on 1 at 276.0 uL/sec
	Dispensing 180.0 uL into A1 of NEST 96 Deep Well Plate 2mL on Magnetic Module GEN2 on 1 at 282.0 uL/sec
	Aspirating 180.0 uL from A1 of NEST 96 Deep Well Plate 2mL on Magnetic Module GEN2 on 1 at 276.0 uL/sec
	Dispensing 180.0 uL into A1 of NEST 96 Deep Well Plate 2mL on Magnetic Module GEN2 on 1 at 282.0 uL/sec
	Aspirating 180.0 uL from A1 of NEST 96 Deep Well Plate 2mL on Magnetic Module GEN2 on 1 at 276.0 uL/sec
	Dispensing 180.0 uL into A1 of NEST 96 Deep Well Plate 2mL on Magnetic Module GEN2 on 1 at 282.0 uL/sec
	Aspirating 180.0 uL from A1 of NEST 96 Deep Well Plate 2mL on Magnetic Module GEN2 on 1 at 276.0 uL/sec
	Dispensing 180.0 uL into A1 of NEST 96 Deep Well Plate 2mL on Magnetic Module GEN2 on 1 at 282.0 uL/sec
Dropping tip into A1 of Opentrons Fixed Trash on 12
Picking up tip from A5 of Opentrons OT-2 96 Tip Rack 300 µL on 7
Aspirating 200.0 uL from A2 of samples on 5 at 92.0 uL/sec
Dispensing 200.0 uL into A2 of NEST 96 Deep Well Plate 2mL on Magnetic Module GEN2 on 1 at 94.0 uL/sec
Mixing 10 times with a volume of 180.0 ul
	Aspirating 180.0 uL from A2 of NEST 96 Deep Well Plate 2mL on Magnetic Module GEN2 on 1 at 276.0 uL/sec
	Dispensing 180.0 uL into A2 of NEST 96 Deep Well Plate 2mL on Magnetic Module GEN2 on 1 at 282.0 uL/sec
	Aspirating 180.0 uL from A2 of NEST 96 Deep Well Plate 2mL on Magnetic Module GEN2 on 1 at 276.0 uL/sec
	Dispensing 180.0 uL into A2 of NEST 96 Deep Well Plate 2mL on Magnetic Module GEN2 on 1 at 282.0 uL/sec
	Aspirating 180.0 uL from A2 of NEST 96 Deep Well Plate 2mL on Magnetic Module GEN2 on 1 at 276.0 uL/sec
	Dispensing 180.0 uL into A2 of NEST 96 Deep Well Plate 2mL on Magnetic Module GEN2 on 1 at 282.0 uL/sec
	Aspirating 180.0 uL from A2 of NEST 96 Deep Well Plate 2mL on Magnetic Module GEN2 on 1 at 276.0 uL/sec
	Dispensing 180.0 uL into A2 of NEST 96 Deep Well Plate 2mL on Magnetic Module GEN2 on 1 at 282.0 uL/sec
	Aspirating 180.0 uL from A2 of NEST 96 Deep Well Plate 2mL on Magnetic Module GEN2 on 1 at 276.0 uL/sec
	Dispensing 180.0 uL into A2 of NEST 96 Deep Well Plate 2mL on Magnetic Module GEN2 on 1 at 282.0 uL/sec
	Aspirating 180.0 uL from A2 of NEST 96 Deep Well Plate 2mL on Magnetic Module GEN2 on 1 at 276.0 uL/sec
	Dispensing 180.0 uL into A2 of NEST 96 Deep Well Plate 2mL on Magnetic Module GEN2 on 1 at 282.0 uL/sec
	Aspirating 180.0 uL from A2 of NEST 96 Deep Well Plate 2mL on Magnetic Module GEN2 on 1 at 276.0 uL/sec
	Dispensing 180.0 uL into A2 of NEST 96 Deep Well Plate 2mL on Magnetic Module GEN2 on 1 at 282.0 uL/sec
	Aspirating 180.0 uL from A2 of NEST 96 Deep Well Plate 2mL on Magnetic Module GEN2 on 1 at 276.0 uL/sec
	Dispensing 180.0 uL into A2 of NEST 96 Deep Well Plate 2mL on Magnetic Module GEN2 on 1 at 282.0 uL/sec
	Aspirating 180.0 uL from A2 of NEST 96 Deep Well Plate 2mL on Magnetic Module GEN2 on 1 at 276.0 uL/sec
	Dispensing 180.0 uL into A2 of NEST 96 Deep Well Plate 2mL on Magnetic Module GEN2 on 1 at 282.0 uL/sec
	Aspirating 180.0 uL from A2 of NEST 96 Deep Well Plate 2mL on Magnetic Module GEN2 on 1 at 276.0 uL/sec
	Dispensing 180.0 uL into A2 of NEST 96 Deep Well Plate 2mL on Magnetic Module GEN2 on 1 at 282.0 uL/sec
Dropping tip into A1 of Opentrons Fixed Trash on 12
Picking up tip from A6 of Opentrons OT-2 96 Tip Rack 300 µL on 7
Aspirating 200.0 uL from A3 of samples on 5 at 92.0 uL/sec
Dispensing 200.0 uL into A3 of NEST 96 Deep Well Plate 2mL on Magnetic Module GEN2 on 1 at 94.0 uL/sec
Mixing 10 times with a volume of 180.0 ul
	Aspirating 180.0 uL from A3 of NEST 96 Deep Well Plate 2mL on Magnetic Module GEN2 on 1 at 276.0 uL/sec
	Dispensing 180.0 uL into A3 of NEST 96 Deep Well Plate 2mL on Magnetic Module GEN2 on 1 at 282.0 uL/sec
	Aspirating 180.0 uL from A3 of NEST 96 Deep Well Plate 2mL on Magnetic Module GEN2 on 1 at 276.0 uL/sec
	Dispensing 180.0 uL into A3 of NEST 96 Deep Well Plate 2mL on Magnetic Module GEN2 on 1 at 282.0 uL/sec
	Aspirating 180.0 uL from A3 of NEST 96 Deep Well Plate 2mL on Magnetic Module GEN2 on 1 at 276.0 uL/sec
	Dispensing 180.0 uL into A3 of NEST 96 Deep Well Plate 2mL on Magnetic Module GEN2 on 1 at 282.0 uL/sec
	Aspirating 180.0 uL from A3 of NEST 96 Deep Well Plate 2mL on Magnetic Module GEN2 on 1 at 276.0 uL/sec
	Dispensing 180.0 uL into A3 of NEST 96 Deep Well Plate 2mL on Magnetic Module GEN2 on 1 at 282.0 uL/sec
	Aspirating 180.0 uL from A3 of NEST 96 Deep Well Plate 2mL on Magnetic Module GEN2 on 1 at 276.0 uL/sec
	Dispensing 180.0 uL into A3 of NEST 96 Deep Well Plate 2mL on Magnetic Module GEN2 on 1 at 282.0 uL/sec
	Aspirating 180.0 uL from A3 of NEST 96 Deep Well Plate 2mL on Magnetic Module GEN2 on 1 at 276.0 uL/sec
	Dispensing 180.0 uL into A3 of NEST 96 Deep Well Plate 2mL on Magnetic Module GEN2 on 1 at 282.0 uL/sec
	Aspirating 180.0 uL from A3 of NEST 96 Deep Well Plate 2mL on Magnetic Module GEN2 on 1 at 276.0 uL/sec
	Dispensing 180.0 uL into A3 of NEST 96 Deep Well Plate 2mL on Magnetic Module GEN2 on 1 at 282.0 uL/sec
	Aspirating 180.0 uL from A3 of NEST 96 Deep Well Plate 2mL on Magnetic Module GEN2 on 1 at 276.0 uL/sec
	Dispensing 180.0 uL into A3 of NEST 96 Deep Well Plate 2mL on Magnetic Module GEN2 on 1 at 282.0 uL/sec
	Aspirating 180.0 uL from A3 of NEST 96 Deep Well Plate 2mL on Magnetic Module GEN2 on 1 at 276.0 uL/sec
	Dispensing 180.0 uL into A3 of NEST 96 Deep Well Plate 2mL on Magnetic Module GEN2 on 1 at 282.0 uL/sec
	Aspirating 180.0 uL from A3 of NEST 96 Deep Well Plate 2mL on Magnetic Module GEN2 on 1 at 276.0 uL/sec
	Dispensing 180.0 uL into A3 of NEST 96 Deep Well Plate 2mL on Magnetic Module GEN2 on 1 at 282.0 uL/sec
Dropping tip into A1 of Opentrons Fixed Trash on 12
Picking up tip from A7 of Opentrons OT-2 96 Tip Rack 300 µL on 7
Aspirating 200.0 uL from A4 of samples on 5 at 92.0 uL/sec
Dispensing 200.0 uL into A4 of NEST 96 Deep Well Plate 2mL on Magnetic Module GEN2 on 1 at 94.0 uL/sec
Mixing 10 times with a volume of 180.0 ul
	Aspirating 180.0 uL from A4 of NEST 96 Deep Well Plate 2mL on Magnetic Module GEN2 on 1 at 276.0 uL/sec
	Dispensing 180.0 uL into A4 of NEST 96 Deep Well Plate 2mL on Magnetic Module GEN2 on 1 at 282.0 uL/sec
	Aspirating 180.0 uL from A4 of NEST 96 Deep Well Plate 2mL on Magnetic Module GEN2 on 1 at 276.0 uL/sec
	Dispensing 180.0 uL into A4 of NEST 96 Deep Well Plate 2mL on Magnetic Module GEN2 on 1 at 282.0 uL/sec
	Aspirating 180.0 uL from A4 of NEST 96 Deep Well Plate 2mL on Magnetic Module GEN2 on 1 at 276.0 uL/sec
	Dispensing 180.0 uL into A4 of NEST 96 Deep Well Plate 2mL on Magnetic Module GEN2 on 1 at 282.0 uL/sec
	Aspirating 180.0 uL from A4 of NEST 96 Deep Well Plate 2mL on Magnetic Module GEN2 on 1 at 276.0 uL/sec
	Dispensing 180.0 uL into A4 of NEST 96 Deep Well Plate 2mL on Magnetic Module GEN2 on 1 at 282.0 uL/sec
	Aspirating 180.0 uL from A4 of NEST 96 Deep Well Plate 2mL on Magnetic Module GEN2 on 1 at 276.0 uL/sec
	Dispensing 180.0 uL into A4 of NEST 96 Deep Well Plate 2mL on Magnetic Module GEN2 on 1 at 282.0 uL/sec
	Aspirating 180.0 uL from A4 of NEST 96 Deep Well Plate 2mL on Magnetic Module GEN2 on 1 at 276.0 uL/sec
	Dispensing 180.0 uL into A4 of NEST 96 Deep Well Plate 2mL on Magnetic Module GEN2 on 1 at 282.0 uL/sec
	Aspirating 180.0 uL from A4 of NEST 96 Deep Well Plate 2mL on Magnetic Module GEN2 on 1 at 276.0 uL/sec
	Dispensing 180.0 uL into A4 of NEST 96 Deep Well Plate 2mL on Magnetic Module GEN2 on 1 at 282.0 uL/sec
	Aspirating 180.0 uL from A4 of NEST 96 Deep Well Plate 2mL on Magnetic Module GEN2 on 1 at 276.0 uL/sec
	Dispensing 180.0 uL into A4 of NEST 96 Deep Well Plate 2mL on Magnetic Module GEN2 on 1 at 282.0 uL/sec
	Aspirating 180.0 uL from A4 of NEST 96 Deep Well Plate 2mL on Magnetic Module GEN2 on 1 at 276.0 uL/sec
	Dispensing 180.0 uL into A4 of NEST 96 Deep Well Plate 2mL on Magnetic Module GEN2 on 1 at 282.0 uL/sec
	Aspirating 180.0 uL from A4 of NEST 96 Deep Well Plate 2mL on Magnetic Module GEN2 on 1 at 276.0 uL/sec
	Dispensing 180.0 uL into A4 of NEST 96 Deep Well Plate 2mL on Magnetic Module GEN2 on 1 at 282.0 uL/sec
Dropping tip into A1 of Opentrons Fixed Trash on 12
Picking up tip from A8 of Opentrons OT-2 96 Tip Rack 300 µL on 7
Aspirating 200.0 uL from A5 of samples on 5 at 92.0 uL/sec
Dispensing 200.0 uL into A5 of NEST 96 Deep Well Plate 2mL on Magnetic Module GEN2 on 1 at 94.0 uL/sec
Mixing 10 times with a volume of 180.0 ul
	Aspirating 180.0 uL from A5 of NEST 96 Deep Well Plate 2mL on Magnetic Module GEN2 on 1 at 276.0 uL/sec
	Dispensing 180.0 uL into A5 of NEST 96 Deep Well Plate 2mL on Magnetic Module GEN2 on 1 at 282.0 uL/sec
	Aspirating 180.0 uL from A5 of NEST 96 Deep Well Plate 2mL on Magnetic Module GEN2 on 1 at 276.0 uL/sec
	Dispensing 180.0 uL into A5 of NEST 96 Deep Well Plate 2mL on Magnetic Module GEN2 on 1 at 282.0 uL/sec
	Aspirating 180.0 uL from A5 of NEST 96 Deep Well Plate 2mL on Magnetic Module GEN2 on 1 at 276.0 uL/sec
	Dispensing 180.0 uL into A5 of NEST 96 Deep Well Plate 2mL on Magnetic Module GEN2 on 1 at 282.0 uL/sec
	Aspirating 180.0 uL from A5 of NEST 96 Deep Well Plate 2mL on Magnetic Module GEN2 on 1 at 276.0 uL/sec
	Dispensing 180.0 uL into A5 of NEST 96 Deep Well Plate 2mL on Magnetic Module GEN2 on 1 at 282.0 uL/sec
	Aspirating 180.0 uL from A5 of NEST 96 Deep Well Plate 2mL on Magnetic Module GEN2 on 1 at 276.0 uL/sec
	Dispensing 180.0 uL into A5 of NEST 96 Deep Well Plate 2mL on Magnetic Module GEN2 on 1 at 282.0 uL/sec
	Aspirating 180.0 uL from A5 of NEST 96 Deep Well Plate 2mL on Magnetic Module GEN2 on 1 at 276.0 uL/sec
	Dispensing 180.0 uL into A5 of NEST 96 Deep Well Plate 2mL on Magnetic Module GEN2 on 1 at 282.0 uL/sec
	Aspirating 180.0 uL from A5 of NEST 96 Deep Well Plate 2mL on Magnetic Module GEN2 on 1 at 276.0 uL/sec
	Dispensing 180.0 uL into A5 of NEST 96 Deep Well Plate 2mL on Magnetic Module GEN2 on 1 at 282.0 uL/sec
	Aspirating 180.0 uL from A5 of NEST 96 Deep Well Plate 2mL on Magnetic Module GEN2 on 1 at 276.0 uL/sec
	Dispensing 180.0 uL into A5 of NEST 96 Deep Well Plate 2mL on Magnetic Module GEN2 on 1 at 282.0 uL/sec
	Aspirating 180.0 uL from A5 of NEST 96 Deep Well Plate 2mL on Magnetic Module GEN2 on 1 at 276.0 uL/sec
	Dispensing 180.0 uL into A5 of NEST 96 Deep Well Plate 2mL on Magnetic Module GEN2 on 1 at 282.0 uL/sec
	Aspirating 180.0 uL from A5 of NEST 96 Deep Well Plate 2mL on Magnetic Module GEN2 on 1 at 276.0 uL/sec
	Dispensing 180.0 uL into A5 of NEST 96 Deep Well Plate 2mL on Magnetic Module GEN2 on 1 at 282.0 uL/sec
Dropping tip into A1 of Opentrons Fixed Trash on 12
Picking up tip from A9 of Opentrons OT-2 96 Tip Rack 300 µL on 7
Aspirating 200.0 uL from A6 of samples on 5 at 92.0 uL/sec
Dispensing 200.0 uL into A6 of NEST 96 Deep Well Plate 2mL on Magnetic Module GEN2 on 1 at 94.0 uL/sec
Mixing 10 times with a volume of 180.0 ul
	Aspirating 180.0 uL from A6 of NEST 96 Deep Well Plate 2mL on Magnetic Module GEN2 on 1 at 276.0 uL/sec
	Dispensing 180.0 uL into A6 of NEST 96 Deep Well Plate 2mL on Magnetic Module GEN2 on 1 at 282.0 uL/sec
	Aspirating 180.0 uL from A6 of NEST 96 Deep Well Plate 2mL on Magnetic Module GEN2 on 1 at 276.0 uL/sec
	Dispensing 180.0 uL into A6 of NEST 96 Deep Well Plate 2mL on Magnetic Module GEN2 on 1 at 282.0 uL/sec
	Aspirating 180.0 uL from A6 of NEST 96 Deep Well Plate 2mL on Magnetic Module GEN2 on 1 at 276.0 uL/sec
	Dispensing 180.0 uL into A6 of NEST 96 Deep Well Plate 2mL on Magnetic Module GEN2 on 1 at 282.0 uL/sec
	Aspirating 180.0 uL from A6 of NEST 96 Deep Well Plate 2mL on Magnetic Module GEN2 on 1 at 276.0 uL/sec
	Dispensing 180.0 uL into A6 of NEST 96 Deep Well Plate 2mL on Magnetic Module GEN2 on 1 at 282.0 uL/sec
	Aspirating 180.0 uL from A6 of NEST 96 Deep Well Plate 2mL on Magnetic Module GEN2 on 1 at 276.0 uL/sec
	Dispensing 180.0 uL into A6 of NEST 96 Deep Well Plate 2mL on Magnetic Module GEN2 on 1 at 282.0 uL/sec
	Aspirating 180.0 uL from A6 of NEST 96 Deep Well Plate 2mL on Magnetic Module GEN2 on 1 at 276.0 uL/sec
	Dispensing 180.0 uL into A6 of NEST 96 Deep Well Plate 2mL on Magnetic Module GEN2 on 1 at 282.0 uL/sec
	Aspirating 180.0 uL from A6 of NEST 96 Deep Well Plate 2mL on Magnetic Module GEN2 on 1 at 276.0 uL/sec
	Dispensing 180.0 uL into A6 of NEST 96 Deep Well Plate 2mL on Magnetic Module GEN2 on 1 at 282.0 uL/sec
	Aspirating 180.0 uL from A6 of NEST 96 Deep Well Plate 2mL on Magnetic Module GEN2 on 1 at 276.0 uL/sec
	Dispensing 180.0 uL into A6 of NEST 96 Deep Well Plate 2mL on Magnetic Module GEN2 on 1 at 282.0 uL/sec
	Aspirating 180.0 uL from A6 of NEST 96 Deep Well Plate 2mL on Magnetic Module GEN2 on 1 at 276.0 uL/sec
	Dispensing 180.0 uL into A6 of NEST 96 Deep Well Plate 2mL on Magnetic Module GEN2 on 1 at 282.0 uL/sec
	Aspirating 180.0 uL from A6 of NEST 96 Deep Well Plate 2mL on Magnetic Module GEN2 on 1 at 276.0 uL/sec
	Dispensing 180.0 uL into A6 of NEST 96 Deep Well Plate 2mL on Magnetic Module GEN2 on 1 at 282.0 uL/sec
Dropping tip into A1 of Opentrons Fixed Trash on 12
Picking up tip from A10 of Opentrons OT-2 96 Tip Rack 300 µL on 7
Aspirating 200.0 uL from A7 of samples on 5 at 92.0 uL/sec
Dispensing 200.0 uL into A7 of NEST 96 Deep Well Plate 2mL on Magnetic Module GEN2 on 1 at 94.0 uL/sec
Mixing 10 times with a volume of 180.0 ul
	Aspirating 180.0 uL from A7 of NEST 96 Deep Well Plate 2mL on Magnetic Module GEN2 on 1 at 276.0 uL/sec
	Dispensing 180.0 uL into A7 of NEST 96 Deep Well Plate 2mL on Magnetic Module GEN2 on 1 at 282.0 uL/sec
	Aspirating 180.0 uL from A7 of NEST 96 Deep Well Plate 2mL on Magnetic Module GEN2 on 1 at 276.0 uL/sec
	Dispensing 180.0 uL into A7 of NEST 96 Deep Well Plate 2mL on Magnetic Module GEN2 on 1 at 282.0 uL/sec
	Aspirating 180.0 uL from A7 of NEST 96 Deep Well Plate 2mL on Magnetic Module GEN2 on 1 at 276.0 uL/sec
	Dispensing 180.0 uL into A7 of NEST 96 Deep Well Plate 2mL on Magnetic Module GEN2 on 1 at 282.0 uL/sec
	Aspirating 180.0 uL from A7 of NEST 96 Deep Well Plate 2mL on Magnetic Module GEN2 on 1 at 276.0 uL/sec
	Dispensing 180.0 uL into A7 of NEST 96 Deep Well Plate 2mL on Magnetic Module GEN2 on 1 at 282.0 uL/sec
	Aspirating 180.0 uL from A7 of NEST 96 Deep Well Plate 2mL on Magnetic Module GEN2 on 1 at 276.0 uL/sec
	Dispensing 180.0 uL into A7 of NEST 96 Deep Well Plate 2mL on Magnetic Module GEN2 on 1 at 282.0 uL/sec
	Aspirating 180.0 uL from A7 of NEST 96 Deep Well Plate 2mL on Magnetic Module GEN2 on 1 at 276.0 uL/sec
	Dispensing 180.0 uL into A7 of NEST 96 Deep Well Plate 2mL on Magnetic Module GEN2 on 1 at 282.0 uL/sec
	Aspirating 180.0 uL from A7 of NEST 96 Deep Well Plate 2mL on Magnetic Module GEN2 on 1 at 276.0 uL/sec
	Dispensing 180.0 uL into A7 of NEST 96 Deep Well Plate 2mL on Magnetic Module GEN2 on 1 at 282.0 uL/sec
	Aspirating 180.0 uL from A7 of NEST 96 Deep Well Plate 2mL on Magnetic Module GEN2 on 1 at 276.0 uL/sec
	Dispensing 180.0 uL into A7 of NEST 96 Deep Well Plate 2mL on Magnetic Module GEN2 on 1 at 282.0 uL/sec
	Aspirating 180.0 uL from A7 of NEST 96 Deep Well Plate 2mL on Magnetic Module GEN2 on 1 at 276.0 uL/sec
	Dispensing 180.0 uL into A7 of NEST 96 Deep Well Plate 2mL on Magnetic Module GEN2 on 1 at 282.0 uL/sec
	Aspirating 180.0 uL from A7 of NEST 96 Deep Well Plate 2mL on Magnetic Module GEN2 on 1 at 276.0 uL/sec
	Dispensing 180.0 uL into A7 of NEST 96 Deep Well Plate 2mL on Magnetic Module GEN2 on 1 at 282.0 uL/sec
Dropping tip into A1 of Opentrons Fixed Trash on 12
Picking up tip from A11 of Opentrons OT-2 96 Tip Rack 300 µL on 7
Aspirating 200.0 uL from A8 of samples on 5 at 92.0 uL/sec
Dispensing 200.0 uL into A8 of NEST 96 Deep Well Plate 2mL on Magnetic Module GEN2 on 1 at 94.0 uL/sec
Mixing 10 times with a volume of 180.0 ul
	Aspirating 180.0 uL from A8 of NEST 96 Deep Well Plate 2mL on Magnetic Module GEN2 on 1 at 276.0 uL/sec
	Dispensing 180.0 uL into A8 of NEST 96 Deep Well Plate 2mL on Magnetic Module GEN2 on 1 at 282.0 uL/sec
	Aspirating 180.0 uL from A8 of NEST 96 Deep Well Plate 2mL on Magnetic Module GEN2 on 1 at 276.0 uL/sec
	Dispensing 180.0 uL into A8 of NEST 96 Deep Well Plate 2mL on Magnetic Module GEN2 on 1 at 282.0 uL/sec
	Aspirating 180.0 uL from A8 of NEST 96 Deep Well Plate 2mL on Magnetic Module GEN2 on 1 at 276.0 uL/sec
	Dispensing 180.0 uL into A8 of NEST 96 Deep Well Plate 2mL on Magnetic Module GEN2 on 1 at 282.0 uL/sec
	Aspirating 180.0 uL from A8 of NEST 96 Deep Well Plate 2mL on Magnetic Module GEN2 on 1 at 276.0 uL/sec
	Dispensing 180.0 uL into A8 of NEST 96 Deep Well Plate 2mL on Magnetic Module GEN2 on 1 at 282.0 uL/sec
	Aspirating 180.0 uL from A8 of NEST 96 Deep Well Plate 2mL on Magnetic Module GEN2 on 1 at 276.0 uL/sec
	Dispensing 180.0 uL into A8 of NEST 96 Deep Well Plate 2mL on Magnetic Module GEN2 on 1 at 282.0 uL/sec
	Aspirating 180.0 uL from A8 of NEST 96 Deep Well Plate 2mL on Magnetic Module GEN2 on 1 at 276.0 uL/sec
	Dispensing 180.0 uL into A8 of NEST 96 Deep Well Plate 2mL on Magnetic Module GEN2 on 1 at 282.0 uL/sec
	Aspirating 180.0 uL from A8 of NEST 96 Deep Well Plate 2mL on Magnetic Module GEN2 on 1 at 276.0 uL/sec
	Dispensing 180.0 uL into A8 of NEST 96 Deep Well Plate 2mL on Magnetic Module GEN2 on 1 at 282.0 uL/sec
	Aspirating 180.0 uL from A8 of NEST 96 Deep Well Plate 2mL on Magnetic Module GEN2 on 1 at 276.0 uL/sec
	Dispensing 180.0 uL into A8 of NEST 96 Deep Well Plate 2mL on Magnetic Module GEN2 on 1 at 282.0 uL/sec
	Aspirating 180.0 uL from A8 of NEST 96 Deep Well Plate 2mL on Magnetic Module GEN2 on 1 at 276.0 uL/sec
	Dispensing 180.0 uL into A8 of NEST 96 Deep Well Plate 2mL on Magnetic Module GEN2 on 1 at 282.0 uL/sec
	Aspirating 180.0 uL from A8 of NEST 96 Deep Well Plate 2mL on Magnetic Module GEN2 on 1 at 276.0 uL/sec
	Dispensing 180.0 uL into A8 of NEST 96 Deep Well Plate 2mL on Magnetic Module GEN2 on 1 at 282.0 uL/sec
Dropping tip into A1 of Opentrons Fixed Trash on 12
Picking up tip from A12 of Opentrons OT-2 96 Tip Rack 300 µL on 7
Aspirating 200.0 uL from A9 of samples on 5 at 92.0 uL/sec
Dispensing 200.0 uL into A9 of NEST 96 Deep Well Plate 2mL on Magnetic Module GEN2 on 1 at 94.0 uL/sec
Mixing 10 times with a volume of 180.0 ul
	Aspirating 180.0 uL from A9 of NEST 96 Deep Well Plate 2mL on Magnetic Module GEN2 on 1 at 276.0 uL/sec
	Dispensing 180.0 uL into A9 of NEST 96 Deep Well Plate 2mL on Magnetic Module GEN2 on 1 at 282.0 uL/sec
	Aspirating 180.0 uL from A9 of NEST 96 Deep Well Plate 2mL on Magnetic Module GEN2 on 1 at 276.0 uL/sec
	Dispensing 180.0 uL into A9 of NEST 96 Deep Well Plate 2mL on Magnetic Module GEN2 on 1 at 282.0 uL/sec
	Aspirating 180.0 uL from A9 of NEST 96 Deep Well Plate 2mL on Magnetic Module GEN2 on 1 at 276.0 uL/sec
	Dispensing 180.0 uL into A9 of NEST 96 Deep Well Plate 2mL on Magnetic Module GEN2 on 1 at 282.0 uL/sec
	Aspirating 180.0 uL from A9 of NEST 96 Deep Well Plate 2mL on Magnetic Module GEN2 on 1 at 276.0 uL/sec
	Dispensing 180.0 uL into A9 of NEST 96 Deep Well Plate 2mL on Magnetic Module GEN2 on 1 at 282.0 uL/sec
	Aspirating 180.0 uL from A9 of NEST 96 Deep Well Plate 2mL on Magnetic Module GEN2 on 1 at 276.0 uL/sec
	Dispensing 180.0 uL into A9 of NEST 96 Deep Well Plate 2mL on Magnetic Module GEN2 on 1 at 282.0 uL/sec
	Aspirating 180.0 uL from A9 of NEST 96 Deep Well Plate 2mL on Magnetic Module GEN2 on 1 at 276.0 uL/sec
	Dispensing 180.0 uL into A9 of NEST 96 Deep Well Plate 2mL on Magnetic Module GEN2 on 1 at 282.0 uL/sec
	Aspirating 180.0 uL from A9 of NEST 96 Deep Well Plate 2mL on Magnetic Module GEN2 on 1 at 276.0 uL/sec
	Dispensing 180.0 uL into A9 of NEST 96 Deep Well Plate 2mL on Magnetic Module GEN2 on 1 at 282.0 uL/sec
	Aspirating 180.0 uL from A9 of NEST 96 Deep Well Plate 2mL on Magnetic Module GEN2 on 1 at 276.0 uL/sec
	Dispensing 180.0 uL into A9 of NEST 96 Deep Well Plate 2mL on Magnetic Module GEN2 on 1 at 282.0 uL/sec
	Aspirating 180.0 uL from A9 of NEST 96 Deep Well Plate 2mL on Magnetic Module GEN2 on 1 at 276.0 uL/sec
	Dispensing 180.0 uL into A9 of NEST 96 Deep Well Plate 2mL on Magnetic Module GEN2 on 1 at 282.0 uL/sec
	Aspirating 180.0 uL from A9 of NEST 96 Deep Well Plate 2mL on Magnetic Module GEN2 on 1 at 276.0 uL/sec
	Dispensing 180.0 uL into A9 of NEST 96 Deep Well Plate 2mL on Magnetic Module GEN2 on 1 at 282.0 uL/sec
Dropping tip into A1 of Opentrons Fixed Trash on 12
Picking up tip from A1 of Opentrons OT-2 96 Tip Rack 300 µL on 8
Aspirating 200.0 uL from A10 of samples on 5 at 92.0 uL/sec
Dispensing 200.0 uL into A10 of NEST 96 Deep Well Plate 2mL on Magnetic Module GEN2 on 1 at 94.0 uL/sec
Mixing 10 times with a volume of 180.0 ul
	Aspirating 180.0 uL from A10 of NEST 96 Deep Well Plate 2mL on Magnetic Module GEN2 on 1 at 276.0 uL/sec
	Dispensing 180.0 uL into A10 of NEST 96 Deep Well Plate 2mL on Magnetic Module GEN2 on 1 at 282.0 uL/sec
	Aspirating 180.0 uL from A10 of NEST 96 Deep Well Plate 2mL on Magnetic Module GEN2 on 1 at 276.0 uL/sec
	Dispensing 180.0 uL into A10 of NEST 96 Deep Well Plate 2mL on Magnetic Module GEN2 on 1 at 282.0 uL/sec
	Aspirating 180.0 uL from A10 of NEST 96 Deep Well Plate 2mL on Magnetic Module GEN2 on 1 at 276.0 uL/sec
	Dispensing 180.0 uL into A10 of NEST 96 Deep Well Plate 2mL on Magnetic Module GEN2 on 1 at 282.0 uL/sec
	Aspirating 180.0 uL from A10 of NEST 96 Deep Well Plate 2mL on Magnetic Module GEN2 on 1 at 276.0 uL/sec
	Dispensing 180.0 uL into A10 of NEST 96 Deep Well Plate 2mL on Magnetic Module GEN2 on 1 at 282.0 uL/sec
	Aspirating 180.0 uL from A10 of NEST 96 Deep Well Plate 2mL on Magnetic Module GEN2 on 1 at 276.0 uL/sec
	Dispensing 180.0 uL into A10 of NEST 96 Deep Well Plate 2mL on Magnetic Module GEN2 on 1 at 282.0 uL/sec
	Aspirating 180.0 uL from A10 of NEST 96 Deep Well Plate 2mL on Magnetic Module GEN2 on 1 at 276.0 uL/sec
	Dispensing 180.0 uL into A10 of NEST 96 Deep Well Plate 2mL on Magnetic Module GEN2 on 1 at 282.0 uL/sec
	Aspirating 180.0 uL from A10 of NEST 96 Deep Well Plate 2mL on Magnetic Module GEN2 on 1 at 276.0 uL/sec
	Dispensing 180.0 uL into A10 of NEST 96 Deep Well Plate 2mL on Magnetic Module GEN2 on 1 at 282.0 uL/sec
	Aspirating 180.0 uL from A10 of NEST 96 Deep Well Plate 2mL on Magnetic Module GEN2 on 1 at 276.0 uL/sec
	Dispensing 180.0 uL into A10 of NEST 96 Deep Well Plate 2mL on Magnetic Module GEN2 on 1 at 282.0 uL/sec
	Aspirating 180.0 uL from A10 of NEST 96 Deep Well Plate 2mL on Magnetic Module GEN2 on 1 at 276.0 uL/sec
	Dispensing 180.0 uL into A10 of NEST 96 Deep Well Plate 2mL on Magnetic Module GEN2 on 1 at 282.0 uL/sec
	Aspirating 180.0 uL from A10 of NEST 96 Deep Well Plate 2mL on Magnetic Module GEN2 on 1 at 276.0 uL/sec
	Dispensing 180.0 uL into A10 of NEST 96 Deep Well Plate 2mL on Magnetic Module GEN2 on 1 at 282.0 uL/sec
Dropping tip into A1 of Opentrons Fixed Trash on 12
Picking up tip from A2 of Opentrons OT-2 96 Tip Rack 300 µL on 8
Aspirating 200.0 uL from A11 of samples on 5 at 92.0 uL/sec
Dispensing 200.0 uL into A11 of NEST 96 Deep Well Plate 2mL on Magnetic Module GEN2 on 1 at 94.0 uL/sec
Mixing 10 times with a volume of 180.0 ul
	Aspirating 180.0 uL from A11 of NEST 96 Deep Well Plate 2mL on Magnetic Module GEN2 on 1 at 276.0 uL/sec
	Dispensing 180.0 uL into A11 of NEST 96 Deep Well Plate 2mL on Magnetic Module GEN2 on 1 at 282.0 uL/sec
	Aspirating 180.0 uL from A11 of NEST 96 Deep Well Plate 2mL on Magnetic Module GEN2 on 1 at 276.0 uL/sec
	Dispensing 180.0 uL into A11 of NEST 96 Deep Well Plate 2mL on Magnetic Module GEN2 on 1 at 282.0 uL/sec
	Aspirating 180.0 uL from A11 of NEST 96 Deep Well Plate 2mL on Magnetic Module GEN2 on 1 at 276.0 uL/sec
	Dispensing 180.0 uL into A11 of NEST 96 Deep Well Plate 2mL on Magnetic Module GEN2 on 1 at 282.0 uL/sec
	Aspirating 180.0 uL from A11 of NEST 96 Deep Well Plate 2mL on Magnetic Module GEN2 on 1 at 276.0 uL/sec
	Dispensing 180.0 uL into A11 of NEST 96 Deep Well Plate 2mL on Magnetic Module GEN2 on 1 at 282.0 uL/sec
	Aspirating 180.0 uL from A11 of NEST 96 Deep Well Plate 2mL on Magnetic Module GEN2 on 1 at 276.0 uL/sec
	Dispensing 180.0 uL into A11 of NEST 96 Deep Well Plate 2mL on Magnetic Module GEN2 on 1 at 282.0 uL/sec
	Aspirating 180.0 uL from A11 of NEST 96 Deep Well Plate 2mL on Magnetic Module GEN2 on 1 at 276.0 uL/sec
	Dispensing 180.0 uL into A11 of NEST 96 Deep Well Plate 2mL on Magnetic Module GEN2 on 1 at 282.0 uL/sec
	Aspirating 180.0 uL from A11 of NEST 96 Deep Well Plate 2mL on Magnetic Module GEN2 on 1 at 276.0 uL/sec
	Dispensing 180.0 uL into A11 of NEST 96 Deep Well Plate 2mL on Magnetic Module GEN2 on 1 at 282.0 uL/sec
	Aspirating 180.0 uL from A11 of NEST 96 Deep Well Plate 2mL on Magnetic Module GEN2 on 1 at 276.0 uL/sec
	Dispensing 180.0 uL into A11 of NEST 96 Deep Well Plate 2mL on Magnetic Module GEN2 on 1 at 282.0 uL/sec
	Aspirating 180.0 uL from A11 of NEST 96 Deep Well Plate 2mL on Magnetic Module GEN2 on 1 at 276.0 uL/sec
	Dispensing 180.0 uL into A11 of NEST 96 Deep Well Plate 2mL on Magnetic Module GEN2 on 1 at 282.0 uL/sec
	Aspirating 180.0 uL from A11 of NEST 96 Deep Well Plate 2mL on Magnetic Module GEN2 on 1 at 276.0 uL/sec
	Dispensing 180.0 uL into A11 of NEST 96 Deep Well Plate 2mL on Magnetic Module GEN2 on 1 at 282.0 uL/sec
Dropping tip into A1 of Opentrons Fixed Trash on 12
Picking up tip from A3 of Opentrons OT-2 96 Tip Rack 300 µL on 8
Aspirating 200.0 uL from A12 of samples on 5 at 92.0 uL/sec
Dispensing 200.0 uL into A12 of NEST 96 Deep Well Plate 2mL on Magnetic Module GEN2 on 1 at 94.0 uL/sec
Mixing 10 times with a volume of 180.0 ul
	Aspirating 180.0 uL from A12 of NEST 96 Deep Well Plate 2mL on Magnetic Module GEN2 on 1 at 276.0 uL/sec
	Dispensing 180.0 uL into A12 of NEST 96 Deep Well Plate 2mL on Magnetic Module GEN2 on 1 at 282.0 uL/sec
	Aspirating 180.0 uL from A12 of NEST 96 Deep Well Plate 2mL on Magnetic Module GEN2 on 1 at 276.0 uL/sec
	Dispensing 180.0 uL into A12 of NEST 96 Deep Well Plate 2mL on Magnetic Module GEN2 on 1 at 282.0 uL/sec
	Aspirating 180.0 uL from A12 of NEST 96 Deep Well Plate 2mL on Magnetic Module GEN2 on 1 at 276.0 uL/sec
	Dispensing 180.0 uL into A12 of NEST 96 Deep Well Plate 2mL on Magnetic Module GEN2 on 1 at 282.0 uL/sec
	Aspirating 180.0 uL from A12 of NEST 96 Deep Well Plate 2mL on Magnetic Module GEN2 on 1 at 276.0 uL/sec
	Dispensing 180.0 uL into A12 of NEST 96 Deep Well Plate 2mL on Magnetic Module GEN2 on 1 at 282.0 uL/sec
	Aspirating 180.0 uL from A12 of NEST 96 Deep Well Plate 2mL on Magnetic Module GEN2 on 1 at 276.0 uL/sec
	Dispensing 180.0 uL into A12 of NEST 96 Deep Well Plate 2mL on Magnetic Module GEN2 on 1 at 282.0 uL/sec
	Aspirating 180.0 uL from A12 of NEST 96 Deep Well Plate 2mL on Magnetic Module GEN2 on 1 at 276.0 uL/sec
	Dispensing 180.0 uL into A12 of NEST 96 Deep Well Plate 2mL on Magnetic Module GEN2 on 1 at 282.0 uL/sec
	Aspirating 180.0 uL from A12 of NEST 96 Deep Well Plate 2mL on Magnetic Module GEN2 on 1 at 276.0 uL/sec
	Dispensing 180.0 uL into A12 of NEST 96 Deep Well Plate 2mL on Magnetic Module GEN2 on 1 at 282.0 uL/sec
	Aspirating 180.0 uL from A12 of NEST 96 Deep Well Plate 2mL on Magnetic Module GEN2 on 1 at 276.0 uL/sec
	Dispensing 180.0 uL into A12 of NEST 96 Deep Well Plate 2mL on Magnetic Module GEN2 on 1 at 282.0 uL/sec
	Aspirating 180.0 uL from A12 of NEST 96 Deep Well Plate 2mL on Magnetic Module GEN2 on 1 at 276.0 uL/sec
	Dispensing 180.0 uL into A12 of NEST 96 Deep Well Plate 2mL on Magnetic Module GEN2 on 1 at 282.0 uL/sec
	Aspirating 180.0 uL from A12 of NEST 96 Deep Well Plate 2mL on Magnetic Module GEN2 on 1 at 276.0 uL/sec
	Dispensing 180.0 uL into A12 of NEST 96 Deep Well Plate 2mL on Magnetic Module GEN2 on 1 at 282.0 uL/sec
Dropping tip into A1 of Opentrons Fixed Trash on 12
Pausing robot operation: 10 MINUTE GENTLE SHAKING, ROOM TEMP
Caught exception: {'message': 'Task was destroyed but it is pending!', 'task': <Task pending name='Task-4' coro=<Poller._poll_forever() running at /Users/dp/Desktop/project/github/opentrons/venv/lib/python3.10/site-packages/opentrons/hardware_control/poller.py:80> wait_for=<Future pending cb=[Task.task_wakeup()]>>}
Caught exception: {'message': 'Task was destroyed but it is pending!', 'task': <Task pending name='Task-3' coro=<Poller._poll_forever() running at /Users/dp/Desktop/project/github/opentrons/venv/lib/python3.10/site-packages/opentrons/hardware_control/poller.py:80> wait_for=<Future pending cb=[Task.task_wakeup()]>>}
Caught exception: {'message': 'Task was destroyed but it is pending!', 'task': <Task pending name='Task-2' coro=<Poller._poll_forever() running at /Users/dp/Desktop/project/github/opentrons/venv/lib/python3.10/site-packages/opentrons/hardware_control/poller.py:80> wait_for=<Future pending cb=[Task.task_wakeup()]>>}
