/Users/dp/Desktop/project/github/opentrons/venv/lib/python3.10/site-packages/opentrons/hardware_control/simulator_setup.py:205: UserWarning: Simulator configuration does not name a machine, defaulting to OT-2 Standard
  warn(
/Users/dp/.opentrons/robot_settings.json not found. Loading defaults
Deck calibration not found.
/Users/dp/.opentrons/deck_calibration.json not found. Loading defaults
Disengaging Magnetic Module
Setting Temperature Module temperature to 4.0 °C (rounded off to nearest integer)
Picking up tip from A1 of 200µl filtertiprack on 5
Aspirating 180.0 uL from A1 of reagent reservoir 1 on 2 at 50.0 uL/sec
Dispensing 180.0 uL into A1 of reagent reservoir 1 on 2 at 150.0 uL/sec
Aspirating 180.0 uL from A1 of reagent reservoir 1 on 2 at 50.0 uL/sec
Dispensing 180.0 uL into A1 of reagent reservoir 1 on 2 at 150.0 uL/sec
Aspirating 180.0 uL from A1 of reagent reservoir 1 on 2 at 50.0 uL/sec
Dispensing 180.0 uL into A1 of reagent reservoir 1 on 2 at 150.0 uL/sec
Aspirating 180.0 uL from A1 of reagent reservoir 1 on 2 at 50.0 uL/sec
Dispensing 180.0 uL into A1 of reagent reservoir 1 on 2 at 150.0 uL/sec
Aspirating 180.0 uL from A1 of reagent reservoir 1 on 2 at 50.0 uL/sec
Dispensing 180.0 uL into A1 of reagent reservoir 1 on 2 at 150.0 uL/sec
Transferring 143.33333333333334 from A1 of reagent reservoir 1 on 2 to A1 of deepwell plate on Magnetic Module GEN1 on 6
	Aspirating 143.33333333333334 uL from A1 of reagent reservoir 1 on 2 at 50.0 uL/sec
	Air gap
		Aspirating 20.0 uL from A1 of reagent reservoir 1 on 2 at 50.0 uL/sec
	Dispensing 163.33333333333334 uL into A1 of deepwell plate on Magnetic Module GEN1 on 6 at 150.0 uL/sec
Air gap
	Aspirating 20.0 uL from A1 of deepwell plate on Magnetic Module GEN1 on 6 at 50.0 uL/sec
Dispensing 20.0 uL into A1 of reagent reservoir 1 on 2 at 150.0 uL/sec
Transferring 143.33333333333334 from A1 of reagent reservoir 1 on 2 to A1 of deepwell plate on Magnetic Module GEN1 on 6
	Aspirating 143.33333333333334 uL from A1 of reagent reservoir 1 on 2 at 50.0 uL/sec
	Air gap
		Aspirating 20.0 uL from A1 of reagent reservoir 1 on 2 at 50.0 uL/sec
	Dispensing 163.33333333333334 uL into A1 of deepwell plate on Magnetic Module GEN1 on 6 at 150.0 uL/sec
Air gap
	Aspirating 20.0 uL from A1 of deepwell plate on Magnetic Module GEN1 on 6 at 50.0 uL/sec
Dispensing 20.0 uL into A1 of reagent reservoir 1 on 2 at 150.0 uL/sec
Transferring 143.33333333333334 from A1 of reagent reservoir 1 on 2 to A1 of deepwell plate on Magnetic Module GEN1 on 6
	Aspirating 143.33333333333334 uL from A1 of reagent reservoir 1 on 2 at 50.0 uL/sec
	Air gap
		Aspirating 20.0 uL from A1 of reagent reservoir 1 on 2 at 50.0 uL/sec
	Dispensing 163.33333333333334 uL into A1 of deepwell plate on Magnetic Module GEN1 on 6 at 150.0 uL/sec
Blowing out at A1 of deepwell plate on Magnetic Module GEN1 on 6
Air gap
	Aspirating 20.0 uL from A1 of deepwell plate on Magnetic Module GEN1 on 6 at 50.0 uL/sec
Dropping tip into A1 of tiprack for parking on 4
Pausing robot operation: mix for 10 minutes off-deck in a heatershaker
Engaging Magnetic Module
Delaying for 7 minutes and 0.0 seconds. Incubating on MagDeck for 7 minutes.
Picking up tip from A1 of tiprack for parking on 4
Moving to A1 of deepwell plate on Magnetic Module GEN1 on 6
Transferring 166.0 from A1 of deepwell plate on Magnetic Module GEN1 on 6 to A1 of Liquid Waste on 9
	Aspirating 166.0 uL from A1 of deepwell plate on Magnetic Module GEN1 on 6 at 30.0 uL/sec
	Air gap
		Aspirating 20.0 uL from A1 of deepwell plate on Magnetic Module GEN1 on 6 at 30.0 uL/sec
	Dispensing 186.0 uL into A1 of Liquid Waste on 9 at 150.0 uL/sec
Blowing out at A1 of Liquid Waste on 9
Air gap
	Aspirating 20.0 uL from A1 of Liquid Waste on 9 at 30.0 uL/sec
Dispensing 20.0 uL into A1 of deepwell plate on Magnetic Module GEN1 on 6 at 150.0 uL/sec
Moving to A1 of deepwell plate on Magnetic Module GEN1 on 6
Transferring 166.0 from A1 of deepwell plate on Magnetic Module GEN1 on 6 to A1 of Liquid Waste on 9
	Aspirating 166.0 uL from A1 of deepwell plate on Magnetic Module GEN1 on 6 at 30.0 uL/sec
	Air gap
		Aspirating 20.0 uL from A1 of deepwell plate on Magnetic Module GEN1 on 6 at 30.0 uL/sec
	Dispensing 186.0 uL into A1 of Liquid Waste on 9 at 150.0 uL/sec
Blowing out at A1 of Liquid Waste on 9
Air gap
	Aspirating 20.0 uL from A1 of Liquid Waste on 9 at 30.0 uL/sec
Dispensing 20.0 uL into A1 of deepwell plate on Magnetic Module GEN1 on 6 at 150.0 uL/sec
Moving to A1 of deepwell plate on Magnetic Module GEN1 on 6
Transferring 166.0 from A1 of deepwell plate on Magnetic Module GEN1 on 6 to A1 of Liquid Waste on 9
	Aspirating 166.0 uL from A1 of deepwell plate on Magnetic Module GEN1 on 6 at 30.0 uL/sec
	Air gap
		Aspirating 20.0 uL from A1 of deepwell plate on Magnetic Module GEN1 on 6 at 30.0 uL/sec
	Dispensing 186.0 uL into A1 of Liquid Waste on 9 at 150.0 uL/sec
Blowing out at A1 of Liquid Waste on 9
Air gap
	Aspirating 20.0 uL from A1 of Liquid Waste on 9 at 30.0 uL/sec
Dispensing 20.0 uL into A1 of deepwell plate on Magnetic Module GEN1 on 6 at 150.0 uL/sec
Moving to A1 of deepwell plate on Magnetic Module GEN1 on 6
Transferring 166.0 from A1 of deepwell plate on Magnetic Module GEN1 on 6 to A1 of Liquid Waste on 9
	Aspirating 166.0 uL from A1 of deepwell plate on Magnetic Module GEN1 on 6 at 30.0 uL/sec
	Air gap
		Aspirating 20.0 uL from A1 of deepwell plate on Magnetic Module GEN1 on 6 at 30.0 uL/sec
	Dispensing 186.0 uL into A1 of Liquid Waste on 9 at 150.0 uL/sec
Blowing out at A1 of Liquid Waste on 9
Air gap
	Aspirating 20.0 uL from A1 of Liquid Waste on 9 at 30.0 uL/sec
Dispensing 20.0 uL into A1 of deepwell plate on Magnetic Module GEN1 on 6 at 150.0 uL/sec
Moving to A1 of deepwell plate on Magnetic Module GEN1 on 6
Transferring 166.0 from A1 of deepwell plate on Magnetic Module GEN1 on 6 to A1 of Liquid Waste on 9
	Aspirating 166.0 uL from A1 of deepwell plate on Magnetic Module GEN1 on 6 at 30.0 uL/sec
	Air gap
		Aspirating 20.0 uL from A1 of deepwell plate on Magnetic Module GEN1 on 6 at 30.0 uL/sec
	Dispensing 186.0 uL into A1 of Liquid Waste on 9 at 150.0 uL/sec
Blowing out at A1 of Liquid Waste on 9
Air gap
	Aspirating 20.0 uL from A1 of Liquid Waste on 9 at 30.0 uL/sec
Dropping tip into A1 of Opentrons Fixed Trash on 12




Disengaging Magnetic Module
Picking up tip from A2 of 200µl filtertiprack on 5
Transferring 166.66666666666666 from A5 of reagent reservoir 1 on 2 to A1 of deepwell plate on Magnetic Module GEN1 on 6
	Aspirating 166.66666666666666 uL from A5 of reagent reservoir 1 on 2 at 150.0 uL/sec
	Air gap
		Aspirating 20.0 uL from A5 of reagent reservoir 1 on 2 at 150.0 uL/sec
	Dispensing 186.66666666666666 uL into A1 of deepwell plate on Magnetic Module GEN1 on 6 at 150.0 uL/sec
Air gap
	Aspirating 20.0 uL from A1 of deepwell plate on Magnetic Module GEN1 on 6 at 150.0 uL/sec
Dispensing 20.0 uL into A5 of reagent reservoir 1 on 2 at 150.0 uL/sec
Transferring 166.66666666666666 from A5 of reagent reservoir 1 on 2 to A1 of deepwell plate on Magnetic Module GEN1 on 6
	Aspirating 166.66666666666666 uL from A5 of reagent reservoir 1 on 2 at 150.0 uL/sec
	Air gap
		Aspirating 20.0 uL from A5 of reagent reservoir 1 on 2 at 150.0 uL/sec
	Dispensing 186.66666666666666 uL into A1 of deepwell plate on Magnetic Module GEN1 on 6 at 150.0 uL/sec
Air gap
	Aspirating 20.0 uL from A1 of deepwell plate on Magnetic Module GEN1 on 6 at 150.0 uL/sec
Dispensing 20.0 uL into A5 of reagent reservoir 1 on 2 at 150.0 uL/sec
Transferring 166.66666666666666 from A5 of reagent reservoir 1 on 2 to A1 of deepwell plate on Magnetic Module GEN1 on 6
	Aspirating 166.66666666666666 uL from A5 of reagent reservoir 1 on 2 at 150.0 uL/sec
	Air gap
		Aspirating 20.0 uL from A5 of reagent reservoir 1 on 2 at 150.0 uL/sec
	Dispensing 186.66666666666666 uL into A1 of deepwell plate on Magnetic Module GEN1 on 6 at 150.0 uL/sec
Moving to A1 of deepwell plate on Magnetic Module GEN1 on 6
Aspirating 162.0 uL from A1 of deepwell plate on Magnetic Module GEN1 on 6 at 150.0 uL/sec
Dispensing 162.0 uL into A1 of deepwell plate on Magnetic Module GEN1 on 6 at 500.0 uL/sec
Aspirating 162.0 uL from A1 of deepwell plate on Magnetic Module GEN1 on 6 at 150.0 uL/sec
Dispensing 162.0 uL into A1 of deepwell plate on Magnetic Module GEN1 on 6 at 500.0 uL/sec
Aspirating 162.0 uL from A1 of deepwell plate on Magnetic Module GEN1 on 6 at 150.0 uL/sec
Dispensing 162.0 uL into A1 of deepwell plate on Magnetic Module GEN1 on 6 at 500.0 uL/sec
Aspirating 162.0 uL from A1 of deepwell plate on Magnetic Module GEN1 on 6 at 150.0 uL/sec
Dispensing 162.0 uL into A1 of deepwell plate on Magnetic Module GEN1 on 6 at 500.0 uL/sec
Aspirating 162.0 uL from A1 of deepwell plate on Magnetic Module GEN1 on 6 at 150.0 uL/sec
Dispensing 162.0 uL into A1 of deepwell plate on Magnetic Module GEN1 on 6 at 500.0 uL/sec
Aspirating 162.0 uL from A1 of deepwell plate on Magnetic Module GEN1 on 6 at 150.0 uL/sec
Dispensing 162.0 uL into A1 of deepwell plate on Magnetic Module GEN1 on 6 at 500.0 uL/sec
Aspirating 162.0 uL from A1 of deepwell plate on Magnetic Module GEN1 on 6 at 150.0 uL/sec
Dispensing 162.0 uL into A1 of deepwell plate on Magnetic Module GEN1 on 6 at 500.0 uL/sec
Aspirating 162.0 uL from A1 of deepwell plate on Magnetic Module GEN1 on 6 at 150.0 uL/sec
Dispensing 162.0 uL into A1 of deepwell plate on Magnetic Module GEN1 on 6 at 500.0 uL/sec
Aspirating 162.0 uL from A1 of deepwell plate on Magnetic Module GEN1 on 6 at 150.0 uL/sec
Dispensing 162.0 uL into A1 of deepwell plate on Magnetic Module GEN1 on 6 at 500.0 uL/sec
Aspirating 162.0 uL from A1 of deepwell plate on Magnetic Module GEN1 on 6 at 150.0 uL/sec
Dispensing 162.0 uL into A1 of deepwell plate on Magnetic Module GEN1 on 6 at 500.0 uL/sec
Aspirating 162.0 uL from A1 of deepwell plate on Magnetic Module GEN1 on 6 at 150.0 uL/sec
Dispensing 162.0 uL into A1 of deepwell plate on Magnetic Module GEN1 on 6 at 500.0 uL/sec
Aspirating 162.0 uL from A1 of deepwell plate on Magnetic Module GEN1 on 6 at 150.0 uL/sec
Dispensing 162.0 uL into A1 of deepwell plate on Magnetic Module GEN1 on 6 at 500.0 uL/sec
Aspirating 162.0 uL from A1 of deepwell plate on Magnetic Module GEN1 on 6 at 150.0 uL/sec
Dispensing 162.0 uL into A1 of deepwell plate on Magnetic Module GEN1 on 6 at 500.0 uL/sec
Aspirating 162.0 uL from A1 of deepwell plate on Magnetic Module GEN1 on 6 at 150.0 uL/sec
Dispensing 162.0 uL into A1 of deepwell plate on Magnetic Module GEN1 on 6 at 500.0 uL/sec
Aspirating 162.0 uL from A1 of deepwell plate on Magnetic Module GEN1 on 6 at 150.0 uL/sec
Dispensing 162.0 uL into A1 of deepwell plate on Magnetic Module GEN1 on 6 at 500.0 uL/sec
Aspirating 162.0 uL from A1 of deepwell plate on Magnetic Module GEN1 on 6 at 150.0 uL/sec
Dispensing 162.0 uL into A1 of deepwell plate on Magnetic Module GEN1 on 6 at 500.0 uL/sec
Aspirating 162.0 uL from A1 of deepwell plate on Magnetic Module GEN1 on 6 at 150.0 uL/sec
Dispensing 162.0 uL into A1 of deepwell plate on Magnetic Module GEN1 on 6 at 500.0 uL/sec
Aspirating 162.0 uL from A1 of deepwell plate on Magnetic Module GEN1 on 6 at 150.0 uL/sec
Dispensing 162.0 uL into A1 of deepwell plate on Magnetic Module GEN1 on 6 at 500.0 uL/sec
Aspirating 162.0 uL from A1 of deepwell plate on Magnetic Module GEN1 on 6 at 150.0 uL/sec
Dispensing 162.0 uL into A1 of deepwell plate on Magnetic Module GEN1 on 6 at 500.0 uL/sec
Aspirating 162.0 uL from A1 of deepwell plate on Magnetic Module GEN1 on 6 at 150.0 uL/sec
Dispensing 162.0 uL into A1 of deepwell plate on Magnetic Module GEN1 on 6 at 500.0 uL/sec
Blowing out at A1 of deepwell plate on Magnetic Module GEN1 on 6
Air gap
	Aspirating 20.0 uL from A1 of deepwell plate on Magnetic Module GEN1 on 6 at 150.0 uL/sec
Dropping tip into A1 of tiprack for parking on 4
Engaging Magnetic Module
Delaying for 7 minutes and 0.0 seconds. Incubating on MagDeck for 7 minutes.
Picking up tip from A1 of tiprack for parking on 4
Moving to A1 of deepwell plate on Magnetic Module GEN1 on 6
Transferring 166.66666666666666 from A1 of deepwell plate on Magnetic Module GEN1 on 6 to A1 of Liquid Waste on 9
	Aspirating 166.66666666666666 uL from A1 of deepwell plate on Magnetic Module GEN1 on 6 at 30.0 uL/sec
	Air gap
		Aspirating 20.0 uL from A1 of deepwell plate on Magnetic Module GEN1 on 6 at 30.0 uL/sec
	Dispensing 186.66666666666666 uL into A1 of Liquid Waste on 9 at 500.0 uL/sec
Blowing out at A1 of Liquid Waste on 9
Air gap
	Aspirating 20.0 uL from A1 of Liquid Waste on 9 at 30.0 uL/sec
Dispensing 20.0 uL into A1 of deepwell plate on Magnetic Module GEN1 on 6 at 500.0 uL/sec
Moving to A1 of deepwell plate on Magnetic Module GEN1 on 6
Transferring 166.66666666666666 from A1 of deepwell plate on Magnetic Module GEN1 on 6 to A1 of Liquid Waste on 9
	Aspirating 166.66666666666666 uL from A1 of deepwell plate on Magnetic Module GEN1 on 6 at 30.0 uL/sec
	Air gap
		Aspirating 20.0 uL from A1 of deepwell plate on Magnetic Module GEN1 on 6 at 30.0 uL/sec
	Dispensing 186.66666666666666 uL into A1 of Liquid Waste on 9 at 500.0 uL/sec
Blowing out at A1 of Liquid Waste on 9
Air gap
	Aspirating 20.0 uL from A1 of Liquid Waste on 9 at 30.0 uL/sec
Dispensing 20.0 uL into A1 of deepwell plate on Magnetic Module GEN1 on 6 at 500.0 uL/sec
Moving to A1 of deepwell plate on Magnetic Module GEN1 on 6
Transferring 166.66666666666666 from A1 of deepwell plate on Magnetic Module GEN1 on 6 to A1 of Liquid Waste on 9
	Aspirating 166.66666666666666 uL from A1 of deepwell plate on Magnetic Module GEN1 on 6 at 30.0 uL/sec
	Air gap
		Aspirating 20.0 uL from A1 of deepwell plate on Magnetic Module GEN1 on 6 at 30.0 uL/sec
	Dispensing 186.66666666666666 uL into A1 of Liquid Waste on 9 at 500.0 uL/sec
Blowing out at A1 of Liquid Waste on 9
Air gap
	Aspirating 20.0 uL from A1 of Liquid Waste on 9 at 30.0 uL/sec
Dropping tip into A1 of Opentrons Fixed Trash on 12




Disengaging Magnetic Module
Picking up tip from A3 of 200µl filtertiprack on 5
Transferring 166.66666666666666 from A9 of reagent reservoir 1 on 2 to A1 of deepwell plate on Magnetic Module GEN1 on 6
	Aspirating 166.66666666666666 uL from A9 of reagent reservoir 1 on 2 at 150.0 uL/sec
	Air gap
		Aspirating 20.0 uL from A9 of reagent reservoir 1 on 2 at 150.0 uL/sec
	Dispensing 186.66666666666666 uL into A1 of deepwell plate on Magnetic Module GEN1 on 6 at 500.0 uL/sec
Air gap
	Aspirating 20.0 uL from A1 of deepwell plate on Magnetic Module GEN1 on 6 at 150.0 uL/sec
Dispensing 20.0 uL into A9 of reagent reservoir 1 on 2 at 500.0 uL/sec
Transferring 166.66666666666666 from A9 of reagent reservoir 1 on 2 to A1 of deepwell plate on Magnetic Module GEN1 on 6
	Aspirating 166.66666666666666 uL from A9 of reagent reservoir 1 on 2 at 150.0 uL/sec
	Air gap
		Aspirating 20.0 uL from A9 of reagent reservoir 1 on 2 at 150.0 uL/sec
	Dispensing 186.66666666666666 uL into A1 of deepwell plate on Magnetic Module GEN1 on 6 at 500.0 uL/sec
Air gap
	Aspirating 20.0 uL from A1 of deepwell plate on Magnetic Module GEN1 on 6 at 150.0 uL/sec
Dispensing 20.0 uL into A9 of reagent reservoir 1 on 2 at 500.0 uL/sec
Transferring 166.66666666666666 from A9 of reagent reservoir 1 on 2 to A1 of deepwell plate on Magnetic Module GEN1 on 6
	Aspirating 166.66666666666666 uL from A9 of reagent reservoir 1 on 2 at 150.0 uL/sec
	Air gap
		Aspirating 20.0 uL from A9 of reagent reservoir 1 on 2 at 150.0 uL/sec
	Dispensing 186.66666666666666 uL into A1 of deepwell plate on Magnetic Module GEN1 on 6 at 500.0 uL/sec
Moving to A1 of deepwell plate on Magnetic Module GEN1 on 6
Aspirating 162.0 uL from A1 of deepwell plate on Magnetic Module GEN1 on 6 at 150.0 uL/sec
Dispensing 162.0 uL into A1 of deepwell plate on Magnetic Module GEN1 on 6 at 500.0 uL/sec
Aspirating 162.0 uL from A1 of deepwell plate on Magnetic Module GEN1 on 6 at 150.0 uL/sec
Dispensing 162.0 uL into A1 of deepwell plate on Magnetic Module GEN1 on 6 at 500.0 uL/sec
Aspirating 162.0 uL from A1 of deepwell plate on Magnetic Module GEN1 on 6 at 150.0 uL/sec
Dispensing 162.0 uL into A1 of deepwell plate on Magnetic Module GEN1 on 6 at 500.0 uL/sec
Aspirating 162.0 uL from A1 of deepwell plate on Magnetic Module GEN1 on 6 at 150.0 uL/sec
Dispensing 162.0 uL into A1 of deepwell plate on Magnetic Module GEN1 on 6 at 500.0 uL/sec
Aspirating 162.0 uL from A1 of deepwell plate on Magnetic Module GEN1 on 6 at 150.0 uL/sec
Dispensing 162.0 uL into A1 of deepwell plate on Magnetic Module GEN1 on 6 at 500.0 uL/sec
Aspirating 162.0 uL from A1 of deepwell plate on Magnetic Module GEN1 on 6 at 150.0 uL/sec
Dispensing 162.0 uL into A1 of deepwell plate on Magnetic Module GEN1 on 6 at 500.0 uL/sec
Aspirating 162.0 uL from A1 of deepwell plate on Magnetic Module GEN1 on 6 at 150.0 uL/sec
Dispensing 162.0 uL into A1 of deepwell plate on Magnetic Module GEN1 on 6 at 500.0 uL/sec
Aspirating 162.0 uL from A1 of deepwell plate on Magnetic Module GEN1 on 6 at 150.0 uL/sec
Dispensing 162.0 uL into A1 of deepwell plate on Magnetic Module GEN1 on 6 at 500.0 uL/sec
Aspirating 162.0 uL from A1 of deepwell plate on Magnetic Module GEN1 on 6 at 150.0 uL/sec
Dispensing 162.0 uL into A1 of deepwell plate on Magnetic Module GEN1 on 6 at 500.0 uL/sec
Aspirating 162.0 uL from A1 of deepwell plate on Magnetic Module GEN1 on 6 at 150.0 uL/sec
Dispensing 162.0 uL into A1 of deepwell plate on Magnetic Module GEN1 on 6 at 500.0 uL/sec
Aspirating 162.0 uL from A1 of deepwell plate on Magnetic Module GEN1 on 6 at 150.0 uL/sec
Dispensing 162.0 uL into A1 of deepwell plate on Magnetic Module GEN1 on 6 at 500.0 uL/sec
Aspirating 162.0 uL from A1 of deepwell plate on Magnetic Module GEN1 on 6 at 150.0 uL/sec
Dispensing 162.0 uL into A1 of deepwell plate on Magnetic Module GEN1 on 6 at 500.0 uL/sec
Aspirating 162.0 uL from A1 of deepwell plate on Magnetic Module GEN1 on 6 at 150.0 uL/sec
Dispensing 162.0 uL into A1 of deepwell plate on Magnetic Module GEN1 on 6 at 500.0 uL/sec
Aspirating 162.0 uL from A1 of deepwell plate on Magnetic Module GEN1 on 6 at 150.0 uL/sec
Dispensing 162.0 uL into A1 of deepwell plate on Magnetic Module GEN1 on 6 at 500.0 uL/sec
Aspirating 162.0 uL from A1 of deepwell plate on Magnetic Module GEN1 on 6 at 150.0 uL/sec
Dispensing 162.0 uL into A1 of deepwell plate on Magnetic Module GEN1 on 6 at 500.0 uL/sec
Aspirating 162.0 uL from A1 of deepwell plate on Magnetic Module GEN1 on 6 at 150.0 uL/sec
Dispensing 162.0 uL into A1 of deepwell plate on Magnetic Module GEN1 on 6 at 500.0 uL/sec
Aspirating 162.0 uL from A1 of deepwell plate on Magnetic Module GEN1 on 6 at 150.0 uL/sec
Dispensing 162.0 uL into A1 of deepwell plate on Magnetic Module GEN1 on 6 at 500.0 uL/sec
Aspirating 162.0 uL from A1 of deepwell plate on Magnetic Module GEN1 on 6 at 150.0 uL/sec
Dispensing 162.0 uL into A1 of deepwell plate on Magnetic Module GEN1 on 6 at 500.0 uL/sec
Aspirating 162.0 uL from A1 of deepwell plate on Magnetic Module GEN1 on 6 at 150.0 uL/sec
Dispensing 162.0 uL into A1 of deepwell plate on Magnetic Module GEN1 on 6 at 500.0 uL/sec
Aspirating 162.0 uL from A1 of deepwell plate on Magnetic Module GEN1 on 6 at 150.0 uL/sec
Dispensing 162.0 uL into A1 of deepwell plate on Magnetic Module GEN1 on 6 at 500.0 uL/sec
Blowing out at A1 of deepwell plate on Magnetic Module GEN1 on 6
Air gap
	Aspirating 20.0 uL from A1 of deepwell plate on Magnetic Module GEN1 on 6 at 150.0 uL/sec
Dropping tip into A1 of tiprack for parking on 4
Engaging Magnetic Module
Delaying for 7 minutes and 0.0 seconds. Incubating on MagDeck for 7 minutes.
Picking up tip from A1 of tiprack for parking on 4
Moving to A1 of deepwell plate on Magnetic Module GEN1 on 6
Transferring 166.66666666666666 from A1 of deepwell plate on Magnetic Module GEN1 on 6 to A1 of Liquid Waste on 9
	Aspirating 166.66666666666666 uL from A1 of deepwell plate on Magnetic Module GEN1 on 6 at 30.0 uL/sec
	Air gap
		Aspirating 20.0 uL from A1 of deepwell plate on Magnetic Module GEN1 on 6 at 30.0 uL/sec
	Dispensing 186.66666666666666 uL into A1 of Liquid Waste on 9 at 500.0 uL/sec
Blowing out at A1 of Liquid Waste on 9
Air gap
	Aspirating 20.0 uL from A1 of Liquid Waste on 9 at 30.0 uL/sec
Dispensing 20.0 uL into A1 of deepwell plate on Magnetic Module GEN1 on 6 at 500.0 uL/sec
Moving to A1 of deepwell plate on Magnetic Module GEN1 on 6
Transferring 166.66666666666666 from A1 of deepwell plate on Magnetic Module GEN1 on 6 to A1 of Liquid Waste on 9
	Aspirating 166.66666666666666 uL from A1 of deepwell plate on Magnetic Module GEN1 on 6 at 30.0 uL/sec
	Air gap
		Aspirating 20.0 uL from A1 of deepwell plate on Magnetic Module GEN1 on 6 at 30.0 uL/sec
	Dispensing 186.66666666666666 uL into A1 of Liquid Waste on 9 at 500.0 uL/sec
Blowing out at A1 of Liquid Waste on 9
Air gap
	Aspirating 20.0 uL from A1 of Liquid Waste on 9 at 30.0 uL/sec
Dispensing 20.0 uL into A1 of deepwell plate on Magnetic Module GEN1 on 6 at 500.0 uL/sec
Moving to A1 of deepwell plate on Magnetic Module GEN1 on 6
Transferring 166.66666666666666 from A1 of deepwell plate on Magnetic Module GEN1 on 6 to A1 of Liquid Waste on 9
	Aspirating 166.66666666666666 uL from A1 of deepwell plate on Magnetic Module GEN1 on 6 at 30.0 uL/sec
	Air gap
		Aspirating 20.0 uL from A1 of deepwell plate on Magnetic Module GEN1 on 6 at 30.0 uL/sec
	Dispensing 186.66666666666666 uL into A1 of Liquid Waste on 9 at 500.0 uL/sec
Blowing out at A1 of Liquid Waste on 9
Air gap
	Aspirating 20.0 uL from A1 of Liquid Waste on 9 at 30.0 uL/sec
Dropping tip into A1 of Opentrons Fixed Trash on 12




Disengaging Magnetic Module
Picking up tip from A4 of 200µl filtertiprack on 5
Transferring 166.66666666666666 from A6 of reagent reservoir 2 on 3 to A1 of deepwell plate on Magnetic Module GEN1 on 6
	Aspirating 166.66666666666666 uL from A6 of reagent reservoir 2 on 3 at 150.0 uL/sec
	Air gap
		Aspirating 20.0 uL from A6 of reagent reservoir 2 on 3 at 150.0 uL/sec
	Dispensing 186.66666666666666 uL into A1 of deepwell plate on Magnetic Module GEN1 on 6 at 500.0 uL/sec
Air gap
	Aspirating 20.0 uL from A1 of deepwell plate on Magnetic Module GEN1 on 6 at 150.0 uL/sec
Dispensing 20.0 uL into A6 of reagent reservoir 2 on 3 at 500.0 uL/sec
Transferring 166.66666666666666 from A6 of reagent reservoir 2 on 3 to A1 of deepwell plate on Magnetic Module GEN1 on 6
	Aspirating 166.66666666666666 uL from A6 of reagent reservoir 2 on 3 at 150.0 uL/sec
	Air gap
		Aspirating 20.0 uL from A6 of reagent reservoir 2 on 3 at 150.0 uL/sec
	Dispensing 186.66666666666666 uL into A1 of deepwell plate on Magnetic Module GEN1 on 6 at 500.0 uL/sec
Air gap
	Aspirating 20.0 uL from A1 of deepwell plate on Magnetic Module GEN1 on 6 at 150.0 uL/sec
Dispensing 20.0 uL into A6 of reagent reservoir 2 on 3 at 500.0 uL/sec
Transferring 166.66666666666666 from A6 of reagent reservoir 2 on 3 to A1 of deepwell plate on Magnetic Module GEN1 on 6
	Aspirating 166.66666666666666 uL from A6 of reagent reservoir 2 on 3 at 150.0 uL/sec
	Air gap
		Aspirating 20.0 uL from A6 of reagent reservoir 2 on 3 at 150.0 uL/sec
	Dispensing 186.66666666666666 uL into A1 of deepwell plate on Magnetic Module GEN1 on 6 at 500.0 uL/sec
Moving to A1 of deepwell plate on Magnetic Module GEN1 on 6
Aspirating 162.0 uL from A1 of deepwell plate on Magnetic Module GEN1 on 6 at 150.0 uL/sec
Dispensing 162.0 uL into A1 of deepwell plate on Magnetic Module GEN1 on 6 at 500.0 uL/sec
Aspirating 162.0 uL from A1 of deepwell plate on Magnetic Module GEN1 on 6 at 150.0 uL/sec
Dispensing 162.0 uL into A1 of deepwell plate on Magnetic Module GEN1 on 6 at 500.0 uL/sec
Aspirating 162.0 uL from A1 of deepwell plate on Magnetic Module GEN1 on 6 at 150.0 uL/sec
Dispensing 162.0 uL into A1 of deepwell plate on Magnetic Module GEN1 on 6 at 500.0 uL/sec
Aspirating 162.0 uL from A1 of deepwell plate on Magnetic Module GEN1 on 6 at 150.0 uL/sec
Dispensing 162.0 uL into A1 of deepwell plate on Magnetic Module GEN1 on 6 at 500.0 uL/sec
Aspirating 162.0 uL from A1 of deepwell plate on Magnetic Module GEN1 on 6 at 150.0 uL/sec
Dispensing 162.0 uL into A1 of deepwell plate on Magnetic Module GEN1 on 6 at 500.0 uL/sec
Aspirating 162.0 uL from A1 of deepwell plate on Magnetic Module GEN1 on 6 at 150.0 uL/sec
Dispensing 162.0 uL into A1 of deepwell plate on Magnetic Module GEN1 on 6 at 500.0 uL/sec
Aspirating 162.0 uL from A1 of deepwell plate on Magnetic Module GEN1 on 6 at 150.0 uL/sec
Dispensing 162.0 uL into A1 of deepwell plate on Magnetic Module GEN1 on 6 at 500.0 uL/sec
Aspirating 162.0 uL from A1 of deepwell plate on Magnetic Module GEN1 on 6 at 150.0 uL/sec
Dispensing 162.0 uL into A1 of deepwell plate on Magnetic Module GEN1 on 6 at 500.0 uL/sec
Aspirating 162.0 uL from A1 of deepwell plate on Magnetic Module GEN1 on 6 at 150.0 uL/sec
Dispensing 162.0 uL into A1 of deepwell plate on Magnetic Module GEN1 on 6 at 500.0 uL/sec
Aspirating 162.0 uL from A1 of deepwell plate on Magnetic Module GEN1 on 6 at 150.0 uL/sec
Dispensing 162.0 uL into A1 of deepwell plate on Magnetic Module GEN1 on 6 at 500.0 uL/sec
Aspirating 162.0 uL from A1 of deepwell plate on Magnetic Module GEN1 on 6 at 150.0 uL/sec
Dispensing 162.0 uL into A1 of deepwell plate on Magnetic Module GEN1 on 6 at 500.0 uL/sec
Aspirating 162.0 uL from A1 of deepwell plate on Magnetic Module GEN1 on 6 at 150.0 uL/sec
Dispensing 162.0 uL into A1 of deepwell plate on Magnetic Module GEN1 on 6 at 500.0 uL/sec
Aspirating 162.0 uL from A1 of deepwell plate on Magnetic Module GEN1 on 6 at 150.0 uL/sec
Dispensing 162.0 uL into A1 of deepwell plate on Magnetic Module GEN1 on 6 at 500.0 uL/sec
Aspirating 162.0 uL from A1 of deepwell plate on Magnetic Module GEN1 on 6 at 150.0 uL/sec
Dispensing 162.0 uL into A1 of deepwell plate on Magnetic Module GEN1 on 6 at 500.0 uL/sec
Aspirating 162.0 uL from A1 of deepwell plate on Magnetic Module GEN1 on 6 at 150.0 uL/sec
Dispensing 162.0 uL into A1 of deepwell plate on Magnetic Module GEN1 on 6 at 500.0 uL/sec
Aspirating 162.0 uL from A1 of deepwell plate on Magnetic Module GEN1 on 6 at 150.0 uL/sec
Dispensing 162.0 uL into A1 of deepwell plate on Magnetic Module GEN1 on 6 at 500.0 uL/sec
Aspirating 162.0 uL from A1 of deepwell plate on Magnetic Module GEN1 on 6 at 150.0 uL/sec
Dispensing 162.0 uL into A1 of deepwell plate on Magnetic Module GEN1 on 6 at 500.0 uL/sec
Aspirating 162.0 uL from A1 of deepwell plate on Magnetic Module GEN1 on 6 at 150.0 uL/sec
Dispensing 162.0 uL into A1 of deepwell plate on Magnetic Module GEN1 on 6 at 500.0 uL/sec
Aspirating 162.0 uL from A1 of deepwell plate on Magnetic Module GEN1 on 6 at 150.0 uL/sec
Dispensing 162.0 uL into A1 of deepwell plate on Magnetic Module GEN1 on 6 at 500.0 uL/sec
Aspirating 162.0 uL from A1 of deepwell plate on Magnetic Module GEN1 on 6 at 150.0 uL/sec
Dispensing 162.0 uL into A1 of deepwell plate on Magnetic Module GEN1 on 6 at 500.0 uL/sec
Blowing out at A1 of deepwell plate on Magnetic Module GEN1 on 6
Air gap
	Aspirating 20.0 uL from A1 of deepwell plate on Magnetic Module GEN1 on 6 at 150.0 uL/sec
Dropping tip into A1 of tiprack for parking on 4
Engaging Magnetic Module
Delaying for 7 minutes and 0.0 seconds. Incubating on MagDeck for 7 minutes.
Picking up tip from A1 of tiprack for parking on 4
Moving to A1 of deepwell plate on Magnetic Module GEN1 on 6
Transferring 166.66666666666666 from A1 of deepwell plate on Magnetic Module GEN1 on 6 to A1 of Liquid Waste on 9
	Aspirating 166.66666666666666 uL from A1 of deepwell plate on Magnetic Module GEN1 on 6 at 30.0 uL/sec
	Air gap
		Aspirating 20.0 uL from A1 of deepwell plate on Magnetic Module GEN1 on 6 at 30.0 uL/sec
	Dispensing 186.66666666666666 uL into A1 of Liquid Waste on 9 at 500.0 uL/sec
Blowing out at A1 of Liquid Waste on 9
Air gap
	Aspirating 20.0 uL from A1 of Liquid Waste on 9 at 30.0 uL/sec
Dispensing 20.0 uL into A1 of deepwell plate on Magnetic Module GEN1 on 6 at 500.0 uL/sec
Moving to A1 of deepwell plate on Magnetic Module GEN1 on 6
Transferring 166.66666666666666 from A1 of deepwell plate on Magnetic Module GEN1 on 6 to A1 of Liquid Waste on 9
	Aspirating 166.66666666666666 uL from A1 of deepwell plate on Magnetic Module GEN1 on 6 at 30.0 uL/sec
	Air gap
		Aspirating 20.0 uL from A1 of deepwell plate on Magnetic Module GEN1 on 6 at 30.0 uL/sec
	Dispensing 186.66666666666666 uL into A1 of Liquid Waste on 9 at 500.0 uL/sec
Blowing out at A1 of Liquid Waste on 9
Air gap
	Aspirating 20.0 uL from A1 of Liquid Waste on 9 at 30.0 uL/sec
Dispensing 20.0 uL into A1 of deepwell plate on Magnetic Module GEN1 on 6 at 500.0 uL/sec
Moving to A1 of deepwell plate on Magnetic Module GEN1 on 6
Transferring 166.66666666666666 from A1 of deepwell plate on Magnetic Module GEN1 on 6 to A1 of Liquid Waste on 9
	Aspirating 166.66666666666666 uL from A1 of deepwell plate on Magnetic Module GEN1 on 6 at 30.0 uL/sec
	Air gap
		Aspirating 20.0 uL from A1 of deepwell plate on Magnetic Module GEN1 on 6 at 30.0 uL/sec
	Dispensing 186.66666666666666 uL into A1 of Liquid Waste on 9 at 500.0 uL/sec
Blowing out at A1 of Liquid Waste on 9
Air gap
	Aspirating 20.0 uL from A1 of Liquid Waste on 9 at 30.0 uL/sec
Dropping tip into A1 of Opentrons Fixed Trash on 12




Disengaging Magnetic Module
Picking up tip from A5 of 200µl filtertiprack on 5
Transferring 150.0 from A10 of reagent reservoir 2 on 3 to A1 of deepwell plate on Magnetic Module GEN1 on 6
	Aspirating 150.0 uL from A10 of reagent reservoir 2 on 3 at 150.0 uL/sec
	Air gap
		Aspirating 20.0 uL from A10 of reagent reservoir 2 on 3 at 150.0 uL/sec
	Dispensing 170.0 uL into A1 of deepwell plate on Magnetic Module GEN1 on 6 at 500.0 uL/sec
Air gap
	Aspirating 20.0 uL from A1 of deepwell plate on Magnetic Module GEN1 on 6 at 150.0 uL/sec
Dispensing 20.0 uL into A10 of reagent reservoir 2 on 3 at 500.0 uL/sec
Transferring 150.0 from A10 of reagent reservoir 2 on 3 to A1 of deepwell plate on Magnetic Module GEN1 on 6
	Aspirating 150.0 uL from A10 of reagent reservoir 2 on 3 at 150.0 uL/sec
	Air gap
		Aspirating 20.0 uL from A10 of reagent reservoir 2 on 3 at 150.0 uL/sec
	Dispensing 170.0 uL into A1 of deepwell plate on Magnetic Module GEN1 on 6 at 500.0 uL/sec
Moving to A1 of deepwell plate on Magnetic Module GEN1 on 6
Aspirating 162.0 uL from A1 of deepwell plate on Magnetic Module GEN1 on 6 at 150.0 uL/sec
Dispensing 162.0 uL into A1 of deepwell plate on Magnetic Module GEN1 on 6 at 500.0 uL/sec
Aspirating 162.0 uL from A1 of deepwell plate on Magnetic Module GEN1 on 6 at 150.0 uL/sec
Dispensing 162.0 uL into A1 of deepwell plate on Magnetic Module GEN1 on 6 at 500.0 uL/sec
Aspirating 162.0 uL from A1 of deepwell plate on Magnetic Module GEN1 on 6 at 150.0 uL/sec
Dispensing 162.0 uL into A1 of deepwell plate on Magnetic Module GEN1 on 6 at 500.0 uL/sec
Aspirating 162.0 uL from A1 of deepwell plate on Magnetic Module GEN1 on 6 at 150.0 uL/sec
Dispensing 162.0 uL into A1 of deepwell plate on Magnetic Module GEN1 on 6 at 500.0 uL/sec
Aspirating 162.0 uL from A1 of deepwell plate on Magnetic Module GEN1 on 6 at 150.0 uL/sec
Dispensing 162.0 uL into A1 of deepwell plate on Magnetic Module GEN1 on 6 at 500.0 uL/sec
Aspirating 162.0 uL from A1 of deepwell plate on Magnetic Module GEN1 on 6 at 150.0 uL/sec
Dispensing 162.0 uL into A1 of deepwell plate on Magnetic Module GEN1 on 6 at 500.0 uL/sec
Aspirating 162.0 uL from A1 of deepwell plate on Magnetic Module GEN1 on 6 at 150.0 uL/sec
Dispensing 162.0 uL into A1 of deepwell plate on Magnetic Module GEN1 on 6 at 500.0 uL/sec
Aspirating 162.0 uL from A1 of deepwell plate on Magnetic Module GEN1 on 6 at 150.0 uL/sec
Dispensing 162.0 uL into A1 of deepwell plate on Magnetic Module GEN1 on 6 at 500.0 uL/sec
Aspirating 162.0 uL from A1 of deepwell plate on Magnetic Module GEN1 on 6 at 150.0 uL/sec
Dispensing 162.0 uL into A1 of deepwell plate on Magnetic Module GEN1 on 6 at 500.0 uL/sec
Aspirating 162.0 uL from A1 of deepwell plate on Magnetic Module GEN1 on 6 at 150.0 uL/sec
Dispensing 162.0 uL into A1 of deepwell plate on Magnetic Module GEN1 on 6 at 500.0 uL/sec
Aspirating 162.0 uL from A1 of deepwell plate on Magnetic Module GEN1 on 6 at 150.0 uL/sec
Dispensing 162.0 uL into A1 of deepwell plate on Magnetic Module GEN1 on 6 at 500.0 uL/sec
Aspirating 162.0 uL from A1 of deepwell plate on Magnetic Module GEN1 on 6 at 150.0 uL/sec
Dispensing 162.0 uL into A1 of deepwell plate on Magnetic Module GEN1 on 6 at 500.0 uL/sec
Aspirating 162.0 uL from A1 of deepwell plate on Magnetic Module GEN1 on 6 at 150.0 uL/sec
Dispensing 162.0 uL into A1 of deepwell plate on Magnetic Module GEN1 on 6 at 500.0 uL/sec
Aspirating 162.0 uL from A1 of deepwell plate on Magnetic Module GEN1 on 6 at 150.0 uL/sec
Dispensing 162.0 uL into A1 of deepwell plate on Magnetic Module GEN1 on 6 at 500.0 uL/sec
Aspirating 162.0 uL from A1 of deepwell plate on Magnetic Module GEN1 on 6 at 150.0 uL/sec
Dispensing 162.0 uL into A1 of deepwell plate on Magnetic Module GEN1 on 6 at 500.0 uL/sec
Aspirating 162.0 uL from A1 of deepwell plate on Magnetic Module GEN1 on 6 at 150.0 uL/sec
Dispensing 162.0 uL into A1 of deepwell plate on Magnetic Module GEN1 on 6 at 500.0 uL/sec
Aspirating 162.0 uL from A1 of deepwell plate on Magnetic Module GEN1 on 6 at 150.0 uL/sec
Dispensing 162.0 uL into A1 of deepwell plate on Magnetic Module GEN1 on 6 at 500.0 uL/sec
Aspirating 162.0 uL from A1 of deepwell plate on Magnetic Module GEN1 on 6 at 150.0 uL/sec
Dispensing 162.0 uL into A1 of deepwell plate on Magnetic Module GEN1 on 6 at 500.0 uL/sec
Aspirating 162.0 uL from A1 of deepwell plate on Magnetic Module GEN1 on 6 at 150.0 uL/sec
Dispensing 162.0 uL into A1 of deepwell plate on Magnetic Module GEN1 on 6 at 500.0 uL/sec
Aspirating 162.0 uL from A1 of deepwell plate on Magnetic Module GEN1 on 6 at 150.0 uL/sec
Dispensing 162.0 uL into A1 of deepwell plate on Magnetic Module GEN1 on 6 at 500.0 uL/sec
Blowing out at A1 of deepwell plate on Magnetic Module GEN1 on 6
Air gap
	Aspirating 20.0 uL from A1 of deepwell plate on Magnetic Module GEN1 on 6 at 150.0 uL/sec
Dropping tip into A1 of tiprack for parking on 4
Engaging Magnetic Module
Delaying for 7 minutes and 0.0 seconds. Incubating on MagDeck for 7 minutes.
Picking up tip from A1 of tiprack for parking on 4
Moving to A1 of deepwell plate on Magnetic Module GEN1 on 6
Transferring 150.0 from A1 of deepwell plate on Magnetic Module GEN1 on 6 to A1 of Liquid Waste on 9
	Aspirating 150.0 uL from A1 of deepwell plate on Magnetic Module GEN1 on 6 at 30.0 uL/sec
	Air gap
		Aspirating 20.0 uL from A1 of deepwell plate on Magnetic Module GEN1 on 6 at 30.0 uL/sec
	Dispensing 170.0 uL into A1 of Liquid Waste on 9 at 500.0 uL/sec
Blowing out at A1 of Liquid Waste on 9
Air gap
	Aspirating 20.0 uL from A1 of Liquid Waste on 9 at 30.0 uL/sec
Dispensing 20.0 uL into A1 of deepwell plate on Magnetic Module GEN1 on 6 at 500.0 uL/sec
Moving to A1 of deepwell plate on Magnetic Module GEN1 on 6
Transferring 150.0 from A1 of deepwell plate on Magnetic Module GEN1 on 6 to A1 of Liquid Waste on 9
	Aspirating 150.0 uL from A1 of deepwell plate on Magnetic Module GEN1 on 6 at 30.0 uL/sec
	Air gap
		Aspirating 20.0 uL from A1 of deepwell plate on Magnetic Module GEN1 on 6 at 30.0 uL/sec
	Dispensing 170.0 uL into A1 of Liquid Waste on 9 at 500.0 uL/sec
Blowing out at A1 of Liquid Waste on 9
Air gap
	Aspirating 20.0 uL from A1 of Liquid Waste on 9 at 30.0 uL/sec
Dropping tip into A1 of Opentrons Fixed Trash on 12




Disengaging Magnetic Module
Picking up tip from A6 of 200µl filtertiprack on 5
Transferring 50.0 from A1 of reagent reservoir 2 on 3 to A1 of deepwell plate on Magnetic Module GEN1 on 6
	Aspirating 50.0 uL from A1 of reagent reservoir 2 on 3 at 150.0 uL/sec
	Air gap
		Aspirating 20.0 uL from A1 of reagent reservoir 2 on 3 at 150.0 uL/sec
	Dispensing 70.0 uL into A1 of deepwell plate on Magnetic Module GEN1 on 6 at 500.0 uL/sec
Moving to A1 of deepwell plate on Magnetic Module GEN1 on 6
Aspirating 45.0 uL from A1 of deepwell plate on Magnetic Module GEN1 on 6 at 150.0 uL/sec
Dispensing 45.0 uL into A1 of deepwell plate on Magnetic Module GEN1 on 6 at 500.0 uL/sec
Aspirating 45.0 uL from A1 of deepwell plate on Magnetic Module GEN1 on 6 at 150.0 uL/sec
Dispensing 45.0 uL into A1 of deepwell plate on Magnetic Module GEN1 on 6 at 500.0 uL/sec
Aspirating 45.0 uL from A1 of deepwell plate on Magnetic Module GEN1 on 6 at 150.0 uL/sec
Dispensing 45.0 uL into A1 of deepwell plate on Magnetic Module GEN1 on 6 at 500.0 uL/sec
Aspirating 45.0 uL from A1 of deepwell plate on Magnetic Module GEN1 on 6 at 150.0 uL/sec
Dispensing 45.0 uL into A1 of deepwell plate on Magnetic Module GEN1 on 6 at 500.0 uL/sec
Aspirating 45.0 uL from A1 of deepwell plate on Magnetic Module GEN1 on 6 at 150.0 uL/sec
Dispensing 45.0 uL into A1 of deepwell plate on Magnetic Module GEN1 on 6 at 500.0 uL/sec
Aspirating 45.0 uL from A1 of deepwell plate on Magnetic Module GEN1 on 6 at 150.0 uL/sec
Dispensing 45.0 uL into A1 of deepwell plate on Magnetic Module GEN1 on 6 at 500.0 uL/sec
Aspirating 45.0 uL from A1 of deepwell plate on Magnetic Module GEN1 on 6 at 150.0 uL/sec
Dispensing 45.0 uL into A1 of deepwell plate on Magnetic Module GEN1 on 6 at 500.0 uL/sec
Aspirating 45.0 uL from A1 of deepwell plate on Magnetic Module GEN1 on 6 at 150.0 uL/sec
Dispensing 45.0 uL into A1 of deepwell plate on Magnetic Module GEN1 on 6 at 500.0 uL/sec
Aspirating 45.0 uL from A1 of deepwell plate on Magnetic Module GEN1 on 6 at 150.0 uL/sec
Dispensing 45.0 uL into A1 of deepwell plate on Magnetic Module GEN1 on 6 at 500.0 uL/sec
Aspirating 45.0 uL from A1 of deepwell plate on Magnetic Module GEN1 on 6 at 150.0 uL/sec
Dispensing 45.0 uL into A1 of deepwell plate on Magnetic Module GEN1 on 6 at 500.0 uL/sec
Aspirating 45.0 uL from A1 of deepwell plate on Magnetic Module GEN1 on 6 at 150.0 uL/sec
Dispensing 45.0 uL into A1 of deepwell plate on Magnetic Module GEN1 on 6 at 500.0 uL/sec
Aspirating 45.0 uL from A1 of deepwell plate on Magnetic Module GEN1 on 6 at 150.0 uL/sec
Dispensing 45.0 uL into A1 of deepwell plate on Magnetic Module GEN1 on 6 at 500.0 uL/sec
Aspirating 45.0 uL from A1 of deepwell plate on Magnetic Module GEN1 on 6 at 150.0 uL/sec
Dispensing 45.0 uL into A1 of deepwell plate on Magnetic Module GEN1 on 6 at 500.0 uL/sec
Aspirating 45.0 uL from A1 of deepwell plate on Magnetic Module GEN1 on 6 at 150.0 uL/sec
Dispensing 45.0 uL into A1 of deepwell plate on Magnetic Module GEN1 on 6 at 500.0 uL/sec
Aspirating 45.0 uL from A1 of deepwell plate on Magnetic Module GEN1 on 6 at 150.0 uL/sec
Dispensing 45.0 uL into A1 of deepwell plate on Magnetic Module GEN1 on 6 at 500.0 uL/sec
Aspirating 45.0 uL from A1 of deepwell plate on Magnetic Module GEN1 on 6 at 150.0 uL/sec
Dispensing 45.0 uL into A1 of deepwell plate on Magnetic Module GEN1 on 6 at 500.0 uL/sec
Aspirating 45.0 uL from A1 of deepwell plate on Magnetic Module GEN1 on 6 at 150.0 uL/sec
Dispensing 45.0 uL into A1 of deepwell plate on Magnetic Module GEN1 on 6 at 500.0 uL/sec
Aspirating 45.0 uL from A1 of deepwell plate on Magnetic Module GEN1 on 6 at 150.0 uL/sec
Dispensing 45.0 uL into A1 of deepwell plate on Magnetic Module GEN1 on 6 at 500.0 uL/sec
Aspirating 45.0 uL from A1 of deepwell plate on Magnetic Module GEN1 on 6 at 150.0 uL/sec
Dispensing 45.0 uL into A1 of deepwell plate on Magnetic Module GEN1 on 6 at 500.0 uL/sec
Aspirating 45.0 uL from A1 of deepwell plate on Magnetic Module GEN1 on 6 at 150.0 uL/sec
Dispensing 45.0 uL into A1 of deepwell plate on Magnetic Module GEN1 on 6 at 500.0 uL/sec
Blowing out at A1 of deepwell plate on Magnetic Module GEN1 on 6
Air gap
	Aspirating 20.0 uL from A1 of deepwell plate on Magnetic Module GEN1 on 6 at 150.0 uL/sec
Dropping tip into A1 of tiprack for parking on 4
Pausing robot operation: 
                    Incubating for 10 minutes for DNase 1 treatment
                    with occasional mixing.
        




Picking up tip from A7 of 200µl filtertiprack on 5
Transferring 166.66666666666666 from A2 of reagent reservoir 2 on 3 to A1 of deepwell plate on Magnetic Module GEN1 on 6
	Aspirating 166.66666666666666 uL from A2 of reagent reservoir 2 on 3 at 150.0 uL/sec
	Air gap
		Aspirating 20.0 uL from A2 of reagent reservoir 2 on 3 at 150.0 uL/sec
	Dispensing 186.66666666666666 uL into A1 of deepwell plate on Magnetic Module GEN1 on 6 at 500.0 uL/sec
Air gap
	Aspirating 20.0 uL from A1 of deepwell plate on Magnetic Module GEN1 on 6 at 150.0 uL/sec
Dispensing 20.0 uL into A2 of reagent reservoir 2 on 3 at 500.0 uL/sec
Transferring 166.66666666666666 from A2 of reagent reservoir 2 on 3 to A1 of deepwell plate on Magnetic Module GEN1 on 6
	Aspirating 166.66666666666666 uL from A2 of reagent reservoir 2 on 3 at 150.0 uL/sec
	Air gap
		Aspirating 20.0 uL from A2 of reagent reservoir 2 on 3 at 150.0 uL/sec
	Dispensing 186.66666666666666 uL into A1 of deepwell plate on Magnetic Module GEN1 on 6 at 500.0 uL/sec
Air gap
	Aspirating 20.0 uL from A1 of deepwell plate on Magnetic Module GEN1 on 6 at 150.0 uL/sec
Dispensing 20.0 uL into A2 of reagent reservoir 2 on 3 at 500.0 uL/sec
Transferring 166.66666666666666 from A2 of reagent reservoir 2 on 3 to A1 of deepwell plate on Magnetic Module GEN1 on 6
	Aspirating 166.66666666666666 uL from A2 of reagent reservoir 2 on 3 at 150.0 uL/sec
	Air gap
		Aspirating 20.0 uL from A2 of reagent reservoir 2 on 3 at 150.0 uL/sec
	Dispensing 186.66666666666666 uL into A1 of deepwell plate on Magnetic Module GEN1 on 6 at 500.0 uL/sec
Moving to A1 of deepwell plate on Magnetic Module GEN1 on 6
Aspirating 162.0 uL from A1 of deepwell plate on Magnetic Module GEN1 on 6 at 150.0 uL/sec
Dispensing 162.0 uL into A1 of deepwell plate on Magnetic Module GEN1 on 6 at 500.0 uL/sec
Aspirating 162.0 uL from A1 of deepwell plate on Magnetic Module GEN1 on 6 at 150.0 uL/sec
Dispensing 162.0 uL into A1 of deepwell plate on Magnetic Module GEN1 on 6 at 500.0 uL/sec
Aspirating 162.0 uL from A1 of deepwell plate on Magnetic Module GEN1 on 6 at 150.0 uL/sec
Dispensing 162.0 uL into A1 of deepwell plate on Magnetic Module GEN1 on 6 at 500.0 uL/sec
Aspirating 162.0 uL from A1 of deepwell plate on Magnetic Module GEN1 on 6 at 150.0 uL/sec
Dispensing 162.0 uL into A1 of deepwell plate on Magnetic Module GEN1 on 6 at 500.0 uL/sec
Aspirating 162.0 uL from A1 of deepwell plate on Magnetic Module GEN1 on 6 at 150.0 uL/sec
Dispensing 162.0 uL into A1 of deepwell plate on Magnetic Module GEN1 on 6 at 500.0 uL/sec
Aspirating 162.0 uL from A1 of deepwell plate on Magnetic Module GEN1 on 6 at 150.0 uL/sec
Dispensing 162.0 uL into A1 of deepwell plate on Magnetic Module GEN1 on 6 at 500.0 uL/sec
Aspirating 162.0 uL from A1 of deepwell plate on Magnetic Module GEN1 on 6 at 150.0 uL/sec
Dispensing 162.0 uL into A1 of deepwell plate on Magnetic Module GEN1 on 6 at 500.0 uL/sec
Aspirating 162.0 uL from A1 of deepwell plate on Magnetic Module GEN1 on 6 at 150.0 uL/sec
Dispensing 162.0 uL into A1 of deepwell plate on Magnetic Module GEN1 on 6 at 500.0 uL/sec
Aspirating 162.0 uL from A1 of deepwell plate on Magnetic Module GEN1 on 6 at 150.0 uL/sec
Dispensing 162.0 uL into A1 of deepwell plate on Magnetic Module GEN1 on 6 at 500.0 uL/sec
Aspirating 162.0 uL from A1 of deepwell plate on Magnetic Module GEN1 on 6 at 150.0 uL/sec
Dispensing 162.0 uL into A1 of deepwell plate on Magnetic Module GEN1 on 6 at 500.0 uL/sec
Aspirating 162.0 uL from A1 of deepwell plate on Magnetic Module GEN1 on 6 at 150.0 uL/sec
Dispensing 162.0 uL into A1 of deepwell plate on Magnetic Module GEN1 on 6 at 500.0 uL/sec
Aspirating 162.0 uL from A1 of deepwell plate on Magnetic Module GEN1 on 6 at 150.0 uL/sec
Dispensing 162.0 uL into A1 of deepwell plate on Magnetic Module GEN1 on 6 at 500.0 uL/sec
Aspirating 162.0 uL from A1 of deepwell plate on Magnetic Module GEN1 on 6 at 150.0 uL/sec
Dispensing 162.0 uL into A1 of deepwell plate on Magnetic Module GEN1 on 6 at 500.0 uL/sec
Aspirating 162.0 uL from A1 of deepwell plate on Magnetic Module GEN1 on 6 at 150.0 uL/sec
Dispensing 162.0 uL into A1 of deepwell plate on Magnetic Module GEN1 on 6 at 500.0 uL/sec
Aspirating 162.0 uL from A1 of deepwell plate on Magnetic Module GEN1 on 6 at 150.0 uL/sec
Dispensing 162.0 uL into A1 of deepwell plate on Magnetic Module GEN1 on 6 at 500.0 uL/sec
Aspirating 162.0 uL from A1 of deepwell plate on Magnetic Module GEN1 on 6 at 150.0 uL/sec
Dispensing 162.0 uL into A1 of deepwell plate on Magnetic Module GEN1 on 6 at 500.0 uL/sec
Aspirating 162.0 uL from A1 of deepwell plate on Magnetic Module GEN1 on 6 at 150.0 uL/sec
Dispensing 162.0 uL into A1 of deepwell plate on Magnetic Module GEN1 on 6 at 500.0 uL/sec
Aspirating 162.0 uL from A1 of deepwell plate on Magnetic Module GEN1 on 6 at 150.0 uL/sec
Dispensing 162.0 uL into A1 of deepwell plate on Magnetic Module GEN1 on 6 at 500.0 uL/sec
Aspirating 162.0 uL from A1 of deepwell plate on Magnetic Module GEN1 on 6 at 150.0 uL/sec
Dispensing 162.0 uL into A1 of deepwell plate on Magnetic Module GEN1 on 6 at 500.0 uL/sec
Aspirating 162.0 uL from A1 of deepwell plate on Magnetic Module GEN1 on 6 at 150.0 uL/sec
Dispensing 162.0 uL into A1 of deepwell plate on Magnetic Module GEN1 on 6 at 500.0 uL/sec
Blowing out at A1 of deepwell plate on Magnetic Module GEN1 on 6
Air gap
	Aspirating 20.0 uL from A1 of deepwell plate on Magnetic Module GEN1 on 6 at 150.0 uL/sec
Dropping tip into A1 of tiprack for parking on 4
Pausing robot operation: 
                     Incubating for 10 minutes with
                     occasional mixing for stop reaction
                     
Engaging Magnetic Module
Delaying for 7 minutes and 0.0 seconds. Incubating on MagDeck for 7 minutes.
Picking up tip from A1 of tiprack for parking on 4
Moving to A1 of deepwell plate on Magnetic Module GEN1 on 6
Transferring 166.66666666666666 from A1 of deepwell plate on Magnetic Module GEN1 on 6 to A1 of Liquid Waste on 9
	Aspirating 166.66666666666666 uL from A1 of deepwell plate on Magnetic Module GEN1 on 6 at 30.0 uL/sec
	Air gap
		Aspirating 20.0 uL from A1 of deepwell plate on Magnetic Module GEN1 on 6 at 30.0 uL/sec
	Dispensing 186.66666666666666 uL into A1 of Liquid Waste on 9 at 500.0 uL/sec
Blowing out at A1 of Liquid Waste on 9
Air gap
	Aspirating 20.0 uL from A1 of Liquid Waste on 9 at 30.0 uL/sec
Dispensing 20.0 uL into A1 of deepwell plate on Magnetic Module GEN1 on 6 at 500.0 uL/sec
Moving to A1 of deepwell plate on Magnetic Module GEN1 on 6
Transferring 166.66666666666666 from A1 of deepwell plate on Magnetic Module GEN1 on 6 to A1 of Liquid Waste on 9
	Aspirating 166.66666666666666 uL from A1 of deepwell plate on Magnetic Module GEN1 on 6 at 30.0 uL/sec
	Air gap
		Aspirating 20.0 uL from A1 of deepwell plate on Magnetic Module GEN1 on 6 at 30.0 uL/sec
	Dispensing 186.66666666666666 uL into A1 of Liquid Waste on 9 at 500.0 uL/sec
Blowing out at A1 of Liquid Waste on 9
Air gap
	Aspirating 20.0 uL from A1 of Liquid Waste on 9 at 30.0 uL/sec
Dispensing 20.0 uL into A1 of deepwell plate on Magnetic Module GEN1 on 6 at 500.0 uL/sec
Moving to A1 of deepwell plate on Magnetic Module GEN1 on 6
Transferring 166.66666666666666 from A1 of deepwell plate on Magnetic Module GEN1 on 6 to A1 of Liquid Waste on 9
	Aspirating 166.66666666666666 uL from A1 of deepwell plate on Magnetic Module GEN1 on 6 at 30.0 uL/sec
	Air gap
		Aspirating 20.0 uL from A1 of deepwell plate on Magnetic Module GEN1 on 6 at 30.0 uL/sec
	Dispensing 186.66666666666666 uL into A1 of Liquid Waste on 9 at 500.0 uL/sec
Blowing out at A1 of Liquid Waste on 9
Air gap
	Aspirating 20.0 uL from A1 of Liquid Waste on 9 at 30.0 uL/sec
Dropping tip into A1 of Opentrons Fixed Trash on 12




Delaying for 10 minutes and 0.0 seconds. dry beads for 10 minute
Picking up tip from A8 of 200µl filtertiprack on 5
Aspirating 50.0 uL from A12 of reagent reservoir 2 on 3 at 150.0 uL/sec
Moving to A1 of deepwell plate on Magnetic Module GEN1 on 6
Dispensing 50.0 uL into A1 of deepwell plate on Magnetic Module GEN1 on 6 at 500.0 uL/sec
Moving to A1 of deepwell plate on Magnetic Module GEN1 on 6
Aspirating 45.0 uL from A1 of deepwell plate on Magnetic Module GEN1 on 6 at 150.0 uL/sec
Dispensing 45.0 uL into A1 of deepwell plate on Magnetic Module GEN1 on 6 at 500.0 uL/sec
Aspirating 45.0 uL from A1 of deepwell plate on Magnetic Module GEN1 on 6 at 150.0 uL/sec
Dispensing 45.0 uL into A1 of deepwell plate on Magnetic Module GEN1 on 6 at 500.0 uL/sec
Aspirating 45.0 uL from A1 of deepwell plate on Magnetic Module GEN1 on 6 at 150.0 uL/sec
Dispensing 45.0 uL into A1 of deepwell plate on Magnetic Module GEN1 on 6 at 500.0 uL/sec
Aspirating 45.0 uL from A1 of deepwell plate on Magnetic Module GEN1 on 6 at 150.0 uL/sec
Dispensing 45.0 uL into A1 of deepwell plate on Magnetic Module GEN1 on 6 at 500.0 uL/sec
Aspirating 45.0 uL from A1 of deepwell plate on Magnetic Module GEN1 on 6 at 150.0 uL/sec
Dispensing 45.0 uL into A1 of deepwell plate on Magnetic Module GEN1 on 6 at 500.0 uL/sec
Aspirating 45.0 uL from A1 of deepwell plate on Magnetic Module GEN1 on 6 at 150.0 uL/sec
Dispensing 45.0 uL into A1 of deepwell plate on Magnetic Module GEN1 on 6 at 500.0 uL/sec
Aspirating 45.0 uL from A1 of deepwell plate on Magnetic Module GEN1 on 6 at 150.0 uL/sec
Dispensing 45.0 uL into A1 of deepwell plate on Magnetic Module GEN1 on 6 at 500.0 uL/sec
Aspirating 45.0 uL from A1 of deepwell plate on Magnetic Module GEN1 on 6 at 150.0 uL/sec
Dispensing 45.0 uL into A1 of deepwell plate on Magnetic Module GEN1 on 6 at 500.0 uL/sec
Aspirating 45.0 uL from A1 of deepwell plate on Magnetic Module GEN1 on 6 at 150.0 uL/sec
Dispensing 45.0 uL into A1 of deepwell plate on Magnetic Module GEN1 on 6 at 500.0 uL/sec
Aspirating 45.0 uL from A1 of deepwell plate on Magnetic Module GEN1 on 6 at 150.0 uL/sec
Dispensing 45.0 uL into A1 of deepwell plate on Magnetic Module GEN1 on 6 at 500.0 uL/sec
Aspirating 45.0 uL from A1 of deepwell plate on Magnetic Module GEN1 on 6 at 150.0 uL/sec
Dispensing 45.0 uL into A1 of deepwell plate on Magnetic Module GEN1 on 6 at 500.0 uL/sec
Aspirating 45.0 uL from A1 of deepwell plate on Magnetic Module GEN1 on 6 at 150.0 uL/sec
Dispensing 45.0 uL into A1 of deepwell plate on Magnetic Module GEN1 on 6 at 500.0 uL/sec
Aspirating 45.0 uL from A1 of deepwell plate on Magnetic Module GEN1 on 6 at 150.0 uL/sec
Dispensing 45.0 uL into A1 of deepwell plate on Magnetic Module GEN1 on 6 at 500.0 uL/sec
Aspirating 45.0 uL from A1 of deepwell plate on Magnetic Module GEN1 on 6 at 150.0 uL/sec
Dispensing 45.0 uL into A1 of deepwell plate on Magnetic Module GEN1 on 6 at 500.0 uL/sec
Aspirating 45.0 uL from A1 of deepwell plate on Magnetic Module GEN1 on 6 at 150.0 uL/sec
Dispensing 45.0 uL into A1 of deepwell plate on Magnetic Module GEN1 on 6 at 500.0 uL/sec
Aspirating 45.0 uL from A1 of deepwell plate on Magnetic Module GEN1 on 6 at 150.0 uL/sec
Dispensing 45.0 uL into A1 of deepwell plate on Magnetic Module GEN1 on 6 at 500.0 uL/sec
Aspirating 45.0 uL from A1 of deepwell plate on Magnetic Module GEN1 on 6 at 150.0 uL/sec
Dispensing 45.0 uL into A1 of deepwell plate on Magnetic Module GEN1 on 6 at 500.0 uL/sec
Aspirating 45.0 uL from A1 of deepwell plate on Magnetic Module GEN1 on 6 at 150.0 uL/sec
Dispensing 45.0 uL into A1 of deepwell plate on Magnetic Module GEN1 on 6 at 500.0 uL/sec
Aspirating 45.0 uL from A1 of deepwell plate on Magnetic Module GEN1 on 6 at 150.0 uL/sec
Dispensing 45.0 uL into A1 of deepwell plate on Magnetic Module GEN1 on 6 at 500.0 uL/sec
Aspirating 45.0 uL from A1 of deepwell plate on Magnetic Module GEN1 on 6 at 150.0 uL/sec
Dispensing 45.0 uL into A1 of deepwell plate on Magnetic Module GEN1 on 6 at 500.0 uL/sec
Blowing out at A1 of deepwell plate on Magnetic Module GEN1 on 6
Air gap
	Aspirating 20.0 uL from A1 of deepwell plate on Magnetic Module GEN1 on 6 at 150.0 uL/sec
Dropping tip into A1 of tiprack for parking on 4
Engaging Magnetic Module
Delaying for 7 minutes and 0.0 seconds. Incubating on MagDeck for 7 minutes.
Picking up tip from A1 of tiprack for parking on 4
Transferring 50.0 from A1 of deepwell plate on Magnetic Module GEN1 on 6 to A1 of Opentrons 96 Well Aluminum Block with NEST Well Plate 100 µL on Temperature Module GEN1 on 1
	Aspirating 50.0 uL from A1 of deepwell plate on Magnetic Module GEN1 on 6 at 150.0 uL/sec
	Air gap
		Aspirating 20.0 uL from A1 of deepwell plate on Magnetic Module GEN1 on 6 at 150.0 uL/sec
	Dispensing 70.0 uL into A1 of Opentrons 96 Well Aluminum Block with NEST Well Plate 100 µL on Temperature Module GEN1 on 1 at 500.0 uL/sec
Blowing out at A1 of Opentrons 96 Well Aluminum Block with NEST Well Plate 100 µL on Temperature Module GEN1 on 1
Air gap
	Aspirating 20.0 uL from A1 of Opentrons 96 Well Aluminum Block with NEST Well Plate 100 µL on Temperature Module GEN1 on 1 at 150.0 uL/sec
Dropping tip into A1 of Opentrons Fixed Trash on 12
Caught exception: {'message': 'Task was destroyed but it is pending!', 'task': <Task pending name='Task-4' coro=<Poller._poll_forever() running at /Users/dp/Desktop/project/github/opentrons/venv/lib/python3.10/site-packages/opentrons/hardware_control/poller.py:80> wait_for=<Future pending cb=[Task.task_wakeup()]>>}
Caught exception: {'message': 'Task was destroyed but it is pending!', 'task': <Task pending name='Task-3' coro=<Poller._poll_forever() running at /Users/dp/Desktop/project/github/opentrons/venv/lib/python3.10/site-packages/opentrons/hardware_control/poller.py:80> wait_for=<Future pending cb=[Task.task_wakeup()]>>}
Caught exception: {'message': 'Task was destroyed but it is pending!', 'task': <Task pending name='Task-2' coro=<Poller._poll_forever() running at /Users/dp/Desktop/project/github/opentrons/venv/lib/python3.10/site-packages/opentrons/hardware_control/poller.py:80> wait_for=<Future pending cb=[Task.task_wakeup()]>>}
