/Users/dp/Desktop/project/github/opentrons/venv/lib/python3.10/site-packages/opentrons/hardware_control/simulator_setup.py:205: UserWarning: Simulator configuration does not name a machine, defaulting to OT-2 Standard
  warn(
/Users/dp/.opentrons/robot_settings.json not found. Loading defaults
Deck calibration not found.
/Users/dp/.opentrons/deck_calibration.json not found. Loading defaults
Picking up tip from A1 of Opentrons OT-2 96 Tip Rack 300 µL on 1
Distributing 50.0 from A1 of source plate on 2 to A1 of plate 1 on 3
	Transferring 50.0 from A1 of source plate on 2 to A1 of plate 1 on 3
		Aspirating 280.0 uL from A1 of source plate on 2 at 150.0 uL/sec
		Dispensing 50.0 uL into A1 of plate 1 on 3 at 300.0 uL/sec
		Dispensing 50.0 uL into A1 of plate 2 on 4 at 300.0 uL/sec
		Dispensing 50.0 uL into A1 of plate 3 on 5 at 300.0 uL/sec
		Dispensing 50.0 uL into A1 of plate 4 on 6 at 300.0 uL/sec
		Dispensing 50.0 uL into A1 of plate 5 on 7 at 300.0 uL/sec
		Blowing out at A1 of Opentrons Fixed Trash on 12
		Aspirating 230.0 uL from A1 of source plate on 2 at 150.0 uL/sec
		Dispensing 50.0 uL into A1 of plate 6 on 8 at 300.0 uL/sec
		Dispensing 50.0 uL into A1 of plate 7 on 9 at 300.0 uL/sec
		Dispensing 50.0 uL into A1 of plate 8 on 10 at 300.0 uL/sec
		Dispensing 50.0 uL into A1 of plate 9 on 11 at 300.0 uL/sec
		Blowing out at A1 of Opentrons Fixed Trash on 12
Distributing 50.0 from A1 of source plate on 2 to A5 of plate 1 on 3
	Transferring 50.0 from A1 of source plate on 2 to A5 of plate 1 on 3
		Aspirating 280.0 uL from A1 of source plate on 2 at 150.0 uL/sec
		Dispensing 50.0 uL into A5 of plate 1 on 3 at 300.0 uL/sec
		Dispensing 50.0 uL into A5 of plate 2 on 4 at 300.0 uL/sec
		Dispensing 50.0 uL into A5 of plate 3 on 5 at 300.0 uL/sec
		Dispensing 50.0 uL into A5 of plate 4 on 6 at 300.0 uL/sec
		Dispensing 50.0 uL into A5 of plate 5 on 7 at 300.0 uL/sec
		Blowing out at A1 of Opentrons Fixed Trash on 12
		Aspirating 230.0 uL from A1 of source plate on 2 at 150.0 uL/sec
		Dispensing 50.0 uL into A5 of plate 6 on 8 at 300.0 uL/sec
		Dispensing 50.0 uL into A5 of plate 7 on 9 at 300.0 uL/sec
		Dispensing 50.0 uL into A5 of plate 8 on 10 at 300.0 uL/sec
		Dispensing 50.0 uL into A5 of plate 9 on 11 at 300.0 uL/sec
		Blowing out at A1 of Opentrons Fixed Trash on 12
Distributing 50.0 from A1 of source plate on 2 to A9 of plate 1 on 3
	Transferring 50.0 from A1 of source plate on 2 to A9 of plate 1 on 3
		Aspirating 280.0 uL from A1 of source plate on 2 at 150.0 uL/sec
		Dispensing 50.0 uL into A9 of plate 1 on 3 at 300.0 uL/sec
		Dispensing 50.0 uL into A9 of plate 2 on 4 at 300.0 uL/sec
		Dispensing 50.0 uL into A9 of plate 3 on 5 at 300.0 uL/sec
		Dispensing 50.0 uL into A9 of plate 4 on 6 at 300.0 uL/sec
		Dispensing 50.0 uL into A9 of plate 5 on 7 at 300.0 uL/sec
		Blowing out at A1 of Opentrons Fixed Trash on 12
		Aspirating 230.0 uL from A1 of source plate on 2 at 150.0 uL/sec
		Dispensing 50.0 uL into A9 of plate 6 on 8 at 300.0 uL/sec
		Dispensing 50.0 uL into A9 of plate 7 on 9 at 300.0 uL/sec
		Dispensing 50.0 uL into A9 of plate 8 on 10 at 300.0 uL/sec
		Dispensing 50.0 uL into A9 of plate 9 on 11 at 300.0 uL/sec
		Blowing out at A1 of Opentrons Fixed Trash on 12
Dropping tip into A1 of Opentrons Fixed Trash on 12
Picking up tip from A2 of Opentrons OT-2 96 Tip Rack 300 µL on 1
Distributing 50.0 from A2 of source plate on 2 to A2 of plate 1 on 3
	Transferring 50.0 from A2 of source plate on 2 to A2 of plate 1 on 3
		Aspirating 280.0 uL from A2 of source plate on 2 at 150.0 uL/sec
		Dispensing 50.0 uL into A2 of plate 1 on 3 at 300.0 uL/sec
		Dispensing 50.0 uL into A2 of plate 2 on 4 at 300.0 uL/sec
		Dispensing 50.0 uL into A2 of plate 3 on 5 at 300.0 uL/sec
		Dispensing 50.0 uL into A2 of plate 4 on 6 at 300.0 uL/sec
		Dispensing 50.0 uL into A2 of plate 5 on 7 at 300.0 uL/sec
		Blowing out at A1 of Opentrons Fixed Trash on 12
		Aspirating 230.0 uL from A2 of source plate on 2 at 150.0 uL/sec
		Dispensing 50.0 uL into A2 of plate 6 on 8 at 300.0 uL/sec
		Dispensing 50.0 uL into A2 of plate 7 on 9 at 300.0 uL/sec
		Dispensing 50.0 uL into A2 of plate 8 on 10 at 300.0 uL/sec
		Dispensing 50.0 uL into A2 of plate 9 on 11 at 300.0 uL/sec
		Blowing out at A1 of Opentrons Fixed Trash on 12
Distributing 50.0 from A2 of source plate on 2 to A6 of plate 1 on 3
	Transferring 50.0 from A2 of source plate on 2 to A6 of plate 1 on 3
		Aspirating 280.0 uL from A2 of source plate on 2 at 150.0 uL/sec
		Dispensing 50.0 uL into A6 of plate 1 on 3 at 300.0 uL/sec
		Dispensing 50.0 uL into A6 of plate 2 on 4 at 300.0 uL/sec
		Dispensing 50.0 uL into A6 of plate 3 on 5 at 300.0 uL/sec
		Dispensing 50.0 uL into A6 of plate 4 on 6 at 300.0 uL/sec
		Dispensing 50.0 uL into A6 of plate 5 on 7 at 300.0 uL/sec
		Blowing out at A1 of Opentrons Fixed Trash on 12
		Aspirating 230.0 uL from A2 of source plate on 2 at 150.0 uL/sec
		Dispensing 50.0 uL into A6 of plate 6 on 8 at 300.0 uL/sec
		Dispensing 50.0 uL into A6 of plate 7 on 9 at 300.0 uL/sec
		Dispensing 50.0 uL into A6 of plate 8 on 10 at 300.0 uL/sec
		Dispensing 50.0 uL into A6 of plate 9 on 11 at 300.0 uL/sec
		Blowing out at A1 of Opentrons Fixed Trash on 12
Distributing 50.0 from A2 of source plate on 2 to A10 of plate 1 on 3
	Transferring 50.0 from A2 of source plate on 2 to A10 of plate 1 on 3
		Aspirating 280.0 uL from A2 of source plate on 2 at 150.0 uL/sec
		Dispensing 50.0 uL into A10 of plate 1 on 3 at 300.0 uL/sec
		Dispensing 50.0 uL into A10 of plate 2 on 4 at 300.0 uL/sec
		Dispensing 50.0 uL into A10 of plate 3 on 5 at 300.0 uL/sec
		Dispensing 50.0 uL into A10 of plate 4 on 6 at 300.0 uL/sec
		Dispensing 50.0 uL into A10 of plate 5 on 7 at 300.0 uL/sec
		Blowing out at A1 of Opentrons Fixed Trash on 12
		Aspirating 230.0 uL from A2 of source plate on 2 at 150.0 uL/sec
		Dispensing 50.0 uL into A10 of plate 6 on 8 at 300.0 uL/sec
		Dispensing 50.0 uL into A10 of plate 7 on 9 at 300.0 uL/sec
		Dispensing 50.0 uL into A10 of plate 8 on 10 at 300.0 uL/sec
		Dispensing 50.0 uL into A10 of plate 9 on 11 at 300.0 uL/sec
		Blowing out at A1 of Opentrons Fixed Trash on 12
Dropping tip into A1 of Opentrons Fixed Trash on 12
Picking up tip from A3 of Opentrons OT-2 96 Tip Rack 300 µL on 1
Distributing 50.0 from A3 of source plate on 2 to A3 of plate 1 on 3
	Transferring 50.0 from A3 of source plate on 2 to A3 of plate 1 on 3
		Aspirating 280.0 uL from A3 of source plate on 2 at 150.0 uL/sec
		Dispensing 50.0 uL into A3 of plate 1 on 3 at 300.0 uL/sec
		Dispensing 50.0 uL into A3 of plate 2 on 4 at 300.0 uL/sec
		Dispensing 50.0 uL into A3 of plate 3 on 5 at 300.0 uL/sec
		Dispensing 50.0 uL into A3 of plate 4 on 6 at 300.0 uL/sec
		Dispensing 50.0 uL into A3 of plate 5 on 7 at 300.0 uL/sec
		Blowing out at A1 of Opentrons Fixed Trash on 12
		Aspirating 230.0 uL from A3 of source plate on 2 at 150.0 uL/sec
		Dispensing 50.0 uL into A3 of plate 6 on 8 at 300.0 uL/sec
		Dispensing 50.0 uL into A3 of plate 7 on 9 at 300.0 uL/sec
		Dispensing 50.0 uL into A3 of plate 8 on 10 at 300.0 uL/sec
		Dispensing 50.0 uL into A3 of plate 9 on 11 at 300.0 uL/sec
		Blowing out at A1 of Opentrons Fixed Trash on 12
Distributing 50.0 from A3 of source plate on 2 to A7 of plate 1 on 3
	Transferring 50.0 from A3 of source plate on 2 to A7 of plate 1 on 3
		Aspirating 280.0 uL from A3 of source plate on 2 at 150.0 uL/sec
		Dispensing 50.0 uL into A7 of plate 1 on 3 at 300.0 uL/sec
		Dispensing 50.0 uL into A7 of plate 2 on 4 at 300.0 uL/sec
		Dispensing 50.0 uL into A7 of plate 3 on 5 at 300.0 uL/sec
		Dispensing 50.0 uL into A7 of plate 4 on 6 at 300.0 uL/sec
		Dispensing 50.0 uL into A7 of plate 5 on 7 at 300.0 uL/sec
		Blowing out at A1 of Opentrons Fixed Trash on 12
		Aspirating 230.0 uL from A3 of source plate on 2 at 150.0 uL/sec
		Dispensing 50.0 uL into A7 of plate 6 on 8 at 300.0 uL/sec
		Dispensing 50.0 uL into A7 of plate 7 on 9 at 300.0 uL/sec
		Dispensing 50.0 uL into A7 of plate 8 on 10 at 300.0 uL/sec
		Dispensing 50.0 uL into A7 of plate 9 on 11 at 300.0 uL/sec
		Blowing out at A1 of Opentrons Fixed Trash on 12
Distributing 50.0 from A3 of source plate on 2 to A11 of plate 1 on 3
	Transferring 50.0 from A3 of source plate on 2 to A11 of plate 1 on 3
		Aspirating 280.0 uL from A3 of source plate on 2 at 150.0 uL/sec
		Dispensing 50.0 uL into A11 of plate 1 on 3 at 300.0 uL/sec
		Dispensing 50.0 uL into A11 of plate 2 on 4 at 300.0 uL/sec
		Dispensing 50.0 uL into A11 of plate 3 on 5 at 300.0 uL/sec
		Dispensing 50.0 uL into A11 of plate 4 on 6 at 300.0 uL/sec
		Dispensing 50.0 uL into A11 of plate 5 on 7 at 300.0 uL/sec
		Blowing out at A1 of Opentrons Fixed Trash on 12
		Aspirating 230.0 uL from A3 of source plate on 2 at 150.0 uL/sec
		Dispensing 50.0 uL into A11 of plate 6 on 8 at 300.0 uL/sec
		Dispensing 50.0 uL into A11 of plate 7 on 9 at 300.0 uL/sec
		Dispensing 50.0 uL into A11 of plate 8 on 10 at 300.0 uL/sec
		Dispensing 50.0 uL into A11 of plate 9 on 11 at 300.0 uL/sec
		Blowing out at A1 of Opentrons Fixed Trash on 12
Dropping tip into A1 of Opentrons Fixed Trash on 12
Picking up tip from A4 of Opentrons OT-2 96 Tip Rack 300 µL on 1
Distributing 50.0 from A4 of source plate on 2 to A4 of plate 1 on 3
	Transferring 50.0 from A4 of source plate on 2 to A4 of plate 1 on 3
		Aspirating 280.0 uL from A4 of source plate on 2 at 150.0 uL/sec
		Dispensing 50.0 uL into A4 of plate 1 on 3 at 300.0 uL/sec
		Dispensing 50.0 uL into A4 of plate 2 on 4 at 300.0 uL/sec
		Dispensing 50.0 uL into A4 of plate 3 on 5 at 300.0 uL/sec
		Dispensing 50.0 uL into A4 of plate 4 on 6 at 300.0 uL/sec
		Dispensing 50.0 uL into A4 of plate 5 on 7 at 300.0 uL/sec
		Blowing out at A1 of Opentrons Fixed Trash on 12
		Aspirating 230.0 uL from A4 of source plate on 2 at 150.0 uL/sec
		Dispensing 50.0 uL into A4 of plate 6 on 8 at 300.0 uL/sec
		Dispensing 50.0 uL into A4 of plate 7 on 9 at 300.0 uL/sec
		Dispensing 50.0 uL into A4 of plate 8 on 10 at 300.0 uL/sec
		Dispensing 50.0 uL into A4 of plate 9 on 11 at 300.0 uL/sec
		Blowing out at A1 of Opentrons Fixed Trash on 12
Distributing 50.0 from A4 of source plate on 2 to A8 of plate 1 on 3
	Transferring 50.0 from A4 of source plate on 2 to A8 of plate 1 on 3
		Aspirating 280.0 uL from A4 of source plate on 2 at 150.0 uL/sec
		Dispensing 50.0 uL into A8 of plate 1 on 3 at 300.0 uL/sec
		Dispensing 50.0 uL into A8 of plate 2 on 4 at 300.0 uL/sec
		Dispensing 50.0 uL into A8 of plate 3 on 5 at 300.0 uL/sec
		Dispensing 50.0 uL into A8 of plate 4 on 6 at 300.0 uL/sec
		Dispensing 50.0 uL into A8 of plate 5 on 7 at 300.0 uL/sec
		Blowing out at A1 of Opentrons Fixed Trash on 12
		Aspirating 230.0 uL from A4 of source plate on 2 at 150.0 uL/sec
		Dispensing 50.0 uL into A8 of plate 6 on 8 at 300.0 uL/sec
		Dispensing 50.0 uL into A8 of plate 7 on 9 at 300.0 uL/sec
		Dispensing 50.0 uL into A8 of plate 8 on 10 at 300.0 uL/sec
		Dispensing 50.0 uL into A8 of plate 9 on 11 at 300.0 uL/sec
		Blowing out at A1 of Opentrons Fixed Trash on 12
Distributing 50.0 from A4 of source plate on 2 to A12 of plate 1 on 3
	Transferring 50.0 from A4 of source plate on 2 to A12 of plate 1 on 3
		Aspirating 280.0 uL from A4 of source plate on 2 at 150.0 uL/sec
		Dispensing 50.0 uL into A12 of plate 1 on 3 at 300.0 uL/sec
		Dispensing 50.0 uL into A12 of plate 2 on 4 at 300.0 uL/sec
		Dispensing 50.0 uL into A12 of plate 3 on 5 at 300.0 uL/sec
		Dispensing 50.0 uL into A12 of plate 4 on 6 at 300.0 uL/sec
		Dispensing 50.0 uL into A12 of plate 5 on 7 at 300.0 uL/sec
		Blowing out at A1 of Opentrons Fixed Trash on 12
		Aspirating 230.0 uL from A4 of source plate on 2 at 150.0 uL/sec
		Dispensing 50.0 uL into A12 of plate 6 on 8 at 300.0 uL/sec
		Dispensing 50.0 uL into A12 of plate 7 on 9 at 300.0 uL/sec
		Dispensing 50.0 uL into A12 of plate 8 on 10 at 300.0 uL/sec
		Dispensing 50.0 uL into A12 of plate 9 on 11 at 300.0 uL/sec
		Blowing out at A1 of Opentrons Fixed Trash on 12
Dropping tip into A1 of Opentrons Fixed Trash on 12
Caught exception: {'message': 'Task was destroyed but it is pending!', 'task': <Task pending name='Task-4' coro=<Poller._poll_forever() running at /Users/dp/Desktop/project/github/opentrons/venv/lib/python3.10/site-packages/opentrons/hardware_control/poller.py:80> wait_for=<Future pending cb=[Task.task_wakeup()]>>}
Caught exception: {'message': 'Task was destroyed but it is pending!', 'task': <Task pending name='Task-3' coro=<Poller._poll_forever() running at /Users/dp/Desktop/project/github/opentrons/venv/lib/python3.10/site-packages/opentrons/hardware_control/poller.py:80> wait_for=<Future pending cb=[Task.task_wakeup()]>>}
Caught exception: {'message': 'Task was destroyed but it is pending!', 'task': <Task pending name='Task-2' coro=<Poller._poll_forever() running at /Users/dp/Desktop/project/github/opentrons/venv/lib/python3.10/site-packages/opentrons/hardware_control/poller.py:80> wait_for=<Future pending cb=[Task.task_wakeup()]>>}
