/Users/dp/Desktop/project/github/opentrons/venv/lib/python3.10/site-packages/opentrons/hardware_control/simulator_setup.py:205: UserWarning: Simulator configuration does not name a machine, defaulting to OT-2 Standard
  warn(
/Users/dp/.opentrons/robot_settings.json not found. Loading defaults
Deck calibration not found.
/Users/dp/.opentrons/deck_calibration.json not found. Loading defaults
Picking up tip from A1 of Opentrons OT-2 96 Tip Rack 20 µL on slot 2
Aspirating 20.0 uL from A1 of spheroid source plate on slot 4 at 15.0 uL/sec
Delaying for 0 minutes and 1.0 seconds
Moving to A1 of spheroid source plate on slot 4
Moving to A1 of destination plate on slot 1
Dispensing 20.0 uL into A1 of destination plate on slot 1 at 7.5 uL/sec
Delaying for 0 minutes and 1.0 seconds
Moving to A1 of destination plate on slot 1
Aspirating 20.0 uL from B1 of spheroid source plate on slot 4 at 15.0 uL/sec
Delaying for 0 minutes and 1.0 seconds
Moving to B1 of spheroid source plate on slot 4
Moving to B1 of destination plate on slot 1
Dispensing 20.0 uL into B1 of destination plate on slot 1 at 7.5 uL/sec
Delaying for 0 minutes and 1.0 seconds
Moving to B1 of destination plate on slot 1
Aspirating 20.0 uL from A2 of spheroid source plate on slot 4 at 15.0 uL/sec
Delaying for 0 minutes and 1.0 seconds
Moving to A2 of spheroid source plate on slot 4
Moving to A2 of destination plate on slot 1
Dispensing 20.0 uL into A2 of destination plate on slot 1 at 7.5 uL/sec
Delaying for 0 minutes and 1.0 seconds
Moving to A2 of destination plate on slot 1
Aspirating 20.0 uL from B2 of spheroid source plate on slot 4 at 15.0 uL/sec
Delaying for 0 minutes and 1.0 seconds
Moving to B2 of spheroid source plate on slot 4
Moving to B2 of destination plate on slot 1
Dispensing 20.0 uL into B2 of destination plate on slot 1 at 7.5 uL/sec
Delaying for 0 minutes and 1.0 seconds
Moving to B2 of destination plate on slot 1
Aspirating 20.0 uL from A3 of spheroid source plate on slot 4 at 15.0 uL/sec
Delaying for 0 minutes and 1.0 seconds
Moving to A3 of spheroid source plate on slot 4
Moving to A3 of destination plate on slot 1
Dispensing 20.0 uL into A3 of destination plate on slot 1 at 7.5 uL/sec
Delaying for 0 minutes and 1.0 seconds
Moving to A3 of destination plate on slot 1
Aspirating 20.0 uL from B3 of spheroid source plate on slot 4 at 15.0 uL/sec
Delaying for 0 minutes and 1.0 seconds
Moving to B3 of spheroid source plate on slot 4
Moving to B3 of destination plate on slot 1
Dispensing 20.0 uL into B3 of destination plate on slot 1 at 7.5 uL/sec
Delaying for 0 minutes and 1.0 seconds
Moving to B3 of destination plate on slot 1
Aspirating 20.0 uL from A4 of spheroid source plate on slot 4 at 15.0 uL/sec
Delaying for 0 minutes and 1.0 seconds
Moving to A4 of spheroid source plate on slot 4
Moving to A4 of destination plate on slot 1
Dispensing 20.0 uL into A4 of destination plate on slot 1 at 7.5 uL/sec
Delaying for 0 minutes and 1.0 seconds
Moving to A4 of destination plate on slot 1
Aspirating 20.0 uL from B4 of spheroid source plate on slot 4 at 15.0 uL/sec
Delaying for 0 minutes and 1.0 seconds
Moving to B4 of spheroid source plate on slot 4
Moving to B4 of destination plate on slot 1
Dispensing 20.0 uL into B4 of destination plate on slot 1 at 7.5 uL/sec
Delaying for 0 minutes and 1.0 seconds
Moving to B4 of destination plate on slot 1
Aspirating 20.0 uL from A5 of spheroid source plate on slot 4 at 15.0 uL/sec
Delaying for 0 minutes and 1.0 seconds
Moving to A5 of spheroid source plate on slot 4
Moving to A5 of destination plate on slot 1
Dispensing 20.0 uL into A5 of destination plate on slot 1 at 7.5 uL/sec
Delaying for 0 minutes and 1.0 seconds
Moving to A5 of destination plate on slot 1
Aspirating 20.0 uL from B5 of spheroid source plate on slot 4 at 15.0 uL/sec
Delaying for 0 minutes and 1.0 seconds
Moving to B5 of spheroid source plate on slot 4
Moving to B5 of destination plate on slot 1
Dispensing 20.0 uL into B5 of destination plate on slot 1 at 7.5 uL/sec
Delaying for 0 minutes and 1.0 seconds
Moving to B5 of destination plate on slot 1
Aspirating 20.0 uL from A6 of spheroid source plate on slot 4 at 15.0 uL/sec
Delaying for 0 minutes and 1.0 seconds
Moving to A6 of spheroid source plate on slot 4
Moving to A6 of destination plate on slot 1
Dispensing 20.0 uL into A6 of destination plate on slot 1 at 7.5 uL/sec
Delaying for 0 minutes and 1.0 seconds
Moving to A6 of destination plate on slot 1
Aspirating 20.0 uL from B6 of spheroid source plate on slot 4 at 15.0 uL/sec
Delaying for 0 minutes and 1.0 seconds
Moving to B6 of spheroid source plate on slot 4
Moving to B6 of destination plate on slot 1
Dispensing 20.0 uL into B6 of destination plate on slot 1 at 7.5 uL/sec
Delaying for 0 minutes and 1.0 seconds
Moving to B6 of destination plate on slot 1
Aspirating 20.0 uL from A7 of spheroid source plate on slot 4 at 15.0 uL/sec
Delaying for 0 minutes and 1.0 seconds
Moving to A7 of spheroid source plate on slot 4
Moving to A7 of destination plate on slot 1
Dispensing 20.0 uL into A7 of destination plate on slot 1 at 7.5 uL/sec
Delaying for 0 minutes and 1.0 seconds
Moving to A7 of destination plate on slot 1
Aspirating 20.0 uL from B7 of spheroid source plate on slot 4 at 15.0 uL/sec
Delaying for 0 minutes and 1.0 seconds
Moving to B7 of spheroid source plate on slot 4
Moving to B7 of destination plate on slot 1
Dispensing 20.0 uL into B7 of destination plate on slot 1 at 7.5 uL/sec
Delaying for 0 minutes and 1.0 seconds
Moving to B7 of destination plate on slot 1
Aspirating 20.0 uL from A8 of spheroid source plate on slot 4 at 15.0 uL/sec
Delaying for 0 minutes and 1.0 seconds
Moving to A8 of spheroid source plate on slot 4
Moving to A8 of destination plate on slot 1
Dispensing 20.0 uL into A8 of destination plate on slot 1 at 7.5 uL/sec
Delaying for 0 minutes and 1.0 seconds
Moving to A8 of destination plate on slot 1
Aspirating 20.0 uL from B8 of spheroid source plate on slot 4 at 15.0 uL/sec
Delaying for 0 minutes and 1.0 seconds
Moving to B8 of spheroid source plate on slot 4
Moving to B8 of destination plate on slot 1
Dispensing 20.0 uL into B8 of destination plate on slot 1 at 7.5 uL/sec
Delaying for 0 minutes and 1.0 seconds
Moving to B8 of destination plate on slot 1
Aspirating 20.0 uL from A9 of spheroid source plate on slot 4 at 15.0 uL/sec
Delaying for 0 minutes and 1.0 seconds
Moving to A9 of spheroid source plate on slot 4
Moving to A9 of destination plate on slot 1
Dispensing 20.0 uL into A9 of destination plate on slot 1 at 7.5 uL/sec
Delaying for 0 minutes and 1.0 seconds
Moving to A9 of destination plate on slot 1
Aspirating 20.0 uL from B9 of spheroid source plate on slot 4 at 15.0 uL/sec
Delaying for 0 minutes and 1.0 seconds
Moving to B9 of spheroid source plate on slot 4
Moving to B9 of destination plate on slot 1
Dispensing 20.0 uL into B9 of destination plate on slot 1 at 7.5 uL/sec
Delaying for 0 minutes and 1.0 seconds
Moving to B9 of destination plate on slot 1
Aspirating 20.0 uL from A10 of spheroid source plate on slot 4 at 15.0 uL/sec
Delaying for 0 minutes and 1.0 seconds
Moving to A10 of spheroid source plate on slot 4
Moving to A10 of destination plate on slot 1
Dispensing 20.0 uL into A10 of destination plate on slot 1 at 7.5 uL/sec
Delaying for 0 minutes and 1.0 seconds
Moving to A10 of destination plate on slot 1
Aspirating 20.0 uL from B10 of spheroid source plate on slot 4 at 15.0 uL/sec
Delaying for 0 minutes and 1.0 seconds
Moving to B10 of spheroid source plate on slot 4
Moving to B10 of destination plate on slot 1
Dispensing 20.0 uL into B10 of destination plate on slot 1 at 7.5 uL/sec
Delaying for 0 minutes and 1.0 seconds
Moving to B10 of destination plate on slot 1
Aspirating 20.0 uL from A11 of spheroid source plate on slot 4 at 15.0 uL/sec
Delaying for 0 minutes and 1.0 seconds
Moving to A11 of spheroid source plate on slot 4
Moving to A11 of destination plate on slot 1
Dispensing 20.0 uL into A11 of destination plate on slot 1 at 7.5 uL/sec
Delaying for 0 minutes and 1.0 seconds
Moving to A11 of destination plate on slot 1
Aspirating 20.0 uL from B11 of spheroid source plate on slot 4 at 15.0 uL/sec
Delaying for 0 minutes and 1.0 seconds
Moving to B11 of spheroid source plate on slot 4
Moving to B11 of destination plate on slot 1
Dispensing 20.0 uL into B11 of destination plate on slot 1 at 7.5 uL/sec
Delaying for 0 minutes and 1.0 seconds
Moving to B11 of destination plate on slot 1
Aspirating 20.0 uL from A12 of spheroid source plate on slot 4 at 15.0 uL/sec
Delaying for 0 minutes and 1.0 seconds
Moving to A12 of spheroid source plate on slot 4
Moving to A12 of destination plate on slot 1
Dispensing 20.0 uL into A12 of destination plate on slot 1 at 7.5 uL/sec
Delaying for 0 minutes and 1.0 seconds
Moving to A12 of destination plate on slot 1
Aspirating 20.0 uL from B12 of spheroid source plate on slot 4 at 15.0 uL/sec
Delaying for 0 minutes and 1.0 seconds
Moving to B12 of spheroid source plate on slot 4
Moving to B12 of destination plate on slot 1
Dispensing 20.0 uL into B12 of destination plate on slot 1 at 7.5 uL/sec
Delaying for 0 minutes and 1.0 seconds
Moving to B12 of destination plate on slot 1
Aspirating 20.0 uL from A13 of spheroid source plate on slot 4 at 15.0 uL/sec
Delaying for 0 minutes and 1.0 seconds
Moving to A13 of spheroid source plate on slot 4
Moving to A13 of destination plate on slot 1
Dispensing 20.0 uL into A13 of destination plate on slot 1 at 7.5 uL/sec
Delaying for 0 minutes and 1.0 seconds
Moving to A13 of destination plate on slot 1
Aspirating 20.0 uL from B13 of spheroid source plate on slot 4 at 15.0 uL/sec
Delaying for 0 minutes and 1.0 seconds
Moving to B13 of spheroid source plate on slot 4
Moving to B13 of destination plate on slot 1
Dispensing 20.0 uL into B13 of destination plate on slot 1 at 7.5 uL/sec
Delaying for 0 minutes and 1.0 seconds
Moving to B13 of destination plate on slot 1
Aspirating 20.0 uL from A14 of spheroid source plate on slot 4 at 15.0 uL/sec
Delaying for 0 minutes and 1.0 seconds
Moving to A14 of spheroid source plate on slot 4
Moving to A14 of destination plate on slot 1
Dispensing 20.0 uL into A14 of destination plate on slot 1 at 7.5 uL/sec
Delaying for 0 minutes and 1.0 seconds
Moving to A14 of destination plate on slot 1
Aspirating 20.0 uL from B14 of spheroid source plate on slot 4 at 15.0 uL/sec
Delaying for 0 minutes and 1.0 seconds
Moving to B14 of spheroid source plate on slot 4
Moving to B14 of destination plate on slot 1
Dispensing 20.0 uL into B14 of destination plate on slot 1 at 7.5 uL/sec
Delaying for 0 minutes and 1.0 seconds
Moving to B14 of destination plate on slot 1
Aspirating 20.0 uL from A15 of spheroid source plate on slot 4 at 15.0 uL/sec
Delaying for 0 minutes and 1.0 seconds
Moving to A15 of spheroid source plate on slot 4
Moving to A15 of destination plate on slot 1
Dispensing 20.0 uL into A15 of destination plate on slot 1 at 7.5 uL/sec
Delaying for 0 minutes and 1.0 seconds
Moving to A15 of destination plate on slot 1
Aspirating 20.0 uL from B15 of spheroid source plate on slot 4 at 15.0 uL/sec
Delaying for 0 minutes and 1.0 seconds
Moving to B15 of spheroid source plate on slot 4
Moving to B15 of destination plate on slot 1
Dispensing 20.0 uL into B15 of destination plate on slot 1 at 7.5 uL/sec
Delaying for 0 minutes and 1.0 seconds
Moving to B15 of destination plate on slot 1
Aspirating 20.0 uL from A16 of spheroid source plate on slot 4 at 15.0 uL/sec
Delaying for 0 minutes and 1.0 seconds
Moving to A16 of spheroid source plate on slot 4
Moving to A16 of destination plate on slot 1
Dispensing 20.0 uL into A16 of destination plate on slot 1 at 7.5 uL/sec
Delaying for 0 minutes and 1.0 seconds
Moving to A16 of destination plate on slot 1
Aspirating 20.0 uL from B16 of spheroid source plate on slot 4 at 15.0 uL/sec
Delaying for 0 minutes and 1.0 seconds
Moving to B16 of spheroid source plate on slot 4
Moving to B16 of destination plate on slot 1
Dispensing 20.0 uL into B16 of destination plate on slot 1 at 7.5 uL/sec
Delaying for 0 minutes and 1.0 seconds
Moving to B16 of destination plate on slot 1
Dropping tip into A1 of Opentrons Fixed Trash on slot 12
Picking up tip from A2 of Opentrons OT-2 96 Tip Rack 20 µL on slot 2
Aspirating 20.0 uL from A17 of spheroid source plate on slot 4 at 15.0 uL/sec
Delaying for 0 minutes and 1.0 seconds
Moving to A17 of spheroid source plate on slot 4
Moving to A17 of destination plate on slot 1
Dispensing 20.0 uL into A17 of destination plate on slot 1 at 7.5 uL/sec
Delaying for 0 minutes and 1.0 seconds
Moving to A17 of destination plate on slot 1
Aspirating 20.0 uL from B17 of spheroid source plate on slot 4 at 15.0 uL/sec
Delaying for 0 minutes and 1.0 seconds
Moving to B17 of spheroid source plate on slot 4
Moving to B17 of destination plate on slot 1
Dispensing 20.0 uL into B17 of destination plate on slot 1 at 7.5 uL/sec
Delaying for 0 minutes and 1.0 seconds
Moving to B17 of destination plate on slot 1
Aspirating 20.0 uL from A18 of spheroid source plate on slot 4 at 15.0 uL/sec
Delaying for 0 minutes and 1.0 seconds
Moving to A18 of spheroid source plate on slot 4
Moving to A18 of destination plate on slot 1
Dispensing 20.0 uL into A18 of destination plate on slot 1 at 7.5 uL/sec
Delaying for 0 minutes and 1.0 seconds
Moving to A18 of destination plate on slot 1
Aspirating 20.0 uL from B18 of spheroid source plate on slot 4 at 15.0 uL/sec
Delaying for 0 minutes and 1.0 seconds
Moving to B18 of spheroid source plate on slot 4
Moving to B18 of destination plate on slot 1
Dispensing 20.0 uL into B18 of destination plate on slot 1 at 7.5 uL/sec
Delaying for 0 minutes and 1.0 seconds
Moving to B18 of destination plate on slot 1
Aspirating 20.0 uL from A19 of spheroid source plate on slot 4 at 15.0 uL/sec
Delaying for 0 minutes and 1.0 seconds
Moving to A19 of spheroid source plate on slot 4
Moving to A19 of destination plate on slot 1
Dispensing 20.0 uL into A19 of destination plate on slot 1 at 7.5 uL/sec
Delaying for 0 minutes and 1.0 seconds
Moving to A19 of destination plate on slot 1
Aspirating 20.0 uL from B19 of spheroid source plate on slot 4 at 15.0 uL/sec
Delaying for 0 minutes and 1.0 seconds
Moving to B19 of spheroid source plate on slot 4
Moving to B19 of destination plate on slot 1
Dispensing 20.0 uL into B19 of destination plate on slot 1 at 7.5 uL/sec
Delaying for 0 minutes and 1.0 seconds
Moving to B19 of destination plate on slot 1
Aspirating 20.0 uL from A20 of spheroid source plate on slot 4 at 15.0 uL/sec
Delaying for 0 minutes and 1.0 seconds
Moving to A20 of spheroid source plate on slot 4
Moving to A20 of destination plate on slot 1
Dispensing 20.0 uL into A20 of destination plate on slot 1 at 7.5 uL/sec
Delaying for 0 minutes and 1.0 seconds
Moving to A20 of destination plate on slot 1
Aspirating 20.0 uL from B20 of spheroid source plate on slot 4 at 15.0 uL/sec
Delaying for 0 minutes and 1.0 seconds
Moving to B20 of spheroid source plate on slot 4
Moving to B20 of destination plate on slot 1
Dispensing 20.0 uL into B20 of destination plate on slot 1 at 7.5 uL/sec
Delaying for 0 minutes and 1.0 seconds
Moving to B20 of destination plate on slot 1
Aspirating 20.0 uL from A21 of spheroid source plate on slot 4 at 15.0 uL/sec
Delaying for 0 minutes and 1.0 seconds
Moving to A21 of spheroid source plate on slot 4
Moving to A21 of destination plate on slot 1
Dispensing 20.0 uL into A21 of destination plate on slot 1 at 7.5 uL/sec
Delaying for 0 minutes and 1.0 seconds
Moving to A21 of destination plate on slot 1
Aspirating 20.0 uL from B21 of spheroid source plate on slot 4 at 15.0 uL/sec
Delaying for 0 minutes and 1.0 seconds
Moving to B21 of spheroid source plate on slot 4
Moving to B21 of destination plate on slot 1
Dispensing 20.0 uL into B21 of destination plate on slot 1 at 7.5 uL/sec
Delaying for 0 minutes and 1.0 seconds
Moving to B21 of destination plate on slot 1
Aspirating 20.0 uL from A22 of spheroid source plate on slot 4 at 15.0 uL/sec
Delaying for 0 minutes and 1.0 seconds
Moving to A22 of spheroid source plate on slot 4
Moving to A22 of destination plate on slot 1
Dispensing 20.0 uL into A22 of destination plate on slot 1 at 7.5 uL/sec
Delaying for 0 minutes and 1.0 seconds
Moving to A22 of destination plate on slot 1
Aspirating 20.0 uL from B22 of spheroid source plate on slot 4 at 15.0 uL/sec
Delaying for 0 minutes and 1.0 seconds
Moving to B22 of spheroid source plate on slot 4
Moving to B22 of destination plate on slot 1
Dispensing 20.0 uL into B22 of destination plate on slot 1 at 7.5 uL/sec
Delaying for 0 minutes and 1.0 seconds
Moving to B22 of destination plate on slot 1
Aspirating 20.0 uL from A23 of spheroid source plate on slot 4 at 15.0 uL/sec
Delaying for 0 minutes and 1.0 seconds
Moving to A23 of spheroid source plate on slot 4
Moving to A23 of destination plate on slot 1
Dispensing 20.0 uL into A23 of destination plate on slot 1 at 7.5 uL/sec
Delaying for 0 minutes and 1.0 seconds
Moving to A23 of destination plate on slot 1
Aspirating 20.0 uL from B23 of spheroid source plate on slot 4 at 15.0 uL/sec
Delaying for 0 minutes and 1.0 seconds
Moving to B23 of spheroid source plate on slot 4
Moving to B23 of destination plate on slot 1
Dispensing 20.0 uL into B23 of destination plate on slot 1 at 7.5 uL/sec
Delaying for 0 minutes and 1.0 seconds
Moving to B23 of destination plate on slot 1
Aspirating 20.0 uL from A24 of spheroid source plate on slot 4 at 15.0 uL/sec
Delaying for 0 minutes and 1.0 seconds
Moving to A24 of spheroid source plate on slot 4
Moving to A24 of destination plate on slot 1
Dispensing 20.0 uL into A24 of destination plate on slot 1 at 7.5 uL/sec
Delaying for 0 minutes and 1.0 seconds
Moving to A24 of destination plate on slot 1
Aspirating 20.0 uL from B24 of spheroid source plate on slot 4 at 15.0 uL/sec
Delaying for 0 minutes and 1.0 seconds
Moving to B24 of spheroid source plate on slot 4
Moving to B24 of destination plate on slot 1
Dispensing 20.0 uL into B24 of destination plate on slot 1 at 7.5 uL/sec
Delaying for 0 minutes and 1.0 seconds
Moving to B24 of destination plate on slot 1
Dropping tip into A1 of Opentrons Fixed Trash on slot 12
